Loading IMDb dataset from local disk: /home/daniel/l/masteruppsats/np-reg/language/data/imdb_hf
Using device: cuda
BoW vocab size: 12500
W0421 12:47:55.074000 197796 site-packages/torch/_inductor/utils.py:1679] [0/0] Not enough SMs to use max_autotune_gemm mode
Epoch 1/301 | train_loss=0.7004 train_acc=53.31% | val_loss=0.6650 val_acc=60.56% | lr=3.000000e-06
Saved new best model to /tmp/bow_mlp_imdb_15lz2am7.pt
Epoch 2/301 | train_loss=0.6379 train_acc=63.78% | val_loss=0.6179 val_acc=68.14% | lr=3.000000e-06
Saved new best model to /tmp/bow_mlp_imdb_15lz2am7.pt
Epoch 3/301 | train_loss=0.5903 train_acc=71.62% | val_loss=0.5783 val_acc=74.22% | lr=3.000000e-06
Saved new best model to /tmp/bow_mlp_imdb_15lz2am7.pt
Epoch 4/301 | train_loss=0.5516 train_acc=76.25% | val_loss=0.5488 val_acc=77.40% | lr=3.000000e-06
Saved new best model to /tmp/bow_mlp_imdb_15lz2am7.pt
Epoch 5/301 | train_loss=0.5194 train_acc=79.19% | val_loss=0.5243 val_acc=78.98% | lr=3.000000e-06
Saved new best model to /tmp/bow_mlp_imdb_15lz2am7.pt
Epoch 6/301 | train_loss=0.4899 train_acc=81.72% | val_loss=0.4979 val_acc=80.88% | lr=3.000000e-06
Saved new best model to /tmp/bow_mlp_imdb_15lz2am7.pt
Epoch 7/301 | train_loss=0.4657 train_acc=83.14% | val_loss=0.4797 val_acc=82.20% | lr=3.000000e-06
Saved new best model to /tmp/bow_mlp_imdb_15lz2am7.pt
Epoch 8/301 | train_loss=0.4434 train_acc=84.78% | val_loss=0.4587 val_acc=82.52% | lr=3.000000e-06
Saved new best model to /tmp/bow_mlp_imdb_15lz2am7.pt
Epoch 9/301 | train_loss=0.4215 train_acc=86.00% | val_loss=0.4456 val_acc=83.32% | lr=3.000000e-06
Saved new best model to /tmp/bow_mlp_imdb_15lz2am7.pt
Epoch 10/301 | train_loss=0.4042 train_acc=86.72% | val_loss=0.4325 val_acc=84.34% | lr=3.000000e-06
Saved new best model to /tmp/bow_mlp_imdb_15lz2am7.pt
Epoch 11/301 | train_loss=0.3897 train_acc=87.40% | val_loss=0.4221 val_acc=84.90% | lr=3.000000e-06
Saved new best model to /tmp/bow_mlp_imdb_15lz2am7.pt
Epoch 12/301 | train_loss=0.3732 train_acc=88.39% | val_loss=0.4109 val_acc=85.36% | lr=3.000000e-06
Saved new best model to /tmp/bow_mlp_imdb_15lz2am7.pt
Epoch 13/301 | train_loss=0.3606 train_acc=88.84% | val_loss=0.3998 val_acc=85.56% | lr=3.000000e-06
Saved new best model to /tmp/bow_mlp_imdb_15lz2am7.pt
Epoch 14/301 | train_loss=0.3490 train_acc=89.38% | val_loss=0.3948 val_acc=85.88% | lr=3.000000e-06
Saved new best model to /tmp/bow_mlp_imdb_15lz2am7.pt
Epoch 15/301 | train_loss=0.3370 train_acc=89.96% | val_loss=0.3846 val_acc=86.40% | lr=3.000000e-06
Saved new best model to /tmp/bow_mlp_imdb_15lz2am7.pt
Epoch 16/301 | train_loss=0.3276 train_acc=90.36% | val_loss=0.3757 val_acc=86.68% | lr=3.000000e-06
Saved new best model to /tmp/bow_mlp_imdb_15lz2am7.pt
Epoch 17/301 | train_loss=0.3178 train_acc=90.59% | val_loss=0.3736 val_acc=86.40% | lr=3.000000e-06
Epoch 18/301 | train_loss=0.3072 train_acc=91.19% | val_loss=0.3674 val_acc=86.62% | lr=3.000000e-06
Epoch 19/301 | train_loss=0.2975 train_acc=91.72% | val_loss=0.3593 val_acc=87.00% | lr=3.000000e-06
Saved new best model to /tmp/bow_mlp_imdb_15lz2am7.pt
Epoch 20/301 | train_loss=0.2885 train_acc=92.25% | val_loss=0.3518 val_acc=87.28% | lr=3.000000e-06
Saved new best model to /tmp/bow_mlp_imdb_15lz2am7.pt
Epoch 21/301 | train_loss=0.2823 train_acc=92.33% | val_loss=0.3424 val_acc=87.50% | lr=3.000000e-06
Saved new best model to /tmp/bow_mlp_imdb_15lz2am7.pt
Epoch 22/301 | train_loss=0.2722 train_acc=92.78% | val_loss=0.3413 val_acc=87.60% | lr=3.000000e-06
Saved new best model to /tmp/bow_mlp_imdb_15lz2am7.pt
Epoch 23/301 | train_loss=0.2662 train_acc=92.91% | val_loss=0.3394 val_acc=87.78% | lr=3.000000e-06
Saved new best model to /tmp/bow_mlp_imdb_15lz2am7.pt
Epoch 24/301 | train_loss=0.2578 train_acc=93.33% | val_loss=0.3320 val_acc=87.82% | lr=3.000000e-06
Saved new best model to /tmp/bow_mlp_imdb_15lz2am7.pt
Epoch 25/301 | train_loss=0.2510 train_acc=93.47% | val_loss=0.3284 val_acc=87.86% | lr=3.000000e-06
Saved new best model to /tmp/bow_mlp_imdb_15lz2am7.pt
Epoch 26/301 | train_loss=0.2438 train_acc=93.82% | val_loss=0.3287 val_acc=87.84% | lr=3.000000e-06
Epoch 27/301 | train_loss=0.2374 train_acc=94.02% | val_loss=0.3245 val_acc=88.08% | lr=3.000000e-06
Saved new best model to /tmp/bow_mlp_imdb_15lz2am7.pt
Epoch 28/301 | train_loss=0.2306 train_acc=94.49% | val_loss=0.3205 val_acc=88.28% | lr=3.000000e-06
Saved new best model to /tmp/bow_mlp_imdb_15lz2am7.pt
Epoch 29/301 | train_loss=0.2236 train_acc=94.81% | val_loss=0.3144 val_acc=88.18% | lr=3.000000e-06
Epoch 30/301 | train_loss=0.2168 train_acc=94.94% | val_loss=0.3125 val_acc=88.52% | lr=3.000000e-06
Saved new best model to /tmp/bow_mlp_imdb_15lz2am7.pt
Epoch 31/301 | train_loss=0.2125 train_acc=95.07% | val_loss=0.3114 val_acc=88.30% | lr=3.000000e-06
Epoch 32/301 | train_loss=0.2061 train_acc=95.30% | val_loss=0.3120 val_acc=88.36% | lr=3.000000e-06
Epoch 33/301 | train_loss=0.2015 train_acc=95.53% | val_loss=0.3032 val_acc=88.18% | lr=3.000000e-06
Epoch 34/301 | train_loss=0.1961 train_acc=95.73% | val_loss=0.3026 val_acc=88.26% | lr=3.000000e-06
Epoch 35/301 | train_loss=0.1902 train_acc=95.80% | val_loss=0.3017 val_acc=88.44% | lr=3.000000e-06
Epoch 36/301 | train_loss=0.1853 train_acc=96.19% | val_loss=0.3017 val_acc=88.50% | lr=3.000000e-06
Epoch 37/301 | train_loss=0.1801 train_acc=96.34% | val_loss=0.2960 val_acc=88.40% | lr=3.000000e-06
Epoch 38/301 | train_loss=0.1747 train_acc=96.47% | val_loss=0.2963 val_acc=88.38% | lr=3.000000e-06
Epoch 39/301 | train_loss=0.1699 train_acc=96.75% | val_loss=0.2953 val_acc=88.62% | lr=3.000000e-06
Saved new best model to /tmp/bow_mlp_imdb_15lz2am7.pt
Epoch 40/301 | train_loss=0.1656 train_acc=96.81% | val_loss=0.2942 val_acc=88.54% | lr=3.000000e-06
Epoch 41/301 | train_loss=0.1622 train_acc=96.95% | val_loss=0.2909 val_acc=88.52% | lr=3.000000e-06
Epoch 42/301 | train_loss=0.1576 train_acc=97.10% | val_loss=0.2886 val_acc=88.64% | lr=3.000000e-06
Saved new best model to /tmp/bow_mlp_imdb_15lz2am7.pt
Epoch 43/301 | train_loss=0.1519 train_acc=97.23% | val_loss=0.2898 val_acc=88.68% | lr=3.000000e-06
Saved new best model to /tmp/bow_mlp_imdb_15lz2am7.pt
Epoch 44/301 | train_loss=0.1487 train_acc=97.47% | val_loss=0.2864 val_acc=88.56% | lr=3.000000e-06
Epoch 45/301 | train_loss=0.1443 train_acc=97.51% | val_loss=0.2902 val_acc=88.56% | lr=3.000000e-06
Epoch 46/301 | train_loss=0.1404 train_acc=97.66% | val_loss=0.2826 val_acc=88.62% | lr=3.000000e-06
Epoch 47/301 | train_loss=0.1368 train_acc=97.74% | val_loss=0.2822 val_acc=88.68% | lr=3.000000e-06
Epoch 48/301 | train_loss=0.1340 train_acc=97.71% | val_loss=0.2817 val_acc=88.72% | lr=3.000000e-06
Saved new best model to /tmp/bow_mlp_imdb_15lz2am7.pt
Epoch 49/301 | train_loss=0.1304 train_acc=97.88% | val_loss=0.2820 val_acc=88.70% | lr=3.000000e-06
Epoch 50/301 | train_loss=0.1272 train_acc=98.05% | val_loss=0.2842 val_acc=88.64% | lr=3.000000e-06
Epoch 51/301 | train_loss=0.1216 train_acc=98.17% | val_loss=0.2801 val_acc=88.66% | lr=3.000000e-06
Epoch 52/301 | train_loss=0.1198 train_acc=98.24% | val_loss=0.2804 val_acc=88.78% | lr=3.000000e-06
Saved new best model to /tmp/bow_mlp_imdb_15lz2am7.pt
Epoch 53/301 | train_loss=0.1143 train_acc=98.39% | val_loss=0.2769 val_acc=88.82% | lr=3.000000e-06
Saved new best model to /tmp/bow_mlp_imdb_15lz2am7.pt
Epoch 54/301 | train_loss=0.1119 train_acc=98.47% | val_loss=0.2796 val_acc=88.68% | lr=3.000000e-06
Epoch 55/301 | train_loss=0.1093 train_acc=98.53% | val_loss=0.2781 val_acc=88.74% | lr=3.000000e-06
Epoch 56/301 | train_loss=0.1070 train_acc=98.63% | val_loss=0.2820 val_acc=88.56% | lr=3.000000e-06
Epoch 57/301 | train_loss=0.1035 train_acc=98.67% | val_loss=0.2785 val_acc=88.72% | lr=3.000000e-06
Epoch 58/301 | train_loss=0.1006 train_acc=98.76% | val_loss=0.2792 val_acc=88.60% | lr=3.000000e-06
Epoch 59/301 | train_loss=0.0982 train_acc=98.73% | val_loss=0.2767 val_acc=88.72% | lr=3.000000e-06
Epoch 60/301 | train_loss=0.0955 train_acc=98.87% | val_loss=0.2783 val_acc=88.64% | lr=3.000000e-06
Epoch 61/301 | train_loss=0.0926 train_acc=98.89% | val_loss=0.2801 val_acc=88.42% | lr=3.000000e-06
Epoch 62/301 | train_loss=0.0886 train_acc=99.04% | val_loss=0.2777 val_acc=88.76% | lr=3.000000e-06
Epoch 63/301 | train_loss=0.0888 train_acc=98.95% | val_loss=0.2788 val_acc=88.78% | lr=3.000000e-06
Epoch 64/301 | train_loss=0.0857 train_acc=99.11% | val_loss=0.2759 val_acc=88.80% | lr=3.000000e-06
Epoch 65/301 | train_loss=0.0827 train_acc=99.06% | val_loss=0.2792 val_acc=88.80% | lr=3.000000e-06
Epoch 66/301 | train_loss=0.0806 train_acc=99.15% | val_loss=0.2771 val_acc=88.82% | lr=3.000000e-06
Epoch 67/301 | train_loss=0.0779 train_acc=99.25% | val_loss=0.2768 val_acc=88.74% | lr=3.000000e-06
Epoch 68/301 | train_loss=0.0757 train_acc=99.31% | val_loss=0.2827 val_acc=88.22% | lr=3.000000e-06
Epoch 69/301 | train_loss=0.0733 train_acc=99.25% | val_loss=0.2784 val_acc=88.54% | lr=3.000000e-06
Epoch 70/301 | train_loss=0.0726 train_acc=99.23% | val_loss=0.2788 val_acc=88.58% | lr=3.000000e-06
Epoch 71/301 | train_loss=0.0707 train_acc=99.33% | val_loss=0.2793 val_acc=88.60% | lr=3.000000e-06
Epoch 72/301 | train_loss=0.0680 train_acc=99.36% | val_loss=0.2811 val_acc=88.18% | lr=3.000000e-06
Validation loss has not improved for 8 epochs. Stopping training.
Test loss=0.2977 | Test accuracy=87.86%
