Loading IMDb dataset from local disk: /home/daniel/l/masteruppsats/np-reg/language/data/imdb_hf
Using device: cuda
BoW vocab size: 12500
Epoch 1/301 | train_loss=7.6909 train_acc=57.80% | val_loss=0.6734 val_acc=70.86% | lr=1.000000e-05
Saved new best model to /tmp/bow_mlp_imdb_5mfh5a1t.pt
Epoch 2/301 | train_loss=4.0485 train_acc=76.19% | val_loss=0.6456 val_acc=80.62% | lr=1.000000e-05
Saved new best model to /tmp/bow_mlp_imdb_5mfh5a1t.pt
Epoch 3/301 | train_loss=2.1278 train_acc=81.99% | val_loss=0.6167 val_acc=81.58% | lr=1.000000e-05
Saved new best model to /tmp/bow_mlp_imdb_5mfh5a1t.pt
Epoch 4/301 | train_loss=1.2129 train_acc=84.28% | val_loss=0.5836 val_acc=83.68% | lr=1.000000e-05
Saved new best model to /tmp/bow_mlp_imdb_5mfh5a1t.pt
Epoch 5/301 | train_loss=0.8401 train_acc=85.35% | val_loss=0.5524 val_acc=85.02% | lr=1.000000e-05
Saved new best model to /tmp/bow_mlp_imdb_5mfh5a1t.pt
Epoch 6/301 | train_loss=0.7098 train_acc=86.05% | val_loss=0.5235 val_acc=85.42% | lr=1.000000e-05
Saved new best model to /tmp/bow_mlp_imdb_5mfh5a1t.pt
Epoch 7/301 | train_loss=0.6589 train_acc=86.76% | val_loss=0.4977 val_acc=86.02% | lr=1.000000e-05
Saved new best model to /tmp/bow_mlp_imdb_5mfh5a1t.pt
Epoch 8/301 | train_loss=0.6260 train_acc=87.14% | val_loss=0.4749 val_acc=86.08% | lr=1.000000e-05
Saved new best model to /tmp/bow_mlp_imdb_5mfh5a1t.pt
Epoch 9/301 | train_loss=0.5974 train_acc=87.78% | val_loss=0.4550 val_acc=86.34% | lr=1.000000e-05
Saved new best model to /tmp/bow_mlp_imdb_5mfh5a1t.pt
Epoch 10/301 | train_loss=0.5713 train_acc=88.25% | val_loss=0.4376 val_acc=86.96% | lr=1.000000e-05
Saved new best model to /tmp/bow_mlp_imdb_5mfh5a1t.pt
Epoch 11/301 | train_loss=0.5474 train_acc=88.55% | val_loss=0.4224 val_acc=87.26% | lr=1.000000e-05
Saved new best model to /tmp/bow_mlp_imdb_5mfh5a1t.pt
Epoch 12/301 | train_loss=0.5254 train_acc=88.84% | val_loss=0.4087 val_acc=87.44% | lr=1.000000e-05
Saved new best model to /tmp/bow_mlp_imdb_5mfh5a1t.pt
Epoch 13/301 | train_loss=0.5051 train_acc=89.18% | val_loss=0.3968 val_acc=87.74% | lr=1.000000e-05
Saved new best model to /tmp/bow_mlp_imdb_5mfh5a1t.pt
Epoch 14/301 | train_loss=0.4865 train_acc=89.51% | val_loss=0.3858 val_acc=87.54% | lr=1.000000e-05
Epoch 15/301 | train_loss=0.4694 train_acc=89.72% | val_loss=0.3764 val_acc=87.78% | lr=1.000000e-05
Saved new best model to /tmp/bow_mlp_imdb_5mfh5a1t.pt
Epoch 16/301 | train_loss=0.4538 train_acc=90.09% | val_loss=0.3676 val_acc=87.84% | lr=1.000000e-05
Saved new best model to /tmp/bow_mlp_imdb_5mfh5a1t.pt
Epoch 17/301 | train_loss=0.4393 train_acc=90.33% | val_loss=0.3599 val_acc=88.00% | lr=1.000000e-05
Saved new best model to /tmp/bow_mlp_imdb_5mfh5a1t.pt
Epoch 18/301 | train_loss=0.4260 train_acc=90.47% | val_loss=0.3529 val_acc=88.12% | lr=1.000000e-05
Saved new best model to /tmp/bow_mlp_imdb_5mfh5a1t.pt
Epoch 19/301 | train_loss=0.4138 train_acc=90.64% | val_loss=0.3468 val_acc=88.26% | lr=1.000000e-05
Saved new best model to /tmp/bow_mlp_imdb_5mfh5a1t.pt
Epoch 20/301 | train_loss=0.4023 train_acc=90.92% | val_loss=0.3406 val_acc=88.44% | lr=1.000000e-05
Saved new best model to /tmp/bow_mlp_imdb_5mfh5a1t.pt
Epoch 21/301 | train_loss=0.3917 train_acc=91.16% | val_loss=0.3352 val_acc=88.48% | lr=1.000000e-05
Saved new best model to /tmp/bow_mlp_imdb_5mfh5a1t.pt
Epoch 22/301 | train_loss=0.3817 train_acc=91.33% | val_loss=0.3303 val_acc=88.42% | lr=1.000000e-05
Epoch 23/301 | train_loss=0.3723 train_acc=91.47% | val_loss=0.3258 val_acc=88.50% | lr=1.000000e-05
Saved new best model to /tmp/bow_mlp_imdb_5mfh5a1t.pt
Epoch 24/301 | train_loss=0.3634 train_acc=91.72% | val_loss=0.3215 val_acc=88.64% | lr=1.000000e-05
Saved new best model to /tmp/bow_mlp_imdb_5mfh5a1t.pt
Epoch 25/301 | train_loss=0.3551 train_acc=91.81% | val_loss=0.3177 val_acc=88.70% | lr=1.000000e-05
Saved new best model to /tmp/bow_mlp_imdb_5mfh5a1t.pt
Epoch 26/301 | train_loss=0.3472 train_acc=91.97% | val_loss=0.3141 val_acc=88.68% | lr=1.000000e-05
Epoch 27/301 | train_loss=0.3397 train_acc=92.18% | val_loss=0.3109 val_acc=88.72% | lr=1.000000e-05
Saved new best model to /tmp/bow_mlp_imdb_5mfh5a1t.pt
Epoch 28/301 | train_loss=0.3327 train_acc=92.23% | val_loss=0.3076 val_acc=88.70% | lr=1.000000e-05
Epoch 29/301 | train_loss=0.3258 train_acc=92.45% | val_loss=0.3049 val_acc=88.78% | lr=1.000000e-05
Saved new best model to /tmp/bow_mlp_imdb_5mfh5a1t.pt
Epoch 30/301 | train_loss=0.3193 train_acc=92.67% | val_loss=0.3021 val_acc=88.84% | lr=1.000000e-05
Saved new best model to /tmp/bow_mlp_imdb_5mfh5a1t.pt
Epoch 31/301 | train_loss=0.3132 train_acc=92.77% | val_loss=0.2995 val_acc=88.86% | lr=1.000000e-05
Saved new best model to /tmp/bow_mlp_imdb_5mfh5a1t.pt
Epoch 32/301 | train_loss=0.3073 train_acc=92.91% | val_loss=0.2971 val_acc=88.92% | lr=1.000000e-05
Saved new best model to /tmp/bow_mlp_imdb_5mfh5a1t.pt
Epoch 33/301 | train_loss=0.3016 train_acc=93.08% | val_loss=0.2949 val_acc=88.98% | lr=1.000000e-05
Saved new best model to /tmp/bow_mlp_imdb_5mfh5a1t.pt
Epoch 34/301 | train_loss=0.2960 train_acc=93.26% | val_loss=0.2932 val_acc=89.12% | lr=1.000000e-05
Saved new best model to /tmp/bow_mlp_imdb_5mfh5a1t.pt
Epoch 35/301 | train_loss=0.2908 train_acc=93.34% | val_loss=0.2910 val_acc=89.00% | lr=1.000000e-05
Epoch 36/301 | train_loss=0.2857 train_acc=93.53% | val_loss=0.2891 val_acc=89.08% | lr=1.000000e-05
Epoch 37/301 | train_loss=0.2808 train_acc=93.60% | val_loss=0.2877 val_acc=89.38% | lr=1.000000e-05
Saved new best model to /tmp/bow_mlp_imdb_5mfh5a1t.pt
Epoch 38/301 | train_loss=0.2760 train_acc=93.75% | val_loss=0.2858 val_acc=89.20% | lr=1.000000e-05
Epoch 39/301 | train_loss=0.2714 train_acc=93.84% | val_loss=0.2843 val_acc=89.30% | lr=1.000000e-05
Epoch 40/301 | train_loss=0.2670 train_acc=93.97% | val_loss=0.2829 val_acc=89.36% | lr=1.000000e-05
Epoch 41/301 | train_loss=0.2626 train_acc=94.07% | val_loss=0.2819 val_acc=89.34% | lr=1.000000e-05
Epoch 42/301 | train_loss=0.2584 train_acc=94.24% | val_loss=0.2807 val_acc=89.44% | lr=1.000000e-05
Saved new best model to /tmp/bow_mlp_imdb_5mfh5a1t.pt
Epoch 43/301 | train_loss=0.2543 train_acc=94.36% | val_loss=0.2793 val_acc=89.48% | lr=1.000000e-05
Saved new best model to /tmp/bow_mlp_imdb_5mfh5a1t.pt
Epoch 44/301 | train_loss=0.2503 train_acc=94.44% | val_loss=0.2782 val_acc=89.50% | lr=1.000000e-05
Saved new best model to /tmp/bow_mlp_imdb_5mfh5a1t.pt
Epoch 45/301 | train_loss=0.2465 train_acc=94.53% | val_loss=0.2775 val_acc=89.56% | lr=1.000000e-05
Saved new best model to /tmp/bow_mlp_imdb_5mfh5a1t.pt
Epoch 46/301 | train_loss=0.2428 train_acc=94.62% | val_loss=0.2765 val_acc=89.60% | lr=1.000000e-05
Saved new best model to /tmp/bow_mlp_imdb_5mfh5a1t.pt
Epoch 47/301 | train_loss=0.2390 train_acc=94.75% | val_loss=0.2755 val_acc=89.58% | lr=1.000000e-05
Epoch 48/301 | train_loss=0.2354 train_acc=94.83% | val_loss=0.2749 val_acc=89.60% | lr=1.000000e-05
Epoch 49/301 | train_loss=0.2319 train_acc=94.88% | val_loss=0.2746 val_acc=89.50% | lr=1.000000e-05
Epoch 50/301 | train_loss=0.2283 train_acc=95.02% | val_loss=0.2744 val_acc=89.58% | lr=1.000000e-05
Epoch 51/301 | train_loss=0.2251 train_acc=95.09% | val_loss=0.2732 val_acc=89.30% | lr=1.000000e-05
Epoch 52/301 | train_loss=0.2220 train_acc=95.17% | val_loss=0.2723 val_acc=89.44% | lr=1.000000e-05
Epoch 53/301 | train_loss=0.2187 train_acc=95.27% | val_loss=0.2721 val_acc=89.22% | lr=1.000000e-05
Epoch 54/301 | train_loss=0.2156 train_acc=95.36% | val_loss=0.2714 val_acc=89.48% | lr=1.000000e-05
Epoch 55/301 | train_loss=0.2125 train_acc=95.50% | val_loss=0.2710 val_acc=89.42% | lr=1.000000e-05
Epoch 56/301 | train_loss=0.2095 train_acc=95.52% | val_loss=0.2708 val_acc=89.50% | lr=1.000000e-05
Epoch 57/301 | train_loss=0.2066 train_acc=95.58% | val_loss=0.2705 val_acc=89.38% | lr=1.000000e-05
Epoch 58/301 | train_loss=0.2037 train_acc=95.70% | val_loss=0.2702 val_acc=89.40% | lr=1.000000e-05
Epoch 59/301 | train_loss=0.2009 train_acc=95.80% | val_loss=0.2700 val_acc=89.38% | lr=1.000000e-05
Epoch 60/301 | train_loss=0.1981 train_acc=95.88% | val_loss=0.2701 val_acc=89.32% | lr=1.000000e-05
Epoch 61/301 | train_loss=0.1955 train_acc=95.95% | val_loss=0.2698 val_acc=89.38% | lr=1.000000e-05
Epoch 62/301 | train_loss=0.1927 train_acc=96.06% | val_loss=0.2700 val_acc=89.46% | lr=1.000000e-05
Epoch 63/301 | train_loss=0.1901 train_acc=96.08% | val_loss=0.2697 val_acc=89.32% | lr=1.000000e-05
Epoch 64/301 | train_loss=0.1876 train_acc=96.22% | val_loss=0.2699 val_acc=89.42% | lr=1.000000e-05
Epoch 65/301 | train_loss=0.1851 train_acc=96.25% | val_loss=0.2701 val_acc=89.38% | lr=1.000000e-05
Epoch 66/301 | train_loss=0.1826 train_acc=96.34% | val_loss=0.2701 val_acc=89.44% | lr=1.000000e-05
Epoch 67/301 | train_loss=0.1801 train_acc=96.44% | val_loss=0.2703 val_acc=89.26% | lr=1.000000e-05
Epoch 68/301 | train_loss=0.1777 train_acc=96.47% | val_loss=0.2702 val_acc=89.38% | lr=1.000000e-05
Epoch 69/301 | train_loss=0.1754 train_acc=96.56% | val_loss=0.2706 val_acc=89.40% | lr=1.000000e-05
Epoch 70/301 | train_loss=0.1731 train_acc=96.64% | val_loss=0.2708 val_acc=89.32% | lr=1.000000e-05
Epoch 71/301 | train_loss=0.1708 train_acc=96.72% | val_loss=0.2715 val_acc=89.24% | lr=1.000000e-05
Validation loss has not improved for 8 epochs. Stopping training.
Test loss=0.2971 | Test accuracy=88.38%
