Loading IMDb dataset from local disk: /home/daniel/l/masteruppsats/np-reg/language/data/imdb_hf
Using device: cuda
BoW vocab size: 12500
Epoch 1/301 | train_loss=560.0496 train_acc=48.41% | val_loss=0.6964 val_acc=47.68% | lr=3.000000e-05
Saved new best model to /tmp/bow_mlp_imdb_1exa8eja.pt
Epoch 2/301 | train_loss=145.8346 train_acc=47.53% | val_loss=0.6954 val_acc=48.58% | lr=3.000000e-05
Saved new best model to /tmp/bow_mlp_imdb_1exa8eja.pt
Epoch 3/301 | train_loss=37.2065 train_acc=49.33% | val_loss=0.6967 val_acc=50.18% | lr=3.000000e-05
Saved new best model to /tmp/bow_mlp_imdb_1exa8eja.pt
Epoch 4/301 | train_loss=18.8142 train_acc=50.14% | val_loss=0.6924 val_acc=50.74% | lr=3.000000e-05
Saved new best model to /tmp/bow_mlp_imdb_1exa8eja.pt
Epoch 5/301 | train_loss=16.5339 train_acc=52.59% | val_loss=0.6898 val_acc=54.06% | lr=3.000000e-05
Saved new best model to /tmp/bow_mlp_imdb_1exa8eja.pt
Epoch 6/301 | train_loss=15.8471 train_acc=54.58% | val_loss=0.6871 val_acc=54.54% | lr=3.000000e-05
Saved new best model to /tmp/bow_mlp_imdb_1exa8eja.pt
Epoch 7/301 | train_loss=15.2133 train_acc=58.14% | val_loss=0.6838 val_acc=61.46% | lr=3.000000e-05
Saved new best model to /tmp/bow_mlp_imdb_1exa8eja.pt
Epoch 8/301 | train_loss=14.5486 train_acc=61.63% | val_loss=0.6800 val_acc=61.92% | lr=3.000000e-05
Saved new best model to /tmp/bow_mlp_imdb_1exa8eja.pt
Epoch 9/301 | train_loss=13.8684 train_acc=65.82% | val_loss=0.6759 val_acc=62.32% | lr=3.000000e-05
Saved new best model to /tmp/bow_mlp_imdb_1exa8eja.pt
Epoch 10/301 | train_loss=13.1882 train_acc=67.72% | val_loss=0.6710 val_acc=71.46% | lr=3.000000e-05
Saved new best model to /tmp/bow_mlp_imdb_1exa8eja.pt
Epoch 11/301 | train_loss=12.5186 train_acc=71.44% | val_loss=0.6660 val_acc=74.98% | lr=3.000000e-05
Saved new best model to /tmp/bow_mlp_imdb_1exa8eja.pt
Epoch 12/301 | train_loss=11.8649 train_acc=75.09% | val_loss=0.6598 val_acc=76.58% | lr=3.000000e-05
Saved new best model to /tmp/bow_mlp_imdb_1exa8eja.pt
Epoch 13/301 | train_loss=11.2320 train_acc=77.30% | val_loss=0.6535 val_acc=78.78% | lr=3.000000e-05
Saved new best model to /tmp/bow_mlp_imdb_1exa8eja.pt
Epoch 14/301 | train_loss=10.6316 train_acc=78.62% | val_loss=0.6463 val_acc=78.00% | lr=3.000000e-05
Epoch 15/301 | train_loss=10.0654 train_acc=79.93% | val_loss=0.6390 val_acc=80.42% | lr=3.000000e-05
Saved new best model to /tmp/bow_mlp_imdb_1exa8eja.pt
Epoch 16/301 | train_loss=9.5363 train_acc=81.01% | val_loss=0.6307 val_acc=80.50% | lr=3.000000e-05
Saved new best model to /tmp/bow_mlp_imdb_1exa8eja.pt
Epoch 17/301 | train_loss=9.0504 train_acc=81.28% | val_loss=0.6223 val_acc=79.88% | lr=3.000000e-05
Epoch 18/301 | train_loss=8.5951 train_acc=82.02% | val_loss=0.6132 val_acc=81.02% | lr=3.000000e-05
Saved new best model to /tmp/bow_mlp_imdb_1exa8eja.pt
Epoch 19/301 | train_loss=8.1920 train_acc=82.51% | val_loss=0.6040 val_acc=81.70% | lr=3.000000e-05
Saved new best model to /tmp/bow_mlp_imdb_1exa8eja.pt
Epoch 20/301 | train_loss=7.8167 train_acc=82.85% | val_loss=0.5942 val_acc=81.92% | lr=3.000000e-05
Saved new best model to /tmp/bow_mlp_imdb_1exa8eja.pt
Epoch 21/301 | train_loss=7.4804 train_acc=83.27% | val_loss=0.5842 val_acc=82.14% | lr=3.000000e-05
Saved new best model to /tmp/bow_mlp_imdb_1exa8eja.pt
Epoch 22/301 | train_loss=7.1739 train_acc=83.41% | val_loss=0.5742 val_acc=82.30% | lr=3.000000e-05
Saved new best model to /tmp/bow_mlp_imdb_1exa8eja.pt
Epoch 23/301 | train_loss=6.8927 train_acc=83.72% | val_loss=0.5640 val_acc=82.46% | lr=3.000000e-05
Saved new best model to /tmp/bow_mlp_imdb_1exa8eja.pt
Epoch 24/301 | train_loss=6.6440 train_acc=83.98% | val_loss=0.5534 val_acc=83.26% | lr=3.000000e-05
Saved new best model to /tmp/bow_mlp_imdb_1exa8eja.pt
Epoch 25/301 | train_loss=6.4120 train_acc=84.34% | val_loss=0.5429 val_acc=83.24% | lr=3.000000e-05
Epoch 26/301 | train_loss=6.2038 train_acc=84.52% | val_loss=0.5325 val_acc=83.68% | lr=3.000000e-05
Saved new best model to /tmp/bow_mlp_imdb_1exa8eja.pt
Epoch 27/301 | train_loss=6.0069 train_acc=84.91% | val_loss=0.5221 val_acc=84.08% | lr=3.000000e-05
Saved new best model to /tmp/bow_mlp_imdb_1exa8eja.pt
Epoch 28/301 | train_loss=5.8255 train_acc=85.17% | val_loss=0.5119 val_acc=84.44% | lr=3.000000e-05
Saved new best model to /tmp/bow_mlp_imdb_1exa8eja.pt
Epoch 29/301 | train_loss=5.6586 train_acc=85.53% | val_loss=0.5019 val_acc=84.70% | lr=3.000000e-05
Saved new best model to /tmp/bow_mlp_imdb_1exa8eja.pt
Epoch 30/301 | train_loss=5.4990 train_acc=85.83% | val_loss=0.4916 val_acc=85.06% | lr=3.000000e-05
Saved new best model to /tmp/bow_mlp_imdb_1exa8eja.pt
Epoch 31/301 | train_loss=5.3535 train_acc=86.10% | val_loss=0.4818 val_acc=85.36% | lr=3.000000e-05
Saved new best model to /tmp/bow_mlp_imdb_1exa8eja.pt
Epoch 32/301 | train_loss=5.2155 train_acc=86.34% | val_loss=0.4722 val_acc=85.52% | lr=3.000000e-05
Saved new best model to /tmp/bow_mlp_imdb_1exa8eja.pt
Epoch 33/301 | train_loss=5.0855 train_acc=86.79% | val_loss=0.4629 val_acc=85.82% | lr=3.000000e-05
Saved new best model to /tmp/bow_mlp_imdb_1exa8eja.pt
Epoch 34/301 | train_loss=4.9613 train_acc=87.00% | val_loss=0.4540 val_acc=86.14% | lr=3.000000e-05
Saved new best model to /tmp/bow_mlp_imdb_1exa8eja.pt
Epoch 35/301 | train_loss=4.8419 train_acc=87.31% | val_loss=0.4452 val_acc=86.26% | lr=3.000000e-05
Saved new best model to /tmp/bow_mlp_imdb_1exa8eja.pt
Epoch 36/301 | train_loss=4.7314 train_acc=87.56% | val_loss=0.4367 val_acc=86.18% | lr=3.000000e-05
Epoch 37/301 | train_loss=4.6260 train_acc=87.73% | val_loss=0.4294 val_acc=86.66% | lr=3.000000e-05
Saved new best model to /tmp/bow_mlp_imdb_1exa8eja.pt
Epoch 38/301 | train_loss=4.5263 train_acc=88.02% | val_loss=0.4209 val_acc=86.46% | lr=3.000000e-05
Epoch 39/301 | train_loss=4.4303 train_acc=88.28% | val_loss=0.4133 val_acc=86.62% | lr=3.000000e-05
Epoch 40/301 | train_loss=4.3373 train_acc=88.42% | val_loss=0.4062 val_acc=86.88% | lr=3.000000e-05
Saved new best model to /tmp/bow_mlp_imdb_1exa8eja.pt
Epoch 41/301 | train_loss=4.2492 train_acc=88.69% | val_loss=0.3997 val_acc=87.12% | lr=3.000000e-05
Saved new best model to /tmp/bow_mlp_imdb_1exa8eja.pt
Epoch 42/301 | train_loss=4.1663 train_acc=88.81% | val_loss=0.3930 val_acc=87.12% | lr=3.000000e-05
Epoch 43/301 | train_loss=4.0860 train_acc=89.09% | val_loss=0.3870 val_acc=87.46% | lr=3.000000e-05
Saved new best model to /tmp/bow_mlp_imdb_1exa8eja.pt
Epoch 44/301 | train_loss=4.0089 train_acc=89.16% | val_loss=0.3808 val_acc=87.28% | lr=3.000000e-05
Epoch 45/301 | train_loss=3.9341 train_acc=89.44% | val_loss=0.3752 val_acc=87.30% | lr=3.000000e-05
Epoch 46/301 | train_loss=3.8658 train_acc=89.56% | val_loss=0.3702 val_acc=87.50% | lr=3.000000e-05
Saved new best model to /tmp/bow_mlp_imdb_1exa8eja.pt
Epoch 47/301 | train_loss=3.7990 train_acc=89.72% | val_loss=0.3649 val_acc=87.72% | lr=3.000000e-05
Saved new best model to /tmp/bow_mlp_imdb_1exa8eja.pt
Epoch 48/301 | train_loss=3.7334 train_acc=89.97% | val_loss=0.3601 val_acc=87.70% | lr=3.000000e-05
Epoch 49/301 | train_loss=3.6713 train_acc=90.05% | val_loss=0.3563 val_acc=87.94% | lr=3.000000e-05
Saved new best model to /tmp/bow_mlp_imdb_1exa8eja.pt
Epoch 50/301 | train_loss=3.6111 train_acc=90.16% | val_loss=0.3528 val_acc=87.84% | lr=3.000000e-05
Epoch 51/301 | train_loss=3.5551 train_acc=90.33% | val_loss=0.3477 val_acc=87.68% | lr=3.000000e-05
Epoch 52/301 | train_loss=3.4986 train_acc=90.54% | val_loss=0.3434 val_acc=88.00% | lr=3.000000e-05
Saved new best model to /tmp/bow_mlp_imdb_1exa8eja.pt
Epoch 53/301 | train_loss=3.4421 train_acc=90.64% | val_loss=0.3403 val_acc=87.74% | lr=3.000000e-05
Epoch 54/301 | train_loss=3.3908 train_acc=90.88% | val_loss=0.3365 val_acc=88.14% | lr=3.000000e-05
Saved new best model to /tmp/bow_mlp_imdb_1exa8eja.pt
Epoch 55/301 | train_loss=3.3381 train_acc=91.03% | val_loss=0.3329 val_acc=88.04% | lr=3.000000e-05
Epoch 56/301 | train_loss=3.2897 train_acc=91.17% | val_loss=0.3299 val_acc=88.30% | lr=3.000000e-05
Saved new best model to /tmp/bow_mlp_imdb_1exa8eja.pt
Epoch 57/301 | train_loss=3.2425 train_acc=91.30% | val_loss=0.3270 val_acc=88.14% | lr=3.000000e-05
Epoch 58/301 | train_loss=3.1972 train_acc=91.46% | val_loss=0.3239 val_acc=88.34% | lr=3.000000e-05
Saved new best model to /tmp/bow_mlp_imdb_1exa8eja.pt
Epoch 59/301 | train_loss=3.1520 train_acc=91.45% | val_loss=0.3212 val_acc=88.40% | lr=3.000000e-05
Saved new best model to /tmp/bow_mlp_imdb_1exa8eja.pt
Epoch 60/301 | train_loss=3.1090 train_acc=91.72% | val_loss=0.3188 val_acc=88.40% | lr=3.000000e-05
Epoch 61/301 | train_loss=3.0686 train_acc=91.84% | val_loss=0.3162 val_acc=88.46% | lr=3.000000e-05
Saved new best model to /tmp/bow_mlp_imdb_1exa8eja.pt
Epoch 62/301 | train_loss=3.0283 train_acc=91.93% | val_loss=0.3138 val_acc=88.38% | lr=3.000000e-05
Epoch 63/301 | train_loss=2.9876 train_acc=92.05% | val_loss=0.3115 val_acc=88.52% | lr=3.000000e-05
Saved new best model to /tmp/bow_mlp_imdb_1exa8eja.pt
Epoch 64/301 | train_loss=2.9467 train_acc=92.14% | val_loss=0.3099 val_acc=88.76% | lr=3.000000e-05
Saved new best model to /tmp/bow_mlp_imdb_1exa8eja.pt
Epoch 65/301 | train_loss=2.9088 train_acc=92.26% | val_loss=0.3077 val_acc=88.76% | lr=3.000000e-05
Epoch 66/301 | train_loss=2.8705 train_acc=92.41% | val_loss=0.3055 val_acc=88.66% | lr=3.000000e-05
Epoch 67/301 | train_loss=2.8334 train_acc=92.58% | val_loss=0.3049 val_acc=88.52% | lr=3.000000e-05
Epoch 68/301 | train_loss=2.7985 train_acc=92.66% | val_loss=0.3020 val_acc=88.70% | lr=3.000000e-05
Epoch 69/301 | train_loss=2.7629 train_acc=92.81% | val_loss=0.3004 val_acc=88.64% | lr=3.000000e-05
Epoch 70/301 | train_loss=2.7285 train_acc=92.86% | val_loss=0.2987 val_acc=88.66% | lr=3.000000e-05
Epoch 71/301 | train_loss=2.6964 train_acc=93.03% | val_loss=0.2976 val_acc=88.88% | lr=3.000000e-05
Saved new best model to /tmp/bow_mlp_imdb_1exa8eja.pt
Epoch 72/301 | train_loss=2.6626 train_acc=93.14% | val_loss=0.2959 val_acc=88.86% | lr=3.000000e-05
Epoch 73/301 | train_loss=2.6305 train_acc=93.19% | val_loss=0.2949 val_acc=88.96% | lr=3.000000e-05
Saved new best model to /tmp/bow_mlp_imdb_1exa8eja.pt
Epoch 74/301 | train_loss=2.5995 train_acc=93.35% | val_loss=0.2932 val_acc=88.90% | lr=3.000000e-05
Epoch 75/301 | train_loss=2.5678 train_acc=93.39% | val_loss=0.2919 val_acc=88.94% | lr=3.000000e-05
Epoch 76/301 | train_loss=2.5377 train_acc=93.49% | val_loss=0.2913 val_acc=89.04% | lr=3.000000e-05
Saved new best model to /tmp/bow_mlp_imdb_1exa8eja.pt
Epoch 77/301 | train_loss=2.5062 train_acc=93.69% | val_loss=0.2896 val_acc=88.92% | lr=3.000000e-05
Epoch 78/301 | train_loss=2.4769 train_acc=93.77% | val_loss=0.2908 val_acc=89.10% | lr=3.000000e-05
Saved new best model to /tmp/bow_mlp_imdb_1exa8eja.pt
Epoch 79/301 | train_loss=2.4478 train_acc=93.84% | val_loss=0.2876 val_acc=89.06% | lr=3.000000e-05
Epoch 80/301 | train_loss=2.4198 train_acc=93.94% | val_loss=0.2870 val_acc=89.02% | lr=3.000000e-05
Epoch 81/301 | train_loss=2.3901 train_acc=94.08% | val_loss=0.2859 val_acc=89.04% | lr=3.000000e-05
Epoch 82/301 | train_loss=2.3604 train_acc=94.19% | val_loss=0.2853 val_acc=89.04% | lr=3.000000e-05
Epoch 83/301 | train_loss=2.3314 train_acc=94.24% | val_loss=0.2852 val_acc=89.22% | lr=3.000000e-05
Saved new best model to /tmp/bow_mlp_imdb_1exa8eja.pt
Epoch 84/301 | train_loss=2.3040 train_acc=94.41% | val_loss=0.2835 val_acc=89.00% | lr=3.000000e-05
Epoch 85/301 | train_loss=2.2766 train_acc=94.47% | val_loss=0.2831 val_acc=89.00% | lr=3.000000e-05
Epoch 86/301 | train_loss=2.2490 train_acc=94.62% | val_loss=0.2824 val_acc=89.10% | lr=3.000000e-05
Epoch 87/301 | train_loss=2.2222 train_acc=94.69% | val_loss=0.2818 val_acc=89.08% | lr=3.000000e-05
Epoch 88/301 | train_loss=2.1949 train_acc=94.77% | val_loss=0.2811 val_acc=89.08% | lr=3.000000e-05
Epoch 89/301 | train_loss=2.1680 train_acc=94.83% | val_loss=0.2807 val_acc=89.06% | lr=3.000000e-05
Epoch 90/301 | train_loss=2.1412 train_acc=94.90% | val_loss=0.2803 val_acc=89.10% | lr=3.000000e-05
Epoch 91/301 | train_loss=2.1155 train_acc=95.03% | val_loss=0.2796 val_acc=89.08% | lr=3.000000e-05
Epoch 92/301 | train_loss=2.0895 train_acc=95.14% | val_loss=0.2793 val_acc=89.18% | lr=3.000000e-05
Epoch 93/301 | train_loss=2.0641 train_acc=95.20% | val_loss=0.2789 val_acc=89.14% | lr=3.000000e-05
Epoch 94/301 | train_loss=2.0383 train_acc=95.24% | val_loss=0.2787 val_acc=89.28% | lr=3.000000e-05
Saved new best model to /tmp/bow_mlp_imdb_1exa8eja.pt
Epoch 95/301 | train_loss=2.0124 train_acc=95.26% | val_loss=0.2784 val_acc=89.24% | lr=3.000000e-05
Epoch 96/301 | train_loss=1.9864 train_acc=95.35% | val_loss=0.2782 val_acc=89.24% | lr=3.000000e-05
Epoch 97/301 | train_loss=1.9617 train_acc=95.44% | val_loss=0.2779 val_acc=89.28% | lr=3.000000e-05
Epoch 98/301 | train_loss=1.9370 train_acc=95.49% | val_loss=0.2780 val_acc=89.28% | lr=3.000000e-05
Epoch 99/301 | train_loss=1.9126 train_acc=95.57% | val_loss=0.2778 val_acc=89.32% | lr=3.000000e-05
Saved new best model to /tmp/bow_mlp_imdb_1exa8eja.pt
Epoch 100/301 | train_loss=1.8891 train_acc=95.64% | val_loss=0.2776 val_acc=89.28% | lr=3.000000e-05
Epoch 101/301 | train_loss=1.8654 train_acc=95.70% | val_loss=0.2774 val_acc=89.30% | lr=3.000000e-05
Epoch 102/301 | train_loss=1.8418 train_acc=95.80% | val_loss=0.2774 val_acc=89.20% | lr=3.000000e-05
Epoch 103/301 | train_loss=1.8188 train_acc=95.85% | val_loss=0.2774 val_acc=89.30% | lr=3.000000e-05
Epoch 104/301 | train_loss=1.7964 train_acc=96.02% | val_loss=0.2774 val_acc=89.34% | lr=3.000000e-05
Saved new best model to /tmp/bow_mlp_imdb_1exa8eja.pt
Epoch 105/301 | train_loss=1.7730 train_acc=96.03% | val_loss=0.2782 val_acc=89.32% | lr=3.000000e-05
Epoch 106/301 | train_loss=1.7515 train_acc=96.06% | val_loss=0.2778 val_acc=89.36% | lr=3.000000e-05
Saved new best model to /tmp/bow_mlp_imdb_1exa8eja.pt
Epoch 107/301 | train_loss=1.7290 train_acc=96.10% | val_loss=0.2777 val_acc=89.34% | lr=3.000000e-05
Epoch 108/301 | train_loss=1.7064 train_acc=96.21% | val_loss=0.2779 val_acc=89.34% | lr=3.000000e-05
Epoch 109/301 | train_loss=1.6848 train_acc=96.31% | val_loss=0.2782 val_acc=89.38% | lr=3.000000e-05
Saved new best model to /tmp/bow_mlp_imdb_1exa8eja.pt
Epoch 110/301 | train_loss=1.6641 train_acc=96.33% | val_loss=0.2782 val_acc=89.40% | lr=3.000000e-05
Validation loss has not improved for 8 epochs. Stopping training.
Test loss=0.3055 | Test accuracy=87.84%
