Loading IMDb dataset from local disk: /home/daniel/l/masteruppsats/np-reg/language/data/imdb_hf
Using device: cuda
BoW vocab size: 12500
Epoch 1/301 | train_loss=0.5086 train_acc=76.50% | val_loss=0.3990 val_acc=84.94% | lr=3.000000e-05
Saved new best model to /tmp/bow_mlp_imdb_1sw3z7tz.pt
Epoch 2/301 | train_loss=0.3237 train_acc=88.78% | val_loss=0.3268 val_acc=87.70% | lr=3.000000e-05
Saved new best model to /tmp/bow_mlp_imdb_1sw3z7tz.pt
Epoch 3/301 | train_loss=0.2398 train_acc=92.64% | val_loss=0.2991 val_acc=88.54% | lr=3.000000e-05
Saved new best model to /tmp/bow_mlp_imdb_1sw3z7tz.pt
Epoch 4/301 | train_loss=0.1807 train_acc=95.15% | val_loss=0.2841 val_acc=88.88% | lr=3.000000e-05
Saved new best model to /tmp/bow_mlp_imdb_1sw3z7tz.pt
Epoch 5/301 | train_loss=0.1429 train_acc=96.68% | val_loss=0.2904 val_acc=87.92% | lr=3.000000e-05
Epoch 6/301 | train_loss=0.1066 train_acc=97.75% | val_loss=0.2806 val_acc=88.50% | lr=3.000000e-05
Epoch 7/301 | train_loss=0.0862 train_acc=98.32% | val_loss=0.2918 val_acc=87.64% | lr=3.000000e-05
Epoch 8/301 | train_loss=0.0673 train_acc=98.82% | val_loss=0.3089 val_acc=87.18% | lr=3.000000e-05
Epoch 9/301 | train_loss=0.0526 train_acc=99.20% | val_loss=0.3235 val_acc=86.94% | lr=3.000000e-05
Epoch 10/301 | train_loss=0.0451 train_acc=99.28% | val_loss=0.3924 val_acc=84.54% | lr=3.000000e-05
Epoch 11/301 | train_loss=0.0381 train_acc=99.46% | val_loss=0.3363 val_acc=86.66% | lr=3.000000e-05
Epoch 12/301 | train_loss=0.0273 train_acc=99.68% | val_loss=0.3409 val_acc=86.66% | lr=3.000000e-05
Epoch 13/301 | train_loss=0.0241 train_acc=99.67% | val_loss=0.3726 val_acc=85.76% | lr=3.000000e-05
Epoch 14/301 | train_loss=0.0219 train_acc=99.71% | val_loss=0.3824 val_acc=85.72% | lr=3.000000e-05
Validation loss has not improved for 8 epochs. Stopping training.
Test loss=0.3013 | Test accuracy=87.81%
