Loading IMDb dataset from local disk: /home/daniel/l/masteruppsats/np-reg/language/data/imdb_hf
Using device: cuda
BoW vocab size: 12500
Epoch 1/301 | train_loss=0.6474 train_acc=68.97% | val_loss=0.5847 val_acc=80.44% | lr=3.000000e-05
Saved new best model to /tmp/bow_mlp_imdb_r36o82r5.pt
Epoch 2/301 | train_loss=0.5327 train_acc=82.24% | val_loss=0.4921 val_acc=84.70% | lr=3.000000e-05
Saved new best model to /tmp/bow_mlp_imdb_r36o82r5.pt
Epoch 3/301 | train_loss=0.4528 train_acc=85.28% | val_loss=0.4348 val_acc=85.86% | lr=3.000000e-05
Saved new best model to /tmp/bow_mlp_imdb_r36o82r5.pt
Epoch 4/301 | train_loss=0.3979 train_acc=87.28% | val_loss=0.3943 val_acc=86.62% | lr=3.000000e-05
Saved new best model to /tmp/bow_mlp_imdb_r36o82r5.pt
Epoch 5/301 | train_loss=0.3588 train_acc=88.40% | val_loss=0.3646 val_acc=87.30% | lr=3.000000e-05
Saved new best model to /tmp/bow_mlp_imdb_r36o82r5.pt
Epoch 6/301 | train_loss=0.3260 train_acc=89.64% | val_loss=0.3438 val_acc=87.84% | lr=3.000000e-05
Saved new best model to /tmp/bow_mlp_imdb_r36o82r5.pt
Epoch 7/301 | train_loss=0.3024 train_acc=90.20% | val_loss=0.3293 val_acc=88.30% | lr=3.000000e-05
Saved new best model to /tmp/bow_mlp_imdb_r36o82r5.pt
Epoch 8/301 | train_loss=0.2811 train_acc=90.83% | val_loss=0.3167 val_acc=88.46% | lr=3.000000e-05
Saved new best model to /tmp/bow_mlp_imdb_r36o82r5.pt
Epoch 9/301 | train_loss=0.2635 train_acc=91.47% | val_loss=0.3068 val_acc=88.74% | lr=3.000000e-05
Saved new best model to /tmp/bow_mlp_imdb_r36o82r5.pt
Epoch 10/301 | train_loss=0.2482 train_acc=91.79% | val_loss=0.2987 val_acc=88.56% | lr=3.000000e-05
Epoch 11/301 | train_loss=0.2354 train_acc=92.41% | val_loss=0.2929 val_acc=89.10% | lr=3.000000e-05
Saved new best model to /tmp/bow_mlp_imdb_r36o82r5.pt
Epoch 12/301 | train_loss=0.2217 train_acc=92.80% | val_loss=0.2879 val_acc=89.20% | lr=3.000000e-05
Saved new best model to /tmp/bow_mlp_imdb_r36o82r5.pt
Epoch 13/301 | train_loss=0.2118 train_acc=93.18% | val_loss=0.2844 val_acc=89.20% | lr=3.000000e-05
Epoch 14/301 | train_loss=0.1995 train_acc=93.73% | val_loss=0.2802 val_acc=89.28% | lr=3.000000e-05
Saved new best model to /tmp/bow_mlp_imdb_r36o82r5.pt
Epoch 15/301 | train_loss=0.1897 train_acc=93.95% | val_loss=0.2783 val_acc=89.30% | lr=3.000000e-05
Saved new best model to /tmp/bow_mlp_imdb_r36o82r5.pt
Epoch 16/301 | train_loss=0.1811 train_acc=94.39% | val_loss=0.2758 val_acc=89.26% | lr=3.000000e-05
Epoch 17/301 | train_loss=0.1725 train_acc=94.72% | val_loss=0.2744 val_acc=89.34% | lr=3.000000e-05
Saved new best model to /tmp/bow_mlp_imdb_r36o82r5.pt
Epoch 18/301 | train_loss=0.1654 train_acc=94.84% | val_loss=0.2735 val_acc=89.28% | lr=3.000000e-05
Epoch 19/301 | train_loss=0.1561 train_acc=95.25% | val_loss=0.2751 val_acc=89.28% | lr=3.000000e-05
Epoch 20/301 | train_loss=0.1504 train_acc=95.40% | val_loss=0.2731 val_acc=89.44% | lr=3.000000e-05
Saved new best model to /tmp/bow_mlp_imdb_r36o82r5.pt
Epoch 21/301 | train_loss=0.1424 train_acc=95.75% | val_loss=0.2733 val_acc=89.42% | lr=3.000000e-05
Epoch 22/301 | train_loss=0.1347 train_acc=96.06% | val_loss=0.2742 val_acc=89.36% | lr=3.000000e-05
Epoch 23/301 | train_loss=0.1300 train_acc=96.23% | val_loss=0.2754 val_acc=89.24% | lr=3.000000e-05
Epoch 24/301 | train_loss=0.1228 train_acc=96.36% | val_loss=0.2764 val_acc=89.24% | lr=3.000000e-05
Epoch 25/301 | train_loss=0.1172 train_acc=96.70% | val_loss=0.2784 val_acc=89.02% | lr=3.000000e-05
Epoch 26/301 | train_loss=0.1123 train_acc=96.77% | val_loss=0.2803 val_acc=88.88% | lr=3.000000e-05
Epoch 27/301 | train_loss=0.1078 train_acc=97.02% | val_loss=0.2825 val_acc=88.78% | lr=3.000000e-05
Epoch 28/301 | train_loss=0.1019 train_acc=97.28% | val_loss=0.2848 val_acc=88.82% | lr=3.000000e-05
Validation loss has not improved for 8 epochs. Stopping training.
Test loss=0.3016 | Test accuracy=88.08%
