Loading IMDb dataset from local disk: /home/daniel/l/masteruppsats/np-reg/language/data/imdb_hf
Using device: cuda
BoW vocab size: 12500
W0421 12:35:57.442000 166247 site-packages/torch/_inductor/utils.py:1679] [0/0] Not enough SMs to use max_autotune_gemm mode
Epoch 1/301 | train_loss=0.6952 train_acc=52.91% | val_loss=0.6672 val_acc=60.96% | lr=3.000000e-06
Saved new best model to /tmp/bow_mlp_imdb_fcy3x624.pt
Epoch 2/301 | train_loss=0.6385 train_acc=66.09% | val_loss=0.6138 val_acc=70.28% | lr=3.000000e-06
Saved new best model to /tmp/bow_mlp_imdb_fcy3x624.pt
Epoch 3/301 | train_loss=0.5795 train_acc=74.13% | val_loss=0.5601 val_acc=75.58% | lr=3.000000e-06
Saved new best model to /tmp/bow_mlp_imdb_fcy3x624.pt
Epoch 4/301 | train_loss=0.5242 train_acc=78.87% | val_loss=0.5145 val_acc=78.36% | lr=3.000000e-06
Saved new best model to /tmp/bow_mlp_imdb_fcy3x624.pt
Epoch 5/301 | train_loss=0.4782 train_acc=81.77% | val_loss=0.4797 val_acc=81.00% | lr=3.000000e-06
Saved new best model to /tmp/bow_mlp_imdb_fcy3x624.pt
Epoch 6/301 | train_loss=0.4418 train_acc=83.78% | val_loss=0.4525 val_acc=82.02% | lr=3.000000e-06
Saved new best model to /tmp/bow_mlp_imdb_fcy3x624.pt
Epoch 7/301 | train_loss=0.4125 train_acc=85.39% | val_loss=0.4315 val_acc=82.98% | lr=3.000000e-06
Saved new best model to /tmp/bow_mlp_imdb_fcy3x624.pt
Epoch 8/301 | train_loss=0.3880 train_acc=86.56% | val_loss=0.4133 val_acc=83.92% | lr=3.000000e-06
Saved new best model to /tmp/bow_mlp_imdb_fcy3x624.pt
Epoch 9/301 | train_loss=0.3670 train_acc=87.70% | val_loss=0.3985 val_acc=84.52% | lr=3.000000e-06
Saved new best model to /tmp/bow_mlp_imdb_fcy3x624.pt
Epoch 10/301 | train_loss=0.3485 train_acc=88.47% | val_loss=0.3861 val_acc=84.88% | lr=3.000000e-06
Saved new best model to /tmp/bow_mlp_imdb_fcy3x624.pt
Epoch 11/301 | train_loss=0.3319 train_acc=89.12% | val_loss=0.3746 val_acc=85.28% | lr=3.000000e-06
Saved new best model to /tmp/bow_mlp_imdb_fcy3x624.pt
Epoch 12/301 | train_loss=0.3168 train_acc=89.78% | val_loss=0.3647 val_acc=85.72% | lr=3.000000e-06
Saved new best model to /tmp/bow_mlp_imdb_fcy3x624.pt
Epoch 13/301 | train_loss=0.3028 train_acc=90.45% | val_loss=0.3562 val_acc=85.90% | lr=3.000000e-06
Saved new best model to /tmp/bow_mlp_imdb_fcy3x624.pt
Epoch 14/301 | train_loss=0.2900 train_acc=90.97% | val_loss=0.3479 val_acc=86.40% | lr=3.000000e-06
Saved new best model to /tmp/bow_mlp_imdb_fcy3x624.pt
Epoch 15/301 | train_loss=0.2780 train_acc=91.55% | val_loss=0.3411 val_acc=86.74% | lr=3.000000e-06
Saved new best model to /tmp/bow_mlp_imdb_fcy3x624.pt
Epoch 16/301 | train_loss=0.2666 train_acc=92.07% | val_loss=0.3343 val_acc=86.92% | lr=3.000000e-06
Saved new best model to /tmp/bow_mlp_imdb_fcy3x624.pt
Epoch 17/301 | train_loss=0.2560 train_acc=92.40% | val_loss=0.3284 val_acc=87.30% | lr=3.000000e-06
Saved new best model to /tmp/bow_mlp_imdb_fcy3x624.pt
Epoch 18/301 | train_loss=0.2459 train_acc=92.87% | val_loss=0.3231 val_acc=87.42% | lr=3.000000e-06
Saved new best model to /tmp/bow_mlp_imdb_fcy3x624.pt
Epoch 19/301 | train_loss=0.2363 train_acc=93.31% | val_loss=0.3183 val_acc=87.44% | lr=3.000000e-06
Saved new best model to /tmp/bow_mlp_imdb_fcy3x624.pt
Epoch 20/301 | train_loss=0.2270 train_acc=93.69% | val_loss=0.3136 val_acc=87.66% | lr=3.000000e-06
Saved new best model to /tmp/bow_mlp_imdb_fcy3x624.pt
Epoch 21/301 | train_loss=0.2183 train_acc=94.02% | val_loss=0.3095 val_acc=87.76% | lr=3.000000e-06
Saved new best model to /tmp/bow_mlp_imdb_fcy3x624.pt
Epoch 22/301 | train_loss=0.2099 train_acc=94.39% | val_loss=0.3055 val_acc=87.90% | lr=3.000000e-06
Saved new best model to /tmp/bow_mlp_imdb_fcy3x624.pt
Epoch 23/301 | train_loss=0.2018 train_acc=94.74% | val_loss=0.3021 val_acc=87.88% | lr=3.000000e-06
Epoch 24/301 | train_loss=0.1941 train_acc=95.10% | val_loss=0.2988 val_acc=88.02% | lr=3.000000e-06
Saved new best model to /tmp/bow_mlp_imdb_fcy3x624.pt
Epoch 25/301 | train_loss=0.1865 train_acc=95.47% | val_loss=0.2957 val_acc=87.94% | lr=3.000000e-06
Epoch 26/301 | train_loss=0.1794 train_acc=95.70% | val_loss=0.2928 val_acc=88.04% | lr=3.000000e-06
Saved new best model to /tmp/bow_mlp_imdb_fcy3x624.pt
Epoch 27/301 | train_loss=0.1724 train_acc=95.98% | val_loss=0.2904 val_acc=88.16% | lr=3.000000e-06
Saved new best model to /tmp/bow_mlp_imdb_fcy3x624.pt
Epoch 28/301 | train_loss=0.1657 train_acc=96.19% | val_loss=0.2878 val_acc=88.14% | lr=3.000000e-06
Epoch 29/301 | train_loss=0.1592 train_acc=96.47% | val_loss=0.2856 val_acc=88.18% | lr=3.000000e-06
Saved new best model to /tmp/bow_mlp_imdb_fcy3x624.pt
Epoch 30/301 | train_loss=0.1529 train_acc=96.69% | val_loss=0.2836 val_acc=88.34% | lr=3.000000e-06
Saved new best model to /tmp/bow_mlp_imdb_fcy3x624.pt
Epoch 31/301 | train_loss=0.1468 train_acc=96.92% | val_loss=0.2815 val_acc=88.50% | lr=3.000000e-06
Saved new best model to /tmp/bow_mlp_imdb_fcy3x624.pt
Epoch 32/301 | train_loss=0.1409 train_acc=97.17% | val_loss=0.2799 val_acc=88.48% | lr=3.000000e-06
Epoch 33/301 | train_loss=0.1353 train_acc=97.38% | val_loss=0.2782 val_acc=88.58% | lr=3.000000e-06
Saved new best model to /tmp/bow_mlp_imdb_fcy3x624.pt
Epoch 34/301 | train_loss=0.1297 train_acc=97.56% | val_loss=0.2772 val_acc=88.60% | lr=3.000000e-06
Saved new best model to /tmp/bow_mlp_imdb_fcy3x624.pt
Epoch 35/301 | train_loss=0.1244 train_acc=97.72% | val_loss=0.2754 val_acc=88.88% | lr=3.000000e-06
Saved new best model to /tmp/bow_mlp_imdb_fcy3x624.pt
Epoch 36/301 | train_loss=0.1192 train_acc=97.92% | val_loss=0.2741 val_acc=88.88% | lr=3.000000e-06
Epoch 37/301 | train_loss=0.1142 train_acc=98.06% | val_loss=0.2734 val_acc=88.86% | lr=3.000000e-06
Epoch 38/301 | train_loss=0.1093 train_acc=98.25% | val_loss=0.2719 val_acc=88.92% | lr=3.000000e-06
Saved new best model to /tmp/bow_mlp_imdb_fcy3x624.pt
Epoch 39/301 | train_loss=0.1046 train_acc=98.37% | val_loss=0.2711 val_acc=88.88% | lr=3.000000e-06
Epoch 40/301 | train_loss=0.1001 train_acc=98.45% | val_loss=0.2702 val_acc=88.92% | lr=3.000000e-06
Epoch 41/301 | train_loss=0.0957 train_acc=98.52% | val_loss=0.2697 val_acc=88.98% | lr=3.000000e-06
Saved new best model to /tmp/bow_mlp_imdb_fcy3x624.pt
Epoch 42/301 | train_loss=0.0914 train_acc=98.64% | val_loss=0.2690 val_acc=88.96% | lr=3.000000e-06
Epoch 43/301 | train_loss=0.0873 train_acc=98.74% | val_loss=0.2684 val_acc=89.02% | lr=3.000000e-06
Saved new best model to /tmp/bow_mlp_imdb_fcy3x624.pt
Epoch 44/301 | train_loss=0.0834 train_acc=98.87% | val_loss=0.2679 val_acc=88.94% | lr=3.000000e-06
Epoch 45/301 | train_loss=0.0796 train_acc=98.95% | val_loss=0.2676 val_acc=89.14% | lr=3.000000e-06
Saved new best model to /tmp/bow_mlp_imdb_fcy3x624.pt
Epoch 46/301 | train_loss=0.0759 train_acc=99.04% | val_loss=0.2672 val_acc=89.00% | lr=3.000000e-06
Epoch 47/301 | train_loss=0.0723 train_acc=99.11% | val_loss=0.2670 val_acc=88.98% | lr=3.000000e-06
Epoch 48/301 | train_loss=0.0689 train_acc=99.19% | val_loss=0.2672 val_acc=89.08% | lr=3.000000e-06
Epoch 49/301 | train_loss=0.0656 train_acc=99.26% | val_loss=0.2673 val_acc=89.04% | lr=3.000000e-06
Epoch 50/301 | train_loss=0.0624 train_acc=99.36% | val_loss=0.2676 val_acc=89.10% | lr=3.000000e-06
Epoch 51/301 | train_loss=0.0594 train_acc=99.39% | val_loss=0.2668 val_acc=89.12% | lr=3.000000e-06
Epoch 52/301 | train_loss=0.0565 train_acc=99.44% | val_loss=0.2672 val_acc=89.04% | lr=3.000000e-06
Epoch 53/301 | train_loss=0.0536 train_acc=99.50% | val_loss=0.2671 val_acc=89.14% | lr=3.000000e-06
Epoch 54/301 | train_loss=0.0510 train_acc=99.56% | val_loss=0.2676 val_acc=89.08% | lr=3.000000e-06
Epoch 55/301 | train_loss=0.0484 train_acc=99.60% | val_loss=0.2678 val_acc=89.06% | lr=3.000000e-06
Epoch 56/301 | train_loss=0.0459 train_acc=99.61% | val_loss=0.2685 val_acc=89.08% | lr=3.000000e-06
Epoch 57/301 | train_loss=0.0436 train_acc=99.66% | val_loss=0.2687 val_acc=89.06% | lr=3.000000e-06
Epoch 58/301 | train_loss=0.0413 train_acc=99.69% | val_loss=0.2695 val_acc=89.00% | lr=3.000000e-06
Epoch 59/301 | train_loss=0.0391 train_acc=99.72% | val_loss=0.2702 val_acc=89.04% | lr=3.000000e-06
Validation loss has not improved for 8 epochs. Stopping training.
Test loss=0.2899 | Test accuracy=87.76%
