Loading IMDb dataset from local disk: /home/daniel/l/masteruppsats/np-reg/language/data/imdb_hf
Using device: cuda
BoW vocab size: 12500
Epoch 1/301 | train_loss=9.3639 train_acc=49.91% | val_loss=0.6925 val_acc=53.56% | lr=3.000000e-06
Saved new best model to /tmp/bow_mlp_imdb_ofjq02vr.pt
Epoch 2/301 | train_loss=7.8728 train_acc=56.35% | val_loss=0.6843 val_acc=59.90% | lr=3.000000e-06
Saved new best model to /tmp/bow_mlp_imdb_ofjq02vr.pt
Epoch 3/301 | train_loss=6.5029 train_acc=63.91% | val_loss=0.6776 val_acc=66.12% | lr=3.000000e-06
Saved new best model to /tmp/bow_mlp_imdb_ofjq02vr.pt
Epoch 4/301 | train_loss=5.3680 train_acc=69.01% | val_loss=0.6705 val_acc=72.52% | lr=3.000000e-06
Saved new best model to /tmp/bow_mlp_imdb_ofjq02vr.pt
Epoch 5/301 | train_loss=4.4057 train_acc=74.96% | val_loss=0.6631 val_acc=75.94% | lr=3.000000e-06
Saved new best model to /tmp/bow_mlp_imdb_ofjq02vr.pt
Epoch 6/301 | train_loss=3.5891 train_acc=78.07% | val_loss=0.6540 val_acc=78.18% | lr=3.000000e-06
Saved new best model to /tmp/bow_mlp_imdb_ofjq02vr.pt
Epoch 7/301 | train_loss=2.9007 train_acc=80.77% | val_loss=0.6453 val_acc=80.68% | lr=3.000000e-06
Saved new best model to /tmp/bow_mlp_imdb_ofjq02vr.pt
Epoch 8/301 | train_loss=2.3304 train_acc=82.28% | val_loss=0.6358 val_acc=81.46% | lr=3.000000e-06
Saved new best model to /tmp/bow_mlp_imdb_ofjq02vr.pt
Epoch 9/301 | train_loss=1.8682 train_acc=83.31% | val_loss=0.6259 val_acc=82.64% | lr=3.000000e-06
Saved new best model to /tmp/bow_mlp_imdb_ofjq02vr.pt
Epoch 10/301 | train_loss=1.5042 train_acc=83.96% | val_loss=0.6157 val_acc=83.52% | lr=3.000000e-06
Saved new best model to /tmp/bow_mlp_imdb_ofjq02vr.pt
Epoch 11/301 | train_loss=1.2290 train_acc=84.57% | val_loss=0.6047 val_acc=83.90% | lr=3.000000e-06
Saved new best model to /tmp/bow_mlp_imdb_ofjq02vr.pt
Epoch 12/301 | train_loss=1.0289 train_acc=84.89% | val_loss=0.5933 val_acc=84.16% | lr=3.000000e-06
Saved new best model to /tmp/bow_mlp_imdb_ofjq02vr.pt
Epoch 13/301 | train_loss=0.8914 train_acc=85.17% | val_loss=0.5816 val_acc=84.40% | lr=3.000000e-06
Saved new best model to /tmp/bow_mlp_imdb_ofjq02vr.pt
Epoch 14/301 | train_loss=0.8024 train_acc=85.28% | val_loss=0.5698 val_acc=84.28% | lr=3.000000e-06
Epoch 15/301 | train_loss=0.7482 train_acc=85.44% | val_loss=0.5583 val_acc=84.54% | lr=3.000000e-06
Saved new best model to /tmp/bow_mlp_imdb_ofjq02vr.pt
Epoch 16/301 | train_loss=0.7157 train_acc=85.63% | val_loss=0.5467 val_acc=84.86% | lr=3.000000e-06
Saved new best model to /tmp/bow_mlp_imdb_ofjq02vr.pt
Epoch 17/301 | train_loss=0.6946 train_acc=85.83% | val_loss=0.5359 val_acc=85.06% | lr=3.000000e-06
Saved new best model to /tmp/bow_mlp_imdb_ofjq02vr.pt
Epoch 18/301 | train_loss=0.6790 train_acc=86.02% | val_loss=0.5257 val_acc=85.10% | lr=3.000000e-06
Saved new best model to /tmp/bow_mlp_imdb_ofjq02vr.pt
Epoch 19/301 | train_loss=0.6655 train_acc=86.22% | val_loss=0.5161 val_acc=85.36% | lr=3.000000e-06
Saved new best model to /tmp/bow_mlp_imdb_ofjq02vr.pt
Epoch 20/301 | train_loss=0.6528 train_acc=86.34% | val_loss=0.5070 val_acc=85.36% | lr=3.000000e-06
Epoch 21/301 | train_loss=0.6410 train_acc=86.65% | val_loss=0.4985 val_acc=85.62% | lr=3.000000e-06
Saved new best model to /tmp/bow_mlp_imdb_ofjq02vr.pt
Epoch 22/301 | train_loss=0.6297 train_acc=86.84% | val_loss=0.4905 val_acc=85.74% | lr=3.000000e-06
Saved new best model to /tmp/bow_mlp_imdb_ofjq02vr.pt
Epoch 23/301 | train_loss=0.6188 train_acc=87.00% | val_loss=0.4830 val_acc=85.90% | lr=3.000000e-06
Saved new best model to /tmp/bow_mlp_imdb_ofjq02vr.pt
Epoch 24/301 | train_loss=0.6085 train_acc=87.18% | val_loss=0.4758 val_acc=86.16% | lr=3.000000e-06
Saved new best model to /tmp/bow_mlp_imdb_ofjq02vr.pt
Epoch 25/301 | train_loss=0.5986 train_acc=87.43% | val_loss=0.4690 val_acc=86.06% | lr=3.000000e-06
Epoch 26/301 | train_loss=0.5891 train_acc=87.64% | val_loss=0.4625 val_acc=86.34% | lr=3.000000e-06
Saved new best model to /tmp/bow_mlp_imdb_ofjq02vr.pt
Epoch 27/301 | train_loss=0.5800 train_acc=87.74% | val_loss=0.4564 val_acc=86.44% | lr=3.000000e-06
Saved new best model to /tmp/bow_mlp_imdb_ofjq02vr.pt
Epoch 28/301 | train_loss=0.5713 train_acc=87.87% | val_loss=0.4505 val_acc=86.56% | lr=3.000000e-06
Saved new best model to /tmp/bow_mlp_imdb_ofjq02vr.pt
Epoch 29/301 | train_loss=0.5629 train_acc=87.98% | val_loss=0.4449 val_acc=86.52% | lr=3.000000e-06
Epoch 30/301 | train_loss=0.5548 train_acc=88.16% | val_loss=0.4397 val_acc=86.80% | lr=3.000000e-06
Saved new best model to /tmp/bow_mlp_imdb_ofjq02vr.pt
Epoch 31/301 | train_loss=0.5471 train_acc=88.23% | val_loss=0.4344 val_acc=86.76% | lr=3.000000e-06
Epoch 32/301 | train_loss=0.5396 train_acc=88.38% | val_loss=0.4296 val_acc=86.82% | lr=3.000000e-06
Saved new best model to /tmp/bow_mlp_imdb_ofjq02vr.pt
Epoch 33/301 | train_loss=0.5324 train_acc=88.42% | val_loss=0.4249 val_acc=86.88% | lr=3.000000e-06
Saved new best model to /tmp/bow_mlp_imdb_ofjq02vr.pt
Epoch 34/301 | train_loss=0.5255 train_acc=88.60% | val_loss=0.4206 val_acc=86.90% | lr=3.000000e-06
Saved new best model to /tmp/bow_mlp_imdb_ofjq02vr.pt
Epoch 35/301 | train_loss=0.5188 train_acc=88.71% | val_loss=0.4162 val_acc=87.00% | lr=3.000000e-06
Saved new best model to /tmp/bow_mlp_imdb_ofjq02vr.pt
Epoch 36/301 | train_loss=0.5124 train_acc=88.77% | val_loss=0.4120 val_acc=87.06% | lr=3.000000e-06
Saved new best model to /tmp/bow_mlp_imdb_ofjq02vr.pt
Epoch 37/301 | train_loss=0.5060 train_acc=88.84% | val_loss=0.4083 val_acc=87.20% | lr=3.000000e-06
Saved new best model to /tmp/bow_mlp_imdb_ofjq02vr.pt
Epoch 38/301 | train_loss=0.5000 train_acc=89.00% | val_loss=0.4042 val_acc=87.28% | lr=3.000000e-06
Saved new best model to /tmp/bow_mlp_imdb_ofjq02vr.pt
Epoch 39/301 | train_loss=0.4941 train_acc=89.13% | val_loss=0.4005 val_acc=87.24% | lr=3.000000e-06
Epoch 40/301 | train_loss=0.4884 train_acc=89.22% | val_loss=0.3970 val_acc=87.40% | lr=3.000000e-06
Saved new best model to /tmp/bow_mlp_imdb_ofjq02vr.pt
Epoch 41/301 | train_loss=0.4829 train_acc=89.31% | val_loss=0.3936 val_acc=87.44% | lr=3.000000e-06
Saved new best model to /tmp/bow_mlp_imdb_ofjq02vr.pt
Epoch 42/301 | train_loss=0.4775 train_acc=89.45% | val_loss=0.3903 val_acc=87.52% | lr=3.000000e-06
Saved new best model to /tmp/bow_mlp_imdb_ofjq02vr.pt
Epoch 43/301 | train_loss=0.4723 train_acc=89.50% | val_loss=0.3872 val_acc=87.52% | lr=3.000000e-06
Epoch 44/301 | train_loss=0.4673 train_acc=89.60% | val_loss=0.3840 val_acc=87.54% | lr=3.000000e-06
Saved new best model to /tmp/bow_mlp_imdb_ofjq02vr.pt
Epoch 45/301 | train_loss=0.4623 train_acc=89.68% | val_loss=0.3810 val_acc=87.50% | lr=3.000000e-06
Epoch 46/301 | train_loss=0.4576 train_acc=89.81% | val_loss=0.3782 val_acc=87.62% | lr=3.000000e-06
Saved new best model to /tmp/bow_mlp_imdb_ofjq02vr.pt
Epoch 47/301 | train_loss=0.4529 train_acc=89.84% | val_loss=0.3754 val_acc=87.62% | lr=3.000000e-06
Epoch 48/301 | train_loss=0.4484 train_acc=89.84% | val_loss=0.3727 val_acc=87.68% | lr=3.000000e-06
Saved new best model to /tmp/bow_mlp_imdb_ofjq02vr.pt
Epoch 49/301 | train_loss=0.4440 train_acc=89.91% | val_loss=0.3702 val_acc=87.76% | lr=3.000000e-06
Saved new best model to /tmp/bow_mlp_imdb_ofjq02vr.pt
Epoch 50/301 | train_loss=0.4397 train_acc=90.03% | val_loss=0.3679 val_acc=87.70% | lr=3.000000e-06
Epoch 51/301 | train_loss=0.4356 train_acc=90.14% | val_loss=0.3652 val_acc=87.78% | lr=3.000000e-06
Saved new best model to /tmp/bow_mlp_imdb_ofjq02vr.pt
Epoch 52/301 | train_loss=0.4315 train_acc=90.20% | val_loss=0.3628 val_acc=87.86% | lr=3.000000e-06
Saved new best model to /tmp/bow_mlp_imdb_ofjq02vr.pt
Epoch 53/301 | train_loss=0.4275 train_acc=90.22% | val_loss=0.3605 val_acc=87.90% | lr=3.000000e-06
Saved new best model to /tmp/bow_mlp_imdb_ofjq02vr.pt
Epoch 54/301 | train_loss=0.4236 train_acc=90.35% | val_loss=0.3584 val_acc=87.92% | lr=3.000000e-06
Saved new best model to /tmp/bow_mlp_imdb_ofjq02vr.pt
Epoch 55/301 | train_loss=0.4198 train_acc=90.44% | val_loss=0.3561 val_acc=87.94% | lr=3.000000e-06
Saved new best model to /tmp/bow_mlp_imdb_ofjq02vr.pt
Epoch 56/301 | train_loss=0.4161 train_acc=90.53% | val_loss=0.3542 val_acc=88.02% | lr=3.000000e-06
Saved new best model to /tmp/bow_mlp_imdb_ofjq02vr.pt
Epoch 57/301 | train_loss=0.4125 train_acc=90.56% | val_loss=0.3520 val_acc=88.10% | lr=3.000000e-06
Saved new best model to /tmp/bow_mlp_imdb_ofjq02vr.pt
Epoch 58/301 | train_loss=0.4090 train_acc=90.66% | val_loss=0.3500 val_acc=88.14% | lr=3.000000e-06
Saved new best model to /tmp/bow_mlp_imdb_ofjq02vr.pt
Epoch 59/301 | train_loss=0.4055 train_acc=90.73% | val_loss=0.3482 val_acc=88.26% | lr=3.000000e-06
Saved new best model to /tmp/bow_mlp_imdb_ofjq02vr.pt
Epoch 60/301 | train_loss=0.4021 train_acc=90.79% | val_loss=0.3462 val_acc=88.18% | lr=3.000000e-06
Epoch 61/301 | train_loss=0.3989 train_acc=90.80% | val_loss=0.3444 val_acc=88.24% | lr=3.000000e-06
Epoch 62/301 | train_loss=0.3956 train_acc=90.94% | val_loss=0.3427 val_acc=88.32% | lr=3.000000e-06
Saved new best model to /tmp/bow_mlp_imdb_ofjq02vr.pt
Epoch 63/301 | train_loss=0.3924 train_acc=90.97% | val_loss=0.3409 val_acc=88.30% | lr=3.000000e-06
Epoch 64/301 | train_loss=0.3893 train_acc=91.05% | val_loss=0.3393 val_acc=88.34% | lr=3.000000e-06
Saved new best model to /tmp/bow_mlp_imdb_ofjq02vr.pt
Epoch 65/301 | train_loss=0.3863 train_acc=91.12% | val_loss=0.3377 val_acc=88.42% | lr=3.000000e-06
Saved new best model to /tmp/bow_mlp_imdb_ofjq02vr.pt
Epoch 66/301 | train_loss=0.3833 train_acc=91.20% | val_loss=0.3360 val_acc=88.38% | lr=3.000000e-06
Epoch 67/301 | train_loss=0.3804 train_acc=91.25% | val_loss=0.3345 val_acc=88.40% | lr=3.000000e-06
Epoch 68/301 | train_loss=0.3775 train_acc=91.28% | val_loss=0.3330 val_acc=88.48% | lr=3.000000e-06
Saved new best model to /tmp/bow_mlp_imdb_ofjq02vr.pt
Epoch 69/301 | train_loss=0.3747 train_acc=91.36% | val_loss=0.3315 val_acc=88.46% | lr=3.000000e-06
Epoch 70/301 | train_loss=0.3719 train_acc=91.41% | val_loss=0.3301 val_acc=88.52% | lr=3.000000e-06
Saved new best model to /tmp/bow_mlp_imdb_ofjq02vr.pt
Epoch 71/301 | train_loss=0.3692 train_acc=91.44% | val_loss=0.3286 val_acc=88.50% | lr=3.000000e-06
Epoch 72/301 | train_loss=0.3665 train_acc=91.47% | val_loss=0.3274 val_acc=88.56% | lr=3.000000e-06
Saved new best model to /tmp/bow_mlp_imdb_ofjq02vr.pt
Epoch 73/301 | train_loss=0.3639 train_acc=91.53% | val_loss=0.3261 val_acc=88.58% | lr=3.000000e-06
Saved new best model to /tmp/bow_mlp_imdb_ofjq02vr.pt
Epoch 74/301 | train_loss=0.3613 train_acc=91.59% | val_loss=0.3246 val_acc=88.56% | lr=3.000000e-06
Epoch 75/301 | train_loss=0.3588 train_acc=91.66% | val_loss=0.3233 val_acc=88.58% | lr=3.000000e-06
Epoch 76/301 | train_loss=0.3562 train_acc=91.68% | val_loss=0.3222 val_acc=88.60% | lr=3.000000e-06
Saved new best model to /tmp/bow_mlp_imdb_ofjq02vr.pt
Epoch 77/301 | train_loss=0.3537 train_acc=91.80% | val_loss=0.3209 val_acc=88.60% | lr=3.000000e-06
Epoch 78/301 | train_loss=0.3514 train_acc=91.80% | val_loss=0.3199 val_acc=88.58% | lr=3.000000e-06
Epoch 79/301 | train_loss=0.3490 train_acc=91.90% | val_loss=0.3185 val_acc=88.58% | lr=3.000000e-06
Epoch 80/301 | train_loss=0.3467 train_acc=91.93% | val_loss=0.3174 val_acc=88.64% | lr=3.000000e-06
Saved new best model to /tmp/bow_mlp_imdb_ofjq02vr.pt
Epoch 81/301 | train_loss=0.3444 train_acc=91.98% | val_loss=0.3163 val_acc=88.62% | lr=3.000000e-06
Epoch 82/301 | train_loss=0.3421 train_acc=92.03% | val_loss=0.3153 val_acc=88.64% | lr=3.000000e-06
Epoch 83/301 | train_loss=0.3399 train_acc=92.06% | val_loss=0.3143 val_acc=88.70% | lr=3.000000e-06
Saved new best model to /tmp/bow_mlp_imdb_ofjq02vr.pt
Epoch 84/301 | train_loss=0.3377 train_acc=92.20% | val_loss=0.3131 val_acc=88.68% | lr=3.000000e-06
Epoch 85/301 | train_loss=0.3356 train_acc=92.16% | val_loss=0.3120 val_acc=88.70% | lr=3.000000e-06
Epoch 86/301 | train_loss=0.3334 train_acc=92.25% | val_loss=0.3111 val_acc=88.72% | lr=3.000000e-06
Saved new best model to /tmp/bow_mlp_imdb_ofjq02vr.pt
Epoch 87/301 | train_loss=0.3313 train_acc=92.30% | val_loss=0.3101 val_acc=88.80% | lr=3.000000e-06
Saved new best model to /tmp/bow_mlp_imdb_ofjq02vr.pt
Epoch 88/301 | train_loss=0.3292 train_acc=92.32% | val_loss=0.3091 val_acc=88.80% | lr=3.000000e-06
Epoch 89/301 | train_loss=0.3272 train_acc=92.36% | val_loss=0.3082 val_acc=88.82% | lr=3.000000e-06
Saved new best model to /tmp/bow_mlp_imdb_ofjq02vr.pt
Epoch 90/301 | train_loss=0.3252 train_acc=92.45% | val_loss=0.3074 val_acc=88.80% | lr=3.000000e-06
Epoch 91/301 | train_loss=0.3232 train_acc=92.47% | val_loss=0.3064 val_acc=88.80% | lr=3.000000e-06
Epoch 92/301 | train_loss=0.3212 train_acc=92.54% | val_loss=0.3056 val_acc=88.74% | lr=3.000000e-06
Epoch 93/301 | train_loss=0.3193 train_acc=92.58% | val_loss=0.3046 val_acc=88.80% | lr=3.000000e-06
Epoch 94/301 | train_loss=0.3174 train_acc=92.61% | val_loss=0.3038 val_acc=88.78% | lr=3.000000e-06
Epoch 95/301 | train_loss=0.3155 train_acc=92.67% | val_loss=0.3032 val_acc=88.78% | lr=3.000000e-06
Epoch 96/301 | train_loss=0.3137 train_acc=92.73% | val_loss=0.3023 val_acc=88.70% | lr=3.000000e-06
Epoch 97/301 | train_loss=0.3119 train_acc=92.81% | val_loss=0.3014 val_acc=88.76% | lr=3.000000e-06
Epoch 98/301 | train_loss=0.3101 train_acc=92.83% | val_loss=0.3007 val_acc=88.76% | lr=3.000000e-06
Epoch 99/301 | train_loss=0.3083 train_acc=92.88% | val_loss=0.2999 val_acc=88.84% | lr=3.000000e-06
Saved new best model to /tmp/bow_mlp_imdb_ofjq02vr.pt
Epoch 100/301 | train_loss=0.3065 train_acc=92.94% | val_loss=0.2992 val_acc=88.80% | lr=3.000000e-06
Epoch 101/301 | train_loss=0.3048 train_acc=92.97% | val_loss=0.2984 val_acc=88.84% | lr=3.000000e-06
Epoch 102/301 | train_loss=0.3031 train_acc=93.02% | val_loss=0.2978 val_acc=88.90% | lr=3.000000e-06
Saved new best model to /tmp/bow_mlp_imdb_ofjq02vr.pt
Epoch 103/301 | train_loss=0.3014 train_acc=93.03% | val_loss=0.2971 val_acc=88.92% | lr=3.000000e-06
Saved new best model to /tmp/bow_mlp_imdb_ofjq02vr.pt
Epoch 104/301 | train_loss=0.2997 train_acc=93.05% | val_loss=0.2965 val_acc=88.90% | lr=3.000000e-06
Epoch 105/301 | train_loss=0.2980 train_acc=93.13% | val_loss=0.2960 val_acc=88.98% | lr=3.000000e-06
Saved new best model to /tmp/bow_mlp_imdb_ofjq02vr.pt
Epoch 106/301 | train_loss=0.2964 train_acc=93.23% | val_loss=0.2950 val_acc=88.94% | lr=3.000000e-06
Epoch 107/301 | train_loss=0.2948 train_acc=93.28% | val_loss=0.2944 val_acc=88.92% | lr=3.000000e-06
Epoch 108/301 | train_loss=0.2932 train_acc=93.27% | val_loss=0.2939 val_acc=88.98% | lr=3.000000e-06
Epoch 109/301 | train_loss=0.2916 train_acc=93.29% | val_loss=0.2932 val_acc=89.00% | lr=3.000000e-06
Saved new best model to /tmp/bow_mlp_imdb_ofjq02vr.pt
Epoch 110/301 | train_loss=0.2900 train_acc=93.36% | val_loss=0.2926 val_acc=88.96% | lr=3.000000e-06
Epoch 111/301 | train_loss=0.2884 train_acc=93.36% | val_loss=0.2920 val_acc=88.98% | lr=3.000000e-06
Epoch 112/301 | train_loss=0.2869 train_acc=93.44% | val_loss=0.2914 val_acc=89.02% | lr=3.000000e-06
Saved new best model to /tmp/bow_mlp_imdb_ofjq02vr.pt
Epoch 113/301 | train_loss=0.2853 train_acc=93.52% | val_loss=0.2907 val_acc=89.00% | lr=3.000000e-06
Epoch 114/301 | train_loss=0.2839 train_acc=93.51% | val_loss=0.2903 val_acc=89.12% | lr=3.000000e-06
Saved new best model to /tmp/bow_mlp_imdb_ofjq02vr.pt
Epoch 115/301 | train_loss=0.2823 train_acc=93.57% | val_loss=0.2897 val_acc=89.06% | lr=3.000000e-06
Epoch 116/301 | train_loss=0.2808 train_acc=93.60% | val_loss=0.2891 val_acc=89.02% | lr=3.000000e-06
Epoch 117/301 | train_loss=0.2794 train_acc=93.63% | val_loss=0.2886 val_acc=89.12% | lr=3.000000e-06
Epoch 118/301 | train_loss=0.2780 train_acc=93.64% | val_loss=0.2881 val_acc=89.12% | lr=3.000000e-06
Epoch 119/301 | train_loss=0.2766 train_acc=93.66% | val_loss=0.2876 val_acc=89.20% | lr=3.000000e-06
Saved new best model to /tmp/bow_mlp_imdb_ofjq02vr.pt
Epoch 120/301 | train_loss=0.2751 train_acc=93.74% | val_loss=0.2871 val_acc=89.22% | lr=3.000000e-06
Saved new best model to /tmp/bow_mlp_imdb_ofjq02vr.pt
Epoch 121/301 | train_loss=0.2737 train_acc=93.77% | val_loss=0.2867 val_acc=89.30% | lr=3.000000e-06
Saved new best model to /tmp/bow_mlp_imdb_ofjq02vr.pt
Epoch 122/301 | train_loss=0.2723 train_acc=93.81% | val_loss=0.2861 val_acc=89.26% | lr=3.000000e-06
Epoch 123/301 | train_loss=0.2709 train_acc=93.88% | val_loss=0.2857 val_acc=89.32% | lr=3.000000e-06
Saved new best model to /tmp/bow_mlp_imdb_ofjq02vr.pt
Epoch 124/301 | train_loss=0.2696 train_acc=93.91% | val_loss=0.2852 val_acc=89.22% | lr=3.000000e-06
Epoch 125/301 | train_loss=0.2682 train_acc=93.94% | val_loss=0.2847 val_acc=89.26% | lr=3.000000e-06
Epoch 126/301 | train_loss=0.2669 train_acc=93.94% | val_loss=0.2843 val_acc=89.26% | lr=3.000000e-06
Epoch 127/301 | train_loss=0.2655 train_acc=93.97% | val_loss=0.2839 val_acc=89.24% | lr=3.000000e-06
Epoch 128/301 | train_loss=0.2642 train_acc=94.05% | val_loss=0.2836 val_acc=89.32% | lr=3.000000e-06
Epoch 129/301 | train_loss=0.2629 train_acc=94.05% | val_loss=0.2830 val_acc=89.28% | lr=3.000000e-06
Epoch 130/301 | train_loss=0.2616 train_acc=94.09% | val_loss=0.2827 val_acc=89.34% | lr=3.000000e-06
Saved new best model to /tmp/bow_mlp_imdb_ofjq02vr.pt
Epoch 131/301 | train_loss=0.2603 train_acc=94.12% | val_loss=0.2822 val_acc=89.30% | lr=3.000000e-06
Epoch 132/301 | train_loss=0.2590 train_acc=94.15% | val_loss=0.2819 val_acc=89.34% | lr=3.000000e-06
Epoch 133/301 | train_loss=0.2578 train_acc=94.19% | val_loss=0.2814 val_acc=89.32% | lr=3.000000e-06
Epoch 134/301 | train_loss=0.2565 train_acc=94.27% | val_loss=0.2813 val_acc=89.36% | lr=3.000000e-06
Saved new best model to /tmp/bow_mlp_imdb_ofjq02vr.pt
Epoch 135/301 | train_loss=0.2553 train_acc=94.28% | val_loss=0.2807 val_acc=89.34% | lr=3.000000e-06
Epoch 136/301 | train_loss=0.2540 train_acc=94.35% | val_loss=0.2804 val_acc=89.38% | lr=3.000000e-06
Saved new best model to /tmp/bow_mlp_imdb_ofjq02vr.pt
Epoch 137/301 | train_loss=0.2528 train_acc=94.34% | val_loss=0.2801 val_acc=89.46% | lr=3.000000e-06
Saved new best model to /tmp/bow_mlp_imdb_ofjq02vr.pt
Epoch 138/301 | train_loss=0.2516 train_acc=94.38% | val_loss=0.2798 val_acc=89.44% | lr=3.000000e-06
Epoch 139/301 | train_loss=0.2504 train_acc=94.41% | val_loss=0.2794 val_acc=89.48% | lr=3.000000e-06
Saved new best model to /tmp/bow_mlp_imdb_ofjq02vr.pt
Epoch 140/301 | train_loss=0.2492 train_acc=94.44% | val_loss=0.2790 val_acc=89.48% | lr=3.000000e-06
Epoch 141/301 | train_loss=0.2481 train_acc=94.47% | val_loss=0.2789 val_acc=89.44% | lr=3.000000e-06
Epoch 142/301 | train_loss=0.2469 train_acc=94.53% | val_loss=0.2785 val_acc=89.52% | lr=3.000000e-06
Saved new best model to /tmp/bow_mlp_imdb_ofjq02vr.pt
Epoch 143/301 | train_loss=0.2457 train_acc=94.53% | val_loss=0.2782 val_acc=89.50% | lr=3.000000e-06
Epoch 144/301 | train_loss=0.2446 train_acc=94.60% | val_loss=0.2778 val_acc=89.60% | lr=3.000000e-06
Saved new best model to /tmp/bow_mlp_imdb_ofjq02vr.pt
Epoch 145/301 | train_loss=0.2434 train_acc=94.63% | val_loss=0.2778 val_acc=89.48% | lr=3.000000e-06
Epoch 146/301 | train_loss=0.2423 train_acc=94.65% | val_loss=0.2774 val_acc=89.56% | lr=3.000000e-06
Epoch 147/301 | train_loss=0.2411 train_acc=94.67% | val_loss=0.2772 val_acc=89.54% | lr=3.000000e-06
Epoch 148/301 | train_loss=0.2400 train_acc=94.72% | val_loss=0.2769 val_acc=89.54% | lr=3.000000e-06
Epoch 149/301 | train_loss=0.2389 train_acc=94.70% | val_loss=0.2764 val_acc=89.62% | lr=3.000000e-06
Saved new best model to /tmp/bow_mlp_imdb_ofjq02vr.pt
Epoch 150/301 | train_loss=0.2378 train_acc=94.77% | val_loss=0.2762 val_acc=89.62% | lr=3.000000e-06
Epoch 151/301 | train_loss=0.2367 train_acc=94.78% | val_loss=0.2759 val_acc=89.56% | lr=3.000000e-06
Epoch 152/301 | train_loss=0.2356 train_acc=94.80% | val_loss=0.2756 val_acc=89.56% | lr=3.000000e-06
Epoch 153/301 | train_loss=0.2346 train_acc=94.86% | val_loss=0.2754 val_acc=89.58% | lr=3.000000e-06
Epoch 154/301 | train_loss=0.2335 train_acc=94.84% | val_loss=0.2752 val_acc=89.64% | lr=3.000000e-06
Saved new best model to /tmp/bow_mlp_imdb_ofjq02vr.pt
Epoch 155/301 | train_loss=0.2324 train_acc=94.88% | val_loss=0.2751 val_acc=89.62% | lr=3.000000e-06
Epoch 156/301 | train_loss=0.2313 train_acc=94.96% | val_loss=0.2748 val_acc=89.60% | lr=3.000000e-06
Epoch 157/301 | train_loss=0.2303 train_acc=95.00% | val_loss=0.2745 val_acc=89.60% | lr=3.000000e-06
Epoch 158/301 | train_loss=0.2293 train_acc=95.02% | val_loss=0.2744 val_acc=89.58% | lr=3.000000e-06
Epoch 159/301 | train_loss=0.2282 train_acc=95.03% | val_loss=0.2741 val_acc=89.52% | lr=3.000000e-06
Epoch 160/301 | train_loss=0.2272 train_acc=95.05% | val_loss=0.2739 val_acc=89.46% | lr=3.000000e-06
Epoch 161/301 | train_loss=0.2262 train_acc=95.08% | val_loss=0.2738 val_acc=89.46% | lr=3.000000e-06
Epoch 162/301 | train_loss=0.2251 train_acc=95.12% | val_loss=0.2736 val_acc=89.44% | lr=3.000000e-06
Epoch 163/301 | train_loss=0.2242 train_acc=95.17% | val_loss=0.2734 val_acc=89.40% | lr=3.000000e-06
Epoch 164/301 | train_loss=0.2232 train_acc=95.17% | val_loss=0.2732 val_acc=89.42% | lr=3.000000e-06
Epoch 165/301 | train_loss=0.2222 train_acc=95.20% | val_loss=0.2731 val_acc=89.46% | lr=3.000000e-06
Epoch 166/301 | train_loss=0.2212 train_acc=95.22% | val_loss=0.2728 val_acc=89.42% | lr=3.000000e-06
Epoch 167/301 | train_loss=0.2202 train_acc=95.25% | val_loss=0.2727 val_acc=89.44% | lr=3.000000e-06
Epoch 168/301 | train_loss=0.2192 train_acc=95.25% | val_loss=0.2727 val_acc=89.44% | lr=3.000000e-06
Epoch 169/301 | train_loss=0.2183 train_acc=95.30% | val_loss=0.2724 val_acc=89.46% | lr=3.000000e-06
Epoch 170/301 | train_loss=0.2173 train_acc=95.32% | val_loss=0.2724 val_acc=89.48% | lr=3.000000e-06
Epoch 171/301 | train_loss=0.2164 train_acc=95.36% | val_loss=0.2721 val_acc=89.46% | lr=3.000000e-06
Epoch 172/301 | train_loss=0.2154 train_acc=95.35% | val_loss=0.2722 val_acc=89.46% | lr=3.000000e-06
Epoch 173/301 | train_loss=0.2145 train_acc=95.37% | val_loss=0.2719 val_acc=89.40% | lr=3.000000e-06
Epoch 174/301 | train_loss=0.2136 train_acc=95.40% | val_loss=0.2718 val_acc=89.44% | lr=3.000000e-06
Epoch 175/301 | train_loss=0.2127 train_acc=95.43% | val_loss=0.2717 val_acc=89.42% | lr=3.000000e-06
Epoch 176/301 | train_loss=0.2117 train_acc=95.46% | val_loss=0.2715 val_acc=89.40% | lr=3.000000e-06
Epoch 177/301 | train_loss=0.2108 train_acc=95.48% | val_loss=0.2714 val_acc=89.42% | lr=3.000000e-06
Epoch 178/301 | train_loss=0.2099 train_acc=95.52% | val_loss=0.2713 val_acc=89.42% | lr=3.000000e-06
Epoch 179/301 | train_loss=0.2089 train_acc=95.54% | val_loss=0.2715 val_acc=89.56% | lr=3.000000e-06
Epoch 180/301 | train_loss=0.2081 train_acc=95.53% | val_loss=0.2710 val_acc=89.38% | lr=3.000000e-06
Epoch 181/301 | train_loss=0.2072 train_acc=95.59% | val_loss=0.2710 val_acc=89.38% | lr=3.000000e-06
Epoch 182/301 | train_loss=0.2063 train_acc=95.63% | val_loss=0.2709 val_acc=89.38% | lr=3.000000e-06
Epoch 183/301 | train_loss=0.2054 train_acc=95.64% | val_loss=0.2708 val_acc=89.38% | lr=3.000000e-06
Epoch 184/301 | train_loss=0.2046 train_acc=95.66% | val_loss=0.2707 val_acc=89.38% | lr=3.000000e-06
Epoch 185/301 | train_loss=0.2037 train_acc=95.68% | val_loss=0.2708 val_acc=89.42% | lr=3.000000e-06
Epoch 186/301 | train_loss=0.2028 train_acc=95.69% | val_loss=0.2708 val_acc=89.48% | lr=3.000000e-06
Epoch 187/301 | train_loss=0.2020 train_acc=95.77% | val_loss=0.2706 val_acc=89.44% | lr=3.000000e-06
Epoch 188/301 | train_loss=0.2011 train_acc=95.78% | val_loss=0.2707 val_acc=89.54% | lr=3.000000e-06
Epoch 189/301 | train_loss=0.2003 train_acc=95.80% | val_loss=0.2704 val_acc=89.34% | lr=3.000000e-06
Epoch 190/301 | train_loss=0.1994 train_acc=95.86% | val_loss=0.2708 val_acc=89.50% | lr=3.000000e-06
Epoch 191/301 | train_loss=0.1986 train_acc=95.91% | val_loss=0.2703 val_acc=89.38% | lr=3.000000e-06
Epoch 192/301 | train_loss=0.1977 train_acc=95.94% | val_loss=0.2704 val_acc=89.48% | lr=3.000000e-06
Epoch 193/301 | train_loss=0.1969 train_acc=95.91% | val_loss=0.2704 val_acc=89.46% | lr=3.000000e-06
Epoch 194/301 | train_loss=0.1961 train_acc=95.97% | val_loss=0.2702 val_acc=89.42% | lr=3.000000e-06
Epoch 195/301 | train_loss=0.1952 train_acc=95.98% | val_loss=0.2701 val_acc=89.36% | lr=3.000000e-06
Epoch 196/301 | train_loss=0.1944 train_acc=96.00% | val_loss=0.2702 val_acc=89.48% | lr=3.000000e-06
Epoch 197/301 | train_loss=0.1936 train_acc=96.05% | val_loss=0.2703 val_acc=89.44% | lr=3.000000e-06
Epoch 198/301 | train_loss=0.1928 train_acc=96.03% | val_loss=0.2701 val_acc=89.48% | lr=3.000000e-06
Epoch 199/301 | train_loss=0.1920 train_acc=96.06% | val_loss=0.2701 val_acc=89.48% | lr=3.000000e-06
Epoch 200/301 | train_loss=0.1912 train_acc=96.08% | val_loss=0.2703 val_acc=89.42% | lr=3.000000e-06
Epoch 201/301 | train_loss=0.1904 train_acc=96.14% | val_loss=0.2701 val_acc=89.44% | lr=3.000000e-06
Epoch 202/301 | train_loss=0.1896 train_acc=96.20% | val_loss=0.2700 val_acc=89.32% | lr=3.000000e-06
Epoch 203/301 | train_loss=0.1889 train_acc=96.17% | val_loss=0.2700 val_acc=89.40% | lr=3.000000e-06
Epoch 204/301 | train_loss=0.1880 train_acc=96.19% | val_loss=0.2702 val_acc=89.44% | lr=3.000000e-06
Epoch 205/301 | train_loss=0.1873 train_acc=96.23% | val_loss=0.2701 val_acc=89.44% | lr=3.000000e-06
Epoch 206/301 | train_loss=0.1865 train_acc=96.21% | val_loss=0.2701 val_acc=89.44% | lr=3.000000e-06
Epoch 207/301 | train_loss=0.1857 train_acc=96.27% | val_loss=0.2701 val_acc=89.46% | lr=3.000000e-06
Epoch 208/301 | train_loss=0.1849 train_acc=96.31% | val_loss=0.2701 val_acc=89.34% | lr=3.000000e-06
Epoch 209/301 | train_loss=0.1842 train_acc=96.36% | val_loss=0.2705 val_acc=89.42% | lr=3.000000e-06
Epoch 210/301 | train_loss=0.1835 train_acc=96.32% | val_loss=0.2702 val_acc=89.42% | lr=3.000000e-06
Validation loss has not improved for 8 epochs. Stopping training.
Test loss=0.2965 | Test accuracy=88.38%
