Loading IMDb dataset from local disk: /home/daniel/l/masteruppsats/np-reg/language/data/imdb_hf
Using device: cuda
BoW vocab size: 12500
Epoch 1/301 | train_loss=862.0995 train_acc=47.42% | val_loss=0.7031 val_acc=48.92% | lr=3.000000e-06
Saved new best model to /tmp/bow_mlp_imdb_nr_f7hlg.pt
Epoch 2/301 | train_loss=700.7719 train_acc=49.95% | val_loss=0.7054 val_acc=49.90% | lr=3.000000e-06
Saved new best model to /tmp/bow_mlp_imdb_nr_f7hlg.pt
Epoch 3/301 | train_loss=562.5458 train_acc=49.77% | val_loss=0.7015 val_acc=49.30% | lr=3.000000e-06
Epoch 4/301 | train_loss=448.5876 train_acc=48.86% | val_loss=0.6980 val_acc=48.34% | lr=3.000000e-06
Epoch 5/301 | train_loss=352.1880 train_acc=47.23% | val_loss=0.6969 val_acc=47.90% | lr=3.000000e-06
Epoch 6/301 | train_loss=271.0219 train_acc=46.98% | val_loss=0.6965 val_acc=47.56% | lr=3.000000e-06
Epoch 7/301 | train_loss=203.3966 train_acc=47.12% | val_loss=0.6964 val_acc=47.84% | lr=3.000000e-06
Epoch 8/301 | train_loss=148.3207 train_acc=47.21% | val_loss=0.6963 val_acc=47.78% | lr=3.000000e-06
Epoch 9/301 | train_loss=104.8358 train_acc=47.26% | val_loss=0.6961 val_acc=48.04% | lr=3.000000e-06
Epoch 10/301 | train_loss=71.9243 train_acc=47.47% | val_loss=0.6960 val_acc=48.24% | lr=3.000000e-06
Epoch 11/301 | train_loss=48.5662 train_acc=47.73% | val_loss=0.6958 val_acc=48.82% | lr=3.000000e-06
Epoch 12/301 | train_loss=33.1711 train_acc=47.84% | val_loss=0.6954 val_acc=48.82% | lr=3.000000e-06
Epoch 13/301 | train_loss=24.1536 train_acc=48.27% | val_loss=0.6950 val_acc=49.30% | lr=3.000000e-06
Epoch 14/301 | train_loss=19.5967 train_acc=48.82% | val_loss=0.6944 val_acc=49.98% | lr=3.000000e-06
Saved new best model to /tmp/bow_mlp_imdb_nr_f7hlg.pt
Epoch 15/301 | train_loss=17.6852 train_acc=49.58% | val_loss=0.6935 val_acc=50.76% | lr=3.000000e-06
Saved new best model to /tmp/bow_mlp_imdb_nr_f7hlg.pt
Epoch 16/301 | train_loss=16.9235 train_acc=50.54% | val_loss=0.6924 val_acc=51.68% | lr=3.000000e-06
Saved new best model to /tmp/bow_mlp_imdb_nr_f7hlg.pt
Epoch 17/301 | train_loss=16.4992 train_acc=51.62% | val_loss=0.6911 val_acc=52.74% | lr=3.000000e-06
Saved new best model to /tmp/bow_mlp_imdb_nr_f7hlg.pt
Epoch 18/301 | train_loss=16.1385 train_acc=53.03% | val_loss=0.6898 val_acc=53.56% | lr=3.000000e-06
Saved new best model to /tmp/bow_mlp_imdb_nr_f7hlg.pt
Epoch 19/301 | train_loss=15.7767 train_acc=54.31% | val_loss=0.6884 val_acc=55.24% | lr=3.000000e-06
Saved new best model to /tmp/bow_mlp_imdb_nr_f7hlg.pt
Epoch 20/301 | train_loss=15.4079 train_acc=55.89% | val_loss=0.6868 val_acc=55.60% | lr=3.000000e-06
Saved new best model to /tmp/bow_mlp_imdb_nr_f7hlg.pt
Epoch 21/301 | train_loss=15.0457 train_acc=57.43% | val_loss=0.6853 val_acc=57.18% | lr=3.000000e-06
Saved new best model to /tmp/bow_mlp_imdb_nr_f7hlg.pt
Epoch 22/301 | train_loss=14.6949 train_acc=59.09% | val_loss=0.6837 val_acc=59.28% | lr=3.000000e-06
Saved new best model to /tmp/bow_mlp_imdb_nr_f7hlg.pt
Epoch 23/301 | train_loss=14.3564 train_acc=60.26% | val_loss=0.6821 val_acc=60.88% | lr=3.000000e-06
Saved new best model to /tmp/bow_mlp_imdb_nr_f7hlg.pt
Epoch 24/301 | train_loss=14.0336 train_acc=61.97% | val_loss=0.6805 val_acc=62.50% | lr=3.000000e-06
Saved new best model to /tmp/bow_mlp_imdb_nr_f7hlg.pt
Epoch 25/301 | train_loss=13.7268 train_acc=63.92% | val_loss=0.6789 val_acc=63.18% | lr=3.000000e-06
Saved new best model to /tmp/bow_mlp_imdb_nr_f7hlg.pt
Epoch 26/301 | train_loss=13.4275 train_acc=64.93% | val_loss=0.6772 val_acc=65.20% | lr=3.000000e-06
Saved new best model to /tmp/bow_mlp_imdb_nr_f7hlg.pt
Epoch 27/301 | train_loss=13.1461 train_acc=66.38% | val_loss=0.6755 val_acc=66.44% | lr=3.000000e-06
Saved new best model to /tmp/bow_mlp_imdb_nr_f7hlg.pt
Epoch 28/301 | train_loss=12.8775 train_acc=67.77% | val_loss=0.6738 val_acc=67.64% | lr=3.000000e-06
Saved new best model to /tmp/bow_mlp_imdb_nr_f7hlg.pt
Epoch 29/301 | train_loss=12.6196 train_acc=69.14% | val_loss=0.6721 val_acc=68.56% | lr=3.000000e-06
Saved new best model to /tmp/bow_mlp_imdb_nr_f7hlg.pt
Epoch 30/301 | train_loss=12.3764 train_acc=69.84% | val_loss=0.6704 val_acc=70.60% | lr=3.000000e-06
Saved new best model to /tmp/bow_mlp_imdb_nr_f7hlg.pt
Epoch 31/301 | train_loss=12.1443 train_acc=71.75% | val_loss=0.6686 val_acc=70.10% | lr=3.000000e-06
Epoch 32/301 | train_loss=11.9199 train_acc=71.47% | val_loss=0.6668 val_acc=71.74% | lr=3.000000e-06
Saved new best model to /tmp/bow_mlp_imdb_nr_f7hlg.pt
Epoch 33/301 | train_loss=11.7081 train_acc=72.65% | val_loss=0.6650 val_acc=72.52% | lr=3.000000e-06
Saved new best model to /tmp/bow_mlp_imdb_nr_f7hlg.pt
Epoch 34/301 | train_loss=11.5018 train_acc=73.64% | val_loss=0.6633 val_acc=73.70% | lr=3.000000e-06
Saved new best model to /tmp/bow_mlp_imdb_nr_f7hlg.pt
Epoch 35/301 | train_loss=11.3019 train_acc=74.48% | val_loss=0.6614 val_acc=73.96% | lr=3.000000e-06
Saved new best model to /tmp/bow_mlp_imdb_nr_f7hlg.pt
Epoch 36/301 | train_loss=11.1175 train_acc=75.05% | val_loss=0.6595 val_acc=74.12% | lr=3.000000e-06
Saved new best model to /tmp/bow_mlp_imdb_nr_f7hlg.pt
Epoch 37/301 | train_loss=10.9323 train_acc=75.12% | val_loss=0.6578 val_acc=75.22% | lr=3.000000e-06
Saved new best model to /tmp/bow_mlp_imdb_nr_f7hlg.pt
Epoch 38/301 | train_loss=10.7562 train_acc=75.98% | val_loss=0.6559 val_acc=75.70% | lr=3.000000e-06
Saved new best model to /tmp/bow_mlp_imdb_nr_f7hlg.pt
Epoch 39/301 | train_loss=10.5865 train_acc=76.61% | val_loss=0.6540 val_acc=75.64% | lr=3.000000e-06
Epoch 40/301 | train_loss=10.4233 train_acc=76.67% | val_loss=0.6521 val_acc=76.30% | lr=3.000000e-06
Saved new best model to /tmp/bow_mlp_imdb_nr_f7hlg.pt
Epoch 41/301 | train_loss=10.2692 train_acc=77.19% | val_loss=0.6502 val_acc=76.24% | lr=3.000000e-06
Epoch 42/301 | train_loss=10.1184 train_acc=77.08% | val_loss=0.6484 val_acc=77.50% | lr=3.000000e-06
Saved new best model to /tmp/bow_mlp_imdb_nr_f7hlg.pt
Epoch 43/301 | train_loss=9.9766 train_acc=77.91% | val_loss=0.6465 val_acc=77.60% | lr=3.000000e-06
Saved new best model to /tmp/bow_mlp_imdb_nr_f7hlg.pt
Epoch 44/301 | train_loss=9.8372 train_acc=78.05% | val_loss=0.6445 val_acc=77.52% | lr=3.000000e-06
Epoch 45/301 | train_loss=9.7044 train_acc=78.36% | val_loss=0.6426 val_acc=77.58% | lr=3.000000e-06
Epoch 46/301 | train_loss=9.5771 train_acc=78.51% | val_loss=0.6407 val_acc=77.94% | lr=3.000000e-06
Saved new best model to /tmp/bow_mlp_imdb_nr_f7hlg.pt
Epoch 47/301 | train_loss=9.4541 train_acc=78.79% | val_loss=0.6388 val_acc=77.88% | lr=3.000000e-06
Epoch 48/301 | train_loss=9.3344 train_acc=78.81% | val_loss=0.6369 val_acc=78.46% | lr=3.000000e-06
Saved new best model to /tmp/bow_mlp_imdb_nr_f7hlg.pt
Epoch 49/301 | train_loss=9.2219 train_acc=79.20% | val_loss=0.6349 val_acc=78.28% | lr=3.000000e-06
Epoch 50/301 | train_loss=9.1110 train_acc=79.07% | val_loss=0.6331 val_acc=78.66% | lr=3.000000e-06
Saved new best model to /tmp/bow_mlp_imdb_nr_f7hlg.pt
Epoch 51/301 | train_loss=9.0034 train_acc=79.57% | val_loss=0.6310 val_acc=78.40% | lr=3.000000e-06
Epoch 52/301 | train_loss=8.9006 train_acc=79.61% | val_loss=0.6291 val_acc=78.40% | lr=3.000000e-06
Epoch 53/301 | train_loss=8.8011 train_acc=79.72% | val_loss=0.6272 val_acc=78.40% | lr=3.000000e-06
Epoch 54/301 | train_loss=8.7054 train_acc=79.64% | val_loss=0.6253 val_acc=79.00% | lr=3.000000e-06
Saved new best model to /tmp/bow_mlp_imdb_nr_f7hlg.pt
Epoch 55/301 | train_loss=8.6110 train_acc=79.86% | val_loss=0.6233 val_acc=78.94% | lr=3.000000e-06
Epoch 56/301 | train_loss=8.5208 train_acc=79.87% | val_loss=0.6214 val_acc=79.34% | lr=3.000000e-06
Saved new best model to /tmp/bow_mlp_imdb_nr_f7hlg.pt
Epoch 57/301 | train_loss=8.4340 train_acc=80.12% | val_loss=0.6194 val_acc=79.00% | lr=3.000000e-06
Epoch 58/301 | train_loss=8.3499 train_acc=80.19% | val_loss=0.6175 val_acc=79.44% | lr=3.000000e-06
Saved new best model to /tmp/bow_mlp_imdb_nr_f7hlg.pt
Epoch 59/301 | train_loss=8.2683 train_acc=80.11% | val_loss=0.6157 val_acc=79.68% | lr=3.000000e-06
Saved new best model to /tmp/bow_mlp_imdb_nr_f7hlg.pt
Epoch 60/301 | train_loss=8.1897 train_acc=80.46% | val_loss=0.6137 val_acc=79.52% | lr=3.000000e-06
Epoch 61/301 | train_loss=8.1133 train_acc=80.45% | val_loss=0.6117 val_acc=79.64% | lr=3.000000e-06
Epoch 62/301 | train_loss=8.0380 train_acc=80.47% | val_loss=0.6098 val_acc=79.74% | lr=3.000000e-06
Saved new best model to /tmp/bow_mlp_imdb_nr_f7hlg.pt
Epoch 63/301 | train_loss=7.9641 train_acc=80.66% | val_loss=0.6079 val_acc=79.98% | lr=3.000000e-06
Saved new best model to /tmp/bow_mlp_imdb_nr_f7hlg.pt
Epoch 64/301 | train_loss=7.8933 train_acc=80.76% | val_loss=0.6060 val_acc=80.12% | lr=3.000000e-06
Saved new best model to /tmp/bow_mlp_imdb_nr_f7hlg.pt
Epoch 65/301 | train_loss=7.8254 train_acc=80.82% | val_loss=0.6041 val_acc=80.26% | lr=3.000000e-06
Saved new best model to /tmp/bow_mlp_imdb_nr_f7hlg.pt
Epoch 66/301 | train_loss=7.7582 train_acc=80.98% | val_loss=0.6022 val_acc=80.24% | lr=3.000000e-06
Epoch 67/301 | train_loss=7.6941 train_acc=81.06% | val_loss=0.6002 val_acc=80.16% | lr=3.000000e-06
Epoch 68/301 | train_loss=7.6313 train_acc=81.13% | val_loss=0.5983 val_acc=80.42% | lr=3.000000e-06
Saved new best model to /tmp/bow_mlp_imdb_nr_f7hlg.pt
Epoch 69/301 | train_loss=7.5698 train_acc=81.22% | val_loss=0.5964 val_acc=80.30% | lr=3.000000e-06
Epoch 70/301 | train_loss=7.5095 train_acc=81.26% | val_loss=0.5945 val_acc=80.68% | lr=3.000000e-06
Saved new best model to /tmp/bow_mlp_imdb_nr_f7hlg.pt
Epoch 71/301 | train_loss=7.4520 train_acc=81.27% | val_loss=0.5926 val_acc=80.60% | lr=3.000000e-06
Epoch 72/301 | train_loss=7.3948 train_acc=81.30% | val_loss=0.5907 val_acc=80.90% | lr=3.000000e-06
Saved new best model to /tmp/bow_mlp_imdb_nr_f7hlg.pt
Epoch 73/301 | train_loss=7.3399 train_acc=81.45% | val_loss=0.5888 val_acc=80.88% | lr=3.000000e-06
Epoch 74/301 | train_loss=7.2855 train_acc=81.49% | val_loss=0.5869 val_acc=80.90% | lr=3.000000e-06
Epoch 75/301 | train_loss=7.2328 train_acc=81.64% | val_loss=0.5850 val_acc=81.02% | lr=3.000000e-06
Saved new best model to /tmp/bow_mlp_imdb_nr_f7hlg.pt
Epoch 76/301 | train_loss=7.1812 train_acc=81.53% | val_loss=0.5831 val_acc=81.02% | lr=3.000000e-06
Epoch 77/301 | train_loss=7.1286 train_acc=81.63% | val_loss=0.5812 val_acc=80.86% | lr=3.000000e-06
Epoch 78/301 | train_loss=7.0828 train_acc=81.69% | val_loss=0.5794 val_acc=81.14% | lr=3.000000e-06
Saved new best model to /tmp/bow_mlp_imdb_nr_f7hlg.pt
Epoch 79/301 | train_loss=7.0341 train_acc=81.80% | val_loss=0.5775 val_acc=81.08% | lr=3.000000e-06
Epoch 80/301 | train_loss=6.9868 train_acc=81.89% | val_loss=0.5756 val_acc=81.20% | lr=3.000000e-06
Saved new best model to /tmp/bow_mlp_imdb_nr_f7hlg.pt
Epoch 81/301 | train_loss=6.9400 train_acc=81.98% | val_loss=0.5738 val_acc=81.18% | lr=3.000000e-06
Epoch 82/301 | train_loss=6.8962 train_acc=82.00% | val_loss=0.5719 val_acc=81.32% | lr=3.000000e-06
Saved new best model to /tmp/bow_mlp_imdb_nr_f7hlg.pt
Epoch 83/301 | train_loss=6.8521 train_acc=82.04% | val_loss=0.5702 val_acc=81.48% | lr=3.000000e-06
Saved new best model to /tmp/bow_mlp_imdb_nr_f7hlg.pt
Epoch 84/301 | train_loss=6.8086 train_acc=82.16% | val_loss=0.5682 val_acc=81.40% | lr=3.000000e-06
Epoch 85/301 | train_loss=6.7664 train_acc=82.28% | val_loss=0.5663 val_acc=81.36% | lr=3.000000e-06
Epoch 86/301 | train_loss=6.7252 train_acc=82.36% | val_loss=0.5645 val_acc=81.60% | lr=3.000000e-06
Saved new best model to /tmp/bow_mlp_imdb_nr_f7hlg.pt
Epoch 87/301 | train_loss=6.6848 train_acc=82.38% | val_loss=0.5627 val_acc=81.48% | lr=3.000000e-06
Epoch 88/301 | train_loss=6.6435 train_acc=82.47% | val_loss=0.5609 val_acc=81.52% | lr=3.000000e-06
Epoch 89/301 | train_loss=6.6053 train_acc=82.49% | val_loss=0.5591 val_acc=81.66% | lr=3.000000e-06
Saved new best model to /tmp/bow_mlp_imdb_nr_f7hlg.pt
Epoch 90/301 | train_loss=6.5667 train_acc=82.64% | val_loss=0.5573 val_acc=81.86% | lr=3.000000e-06
Saved new best model to /tmp/bow_mlp_imdb_nr_f7hlg.pt
Epoch 91/301 | train_loss=6.5296 train_acc=82.72% | val_loss=0.5555 val_acc=81.84% | lr=3.000000e-06
Epoch 92/301 | train_loss=6.4922 train_acc=82.78% | val_loss=0.5537 val_acc=81.96% | lr=3.000000e-06
Saved new best model to /tmp/bow_mlp_imdb_nr_f7hlg.pt
Epoch 93/301 | train_loss=6.4563 train_acc=82.80% | val_loss=0.5518 val_acc=82.04% | lr=3.000000e-06
Saved new best model to /tmp/bow_mlp_imdb_nr_f7hlg.pt
Epoch 94/301 | train_loss=6.4198 train_acc=82.92% | val_loss=0.5500 val_acc=82.14% | lr=3.000000e-06
Saved new best model to /tmp/bow_mlp_imdb_nr_f7hlg.pt
Epoch 95/301 | train_loss=6.3839 train_acc=82.95% | val_loss=0.5483 val_acc=82.28% | lr=3.000000e-06
Saved new best model to /tmp/bow_mlp_imdb_nr_f7hlg.pt
Epoch 96/301 | train_loss=6.3494 train_acc=83.00% | val_loss=0.5465 val_acc=82.22% | lr=3.000000e-06
Epoch 97/301 | train_loss=6.3153 train_acc=83.16% | val_loss=0.5447 val_acc=82.30% | lr=3.000000e-06
Saved new best model to /tmp/bow_mlp_imdb_nr_f7hlg.pt
Epoch 98/301 | train_loss=6.2823 train_acc=83.18% | val_loss=0.5429 val_acc=82.36% | lr=3.000000e-06
Saved new best model to /tmp/bow_mlp_imdb_nr_f7hlg.pt
Epoch 99/301 | train_loss=6.2498 train_acc=83.21% | val_loss=0.5412 val_acc=82.44% | lr=3.000000e-06
Saved new best model to /tmp/bow_mlp_imdb_nr_f7hlg.pt
Epoch 100/301 | train_loss=6.2180 train_acc=83.31% | val_loss=0.5394 val_acc=82.42% | lr=3.000000e-06
Epoch 101/301 | train_loss=6.1861 train_acc=83.33% | val_loss=0.5376 val_acc=82.56% | lr=3.000000e-06
Saved new best model to /tmp/bow_mlp_imdb_nr_f7hlg.pt
Epoch 102/301 | train_loss=6.1546 train_acc=83.49% | val_loss=0.5359 val_acc=82.68% | lr=3.000000e-06
Saved new best model to /tmp/bow_mlp_imdb_nr_f7hlg.pt
Epoch 103/301 | train_loss=6.1242 train_acc=83.47% | val_loss=0.5342 val_acc=82.74% | lr=3.000000e-06
Saved new best model to /tmp/bow_mlp_imdb_nr_f7hlg.pt
Epoch 104/301 | train_loss=6.0937 train_acc=83.58% | val_loss=0.5325 val_acc=82.84% | lr=3.000000e-06
Saved new best model to /tmp/bow_mlp_imdb_nr_f7hlg.pt
Epoch 105/301 | train_loss=6.0647 train_acc=83.65% | val_loss=0.5308 val_acc=82.90% | lr=3.000000e-06
Saved new best model to /tmp/bow_mlp_imdb_nr_f7hlg.pt
Epoch 106/301 | train_loss=6.0345 train_acc=83.72% | val_loss=0.5290 val_acc=83.00% | lr=3.000000e-06
Saved new best model to /tmp/bow_mlp_imdb_nr_f7hlg.pt
Epoch 107/301 | train_loss=6.0056 train_acc=83.70% | val_loss=0.5273 val_acc=82.98% | lr=3.000000e-06
Epoch 108/301 | train_loss=5.9766 train_acc=83.83% | val_loss=0.5256 val_acc=83.00% | lr=3.000000e-06
Epoch 109/301 | train_loss=5.9486 train_acc=83.95% | val_loss=0.5238 val_acc=83.14% | lr=3.000000e-06
Saved new best model to /tmp/bow_mlp_imdb_nr_f7hlg.pt
Epoch 110/301 | train_loss=5.9209 train_acc=83.97% | val_loss=0.5222 val_acc=83.20% | lr=3.000000e-06
Saved new best model to /tmp/bow_mlp_imdb_nr_f7hlg.pt
Epoch 111/301 | train_loss=5.8935 train_acc=83.97% | val_loss=0.5205 val_acc=83.26% | lr=3.000000e-06
Saved new best model to /tmp/bow_mlp_imdb_nr_f7hlg.pt
Epoch 112/301 | train_loss=5.8662 train_acc=84.11% | val_loss=0.5188 val_acc=83.36% | lr=3.000000e-06
Saved new best model to /tmp/bow_mlp_imdb_nr_f7hlg.pt
Epoch 113/301 | train_loss=5.8393 train_acc=84.27% | val_loss=0.5171 val_acc=83.42% | lr=3.000000e-06
Saved new best model to /tmp/bow_mlp_imdb_nr_f7hlg.pt
Epoch 114/301 | train_loss=5.8135 train_acc=84.24% | val_loss=0.5155 val_acc=83.48% | lr=3.000000e-06
Saved new best model to /tmp/bow_mlp_imdb_nr_f7hlg.pt
Epoch 115/301 | train_loss=5.7871 train_acc=84.36% | val_loss=0.5138 val_acc=83.46% | lr=3.000000e-06
Epoch 116/301 | train_loss=5.7625 train_acc=84.45% | val_loss=0.5121 val_acc=83.24% | lr=3.000000e-06
Epoch 117/301 | train_loss=5.7375 train_acc=84.44% | val_loss=0.5104 val_acc=83.54% | lr=3.000000e-06
Saved new best model to /tmp/bow_mlp_imdb_nr_f7hlg.pt
Epoch 118/301 | train_loss=5.7115 train_acc=84.47% | val_loss=0.5089 val_acc=83.60% | lr=3.000000e-06
Saved new best model to /tmp/bow_mlp_imdb_nr_f7hlg.pt
Epoch 119/301 | train_loss=5.6869 train_acc=84.56% | val_loss=0.5072 val_acc=83.58% | lr=3.000000e-06
Epoch 120/301 | train_loss=5.6634 train_acc=84.62% | val_loss=0.5055 val_acc=83.74% | lr=3.000000e-06
Saved new best model to /tmp/bow_mlp_imdb_nr_f7hlg.pt
Epoch 121/301 | train_loss=5.6391 train_acc=84.69% | val_loss=0.5039 val_acc=83.70% | lr=3.000000e-06
Epoch 122/301 | train_loss=5.6157 train_acc=84.75% | val_loss=0.5023 val_acc=83.76% | lr=3.000000e-06
Saved new best model to /tmp/bow_mlp_imdb_nr_f7hlg.pt
Epoch 123/301 | train_loss=5.5916 train_acc=84.85% | val_loss=0.5007 val_acc=83.84% | lr=3.000000e-06
Saved new best model to /tmp/bow_mlp_imdb_nr_f7hlg.pt
Epoch 124/301 | train_loss=5.5696 train_acc=84.90% | val_loss=0.4990 val_acc=83.86% | lr=3.000000e-06
Saved new best model to /tmp/bow_mlp_imdb_nr_f7hlg.pt
Epoch 125/301 | train_loss=5.5464 train_acc=84.91% | val_loss=0.4974 val_acc=83.82% | lr=3.000000e-06
Epoch 126/301 | train_loss=5.5231 train_acc=84.95% | val_loss=0.4958 val_acc=83.86% | lr=3.000000e-06
Epoch 127/301 | train_loss=5.5012 train_acc=84.95% | val_loss=0.4942 val_acc=83.92% | lr=3.000000e-06
Saved new best model to /tmp/bow_mlp_imdb_nr_f7hlg.pt
Epoch 128/301 | train_loss=5.4795 train_acc=85.06% | val_loss=0.4927 val_acc=84.00% | lr=3.000000e-06
Saved new best model to /tmp/bow_mlp_imdb_nr_f7hlg.pt
Epoch 129/301 | train_loss=5.4573 train_acc=85.07% | val_loss=0.4911 val_acc=84.10% | lr=3.000000e-06
Saved new best model to /tmp/bow_mlp_imdb_nr_f7hlg.pt
Epoch 130/301 | train_loss=5.4353 train_acc=85.16% | val_loss=0.4895 val_acc=84.20% | lr=3.000000e-06
Saved new best model to /tmp/bow_mlp_imdb_nr_f7hlg.pt
Epoch 131/301 | train_loss=5.4144 train_acc=85.23% | val_loss=0.4880 val_acc=84.22% | lr=3.000000e-06
Saved new best model to /tmp/bow_mlp_imdb_nr_f7hlg.pt
Epoch 132/301 | train_loss=5.3929 train_acc=85.24% | val_loss=0.4865 val_acc=84.26% | lr=3.000000e-06
Saved new best model to /tmp/bow_mlp_imdb_nr_f7hlg.pt
Epoch 133/301 | train_loss=5.3723 train_acc=85.36% | val_loss=0.4849 val_acc=84.24% | lr=3.000000e-06
Epoch 134/301 | train_loss=5.3520 train_acc=85.42% | val_loss=0.4834 val_acc=84.48% | lr=3.000000e-06
Saved new best model to /tmp/bow_mlp_imdb_nr_f7hlg.pt
Epoch 135/301 | train_loss=5.3314 train_acc=85.45% | val_loss=0.4819 val_acc=84.44% | lr=3.000000e-06
Epoch 136/301 | train_loss=5.3118 train_acc=85.53% | val_loss=0.4803 val_acc=84.54% | lr=3.000000e-06
Saved new best model to /tmp/bow_mlp_imdb_nr_f7hlg.pt
Epoch 137/301 | train_loss=5.2917 train_acc=85.57% | val_loss=0.4788 val_acc=84.40% | lr=3.000000e-06
Epoch 138/301 | train_loss=5.2726 train_acc=85.69% | val_loss=0.4774 val_acc=84.56% | lr=3.000000e-06
Saved new best model to /tmp/bow_mlp_imdb_nr_f7hlg.pt
Epoch 139/301 | train_loss=5.2533 train_acc=85.73% | val_loss=0.4759 val_acc=84.52% | lr=3.000000e-06
Epoch 140/301 | train_loss=5.2335 train_acc=85.76% | val_loss=0.4743 val_acc=84.68% | lr=3.000000e-06
Saved new best model to /tmp/bow_mlp_imdb_nr_f7hlg.pt
Epoch 141/301 | train_loss=5.2140 train_acc=85.83% | val_loss=0.4728 val_acc=84.68% | lr=3.000000e-06
Epoch 142/301 | train_loss=5.1947 train_acc=85.89% | val_loss=0.4714 val_acc=84.76% | lr=3.000000e-06
Saved new best model to /tmp/bow_mlp_imdb_nr_f7hlg.pt
Epoch 143/301 | train_loss=5.1759 train_acc=85.97% | val_loss=0.4699 val_acc=84.74% | lr=3.000000e-06
Epoch 144/301 | train_loss=5.1578 train_acc=85.97% | val_loss=0.4684 val_acc=84.98% | lr=3.000000e-06
Saved new best model to /tmp/bow_mlp_imdb_nr_f7hlg.pt
Epoch 145/301 | train_loss=5.1398 train_acc=85.99% | val_loss=0.4671 val_acc=84.94% | lr=3.000000e-06
Epoch 146/301 | train_loss=5.1212 train_acc=86.10% | val_loss=0.4656 val_acc=84.90% | lr=3.000000e-06
Epoch 147/301 | train_loss=5.1035 train_acc=86.07% | val_loss=0.4642 val_acc=85.08% | lr=3.000000e-06
Saved new best model to /tmp/bow_mlp_imdb_nr_f7hlg.pt
Epoch 148/301 | train_loss=5.0865 train_acc=86.13% | val_loss=0.4628 val_acc=85.12% | lr=3.000000e-06
Saved new best model to /tmp/bow_mlp_imdb_nr_f7hlg.pt
Epoch 149/301 | train_loss=5.0689 train_acc=86.22% | val_loss=0.4613 val_acc=85.14% | lr=3.000000e-06
Saved new best model to /tmp/bow_mlp_imdb_nr_f7hlg.pt
Epoch 150/301 | train_loss=5.0515 train_acc=86.26% | val_loss=0.4599 val_acc=85.20% | lr=3.000000e-06
Saved new best model to /tmp/bow_mlp_imdb_nr_f7hlg.pt
Epoch 151/301 | train_loss=5.0336 train_acc=86.31% | val_loss=0.4585 val_acc=85.22% | lr=3.000000e-06
Saved new best model to /tmp/bow_mlp_imdb_nr_f7hlg.pt
Epoch 152/301 | train_loss=5.0172 train_acc=86.29% | val_loss=0.4571 val_acc=85.38% | lr=3.000000e-06
Saved new best model to /tmp/bow_mlp_imdb_nr_f7hlg.pt
Epoch 153/301 | train_loss=5.0000 train_acc=86.40% | val_loss=0.4557 val_acc=85.42% | lr=3.000000e-06
Saved new best model to /tmp/bow_mlp_imdb_nr_f7hlg.pt
Epoch 154/301 | train_loss=4.9828 train_acc=86.45% | val_loss=0.4544 val_acc=85.52% | lr=3.000000e-06
Saved new best model to /tmp/bow_mlp_imdb_nr_f7hlg.pt
Epoch 155/301 | train_loss=4.9665 train_acc=86.50% | val_loss=0.4530 val_acc=85.54% | lr=3.000000e-06
Saved new best model to /tmp/bow_mlp_imdb_nr_f7hlg.pt
Epoch 156/301 | train_loss=4.9496 train_acc=86.56% | val_loss=0.4517 val_acc=85.56% | lr=3.000000e-06
Saved new best model to /tmp/bow_mlp_imdb_nr_f7hlg.pt
Epoch 157/301 | train_loss=4.9334 train_acc=86.63% | val_loss=0.4503 val_acc=85.62% | lr=3.000000e-06
Saved new best model to /tmp/bow_mlp_imdb_nr_f7hlg.pt
Epoch 158/301 | train_loss=4.9175 train_acc=86.65% | val_loss=0.4489 val_acc=85.66% | lr=3.000000e-06
Saved new best model to /tmp/bow_mlp_imdb_nr_f7hlg.pt
Epoch 159/301 | train_loss=4.9016 train_acc=86.67% | val_loss=0.4476 val_acc=85.54% | lr=3.000000e-06
Epoch 160/301 | train_loss=4.8857 train_acc=86.66% | val_loss=0.4463 val_acc=85.66% | lr=3.000000e-06
Epoch 161/301 | train_loss=4.8697 train_acc=86.75% | val_loss=0.4449 val_acc=85.70% | lr=3.000000e-06
Saved new best model to /tmp/bow_mlp_imdb_nr_f7hlg.pt
Epoch 162/301 | train_loss=4.8547 train_acc=86.77% | val_loss=0.4436 val_acc=85.68% | lr=3.000000e-06
Epoch 163/301 | train_loss=4.8395 train_acc=86.84% | val_loss=0.4423 val_acc=85.68% | lr=3.000000e-06
Epoch 164/301 | train_loss=4.8241 train_acc=86.96% | val_loss=0.4410 val_acc=85.70% | lr=3.000000e-06
Epoch 165/301 | train_loss=4.8086 train_acc=86.97% | val_loss=0.4397 val_acc=85.72% | lr=3.000000e-06
Saved new best model to /tmp/bow_mlp_imdb_nr_f7hlg.pt
Epoch 166/301 | train_loss=4.7938 train_acc=87.07% | val_loss=0.4384 val_acc=85.72% | lr=3.000000e-06
Epoch 167/301 | train_loss=4.7798 train_acc=87.06% | val_loss=0.4372 val_acc=85.82% | lr=3.000000e-06
Saved new best model to /tmp/bow_mlp_imdb_nr_f7hlg.pt
Epoch 168/301 | train_loss=4.7648 train_acc=87.12% | val_loss=0.4360 val_acc=85.88% | lr=3.000000e-06
Saved new best model to /tmp/bow_mlp_imdb_nr_f7hlg.pt
Epoch 169/301 | train_loss=4.7500 train_acc=87.16% | val_loss=0.4347 val_acc=85.88% | lr=3.000000e-06
Epoch 170/301 | train_loss=4.7355 train_acc=87.21% | val_loss=0.4334 val_acc=85.84% | lr=3.000000e-06
Epoch 171/301 | train_loss=4.7216 train_acc=87.24% | val_loss=0.4321 val_acc=85.86% | lr=3.000000e-06
Epoch 172/301 | train_loss=4.7070 train_acc=87.26% | val_loss=0.4309 val_acc=85.92% | lr=3.000000e-06
Saved new best model to /tmp/bow_mlp_imdb_nr_f7hlg.pt
Epoch 173/301 | train_loss=4.6940 train_acc=87.31% | val_loss=0.4297 val_acc=85.92% | lr=3.000000e-06
Epoch 174/301 | train_loss=4.6797 train_acc=87.37% | val_loss=0.4284 val_acc=85.90% | lr=3.000000e-06
Epoch 175/301 | train_loss=4.6659 train_acc=87.37% | val_loss=0.4272 val_acc=85.96% | lr=3.000000e-06
Saved new best model to /tmp/bow_mlp_imdb_nr_f7hlg.pt
Epoch 176/301 | train_loss=4.6527 train_acc=87.43% | val_loss=0.4261 val_acc=85.96% | lr=3.000000e-06
Epoch 177/301 | train_loss=4.6392 train_acc=87.50% | val_loss=0.4249 val_acc=86.06% | lr=3.000000e-06
Saved new best model to /tmp/bow_mlp_imdb_nr_f7hlg.pt
Epoch 178/301 | train_loss=4.6253 train_acc=87.55% | val_loss=0.4237 val_acc=86.06% | lr=3.000000e-06
Epoch 179/301 | train_loss=4.6121 train_acc=87.53% | val_loss=0.4226 val_acc=86.04% | lr=3.000000e-06
Epoch 180/301 | train_loss=4.5994 train_acc=87.56% | val_loss=0.4213 val_acc=86.04% | lr=3.000000e-06
Epoch 181/301 | train_loss=4.5861 train_acc=87.64% | val_loss=0.4202 val_acc=86.14% | lr=3.000000e-06
Saved new best model to /tmp/bow_mlp_imdb_nr_f7hlg.pt
Epoch 182/301 | train_loss=4.5731 train_acc=87.63% | val_loss=0.4190 val_acc=86.14% | lr=3.000000e-06
Epoch 183/301 | train_loss=4.5607 train_acc=87.72% | val_loss=0.4179 val_acc=86.18% | lr=3.000000e-06
Saved new best model to /tmp/bow_mlp_imdb_nr_f7hlg.pt
Epoch 184/301 | train_loss=4.5482 train_acc=87.74% | val_loss=0.4167 val_acc=86.20% | lr=3.000000e-06
Saved new best model to /tmp/bow_mlp_imdb_nr_f7hlg.pt
Epoch 185/301 | train_loss=4.5355 train_acc=87.81% | val_loss=0.4157 val_acc=86.22% | lr=3.000000e-06
Saved new best model to /tmp/bow_mlp_imdb_nr_f7hlg.pt
Epoch 186/301 | train_loss=4.5235 train_acc=87.84% | val_loss=0.4146 val_acc=86.28% | lr=3.000000e-06
Saved new best model to /tmp/bow_mlp_imdb_nr_f7hlg.pt
Epoch 187/301 | train_loss=4.5104 train_acc=87.89% | val_loss=0.4134 val_acc=86.30% | lr=3.000000e-06
Saved new best model to /tmp/bow_mlp_imdb_nr_f7hlg.pt
Epoch 188/301 | train_loss=4.4987 train_acc=87.94% | val_loss=0.4123 val_acc=86.34% | lr=3.000000e-06
Saved new best model to /tmp/bow_mlp_imdb_nr_f7hlg.pt
Epoch 189/301 | train_loss=4.4867 train_acc=87.95% | val_loss=0.4112 val_acc=86.36% | lr=3.000000e-06
Saved new best model to /tmp/bow_mlp_imdb_nr_f7hlg.pt
Epoch 190/301 | train_loss=4.4744 train_acc=88.03% | val_loss=0.4102 val_acc=86.40% | lr=3.000000e-06
Saved new best model to /tmp/bow_mlp_imdb_nr_f7hlg.pt
Epoch 191/301 | train_loss=4.4621 train_acc=88.02% | val_loss=0.4090 val_acc=86.42% | lr=3.000000e-06
Saved new best model to /tmp/bow_mlp_imdb_nr_f7hlg.pt
Epoch 192/301 | train_loss=4.4504 train_acc=88.09% | val_loss=0.4080 val_acc=86.52% | lr=3.000000e-06
Saved new best model to /tmp/bow_mlp_imdb_nr_f7hlg.pt
Epoch 193/301 | train_loss=4.4386 train_acc=88.08% | val_loss=0.4070 val_acc=86.54% | lr=3.000000e-06
Saved new best model to /tmp/bow_mlp_imdb_nr_f7hlg.pt
Epoch 194/301 | train_loss=4.4269 train_acc=88.14% | val_loss=0.4058 val_acc=86.54% | lr=3.000000e-06
Epoch 195/301 | train_loss=4.4155 train_acc=88.24% | val_loss=0.4048 val_acc=86.54% | lr=3.000000e-06
Epoch 196/301 | train_loss=4.4039 train_acc=88.29% | val_loss=0.4038 val_acc=86.62% | lr=3.000000e-06
Saved new best model to /tmp/bow_mlp_imdb_nr_f7hlg.pt
Epoch 197/301 | train_loss=4.3925 train_acc=88.25% | val_loss=0.4028 val_acc=86.62% | lr=3.000000e-06
Epoch 198/301 | train_loss=4.3810 train_acc=88.28% | val_loss=0.4017 val_acc=86.68% | lr=3.000000e-06
Saved new best model to /tmp/bow_mlp_imdb_nr_f7hlg.pt
Epoch 199/301 | train_loss=4.3698 train_acc=88.30% | val_loss=0.4007 val_acc=86.64% | lr=3.000000e-06
Epoch 200/301 | train_loss=4.3586 train_acc=88.44% | val_loss=0.3997 val_acc=86.72% | lr=3.000000e-06
Saved new best model to /tmp/bow_mlp_imdb_nr_f7hlg.pt
Epoch 201/301 | train_loss=4.3478 train_acc=88.44% | val_loss=0.3987 val_acc=86.74% | lr=3.000000e-06
Saved new best model to /tmp/bow_mlp_imdb_nr_f7hlg.pt
Epoch 202/301 | train_loss=4.3366 train_acc=88.42% | val_loss=0.3977 val_acc=86.64% | lr=3.000000e-06
Epoch 203/301 | train_loss=4.3260 train_acc=88.61% | val_loss=0.3967 val_acc=86.76% | lr=3.000000e-06
Saved new best model to /tmp/bow_mlp_imdb_nr_f7hlg.pt
Epoch 204/301 | train_loss=4.3153 train_acc=88.64% | val_loss=0.3958 val_acc=86.78% | lr=3.000000e-06
Saved new best model to /tmp/bow_mlp_imdb_nr_f7hlg.pt
Epoch 205/301 | train_loss=4.3043 train_acc=88.66% | val_loss=0.3948 val_acc=86.80% | lr=3.000000e-06
Saved new best model to /tmp/bow_mlp_imdb_nr_f7hlg.pt
Epoch 206/301 | train_loss=4.2935 train_acc=88.70% | val_loss=0.3938 val_acc=86.80% | lr=3.000000e-06
Epoch 207/301 | train_loss=4.2830 train_acc=88.73% | val_loss=0.3928 val_acc=86.78% | lr=3.000000e-06
Epoch 208/301 | train_loss=4.2725 train_acc=88.74% | val_loss=0.3919 val_acc=86.76% | lr=3.000000e-06
Epoch 209/301 | train_loss=4.2622 train_acc=88.76% | val_loss=0.3910 val_acc=86.94% | lr=3.000000e-06
Saved new best model to /tmp/bow_mlp_imdb_nr_f7hlg.pt
Epoch 210/301 | train_loss=4.2516 train_acc=88.83% | val_loss=0.3901 val_acc=86.90% | lr=3.000000e-06
Epoch 211/301 | train_loss=4.2418 train_acc=88.83% | val_loss=0.3891 val_acc=86.88% | lr=3.000000e-06
Epoch 212/301 | train_loss=4.2313 train_acc=88.89% | val_loss=0.3882 val_acc=86.88% | lr=3.000000e-06
Epoch 213/301 | train_loss=4.2218 train_acc=88.94% | val_loss=0.3873 val_acc=86.90% | lr=3.000000e-06
Epoch 214/301 | train_loss=4.2117 train_acc=88.94% | val_loss=0.3865 val_acc=87.00% | lr=3.000000e-06
Saved new best model to /tmp/bow_mlp_imdb_nr_f7hlg.pt
Epoch 215/301 | train_loss=4.2015 train_acc=89.00% | val_loss=0.3856 val_acc=87.00% | lr=3.000000e-06
Epoch 216/301 | train_loss=4.1923 train_acc=89.01% | val_loss=0.3846 val_acc=87.02% | lr=3.000000e-06
Saved new best model to /tmp/bow_mlp_imdb_nr_f7hlg.pt
Epoch 217/301 | train_loss=4.1824 train_acc=89.04% | val_loss=0.3837 val_acc=87.04% | lr=3.000000e-06
Saved new best model to /tmp/bow_mlp_imdb_nr_f7hlg.pt
Epoch 218/301 | train_loss=4.1723 train_acc=89.07% | val_loss=0.3828 val_acc=87.04% | lr=3.000000e-06
Epoch 219/301 | train_loss=4.1627 train_acc=89.09% | val_loss=0.3820 val_acc=87.10% | lr=3.000000e-06
Saved new best model to /tmp/bow_mlp_imdb_nr_f7hlg.pt
Epoch 220/301 | train_loss=4.1531 train_acc=89.13% | val_loss=0.3811 val_acc=87.04% | lr=3.000000e-06
Epoch 221/301 | train_loss=4.1431 train_acc=89.11% | val_loss=0.3803 val_acc=87.12% | lr=3.000000e-06
Saved new best model to /tmp/bow_mlp_imdb_nr_f7hlg.pt
Epoch 222/301 | train_loss=4.1345 train_acc=89.20% | val_loss=0.3794 val_acc=87.16% | lr=3.000000e-06
Saved new best model to /tmp/bow_mlp_imdb_nr_f7hlg.pt
Epoch 223/301 | train_loss=4.1253 train_acc=89.19% | val_loss=0.3786 val_acc=87.20% | lr=3.000000e-06
Saved new best model to /tmp/bow_mlp_imdb_nr_f7hlg.pt
Epoch 224/301 | train_loss=4.1159 train_acc=89.24% | val_loss=0.3777 val_acc=87.12% | lr=3.000000e-06
Epoch 225/301 | train_loss=4.1070 train_acc=89.22% | val_loss=0.3770 val_acc=87.26% | lr=3.000000e-06
Saved new best model to /tmp/bow_mlp_imdb_nr_f7hlg.pt
Epoch 226/301 | train_loss=4.0976 train_acc=89.31% | val_loss=0.3761 val_acc=87.28% | lr=3.000000e-06
Saved new best model to /tmp/bow_mlp_imdb_nr_f7hlg.pt
Epoch 227/301 | train_loss=4.0888 train_acc=89.30% | val_loss=0.3753 val_acc=87.30% | lr=3.000000e-06
Saved new best model to /tmp/bow_mlp_imdb_nr_f7hlg.pt
Epoch 228/301 | train_loss=4.0798 train_acc=89.38% | val_loss=0.3746 val_acc=87.36% | lr=3.000000e-06
Saved new best model to /tmp/bow_mlp_imdb_nr_f7hlg.pt
Epoch 229/301 | train_loss=4.0708 train_acc=89.44% | val_loss=0.3738 val_acc=87.32% | lr=3.000000e-06
Epoch 230/301 | train_loss=4.0620 train_acc=89.41% | val_loss=0.3729 val_acc=87.22% | lr=3.000000e-06
Epoch 231/301 | train_loss=4.0533 train_acc=89.49% | val_loss=0.3721 val_acc=87.24% | lr=3.000000e-06
Epoch 232/301 | train_loss=4.0441 train_acc=89.46% | val_loss=0.3713 val_acc=87.22% | lr=3.000000e-06
Epoch 233/301 | train_loss=4.0356 train_acc=89.53% | val_loss=0.3707 val_acc=87.42% | lr=3.000000e-06
Saved new best model to /tmp/bow_mlp_imdb_nr_f7hlg.pt
Epoch 234/301 | train_loss=4.0267 train_acc=89.55% | val_loss=0.3699 val_acc=87.34% | lr=3.000000e-06
Epoch 235/301 | train_loss=4.0177 train_acc=89.59% | val_loss=0.3690 val_acc=87.34% | lr=3.000000e-06
Epoch 236/301 | train_loss=4.0090 train_acc=89.59% | val_loss=0.3683 val_acc=87.38% | lr=3.000000e-06
Epoch 237/301 | train_loss=4.0002 train_acc=89.59% | val_loss=0.3676 val_acc=87.46% | lr=3.000000e-06
Saved new best model to /tmp/bow_mlp_imdb_nr_f7hlg.pt
Epoch 238/301 | train_loss=3.9924 train_acc=89.70% | val_loss=0.3667 val_acc=87.40% | lr=3.000000e-06
Epoch 239/301 | train_loss=3.9841 train_acc=89.64% | val_loss=0.3661 val_acc=87.52% | lr=3.000000e-06
Saved new best model to /tmp/bow_mlp_imdb_nr_f7hlg.pt
Epoch 240/301 | train_loss=3.9755 train_acc=89.69% | val_loss=0.3653 val_acc=87.42% | lr=3.000000e-06
Epoch 241/301 | train_loss=3.9673 train_acc=89.73% | val_loss=0.3645 val_acc=87.44% | lr=3.000000e-06
Epoch 242/301 | train_loss=3.9593 train_acc=89.75% | val_loss=0.3638 val_acc=87.40% | lr=3.000000e-06
Epoch 243/301 | train_loss=3.9510 train_acc=89.77% | val_loss=0.3631 val_acc=87.56% | lr=3.000000e-06
Saved new best model to /tmp/bow_mlp_imdb_nr_f7hlg.pt
Epoch 244/301 | train_loss=3.9430 train_acc=89.76% | val_loss=0.3624 val_acc=87.54% | lr=3.000000e-06
Epoch 245/301 | train_loss=3.9344 train_acc=89.83% | val_loss=0.3617 val_acc=87.44% | lr=3.000000e-06
Epoch 246/301 | train_loss=3.9262 train_acc=89.80% | val_loss=0.3611 val_acc=87.60% | lr=3.000000e-06
Saved new best model to /tmp/bow_mlp_imdb_nr_f7hlg.pt
Epoch 247/301 | train_loss=3.9185 train_acc=89.85% | val_loss=0.3603 val_acc=87.52% | lr=3.000000e-06
Epoch 248/301 | train_loss=3.9106 train_acc=89.88% | val_loss=0.3596 val_acc=87.60% | lr=3.000000e-06
Epoch 249/301 | train_loss=3.9028 train_acc=89.90% | val_loss=0.3589 val_acc=87.56% | lr=3.000000e-06
Epoch 250/301 | train_loss=3.8948 train_acc=89.89% | val_loss=0.3582 val_acc=87.56% | lr=3.000000e-06
Epoch 251/301 | train_loss=3.8871 train_acc=89.97% | val_loss=0.3576 val_acc=87.70% | lr=3.000000e-06
Saved new best model to /tmp/bow_mlp_imdb_nr_f7hlg.pt
Epoch 252/301 | train_loss=3.8791 train_acc=89.94% | val_loss=0.3569 val_acc=87.72% | lr=3.000000e-06
Saved new best model to /tmp/bow_mlp_imdb_nr_f7hlg.pt
Epoch 253/301 | train_loss=3.8711 train_acc=89.96% | val_loss=0.3562 val_acc=87.74% | lr=3.000000e-06
Saved new best model to /tmp/bow_mlp_imdb_nr_f7hlg.pt
Epoch 254/301 | train_loss=3.8635 train_acc=89.97% | val_loss=0.3556 val_acc=87.70% | lr=3.000000e-06
Epoch 255/301 | train_loss=3.8557 train_acc=90.00% | val_loss=0.3549 val_acc=87.74% | lr=3.000000e-06
Epoch 256/301 | train_loss=3.8479 train_acc=90.02% | val_loss=0.3542 val_acc=87.74% | lr=3.000000e-06
Epoch 257/301 | train_loss=3.8405 train_acc=90.05% | val_loss=0.3537 val_acc=87.82% | lr=3.000000e-06
Saved new best model to /tmp/bow_mlp_imdb_nr_f7hlg.pt
Epoch 258/301 | train_loss=3.8328 train_acc=90.06% | val_loss=0.3530 val_acc=87.76% | lr=3.000000e-06
Epoch 259/301 | train_loss=3.8258 train_acc=90.11% | val_loss=0.3523 val_acc=87.78% | lr=3.000000e-06
Epoch 260/301 | train_loss=3.8185 train_acc=90.11% | val_loss=0.3517 val_acc=87.78% | lr=3.000000e-06
Epoch 261/301 | train_loss=3.8108 train_acc=90.14% | val_loss=0.3511 val_acc=87.76% | lr=3.000000e-06
Epoch 262/301 | train_loss=3.8035 train_acc=90.19% | val_loss=0.3505 val_acc=87.84% | lr=3.000000e-06
Saved new best model to /tmp/bow_mlp_imdb_nr_f7hlg.pt
Epoch 263/301 | train_loss=3.7955 train_acc=90.22% | val_loss=0.3499 val_acc=87.88% | lr=3.000000e-06
Saved new best model to /tmp/bow_mlp_imdb_nr_f7hlg.pt
Epoch 264/301 | train_loss=3.7886 train_acc=90.23% | val_loss=0.3493 val_acc=87.90% | lr=3.000000e-06
Saved new best model to /tmp/bow_mlp_imdb_nr_f7hlg.pt
Epoch 265/301 | train_loss=3.7816 train_acc=90.25% | val_loss=0.3488 val_acc=87.90% | lr=3.000000e-06
Epoch 266/301 | train_loss=3.7747 train_acc=90.29% | val_loss=0.3481 val_acc=87.92% | lr=3.000000e-06
Saved new best model to /tmp/bow_mlp_imdb_nr_f7hlg.pt
Epoch 267/301 | train_loss=3.7677 train_acc=90.35% | val_loss=0.3475 val_acc=87.92% | lr=3.000000e-06
Epoch 268/301 | train_loss=3.7601 train_acc=90.36% | val_loss=0.3470 val_acc=87.90% | lr=3.000000e-06
Epoch 269/301 | train_loss=3.7531 train_acc=90.41% | val_loss=0.3463 val_acc=88.02% | lr=3.000000e-06
Saved new best model to /tmp/bow_mlp_imdb_nr_f7hlg.pt
Epoch 270/301 | train_loss=3.7458 train_acc=90.39% | val_loss=0.3457 val_acc=87.86% | lr=3.000000e-06
Epoch 271/301 | train_loss=3.7391 train_acc=90.44% | val_loss=0.3452 val_acc=87.98% | lr=3.000000e-06
Epoch 272/301 | train_loss=3.7320 train_acc=90.45% | val_loss=0.3446 val_acc=88.02% | lr=3.000000e-06
Epoch 273/301 | train_loss=3.7254 train_acc=90.52% | val_loss=0.3441 val_acc=88.02% | lr=3.000000e-06
Epoch 274/301 | train_loss=3.7185 train_acc=90.53% | val_loss=0.3435 val_acc=88.02% | lr=3.000000e-06
Epoch 275/301 | train_loss=3.7114 train_acc=90.56% | val_loss=0.3429 val_acc=88.04% | lr=3.000000e-06
Saved new best model to /tmp/bow_mlp_imdb_nr_f7hlg.pt
Epoch 276/301 | train_loss=3.7044 train_acc=90.60% | val_loss=0.3425 val_acc=88.06% | lr=3.000000e-06
Saved new best model to /tmp/bow_mlp_imdb_nr_f7hlg.pt
Epoch 277/301 | train_loss=3.6975 train_acc=90.61% | val_loss=0.3419 val_acc=88.08% | lr=3.000000e-06
Saved new best model to /tmp/bow_mlp_imdb_nr_f7hlg.pt
Epoch 278/301 | train_loss=3.6906 train_acc=90.62% | val_loss=0.3413 val_acc=88.06% | lr=3.000000e-06
Epoch 279/301 | train_loss=3.6837 train_acc=90.67% | val_loss=0.3408 val_acc=88.08% | lr=3.000000e-06
Epoch 280/301 | train_loss=3.6772 train_acc=90.67% | val_loss=0.3402 val_acc=88.06% | lr=3.000000e-06
Epoch 281/301 | train_loss=3.6704 train_acc=90.71% | val_loss=0.3397 val_acc=88.16% | lr=3.000000e-06
Saved new best model to /tmp/bow_mlp_imdb_nr_f7hlg.pt
Epoch 282/301 | train_loss=3.6637 train_acc=90.79% | val_loss=0.3392 val_acc=88.12% | lr=3.000000e-06
Epoch 283/301 | train_loss=3.6570 train_acc=90.81% | val_loss=0.3388 val_acc=88.06% | lr=3.000000e-06
Epoch 284/301 | train_loss=3.6508 train_acc=90.83% | val_loss=0.3381 val_acc=88.10% | lr=3.000000e-06
Epoch 285/301 | train_loss=3.6444 train_acc=90.85% | val_loss=0.3376 val_acc=87.96% | lr=3.000000e-06
Epoch 286/301 | train_loss=3.6378 train_acc=90.88% | val_loss=0.3371 val_acc=88.14% | lr=3.000000e-06
Epoch 287/301 | train_loss=3.6312 train_acc=90.92% | val_loss=0.3367 val_acc=88.16% | lr=3.000000e-06
Epoch 288/301 | train_loss=3.6245 train_acc=90.98% | val_loss=0.3361 val_acc=88.12% | lr=3.000000e-06
Epoch 289/301 | train_loss=3.6185 train_acc=90.98% | val_loss=0.3356 val_acc=88.10% | lr=3.000000e-06
Epoch 290/301 | train_loss=3.6120 train_acc=91.03% | val_loss=0.3351 val_acc=88.08% | lr=3.000000e-06
Epoch 291/301 | train_loss=3.6053 train_acc=91.02% | val_loss=0.3347 val_acc=88.14% | lr=3.000000e-06
Epoch 292/301 | train_loss=3.5987 train_acc=91.10% | val_loss=0.3341 val_acc=88.16% | lr=3.000000e-06
Epoch 293/301 | train_loss=3.5923 train_acc=91.07% | val_loss=0.3339 val_acc=88.24% | lr=3.000000e-06
Saved new best model to /tmp/bow_mlp_imdb_nr_f7hlg.pt
Epoch 294/301 | train_loss=3.5861 train_acc=91.14% | val_loss=0.3331 val_acc=88.20% | lr=3.000000e-06
Epoch 295/301 | train_loss=3.5798 train_acc=91.13% | val_loss=0.3327 val_acc=88.20% | lr=3.000000e-06
Epoch 296/301 | train_loss=3.5736 train_acc=91.18% | val_loss=0.3322 val_acc=88.22% | lr=3.000000e-06
Epoch 297/301 | train_loss=3.5675 train_acc=91.12% | val_loss=0.3317 val_acc=88.24% | lr=3.000000e-06
Epoch 298/301 | train_loss=3.5612 train_acc=91.17% | val_loss=0.3314 val_acc=88.20% | lr=3.000000e-06
Epoch 299/301 | train_loss=3.5548 train_acc=91.19% | val_loss=0.3309 val_acc=88.30% | lr=3.000000e-06
Saved new best model to /tmp/bow_mlp_imdb_nr_f7hlg.pt
Epoch 300/301 | train_loss=3.5485 train_acc=91.23% | val_loss=0.3303 val_acc=88.28% | lr=3.000000e-06
Epoch 301/301 | train_loss=3.5421 train_acc=91.23% | val_loss=0.3299 val_acc=88.30% | lr=3.000000e-06
Epoch 302/301 | train_loss=3.5362 train_acc=91.25% | val_loss=0.3294 val_acc=88.38% | lr=3.000000e-06
Saved new best model to /tmp/bow_mlp_imdb_nr_f7hlg.pt
Epoch 303/301 | train_loss=3.5299 train_acc=91.27% | val_loss=0.3292 val_acc=88.22% | lr=3.000000e-06
Epoch 304/301 | train_loss=3.5239 train_acc=91.31% | val_loss=0.3286 val_acc=88.34% | lr=3.000000e-06
Epoch 305/301 | train_loss=3.5179 train_acc=91.31% | val_loss=0.3281 val_acc=88.38% | lr=3.000000e-06
Epoch 306/301 | train_loss=3.5119 train_acc=91.35% | val_loss=0.3277 val_acc=88.38% | lr=3.000000e-06
Epoch 307/301 | train_loss=3.5061 train_acc=91.36% | val_loss=0.3273 val_acc=88.36% | lr=3.000000e-06
Epoch 308/301 | train_loss=3.4997 train_acc=91.39% | val_loss=0.3269 val_acc=88.40% | lr=3.000000e-06
Saved new best model to /tmp/bow_mlp_imdb_nr_f7hlg.pt
Epoch 309/301 | train_loss=3.4937 train_acc=91.42% | val_loss=0.3264 val_acc=88.38% | lr=3.000000e-06
Epoch 310/301 | train_loss=3.4876 train_acc=91.44% | val_loss=0.3261 val_acc=88.30% | lr=3.000000e-06
Epoch 311/301 | train_loss=3.4821 train_acc=91.44% | val_loss=0.3256 val_acc=88.36% | lr=3.000000e-06
Epoch 312/301 | train_loss=3.4759 train_acc=91.47% | val_loss=0.3251 val_acc=88.36% | lr=3.000000e-06
Epoch 313/301 | train_loss=3.4703 train_acc=91.48% | val_loss=0.3248 val_acc=88.36% | lr=3.000000e-06
Epoch 314/301 | train_loss=3.4641 train_acc=91.55% | val_loss=0.3243 val_acc=88.34% | lr=3.000000e-06
Epoch 315/301 | train_loss=3.4580 train_acc=91.56% | val_loss=0.3239 val_acc=88.32% | lr=3.000000e-06
Epoch 316/301 | train_loss=3.4523 train_acc=91.55% | val_loss=0.3235 val_acc=88.38% | lr=3.000000e-06
Epoch 317/301 | train_loss=3.4467 train_acc=91.57% | val_loss=0.3231 val_acc=88.38% | lr=3.000000e-06
Epoch 318/301 | train_loss=3.4411 train_acc=91.58% | val_loss=0.3226 val_acc=88.38% | lr=3.000000e-06
Epoch 319/301 | train_loss=3.4353 train_acc=91.62% | val_loss=0.3223 val_acc=88.40% | lr=3.000000e-06
Epoch 320/301 | train_loss=3.4292 train_acc=91.69% | val_loss=0.3219 val_acc=88.36% | lr=3.000000e-06
Epoch 321/301 | train_loss=3.4239 train_acc=91.70% | val_loss=0.3215 val_acc=88.36% | lr=3.000000e-06
Epoch 322/301 | train_loss=3.4181 train_acc=91.70% | val_loss=0.3211 val_acc=88.36% | lr=3.000000e-06
Epoch 323/301 | train_loss=3.4123 train_acc=91.77% | val_loss=0.3207 val_acc=88.38% | lr=3.000000e-06
Epoch 324/301 | train_loss=3.4065 train_acc=91.73% | val_loss=0.3204 val_acc=88.36% | lr=3.000000e-06
Epoch 325/301 | train_loss=3.4011 train_acc=91.77% | val_loss=0.3200 val_acc=88.38% | lr=3.000000e-06
Epoch 326/301 | train_loss=3.3956 train_acc=91.81% | val_loss=0.3196 val_acc=88.36% | lr=3.000000e-06
Epoch 327/301 | train_loss=3.3898 train_acc=91.81% | val_loss=0.3193 val_acc=88.38% | lr=3.000000e-06
Epoch 328/301 | train_loss=3.3837 train_acc=91.80% | val_loss=0.3189 val_acc=88.32% | lr=3.000000e-06
Epoch 329/301 | train_loss=3.3783 train_acc=91.82% | val_loss=0.3185 val_acc=88.36% | lr=3.000000e-06
Epoch 330/301 | train_loss=3.3727 train_acc=91.85% | val_loss=0.3181 val_acc=88.40% | lr=3.000000e-06
Epoch 331/301 | train_loss=3.3669 train_acc=91.86% | val_loss=0.3177 val_acc=88.32% | lr=3.000000e-06
Epoch 332/301 | train_loss=3.3615 train_acc=91.88% | val_loss=0.3175 val_acc=88.42% | lr=3.000000e-06
Saved new best model to /tmp/bow_mlp_imdb_nr_f7hlg.pt
Epoch 333/301 | train_loss=3.3561 train_acc=91.91% | val_loss=0.3170 val_acc=88.38% | lr=3.000000e-06
Epoch 334/301 | train_loss=3.3505 train_acc=91.93% | val_loss=0.3167 val_acc=88.40% | lr=3.000000e-06
Epoch 335/301 | train_loss=3.3449 train_acc=91.93% | val_loss=0.3165 val_acc=88.38% | lr=3.000000e-06
Epoch 336/301 | train_loss=3.3398 train_acc=91.97% | val_loss=0.3161 val_acc=88.40% | lr=3.000000e-06
Epoch 337/301 | train_loss=3.3343 train_acc=91.92% | val_loss=0.3158 val_acc=88.44% | lr=3.000000e-06
Saved new best model to /tmp/bow_mlp_imdb_nr_f7hlg.pt
Epoch 338/301 | train_loss=3.3288 train_acc=92.05% | val_loss=0.3153 val_acc=88.40% | lr=3.000000e-06
Epoch 339/301 | train_loss=3.3232 train_acc=92.03% | val_loss=0.3150 val_acc=88.38% | lr=3.000000e-06
Epoch 340/301 | train_loss=3.3176 train_acc=92.05% | val_loss=0.3146 val_acc=88.42% | lr=3.000000e-06
Epoch 341/301 | train_loss=3.3121 train_acc=92.08% | val_loss=0.3142 val_acc=88.42% | lr=3.000000e-06
Epoch 342/301 | train_loss=3.3068 train_acc=92.06% | val_loss=0.3140 val_acc=88.54% | lr=3.000000e-06
Saved new best model to /tmp/bow_mlp_imdb_nr_f7hlg.pt
Epoch 343/301 | train_loss=3.3015 train_acc=92.08% | val_loss=0.3137 val_acc=88.50% | lr=3.000000e-06
Epoch 344/301 | train_loss=3.2964 train_acc=92.09% | val_loss=0.3133 val_acc=88.50% | lr=3.000000e-06
Epoch 345/301 | train_loss=3.2910 train_acc=92.14% | val_loss=0.3129 val_acc=88.44% | lr=3.000000e-06
Epoch 346/301 | train_loss=3.2853 train_acc=92.16% | val_loss=0.3126 val_acc=88.46% | lr=3.000000e-06
Epoch 347/301 | train_loss=3.2798 train_acc=92.16% | val_loss=0.3122 val_acc=88.46% | lr=3.000000e-06
Epoch 348/301 | train_loss=3.2744 train_acc=92.17% | val_loss=0.3119 val_acc=88.50% | lr=3.000000e-06
Epoch 349/301 | train_loss=3.2693 train_acc=92.20% | val_loss=0.3116 val_acc=88.52% | lr=3.000000e-06
Epoch 350/301 | train_loss=3.2638 train_acc=92.22% | val_loss=0.3114 val_acc=88.60% | lr=3.000000e-06
Saved new best model to /tmp/bow_mlp_imdb_nr_f7hlg.pt
Epoch 351/301 | train_loss=3.2585 train_acc=92.21% | val_loss=0.3110 val_acc=88.56% | lr=3.000000e-06
Epoch 352/301 | train_loss=3.2534 train_acc=92.25% | val_loss=0.3107 val_acc=88.56% | lr=3.000000e-06
Epoch 353/301 | train_loss=3.2484 train_acc=92.27% | val_loss=0.3105 val_acc=88.56% | lr=3.000000e-06
Epoch 354/301 | train_loss=3.2433 train_acc=92.31% | val_loss=0.3101 val_acc=88.60% | lr=3.000000e-06
Epoch 355/301 | train_loss=3.2378 train_acc=92.28% | val_loss=0.3098 val_acc=88.58% | lr=3.000000e-06
Epoch 356/301 | train_loss=3.2323 train_acc=92.34% | val_loss=0.3095 val_acc=88.60% | lr=3.000000e-06
Epoch 357/301 | train_loss=3.2275 train_acc=92.31% | val_loss=0.3091 val_acc=88.58% | lr=3.000000e-06
Epoch 358/301 | train_loss=3.2221 train_acc=92.36% | val_loss=0.3091 val_acc=88.60% | lr=3.000000e-06
Epoch 359/301 | train_loss=3.2172 train_acc=92.36% | val_loss=0.3087 val_acc=88.64% | lr=3.000000e-06
Saved new best model to /tmp/bow_mlp_imdb_nr_f7hlg.pt
Epoch 360/301 | train_loss=3.2119 train_acc=92.37% | val_loss=0.3083 val_acc=88.60% | lr=3.000000e-06
Epoch 361/301 | train_loss=3.2066 train_acc=92.39% | val_loss=0.3080 val_acc=88.58% | lr=3.000000e-06
Epoch 362/301 | train_loss=3.2013 train_acc=92.44% | val_loss=0.3076 val_acc=88.56% | lr=3.000000e-06
Epoch 363/301 | train_loss=3.1959 train_acc=92.45% | val_loss=0.3074 val_acc=88.58% | lr=3.000000e-06
Epoch 364/301 | train_loss=3.1914 train_acc=92.47% | val_loss=0.3071 val_acc=88.60% | lr=3.000000e-06
Epoch 365/301 | train_loss=3.1864 train_acc=92.46% | val_loss=0.3070 val_acc=88.68% | lr=3.000000e-06
Saved new best model to /tmp/bow_mlp_imdb_nr_f7hlg.pt
Epoch 366/301 | train_loss=3.1815 train_acc=92.48% | val_loss=0.3066 val_acc=88.62% | lr=3.000000e-06
Epoch 367/301 | train_loss=3.1764 train_acc=92.50% | val_loss=0.3063 val_acc=88.62% | lr=3.000000e-06
Epoch 368/301 | train_loss=3.1711 train_acc=92.53% | val_loss=0.3061 val_acc=88.66% | lr=3.000000e-06
Epoch 369/301 | train_loss=3.1657 train_acc=92.50% | val_loss=0.3056 val_acc=88.56% | lr=3.000000e-06
Epoch 370/301 | train_loss=3.1609 train_acc=92.57% | val_loss=0.3055 val_acc=88.68% | lr=3.000000e-06
Epoch 371/301 | train_loss=3.1556 train_acc=92.61% | val_loss=0.3052 val_acc=88.66% | lr=3.000000e-06
Epoch 372/301 | train_loss=3.1508 train_acc=92.64% | val_loss=0.3051 val_acc=88.74% | lr=3.000000e-06
Saved new best model to /tmp/bow_mlp_imdb_nr_f7hlg.pt
Epoch 373/301 | train_loss=3.1458 train_acc=92.62% | val_loss=0.3047 val_acc=88.68% | lr=3.000000e-06
Epoch 374/301 | train_loss=3.1409 train_acc=92.64% | val_loss=0.3044 val_acc=88.58% | lr=3.000000e-06
Epoch 375/301 | train_loss=3.1355 train_acc=92.64% | val_loss=0.3041 val_acc=88.58% | lr=3.000000e-06
Epoch 376/301 | train_loss=3.1308 train_acc=92.70% | val_loss=0.3039 val_acc=88.70% | lr=3.000000e-06
Epoch 377/301 | train_loss=3.1259 train_acc=92.72% | val_loss=0.3036 val_acc=88.58% | lr=3.000000e-06
Epoch 378/301 | train_loss=3.1209 train_acc=92.73% | val_loss=0.3034 val_acc=88.66% | lr=3.000000e-06
Epoch 379/301 | train_loss=3.1160 train_acc=92.75% | val_loss=0.3033 val_acc=88.76% | lr=3.000000e-06
Saved new best model to /tmp/bow_mlp_imdb_nr_f7hlg.pt
Epoch 380/301 | train_loss=3.1105 train_acc=92.78% | val_loss=0.3028 val_acc=88.60% | lr=3.000000e-06
Epoch 381/301 | train_loss=3.1056 train_acc=92.77% | val_loss=0.3026 val_acc=88.62% | lr=3.000000e-06
Epoch 382/301 | train_loss=3.1004 train_acc=92.80% | val_loss=0.3023 val_acc=88.56% | lr=3.000000e-06
Epoch 383/301 | train_loss=3.0955 train_acc=92.81% | val_loss=0.3021 val_acc=88.64% | lr=3.000000e-06
Epoch 384/301 | train_loss=3.0905 train_acc=92.80% | val_loss=0.3018 val_acc=88.60% | lr=3.000000e-06
Epoch 385/301 | train_loss=3.0857 train_acc=92.86% | val_loss=0.3016 val_acc=88.70% | lr=3.000000e-06
Epoch 386/301 | train_loss=3.0810 train_acc=92.88% | val_loss=0.3013 val_acc=88.62% | lr=3.000000e-06
Epoch 387/301 | train_loss=3.0758 train_acc=92.91% | val_loss=0.3010 val_acc=88.68% | lr=3.000000e-06
Epoch 388/301 | train_loss=3.0712 train_acc=92.88% | val_loss=0.3008 val_acc=88.62% | lr=3.000000e-06
Epoch 389/301 | train_loss=3.0664 train_acc=92.91% | val_loss=0.3006 val_acc=88.68% | lr=3.000000e-06
Epoch 390/301 | train_loss=3.0616 train_acc=92.93% | val_loss=0.3005 val_acc=88.74% | lr=3.000000e-06
Epoch 391/301 | train_loss=3.0568 train_acc=92.97% | val_loss=0.3002 val_acc=88.74% | lr=3.000000e-06
Epoch 392/301 | train_loss=3.0521 train_acc=93.00% | val_loss=0.3000 val_acc=88.72% | lr=3.000000e-06
Epoch 393/301 | train_loss=3.0472 train_acc=93.01% | val_loss=0.2996 val_acc=88.74% | lr=3.000000e-06
Epoch 394/301 | train_loss=3.0423 train_acc=93.03% | val_loss=0.2994 val_acc=88.68% | lr=3.000000e-06
Epoch 395/301 | train_loss=3.0372 train_acc=93.02% | val_loss=0.2993 val_acc=88.78% | lr=3.000000e-06
Saved new best model to /tmp/bow_mlp_imdb_nr_f7hlg.pt
Epoch 396/301 | train_loss=3.0322 train_acc=93.08% | val_loss=0.2989 val_acc=88.68% | lr=3.000000e-06
Epoch 397/301 | train_loss=3.0276 train_acc=93.07% | val_loss=0.2987 val_acc=88.76% | lr=3.000000e-06
Epoch 398/301 | train_loss=3.0227 train_acc=93.09% | val_loss=0.2985 val_acc=88.76% | lr=3.000000e-06
Epoch 399/301 | train_loss=3.0178 train_acc=93.11% | val_loss=0.2982 val_acc=88.68% | lr=3.000000e-06
Epoch 400/301 | train_loss=3.0130 train_acc=93.14% | val_loss=0.2981 val_acc=88.74% | lr=3.000000e-06
Test loss=0.3121 | Test accuracy=88.06%
