Loading IMDb dataset from local disk: /home/daniel/l/masteruppsats/np-reg/language/data/imdb_hf
Using device: cuda
BoW vocab size: 12500
Epoch 1/301 | train_loss=717.7171 train_acc=48.77% | val_loss=0.6990 val_acc=48.86% | lr=3.000000e-05
Saved new best model to /tmp/bow_mlp_imdb_u4xe8na7.pt
Epoch 2/301 | train_loss=364.4987 train_acc=47.44% | val_loss=0.6962 val_acc=48.18% | lr=3.000000e-05
Epoch 3/301 | train_loss=174.0460 train_acc=48.27% | val_loss=0.6972 val_acc=48.70% | lr=3.000000e-05
Epoch 4/301 | train_loss=79.9926 train_acc=48.09% | val_loss=0.6951 val_acc=48.66% | lr=3.000000e-05
Epoch 5/301 | train_loss=38.8650 train_acc=48.67% | val_loss=0.6944 val_acc=49.92% | lr=3.000000e-05
Saved new best model to /tmp/bow_mlp_imdb_u4xe8na7.pt
Epoch 6/301 | train_loss=23.4296 train_acc=49.43% | val_loss=0.6938 val_acc=49.98% | lr=3.000000e-05
Saved new best model to /tmp/bow_mlp_imdb_u4xe8na7.pt
Epoch 7/301 | train_loss=18.4278 train_acc=50.30% | val_loss=0.6925 val_acc=52.02% | lr=3.000000e-05
Saved new best model to /tmp/bow_mlp_imdb_u4xe8na7.pt
Epoch 8/301 | train_loss=16.9268 train_acc=51.47% | val_loss=0.6912 val_acc=51.54% | lr=3.000000e-05
Epoch 9/301 | train_loss=16.3630 train_acc=53.03% | val_loss=0.6898 val_acc=53.30% | lr=3.000000e-05
Saved new best model to /tmp/bow_mlp_imdb_u4xe8na7.pt
Epoch 10/301 | train_loss=16.0015 train_acc=54.22% | val_loss=0.6884 val_acc=55.82% | lr=3.000000e-05
Saved new best model to /tmp/bow_mlp_imdb_u4xe8na7.pt
Epoch 11/301 | train_loss=15.6669 train_acc=55.54% | val_loss=0.6868 val_acc=57.52% | lr=3.000000e-05
Saved new best model to /tmp/bow_mlp_imdb_u4xe8na7.pt
Epoch 12/301 | train_loss=15.3243 train_acc=57.68% | val_loss=0.6850 val_acc=59.42% | lr=3.000000e-05
Saved new best model to /tmp/bow_mlp_imdb_u4xe8na7.pt
Epoch 13/301 | train_loss=14.9744 train_acc=60.11% | val_loss=0.6832 val_acc=61.88% | lr=3.000000e-05
Saved new best model to /tmp/bow_mlp_imdb_u4xe8na7.pt
Epoch 14/301 | train_loss=14.6180 train_acc=61.67% | val_loss=0.6810 val_acc=62.94% | lr=3.000000e-05
Saved new best model to /tmp/bow_mlp_imdb_u4xe8na7.pt
Epoch 15/301 | train_loss=14.2561 train_acc=63.82% | val_loss=0.6792 val_acc=66.02% | lr=3.000000e-05
Saved new best model to /tmp/bow_mlp_imdb_u4xe8na7.pt
Epoch 16/301 | train_loss=13.8920 train_acc=65.74% | val_loss=0.6765 val_acc=66.36% | lr=3.000000e-05
Saved new best model to /tmp/bow_mlp_imdb_u4xe8na7.pt
Epoch 17/301 | train_loss=13.5260 train_acc=67.27% | val_loss=0.6740 val_acc=68.26% | lr=3.000000e-05
Saved new best model to /tmp/bow_mlp_imdb_u4xe8na7.pt
Epoch 18/301 | train_loss=13.1577 train_acc=69.89% | val_loss=0.6713 val_acc=68.68% | lr=3.000000e-05
Saved new best model to /tmp/bow_mlp_imdb_u4xe8na7.pt
Epoch 19/301 | train_loss=12.7950 train_acc=71.94% | val_loss=0.6685 val_acc=72.06% | lr=3.000000e-05
Saved new best model to /tmp/bow_mlp_imdb_u4xe8na7.pt
Epoch 20/301 | train_loss=12.4330 train_acc=73.05% | val_loss=0.6656 val_acc=69.74% | lr=3.000000e-05
Epoch 21/301 | train_loss=12.0766 train_acc=74.88% | val_loss=0.6623 val_acc=74.56% | lr=3.000000e-05
Saved new best model to /tmp/bow_mlp_imdb_u4xe8na7.pt
Epoch 22/301 | train_loss=11.7274 train_acc=77.14% | val_loss=0.6590 val_acc=74.52% | lr=3.000000e-05
Epoch 23/301 | train_loss=11.3835 train_acc=77.99% | val_loss=0.6555 val_acc=76.44% | lr=3.000000e-05
Saved new best model to /tmp/bow_mlp_imdb_u4xe8na7.pt
Epoch 24/301 | train_loss=11.0478 train_acc=78.74% | val_loss=0.6518 val_acc=77.92% | lr=3.000000e-05
Saved new best model to /tmp/bow_mlp_imdb_u4xe8na7.pt
Epoch 25/301 | train_loss=10.7205 train_acc=79.74% | val_loss=0.6479 val_acc=77.82% | lr=3.000000e-05
Epoch 26/301 | train_loss=10.4007 train_acc=80.86% | val_loss=0.6439 val_acc=78.60% | lr=3.000000e-05
Saved new best model to /tmp/bow_mlp_imdb_u4xe8na7.pt
Epoch 27/301 | train_loss=10.0913 train_acc=80.61% | val_loss=0.6396 val_acc=80.50% | lr=3.000000e-05
Saved new best model to /tmp/bow_mlp_imdb_u4xe8na7.pt
Epoch 28/301 | train_loss=9.7933 train_acc=81.56% | val_loss=0.6351 val_acc=80.92% | lr=3.000000e-05
Saved new best model to /tmp/bow_mlp_imdb_u4xe8na7.pt
Epoch 29/301 | train_loss=9.5041 train_acc=82.09% | val_loss=0.6305 val_acc=80.38% | lr=3.000000e-05
Epoch 30/301 | train_loss=9.2283 train_acc=82.17% | val_loss=0.6260 val_acc=81.50% | lr=3.000000e-05
Saved new best model to /tmp/bow_mlp_imdb_u4xe8na7.pt
Epoch 31/301 | train_loss=8.9623 train_acc=82.76% | val_loss=0.6207 val_acc=81.68% | lr=3.000000e-05
Saved new best model to /tmp/bow_mlp_imdb_u4xe8na7.pt
Epoch 32/301 | train_loss=8.7068 train_acc=82.86% | val_loss=0.6158 val_acc=81.98% | lr=3.000000e-05
Saved new best model to /tmp/bow_mlp_imdb_u4xe8na7.pt
Epoch 33/301 | train_loss=8.4637 train_acc=83.39% | val_loss=0.6104 val_acc=82.32% | lr=3.000000e-05
Saved new best model to /tmp/bow_mlp_imdb_u4xe8na7.pt
Epoch 34/301 | train_loss=8.2298 train_acc=83.46% | val_loss=0.6052 val_acc=82.22% | lr=3.000000e-05
Epoch 35/301 | train_loss=8.0048 train_acc=83.67% | val_loss=0.5993 val_acc=82.82% | lr=3.000000e-05
Saved new best model to /tmp/bow_mlp_imdb_u4xe8na7.pt
Epoch 36/301 | train_loss=7.7972 train_acc=84.03% | val_loss=0.5935 val_acc=83.00% | lr=3.000000e-05
Saved new best model to /tmp/bow_mlp_imdb_u4xe8na7.pt
Epoch 37/301 | train_loss=7.5952 train_acc=84.23% | val_loss=0.5879 val_acc=82.70% | lr=3.000000e-05
Epoch 38/301 | train_loss=7.4032 train_acc=84.34% | val_loss=0.5816 val_acc=83.02% | lr=3.000000e-05
Saved new best model to /tmp/bow_mlp_imdb_u4xe8na7.pt
Epoch 39/301 | train_loss=7.2209 train_acc=84.33% | val_loss=0.5755 val_acc=83.40% | lr=3.000000e-05
Saved new best model to /tmp/bow_mlp_imdb_u4xe8na7.pt
Epoch 40/301 | train_loss=7.0447 train_acc=84.67% | val_loss=0.5693 val_acc=83.60% | lr=3.000000e-05
Saved new best model to /tmp/bow_mlp_imdb_u4xe8na7.pt
Epoch 41/301 | train_loss=6.8803 train_acc=84.88% | val_loss=0.5630 val_acc=83.92% | lr=3.000000e-05
Saved new best model to /tmp/bow_mlp_imdb_u4xe8na7.pt
Epoch 42/301 | train_loss=6.7225 train_acc=84.91% | val_loss=0.5572 val_acc=83.46% | lr=3.000000e-05
Epoch 43/301 | train_loss=6.5750 train_acc=85.11% | val_loss=0.5502 val_acc=84.20% | lr=3.000000e-05
Saved new best model to /tmp/bow_mlp_imdb_u4xe8na7.pt
Epoch 44/301 | train_loss=6.4293 train_acc=85.28% | val_loss=0.5437 val_acc=84.22% | lr=3.000000e-05
Saved new best model to /tmp/bow_mlp_imdb_u4xe8na7.pt
Epoch 45/301 | train_loss=6.2925 train_acc=85.47% | val_loss=0.5371 val_acc=84.28% | lr=3.000000e-05
Saved new best model to /tmp/bow_mlp_imdb_u4xe8na7.pt
Epoch 46/301 | train_loss=6.1641 train_acc=85.52% | val_loss=0.5307 val_acc=84.56% | lr=3.000000e-05
Saved new best model to /tmp/bow_mlp_imdb_u4xe8na7.pt
Epoch 47/301 | train_loss=6.0398 train_acc=85.76% | val_loss=0.5240 val_acc=84.66% | lr=3.000000e-05
Saved new best model to /tmp/bow_mlp_imdb_u4xe8na7.pt
Epoch 48/301 | train_loss=5.9202 train_acc=85.92% | val_loss=0.5175 val_acc=84.84% | lr=3.000000e-05
Saved new best model to /tmp/bow_mlp_imdb_u4xe8na7.pt
Epoch 49/301 | train_loss=5.8079 train_acc=86.19% | val_loss=0.5111 val_acc=84.96% | lr=3.000000e-05
Saved new best model to /tmp/bow_mlp_imdb_u4xe8na7.pt
Epoch 50/301 | train_loss=5.6994 train_acc=86.19% | val_loss=0.5047 val_acc=85.20% | lr=3.000000e-05
Saved new best model to /tmp/bow_mlp_imdb_u4xe8na7.pt
Epoch 51/301 | train_loss=5.5918 train_acc=86.54% | val_loss=0.4980 val_acc=85.32% | lr=3.000000e-05
Saved new best model to /tmp/bow_mlp_imdb_u4xe8na7.pt
Epoch 52/301 | train_loss=5.4943 train_acc=86.57% | val_loss=0.4914 val_acc=85.42% | lr=3.000000e-05
Saved new best model to /tmp/bow_mlp_imdb_u4xe8na7.pt
Epoch 53/301 | train_loss=5.3945 train_acc=86.75% | val_loss=0.4856 val_acc=85.48% | lr=3.000000e-05
Saved new best model to /tmp/bow_mlp_imdb_u4xe8na7.pt
Epoch 54/301 | train_loss=5.3014 train_acc=86.98% | val_loss=0.4788 val_acc=86.06% | lr=3.000000e-05
Saved new best model to /tmp/bow_mlp_imdb_u4xe8na7.pt
Epoch 55/301 | train_loss=5.2119 train_acc=87.14% | val_loss=0.4724 val_acc=86.14% | lr=3.000000e-05
Saved new best model to /tmp/bow_mlp_imdb_u4xe8na7.pt
Epoch 56/301 | train_loss=5.1227 train_acc=87.41% | val_loss=0.4663 val_acc=86.44% | lr=3.000000e-05
Saved new best model to /tmp/bow_mlp_imdb_u4xe8na7.pt
Epoch 57/301 | train_loss=5.0377 train_acc=87.59% | val_loss=0.4601 val_acc=86.08% | lr=3.000000e-05
Epoch 58/301 | train_loss=4.9572 train_acc=87.77% | val_loss=0.4540 val_acc=86.58% | lr=3.000000e-05
Saved new best model to /tmp/bow_mlp_imdb_u4xe8na7.pt
Epoch 59/301 | train_loss=4.8794 train_acc=87.80% | val_loss=0.4483 val_acc=86.82% | lr=3.000000e-05
Saved new best model to /tmp/bow_mlp_imdb_u4xe8na7.pt
Epoch 60/301 | train_loss=4.8027 train_acc=88.02% | val_loss=0.4423 val_acc=86.64% | lr=3.000000e-05
Epoch 61/301 | train_loss=4.7290 train_acc=88.11% | val_loss=0.4367 val_acc=86.74% | lr=3.000000e-05
Epoch 62/301 | train_loss=4.6553 train_acc=88.30% | val_loss=0.4312 val_acc=86.88% | lr=3.000000e-05
Saved new best model to /tmp/bow_mlp_imdb_u4xe8na7.pt
Epoch 63/301 | train_loss=4.5848 train_acc=88.46% | val_loss=0.4258 val_acc=86.82% | lr=3.000000e-05
Epoch 64/301 | train_loss=4.5157 train_acc=88.52% | val_loss=0.4210 val_acc=87.18% | lr=3.000000e-05
Saved new best model to /tmp/bow_mlp_imdb_u4xe8na7.pt
Epoch 65/301 | train_loss=4.4498 train_acc=88.67% | val_loss=0.4156 val_acc=87.16% | lr=3.000000e-05
Epoch 66/301 | train_loss=4.3846 train_acc=88.83% | val_loss=0.4105 val_acc=87.02% | lr=3.000000e-05
Epoch 67/301 | train_loss=4.3221 train_acc=88.92% | val_loss=0.4062 val_acc=86.86% | lr=3.000000e-05
Epoch 68/301 | train_loss=4.2597 train_acc=89.03% | val_loss=0.4011 val_acc=87.14% | lr=3.000000e-05
Epoch 69/301 | train_loss=4.2003 train_acc=89.09% | val_loss=0.3966 val_acc=87.30% | lr=3.000000e-05
Saved new best model to /tmp/bow_mlp_imdb_u4xe8na7.pt
Epoch 70/301 | train_loss=4.1425 train_acc=89.29% | val_loss=0.3923 val_acc=87.44% | lr=3.000000e-05
Saved new best model to /tmp/bow_mlp_imdb_u4xe8na7.pt
Epoch 71/301 | train_loss=4.0848 train_acc=89.39% | val_loss=0.3880 val_acc=87.42% | lr=3.000000e-05
Epoch 72/301 | train_loss=4.0294 train_acc=89.41% | val_loss=0.3839 val_acc=87.64% | lr=3.000000e-05
Saved new best model to /tmp/bow_mlp_imdb_u4xe8na7.pt
Epoch 73/301 | train_loss=3.9754 train_acc=89.59% | val_loss=0.3804 val_acc=87.76% | lr=3.000000e-05
Saved new best model to /tmp/bow_mlp_imdb_u4xe8na7.pt
Epoch 74/301 | train_loss=3.9238 train_acc=89.73% | val_loss=0.3761 val_acc=87.54% | lr=3.000000e-05
Epoch 75/301 | train_loss=3.8733 train_acc=89.84% | val_loss=0.3724 val_acc=87.60% | lr=3.000000e-05
Epoch 76/301 | train_loss=3.8212 train_acc=89.96% | val_loss=0.3689 val_acc=87.82% | lr=3.000000e-05
Saved new best model to /tmp/bow_mlp_imdb_u4xe8na7.pt
Epoch 77/301 | train_loss=3.7716 train_acc=90.09% | val_loss=0.3656 val_acc=87.76% | lr=3.000000e-05
Epoch 78/301 | train_loss=3.7250 train_acc=90.06% | val_loss=0.3624 val_acc=87.98% | lr=3.000000e-05
Saved new best model to /tmp/bow_mlp_imdb_u4xe8na7.pt
Epoch 79/301 | train_loss=3.6780 train_acc=90.22% | val_loss=0.3588 val_acc=87.78% | lr=3.000000e-05
Epoch 80/301 | train_loss=3.6325 train_acc=90.29% | val_loss=0.3556 val_acc=87.98% | lr=3.000000e-05
Epoch 81/301 | train_loss=3.5862 train_acc=90.45% | val_loss=0.3527 val_acc=88.06% | lr=3.000000e-05
Saved new best model to /tmp/bow_mlp_imdb_u4xe8na7.pt
Epoch 82/301 | train_loss=3.5421 train_acc=90.53% | val_loss=0.3498 val_acc=88.14% | lr=3.000000e-05
Saved new best model to /tmp/bow_mlp_imdb_u4xe8na7.pt
Epoch 83/301 | train_loss=3.4991 train_acc=90.57% | val_loss=0.3474 val_acc=88.18% | lr=3.000000e-05
Saved new best model to /tmp/bow_mlp_imdb_u4xe8na7.pt
Epoch 84/301 | train_loss=3.4565 train_acc=90.64% | val_loss=0.3443 val_acc=88.06% | lr=3.000000e-05
Epoch 85/301 | train_loss=3.4160 train_acc=90.86% | val_loss=0.3417 val_acc=87.98% | lr=3.000000e-05
Epoch 86/301 | train_loss=3.3759 train_acc=90.90% | val_loss=0.3392 val_acc=88.16% | lr=3.000000e-05
Epoch 87/301 | train_loss=3.3355 train_acc=90.98% | val_loss=0.3367 val_acc=88.14% | lr=3.000000e-05
Epoch 88/301 | train_loss=3.2960 train_acc=91.03% | val_loss=0.3342 val_acc=88.26% | lr=3.000000e-05
Saved new best model to /tmp/bow_mlp_imdb_u4xe8na7.pt
Epoch 89/301 | train_loss=3.2577 train_acc=91.13% | val_loss=0.3320 val_acc=88.36% | lr=3.000000e-05
Saved new best model to /tmp/bow_mlp_imdb_u4xe8na7.pt
Epoch 90/301 | train_loss=3.2206 train_acc=91.27% | val_loss=0.3300 val_acc=88.38% | lr=3.000000e-05
Saved new best model to /tmp/bow_mlp_imdb_u4xe8na7.pt
Epoch 91/301 | train_loss=3.1836 train_acc=91.36% | val_loss=0.3277 val_acc=88.38% | lr=3.000000e-05
Epoch 92/301 | train_loss=3.1481 train_acc=91.53% | val_loss=0.3256 val_acc=88.38% | lr=3.000000e-05
Epoch 93/301 | train_loss=3.1140 train_acc=91.45% | val_loss=0.3236 val_acc=88.40% | lr=3.000000e-05
Saved new best model to /tmp/bow_mlp_imdb_u4xe8na7.pt
Epoch 94/301 | train_loss=3.0783 train_acc=91.53% | val_loss=0.3217 val_acc=88.44% | lr=3.000000e-05
Saved new best model to /tmp/bow_mlp_imdb_u4xe8na7.pt
Epoch 95/301 | train_loss=3.0436 train_acc=91.64% | val_loss=0.3201 val_acc=88.44% | lr=3.000000e-05
Epoch 96/301 | train_loss=3.0100 train_acc=91.76% | val_loss=0.3182 val_acc=88.46% | lr=3.000000e-05
Saved new best model to /tmp/bow_mlp_imdb_u4xe8na7.pt
Epoch 97/301 | train_loss=2.9772 train_acc=91.88% | val_loss=0.3163 val_acc=88.46% | lr=3.000000e-05
Epoch 98/301 | train_loss=2.9442 train_acc=91.97% | val_loss=0.3147 val_acc=88.50% | lr=3.000000e-05
Saved new best model to /tmp/bow_mlp_imdb_u4xe8na7.pt
Epoch 99/301 | train_loss=2.9118 train_acc=92.00% | val_loss=0.3131 val_acc=88.52% | lr=3.000000e-05
Saved new best model to /tmp/bow_mlp_imdb_u4xe8na7.pt
Epoch 100/301 | train_loss=2.8811 train_acc=92.12% | val_loss=0.3115 val_acc=88.54% | lr=3.000000e-05
Saved new best model to /tmp/bow_mlp_imdb_u4xe8na7.pt
Epoch 101/301 | train_loss=2.8511 train_acc=92.13% | val_loss=0.3100 val_acc=88.58% | lr=3.000000e-05
Saved new best model to /tmp/bow_mlp_imdb_u4xe8na7.pt
Epoch 102/301 | train_loss=2.8204 train_acc=92.27% | val_loss=0.3086 val_acc=88.76% | lr=3.000000e-05
Saved new best model to /tmp/bow_mlp_imdb_u4xe8na7.pt
Epoch 103/301 | train_loss=2.7909 train_acc=92.33% | val_loss=0.3072 val_acc=88.68% | lr=3.000000e-05
Epoch 104/301 | train_loss=2.7626 train_acc=92.43% | val_loss=0.3061 val_acc=88.88% | lr=3.000000e-05
Saved new best model to /tmp/bow_mlp_imdb_u4xe8na7.pt
Epoch 105/301 | train_loss=2.7335 train_acc=92.47% | val_loss=0.3051 val_acc=88.94% | lr=3.000000e-05
Saved new best model to /tmp/bow_mlp_imdb_u4xe8na7.pt
Epoch 106/301 | train_loss=2.7052 train_acc=92.62% | val_loss=0.3032 val_acc=88.78% | lr=3.000000e-05
Epoch 107/301 | train_loss=2.6769 train_acc=92.64% | val_loss=0.3020 val_acc=88.68% | lr=3.000000e-05
Epoch 108/301 | train_loss=2.6492 train_acc=92.76% | val_loss=0.3011 val_acc=88.88% | lr=3.000000e-05
Epoch 109/301 | train_loss=2.6218 train_acc=92.85% | val_loss=0.2997 val_acc=88.74% | lr=3.000000e-05
Epoch 110/301 | train_loss=2.5960 train_acc=92.90% | val_loss=0.2986 val_acc=88.74% | lr=3.000000e-05
Epoch 111/301 | train_loss=2.5694 train_acc=92.97% | val_loss=0.2976 val_acc=88.86% | lr=3.000000e-05
Epoch 112/301 | train_loss=2.5429 train_acc=93.03% | val_loss=0.2965 val_acc=88.82% | lr=3.000000e-05
Epoch 113/301 | train_loss=2.5181 train_acc=93.14% | val_loss=0.2954 val_acc=88.82% | lr=3.000000e-05
Epoch 114/301 | train_loss=2.4931 train_acc=93.20% | val_loss=0.2947 val_acc=88.88% | lr=3.000000e-05
Epoch 115/301 | train_loss=2.4675 train_acc=93.23% | val_loss=0.2935 val_acc=88.92% | lr=3.000000e-05
Epoch 116/301 | train_loss=2.4437 train_acc=93.31% | val_loss=0.2927 val_acc=88.98% | lr=3.000000e-05
Saved new best model to /tmp/bow_mlp_imdb_u4xe8na7.pt
Epoch 117/301 | train_loss=2.4197 train_acc=93.40% | val_loss=0.2918 val_acc=88.94% | lr=3.000000e-05
Epoch 118/301 | train_loss=2.3955 train_acc=93.46% | val_loss=0.2909 val_acc=88.98% | lr=3.000000e-05
Epoch 119/301 | train_loss=2.3726 train_acc=93.54% | val_loss=0.2903 val_acc=88.98% | lr=3.000000e-05
Epoch 120/301 | train_loss=2.3486 train_acc=93.61% | val_loss=0.2894 val_acc=89.00% | lr=3.000000e-05
Saved new best model to /tmp/bow_mlp_imdb_u4xe8na7.pt
Epoch 121/301 | train_loss=2.3263 train_acc=93.73% | val_loss=0.2891 val_acc=89.10% | lr=3.000000e-05
Saved new best model to /tmp/bow_mlp_imdb_u4xe8na7.pt
Epoch 122/301 | train_loss=2.3033 train_acc=93.73% | val_loss=0.2879 val_acc=88.98% | lr=3.000000e-05
Epoch 123/301 | train_loss=2.2810 train_acc=93.86% | val_loss=0.2872 val_acc=89.08% | lr=3.000000e-05
Epoch 124/301 | train_loss=2.2594 train_acc=93.85% | val_loss=0.2865 val_acc=89.16% | lr=3.000000e-05
Saved new best model to /tmp/bow_mlp_imdb_u4xe8na7.pt
Epoch 125/301 | train_loss=2.2377 train_acc=93.95% | val_loss=0.2859 val_acc=89.18% | lr=3.000000e-05
Saved new best model to /tmp/bow_mlp_imdb_u4xe8na7.pt
Epoch 126/301 | train_loss=2.2158 train_acc=94.05% | val_loss=0.2853 val_acc=89.12% | lr=3.000000e-05
Epoch 127/301 | train_loss=2.1943 train_acc=94.06% | val_loss=0.2848 val_acc=89.00% | lr=3.000000e-05
Epoch 128/301 | train_loss=2.1740 train_acc=94.15% | val_loss=0.2843 val_acc=89.18% | lr=3.000000e-05
Epoch 129/301 | train_loss=2.1524 train_acc=94.30% | val_loss=0.2836 val_acc=89.12% | lr=3.000000e-05
Epoch 130/301 | train_loss=2.1313 train_acc=94.31% | val_loss=0.2832 val_acc=89.20% | lr=3.000000e-05
Saved new best model to /tmp/bow_mlp_imdb_u4xe8na7.pt
Epoch 131/301 | train_loss=2.1110 train_acc=94.41% | val_loss=0.2825 val_acc=89.10% | lr=3.000000e-05
Epoch 132/301 | train_loss=2.0907 train_acc=94.46% | val_loss=0.2821 val_acc=89.10% | lr=3.000000e-05
Epoch 133/301 | train_loss=2.0706 train_acc=94.47% | val_loss=0.2816 val_acc=89.08% | lr=3.000000e-05
Epoch 134/301 | train_loss=2.0507 train_acc=94.66% | val_loss=0.2820 val_acc=89.26% | lr=3.000000e-05
Saved new best model to /tmp/bow_mlp_imdb_u4xe8na7.pt
Epoch 135/301 | train_loss=2.0309 train_acc=94.67% | val_loss=0.2809 val_acc=89.18% | lr=3.000000e-05
Epoch 136/301 | train_loss=2.0114 train_acc=94.70% | val_loss=0.2804 val_acc=89.08% | lr=3.000000e-05
Epoch 137/301 | train_loss=1.9920 train_acc=94.76% | val_loss=0.2802 val_acc=89.16% | lr=3.000000e-05
Epoch 138/301 | train_loss=1.9742 train_acc=94.86% | val_loss=0.2799 val_acc=89.14% | lr=3.000000e-05
Epoch 139/301 | train_loss=1.9541 train_acc=94.92% | val_loss=0.2793 val_acc=89.08% | lr=3.000000e-05
Epoch 140/301 | train_loss=1.9350 train_acc=94.98% | val_loss=0.2791 val_acc=89.06% | lr=3.000000e-05
Epoch 141/301 | train_loss=1.9169 train_acc=95.05% | val_loss=0.2788 val_acc=89.12% | lr=3.000000e-05
Epoch 142/301 | train_loss=1.8977 train_acc=95.06% | val_loss=0.2787 val_acc=89.16% | lr=3.000000e-05
Epoch 143/301 | train_loss=1.8785 train_acc=95.16% | val_loss=0.2783 val_acc=89.18% | lr=3.000000e-05
Epoch 144/301 | train_loss=1.8606 train_acc=95.19% | val_loss=0.2779 val_acc=89.12% | lr=3.000000e-05
Epoch 145/301 | train_loss=1.8424 train_acc=95.26% | val_loss=0.2785 val_acc=89.34% | lr=3.000000e-05
Saved new best model to /tmp/bow_mlp_imdb_u4xe8na7.pt
Epoch 146/301 | train_loss=1.8247 train_acc=95.31% | val_loss=0.2778 val_acc=89.22% | lr=3.000000e-05
Epoch 147/301 | train_loss=1.8059 train_acc=95.34% | val_loss=0.2777 val_acc=89.26% | lr=3.000000e-05
Epoch 148/301 | train_loss=1.7890 train_acc=95.36% | val_loss=0.2775 val_acc=89.26% | lr=3.000000e-05
Epoch 149/301 | train_loss=1.7708 train_acc=95.39% | val_loss=0.2770 val_acc=89.24% | lr=3.000000e-05
Epoch 150/301 | train_loss=1.7541 train_acc=95.44% | val_loss=0.2769 val_acc=89.30% | lr=3.000000e-05
Epoch 151/301 | train_loss=1.7362 train_acc=95.44% | val_loss=0.2767 val_acc=89.26% | lr=3.000000e-05
Epoch 152/301 | train_loss=1.7194 train_acc=95.56% | val_loss=0.2766 val_acc=89.34% | lr=3.000000e-05
Epoch 153/301 | train_loss=1.7021 train_acc=95.64% | val_loss=0.2766 val_acc=89.38% | lr=3.000000e-05
Saved new best model to /tmp/bow_mlp_imdb_u4xe8na7.pt
Epoch 154/301 | train_loss=1.6853 train_acc=95.69% | val_loss=0.2764 val_acc=89.32% | lr=3.000000e-05
Epoch 155/301 | train_loss=1.6684 train_acc=95.75% | val_loss=0.2767 val_acc=89.42% | lr=3.000000e-05
Saved new best model to /tmp/bow_mlp_imdb_u4xe8na7.pt
Epoch 156/301 | train_loss=1.6513 train_acc=95.73% | val_loss=0.2767 val_acc=89.40% | lr=3.000000e-05
Epoch 157/301 | train_loss=1.6345 train_acc=95.84% | val_loss=0.2764 val_acc=89.38% | lr=3.000000e-05
Epoch 158/301 | train_loss=1.6184 train_acc=95.84% | val_loss=0.2769 val_acc=89.42% | lr=3.000000e-05
Epoch 159/301 | train_loss=1.6019 train_acc=95.89% | val_loss=0.2763 val_acc=89.34% | lr=3.000000e-05
Epoch 160/301 | train_loss=1.5860 train_acc=95.97% | val_loss=0.2764 val_acc=89.32% | lr=3.000000e-05
Epoch 161/301 | train_loss=1.5693 train_acc=95.98% | val_loss=0.2765 val_acc=89.42% | lr=3.000000e-05
Epoch 162/301 | train_loss=1.5537 train_acc=96.09% | val_loss=0.2769 val_acc=89.52% | lr=3.000000e-05
Saved new best model to /tmp/bow_mlp_imdb_u4xe8na7.pt
Epoch 163/301 | train_loss=1.5386 train_acc=96.07% | val_loss=0.2767 val_acc=89.38% | lr=3.000000e-05
Epoch 164/301 | train_loss=1.5234 train_acc=96.16% | val_loss=0.2768 val_acc=89.42% | lr=3.000000e-05
Epoch 165/301 | train_loss=1.5076 train_acc=96.17% | val_loss=0.2769 val_acc=89.42% | lr=3.000000e-05
Epoch 166/301 | train_loss=1.4919 train_acc=96.24% | val_loss=0.2768 val_acc=89.40% | lr=3.000000e-05
Epoch 167/301 | train_loss=1.4767 train_acc=96.28% | val_loss=0.2769 val_acc=89.40% | lr=3.000000e-05
Validation loss has not improved for 8 epochs. Stopping training.
Test loss=0.3030 | Test accuracy=88.00%
