Loading IMDb dataset from local disk: /home/daniel/l/masteruppsats/np-reg/language/data/imdb_hf
Using device: cuda
BoW vocab size: 12500
Epoch 1/301 | train_loss=0.6859 train_acc=56.05% | val_loss=0.6721 val_acc=70.30% | lr=1.000000e-05
Saved new best model to /tmp/bow_mlp_imdb_znt0srkt.pt
Epoch 2/301 | train_loss=0.6550 train_acc=70.07% | val_loss=0.6354 val_acc=77.62% | lr=1.000000e-05
Saved new best model to /tmp/bow_mlp_imdb_znt0srkt.pt
Epoch 3/301 | train_loss=0.6173 train_acc=75.87% | val_loss=0.5991 val_acc=80.02% | lr=1.000000e-05
Saved new best model to /tmp/bow_mlp_imdb_znt0srkt.pt
Epoch 4/301 | train_loss=0.5831 train_acc=78.39% | val_loss=0.5672 val_acc=81.54% | lr=1.000000e-05
Saved new best model to /tmp/bow_mlp_imdb_znt0srkt.pt
Epoch 5/301 | train_loss=0.5531 train_acc=80.47% | val_loss=0.5400 val_acc=83.18% | lr=1.000000e-05
Saved new best model to /tmp/bow_mlp_imdb_znt0srkt.pt
Epoch 6/301 | train_loss=0.5240 train_acc=82.19% | val_loss=0.5151 val_acc=83.96% | lr=1.000000e-05
Saved new best model to /tmp/bow_mlp_imdb_znt0srkt.pt
Epoch 7/301 | train_loss=0.5013 train_acc=83.30% | val_loss=0.4938 val_acc=84.56% | lr=1.000000e-05
Saved new best model to /tmp/bow_mlp_imdb_znt0srkt.pt
Epoch 8/301 | train_loss=0.4812 train_acc=84.05% | val_loss=0.4749 val_acc=85.12% | lr=1.000000e-05
Saved new best model to /tmp/bow_mlp_imdb_znt0srkt.pt
Epoch 9/301 | train_loss=0.4610 train_acc=85.22% | val_loss=0.4582 val_acc=85.42% | lr=1.000000e-05
Saved new best model to /tmp/bow_mlp_imdb_znt0srkt.pt
Epoch 10/301 | train_loss=0.4431 train_acc=85.73% | val_loss=0.4432 val_acc=86.16% | lr=1.000000e-05
Saved new best model to /tmp/bow_mlp_imdb_znt0srkt.pt
Epoch 11/301 | train_loss=0.4281 train_acc=86.08% | val_loss=0.4296 val_acc=86.36% | lr=1.000000e-05
Saved new best model to /tmp/bow_mlp_imdb_znt0srkt.pt
Epoch 12/301 | train_loss=0.4131 train_acc=86.82% | val_loss=0.4173 val_acc=86.52% | lr=1.000000e-05
Saved new best model to /tmp/bow_mlp_imdb_znt0srkt.pt
Epoch 13/301 | train_loss=0.3995 train_acc=87.14% | val_loss=0.4064 val_acc=86.76% | lr=1.000000e-05
Saved new best model to /tmp/bow_mlp_imdb_znt0srkt.pt
Epoch 14/301 | train_loss=0.3887 train_acc=87.44% | val_loss=0.3963 val_acc=86.96% | lr=1.000000e-05
Saved new best model to /tmp/bow_mlp_imdb_znt0srkt.pt
Epoch 15/301 | train_loss=0.3771 train_acc=87.79% | val_loss=0.3874 val_acc=87.20% | lr=1.000000e-05
Saved new best model to /tmp/bow_mlp_imdb_znt0srkt.pt
Epoch 16/301 | train_loss=0.3661 train_acc=88.38% | val_loss=0.3788 val_acc=87.10% | lr=1.000000e-05
Epoch 17/301 | train_loss=0.3567 train_acc=88.50% | val_loss=0.3711 val_acc=87.18% | lr=1.000000e-05
Epoch 18/301 | train_loss=0.3478 train_acc=88.71% | val_loss=0.3640 val_acc=87.26% | lr=1.000000e-05
Saved new best model to /tmp/bow_mlp_imdb_znt0srkt.pt
Epoch 19/301 | train_loss=0.3376 train_acc=89.04% | val_loss=0.3575 val_acc=87.48% | lr=1.000000e-05
Saved new best model to /tmp/bow_mlp_imdb_znt0srkt.pt
Epoch 20/301 | train_loss=0.3318 train_acc=89.16% | val_loss=0.3516 val_acc=87.58% | lr=1.000000e-05
Saved new best model to /tmp/bow_mlp_imdb_znt0srkt.pt
Epoch 21/301 | train_loss=0.3246 train_acc=89.42% | val_loss=0.3463 val_acc=87.72% | lr=1.000000e-05
Saved new best model to /tmp/bow_mlp_imdb_znt0srkt.pt
Epoch 22/301 | train_loss=0.3158 train_acc=89.78% | val_loss=0.3412 val_acc=88.00% | lr=1.000000e-05
Saved new best model to /tmp/bow_mlp_imdb_znt0srkt.pt
Epoch 23/301 | train_loss=0.3106 train_acc=89.85% | val_loss=0.3366 val_acc=88.04% | lr=1.000000e-05
Saved new best model to /tmp/bow_mlp_imdb_znt0srkt.pt
Epoch 24/301 | train_loss=0.3026 train_acc=90.20% | val_loss=0.3321 val_acc=88.10% | lr=1.000000e-05
Saved new best model to /tmp/bow_mlp_imdb_znt0srkt.pt
Epoch 25/301 | train_loss=0.2951 train_acc=90.48% | val_loss=0.3278 val_acc=88.30% | lr=1.000000e-05
Saved new best model to /tmp/bow_mlp_imdb_znt0srkt.pt
Epoch 26/301 | train_loss=0.2897 train_acc=90.48% | val_loss=0.3239 val_acc=88.38% | lr=1.000000e-05
Saved new best model to /tmp/bow_mlp_imdb_znt0srkt.pt
Epoch 27/301 | train_loss=0.2846 train_acc=90.64% | val_loss=0.3206 val_acc=88.36% | lr=1.000000e-05
Epoch 28/301 | train_loss=0.2780 train_acc=91.05% | val_loss=0.3169 val_acc=88.56% | lr=1.000000e-05
Saved new best model to /tmp/bow_mlp_imdb_znt0srkt.pt
Epoch 29/301 | train_loss=0.2722 train_acc=91.06% | val_loss=0.3140 val_acc=88.58% | lr=1.000000e-05
Saved new best model to /tmp/bow_mlp_imdb_znt0srkt.pt
Epoch 30/301 | train_loss=0.2681 train_acc=91.16% | val_loss=0.3108 val_acc=88.60% | lr=1.000000e-05
Saved new best model to /tmp/bow_mlp_imdb_znt0srkt.pt
Epoch 31/301 | train_loss=0.2624 train_acc=91.52% | val_loss=0.3079 val_acc=88.54% | lr=1.000000e-05
Epoch 32/301 | train_loss=0.2588 train_acc=91.66% | val_loss=0.3054 val_acc=88.56% | lr=1.000000e-05
Epoch 33/301 | train_loss=0.2548 train_acc=91.72% | val_loss=0.3031 val_acc=88.56% | lr=1.000000e-05
Epoch 34/301 | train_loss=0.2496 train_acc=91.90% | val_loss=0.3014 val_acc=88.84% | lr=1.000000e-05
Saved new best model to /tmp/bow_mlp_imdb_znt0srkt.pt
Epoch 35/301 | train_loss=0.2466 train_acc=91.99% | val_loss=0.2986 val_acc=88.66% | lr=1.000000e-05
Epoch 36/301 | train_loss=0.2405 train_acc=92.32% | val_loss=0.2966 val_acc=88.60% | lr=1.000000e-05
Epoch 37/301 | train_loss=0.2374 train_acc=92.27% | val_loss=0.2952 val_acc=89.00% | lr=1.000000e-05
Saved new best model to /tmp/bow_mlp_imdb_znt0srkt.pt
Epoch 38/301 | train_loss=0.2327 train_acc=92.47% | val_loss=0.2929 val_acc=88.74% | lr=1.000000e-05
Epoch 39/301 | train_loss=0.2288 train_acc=92.66% | val_loss=0.2911 val_acc=88.82% | lr=1.000000e-05
Epoch 40/301 | train_loss=0.2234 train_acc=92.91% | val_loss=0.2896 val_acc=89.14% | lr=1.000000e-05
Saved new best model to /tmp/bow_mlp_imdb_znt0srkt.pt
Epoch 41/301 | train_loss=0.2209 train_acc=92.92% | val_loss=0.2883 val_acc=89.26% | lr=1.000000e-05
Saved new best model to /tmp/bow_mlp_imdb_znt0srkt.pt
Epoch 42/301 | train_loss=0.2176 train_acc=93.06% | val_loss=0.2868 val_acc=89.24% | lr=1.000000e-05
Epoch 43/301 | train_loss=0.2144 train_acc=93.00% | val_loss=0.2852 val_acc=89.08% | lr=1.000000e-05
Epoch 44/301 | train_loss=0.2095 train_acc=93.48% | val_loss=0.2839 val_acc=89.20% | lr=1.000000e-05
Epoch 45/301 | train_loss=0.2071 train_acc=93.34% | val_loss=0.2829 val_acc=89.32% | lr=1.000000e-05
Saved new best model to /tmp/bow_mlp_imdb_znt0srkt.pt
Epoch 46/301 | train_loss=0.2032 train_acc=93.52% | val_loss=0.2817 val_acc=89.36% | lr=1.000000e-05
Saved new best model to /tmp/bow_mlp_imdb_znt0srkt.pt
Epoch 47/301 | train_loss=0.1990 train_acc=93.64% | val_loss=0.2807 val_acc=89.46% | lr=1.000000e-05
Saved new best model to /tmp/bow_mlp_imdb_znt0srkt.pt
Epoch 48/301 | train_loss=0.1977 train_acc=93.61% | val_loss=0.2800 val_acc=89.38% | lr=1.000000e-05
Epoch 49/301 | train_loss=0.1943 train_acc=93.86% | val_loss=0.2791 val_acc=89.42% | lr=1.000000e-05
Epoch 50/301 | train_loss=0.1908 train_acc=94.04% | val_loss=0.2785 val_acc=89.38% | lr=1.000000e-05
Epoch 51/301 | train_loss=0.1883 train_acc=94.06% | val_loss=0.2772 val_acc=89.34% | lr=1.000000e-05
Epoch 52/301 | train_loss=0.1861 train_acc=93.98% | val_loss=0.2767 val_acc=89.36% | lr=1.000000e-05
Epoch 53/301 | train_loss=0.1823 train_acc=94.30% | val_loss=0.2760 val_acc=89.32% | lr=1.000000e-05
Epoch 54/301 | train_loss=0.1789 train_acc=94.41% | val_loss=0.2755 val_acc=89.48% | lr=1.000000e-05
Saved new best model to /tmp/bow_mlp_imdb_znt0srkt.pt
Epoch 55/301 | train_loss=0.1760 train_acc=94.44% | val_loss=0.2748 val_acc=89.22% | lr=1.000000e-05
Epoch 56/301 | train_loss=0.1731 train_acc=94.64% | val_loss=0.2746 val_acc=89.38% | lr=1.000000e-05
Epoch 57/301 | train_loss=0.1709 train_acc=94.53% | val_loss=0.2740 val_acc=89.26% | lr=1.000000e-05
Epoch 58/301 | train_loss=0.1690 train_acc=94.73% | val_loss=0.2736 val_acc=89.22% | lr=1.000000e-05
Epoch 59/301 | train_loss=0.1662 train_acc=94.88% | val_loss=0.2732 val_acc=89.24% | lr=1.000000e-05
Epoch 60/301 | train_loss=0.1619 train_acc=95.03% | val_loss=0.2729 val_acc=89.30% | lr=1.000000e-05
Epoch 61/301 | train_loss=0.1606 train_acc=94.87% | val_loss=0.2728 val_acc=89.28% | lr=1.000000e-05
Epoch 62/301 | train_loss=0.1589 train_acc=95.14% | val_loss=0.2727 val_acc=89.34% | lr=1.000000e-05
Epoch 63/301 | train_loss=0.1560 train_acc=95.19% | val_loss=0.2725 val_acc=89.28% | lr=1.000000e-05
Epoch 64/301 | train_loss=0.1550 train_acc=95.28% | val_loss=0.2723 val_acc=89.32% | lr=1.000000e-05
Epoch 65/301 | train_loss=0.1508 train_acc=95.45% | val_loss=0.2724 val_acc=89.34% | lr=1.000000e-05
Epoch 66/301 | train_loss=0.1494 train_acc=95.45% | val_loss=0.2722 val_acc=89.26% | lr=1.000000e-05
Epoch 67/301 | train_loss=0.1458 train_acc=95.67% | val_loss=0.2727 val_acc=89.26% | lr=1.000000e-05
Epoch 68/301 | train_loss=0.1443 train_acc=95.58% | val_loss=0.2724 val_acc=89.28% | lr=1.000000e-05
Epoch 69/301 | train_loss=0.1432 train_acc=95.64% | val_loss=0.2726 val_acc=89.30% | lr=1.000000e-05
Epoch 70/301 | train_loss=0.1399 train_acc=95.73% | val_loss=0.2726 val_acc=89.36% | lr=1.000000e-05
Epoch 71/301 | train_loss=0.1385 train_acc=95.87% | val_loss=0.2734 val_acc=89.26% | lr=1.000000e-05
Epoch 72/301 | train_loss=0.1352 train_acc=95.97% | val_loss=0.2730 val_acc=89.26% | lr=1.000000e-05
Epoch 73/301 | train_loss=0.1348 train_acc=95.95% | val_loss=0.2733 val_acc=89.40% | lr=1.000000e-05
Epoch 74/301 | train_loss=0.1306 train_acc=96.17% | val_loss=0.2735 val_acc=89.28% | lr=1.000000e-05
Validation loss has not improved for 8 epochs. Stopping training.
Test loss=0.2980 | Test accuracy=88.26%
