Loading IMDb dataset from local disk: /home/daniel/l/masteruppsats/np-reg/language/data/imdb_hf
Using device: cuda
BoW vocab size: 12500
W0421 11:37:35.822000 6167 site-packages/torch/_inductor/utils.py:1679] [0/0] Not enough SMs to use max_autotune_gemm mode
Epoch 1/301 | train_loss=0.6928 train_acc=51.30% | val_loss=0.6885 val_acc=56.02% | lr=3.000000e-06
Saved new best model to /tmp/bow_mlp_imdb_pivwxbiv.pt
Epoch 2/301 | train_loss=0.6844 train_acc=58.90% | val_loss=0.6801 val_acc=64.96% | lr=3.000000e-06
Saved new best model to /tmp/bow_mlp_imdb_pivwxbiv.pt
Epoch 3/301 | train_loss=0.6748 train_acc=65.18% | val_loss=0.6696 val_acc=72.00% | lr=3.000000e-06
Saved new best model to /tmp/bow_mlp_imdb_pivwxbiv.pt
Epoch 4/301 | train_loss=0.6630 train_acc=70.68% | val_loss=0.6574 val_acc=75.02% | lr=3.000000e-06
Saved new best model to /tmp/bow_mlp_imdb_pivwxbiv.pt
Epoch 5/301 | train_loss=0.6502 train_acc=73.70% | val_loss=0.6445 val_acc=76.86% | lr=3.000000e-06
Saved new best model to /tmp/bow_mlp_imdb_pivwxbiv.pt
Epoch 6/301 | train_loss=0.6357 train_acc=76.13% | val_loss=0.6309 val_acc=77.72% | lr=3.000000e-06
Saved new best model to /tmp/bow_mlp_imdb_pivwxbiv.pt
Epoch 7/301 | train_loss=0.6224 train_acc=77.59% | val_loss=0.6179 val_acc=79.12% | lr=3.000000e-06
Saved new best model to /tmp/bow_mlp_imdb_pivwxbiv.pt
Epoch 8/301 | train_loss=0.6099 train_acc=78.20% | val_loss=0.6058 val_acc=79.32% | lr=3.000000e-06
Saved new best model to /tmp/bow_mlp_imdb_pivwxbiv.pt
Epoch 9/301 | train_loss=0.5970 train_acc=79.16% | val_loss=0.5945 val_acc=80.36% | lr=3.000000e-06
Saved new best model to /tmp/bow_mlp_imdb_pivwxbiv.pt
Epoch 10/301 | train_loss=0.5861 train_acc=79.77% | val_loss=0.5839 val_acc=81.02% | lr=3.000000e-06
Saved new best model to /tmp/bow_mlp_imdb_pivwxbiv.pt
Epoch 11/301 | train_loss=0.5758 train_acc=80.45% | val_loss=0.5738 val_acc=81.44% | lr=3.000000e-06
Saved new best model to /tmp/bow_mlp_imdb_pivwxbiv.pt
Epoch 12/301 | train_loss=0.5654 train_acc=81.04% | val_loss=0.5641 val_acc=81.78% | lr=3.000000e-06
Saved new best model to /tmp/bow_mlp_imdb_pivwxbiv.pt
Epoch 13/301 | train_loss=0.5549 train_acc=81.81% | val_loss=0.5545 val_acc=82.24% | lr=3.000000e-06
Saved new best model to /tmp/bow_mlp_imdb_pivwxbiv.pt
Epoch 14/301 | train_loss=0.5453 train_acc=81.96% | val_loss=0.5453 val_acc=82.82% | lr=3.000000e-06
Saved new best model to /tmp/bow_mlp_imdb_pivwxbiv.pt
Epoch 15/301 | train_loss=0.5358 train_acc=82.70% | val_loss=0.5367 val_acc=83.06% | lr=3.000000e-06
Saved new best model to /tmp/bow_mlp_imdb_pivwxbiv.pt
Epoch 16/301 | train_loss=0.5261 train_acc=83.37% | val_loss=0.5283 val_acc=83.42% | lr=3.000000e-06
Saved new best model to /tmp/bow_mlp_imdb_pivwxbiv.pt
Epoch 17/301 | train_loss=0.5183 train_acc=83.64% | val_loss=0.5204 val_acc=83.62% | lr=3.000000e-06
Saved new best model to /tmp/bow_mlp_imdb_pivwxbiv.pt
Epoch 18/301 | train_loss=0.5097 train_acc=83.57% | val_loss=0.5128 val_acc=83.92% | lr=3.000000e-06
Saved new best model to /tmp/bow_mlp_imdb_pivwxbiv.pt
Epoch 19/301 | train_loss=0.5016 train_acc=83.97% | val_loss=0.5054 val_acc=84.26% | lr=3.000000e-06
Saved new best model to /tmp/bow_mlp_imdb_pivwxbiv.pt
Epoch 20/301 | train_loss=0.4946 train_acc=84.41% | val_loss=0.4984 val_acc=84.46% | lr=3.000000e-06
Saved new best model to /tmp/bow_mlp_imdb_pivwxbiv.pt
Epoch 21/301 | train_loss=0.4864 train_acc=84.64% | val_loss=0.4916 val_acc=84.60% | lr=3.000000e-06
Saved new best model to /tmp/bow_mlp_imdb_pivwxbiv.pt
Epoch 22/301 | train_loss=0.4783 train_acc=85.21% | val_loss=0.4851 val_acc=84.84% | lr=3.000000e-06
Saved new best model to /tmp/bow_mlp_imdb_pivwxbiv.pt
Epoch 23/301 | train_loss=0.4731 train_acc=85.11% | val_loss=0.4788 val_acc=85.24% | lr=3.000000e-06
Saved new best model to /tmp/bow_mlp_imdb_pivwxbiv.pt
Epoch 24/301 | train_loss=0.4661 train_acc=85.38% | val_loss=0.4728 val_acc=85.28% | lr=3.000000e-06
Saved new best model to /tmp/bow_mlp_imdb_pivwxbiv.pt
Epoch 25/301 | train_loss=0.4586 train_acc=85.88% | val_loss=0.4669 val_acc=85.42% | lr=3.000000e-06
Saved new best model to /tmp/bow_mlp_imdb_pivwxbiv.pt
Epoch 26/301 | train_loss=0.4522 train_acc=85.96% | val_loss=0.4612 val_acc=85.46% | lr=3.000000e-06
Saved new best model to /tmp/bow_mlp_imdb_pivwxbiv.pt
Epoch 27/301 | train_loss=0.4475 train_acc=86.10% | val_loss=0.4558 val_acc=85.68% | lr=3.000000e-06
Saved new best model to /tmp/bow_mlp_imdb_pivwxbiv.pt
Epoch 28/301 | train_loss=0.4408 train_acc=86.16% | val_loss=0.4505 val_acc=85.80% | lr=3.000000e-06
Saved new best model to /tmp/bow_mlp_imdb_pivwxbiv.pt
Epoch 29/301 | train_loss=0.4354 train_acc=86.48% | val_loss=0.4454 val_acc=85.80% | lr=3.000000e-06
Epoch 30/301 | train_loss=0.4299 train_acc=86.49% | val_loss=0.4406 val_acc=86.16% | lr=3.000000e-06
Saved new best model to /tmp/bow_mlp_imdb_pivwxbiv.pt
Epoch 31/301 | train_loss=0.4246 train_acc=86.77% | val_loss=0.4358 val_acc=85.98% | lr=3.000000e-06
Epoch 32/301 | train_loss=0.4191 train_acc=86.98% | val_loss=0.4312 val_acc=86.34% | lr=3.000000e-06
Saved new best model to /tmp/bow_mlp_imdb_pivwxbiv.pt
Epoch 33/301 | train_loss=0.4136 train_acc=86.97% | val_loss=0.4268 val_acc=86.28% | lr=3.000000e-06
Epoch 34/301 | train_loss=0.4092 train_acc=87.30% | val_loss=0.4225 val_acc=86.42% | lr=3.000000e-06
Saved new best model to /tmp/bow_mlp_imdb_pivwxbiv.pt
Epoch 35/301 | train_loss=0.4048 train_acc=87.38% | val_loss=0.4183 val_acc=86.50% | lr=3.000000e-06
Saved new best model to /tmp/bow_mlp_imdb_pivwxbiv.pt
Epoch 36/301 | train_loss=0.4002 train_acc=87.46% | val_loss=0.4143 val_acc=86.54% | lr=3.000000e-06
Saved new best model to /tmp/bow_mlp_imdb_pivwxbiv.pt
Epoch 37/301 | train_loss=0.3952 train_acc=87.70% | val_loss=0.4105 val_acc=86.58% | lr=3.000000e-06
Saved new best model to /tmp/bow_mlp_imdb_pivwxbiv.pt
Epoch 38/301 | train_loss=0.3905 train_acc=87.81% | val_loss=0.4067 val_acc=86.68% | lr=3.000000e-06
Saved new best model to /tmp/bow_mlp_imdb_pivwxbiv.pt
Epoch 39/301 | train_loss=0.3870 train_acc=87.90% | val_loss=0.4030 val_acc=86.80% | lr=3.000000e-06
Saved new best model to /tmp/bow_mlp_imdb_pivwxbiv.pt
Epoch 40/301 | train_loss=0.3813 train_acc=88.10% | val_loss=0.3995 val_acc=86.94% | lr=3.000000e-06
Saved new best model to /tmp/bow_mlp_imdb_pivwxbiv.pt
Epoch 41/301 | train_loss=0.3775 train_acc=88.08% | val_loss=0.3960 val_acc=86.92% | lr=3.000000e-06
Epoch 42/301 | train_loss=0.3734 train_acc=88.33% | val_loss=0.3927 val_acc=86.98% | lr=3.000000e-06
Saved new best model to /tmp/bow_mlp_imdb_pivwxbiv.pt
Epoch 43/301 | train_loss=0.3712 train_acc=88.09% | val_loss=0.3895 val_acc=87.10% | lr=3.000000e-06
Saved new best model to /tmp/bow_mlp_imdb_pivwxbiv.pt
Epoch 44/301 | train_loss=0.3674 train_acc=88.36% | val_loss=0.3864 val_acc=87.16% | lr=3.000000e-06
Saved new best model to /tmp/bow_mlp_imdb_pivwxbiv.pt
Epoch 45/301 | train_loss=0.3627 train_acc=88.59% | val_loss=0.3834 val_acc=87.20% | lr=3.000000e-06
Saved new best model to /tmp/bow_mlp_imdb_pivwxbiv.pt
Epoch 46/301 | train_loss=0.3591 train_acc=88.69% | val_loss=0.3805 val_acc=87.30% | lr=3.000000e-06
Saved new best model to /tmp/bow_mlp_imdb_pivwxbiv.pt
Epoch 47/301 | train_loss=0.3553 train_acc=88.67% | val_loss=0.3777 val_acc=87.42% | lr=3.000000e-06
Saved new best model to /tmp/bow_mlp_imdb_pivwxbiv.pt
Epoch 48/301 | train_loss=0.3514 train_acc=88.81% | val_loss=0.3749 val_acc=87.48% | lr=3.000000e-06
Saved new best model to /tmp/bow_mlp_imdb_pivwxbiv.pt
Epoch 49/301 | train_loss=0.3494 train_acc=88.87% | val_loss=0.3723 val_acc=87.50% | lr=3.000000e-06
Saved new best model to /tmp/bow_mlp_imdb_pivwxbiv.pt
Epoch 50/301 | train_loss=0.3467 train_acc=89.09% | val_loss=0.3698 val_acc=87.58% | lr=3.000000e-06
Saved new best model to /tmp/bow_mlp_imdb_pivwxbiv.pt
Epoch 51/301 | train_loss=0.3430 train_acc=88.97% | val_loss=0.3672 val_acc=87.38% | lr=3.000000e-06
Epoch 52/301 | train_loss=0.3392 train_acc=89.16% | val_loss=0.3647 val_acc=87.32% | lr=3.000000e-06
Epoch 53/301 | train_loss=0.3372 train_acc=89.23% | val_loss=0.3624 val_acc=87.40% | lr=3.000000e-06
Epoch 54/301 | train_loss=0.3339 train_acc=89.39% | val_loss=0.3602 val_acc=87.46% | lr=3.000000e-06
Epoch 55/301 | train_loss=0.3292 train_acc=89.42% | val_loss=0.3578 val_acc=87.50% | lr=3.000000e-06
Epoch 56/301 | train_loss=0.3266 train_acc=89.52% | val_loss=0.3558 val_acc=87.40% | lr=3.000000e-06
Epoch 57/301 | train_loss=0.3243 train_acc=89.98% | val_loss=0.3535 val_acc=87.54% | lr=3.000000e-06
Epoch 58/301 | train_loss=0.3233 train_acc=89.58% | val_loss=0.3515 val_acc=87.56% | lr=3.000000e-06
Epoch 59/301 | train_loss=0.3193 train_acc=89.79% | val_loss=0.3495 val_acc=87.60% | lr=3.000000e-06
Saved new best model to /tmp/bow_mlp_imdb_pivwxbiv.pt
Epoch 60/301 | train_loss=0.3155 train_acc=90.02% | val_loss=0.3474 val_acc=87.62% | lr=3.000000e-06
Saved new best model to /tmp/bow_mlp_imdb_pivwxbiv.pt
Epoch 61/301 | train_loss=0.3136 train_acc=90.03% | val_loss=0.3455 val_acc=87.68% | lr=3.000000e-06
Saved new best model to /tmp/bow_mlp_imdb_pivwxbiv.pt
Epoch 62/301 | train_loss=0.3116 train_acc=90.19% | val_loss=0.3437 val_acc=87.78% | lr=3.000000e-06
Saved new best model to /tmp/bow_mlp_imdb_pivwxbiv.pt
Epoch 63/301 | train_loss=0.3094 train_acc=90.00% | val_loss=0.3419 val_acc=87.84% | lr=3.000000e-06
Saved new best model to /tmp/bow_mlp_imdb_pivwxbiv.pt
Epoch 64/301 | train_loss=0.3069 train_acc=90.04% | val_loss=0.3402 val_acc=87.88% | lr=3.000000e-06
Saved new best model to /tmp/bow_mlp_imdb_pivwxbiv.pt
Epoch 65/301 | train_loss=0.3039 train_acc=90.27% | val_loss=0.3385 val_acc=87.94% | lr=3.000000e-06
Saved new best model to /tmp/bow_mlp_imdb_pivwxbiv.pt
Epoch 66/301 | train_loss=0.3018 train_acc=90.35% | val_loss=0.3368 val_acc=88.00% | lr=3.000000e-06
Saved new best model to /tmp/bow_mlp_imdb_pivwxbiv.pt
Epoch 67/301 | train_loss=0.2991 train_acc=90.39% | val_loss=0.3352 val_acc=88.10% | lr=3.000000e-06
Saved new best model to /tmp/bow_mlp_imdb_pivwxbiv.pt
Epoch 68/301 | train_loss=0.2972 train_acc=90.59% | val_loss=0.3337 val_acc=88.08% | lr=3.000000e-06
Epoch 69/301 | train_loss=0.2952 train_acc=90.46% | val_loss=0.3322 val_acc=88.08% | lr=3.000000e-06
Epoch 70/301 | train_loss=0.2932 train_acc=90.38% | val_loss=0.3306 val_acc=88.14% | lr=3.000000e-06
Saved new best model to /tmp/bow_mlp_imdb_pivwxbiv.pt
Epoch 71/301 | train_loss=0.2910 train_acc=90.59% | val_loss=0.3292 val_acc=88.14% | lr=3.000000e-06
Epoch 72/301 | train_loss=0.2887 train_acc=90.66% | val_loss=0.3277 val_acc=88.18% | lr=3.000000e-06
Saved new best model to /tmp/bow_mlp_imdb_pivwxbiv.pt
Epoch 73/301 | train_loss=0.2870 train_acc=90.69% | val_loss=0.3264 val_acc=88.18% | lr=3.000000e-06
Epoch 74/301 | train_loss=0.2841 train_acc=91.03% | val_loss=0.3250 val_acc=88.22% | lr=3.000000e-06
Saved new best model to /tmp/bow_mlp_imdb_pivwxbiv.pt
Epoch 75/301 | train_loss=0.2817 train_acc=90.97% | val_loss=0.3236 val_acc=88.28% | lr=3.000000e-06
Saved new best model to /tmp/bow_mlp_imdb_pivwxbiv.pt
Epoch 76/301 | train_loss=0.2796 train_acc=91.36% | val_loss=0.3224 val_acc=88.28% | lr=3.000000e-06
Epoch 77/301 | train_loss=0.2785 train_acc=90.95% | val_loss=0.3210 val_acc=88.46% | lr=3.000000e-06
Saved new best model to /tmp/bow_mlp_imdb_pivwxbiv.pt
Epoch 78/301 | train_loss=0.2769 train_acc=91.06% | val_loss=0.3199 val_acc=88.34% | lr=3.000000e-06
Epoch 79/301 | train_loss=0.2741 train_acc=91.25% | val_loss=0.3186 val_acc=88.38% | lr=3.000000e-06
Epoch 80/301 | train_loss=0.2720 train_acc=91.20% | val_loss=0.3174 val_acc=88.44% | lr=3.000000e-06
Epoch 81/301 | train_loss=0.2702 train_acc=91.20% | val_loss=0.3163 val_acc=88.46% | lr=3.000000e-06
Epoch 82/301 | train_loss=0.2675 train_acc=91.42% | val_loss=0.3152 val_acc=88.50% | lr=3.000000e-06
Saved new best model to /tmp/bow_mlp_imdb_pivwxbiv.pt
Epoch 83/301 | train_loss=0.2650 train_acc=91.40% | val_loss=0.3141 val_acc=88.46% | lr=3.000000e-06
Epoch 84/301 | train_loss=0.2662 train_acc=91.34% | val_loss=0.3130 val_acc=88.50% | lr=3.000000e-06
Epoch 85/301 | train_loss=0.2628 train_acc=91.62% | val_loss=0.3119 val_acc=88.60% | lr=3.000000e-06
Saved new best model to /tmp/bow_mlp_imdb_pivwxbiv.pt
Epoch 86/301 | train_loss=0.2608 train_acc=91.72% | val_loss=0.3109 val_acc=88.50% | lr=3.000000e-06
Epoch 87/301 | train_loss=0.2593 train_acc=91.61% | val_loss=0.3099 val_acc=88.54% | lr=3.000000e-06
Epoch 88/301 | train_loss=0.2579 train_acc=91.64% | val_loss=0.3089 val_acc=88.54% | lr=3.000000e-06
Epoch 89/301 | train_loss=0.2575 train_acc=91.62% | val_loss=0.3079 val_acc=88.56% | lr=3.000000e-06
Epoch 90/301 | train_loss=0.2549 train_acc=91.70% | val_loss=0.3071 val_acc=88.62% | lr=3.000000e-06
Saved new best model to /tmp/bow_mlp_imdb_pivwxbiv.pt
Epoch 91/301 | train_loss=0.2527 train_acc=91.92% | val_loss=0.3061 val_acc=88.62% | lr=3.000000e-06
Epoch 92/301 | train_loss=0.2504 train_acc=92.00% | val_loss=0.3054 val_acc=88.68% | lr=3.000000e-06
Saved new best model to /tmp/bow_mlp_imdb_pivwxbiv.pt
Epoch 93/301 | train_loss=0.2495 train_acc=91.97% | val_loss=0.3043 val_acc=88.62% | lr=3.000000e-06
Epoch 94/301 | train_loss=0.2479 train_acc=91.93% | val_loss=0.3035 val_acc=88.60% | lr=3.000000e-06
Epoch 95/301 | train_loss=0.2468 train_acc=92.16% | val_loss=0.3027 val_acc=88.60% | lr=3.000000e-06
Epoch 96/301 | train_loss=0.2454 train_acc=92.03% | val_loss=0.3019 val_acc=88.60% | lr=3.000000e-06
Epoch 97/301 | train_loss=0.2439 train_acc=92.29% | val_loss=0.3010 val_acc=88.64% | lr=3.000000e-06
Epoch 98/301 | train_loss=0.2422 train_acc=92.26% | val_loss=0.3002 val_acc=88.66% | lr=3.000000e-06
Epoch 99/301 | train_loss=0.2402 train_acc=92.50% | val_loss=0.2995 val_acc=88.64% | lr=3.000000e-06
Epoch 100/301 | train_loss=0.2390 train_acc=92.28% | val_loss=0.2987 val_acc=88.66% | lr=3.000000e-06
Epoch 101/301 | train_loss=0.2368 train_acc=92.26% | val_loss=0.2979 val_acc=88.66% | lr=3.000000e-06
Epoch 102/301 | train_loss=0.2358 train_acc=92.42% | val_loss=0.2973 val_acc=88.62% | lr=3.000000e-06
Epoch 103/301 | train_loss=0.2354 train_acc=92.55% | val_loss=0.2965 val_acc=88.68% | lr=3.000000e-06
Epoch 104/301 | train_loss=0.2335 train_acc=92.48% | val_loss=0.2960 val_acc=88.78% | lr=3.000000e-06
Saved new best model to /tmp/bow_mlp_imdb_pivwxbiv.pt
Epoch 105/301 | train_loss=0.2314 train_acc=92.61% | val_loss=0.2954 val_acc=88.90% | lr=3.000000e-06
Saved new best model to /tmp/bow_mlp_imdb_pivwxbiv.pt
Epoch 106/301 | train_loss=0.2298 train_acc=92.64% | val_loss=0.2945 val_acc=88.74% | lr=3.000000e-06
Epoch 107/301 | train_loss=0.2288 train_acc=92.58% | val_loss=0.2938 val_acc=88.72% | lr=3.000000e-06
Epoch 108/301 | train_loss=0.2277 train_acc=92.73% | val_loss=0.2933 val_acc=88.90% | lr=3.000000e-06
Epoch 109/301 | train_loss=0.2262 train_acc=92.71% | val_loss=0.2926 val_acc=88.84% | lr=3.000000e-06
Epoch 110/301 | train_loss=0.2254 train_acc=92.68% | val_loss=0.2920 val_acc=88.92% | lr=3.000000e-06
Saved new best model to /tmp/bow_mlp_imdb_pivwxbiv.pt
Epoch 111/301 | train_loss=0.2224 train_acc=92.92% | val_loss=0.2914 val_acc=88.92% | lr=3.000000e-06
Epoch 112/301 | train_loss=0.2222 train_acc=92.91% | val_loss=0.2910 val_acc=89.06% | lr=3.000000e-06
Saved new best model to /tmp/bow_mlp_imdb_pivwxbiv.pt
Epoch 113/301 | train_loss=0.2209 train_acc=92.86% | val_loss=0.2902 val_acc=88.88% | lr=3.000000e-06
Epoch 114/301 | train_loss=0.2190 train_acc=93.04% | val_loss=0.2898 val_acc=89.04% | lr=3.000000e-06
Epoch 115/301 | train_loss=0.2188 train_acc=92.84% | val_loss=0.2892 val_acc=88.88% | lr=3.000000e-06
Epoch 116/301 | train_loss=0.2175 train_acc=93.14% | val_loss=0.2886 val_acc=88.92% | lr=3.000000e-06
Epoch 117/301 | train_loss=0.2156 train_acc=93.19% | val_loss=0.2882 val_acc=89.00% | lr=3.000000e-06
Epoch 118/301 | train_loss=0.2157 train_acc=93.11% | val_loss=0.2877 val_acc=89.02% | lr=3.000000e-06
Epoch 119/301 | train_loss=0.2131 train_acc=93.34% | val_loss=0.2872 val_acc=89.08% | lr=3.000000e-06
Saved new best model to /tmp/bow_mlp_imdb_pivwxbiv.pt
Epoch 120/301 | train_loss=0.2138 train_acc=93.20% | val_loss=0.2867 val_acc=89.10% | lr=3.000000e-06
Saved new best model to /tmp/bow_mlp_imdb_pivwxbiv.pt
Epoch 121/301 | train_loss=0.2119 train_acc=93.19% | val_loss=0.2863 val_acc=89.14% | lr=3.000000e-06
Saved new best model to /tmp/bow_mlp_imdb_pivwxbiv.pt
Epoch 122/301 | train_loss=0.2095 train_acc=93.38% | val_loss=0.2857 val_acc=89.14% | lr=3.000000e-06
Epoch 123/301 | train_loss=0.2086 train_acc=93.36% | val_loss=0.2854 val_acc=89.20% | lr=3.000000e-06
Saved new best model to /tmp/bow_mlp_imdb_pivwxbiv.pt
Epoch 124/301 | train_loss=0.2067 train_acc=93.52% | val_loss=0.2848 val_acc=89.16% | lr=3.000000e-06
Epoch 125/301 | train_loss=0.2057 train_acc=93.51% | val_loss=0.2843 val_acc=89.14% | lr=3.000000e-06
Epoch 126/301 | train_loss=0.2053 train_acc=93.38% | val_loss=0.2839 val_acc=89.14% | lr=3.000000e-06
Epoch 127/301 | train_loss=0.2040 train_acc=93.55% | val_loss=0.2835 val_acc=89.16% | lr=3.000000e-06
Epoch 128/301 | train_loss=0.2034 train_acc=93.44% | val_loss=0.2832 val_acc=89.36% | lr=3.000000e-06
Saved new best model to /tmp/bow_mlp_imdb_pivwxbiv.pt
Epoch 129/301 | train_loss=0.2010 train_acc=93.62% | val_loss=0.2827 val_acc=89.22% | lr=3.000000e-06
Epoch 130/301 | train_loss=0.2005 train_acc=93.68% | val_loss=0.2824 val_acc=89.34% | lr=3.000000e-06
Epoch 131/301 | train_loss=0.1990 train_acc=93.75% | val_loss=0.2819 val_acc=89.20% | lr=3.000000e-06
Epoch 132/301 | train_loss=0.1980 train_acc=93.81% | val_loss=0.2816 val_acc=89.40% | lr=3.000000e-06
Saved new best model to /tmp/bow_mlp_imdb_pivwxbiv.pt
Epoch 133/301 | train_loss=0.1969 train_acc=93.86% | val_loss=0.2812 val_acc=89.22% | lr=3.000000e-06
Epoch 134/301 | train_loss=0.1958 train_acc=93.78% | val_loss=0.2809 val_acc=89.38% | lr=3.000000e-06
Epoch 135/301 | train_loss=0.1943 train_acc=93.83% | val_loss=0.2805 val_acc=89.24% | lr=3.000000e-06
Epoch 136/301 | train_loss=0.1934 train_acc=93.95% | val_loss=0.2802 val_acc=89.28% | lr=3.000000e-06
Epoch 137/301 | train_loss=0.1924 train_acc=93.97% | val_loss=0.2799 val_acc=89.32% | lr=3.000000e-06
Epoch 138/301 | train_loss=0.1904 train_acc=93.96% | val_loss=0.2796 val_acc=89.36% | lr=3.000000e-06
Epoch 139/301 | train_loss=0.1903 train_acc=94.01% | val_loss=0.2792 val_acc=89.32% | lr=3.000000e-06
Epoch 140/301 | train_loss=0.1896 train_acc=94.06% | val_loss=0.2788 val_acc=89.34% | lr=3.000000e-06
Epoch 141/301 | train_loss=0.1885 train_acc=94.12% | val_loss=0.2787 val_acc=89.38% | lr=3.000000e-06
Epoch 142/301 | train_loss=0.1867 train_acc=94.12% | val_loss=0.2783 val_acc=89.30% | lr=3.000000e-06
Epoch 143/301 | train_loss=0.1864 train_acc=94.13% | val_loss=0.2780 val_acc=89.30% | lr=3.000000e-06
Epoch 144/301 | train_loss=0.1849 train_acc=94.17% | val_loss=0.2777 val_acc=89.28% | lr=3.000000e-06
Epoch 145/301 | train_loss=0.1850 train_acc=94.23% | val_loss=0.2778 val_acc=89.38% | lr=3.000000e-06
Epoch 146/301 | train_loss=0.1822 train_acc=94.38% | val_loss=0.2775 val_acc=89.32% | lr=3.000000e-06
Epoch 147/301 | train_loss=0.1819 train_acc=94.31% | val_loss=0.2772 val_acc=89.32% | lr=3.000000e-06
Epoch 148/301 | train_loss=0.1801 train_acc=94.27% | val_loss=0.2770 val_acc=89.36% | lr=3.000000e-06
Epoch 149/301 | train_loss=0.1800 train_acc=94.31% | val_loss=0.2765 val_acc=89.28% | lr=3.000000e-06
Epoch 150/301 | train_loss=0.1776 train_acc=94.62% | val_loss=0.2764 val_acc=89.32% | lr=3.000000e-06
Epoch 151/301 | train_loss=0.1774 train_acc=94.33% | val_loss=0.2761 val_acc=89.32% | lr=3.000000e-06
Epoch 152/301 | train_loss=0.1767 train_acc=94.67% | val_loss=0.2758 val_acc=89.34% | lr=3.000000e-06
Epoch 153/301 | train_loss=0.1763 train_acc=94.31% | val_loss=0.2756 val_acc=89.26% | lr=3.000000e-06
Epoch 154/301 | train_loss=0.1758 train_acc=94.53% | val_loss=0.2756 val_acc=89.36% | lr=3.000000e-06
Epoch 155/301 | train_loss=0.1739 train_acc=94.60% | val_loss=0.2754 val_acc=89.40% | lr=3.000000e-06
Epoch 156/301 | train_loss=0.1732 train_acc=94.64% | val_loss=0.2751 val_acc=89.26% | lr=3.000000e-06
Epoch 157/301 | train_loss=0.1725 train_acc=94.56% | val_loss=0.2749 val_acc=89.32% | lr=3.000000e-06
Epoch 158/301 | train_loss=0.1708 train_acc=94.81% | val_loss=0.2748 val_acc=89.36% | lr=3.000000e-06
Epoch 159/301 | train_loss=0.1709 train_acc=94.69% | val_loss=0.2746 val_acc=89.36% | lr=3.000000e-06
Epoch 160/301 | train_loss=0.1701 train_acc=94.73% | val_loss=0.2744 val_acc=89.32% | lr=3.000000e-06
Epoch 161/301 | train_loss=0.1698 train_acc=94.63% | val_loss=0.2742 val_acc=89.28% | lr=3.000000e-06
Epoch 162/301 | train_loss=0.1671 train_acc=94.90% | val_loss=0.2742 val_acc=89.40% | lr=3.000000e-06
Epoch 163/301 | train_loss=0.1665 train_acc=94.86% | val_loss=0.2739 val_acc=89.26% | lr=3.000000e-06
Epoch 164/301 | train_loss=0.1664 train_acc=94.84% | val_loss=0.2738 val_acc=89.30% | lr=3.000000e-06
Epoch 165/301 | train_loss=0.1665 train_acc=94.84% | val_loss=0.2738 val_acc=89.36% | lr=3.000000e-06
Epoch 166/301 | train_loss=0.1638 train_acc=95.00% | val_loss=0.2735 val_acc=89.30% | lr=3.000000e-06
Epoch 167/301 | train_loss=0.1635 train_acc=95.01% | val_loss=0.2735 val_acc=89.36% | lr=3.000000e-06
Epoch 168/301 | train_loss=0.1620 train_acc=95.04% | val_loss=0.2734 val_acc=89.40% | lr=3.000000e-06
Epoch 169/301 | train_loss=0.1607 train_acc=95.04% | val_loss=0.2732 val_acc=89.36% | lr=3.000000e-06
Epoch 170/301 | train_loss=0.1618 train_acc=95.03% | val_loss=0.2732 val_acc=89.38% | lr=3.000000e-06
Epoch 171/301 | train_loss=0.1590 train_acc=95.16% | val_loss=0.2730 val_acc=89.38% | lr=3.000000e-06
Epoch 172/301 | train_loss=0.1600 train_acc=95.02% | val_loss=0.2730 val_acc=89.34% | lr=3.000000e-06
Epoch 173/301 | train_loss=0.1587 train_acc=95.10% | val_loss=0.2729 val_acc=89.36% | lr=3.000000e-06
Epoch 174/301 | train_loss=0.1583 train_acc=95.19% | val_loss=0.2729 val_acc=89.32% | lr=3.000000e-06
Epoch 175/301 | train_loss=0.1566 train_acc=95.11% | val_loss=0.2728 val_acc=89.36% | lr=3.000000e-06
Epoch 176/301 | train_loss=0.1554 train_acc=95.25% | val_loss=0.2727 val_acc=89.38% | lr=3.000000e-06
Epoch 177/301 | train_loss=0.1535 train_acc=95.42% | val_loss=0.2727 val_acc=89.36% | lr=3.000000e-06
Epoch 178/301 | train_loss=0.1545 train_acc=95.23% | val_loss=0.2726 val_acc=89.38% | lr=3.000000e-06
Epoch 179/301 | train_loss=0.1541 train_acc=95.41% | val_loss=0.2729 val_acc=89.30% | lr=3.000000e-06
Epoch 180/301 | train_loss=0.1527 train_acc=95.32% | val_loss=0.2725 val_acc=89.48% | lr=3.000000e-06
Saved new best model to /tmp/bow_mlp_imdb_pivwxbiv.pt
Epoch 181/301 | train_loss=0.1514 train_acc=95.47% | val_loss=0.2725 val_acc=89.36% | lr=3.000000e-06
Epoch 182/301 | train_loss=0.1511 train_acc=95.38% | val_loss=0.2724 val_acc=89.38% | lr=3.000000e-06
Epoch 183/301 | train_loss=0.1496 train_acc=95.43% | val_loss=0.2724 val_acc=89.48% | lr=3.000000e-06
Epoch 184/301 | train_loss=0.1488 train_acc=95.36% | val_loss=0.2724 val_acc=89.36% | lr=3.000000e-06
Epoch 185/301 | train_loss=0.1486 train_acc=95.47% | val_loss=0.2725 val_acc=89.40% | lr=3.000000e-06
Epoch 186/301 | train_loss=0.1474 train_acc=95.61% | val_loss=0.2724 val_acc=89.30% | lr=3.000000e-06
Epoch 187/301 | train_loss=0.1470 train_acc=95.57% | val_loss=0.2725 val_acc=89.38% | lr=3.000000e-06
Epoch 188/301 | train_loss=0.1468 train_acc=95.58% | val_loss=0.2725 val_acc=89.36% | lr=3.000000e-06
Epoch 189/301 | train_loss=0.1458 train_acc=95.45% | val_loss=0.2723 val_acc=89.34% | lr=3.000000e-06
Epoch 190/301 | train_loss=0.1443 train_acc=95.73% | val_loss=0.2726 val_acc=89.36% | lr=3.000000e-06
Epoch 191/301 | train_loss=0.1425 train_acc=95.80% | val_loss=0.2723 val_acc=89.42% | lr=3.000000e-06
Epoch 192/301 | train_loss=0.1433 train_acc=95.71% | val_loss=0.2725 val_acc=89.32% | lr=3.000000e-06
Epoch 193/301 | train_loss=0.1417 train_acc=95.78% | val_loss=0.2725 val_acc=89.34% | lr=3.000000e-06
Epoch 194/301 | train_loss=0.1409 train_acc=95.83% | val_loss=0.2725 val_acc=89.40% | lr=3.000000e-06
Epoch 195/301 | train_loss=0.1404 train_acc=95.86% | val_loss=0.2725 val_acc=89.36% | lr=3.000000e-06
Epoch 196/301 | train_loss=0.1394 train_acc=95.90% | val_loss=0.2725 val_acc=89.42% | lr=3.000000e-06
Epoch 197/301 | train_loss=0.1387 train_acc=96.00% | val_loss=0.2726 val_acc=89.44% | lr=3.000000e-06
Validation loss has not improved for 8 epochs. Stopping training.
Test loss=0.2995 | Test accuracy=88.20%
