Loading IMDb dataset from local disk: /home/daniel/l/masteruppsats/np-reg/language/data/imdb_hf
Using device: cuda
BoW vocab size: 12500
Epoch 1/301 | train_loss=0.6933 train_acc=50.21% | val_loss=0.6903 val_acc=54.34% | lr=3.000000e-06
Saved new best model to /tmp/bow_mlp_imdb_f7_lcoj1.pt
Epoch 2/301 | train_loss=0.6871 train_acc=58.45% | val_loss=0.6842 val_acc=60.88% | lr=3.000000e-06
Saved new best model to /tmp/bow_mlp_imdb_f7_lcoj1.pt
Epoch 3/301 | train_loss=0.6802 train_acc=64.63% | val_loss=0.6770 val_acc=68.22% | lr=3.000000e-06
Saved new best model to /tmp/bow_mlp_imdb_f7_lcoj1.pt
Epoch 4/301 | train_loss=0.6719 train_acc=70.84% | val_loss=0.6684 val_acc=71.98% | lr=3.000000e-06
Saved new best model to /tmp/bow_mlp_imdb_f7_lcoj1.pt
Epoch 5/301 | train_loss=0.6623 train_acc=73.78% | val_loss=0.6589 val_acc=74.62% | lr=3.000000e-06
Saved new best model to /tmp/bow_mlp_imdb_f7_lcoj1.pt
Epoch 6/301 | train_loss=0.6519 train_acc=76.43% | val_loss=0.6486 val_acc=75.82% | lr=3.000000e-06
Saved new best model to /tmp/bow_mlp_imdb_f7_lcoj1.pt
Epoch 7/301 | train_loss=0.6408 train_acc=77.78% | val_loss=0.6381 val_acc=77.38% | lr=3.000000e-06
Saved new best model to /tmp/bow_mlp_imdb_f7_lcoj1.pt
Epoch 8/301 | train_loss=0.6297 train_acc=78.80% | val_loss=0.6277 val_acc=78.14% | lr=3.000000e-06
Saved new best model to /tmp/bow_mlp_imdb_f7_lcoj1.pt
Epoch 9/301 | train_loss=0.6191 train_acc=79.55% | val_loss=0.6179 val_acc=78.94% | lr=3.000000e-06
Saved new best model to /tmp/bow_mlp_imdb_f7_lcoj1.pt
Epoch 10/301 | train_loss=0.6090 train_acc=80.27% | val_loss=0.6086 val_acc=79.74% | lr=3.000000e-06
Saved new best model to /tmp/bow_mlp_imdb_f7_lcoj1.pt
Epoch 11/301 | train_loss=0.5993 train_acc=80.86% | val_loss=0.5997 val_acc=80.12% | lr=3.000000e-06
Saved new best model to /tmp/bow_mlp_imdb_f7_lcoj1.pt
Epoch 12/301 | train_loss=0.5900 train_acc=81.31% | val_loss=0.5912 val_acc=80.60% | lr=3.000000e-06
Saved new best model to /tmp/bow_mlp_imdb_f7_lcoj1.pt
Epoch 13/301 | train_loss=0.5810 train_acc=81.84% | val_loss=0.5827 val_acc=81.08% | lr=3.000000e-06
Saved new best model to /tmp/bow_mlp_imdb_f7_lcoj1.pt
Epoch 14/301 | train_loss=0.5721 train_acc=82.26% | val_loss=0.5747 val_acc=81.42% | lr=3.000000e-06
Saved new best model to /tmp/bow_mlp_imdb_f7_lcoj1.pt
Epoch 15/301 | train_loss=0.5636 train_acc=82.67% | val_loss=0.5670 val_acc=81.80% | lr=3.000000e-06
Saved new best model to /tmp/bow_mlp_imdb_f7_lcoj1.pt
Epoch 16/301 | train_loss=0.5555 train_acc=82.99% | val_loss=0.5596 val_acc=82.06% | lr=3.000000e-06
Saved new best model to /tmp/bow_mlp_imdb_f7_lcoj1.pt
Epoch 17/301 | train_loss=0.5478 train_acc=83.34% | val_loss=0.5526 val_acc=82.50% | lr=3.000000e-06
Saved new best model to /tmp/bow_mlp_imdb_f7_lcoj1.pt
Epoch 18/301 | train_loss=0.5404 train_acc=83.60% | val_loss=0.5459 val_acc=82.88% | lr=3.000000e-06
Saved new best model to /tmp/bow_mlp_imdb_f7_lcoj1.pt
Epoch 19/301 | train_loss=0.5332 train_acc=83.84% | val_loss=0.5393 val_acc=83.02% | lr=3.000000e-06
Saved new best model to /tmp/bow_mlp_imdb_f7_lcoj1.pt
Epoch 20/301 | train_loss=0.5262 train_acc=84.14% | val_loss=0.5331 val_acc=83.14% | lr=3.000000e-06
Saved new best model to /tmp/bow_mlp_imdb_f7_lcoj1.pt
Epoch 21/301 | train_loss=0.5195 train_acc=84.52% | val_loss=0.5270 val_acc=83.48% | lr=3.000000e-06
Saved new best model to /tmp/bow_mlp_imdb_f7_lcoj1.pt
Epoch 22/301 | train_loss=0.5129 train_acc=84.75% | val_loss=0.5212 val_acc=83.82% | lr=3.000000e-06
Saved new best model to /tmp/bow_mlp_imdb_f7_lcoj1.pt
Epoch 23/301 | train_loss=0.5066 train_acc=84.96% | val_loss=0.5155 val_acc=83.94% | lr=3.000000e-06
Saved new best model to /tmp/bow_mlp_imdb_f7_lcoj1.pt
Epoch 24/301 | train_loss=0.5004 train_acc=85.17% | val_loss=0.5100 val_acc=84.10% | lr=3.000000e-06
Saved new best model to /tmp/bow_mlp_imdb_f7_lcoj1.pt
Epoch 25/301 | train_loss=0.4944 train_acc=85.42% | val_loss=0.5046 val_acc=84.38% | lr=3.000000e-06
Saved new best model to /tmp/bow_mlp_imdb_f7_lcoj1.pt
Epoch 26/301 | train_loss=0.4885 train_acc=85.55% | val_loss=0.4994 val_acc=84.42% | lr=3.000000e-06
Saved new best model to /tmp/bow_mlp_imdb_f7_lcoj1.pt
Epoch 27/301 | train_loss=0.4828 train_acc=85.77% | val_loss=0.4943 val_acc=84.64% | lr=3.000000e-06
Saved new best model to /tmp/bow_mlp_imdb_f7_lcoj1.pt
Epoch 28/301 | train_loss=0.4772 train_acc=85.94% | val_loss=0.4894 val_acc=84.78% | lr=3.000000e-06
Saved new best model to /tmp/bow_mlp_imdb_f7_lcoj1.pt
Epoch 29/301 | train_loss=0.4718 train_acc=86.08% | val_loss=0.4846 val_acc=84.88% | lr=3.000000e-06
Saved new best model to /tmp/bow_mlp_imdb_f7_lcoj1.pt
Epoch 30/301 | train_loss=0.4666 train_acc=86.28% | val_loss=0.4800 val_acc=84.98% | lr=3.000000e-06
Saved new best model to /tmp/bow_mlp_imdb_f7_lcoj1.pt
Epoch 31/301 | train_loss=0.4614 train_acc=86.48% | val_loss=0.4754 val_acc=85.06% | lr=3.000000e-06
Saved new best model to /tmp/bow_mlp_imdb_f7_lcoj1.pt
Epoch 32/301 | train_loss=0.4564 train_acc=86.61% | val_loss=0.4710 val_acc=85.10% | lr=3.000000e-06
Saved new best model to /tmp/bow_mlp_imdb_f7_lcoj1.pt
Epoch 33/301 | train_loss=0.4515 train_acc=86.80% | val_loss=0.4667 val_acc=85.28% | lr=3.000000e-06
Saved new best model to /tmp/bow_mlp_imdb_f7_lcoj1.pt
Epoch 34/301 | train_loss=0.4467 train_acc=86.97% | val_loss=0.4626 val_acc=85.42% | lr=3.000000e-06
Saved new best model to /tmp/bow_mlp_imdb_f7_lcoj1.pt
Epoch 35/301 | train_loss=0.4420 train_acc=87.16% | val_loss=0.4584 val_acc=85.46% | lr=3.000000e-06
Saved new best model to /tmp/bow_mlp_imdb_f7_lcoj1.pt
Epoch 36/301 | train_loss=0.4374 train_acc=87.31% | val_loss=0.4544 val_acc=85.54% | lr=3.000000e-06
Saved new best model to /tmp/bow_mlp_imdb_f7_lcoj1.pt
Epoch 37/301 | train_loss=0.4329 train_acc=87.44% | val_loss=0.4506 val_acc=85.60% | lr=3.000000e-06
Saved new best model to /tmp/bow_mlp_imdb_f7_lcoj1.pt
Epoch 38/301 | train_loss=0.4285 train_acc=87.56% | val_loss=0.4468 val_acc=85.68% | lr=3.000000e-06
Saved new best model to /tmp/bow_mlp_imdb_f7_lcoj1.pt
Epoch 39/301 | train_loss=0.4242 train_acc=87.68% | val_loss=0.4430 val_acc=85.84% | lr=3.000000e-06
Saved new best model to /tmp/bow_mlp_imdb_f7_lcoj1.pt
Epoch 40/301 | train_loss=0.4200 train_acc=87.77% | val_loss=0.4395 val_acc=85.96% | lr=3.000000e-06
Saved new best model to /tmp/bow_mlp_imdb_f7_lcoj1.pt
Epoch 41/301 | train_loss=0.4159 train_acc=87.88% | val_loss=0.4359 val_acc=86.04% | lr=3.000000e-06
Saved new best model to /tmp/bow_mlp_imdb_f7_lcoj1.pt
Epoch 42/301 | train_loss=0.4119 train_acc=88.00% | val_loss=0.4325 val_acc=86.08% | lr=3.000000e-06
Saved new best model to /tmp/bow_mlp_imdb_f7_lcoj1.pt
Epoch 43/301 | train_loss=0.4080 train_acc=88.04% | val_loss=0.4292 val_acc=86.24% | lr=3.000000e-06
Saved new best model to /tmp/bow_mlp_imdb_f7_lcoj1.pt
Epoch 44/301 | train_loss=0.4042 train_acc=88.21% | val_loss=0.4260 val_acc=86.24% | lr=3.000000e-06
Epoch 45/301 | train_loss=0.4004 train_acc=88.28% | val_loss=0.4227 val_acc=86.28% | lr=3.000000e-06
Saved new best model to /tmp/bow_mlp_imdb_f7_lcoj1.pt
Epoch 46/301 | train_loss=0.3967 train_acc=88.40% | val_loss=0.4196 val_acc=86.38% | lr=3.000000e-06
Saved new best model to /tmp/bow_mlp_imdb_f7_lcoj1.pt
Epoch 47/301 | train_loss=0.3931 train_acc=88.50% | val_loss=0.4166 val_acc=86.40% | lr=3.000000e-06
Saved new best model to /tmp/bow_mlp_imdb_f7_lcoj1.pt
Epoch 48/301 | train_loss=0.3896 train_acc=88.59% | val_loss=0.4136 val_acc=86.44% | lr=3.000000e-06
Saved new best model to /tmp/bow_mlp_imdb_f7_lcoj1.pt
Epoch 49/301 | train_loss=0.3861 train_acc=88.69% | val_loss=0.4107 val_acc=86.62% | lr=3.000000e-06
Saved new best model to /tmp/bow_mlp_imdb_f7_lcoj1.pt
Epoch 50/301 | train_loss=0.3828 train_acc=88.83% | val_loss=0.4080 val_acc=86.64% | lr=3.000000e-06
Saved new best model to /tmp/bow_mlp_imdb_f7_lcoj1.pt
Epoch 51/301 | train_loss=0.3795 train_acc=88.87% | val_loss=0.4052 val_acc=86.74% | lr=3.000000e-06
Saved new best model to /tmp/bow_mlp_imdb_f7_lcoj1.pt
Epoch 52/301 | train_loss=0.3762 train_acc=88.98% | val_loss=0.4025 val_acc=86.84% | lr=3.000000e-06
Saved new best model to /tmp/bow_mlp_imdb_f7_lcoj1.pt
Epoch 53/301 | train_loss=0.3730 train_acc=89.05% | val_loss=0.3999 val_acc=86.90% | lr=3.000000e-06
Saved new best model to /tmp/bow_mlp_imdb_f7_lcoj1.pt
Epoch 54/301 | train_loss=0.3699 train_acc=89.12% | val_loss=0.3974 val_acc=86.94% | lr=3.000000e-06
Saved new best model to /tmp/bow_mlp_imdb_f7_lcoj1.pt
Epoch 55/301 | train_loss=0.3669 train_acc=89.19% | val_loss=0.3948 val_acc=86.98% | lr=3.000000e-06
Saved new best model to /tmp/bow_mlp_imdb_f7_lcoj1.pt
Epoch 56/301 | train_loss=0.3638 train_acc=89.27% | val_loss=0.3924 val_acc=87.02% | lr=3.000000e-06
Saved new best model to /tmp/bow_mlp_imdb_f7_lcoj1.pt
Epoch 57/301 | train_loss=0.3609 train_acc=89.35% | val_loss=0.3900 val_acc=87.06% | lr=3.000000e-06
Saved new best model to /tmp/bow_mlp_imdb_f7_lcoj1.pt
Epoch 58/301 | train_loss=0.3580 train_acc=89.35% | val_loss=0.3876 val_acc=87.10% | lr=3.000000e-06
Saved new best model to /tmp/bow_mlp_imdb_f7_lcoj1.pt
Epoch 59/301 | train_loss=0.3552 train_acc=89.47% | val_loss=0.3854 val_acc=87.10% | lr=3.000000e-06
Epoch 60/301 | train_loss=0.3523 train_acc=89.61% | val_loss=0.3831 val_acc=87.08% | lr=3.000000e-06
Epoch 61/301 | train_loss=0.3496 train_acc=89.68% | val_loss=0.3809 val_acc=87.18% | lr=3.000000e-06
Saved new best model to /tmp/bow_mlp_imdb_f7_lcoj1.pt
Epoch 62/301 | train_loss=0.3469 train_acc=89.78% | val_loss=0.3788 val_acc=87.20% | lr=3.000000e-06
Saved new best model to /tmp/bow_mlp_imdb_f7_lcoj1.pt
Epoch 63/301 | train_loss=0.3442 train_acc=89.78% | val_loss=0.3766 val_acc=87.24% | lr=3.000000e-06
Saved new best model to /tmp/bow_mlp_imdb_f7_lcoj1.pt
Epoch 64/301 | train_loss=0.3417 train_acc=89.85% | val_loss=0.3746 val_acc=87.32% | lr=3.000000e-06
Saved new best model to /tmp/bow_mlp_imdb_f7_lcoj1.pt
Epoch 65/301 | train_loss=0.3391 train_acc=89.92% | val_loss=0.3726 val_acc=87.40% | lr=3.000000e-06
Saved new best model to /tmp/bow_mlp_imdb_f7_lcoj1.pt
Epoch 66/301 | train_loss=0.3366 train_acc=89.97% | val_loss=0.3707 val_acc=87.50% | lr=3.000000e-06
Saved new best model to /tmp/bow_mlp_imdb_f7_lcoj1.pt
Epoch 67/301 | train_loss=0.3341 train_acc=90.05% | val_loss=0.3687 val_acc=87.56% | lr=3.000000e-06
Saved new best model to /tmp/bow_mlp_imdb_f7_lcoj1.pt
Epoch 68/301 | train_loss=0.3317 train_acc=90.05% | val_loss=0.3669 val_acc=87.48% | lr=3.000000e-06
Epoch 69/301 | train_loss=0.3293 train_acc=90.14% | val_loss=0.3650 val_acc=87.54% | lr=3.000000e-06
Epoch 70/301 | train_loss=0.3269 train_acc=90.17% | val_loss=0.3632 val_acc=87.56% | lr=3.000000e-06
Epoch 71/301 | train_loss=0.3246 train_acc=90.25% | val_loss=0.3614 val_acc=87.54% | lr=3.000000e-06
Epoch 72/301 | train_loss=0.3224 train_acc=90.30% | val_loss=0.3598 val_acc=87.58% | lr=3.000000e-06
Saved new best model to /tmp/bow_mlp_imdb_f7_lcoj1.pt
Epoch 73/301 | train_loss=0.3201 train_acc=90.36% | val_loss=0.3581 val_acc=87.60% | lr=3.000000e-06
Saved new best model to /tmp/bow_mlp_imdb_f7_lcoj1.pt
Epoch 74/301 | train_loss=0.3179 train_acc=90.41% | val_loss=0.3564 val_acc=87.58% | lr=3.000000e-06
Epoch 75/301 | train_loss=0.3157 train_acc=90.48% | val_loss=0.3548 val_acc=87.72% | lr=3.000000e-06
Saved new best model to /tmp/bow_mlp_imdb_f7_lcoj1.pt
Epoch 76/301 | train_loss=0.3136 train_acc=90.59% | val_loss=0.3532 val_acc=87.82% | lr=3.000000e-06
Saved new best model to /tmp/bow_mlp_imdb_f7_lcoj1.pt
Epoch 77/301 | train_loss=0.3115 train_acc=90.60% | val_loss=0.3516 val_acc=87.66% | lr=3.000000e-06
Epoch 78/301 | train_loss=0.3094 train_acc=90.67% | val_loss=0.3501 val_acc=87.76% | lr=3.000000e-06
Epoch 79/301 | train_loss=0.3074 train_acc=90.74% | val_loss=0.3486 val_acc=87.80% | lr=3.000000e-06
Epoch 80/301 | train_loss=0.3054 train_acc=90.75% | val_loss=0.3471 val_acc=87.82% | lr=3.000000e-06
Epoch 81/301 | train_loss=0.3034 train_acc=90.81% | val_loss=0.3457 val_acc=87.86% | lr=3.000000e-06
Saved new best model to /tmp/bow_mlp_imdb_f7_lcoj1.pt
Epoch 82/301 | train_loss=0.3014 train_acc=90.83% | val_loss=0.3443 val_acc=87.90% | lr=3.000000e-06
Saved new best model to /tmp/bow_mlp_imdb_f7_lcoj1.pt
Epoch 83/301 | train_loss=0.2995 train_acc=90.89% | val_loss=0.3429 val_acc=87.90% | lr=3.000000e-06
Epoch 84/301 | train_loss=0.2976 train_acc=90.93% | val_loss=0.3415 val_acc=87.86% | lr=3.000000e-06
Epoch 85/301 | train_loss=0.2957 train_acc=91.01% | val_loss=0.3402 val_acc=87.94% | lr=3.000000e-06
Saved new best model to /tmp/bow_mlp_imdb_f7_lcoj1.pt
Epoch 86/301 | train_loss=0.2938 train_acc=91.07% | val_loss=0.3389 val_acc=87.94% | lr=3.000000e-06
Epoch 87/301 | train_loss=0.2920 train_acc=91.09% | val_loss=0.3376 val_acc=88.00% | lr=3.000000e-06
Saved new best model to /tmp/bow_mlp_imdb_f7_lcoj1.pt
Epoch 88/301 | train_loss=0.2902 train_acc=91.16% | val_loss=0.3363 val_acc=88.02% | lr=3.000000e-06
Saved new best model to /tmp/bow_mlp_imdb_f7_lcoj1.pt
Epoch 89/301 | train_loss=0.2884 train_acc=91.23% | val_loss=0.3351 val_acc=88.00% | lr=3.000000e-06
Epoch 90/301 | train_loss=0.2867 train_acc=91.25% | val_loss=0.3339 val_acc=88.06% | lr=3.000000e-06
Saved new best model to /tmp/bow_mlp_imdb_f7_lcoj1.pt
Epoch 91/301 | train_loss=0.2850 train_acc=91.29% | val_loss=0.3327 val_acc=88.08% | lr=3.000000e-06
Saved new best model to /tmp/bow_mlp_imdb_f7_lcoj1.pt
Epoch 92/301 | train_loss=0.2832 train_acc=91.38% | val_loss=0.3317 val_acc=88.20% | lr=3.000000e-06
Saved new best model to /tmp/bow_mlp_imdb_f7_lcoj1.pt
Epoch 93/301 | train_loss=0.2815 train_acc=91.44% | val_loss=0.3304 val_acc=88.12% | lr=3.000000e-06
Epoch 94/301 | train_loss=0.2799 train_acc=91.49% | val_loss=0.3293 val_acc=88.12% | lr=3.000000e-06
Epoch 95/301 | train_loss=0.2782 train_acc=91.55% | val_loss=0.3282 val_acc=88.16% | lr=3.000000e-06
Epoch 96/301 | train_loss=0.2766 train_acc=91.58% | val_loss=0.3271 val_acc=88.20% | lr=3.000000e-06
Epoch 97/301 | train_loss=0.2749 train_acc=91.62% | val_loss=0.3260 val_acc=88.20% | lr=3.000000e-06
Epoch 98/301 | train_loss=0.2734 train_acc=91.69% | val_loss=0.3249 val_acc=88.18% | lr=3.000000e-06
Epoch 99/301 | train_loss=0.2718 train_acc=91.73% | val_loss=0.3239 val_acc=88.20% | lr=3.000000e-06
Epoch 100/301 | train_loss=0.2702 train_acc=91.77% | val_loss=0.3229 val_acc=88.28% | lr=3.000000e-06
Saved new best model to /tmp/bow_mlp_imdb_f7_lcoj1.pt
Epoch 101/301 | train_loss=0.2687 train_acc=91.81% | val_loss=0.3219 val_acc=88.36% | lr=3.000000e-06
Saved new best model to /tmp/bow_mlp_imdb_f7_lcoj1.pt
Epoch 102/301 | train_loss=0.2672 train_acc=91.87% | val_loss=0.3210 val_acc=88.40% | lr=3.000000e-06
Saved new best model to /tmp/bow_mlp_imdb_f7_lcoj1.pt
Epoch 103/301 | train_loss=0.2657 train_acc=91.86% | val_loss=0.3200 val_acc=88.42% | lr=3.000000e-06
Saved new best model to /tmp/bow_mlp_imdb_f7_lcoj1.pt
Epoch 104/301 | train_loss=0.2642 train_acc=91.94% | val_loss=0.3192 val_acc=88.50% | lr=3.000000e-06
Saved new best model to /tmp/bow_mlp_imdb_f7_lcoj1.pt
Epoch 105/301 | train_loss=0.2627 train_acc=92.00% | val_loss=0.3183 val_acc=88.52% | lr=3.000000e-06
Saved new best model to /tmp/bow_mlp_imdb_f7_lcoj1.pt
Epoch 106/301 | train_loss=0.2613 train_acc=92.03% | val_loss=0.3172 val_acc=88.56% | lr=3.000000e-06
Saved new best model to /tmp/bow_mlp_imdb_f7_lcoj1.pt
Epoch 107/301 | train_loss=0.2598 train_acc=92.09% | val_loss=0.3163 val_acc=88.60% | lr=3.000000e-06
Saved new best model to /tmp/bow_mlp_imdb_f7_lcoj1.pt
Epoch 108/301 | train_loss=0.2584 train_acc=92.11% | val_loss=0.3155 val_acc=88.60% | lr=3.000000e-06
Epoch 109/301 | train_loss=0.2570 train_acc=92.16% | val_loss=0.3146 val_acc=88.62% | lr=3.000000e-06
Saved new best model to /tmp/bow_mlp_imdb_f7_lcoj1.pt
Epoch 110/301 | train_loss=0.2556 train_acc=92.19% | val_loss=0.3138 val_acc=88.62% | lr=3.000000e-06
Epoch 111/301 | train_loss=0.2542 train_acc=92.23% | val_loss=0.3129 val_acc=88.64% | lr=3.000000e-06
Saved new best model to /tmp/bow_mlp_imdb_f7_lcoj1.pt
Epoch 112/301 | train_loss=0.2529 train_acc=92.31% | val_loss=0.3122 val_acc=88.66% | lr=3.000000e-06
Saved new best model to /tmp/bow_mlp_imdb_f7_lcoj1.pt
Epoch 113/301 | train_loss=0.2515 train_acc=92.31% | val_loss=0.3113 val_acc=88.62% | lr=3.000000e-06
Epoch 114/301 | train_loss=0.2502 train_acc=92.33% | val_loss=0.3106 val_acc=88.62% | lr=3.000000e-06
Epoch 115/301 | train_loss=0.2489 train_acc=92.43% | val_loss=0.3098 val_acc=88.62% | lr=3.000000e-06
Epoch 116/301 | train_loss=0.2476 train_acc=92.45% | val_loss=0.3090 val_acc=88.68% | lr=3.000000e-06
Saved new best model to /tmp/bow_mlp_imdb_f7_lcoj1.pt
Epoch 117/301 | train_loss=0.2463 train_acc=92.45% | val_loss=0.3083 val_acc=88.60% | lr=3.000000e-06
Epoch 118/301 | train_loss=0.2450 train_acc=92.51% | val_loss=0.3076 val_acc=88.62% | lr=3.000000e-06
Epoch 119/301 | train_loss=0.2437 train_acc=92.52% | val_loss=0.3068 val_acc=88.68% | lr=3.000000e-06
Epoch 120/301 | train_loss=0.2425 train_acc=92.59% | val_loss=0.3061 val_acc=88.72% | lr=3.000000e-06
Saved new best model to /tmp/bow_mlp_imdb_f7_lcoj1.pt
Epoch 121/301 | train_loss=0.2413 train_acc=92.61% | val_loss=0.3055 val_acc=88.70% | lr=3.000000e-06
Epoch 122/301 | train_loss=0.2400 train_acc=92.66% | val_loss=0.3047 val_acc=88.68% | lr=3.000000e-06
Epoch 123/301 | train_loss=0.2388 train_acc=92.64% | val_loss=0.3041 val_acc=88.66% | lr=3.000000e-06
Epoch 124/301 | train_loss=0.2376 train_acc=92.72% | val_loss=0.3034 val_acc=88.70% | lr=3.000000e-06
Epoch 125/301 | train_loss=0.2364 train_acc=92.78% | val_loss=0.3027 val_acc=88.72% | lr=3.000000e-06
Epoch 126/301 | train_loss=0.2352 train_acc=92.80% | val_loss=0.3020 val_acc=88.74% | lr=3.000000e-06
Saved new best model to /tmp/bow_mlp_imdb_f7_lcoj1.pt
Epoch 127/301 | train_loss=0.2340 train_acc=92.85% | val_loss=0.3014 val_acc=88.72% | lr=3.000000e-06
Epoch 128/301 | train_loss=0.2329 train_acc=92.88% | val_loss=0.3008 val_acc=88.72% | lr=3.000000e-06
Epoch 129/301 | train_loss=0.2317 train_acc=92.90% | val_loss=0.3002 val_acc=88.74% | lr=3.000000e-06
Epoch 130/301 | train_loss=0.2305 train_acc=92.93% | val_loss=0.2996 val_acc=88.74% | lr=3.000000e-06
Epoch 131/301 | train_loss=0.2294 train_acc=93.01% | val_loss=0.2990 val_acc=88.76% | lr=3.000000e-06
Saved new best model to /tmp/bow_mlp_imdb_f7_lcoj1.pt
Epoch 132/301 | train_loss=0.2283 train_acc=93.01% | val_loss=0.2985 val_acc=88.80% | lr=3.000000e-06
Saved new best model to /tmp/bow_mlp_imdb_f7_lcoj1.pt
Epoch 133/301 | train_loss=0.2272 train_acc=93.09% | val_loss=0.2978 val_acc=88.84% | lr=3.000000e-06
Saved new best model to /tmp/bow_mlp_imdb_f7_lcoj1.pt
Epoch 134/301 | train_loss=0.2260 train_acc=93.09% | val_loss=0.2974 val_acc=88.86% | lr=3.000000e-06
Saved new best model to /tmp/bow_mlp_imdb_f7_lcoj1.pt
Epoch 135/301 | train_loss=0.2249 train_acc=93.14% | val_loss=0.2967 val_acc=88.80% | lr=3.000000e-06
Epoch 136/301 | train_loss=0.2239 train_acc=93.20% | val_loss=0.2962 val_acc=88.82% | lr=3.000000e-06
Epoch 137/301 | train_loss=0.2228 train_acc=93.18% | val_loss=0.2957 val_acc=88.94% | lr=3.000000e-06
Saved new best model to /tmp/bow_mlp_imdb_f7_lcoj1.pt
Epoch 138/301 | train_loss=0.2217 train_acc=93.27% | val_loss=0.2952 val_acc=88.94% | lr=3.000000e-06
Epoch 139/301 | train_loss=0.2207 train_acc=93.29% | val_loss=0.2947 val_acc=88.92% | lr=3.000000e-06
Epoch 140/301 | train_loss=0.2196 train_acc=93.35% | val_loss=0.2941 val_acc=88.90% | lr=3.000000e-06
Epoch 141/301 | train_loss=0.2185 train_acc=93.32% | val_loss=0.2937 val_acc=88.94% | lr=3.000000e-06
Epoch 142/301 | train_loss=0.2175 train_acc=93.39% | val_loss=0.2931 val_acc=88.96% | lr=3.000000e-06
Saved new best model to /tmp/bow_mlp_imdb_f7_lcoj1.pt
Epoch 143/301 | train_loss=0.2165 train_acc=93.46% | val_loss=0.2926 val_acc=88.96% | lr=3.000000e-06
Epoch 144/301 | train_loss=0.2155 train_acc=93.45% | val_loss=0.2922 val_acc=88.98% | lr=3.000000e-06
Saved new best model to /tmp/bow_mlp_imdb_f7_lcoj1.pt
Epoch 145/301 | train_loss=0.2144 train_acc=93.47% | val_loss=0.2919 val_acc=89.12% | lr=3.000000e-06
Saved new best model to /tmp/bow_mlp_imdb_f7_lcoj1.pt
Epoch 146/301 | train_loss=0.2135 train_acc=93.52% | val_loss=0.2913 val_acc=89.00% | lr=3.000000e-06
Epoch 147/301 | train_loss=0.2124 train_acc=93.53% | val_loss=0.2908 val_acc=89.06% | lr=3.000000e-06
Epoch 148/301 | train_loss=0.2115 train_acc=93.58% | val_loss=0.2904 val_acc=89.08% | lr=3.000000e-06
Epoch 149/301 | train_loss=0.2105 train_acc=93.61% | val_loss=0.2898 val_acc=89.04% | lr=3.000000e-06
Epoch 150/301 | train_loss=0.2095 train_acc=93.64% | val_loss=0.2895 val_acc=89.10% | lr=3.000000e-06
Epoch 151/301 | train_loss=0.2085 train_acc=93.68% | val_loss=0.2890 val_acc=89.08% | lr=3.000000e-06
Epoch 152/301 | train_loss=0.2076 train_acc=93.71% | val_loss=0.2886 val_acc=89.10% | lr=3.000000e-06
Epoch 153/301 | train_loss=0.2066 train_acc=93.72% | val_loss=0.2882 val_acc=89.12% | lr=3.000000e-06
Epoch 154/301 | train_loss=0.2057 train_acc=93.78% | val_loss=0.2879 val_acc=89.10% | lr=3.000000e-06
Epoch 155/301 | train_loss=0.2047 train_acc=93.78% | val_loss=0.2874 val_acc=89.08% | lr=3.000000e-06
Epoch 156/301 | train_loss=0.2038 train_acc=93.82% | val_loss=0.2870 val_acc=89.12% | lr=3.000000e-06
Epoch 157/301 | train_loss=0.2029 train_acc=93.81% | val_loss=0.2866 val_acc=89.14% | lr=3.000000e-06
Saved new best model to /tmp/bow_mlp_imdb_f7_lcoj1.pt
Epoch 158/301 | train_loss=0.2020 train_acc=93.88% | val_loss=0.2863 val_acc=89.14% | lr=3.000000e-06
Epoch 159/301 | train_loss=0.2011 train_acc=93.89% | val_loss=0.2859 val_acc=89.18% | lr=3.000000e-06
Saved new best model to /tmp/bow_mlp_imdb_f7_lcoj1.pt
Epoch 160/301 | train_loss=0.2002 train_acc=93.92% | val_loss=0.2856 val_acc=89.22% | lr=3.000000e-06
Saved new best model to /tmp/bow_mlp_imdb_f7_lcoj1.pt
Epoch 161/301 | train_loss=0.1992 train_acc=93.96% | val_loss=0.2853 val_acc=89.16% | lr=3.000000e-06
Epoch 162/301 | train_loss=0.1984 train_acc=93.99% | val_loss=0.2849 val_acc=89.14% | lr=3.000000e-06
Epoch 163/301 | train_loss=0.1975 train_acc=94.03% | val_loss=0.2845 val_acc=89.16% | lr=3.000000e-06
Epoch 164/301 | train_loss=0.1966 train_acc=94.08% | val_loss=0.2841 val_acc=89.16% | lr=3.000000e-06
Epoch 165/301 | train_loss=0.1958 train_acc=94.09% | val_loss=0.2839 val_acc=89.16% | lr=3.000000e-06
Epoch 166/301 | train_loss=0.1949 train_acc=94.14% | val_loss=0.2835 val_acc=89.20% | lr=3.000000e-06
Epoch 167/301 | train_loss=0.1940 train_acc=94.19% | val_loss=0.2832 val_acc=89.18% | lr=3.000000e-06
Epoch 168/301 | train_loss=0.1932 train_acc=94.19% | val_loss=0.2829 val_acc=89.16% | lr=3.000000e-06
Epoch 169/301 | train_loss=0.1923 train_acc=94.23% | val_loss=0.2825 val_acc=89.22% | lr=3.000000e-06
Epoch 170/301 | train_loss=0.1915 train_acc=94.27% | val_loss=0.2823 val_acc=89.18% | lr=3.000000e-06
Epoch 171/301 | train_loss=0.1907 train_acc=94.28% | val_loss=0.2820 val_acc=89.22% | lr=3.000000e-06
Epoch 172/301 | train_loss=0.1898 train_acc=94.30% | val_loss=0.2817 val_acc=89.20% | lr=3.000000e-06
Epoch 173/301 | train_loss=0.1890 train_acc=94.31% | val_loss=0.2815 val_acc=89.22% | lr=3.000000e-06
Epoch 174/301 | train_loss=0.1882 train_acc=94.34% | val_loss=0.2811 val_acc=89.20% | lr=3.000000e-06
Epoch 175/301 | train_loss=0.1873 train_acc=94.38% | val_loss=0.2809 val_acc=89.24% | lr=3.000000e-06
Saved new best model to /tmp/bow_mlp_imdb_f7_lcoj1.pt
Epoch 176/301 | train_loss=0.1865 train_acc=94.41% | val_loss=0.2806 val_acc=89.18% | lr=3.000000e-06
Epoch 177/301 | train_loss=0.1857 train_acc=94.45% | val_loss=0.2803 val_acc=89.14% | lr=3.000000e-06
Epoch 178/301 | train_loss=0.1849 train_acc=94.48% | val_loss=0.2801 val_acc=89.16% | lr=3.000000e-06
Epoch 179/301 | train_loss=0.1841 train_acc=94.49% | val_loss=0.2800 val_acc=89.22% | lr=3.000000e-06
Epoch 180/301 | train_loss=0.1833 train_acc=94.53% | val_loss=0.2795 val_acc=89.16% | lr=3.000000e-06
Epoch 181/301 | train_loss=0.1825 train_acc=94.56% | val_loss=0.2794 val_acc=89.30% | lr=3.000000e-06
Saved new best model to /tmp/bow_mlp_imdb_f7_lcoj1.pt
Epoch 182/301 | train_loss=0.1817 train_acc=94.62% | val_loss=0.2790 val_acc=89.24% | lr=3.000000e-06
Epoch 183/301 | train_loss=0.1810 train_acc=94.58% | val_loss=0.2788 val_acc=89.24% | lr=3.000000e-06
Epoch 184/301 | train_loss=0.1802 train_acc=94.64% | val_loss=0.2786 val_acc=89.30% | lr=3.000000e-06
Epoch 185/301 | train_loss=0.1794 train_acc=94.65% | val_loss=0.2784 val_acc=89.34% | lr=3.000000e-06
Saved new best model to /tmp/bow_mlp_imdb_f7_lcoj1.pt
Epoch 186/301 | train_loss=0.1787 train_acc=94.66% | val_loss=0.2782 val_acc=89.36% | lr=3.000000e-06
Saved new best model to /tmp/bow_mlp_imdb_f7_lcoj1.pt
Epoch 187/301 | train_loss=0.1779 train_acc=94.69% | val_loss=0.2780 val_acc=89.36% | lr=3.000000e-06
Epoch 188/301 | train_loss=0.1772 train_acc=94.72% | val_loss=0.2778 val_acc=89.40% | lr=3.000000e-06
Saved new best model to /tmp/bow_mlp_imdb_f7_lcoj1.pt
Epoch 189/301 | train_loss=0.1764 train_acc=94.77% | val_loss=0.2775 val_acc=89.36% | lr=3.000000e-06
Epoch 190/301 | train_loss=0.1757 train_acc=94.79% | val_loss=0.2774 val_acc=89.38% | lr=3.000000e-06
Epoch 191/301 | train_loss=0.1749 train_acc=94.80% | val_loss=0.2771 val_acc=89.38% | lr=3.000000e-06
Epoch 192/301 | train_loss=0.1742 train_acc=94.82% | val_loss=0.2769 val_acc=89.34% | lr=3.000000e-06
Epoch 193/301 | train_loss=0.1734 train_acc=94.86% | val_loss=0.2768 val_acc=89.38% | lr=3.000000e-06
Epoch 194/301 | train_loss=0.1727 train_acc=94.89% | val_loss=0.2766 val_acc=89.34% | lr=3.000000e-06
Epoch 195/301 | train_loss=0.1720 train_acc=94.90% | val_loss=0.2763 val_acc=89.38% | lr=3.000000e-06
Epoch 196/301 | train_loss=0.1713 train_acc=94.92% | val_loss=0.2762 val_acc=89.38% | lr=3.000000e-06
Epoch 197/301 | train_loss=0.1706 train_acc=94.97% | val_loss=0.2760 val_acc=89.36% | lr=3.000000e-06
Epoch 198/301 | train_loss=0.1698 train_acc=94.97% | val_loss=0.2758 val_acc=89.38% | lr=3.000000e-06
Epoch 199/301 | train_loss=0.1691 train_acc=95.02% | val_loss=0.2756 val_acc=89.40% | lr=3.000000e-06
Epoch 200/301 | train_loss=0.1684 train_acc=95.05% | val_loss=0.2755 val_acc=89.40% | lr=3.000000e-06
Epoch 201/301 | train_loss=0.1677 train_acc=95.08% | val_loss=0.2752 val_acc=89.34% | lr=3.000000e-06
Epoch 202/301 | train_loss=0.1670 train_acc=95.09% | val_loss=0.2751 val_acc=89.36% | lr=3.000000e-06
Epoch 203/301 | train_loss=0.1664 train_acc=95.12% | val_loss=0.2749 val_acc=89.32% | lr=3.000000e-06
Epoch 204/301 | train_loss=0.1656 train_acc=95.14% | val_loss=0.2749 val_acc=89.32% | lr=3.000000e-06
Epoch 205/301 | train_loss=0.1650 train_acc=95.17% | val_loss=0.2747 val_acc=89.28% | lr=3.000000e-06
Epoch 206/301 | train_loss=0.1643 train_acc=95.18% | val_loss=0.2746 val_acc=89.30% | lr=3.000000e-06
Epoch 207/301 | train_loss=0.1637 train_acc=95.19% | val_loss=0.2744 val_acc=89.34% | lr=3.000000e-06
Epoch 208/301 | train_loss=0.1629 train_acc=95.17% | val_loss=0.2742 val_acc=89.28% | lr=3.000000e-06
Epoch 209/301 | train_loss=0.1623 train_acc=95.25% | val_loss=0.2743 val_acc=89.24% | lr=3.000000e-06
Epoch 210/301 | train_loss=0.1616 train_acc=95.25% | val_loss=0.2740 val_acc=89.28% | lr=3.000000e-06
Epoch 211/301 | train_loss=0.1609 train_acc=95.28% | val_loss=0.2739 val_acc=89.26% | lr=3.000000e-06
Epoch 212/301 | train_loss=0.1603 train_acc=95.28% | val_loss=0.2738 val_acc=89.26% | lr=3.000000e-06
Epoch 213/301 | train_loss=0.1596 train_acc=95.32% | val_loss=0.2737 val_acc=89.26% | lr=3.000000e-06
Epoch 214/301 | train_loss=0.1590 train_acc=95.33% | val_loss=0.2737 val_acc=89.28% | lr=3.000000e-06
Epoch 215/301 | train_loss=0.1583 train_acc=95.36% | val_loss=0.2736 val_acc=89.28% | lr=3.000000e-06
Epoch 216/301 | train_loss=0.1577 train_acc=95.36% | val_loss=0.2734 val_acc=89.28% | lr=3.000000e-06
Epoch 217/301 | train_loss=0.1571 train_acc=95.38% | val_loss=0.2732 val_acc=89.30% | lr=3.000000e-06
Epoch 218/301 | train_loss=0.1564 train_acc=95.40% | val_loss=0.2731 val_acc=89.32% | lr=3.000000e-06
Epoch 219/301 | train_loss=0.1558 train_acc=95.40% | val_loss=0.2730 val_acc=89.32% | lr=3.000000e-06
Epoch 220/301 | train_loss=0.1551 train_acc=95.48% | val_loss=0.2730 val_acc=89.28% | lr=3.000000e-06
Epoch 221/301 | train_loss=0.1545 train_acc=95.51% | val_loss=0.2729 val_acc=89.30% | lr=3.000000e-06
Epoch 222/301 | train_loss=0.1539 train_acc=95.50% | val_loss=0.2728 val_acc=89.28% | lr=3.000000e-06
Epoch 223/301 | train_loss=0.1533 train_acc=95.54% | val_loss=0.2726 val_acc=89.36% | lr=3.000000e-06
Epoch 224/301 | train_loss=0.1527 train_acc=95.52% | val_loss=0.2726 val_acc=89.34% | lr=3.000000e-06
Epoch 225/301 | train_loss=0.1521 train_acc=95.55% | val_loss=0.2725 val_acc=89.36% | lr=3.000000e-06
Epoch 226/301 | train_loss=0.1514 train_acc=95.58% | val_loss=0.2725 val_acc=89.34% | lr=3.000000e-06
Epoch 227/301 | train_loss=0.1509 train_acc=95.60% | val_loss=0.2725 val_acc=89.32% | lr=3.000000e-06
Epoch 228/301 | train_loss=0.1503 train_acc=95.60% | val_loss=0.2725 val_acc=89.34% | lr=3.000000e-06
Epoch 229/301 | train_loss=0.1496 train_acc=95.63% | val_loss=0.2723 val_acc=89.32% | lr=3.000000e-06
Epoch 230/301 | train_loss=0.1491 train_acc=95.65% | val_loss=0.2722 val_acc=89.38% | lr=3.000000e-06
Epoch 231/301 | train_loss=0.1485 train_acc=95.68% | val_loss=0.2721 val_acc=89.42% | lr=3.000000e-06
Saved new best model to /tmp/bow_mlp_imdb_f7_lcoj1.pt
Epoch 232/301 | train_loss=0.1479 train_acc=95.67% | val_loss=0.2721 val_acc=89.36% | lr=3.000000e-06
Epoch 233/301 | train_loss=0.1473 train_acc=95.73% | val_loss=0.2721 val_acc=89.34% | lr=3.000000e-06
Epoch 234/301 | train_loss=0.1467 train_acc=95.73% | val_loss=0.2721 val_acc=89.34% | lr=3.000000e-06
Epoch 235/301 | train_loss=0.1461 train_acc=95.77% | val_loss=0.2719 val_acc=89.36% | lr=3.000000e-06
Epoch 236/301 | train_loss=0.1455 train_acc=95.78% | val_loss=0.2719 val_acc=89.40% | lr=3.000000e-06
Epoch 237/301 | train_loss=0.1450 train_acc=95.81% | val_loss=0.2719 val_acc=89.40% | lr=3.000000e-06
Epoch 238/301 | train_loss=0.1444 train_acc=95.80% | val_loss=0.2717 val_acc=89.38% | lr=3.000000e-06
Epoch 239/301 | train_loss=0.1438 train_acc=95.85% | val_loss=0.2718 val_acc=89.38% | lr=3.000000e-06
Epoch 240/301 | train_loss=0.1432 train_acc=95.84% | val_loss=0.2717 val_acc=89.40% | lr=3.000000e-06
Epoch 241/301 | train_loss=0.1427 train_acc=95.91% | val_loss=0.2717 val_acc=89.44% | lr=3.000000e-06
Saved new best model to /tmp/bow_mlp_imdb_f7_lcoj1.pt
Epoch 242/301 | train_loss=0.1421 train_acc=95.89% | val_loss=0.2716 val_acc=89.42% | lr=3.000000e-06
Epoch 243/301 | train_loss=0.1415 train_acc=95.91% | val_loss=0.2716 val_acc=89.44% | lr=3.000000e-06
Epoch 244/301 | train_loss=0.1410 train_acc=95.94% | val_loss=0.2716 val_acc=89.38% | lr=3.000000e-06
Epoch 245/301 | train_loss=0.1404 train_acc=95.98% | val_loss=0.2716 val_acc=89.44% | lr=3.000000e-06
Epoch 246/301 | train_loss=0.1399 train_acc=95.98% | val_loss=0.2717 val_acc=89.40% | lr=3.000000e-06
Epoch 247/301 | train_loss=0.1393 train_acc=96.02% | val_loss=0.2716 val_acc=89.40% | lr=3.000000e-06
Epoch 248/301 | train_loss=0.1387 train_acc=96.03% | val_loss=0.2716 val_acc=89.42% | lr=3.000000e-06
Epoch 249/301 | train_loss=0.1382 train_acc=96.08% | val_loss=0.2716 val_acc=89.40% | lr=3.000000e-06
Epoch 250/301 | train_loss=0.1376 train_acc=96.06% | val_loss=0.2715 val_acc=89.36% | lr=3.000000e-06
Epoch 251/301 | train_loss=0.1371 train_acc=96.10% | val_loss=0.2716 val_acc=89.40% | lr=3.000000e-06
Epoch 252/301 | train_loss=0.1366 train_acc=96.08% | val_loss=0.2715 val_acc=89.38% | lr=3.000000e-06
Epoch 253/301 | train_loss=0.1360 train_acc=96.13% | val_loss=0.2715 val_acc=89.40% | lr=3.000000e-06
Epoch 254/301 | train_loss=0.1355 train_acc=96.13% | val_loss=0.2716 val_acc=89.44% | lr=3.000000e-06
Epoch 255/301 | train_loss=0.1350 train_acc=96.18% | val_loss=0.2716 val_acc=89.44% | lr=3.000000e-06
Epoch 256/301 | train_loss=0.1344 train_acc=96.22% | val_loss=0.2715 val_acc=89.44% | lr=3.000000e-06
Epoch 257/301 | train_loss=0.1339 train_acc=96.23% | val_loss=0.2717 val_acc=89.40% | lr=3.000000e-06
Epoch 258/301 | train_loss=0.1334 train_acc=96.28% | val_loss=0.2716 val_acc=89.44% | lr=3.000000e-06
Validation loss has not improved for 8 epochs. Stopping training.
Test loss=0.3006 | Test accuracy=88.01%
