Loading IMDb dataset from local disk: /home/daniel/l/masteruppsats/np-reg/language/data/imdb_hf
Using device: cuda
BoW vocab size: 12500
Epoch 1/301 | train_loss=0.6812 train_acc=61.39% | val_loss=0.6616 val_acc=74.00% | lr=1.000000e-05
Saved new best model to /tmp/bow_mlp_imdb_b8wrrrrp.pt
Epoch 2/301 | train_loss=0.6355 train_acc=76.87% | val_loss=0.6112 val_acc=79.32% | lr=1.000000e-05
Saved new best model to /tmp/bow_mlp_imdb_b8wrrrrp.pt
Epoch 3/301 | train_loss=0.5852 train_acc=80.66% | val_loss=0.5691 val_acc=81.42% | lr=1.000000e-05
Saved new best model to /tmp/bow_mlp_imdb_b8wrrrrp.pt
Epoch 4/301 | train_loss=0.5437 train_acc=82.90% | val_loss=0.5320 val_acc=83.44% | lr=1.000000e-05
Saved new best model to /tmp/bow_mlp_imdb_b8wrrrrp.pt
Epoch 5/301 | train_loss=0.5080 train_acc=84.40% | val_loss=0.5017 val_acc=84.50% | lr=1.000000e-05
Saved new best model to /tmp/bow_mlp_imdb_b8wrrrrp.pt
Epoch 6/301 | train_loss=0.4775 train_acc=85.54% | val_loss=0.4761 val_acc=85.06% | lr=1.000000e-05
Saved new best model to /tmp/bow_mlp_imdb_b8wrrrrp.pt
Epoch 7/301 | train_loss=0.4517 train_acc=86.32% | val_loss=0.4541 val_acc=85.64% | lr=1.000000e-05
Saved new best model to /tmp/bow_mlp_imdb_b8wrrrrp.pt
Epoch 8/301 | train_loss=0.4281 train_acc=87.09% | val_loss=0.4349 val_acc=85.86% | lr=1.000000e-05
Saved new best model to /tmp/bow_mlp_imdb_b8wrrrrp.pt
Epoch 9/301 | train_loss=0.4076 train_acc=87.69% | val_loss=0.4184 val_acc=86.48% | lr=1.000000e-05
Saved new best model to /tmp/bow_mlp_imdb_b8wrrrrp.pt
Epoch 10/301 | train_loss=0.3896 train_acc=88.12% | val_loss=0.4041 val_acc=87.02% | lr=1.000000e-05
Saved new best model to /tmp/bow_mlp_imdb_b8wrrrrp.pt
Epoch 11/301 | train_loss=0.3746 train_acc=88.61% | val_loss=0.3914 val_acc=87.16% | lr=1.000000e-05
Saved new best model to /tmp/bow_mlp_imdb_b8wrrrrp.pt
Epoch 12/301 | train_loss=0.3592 train_acc=89.03% | val_loss=0.3800 val_acc=87.20% | lr=1.000000e-05
Saved new best model to /tmp/bow_mlp_imdb_b8wrrrrp.pt
Epoch 13/301 | train_loss=0.3466 train_acc=89.35% | val_loss=0.3702 val_acc=87.40% | lr=1.000000e-05
Saved new best model to /tmp/bow_mlp_imdb_b8wrrrrp.pt
Epoch 14/301 | train_loss=0.3340 train_acc=89.65% | val_loss=0.3609 val_acc=87.46% | lr=1.000000e-05
Saved new best model to /tmp/bow_mlp_imdb_b8wrrrrp.pt
Epoch 15/301 | train_loss=0.3229 train_acc=90.04% | val_loss=0.3530 val_acc=87.46% | lr=1.000000e-05
Epoch 16/301 | train_loss=0.3136 train_acc=90.22% | val_loss=0.3456 val_acc=87.76% | lr=1.000000e-05
Saved new best model to /tmp/bow_mlp_imdb_b8wrrrrp.pt
Epoch 17/301 | train_loss=0.3038 train_acc=90.45% | val_loss=0.3390 val_acc=87.96% | lr=1.000000e-05
Saved new best model to /tmp/bow_mlp_imdb_b8wrrrrp.pt
Epoch 18/301 | train_loss=0.2956 train_acc=90.77% | val_loss=0.3331 val_acc=88.16% | lr=1.000000e-05
Saved new best model to /tmp/bow_mlp_imdb_b8wrrrrp.pt
Epoch 19/301 | train_loss=0.2867 train_acc=91.11% | val_loss=0.3278 val_acc=88.18% | lr=1.000000e-05
Saved new best model to /tmp/bow_mlp_imdb_b8wrrrrp.pt
Epoch 20/301 | train_loss=0.2804 train_acc=91.14% | val_loss=0.3227 val_acc=88.36% | lr=1.000000e-05
Saved new best model to /tmp/bow_mlp_imdb_b8wrrrrp.pt
Epoch 21/301 | train_loss=0.2720 train_acc=91.43% | val_loss=0.3182 val_acc=88.54% | lr=1.000000e-05
Saved new best model to /tmp/bow_mlp_imdb_b8wrrrrp.pt
Epoch 22/301 | train_loss=0.2643 train_acc=91.64% | val_loss=0.3140 val_acc=88.66% | lr=1.000000e-05
Saved new best model to /tmp/bow_mlp_imdb_b8wrrrrp.pt
Epoch 23/301 | train_loss=0.2591 train_acc=91.70% | val_loss=0.3102 val_acc=88.64% | lr=1.000000e-05
Epoch 24/301 | train_loss=0.2513 train_acc=92.05% | val_loss=0.3066 val_acc=88.62% | lr=1.000000e-05
Epoch 25/301 | train_loss=0.2463 train_acc=92.26% | val_loss=0.3034 val_acc=88.58% | lr=1.000000e-05
Epoch 26/301 | train_loss=0.2400 train_acc=92.36% | val_loss=0.3004 val_acc=88.64% | lr=1.000000e-05
Epoch 27/301 | train_loss=0.2351 train_acc=92.50% | val_loss=0.2979 val_acc=88.76% | lr=1.000000e-05
Saved new best model to /tmp/bow_mlp_imdb_b8wrrrrp.pt
Epoch 28/301 | train_loss=0.2297 train_acc=92.84% | val_loss=0.2951 val_acc=88.76% | lr=1.000000e-05
Epoch 29/301 | train_loss=0.2244 train_acc=92.85% | val_loss=0.2930 val_acc=88.66% | lr=1.000000e-05
Epoch 30/301 | train_loss=0.2202 train_acc=93.04% | val_loss=0.2908 val_acc=89.00% | lr=1.000000e-05
Saved new best model to /tmp/bow_mlp_imdb_b8wrrrrp.pt
Epoch 31/301 | train_loss=0.2154 train_acc=93.20% | val_loss=0.2886 val_acc=89.04% | lr=1.000000e-05
Saved new best model to /tmp/bow_mlp_imdb_b8wrrrrp.pt
Epoch 32/301 | train_loss=0.2108 train_acc=93.36% | val_loss=0.2867 val_acc=89.12% | lr=1.000000e-05
Saved new best model to /tmp/bow_mlp_imdb_b8wrrrrp.pt
Epoch 33/301 | train_loss=0.2065 train_acc=93.62% | val_loss=0.2850 val_acc=89.14% | lr=1.000000e-05
Saved new best model to /tmp/bow_mlp_imdb_b8wrrrrp.pt
Epoch 34/301 | train_loss=0.2024 train_acc=93.73% | val_loss=0.2839 val_acc=89.24% | lr=1.000000e-05
Saved new best model to /tmp/bow_mlp_imdb_b8wrrrrp.pt
Epoch 35/301 | train_loss=0.1979 train_acc=93.80% | val_loss=0.2820 val_acc=89.16% | lr=1.000000e-05
Epoch 36/301 | train_loss=0.1942 train_acc=93.97% | val_loss=0.2807 val_acc=89.24% | lr=1.000000e-05
Epoch 37/301 | train_loss=0.1912 train_acc=94.05% | val_loss=0.2799 val_acc=89.16% | lr=1.000000e-05
Epoch 38/301 | train_loss=0.1869 train_acc=94.25% | val_loss=0.2784 val_acc=89.30% | lr=1.000000e-05
Saved new best model to /tmp/bow_mlp_imdb_b8wrrrrp.pt
Epoch 39/301 | train_loss=0.1831 train_acc=94.34% | val_loss=0.2773 val_acc=89.34% | lr=1.000000e-05
Saved new best model to /tmp/bow_mlp_imdb_b8wrrrrp.pt
Epoch 40/301 | train_loss=0.1796 train_acc=94.62% | val_loss=0.2765 val_acc=89.30% | lr=1.000000e-05
Epoch 41/301 | train_loss=0.1758 train_acc=94.64% | val_loss=0.2760 val_acc=89.30% | lr=1.000000e-05
Epoch 42/301 | train_loss=0.1722 train_acc=94.75% | val_loss=0.2752 val_acc=89.36% | lr=1.000000e-05
Saved new best model to /tmp/bow_mlp_imdb_b8wrrrrp.pt
Epoch 43/301 | train_loss=0.1698 train_acc=94.73% | val_loss=0.2742 val_acc=89.36% | lr=1.000000e-05
Epoch 44/301 | train_loss=0.1663 train_acc=95.00% | val_loss=0.2737 val_acc=89.40% | lr=1.000000e-05
Saved new best model to /tmp/bow_mlp_imdb_b8wrrrrp.pt
Epoch 45/301 | train_loss=0.1624 train_acc=95.16% | val_loss=0.2733 val_acc=89.32% | lr=1.000000e-05
Epoch 46/301 | train_loss=0.1599 train_acc=95.14% | val_loss=0.2727 val_acc=89.46% | lr=1.000000e-05
Saved new best model to /tmp/bow_mlp_imdb_b8wrrrrp.pt
Epoch 47/301 | train_loss=0.1569 train_acc=95.30% | val_loss=0.2724 val_acc=89.48% | lr=1.000000e-05
Saved new best model to /tmp/bow_mlp_imdb_b8wrrrrp.pt
Epoch 48/301 | train_loss=0.1541 train_acc=95.43% | val_loss=0.2723 val_acc=89.34% | lr=1.000000e-05
Epoch 49/301 | train_loss=0.1512 train_acc=95.47% | val_loss=0.2723 val_acc=89.30% | lr=1.000000e-05
Epoch 50/301 | train_loss=0.1488 train_acc=95.58% | val_loss=0.2727 val_acc=89.36% | lr=1.000000e-05
Epoch 51/301 | train_loss=0.1468 train_acc=95.59% | val_loss=0.2719 val_acc=89.20% | lr=1.000000e-05
Epoch 52/301 | train_loss=0.1436 train_acc=95.76% | val_loss=0.2718 val_acc=89.44% | lr=1.000000e-05
Epoch 53/301 | train_loss=0.1403 train_acc=95.93% | val_loss=0.2720 val_acc=89.14% | lr=1.000000e-05
Epoch 54/301 | train_loss=0.1384 train_acc=96.03% | val_loss=0.2722 val_acc=89.32% | lr=1.000000e-05
Epoch 55/301 | train_loss=0.1351 train_acc=96.12% | val_loss=0.2719 val_acc=89.26% | lr=1.000000e-05
Epoch 56/301 | train_loss=0.1327 train_acc=96.14% | val_loss=0.2722 val_acc=89.36% | lr=1.000000e-05
Epoch 57/301 | train_loss=0.1301 train_acc=96.27% | val_loss=0.2724 val_acc=89.18% | lr=1.000000e-05
Epoch 58/301 | train_loss=0.1279 train_acc=96.34% | val_loss=0.2727 val_acc=89.20% | lr=1.000000e-05
Epoch 59/301 | train_loss=0.1263 train_acc=96.44% | val_loss=0.2730 val_acc=89.20% | lr=1.000000e-05
Epoch 60/301 | train_loss=0.1236 train_acc=96.50% | val_loss=0.2736 val_acc=89.14% | lr=1.000000e-05
Validation loss has not improved for 8 epochs. Stopping training.
Test loss=0.2981 | Test accuracy=88.17%
