Loading IMDb dataset from local disk: /home/daniel/l/masteruppsats/np-reg/language/data/imdb_hf
Using device: cuda
BoW vocab size: 12500
Epoch 1/301 | train_loss=4.6481 train_acc=70.42% | val_loss=0.6122 val_acc=83.14% | lr=3.000000e-05
Saved new best model to /tmp/bow_mlp_imdb_4e8kljag.pt
Epoch 2/301 | train_loss=0.9541 train_acc=84.31% | val_loss=0.5274 val_acc=85.42% | lr=3.000000e-05
Saved new best model to /tmp/bow_mlp_imdb_4e8kljag.pt
Epoch 3/301 | train_loss=0.6443 train_acc=86.63% | val_loss=0.4664 val_acc=86.52% | lr=3.000000e-05
Saved new best model to /tmp/bow_mlp_imdb_4e8kljag.pt
Epoch 4/301 | train_loss=0.5733 train_acc=88.17% | val_loss=0.4225 val_acc=86.44% | lr=3.000000e-05
Epoch 5/301 | train_loss=0.5196 train_acc=89.05% | val_loss=0.3882 val_acc=87.54% | lr=3.000000e-05
Saved new best model to /tmp/bow_mlp_imdb_4e8kljag.pt
Epoch 6/301 | train_loss=0.4752 train_acc=89.89% | val_loss=0.3636 val_acc=88.16% | lr=3.000000e-05
Saved new best model to /tmp/bow_mlp_imdb_4e8kljag.pt
Epoch 7/301 | train_loss=0.4382 train_acc=90.44% | val_loss=0.3455 val_acc=88.30% | lr=3.000000e-05
Saved new best model to /tmp/bow_mlp_imdb_4e8kljag.pt
Epoch 8/301 | train_loss=0.4063 train_acc=91.05% | val_loss=0.3305 val_acc=88.38% | lr=3.000000e-05
Saved new best model to /tmp/bow_mlp_imdb_4e8kljag.pt
Epoch 9/301 | train_loss=0.3785 train_acc=91.52% | val_loss=0.3181 val_acc=88.66% | lr=3.000000e-05
Saved new best model to /tmp/bow_mlp_imdb_4e8kljag.pt
Epoch 10/301 | train_loss=0.3543 train_acc=92.00% | val_loss=0.3084 val_acc=88.82% | lr=3.000000e-05
Saved new best model to /tmp/bow_mlp_imdb_4e8kljag.pt
Epoch 11/301 | train_loss=0.3335 train_acc=92.38% | val_loss=0.3006 val_acc=88.98% | lr=3.000000e-05
Saved new best model to /tmp/bow_mlp_imdb_4e8kljag.pt
Epoch 12/301 | train_loss=0.3148 train_acc=92.86% | val_loss=0.2941 val_acc=89.10% | lr=3.000000e-05
Saved new best model to /tmp/bow_mlp_imdb_4e8kljag.pt
Epoch 13/301 | train_loss=0.2979 train_acc=93.25% | val_loss=0.2888 val_acc=89.38% | lr=3.000000e-05
Saved new best model to /tmp/bow_mlp_imdb_4e8kljag.pt
Epoch 14/301 | train_loss=0.2828 train_acc=93.59% | val_loss=0.2840 val_acc=89.22% | lr=3.000000e-05
Epoch 15/301 | train_loss=0.2692 train_acc=93.88% | val_loss=0.2806 val_acc=89.44% | lr=3.000000e-05
Saved new best model to /tmp/bow_mlp_imdb_4e8kljag.pt
Epoch 16/301 | train_loss=0.2569 train_acc=94.25% | val_loss=0.2772 val_acc=89.54% | lr=3.000000e-05
Saved new best model to /tmp/bow_mlp_imdb_4e8kljag.pt
Epoch 17/301 | train_loss=0.2453 train_acc=94.59% | val_loss=0.2750 val_acc=89.30% | lr=3.000000e-05
Epoch 18/301 | train_loss=0.2345 train_acc=94.86% | val_loss=0.2729 val_acc=89.50% | lr=3.000000e-05
Epoch 19/301 | train_loss=0.2249 train_acc=95.08% | val_loss=0.2742 val_acc=89.44% | lr=3.000000e-05
Epoch 20/301 | train_loss=0.2155 train_acc=95.35% | val_loss=0.2706 val_acc=89.34% | lr=3.000000e-05
Epoch 21/301 | train_loss=0.2070 train_acc=95.58% | val_loss=0.2699 val_acc=89.48% | lr=3.000000e-05
Epoch 22/301 | train_loss=0.1988 train_acc=95.84% | val_loss=0.2695 val_acc=89.36% | lr=3.000000e-05
Epoch 23/301 | train_loss=0.1911 train_acc=96.03% | val_loss=0.2697 val_acc=89.26% | lr=3.000000e-05
Epoch 24/301 | train_loss=0.1837 train_acc=96.28% | val_loss=0.2699 val_acc=89.38% | lr=3.000000e-05
Epoch 25/301 | train_loss=0.1769 train_acc=96.50% | val_loss=0.2710 val_acc=89.14% | lr=3.000000e-05
Epoch 26/301 | train_loss=0.1702 train_acc=96.69% | val_loss=0.2742 val_acc=88.84% | lr=3.000000e-05
Epoch 27/301 | train_loss=0.1639 train_acc=96.90% | val_loss=0.2729 val_acc=89.14% | lr=3.000000e-05
Epoch 28/301 | train_loss=0.1578 train_acc=97.09% | val_loss=0.2742 val_acc=89.00% | lr=3.000000e-05
Epoch 29/301 | train_loss=0.1521 train_acc=97.30% | val_loss=0.2766 val_acc=88.86% | lr=3.000000e-05
Epoch 30/301 | train_loss=0.1466 train_acc=97.48% | val_loss=0.2781 val_acc=88.78% | lr=3.000000e-05
Validation loss has not improved for 8 epochs. Stopping training.
Test loss=0.2970 | Test accuracy=88.37%
