Loading IMDb dataset from local disk: /home/daniel/l/masteruppsats/np-reg/language/data/imdb_hf
Using device: cuda
BoW vocab size: 12500
Epoch 1/301 | train_loss=0.6918 train_acc=52.24% | val_loss=0.6872 val_acc=57.98% | lr=3.000000e-06
Saved new best model to /tmp/bow_mlp_imdb_9pt2hdc2.pt
Epoch 2/301 | train_loss=0.6818 train_acc=63.65% | val_loss=0.6766 val_acc=68.14% | lr=3.000000e-06
Saved new best model to /tmp/bow_mlp_imdb_9pt2hdc2.pt
Epoch 3/301 | train_loss=0.6693 train_acc=71.01% | val_loss=0.6632 val_acc=73.78% | lr=3.000000e-06
Saved new best model to /tmp/bow_mlp_imdb_9pt2hdc2.pt
Epoch 4/301 | train_loss=0.6542 train_acc=76.08% | val_loss=0.6480 val_acc=76.32% | lr=3.000000e-06
Saved new best model to /tmp/bow_mlp_imdb_9pt2hdc2.pt
Epoch 5/301 | train_loss=0.6377 train_acc=77.96% | val_loss=0.6322 val_acc=78.10% | lr=3.000000e-06
Saved new best model to /tmp/bow_mlp_imdb_9pt2hdc2.pt
Epoch 6/301 | train_loss=0.6212 train_acc=79.34% | val_loss=0.6168 val_acc=78.68% | lr=3.000000e-06
Saved new best model to /tmp/bow_mlp_imdb_9pt2hdc2.pt
Epoch 7/301 | train_loss=0.6057 train_acc=80.34% | val_loss=0.6027 val_acc=79.96% | lr=3.000000e-06
Saved new best model to /tmp/bow_mlp_imdb_9pt2hdc2.pt
Epoch 8/301 | train_loss=0.5912 train_acc=81.12% | val_loss=0.5895 val_acc=80.50% | lr=3.000000e-06
Saved new best model to /tmp/bow_mlp_imdb_9pt2hdc2.pt
Epoch 9/301 | train_loss=0.5778 train_acc=81.83% | val_loss=0.5773 val_acc=80.96% | lr=3.000000e-06
Saved new best model to /tmp/bow_mlp_imdb_9pt2hdc2.pt
Epoch 10/301 | train_loss=0.5649 train_acc=82.49% | val_loss=0.5655 val_acc=81.78% | lr=3.000000e-06
Saved new best model to /tmp/bow_mlp_imdb_9pt2hdc2.pt
Epoch 11/301 | train_loss=0.5525 train_acc=82.92% | val_loss=0.5542 val_acc=82.30% | lr=3.000000e-06
Saved new best model to /tmp/bow_mlp_imdb_9pt2hdc2.pt
Epoch 12/301 | train_loss=0.5407 train_acc=83.51% | val_loss=0.5436 val_acc=82.66% | lr=3.000000e-06
Saved new best model to /tmp/bow_mlp_imdb_9pt2hdc2.pt
Epoch 13/301 | train_loss=0.5296 train_acc=84.02% | val_loss=0.5337 val_acc=83.08% | lr=3.000000e-06
Saved new best model to /tmp/bow_mlp_imdb_9pt2hdc2.pt
Epoch 14/301 | train_loss=0.5190 train_acc=84.50% | val_loss=0.5242 val_acc=83.40% | lr=3.000000e-06
Saved new best model to /tmp/bow_mlp_imdb_9pt2hdc2.pt
Epoch 15/301 | train_loss=0.5089 train_acc=84.74% | val_loss=0.5151 val_acc=83.80% | lr=3.000000e-06
Saved new best model to /tmp/bow_mlp_imdb_9pt2hdc2.pt
Epoch 16/301 | train_loss=0.4991 train_acc=85.08% | val_loss=0.5063 val_acc=84.42% | lr=3.000000e-06
Saved new best model to /tmp/bow_mlp_imdb_9pt2hdc2.pt
Epoch 17/301 | train_loss=0.4899 train_acc=85.51% | val_loss=0.4981 val_acc=84.50% | lr=3.000000e-06
Saved new best model to /tmp/bow_mlp_imdb_9pt2hdc2.pt
Epoch 18/301 | train_loss=0.4809 train_acc=85.78% | val_loss=0.4902 val_acc=84.64% | lr=3.000000e-06
Saved new best model to /tmp/bow_mlp_imdb_9pt2hdc2.pt
Epoch 19/301 | train_loss=0.4723 train_acc=85.99% | val_loss=0.4826 val_acc=84.90% | lr=3.000000e-06
Saved new best model to /tmp/bow_mlp_imdb_9pt2hdc2.pt
Epoch 20/301 | train_loss=0.4641 train_acc=86.38% | val_loss=0.4753 val_acc=85.08% | lr=3.000000e-06
Saved new best model to /tmp/bow_mlp_imdb_9pt2hdc2.pt
Epoch 21/301 | train_loss=0.4561 train_acc=86.52% | val_loss=0.4683 val_acc=85.34% | lr=3.000000e-06
Saved new best model to /tmp/bow_mlp_imdb_9pt2hdc2.pt
Epoch 22/301 | train_loss=0.4485 train_acc=86.87% | val_loss=0.4617 val_acc=85.50% | lr=3.000000e-06
Saved new best model to /tmp/bow_mlp_imdb_9pt2hdc2.pt
Epoch 23/301 | train_loss=0.4411 train_acc=87.00% | val_loss=0.4553 val_acc=85.60% | lr=3.000000e-06
Saved new best model to /tmp/bow_mlp_imdb_9pt2hdc2.pt
Epoch 24/301 | train_loss=0.4340 train_acc=87.23% | val_loss=0.4491 val_acc=85.78% | lr=3.000000e-06
Saved new best model to /tmp/bow_mlp_imdb_9pt2hdc2.pt
Epoch 25/301 | train_loss=0.4272 train_acc=87.37% | val_loss=0.4432 val_acc=85.76% | lr=3.000000e-06
Epoch 26/301 | train_loss=0.4206 train_acc=87.61% | val_loss=0.4375 val_acc=85.92% | lr=3.000000e-06
Saved new best model to /tmp/bow_mlp_imdb_9pt2hdc2.pt
Epoch 27/301 | train_loss=0.4142 train_acc=87.84% | val_loss=0.4321 val_acc=86.30% | lr=3.000000e-06
Saved new best model to /tmp/bow_mlp_imdb_9pt2hdc2.pt
Epoch 28/301 | train_loss=0.4081 train_acc=87.99% | val_loss=0.4269 val_acc=86.26% | lr=3.000000e-06
Epoch 29/301 | train_loss=0.4021 train_acc=88.19% | val_loss=0.4218 val_acc=86.42% | lr=3.000000e-06
Saved new best model to /tmp/bow_mlp_imdb_9pt2hdc2.pt
Epoch 30/301 | train_loss=0.3964 train_acc=88.37% | val_loss=0.4171 val_acc=86.50% | lr=3.000000e-06
Saved new best model to /tmp/bow_mlp_imdb_9pt2hdc2.pt
Epoch 31/301 | train_loss=0.3908 train_acc=88.38% | val_loss=0.4123 val_acc=86.56% | lr=3.000000e-06
Saved new best model to /tmp/bow_mlp_imdb_9pt2hdc2.pt
Epoch 32/301 | train_loss=0.3855 train_acc=88.60% | val_loss=0.4079 val_acc=86.68% | lr=3.000000e-06
Saved new best model to /tmp/bow_mlp_imdb_9pt2hdc2.pt
Epoch 33/301 | train_loss=0.3803 train_acc=88.70% | val_loss=0.4036 val_acc=86.74% | lr=3.000000e-06
Saved new best model to /tmp/bow_mlp_imdb_9pt2hdc2.pt
Epoch 34/301 | train_loss=0.3752 train_acc=88.84% | val_loss=0.3995 val_acc=86.98% | lr=3.000000e-06
Saved new best model to /tmp/bow_mlp_imdb_9pt2hdc2.pt
Epoch 35/301 | train_loss=0.3704 train_acc=88.98% | val_loss=0.3954 val_acc=86.92% | lr=3.000000e-06
Epoch 36/301 | train_loss=0.3656 train_acc=89.09% | val_loss=0.3915 val_acc=87.04% | lr=3.000000e-06
Saved new best model to /tmp/bow_mlp_imdb_9pt2hdc2.pt
Epoch 37/301 | train_loss=0.3610 train_acc=89.20% | val_loss=0.3880 val_acc=87.20% | lr=3.000000e-06
Saved new best model to /tmp/bow_mlp_imdb_9pt2hdc2.pt
Epoch 38/301 | train_loss=0.3566 train_acc=89.31% | val_loss=0.3842 val_acc=87.14% | lr=3.000000e-06
Epoch 39/301 | train_loss=0.3522 train_acc=89.47% | val_loss=0.3807 val_acc=87.14% | lr=3.000000e-06
Epoch 40/301 | train_loss=0.3480 train_acc=89.55% | val_loss=0.3775 val_acc=87.24% | lr=3.000000e-06
Saved new best model to /tmp/bow_mlp_imdb_9pt2hdc2.pt
Epoch 41/301 | train_loss=0.3439 train_acc=89.66% | val_loss=0.3742 val_acc=87.34% | lr=3.000000e-06
Saved new best model to /tmp/bow_mlp_imdb_9pt2hdc2.pt
Epoch 42/301 | train_loss=0.3400 train_acc=89.77% | val_loss=0.3711 val_acc=87.40% | lr=3.000000e-06
Saved new best model to /tmp/bow_mlp_imdb_9pt2hdc2.pt
Epoch 43/301 | train_loss=0.3361 train_acc=89.86% | val_loss=0.3681 val_acc=87.44% | lr=3.000000e-06
Saved new best model to /tmp/bow_mlp_imdb_9pt2hdc2.pt
Epoch 44/301 | train_loss=0.3324 train_acc=89.96% | val_loss=0.3652 val_acc=87.50% | lr=3.000000e-06
Saved new best model to /tmp/bow_mlp_imdb_9pt2hdc2.pt
Epoch 45/301 | train_loss=0.3287 train_acc=90.02% | val_loss=0.3624 val_acc=87.46% | lr=3.000000e-06
Epoch 46/301 | train_loss=0.3251 train_acc=90.16% | val_loss=0.3597 val_acc=87.46% | lr=3.000000e-06
Epoch 47/301 | train_loss=0.3217 train_acc=90.25% | val_loss=0.3570 val_acc=87.44% | lr=3.000000e-06
Epoch 48/301 | train_loss=0.3183 train_acc=90.33% | val_loss=0.3545 val_acc=87.46% | lr=3.000000e-06
Epoch 49/301 | train_loss=0.3150 train_acc=90.42% | val_loss=0.3521 val_acc=87.54% | lr=3.000000e-06
Saved new best model to /tmp/bow_mlp_imdb_9pt2hdc2.pt
Epoch 50/301 | train_loss=0.3118 train_acc=90.44% | val_loss=0.3499 val_acc=87.64% | lr=3.000000e-06
Saved new best model to /tmp/bow_mlp_imdb_9pt2hdc2.pt
Epoch 51/301 | train_loss=0.3086 train_acc=90.59% | val_loss=0.3474 val_acc=87.60% | lr=3.000000e-06
Epoch 52/301 | train_loss=0.3056 train_acc=90.67% | val_loss=0.3451 val_acc=87.70% | lr=3.000000e-06
Saved new best model to /tmp/bow_mlp_imdb_9pt2hdc2.pt
Epoch 53/301 | train_loss=0.3026 train_acc=90.73% | val_loss=0.3430 val_acc=87.82% | lr=3.000000e-06
Saved new best model to /tmp/bow_mlp_imdb_9pt2hdc2.pt
Epoch 54/301 | train_loss=0.2997 train_acc=90.79% | val_loss=0.3411 val_acc=87.82% | lr=3.000000e-06
Epoch 55/301 | train_loss=0.2968 train_acc=90.88% | val_loss=0.3389 val_acc=87.98% | lr=3.000000e-06
Saved new best model to /tmp/bow_mlp_imdb_9pt2hdc2.pt
Epoch 56/301 | train_loss=0.2940 train_acc=90.95% | val_loss=0.3371 val_acc=87.94% | lr=3.000000e-06
Epoch 57/301 | train_loss=0.2913 train_acc=91.05% | val_loss=0.3351 val_acc=88.04% | lr=3.000000e-06
Saved new best model to /tmp/bow_mlp_imdb_9pt2hdc2.pt
Epoch 58/301 | train_loss=0.2886 train_acc=91.12% | val_loss=0.3332 val_acc=88.10% | lr=3.000000e-06
Saved new best model to /tmp/bow_mlp_imdb_9pt2hdc2.pt
Epoch 59/301 | train_loss=0.2860 train_acc=91.20% | val_loss=0.3315 val_acc=88.14% | lr=3.000000e-06
Saved new best model to /tmp/bow_mlp_imdb_9pt2hdc2.pt
Epoch 60/301 | train_loss=0.2834 train_acc=91.27% | val_loss=0.3297 val_acc=88.20% | lr=3.000000e-06
Saved new best model to /tmp/bow_mlp_imdb_9pt2hdc2.pt
Epoch 61/301 | train_loss=0.2809 train_acc=91.33% | val_loss=0.3280 val_acc=88.22% | lr=3.000000e-06
Saved new best model to /tmp/bow_mlp_imdb_9pt2hdc2.pt
Epoch 62/301 | train_loss=0.2784 train_acc=91.41% | val_loss=0.3264 val_acc=88.16% | lr=3.000000e-06
Epoch 63/301 | train_loss=0.2760 train_acc=91.45% | val_loss=0.3248 val_acc=88.28% | lr=3.000000e-06
Saved new best model to /tmp/bow_mlp_imdb_9pt2hdc2.pt
Epoch 64/301 | train_loss=0.2736 train_acc=91.57% | val_loss=0.3233 val_acc=88.32% | lr=3.000000e-06
Saved new best model to /tmp/bow_mlp_imdb_9pt2hdc2.pt
Epoch 65/301 | train_loss=0.2713 train_acc=91.64% | val_loss=0.3218 val_acc=88.32% | lr=3.000000e-06
Epoch 66/301 | train_loss=0.2690 train_acc=91.67% | val_loss=0.3203 val_acc=88.40% | lr=3.000000e-06
Saved new best model to /tmp/bow_mlp_imdb_9pt2hdc2.pt
Epoch 67/301 | train_loss=0.2667 train_acc=91.75% | val_loss=0.3188 val_acc=88.46% | lr=3.000000e-06
Saved new best model to /tmp/bow_mlp_imdb_9pt2hdc2.pt
Epoch 68/301 | train_loss=0.2645 train_acc=91.80% | val_loss=0.3176 val_acc=88.50% | lr=3.000000e-06
Saved new best model to /tmp/bow_mlp_imdb_9pt2hdc2.pt
Epoch 69/301 | train_loss=0.2623 train_acc=91.87% | val_loss=0.3162 val_acc=88.52% | lr=3.000000e-06
Saved new best model to /tmp/bow_mlp_imdb_9pt2hdc2.pt
Epoch 70/301 | train_loss=0.2602 train_acc=91.97% | val_loss=0.3149 val_acc=88.52% | lr=3.000000e-06
Epoch 71/301 | train_loss=0.2581 train_acc=92.01% | val_loss=0.3136 val_acc=88.60% | lr=3.000000e-06
Saved new best model to /tmp/bow_mlp_imdb_9pt2hdc2.pt
Epoch 72/301 | train_loss=0.2560 train_acc=92.09% | val_loss=0.3124 val_acc=88.58% | lr=3.000000e-06
Epoch 73/301 | train_loss=0.2540 train_acc=92.15% | val_loss=0.3113 val_acc=88.58% | lr=3.000000e-06
Epoch 74/301 | train_loss=0.2520 train_acc=92.20% | val_loss=0.3099 val_acc=88.58% | lr=3.000000e-06
Epoch 75/301 | train_loss=0.2500 train_acc=92.27% | val_loss=0.3088 val_acc=88.54% | lr=3.000000e-06
Epoch 76/301 | train_loss=0.2481 train_acc=92.35% | val_loss=0.3078 val_acc=88.68% | lr=3.000000e-06
Saved new best model to /tmp/bow_mlp_imdb_9pt2hdc2.pt
Epoch 77/301 | train_loss=0.2461 train_acc=92.40% | val_loss=0.3066 val_acc=88.56% | lr=3.000000e-06
Epoch 78/301 | train_loss=0.2443 train_acc=92.44% | val_loss=0.3057 val_acc=88.64% | lr=3.000000e-06
Epoch 79/301 | train_loss=0.2424 train_acc=92.53% | val_loss=0.3045 val_acc=88.66% | lr=3.000000e-06
Epoch 80/301 | train_loss=0.2406 train_acc=92.56% | val_loss=0.3035 val_acc=88.58% | lr=3.000000e-06
Epoch 81/301 | train_loss=0.2388 train_acc=92.63% | val_loss=0.3026 val_acc=88.60% | lr=3.000000e-06
Epoch 82/301 | train_loss=0.2370 train_acc=92.66% | val_loss=0.3017 val_acc=88.60% | lr=3.000000e-06
Epoch 83/301 | train_loss=0.2352 train_acc=92.70% | val_loss=0.3008 val_acc=88.72% | lr=3.000000e-06
Saved new best model to /tmp/bow_mlp_imdb_9pt2hdc2.pt
Epoch 84/301 | train_loss=0.2335 train_acc=92.84% | val_loss=0.2998 val_acc=88.68% | lr=3.000000e-06
Epoch 85/301 | train_loss=0.2318 train_acc=92.86% | val_loss=0.2988 val_acc=88.60% | lr=3.000000e-06
Epoch 86/301 | train_loss=0.2301 train_acc=92.89% | val_loss=0.2981 val_acc=88.76% | lr=3.000000e-06
Saved new best model to /tmp/bow_mlp_imdb_9pt2hdc2.pt
Epoch 87/301 | train_loss=0.2285 train_acc=92.98% | val_loss=0.2972 val_acc=88.80% | lr=3.000000e-06
Saved new best model to /tmp/bow_mlp_imdb_9pt2hdc2.pt
Epoch 88/301 | train_loss=0.2268 train_acc=93.04% | val_loss=0.2964 val_acc=88.78% | lr=3.000000e-06
Epoch 89/301 | train_loss=0.2252 train_acc=93.11% | val_loss=0.2956 val_acc=88.78% | lr=3.000000e-06
Epoch 90/301 | train_loss=0.2236 train_acc=93.12% | val_loss=0.2949 val_acc=88.84% | lr=3.000000e-06
Saved new best model to /tmp/bow_mlp_imdb_9pt2hdc2.pt
Epoch 91/301 | train_loss=0.2220 train_acc=93.20% | val_loss=0.2941 val_acc=88.84% | lr=3.000000e-06
Epoch 92/301 | train_loss=0.2204 train_acc=93.27% | val_loss=0.2934 val_acc=88.98% | lr=3.000000e-06
Saved new best model to /tmp/bow_mlp_imdb_9pt2hdc2.pt
Epoch 93/301 | train_loss=0.2189 train_acc=93.30% | val_loss=0.2925 val_acc=88.92% | lr=3.000000e-06
Epoch 94/301 | train_loss=0.2174 train_acc=93.29% | val_loss=0.2919 val_acc=89.00% | lr=3.000000e-06
Saved new best model to /tmp/bow_mlp_imdb_9pt2hdc2.pt
Epoch 95/301 | train_loss=0.2159 train_acc=93.37% | val_loss=0.2913 val_acc=89.06% | lr=3.000000e-06
Saved new best model to /tmp/bow_mlp_imdb_9pt2hdc2.pt
Epoch 96/301 | train_loss=0.2144 train_acc=93.44% | val_loss=0.2905 val_acc=89.02% | lr=3.000000e-06
Epoch 97/301 | train_loss=0.2129 train_acc=93.47% | val_loss=0.2898 val_acc=89.04% | lr=3.000000e-06
Epoch 98/301 | train_loss=0.2115 train_acc=93.54% | val_loss=0.2892 val_acc=89.04% | lr=3.000000e-06
Epoch 99/301 | train_loss=0.2101 train_acc=93.58% | val_loss=0.2886 val_acc=89.12% | lr=3.000000e-06
Saved new best model to /tmp/bow_mlp_imdb_9pt2hdc2.pt
Epoch 100/301 | train_loss=0.2086 train_acc=93.64% | val_loss=0.2880 val_acc=89.12% | lr=3.000000e-06
Epoch 101/301 | train_loss=0.2073 train_acc=93.69% | val_loss=0.2874 val_acc=89.14% | lr=3.000000e-06
Saved new best model to /tmp/bow_mlp_imdb_9pt2hdc2.pt
Epoch 102/301 | train_loss=0.2059 train_acc=93.73% | val_loss=0.2869 val_acc=89.16% | lr=3.000000e-06
Saved new best model to /tmp/bow_mlp_imdb_9pt2hdc2.pt
Epoch 103/301 | train_loss=0.2045 train_acc=93.81% | val_loss=0.2863 val_acc=89.20% | lr=3.000000e-06
Saved new best model to /tmp/bow_mlp_imdb_9pt2hdc2.pt
Epoch 104/301 | train_loss=0.2031 train_acc=93.81% | val_loss=0.2858 val_acc=89.14% | lr=3.000000e-06
Epoch 105/301 | train_loss=0.2018 train_acc=93.86% | val_loss=0.2854 val_acc=89.24% | lr=3.000000e-06
Saved new best model to /tmp/bow_mlp_imdb_9pt2hdc2.pt
Epoch 106/301 | train_loss=0.2005 train_acc=93.90% | val_loss=0.2847 val_acc=89.16% | lr=3.000000e-06
Epoch 107/301 | train_loss=0.1992 train_acc=93.97% | val_loss=0.2841 val_acc=89.18% | lr=3.000000e-06
Epoch 108/301 | train_loss=0.1979 train_acc=93.98% | val_loss=0.2837 val_acc=89.20% | lr=3.000000e-06
Epoch 109/301 | train_loss=0.1966 train_acc=94.06% | val_loss=0.2832 val_acc=89.18% | lr=3.000000e-06
Epoch 110/301 | train_loss=0.1953 train_acc=94.06% | val_loss=0.2828 val_acc=89.24% | lr=3.000000e-06
Epoch 111/301 | train_loss=0.1940 train_acc=94.09% | val_loss=0.2823 val_acc=89.20% | lr=3.000000e-06
Epoch 112/301 | train_loss=0.1928 train_acc=94.12% | val_loss=0.2818 val_acc=89.20% | lr=3.000000e-06
Epoch 113/301 | train_loss=0.1915 train_acc=94.17% | val_loss=0.2813 val_acc=89.26% | lr=3.000000e-06
Saved new best model to /tmp/bow_mlp_imdb_9pt2hdc2.pt
Epoch 114/301 | train_loss=0.1903 train_acc=94.20% | val_loss=0.2811 val_acc=89.32% | lr=3.000000e-06
Saved new best model to /tmp/bow_mlp_imdb_9pt2hdc2.pt
Epoch 115/301 | train_loss=0.1891 train_acc=94.25% | val_loss=0.2805 val_acc=89.24% | lr=3.000000e-06
Epoch 116/301 | train_loss=0.1879 train_acc=94.29% | val_loss=0.2801 val_acc=89.26% | lr=3.000000e-06
Epoch 117/301 | train_loss=0.1867 train_acc=94.34% | val_loss=0.2798 val_acc=89.26% | lr=3.000000e-06
Epoch 118/301 | train_loss=0.1855 train_acc=94.41% | val_loss=0.2794 val_acc=89.28% | lr=3.000000e-06
Epoch 119/301 | train_loss=0.1844 train_acc=94.41% | val_loss=0.2790 val_acc=89.38% | lr=3.000000e-06
Saved new best model to /tmp/bow_mlp_imdb_9pt2hdc2.pt
Epoch 120/301 | train_loss=0.1832 train_acc=94.48% | val_loss=0.2787 val_acc=89.38% | lr=3.000000e-06
Epoch 121/301 | train_loss=0.1821 train_acc=94.53% | val_loss=0.2785 val_acc=89.34% | lr=3.000000e-06
Epoch 122/301 | train_loss=0.1809 train_acc=94.56% | val_loss=0.2780 val_acc=89.40% | lr=3.000000e-06
Saved new best model to /tmp/bow_mlp_imdb_9pt2hdc2.pt
Epoch 123/301 | train_loss=0.1798 train_acc=94.60% | val_loss=0.2778 val_acc=89.42% | lr=3.000000e-06
Saved new best model to /tmp/bow_mlp_imdb_9pt2hdc2.pt
Epoch 124/301 | train_loss=0.1787 train_acc=94.64% | val_loss=0.2773 val_acc=89.40% | lr=3.000000e-06
Epoch 125/301 | train_loss=0.1776 train_acc=94.66% | val_loss=0.2770 val_acc=89.36% | lr=3.000000e-06
Epoch 126/301 | train_loss=0.1765 train_acc=94.69% | val_loss=0.2767 val_acc=89.36% | lr=3.000000e-06
Epoch 127/301 | train_loss=0.1754 train_acc=94.73% | val_loss=0.2764 val_acc=89.36% | lr=3.000000e-06
Epoch 128/301 | train_loss=0.1743 train_acc=94.77% | val_loss=0.2762 val_acc=89.36% | lr=3.000000e-06
Epoch 129/301 | train_loss=0.1733 train_acc=94.81% | val_loss=0.2759 val_acc=89.38% | lr=3.000000e-06
Epoch 130/301 | train_loss=0.1722 train_acc=94.86% | val_loss=0.2757 val_acc=89.36% | lr=3.000000e-06
Epoch 131/301 | train_loss=0.1711 train_acc=94.91% | val_loss=0.2754 val_acc=89.40% | lr=3.000000e-06
Epoch 132/301 | train_loss=0.1701 train_acc=94.92% | val_loss=0.2752 val_acc=89.32% | lr=3.000000e-06
Epoch 133/301 | train_loss=0.1691 train_acc=94.97% | val_loss=0.2748 val_acc=89.40% | lr=3.000000e-06
Epoch 134/301 | train_loss=0.1680 train_acc=95.06% | val_loss=0.2749 val_acc=89.34% | lr=3.000000e-06
Epoch 135/301 | train_loss=0.1670 train_acc=95.06% | val_loss=0.2744 val_acc=89.32% | lr=3.000000e-06
Epoch 136/301 | train_loss=0.1660 train_acc=95.09% | val_loss=0.2742 val_acc=89.32% | lr=3.000000e-06
Epoch 137/301 | train_loss=0.1650 train_acc=95.12% | val_loss=0.2741 val_acc=89.38% | lr=3.000000e-06
Epoch 138/301 | train_loss=0.1640 train_acc=95.16% | val_loss=0.2740 val_acc=89.36% | lr=3.000000e-06
Epoch 139/301 | train_loss=0.1630 train_acc=95.16% | val_loss=0.2737 val_acc=89.32% | lr=3.000000e-06
Epoch 140/301 | train_loss=0.1620 train_acc=95.17% | val_loss=0.2734 val_acc=89.36% | lr=3.000000e-06
Epoch 141/301 | train_loss=0.1611 train_acc=95.23% | val_loss=0.2735 val_acc=89.28% | lr=3.000000e-06
Epoch 142/301 | train_loss=0.1601 train_acc=95.23% | val_loss=0.2732 val_acc=89.34% | lr=3.000000e-06
Epoch 143/301 | train_loss=0.1592 train_acc=95.29% | val_loss=0.2730 val_acc=89.34% | lr=3.000000e-06
Epoch 144/301 | train_loss=0.1583 train_acc=95.31% | val_loss=0.2728 val_acc=89.38% | lr=3.000000e-06
Epoch 145/301 | train_loss=0.1573 train_acc=95.38% | val_loss=0.2730 val_acc=89.30% | lr=3.000000e-06
Epoch 146/301 | train_loss=0.1564 train_acc=95.38% | val_loss=0.2727 val_acc=89.36% | lr=3.000000e-06
Epoch 147/301 | train_loss=0.1554 train_acc=95.41% | val_loss=0.2726 val_acc=89.36% | lr=3.000000e-06
Epoch 148/301 | train_loss=0.1545 train_acc=95.47% | val_loss=0.2725 val_acc=89.36% | lr=3.000000e-06
Epoch 149/301 | train_loss=0.1536 train_acc=95.47% | val_loss=0.2721 val_acc=89.44% | lr=3.000000e-06
Saved new best model to /tmp/bow_mlp_imdb_9pt2hdc2.pt
Epoch 150/301 | train_loss=0.1527 train_acc=95.51% | val_loss=0.2722 val_acc=89.36% | lr=3.000000e-06
Epoch 151/301 | train_loss=0.1518 train_acc=95.53% | val_loss=0.2720 val_acc=89.50% | lr=3.000000e-06
Saved new best model to /tmp/bow_mlp_imdb_9pt2hdc2.pt
Epoch 152/301 | train_loss=0.1509 train_acc=95.56% | val_loss=0.2718 val_acc=89.50% | lr=3.000000e-06
Epoch 153/301 | train_loss=0.1500 train_acc=95.59% | val_loss=0.2718 val_acc=89.50% | lr=3.000000e-06
Epoch 154/301 | train_loss=0.1492 train_acc=95.65% | val_loss=0.2717 val_acc=89.46% | lr=3.000000e-06
Epoch 155/301 | train_loss=0.1483 train_acc=95.69% | val_loss=0.2718 val_acc=89.40% | lr=3.000000e-06
Epoch 156/301 | train_loss=0.1474 train_acc=95.71% | val_loss=0.2716 val_acc=89.44% | lr=3.000000e-06
Epoch 157/301 | train_loss=0.1466 train_acc=95.76% | val_loss=0.2715 val_acc=89.46% | lr=3.000000e-06
Epoch 158/301 | train_loss=0.1457 train_acc=95.78% | val_loss=0.2715 val_acc=89.46% | lr=3.000000e-06
Epoch 159/301 | train_loss=0.1448 train_acc=95.80% | val_loss=0.2714 val_acc=89.50% | lr=3.000000e-06
Epoch 160/301 | train_loss=0.1440 train_acc=95.83% | val_loss=0.2714 val_acc=89.52% | lr=3.000000e-06
Saved new best model to /tmp/bow_mlp_imdb_9pt2hdc2.pt
Epoch 161/301 | train_loss=0.1432 train_acc=95.83% | val_loss=0.2715 val_acc=89.50% | lr=3.000000e-06
Epoch 162/301 | train_loss=0.1423 train_acc=95.89% | val_loss=0.2714 val_acc=89.54% | lr=3.000000e-06
Saved new best model to /tmp/bow_mlp_imdb_9pt2hdc2.pt
Epoch 163/301 | train_loss=0.1415 train_acc=95.93% | val_loss=0.2713 val_acc=89.54% | lr=3.000000e-06
Epoch 164/301 | train_loss=0.1407 train_acc=95.94% | val_loss=0.2712 val_acc=89.46% | lr=3.000000e-06
Epoch 165/301 | train_loss=0.1399 train_acc=95.99% | val_loss=0.2713 val_acc=89.52% | lr=3.000000e-06
Epoch 166/301 | train_loss=0.1391 train_acc=96.05% | val_loss=0.2712 val_acc=89.34% | lr=3.000000e-06
Epoch 167/301 | train_loss=0.1383 train_acc=96.06% | val_loss=0.2712 val_acc=89.40% | lr=3.000000e-06
Epoch 168/301 | train_loss=0.1375 train_acc=96.09% | val_loss=0.2714 val_acc=89.44% | lr=3.000000e-06
Epoch 169/301 | train_loss=0.1367 train_acc=96.14% | val_loss=0.2712 val_acc=89.34% | lr=3.000000e-06
Epoch 170/301 | train_loss=0.1359 train_acc=96.14% | val_loss=0.2714 val_acc=89.40% | lr=3.000000e-06
Epoch 171/301 | train_loss=0.1352 train_acc=96.19% | val_loss=0.2713 val_acc=89.30% | lr=3.000000e-06
Epoch 172/301 | train_loss=0.1344 train_acc=96.23% | val_loss=0.2715 val_acc=89.42% | lr=3.000000e-06
Epoch 173/301 | train_loss=0.1336 train_acc=96.23% | val_loss=0.2714 val_acc=89.42% | lr=3.000000e-06
Epoch 174/301 | train_loss=0.1328 train_acc=96.28% | val_loss=0.2715 val_acc=89.42% | lr=3.000000e-06
Validation loss has not improved for 8 epochs. Stopping training.
Test loss=0.3002 | Test accuracy=88.09%
