Loading IMDb dataset from local disk: /home/daniel/l/masteruppsats/np-reg/language/data/imdb_hf
Using device: cuda
BoW vocab size: 12500
Epoch 1/301 | train_loss=9.8191 train_acc=46.98% | val_loss=0.6957 val_acc=48.46% | lr=3.000000e-06
Saved new best model to /tmp/bow_mlp_imdb_lbkr0doq.pt
Epoch 2/301 | train_loss=9.4428 train_acc=49.69% | val_loss=0.6941 val_acc=51.94% | lr=3.000000e-06
Saved new best model to /tmp/bow_mlp_imdb_lbkr0doq.pt
Epoch 3/301 | train_loss=8.9826 train_acc=52.86% | val_loss=0.6920 val_acc=53.60% | lr=3.000000e-06
Saved new best model to /tmp/bow_mlp_imdb_lbkr0doq.pt
Epoch 4/301 | train_loss=8.4855 train_acc=54.86% | val_loss=0.6902 val_acc=55.24% | lr=3.000000e-06
Saved new best model to /tmp/bow_mlp_imdb_lbkr0doq.pt
Epoch 5/301 | train_loss=8.0064 train_acc=56.47% | val_loss=0.6883 val_acc=56.82% | lr=3.000000e-06
Saved new best model to /tmp/bow_mlp_imdb_lbkr0doq.pt
Epoch 6/301 | train_loss=7.5616 train_acc=58.03% | val_loss=0.6863 val_acc=59.04% | lr=3.000000e-06
Saved new best model to /tmp/bow_mlp_imdb_lbkr0doq.pt
Epoch 7/301 | train_loss=7.1453 train_acc=59.93% | val_loss=0.6844 val_acc=60.82% | lr=3.000000e-06
Saved new best model to /tmp/bow_mlp_imdb_lbkr0doq.pt
Epoch 8/301 | train_loss=6.7543 train_acc=61.79% | val_loss=0.6822 val_acc=63.24% | lr=3.000000e-06
Saved new best model to /tmp/bow_mlp_imdb_lbkr0doq.pt
Epoch 9/301 | train_loss=6.3845 train_acc=63.92% | val_loss=0.6797 val_acc=65.20% | lr=3.000000e-06
Saved new best model to /tmp/bow_mlp_imdb_lbkr0doq.pt
Epoch 10/301 | train_loss=6.0334 train_acc=66.75% | val_loss=0.6771 val_acc=67.22% | lr=3.000000e-06
Saved new best model to /tmp/bow_mlp_imdb_lbkr0doq.pt
Epoch 11/301 | train_loss=5.7005 train_acc=69.12% | val_loss=0.6745 val_acc=69.54% | lr=3.000000e-06
Saved new best model to /tmp/bow_mlp_imdb_lbkr0doq.pt
Epoch 12/301 | train_loss=5.3836 train_acc=71.06% | val_loss=0.6721 val_acc=71.24% | lr=3.000000e-06
Saved new best model to /tmp/bow_mlp_imdb_lbkr0doq.pt
Epoch 13/301 | train_loss=5.0822 train_acc=72.65% | val_loss=0.6697 val_acc=72.66% | lr=3.000000e-06
Saved new best model to /tmp/bow_mlp_imdb_lbkr0doq.pt
Epoch 14/301 | train_loss=4.7943 train_acc=74.11% | val_loss=0.6673 val_acc=73.80% | lr=3.000000e-06
Saved new best model to /tmp/bow_mlp_imdb_lbkr0doq.pt
Epoch 15/301 | train_loss=4.5198 train_acc=75.64% | val_loss=0.6648 val_acc=75.30% | lr=3.000000e-06
Saved new best model to /tmp/bow_mlp_imdb_lbkr0doq.pt
Epoch 16/301 | train_loss=4.2591 train_acc=76.96% | val_loss=0.6623 val_acc=76.40% | lr=3.000000e-06
Saved new best model to /tmp/bow_mlp_imdb_lbkr0doq.pt
Epoch 17/301 | train_loss=4.0101 train_acc=78.03% | val_loss=0.6599 val_acc=77.50% | lr=3.000000e-06
Saved new best model to /tmp/bow_mlp_imdb_lbkr0doq.pt
Epoch 18/301 | train_loss=3.7733 train_acc=79.03% | val_loss=0.6574 val_acc=78.30% | lr=3.000000e-06
Saved new best model to /tmp/bow_mlp_imdb_lbkr0doq.pt
Epoch 19/301 | train_loss=3.5480 train_acc=79.97% | val_loss=0.6548 val_acc=79.00% | lr=3.000000e-06
Saved new best model to /tmp/bow_mlp_imdb_lbkr0doq.pt
Epoch 20/301 | train_loss=3.3340 train_acc=80.69% | val_loss=0.6521 val_acc=79.66% | lr=3.000000e-06
Saved new best model to /tmp/bow_mlp_imdb_lbkr0doq.pt
Epoch 21/301 | train_loss=3.1314 train_acc=81.36% | val_loss=0.6494 val_acc=80.24% | lr=3.000000e-06
Saved new best model to /tmp/bow_mlp_imdb_lbkr0doq.pt
Epoch 22/301 | train_loss=2.9397 train_acc=82.08% | val_loss=0.6468 val_acc=80.74% | lr=3.000000e-06
Saved new best model to /tmp/bow_mlp_imdb_lbkr0doq.pt
Epoch 23/301 | train_loss=2.7585 train_acc=82.69% | val_loss=0.6440 val_acc=81.40% | lr=3.000000e-06
Saved new best model to /tmp/bow_mlp_imdb_lbkr0doq.pt
Epoch 24/301 | train_loss=2.5871 train_acc=83.16% | val_loss=0.6411 val_acc=81.82% | lr=3.000000e-06
Saved new best model to /tmp/bow_mlp_imdb_lbkr0doq.pt
Epoch 25/301 | train_loss=2.4253 train_acc=83.67% | val_loss=0.6381 val_acc=82.24% | lr=3.000000e-06
Saved new best model to /tmp/bow_mlp_imdb_lbkr0doq.pt
Epoch 26/301 | train_loss=2.2729 train_acc=84.02% | val_loss=0.6352 val_acc=82.68% | lr=3.000000e-06
Saved new best model to /tmp/bow_mlp_imdb_lbkr0doq.pt
Epoch 27/301 | train_loss=2.1296 train_acc=84.35% | val_loss=0.6321 val_acc=83.26% | lr=3.000000e-06
Saved new best model to /tmp/bow_mlp_imdb_lbkr0doq.pt
Epoch 28/301 | train_loss=1.9955 train_acc=84.60% | val_loss=0.6289 val_acc=83.32% | lr=3.000000e-06
Saved new best model to /tmp/bow_mlp_imdb_lbkr0doq.pt
Epoch 29/301 | train_loss=1.8701 train_acc=84.96% | val_loss=0.6256 val_acc=83.66% | lr=3.000000e-06
Saved new best model to /tmp/bow_mlp_imdb_lbkr0doq.pt
Epoch 30/301 | train_loss=1.7535 train_acc=85.19% | val_loss=0.6224 val_acc=83.76% | lr=3.000000e-06
Saved new best model to /tmp/bow_mlp_imdb_lbkr0doq.pt
Epoch 31/301 | train_loss=1.6448 train_acc=85.52% | val_loss=0.6189 val_acc=83.82% | lr=3.000000e-06
Saved new best model to /tmp/bow_mlp_imdb_lbkr0doq.pt
Epoch 32/301 | train_loss=1.5442 train_acc=85.61% | val_loss=0.6155 val_acc=84.00% | lr=3.000000e-06
Saved new best model to /tmp/bow_mlp_imdb_lbkr0doq.pt
Epoch 33/301 | train_loss=1.4506 train_acc=85.79% | val_loss=0.6119 val_acc=84.14% | lr=3.000000e-06
Saved new best model to /tmp/bow_mlp_imdb_lbkr0doq.pt
Epoch 34/301 | train_loss=1.3650 train_acc=86.00% | val_loss=0.6083 val_acc=84.42% | lr=3.000000e-06
Saved new best model to /tmp/bow_mlp_imdb_lbkr0doq.pt
Epoch 35/301 | train_loss=1.2862 train_acc=86.28% | val_loss=0.6046 val_acc=84.64% | lr=3.000000e-06
Saved new best model to /tmp/bow_mlp_imdb_lbkr0doq.pt
Epoch 36/301 | train_loss=1.2140 train_acc=86.47% | val_loss=0.6008 val_acc=84.78% | lr=3.000000e-06
Saved new best model to /tmp/bow_mlp_imdb_lbkr0doq.pt
Epoch 37/301 | train_loss=1.1483 train_acc=86.49% | val_loss=0.5970 val_acc=85.04% | lr=3.000000e-06
Saved new best model to /tmp/bow_mlp_imdb_lbkr0doq.pt
Epoch 38/301 | train_loss=1.0888 train_acc=86.71% | val_loss=0.5931 val_acc=85.14% | lr=3.000000e-06
Saved new best model to /tmp/bow_mlp_imdb_lbkr0doq.pt
Epoch 39/301 | train_loss=1.0349 train_acc=86.80% | val_loss=0.5891 val_acc=85.14% | lr=3.000000e-06
Epoch 40/301 | train_loss=0.9864 train_acc=86.79% | val_loss=0.5851 val_acc=85.40% | lr=3.000000e-06
Saved new best model to /tmp/bow_mlp_imdb_lbkr0doq.pt
Epoch 41/301 | train_loss=0.9430 train_acc=86.95% | val_loss=0.5810 val_acc=85.42% | lr=3.000000e-06
Saved new best model to /tmp/bow_mlp_imdb_lbkr0doq.pt
Epoch 42/301 | train_loss=0.9043 train_acc=86.94% | val_loss=0.5769 val_acc=85.52% | lr=3.000000e-06
Saved new best model to /tmp/bow_mlp_imdb_lbkr0doq.pt
Epoch 43/301 | train_loss=0.8700 train_acc=87.05% | val_loss=0.5727 val_acc=85.52% | lr=3.000000e-06
Epoch 44/301 | train_loss=0.8396 train_acc=87.08% | val_loss=0.5686 val_acc=85.54% | lr=3.000000e-06
Saved new best model to /tmp/bow_mlp_imdb_lbkr0doq.pt
Epoch 45/301 | train_loss=0.8130 train_acc=87.15% | val_loss=0.5643 val_acc=85.74% | lr=3.000000e-06
Saved new best model to /tmp/bow_mlp_imdb_lbkr0doq.pt
Epoch 46/301 | train_loss=0.7897 train_acc=87.19% | val_loss=0.5600 val_acc=85.80% | lr=3.000000e-06
Saved new best model to /tmp/bow_mlp_imdb_lbkr0doq.pt
Epoch 47/301 | train_loss=0.7694 train_acc=87.23% | val_loss=0.5558 val_acc=86.04% | lr=3.000000e-06
Saved new best model to /tmp/bow_mlp_imdb_lbkr0doq.pt
Epoch 48/301 | train_loss=0.7516 train_acc=87.31% | val_loss=0.5516 val_acc=86.04% | lr=3.000000e-06
Epoch 49/301 | train_loss=0.7362 train_acc=87.30% | val_loss=0.5473 val_acc=86.06% | lr=3.000000e-06
Saved new best model to /tmp/bow_mlp_imdb_lbkr0doq.pt
Epoch 50/301 | train_loss=0.7228 train_acc=87.39% | val_loss=0.5431 val_acc=86.16% | lr=3.000000e-06
Saved new best model to /tmp/bow_mlp_imdb_lbkr0doq.pt
Epoch 51/301 | train_loss=0.7112 train_acc=87.37% | val_loss=0.5388 val_acc=86.28% | lr=3.000000e-06
Saved new best model to /tmp/bow_mlp_imdb_lbkr0doq.pt
Epoch 52/301 | train_loss=0.7009 train_acc=87.34% | val_loss=0.5346 val_acc=86.14% | lr=3.000000e-06
Epoch 53/301 | train_loss=0.6920 train_acc=87.47% | val_loss=0.5305 val_acc=86.18% | lr=3.000000e-06
Epoch 54/301 | train_loss=0.6839 train_acc=87.52% | val_loss=0.5264 val_acc=86.44% | lr=3.000000e-06
Saved new best model to /tmp/bow_mlp_imdb_lbkr0doq.pt
Epoch 55/301 | train_loss=0.6767 train_acc=87.56% | val_loss=0.5223 val_acc=86.42% | lr=3.000000e-06
Epoch 56/301 | train_loss=0.6701 train_acc=87.68% | val_loss=0.5184 val_acc=86.58% | lr=3.000000e-06
Saved new best model to /tmp/bow_mlp_imdb_lbkr0doq.pt
Epoch 57/301 | train_loss=0.6640 train_acc=87.66% | val_loss=0.5144 val_acc=86.56% | lr=3.000000e-06
Epoch 58/301 | train_loss=0.6583 train_acc=87.75% | val_loss=0.5105 val_acc=86.60% | lr=3.000000e-06
Saved new best model to /tmp/bow_mlp_imdb_lbkr0doq.pt
Epoch 59/301 | train_loss=0.6529 train_acc=87.81% | val_loss=0.5067 val_acc=86.58% | lr=3.000000e-06
Epoch 60/301 | train_loss=0.6477 train_acc=87.80% | val_loss=0.5029 val_acc=86.52% | lr=3.000000e-06
Epoch 61/301 | train_loss=0.6426 train_acc=87.94% | val_loss=0.4992 val_acc=86.54% | lr=3.000000e-06
Epoch 62/301 | train_loss=0.6378 train_acc=87.91% | val_loss=0.4956 val_acc=86.54% | lr=3.000000e-06
Epoch 63/301 | train_loss=0.6329 train_acc=88.02% | val_loss=0.4920 val_acc=86.62% | lr=3.000000e-06
Saved new best model to /tmp/bow_mlp_imdb_lbkr0doq.pt
Epoch 64/301 | train_loss=0.6283 train_acc=88.09% | val_loss=0.4886 val_acc=86.66% | lr=3.000000e-06
Saved new best model to /tmp/bow_mlp_imdb_lbkr0doq.pt
Epoch 65/301 | train_loss=0.6237 train_acc=88.13% | val_loss=0.4852 val_acc=86.78% | lr=3.000000e-06
Saved new best model to /tmp/bow_mlp_imdb_lbkr0doq.pt
Epoch 66/301 | train_loss=0.6192 train_acc=88.20% | val_loss=0.4819 val_acc=86.78% | lr=3.000000e-06
Epoch 67/301 | train_loss=0.6147 train_acc=88.22% | val_loss=0.4786 val_acc=86.82% | lr=3.000000e-06
Saved new best model to /tmp/bow_mlp_imdb_lbkr0doq.pt
Epoch 68/301 | train_loss=0.6104 train_acc=88.29% | val_loss=0.4755 val_acc=86.96% | lr=3.000000e-06
Saved new best model to /tmp/bow_mlp_imdb_lbkr0doq.pt
Epoch 69/301 | train_loss=0.6060 train_acc=88.34% | val_loss=0.4723 val_acc=86.90% | lr=3.000000e-06
Epoch 70/301 | train_loss=0.6017 train_acc=88.41% | val_loss=0.4693 val_acc=86.98% | lr=3.000000e-06
Saved new best model to /tmp/bow_mlp_imdb_lbkr0doq.pt
Epoch 71/301 | train_loss=0.5975 train_acc=88.50% | val_loss=0.4662 val_acc=87.00% | lr=3.000000e-06
Saved new best model to /tmp/bow_mlp_imdb_lbkr0doq.pt
Epoch 72/301 | train_loss=0.5934 train_acc=88.54% | val_loss=0.4633 val_acc=87.12% | lr=3.000000e-06
Saved new best model to /tmp/bow_mlp_imdb_lbkr0doq.pt
Epoch 73/301 | train_loss=0.5893 train_acc=88.63% | val_loss=0.4605 val_acc=87.18% | lr=3.000000e-06
Saved new best model to /tmp/bow_mlp_imdb_lbkr0doq.pt
Epoch 74/301 | train_loss=0.5852 train_acc=88.72% | val_loss=0.4576 val_acc=87.24% | lr=3.000000e-06
Saved new best model to /tmp/bow_mlp_imdb_lbkr0doq.pt
Epoch 75/301 | train_loss=0.5812 train_acc=88.72% | val_loss=0.4549 val_acc=87.26% | lr=3.000000e-06
Saved new best model to /tmp/bow_mlp_imdb_lbkr0doq.pt
Epoch 76/301 | train_loss=0.5773 train_acc=88.85% | val_loss=0.4522 val_acc=87.20% | lr=3.000000e-06
Epoch 77/301 | train_loss=0.5734 train_acc=88.83% | val_loss=0.4495 val_acc=87.14% | lr=3.000000e-06
Epoch 78/301 | train_loss=0.5696 train_acc=88.87% | val_loss=0.4469 val_acc=87.22% | lr=3.000000e-06
Epoch 79/301 | train_loss=0.5658 train_acc=88.96% | val_loss=0.4443 val_acc=87.20% | lr=3.000000e-06
Epoch 80/301 | train_loss=0.5621 train_acc=89.00% | val_loss=0.4418 val_acc=87.20% | lr=3.000000e-06
Epoch 81/301 | train_loss=0.5584 train_acc=89.02% | val_loss=0.4394 val_acc=87.26% | lr=3.000000e-06
Epoch 82/301 | train_loss=0.5548 train_acc=89.08% | val_loss=0.4370 val_acc=87.34% | lr=3.000000e-06
Saved new best model to /tmp/bow_mlp_imdb_lbkr0doq.pt
Epoch 83/301 | train_loss=0.5512 train_acc=89.11% | val_loss=0.4347 val_acc=87.38% | lr=3.000000e-06
Saved new best model to /tmp/bow_mlp_imdb_lbkr0doq.pt
Epoch 84/301 | train_loss=0.5477 train_acc=89.17% | val_loss=0.4323 val_acc=87.36% | lr=3.000000e-06
Epoch 85/301 | train_loss=0.5443 train_acc=89.22% | val_loss=0.4301 val_acc=87.40% | lr=3.000000e-06
Saved new best model to /tmp/bow_mlp_imdb_lbkr0doq.pt
Epoch 86/301 | train_loss=0.5408 train_acc=89.26% | val_loss=0.4278 val_acc=87.46% | lr=3.000000e-06
Saved new best model to /tmp/bow_mlp_imdb_lbkr0doq.pt
Epoch 87/301 | train_loss=0.5375 train_acc=89.27% | val_loss=0.4256 val_acc=87.46% | lr=3.000000e-06
Epoch 88/301 | train_loss=0.5342 train_acc=89.36% | val_loss=0.4235 val_acc=87.48% | lr=3.000000e-06
Saved new best model to /tmp/bow_mlp_imdb_lbkr0doq.pt
Epoch 89/301 | train_loss=0.5309 train_acc=89.36% | val_loss=0.4214 val_acc=87.60% | lr=3.000000e-06
Saved new best model to /tmp/bow_mlp_imdb_lbkr0doq.pt
Epoch 90/301 | train_loss=0.5277 train_acc=89.44% | val_loss=0.4193 val_acc=87.70% | lr=3.000000e-06
Saved new best model to /tmp/bow_mlp_imdb_lbkr0doq.pt
Epoch 91/301 | train_loss=0.5245 train_acc=89.42% | val_loss=0.4173 val_acc=87.72% | lr=3.000000e-06
Saved new best model to /tmp/bow_mlp_imdb_lbkr0doq.pt
Epoch 92/301 | train_loss=0.5214 train_acc=89.52% | val_loss=0.4154 val_acc=87.80% | lr=3.000000e-06
Saved new best model to /tmp/bow_mlp_imdb_lbkr0doq.pt
Epoch 93/301 | train_loss=0.5183 train_acc=89.52% | val_loss=0.4133 val_acc=87.78% | lr=3.000000e-06
Epoch 94/301 | train_loss=0.5152 train_acc=89.59% | val_loss=0.4113 val_acc=87.70% | lr=3.000000e-06
Epoch 95/301 | train_loss=0.5122 train_acc=89.62% | val_loss=0.4095 val_acc=87.80% | lr=3.000000e-06
Epoch 96/301 | train_loss=0.5093 train_acc=89.72% | val_loss=0.4076 val_acc=87.80% | lr=3.000000e-06
Epoch 97/301 | train_loss=0.5064 train_acc=89.72% | val_loss=0.4058 val_acc=87.82% | lr=3.000000e-06
Saved new best model to /tmp/bow_mlp_imdb_lbkr0doq.pt
Epoch 98/301 | train_loss=0.5035 train_acc=89.74% | val_loss=0.4040 val_acc=87.84% | lr=3.000000e-06
Saved new best model to /tmp/bow_mlp_imdb_lbkr0doq.pt
Epoch 99/301 | train_loss=0.5007 train_acc=89.81% | val_loss=0.4022 val_acc=87.84% | lr=3.000000e-06
Epoch 100/301 | train_loss=0.4979 train_acc=89.86% | val_loss=0.4005 val_acc=87.84% | lr=3.000000e-06
Epoch 101/301 | train_loss=0.4951 train_acc=89.81% | val_loss=0.3988 val_acc=87.84% | lr=3.000000e-06
Epoch 102/301 | train_loss=0.4924 train_acc=89.89% | val_loss=0.3971 val_acc=87.90% | lr=3.000000e-06
Saved new best model to /tmp/bow_mlp_imdb_lbkr0doq.pt
Epoch 103/301 | train_loss=0.4897 train_acc=89.92% | val_loss=0.3955 val_acc=87.90% | lr=3.000000e-06
Epoch 104/301 | train_loss=0.4871 train_acc=89.91% | val_loss=0.3939 val_acc=88.08% | lr=3.000000e-06
Saved new best model to /tmp/bow_mlp_imdb_lbkr0doq.pt
Epoch 105/301 | train_loss=0.4845 train_acc=89.99% | val_loss=0.3923 val_acc=88.04% | lr=3.000000e-06
Epoch 106/301 | train_loss=0.4819 train_acc=90.07% | val_loss=0.3907 val_acc=88.02% | lr=3.000000e-06
Epoch 107/301 | train_loss=0.4794 train_acc=90.05% | val_loss=0.3891 val_acc=87.94% | lr=3.000000e-06
Epoch 108/301 | train_loss=0.4768 train_acc=90.07% | val_loss=0.3876 val_acc=88.08% | lr=3.000000e-06
Epoch 109/301 | train_loss=0.4744 train_acc=90.12% | val_loss=0.3861 val_acc=88.02% | lr=3.000000e-06
Epoch 110/301 | train_loss=0.4719 train_acc=90.18% | val_loss=0.3847 val_acc=88.08% | lr=3.000000e-06
Epoch 111/301 | train_loss=0.4695 train_acc=90.25% | val_loss=0.3832 val_acc=88.02% | lr=3.000000e-06
Epoch 112/301 | train_loss=0.4671 train_acc=90.28% | val_loss=0.3818 val_acc=88.00% | lr=3.000000e-06
Epoch 113/301 | train_loss=0.4648 train_acc=90.29% | val_loss=0.3803 val_acc=88.04% | lr=3.000000e-06
Epoch 114/301 | train_loss=0.4625 train_acc=90.27% | val_loss=0.3790 val_acc=88.06% | lr=3.000000e-06
Epoch 115/301 | train_loss=0.4602 train_acc=90.34% | val_loss=0.3776 val_acc=88.10% | lr=3.000000e-06
Saved new best model to /tmp/bow_mlp_imdb_lbkr0doq.pt
Epoch 116/301 | train_loss=0.4579 train_acc=90.39% | val_loss=0.3762 val_acc=87.98% | lr=3.000000e-06
Epoch 117/301 | train_loss=0.4557 train_acc=90.36% | val_loss=0.3749 val_acc=88.14% | lr=3.000000e-06
Saved new best model to /tmp/bow_mlp_imdb_lbkr0doq.pt
Epoch 118/301 | train_loss=0.4535 train_acc=90.44% | val_loss=0.3737 val_acc=88.16% | lr=3.000000e-06
Saved new best model to /tmp/bow_mlp_imdb_lbkr0doq.pt
Epoch 119/301 | train_loss=0.4513 train_acc=90.47% | val_loss=0.3724 val_acc=88.06% | lr=3.000000e-06
Epoch 120/301 | train_loss=0.4491 train_acc=90.50% | val_loss=0.3711 val_acc=88.16% | lr=3.000000e-06
Epoch 121/301 | train_loss=0.4470 train_acc=90.54% | val_loss=0.3699 val_acc=88.22% | lr=3.000000e-06
Saved new best model to /tmp/bow_mlp_imdb_lbkr0doq.pt
Epoch 122/301 | train_loss=0.4449 train_acc=90.61% | val_loss=0.3686 val_acc=88.20% | lr=3.000000e-06
Epoch 123/301 | train_loss=0.4429 train_acc=90.55% | val_loss=0.3675 val_acc=88.30% | lr=3.000000e-06
Saved new best model to /tmp/bow_mlp_imdb_lbkr0doq.pt
Epoch 124/301 | train_loss=0.4408 train_acc=90.67% | val_loss=0.3662 val_acc=88.28% | lr=3.000000e-06
Epoch 125/301 | train_loss=0.4388 train_acc=90.68% | val_loss=0.3650 val_acc=88.26% | lr=3.000000e-06
Epoch 126/301 | train_loss=0.4368 train_acc=90.69% | val_loss=0.3639 val_acc=88.32% | lr=3.000000e-06
Saved new best model to /tmp/bow_mlp_imdb_lbkr0doq.pt
Epoch 127/301 | train_loss=0.4348 train_acc=90.75% | val_loss=0.3627 val_acc=88.24% | lr=3.000000e-06
Epoch 128/301 | train_loss=0.4328 train_acc=90.73% | val_loss=0.3616 val_acc=88.36% | lr=3.000000e-06
Saved new best model to /tmp/bow_mlp_imdb_lbkr0doq.pt
Epoch 129/301 | train_loss=0.4309 train_acc=90.81% | val_loss=0.3605 val_acc=88.30% | lr=3.000000e-06
Epoch 130/301 | train_loss=0.4290 train_acc=90.79% | val_loss=0.3594 val_acc=88.32% | lr=3.000000e-06
Epoch 131/301 | train_loss=0.4271 train_acc=90.85% | val_loss=0.3583 val_acc=88.28% | lr=3.000000e-06
Epoch 132/301 | train_loss=0.4252 train_acc=90.89% | val_loss=0.3573 val_acc=88.52% | lr=3.000000e-06
Saved new best model to /tmp/bow_mlp_imdb_lbkr0doq.pt
Epoch 133/301 | train_loss=0.4234 train_acc=90.92% | val_loss=0.3562 val_acc=88.36% | lr=3.000000e-06
Epoch 134/301 | train_loss=0.4215 train_acc=90.90% | val_loss=0.3552 val_acc=88.46% | lr=3.000000e-06
Epoch 135/301 | train_loss=0.4197 train_acc=90.93% | val_loss=0.3542 val_acc=88.46% | lr=3.000000e-06
Epoch 136/301 | train_loss=0.4179 train_acc=90.96% | val_loss=0.3532 val_acc=88.42% | lr=3.000000e-06
Epoch 137/301 | train_loss=0.4161 train_acc=90.97% | val_loss=0.3522 val_acc=88.52% | lr=3.000000e-06
Epoch 138/301 | train_loss=0.4144 train_acc=90.99% | val_loss=0.3513 val_acc=88.52% | lr=3.000000e-06
Epoch 139/301 | train_loss=0.4126 train_acc=91.04% | val_loss=0.3503 val_acc=88.50% | lr=3.000000e-06
Epoch 140/301 | train_loss=0.4109 train_acc=91.06% | val_loss=0.3493 val_acc=88.46% | lr=3.000000e-06
Epoch 141/301 | train_loss=0.4092 train_acc=91.11% | val_loss=0.3484 val_acc=88.48% | lr=3.000000e-06
Epoch 142/301 | train_loss=0.4075 train_acc=91.11% | val_loss=0.3475 val_acc=88.50% | lr=3.000000e-06
Epoch 143/301 | train_loss=0.4059 train_acc=91.15% | val_loss=0.3465 val_acc=88.50% | lr=3.000000e-06
Epoch 144/301 | train_loss=0.4042 train_acc=91.16% | val_loss=0.3456 val_acc=88.46% | lr=3.000000e-06
Epoch 145/301 | train_loss=0.4026 train_acc=91.20% | val_loss=0.3449 val_acc=88.58% | lr=3.000000e-06
Saved new best model to /tmp/bow_mlp_imdb_lbkr0doq.pt
Epoch 146/301 | train_loss=0.4010 train_acc=91.20% | val_loss=0.3439 val_acc=88.52% | lr=3.000000e-06
Epoch 147/301 | train_loss=0.3993 train_acc=91.25% | val_loss=0.3430 val_acc=88.58% | lr=3.000000e-06
Epoch 148/301 | train_loss=0.3978 train_acc=91.24% | val_loss=0.3422 val_acc=88.56% | lr=3.000000e-06
Epoch 149/301 | train_loss=0.3962 train_acc=91.30% | val_loss=0.3412 val_acc=88.48% | lr=3.000000e-06
Epoch 150/301 | train_loss=0.3946 train_acc=91.30% | val_loss=0.3404 val_acc=88.52% | lr=3.000000e-06
Epoch 151/301 | train_loss=0.3931 train_acc=91.34% | val_loss=0.3396 val_acc=88.52% | lr=3.000000e-06
Epoch 152/301 | train_loss=0.3916 train_acc=91.40% | val_loss=0.3387 val_acc=88.54% | lr=3.000000e-06
Epoch 153/301 | train_loss=0.3901 train_acc=91.41% | val_loss=0.3380 val_acc=88.58% | lr=3.000000e-06
Epoch 154/301 | train_loss=0.3886 train_acc=91.42% | val_loss=0.3372 val_acc=88.52% | lr=3.000000e-06
Epoch 155/301 | train_loss=0.3871 train_acc=91.45% | val_loss=0.3364 val_acc=88.56% | lr=3.000000e-06
Epoch 156/301 | train_loss=0.3856 train_acc=91.50% | val_loss=0.3356 val_acc=88.58% | lr=3.000000e-06
Epoch 157/301 | train_loss=0.3841 train_acc=91.52% | val_loss=0.3348 val_acc=88.54% | lr=3.000000e-06
Epoch 158/301 | train_loss=0.3827 train_acc=91.53% | val_loss=0.3341 val_acc=88.56% | lr=3.000000e-06
Epoch 159/301 | train_loss=0.3813 train_acc=91.58% | val_loss=0.3333 val_acc=88.64% | lr=3.000000e-06
Saved new best model to /tmp/bow_mlp_imdb_lbkr0doq.pt
Epoch 160/301 | train_loss=0.3799 train_acc=91.57% | val_loss=0.3326 val_acc=88.56% | lr=3.000000e-06
Epoch 161/301 | train_loss=0.3784 train_acc=91.61% | val_loss=0.3319 val_acc=88.60% | lr=3.000000e-06
Epoch 162/301 | train_loss=0.3771 train_acc=91.67% | val_loss=0.3312 val_acc=88.60% | lr=3.000000e-06
Epoch 163/301 | train_loss=0.3757 train_acc=91.68% | val_loss=0.3304 val_acc=88.64% | lr=3.000000e-06
Epoch 164/301 | train_loss=0.3744 train_acc=91.70% | val_loss=0.3297 val_acc=88.64% | lr=3.000000e-06
Epoch 165/301 | train_loss=0.3730 train_acc=91.69% | val_loss=0.3290 val_acc=88.70% | lr=3.000000e-06
Saved new best model to /tmp/bow_mlp_imdb_lbkr0doq.pt
Epoch 166/301 | train_loss=0.3717 train_acc=91.82% | val_loss=0.3283 val_acc=88.66% | lr=3.000000e-06
Epoch 167/301 | train_loss=0.3704 train_acc=91.79% | val_loss=0.3277 val_acc=88.70% | lr=3.000000e-06
Epoch 168/301 | train_loss=0.3690 train_acc=91.85% | val_loss=0.3270 val_acc=88.68% | lr=3.000000e-06
Epoch 169/301 | train_loss=0.3677 train_acc=91.83% | val_loss=0.3263 val_acc=88.66% | lr=3.000000e-06
Epoch 170/301 | train_loss=0.3664 train_acc=91.85% | val_loss=0.3257 val_acc=88.68% | lr=3.000000e-06
Epoch 171/301 | train_loss=0.3651 train_acc=91.89% | val_loss=0.3251 val_acc=88.74% | lr=3.000000e-06
Saved new best model to /tmp/bow_mlp_imdb_lbkr0doq.pt
Epoch 172/301 | train_loss=0.3638 train_acc=91.93% | val_loss=0.3244 val_acc=88.72% | lr=3.000000e-06
Epoch 173/301 | train_loss=0.3626 train_acc=91.97% | val_loss=0.3238 val_acc=88.70% | lr=3.000000e-06
Epoch 174/301 | train_loss=0.3613 train_acc=91.98% | val_loss=0.3231 val_acc=88.68% | lr=3.000000e-06
Epoch 175/301 | train_loss=0.3601 train_acc=92.01% | val_loss=0.3225 val_acc=88.70% | lr=3.000000e-06
Epoch 176/301 | train_loss=0.3588 train_acc=92.01% | val_loss=0.3219 val_acc=88.76% | lr=3.000000e-06
Saved new best model to /tmp/bow_mlp_imdb_lbkr0doq.pt
Epoch 177/301 | train_loss=0.3576 train_acc=92.05% | val_loss=0.3213 val_acc=88.74% | lr=3.000000e-06
Epoch 178/301 | train_loss=0.3564 train_acc=92.03% | val_loss=0.3207 val_acc=88.78% | lr=3.000000e-06
Saved new best model to /tmp/bow_mlp_imdb_lbkr0doq.pt
Epoch 179/301 | train_loss=0.3552 train_acc=92.02% | val_loss=0.3203 val_acc=88.76% | lr=3.000000e-06
Epoch 180/301 | train_loss=0.3540 train_acc=92.11% | val_loss=0.3195 val_acc=88.80% | lr=3.000000e-06
Saved new best model to /tmp/bow_mlp_imdb_lbkr0doq.pt
Epoch 181/301 | train_loss=0.3528 train_acc=92.09% | val_loss=0.3190 val_acc=88.78% | lr=3.000000e-06
Epoch 182/301 | train_loss=0.3517 train_acc=92.16% | val_loss=0.3183 val_acc=88.76% | lr=3.000000e-06
Epoch 183/301 | train_loss=0.3505 train_acc=92.16% | val_loss=0.3178 val_acc=88.76% | lr=3.000000e-06
Epoch 184/301 | train_loss=0.3493 train_acc=92.19% | val_loss=0.3172 val_acc=88.84% | lr=3.000000e-06
Saved new best model to /tmp/bow_mlp_imdb_lbkr0doq.pt
Epoch 185/301 | train_loss=0.3482 train_acc=92.22% | val_loss=0.3167 val_acc=88.86% | lr=3.000000e-06
Saved new best model to /tmp/bow_mlp_imdb_lbkr0doq.pt
Epoch 186/301 | train_loss=0.3471 train_acc=92.26% | val_loss=0.3162 val_acc=88.88% | lr=3.000000e-06
Saved new best model to /tmp/bow_mlp_imdb_lbkr0doq.pt
Epoch 187/301 | train_loss=0.3459 train_acc=92.30% | val_loss=0.3157 val_acc=88.78% | lr=3.000000e-06
Epoch 188/301 | train_loss=0.3448 train_acc=92.30% | val_loss=0.3151 val_acc=88.84% | lr=3.000000e-06
Epoch 189/301 | train_loss=0.3437 train_acc=92.33% | val_loss=0.3145 val_acc=88.82% | lr=3.000000e-06
Epoch 190/301 | train_loss=0.3426 train_acc=92.31% | val_loss=0.3140 val_acc=88.82% | lr=3.000000e-06
Epoch 191/301 | train_loss=0.3415 train_acc=92.38% | val_loss=0.3135 val_acc=88.82% | lr=3.000000e-06
Epoch 192/301 | train_loss=0.3404 train_acc=92.39% | val_loss=0.3130 val_acc=88.82% | lr=3.000000e-06
Epoch 193/301 | train_loss=0.3393 train_acc=92.39% | val_loss=0.3125 val_acc=88.84% | lr=3.000000e-06
Epoch 194/301 | train_loss=0.3383 train_acc=92.45% | val_loss=0.3120 val_acc=88.86% | lr=3.000000e-06
Epoch 195/301 | train_loss=0.3372 train_acc=92.45% | val_loss=0.3114 val_acc=88.82% | lr=3.000000e-06
Epoch 196/301 | train_loss=0.3361 train_acc=92.47% | val_loss=0.3110 val_acc=88.86% | lr=3.000000e-06
Epoch 197/301 | train_loss=0.3351 train_acc=92.50% | val_loss=0.3105 val_acc=88.88% | lr=3.000000e-06
Epoch 198/301 | train_loss=0.3340 train_acc=92.51% | val_loss=0.3100 val_acc=88.86% | lr=3.000000e-06
Epoch 199/301 | train_loss=0.3330 train_acc=92.53% | val_loss=0.3095 val_acc=88.90% | lr=3.000000e-06
Saved new best model to /tmp/bow_mlp_imdb_lbkr0doq.pt
Epoch 200/301 | train_loss=0.3320 train_acc=92.56% | val_loss=0.3090 val_acc=88.88% | lr=3.000000e-06
Epoch 201/301 | train_loss=0.3310 train_acc=92.59% | val_loss=0.3085 val_acc=88.86% | lr=3.000000e-06
Epoch 202/301 | train_loss=0.3299 train_acc=92.60% | val_loss=0.3080 val_acc=88.86% | lr=3.000000e-06
Epoch 203/301 | train_loss=0.3289 train_acc=92.64% | val_loss=0.3076 val_acc=88.86% | lr=3.000000e-06
Epoch 204/301 | train_loss=0.3279 train_acc=92.67% | val_loss=0.3072 val_acc=88.90% | lr=3.000000e-06
Epoch 205/301 | train_loss=0.3269 train_acc=92.65% | val_loss=0.3068 val_acc=88.88% | lr=3.000000e-06
Epoch 206/301 | train_loss=0.3259 train_acc=92.72% | val_loss=0.3063 val_acc=88.88% | lr=3.000000e-06
Epoch 207/301 | train_loss=0.3250 train_acc=92.73% | val_loss=0.3058 val_acc=88.88% | lr=3.000000e-06
Epoch 208/301 | train_loss=0.3240 train_acc=92.77% | val_loss=0.3054 val_acc=88.86% | lr=3.000000e-06
Epoch 209/301 | train_loss=0.3230 train_acc=92.80% | val_loss=0.3050 val_acc=88.88% | lr=3.000000e-06
Epoch 210/301 | train_loss=0.3221 train_acc=92.81% | val_loss=0.3045 val_acc=88.88% | lr=3.000000e-06
Epoch 211/301 | train_loss=0.3211 train_acc=92.84% | val_loss=0.3042 val_acc=88.88% | lr=3.000000e-06
Epoch 212/301 | train_loss=0.3202 train_acc=92.86% | val_loss=0.3037 val_acc=88.90% | lr=3.000000e-06
Epoch 213/301 | train_loss=0.3192 train_acc=92.92% | val_loss=0.3033 val_acc=88.92% | lr=3.000000e-06
Saved new best model to /tmp/bow_mlp_imdb_lbkr0doq.pt
Epoch 214/301 | train_loss=0.3183 train_acc=92.90% | val_loss=0.3030 val_acc=88.88% | lr=3.000000e-06
Epoch 215/301 | train_loss=0.3173 train_acc=92.94% | val_loss=0.3026 val_acc=88.88% | lr=3.000000e-06
Epoch 216/301 | train_loss=0.3164 train_acc=92.98% | val_loss=0.3021 val_acc=88.94% | lr=3.000000e-06
Saved new best model to /tmp/bow_mlp_imdb_lbkr0doq.pt
Epoch 217/301 | train_loss=0.3155 train_acc=93.01% | val_loss=0.3017 val_acc=88.94% | lr=3.000000e-06
Epoch 218/301 | train_loss=0.3146 train_acc=93.02% | val_loss=0.3013 val_acc=88.96% | lr=3.000000e-06
Saved new best model to /tmp/bow_mlp_imdb_lbkr0doq.pt
Epoch 219/301 | train_loss=0.3137 train_acc=93.02% | val_loss=0.3009 val_acc=88.96% | lr=3.000000e-06
Epoch 220/301 | train_loss=0.3128 train_acc=93.05% | val_loss=0.3006 val_acc=88.94% | lr=3.000000e-06
Epoch 221/301 | train_loss=0.3119 train_acc=93.06% | val_loss=0.3002 val_acc=88.96% | lr=3.000000e-06
Epoch 222/301 | train_loss=0.3110 train_acc=93.08% | val_loss=0.2998 val_acc=88.96% | lr=3.000000e-06
Epoch 223/301 | train_loss=0.3101 train_acc=93.14% | val_loss=0.2994 val_acc=88.92% | lr=3.000000e-06
Epoch 224/301 | train_loss=0.3092 train_acc=93.11% | val_loss=0.2990 val_acc=88.94% | lr=3.000000e-06
Epoch 225/301 | train_loss=0.3084 train_acc=93.15% | val_loss=0.2987 val_acc=88.92% | lr=3.000000e-06
Epoch 226/301 | train_loss=0.3075 train_acc=93.16% | val_loss=0.2984 val_acc=88.96% | lr=3.000000e-06
Epoch 227/301 | train_loss=0.3067 train_acc=93.19% | val_loss=0.2980 val_acc=88.96% | lr=3.000000e-06
Epoch 228/301 | train_loss=0.3058 train_acc=93.17% | val_loss=0.2977 val_acc=89.00% | lr=3.000000e-06
Saved new best model to /tmp/bow_mlp_imdb_lbkr0doq.pt
Epoch 229/301 | train_loss=0.3049 train_acc=93.23% | val_loss=0.2973 val_acc=89.02% | lr=3.000000e-06
Saved new best model to /tmp/bow_mlp_imdb_lbkr0doq.pt
Epoch 230/301 | train_loss=0.3041 train_acc=93.24% | val_loss=0.2969 val_acc=88.98% | lr=3.000000e-06
Epoch 231/301 | train_loss=0.3033 train_acc=93.27% | val_loss=0.2966 val_acc=88.98% | lr=3.000000e-06
Epoch 232/301 | train_loss=0.3025 train_acc=93.31% | val_loss=0.2963 val_acc=88.98% | lr=3.000000e-06
Epoch 233/301 | train_loss=0.3016 train_acc=93.31% | val_loss=0.2960 val_acc=89.18% | lr=3.000000e-06
Saved new best model to /tmp/bow_mlp_imdb_lbkr0doq.pt
Epoch 234/301 | train_loss=0.3008 train_acc=93.32% | val_loss=0.2957 val_acc=89.22% | lr=3.000000e-06
Saved new best model to /tmp/bow_mlp_imdb_lbkr0doq.pt
Epoch 235/301 | train_loss=0.3000 train_acc=93.37% | val_loss=0.2952 val_acc=89.06% | lr=3.000000e-06
Epoch 236/301 | train_loss=0.2991 train_acc=93.38% | val_loss=0.2949 val_acc=89.12% | lr=3.000000e-06
Epoch 237/301 | train_loss=0.2983 train_acc=93.41% | val_loss=0.2946 val_acc=89.18% | lr=3.000000e-06
Epoch 238/301 | train_loss=0.2975 train_acc=93.43% | val_loss=0.2942 val_acc=89.06% | lr=3.000000e-06
Epoch 239/301 | train_loss=0.2967 train_acc=93.42% | val_loss=0.2940 val_acc=89.22% | lr=3.000000e-06
Epoch 240/301 | train_loss=0.2959 train_acc=93.49% | val_loss=0.2936 val_acc=89.14% | lr=3.000000e-06
Epoch 241/301 | train_loss=0.2951 train_acc=93.49% | val_loss=0.2933 val_acc=89.14% | lr=3.000000e-06
Epoch 242/301 | train_loss=0.2943 train_acc=93.53% | val_loss=0.2930 val_acc=89.06% | lr=3.000000e-06
Epoch 243/301 | train_loss=0.2935 train_acc=93.52% | val_loss=0.2927 val_acc=89.20% | lr=3.000000e-06
Epoch 244/301 | train_loss=0.2927 train_acc=93.52% | val_loss=0.2924 val_acc=89.18% | lr=3.000000e-06
Epoch 245/301 | train_loss=0.2919 train_acc=93.53% | val_loss=0.2921 val_acc=89.10% | lr=3.000000e-06
Epoch 246/301 | train_loss=0.2911 train_acc=93.56% | val_loss=0.2919 val_acc=89.28% | lr=3.000000e-06
Saved new best model to /tmp/bow_mlp_imdb_lbkr0doq.pt
Epoch 247/301 | train_loss=0.2904 train_acc=93.61% | val_loss=0.2915 val_acc=89.26% | lr=3.000000e-06
Epoch 248/301 | train_loss=0.2896 train_acc=93.60% | val_loss=0.2912 val_acc=89.26% | lr=3.000000e-06
Epoch 249/301 | train_loss=0.2888 train_acc=93.66% | val_loss=0.2909 val_acc=89.22% | lr=3.000000e-06
Epoch 250/301 | train_loss=0.2881 train_acc=93.63% | val_loss=0.2906 val_acc=89.10% | lr=3.000000e-06
Epoch 251/301 | train_loss=0.2873 train_acc=93.64% | val_loss=0.2904 val_acc=89.24% | lr=3.000000e-06
Epoch 252/301 | train_loss=0.2865 train_acc=93.70% | val_loss=0.2900 val_acc=89.14% | lr=3.000000e-06
Epoch 253/301 | train_loss=0.2858 train_acc=93.72% | val_loss=0.2898 val_acc=89.14% | lr=3.000000e-06
Epoch 254/301 | train_loss=0.2851 train_acc=93.70% | val_loss=0.2895 val_acc=89.22% | lr=3.000000e-06
Epoch 255/301 | train_loss=0.2843 train_acc=93.75% | val_loss=0.2892 val_acc=89.14% | lr=3.000000e-06
Epoch 256/301 | train_loss=0.2836 train_acc=93.81% | val_loss=0.2889 val_acc=89.14% | lr=3.000000e-06
Epoch 257/301 | train_loss=0.2828 train_acc=93.75% | val_loss=0.2887 val_acc=89.22% | lr=3.000000e-06
Epoch 258/301 | train_loss=0.2821 train_acc=93.81% | val_loss=0.2884 val_acc=89.14% | lr=3.000000e-06
Epoch 259/301 | train_loss=0.2813 train_acc=93.81% | val_loss=0.2881 val_acc=89.18% | lr=3.000000e-06
Epoch 260/301 | train_loss=0.2807 train_acc=93.80% | val_loss=0.2879 val_acc=89.12% | lr=3.000000e-06
Epoch 261/301 | train_loss=0.2799 train_acc=93.83% | val_loss=0.2876 val_acc=89.16% | lr=3.000000e-06
Epoch 262/301 | train_loss=0.2792 train_acc=93.85% | val_loss=0.2874 val_acc=89.18% | lr=3.000000e-06
Epoch 263/301 | train_loss=0.2785 train_acc=93.86% | val_loss=0.2871 val_acc=89.14% | lr=3.000000e-06
Epoch 264/301 | train_loss=0.2778 train_acc=93.89% | val_loss=0.2869 val_acc=89.20% | lr=3.000000e-06
Epoch 265/301 | train_loss=0.2771 train_acc=93.91% | val_loss=0.2868 val_acc=89.22% | lr=3.000000e-06
Epoch 266/301 | train_loss=0.2764 train_acc=93.92% | val_loss=0.2864 val_acc=89.20% | lr=3.000000e-06
Epoch 267/301 | train_loss=0.2757 train_acc=93.94% | val_loss=0.2862 val_acc=89.18% | lr=3.000000e-06
Epoch 268/301 | train_loss=0.2750 train_acc=93.97% | val_loss=0.2860 val_acc=89.24% | lr=3.000000e-06
Epoch 269/301 | train_loss=0.2743 train_acc=94.00% | val_loss=0.2857 val_acc=89.24% | lr=3.000000e-06
Epoch 270/301 | train_loss=0.2736 train_acc=94.01% | val_loss=0.2854 val_acc=89.24% | lr=3.000000e-06
Epoch 271/301 | train_loss=0.2729 train_acc=93.99% | val_loss=0.2853 val_acc=89.24% | lr=3.000000e-06
Epoch 272/301 | train_loss=0.2723 train_acc=94.08% | val_loss=0.2850 val_acc=89.22% | lr=3.000000e-06
Epoch 273/301 | train_loss=0.2716 train_acc=94.04% | val_loss=0.2848 val_acc=89.24% | lr=3.000000e-06
Epoch 274/301 | train_loss=0.2709 train_acc=94.08% | val_loss=0.2845 val_acc=89.24% | lr=3.000000e-06
Epoch 275/301 | train_loss=0.2702 train_acc=94.08% | val_loss=0.2843 val_acc=89.24% | lr=3.000000e-06
Epoch 276/301 | train_loss=0.2696 train_acc=94.08% | val_loss=0.2842 val_acc=89.22% | lr=3.000000e-06
Epoch 277/301 | train_loss=0.2689 train_acc=94.12% | val_loss=0.2840 val_acc=89.24% | lr=3.000000e-06
Epoch 278/301 | train_loss=0.2682 train_acc=94.13% | val_loss=0.2837 val_acc=89.24% | lr=3.000000e-06
Epoch 279/301 | train_loss=0.2676 train_acc=94.17% | val_loss=0.2835 val_acc=89.26% | lr=3.000000e-06
Epoch 280/301 | train_loss=0.2669 train_acc=94.20% | val_loss=0.2833 val_acc=89.24% | lr=3.000000e-06
Epoch 281/301 | train_loss=0.2662 train_acc=94.23% | val_loss=0.2831 val_acc=89.28% | lr=3.000000e-06
Epoch 282/301 | train_loss=0.2656 train_acc=94.21% | val_loss=0.2828 val_acc=89.30% | lr=3.000000e-06
Saved new best model to /tmp/bow_mlp_imdb_lbkr0doq.pt
Epoch 283/301 | train_loss=0.2649 train_acc=94.25% | val_loss=0.2827 val_acc=89.26% | lr=3.000000e-06
Epoch 284/301 | train_loss=0.2643 train_acc=94.22% | val_loss=0.2824 val_acc=89.30% | lr=3.000000e-06
Epoch 285/301 | train_loss=0.2636 train_acc=94.23% | val_loss=0.2822 val_acc=89.32% | lr=3.000000e-06
Saved new best model to /tmp/bow_mlp_imdb_lbkr0doq.pt
Epoch 286/301 | train_loss=0.2630 train_acc=94.30% | val_loss=0.2820 val_acc=89.28% | lr=3.000000e-06
Epoch 287/301 | train_loss=0.2624 train_acc=94.30% | val_loss=0.2819 val_acc=89.28% | lr=3.000000e-06
Epoch 288/301 | train_loss=0.2617 train_acc=94.30% | val_loss=0.2816 val_acc=89.30% | lr=3.000000e-06
Epoch 289/301 | train_loss=0.2611 train_acc=94.30% | val_loss=0.2815 val_acc=89.28% | lr=3.000000e-06
Epoch 290/301 | train_loss=0.2605 train_acc=94.36% | val_loss=0.2812 val_acc=89.32% | lr=3.000000e-06
Epoch 291/301 | train_loss=0.2598 train_acc=94.35% | val_loss=0.2812 val_acc=89.32% | lr=3.000000e-06
Epoch 292/301 | train_loss=0.2592 train_acc=94.36% | val_loss=0.2809 val_acc=89.32% | lr=3.000000e-06
Epoch 293/301 | train_loss=0.2586 train_acc=94.36% | val_loss=0.2808 val_acc=89.34% | lr=3.000000e-06
Saved new best model to /tmp/bow_mlp_imdb_lbkr0doq.pt
Epoch 294/301 | train_loss=0.2580 train_acc=94.38% | val_loss=0.2805 val_acc=89.34% | lr=3.000000e-06
Epoch 295/301 | train_loss=0.2574 train_acc=94.42% | val_loss=0.2803 val_acc=89.40% | lr=3.000000e-06
Saved new best model to /tmp/bow_mlp_imdb_lbkr0doq.pt
Epoch 296/301 | train_loss=0.2567 train_acc=94.42% | val_loss=0.2801 val_acc=89.40% | lr=3.000000e-06
Epoch 297/301 | train_loss=0.2561 train_acc=94.44% | val_loss=0.2799 val_acc=89.42% | lr=3.000000e-06
Saved new best model to /tmp/bow_mlp_imdb_lbkr0doq.pt
Epoch 298/301 | train_loss=0.2555 train_acc=94.45% | val_loss=0.2799 val_acc=89.38% | lr=3.000000e-06
Epoch 299/301 | train_loss=0.2549 train_acc=94.48% | val_loss=0.2796 val_acc=89.40% | lr=3.000000e-06
Epoch 300/301 | train_loss=0.2543 train_acc=94.52% | val_loss=0.2794 val_acc=89.44% | lr=3.000000e-06
Saved new best model to /tmp/bow_mlp_imdb_lbkr0doq.pt
Epoch 301/301 | train_loss=0.2537 train_acc=94.53% | val_loss=0.2792 val_acc=89.44% | lr=3.000000e-06
Epoch 302/301 | train_loss=0.2531 train_acc=94.54% | val_loss=0.2791 val_acc=89.40% | lr=3.000000e-06
Epoch 303/301 | train_loss=0.2525 train_acc=94.56% | val_loss=0.2791 val_acc=89.42% | lr=3.000000e-06
Epoch 304/301 | train_loss=0.2519 train_acc=94.58% | val_loss=0.2788 val_acc=89.42% | lr=3.000000e-06
Epoch 305/301 | train_loss=0.2513 train_acc=94.59% | val_loss=0.2786 val_acc=89.42% | lr=3.000000e-06
Epoch 306/301 | train_loss=0.2508 train_acc=94.60% | val_loss=0.2785 val_acc=89.42% | lr=3.000000e-06
Epoch 307/301 | train_loss=0.2502 train_acc=94.64% | val_loss=0.2783 val_acc=89.42% | lr=3.000000e-06
Epoch 308/301 | train_loss=0.2496 train_acc=94.66% | val_loss=0.2781 val_acc=89.36% | lr=3.000000e-06
Epoch 309/301 | train_loss=0.2490 train_acc=94.69% | val_loss=0.2780 val_acc=89.36% | lr=3.000000e-06
Epoch 310/301 | train_loss=0.2484 train_acc=94.72% | val_loss=0.2779 val_acc=89.34% | lr=3.000000e-06
Epoch 311/301 | train_loss=0.2478 train_acc=94.70% | val_loss=0.2777 val_acc=89.36% | lr=3.000000e-06
Epoch 312/301 | train_loss=0.2473 train_acc=94.73% | val_loss=0.2775 val_acc=89.38% | lr=3.000000e-06
Epoch 313/301 | train_loss=0.2467 train_acc=94.74% | val_loss=0.2775 val_acc=89.44% | lr=3.000000e-06
Epoch 314/301 | train_loss=0.2461 train_acc=94.73% | val_loss=0.2773 val_acc=89.34% | lr=3.000000e-06
Epoch 315/301 | train_loss=0.2456 train_acc=94.76% | val_loss=0.2771 val_acc=89.38% | lr=3.000000e-06
Epoch 316/301 | train_loss=0.2450 train_acc=94.77% | val_loss=0.2769 val_acc=89.42% | lr=3.000000e-06
Epoch 317/301 | train_loss=0.2444 train_acc=94.81% | val_loss=0.2768 val_acc=89.38% | lr=3.000000e-06
Epoch 318/301 | train_loss=0.2439 train_acc=94.78% | val_loss=0.2766 val_acc=89.38% | lr=3.000000e-06
Epoch 319/301 | train_loss=0.2433 train_acc=94.83% | val_loss=0.2765 val_acc=89.36% | lr=3.000000e-06
Epoch 320/301 | train_loss=0.2428 train_acc=94.83% | val_loss=0.2764 val_acc=89.36% | lr=3.000000e-06
Epoch 321/301 | train_loss=0.2422 train_acc=94.84% | val_loss=0.2763 val_acc=89.34% | lr=3.000000e-06
Epoch 322/301 | train_loss=0.2416 train_acc=94.85% | val_loss=0.2761 val_acc=89.38% | lr=3.000000e-06
Epoch 323/301 | train_loss=0.2411 train_acc=94.84% | val_loss=0.2759 val_acc=89.36% | lr=3.000000e-06
Epoch 324/301 | train_loss=0.2406 train_acc=94.88% | val_loss=0.2759 val_acc=89.44% | lr=3.000000e-06
Epoch 325/301 | train_loss=0.2400 train_acc=94.89% | val_loss=0.2758 val_acc=89.46% | lr=3.000000e-06
Saved new best model to /tmp/bow_mlp_imdb_lbkr0doq.pt
Epoch 326/301 | train_loss=0.2395 train_acc=94.90% | val_loss=0.2756 val_acc=89.40% | lr=3.000000e-06
Epoch 327/301 | train_loss=0.2389 train_acc=94.93% | val_loss=0.2756 val_acc=89.50% | lr=3.000000e-06
Saved new best model to /tmp/bow_mlp_imdb_lbkr0doq.pt
Epoch 328/301 | train_loss=0.2384 train_acc=94.91% | val_loss=0.2754 val_acc=89.44% | lr=3.000000e-06
Epoch 329/301 | train_loss=0.2378 train_acc=94.94% | val_loss=0.2752 val_acc=89.44% | lr=3.000000e-06
Epoch 330/301 | train_loss=0.2373 train_acc=94.96% | val_loss=0.2751 val_acc=89.46% | lr=3.000000e-06
Epoch 331/301 | train_loss=0.2368 train_acc=94.96% | val_loss=0.2750 val_acc=89.46% | lr=3.000000e-06
Epoch 332/301 | train_loss=0.2362 train_acc=94.97% | val_loss=0.2749 val_acc=89.50% | lr=3.000000e-06
Epoch 333/301 | train_loss=0.2357 train_acc=95.00% | val_loss=0.2747 val_acc=89.48% | lr=3.000000e-06
Epoch 334/301 | train_loss=0.2352 train_acc=95.00% | val_loss=0.2746 val_acc=89.50% | lr=3.000000e-06
Epoch 335/301 | train_loss=0.2346 train_acc=95.05% | val_loss=0.2746 val_acc=89.56% | lr=3.000000e-06
Saved new best model to /tmp/bow_mlp_imdb_lbkr0doq.pt
Epoch 336/301 | train_loss=0.2341 train_acc=95.03% | val_loss=0.2745 val_acc=89.54% | lr=3.000000e-06
Epoch 337/301 | train_loss=0.2336 train_acc=95.08% | val_loss=0.2744 val_acc=89.54% | lr=3.000000e-06
Epoch 338/301 | train_loss=0.2331 train_acc=95.05% | val_loss=0.2743 val_acc=89.56% | lr=3.000000e-06
Epoch 339/301 | train_loss=0.2325 train_acc=95.06% | val_loss=0.2741 val_acc=89.58% | lr=3.000000e-06
Saved new best model to /tmp/bow_mlp_imdb_lbkr0doq.pt
Epoch 340/301 | train_loss=0.2320 train_acc=95.08% | val_loss=0.2740 val_acc=89.52% | lr=3.000000e-06
Epoch 341/301 | train_loss=0.2315 train_acc=95.09% | val_loss=0.2738 val_acc=89.48% | lr=3.000000e-06
Epoch 342/301 | train_loss=0.2310 train_acc=95.12% | val_loss=0.2739 val_acc=89.58% | lr=3.000000e-06
Epoch 343/301 | train_loss=0.2305 train_acc=95.12% | val_loss=0.2738 val_acc=89.54% | lr=3.000000e-06
Epoch 344/301 | train_loss=0.2299 train_acc=95.11% | val_loss=0.2736 val_acc=89.50% | lr=3.000000e-06
Epoch 345/301 | train_loss=0.2294 train_acc=95.17% | val_loss=0.2735 val_acc=89.52% | lr=3.000000e-06
Epoch 346/301 | train_loss=0.2289 train_acc=95.19% | val_loss=0.2733 val_acc=89.50% | lr=3.000000e-06
Epoch 347/301 | train_loss=0.2284 train_acc=95.18% | val_loss=0.2732 val_acc=89.52% | lr=3.000000e-06
Epoch 348/301 | train_loss=0.2279 train_acc=95.20% | val_loss=0.2732 val_acc=89.50% | lr=3.000000e-06
Epoch 349/301 | train_loss=0.2274 train_acc=95.23% | val_loss=0.2731 val_acc=89.50% | lr=3.000000e-06
Epoch 350/301 | train_loss=0.2269 train_acc=95.25% | val_loss=0.2731 val_acc=89.50% | lr=3.000000e-06
Epoch 351/301 | train_loss=0.2264 train_acc=95.22% | val_loss=0.2729 val_acc=89.48% | lr=3.000000e-06
Epoch 352/301 | train_loss=0.2259 train_acc=95.26% | val_loss=0.2728 val_acc=89.52% | lr=3.000000e-06
Epoch 353/301 | train_loss=0.2254 train_acc=95.29% | val_loss=0.2729 val_acc=89.50% | lr=3.000000e-06
Epoch 354/301 | train_loss=0.2249 train_acc=95.30% | val_loss=0.2726 val_acc=89.46% | lr=3.000000e-06
Epoch 355/301 | train_loss=0.2244 train_acc=95.30% | val_loss=0.2726 val_acc=89.52% | lr=3.000000e-06
Epoch 356/301 | train_loss=0.2239 train_acc=95.32% | val_loss=0.2725 val_acc=89.54% | lr=3.000000e-06
Epoch 357/301 | train_loss=0.2234 train_acc=95.31% | val_loss=0.2723 val_acc=89.44% | lr=3.000000e-06
Epoch 358/301 | train_loss=0.2229 train_acc=95.34% | val_loss=0.2724 val_acc=89.52% | lr=3.000000e-06
Epoch 359/301 | train_loss=0.2225 train_acc=95.34% | val_loss=0.2723 val_acc=89.52% | lr=3.000000e-06
Epoch 360/301 | train_loss=0.2220 train_acc=95.34% | val_loss=0.2722 val_acc=89.58% | lr=3.000000e-06
Epoch 361/301 | train_loss=0.2215 train_acc=95.38% | val_loss=0.2720 val_acc=89.46% | lr=3.000000e-06
Epoch 362/301 | train_loss=0.2210 train_acc=95.38% | val_loss=0.2719 val_acc=89.44% | lr=3.000000e-06
Epoch 363/301 | train_loss=0.2205 train_acc=95.40% | val_loss=0.2719 val_acc=89.56% | lr=3.000000e-06
Epoch 364/301 | train_loss=0.2200 train_acc=95.41% | val_loss=0.2718 val_acc=89.52% | lr=3.000000e-06
Epoch 365/301 | train_loss=0.2195 train_acc=95.44% | val_loss=0.2718 val_acc=89.56% | lr=3.000000e-06
Epoch 366/301 | train_loss=0.2191 train_acc=95.44% | val_loss=0.2718 val_acc=89.56% | lr=3.000000e-06
Epoch 367/301 | train_loss=0.2186 train_acc=95.43% | val_loss=0.2717 val_acc=89.58% | lr=3.000000e-06
Epoch 368/301 | train_loss=0.2181 train_acc=95.44% | val_loss=0.2716 val_acc=89.58% | lr=3.000000e-06
Epoch 369/301 | train_loss=0.2176 train_acc=95.45% | val_loss=0.2714 val_acc=89.48% | lr=3.000000e-06
Epoch 370/301 | train_loss=0.2172 train_acc=95.48% | val_loss=0.2714 val_acc=89.56% | lr=3.000000e-06
Epoch 371/301 | train_loss=0.2167 train_acc=95.49% | val_loss=0.2714 val_acc=89.58% | lr=3.000000e-06
Epoch 372/301 | train_loss=0.2162 train_acc=95.50% | val_loss=0.2714 val_acc=89.56% | lr=3.000000e-06
Epoch 373/301 | train_loss=0.2158 train_acc=95.53% | val_loss=0.2712 val_acc=89.58% | lr=3.000000e-06
Epoch 374/301 | train_loss=0.2153 train_acc=95.52% | val_loss=0.2711 val_acc=89.58% | lr=3.000000e-06
Epoch 375/301 | train_loss=0.2148 train_acc=95.54% | val_loss=0.2711 val_acc=89.52% | lr=3.000000e-06
Epoch 376/301 | train_loss=0.2144 train_acc=95.55% | val_loss=0.2711 val_acc=89.56% | lr=3.000000e-06
Epoch 377/301 | train_loss=0.2139 train_acc=95.55% | val_loss=0.2710 val_acc=89.56% | lr=3.000000e-06
Epoch 378/301 | train_loss=0.2135 train_acc=95.56% | val_loss=0.2710 val_acc=89.58% | lr=3.000000e-06
Epoch 379/301 | train_loss=0.2130 train_acc=95.58% | val_loss=0.2709 val_acc=89.60% | lr=3.000000e-06
Saved new best model to /tmp/bow_mlp_imdb_lbkr0doq.pt
Epoch 380/301 | train_loss=0.2125 train_acc=95.58% | val_loss=0.2708 val_acc=89.58% | lr=3.000000e-06
Epoch 381/301 | train_loss=0.2121 train_acc=95.58% | val_loss=0.2708 val_acc=89.58% | lr=3.000000e-06
Epoch 382/301 | train_loss=0.2116 train_acc=95.61% | val_loss=0.2706 val_acc=89.54% | lr=3.000000e-06
Epoch 383/301 | train_loss=0.2112 train_acc=95.62% | val_loss=0.2707 val_acc=89.52% | lr=3.000000e-06
Epoch 384/301 | train_loss=0.2107 train_acc=95.64% | val_loss=0.2706 val_acc=89.56% | lr=3.000000e-06
Epoch 385/301 | train_loss=0.2103 train_acc=95.66% | val_loss=0.2706 val_acc=89.54% | lr=3.000000e-06
Epoch 386/301 | train_loss=0.2098 train_acc=95.69% | val_loss=0.2704 val_acc=89.56% | lr=3.000000e-06
Epoch 387/301 | train_loss=0.2094 train_acc=95.68% | val_loss=0.2704 val_acc=89.52% | lr=3.000000e-06
Epoch 388/301 | train_loss=0.2089 train_acc=95.69% | val_loss=0.2704 val_acc=89.54% | lr=3.000000e-06
Epoch 389/301 | train_loss=0.2085 train_acc=95.70% | val_loss=0.2704 val_acc=89.52% | lr=3.000000e-06
Epoch 390/301 | train_loss=0.2080 train_acc=95.70% | val_loss=0.2705 val_acc=89.56% | lr=3.000000e-06
Epoch 391/301 | train_loss=0.2076 train_acc=95.76% | val_loss=0.2703 val_acc=89.54% | lr=3.000000e-06
Epoch 392/301 | train_loss=0.2072 train_acc=95.79% | val_loss=0.2703 val_acc=89.52% | lr=3.000000e-06
Epoch 393/301 | train_loss=0.2067 train_acc=95.80% | val_loss=0.2702 val_acc=89.52% | lr=3.000000e-06
Epoch 394/301 | train_loss=0.2063 train_acc=95.83% | val_loss=0.2701 val_acc=89.54% | lr=3.000000e-06
Epoch 395/301 | train_loss=0.2059 train_acc=95.82% | val_loss=0.2702 val_acc=89.54% | lr=3.000000e-06
Epoch 396/301 | train_loss=0.2054 train_acc=95.83% | val_loss=0.2701 val_acc=89.52% | lr=3.000000e-06
Epoch 397/301 | train_loss=0.2050 train_acc=95.86% | val_loss=0.2700 val_acc=89.56% | lr=3.000000e-06
Epoch 398/301 | train_loss=0.2046 train_acc=95.88% | val_loss=0.2700 val_acc=89.52% | lr=3.000000e-06
Epoch 399/301 | train_loss=0.2041 train_acc=95.86% | val_loss=0.2699 val_acc=89.52% | lr=3.000000e-06
Epoch 400/301 | train_loss=0.2037 train_acc=95.90% | val_loss=0.2699 val_acc=89.54% | lr=3.000000e-06
Test loss=0.2970 | Test accuracy=88.19%
