Loading IMDb dataset from local disk: /home/daniel/l/masteruppsats/np-reg/language/data/imdb_hf
Using device: cuda
BoW vocab size: 12500
Epoch 1/301 | train_loss=0.5697 train_acc=71.65% | val_loss=0.4385 val_acc=82.94% | lr=3.000000e-05
Saved new best model to /tmp/bow_mlp_imdb_6m29nkcm.pt
Epoch 2/301 | train_loss=0.3610 train_acc=87.04% | val_loss=0.3512 val_acc=86.50% | lr=3.000000e-05
Saved new best model to /tmp/bow_mlp_imdb_6m29nkcm.pt
Epoch 3/301 | train_loss=0.2711 train_acc=91.31% | val_loss=0.3187 val_acc=87.22% | lr=3.000000e-05
Saved new best model to /tmp/bow_mlp_imdb_6m29nkcm.pt
Epoch 4/301 | train_loss=0.2136 train_acc=93.81% | val_loss=0.2961 val_acc=88.06% | lr=3.000000e-05
Saved new best model to /tmp/bow_mlp_imdb_6m29nkcm.pt
Epoch 5/301 | train_loss=0.1698 train_acc=95.71% | val_loss=0.2803 val_acc=88.42% | lr=3.000000e-05
Saved new best model to /tmp/bow_mlp_imdb_6m29nkcm.pt
Epoch 6/301 | train_loss=0.1348 train_acc=97.18% | val_loss=0.2748 val_acc=88.72% | lr=3.000000e-05
Saved new best model to /tmp/bow_mlp_imdb_6m29nkcm.pt
Epoch 7/301 | train_loss=0.1068 train_acc=98.19% | val_loss=0.2727 val_acc=88.58% | lr=3.000000e-05
Epoch 8/301 | train_loss=0.0847 train_acc=98.83% | val_loss=0.2684 val_acc=88.92% | lr=3.000000e-05
Saved new best model to /tmp/bow_mlp_imdb_6m29nkcm.pt
Epoch 9/301 | train_loss=0.0669 train_acc=99.27% | val_loss=0.2685 val_acc=88.96% | lr=3.000000e-05
Saved new best model to /tmp/bow_mlp_imdb_6m29nkcm.pt
Epoch 10/301 | train_loss=0.0534 train_acc=99.49% | val_loss=0.2704 val_acc=88.92% | lr=3.000000e-05
Epoch 11/301 | train_loss=0.0427 train_acc=99.69% | val_loss=0.2730 val_acc=88.82% | lr=3.000000e-05
Epoch 12/301 | train_loss=0.0345 train_acc=99.80% | val_loss=0.2774 val_acc=88.84% | lr=3.000000e-05
Epoch 13/301 | train_loss=0.0281 train_acc=99.87% | val_loss=0.2810 val_acc=88.84% | lr=3.000000e-05
Epoch 14/301 | train_loss=0.0231 train_acc=99.91% | val_loss=0.2845 val_acc=88.74% | lr=3.000000e-05
Epoch 15/301 | train_loss=0.0192 train_acc=99.94% | val_loss=0.2895 val_acc=88.70% | lr=3.000000e-05
Epoch 16/301 | train_loss=0.0161 train_acc=99.96% | val_loss=0.2937 val_acc=88.60% | lr=3.000000e-05
Validation loss has not improved for 8 epochs. Stopping training.
Test loss=0.2942 | Test accuracy=87.63%
