Loading IMDb dataset from local disk: /home/daniel/l/masteruppsats/np-reg/language/data/imdb_hf
Using device: cuda
BoW vocab size: 12500
Epoch 1/301 | train_loss=0.6869 train_acc=57.10% | val_loss=0.6759 val_acc=68.36% | lr=1.000000e-05
Saved new best model to /tmp/bow_mlp_imdb_n2_5l3wx.pt
Epoch 2/301 | train_loss=0.6610 train_acc=72.72% | val_loss=0.6456 val_acc=76.14% | lr=1.000000e-05
Saved new best model to /tmp/bow_mlp_imdb_n2_5l3wx.pt
Epoch 3/301 | train_loss=0.6265 train_acc=78.00% | val_loss=0.6129 val_acc=79.38% | lr=1.000000e-05
Saved new best model to /tmp/bow_mlp_imdb_n2_5l3wx.pt
Epoch 4/301 | train_loss=0.5942 train_acc=80.16% | val_loss=0.5835 val_acc=80.62% | lr=1.000000e-05
Saved new best model to /tmp/bow_mlp_imdb_n2_5l3wx.pt
Epoch 5/301 | train_loss=0.5651 train_acc=81.90% | val_loss=0.5577 val_acc=82.16% | lr=1.000000e-05
Saved new best model to /tmp/bow_mlp_imdb_n2_5l3wx.pt
Epoch 6/301 | train_loss=0.5387 train_acc=83.25% | val_loss=0.5349 val_acc=83.24% | lr=1.000000e-05
Saved new best model to /tmp/bow_mlp_imdb_n2_5l3wx.pt
Epoch 7/301 | train_loss=0.5158 train_acc=84.33% | val_loss=0.5149 val_acc=84.06% | lr=1.000000e-05
Saved new best model to /tmp/bow_mlp_imdb_n2_5l3wx.pt
Epoch 8/301 | train_loss=0.4945 train_acc=85.21% | val_loss=0.4967 val_acc=84.56% | lr=1.000000e-05
Saved new best model to /tmp/bow_mlp_imdb_n2_5l3wx.pt
Epoch 9/301 | train_loss=0.4761 train_acc=85.80% | val_loss=0.4807 val_acc=85.08% | lr=1.000000e-05
Saved new best model to /tmp/bow_mlp_imdb_n2_5l3wx.pt
Epoch 10/301 | train_loss=0.4591 train_acc=86.45% | val_loss=0.4662 val_acc=85.34% | lr=1.000000e-05
Saved new best model to /tmp/bow_mlp_imdb_n2_5l3wx.pt
Epoch 11/301 | train_loss=0.4432 train_acc=86.78% | val_loss=0.4527 val_acc=85.64% | lr=1.000000e-05
Saved new best model to /tmp/bow_mlp_imdb_n2_5l3wx.pt
Epoch 12/301 | train_loss=0.4287 train_acc=87.35% | val_loss=0.4404 val_acc=85.90% | lr=1.000000e-05
Saved new best model to /tmp/bow_mlp_imdb_n2_5l3wx.pt
Epoch 13/301 | train_loss=0.4152 train_acc=87.46% | val_loss=0.4293 val_acc=86.22% | lr=1.000000e-05
Saved new best model to /tmp/bow_mlp_imdb_n2_5l3wx.pt
Epoch 14/301 | train_loss=0.4029 train_acc=87.90% | val_loss=0.4190 val_acc=86.44% | lr=1.000000e-05
Saved new best model to /tmp/bow_mlp_imdb_n2_5l3wx.pt
Epoch 15/301 | train_loss=0.3916 train_acc=88.22% | val_loss=0.4096 val_acc=86.70% | lr=1.000000e-05
Saved new best model to /tmp/bow_mlp_imdb_n2_5l3wx.pt
Epoch 16/301 | train_loss=0.3808 train_acc=88.55% | val_loss=0.4007 val_acc=86.72% | lr=1.000000e-05
Saved new best model to /tmp/bow_mlp_imdb_n2_5l3wx.pt
Epoch 17/301 | train_loss=0.3707 train_acc=89.00% | val_loss=0.3926 val_acc=87.06% | lr=1.000000e-05
Saved new best model to /tmp/bow_mlp_imdb_n2_5l3wx.pt
Epoch 18/301 | train_loss=0.3607 train_acc=89.18% | val_loss=0.3851 val_acc=87.22% | lr=1.000000e-05
Saved new best model to /tmp/bow_mlp_imdb_n2_5l3wx.pt
Epoch 19/301 | train_loss=0.3525 train_acc=89.33% | val_loss=0.3781 val_acc=87.22% | lr=1.000000e-05
Epoch 20/301 | train_loss=0.3434 train_acc=89.71% | val_loss=0.3717 val_acc=87.24% | lr=1.000000e-05
Saved new best model to /tmp/bow_mlp_imdb_n2_5l3wx.pt
Epoch 21/301 | train_loss=0.3350 train_acc=89.81% | val_loss=0.3656 val_acc=87.40% | lr=1.000000e-05
Saved new best model to /tmp/bow_mlp_imdb_n2_5l3wx.pt
Epoch 22/301 | train_loss=0.3285 train_acc=90.03% | val_loss=0.3600 val_acc=87.54% | lr=1.000000e-05
Saved new best model to /tmp/bow_mlp_imdb_n2_5l3wx.pt
Epoch 23/301 | train_loss=0.3219 train_acc=90.17% | val_loss=0.3548 val_acc=87.70% | lr=1.000000e-05
Saved new best model to /tmp/bow_mlp_imdb_n2_5l3wx.pt
Epoch 24/301 | train_loss=0.3152 train_acc=90.29% | val_loss=0.3499 val_acc=87.76% | lr=1.000000e-05
Saved new best model to /tmp/bow_mlp_imdb_n2_5l3wx.pt
Epoch 25/301 | train_loss=0.3081 train_acc=90.61% | val_loss=0.3453 val_acc=87.84% | lr=1.000000e-05
Saved new best model to /tmp/bow_mlp_imdb_n2_5l3wx.pt
Epoch 26/301 | train_loss=0.3019 train_acc=90.50% | val_loss=0.3410 val_acc=88.00% | lr=1.000000e-05
Saved new best model to /tmp/bow_mlp_imdb_n2_5l3wx.pt
Epoch 27/301 | train_loss=0.2956 train_acc=90.88% | val_loss=0.3370 val_acc=88.04% | lr=1.000000e-05
Saved new best model to /tmp/bow_mlp_imdb_n2_5l3wx.pt
Epoch 28/301 | train_loss=0.2900 train_acc=91.05% | val_loss=0.3331 val_acc=88.10% | lr=1.000000e-05
Saved new best model to /tmp/bow_mlp_imdb_n2_5l3wx.pt
Epoch 29/301 | train_loss=0.2848 train_acc=91.14% | val_loss=0.3296 val_acc=88.18% | lr=1.000000e-05
Saved new best model to /tmp/bow_mlp_imdb_n2_5l3wx.pt
Epoch 30/301 | train_loss=0.2807 train_acc=91.26% | val_loss=0.3265 val_acc=88.38% | lr=1.000000e-05
Saved new best model to /tmp/bow_mlp_imdb_n2_5l3wx.pt
Epoch 31/301 | train_loss=0.2752 train_acc=91.47% | val_loss=0.3229 val_acc=88.34% | lr=1.000000e-05
Epoch 32/301 | train_loss=0.2700 train_acc=91.73% | val_loss=0.3199 val_acc=88.42% | lr=1.000000e-05
Saved new best model to /tmp/bow_mlp_imdb_n2_5l3wx.pt
Epoch 33/301 | train_loss=0.2654 train_acc=91.79% | val_loss=0.3171 val_acc=88.50% | lr=1.000000e-05
Saved new best model to /tmp/bow_mlp_imdb_n2_5l3wx.pt
Epoch 34/301 | train_loss=0.2617 train_acc=91.93% | val_loss=0.3148 val_acc=88.56% | lr=1.000000e-05
Saved new best model to /tmp/bow_mlp_imdb_n2_5l3wx.pt
Epoch 35/301 | train_loss=0.2576 train_acc=92.03% | val_loss=0.3118 val_acc=88.66% | lr=1.000000e-05
Saved new best model to /tmp/bow_mlp_imdb_n2_5l3wx.pt
Epoch 36/301 | train_loss=0.2531 train_acc=92.33% | val_loss=0.3094 val_acc=88.66% | lr=1.000000e-05
Epoch 37/301 | train_loss=0.2479 train_acc=92.32% | val_loss=0.3074 val_acc=88.68% | lr=1.000000e-05
Saved new best model to /tmp/bow_mlp_imdb_n2_5l3wx.pt
Epoch 38/301 | train_loss=0.2445 train_acc=92.25% | val_loss=0.3049 val_acc=88.68% | lr=1.000000e-05
Epoch 39/301 | train_loss=0.2408 train_acc=92.60% | val_loss=0.3028 val_acc=88.68% | lr=1.000000e-05
Epoch 40/301 | train_loss=0.2378 train_acc=92.67% | val_loss=0.3011 val_acc=88.82% | lr=1.000000e-05
Saved new best model to /tmp/bow_mlp_imdb_n2_5l3wx.pt
Epoch 41/301 | train_loss=0.2334 train_acc=92.75% | val_loss=0.2991 val_acc=88.80% | lr=1.000000e-05
Epoch 42/301 | train_loss=0.2304 train_acc=92.75% | val_loss=0.2974 val_acc=88.94% | lr=1.000000e-05
Saved new best model to /tmp/bow_mlp_imdb_n2_5l3wx.pt
Epoch 43/301 | train_loss=0.2272 train_acc=92.90% | val_loss=0.2955 val_acc=88.94% | lr=1.000000e-05
Epoch 44/301 | train_loss=0.2236 train_acc=93.09% | val_loss=0.2940 val_acc=88.86% | lr=1.000000e-05
Epoch 45/301 | train_loss=0.2204 train_acc=93.14% | val_loss=0.2925 val_acc=89.04% | lr=1.000000e-05
Saved new best model to /tmp/bow_mlp_imdb_n2_5l3wx.pt
Epoch 46/301 | train_loss=0.2170 train_acc=93.20% | val_loss=0.2911 val_acc=89.02% | lr=1.000000e-05
Epoch 47/301 | train_loss=0.2133 train_acc=93.47% | val_loss=0.2896 val_acc=89.10% | lr=1.000000e-05
Saved new best model to /tmp/bow_mlp_imdb_n2_5l3wx.pt
Epoch 48/301 | train_loss=0.2109 train_acc=93.51% | val_loss=0.2885 val_acc=89.08% | lr=1.000000e-05
Epoch 49/301 | train_loss=0.2076 train_acc=93.59% | val_loss=0.2872 val_acc=89.12% | lr=1.000000e-05
Saved new best model to /tmp/bow_mlp_imdb_n2_5l3wx.pt
Epoch 50/301 | train_loss=0.2046 train_acc=93.75% | val_loss=0.2862 val_acc=89.22% | lr=1.000000e-05
Saved new best model to /tmp/bow_mlp_imdb_n2_5l3wx.pt
Epoch 51/301 | train_loss=0.2024 train_acc=93.89% | val_loss=0.2848 val_acc=89.20% | lr=1.000000e-05
Epoch 52/301 | train_loss=0.1991 train_acc=93.81% | val_loss=0.2837 val_acc=89.14% | lr=1.000000e-05
Epoch 53/301 | train_loss=0.1971 train_acc=93.80% | val_loss=0.2828 val_acc=89.10% | lr=1.000000e-05
Epoch 54/301 | train_loss=0.1935 train_acc=94.05% | val_loss=0.2820 val_acc=89.24% | lr=1.000000e-05
Saved new best model to /tmp/bow_mlp_imdb_n2_5l3wx.pt
Epoch 55/301 | train_loss=0.1908 train_acc=94.19% | val_loss=0.2810 val_acc=89.22% | lr=1.000000e-05
Epoch 56/301 | train_loss=0.1894 train_acc=94.21% | val_loss=0.2803 val_acc=89.22% | lr=1.000000e-05
Epoch 57/301 | train_loss=0.1859 train_acc=94.30% | val_loss=0.2793 val_acc=89.18% | lr=1.000000e-05
Epoch 58/301 | train_loss=0.1837 train_acc=94.45% | val_loss=0.2787 val_acc=89.26% | lr=1.000000e-05
Saved new best model to /tmp/bow_mlp_imdb_n2_5l3wx.pt
Epoch 59/301 | train_loss=0.1810 train_acc=94.49% | val_loss=0.2779 val_acc=89.30% | lr=1.000000e-05
Saved new best model to /tmp/bow_mlp_imdb_n2_5l3wx.pt
Epoch 60/301 | train_loss=0.1791 train_acc=94.65% | val_loss=0.2773 val_acc=89.44% | lr=1.000000e-05
Saved new best model to /tmp/bow_mlp_imdb_n2_5l3wx.pt
Epoch 61/301 | train_loss=0.1765 train_acc=94.73% | val_loss=0.2767 val_acc=89.36% | lr=1.000000e-05
Epoch 62/301 | train_loss=0.1750 train_acc=94.64% | val_loss=0.2761 val_acc=89.38% | lr=1.000000e-05
Epoch 63/301 | train_loss=0.1716 train_acc=94.89% | val_loss=0.2756 val_acc=89.40% | lr=1.000000e-05
Epoch 64/301 | train_loss=0.1706 train_acc=94.86% | val_loss=0.2751 val_acc=89.36% | lr=1.000000e-05
Epoch 65/301 | train_loss=0.1676 train_acc=94.92% | val_loss=0.2748 val_acc=89.28% | lr=1.000000e-05
Epoch 66/301 | train_loss=0.1657 train_acc=94.97% | val_loss=0.2742 val_acc=89.30% | lr=1.000000e-05
Epoch 67/301 | train_loss=0.1631 train_acc=95.10% | val_loss=0.2739 val_acc=89.34% | lr=1.000000e-05
Epoch 68/301 | train_loss=0.1615 train_acc=95.23% | val_loss=0.2736 val_acc=89.24% | lr=1.000000e-05
Epoch 69/301 | train_loss=0.1591 train_acc=95.22% | val_loss=0.2734 val_acc=89.26% | lr=1.000000e-05
Epoch 70/301 | train_loss=0.1578 train_acc=95.28% | val_loss=0.2730 val_acc=89.32% | lr=1.000000e-05
Epoch 71/301 | train_loss=0.1556 train_acc=95.44% | val_loss=0.2728 val_acc=89.34% | lr=1.000000e-05
Epoch 72/301 | train_loss=0.1530 train_acc=95.42% | val_loss=0.2727 val_acc=89.32% | lr=1.000000e-05
Epoch 73/301 | train_loss=0.1519 train_acc=95.43% | val_loss=0.2728 val_acc=89.26% | lr=1.000000e-05
Epoch 74/301 | train_loss=0.1498 train_acc=95.58% | val_loss=0.2723 val_acc=89.36% | lr=1.000000e-05
Epoch 75/301 | train_loss=0.1476 train_acc=95.73% | val_loss=0.2722 val_acc=89.38% | lr=1.000000e-05
Epoch 76/301 | train_loss=0.1461 train_acc=95.69% | val_loss=0.2723 val_acc=89.32% | lr=1.000000e-05
Epoch 77/301 | train_loss=0.1445 train_acc=95.69% | val_loss=0.2723 val_acc=89.32% | lr=1.000000e-05
Epoch 78/301 | train_loss=0.1424 train_acc=95.82% | val_loss=0.2723 val_acc=89.38% | lr=1.000000e-05
Epoch 79/301 | train_loss=0.1411 train_acc=95.86% | val_loss=0.2721 val_acc=89.34% | lr=1.000000e-05
Epoch 80/301 | train_loss=0.1393 train_acc=96.03% | val_loss=0.2722 val_acc=89.38% | lr=1.000000e-05
Epoch 81/301 | train_loss=0.1367 train_acc=96.03% | val_loss=0.2724 val_acc=89.42% | lr=1.000000e-05
Epoch 82/301 | train_loss=0.1357 train_acc=96.08% | val_loss=0.2725 val_acc=89.38% | lr=1.000000e-05
Epoch 83/301 | train_loss=0.1341 train_acc=96.17% | val_loss=0.2727 val_acc=89.36% | lr=1.000000e-05
Epoch 84/301 | train_loss=0.1326 train_acc=96.12% | val_loss=0.2727 val_acc=89.30% | lr=1.000000e-05
Epoch 85/301 | train_loss=0.1305 train_acc=96.27% | val_loss=0.2727 val_acc=89.20% | lr=1.000000e-05
Epoch 86/301 | train_loss=0.1288 train_acc=96.36% | val_loss=0.2731 val_acc=89.22% | lr=1.000000e-05
Epoch 87/301 | train_loss=0.1273 train_acc=96.36% | val_loss=0.2732 val_acc=89.20% | lr=1.000000e-05
Validation loss has not improved for 8 epochs. Stopping training.
Test loss=0.2992 | Test accuracy=88.16%
