Loading IMDb dataset from local disk: /home/daniel/l/masteruppsats/np-reg/language/data/imdb_hf
Using device: cuda
BoW vocab size: 12500
Epoch 1/301 | train_loss=9.3639 train_acc=50.21% | val_loss=0.6918 val_acc=54.34% | lr=1.000000e-05
Saved new best model to /tmp/bow_mlp_imdb_r_2_q0sq.pt
Epoch 2/301 | train_loss=7.8314 train_acc=57.29% | val_loss=0.6842 val_acc=60.92% | lr=1.000000e-05
Saved new best model to /tmp/bow_mlp_imdb_r_2_q0sq.pt
Epoch 3/301 | train_loss=6.4356 train_acc=64.59% | val_loss=0.6763 val_acc=67.92% | lr=1.000000e-05
Saved new best model to /tmp/bow_mlp_imdb_r_2_q0sq.pt
Epoch 4/301 | train_loss=5.3018 train_acc=70.63% | val_loss=0.6677 val_acc=73.60% | lr=1.000000e-05
Saved new best model to /tmp/bow_mlp_imdb_r_2_q0sq.pt
Epoch 5/301 | train_loss=4.3679 train_acc=76.36% | val_loss=0.6597 val_acc=77.50% | lr=1.000000e-05
Saved new best model to /tmp/bow_mlp_imdb_r_2_q0sq.pt
Epoch 6/301 | train_loss=3.5977 train_acc=79.73% | val_loss=0.6511 val_acc=77.86% | lr=1.000000e-05
Saved new best model to /tmp/bow_mlp_imdb_r_2_q0sq.pt
Epoch 7/301 | train_loss=2.9624 train_acc=81.99% | val_loss=0.6426 val_acc=81.66% | lr=1.000000e-05
Saved new best model to /tmp/bow_mlp_imdb_r_2_q0sq.pt
Epoch 8/301 | train_loss=2.4438 train_acc=83.64% | val_loss=0.6330 val_acc=82.18% | lr=1.000000e-05
Saved new best model to /tmp/bow_mlp_imdb_r_2_q0sq.pt
Epoch 9/301 | train_loss=2.0245 train_acc=84.74% | val_loss=0.6233 val_acc=83.52% | lr=1.000000e-05
Saved new best model to /tmp/bow_mlp_imdb_r_2_q0sq.pt
Epoch 10/301 | train_loss=1.6899 train_acc=85.41% | val_loss=0.6133 val_acc=84.54% | lr=1.000000e-05
Saved new best model to /tmp/bow_mlp_imdb_r_2_q0sq.pt
Epoch 11/301 | train_loss=1.4268 train_acc=86.17% | val_loss=0.6028 val_acc=85.12% | lr=1.000000e-05
Saved new best model to /tmp/bow_mlp_imdb_r_2_q0sq.pt
Epoch 12/301 | train_loss=1.2224 train_acc=86.58% | val_loss=0.5920 val_acc=85.22% | lr=1.000000e-05
Saved new best model to /tmp/bow_mlp_imdb_r_2_q0sq.pt
Epoch 13/301 | train_loss=1.0664 train_acc=86.84% | val_loss=0.5810 val_acc=85.62% | lr=1.000000e-05
Saved new best model to /tmp/bow_mlp_imdb_r_2_q0sq.pt
Epoch 14/301 | train_loss=0.9487 train_acc=87.09% | val_loss=0.5700 val_acc=85.72% | lr=1.000000e-05
Saved new best model to /tmp/bow_mlp_imdb_r_2_q0sq.pt
Epoch 15/301 | train_loss=0.8611 train_acc=87.39% | val_loss=0.5591 val_acc=86.08% | lr=1.000000e-05
Saved new best model to /tmp/bow_mlp_imdb_r_2_q0sq.pt
Epoch 16/301 | train_loss=0.7967 train_acc=87.54% | val_loss=0.5479 val_acc=86.22% | lr=1.000000e-05
Saved new best model to /tmp/bow_mlp_imdb_r_2_q0sq.pt
Epoch 17/301 | train_loss=0.7495 train_acc=87.73% | val_loss=0.5371 val_acc=86.40% | lr=1.000000e-05
Saved new best model to /tmp/bow_mlp_imdb_r_2_q0sq.pt
Epoch 18/301 | train_loss=0.7145 train_acc=87.87% | val_loss=0.5266 val_acc=86.72% | lr=1.000000e-05
Saved new best model to /tmp/bow_mlp_imdb_r_2_q0sq.pt
Epoch 19/301 | train_loss=0.6881 train_acc=88.09% | val_loss=0.5163 val_acc=86.86% | lr=1.000000e-05
Saved new best model to /tmp/bow_mlp_imdb_r_2_q0sq.pt
Epoch 20/301 | train_loss=0.6675 train_acc=88.20% | val_loss=0.5064 val_acc=86.86% | lr=1.000000e-05
Epoch 21/301 | train_loss=0.6508 train_acc=88.33% | val_loss=0.4967 val_acc=87.12% | lr=1.000000e-05
Saved new best model to /tmp/bow_mlp_imdb_r_2_q0sq.pt
Epoch 22/301 | train_loss=0.6366 train_acc=88.50% | val_loss=0.4875 val_acc=87.22% | lr=1.000000e-05
Saved new best model to /tmp/bow_mlp_imdb_r_2_q0sq.pt
Epoch 23/301 | train_loss=0.6239 train_acc=88.74% | val_loss=0.4786 val_acc=87.38% | lr=1.000000e-05
Saved new best model to /tmp/bow_mlp_imdb_r_2_q0sq.pt
Epoch 24/301 | train_loss=0.6123 train_acc=88.92% | val_loss=0.4701 val_acc=87.50% | lr=1.000000e-05
Saved new best model to /tmp/bow_mlp_imdb_r_2_q0sq.pt
Epoch 25/301 | train_loss=0.6013 train_acc=89.05% | val_loss=0.4619 val_acc=87.18% | lr=1.000000e-05
Epoch 26/301 | train_loss=0.5908 train_acc=89.22% | val_loss=0.4540 val_acc=87.54% | lr=1.000000e-05
Saved new best model to /tmp/bow_mlp_imdb_r_2_q0sq.pt
Epoch 27/301 | train_loss=0.5807 train_acc=89.31% | val_loss=0.4465 val_acc=87.88% | lr=1.000000e-05
Saved new best model to /tmp/bow_mlp_imdb_r_2_q0sq.pt
Epoch 28/301 | train_loss=0.5709 train_acc=89.38% | val_loss=0.4393 val_acc=87.92% | lr=1.000000e-05
Saved new best model to /tmp/bow_mlp_imdb_r_2_q0sq.pt
Epoch 29/301 | train_loss=0.5614 train_acc=89.61% | val_loss=0.4325 val_acc=87.66% | lr=1.000000e-05
Epoch 30/301 | train_loss=0.5522 train_acc=89.59% | val_loss=0.4261 val_acc=88.06% | lr=1.000000e-05
Saved new best model to /tmp/bow_mlp_imdb_r_2_q0sq.pt
Epoch 31/301 | train_loss=0.5431 train_acc=89.81% | val_loss=0.4196 val_acc=88.04% | lr=1.000000e-05
Epoch 32/301 | train_loss=0.5345 train_acc=89.89% | val_loss=0.4136 val_acc=88.08% | lr=1.000000e-05
Saved new best model to /tmp/bow_mlp_imdb_r_2_q0sq.pt
Epoch 33/301 | train_loss=0.5259 train_acc=90.04% | val_loss=0.4078 val_acc=88.12% | lr=1.000000e-05
Saved new best model to /tmp/bow_mlp_imdb_r_2_q0sq.pt
Epoch 34/301 | train_loss=0.5177 train_acc=90.14% | val_loss=0.4026 val_acc=88.28% | lr=1.000000e-05
Saved new best model to /tmp/bow_mlp_imdb_r_2_q0sq.pt
Epoch 35/301 | train_loss=0.5096 train_acc=90.33% | val_loss=0.3971 val_acc=88.28% | lr=1.000000e-05
Epoch 36/301 | train_loss=0.5017 train_acc=90.37% | val_loss=0.3919 val_acc=88.28% | lr=1.000000e-05
Epoch 37/301 | train_loss=0.4940 train_acc=90.45% | val_loss=0.3874 val_acc=88.54% | lr=1.000000e-05
Saved new best model to /tmp/bow_mlp_imdb_r_2_q0sq.pt
Epoch 38/301 | train_loss=0.4866 train_acc=90.50% | val_loss=0.3825 val_acc=88.38% | lr=1.000000e-05
Epoch 39/301 | train_loss=0.4793 train_acc=90.70% | val_loss=0.3780 val_acc=88.32% | lr=1.000000e-05
Epoch 40/301 | train_loss=0.4722 train_acc=90.72% | val_loss=0.3739 val_acc=88.52% | lr=1.000000e-05
Epoch 41/301 | train_loss=0.4653 train_acc=90.77% | val_loss=0.3697 val_acc=88.52% | lr=1.000000e-05
Epoch 42/301 | train_loss=0.4585 train_acc=90.85% | val_loss=0.3659 val_acc=88.66% | lr=1.000000e-05
Saved new best model to /tmp/bow_mlp_imdb_r_2_q0sq.pt
Epoch 43/301 | train_loss=0.4520 train_acc=90.93% | val_loss=0.3621 val_acc=88.72% | lr=1.000000e-05
Saved new best model to /tmp/bow_mlp_imdb_r_2_q0sq.pt
Epoch 44/301 | train_loss=0.4455 train_acc=91.03% | val_loss=0.3585 val_acc=88.74% | lr=1.000000e-05
Saved new best model to /tmp/bow_mlp_imdb_r_2_q0sq.pt
Epoch 45/301 | train_loss=0.4393 train_acc=91.11% | val_loss=0.3551 val_acc=88.78% | lr=1.000000e-05
Saved new best model to /tmp/bow_mlp_imdb_r_2_q0sq.pt
Epoch 46/301 | train_loss=0.4333 train_acc=91.18% | val_loss=0.3518 val_acc=88.74% | lr=1.000000e-05
Epoch 47/301 | train_loss=0.4274 train_acc=91.27% | val_loss=0.3486 val_acc=88.70% | lr=1.000000e-05
Epoch 48/301 | train_loss=0.4215 train_acc=91.32% | val_loss=0.3457 val_acc=88.76% | lr=1.000000e-05
Epoch 49/301 | train_loss=0.4159 train_acc=91.45% | val_loss=0.3428 val_acc=88.80% | lr=1.000000e-05
Saved new best model to /tmp/bow_mlp_imdb_r_2_q0sq.pt
Epoch 50/301 | train_loss=0.4106 train_acc=91.49% | val_loss=0.3401 val_acc=88.78% | lr=1.000000e-05
Epoch 51/301 | train_loss=0.4052 train_acc=91.66% | val_loss=0.3373 val_acc=88.76% | lr=1.000000e-05
Epoch 52/301 | train_loss=0.4000 train_acc=91.66% | val_loss=0.3348 val_acc=88.76% | lr=1.000000e-05
Epoch 53/301 | train_loss=0.3950 train_acc=91.83% | val_loss=0.3324 val_acc=88.78% | lr=1.000000e-05
Epoch 54/301 | train_loss=0.3901 train_acc=91.80% | val_loss=0.3302 val_acc=88.86% | lr=1.000000e-05
Saved new best model to /tmp/bow_mlp_imdb_r_2_q0sq.pt
Epoch 55/301 | train_loss=0.3853 train_acc=91.95% | val_loss=0.3277 val_acc=88.76% | lr=1.000000e-05
Epoch 56/301 | train_loss=0.3805 train_acc=91.92% | val_loss=0.3257 val_acc=88.90% | lr=1.000000e-05
Saved new best model to /tmp/bow_mlp_imdb_r_2_q0sq.pt
Epoch 57/301 | train_loss=0.3761 train_acc=92.05% | val_loss=0.3233 val_acc=88.78% | lr=1.000000e-05
Epoch 58/301 | train_loss=0.3716 train_acc=92.09% | val_loss=0.3213 val_acc=88.84% | lr=1.000000e-05
Epoch 59/301 | train_loss=0.3673 train_acc=92.18% | val_loss=0.3194 val_acc=88.80% | lr=1.000000e-05
Epoch 60/301 | train_loss=0.3630 train_acc=92.25% | val_loss=0.3174 val_acc=88.86% | lr=1.000000e-05
Epoch 61/301 | train_loss=0.3590 train_acc=92.37% | val_loss=0.3156 val_acc=88.84% | lr=1.000000e-05
Epoch 62/301 | train_loss=0.3549 train_acc=92.48% | val_loss=0.3138 val_acc=88.82% | lr=1.000000e-05
Epoch 63/301 | train_loss=0.3510 train_acc=92.48% | val_loss=0.3121 val_acc=88.92% | lr=1.000000e-05
Saved new best model to /tmp/bow_mlp_imdb_r_2_q0sq.pt
Epoch 64/301 | train_loss=0.3472 train_acc=92.59% | val_loss=0.3105 val_acc=88.84% | lr=1.000000e-05
Epoch 65/301 | train_loss=0.3435 train_acc=92.69% | val_loss=0.3089 val_acc=88.90% | lr=1.000000e-05
Epoch 66/301 | train_loss=0.3398 train_acc=92.72% | val_loss=0.3073 val_acc=88.96% | lr=1.000000e-05
Saved new best model to /tmp/bow_mlp_imdb_r_2_q0sq.pt
Epoch 67/301 | train_loss=0.3363 train_acc=92.81% | val_loss=0.3059 val_acc=88.90% | lr=1.000000e-05
Epoch 68/301 | train_loss=0.3328 train_acc=92.86% | val_loss=0.3046 val_acc=89.00% | lr=1.000000e-05
Saved new best model to /tmp/bow_mlp_imdb_r_2_q0sq.pt
Epoch 69/301 | train_loss=0.3293 train_acc=92.95% | val_loss=0.3032 val_acc=88.96% | lr=1.000000e-05
Epoch 70/301 | train_loss=0.3260 train_acc=93.04% | val_loss=0.3018 val_acc=88.96% | lr=1.000000e-05
Epoch 71/301 | train_loss=0.3228 train_acc=93.08% | val_loss=0.3004 val_acc=88.96% | lr=1.000000e-05
Epoch 72/301 | train_loss=0.3196 train_acc=93.15% | val_loss=0.2993 val_acc=89.14% | lr=1.000000e-05
Saved new best model to /tmp/bow_mlp_imdb_r_2_q0sq.pt
Epoch 73/301 | train_loss=0.3165 train_acc=93.17% | val_loss=0.2983 val_acc=89.16% | lr=1.000000e-05
Saved new best model to /tmp/bow_mlp_imdb_r_2_q0sq.pt
Epoch 74/301 | train_loss=0.3134 train_acc=93.27% | val_loss=0.2968 val_acc=89.06% | lr=1.000000e-05
Epoch 75/301 | train_loss=0.3104 train_acc=93.36% | val_loss=0.2957 val_acc=89.00% | lr=1.000000e-05
Epoch 76/301 | train_loss=0.3075 train_acc=93.42% | val_loss=0.2947 val_acc=89.20% | lr=1.000000e-05
Saved new best model to /tmp/bow_mlp_imdb_r_2_q0sq.pt
Epoch 77/301 | train_loss=0.3046 train_acc=93.45% | val_loss=0.2937 val_acc=89.06% | lr=1.000000e-05
Epoch 78/301 | train_loss=0.3018 train_acc=93.53% | val_loss=0.2927 val_acc=89.24% | lr=1.000000e-05
Saved new best model to /tmp/bow_mlp_imdb_r_2_q0sq.pt
Epoch 79/301 | train_loss=0.2990 train_acc=93.61% | val_loss=0.2915 val_acc=89.10% | lr=1.000000e-05
Epoch 80/301 | train_loss=0.2964 train_acc=93.69% | val_loss=0.2905 val_acc=89.16% | lr=1.000000e-05
Epoch 81/301 | train_loss=0.2937 train_acc=93.69% | val_loss=0.2897 val_acc=89.28% | lr=1.000000e-05
Saved new best model to /tmp/bow_mlp_imdb_r_2_q0sq.pt
Epoch 82/301 | train_loss=0.2910 train_acc=93.77% | val_loss=0.2888 val_acc=89.32% | lr=1.000000e-05
Saved new best model to /tmp/bow_mlp_imdb_r_2_q0sq.pt
Epoch 83/301 | train_loss=0.2885 train_acc=93.83% | val_loss=0.2881 val_acc=89.34% | lr=1.000000e-05
Saved new best model to /tmp/bow_mlp_imdb_r_2_q0sq.pt
Epoch 84/301 | train_loss=0.2860 train_acc=93.90% | val_loss=0.2870 val_acc=89.22% | lr=1.000000e-05
Epoch 85/301 | train_loss=0.2835 train_acc=93.94% | val_loss=0.2861 val_acc=89.30% | lr=1.000000e-05
Epoch 86/301 | train_loss=0.2811 train_acc=93.97% | val_loss=0.2855 val_acc=89.26% | lr=1.000000e-05
Epoch 87/301 | train_loss=0.2787 train_acc=94.03% | val_loss=0.2847 val_acc=89.26% | lr=1.000000e-05
Epoch 88/301 | train_loss=0.2763 train_acc=94.07% | val_loss=0.2838 val_acc=89.30% | lr=1.000000e-05
Epoch 89/301 | train_loss=0.2740 train_acc=94.15% | val_loss=0.2832 val_acc=89.32% | lr=1.000000e-05
Epoch 90/301 | train_loss=0.2717 train_acc=94.26% | val_loss=0.2826 val_acc=89.32% | lr=1.000000e-05
Epoch 91/301 | train_loss=0.2695 train_acc=94.27% | val_loss=0.2818 val_acc=89.34% | lr=1.000000e-05
Epoch 92/301 | train_loss=0.2672 train_acc=94.33% | val_loss=0.2813 val_acc=89.42% | lr=1.000000e-05
Saved new best model to /tmp/bow_mlp_imdb_r_2_q0sq.pt
Epoch 93/301 | train_loss=0.2651 train_acc=94.34% | val_loss=0.2804 val_acc=89.32% | lr=1.000000e-05
Epoch 94/301 | train_loss=0.2629 train_acc=94.39% | val_loss=0.2798 val_acc=89.36% | lr=1.000000e-05
Epoch 95/301 | train_loss=0.2608 train_acc=94.49% | val_loss=0.2795 val_acc=89.54% | lr=1.000000e-05
Saved new best model to /tmp/bow_mlp_imdb_r_2_q0sq.pt
Epoch 96/301 | train_loss=0.2587 train_acc=94.51% | val_loss=0.2788 val_acc=89.52% | lr=1.000000e-05
Epoch 97/301 | train_loss=0.2567 train_acc=94.59% | val_loss=0.2782 val_acc=89.40% | lr=1.000000e-05
Epoch 98/301 | train_loss=0.2547 train_acc=94.63% | val_loss=0.2776 val_acc=89.44% | lr=1.000000e-05
Epoch 99/301 | train_loss=0.2527 train_acc=94.70% | val_loss=0.2771 val_acc=89.52% | lr=1.000000e-05
Epoch 100/301 | train_loss=0.2507 train_acc=94.71% | val_loss=0.2766 val_acc=89.50% | lr=1.000000e-05
Epoch 101/301 | train_loss=0.2488 train_acc=94.77% | val_loss=0.2761 val_acc=89.50% | lr=1.000000e-05
Epoch 102/301 | train_loss=0.2469 train_acc=94.80% | val_loss=0.2758 val_acc=89.58% | lr=1.000000e-05
Saved new best model to /tmp/bow_mlp_imdb_r_2_q0sq.pt
Epoch 103/301 | train_loss=0.2450 train_acc=94.86% | val_loss=0.2753 val_acc=89.58% | lr=1.000000e-05
Epoch 104/301 | train_loss=0.2432 train_acc=94.95% | val_loss=0.2750 val_acc=89.62% | lr=1.000000e-05
Saved new best model to /tmp/bow_mlp_imdb_r_2_q0sq.pt
Epoch 105/301 | train_loss=0.2412 train_acc=94.92% | val_loss=0.2748 val_acc=89.64% | lr=1.000000e-05
Saved new best model to /tmp/bow_mlp_imdb_r_2_q0sq.pt
Epoch 106/301 | train_loss=0.2395 train_acc=94.99% | val_loss=0.2740 val_acc=89.56% | lr=1.000000e-05
Epoch 107/301 | train_loss=0.2377 train_acc=95.03% | val_loss=0.2736 val_acc=89.54% | lr=1.000000e-05
Epoch 108/301 | train_loss=0.2359 train_acc=95.08% | val_loss=0.2734 val_acc=89.60% | lr=1.000000e-05
Epoch 109/301 | train_loss=0.2342 train_acc=95.12% | val_loss=0.2730 val_acc=89.60% | lr=1.000000e-05
Epoch 110/301 | train_loss=0.2325 train_acc=95.17% | val_loss=0.2727 val_acc=89.62% | lr=1.000000e-05
Epoch 111/301 | train_loss=0.2308 train_acc=95.23% | val_loss=0.2724 val_acc=89.60% | lr=1.000000e-05
Epoch 112/301 | train_loss=0.2291 train_acc=95.24% | val_loss=0.2720 val_acc=89.56% | lr=1.000000e-05
Epoch 113/301 | train_loss=0.2274 train_acc=95.32% | val_loss=0.2717 val_acc=89.56% | lr=1.000000e-05
Epoch 114/301 | train_loss=0.2258 train_acc=95.28% | val_loss=0.2716 val_acc=89.62% | lr=1.000000e-05
Epoch 115/301 | train_loss=0.2241 train_acc=95.38% | val_loss=0.2711 val_acc=89.46% | lr=1.000000e-05
Epoch 116/301 | train_loss=0.2225 train_acc=95.44% | val_loss=0.2709 val_acc=89.48% | lr=1.000000e-05
Epoch 117/301 | train_loss=0.2209 train_acc=95.47% | val_loss=0.2708 val_acc=89.64% | lr=1.000000e-05
Epoch 118/301 | train_loss=0.2194 train_acc=95.50% | val_loss=0.2704 val_acc=89.52% | lr=1.000000e-05
Epoch 119/301 | train_loss=0.2179 train_acc=95.55% | val_loss=0.2704 val_acc=89.62% | lr=1.000000e-05
Epoch 120/301 | train_loss=0.2163 train_acc=95.58% | val_loss=0.2701 val_acc=89.54% | lr=1.000000e-05
Epoch 121/301 | train_loss=0.2148 train_acc=95.62% | val_loss=0.2703 val_acc=89.68% | lr=1.000000e-05
Saved new best model to /tmp/bow_mlp_imdb_r_2_q0sq.pt
Epoch 122/301 | train_loss=0.2132 train_acc=95.67% | val_loss=0.2697 val_acc=89.52% | lr=1.000000e-05
Epoch 123/301 | train_loss=0.2118 train_acc=95.71% | val_loss=0.2697 val_acc=89.66% | lr=1.000000e-05
Epoch 124/301 | train_loss=0.2103 train_acc=95.72% | val_loss=0.2694 val_acc=89.52% | lr=1.000000e-05
Epoch 125/301 | train_loss=0.2088 train_acc=95.78% | val_loss=0.2692 val_acc=89.52% | lr=1.000000e-05
Epoch 126/301 | train_loss=0.2074 train_acc=95.84% | val_loss=0.2691 val_acc=89.56% | lr=1.000000e-05
Epoch 127/301 | train_loss=0.2059 train_acc=95.88% | val_loss=0.2690 val_acc=89.54% | lr=1.000000e-05
Epoch 128/301 | train_loss=0.2045 train_acc=95.95% | val_loss=0.2690 val_acc=89.66% | lr=1.000000e-05
Epoch 129/301 | train_loss=0.2032 train_acc=95.99% | val_loss=0.2688 val_acc=89.54% | lr=1.000000e-05
Epoch 130/301 | train_loss=0.2017 train_acc=96.02% | val_loss=0.2689 val_acc=89.60% | lr=1.000000e-05
Epoch 131/301 | train_loss=0.2004 train_acc=96.01% | val_loss=0.2687 val_acc=89.52% | lr=1.000000e-05
Epoch 132/301 | train_loss=0.1990 train_acc=96.13% | val_loss=0.2686 val_acc=89.54% | lr=1.000000e-05
Epoch 133/301 | train_loss=0.1976 train_acc=96.10% | val_loss=0.2685 val_acc=89.40% | lr=1.000000e-05
Epoch 134/301 | train_loss=0.1962 train_acc=96.17% | val_loss=0.2690 val_acc=89.58% | lr=1.000000e-05
Epoch 135/301 | train_loss=0.1949 train_acc=96.19% | val_loss=0.2685 val_acc=89.56% | lr=1.000000e-05
Epoch 136/301 | train_loss=0.1936 train_acc=96.23% | val_loss=0.2685 val_acc=89.38% | lr=1.000000e-05
Epoch 137/301 | train_loss=0.1923 train_acc=96.27% | val_loss=0.2686 val_acc=89.54% | lr=1.000000e-05
Epoch 138/301 | train_loss=0.1910 train_acc=96.36% | val_loss=0.2687 val_acc=89.58% | lr=1.000000e-05
Epoch 139/301 | train_loss=0.1898 train_acc=96.36% | val_loss=0.2685 val_acc=89.44% | lr=1.000000e-05
Epoch 140/301 | train_loss=0.1884 train_acc=96.39% | val_loss=0.2685 val_acc=89.42% | lr=1.000000e-05
Epoch 141/301 | train_loss=0.1872 train_acc=96.45% | val_loss=0.2688 val_acc=89.54% | lr=1.000000e-05
Epoch 142/301 | train_loss=0.1860 train_acc=96.49% | val_loss=0.2687 val_acc=89.52% | lr=1.000000e-05
Epoch 143/301 | train_loss=0.1847 train_acc=96.54% | val_loss=0.2688 val_acc=89.50% | lr=1.000000e-05
Epoch 144/301 | train_loss=0.1835 train_acc=96.55% | val_loss=0.2687 val_acc=89.40% | lr=1.000000e-05
Validation loss has not improved for 8 epochs. Stopping training.
Test loss=0.2968 | Test accuracy=88.27%
