Loading IMDb dataset from local disk: /home/daniel/l/masteruppsats/np-reg/language/data/imdb_hf
Using device: cuda
BoW vocab size: 12500
Epoch 1/301 | train_loss=912.5339 train_acc=46.20% | val_loss=0.6974 val_acc=47.10% | lr=3.000000e-06
Saved new best model to /tmp/bow_mlp_imdb_cor5uapv.pt
Epoch 2/301 | train_loss=872.7303 train_acc=47.47% | val_loss=0.6994 val_acc=48.22% | lr=3.000000e-06
Saved new best model to /tmp/bow_mlp_imdb_cor5uapv.pt
Epoch 3/301 | train_loss=822.6842 train_acc=48.64% | val_loss=0.7016 val_acc=48.90% | lr=3.000000e-06
Saved new best model to /tmp/bow_mlp_imdb_cor5uapv.pt
Epoch 4/301 | train_loss=770.6699 train_acc=49.66% | val_loss=0.7031 val_acc=48.98% | lr=3.000000e-06
Saved new best model to /tmp/bow_mlp_imdb_cor5uapv.pt
Epoch 5/301 | train_loss=722.2492 train_acc=49.83% | val_loss=0.7036 val_acc=48.94% | lr=3.000000e-06
Epoch 6/301 | train_loss=677.6443 train_acc=49.90% | val_loss=0.7031 val_acc=49.12% | lr=3.000000e-06
Saved new best model to /tmp/bow_mlp_imdb_cor5uapv.pt
Epoch 7/301 | train_loss=635.9426 train_acc=49.81% | val_loss=0.7022 val_acc=49.16% | lr=3.000000e-06
Saved new best model to /tmp/bow_mlp_imdb_cor5uapv.pt
Epoch 8/301 | train_loss=596.7684 train_acc=49.61% | val_loss=0.7010 val_acc=48.88% | lr=3.000000e-06
Epoch 9/301 | train_loss=559.7364 train_acc=49.08% | val_loss=0.6998 val_acc=48.58% | lr=3.000000e-06
Validation loss has not improved for 8 epochs. Stopping training.
Test loss=0.7003 | Test accuracy=49.63%
