Loading IMDb dataset from local disk: /home/daniel/l/masteruppsats/np-reg/language/data/imdb_hf
Using device: cuda
BoW vocab size: 12500
Epoch 1/301 | train_loss=87.0413 train_acc=47.51% | val_loss=0.7020 val_acc=49.10% | lr=1.000000e-05
Saved new best model to /tmp/bow_mlp_imdb_4e7lehgi.pt
Epoch 2/301 | train_loss=71.0176 train_acc=49.95% | val_loss=0.7020 val_acc=49.38% | lr=1.000000e-05
Saved new best model to /tmp/bow_mlp_imdb_4e7lehgi.pt
Epoch 3/301 | train_loss=57.0728 train_acc=49.34% | val_loss=0.6975 val_acc=48.98% | lr=1.000000e-05
Epoch 4/301 | train_loss=45.8248 train_acc=48.40% | val_loss=0.6957 val_acc=48.62% | lr=1.000000e-05
Epoch 5/301 | train_loss=36.5864 train_acc=48.25% | val_loss=0.6949 val_acc=49.66% | lr=1.000000e-05
Saved new best model to /tmp/bow_mlp_imdb_4e7lehgi.pt
Epoch 6/301 | train_loss=29.0102 train_acc=49.20% | val_loss=0.6941 val_acc=49.34% | lr=1.000000e-05
Epoch 7/301 | train_loss=22.8044 train_acc=49.99% | val_loss=0.6932 val_acc=51.16% | lr=1.000000e-05
Saved new best model to /tmp/bow_mlp_imdb_4e7lehgi.pt
Epoch 8/301 | train_loss=17.7859 train_acc=51.04% | val_loss=0.6921 val_acc=51.32% | lr=1.000000e-05
Saved new best model to /tmp/bow_mlp_imdb_4e7lehgi.pt
Epoch 9/301 | train_loss=13.7770 train_acc=52.02% | val_loss=0.6909 val_acc=52.42% | lr=1.000000e-05
Saved new best model to /tmp/bow_mlp_imdb_4e7lehgi.pt
Epoch 10/301 | train_loss=10.6299 train_acc=53.26% | val_loss=0.6896 val_acc=54.60% | lr=1.000000e-05
Saved new best model to /tmp/bow_mlp_imdb_4e7lehgi.pt
Epoch 11/301 | train_loss=8.2107 train_acc=54.92% | val_loss=0.6880 val_acc=56.60% | lr=1.000000e-05
Saved new best model to /tmp/bow_mlp_imdb_4e7lehgi.pt
Epoch 12/301 | train_loss=6.3870 train_acc=56.82% | val_loss=0.6861 val_acc=58.30% | lr=1.000000e-05
Saved new best model to /tmp/bow_mlp_imdb_4e7lehgi.pt
Epoch 13/301 | train_loss=5.0480 train_acc=58.98% | val_loss=0.6840 val_acc=60.76% | lr=1.000000e-05
Saved new best model to /tmp/bow_mlp_imdb_4e7lehgi.pt
Epoch 14/301 | train_loss=4.0893 train_acc=61.35% | val_loss=0.6815 val_acc=62.48% | lr=1.000000e-05
Saved new best model to /tmp/bow_mlp_imdb_4e7lehgi.pt
Epoch 15/301 | train_loss=3.4241 train_acc=63.75% | val_loss=0.6788 val_acc=65.74% | lr=1.000000e-05
Saved new best model to /tmp/bow_mlp_imdb_4e7lehgi.pt
Epoch 16/301 | train_loss=2.9782 train_acc=66.64% | val_loss=0.6756 val_acc=66.20% | lr=1.000000e-05
Saved new best model to /tmp/bow_mlp_imdb_4e7lehgi.pt
Epoch 17/301 | train_loss=2.6878 train_acc=69.39% | val_loss=0.6722 val_acc=69.46% | lr=1.000000e-05
Saved new best model to /tmp/bow_mlp_imdb_4e7lehgi.pt
Epoch 18/301 | train_loss=2.5033 train_acc=71.75% | val_loss=0.6684 val_acc=71.94% | lr=1.000000e-05
Saved new best model to /tmp/bow_mlp_imdb_4e7lehgi.pt
Epoch 19/301 | train_loss=2.3896 train_acc=74.26% | val_loss=0.6643 val_acc=74.02% | lr=1.000000e-05
Saved new best model to /tmp/bow_mlp_imdb_4e7lehgi.pt
Epoch 20/301 | train_loss=2.3181 train_acc=76.31% | val_loss=0.6600 val_acc=73.70% | lr=1.000000e-05
Epoch 21/301 | train_loss=2.2720 train_acc=77.43% | val_loss=0.6552 val_acc=76.48% | lr=1.000000e-05
Saved new best model to /tmp/bow_mlp_imdb_4e7lehgi.pt
Epoch 22/301 | train_loss=2.2393 train_acc=79.98% | val_loss=0.6503 val_acc=78.64% | lr=1.000000e-05
Saved new best model to /tmp/bow_mlp_imdb_4e7lehgi.pt
Epoch 23/301 | train_loss=2.2131 train_acc=80.89% | val_loss=0.6452 val_acc=80.14% | lr=1.000000e-05
Saved new best model to /tmp/bow_mlp_imdb_4e7lehgi.pt
Epoch 24/301 | train_loss=2.1895 train_acc=82.04% | val_loss=0.6397 val_acc=80.90% | lr=1.000000e-05
Saved new best model to /tmp/bow_mlp_imdb_4e7lehgi.pt
Epoch 25/301 | train_loss=2.1667 train_acc=82.73% | val_loss=0.6342 val_acc=81.00% | lr=1.000000e-05
Saved new best model to /tmp/bow_mlp_imdb_4e7lehgi.pt
Epoch 26/301 | train_loss=2.1437 train_acc=83.31% | val_loss=0.6284 val_acc=82.30% | lr=1.000000e-05
Saved new best model to /tmp/bow_mlp_imdb_4e7lehgi.pt
Epoch 27/301 | train_loss=2.1200 train_acc=83.50% | val_loss=0.6224 val_acc=82.58% | lr=1.000000e-05
Saved new best model to /tmp/bow_mlp_imdb_4e7lehgi.pt
Epoch 28/301 | train_loss=2.0958 train_acc=84.06% | val_loss=0.6164 val_acc=83.00% | lr=1.000000e-05
Saved new best model to /tmp/bow_mlp_imdb_4e7lehgi.pt
Epoch 29/301 | train_loss=2.0709 train_acc=84.49% | val_loss=0.6102 val_acc=83.24% | lr=1.000000e-05
Saved new best model to /tmp/bow_mlp_imdb_4e7lehgi.pt
Epoch 30/301 | train_loss=2.0455 train_acc=84.80% | val_loss=0.6041 val_acc=83.70% | lr=1.000000e-05
Saved new best model to /tmp/bow_mlp_imdb_4e7lehgi.pt
Epoch 31/301 | train_loss=2.0192 train_acc=85.04% | val_loss=0.5975 val_acc=83.72% | lr=1.000000e-05
Saved new best model to /tmp/bow_mlp_imdb_4e7lehgi.pt
Epoch 32/301 | train_loss=1.9927 train_acc=85.16% | val_loss=0.5911 val_acc=84.36% | lr=1.000000e-05
Saved new best model to /tmp/bow_mlp_imdb_4e7lehgi.pt
Epoch 33/301 | train_loss=1.9653 train_acc=85.50% | val_loss=0.5846 val_acc=84.62% | lr=1.000000e-05
Saved new best model to /tmp/bow_mlp_imdb_4e7lehgi.pt
Epoch 34/301 | train_loss=1.9377 train_acc=85.59% | val_loss=0.5782 val_acc=84.68% | lr=1.000000e-05
Saved new best model to /tmp/bow_mlp_imdb_4e7lehgi.pt
Epoch 35/301 | train_loss=1.9097 train_acc=85.83% | val_loss=0.5715 val_acc=85.02% | lr=1.000000e-05
Saved new best model to /tmp/bow_mlp_imdb_4e7lehgi.pt
Epoch 36/301 | train_loss=1.8814 train_acc=86.12% | val_loss=0.5649 val_acc=84.88% | lr=1.000000e-05
Epoch 37/301 | train_loss=1.8529 train_acc=86.20% | val_loss=0.5584 val_acc=85.14% | lr=1.000000e-05
Saved new best model to /tmp/bow_mlp_imdb_4e7lehgi.pt
Epoch 38/301 | train_loss=1.8244 train_acc=86.30% | val_loss=0.5518 val_acc=85.38% | lr=1.000000e-05
Saved new best model to /tmp/bow_mlp_imdb_4e7lehgi.pt
Epoch 39/301 | train_loss=1.7954 train_acc=86.52% | val_loss=0.5453 val_acc=85.42% | lr=1.000000e-05
Saved new best model to /tmp/bow_mlp_imdb_4e7lehgi.pt
Epoch 40/301 | train_loss=1.7666 train_acc=86.67% | val_loss=0.5388 val_acc=85.58% | lr=1.000000e-05
Saved new best model to /tmp/bow_mlp_imdb_4e7lehgi.pt
Epoch 41/301 | train_loss=1.7379 train_acc=86.87% | val_loss=0.5323 val_acc=85.62% | lr=1.000000e-05
Saved new best model to /tmp/bow_mlp_imdb_4e7lehgi.pt
Epoch 42/301 | train_loss=1.7093 train_acc=87.04% | val_loss=0.5261 val_acc=85.86% | lr=1.000000e-05
Saved new best model to /tmp/bow_mlp_imdb_4e7lehgi.pt
Epoch 43/301 | train_loss=1.6808 train_acc=87.17% | val_loss=0.5197 val_acc=86.06% | lr=1.000000e-05
Saved new best model to /tmp/bow_mlp_imdb_4e7lehgi.pt
Epoch 44/301 | train_loss=1.6522 train_acc=87.30% | val_loss=0.5135 val_acc=86.24% | lr=1.000000e-05
Saved new best model to /tmp/bow_mlp_imdb_4e7lehgi.pt
Epoch 45/301 | train_loss=1.6245 train_acc=87.54% | val_loss=0.5072 val_acc=86.20% | lr=1.000000e-05
Epoch 46/301 | train_loss=1.5970 train_acc=87.62% | val_loss=0.5012 val_acc=86.48% | lr=1.000000e-05
Saved new best model to /tmp/bow_mlp_imdb_4e7lehgi.pt
Epoch 47/301 | train_loss=1.5698 train_acc=87.77% | val_loss=0.4952 val_acc=86.46% | lr=1.000000e-05
Epoch 48/301 | train_loss=1.5431 train_acc=87.95% | val_loss=0.4894 val_acc=86.58% | lr=1.000000e-05
Saved new best model to /tmp/bow_mlp_imdb_4e7lehgi.pt
Epoch 49/301 | train_loss=1.5170 train_acc=88.09% | val_loss=0.4836 val_acc=86.62% | lr=1.000000e-05
Saved new best model to /tmp/bow_mlp_imdb_4e7lehgi.pt
Epoch 50/301 | train_loss=1.4913 train_acc=88.17% | val_loss=0.4781 val_acc=86.82% | lr=1.000000e-05
Saved new best model to /tmp/bow_mlp_imdb_4e7lehgi.pt
Epoch 51/301 | train_loss=1.4661 train_acc=88.31% | val_loss=0.4724 val_acc=86.80% | lr=1.000000e-05
Epoch 52/301 | train_loss=1.4415 train_acc=88.33% | val_loss=0.4671 val_acc=86.84% | lr=1.000000e-05
Saved new best model to /tmp/bow_mlp_imdb_4e7lehgi.pt
Epoch 53/301 | train_loss=1.4177 train_acc=88.53% | val_loss=0.4618 val_acc=86.92% | lr=1.000000e-05
Saved new best model to /tmp/bow_mlp_imdb_4e7lehgi.pt
Epoch 54/301 | train_loss=1.3946 train_acc=88.57% | val_loss=0.4567 val_acc=87.42% | lr=1.000000e-05
Saved new best model to /tmp/bow_mlp_imdb_4e7lehgi.pt
Epoch 55/301 | train_loss=1.3718 train_acc=88.77% | val_loss=0.4514 val_acc=87.38% | lr=1.000000e-05
Epoch 56/301 | train_loss=1.3498 train_acc=88.78% | val_loss=0.4466 val_acc=87.48% | lr=1.000000e-05
Saved new best model to /tmp/bow_mlp_imdb_4e7lehgi.pt
Epoch 57/301 | train_loss=1.3286 train_acc=88.97% | val_loss=0.4416 val_acc=87.56% | lr=1.000000e-05
Saved new best model to /tmp/bow_mlp_imdb_4e7lehgi.pt
Epoch 58/301 | train_loss=1.3078 train_acc=88.98% | val_loss=0.4369 val_acc=87.64% | lr=1.000000e-05
Saved new best model to /tmp/bow_mlp_imdb_4e7lehgi.pt
Epoch 59/301 | train_loss=1.2879 train_acc=89.04% | val_loss=0.4324 val_acc=87.76% | lr=1.000000e-05
Saved new best model to /tmp/bow_mlp_imdb_4e7lehgi.pt
Epoch 60/301 | train_loss=1.2685 train_acc=89.20% | val_loss=0.4278 val_acc=87.66% | lr=1.000000e-05
Epoch 61/301 | train_loss=1.2499 train_acc=89.30% | val_loss=0.4234 val_acc=87.64% | lr=1.000000e-05
Epoch 62/301 | train_loss=1.2318 train_acc=89.40% | val_loss=0.4192 val_acc=87.66% | lr=1.000000e-05
Epoch 63/301 | train_loss=1.2144 train_acc=89.42% | val_loss=0.4151 val_acc=87.70% | lr=1.000000e-05
Epoch 64/301 | train_loss=1.1976 train_acc=89.48% | val_loss=0.4111 val_acc=87.88% | lr=1.000000e-05
Saved new best model to /tmp/bow_mlp_imdb_4e7lehgi.pt
Epoch 65/301 | train_loss=1.1816 train_acc=89.59% | val_loss=0.4072 val_acc=87.96% | lr=1.000000e-05
Saved new best model to /tmp/bow_mlp_imdb_4e7lehgi.pt
Epoch 66/301 | train_loss=1.1657 train_acc=89.72% | val_loss=0.4034 val_acc=87.96% | lr=1.000000e-05
Epoch 67/301 | train_loss=1.1506 train_acc=89.76% | val_loss=0.3997 val_acc=88.02% | lr=1.000000e-05
Saved new best model to /tmp/bow_mlp_imdb_4e7lehgi.pt
Epoch 68/301 | train_loss=1.1360 train_acc=89.90% | val_loss=0.3963 val_acc=88.16% | lr=1.000000e-05
Saved new best model to /tmp/bow_mlp_imdb_4e7lehgi.pt
Epoch 69/301 | train_loss=1.1219 train_acc=89.93% | val_loss=0.3927 val_acc=88.10% | lr=1.000000e-05
Epoch 70/301 | train_loss=1.1082 train_acc=90.01% | val_loss=0.3894 val_acc=88.18% | lr=1.000000e-05
Saved new best model to /tmp/bow_mlp_imdb_4e7lehgi.pt
Epoch 71/301 | train_loss=1.0950 train_acc=90.12% | val_loss=0.3860 val_acc=88.16% | lr=1.000000e-05
Epoch 72/301 | train_loss=1.0822 train_acc=90.11% | val_loss=0.3830 val_acc=88.28% | lr=1.000000e-05
Saved new best model to /tmp/bow_mlp_imdb_4e7lehgi.pt
Epoch 73/301 | train_loss=1.0698 train_acc=90.22% | val_loss=0.3800 val_acc=88.34% | lr=1.000000e-05
Saved new best model to /tmp/bow_mlp_imdb_4e7lehgi.pt
Epoch 74/301 | train_loss=1.0578 train_acc=90.28% | val_loss=0.3768 val_acc=88.20% | lr=1.000000e-05
Epoch 75/301 | train_loss=1.0463 train_acc=90.42% | val_loss=0.3739 val_acc=88.18% | lr=1.000000e-05
Epoch 76/301 | train_loss=1.0351 train_acc=90.45% | val_loss=0.3712 val_acc=88.26% | lr=1.000000e-05
Epoch 77/301 | train_loss=1.0240 train_acc=90.53% | val_loss=0.3684 val_acc=88.14% | lr=1.000000e-05
Epoch 78/301 | train_loss=1.0137 train_acc=90.53% | val_loss=0.3657 val_acc=88.26% | lr=1.000000e-05
Epoch 79/301 | train_loss=1.0034 train_acc=90.64% | val_loss=0.3630 val_acc=88.46% | lr=1.000000e-05
Saved new best model to /tmp/bow_mlp_imdb_4e7lehgi.pt
Epoch 80/301 | train_loss=0.9934 train_acc=90.73% | val_loss=0.3605 val_acc=88.54% | lr=1.000000e-05
Saved new best model to /tmp/bow_mlp_imdb_4e7lehgi.pt
Epoch 81/301 | train_loss=0.9837 train_acc=90.75% | val_loss=0.3581 val_acc=88.46% | lr=1.000000e-05
Epoch 82/301 | train_loss=0.9744 train_acc=90.80% | val_loss=0.3557 val_acc=88.50% | lr=1.000000e-05
Epoch 83/301 | train_loss=0.9652 train_acc=90.85% | val_loss=0.3535 val_acc=88.42% | lr=1.000000e-05
Epoch 84/301 | train_loss=0.9563 train_acc=90.94% | val_loss=0.3511 val_acc=88.48% | lr=1.000000e-05
Epoch 85/301 | train_loss=0.9476 train_acc=90.97% | val_loss=0.3488 val_acc=88.46% | lr=1.000000e-05
Epoch 86/301 | train_loss=0.9393 train_acc=91.10% | val_loss=0.3468 val_acc=88.50% | lr=1.000000e-05
Epoch 87/301 | train_loss=0.9310 train_acc=91.08% | val_loss=0.3447 val_acc=88.48% | lr=1.000000e-05
Epoch 88/301 | train_loss=0.9229 train_acc=91.10% | val_loss=0.3426 val_acc=88.60% | lr=1.000000e-05
Saved new best model to /tmp/bow_mlp_imdb_4e7lehgi.pt
Epoch 89/301 | train_loss=0.9152 train_acc=91.20% | val_loss=0.3407 val_acc=88.60% | lr=1.000000e-05
Epoch 90/301 | train_loss=0.9075 train_acc=91.29% | val_loss=0.3389 val_acc=88.62% | lr=1.000000e-05
Saved new best model to /tmp/bow_mlp_imdb_4e7lehgi.pt
Epoch 91/301 | train_loss=0.9002 train_acc=91.41% | val_loss=0.3370 val_acc=88.68% | lr=1.000000e-05
Saved new best model to /tmp/bow_mlp_imdb_4e7lehgi.pt
Epoch 92/301 | train_loss=0.8927 train_acc=91.47% | val_loss=0.3353 val_acc=88.56% | lr=1.000000e-05
Epoch 93/301 | train_loss=0.8857 train_acc=91.49% | val_loss=0.3333 val_acc=88.70% | lr=1.000000e-05
Saved new best model to /tmp/bow_mlp_imdb_4e7lehgi.pt
Epoch 94/301 | train_loss=0.8787 train_acc=91.52% | val_loss=0.3316 val_acc=88.68% | lr=1.000000e-05
Epoch 95/301 | train_loss=0.8718 train_acc=91.64% | val_loss=0.3301 val_acc=88.58% | lr=1.000000e-05
Epoch 96/301 | train_loss=0.8651 train_acc=91.61% | val_loss=0.3284 val_acc=88.70% | lr=1.000000e-05
Epoch 97/301 | train_loss=0.8585 train_acc=91.69% | val_loss=0.3267 val_acc=88.72% | lr=1.000000e-05
Saved new best model to /tmp/bow_mlp_imdb_4e7lehgi.pt
Epoch 98/301 | train_loss=0.8521 train_acc=91.76% | val_loss=0.3251 val_acc=88.82% | lr=1.000000e-05
Saved new best model to /tmp/bow_mlp_imdb_4e7lehgi.pt
Epoch 99/301 | train_loss=0.8459 train_acc=91.75% | val_loss=0.3236 val_acc=88.74% | lr=1.000000e-05
Epoch 100/301 | train_loss=0.8396 train_acc=91.89% | val_loss=0.3222 val_acc=88.84% | lr=1.000000e-05
Saved new best model to /tmp/bow_mlp_imdb_4e7lehgi.pt
Epoch 101/301 | train_loss=0.8336 train_acc=91.88% | val_loss=0.3208 val_acc=88.78% | lr=1.000000e-05
Epoch 102/301 | train_loss=0.8276 train_acc=91.95% | val_loss=0.3195 val_acc=88.66% | lr=1.000000e-05
Epoch 103/301 | train_loss=0.8218 train_acc=91.99% | val_loss=0.3181 val_acc=88.68% | lr=1.000000e-05
Epoch 104/301 | train_loss=0.8160 train_acc=92.10% | val_loss=0.3169 val_acc=88.66% | lr=1.000000e-05
Epoch 105/301 | train_loss=0.8105 train_acc=92.06% | val_loss=0.3157 val_acc=88.66% | lr=1.000000e-05
Epoch 106/301 | train_loss=0.8049 train_acc=92.18% | val_loss=0.3141 val_acc=88.94% | lr=1.000000e-05
Saved new best model to /tmp/bow_mlp_imdb_4e7lehgi.pt
Epoch 107/301 | train_loss=0.7995 train_acc=92.22% | val_loss=0.3129 val_acc=88.84% | lr=1.000000e-05
Epoch 108/301 | train_loss=0.7940 train_acc=92.29% | val_loss=0.3119 val_acc=88.74% | lr=1.000000e-05
Epoch 109/301 | train_loss=0.7887 train_acc=92.43% | val_loss=0.3106 val_acc=88.88% | lr=1.000000e-05
Epoch 110/301 | train_loss=0.7835 train_acc=92.44% | val_loss=0.3096 val_acc=88.86% | lr=1.000000e-05
Epoch 111/301 | train_loss=0.7783 train_acc=92.51% | val_loss=0.3084 val_acc=88.88% | lr=1.000000e-05
Epoch 112/301 | train_loss=0.7733 train_acc=92.57% | val_loss=0.3073 val_acc=88.94% | lr=1.000000e-05
Epoch 113/301 | train_loss=0.7682 train_acc=92.58% | val_loss=0.3062 val_acc=88.90% | lr=1.000000e-05
Epoch 114/301 | train_loss=0.7635 train_acc=92.70% | val_loss=0.3053 val_acc=88.92% | lr=1.000000e-05
Epoch 115/301 | train_loss=0.7585 train_acc=92.73% | val_loss=0.3041 val_acc=88.94% | lr=1.000000e-05
Epoch 116/301 | train_loss=0.7538 train_acc=92.78% | val_loss=0.3032 val_acc=88.94% | lr=1.000000e-05
Epoch 117/301 | train_loss=0.7493 train_acc=92.87% | val_loss=0.3023 val_acc=88.98% | lr=1.000000e-05
Saved new best model to /tmp/bow_mlp_imdb_4e7lehgi.pt
Epoch 118/301 | train_loss=0.7445 train_acc=92.90% | val_loss=0.3013 val_acc=89.00% | lr=1.000000e-05
Saved new best model to /tmp/bow_mlp_imdb_4e7lehgi.pt
Epoch 119/301 | train_loss=0.7400 train_acc=92.95% | val_loss=0.3005 val_acc=89.14% | lr=1.000000e-05
Saved new best model to /tmp/bow_mlp_imdb_4e7lehgi.pt
Epoch 120/301 | train_loss=0.7355 train_acc=92.97% | val_loss=0.2995 val_acc=89.08% | lr=1.000000e-05
Epoch 121/301 | train_loss=0.7309 train_acc=93.03% | val_loss=0.2989 val_acc=89.06% | lr=1.000000e-05
Epoch 122/301 | train_loss=0.7265 train_acc=93.10% | val_loss=0.2978 val_acc=89.14% | lr=1.000000e-05
Epoch 123/301 | train_loss=0.7221 train_acc=93.11% | val_loss=0.2971 val_acc=89.10% | lr=1.000000e-05
Epoch 124/301 | train_loss=0.7179 train_acc=93.15% | val_loss=0.2961 val_acc=89.10% | lr=1.000000e-05
Epoch 125/301 | train_loss=0.7137 train_acc=93.20% | val_loss=0.2953 val_acc=89.10% | lr=1.000000e-05
Epoch 126/301 | train_loss=0.7095 train_acc=93.33% | val_loss=0.2946 val_acc=89.06% | lr=1.000000e-05
Epoch 127/301 | train_loss=0.7052 train_acc=93.31% | val_loss=0.2938 val_acc=89.04% | lr=1.000000e-05
Epoch 128/301 | train_loss=0.7013 train_acc=93.34% | val_loss=0.2931 val_acc=89.14% | lr=1.000000e-05
Epoch 129/301 | train_loss=0.6972 train_acc=93.43% | val_loss=0.2923 val_acc=89.06% | lr=1.000000e-05
Epoch 130/301 | train_loss=0.6931 train_acc=93.44% | val_loss=0.2917 val_acc=89.10% | lr=1.000000e-05
Epoch 131/301 | train_loss=0.6892 train_acc=93.52% | val_loss=0.2910 val_acc=89.06% | lr=1.000000e-05
Epoch 132/301 | train_loss=0.6852 train_acc=93.53% | val_loss=0.2904 val_acc=89.04% | lr=1.000000e-05
Epoch 133/301 | train_loss=0.6814 train_acc=93.59% | val_loss=0.2896 val_acc=89.06% | lr=1.000000e-05
Epoch 134/301 | train_loss=0.6775 train_acc=93.66% | val_loss=0.2893 val_acc=89.30% | lr=1.000000e-05
Saved new best model to /tmp/bow_mlp_imdb_4e7lehgi.pt
Epoch 135/301 | train_loss=0.6737 train_acc=93.72% | val_loss=0.2884 val_acc=89.06% | lr=1.000000e-05
Epoch 136/301 | train_loss=0.6700 train_acc=93.75% | val_loss=0.2878 val_acc=89.10% | lr=1.000000e-05
Epoch 137/301 | train_loss=0.6663 train_acc=93.76% | val_loss=0.2873 val_acc=89.14% | lr=1.000000e-05
Epoch 138/301 | train_loss=0.6626 train_acc=93.84% | val_loss=0.2869 val_acc=89.32% | lr=1.000000e-05
Saved new best model to /tmp/bow_mlp_imdb_4e7lehgi.pt
Epoch 139/301 | train_loss=0.6591 train_acc=93.87% | val_loss=0.2861 val_acc=89.16% | lr=1.000000e-05
Epoch 140/301 | train_loss=0.6554 train_acc=94.01% | val_loss=0.2855 val_acc=89.16% | lr=1.000000e-05
Epoch 141/301 | train_loss=0.6519 train_acc=93.99% | val_loss=0.2851 val_acc=89.26% | lr=1.000000e-05
Epoch 142/301 | train_loss=0.6483 train_acc=94.02% | val_loss=0.2846 val_acc=89.28% | lr=1.000000e-05
Epoch 143/301 | train_loss=0.6448 train_acc=94.08% | val_loss=0.2839 val_acc=89.20% | lr=1.000000e-05
Epoch 144/301 | train_loss=0.6414 train_acc=94.13% | val_loss=0.2834 val_acc=89.26% | lr=1.000000e-05
Epoch 145/301 | train_loss=0.6378 train_acc=94.20% | val_loss=0.2834 val_acc=89.42% | lr=1.000000e-05
Saved new best model to /tmp/bow_mlp_imdb_4e7lehgi.pt
Epoch 146/301 | train_loss=0.6345 train_acc=94.23% | val_loss=0.2828 val_acc=89.42% | lr=1.000000e-05
Epoch 147/301 | train_loss=0.6311 train_acc=94.27% | val_loss=0.2824 val_acc=89.42% | lr=1.000000e-05
Epoch 148/301 | train_loss=0.6279 train_acc=94.32% | val_loss=0.2819 val_acc=89.44% | lr=1.000000e-05
Saved new best model to /tmp/bow_mlp_imdb_4e7lehgi.pt
Epoch 149/301 | train_loss=0.6246 train_acc=94.38% | val_loss=0.2811 val_acc=89.34% | lr=1.000000e-05
Epoch 150/301 | train_loss=0.6213 train_acc=94.39% | val_loss=0.2809 val_acc=89.46% | lr=1.000000e-05
Saved new best model to /tmp/bow_mlp_imdb_4e7lehgi.pt
Epoch 151/301 | train_loss=0.6180 train_acc=94.45% | val_loss=0.2803 val_acc=89.44% | lr=1.000000e-05
Epoch 152/301 | train_loss=0.6148 train_acc=94.53% | val_loss=0.2799 val_acc=89.34% | lr=1.000000e-05
Epoch 153/301 | train_loss=0.6117 train_acc=94.53% | val_loss=0.2796 val_acc=89.46% | lr=1.000000e-05
Epoch 154/301 | train_loss=0.6085 train_acc=94.58% | val_loss=0.2791 val_acc=89.46% | lr=1.000000e-05
Epoch 155/301 | train_loss=0.6054 train_acc=94.64% | val_loss=0.2789 val_acc=89.52% | lr=1.000000e-05
Saved new best model to /tmp/bow_mlp_imdb_4e7lehgi.pt
Epoch 156/301 | train_loss=0.6022 train_acc=94.65% | val_loss=0.2785 val_acc=89.56% | lr=1.000000e-05
Saved new best model to /tmp/bow_mlp_imdb_4e7lehgi.pt
Epoch 157/301 | train_loss=0.5991 train_acc=94.73% | val_loss=0.2781 val_acc=89.50% | lr=1.000000e-05
Epoch 158/301 | train_loss=0.5961 train_acc=94.74% | val_loss=0.2778 val_acc=89.60% | lr=1.000000e-05
Saved new best model to /tmp/bow_mlp_imdb_4e7lehgi.pt
Epoch 159/301 | train_loss=0.5931 train_acc=94.78% | val_loss=0.2774 val_acc=89.42% | lr=1.000000e-05
Epoch 160/301 | train_loss=0.5901 train_acc=94.83% | val_loss=0.2771 val_acc=89.50% | lr=1.000000e-05
Epoch 161/301 | train_loss=0.5871 train_acc=94.88% | val_loss=0.2770 val_acc=89.66% | lr=1.000000e-05
Saved new best model to /tmp/bow_mlp_imdb_4e7lehgi.pt
Epoch 162/301 | train_loss=0.5842 train_acc=94.88% | val_loss=0.2766 val_acc=89.54% | lr=1.000000e-05
Epoch 163/301 | train_loss=0.5813 train_acc=94.90% | val_loss=0.2762 val_acc=89.54% | lr=1.000000e-05
Epoch 164/301 | train_loss=0.5785 train_acc=94.96% | val_loss=0.2759 val_acc=89.42% | lr=1.000000e-05
Epoch 165/301 | train_loss=0.5756 train_acc=94.97% | val_loss=0.2757 val_acc=89.54% | lr=1.000000e-05
Epoch 166/301 | train_loss=0.5727 train_acc=95.00% | val_loss=0.2753 val_acc=89.38% | lr=1.000000e-05
Epoch 167/301 | train_loss=0.5700 train_acc=95.06% | val_loss=0.2751 val_acc=89.48% | lr=1.000000e-05
Epoch 168/301 | train_loss=0.5672 train_acc=95.08% | val_loss=0.2753 val_acc=89.66% | lr=1.000000e-05
Epoch 169/301 | train_loss=0.5644 train_acc=95.10% | val_loss=0.2746 val_acc=89.36% | lr=1.000000e-05
Epoch 170/301 | train_loss=0.5616 train_acc=95.16% | val_loss=0.2746 val_acc=89.58% | lr=1.000000e-05
Epoch 171/301 | train_loss=0.5589 train_acc=95.20% | val_loss=0.2742 val_acc=89.46% | lr=1.000000e-05
Epoch 172/301 | train_loss=0.5562 train_acc=95.19% | val_loss=0.2742 val_acc=89.58% | lr=1.000000e-05
Epoch 173/301 | train_loss=0.5536 train_acc=95.21% | val_loss=0.2739 val_acc=89.56% | lr=1.000000e-05
Epoch 174/301 | train_loss=0.5509 train_acc=95.29% | val_loss=0.2737 val_acc=89.50% | lr=1.000000e-05
Epoch 175/301 | train_loss=0.5482 train_acc=95.32% | val_loss=0.2735 val_acc=89.48% | lr=1.000000e-05
Epoch 176/301 | train_loss=0.5456 train_acc=95.34% | val_loss=0.2733 val_acc=89.46% | lr=1.000000e-05
Epoch 177/301 | train_loss=0.5430 train_acc=95.34% | val_loss=0.2731 val_acc=89.48% | lr=1.000000e-05
Epoch 178/301 | train_loss=0.5404 train_acc=95.38% | val_loss=0.2729 val_acc=89.50% | lr=1.000000e-05
Epoch 179/301 | train_loss=0.5378 train_acc=95.41% | val_loss=0.2732 val_acc=89.50% | lr=1.000000e-05
Epoch 180/301 | train_loss=0.5354 train_acc=95.47% | val_loss=0.2725 val_acc=89.42% | lr=1.000000e-05
Epoch 181/301 | train_loss=0.5329 train_acc=95.49% | val_loss=0.2726 val_acc=89.48% | lr=1.000000e-05
Epoch 182/301 | train_loss=0.5303 train_acc=95.54% | val_loss=0.2725 val_acc=89.50% | lr=1.000000e-05
Epoch 183/301 | train_loss=0.5279 train_acc=95.58% | val_loss=0.2722 val_acc=89.46% | lr=1.000000e-05
Epoch 184/301 | train_loss=0.5254 train_acc=95.62% | val_loss=0.2720 val_acc=89.44% | lr=1.000000e-05
Epoch 185/301 | train_loss=0.5229 train_acc=95.66% | val_loss=0.2721 val_acc=89.44% | lr=1.000000e-05
Epoch 186/301 | train_loss=0.5206 train_acc=95.69% | val_loss=0.2720 val_acc=89.44% | lr=1.000000e-05
Epoch 187/301 | train_loss=0.5182 train_acc=95.73% | val_loss=0.2720 val_acc=89.44% | lr=1.000000e-05
Epoch 188/301 | train_loss=0.5157 train_acc=95.77% | val_loss=0.2720 val_acc=89.44% | lr=1.000000e-05
Epoch 189/301 | train_loss=0.5134 train_acc=95.73% | val_loss=0.2715 val_acc=89.52% | lr=1.000000e-05
Epoch 190/301 | train_loss=0.5111 train_acc=95.81% | val_loss=0.2719 val_acc=89.50% | lr=1.000000e-05
Epoch 191/301 | train_loss=0.5087 train_acc=95.86% | val_loss=0.2715 val_acc=89.48% | lr=1.000000e-05
Epoch 192/301 | train_loss=0.5063 train_acc=95.86% | val_loss=0.2716 val_acc=89.48% | lr=1.000000e-05
Epoch 193/301 | train_loss=0.5040 train_acc=95.88% | val_loss=0.2716 val_acc=89.56% | lr=1.000000e-05
Epoch 194/301 | train_loss=0.5018 train_acc=95.89% | val_loss=0.2713 val_acc=89.54% | lr=1.000000e-05
Epoch 195/301 | train_loss=0.4995 train_acc=95.97% | val_loss=0.2711 val_acc=89.48% | lr=1.000000e-05
Epoch 196/301 | train_loss=0.4972 train_acc=95.98% | val_loss=0.2713 val_acc=89.56% | lr=1.000000e-05
Epoch 197/301 | train_loss=0.4950 train_acc=96.02% | val_loss=0.2712 val_acc=89.48% | lr=1.000000e-05
Epoch 198/301 | train_loss=0.4927 train_acc=96.07% | val_loss=0.2712 val_acc=89.50% | lr=1.000000e-05
Epoch 199/301 | train_loss=0.4905 train_acc=96.10% | val_loss=0.2711 val_acc=89.48% | lr=1.000000e-05
Epoch 200/301 | train_loss=0.4883 train_acc=96.11% | val_loss=0.2713 val_acc=89.58% | lr=1.000000e-05
Epoch 201/301 | train_loss=0.4862 train_acc=96.17% | val_loss=0.2710 val_acc=89.46% | lr=1.000000e-05
Epoch 202/301 | train_loss=0.4839 train_acc=96.20% | val_loss=0.2710 val_acc=89.46% | lr=1.000000e-05
Epoch 203/301 | train_loss=0.4819 train_acc=96.20% | val_loss=0.2710 val_acc=89.42% | lr=1.000000e-05
Epoch 204/301 | train_loss=0.4797 train_acc=96.25% | val_loss=0.2712 val_acc=89.54% | lr=1.000000e-05
Epoch 205/301 | train_loss=0.4776 train_acc=96.28% | val_loss=0.2710 val_acc=89.48% | lr=1.000000e-05
Epoch 206/301 | train_loss=0.4755 train_acc=96.28% | val_loss=0.2712 val_acc=89.42% | lr=1.000000e-05
Epoch 207/301 | train_loss=0.4734 train_acc=96.31% | val_loss=0.2710 val_acc=89.52% | lr=1.000000e-05
Epoch 208/301 | train_loss=0.4712 train_acc=96.39% | val_loss=0.2711 val_acc=89.52% | lr=1.000000e-05
Epoch 209/301 | train_loss=0.4692 train_acc=96.38% | val_loss=0.2718 val_acc=89.48% | lr=1.000000e-05
Epoch 210/301 | train_loss=0.4671 train_acc=96.40% | val_loss=0.2712 val_acc=89.38% | lr=1.000000e-05
Validation loss has not improved for 8 epochs. Stopping training.
Test loss=0.2967 | Test accuracy=88.45%
