Loading IMDb dataset from local disk: /home/daniel/l/masteruppsats/np-reg/language/data/imdb_hf
Using device: cuda
BoW vocab size: 12500
Epoch 1/301 | train_loss=72.4173 train_acc=48.94% | val_loss=0.6982 val_acc=49.36% | lr=3.000000e-05
Saved new best model to /tmp/bow_mlp_imdb_uvw9da3r.pt
Epoch 2/301 | train_loss=37.0772 train_acc=48.59% | val_loss=0.6941 val_acc=50.12% | lr=3.000000e-05
Saved new best model to /tmp/bow_mlp_imdb_uvw9da3r.pt
Epoch 3/301 | train_loss=18.0263 train_acc=51.12% | val_loss=0.6925 val_acc=53.46% | lr=3.000000e-05
Saved new best model to /tmp/bow_mlp_imdb_uvw9da3r.pt
Epoch 4/301 | train_loss=8.6196 train_acc=54.81% | val_loss=0.6864 val_acc=55.90% | lr=3.000000e-05
Saved new best model to /tmp/bow_mlp_imdb_uvw9da3r.pt
Epoch 5/301 | train_loss=4.5020 train_acc=59.67% | val_loss=0.6802 val_acc=63.32% | lr=3.000000e-05
Saved new best model to /tmp/bow_mlp_imdb_uvw9da3r.pt
Epoch 6/301 | train_loss=2.9508 train_acc=65.91% | val_loss=0.6727 val_acc=63.62% | lr=3.000000e-05
Saved new best model to /tmp/bow_mlp_imdb_uvw9da3r.pt
Epoch 7/301 | train_loss=2.4411 train_acc=72.94% | val_loss=0.6636 val_acc=75.44% | lr=3.000000e-05
Saved new best model to /tmp/bow_mlp_imdb_uvw9da3r.pt
Epoch 8/301 | train_loss=2.2803 train_acc=77.39% | val_loss=0.6535 val_acc=76.28% | lr=3.000000e-05
Saved new best model to /tmp/bow_mlp_imdb_uvw9da3r.pt
Epoch 9/301 | train_loss=2.2127 train_acc=80.78% | val_loss=0.6428 val_acc=79.82% | lr=3.000000e-05
Saved new best model to /tmp/bow_mlp_imdb_uvw9da3r.pt
Epoch 10/301 | train_loss=2.1652 train_acc=81.88% | val_loss=0.6318 val_acc=82.20% | lr=3.000000e-05
Saved new best model to /tmp/bow_mlp_imdb_uvw9da3r.pt
Epoch 11/301 | train_loss=2.1197 train_acc=83.21% | val_loss=0.6203 val_acc=82.90% | lr=3.000000e-05
Saved new best model to /tmp/bow_mlp_imdb_uvw9da3r.pt
Epoch 12/301 | train_loss=2.0731 train_acc=84.47% | val_loss=0.6085 val_acc=83.44% | lr=3.000000e-05
Saved new best model to /tmp/bow_mlp_imdb_uvw9da3r.pt
Epoch 13/301 | train_loss=2.0256 train_acc=85.02% | val_loss=0.5967 val_acc=84.34% | lr=3.000000e-05
Saved new best model to /tmp/bow_mlp_imdb_uvw9da3r.pt
Epoch 14/301 | train_loss=1.9773 train_acc=85.38% | val_loss=0.5846 val_acc=84.74% | lr=3.000000e-05
Saved new best model to /tmp/bow_mlp_imdb_uvw9da3r.pt
Epoch 15/301 | train_loss=1.9284 train_acc=86.01% | val_loss=0.5729 val_acc=84.72% | lr=3.000000e-05
Epoch 16/301 | train_loss=1.8791 train_acc=86.39% | val_loss=0.5602 val_acc=85.14% | lr=3.000000e-05
Saved new best model to /tmp/bow_mlp_imdb_uvw9da3r.pt
Epoch 17/301 | train_loss=1.8299 train_acc=86.76% | val_loss=0.5480 val_acc=85.62% | lr=3.000000e-05
Saved new best model to /tmp/bow_mlp_imdb_uvw9da3r.pt
Epoch 18/301 | train_loss=1.7802 train_acc=86.97% | val_loss=0.5359 val_acc=85.94% | lr=3.000000e-05
Saved new best model to /tmp/bow_mlp_imdb_uvw9da3r.pt
Epoch 19/301 | train_loss=1.7311 train_acc=87.39% | val_loss=0.5239 val_acc=86.26% | lr=3.000000e-05
Saved new best model to /tmp/bow_mlp_imdb_uvw9da3r.pt
Epoch 20/301 | train_loss=1.6822 train_acc=87.67% | val_loss=0.5120 val_acc=86.38% | lr=3.000000e-05
Saved new best model to /tmp/bow_mlp_imdb_uvw9da3r.pt
Epoch 21/301 | train_loss=1.6341 train_acc=88.00% | val_loss=0.5002 val_acc=86.80% | lr=3.000000e-05
Saved new best model to /tmp/bow_mlp_imdb_uvw9da3r.pt
Epoch 22/301 | train_loss=1.5868 train_acc=88.25% | val_loss=0.4887 val_acc=86.84% | lr=3.000000e-05
Saved new best model to /tmp/bow_mlp_imdb_uvw9da3r.pt
Epoch 23/301 | train_loss=1.5402 train_acc=88.54% | val_loss=0.4772 val_acc=87.36% | lr=3.000000e-05
Saved new best model to /tmp/bow_mlp_imdb_uvw9da3r.pt
Epoch 24/301 | train_loss=1.4946 train_acc=88.85% | val_loss=0.4661 val_acc=87.48% | lr=3.000000e-05
Saved new best model to /tmp/bow_mlp_imdb_uvw9da3r.pt
Epoch 25/301 | train_loss=1.4501 train_acc=89.04% | val_loss=0.4552 val_acc=87.52% | lr=3.000000e-05
Saved new best model to /tmp/bow_mlp_imdb_uvw9da3r.pt
Epoch 26/301 | train_loss=1.4066 train_acc=89.34% | val_loss=0.4446 val_acc=87.68% | lr=3.000000e-05
Saved new best model to /tmp/bow_mlp_imdb_uvw9da3r.pt
Epoch 27/301 | train_loss=1.3645 train_acc=89.56% | val_loss=0.4344 val_acc=88.02% | lr=3.000000e-05
Saved new best model to /tmp/bow_mlp_imdb_uvw9da3r.pt
Epoch 28/301 | train_loss=1.3239 train_acc=89.75% | val_loss=0.4245 val_acc=88.04% | lr=3.000000e-05
Saved new best model to /tmp/bow_mlp_imdb_uvw9da3r.pt
Epoch 29/301 | train_loss=1.2845 train_acc=89.94% | val_loss=0.4153 val_acc=87.88% | lr=3.000000e-05
Epoch 30/301 | train_loss=1.2468 train_acc=90.17% | val_loss=0.4061 val_acc=88.40% | lr=3.000000e-05
Saved new best model to /tmp/bow_mlp_imdb_uvw9da3r.pt
Epoch 31/301 | train_loss=1.2104 train_acc=90.35% | val_loss=0.3971 val_acc=88.44% | lr=3.000000e-05
Saved new best model to /tmp/bow_mlp_imdb_uvw9da3r.pt
Epoch 32/301 | train_loss=1.1755 train_acc=90.50% | val_loss=0.3889 val_acc=88.60% | lr=3.000000e-05
Saved new best model to /tmp/bow_mlp_imdb_uvw9da3r.pt
Epoch 33/301 | train_loss=1.1422 train_acc=90.66% | val_loss=0.3809 val_acc=88.64% | lr=3.000000e-05
Saved new best model to /tmp/bow_mlp_imdb_uvw9da3r.pt
Epoch 34/301 | train_loss=1.1102 train_acc=90.91% | val_loss=0.3737 val_acc=88.66% | lr=3.000000e-05
Saved new best model to /tmp/bow_mlp_imdb_uvw9da3r.pt
Epoch 35/301 | train_loss=1.0795 train_acc=91.05% | val_loss=0.3663 val_acc=88.78% | lr=3.000000e-05
Saved new best model to /tmp/bow_mlp_imdb_uvw9da3r.pt
Epoch 36/301 | train_loss=1.0508 train_acc=91.22% | val_loss=0.3594 val_acc=88.68% | lr=3.000000e-05
Epoch 37/301 | train_loss=1.0230 train_acc=91.34% | val_loss=0.3536 val_acc=88.74% | lr=3.000000e-05
Epoch 38/301 | train_loss=0.9968 train_acc=91.60% | val_loss=0.3471 val_acc=88.82% | lr=3.000000e-05
Saved new best model to /tmp/bow_mlp_imdb_uvw9da3r.pt
Epoch 39/301 | train_loss=0.9717 train_acc=91.69% | val_loss=0.3414 val_acc=88.90% | lr=3.000000e-05
Saved new best model to /tmp/bow_mlp_imdb_uvw9da3r.pt
Epoch 40/301 | train_loss=0.9476 train_acc=91.78% | val_loss=0.3362 val_acc=88.88% | lr=3.000000e-05
Epoch 41/301 | train_loss=0.9249 train_acc=91.94% | val_loss=0.3312 val_acc=88.86% | lr=3.000000e-05
Epoch 42/301 | train_loss=0.9032 train_acc=92.10% | val_loss=0.3267 val_acc=88.94% | lr=3.000000e-05
Saved new best model to /tmp/bow_mlp_imdb_uvw9da3r.pt
Epoch 43/301 | train_loss=0.8828 train_acc=92.21% | val_loss=0.3219 val_acc=89.04% | lr=3.000000e-05
Saved new best model to /tmp/bow_mlp_imdb_uvw9da3r.pt
Epoch 44/301 | train_loss=0.8629 train_acc=92.34% | val_loss=0.3179 val_acc=88.94% | lr=3.000000e-05
Epoch 45/301 | train_loss=0.8441 train_acc=92.49% | val_loss=0.3141 val_acc=88.86% | lr=3.000000e-05
Epoch 46/301 | train_loss=0.8264 train_acc=92.56% | val_loss=0.3106 val_acc=88.98% | lr=3.000000e-05
Epoch 47/301 | train_loss=0.8093 train_acc=92.74% | val_loss=0.3070 val_acc=89.00% | lr=3.000000e-05
Epoch 48/301 | train_loss=0.7928 train_acc=92.90% | val_loss=0.3040 val_acc=89.18% | lr=3.000000e-05
Saved new best model to /tmp/bow_mlp_imdb_uvw9da3r.pt
Epoch 49/301 | train_loss=0.7773 train_acc=92.99% | val_loss=0.3014 val_acc=89.22% | lr=3.000000e-05
Saved new best model to /tmp/bow_mlp_imdb_uvw9da3r.pt
Epoch 50/301 | train_loss=0.7624 train_acc=93.07% | val_loss=0.2991 val_acc=89.24% | lr=3.000000e-05
Saved new best model to /tmp/bow_mlp_imdb_uvw9da3r.pt
Epoch 51/301 | train_loss=0.7477 train_acc=93.22% | val_loss=0.2957 val_acc=89.16% | lr=3.000000e-05
Epoch 52/301 | train_loss=0.7341 train_acc=93.34% | val_loss=0.2933 val_acc=89.22% | lr=3.000000e-05
Epoch 53/301 | train_loss=0.7205 train_acc=93.49% | val_loss=0.2917 val_acc=89.10% | lr=3.000000e-05
Epoch 54/301 | train_loss=0.7078 train_acc=93.58% | val_loss=0.2893 val_acc=89.24% | lr=3.000000e-05
Epoch 55/301 | train_loss=0.6955 train_acc=93.80% | val_loss=0.2871 val_acc=89.18% | lr=3.000000e-05
Epoch 56/301 | train_loss=0.6831 train_acc=93.84% | val_loss=0.2857 val_acc=89.36% | lr=3.000000e-05
Saved new best model to /tmp/bow_mlp_imdb_uvw9da3r.pt
Epoch 57/301 | train_loss=0.6715 train_acc=94.02% | val_loss=0.2839 val_acc=89.26% | lr=3.000000e-05
Epoch 58/301 | train_loss=0.6603 train_acc=94.12% | val_loss=0.2821 val_acc=89.36% | lr=3.000000e-05
Epoch 59/301 | train_loss=0.6495 train_acc=94.21% | val_loss=0.2806 val_acc=89.36% | lr=3.000000e-05
Epoch 60/301 | train_loss=0.6390 train_acc=94.31% | val_loss=0.2793 val_acc=89.36% | lr=3.000000e-05
Epoch 61/301 | train_loss=0.6288 train_acc=94.39% | val_loss=0.2779 val_acc=89.38% | lr=3.000000e-05
Saved new best model to /tmp/bow_mlp_imdb_uvw9da3r.pt
Epoch 62/301 | train_loss=0.6186 train_acc=94.56% | val_loss=0.2769 val_acc=89.46% | lr=3.000000e-05
Saved new best model to /tmp/bow_mlp_imdb_uvw9da3r.pt
Epoch 63/301 | train_loss=0.6090 train_acc=94.70% | val_loss=0.2758 val_acc=89.24% | lr=3.000000e-05
Epoch 64/301 | train_loss=0.5996 train_acc=94.77% | val_loss=0.2751 val_acc=89.64% | lr=3.000000e-05
Saved new best model to /tmp/bow_mlp_imdb_uvw9da3r.pt
Epoch 65/301 | train_loss=0.5904 train_acc=94.94% | val_loss=0.2741 val_acc=89.54% | lr=3.000000e-05
Epoch 66/301 | train_loss=0.5814 train_acc=94.97% | val_loss=0.2731 val_acc=89.56% | lr=3.000000e-05
Epoch 67/301 | train_loss=0.5726 train_acc=95.14% | val_loss=0.2733 val_acc=89.30% | lr=3.000000e-05
Epoch 68/301 | train_loss=0.5641 train_acc=95.21% | val_loss=0.2717 val_acc=89.46% | lr=3.000000e-05
Epoch 69/301 | train_loss=0.5557 train_acc=95.25% | val_loss=0.2711 val_acc=89.58% | lr=3.000000e-05
Epoch 70/301 | train_loss=0.5476 train_acc=95.30% | val_loss=0.2704 val_acc=89.66% | lr=3.000000e-05
Saved new best model to /tmp/bow_mlp_imdb_uvw9da3r.pt
Epoch 71/301 | train_loss=0.5395 train_acc=95.48% | val_loss=0.2705 val_acc=89.64% | lr=3.000000e-05
Epoch 72/301 | train_loss=0.5318 train_acc=95.55% | val_loss=0.2696 val_acc=89.64% | lr=3.000000e-05
Epoch 73/301 | train_loss=0.5242 train_acc=95.62% | val_loss=0.2695 val_acc=89.74% | lr=3.000000e-05
Saved new best model to /tmp/bow_mlp_imdb_uvw9da3r.pt
Epoch 74/301 | train_loss=0.5169 train_acc=95.78% | val_loss=0.2690 val_acc=89.58% | lr=3.000000e-05
Epoch 75/301 | train_loss=0.5097 train_acc=95.80% | val_loss=0.2688 val_acc=89.72% | lr=3.000000e-05
Epoch 76/301 | train_loss=0.5025 train_acc=95.92% | val_loss=0.2688 val_acc=89.66% | lr=3.000000e-05
Epoch 77/301 | train_loss=0.4954 train_acc=96.00% | val_loss=0.2687 val_acc=89.42% | lr=3.000000e-05
Epoch 78/301 | train_loss=0.4888 train_acc=96.06% | val_loss=0.2699 val_acc=89.64% | lr=3.000000e-05
Epoch 79/301 | train_loss=0.4821 train_acc=96.14% | val_loss=0.2683 val_acc=89.68% | lr=3.000000e-05
Epoch 80/301 | train_loss=0.4758 train_acc=96.20% | val_loss=0.2688 val_acc=89.58% | lr=3.000000e-05
Epoch 81/301 | train_loss=0.4693 train_acc=96.35% | val_loss=0.2690 val_acc=89.56% | lr=3.000000e-05
Epoch 82/301 | train_loss=0.4629 train_acc=96.43% | val_loss=0.2689 val_acc=89.58% | lr=3.000000e-05
Epoch 83/301 | train_loss=0.4568 train_acc=96.45% | val_loss=0.2695 val_acc=89.50% | lr=3.000000e-05
Epoch 84/301 | train_loss=0.4508 train_acc=96.55% | val_loss=0.2690 val_acc=89.62% | lr=3.000000e-05
Epoch 85/301 | train_loss=0.4449 train_acc=96.65% | val_loss=0.2693 val_acc=89.46% | lr=3.000000e-05
Epoch 86/301 | train_loss=0.4391 train_acc=96.73% | val_loss=0.2699 val_acc=89.52% | lr=3.000000e-05
Epoch 87/301 | train_loss=0.4334 train_acc=96.82% | val_loss=0.2699 val_acc=89.52% | lr=3.000000e-05
Validation loss has not improved for 8 epochs. Stopping training.
Test loss=0.2941 | Test accuracy=88.35%
