Loading IMDb dataset from local disk: /home/daniel/l/masteruppsats/np-reg/language/data/imdb_hf
Using device: cuda
BoW vocab size: 12500
Epoch 1/301 | train_loss=8.7275 train_acc=52.50% | val_loss=0.6849 val_acc=59.66% | lr=1.000000e-05
Saved new best model to /tmp/bow_mlp_imdb_bcblhkvz.pt
Epoch 2/301 | train_loss=6.1464 train_acc=65.91% | val_loss=0.6715 val_acc=71.38% | lr=1.000000e-05
Saved new best model to /tmp/bow_mlp_imdb_bcblhkvz.pt
Epoch 3/301 | train_loss=4.2927 train_acc=75.63% | val_loss=0.6562 val_acc=76.90% | lr=1.000000e-05
Saved new best model to /tmp/bow_mlp_imdb_bcblhkvz.pt
Epoch 4/301 | train_loss=2.9979 train_acc=80.94% | val_loss=0.6386 val_acc=81.42% | lr=1.000000e-05
Saved new best model to /tmp/bow_mlp_imdb_bcblhkvz.pt
Epoch 5/301 | train_loss=2.1065 train_acc=83.78% | val_loss=0.6214 val_acc=83.60% | lr=1.000000e-05
Saved new best model to /tmp/bow_mlp_imdb_bcblhkvz.pt
Epoch 6/301 | train_loss=1.5158 train_acc=85.04% | val_loss=0.6030 val_acc=83.54% | lr=1.000000e-05
Epoch 7/301 | train_loss=1.1426 train_acc=85.95% | val_loss=0.5843 val_acc=85.00% | lr=1.000000e-05
Saved new best model to /tmp/bow_mlp_imdb_bcblhkvz.pt
Epoch 8/301 | train_loss=0.9194 train_acc=86.24% | val_loss=0.5653 val_acc=85.26% | lr=1.000000e-05
Saved new best model to /tmp/bow_mlp_imdb_bcblhkvz.pt
Epoch 9/301 | train_loss=0.7922 train_acc=86.64% | val_loss=0.5469 val_acc=85.76% | lr=1.000000e-05
Saved new best model to /tmp/bow_mlp_imdb_bcblhkvz.pt
Epoch 10/301 | train_loss=0.7214 train_acc=86.84% | val_loss=0.5292 val_acc=86.06% | lr=1.000000e-05
Saved new best model to /tmp/bow_mlp_imdb_bcblhkvz.pt
Epoch 11/301 | train_loss=0.6802 train_acc=87.20% | val_loss=0.5123 val_acc=86.34% | lr=1.000000e-05
Saved new best model to /tmp/bow_mlp_imdb_bcblhkvz.pt
Epoch 12/301 | train_loss=0.6528 train_acc=87.63% | val_loss=0.4964 val_acc=86.58% | lr=1.000000e-05
Saved new best model to /tmp/bow_mlp_imdb_bcblhkvz.pt
Epoch 13/301 | train_loss=0.6314 train_acc=87.81% | val_loss=0.4817 val_acc=86.80% | lr=1.000000e-05
Saved new best model to /tmp/bow_mlp_imdb_bcblhkvz.pt
Epoch 14/301 | train_loss=0.6126 train_acc=88.23% | val_loss=0.4679 val_acc=86.88% | lr=1.000000e-05
Saved new best model to /tmp/bow_mlp_imdb_bcblhkvz.pt
Epoch 15/301 | train_loss=0.5952 train_acc=88.41% | val_loss=0.4555 val_acc=87.36% | lr=1.000000e-05
Saved new best model to /tmp/bow_mlp_imdb_bcblhkvz.pt
Epoch 16/301 | train_loss=0.5786 train_acc=88.81% | val_loss=0.4434 val_acc=87.00% | lr=1.000000e-05
Epoch 17/301 | train_loss=0.5629 train_acc=88.92% | val_loss=0.4325 val_acc=87.32% | lr=1.000000e-05
Epoch 18/301 | train_loss=0.5480 train_acc=89.16% | val_loss=0.4224 val_acc=87.30% | lr=1.000000e-05
Epoch 19/301 | train_loss=0.5337 train_acc=89.35% | val_loss=0.4131 val_acc=87.86% | lr=1.000000e-05
Saved new best model to /tmp/bow_mlp_imdb_bcblhkvz.pt
Epoch 20/301 | train_loss=0.5200 train_acc=89.59% | val_loss=0.4044 val_acc=87.96% | lr=1.000000e-05
Saved new best model to /tmp/bow_mlp_imdb_bcblhkvz.pt
Epoch 21/301 | train_loss=0.5071 train_acc=89.78% | val_loss=0.3963 val_acc=87.90% | lr=1.000000e-05
Epoch 22/301 | train_loss=0.4947 train_acc=89.95% | val_loss=0.3889 val_acc=87.80% | lr=1.000000e-05
Epoch 23/301 | train_loss=0.4829 train_acc=90.03% | val_loss=0.3819 val_acc=87.94% | lr=1.000000e-05
Epoch 24/301 | train_loss=0.4716 train_acc=90.21% | val_loss=0.3755 val_acc=88.10% | lr=1.000000e-05
Saved new best model to /tmp/bow_mlp_imdb_bcblhkvz.pt
Epoch 25/301 | train_loss=0.4609 train_acc=90.37% | val_loss=0.3695 val_acc=88.20% | lr=1.000000e-05
Saved new best model to /tmp/bow_mlp_imdb_bcblhkvz.pt
Epoch 26/301 | train_loss=0.4507 train_acc=90.45% | val_loss=0.3638 val_acc=88.24% | lr=1.000000e-05
Saved new best model to /tmp/bow_mlp_imdb_bcblhkvz.pt
Epoch 27/301 | train_loss=0.4410 train_acc=90.56% | val_loss=0.3587 val_acc=88.44% | lr=1.000000e-05
Saved new best model to /tmp/bow_mlp_imdb_bcblhkvz.pt
Epoch 28/301 | train_loss=0.4318 train_acc=90.77% | val_loss=0.3537 val_acc=88.50% | lr=1.000000e-05
Saved new best model to /tmp/bow_mlp_imdb_bcblhkvz.pt
Epoch 29/301 | train_loss=0.4228 train_acc=90.92% | val_loss=0.3494 val_acc=88.26% | lr=1.000000e-05
Epoch 30/301 | train_loss=0.4145 train_acc=91.03% | val_loss=0.3450 val_acc=88.54% | lr=1.000000e-05
Saved new best model to /tmp/bow_mlp_imdb_bcblhkvz.pt
Epoch 31/301 | train_loss=0.4064 train_acc=91.16% | val_loss=0.3407 val_acc=88.48% | lr=1.000000e-05
Epoch 32/301 | train_loss=0.3988 train_acc=91.25% | val_loss=0.3369 val_acc=88.46% | lr=1.000000e-05
Epoch 33/301 | train_loss=0.3915 train_acc=91.40% | val_loss=0.3333 val_acc=88.52% | lr=1.000000e-05
Epoch 34/301 | train_loss=0.3844 train_acc=91.55% | val_loss=0.3301 val_acc=88.72% | lr=1.000000e-05
Saved new best model to /tmp/bow_mlp_imdb_bcblhkvz.pt
Epoch 35/301 | train_loss=0.3777 train_acc=91.71% | val_loss=0.3267 val_acc=88.62% | lr=1.000000e-05
Epoch 36/301 | train_loss=0.3712 train_acc=91.75% | val_loss=0.3236 val_acc=88.64% | lr=1.000000e-05
Epoch 37/301 | train_loss=0.3650 train_acc=91.86% | val_loss=0.3212 val_acc=88.74% | lr=1.000000e-05
Saved new best model to /tmp/bow_mlp_imdb_bcblhkvz.pt
Epoch 38/301 | train_loss=0.3591 train_acc=92.02% | val_loss=0.3180 val_acc=88.66% | lr=1.000000e-05
Epoch 39/301 | train_loss=0.3533 train_acc=92.12% | val_loss=0.3154 val_acc=88.68% | lr=1.000000e-05
Epoch 40/301 | train_loss=0.3478 train_acc=92.21% | val_loss=0.3130 val_acc=88.80% | lr=1.000000e-05
Saved new best model to /tmp/bow_mlp_imdb_bcblhkvz.pt
Epoch 41/301 | train_loss=0.3424 train_acc=92.29% | val_loss=0.3108 val_acc=88.86% | lr=1.000000e-05
Saved new best model to /tmp/bow_mlp_imdb_bcblhkvz.pt
Epoch 42/301 | train_loss=0.3373 train_acc=92.42% | val_loss=0.3085 val_acc=88.82% | lr=1.000000e-05
Epoch 43/301 | train_loss=0.3323 train_acc=92.51% | val_loss=0.3062 val_acc=88.92% | lr=1.000000e-05
Saved new best model to /tmp/bow_mlp_imdb_bcblhkvz.pt
Epoch 44/301 | train_loss=0.3275 train_acc=92.67% | val_loss=0.3042 val_acc=88.88% | lr=1.000000e-05
Epoch 45/301 | train_loss=0.3228 train_acc=92.74% | val_loss=0.3023 val_acc=88.90% | lr=1.000000e-05
Epoch 46/301 | train_loss=0.3183 train_acc=92.85% | val_loss=0.3005 val_acc=88.88% | lr=1.000000e-05
Epoch 47/301 | train_loss=0.3139 train_acc=92.90% | val_loss=0.2986 val_acc=88.94% | lr=1.000000e-05
Saved new best model to /tmp/bow_mlp_imdb_bcblhkvz.pt
Epoch 48/301 | train_loss=0.3096 train_acc=93.05% | val_loss=0.2971 val_acc=89.02% | lr=1.000000e-05
Saved new best model to /tmp/bow_mlp_imdb_bcblhkvz.pt
Epoch 49/301 | train_loss=0.3055 train_acc=93.17% | val_loss=0.2957 val_acc=89.16% | lr=1.000000e-05
Saved new best model to /tmp/bow_mlp_imdb_bcblhkvz.pt
Epoch 50/301 | train_loss=0.3015 train_acc=93.20% | val_loss=0.2945 val_acc=89.28% | lr=1.000000e-05
Saved new best model to /tmp/bow_mlp_imdb_bcblhkvz.pt
Epoch 51/301 | train_loss=0.2976 train_acc=93.39% | val_loss=0.2925 val_acc=89.00% | lr=1.000000e-05
Epoch 52/301 | train_loss=0.2938 train_acc=93.45% | val_loss=0.2910 val_acc=89.04% | lr=1.000000e-05
Epoch 53/301 | train_loss=0.2901 train_acc=93.57% | val_loss=0.2900 val_acc=89.06% | lr=1.000000e-05
Epoch 54/301 | train_loss=0.2866 train_acc=93.61% | val_loss=0.2887 val_acc=89.34% | lr=1.000000e-05
Saved new best model to /tmp/bow_mlp_imdb_bcblhkvz.pt
Epoch 55/301 | train_loss=0.2831 train_acc=93.78% | val_loss=0.2873 val_acc=89.20% | lr=1.000000e-05
Epoch 56/301 | train_loss=0.2796 train_acc=93.80% | val_loss=0.2864 val_acc=89.34% | lr=1.000000e-05
Epoch 57/301 | train_loss=0.2763 train_acc=93.86% | val_loss=0.2851 val_acc=89.20% | lr=1.000000e-05
Epoch 58/301 | train_loss=0.2730 train_acc=93.98% | val_loss=0.2840 val_acc=89.26% | lr=1.000000e-05
Epoch 59/301 | train_loss=0.2698 train_acc=94.08% | val_loss=0.2830 val_acc=89.28% | lr=1.000000e-05
Epoch 60/301 | train_loss=0.2667 train_acc=94.12% | val_loss=0.2821 val_acc=89.36% | lr=1.000000e-05
Saved new best model to /tmp/bow_mlp_imdb_bcblhkvz.pt
Epoch 61/301 | train_loss=0.2637 train_acc=94.16% | val_loss=0.2811 val_acc=89.30% | lr=1.000000e-05
Epoch 62/301 | train_loss=0.2606 train_acc=94.31% | val_loss=0.2803 val_acc=89.34% | lr=1.000000e-05
Epoch 63/301 | train_loss=0.2577 train_acc=94.38% | val_loss=0.2794 val_acc=89.38% | lr=1.000000e-05
Saved new best model to /tmp/bow_mlp_imdb_bcblhkvz.pt
Epoch 64/301 | train_loss=0.2549 train_acc=94.47% | val_loss=0.2788 val_acc=89.42% | lr=1.000000e-05
Saved new best model to /tmp/bow_mlp_imdb_bcblhkvz.pt
Epoch 65/301 | train_loss=0.2520 train_acc=94.56% | val_loss=0.2781 val_acc=89.44% | lr=1.000000e-05
Saved new best model to /tmp/bow_mlp_imdb_bcblhkvz.pt
Epoch 66/301 | train_loss=0.2493 train_acc=94.57% | val_loss=0.2772 val_acc=89.50% | lr=1.000000e-05
Saved new best model to /tmp/bow_mlp_imdb_bcblhkvz.pt
Epoch 67/301 | train_loss=0.2464 train_acc=94.72% | val_loss=0.2769 val_acc=89.38% | lr=1.000000e-05
Epoch 68/301 | train_loss=0.2438 train_acc=94.80% | val_loss=0.2759 val_acc=89.52% | lr=1.000000e-05
Saved new best model to /tmp/bow_mlp_imdb_bcblhkvz.pt
Epoch 69/301 | train_loss=0.2412 train_acc=94.80% | val_loss=0.2754 val_acc=89.54% | lr=1.000000e-05
Saved new best model to /tmp/bow_mlp_imdb_bcblhkvz.pt
Epoch 70/301 | train_loss=0.2386 train_acc=94.85% | val_loss=0.2747 val_acc=89.54% | lr=1.000000e-05
Epoch 71/301 | train_loss=0.2361 train_acc=94.91% | val_loss=0.2743 val_acc=89.58% | lr=1.000000e-05
Saved new best model to /tmp/bow_mlp_imdb_bcblhkvz.pt
Epoch 72/301 | train_loss=0.2336 train_acc=95.02% | val_loss=0.2738 val_acc=89.60% | lr=1.000000e-05
Saved new best model to /tmp/bow_mlp_imdb_bcblhkvz.pt
Epoch 73/301 | train_loss=0.2311 train_acc=95.06% | val_loss=0.2734 val_acc=89.56% | lr=1.000000e-05
Epoch 74/301 | train_loss=0.2287 train_acc=95.13% | val_loss=0.2728 val_acc=89.40% | lr=1.000000e-05
Epoch 75/301 | train_loss=0.2264 train_acc=95.17% | val_loss=0.2724 val_acc=89.44% | lr=1.000000e-05
Epoch 76/301 | train_loss=0.2240 train_acc=95.23% | val_loss=0.2722 val_acc=89.58% | lr=1.000000e-05
Epoch 77/301 | train_loss=0.2217 train_acc=95.28% | val_loss=0.2718 val_acc=89.30% | lr=1.000000e-05
Epoch 78/301 | train_loss=0.2195 train_acc=95.36% | val_loss=0.2721 val_acc=89.66% | lr=1.000000e-05
Saved new best model to /tmp/bow_mlp_imdb_bcblhkvz.pt
Epoch 79/301 | train_loss=0.2172 train_acc=95.38% | val_loss=0.2710 val_acc=89.40% | lr=1.000000e-05
Epoch 80/301 | train_loss=0.2151 train_acc=95.52% | val_loss=0.2709 val_acc=89.56% | lr=1.000000e-05
Epoch 81/301 | train_loss=0.2129 train_acc=95.53% | val_loss=0.2707 val_acc=89.54% | lr=1.000000e-05
Epoch 82/301 | train_loss=0.2108 train_acc=95.60% | val_loss=0.2706 val_acc=89.60% | lr=1.000000e-05
Epoch 83/301 | train_loss=0.2087 train_acc=95.66% | val_loss=0.2705 val_acc=89.50% | lr=1.000000e-05
Epoch 84/301 | train_loss=0.2066 train_acc=95.76% | val_loss=0.2699 val_acc=89.50% | lr=1.000000e-05
Epoch 85/301 | train_loss=0.2046 train_acc=95.84% | val_loss=0.2698 val_acc=89.38% | lr=1.000000e-05
Epoch 86/301 | train_loss=0.2026 train_acc=95.88% | val_loss=0.2698 val_acc=89.56% | lr=1.000000e-05
Epoch 87/301 | train_loss=0.2006 train_acc=95.91% | val_loss=0.2696 val_acc=89.48% | lr=1.000000e-05
Epoch 88/301 | train_loss=0.1986 train_acc=96.00% | val_loss=0.2694 val_acc=89.50% | lr=1.000000e-05
Epoch 89/301 | train_loss=0.1967 train_acc=96.05% | val_loss=0.2695 val_acc=89.46% | lr=1.000000e-05
Epoch 90/301 | train_loss=0.1948 train_acc=96.06% | val_loss=0.2695 val_acc=89.46% | lr=1.000000e-05
Epoch 91/301 | train_loss=0.1929 train_acc=96.15% | val_loss=0.2692 val_acc=89.40% | lr=1.000000e-05
Epoch 92/301 | train_loss=0.1910 train_acc=96.21% | val_loss=0.2694 val_acc=89.50% | lr=1.000000e-05
Epoch 93/301 | train_loss=0.1892 train_acc=96.25% | val_loss=0.2692 val_acc=89.34% | lr=1.000000e-05
Epoch 94/301 | train_loss=0.1874 train_acc=96.28% | val_loss=0.2693 val_acc=89.40% | lr=1.000000e-05
Epoch 95/301 | train_loss=0.1857 train_acc=96.40% | val_loss=0.2694 val_acc=89.48% | lr=1.000000e-05
Epoch 96/301 | train_loss=0.1839 train_acc=96.43% | val_loss=0.2695 val_acc=89.48% | lr=1.000000e-05
Epoch 97/301 | train_loss=0.1821 train_acc=96.49% | val_loss=0.2695 val_acc=89.48% | lr=1.000000e-05
Epoch 98/301 | train_loss=0.1804 train_acc=96.56% | val_loss=0.2697 val_acc=89.48% | lr=1.000000e-05
Epoch 99/301 | train_loss=0.1787 train_acc=96.59% | val_loss=0.2698 val_acc=89.44% | lr=1.000000e-05
Epoch 100/301 | train_loss=0.1770 train_acc=96.63% | val_loss=0.2700 val_acc=89.42% | lr=1.000000e-05
Epoch 101/301 | train_loss=0.1754 train_acc=96.67% | val_loss=0.2701 val_acc=89.32% | lr=1.000000e-05
Validation loss has not improved for 8 epochs. Stopping training.
Test loss=0.2971 | Test accuracy=88.31%
