Loading IMDb dataset from local disk: /home/daniel/l/masteruppsats/np-reg/language/data/imdb_hf
Using device: cuda
BoW vocab size: 1562
Epoch 1/301 | train_loss=797.4082 train_acc=50.03% | val_loss=0.9350 val_acc=49.88% | lr=1.000000e-05
Saved new best model to /tmp/bow_mlp_imdb_30zut9jo.pt
Epoch 2/301 | train_loss=633.6718 train_acc=50.03% | val_loss=1.0787 val_acc=49.88% | lr=1.000000e-05
Epoch 3/301 | train_loss=496.9585 train_acc=50.03% | val_loss=1.1245 val_acc=49.88% | lr=1.000000e-05
Epoch 4/301 | train_loss=383.0662 train_acc=50.03% | val_loss=1.0869 val_acc=49.88% | lr=1.000000e-05
Epoch 5/301 | train_loss=288.8851 train_acc=50.03% | val_loss=0.9874 val_acc=49.88% | lr=1.000000e-05
Epoch 6/301 | train_loss=211.9061 train_acc=50.03% | val_loss=0.8616 val_acc=49.88% | lr=1.000000e-05
Epoch 7/301 | train_loss=150.4236 train_acc=50.03% | val_loss=0.7592 val_acc=49.88% | lr=1.000000e-05
Epoch 8/301 | train_loss=103.0389 train_acc=50.00% | val_loss=0.7170 val_acc=49.64% | lr=1.000000e-05
Epoch 9/301 | train_loss=68.2478 train_acc=49.33% | val_loss=0.7104 val_acc=48.80% | lr=1.000000e-05
Epoch 10/301 | train_loss=44.3387 train_acc=48.89% | val_loss=0.7097 val_acc=48.42% | lr=1.000000e-05
Epoch 11/301 | train_loss=29.4067 train_acc=48.95% | val_loss=0.7094 val_acc=48.42% | lr=1.000000e-05
Epoch 12/301 | train_loss=21.2789 train_acc=48.92% | val_loss=0.7090 val_acc=48.64% | lr=1.000000e-05
Epoch 13/301 | train_loss=17.5687 train_acc=49.06% | val_loss=0.7085 val_acc=48.72% | lr=1.000000e-05
Epoch 14/301 | train_loss=16.1436 train_acc=48.99% | val_loss=0.7079 val_acc=49.06% | lr=1.000000e-05
Epoch 15/301 | train_loss=15.5663 train_acc=49.28% | val_loss=0.7069 val_acc=48.92% | lr=1.000000e-05
Epoch 16/301 | train_loss=15.1834 train_acc=49.37% | val_loss=0.7061 val_acc=49.12% | lr=1.000000e-05
Epoch 17/301 | train_loss=14.8128 train_acc=49.62% | val_loss=0.7050 val_acc=49.44% | lr=1.000000e-05
Epoch 18/301 | train_loss=14.4303 train_acc=49.67% | val_loss=0.7040 val_acc=49.52% | lr=1.000000e-05
Epoch 19/301 | train_loss=14.0527 train_acc=49.88% | val_loss=0.7029 val_acc=49.58% | lr=1.000000e-05
Epoch 20/301 | train_loss=13.6878 train_acc=50.02% | val_loss=0.7019 val_acc=50.02% | lr=1.000000e-05
Saved new best model to /tmp/bow_mlp_imdb_30zut9jo.pt
Epoch 21/301 | train_loss=13.3379 train_acc=50.34% | val_loss=0.7007 val_acc=50.04% | lr=1.000000e-05
Saved new best model to /tmp/bow_mlp_imdb_30zut9jo.pt
Epoch 22/301 | train_loss=13.0033 train_acc=50.50% | val_loss=0.6999 val_acc=50.64% | lr=1.000000e-05
Saved new best model to /tmp/bow_mlp_imdb_30zut9jo.pt
Epoch 23/301 | train_loss=12.6903 train_acc=50.80% | val_loss=0.6986 val_acc=50.62% | lr=1.000000e-05
Epoch 24/301 | train_loss=12.3973 train_acc=50.99% | val_loss=0.6974 val_acc=50.62% | lr=1.000000e-05
Epoch 25/301 | train_loss=12.1166 train_acc=51.32% | val_loss=0.6963 val_acc=50.74% | lr=1.000000e-05
Saved new best model to /tmp/bow_mlp_imdb_30zut9jo.pt
Epoch 26/301 | train_loss=11.8557 train_acc=51.45% | val_loss=0.6952 val_acc=51.06% | lr=1.000000e-05
Saved new best model to /tmp/bow_mlp_imdb_30zut9jo.pt
Epoch 27/301 | train_loss=11.6071 train_acc=51.76% | val_loss=0.6942 val_acc=51.74% | lr=1.000000e-05
Saved new best model to /tmp/bow_mlp_imdb_30zut9jo.pt
Epoch 28/301 | train_loss=11.3705 train_acc=52.08% | val_loss=0.6930 val_acc=51.46% | lr=1.000000e-05
Epoch 29/301 | train_loss=11.1540 train_acc=52.20% | val_loss=0.6920 val_acc=52.22% | lr=1.000000e-05
Saved new best model to /tmp/bow_mlp_imdb_30zut9jo.pt
Epoch 30/301 | train_loss=10.9463 train_acc=52.60% | val_loss=0.6909 val_acc=52.44% | lr=1.000000e-05
Saved new best model to /tmp/bow_mlp_imdb_30zut9jo.pt
Epoch 31/301 | train_loss=10.7486 train_acc=52.76% | val_loss=0.6897 val_acc=52.70% | lr=1.000000e-05
Saved new best model to /tmp/bow_mlp_imdb_30zut9jo.pt
Epoch 32/301 | train_loss=10.5622 train_acc=53.12% | val_loss=0.6885 val_acc=53.08% | lr=1.000000e-05
Saved new best model to /tmp/bow_mlp_imdb_30zut9jo.pt
Epoch 33/301 | train_loss=10.3869 train_acc=53.55% | val_loss=0.6875 val_acc=53.10% | lr=1.000000e-05
Saved new best model to /tmp/bow_mlp_imdb_30zut9jo.pt
Epoch 34/301 | train_loss=10.2199 train_acc=53.82% | val_loss=0.6863 val_acc=53.82% | lr=1.000000e-05
Saved new best model to /tmp/bow_mlp_imdb_30zut9jo.pt
Epoch 35/301 | train_loss=10.0601 train_acc=54.06% | val_loss=0.6851 val_acc=54.00% | lr=1.000000e-05
Saved new best model to /tmp/bow_mlp_imdb_30zut9jo.pt
Epoch 36/301 | train_loss=9.9075 train_acc=54.36% | val_loss=0.6840 val_acc=54.28% | lr=1.000000e-05
Saved new best model to /tmp/bow_mlp_imdb_30zut9jo.pt
Epoch 37/301 | train_loss=9.7620 train_acc=54.73% | val_loss=0.6828 val_acc=54.64% | lr=1.000000e-05
Saved new best model to /tmp/bow_mlp_imdb_30zut9jo.pt
Epoch 38/301 | train_loss=9.6257 train_acc=54.84% | val_loss=0.6817 val_acc=54.92% | lr=1.000000e-05
Saved new best model to /tmp/bow_mlp_imdb_30zut9jo.pt
Epoch 39/301 | train_loss=9.4934 train_acc=55.34% | val_loss=0.6805 val_acc=55.34% | lr=1.000000e-05
Saved new best model to /tmp/bow_mlp_imdb_30zut9jo.pt
Epoch 40/301 | train_loss=9.3670 train_acc=55.68% | val_loss=0.6793 val_acc=55.66% | lr=1.000000e-05
Saved new best model to /tmp/bow_mlp_imdb_30zut9jo.pt
Epoch 41/301 | train_loss=9.2440 train_acc=55.91% | val_loss=0.6781 val_acc=55.82% | lr=1.000000e-05
Saved new best model to /tmp/bow_mlp_imdb_30zut9jo.pt
Epoch 42/301 | train_loss=9.1295 train_acc=56.34% | val_loss=0.6769 val_acc=56.36% | lr=1.000000e-05
Saved new best model to /tmp/bow_mlp_imdb_30zut9jo.pt
Epoch 43/301 | train_loss=9.0189 train_acc=56.73% | val_loss=0.6757 val_acc=56.42% | lr=1.000000e-05
Saved new best model to /tmp/bow_mlp_imdb_30zut9jo.pt
Epoch 44/301 | train_loss=8.9142 train_acc=57.03% | val_loss=0.6745 val_acc=57.28% | lr=1.000000e-05
Saved new best model to /tmp/bow_mlp_imdb_30zut9jo.pt
Epoch 45/301 | train_loss=8.8145 train_acc=57.28% | val_loss=0.6733 val_acc=57.66% | lr=1.000000e-05
Saved new best model to /tmp/bow_mlp_imdb_30zut9jo.pt
Epoch 46/301 | train_loss=8.7191 train_acc=57.66% | val_loss=0.6721 val_acc=57.90% | lr=1.000000e-05
Saved new best model to /tmp/bow_mlp_imdb_30zut9jo.pt
Epoch 47/301 | train_loss=8.6279 train_acc=58.03% | val_loss=0.6710 val_acc=58.06% | lr=1.000000e-05
Saved new best model to /tmp/bow_mlp_imdb_30zut9jo.pt
Epoch 48/301 | train_loss=8.5376 train_acc=58.25% | val_loss=0.6696 val_acc=58.88% | lr=1.000000e-05
Saved new best model to /tmp/bow_mlp_imdb_30zut9jo.pt
Epoch 49/301 | train_loss=8.4521 train_acc=58.72% | val_loss=0.6685 val_acc=58.80% | lr=1.000000e-05
Epoch 50/301 | train_loss=8.3714 train_acc=59.00% | val_loss=0.6672 val_acc=59.66% | lr=1.000000e-05
Saved new best model to /tmp/bow_mlp_imdb_30zut9jo.pt
Epoch 51/301 | train_loss=8.2927 train_acc=59.55% | val_loss=0.6660 val_acc=59.78% | lr=1.000000e-05
Saved new best model to /tmp/bow_mlp_imdb_30zut9jo.pt
Epoch 52/301 | train_loss=8.2159 train_acc=59.61% | val_loss=0.6647 val_acc=60.38% | lr=1.000000e-05
Saved new best model to /tmp/bow_mlp_imdb_30zut9jo.pt
Epoch 53/301 | train_loss=8.1429 train_acc=60.30% | val_loss=0.6634 val_acc=60.68% | lr=1.000000e-05
Saved new best model to /tmp/bow_mlp_imdb_30zut9jo.pt
Epoch 54/301 | train_loss=8.0719 train_acc=60.67% | val_loss=0.6622 val_acc=60.82% | lr=1.000000e-05
Saved new best model to /tmp/bow_mlp_imdb_30zut9jo.pt
Epoch 55/301 | train_loss=8.0033 train_acc=60.91% | val_loss=0.6609 val_acc=61.38% | lr=1.000000e-05
Saved new best model to /tmp/bow_mlp_imdb_30zut9jo.pt
Epoch 56/301 | train_loss=7.9385 train_acc=61.39% | val_loss=0.6596 val_acc=61.74% | lr=1.000000e-05
Saved new best model to /tmp/bow_mlp_imdb_30zut9jo.pt
Epoch 57/301 | train_loss=7.8756 train_acc=61.81% | val_loss=0.6583 val_acc=62.26% | lr=1.000000e-05
Saved new best model to /tmp/bow_mlp_imdb_30zut9jo.pt
Epoch 58/301 | train_loss=7.8119 train_acc=62.15% | val_loss=0.6571 val_acc=62.54% | lr=1.000000e-05
Saved new best model to /tmp/bow_mlp_imdb_30zut9jo.pt
Epoch 59/301 | train_loss=7.7524 train_acc=62.48% | val_loss=0.6557 val_acc=62.88% | lr=1.000000e-05
Saved new best model to /tmp/bow_mlp_imdb_30zut9jo.pt
Epoch 60/301 | train_loss=7.6933 train_acc=63.14% | val_loss=0.6545 val_acc=63.22% | lr=1.000000e-05
Saved new best model to /tmp/bow_mlp_imdb_30zut9jo.pt
Epoch 61/301 | train_loss=7.6360 train_acc=63.48% | val_loss=0.6531 val_acc=63.56% | lr=1.000000e-05
Saved new best model to /tmp/bow_mlp_imdb_30zut9jo.pt
Epoch 62/301 | train_loss=7.5809 train_acc=63.65% | val_loss=0.6518 val_acc=63.94% | lr=1.000000e-05
Saved new best model to /tmp/bow_mlp_imdb_30zut9jo.pt
Epoch 63/301 | train_loss=7.5273 train_acc=64.09% | val_loss=0.6505 val_acc=64.26% | lr=1.000000e-05
Saved new best model to /tmp/bow_mlp_imdb_30zut9jo.pt
Epoch 64/301 | train_loss=7.4772 train_acc=64.52% | val_loss=0.6493 val_acc=64.22% | lr=1.000000e-05
Epoch 65/301 | train_loss=7.4277 train_acc=65.00% | val_loss=0.6478 val_acc=65.22% | lr=1.000000e-05
Saved new best model to /tmp/bow_mlp_imdb_30zut9jo.pt
Epoch 66/301 | train_loss=7.3784 train_acc=65.29% | val_loss=0.6465 val_acc=65.42% | lr=1.000000e-05
Saved new best model to /tmp/bow_mlp_imdb_30zut9jo.pt
Epoch 67/301 | train_loss=7.3312 train_acc=65.61% | val_loss=0.6452 val_acc=65.84% | lr=1.000000e-05
Saved new best model to /tmp/bow_mlp_imdb_30zut9jo.pt
Epoch 68/301 | train_loss=7.2834 train_acc=65.90% | val_loss=0.6438 val_acc=66.12% | lr=1.000000e-05
Saved new best model to /tmp/bow_mlp_imdb_30zut9jo.pt
Epoch 69/301 | train_loss=7.2391 train_acc=66.20% | val_loss=0.6425 val_acc=66.28% | lr=1.000000e-05
Saved new best model to /tmp/bow_mlp_imdb_30zut9jo.pt
Epoch 70/301 | train_loss=7.1944 train_acc=66.53% | val_loss=0.6414 val_acc=66.26% | lr=1.000000e-05
Epoch 71/301 | train_loss=7.1528 train_acc=66.75% | val_loss=0.6398 val_acc=66.92% | lr=1.000000e-05
Saved new best model to /tmp/bow_mlp_imdb_30zut9jo.pt
Epoch 72/301 | train_loss=7.1101 train_acc=67.21% | val_loss=0.6385 val_acc=67.24% | lr=1.000000e-05
Saved new best model to /tmp/bow_mlp_imdb_30zut9jo.pt
Epoch 73/301 | train_loss=7.0703 train_acc=67.38% | val_loss=0.6372 val_acc=67.62% | lr=1.000000e-05
Saved new best model to /tmp/bow_mlp_imdb_30zut9jo.pt
Epoch 74/301 | train_loss=7.0306 train_acc=67.80% | val_loss=0.6359 val_acc=67.86% | lr=1.000000e-05
Saved new best model to /tmp/bow_mlp_imdb_30zut9jo.pt
Epoch 75/301 | train_loss=6.9915 train_acc=68.03% | val_loss=0.6344 val_acc=68.76% | lr=1.000000e-05
Saved new best model to /tmp/bow_mlp_imdb_30zut9jo.pt
Epoch 76/301 | train_loss=6.9539 train_acc=68.33% | val_loss=0.6332 val_acc=68.40% | lr=1.000000e-05
Epoch 77/301 | train_loss=6.9163 train_acc=68.53% | val_loss=0.6318 val_acc=68.84% | lr=1.000000e-05
Saved new best model to /tmp/bow_mlp_imdb_30zut9jo.pt
Epoch 78/301 | train_loss=6.8800 train_acc=68.77% | val_loss=0.6303 val_acc=69.72% | lr=1.000000e-05
Saved new best model to /tmp/bow_mlp_imdb_30zut9jo.pt
Epoch 79/301 | train_loss=6.8437 train_acc=69.19% | val_loss=0.6291 val_acc=69.68% | lr=1.000000e-05
Epoch 80/301 | train_loss=6.8091 train_acc=69.36% | val_loss=0.6277 val_acc=70.14% | lr=1.000000e-05
Saved new best model to /tmp/bow_mlp_imdb_30zut9jo.pt
Epoch 81/301 | train_loss=6.7743 train_acc=69.70% | val_loss=0.6263 val_acc=70.78% | lr=1.000000e-05
Saved new best model to /tmp/bow_mlp_imdb_30zut9jo.pt
Epoch 82/301 | train_loss=6.7409 train_acc=70.08% | val_loss=0.6249 val_acc=71.04% | lr=1.000000e-05
Saved new best model to /tmp/bow_mlp_imdb_30zut9jo.pt
Epoch 83/301 | train_loss=6.7080 train_acc=70.09% | val_loss=0.6235 val_acc=71.42% | lr=1.000000e-05
Saved new best model to /tmp/bow_mlp_imdb_30zut9jo.pt
Epoch 84/301 | train_loss=6.6757 train_acc=70.48% | val_loss=0.6221 val_acc=71.66% | lr=1.000000e-05
Saved new best model to /tmp/bow_mlp_imdb_30zut9jo.pt
Epoch 85/301 | train_loss=6.6438 train_acc=70.77% | val_loss=0.6208 val_acc=71.70% | lr=1.000000e-05
Saved new best model to /tmp/bow_mlp_imdb_30zut9jo.pt
Epoch 86/301 | train_loss=6.6139 train_acc=71.02% | val_loss=0.6195 val_acc=71.94% | lr=1.000000e-05
Saved new best model to /tmp/bow_mlp_imdb_30zut9jo.pt
Epoch 87/301 | train_loss=6.5827 train_acc=71.42% | val_loss=0.6183 val_acc=71.36% | lr=1.000000e-05
Epoch 88/301 | train_loss=6.5537 train_acc=71.56% | val_loss=0.6169 val_acc=71.90% | lr=1.000000e-05
Epoch 89/301 | train_loss=6.5246 train_acc=71.83% | val_loss=0.6154 val_acc=72.40% | lr=1.000000e-05
Saved new best model to /tmp/bow_mlp_imdb_30zut9jo.pt
Epoch 90/301 | train_loss=6.4948 train_acc=71.95% | val_loss=0.6140 val_acc=72.92% | lr=1.000000e-05
Saved new best model to /tmp/bow_mlp_imdb_30zut9jo.pt
Epoch 91/301 | train_loss=6.4662 train_acc=72.25% | val_loss=0.6126 val_acc=73.00% | lr=1.000000e-05
Saved new best model to /tmp/bow_mlp_imdb_30zut9jo.pt
Epoch 92/301 | train_loss=6.4385 train_acc=72.41% | val_loss=0.6112 val_acc=73.14% | lr=1.000000e-05
Saved new best model to /tmp/bow_mlp_imdb_30zut9jo.pt
Epoch 93/301 | train_loss=6.4106 train_acc=72.77% | val_loss=0.6099 val_acc=73.24% | lr=1.000000e-05
Saved new best model to /tmp/bow_mlp_imdb_30zut9jo.pt
Epoch 94/301 | train_loss=6.3825 train_acc=72.91% | val_loss=0.6085 val_acc=73.54% | lr=1.000000e-05
Saved new best model to /tmp/bow_mlp_imdb_30zut9jo.pt
Epoch 95/301 | train_loss=6.3563 train_acc=73.16% | val_loss=0.6071 val_acc=73.66% | lr=1.000000e-05
Saved new best model to /tmp/bow_mlp_imdb_30zut9jo.pt
Epoch 96/301 | train_loss=6.3299 train_acc=73.21% | val_loss=0.6057 val_acc=73.94% | lr=1.000000e-05
Saved new best model to /tmp/bow_mlp_imdb_30zut9jo.pt
Epoch 97/301 | train_loss=6.3037 train_acc=73.72% | val_loss=0.6044 val_acc=73.90% | lr=1.000000e-05
Epoch 98/301 | train_loss=6.2781 train_acc=73.65% | val_loss=0.6030 val_acc=74.20% | lr=1.000000e-05
Saved new best model to /tmp/bow_mlp_imdb_30zut9jo.pt
Epoch 99/301 | train_loss=6.2518 train_acc=73.88% | val_loss=0.6016 val_acc=74.34% | lr=1.000000e-05
Saved new best model to /tmp/bow_mlp_imdb_30zut9jo.pt
Epoch 100/301 | train_loss=6.2287 train_acc=74.12% | val_loss=0.6003 val_acc=74.44% | lr=1.000000e-05
Saved new best model to /tmp/bow_mlp_imdb_30zut9jo.pt
Epoch 101/301 | train_loss=6.2034 train_acc=74.17% | val_loss=0.5989 val_acc=74.66% | lr=1.000000e-05
Saved new best model to /tmp/bow_mlp_imdb_30zut9jo.pt
Epoch 102/301 | train_loss=6.1795 train_acc=74.50% | val_loss=0.5975 val_acc=75.02% | lr=1.000000e-05
Saved new best model to /tmp/bow_mlp_imdb_30zut9jo.pt
Epoch 103/301 | train_loss=6.1569 train_acc=74.70% | val_loss=0.5962 val_acc=75.06% | lr=1.000000e-05
Saved new best model to /tmp/bow_mlp_imdb_30zut9jo.pt
Epoch 104/301 | train_loss=6.1329 train_acc=74.89% | val_loss=0.5948 val_acc=75.16% | lr=1.000000e-05
Saved new best model to /tmp/bow_mlp_imdb_30zut9jo.pt
Epoch 105/301 | train_loss=6.1098 train_acc=74.72% | val_loss=0.5935 val_acc=75.52% | lr=1.000000e-05
Saved new best model to /tmp/bow_mlp_imdb_30zut9jo.pt
Epoch 106/301 | train_loss=6.0862 train_acc=75.33% | val_loss=0.5921 val_acc=75.44% | lr=1.000000e-05
Epoch 107/301 | train_loss=6.0654 train_acc=75.23% | val_loss=0.5907 val_acc=75.76% | lr=1.000000e-05
Saved new best model to /tmp/bow_mlp_imdb_30zut9jo.pt
Epoch 108/301 | train_loss=6.0426 train_acc=75.57% | val_loss=0.5894 val_acc=75.88% | lr=1.000000e-05
Saved new best model to /tmp/bow_mlp_imdb_30zut9jo.pt
Epoch 109/301 | train_loss=6.0203 train_acc=75.67% | val_loss=0.5881 val_acc=75.96% | lr=1.000000e-05
Saved new best model to /tmp/bow_mlp_imdb_30zut9jo.pt
Epoch 110/301 | train_loss=5.9990 train_acc=75.69% | val_loss=0.5867 val_acc=76.04% | lr=1.000000e-05
Saved new best model to /tmp/bow_mlp_imdb_30zut9jo.pt
Epoch 111/301 | train_loss=5.9772 train_acc=76.05% | val_loss=0.5854 val_acc=76.16% | lr=1.000000e-05
Saved new best model to /tmp/bow_mlp_imdb_30zut9jo.pt
Epoch 112/301 | train_loss=5.9570 train_acc=76.14% | val_loss=0.5840 val_acc=76.12% | lr=1.000000e-05
Epoch 113/301 | train_loss=5.9354 train_acc=76.22% | val_loss=0.5826 val_acc=76.10% | lr=1.000000e-05
Epoch 114/301 | train_loss=5.9151 train_acc=76.49% | val_loss=0.5813 val_acc=76.12% | lr=1.000000e-05
Epoch 115/301 | train_loss=5.8944 train_acc=76.74% | val_loss=0.5800 val_acc=76.44% | lr=1.000000e-05
Saved new best model to /tmp/bow_mlp_imdb_30zut9jo.pt
Epoch 116/301 | train_loss=5.8747 train_acc=76.61% | val_loss=0.5786 val_acc=76.56% | lr=1.000000e-05
Saved new best model to /tmp/bow_mlp_imdb_30zut9jo.pt
Epoch 117/301 | train_loss=5.8542 train_acc=76.85% | val_loss=0.5773 val_acc=76.54% | lr=1.000000e-05
Epoch 118/301 | train_loss=5.8345 train_acc=77.02% | val_loss=0.5761 val_acc=76.52% | lr=1.000000e-05
Epoch 119/301 | train_loss=5.8146 train_acc=77.03% | val_loss=0.5746 val_acc=76.68% | lr=1.000000e-05
Saved new best model to /tmp/bow_mlp_imdb_30zut9jo.pt
Epoch 120/301 | train_loss=5.7946 train_acc=77.06% | val_loss=0.5734 val_acc=76.64% | lr=1.000000e-05
Epoch 121/301 | train_loss=5.7770 train_acc=77.30% | val_loss=0.5720 val_acc=76.88% | lr=1.000000e-05
Saved new best model to /tmp/bow_mlp_imdb_30zut9jo.pt
Epoch 122/301 | train_loss=5.7581 train_acc=77.33% | val_loss=0.5706 val_acc=77.10% | lr=1.000000e-05
Saved new best model to /tmp/bow_mlp_imdb_30zut9jo.pt
Epoch 123/301 | train_loss=5.7399 train_acc=77.41% | val_loss=0.5693 val_acc=77.10% | lr=1.000000e-05
Epoch 124/301 | train_loss=5.7209 train_acc=77.58% | val_loss=0.5679 val_acc=77.14% | lr=1.000000e-05
Saved new best model to /tmp/bow_mlp_imdb_30zut9jo.pt
Epoch 125/301 | train_loss=5.7028 train_acc=77.70% | val_loss=0.5666 val_acc=77.20% | lr=1.000000e-05
Saved new best model to /tmp/bow_mlp_imdb_30zut9jo.pt
Epoch 126/301 | train_loss=5.6844 train_acc=77.61% | val_loss=0.5653 val_acc=77.32% | lr=1.000000e-05
Saved new best model to /tmp/bow_mlp_imdb_30zut9jo.pt
Epoch 127/301 | train_loss=5.6667 train_acc=77.85% | val_loss=0.5641 val_acc=77.38% | lr=1.000000e-05
Saved new best model to /tmp/bow_mlp_imdb_30zut9jo.pt
Epoch 128/301 | train_loss=5.6489 train_acc=77.88% | val_loss=0.5627 val_acc=77.44% | lr=1.000000e-05
Saved new best model to /tmp/bow_mlp_imdb_30zut9jo.pt
Epoch 129/301 | train_loss=5.6321 train_acc=77.91% | val_loss=0.5614 val_acc=77.54% | lr=1.000000e-05
Saved new best model to /tmp/bow_mlp_imdb_30zut9jo.pt
Epoch 130/301 | train_loss=5.6133 train_acc=78.02% | val_loss=0.5601 val_acc=77.56% | lr=1.000000e-05
Saved new best model to /tmp/bow_mlp_imdb_30zut9jo.pt
Epoch 131/301 | train_loss=5.5969 train_acc=78.11% | val_loss=0.5588 val_acc=77.42% | lr=1.000000e-05
Epoch 132/301 | train_loss=5.5797 train_acc=78.23% | val_loss=0.5575 val_acc=77.68% | lr=1.000000e-05
Saved new best model to /tmp/bow_mlp_imdb_30zut9jo.pt
Epoch 133/301 | train_loss=5.5629 train_acc=78.27% | val_loss=0.5563 val_acc=77.70% | lr=1.000000e-05
Saved new best model to /tmp/bow_mlp_imdb_30zut9jo.pt
Epoch 134/301 | train_loss=5.5459 train_acc=78.41% | val_loss=0.5549 val_acc=77.84% | lr=1.000000e-05
Saved new best model to /tmp/bow_mlp_imdb_30zut9jo.pt
Epoch 135/301 | train_loss=5.5295 train_acc=78.40% | val_loss=0.5536 val_acc=77.96% | lr=1.000000e-05
Saved new best model to /tmp/bow_mlp_imdb_30zut9jo.pt
Epoch 136/301 | train_loss=5.5137 train_acc=78.50% | val_loss=0.5523 val_acc=78.10% | lr=1.000000e-05
Saved new best model to /tmp/bow_mlp_imdb_30zut9jo.pt
Epoch 137/301 | train_loss=5.4967 train_acc=78.51% | val_loss=0.5511 val_acc=78.16% | lr=1.000000e-05
Saved new best model to /tmp/bow_mlp_imdb_30zut9jo.pt
Epoch 138/301 | train_loss=5.4825 train_acc=78.59% | val_loss=0.5497 val_acc=78.14% | lr=1.000000e-05
Epoch 139/301 | train_loss=5.4665 train_acc=78.76% | val_loss=0.5485 val_acc=78.32% | lr=1.000000e-05
Saved new best model to /tmp/bow_mlp_imdb_30zut9jo.pt
Epoch 140/301 | train_loss=5.4509 train_acc=78.97% | val_loss=0.5472 val_acc=78.34% | lr=1.000000e-05
Saved new best model to /tmp/bow_mlp_imdb_30zut9jo.pt
Epoch 141/301 | train_loss=5.4351 train_acc=78.83% | val_loss=0.5459 val_acc=78.46% | lr=1.000000e-05
Saved new best model to /tmp/bow_mlp_imdb_30zut9jo.pt
Epoch 142/301 | train_loss=5.4204 train_acc=79.00% | val_loss=0.5447 val_acc=78.52% | lr=1.000000e-05
Saved new best model to /tmp/bow_mlp_imdb_30zut9jo.pt
Epoch 143/301 | train_loss=5.4050 train_acc=79.05% | val_loss=0.5434 val_acc=78.66% | lr=1.000000e-05
Saved new best model to /tmp/bow_mlp_imdb_30zut9jo.pt
Epoch 144/301 | train_loss=5.3897 train_acc=79.23% | val_loss=0.5422 val_acc=78.64% | lr=1.000000e-05
Epoch 145/301 | train_loss=5.3749 train_acc=79.26% | val_loss=0.5410 val_acc=78.66% | lr=1.000000e-05
Epoch 146/301 | train_loss=5.3594 train_acc=79.33% | val_loss=0.5397 val_acc=78.78% | lr=1.000000e-05
Saved new best model to /tmp/bow_mlp_imdb_30zut9jo.pt
Epoch 147/301 | train_loss=5.3455 train_acc=79.36% | val_loss=0.5385 val_acc=78.94% | lr=1.000000e-05
Saved new best model to /tmp/bow_mlp_imdb_30zut9jo.pt
Epoch 148/301 | train_loss=5.3307 train_acc=79.51% | val_loss=0.5373 val_acc=79.00% | lr=1.000000e-05
Saved new best model to /tmp/bow_mlp_imdb_30zut9jo.pt
Epoch 149/301 | train_loss=5.3167 train_acc=79.55% | val_loss=0.5360 val_acc=79.02% | lr=1.000000e-05
Saved new best model to /tmp/bow_mlp_imdb_30zut9jo.pt
Epoch 150/301 | train_loss=5.3026 train_acc=79.64% | val_loss=0.5348 val_acc=79.12% | lr=1.000000e-05
Saved new best model to /tmp/bow_mlp_imdb_30zut9jo.pt
Epoch 151/301 | train_loss=5.2879 train_acc=79.66% | val_loss=0.5336 val_acc=79.08% | lr=1.000000e-05
Epoch 152/301 | train_loss=5.2738 train_acc=79.76% | val_loss=0.5323 val_acc=79.24% | lr=1.000000e-05
Saved new best model to /tmp/bow_mlp_imdb_30zut9jo.pt
Epoch 153/301 | train_loss=5.2593 train_acc=79.86% | val_loss=0.5312 val_acc=79.44% | lr=1.000000e-05
Saved new best model to /tmp/bow_mlp_imdb_30zut9jo.pt
Epoch 154/301 | train_loss=5.2465 train_acc=79.88% | val_loss=0.5299 val_acc=79.34% | lr=1.000000e-05
Epoch 155/301 | train_loss=5.2326 train_acc=79.94% | val_loss=0.5287 val_acc=79.38% | lr=1.000000e-05
Epoch 156/301 | train_loss=5.2190 train_acc=80.05% | val_loss=0.5276 val_acc=79.50% | lr=1.000000e-05
Saved new best model to /tmp/bow_mlp_imdb_30zut9jo.pt
Epoch 157/301 | train_loss=5.2053 train_acc=80.08% | val_loss=0.5263 val_acc=79.58% | lr=1.000000e-05
Saved new best model to /tmp/bow_mlp_imdb_30zut9jo.pt
Epoch 158/301 | train_loss=5.1932 train_acc=80.19% | val_loss=0.5251 val_acc=79.68% | lr=1.000000e-05
Saved new best model to /tmp/bow_mlp_imdb_30zut9jo.pt
Epoch 159/301 | train_loss=5.1795 train_acc=80.17% | val_loss=0.5240 val_acc=79.54% | lr=1.000000e-05
Epoch 160/301 | train_loss=5.1681 train_acc=80.31% | val_loss=0.5228 val_acc=79.70% | lr=1.000000e-05
Saved new best model to /tmp/bow_mlp_imdb_30zut9jo.pt
Epoch 161/301 | train_loss=5.1545 train_acc=80.34% | val_loss=0.5216 val_acc=79.68% | lr=1.000000e-05
Epoch 162/301 | train_loss=5.1420 train_acc=80.41% | val_loss=0.5204 val_acc=79.84% | lr=1.000000e-05
Saved new best model to /tmp/bow_mlp_imdb_30zut9jo.pt
Epoch 163/301 | train_loss=5.1298 train_acc=80.44% | val_loss=0.5193 val_acc=79.94% | lr=1.000000e-05
Saved new best model to /tmp/bow_mlp_imdb_30zut9jo.pt
Epoch 164/301 | train_loss=5.1173 train_acc=80.47% | val_loss=0.5181 val_acc=79.84% | lr=1.000000e-05
Epoch 165/301 | train_loss=5.1042 train_acc=80.53% | val_loss=0.5169 val_acc=79.98% | lr=1.000000e-05
Saved new best model to /tmp/bow_mlp_imdb_30zut9jo.pt
Epoch 166/301 | train_loss=5.0926 train_acc=80.59% | val_loss=0.5158 val_acc=79.80% | lr=1.000000e-05
Epoch 167/301 | train_loss=5.0798 train_acc=80.66% | val_loss=0.5147 val_acc=80.10% | lr=1.000000e-05
Saved new best model to /tmp/bow_mlp_imdb_30zut9jo.pt
Epoch 168/301 | train_loss=5.0676 train_acc=80.69% | val_loss=0.5134 val_acc=80.04% | lr=1.000000e-05
Epoch 169/301 | train_loss=5.0558 train_acc=80.79% | val_loss=0.5123 val_acc=80.10% | lr=1.000000e-05
Epoch 170/301 | train_loss=5.0440 train_acc=80.83% | val_loss=0.5111 val_acc=80.12% | lr=1.000000e-05
Saved new best model to /tmp/bow_mlp_imdb_30zut9jo.pt
Epoch 171/301 | train_loss=5.0318 train_acc=80.83% | val_loss=0.5100 val_acc=80.24% | lr=1.000000e-05
Saved new best model to /tmp/bow_mlp_imdb_30zut9jo.pt
Epoch 172/301 | train_loss=5.0204 train_acc=80.93% | val_loss=0.5090 val_acc=80.28% | lr=1.000000e-05
Saved new best model to /tmp/bow_mlp_imdb_30zut9jo.pt
Epoch 173/301 | train_loss=5.0087 train_acc=80.94% | val_loss=0.5077 val_acc=80.28% | lr=1.000000e-05
Epoch 174/301 | train_loss=4.9972 train_acc=81.01% | val_loss=0.5067 val_acc=80.44% | lr=1.000000e-05
Saved new best model to /tmp/bow_mlp_imdb_30zut9jo.pt
Epoch 175/301 | train_loss=4.9860 train_acc=81.04% | val_loss=0.5055 val_acc=80.54% | lr=1.000000e-05
Saved new best model to /tmp/bow_mlp_imdb_30zut9jo.pt
Epoch 176/301 | train_loss=4.9742 train_acc=81.12% | val_loss=0.5044 val_acc=80.46% | lr=1.000000e-05
Epoch 177/301 | train_loss=4.9636 train_acc=81.16% | val_loss=0.5033 val_acc=80.50% | lr=1.000000e-05
Epoch 178/301 | train_loss=4.9521 train_acc=81.27% | val_loss=0.5022 val_acc=80.64% | lr=1.000000e-05
Saved new best model to /tmp/bow_mlp_imdb_30zut9jo.pt
Epoch 179/301 | train_loss=4.9410 train_acc=81.35% | val_loss=0.5011 val_acc=80.66% | lr=1.000000e-05
Saved new best model to /tmp/bow_mlp_imdb_30zut9jo.pt
Epoch 180/301 | train_loss=4.9287 train_acc=81.37% | val_loss=0.5000 val_acc=80.74% | lr=1.000000e-05
Saved new best model to /tmp/bow_mlp_imdb_30zut9jo.pt
Epoch 181/301 | train_loss=4.9185 train_acc=81.44% | val_loss=0.4990 val_acc=80.72% | lr=1.000000e-05
Epoch 182/301 | train_loss=4.9083 train_acc=81.44% | val_loss=0.4979 val_acc=81.04% | lr=1.000000e-05
Saved new best model to /tmp/bow_mlp_imdb_30zut9jo.pt
Epoch 183/301 | train_loss=4.8982 train_acc=81.49% | val_loss=0.4968 val_acc=80.90% | lr=1.000000e-05
Epoch 184/301 | train_loss=4.8874 train_acc=81.59% | val_loss=0.4957 val_acc=80.90% | lr=1.000000e-05
Epoch 185/301 | train_loss=4.8766 train_acc=81.54% | val_loss=0.4946 val_acc=81.14% | lr=1.000000e-05
Saved new best model to /tmp/bow_mlp_imdb_30zut9jo.pt
Epoch 186/301 | train_loss=4.8661 train_acc=81.62% | val_loss=0.4935 val_acc=81.04% | lr=1.000000e-05
Epoch 187/301 | train_loss=4.8553 train_acc=81.80% | val_loss=0.4926 val_acc=81.10% | lr=1.000000e-05
Epoch 188/301 | train_loss=4.8446 train_acc=81.71% | val_loss=0.4914 val_acc=81.16% | lr=1.000000e-05
Saved new best model to /tmp/bow_mlp_imdb_30zut9jo.pt
Epoch 189/301 | train_loss=4.8343 train_acc=81.77% | val_loss=0.4904 val_acc=81.20% | lr=1.000000e-05
Saved new best model to /tmp/bow_mlp_imdb_30zut9jo.pt
Epoch 190/301 | train_loss=4.8243 train_acc=81.80% | val_loss=0.4893 val_acc=81.18% | lr=1.000000e-05
Epoch 191/301 | train_loss=4.8139 train_acc=81.84% | val_loss=0.4883 val_acc=81.28% | lr=1.000000e-05
Saved new best model to /tmp/bow_mlp_imdb_30zut9jo.pt
Epoch 192/301 | train_loss=4.8042 train_acc=81.88% | val_loss=0.4873 val_acc=81.22% | lr=1.000000e-05
Epoch 193/301 | train_loss=4.7944 train_acc=81.94% | val_loss=0.4863 val_acc=81.28% | lr=1.000000e-05
Epoch 194/301 | train_loss=4.7849 train_acc=82.02% | val_loss=0.4852 val_acc=81.32% | lr=1.000000e-05
Saved new best model to /tmp/bow_mlp_imdb_30zut9jo.pt
Epoch 195/301 | train_loss=4.7754 train_acc=81.99% | val_loss=0.4844 val_acc=81.32% | lr=1.000000e-05
Epoch 196/301 | train_loss=4.7661 train_acc=81.99% | val_loss=0.4833 val_acc=81.42% | lr=1.000000e-05
Saved new best model to /tmp/bow_mlp_imdb_30zut9jo.pt
Epoch 197/301 | train_loss=4.7564 train_acc=82.10% | val_loss=0.4823 val_acc=81.42% | lr=1.000000e-05
Epoch 198/301 | train_loss=4.7471 train_acc=82.12% | val_loss=0.4812 val_acc=81.42% | lr=1.000000e-05
Epoch 199/301 | train_loss=4.7367 train_acc=82.13% | val_loss=0.4802 val_acc=81.42% | lr=1.000000e-05
Epoch 200/301 | train_loss=4.7271 train_acc=82.21% | val_loss=0.4793 val_acc=81.42% | lr=1.000000e-05
Epoch 201/301 | train_loss=4.7178 train_acc=82.19% | val_loss=0.4782 val_acc=81.58% | lr=1.000000e-05
Saved new best model to /tmp/bow_mlp_imdb_30zut9jo.pt
Epoch 202/301 | train_loss=4.7078 train_acc=82.29% | val_loss=0.4773 val_acc=81.52% | lr=1.000000e-05
Epoch 203/301 | train_loss=4.6989 train_acc=82.35% | val_loss=0.4763 val_acc=81.70% | lr=1.000000e-05
Saved new best model to /tmp/bow_mlp_imdb_30zut9jo.pt
Epoch 204/301 | train_loss=4.6900 train_acc=82.36% | val_loss=0.4753 val_acc=81.70% | lr=1.000000e-05
Epoch 205/301 | train_loss=4.6816 train_acc=82.38% | val_loss=0.4744 val_acc=81.60% | lr=1.000000e-05
Epoch 206/301 | train_loss=4.6728 train_acc=82.31% | val_loss=0.4734 val_acc=81.64% | lr=1.000000e-05
Epoch 207/301 | train_loss=4.6634 train_acc=82.42% | val_loss=0.4725 val_acc=81.84% | lr=1.000000e-05
Saved new best model to /tmp/bow_mlp_imdb_30zut9jo.pt
Epoch 208/301 | train_loss=4.6551 train_acc=82.45% | val_loss=0.4716 val_acc=81.76% | lr=1.000000e-05
Epoch 209/301 | train_loss=4.6464 train_acc=82.49% | val_loss=0.4706 val_acc=81.86% | lr=1.000000e-05
Saved new best model to /tmp/bow_mlp_imdb_30zut9jo.pt
Epoch 210/301 | train_loss=4.6372 train_acc=82.55% | val_loss=0.4697 val_acc=81.92% | lr=1.000000e-05
Saved new best model to /tmp/bow_mlp_imdb_30zut9jo.pt
Epoch 211/301 | train_loss=4.6283 train_acc=82.58% | val_loss=0.4687 val_acc=82.00% | lr=1.000000e-05
Saved new best model to /tmp/bow_mlp_imdb_30zut9jo.pt
Epoch 212/301 | train_loss=4.6198 train_acc=82.59% | val_loss=0.4679 val_acc=82.00% | lr=1.000000e-05
Epoch 213/301 | train_loss=4.6109 train_acc=82.58% | val_loss=0.4669 val_acc=82.08% | lr=1.000000e-05
Saved new best model to /tmp/bow_mlp_imdb_30zut9jo.pt
Epoch 214/301 | train_loss=4.6017 train_acc=82.65% | val_loss=0.4660 val_acc=82.10% | lr=1.000000e-05
Saved new best model to /tmp/bow_mlp_imdb_30zut9jo.pt
Epoch 215/301 | train_loss=4.5936 train_acc=82.64% | val_loss=0.4651 val_acc=82.22% | lr=1.000000e-05
Saved new best model to /tmp/bow_mlp_imdb_30zut9jo.pt
Epoch 216/301 | train_loss=4.5857 train_acc=82.70% | val_loss=0.4642 val_acc=82.24% | lr=1.000000e-05
Saved new best model to /tmp/bow_mlp_imdb_30zut9jo.pt
Epoch 217/301 | train_loss=4.5771 train_acc=82.77% | val_loss=0.4634 val_acc=82.26% | lr=1.000000e-05
Saved new best model to /tmp/bow_mlp_imdb_30zut9jo.pt
Epoch 218/301 | train_loss=4.5690 train_acc=82.69% | val_loss=0.4625 val_acc=82.30% | lr=1.000000e-05
Saved new best model to /tmp/bow_mlp_imdb_30zut9jo.pt
Epoch 219/301 | train_loss=4.5609 train_acc=82.77% | val_loss=0.4617 val_acc=82.32% | lr=1.000000e-05
Saved new best model to /tmp/bow_mlp_imdb_30zut9jo.pt
Epoch 220/301 | train_loss=4.5520 train_acc=82.80% | val_loss=0.4607 val_acc=82.42% | lr=1.000000e-05
Saved new best model to /tmp/bow_mlp_imdb_30zut9jo.pt
Epoch 221/301 | train_loss=4.5435 train_acc=82.86% | val_loss=0.4598 val_acc=82.54% | lr=1.000000e-05
Saved new best model to /tmp/bow_mlp_imdb_30zut9jo.pt
Epoch 222/301 | train_loss=4.5359 train_acc=82.86% | val_loss=0.4590 val_acc=82.50% | lr=1.000000e-05
Epoch 223/301 | train_loss=4.5279 train_acc=82.88% | val_loss=0.4581 val_acc=82.50% | lr=1.000000e-05
Epoch 224/301 | train_loss=4.5199 train_acc=82.92% | val_loss=0.4573 val_acc=82.54% | lr=1.000000e-05
Epoch 225/301 | train_loss=4.5125 train_acc=82.97% | val_loss=0.4564 val_acc=82.50% | lr=1.000000e-05
Epoch 226/301 | train_loss=4.5033 train_acc=83.03% | val_loss=0.4556 val_acc=82.52% | lr=1.000000e-05
Epoch 227/301 | train_loss=4.4964 train_acc=83.04% | val_loss=0.4548 val_acc=82.58% | lr=1.000000e-05
Saved new best model to /tmp/bow_mlp_imdb_30zut9jo.pt
Epoch 228/301 | train_loss=4.4886 train_acc=83.03% | val_loss=0.4539 val_acc=82.60% | lr=1.000000e-05
Saved new best model to /tmp/bow_mlp_imdb_30zut9jo.pt
Epoch 229/301 | train_loss=4.4809 train_acc=83.06% | val_loss=0.4532 val_acc=82.62% | lr=1.000000e-05
Saved new best model to /tmp/bow_mlp_imdb_30zut9jo.pt
Epoch 230/301 | train_loss=4.4729 train_acc=83.08% | val_loss=0.4523 val_acc=82.74% | lr=1.000000e-05
Saved new best model to /tmp/bow_mlp_imdb_30zut9jo.pt
Epoch 231/301 | train_loss=4.4649 train_acc=83.22% | val_loss=0.4515 val_acc=82.66% | lr=1.000000e-05
Epoch 232/301 | train_loss=4.4567 train_acc=83.06% | val_loss=0.4508 val_acc=82.62% | lr=1.000000e-05
Epoch 233/301 | train_loss=4.4501 train_acc=83.25% | val_loss=0.4499 val_acc=82.78% | lr=1.000000e-05
Saved new best model to /tmp/bow_mlp_imdb_30zut9jo.pt
Epoch 234/301 | train_loss=4.4425 train_acc=83.26% | val_loss=0.4491 val_acc=82.88% | lr=1.000000e-05
Saved new best model to /tmp/bow_mlp_imdb_30zut9jo.pt
Epoch 235/301 | train_loss=4.4349 train_acc=83.28% | val_loss=0.4483 val_acc=82.74% | lr=1.000000e-05
Epoch 236/301 | train_loss=4.4273 train_acc=83.39% | val_loss=0.4475 val_acc=82.82% | lr=1.000000e-05
Epoch 237/301 | train_loss=4.4193 train_acc=83.25% | val_loss=0.4468 val_acc=82.82% | lr=1.000000e-05
Epoch 238/301 | train_loss=4.4120 train_acc=83.36% | val_loss=0.4460 val_acc=82.72% | lr=1.000000e-05
Epoch 239/301 | train_loss=4.4047 train_acc=83.47% | val_loss=0.4452 val_acc=82.80% | lr=1.000000e-05
Epoch 240/301 | train_loss=4.3977 train_acc=83.45% | val_loss=0.4444 val_acc=82.88% | lr=1.000000e-05
Epoch 241/301 | train_loss=4.3900 train_acc=83.48% | val_loss=0.4437 val_acc=82.90% | lr=1.000000e-05
Saved new best model to /tmp/bow_mlp_imdb_30zut9jo.pt
Epoch 242/301 | train_loss=4.3817 train_acc=83.54% | val_loss=0.4429 val_acc=82.92% | lr=1.000000e-05
Saved new best model to /tmp/bow_mlp_imdb_30zut9jo.pt
Epoch 243/301 | train_loss=4.3757 train_acc=83.58% | val_loss=0.4422 val_acc=82.98% | lr=1.000000e-05
Saved new best model to /tmp/bow_mlp_imdb_30zut9jo.pt
Epoch 244/301 | train_loss=4.3679 train_acc=83.55% | val_loss=0.4416 val_acc=82.96% | lr=1.000000e-05
Epoch 245/301 | train_loss=4.3611 train_acc=83.64% | val_loss=0.4408 val_acc=82.94% | lr=1.000000e-05
Epoch 246/301 | train_loss=4.3539 train_acc=83.60% | val_loss=0.4401 val_acc=82.94% | lr=1.000000e-05
Epoch 247/301 | train_loss=4.3466 train_acc=83.61% | val_loss=0.4392 val_acc=83.00% | lr=1.000000e-05
Saved new best model to /tmp/bow_mlp_imdb_30zut9jo.pt
Epoch 248/301 | train_loss=4.3400 train_acc=83.69% | val_loss=0.4385 val_acc=83.04% | lr=1.000000e-05
Saved new best model to /tmp/bow_mlp_imdb_30zut9jo.pt
Epoch 249/301 | train_loss=4.3326 train_acc=83.69% | val_loss=0.4378 val_acc=83.04% | lr=1.000000e-05
Epoch 250/301 | train_loss=4.3256 train_acc=83.69% | val_loss=0.4372 val_acc=83.12% | lr=1.000000e-05
Saved new best model to /tmp/bow_mlp_imdb_30zut9jo.pt
Epoch 251/301 | train_loss=4.3184 train_acc=83.78% | val_loss=0.4364 val_acc=83.16% | lr=1.000000e-05
Saved new best model to /tmp/bow_mlp_imdb_30zut9jo.pt
Epoch 252/301 | train_loss=4.3118 train_acc=83.80% | val_loss=0.4357 val_acc=83.14% | lr=1.000000e-05
Epoch 253/301 | train_loss=4.3049 train_acc=83.78% | val_loss=0.4351 val_acc=83.18% | lr=1.000000e-05
Saved new best model to /tmp/bow_mlp_imdb_30zut9jo.pt
Epoch 254/301 | train_loss=4.2971 train_acc=83.84% | val_loss=0.4344 val_acc=83.18% | lr=1.000000e-05
Epoch 255/301 | train_loss=4.2904 train_acc=83.86% | val_loss=0.4336 val_acc=83.28% | lr=1.000000e-05
Saved new best model to /tmp/bow_mlp_imdb_30zut9jo.pt
Epoch 256/301 | train_loss=4.2838 train_acc=83.91% | val_loss=0.4330 val_acc=83.32% | lr=1.000000e-05
Saved new best model to /tmp/bow_mlp_imdb_30zut9jo.pt
Epoch 257/301 | train_loss=4.2769 train_acc=83.91% | val_loss=0.4323 val_acc=83.30% | lr=1.000000e-05
Epoch 258/301 | train_loss=4.2702 train_acc=83.97% | val_loss=0.4317 val_acc=83.36% | lr=1.000000e-05
Saved new best model to /tmp/bow_mlp_imdb_30zut9jo.pt
Epoch 259/301 | train_loss=4.2637 train_acc=84.00% | val_loss=0.4310 val_acc=83.38% | lr=1.000000e-05
Saved new best model to /tmp/bow_mlp_imdb_30zut9jo.pt
Epoch 260/301 | train_loss=4.2566 train_acc=84.00% | val_loss=0.4304 val_acc=83.44% | lr=1.000000e-05
Saved new best model to /tmp/bow_mlp_imdb_30zut9jo.pt
Epoch 261/301 | train_loss=4.2504 train_acc=84.02% | val_loss=0.4296 val_acc=83.38% | lr=1.000000e-05
Epoch 262/301 | train_loss=4.2435 train_acc=84.05% | val_loss=0.4290 val_acc=83.44% | lr=1.000000e-05
Epoch 263/301 | train_loss=4.2372 train_acc=84.05% | val_loss=0.4284 val_acc=83.50% | lr=1.000000e-05
Saved new best model to /tmp/bow_mlp_imdb_30zut9jo.pt
Epoch 264/301 | train_loss=4.2301 train_acc=84.08% | val_loss=0.4278 val_acc=83.48% | lr=1.000000e-05
Epoch 265/301 | train_loss=4.2233 train_acc=84.05% | val_loss=0.4271 val_acc=83.50% | lr=1.000000e-05
Epoch 266/301 | train_loss=4.2172 train_acc=84.10% | val_loss=0.4266 val_acc=83.48% | lr=1.000000e-05
Epoch 267/301 | train_loss=4.2103 train_acc=84.09% | val_loss=0.4259 val_acc=83.56% | lr=1.000000e-05
Saved new best model to /tmp/bow_mlp_imdb_30zut9jo.pt
Epoch 268/301 | train_loss=4.2038 train_acc=84.11% | val_loss=0.4252 val_acc=83.66% | lr=1.000000e-05
Saved new best model to /tmp/bow_mlp_imdb_30zut9jo.pt
Epoch 269/301 | train_loss=4.1971 train_acc=84.16% | val_loss=0.4246 val_acc=83.66% | lr=1.000000e-05
Epoch 270/301 | train_loss=4.1907 train_acc=84.20% | val_loss=0.4241 val_acc=83.62% | lr=1.000000e-05
Epoch 271/301 | train_loss=4.1836 train_acc=84.19% | val_loss=0.4235 val_acc=83.68% | lr=1.000000e-05
Saved new best model to /tmp/bow_mlp_imdb_30zut9jo.pt
Epoch 272/301 | train_loss=4.1779 train_acc=84.27% | val_loss=0.4229 val_acc=83.68% | lr=1.000000e-05
Epoch 273/301 | train_loss=4.1706 train_acc=84.22% | val_loss=0.4222 val_acc=83.60% | lr=1.000000e-05
Epoch 274/301 | train_loss=4.1650 train_acc=84.30% | val_loss=0.4217 val_acc=83.64% | lr=1.000000e-05
Epoch 275/301 | train_loss=4.1586 train_acc=84.28% | val_loss=0.4211 val_acc=83.64% | lr=1.000000e-05
Epoch 276/301 | train_loss=4.1522 train_acc=84.33% | val_loss=0.4205 val_acc=83.70% | lr=1.000000e-05
Saved new best model to /tmp/bow_mlp_imdb_30zut9jo.pt
Epoch 277/301 | train_loss=4.1454 train_acc=84.31% | val_loss=0.4199 val_acc=83.76% | lr=1.000000e-05
Saved new best model to /tmp/bow_mlp_imdb_30zut9jo.pt
Epoch 278/301 | train_loss=4.1388 train_acc=84.36% | val_loss=0.4194 val_acc=83.70% | lr=1.000000e-05
Epoch 279/301 | train_loss=4.1328 train_acc=84.37% | val_loss=0.4188 val_acc=83.74% | lr=1.000000e-05
Epoch 280/301 | train_loss=4.1269 train_acc=84.37% | val_loss=0.4182 val_acc=83.66% | lr=1.000000e-05
Epoch 281/301 | train_loss=4.1207 train_acc=84.38% | val_loss=0.4177 val_acc=83.84% | lr=1.000000e-05
Saved new best model to /tmp/bow_mlp_imdb_30zut9jo.pt
Epoch 282/301 | train_loss=4.1139 train_acc=84.42% | val_loss=0.4171 val_acc=83.82% | lr=1.000000e-05
Epoch 283/301 | train_loss=4.1069 train_acc=84.42% | val_loss=0.4166 val_acc=83.84% | lr=1.000000e-05
Epoch 284/301 | train_loss=4.1010 train_acc=84.45% | val_loss=0.4161 val_acc=83.86% | lr=1.000000e-05
Saved new best model to /tmp/bow_mlp_imdb_30zut9jo.pt
Epoch 285/301 | train_loss=4.0953 train_acc=84.44% | val_loss=0.4155 val_acc=83.90% | lr=1.000000e-05
Saved new best model to /tmp/bow_mlp_imdb_30zut9jo.pt
Epoch 286/301 | train_loss=4.0892 train_acc=84.45% | val_loss=0.4150 val_acc=83.92% | lr=1.000000e-05
Saved new best model to /tmp/bow_mlp_imdb_30zut9jo.pt
Epoch 287/301 | train_loss=4.0827 train_acc=84.48% | val_loss=0.4144 val_acc=83.92% | lr=1.000000e-05
Epoch 288/301 | train_loss=4.0761 train_acc=84.50% | val_loss=0.4140 val_acc=83.94% | lr=1.000000e-05
Saved new best model to /tmp/bow_mlp_imdb_30zut9jo.pt
Epoch 289/301 | train_loss=4.0698 train_acc=84.50% | val_loss=0.4135 val_acc=83.92% | lr=1.000000e-05
Epoch 290/301 | train_loss=4.0635 train_acc=84.54% | val_loss=0.4129 val_acc=83.92% | lr=1.000000e-05
Epoch 291/301 | train_loss=4.0573 train_acc=84.54% | val_loss=0.4124 val_acc=83.88% | lr=1.000000e-05
Epoch 292/301 | train_loss=4.0515 train_acc=84.61% | val_loss=0.4119 val_acc=83.90% | lr=1.000000e-05
Epoch 293/301 | train_loss=4.0457 train_acc=84.53% | val_loss=0.4114 val_acc=84.02% | lr=1.000000e-05
Saved new best model to /tmp/bow_mlp_imdb_30zut9jo.pt
Epoch 294/301 | train_loss=4.0396 train_acc=84.58% | val_loss=0.4109 val_acc=83.96% | lr=1.000000e-05
Epoch 295/301 | train_loss=4.0333 train_acc=84.63% | val_loss=0.4104 val_acc=83.86% | lr=1.000000e-05
Epoch 296/301 | train_loss=4.0272 train_acc=84.61% | val_loss=0.4098 val_acc=83.82% | lr=1.000000e-05
Epoch 297/301 | train_loss=4.0209 train_acc=84.67% | val_loss=0.4094 val_acc=83.94% | lr=1.000000e-05
Epoch 298/301 | train_loss=4.0144 train_acc=84.65% | val_loss=0.4089 val_acc=83.78% | lr=1.000000e-05
Epoch 299/301 | train_loss=4.0082 train_acc=84.71% | val_loss=0.4084 val_acc=83.72% | lr=1.000000e-05
Epoch 300/301 | train_loss=4.0023 train_acc=84.64% | val_loss=0.4080 val_acc=83.86% | lr=1.000000e-05
Epoch 301/301 | train_loss=3.9958 train_acc=84.78% | val_loss=0.4075 val_acc=83.96% | lr=1.000000e-05
Epoch 302/301 | train_loss=3.9892 train_acc=84.71% | val_loss=0.4070 val_acc=83.92% | lr=1.000000e-05
Epoch 303/301 | train_loss=3.9836 train_acc=84.72% | val_loss=0.4065 val_acc=83.76% | lr=1.000000e-05
Epoch 304/301 | train_loss=3.9774 train_acc=84.75% | val_loss=0.4061 val_acc=83.94% | lr=1.000000e-05
Epoch 305/301 | train_loss=3.9711 train_acc=84.78% | val_loss=0.4057 val_acc=83.96% | lr=1.000000e-05
Epoch 306/301 | train_loss=3.9647 train_acc=84.73% | val_loss=0.4051 val_acc=83.90% | lr=1.000000e-05
Epoch 307/301 | train_loss=3.9583 train_acc=84.72% | val_loss=0.4047 val_acc=84.00% | lr=1.000000e-05
Epoch 308/301 | train_loss=3.9529 train_acc=84.71% | val_loss=0.4042 val_acc=83.94% | lr=1.000000e-05
Epoch 309/301 | train_loss=3.9465 train_acc=84.75% | val_loss=0.4038 val_acc=83.98% | lr=1.000000e-05
Epoch 310/301 | train_loss=3.9403 train_acc=84.80% | val_loss=0.4033 val_acc=84.02% | lr=1.000000e-05
Epoch 311/301 | train_loss=3.9348 train_acc=84.80% | val_loss=0.4029 val_acc=84.02% | lr=1.000000e-05
Epoch 312/301 | train_loss=3.9284 train_acc=84.82% | val_loss=0.4024 val_acc=83.94% | lr=1.000000e-05
Epoch 313/301 | train_loss=3.9222 train_acc=84.80% | val_loss=0.4021 val_acc=84.08% | lr=1.000000e-05
Saved new best model to /tmp/bow_mlp_imdb_30zut9jo.pt
Epoch 314/301 | train_loss=3.9163 train_acc=84.77% | val_loss=0.4016 val_acc=83.92% | lr=1.000000e-05
Epoch 315/301 | train_loss=3.9099 train_acc=84.89% | val_loss=0.4012 val_acc=84.10% | lr=1.000000e-05
Saved new best model to /tmp/bow_mlp_imdb_30zut9jo.pt
Epoch 316/301 | train_loss=3.9042 train_acc=84.89% | val_loss=0.4007 val_acc=84.08% | lr=1.000000e-05
Epoch 317/301 | train_loss=3.8977 train_acc=84.90% | val_loss=0.4004 val_acc=84.16% | lr=1.000000e-05
Saved new best model to /tmp/bow_mlp_imdb_30zut9jo.pt
Epoch 318/301 | train_loss=3.8919 train_acc=84.91% | val_loss=0.3999 val_acc=84.12% | lr=1.000000e-05
Epoch 319/301 | train_loss=3.8860 train_acc=84.90% | val_loss=0.3995 val_acc=84.06% | lr=1.000000e-05
Epoch 320/301 | train_loss=3.8800 train_acc=84.93% | val_loss=0.3991 val_acc=84.06% | lr=1.000000e-05
Epoch 321/301 | train_loss=3.8737 train_acc=84.91% | val_loss=0.3987 val_acc=84.14% | lr=1.000000e-05
Epoch 322/301 | train_loss=3.8678 train_acc=84.95% | val_loss=0.3982 val_acc=83.98% | lr=1.000000e-05
Epoch 323/301 | train_loss=3.8610 train_acc=84.97% | val_loss=0.3978 val_acc=83.96% | lr=1.000000e-05
Epoch 324/301 | train_loss=3.8553 train_acc=84.99% | val_loss=0.3974 val_acc=84.06% | lr=1.000000e-05
Epoch 325/301 | train_loss=3.8493 train_acc=85.00% | val_loss=0.3970 val_acc=84.06% | lr=1.000000e-05
Epoch 326/301 | train_loss=3.8429 train_acc=85.02% | val_loss=0.3967 val_acc=84.10% | lr=1.000000e-05
Epoch 327/301 | train_loss=3.8367 train_acc=85.01% | val_loss=0.3963 val_acc=84.08% | lr=1.000000e-05
Epoch 328/301 | train_loss=3.8309 train_acc=85.06% | val_loss=0.3959 val_acc=84.06% | lr=1.000000e-05
Epoch 329/301 | train_loss=3.8245 train_acc=85.07% | val_loss=0.3955 val_acc=84.08% | lr=1.000000e-05
Epoch 330/301 | train_loss=3.8190 train_acc=85.14% | val_loss=0.3952 val_acc=84.00% | lr=1.000000e-05
Epoch 331/301 | train_loss=3.8126 train_acc=85.09% | val_loss=0.3948 val_acc=84.08% | lr=1.000000e-05
Epoch 332/301 | train_loss=3.8068 train_acc=85.08% | val_loss=0.3944 val_acc=84.04% | lr=1.000000e-05
Epoch 333/301 | train_loss=3.8009 train_acc=85.11% | val_loss=0.3940 val_acc=84.14% | lr=1.000000e-05
Epoch 334/301 | train_loss=3.7944 train_acc=85.08% | val_loss=0.3936 val_acc=84.12% | lr=1.000000e-05
Epoch 335/301 | train_loss=3.7885 train_acc=85.11% | val_loss=0.3933 val_acc=84.00% | lr=1.000000e-05
Epoch 336/301 | train_loss=3.7820 train_acc=85.19% | val_loss=0.3929 val_acc=84.16% | lr=1.000000e-05
Epoch 337/301 | train_loss=3.7758 train_acc=85.14% | val_loss=0.3926 val_acc=84.08% | lr=1.000000e-05
Epoch 338/301 | train_loss=3.7705 train_acc=85.12% | val_loss=0.3922 val_acc=84.08% | lr=1.000000e-05
Epoch 339/301 | train_loss=3.7640 train_acc=85.17% | val_loss=0.3918 val_acc=84.04% | lr=1.000000e-05
Epoch 340/301 | train_loss=3.7577 train_acc=85.19% | val_loss=0.3916 val_acc=84.12% | lr=1.000000e-05
Epoch 341/301 | train_loss=3.7517 train_acc=85.18% | val_loss=0.3912 val_acc=84.10% | lr=1.000000e-05
Epoch 342/301 | train_loss=3.7460 train_acc=85.19% | val_loss=0.3908 val_acc=84.00% | lr=1.000000e-05
Epoch 343/301 | train_loss=3.7395 train_acc=85.20% | val_loss=0.3904 val_acc=84.00% | lr=1.000000e-05
Epoch 344/301 | train_loss=3.7338 train_acc=85.22% | val_loss=0.3901 val_acc=84.12% | lr=1.000000e-05
Epoch 345/301 | train_loss=3.7271 train_acc=85.22% | val_loss=0.3898 val_acc=84.16% | lr=1.000000e-05
Epoch 346/301 | train_loss=3.7213 train_acc=85.23% | val_loss=0.3895 val_acc=84.14% | lr=1.000000e-05
Epoch 347/301 | train_loss=3.7150 train_acc=85.21% | val_loss=0.3891 val_acc=84.06% | lr=1.000000e-05
Epoch 348/301 | train_loss=3.7093 train_acc=85.23% | val_loss=0.3888 val_acc=84.12% | lr=1.000000e-05
Epoch 349/301 | train_loss=3.7035 train_acc=85.26% | val_loss=0.3885 val_acc=84.10% | lr=1.000000e-05
Epoch 350/301 | train_loss=3.6978 train_acc=85.31% | val_loss=0.3882 val_acc=84.08% | lr=1.000000e-05
Epoch 351/301 | train_loss=3.6915 train_acc=85.30% | val_loss=0.3878 val_acc=84.04% | lr=1.000000e-05
Epoch 352/301 | train_loss=3.6855 train_acc=85.32% | val_loss=0.3875 val_acc=84.04% | lr=1.000000e-05
Epoch 353/301 | train_loss=3.6796 train_acc=85.31% | val_loss=0.3872 val_acc=84.04% | lr=1.000000e-05
Epoch 354/301 | train_loss=3.6736 train_acc=85.31% | val_loss=0.3869 val_acc=84.18% | lr=1.000000e-05
Saved new best model to /tmp/bow_mlp_imdb_30zut9jo.pt
Epoch 355/301 | train_loss=3.6679 train_acc=85.33% | val_loss=0.3866 val_acc=84.08% | lr=1.000000e-05
Epoch 356/301 | train_loss=3.6616 train_acc=85.36% | val_loss=0.3863 val_acc=84.12% | lr=1.000000e-05
Epoch 357/301 | train_loss=3.6554 train_acc=85.36% | val_loss=0.3859 val_acc=84.02% | lr=1.000000e-05
Epoch 358/301 | train_loss=3.6494 train_acc=85.42% | val_loss=0.3857 val_acc=84.20% | lr=1.000000e-05
Saved new best model to /tmp/bow_mlp_imdb_30zut9jo.pt
Epoch 359/301 | train_loss=3.6432 train_acc=85.39% | val_loss=0.3853 val_acc=84.06% | lr=1.000000e-05
Epoch 360/301 | train_loss=3.6375 train_acc=85.39% | val_loss=0.3850 val_acc=84.06% | lr=1.000000e-05
Epoch 361/301 | train_loss=3.6317 train_acc=85.35% | val_loss=0.3847 val_acc=83.98% | lr=1.000000e-05
Epoch 362/301 | train_loss=3.6262 train_acc=85.41% | val_loss=0.3844 val_acc=84.04% | lr=1.000000e-05
Epoch 363/301 | train_loss=3.6196 train_acc=85.40% | val_loss=0.3841 val_acc=84.06% | lr=1.000000e-05
Epoch 364/301 | train_loss=3.6136 train_acc=85.41% | val_loss=0.3838 val_acc=84.02% | lr=1.000000e-05
Epoch 365/301 | train_loss=3.6078 train_acc=85.44% | val_loss=0.3835 val_acc=84.06% | lr=1.000000e-05
Epoch 366/301 | train_loss=3.6022 train_acc=85.44% | val_loss=0.3833 val_acc=84.08% | lr=1.000000e-05
Epoch 367/301 | train_loss=3.5961 train_acc=85.50% | val_loss=0.3830 val_acc=84.04% | lr=1.000000e-05
Epoch 368/301 | train_loss=3.5899 train_acc=85.45% | val_loss=0.3827 val_acc=84.06% | lr=1.000000e-05
Epoch 369/301 | train_loss=3.5841 train_acc=85.52% | val_loss=0.3825 val_acc=84.28% | lr=1.000000e-05
Saved new best model to /tmp/bow_mlp_imdb_30zut9jo.pt
Epoch 370/301 | train_loss=3.5785 train_acc=85.51% | val_loss=0.3822 val_acc=84.16% | lr=1.000000e-05
Epoch 371/301 | train_loss=3.5726 train_acc=85.47% | val_loss=0.3820 val_acc=84.30% | lr=1.000000e-05
Saved new best model to /tmp/bow_mlp_imdb_30zut9jo.pt
Epoch 372/301 | train_loss=3.5668 train_acc=85.56% | val_loss=0.3817 val_acc=84.24% | lr=1.000000e-05
Epoch 373/301 | train_loss=3.5605 train_acc=85.54% | val_loss=0.3815 val_acc=84.30% | lr=1.000000e-05
Epoch 374/301 | train_loss=3.5546 train_acc=85.55% | val_loss=0.3812 val_acc=84.22% | lr=1.000000e-05
Epoch 375/301 | train_loss=3.5492 train_acc=85.58% | val_loss=0.3808 val_acc=84.18% | lr=1.000000e-05
Epoch 376/301 | train_loss=3.5433 train_acc=85.59% | val_loss=0.3806 val_acc=84.22% | lr=1.000000e-05
Epoch 377/301 | train_loss=3.5374 train_acc=85.59% | val_loss=0.3804 val_acc=84.28% | lr=1.000000e-05
Epoch 378/301 | train_loss=3.5326 train_acc=85.59% | val_loss=0.3802 val_acc=84.38% | lr=1.000000e-05
Saved new best model to /tmp/bow_mlp_imdb_30zut9jo.pt
Epoch 379/301 | train_loss=3.5265 train_acc=85.59% | val_loss=0.3798 val_acc=84.28% | lr=1.000000e-05
Epoch 380/301 | train_loss=3.5204 train_acc=85.58% | val_loss=0.3796 val_acc=84.30% | lr=1.000000e-05
Epoch 381/301 | train_loss=3.5151 train_acc=85.68% | val_loss=0.3794 val_acc=84.42% | lr=1.000000e-05
Saved new best model to /tmp/bow_mlp_imdb_30zut9jo.pt
Epoch 382/301 | train_loss=3.5095 train_acc=85.65% | val_loss=0.3791 val_acc=84.22% | lr=1.000000e-05
Epoch 383/301 | train_loss=3.5038 train_acc=85.63% | val_loss=0.3789 val_acc=84.30% | lr=1.000000e-05
Epoch 384/301 | train_loss=3.4982 train_acc=85.61% | val_loss=0.3787 val_acc=84.40% | lr=1.000000e-05
Epoch 385/301 | train_loss=3.4927 train_acc=85.69% | val_loss=0.3784 val_acc=84.34% | lr=1.000000e-05
Epoch 386/301 | train_loss=3.4869 train_acc=85.67% | val_loss=0.3782 val_acc=84.36% | lr=1.000000e-05
Epoch 387/301 | train_loss=3.4817 train_acc=85.70% | val_loss=0.3780 val_acc=84.40% | lr=1.000000e-05
Epoch 388/301 | train_loss=3.4758 train_acc=85.71% | val_loss=0.3778 val_acc=84.44% | lr=1.000000e-05
Saved new best model to /tmp/bow_mlp_imdb_30zut9jo.pt
Epoch 389/301 | train_loss=3.4710 train_acc=85.72% | val_loss=0.3775 val_acc=84.22% | lr=1.000000e-05
Epoch 390/301 | train_loss=3.4649 train_acc=85.76% | val_loss=0.3774 val_acc=84.46% | lr=1.000000e-05
Saved new best model to /tmp/bow_mlp_imdb_30zut9jo.pt
Epoch 391/301 | train_loss=3.4597 train_acc=85.74% | val_loss=0.3772 val_acc=84.46% | lr=1.000000e-05
Epoch 392/301 | train_loss=3.4542 train_acc=85.76% | val_loss=0.3768 val_acc=84.26% | lr=1.000000e-05
Epoch 393/301 | train_loss=3.4489 train_acc=85.81% | val_loss=0.3768 val_acc=84.48% | lr=1.000000e-05
Saved new best model to /tmp/bow_mlp_imdb_30zut9jo.pt
Epoch 394/301 | train_loss=3.4434 train_acc=85.82% | val_loss=0.3765 val_acc=84.50% | lr=1.000000e-05
Saved new best model to /tmp/bow_mlp_imdb_30zut9jo.pt
Epoch 395/301 | train_loss=3.4376 train_acc=85.78% | val_loss=0.3762 val_acc=84.28% | lr=1.000000e-05
Epoch 396/301 | train_loss=3.4325 train_acc=85.84% | val_loss=0.3761 val_acc=84.48% | lr=1.000000e-05
Epoch 397/301 | train_loss=3.4269 train_acc=85.81% | val_loss=0.3759 val_acc=84.48% | lr=1.000000e-05
Epoch 398/301 | train_loss=3.4219 train_acc=85.86% | val_loss=0.3756 val_acc=84.34% | lr=1.000000e-05
Epoch 399/301 | train_loss=3.4165 train_acc=85.85% | val_loss=0.3755 val_acc=84.44% | lr=1.000000e-05
Epoch 400/301 | train_loss=3.4114 train_acc=85.88% | val_loss=0.3752 val_acc=84.34% | lr=1.000000e-05
Test loss=0.3754 | Test accuracy=84.91%
