Loading IMDb dataset from local disk: /home/daniel/l/masteruppsats/np-reg/language/data/imdb_hf
Using device: cuda
BoW vocab size: 1562
Epoch 1/301 | train_loss=0.7271 train_acc=50.09% | val_loss=0.7119 val_acc=50.30% | lr=1.000000e-05
Saved new best model to /tmp/bow_mlp_imdb_abxf6j6o.pt
Epoch 2/301 | train_loss=0.7047 train_acc=50.97% | val_loss=0.6996 val_acc=51.78% | lr=1.000000e-05
Saved new best model to /tmp/bow_mlp_imdb_abxf6j6o.pt
Epoch 3/301 | train_loss=0.6958 train_acc=52.18% | val_loss=0.6921 val_acc=53.04% | lr=1.000000e-05
Saved new best model to /tmp/bow_mlp_imdb_abxf6j6o.pt
Epoch 4/301 | train_loss=0.6890 train_acc=53.21% | val_loss=0.6854 val_acc=54.24% | lr=1.000000e-05
Saved new best model to /tmp/bow_mlp_imdb_abxf6j6o.pt
Epoch 5/301 | train_loss=0.6820 train_acc=54.30% | val_loss=0.6782 val_acc=55.18% | lr=1.000000e-05
Saved new best model to /tmp/bow_mlp_imdb_abxf6j6o.pt
Epoch 6/301 | train_loss=0.6727 train_acc=55.77% | val_loss=0.6679 val_acc=56.58% | lr=1.000000e-05
Saved new best model to /tmp/bow_mlp_imdb_abxf6j6o.pt
Epoch 7/301 | train_loss=0.6623 train_acc=57.60% | val_loss=0.6582 val_acc=58.26% | lr=1.000000e-05
Saved new best model to /tmp/bow_mlp_imdb_abxf6j6o.pt
Epoch 8/301 | train_loss=0.6526 train_acc=59.08% | val_loss=0.6489 val_acc=59.90% | lr=1.000000e-05
Saved new best model to /tmp/bow_mlp_imdb_abxf6j6o.pt
Epoch 9/301 | train_loss=0.6428 train_acc=60.74% | val_loss=0.6391 val_acc=61.40% | lr=1.000000e-05
Saved new best model to /tmp/bow_mlp_imdb_abxf6j6o.pt
Epoch 10/301 | train_loss=0.6316 train_acc=62.23% | val_loss=0.6269 val_acc=62.82% | lr=1.000000e-05
Saved new best model to /tmp/bow_mlp_imdb_abxf6j6o.pt
Epoch 11/301 | train_loss=0.6196 train_acc=63.82% | val_loss=0.6156 val_acc=65.12% | lr=1.000000e-05
Saved new best model to /tmp/bow_mlp_imdb_abxf6j6o.pt
Epoch 12/301 | train_loss=0.6086 train_acc=66.25% | val_loss=0.6055 val_acc=66.68% | lr=1.000000e-05
Saved new best model to /tmp/bow_mlp_imdb_abxf6j6o.pt
Epoch 13/301 | train_loss=0.5985 train_acc=67.92% | val_loss=0.5958 val_acc=68.94% | lr=1.000000e-05
Saved new best model to /tmp/bow_mlp_imdb_abxf6j6o.pt
Epoch 14/301 | train_loss=0.5889 train_acc=69.50% | val_loss=0.5868 val_acc=70.36% | lr=1.000000e-05
Saved new best model to /tmp/bow_mlp_imdb_abxf6j6o.pt
Epoch 15/301 | train_loss=0.5797 train_acc=70.81% | val_loss=0.5780 val_acc=71.60% | lr=1.000000e-05
Saved new best model to /tmp/bow_mlp_imdb_abxf6j6o.pt
Epoch 16/301 | train_loss=0.5708 train_acc=72.39% | val_loss=0.5697 val_acc=72.38% | lr=1.000000e-05
Saved new best model to /tmp/bow_mlp_imdb_abxf6j6o.pt
Epoch 17/301 | train_loss=0.5623 train_acc=73.36% | val_loss=0.5616 val_acc=73.62% | lr=1.000000e-05
Saved new best model to /tmp/bow_mlp_imdb_abxf6j6o.pt
Epoch 18/301 | train_loss=0.5541 train_acc=74.51% | val_loss=0.5539 val_acc=74.50% | lr=1.000000e-05
Saved new best model to /tmp/bow_mlp_imdb_abxf6j6o.pt
Epoch 19/301 | train_loss=0.5462 train_acc=75.47% | val_loss=0.5465 val_acc=75.76% | lr=1.000000e-05
Saved new best model to /tmp/bow_mlp_imdb_abxf6j6o.pt
Epoch 20/301 | train_loss=0.5386 train_acc=76.57% | val_loss=0.5394 val_acc=76.28% | lr=1.000000e-05
Saved new best model to /tmp/bow_mlp_imdb_abxf6j6o.pt
Epoch 21/301 | train_loss=0.5313 train_acc=77.25% | val_loss=0.5324 val_acc=77.46% | lr=1.000000e-05
Saved new best model to /tmp/bow_mlp_imdb_abxf6j6o.pt
Epoch 22/301 | train_loss=0.5242 train_acc=78.17% | val_loss=0.5260 val_acc=77.70% | lr=1.000000e-05
Saved new best model to /tmp/bow_mlp_imdb_abxf6j6o.pt
Epoch 23/301 | train_loss=0.5175 train_acc=78.66% | val_loss=0.5194 val_acc=78.42% | lr=1.000000e-05
Saved new best model to /tmp/bow_mlp_imdb_abxf6j6o.pt
Epoch 24/301 | train_loss=0.5109 train_acc=79.20% | val_loss=0.5132 val_acc=79.32% | lr=1.000000e-05
Saved new best model to /tmp/bow_mlp_imdb_abxf6j6o.pt
Epoch 25/301 | train_loss=0.5045 train_acc=79.83% | val_loss=0.5072 val_acc=79.82% | lr=1.000000e-05
Saved new best model to /tmp/bow_mlp_imdb_abxf6j6o.pt
Epoch 26/301 | train_loss=0.4985 train_acc=80.30% | val_loss=0.5015 val_acc=80.12% | lr=1.000000e-05
Saved new best model to /tmp/bow_mlp_imdb_abxf6j6o.pt
Epoch 27/301 | train_loss=0.4925 train_acc=80.67% | val_loss=0.4961 val_acc=80.34% | lr=1.000000e-05
Saved new best model to /tmp/bow_mlp_imdb_abxf6j6o.pt
Epoch 28/301 | train_loss=0.4869 train_acc=81.05% | val_loss=0.4907 val_acc=80.78% | lr=1.000000e-05
Saved new best model to /tmp/bow_mlp_imdb_abxf6j6o.pt
Epoch 29/301 | train_loss=0.4813 train_acc=81.38% | val_loss=0.4857 val_acc=80.78% | lr=1.000000e-05
Epoch 30/301 | train_loss=0.4758 train_acc=81.80% | val_loss=0.4805 val_acc=81.14% | lr=1.000000e-05
Saved new best model to /tmp/bow_mlp_imdb_abxf6j6o.pt
Epoch 31/301 | train_loss=0.4697 train_acc=82.14% | val_loss=0.4745 val_acc=81.32% | lr=1.000000e-05
Saved new best model to /tmp/bow_mlp_imdb_abxf6j6o.pt
Epoch 32/301 | train_loss=0.4634 train_acc=82.37% | val_loss=0.4686 val_acc=81.76% | lr=1.000000e-05
Saved new best model to /tmp/bow_mlp_imdb_abxf6j6o.pt
Epoch 33/301 | train_loss=0.4577 train_acc=82.70% | val_loss=0.4634 val_acc=81.98% | lr=1.000000e-05
Saved new best model to /tmp/bow_mlp_imdb_abxf6j6o.pt
Epoch 34/301 | train_loss=0.4525 train_acc=83.02% | val_loss=0.4586 val_acc=82.18% | lr=1.000000e-05
Saved new best model to /tmp/bow_mlp_imdb_abxf6j6o.pt
Epoch 35/301 | train_loss=0.4476 train_acc=83.13% | val_loss=0.4542 val_acc=82.34% | lr=1.000000e-05
Saved new best model to /tmp/bow_mlp_imdb_abxf6j6o.pt
Epoch 36/301 | train_loss=0.4431 train_acc=83.33% | val_loss=0.4500 val_acc=82.56% | lr=1.000000e-05
Saved new best model to /tmp/bow_mlp_imdb_abxf6j6o.pt
Epoch 37/301 | train_loss=0.4387 train_acc=83.52% | val_loss=0.4460 val_acc=82.82% | lr=1.000000e-05
Saved new best model to /tmp/bow_mlp_imdb_abxf6j6o.pt
Epoch 38/301 | train_loss=0.4346 train_acc=83.70% | val_loss=0.4423 val_acc=83.08% | lr=1.000000e-05
Saved new best model to /tmp/bow_mlp_imdb_abxf6j6o.pt
Epoch 39/301 | train_loss=0.4307 train_acc=83.77% | val_loss=0.4386 val_acc=83.34% | lr=1.000000e-05
Saved new best model to /tmp/bow_mlp_imdb_abxf6j6o.pt
Epoch 40/301 | train_loss=0.4269 train_acc=83.97% | val_loss=0.4352 val_acc=83.40% | lr=1.000000e-05
Saved new best model to /tmp/bow_mlp_imdb_abxf6j6o.pt
Epoch 41/301 | train_loss=0.4234 train_acc=84.02% | val_loss=0.4320 val_acc=83.50% | lr=1.000000e-05
Saved new best model to /tmp/bow_mlp_imdb_abxf6j6o.pt
Epoch 42/301 | train_loss=0.4199 train_acc=84.21% | val_loss=0.4289 val_acc=83.62% | lr=1.000000e-05
Saved new best model to /tmp/bow_mlp_imdb_abxf6j6o.pt
Epoch 43/301 | train_loss=0.4166 train_acc=84.31% | val_loss=0.4258 val_acc=83.72% | lr=1.000000e-05
Saved new best model to /tmp/bow_mlp_imdb_abxf6j6o.pt
Epoch 44/301 | train_loss=0.4133 train_acc=84.45% | val_loss=0.4229 val_acc=83.90% | lr=1.000000e-05
Saved new best model to /tmp/bow_mlp_imdb_abxf6j6o.pt
Epoch 45/301 | train_loss=0.4103 train_acc=84.45% | val_loss=0.4201 val_acc=84.10% | lr=1.000000e-05
Saved new best model to /tmp/bow_mlp_imdb_abxf6j6o.pt
Epoch 46/301 | train_loss=0.4073 train_acc=84.66% | val_loss=0.4175 val_acc=84.24% | lr=1.000000e-05
Saved new best model to /tmp/bow_mlp_imdb_abxf6j6o.pt
Epoch 47/301 | train_loss=0.4044 train_acc=84.76% | val_loss=0.4152 val_acc=84.32% | lr=1.000000e-05
Saved new best model to /tmp/bow_mlp_imdb_abxf6j6o.pt
Epoch 48/301 | train_loss=0.4018 train_acc=84.81% | val_loss=0.4125 val_acc=84.32% | lr=1.000000e-05
Epoch 49/301 | train_loss=0.3991 train_acc=84.91% | val_loss=0.4102 val_acc=84.46% | lr=1.000000e-05
Saved new best model to /tmp/bow_mlp_imdb_abxf6j6o.pt
Epoch 50/301 | train_loss=0.3967 train_acc=84.95% | val_loss=0.4079 val_acc=84.26% | lr=1.000000e-05
Epoch 51/301 | train_loss=0.3941 train_acc=84.98% | val_loss=0.4059 val_acc=84.58% | lr=1.000000e-05
Saved new best model to /tmp/bow_mlp_imdb_abxf6j6o.pt
Epoch 52/301 | train_loss=0.3918 train_acc=85.07% | val_loss=0.4037 val_acc=84.36% | lr=1.000000e-05
Epoch 53/301 | train_loss=0.3895 train_acc=85.17% | val_loss=0.4017 val_acc=84.38% | lr=1.000000e-05
Epoch 54/301 | train_loss=0.3874 train_acc=85.22% | val_loss=0.3998 val_acc=84.44% | lr=1.000000e-05
Epoch 55/301 | train_loss=0.3852 train_acc=85.36% | val_loss=0.3979 val_acc=84.48% | lr=1.000000e-05
Epoch 56/301 | train_loss=0.3831 train_acc=85.38% | val_loss=0.3961 val_acc=84.54% | lr=1.000000e-05
Epoch 57/301 | train_loss=0.3811 train_acc=85.45% | val_loss=0.3944 val_acc=84.58% | lr=1.000000e-05
Epoch 58/301 | train_loss=0.3792 train_acc=85.49% | val_loss=0.3928 val_acc=84.64% | lr=1.000000e-05
Saved new best model to /tmp/bow_mlp_imdb_abxf6j6o.pt
Epoch 59/301 | train_loss=0.3774 train_acc=85.57% | val_loss=0.3911 val_acc=84.64% | lr=1.000000e-05
Epoch 60/301 | train_loss=0.3755 train_acc=85.63% | val_loss=0.3897 val_acc=84.72% | lr=1.000000e-05
Saved new best model to /tmp/bow_mlp_imdb_abxf6j6o.pt
Epoch 61/301 | train_loss=0.3738 train_acc=85.67% | val_loss=0.3881 val_acc=84.70% | lr=1.000000e-05
Epoch 62/301 | train_loss=0.3721 train_acc=85.70% | val_loss=0.3866 val_acc=84.74% | lr=1.000000e-05
Saved new best model to /tmp/bow_mlp_imdb_abxf6j6o.pt
Epoch 63/301 | train_loss=0.3704 train_acc=85.75% | val_loss=0.3853 val_acc=84.84% | lr=1.000000e-05
Saved new best model to /tmp/bow_mlp_imdb_abxf6j6o.pt
Epoch 64/301 | train_loss=0.3688 train_acc=85.81% | val_loss=0.3839 val_acc=84.78% | lr=1.000000e-05
Epoch 65/301 | train_loss=0.3673 train_acc=85.85% | val_loss=0.3826 val_acc=84.74% | lr=1.000000e-05
Epoch 66/301 | train_loss=0.3658 train_acc=85.88% | val_loss=0.3814 val_acc=84.82% | lr=1.000000e-05
Epoch 67/301 | train_loss=0.3643 train_acc=85.95% | val_loss=0.3802 val_acc=84.84% | lr=1.000000e-05
Epoch 68/301 | train_loss=0.3629 train_acc=85.97% | val_loss=0.3790 val_acc=84.84% | lr=1.000000e-05
Epoch 69/301 | train_loss=0.3614 train_acc=86.06% | val_loss=0.3780 val_acc=84.92% | lr=1.000000e-05
Saved new best model to /tmp/bow_mlp_imdb_abxf6j6o.pt
Epoch 70/301 | train_loss=0.3601 train_acc=86.11% | val_loss=0.3769 val_acc=84.90% | lr=1.000000e-05
Epoch 71/301 | train_loss=0.3588 train_acc=86.19% | val_loss=0.3757 val_acc=84.92% | lr=1.000000e-05
Epoch 72/301 | train_loss=0.3575 train_acc=86.20% | val_loss=0.3747 val_acc=84.92% | lr=1.000000e-05
Epoch 73/301 | train_loss=0.3562 train_acc=86.24% | val_loss=0.3739 val_acc=85.12% | lr=1.000000e-05
Saved new best model to /tmp/bow_mlp_imdb_abxf6j6o.pt
Epoch 74/301 | train_loss=0.3550 train_acc=86.28% | val_loss=0.3728 val_acc=85.02% | lr=1.000000e-05
Epoch 75/301 | train_loss=0.3538 train_acc=86.33% | val_loss=0.3718 val_acc=85.02% | lr=1.000000e-05
Epoch 76/301 | train_loss=0.3527 train_acc=86.31% | val_loss=0.3709 val_acc=85.10% | lr=1.000000e-05
Epoch 77/301 | train_loss=0.3515 train_acc=86.44% | val_loss=0.3702 val_acc=85.12% | lr=1.000000e-05
Epoch 78/301 | train_loss=0.3505 train_acc=86.38% | val_loss=0.3692 val_acc=85.22% | lr=1.000000e-05
Saved new best model to /tmp/bow_mlp_imdb_abxf6j6o.pt
Epoch 79/301 | train_loss=0.3493 train_acc=86.44% | val_loss=0.3684 val_acc=85.24% | lr=1.000000e-05
Saved new best model to /tmp/bow_mlp_imdb_abxf6j6o.pt
Epoch 80/301 | train_loss=0.3483 train_acc=86.50% | val_loss=0.3676 val_acc=85.20% | lr=1.000000e-05
Epoch 81/301 | train_loss=0.3473 train_acc=86.58% | val_loss=0.3668 val_acc=85.20% | lr=1.000000e-05
Epoch 82/301 | train_loss=0.3463 train_acc=86.56% | val_loss=0.3661 val_acc=85.16% | lr=1.000000e-05
Epoch 83/301 | train_loss=0.3453 train_acc=86.58% | val_loss=0.3653 val_acc=85.22% | lr=1.000000e-05
Epoch 84/301 | train_loss=0.3443 train_acc=86.61% | val_loss=0.3646 val_acc=85.24% | lr=1.000000e-05
Epoch 85/301 | train_loss=0.3434 train_acc=86.66% | val_loss=0.3640 val_acc=85.24% | lr=1.000000e-05
Epoch 86/301 | train_loss=0.3425 train_acc=86.69% | val_loss=0.3633 val_acc=85.26% | lr=1.000000e-05
Saved new best model to /tmp/bow_mlp_imdb_abxf6j6o.pt
Epoch 87/301 | train_loss=0.3415 train_acc=86.67% | val_loss=0.3629 val_acc=85.24% | lr=1.000000e-05
Epoch 88/301 | train_loss=0.3407 train_acc=86.68% | val_loss=0.3622 val_acc=85.24% | lr=1.000000e-05
Epoch 89/301 | train_loss=0.3399 train_acc=86.69% | val_loss=0.3615 val_acc=85.26% | lr=1.000000e-05
Epoch 90/301 | train_loss=0.3390 train_acc=86.74% | val_loss=0.3608 val_acc=85.28% | lr=1.000000e-05
Saved new best model to /tmp/bow_mlp_imdb_abxf6j6o.pt
Epoch 91/301 | train_loss=0.3382 train_acc=86.80% | val_loss=0.3603 val_acc=85.18% | lr=1.000000e-05
Epoch 92/301 | train_loss=0.3375 train_acc=86.82% | val_loss=0.3597 val_acc=85.24% | lr=1.000000e-05
Epoch 93/301 | train_loss=0.3366 train_acc=86.83% | val_loss=0.3592 val_acc=85.38% | lr=1.000000e-05
Saved new best model to /tmp/bow_mlp_imdb_abxf6j6o.pt
Epoch 94/301 | train_loss=0.3358 train_acc=86.88% | val_loss=0.3587 val_acc=85.28% | lr=1.000000e-05
Epoch 95/301 | train_loss=0.3351 train_acc=86.90% | val_loss=0.3582 val_acc=85.30% | lr=1.000000e-05
Epoch 96/301 | train_loss=0.3343 train_acc=86.91% | val_loss=0.3577 val_acc=85.32% | lr=1.000000e-05
Epoch 97/301 | train_loss=0.3336 train_acc=86.98% | val_loss=0.3572 val_acc=85.32% | lr=1.000000e-05
Epoch 98/301 | train_loss=0.3329 train_acc=86.90% | val_loss=0.3567 val_acc=85.30% | lr=1.000000e-05
Epoch 99/301 | train_loss=0.3322 train_acc=86.97% | val_loss=0.3564 val_acc=85.38% | lr=1.000000e-05
Epoch 100/301 | train_loss=0.3316 train_acc=86.98% | val_loss=0.3559 val_acc=85.26% | lr=1.000000e-05
Epoch 101/301 | train_loss=0.3309 train_acc=87.02% | val_loss=0.3555 val_acc=85.26% | lr=1.000000e-05
Epoch 102/301 | train_loss=0.3302 train_acc=87.04% | val_loss=0.3550 val_acc=85.34% | lr=1.000000e-05
Epoch 103/301 | train_loss=0.3296 train_acc=87.15% | val_loss=0.3548 val_acc=85.38% | lr=1.000000e-05
Epoch 104/301 | train_loss=0.3290 train_acc=87.14% | val_loss=0.3544 val_acc=85.36% | lr=1.000000e-05
Epoch 105/301 | train_loss=0.3283 train_acc=87.11% | val_loss=0.3539 val_acc=85.26% | lr=1.000000e-05
Epoch 106/301 | train_loss=0.3276 train_acc=87.17% | val_loss=0.3537 val_acc=85.36% | lr=1.000000e-05
Epoch 107/301 | train_loss=0.3271 train_acc=87.16% | val_loss=0.3532 val_acc=85.32% | lr=1.000000e-05
Epoch 108/301 | train_loss=0.3265 train_acc=87.18% | val_loss=0.3528 val_acc=85.34% | lr=1.000000e-05
Epoch 109/301 | train_loss=0.3259 train_acc=87.19% | val_loss=0.3526 val_acc=85.40% | lr=1.000000e-05
Saved new best model to /tmp/bow_mlp_imdb_abxf6j6o.pt
Epoch 110/301 | train_loss=0.3253 train_acc=87.17% | val_loss=0.3521 val_acc=85.32% | lr=1.000000e-05
Epoch 111/301 | train_loss=0.3248 train_acc=87.26% | val_loss=0.3518 val_acc=85.36% | lr=1.000000e-05
Epoch 112/301 | train_loss=0.3243 train_acc=87.26% | val_loss=0.3515 val_acc=85.36% | lr=1.000000e-05
Epoch 113/301 | train_loss=0.3237 train_acc=87.27% | val_loss=0.3512 val_acc=85.34% | lr=1.000000e-05
Epoch 114/301 | train_loss=0.3232 train_acc=87.33% | val_loss=0.3509 val_acc=85.38% | lr=1.000000e-05
Epoch 115/301 | train_loss=0.3227 train_acc=87.29% | val_loss=0.3507 val_acc=85.30% | lr=1.000000e-05
Epoch 116/301 | train_loss=0.3221 train_acc=87.30% | val_loss=0.3504 val_acc=85.36% | lr=1.000000e-05
Epoch 117/301 | train_loss=0.3217 train_acc=87.30% | val_loss=0.3501 val_acc=85.36% | lr=1.000000e-05
Epoch 118/301 | train_loss=0.3212 train_acc=87.31% | val_loss=0.3499 val_acc=85.36% | lr=1.000000e-05
Epoch 119/301 | train_loss=0.3207 train_acc=87.36% | val_loss=0.3496 val_acc=85.36% | lr=1.000000e-05
Epoch 120/301 | train_loss=0.3202 train_acc=87.37% | val_loss=0.3496 val_acc=85.36% | lr=1.000000e-05
Epoch 121/301 | train_loss=0.3198 train_acc=87.36% | val_loss=0.3492 val_acc=85.32% | lr=1.000000e-05
Epoch 122/301 | train_loss=0.3192 train_acc=87.36% | val_loss=0.3489 val_acc=85.36% | lr=1.000000e-05
Epoch 123/301 | train_loss=0.3188 train_acc=87.41% | val_loss=0.3487 val_acc=85.34% | lr=1.000000e-05
Epoch 124/301 | train_loss=0.3184 train_acc=87.39% | val_loss=0.3484 val_acc=85.40% | lr=1.000000e-05
Epoch 125/301 | train_loss=0.3179 train_acc=87.39% | val_loss=0.3482 val_acc=85.38% | lr=1.000000e-05
Epoch 126/301 | train_loss=0.3174 train_acc=87.38% | val_loss=0.3480 val_acc=85.42% | lr=1.000000e-05
Saved new best model to /tmp/bow_mlp_imdb_abxf6j6o.pt
Epoch 127/301 | train_loss=0.3171 train_acc=87.39% | val_loss=0.3480 val_acc=85.38% | lr=1.000000e-05
Epoch 128/301 | train_loss=0.3166 train_acc=87.46% | val_loss=0.3477 val_acc=85.36% | lr=1.000000e-05
Epoch 129/301 | train_loss=0.3163 train_acc=87.41% | val_loss=0.3474 val_acc=85.40% | lr=1.000000e-05
Epoch 130/301 | train_loss=0.3158 train_acc=87.43% | val_loss=0.3474 val_acc=85.26% | lr=1.000000e-05
Epoch 131/301 | train_loss=0.3154 train_acc=87.52% | val_loss=0.3471 val_acc=85.42% | lr=1.000000e-05
Epoch 132/301 | train_loss=0.3150 train_acc=87.50% | val_loss=0.3469 val_acc=85.40% | lr=1.000000e-05
Epoch 133/301 | train_loss=0.3146 train_acc=87.44% | val_loss=0.3469 val_acc=85.36% | lr=1.000000e-05
Epoch 134/301 | train_loss=0.3142 train_acc=87.47% | val_loss=0.3466 val_acc=85.38% | lr=1.000000e-05
Epoch 135/301 | train_loss=0.3139 train_acc=87.48% | val_loss=0.3465 val_acc=85.40% | lr=1.000000e-05
Epoch 136/301 | train_loss=0.3135 train_acc=87.56% | val_loss=0.3463 val_acc=85.34% | lr=1.000000e-05
Epoch 137/301 | train_loss=0.3131 train_acc=87.52% | val_loss=0.3462 val_acc=85.42% | lr=1.000000e-05
Epoch 138/301 | train_loss=0.3127 train_acc=87.55% | val_loss=0.3460 val_acc=85.36% | lr=1.000000e-05
Epoch 139/301 | train_loss=0.3124 train_acc=87.56% | val_loss=0.3459 val_acc=85.36% | lr=1.000000e-05
Epoch 140/301 | train_loss=0.3120 train_acc=87.55% | val_loss=0.3458 val_acc=85.40% | lr=1.000000e-05
Epoch 141/301 | train_loss=0.3117 train_acc=87.56% | val_loss=0.3457 val_acc=85.42% | lr=1.000000e-05
Epoch 142/301 | train_loss=0.3114 train_acc=87.61% | val_loss=0.3455 val_acc=85.40% | lr=1.000000e-05
Epoch 143/301 | train_loss=0.3110 train_acc=87.61% | val_loss=0.3454 val_acc=85.40% | lr=1.000000e-05
Epoch 144/301 | train_loss=0.3107 train_acc=87.65% | val_loss=0.3453 val_acc=85.44% | lr=1.000000e-05
Saved new best model to /tmp/bow_mlp_imdb_abxf6j6o.pt
Epoch 145/301 | train_loss=0.3103 train_acc=87.59% | val_loss=0.3453 val_acc=85.48% | lr=1.000000e-05
Saved new best model to /tmp/bow_mlp_imdb_abxf6j6o.pt
Epoch 146/301 | train_loss=0.3101 train_acc=87.64% | val_loss=0.3451 val_acc=85.42% | lr=1.000000e-05
Epoch 147/301 | train_loss=0.3097 train_acc=87.61% | val_loss=0.3450 val_acc=85.46% | lr=1.000000e-05
Epoch 148/301 | train_loss=0.3094 train_acc=87.66% | val_loss=0.3452 val_acc=85.48% | lr=1.000000e-05
Epoch 149/301 | train_loss=0.3091 train_acc=87.66% | val_loss=0.3449 val_acc=85.54% | lr=1.000000e-05
Saved new best model to /tmp/bow_mlp_imdb_abxf6j6o.pt
Epoch 150/301 | train_loss=0.3088 train_acc=87.69% | val_loss=0.3447 val_acc=85.50% | lr=1.000000e-05
Epoch 151/301 | train_loss=0.3085 train_acc=87.64% | val_loss=0.3448 val_acc=85.56% | lr=1.000000e-05
Saved new best model to /tmp/bow_mlp_imdb_abxf6j6o.pt
Epoch 152/301 | train_loss=0.3082 train_acc=87.71% | val_loss=0.3445 val_acc=85.64% | lr=1.000000e-05
Saved new best model to /tmp/bow_mlp_imdb_abxf6j6o.pt
Epoch 153/301 | train_loss=0.3079 train_acc=87.67% | val_loss=0.3446 val_acc=85.56% | lr=1.000000e-05
Epoch 154/301 | train_loss=0.3076 train_acc=87.66% | val_loss=0.3444 val_acc=85.46% | lr=1.000000e-05
Epoch 155/301 | train_loss=0.3073 train_acc=87.70% | val_loss=0.3443 val_acc=85.62% | lr=1.000000e-05
Epoch 156/301 | train_loss=0.3071 train_acc=87.69% | val_loss=0.3443 val_acc=85.56% | lr=1.000000e-05
Epoch 157/301 | train_loss=0.3068 train_acc=87.72% | val_loss=0.3442 val_acc=85.62% | lr=1.000000e-05
Epoch 158/301 | train_loss=0.3064 train_acc=87.79% | val_loss=0.3441 val_acc=85.54% | lr=1.000000e-05
Epoch 159/301 | train_loss=0.3062 train_acc=87.78% | val_loss=0.3441 val_acc=85.56% | lr=1.000000e-05
Epoch 160/301 | train_loss=0.3060 train_acc=87.72% | val_loss=0.3440 val_acc=85.66% | lr=1.000000e-05
Saved new best model to /tmp/bow_mlp_imdb_abxf6j6o.pt
Epoch 161/301 | train_loss=0.3057 train_acc=87.76% | val_loss=0.3439 val_acc=85.60% | lr=1.000000e-05
Epoch 162/301 | train_loss=0.3055 train_acc=87.74% | val_loss=0.3439 val_acc=85.64% | lr=1.000000e-05
Epoch 163/301 | train_loss=0.3052 train_acc=87.74% | val_loss=0.3438 val_acc=85.66% | lr=1.000000e-05
Epoch 164/301 | train_loss=0.3049 train_acc=87.77% | val_loss=0.3438 val_acc=85.64% | lr=1.000000e-05
Epoch 165/301 | train_loss=0.3047 train_acc=87.78% | val_loss=0.3438 val_acc=85.58% | lr=1.000000e-05
Epoch 166/301 | train_loss=0.3045 train_acc=87.76% | val_loss=0.3437 val_acc=85.60% | lr=1.000000e-05
Epoch 167/301 | train_loss=0.3042 train_acc=87.78% | val_loss=0.3437 val_acc=85.52% | lr=1.000000e-05
Epoch 168/301 | train_loss=0.3039 train_acc=87.78% | val_loss=0.3437 val_acc=85.50% | lr=1.000000e-05
Epoch 169/301 | train_loss=0.3037 train_acc=87.75% | val_loss=0.3436 val_acc=85.52% | lr=1.000000e-05
Epoch 170/301 | train_loss=0.3035 train_acc=87.78% | val_loss=0.3436 val_acc=85.58% | lr=1.000000e-05
Epoch 171/301 | train_loss=0.3032 train_acc=87.78% | val_loss=0.3436 val_acc=85.50% | lr=1.000000e-05
Epoch 172/301 | train_loss=0.3030 train_acc=87.77% | val_loss=0.3438 val_acc=85.52% | lr=1.000000e-05
Epoch 173/301 | train_loss=0.3028 train_acc=87.82% | val_loss=0.3436 val_acc=85.56% | lr=1.000000e-05
Epoch 174/301 | train_loss=0.3026 train_acc=87.84% | val_loss=0.3436 val_acc=85.52% | lr=1.000000e-05
Epoch 175/301 | train_loss=0.3023 train_acc=87.83% | val_loss=0.3435 val_acc=85.54% | lr=1.000000e-05
Epoch 176/301 | train_loss=0.3021 train_acc=87.80% | val_loss=0.3435 val_acc=85.54% | lr=1.000000e-05
Epoch 177/301 | train_loss=0.3019 train_acc=87.81% | val_loss=0.3434 val_acc=85.52% | lr=1.000000e-05
Epoch 178/301 | train_loss=0.3017 train_acc=87.81% | val_loss=0.3434 val_acc=85.52% | lr=1.000000e-05
Epoch 179/301 | train_loss=0.3015 train_acc=87.83% | val_loss=0.3434 val_acc=85.58% | lr=1.000000e-05
Epoch 180/301 | train_loss=0.3013 train_acc=87.80% | val_loss=0.3434 val_acc=85.56% | lr=1.000000e-05
Epoch 181/301 | train_loss=0.3011 train_acc=87.84% | val_loss=0.3434 val_acc=85.60% | lr=1.000000e-05
Epoch 182/301 | train_loss=0.3008 train_acc=87.82% | val_loss=0.3433 val_acc=85.54% | lr=1.000000e-05
Epoch 183/301 | train_loss=0.3006 train_acc=87.86% | val_loss=0.3434 val_acc=85.62% | lr=1.000000e-05
Epoch 184/301 | train_loss=0.3004 train_acc=87.80% | val_loss=0.3434 val_acc=85.60% | lr=1.000000e-05
Epoch 185/301 | train_loss=0.3002 train_acc=87.81% | val_loss=0.3434 val_acc=85.54% | lr=1.000000e-05
Epoch 186/301 | train_loss=0.3001 train_acc=87.80% | val_loss=0.3434 val_acc=85.62% | lr=1.000000e-05
Epoch 187/301 | train_loss=0.2999 train_acc=87.78% | val_loss=0.3434 val_acc=85.60% | lr=1.000000e-05
Epoch 188/301 | train_loss=0.2997 train_acc=87.77% | val_loss=0.3434 val_acc=85.58% | lr=1.000000e-05
Epoch 189/301 | train_loss=0.2995 train_acc=87.89% | val_loss=0.3434 val_acc=85.54% | lr=1.000000e-05
Epoch 190/301 | train_loss=0.2993 train_acc=87.83% | val_loss=0.3433 val_acc=85.50% | lr=1.000000e-05
Validation loss has not improved for 8 epochs. Stopping training.
Test loss=0.3425 | Test accuracy=85.76%
