Loading IMDb dataset from local disk: /home/daniel/l/masteruppsats/np-reg/language/data/imdb_hf
Using device: cuda
BoW vocab size: 1562
Epoch 1/301 | train_loss=0.7227 train_acc=50.04% | val_loss=0.7053 val_acc=51.06% | lr=1.000000e-05
Saved new best model to /tmp/bow_mlp_imdb_gaag2r2h.pt
Epoch 2/301 | train_loss=0.7020 train_acc=51.72% | val_loss=0.6943 val_acc=52.54% | lr=1.000000e-05
Saved new best model to /tmp/bow_mlp_imdb_gaag2r2h.pt
Epoch 3/301 | train_loss=0.6935 train_acc=52.75% | val_loss=0.6857 val_acc=53.70% | lr=1.000000e-05
Saved new best model to /tmp/bow_mlp_imdb_gaag2r2h.pt
Epoch 4/301 | train_loss=0.6853 train_acc=54.02% | val_loss=0.6769 val_acc=54.88% | lr=1.000000e-05
Saved new best model to /tmp/bow_mlp_imdb_gaag2r2h.pt
Epoch 5/301 | train_loss=0.6744 train_acc=55.50% | val_loss=0.6649 val_acc=56.88% | lr=1.000000e-05
Saved new best model to /tmp/bow_mlp_imdb_gaag2r2h.pt
Epoch 6/301 | train_loss=0.6635 train_acc=57.27% | val_loss=0.6539 val_acc=58.62% | lr=1.000000e-05
Saved new best model to /tmp/bow_mlp_imdb_gaag2r2h.pt
Epoch 7/301 | train_loss=0.6543 train_acc=58.87% | val_loss=0.6436 val_acc=60.62% | lr=1.000000e-05
Saved new best model to /tmp/bow_mlp_imdb_gaag2r2h.pt
Epoch 8/301 | train_loss=0.6429 train_acc=60.60% | val_loss=0.6332 val_acc=62.32% | lr=1.000000e-05
Saved new best model to /tmp/bow_mlp_imdb_gaag2r2h.pt
Epoch 9/301 | train_loss=0.6336 train_acc=62.02% | val_loss=0.6231 val_acc=63.92% | lr=1.000000e-05
Saved new best model to /tmp/bow_mlp_imdb_gaag2r2h.pt
Epoch 10/301 | train_loss=0.6262 train_acc=63.06% | val_loss=0.6114 val_acc=65.56% | lr=1.000000e-05
Saved new best model to /tmp/bow_mlp_imdb_gaag2r2h.pt
Epoch 11/301 | train_loss=0.6115 train_acc=65.45% | val_loss=0.5989 val_acc=68.24% | lr=1.000000e-05
Saved new best model to /tmp/bow_mlp_imdb_gaag2r2h.pt
Epoch 12/301 | train_loss=0.6003 train_acc=67.18% | val_loss=0.5876 val_acc=69.68% | lr=1.000000e-05
Saved new best model to /tmp/bow_mlp_imdb_gaag2r2h.pt
Epoch 13/301 | train_loss=0.5921 train_acc=68.42% | val_loss=0.5774 val_acc=71.66% | lr=1.000000e-05
Saved new best model to /tmp/bow_mlp_imdb_gaag2r2h.pt
Epoch 14/301 | train_loss=0.5810 train_acc=69.98% | val_loss=0.5673 val_acc=72.50% | lr=1.000000e-05
Saved new best model to /tmp/bow_mlp_imdb_gaag2r2h.pt
Epoch 15/301 | train_loss=0.5728 train_acc=70.82% | val_loss=0.5578 val_acc=74.46% | lr=1.000000e-05
Saved new best model to /tmp/bow_mlp_imdb_gaag2r2h.pt
Epoch 16/301 | train_loss=0.5618 train_acc=72.20% | val_loss=0.5483 val_acc=75.52% | lr=1.000000e-05
Saved new best model to /tmp/bow_mlp_imdb_gaag2r2h.pt
Epoch 17/301 | train_loss=0.5552 train_acc=73.00% | val_loss=0.5398 val_acc=76.56% | lr=1.000000e-05
Saved new best model to /tmp/bow_mlp_imdb_gaag2r2h.pt
Epoch 18/301 | train_loss=0.5464 train_acc=74.05% | val_loss=0.5314 val_acc=77.78% | lr=1.000000e-05
Saved new best model to /tmp/bow_mlp_imdb_gaag2r2h.pt
Epoch 19/301 | train_loss=0.5397 train_acc=74.52% | val_loss=0.5237 val_acc=78.68% | lr=1.000000e-05
Saved new best model to /tmp/bow_mlp_imdb_gaag2r2h.pt
Epoch 20/301 | train_loss=0.5314 train_acc=75.56% | val_loss=0.5162 val_acc=78.98% | lr=1.000000e-05
Saved new best model to /tmp/bow_mlp_imdb_gaag2r2h.pt
Epoch 21/301 | train_loss=0.5256 train_acc=76.53% | val_loss=0.5090 val_acc=79.86% | lr=1.000000e-05
Saved new best model to /tmp/bow_mlp_imdb_gaag2r2h.pt
Epoch 22/301 | train_loss=0.5200 train_acc=76.57% | val_loss=0.5024 val_acc=80.28% | lr=1.000000e-05
Saved new best model to /tmp/bow_mlp_imdb_gaag2r2h.pt
Epoch 23/301 | train_loss=0.5134 train_acc=77.45% | val_loss=0.4960 val_acc=80.88% | lr=1.000000e-05
Saved new best model to /tmp/bow_mlp_imdb_gaag2r2h.pt
Epoch 24/301 | train_loss=0.5054 train_acc=78.03% | val_loss=0.4896 val_acc=81.28% | lr=1.000000e-05
Saved new best model to /tmp/bow_mlp_imdb_gaag2r2h.pt
Epoch 25/301 | train_loss=0.4987 train_acc=78.59% | val_loss=0.4832 val_acc=81.68% | lr=1.000000e-05
Saved new best model to /tmp/bow_mlp_imdb_gaag2r2h.pt
Epoch 26/301 | train_loss=0.4944 train_acc=78.56% | val_loss=0.4774 val_acc=81.90% | lr=1.000000e-05
Saved new best model to /tmp/bow_mlp_imdb_gaag2r2h.pt
Epoch 27/301 | train_loss=0.4882 train_acc=79.23% | val_loss=0.4719 val_acc=82.08% | lr=1.000000e-05
Saved new best model to /tmp/bow_mlp_imdb_gaag2r2h.pt
Epoch 28/301 | train_loss=0.4827 train_acc=79.56% | val_loss=0.4656 val_acc=82.36% | lr=1.000000e-05
Saved new best model to /tmp/bow_mlp_imdb_gaag2r2h.pt
Epoch 29/301 | train_loss=0.4760 train_acc=79.91% | val_loss=0.4598 val_acc=82.40% | lr=1.000000e-05
Saved new best model to /tmp/bow_mlp_imdb_gaag2r2h.pt
Epoch 30/301 | train_loss=0.4732 train_acc=80.05% | val_loss=0.4549 val_acc=82.84% | lr=1.000000e-05
Saved new best model to /tmp/bow_mlp_imdb_gaag2r2h.pt
Epoch 31/301 | train_loss=0.4654 train_acc=80.55% | val_loss=0.4498 val_acc=83.04% | lr=1.000000e-05
Saved new best model to /tmp/bow_mlp_imdb_gaag2r2h.pt
Epoch 32/301 | train_loss=0.4626 train_acc=80.91% | val_loss=0.4452 val_acc=83.06% | lr=1.000000e-05
Saved new best model to /tmp/bow_mlp_imdb_gaag2r2h.pt
Epoch 33/301 | train_loss=0.4562 train_acc=81.35% | val_loss=0.4402 val_acc=83.34% | lr=1.000000e-05
Saved new best model to /tmp/bow_mlp_imdb_gaag2r2h.pt
Epoch 34/301 | train_loss=0.4552 train_acc=81.12% | val_loss=0.4367 val_acc=83.66% | lr=1.000000e-05
Saved new best model to /tmp/bow_mlp_imdb_gaag2r2h.pt
Epoch 35/301 | train_loss=0.4455 train_acc=81.94% | val_loss=0.4324 val_acc=83.86% | lr=1.000000e-05
Saved new best model to /tmp/bow_mlp_imdb_gaag2r2h.pt
Epoch 36/301 | train_loss=0.4441 train_acc=81.64% | val_loss=0.4285 val_acc=84.12% | lr=1.000000e-05
Saved new best model to /tmp/bow_mlp_imdb_gaag2r2h.pt
Epoch 37/301 | train_loss=0.4407 train_acc=81.83% | val_loss=0.4250 val_acc=84.18% | lr=1.000000e-05
Saved new best model to /tmp/bow_mlp_imdb_gaag2r2h.pt
Epoch 38/301 | train_loss=0.4379 train_acc=82.09% | val_loss=0.4219 val_acc=84.26% | lr=1.000000e-05
Saved new best model to /tmp/bow_mlp_imdb_gaag2r2h.pt
Epoch 39/301 | train_loss=0.4320 train_acc=82.41% | val_loss=0.4185 val_acc=84.02% | lr=1.000000e-05
Epoch 40/301 | train_loss=0.4336 train_acc=82.18% | val_loss=0.4159 val_acc=84.12% | lr=1.000000e-05
Epoch 41/301 | train_loss=0.4281 train_acc=82.62% | val_loss=0.4130 val_acc=84.26% | lr=1.000000e-05
Epoch 42/301 | train_loss=0.4242 train_acc=83.00% | val_loss=0.4103 val_acc=84.36% | lr=1.000000e-05
Saved new best model to /tmp/bow_mlp_imdb_gaag2r2h.pt
Epoch 43/301 | train_loss=0.4205 train_acc=82.93% | val_loss=0.4080 val_acc=84.40% | lr=1.000000e-05
Saved new best model to /tmp/bow_mlp_imdb_gaag2r2h.pt
Epoch 44/301 | train_loss=0.4206 train_acc=82.94% | val_loss=0.4058 val_acc=84.48% | lr=1.000000e-05
Saved new best model to /tmp/bow_mlp_imdb_gaag2r2h.pt
Epoch 45/301 | train_loss=0.4156 train_acc=83.19% | val_loss=0.4031 val_acc=84.40% | lr=1.000000e-05
Epoch 46/301 | train_loss=0.4137 train_acc=83.44% | val_loss=0.4007 val_acc=84.52% | lr=1.000000e-05
Saved new best model to /tmp/bow_mlp_imdb_gaag2r2h.pt
Epoch 47/301 | train_loss=0.4077 train_acc=83.92% | val_loss=0.3982 val_acc=84.68% | lr=1.000000e-05
Saved new best model to /tmp/bow_mlp_imdb_gaag2r2h.pt
Epoch 48/301 | train_loss=0.4055 train_acc=83.69% | val_loss=0.3960 val_acc=84.58% | lr=1.000000e-05
Epoch 49/301 | train_loss=0.4061 train_acc=83.78% | val_loss=0.3942 val_acc=84.66% | lr=1.000000e-05
Epoch 50/301 | train_loss=0.4021 train_acc=83.91% | val_loss=0.3923 val_acc=84.80% | lr=1.000000e-05
Saved new best model to /tmp/bow_mlp_imdb_gaag2r2h.pt
Epoch 51/301 | train_loss=0.3974 train_acc=84.04% | val_loss=0.3902 val_acc=84.86% | lr=1.000000e-05
Saved new best model to /tmp/bow_mlp_imdb_gaag2r2h.pt
Epoch 52/301 | train_loss=0.3984 train_acc=83.98% | val_loss=0.3882 val_acc=84.88% | lr=1.000000e-05
Saved new best model to /tmp/bow_mlp_imdb_gaag2r2h.pt
Epoch 53/301 | train_loss=0.3973 train_acc=84.15% | val_loss=0.3870 val_acc=84.90% | lr=1.000000e-05
Saved new best model to /tmp/bow_mlp_imdb_gaag2r2h.pt
Epoch 54/301 | train_loss=0.3926 train_acc=84.69% | val_loss=0.3851 val_acc=85.00% | lr=1.000000e-05
Saved new best model to /tmp/bow_mlp_imdb_gaag2r2h.pt
Epoch 55/301 | train_loss=0.3905 train_acc=84.41% | val_loss=0.3835 val_acc=85.04% | lr=1.000000e-05
Saved new best model to /tmp/bow_mlp_imdb_gaag2r2h.pt
Epoch 56/301 | train_loss=0.3916 train_acc=84.09% | val_loss=0.3824 val_acc=85.06% | lr=1.000000e-05
Saved new best model to /tmp/bow_mlp_imdb_gaag2r2h.pt
Epoch 57/301 | train_loss=0.3883 train_acc=84.47% | val_loss=0.3811 val_acc=85.10% | lr=1.000000e-05
Saved new best model to /tmp/bow_mlp_imdb_gaag2r2h.pt
Epoch 58/301 | train_loss=0.3856 train_acc=84.44% | val_loss=0.3793 val_acc=85.04% | lr=1.000000e-05
Epoch 59/301 | train_loss=0.3855 train_acc=84.64% | val_loss=0.3783 val_acc=85.10% | lr=1.000000e-05
Epoch 60/301 | train_loss=0.3857 train_acc=84.80% | val_loss=0.3773 val_acc=85.24% | lr=1.000000e-05
Saved new best model to /tmp/bow_mlp_imdb_gaag2r2h.pt
Epoch 61/301 | train_loss=0.3823 train_acc=84.73% | val_loss=0.3759 val_acc=85.10% | lr=1.000000e-05
Epoch 62/301 | train_loss=0.3799 train_acc=84.98% | val_loss=0.3746 val_acc=85.02% | lr=1.000000e-05
Epoch 63/301 | train_loss=0.3791 train_acc=85.02% | val_loss=0.3732 val_acc=85.22% | lr=1.000000e-05
Epoch 64/301 | train_loss=0.3760 train_acc=85.09% | val_loss=0.3720 val_acc=85.18% | lr=1.000000e-05
Epoch 65/301 | train_loss=0.3739 train_acc=85.00% | val_loss=0.3710 val_acc=85.10% | lr=1.000000e-05
Epoch 66/301 | train_loss=0.3733 train_acc=85.17% | val_loss=0.3697 val_acc=85.16% | lr=1.000000e-05
Epoch 67/301 | train_loss=0.3723 train_acc=85.30% | val_loss=0.3689 val_acc=85.18% | lr=1.000000e-05
Epoch 68/301 | train_loss=0.3685 train_acc=85.23% | val_loss=0.3677 val_acc=85.06% | lr=1.000000e-05
Epoch 69/301 | train_loss=0.3679 train_acc=85.47% | val_loss=0.3670 val_acc=85.20% | lr=1.000000e-05
Epoch 70/301 | train_loss=0.3685 train_acc=85.49% | val_loss=0.3662 val_acc=85.18% | lr=1.000000e-05
Epoch 71/301 | train_loss=0.3648 train_acc=85.63% | val_loss=0.3651 val_acc=85.16% | lr=1.000000e-05
Epoch 72/301 | train_loss=0.3661 train_acc=85.41% | val_loss=0.3647 val_acc=85.14% | lr=1.000000e-05
Epoch 73/301 | train_loss=0.3649 train_acc=85.31% | val_loss=0.3639 val_acc=85.22% | lr=1.000000e-05
Epoch 74/301 | train_loss=0.3617 train_acc=85.77% | val_loss=0.3626 val_acc=85.06% | lr=1.000000e-05
Epoch 75/301 | train_loss=0.3623 train_acc=85.56% | val_loss=0.3621 val_acc=85.00% | lr=1.000000e-05
Epoch 76/301 | train_loss=0.3593 train_acc=85.66% | val_loss=0.3614 val_acc=85.12% | lr=1.000000e-05
Epoch 77/301 | train_loss=0.3585 train_acc=85.71% | val_loss=0.3607 val_acc=85.10% | lr=1.000000e-05
Epoch 78/301 | train_loss=0.3586 train_acc=85.82% | val_loss=0.3601 val_acc=85.08% | lr=1.000000e-05
Epoch 79/301 | train_loss=0.3588 train_acc=85.67% | val_loss=0.3597 val_acc=85.12% | lr=1.000000e-05
Epoch 80/301 | train_loss=0.3566 train_acc=85.85% | val_loss=0.3589 val_acc=85.18% | lr=1.000000e-05
Epoch 81/301 | train_loss=0.3560 train_acc=85.75% | val_loss=0.3583 val_acc=85.18% | lr=1.000000e-05
Epoch 82/301 | train_loss=0.3542 train_acc=86.15% | val_loss=0.3576 val_acc=85.18% | lr=1.000000e-05
Epoch 83/301 | train_loss=0.3532 train_acc=85.82% | val_loss=0.3572 val_acc=85.12% | lr=1.000000e-05
Epoch 84/301 | train_loss=0.3506 train_acc=85.79% | val_loss=0.3561 val_acc=85.10% | lr=1.000000e-05
Epoch 85/301 | train_loss=0.3484 train_acc=86.13% | val_loss=0.3558 val_acc=85.10% | lr=1.000000e-05
Epoch 86/301 | train_loss=0.3523 train_acc=86.12% | val_loss=0.3554 val_acc=85.22% | lr=1.000000e-05
Epoch 87/301 | train_loss=0.3501 train_acc=86.04% | val_loss=0.3550 val_acc=85.26% | lr=1.000000e-05
Saved new best model to /tmp/bow_mlp_imdb_gaag2r2h.pt
Epoch 88/301 | train_loss=0.3470 train_acc=86.08% | val_loss=0.3543 val_acc=85.26% | lr=1.000000e-05
Epoch 89/301 | train_loss=0.3456 train_acc=86.06% | val_loss=0.3538 val_acc=85.28% | lr=1.000000e-05
Saved new best model to /tmp/bow_mlp_imdb_gaag2r2h.pt
Epoch 90/301 | train_loss=0.3447 train_acc=86.30% | val_loss=0.3531 val_acc=85.24% | lr=1.000000e-05
Epoch 91/301 | train_loss=0.3454 train_acc=86.14% | val_loss=0.3528 val_acc=85.22% | lr=1.000000e-05
Epoch 92/301 | train_loss=0.3455 train_acc=86.36% | val_loss=0.3522 val_acc=85.20% | lr=1.000000e-05
Epoch 93/301 | train_loss=0.3452 train_acc=86.30% | val_loss=0.3520 val_acc=85.30% | lr=1.000000e-05
Saved new best model to /tmp/bow_mlp_imdb_gaag2r2h.pt
Epoch 94/301 | train_loss=0.3429 train_acc=86.28% | val_loss=0.3515 val_acc=85.16% | lr=1.000000e-05
Epoch 95/301 | train_loss=0.3409 train_acc=86.42% | val_loss=0.3508 val_acc=85.22% | lr=1.000000e-05
Epoch 96/301 | train_loss=0.3399 train_acc=86.54% | val_loss=0.3506 val_acc=85.26% | lr=1.000000e-05
Epoch 97/301 | train_loss=0.3407 train_acc=86.53% | val_loss=0.3501 val_acc=85.24% | lr=1.000000e-05
Epoch 98/301 | train_loss=0.3379 train_acc=86.42% | val_loss=0.3497 val_acc=85.30% | lr=1.000000e-05
Epoch 99/301 | train_loss=0.3407 train_acc=86.31% | val_loss=0.3495 val_acc=85.26% | lr=1.000000e-05
Epoch 100/301 | train_loss=0.3361 train_acc=86.74% | val_loss=0.3490 val_acc=85.30% | lr=1.000000e-05
Epoch 101/301 | train_loss=0.3376 train_acc=86.59% | val_loss=0.3486 val_acc=85.30% | lr=1.000000e-05
Epoch 102/301 | train_loss=0.3357 train_acc=86.58% | val_loss=0.3483 val_acc=85.32% | lr=1.000000e-05
Saved new best model to /tmp/bow_mlp_imdb_gaag2r2h.pt
Epoch 103/301 | train_loss=0.3353 train_acc=86.61% | val_loss=0.3480 val_acc=85.32% | lr=1.000000e-05
Epoch 104/301 | train_loss=0.3336 train_acc=86.78% | val_loss=0.3477 val_acc=85.34% | lr=1.000000e-05
Saved new best model to /tmp/bow_mlp_imdb_gaag2r2h.pt
Epoch 105/301 | train_loss=0.3339 train_acc=86.65% | val_loss=0.3474 val_acc=85.28% | lr=1.000000e-05
Epoch 106/301 | train_loss=0.3304 train_acc=86.83% | val_loss=0.3470 val_acc=85.42% | lr=1.000000e-05
Saved new best model to /tmp/bow_mlp_imdb_gaag2r2h.pt
Epoch 107/301 | train_loss=0.3313 train_acc=86.88% | val_loss=0.3466 val_acc=85.42% | lr=1.000000e-05
Epoch 108/301 | train_loss=0.3305 train_acc=86.59% | val_loss=0.3463 val_acc=85.26% | lr=1.000000e-05
Epoch 109/301 | train_loss=0.3321 train_acc=86.73% | val_loss=0.3461 val_acc=85.40% | lr=1.000000e-05
Epoch 110/301 | train_loss=0.3284 train_acc=86.81% | val_loss=0.3457 val_acc=85.24% | lr=1.000000e-05
Epoch 111/301 | train_loss=0.3300 train_acc=86.58% | val_loss=0.3455 val_acc=85.42% | lr=1.000000e-05
Epoch 112/301 | train_loss=0.3284 train_acc=86.80% | val_loss=0.3452 val_acc=85.38% | lr=1.000000e-05
Epoch 113/301 | train_loss=0.3276 train_acc=86.72% | val_loss=0.3449 val_acc=85.36% | lr=1.000000e-05
Epoch 114/301 | train_loss=0.3266 train_acc=86.67% | val_loss=0.3448 val_acc=85.34% | lr=1.000000e-05
Epoch 115/301 | train_loss=0.3271 train_acc=86.93% | val_loss=0.3445 val_acc=85.48% | lr=1.000000e-05
Saved new best model to /tmp/bow_mlp_imdb_gaag2r2h.pt
Epoch 116/301 | train_loss=0.3255 train_acc=86.86% | val_loss=0.3443 val_acc=85.42% | lr=1.000000e-05
Epoch 117/301 | train_loss=0.3256 train_acc=87.11% | val_loss=0.3440 val_acc=85.48% | lr=1.000000e-05
Epoch 118/301 | train_loss=0.3282 train_acc=86.77% | val_loss=0.3439 val_acc=85.50% | lr=1.000000e-05
Saved new best model to /tmp/bow_mlp_imdb_gaag2r2h.pt
Epoch 119/301 | train_loss=0.3235 train_acc=87.03% | val_loss=0.3435 val_acc=85.44% | lr=1.000000e-05
Epoch 120/301 | train_loss=0.3247 train_acc=86.93% | val_loss=0.3434 val_acc=85.56% | lr=1.000000e-05
Saved new best model to /tmp/bow_mlp_imdb_gaag2r2h.pt
Epoch 121/301 | train_loss=0.3219 train_acc=86.96% | val_loss=0.3432 val_acc=85.42% | lr=1.000000e-05
Epoch 122/301 | train_loss=0.3223 train_acc=87.11% | val_loss=0.3430 val_acc=85.34% | lr=1.000000e-05
Epoch 123/301 | train_loss=0.3230 train_acc=86.91% | val_loss=0.3428 val_acc=85.42% | lr=1.000000e-05
Epoch 124/301 | train_loss=0.3199 train_acc=87.19% | val_loss=0.3426 val_acc=85.48% | lr=1.000000e-05
Epoch 125/301 | train_loss=0.3206 train_acc=87.21% | val_loss=0.3425 val_acc=85.42% | lr=1.000000e-05
Epoch 126/301 | train_loss=0.3199 train_acc=87.02% | val_loss=0.3423 val_acc=85.52% | lr=1.000000e-05
Epoch 127/301 | train_loss=0.3199 train_acc=87.34% | val_loss=0.3422 val_acc=85.52% | lr=1.000000e-05
Epoch 128/301 | train_loss=0.3196 train_acc=87.19% | val_loss=0.3420 val_acc=85.50% | lr=1.000000e-05
Epoch 129/301 | train_loss=0.3202 train_acc=87.28% | val_loss=0.3417 val_acc=85.50% | lr=1.000000e-05
Epoch 130/301 | train_loss=0.3175 train_acc=87.17% | val_loss=0.3417 val_acc=85.60% | lr=1.000000e-05
Saved new best model to /tmp/bow_mlp_imdb_gaag2r2h.pt
Epoch 131/301 | train_loss=0.3157 train_acc=87.22% | val_loss=0.3415 val_acc=85.48% | lr=1.000000e-05
Epoch 132/301 | train_loss=0.3167 train_acc=87.28% | val_loss=0.3415 val_acc=85.56% | lr=1.000000e-05
Epoch 133/301 | train_loss=0.3177 train_acc=87.22% | val_loss=0.3414 val_acc=85.60% | lr=1.000000e-05
Epoch 134/301 | train_loss=0.3149 train_acc=87.41% | val_loss=0.3412 val_acc=85.54% | lr=1.000000e-05
Epoch 135/301 | train_loss=0.3143 train_acc=87.32% | val_loss=0.3411 val_acc=85.68% | lr=1.000000e-05
Saved new best model to /tmp/bow_mlp_imdb_gaag2r2h.pt
Epoch 136/301 | train_loss=0.3150 train_acc=87.41% | val_loss=0.3410 val_acc=85.52% | lr=1.000000e-05
Epoch 137/301 | train_loss=0.3149 train_acc=87.37% | val_loss=0.3408 val_acc=85.62% | lr=1.000000e-05
Epoch 138/301 | train_loss=0.3156 train_acc=87.42% | val_loss=0.3407 val_acc=85.52% | lr=1.000000e-05
Epoch 139/301 | train_loss=0.3137 train_acc=87.41% | val_loss=0.3407 val_acc=85.52% | lr=1.000000e-05
Epoch 140/301 | train_loss=0.3133 train_acc=87.52% | val_loss=0.3406 val_acc=85.54% | lr=1.000000e-05
Epoch 141/301 | train_loss=0.3139 train_acc=87.19% | val_loss=0.3404 val_acc=85.58% | lr=1.000000e-05
Epoch 142/301 | train_loss=0.3096 train_acc=87.26% | val_loss=0.3405 val_acc=85.56% | lr=1.000000e-05
Epoch 143/301 | train_loss=0.3147 train_acc=87.20% | val_loss=0.3401 val_acc=85.58% | lr=1.000000e-05
Epoch 144/301 | train_loss=0.3103 train_acc=87.56% | val_loss=0.3402 val_acc=85.62% | lr=1.000000e-05
Epoch 145/301 | train_loss=0.3077 train_acc=87.50% | val_loss=0.3403 val_acc=85.50% | lr=1.000000e-05
Epoch 146/301 | train_loss=0.3101 train_acc=87.43% | val_loss=0.3401 val_acc=85.50% | lr=1.000000e-05
Epoch 147/301 | train_loss=0.3091 train_acc=87.52% | val_loss=0.3400 val_acc=85.54% | lr=1.000000e-05
Epoch 148/301 | train_loss=0.3077 train_acc=87.55% | val_loss=0.3402 val_acc=85.52% | lr=1.000000e-05
Epoch 149/301 | train_loss=0.3065 train_acc=87.49% | val_loss=0.3399 val_acc=85.54% | lr=1.000000e-05
Epoch 150/301 | train_loss=0.3052 train_acc=87.57% | val_loss=0.3400 val_acc=85.48% | lr=1.000000e-05
Epoch 151/301 | train_loss=0.3073 train_acc=87.54% | val_loss=0.3400 val_acc=85.46% | lr=1.000000e-05
Epoch 152/301 | train_loss=0.3071 train_acc=87.61% | val_loss=0.3399 val_acc=85.50% | lr=1.000000e-05
Epoch 153/301 | train_loss=0.3084 train_acc=87.59% | val_loss=0.3397 val_acc=85.46% | lr=1.000000e-05
Epoch 154/301 | train_loss=0.3052 train_acc=87.69% | val_loss=0.3396 val_acc=85.48% | lr=1.000000e-05
Epoch 155/301 | train_loss=0.3029 train_acc=87.73% | val_loss=0.3398 val_acc=85.50% | lr=1.000000e-05
Epoch 156/301 | train_loss=0.3074 train_acc=87.60% | val_loss=0.3398 val_acc=85.46% | lr=1.000000e-05
Epoch 157/301 | train_loss=0.3059 train_acc=87.53% | val_loss=0.3394 val_acc=85.52% | lr=1.000000e-05
Epoch 158/301 | train_loss=0.3065 train_acc=87.48% | val_loss=0.3393 val_acc=85.52% | lr=1.000000e-05
Epoch 159/301 | train_loss=0.3033 train_acc=87.73% | val_loss=0.3395 val_acc=85.44% | lr=1.000000e-05
Epoch 160/301 | train_loss=0.3036 train_acc=87.67% | val_loss=0.3394 val_acc=85.48% | lr=1.000000e-05
Epoch 161/301 | train_loss=0.3049 train_acc=87.61% | val_loss=0.3393 val_acc=85.50% | lr=1.000000e-05
Epoch 162/301 | train_loss=0.3032 train_acc=87.73% | val_loss=0.3394 val_acc=85.54% | lr=1.000000e-05
Epoch 163/301 | train_loss=0.3029 train_acc=87.83% | val_loss=0.3392 val_acc=85.42% | lr=1.000000e-05
Epoch 164/301 | train_loss=0.3020 train_acc=87.80% | val_loss=0.3390 val_acc=85.48% | lr=1.000000e-05
Epoch 165/301 | train_loss=0.3009 train_acc=87.79% | val_loss=0.3393 val_acc=85.52% | lr=1.000000e-05
Epoch 166/301 | train_loss=0.3024 train_acc=87.81% | val_loss=0.3393 val_acc=85.52% | lr=1.000000e-05
Epoch 167/301 | train_loss=0.3010 train_acc=87.81% | val_loss=0.3395 val_acc=85.38% | lr=1.000000e-05
Epoch 168/301 | train_loss=0.2988 train_acc=87.99% | val_loss=0.3391 val_acc=85.52% | lr=1.000000e-05
Epoch 169/301 | train_loss=0.2992 train_acc=87.72% | val_loss=0.3391 val_acc=85.48% | lr=1.000000e-05
Epoch 170/301 | train_loss=0.2991 train_acc=88.03% | val_loss=0.3390 val_acc=85.48% | lr=1.000000e-05
Epoch 171/301 | train_loss=0.3003 train_acc=87.84% | val_loss=0.3393 val_acc=85.48% | lr=1.000000e-05
Epoch 172/301 | train_loss=0.2993 train_acc=87.94% | val_loss=0.3394 val_acc=85.32% | lr=1.000000e-05
Epoch 173/301 | train_loss=0.2980 train_acc=88.02% | val_loss=0.3394 val_acc=85.50% | lr=1.000000e-05
Epoch 174/301 | train_loss=0.2967 train_acc=87.77% | val_loss=0.3397 val_acc=85.42% | lr=1.000000e-05
Epoch 175/301 | train_loss=0.2964 train_acc=88.11% | val_loss=0.3394 val_acc=85.48% | lr=1.000000e-05
Epoch 176/301 | train_loss=0.2964 train_acc=87.94% | val_loss=0.3394 val_acc=85.42% | lr=1.000000e-05
Epoch 177/301 | train_loss=0.2941 train_acc=88.09% | val_loss=0.3395 val_acc=85.48% | lr=1.000000e-05
Epoch 178/301 | train_loss=0.2960 train_acc=88.17% | val_loss=0.3394 val_acc=85.54% | lr=1.000000e-05
Validation loss has not improved for 8 epochs. Stopping training.
Test loss=0.3370 | Test accuracy=85.70%
