Loading IMDb dataset from local disk: /home/daniel/l/masteruppsats/np-reg/language/data/imdb_hf
Using device: cuda
BoW vocab size: 1562
Epoch 1/301 | train_loss=0.7420 train_acc=49.98% | val_loss=0.7262 val_acc=50.08% | lr=1.000000e-05
Saved new best model to /tmp/bow_mlp_imdb_mld746hh.pt
Epoch 2/301 | train_loss=0.7218 train_acc=50.34% | val_loss=0.7131 val_acc=50.28% | lr=1.000000e-05
Saved new best model to /tmp/bow_mlp_imdb_mld746hh.pt
Epoch 3/301 | train_loss=0.7126 train_acc=50.88% | val_loss=0.7058 val_acc=51.06% | lr=1.000000e-05
Saved new best model to /tmp/bow_mlp_imdb_mld746hh.pt
Epoch 4/301 | train_loss=0.7085 train_acc=51.14% | val_loss=0.7014 val_acc=51.62% | lr=1.000000e-05
Saved new best model to /tmp/bow_mlp_imdb_mld746hh.pt
Epoch 5/301 | train_loss=0.7038 train_acc=51.65% | val_loss=0.6977 val_acc=52.02% | lr=1.000000e-05
Saved new best model to /tmp/bow_mlp_imdb_mld746hh.pt
Epoch 6/301 | train_loss=0.7005 train_acc=51.94% | val_loss=0.6945 val_acc=52.54% | lr=1.000000e-05
Saved new best model to /tmp/bow_mlp_imdb_mld746hh.pt
Epoch 7/301 | train_loss=0.6987 train_acc=52.33% | val_loss=0.6915 val_acc=53.06% | lr=1.000000e-05
Saved new best model to /tmp/bow_mlp_imdb_mld746hh.pt
Epoch 8/301 | train_loss=0.6962 train_acc=52.84% | val_loss=0.6885 val_acc=53.30% | lr=1.000000e-05
Saved new best model to /tmp/bow_mlp_imdb_mld746hh.pt
Epoch 9/301 | train_loss=0.6927 train_acc=53.12% | val_loss=0.6855 val_acc=53.84% | lr=1.000000e-05
Saved new best model to /tmp/bow_mlp_imdb_mld746hh.pt
Epoch 10/301 | train_loss=0.6906 train_acc=53.46% | val_loss=0.6825 val_acc=54.34% | lr=1.000000e-05
Saved new best model to /tmp/bow_mlp_imdb_mld746hh.pt
Epoch 11/301 | train_loss=0.6861 train_acc=54.21% | val_loss=0.6793 val_acc=54.72% | lr=1.000000e-05
Saved new best model to /tmp/bow_mlp_imdb_mld746hh.pt
Epoch 12/301 | train_loss=0.6838 train_acc=54.62% | val_loss=0.6761 val_acc=55.18% | lr=1.000000e-05
Saved new best model to /tmp/bow_mlp_imdb_mld746hh.pt
Epoch 13/301 | train_loss=0.6817 train_acc=54.67% | val_loss=0.6728 val_acc=55.60% | lr=1.000000e-05
Saved new best model to /tmp/bow_mlp_imdb_mld746hh.pt
Epoch 14/301 | train_loss=0.6758 train_acc=55.35% | val_loss=0.6683 val_acc=55.90% | lr=1.000000e-05
Saved new best model to /tmp/bow_mlp_imdb_mld746hh.pt
Epoch 15/301 | train_loss=0.6717 train_acc=56.02% | val_loss=0.6635 val_acc=56.58% | lr=1.000000e-05
Saved new best model to /tmp/bow_mlp_imdb_mld746hh.pt
Epoch 16/301 | train_loss=0.6703 train_acc=56.35% | val_loss=0.6595 val_acc=57.02% | lr=1.000000e-05
Saved new best model to /tmp/bow_mlp_imdb_mld746hh.pt
Epoch 17/301 | train_loss=0.6654 train_acc=56.79% | val_loss=0.6554 val_acc=57.68% | lr=1.000000e-05
Saved new best model to /tmp/bow_mlp_imdb_mld746hh.pt
Epoch 18/301 | train_loss=0.6604 train_acc=57.98% | val_loss=0.6511 val_acc=58.36% | lr=1.000000e-05
Saved new best model to /tmp/bow_mlp_imdb_mld746hh.pt
Epoch 19/301 | train_loss=0.6563 train_acc=58.41% | val_loss=0.6471 val_acc=58.98% | lr=1.000000e-05
Saved new best model to /tmp/bow_mlp_imdb_mld746hh.pt
Epoch 20/301 | train_loss=0.6547 train_acc=58.58% | val_loss=0.6433 val_acc=60.14% | lr=1.000000e-05
Saved new best model to /tmp/bow_mlp_imdb_mld746hh.pt
Epoch 21/301 | train_loss=0.6491 train_acc=59.41% | val_loss=0.6394 val_acc=60.76% | lr=1.000000e-05
Saved new best model to /tmp/bow_mlp_imdb_mld746hh.pt
Epoch 22/301 | train_loss=0.6474 train_acc=59.82% | val_loss=0.6357 val_acc=61.48% | lr=1.000000e-05
Saved new best model to /tmp/bow_mlp_imdb_mld746hh.pt
Epoch 23/301 | train_loss=0.6440 train_acc=60.55% | val_loss=0.6321 val_acc=62.14% | lr=1.000000e-05
Saved new best model to /tmp/bow_mlp_imdb_mld746hh.pt
Epoch 24/301 | train_loss=0.6407 train_acc=60.98% | val_loss=0.6285 val_acc=62.64% | lr=1.000000e-05
Saved new best model to /tmp/bow_mlp_imdb_mld746hh.pt
Epoch 25/301 | train_loss=0.6371 train_acc=61.78% | val_loss=0.6248 val_acc=63.44% | lr=1.000000e-05
Saved new best model to /tmp/bow_mlp_imdb_mld746hh.pt
Epoch 26/301 | train_loss=0.6364 train_acc=61.67% | val_loss=0.6216 val_acc=63.94% | lr=1.000000e-05
Saved new best model to /tmp/bow_mlp_imdb_mld746hh.pt
Epoch 27/301 | train_loss=0.6313 train_acc=62.24% | val_loss=0.6181 val_acc=64.32% | lr=1.000000e-05
Saved new best model to /tmp/bow_mlp_imdb_mld746hh.pt
Epoch 28/301 | train_loss=0.6262 train_acc=62.95% | val_loss=0.6136 val_acc=64.98% | lr=1.000000e-05
Saved new best model to /tmp/bow_mlp_imdb_mld746hh.pt
Epoch 29/301 | train_loss=0.6213 train_acc=63.48% | val_loss=0.6087 val_acc=65.70% | lr=1.000000e-05
Saved new best model to /tmp/bow_mlp_imdb_mld746hh.pt
Epoch 30/301 | train_loss=0.6199 train_acc=63.87% | val_loss=0.6042 val_acc=66.30% | lr=1.000000e-05
Saved new best model to /tmp/bow_mlp_imdb_mld746hh.pt
Epoch 31/301 | train_loss=0.6145 train_acc=64.91% | val_loss=0.5998 val_acc=67.24% | lr=1.000000e-05
Saved new best model to /tmp/bow_mlp_imdb_mld746hh.pt
Epoch 32/301 | train_loss=0.6120 train_acc=65.16% | val_loss=0.5955 val_acc=68.32% | lr=1.000000e-05
Saved new best model to /tmp/bow_mlp_imdb_mld746hh.pt
Epoch 33/301 | train_loss=0.6079 train_acc=65.32% | val_loss=0.5918 val_acc=69.02% | lr=1.000000e-05
Saved new best model to /tmp/bow_mlp_imdb_mld746hh.pt
Epoch 34/301 | train_loss=0.6049 train_acc=66.17% | val_loss=0.5881 val_acc=69.84% | lr=1.000000e-05
Saved new best model to /tmp/bow_mlp_imdb_mld746hh.pt
Epoch 35/301 | train_loss=0.6000 train_acc=66.77% | val_loss=0.5840 val_acc=70.12% | lr=1.000000e-05
Saved new best model to /tmp/bow_mlp_imdb_mld746hh.pt
Epoch 36/301 | train_loss=0.5975 train_acc=67.03% | val_loss=0.5804 val_acc=70.62% | lr=1.000000e-05
Saved new best model to /tmp/bow_mlp_imdb_mld746hh.pt
Epoch 37/301 | train_loss=0.5942 train_acc=67.50% | val_loss=0.5768 val_acc=71.52% | lr=1.000000e-05
Saved new best model to /tmp/bow_mlp_imdb_mld746hh.pt
Epoch 38/301 | train_loss=0.5901 train_acc=67.86% | val_loss=0.5731 val_acc=71.80% | lr=1.000000e-05
Saved new best model to /tmp/bow_mlp_imdb_mld746hh.pt
Epoch 39/301 | train_loss=0.5895 train_acc=68.04% | val_loss=0.5698 val_acc=72.34% | lr=1.000000e-05
Saved new best model to /tmp/bow_mlp_imdb_mld746hh.pt
Epoch 40/301 | train_loss=0.5847 train_acc=68.87% | val_loss=0.5665 val_acc=72.80% | lr=1.000000e-05
Saved new best model to /tmp/bow_mlp_imdb_mld746hh.pt
Epoch 41/301 | train_loss=0.5811 train_acc=69.14% | val_loss=0.5630 val_acc=73.16% | lr=1.000000e-05
Saved new best model to /tmp/bow_mlp_imdb_mld746hh.pt
Epoch 42/301 | train_loss=0.5777 train_acc=69.71% | val_loss=0.5599 val_acc=73.84% | lr=1.000000e-05
Saved new best model to /tmp/bow_mlp_imdb_mld746hh.pt
Epoch 43/301 | train_loss=0.5772 train_acc=70.03% | val_loss=0.5568 val_acc=74.36% | lr=1.000000e-05
Saved new best model to /tmp/bow_mlp_imdb_mld746hh.pt
Epoch 44/301 | train_loss=0.5740 train_acc=70.15% | val_loss=0.5536 val_acc=74.98% | lr=1.000000e-05
Saved new best model to /tmp/bow_mlp_imdb_mld746hh.pt
Epoch 45/301 | train_loss=0.5700 train_acc=70.18% | val_loss=0.5505 val_acc=75.32% | lr=1.000000e-05
Saved new best model to /tmp/bow_mlp_imdb_mld746hh.pt
Epoch 46/301 | train_loss=0.5693 train_acc=70.66% | val_loss=0.5476 val_acc=75.84% | lr=1.000000e-05
Saved new best model to /tmp/bow_mlp_imdb_mld746hh.pt
Epoch 47/301 | train_loss=0.5633 train_acc=71.66% | val_loss=0.5442 val_acc=76.42% | lr=1.000000e-05
Saved new best model to /tmp/bow_mlp_imdb_mld746hh.pt
Epoch 48/301 | train_loss=0.5626 train_acc=71.03% | val_loss=0.5416 val_acc=76.76% | lr=1.000000e-05
Saved new best model to /tmp/bow_mlp_imdb_mld746hh.pt
Epoch 49/301 | train_loss=0.5589 train_acc=71.83% | val_loss=0.5385 val_acc=77.30% | lr=1.000000e-05
Saved new best model to /tmp/bow_mlp_imdb_mld746hh.pt
Epoch 50/301 | train_loss=0.5579 train_acc=71.88% | val_loss=0.5358 val_acc=77.62% | lr=1.000000e-05
Saved new best model to /tmp/bow_mlp_imdb_mld746hh.pt
Epoch 51/301 | train_loss=0.5580 train_acc=71.98% | val_loss=0.5333 val_acc=77.80% | lr=1.000000e-05
Saved new best model to /tmp/bow_mlp_imdb_mld746hh.pt
Epoch 52/301 | train_loss=0.5493 train_acc=73.00% | val_loss=0.5304 val_acc=78.00% | lr=1.000000e-05
Saved new best model to /tmp/bow_mlp_imdb_mld746hh.pt
Epoch 53/301 | train_loss=0.5487 train_acc=72.79% | val_loss=0.5276 val_acc=78.26% | lr=1.000000e-05
Saved new best model to /tmp/bow_mlp_imdb_mld746hh.pt
Epoch 54/301 | train_loss=0.5490 train_acc=73.41% | val_loss=0.5250 val_acc=78.48% | lr=1.000000e-05
Saved new best model to /tmp/bow_mlp_imdb_mld746hh.pt
Epoch 55/301 | train_loss=0.5453 train_acc=73.74% | val_loss=0.5228 val_acc=78.96% | lr=1.000000e-05
Saved new best model to /tmp/bow_mlp_imdb_mld746hh.pt
Epoch 56/301 | train_loss=0.5405 train_acc=74.02% | val_loss=0.5199 val_acc=79.08% | lr=1.000000e-05
Saved new best model to /tmp/bow_mlp_imdb_mld746hh.pt
Epoch 57/301 | train_loss=0.5395 train_acc=73.90% | val_loss=0.5172 val_acc=79.40% | lr=1.000000e-05
Saved new best model to /tmp/bow_mlp_imdb_mld746hh.pt
Epoch 58/301 | train_loss=0.5388 train_acc=74.23% | val_loss=0.5149 val_acc=79.48% | lr=1.000000e-05
Saved new best model to /tmp/bow_mlp_imdb_mld746hh.pt
Epoch 59/301 | train_loss=0.5365 train_acc=74.62% | val_loss=0.5126 val_acc=79.90% | lr=1.000000e-05
Saved new best model to /tmp/bow_mlp_imdb_mld746hh.pt
Epoch 60/301 | train_loss=0.5328 train_acc=75.21% | val_loss=0.5098 val_acc=80.04% | lr=1.000000e-05
Saved new best model to /tmp/bow_mlp_imdb_mld746hh.pt
Epoch 61/301 | train_loss=0.5311 train_acc=74.94% | val_loss=0.5076 val_acc=80.34% | lr=1.000000e-05
Saved new best model to /tmp/bow_mlp_imdb_mld746hh.pt
Epoch 62/301 | train_loss=0.5295 train_acc=75.44% | val_loss=0.5053 val_acc=80.48% | lr=1.000000e-05
Saved new best model to /tmp/bow_mlp_imdb_mld746hh.pt
Epoch 63/301 | train_loss=0.5275 train_acc=75.41% | val_loss=0.5033 val_acc=80.76% | lr=1.000000e-05
Saved new best model to /tmp/bow_mlp_imdb_mld746hh.pt
Epoch 64/301 | train_loss=0.5256 train_acc=75.41% | val_loss=0.5007 val_acc=81.08% | lr=1.000000e-05
Saved new best model to /tmp/bow_mlp_imdb_mld746hh.pt
Epoch 65/301 | train_loss=0.5223 train_acc=75.83% | val_loss=0.4984 val_acc=81.22% | lr=1.000000e-05
Saved new best model to /tmp/bow_mlp_imdb_mld746hh.pt
Epoch 66/301 | train_loss=0.5206 train_acc=75.90% | val_loss=0.4961 val_acc=81.42% | lr=1.000000e-05
Saved new best model to /tmp/bow_mlp_imdb_mld746hh.pt
Epoch 67/301 | train_loss=0.5177 train_acc=76.31% | val_loss=0.4938 val_acc=81.50% | lr=1.000000e-05
Saved new best model to /tmp/bow_mlp_imdb_mld746hh.pt
Epoch 68/301 | train_loss=0.5170 train_acc=76.47% | val_loss=0.4918 val_acc=81.60% | lr=1.000000e-05
Saved new best model to /tmp/bow_mlp_imdb_mld746hh.pt
Epoch 69/301 | train_loss=0.5162 train_acc=76.52% | val_loss=0.4899 val_acc=81.80% | lr=1.000000e-05
Saved new best model to /tmp/bow_mlp_imdb_mld746hh.pt
Epoch 70/301 | train_loss=0.5125 train_acc=76.89% | val_loss=0.4878 val_acc=81.86% | lr=1.000000e-05
Saved new best model to /tmp/bow_mlp_imdb_mld746hh.pt
Epoch 71/301 | train_loss=0.5111 train_acc=76.98% | val_loss=0.4857 val_acc=82.04% | lr=1.000000e-05
Saved new best model to /tmp/bow_mlp_imdb_mld746hh.pt
Epoch 72/301 | train_loss=0.5060 train_acc=77.09% | val_loss=0.4834 val_acc=82.18% | lr=1.000000e-05
Saved new best model to /tmp/bow_mlp_imdb_mld746hh.pt
Epoch 73/301 | train_loss=0.5094 train_acc=77.05% | val_loss=0.4815 val_acc=82.28% | lr=1.000000e-05
Saved new best model to /tmp/bow_mlp_imdb_mld746hh.pt
Epoch 74/301 | train_loss=0.5049 train_acc=77.20% | val_loss=0.4794 val_acc=82.08% | lr=1.000000e-05
Epoch 75/301 | train_loss=0.5039 train_acc=77.48% | val_loss=0.4774 val_acc=82.16% | lr=1.000000e-05
Epoch 76/301 | train_loss=0.5026 train_acc=77.56% | val_loss=0.4754 val_acc=82.22% | lr=1.000000e-05
Epoch 77/301 | train_loss=0.4993 train_acc=77.90% | val_loss=0.4732 val_acc=82.40% | lr=1.000000e-05
Saved new best model to /tmp/bow_mlp_imdb_mld746hh.pt
Epoch 78/301 | train_loss=0.4983 train_acc=77.50% | val_loss=0.4706 val_acc=82.44% | lr=1.000000e-05
Saved new best model to /tmp/bow_mlp_imdb_mld746hh.pt
Epoch 79/301 | train_loss=0.4934 train_acc=77.91% | val_loss=0.4683 val_acc=82.58% | lr=1.000000e-05
Saved new best model to /tmp/bow_mlp_imdb_mld746hh.pt
Epoch 80/301 | train_loss=0.4936 train_acc=77.87% | val_loss=0.4664 val_acc=82.74% | lr=1.000000e-05
Saved new best model to /tmp/bow_mlp_imdb_mld746hh.pt
Epoch 81/301 | train_loss=0.4898 train_acc=78.30% | val_loss=0.4644 val_acc=82.90% | lr=1.000000e-05
Saved new best model to /tmp/bow_mlp_imdb_mld746hh.pt
Epoch 82/301 | train_loss=0.4930 train_acc=78.23% | val_loss=0.4628 val_acc=83.06% | lr=1.000000e-05
Saved new best model to /tmp/bow_mlp_imdb_mld746hh.pt
Epoch 83/301 | train_loss=0.4883 train_acc=78.39% | val_loss=0.4611 val_acc=83.06% | lr=1.000000e-05
Epoch 84/301 | train_loss=0.4877 train_acc=78.45% | val_loss=0.4590 val_acc=83.10% | lr=1.000000e-05
Saved new best model to /tmp/bow_mlp_imdb_mld746hh.pt
Epoch 85/301 | train_loss=0.4846 train_acc=78.59% | val_loss=0.4571 val_acc=83.22% | lr=1.000000e-05
Saved new best model to /tmp/bow_mlp_imdb_mld746hh.pt
Epoch 86/301 | train_loss=0.4838 train_acc=78.83% | val_loss=0.4555 val_acc=83.38% | lr=1.000000e-05
Saved new best model to /tmp/bow_mlp_imdb_mld746hh.pt
Epoch 87/301 | train_loss=0.4831 train_acc=78.72% | val_loss=0.4539 val_acc=83.42% | lr=1.000000e-05
Saved new best model to /tmp/bow_mlp_imdb_mld746hh.pt
Epoch 88/301 | train_loss=0.4813 train_acc=79.25% | val_loss=0.4521 val_acc=83.62% | lr=1.000000e-05
Saved new best model to /tmp/bow_mlp_imdb_mld746hh.pt
Epoch 89/301 | train_loss=0.4780 train_acc=79.30% | val_loss=0.4508 val_acc=83.58% | lr=1.000000e-05
Epoch 90/301 | train_loss=0.4761 train_acc=79.30% | val_loss=0.4490 val_acc=83.64% | lr=1.000000e-05
Saved new best model to /tmp/bow_mlp_imdb_mld746hh.pt
Epoch 91/301 | train_loss=0.4745 train_acc=79.58% | val_loss=0.4474 val_acc=83.72% | lr=1.000000e-05
Saved new best model to /tmp/bow_mlp_imdb_mld746hh.pt
Epoch 92/301 | train_loss=0.4710 train_acc=79.74% | val_loss=0.4455 val_acc=83.86% | lr=1.000000e-05
Saved new best model to /tmp/bow_mlp_imdb_mld746hh.pt
Epoch 93/301 | train_loss=0.4709 train_acc=79.77% | val_loss=0.4437 val_acc=83.82% | lr=1.000000e-05
Epoch 94/301 | train_loss=0.4687 train_acc=79.72% | val_loss=0.4422 val_acc=83.86% | lr=1.000000e-05
Epoch 95/301 | train_loss=0.4686 train_acc=79.86% | val_loss=0.4409 val_acc=84.00% | lr=1.000000e-05
Saved new best model to /tmp/bow_mlp_imdb_mld746hh.pt
Epoch 96/301 | train_loss=0.4665 train_acc=79.67% | val_loss=0.4396 val_acc=83.94% | lr=1.000000e-05
Epoch 97/301 | train_loss=0.4654 train_acc=79.90% | val_loss=0.4379 val_acc=84.14% | lr=1.000000e-05
Saved new best model to /tmp/bow_mlp_imdb_mld746hh.pt
Epoch 98/301 | train_loss=0.4633 train_acc=80.13% | val_loss=0.4366 val_acc=84.24% | lr=1.000000e-05
Saved new best model to /tmp/bow_mlp_imdb_mld746hh.pt
Epoch 99/301 | train_loss=0.4622 train_acc=79.98% | val_loss=0.4352 val_acc=84.28% | lr=1.000000e-05
Saved new best model to /tmp/bow_mlp_imdb_mld746hh.pt
Epoch 100/301 | train_loss=0.4595 train_acc=80.17% | val_loss=0.4335 val_acc=84.30% | lr=1.000000e-05
Saved new best model to /tmp/bow_mlp_imdb_mld746hh.pt
Epoch 101/301 | train_loss=0.4599 train_acc=80.55% | val_loss=0.4324 val_acc=84.30% | lr=1.000000e-05
Epoch 102/301 | train_loss=0.4593 train_acc=80.55% | val_loss=0.4309 val_acc=84.38% | lr=1.000000e-05
Saved new best model to /tmp/bow_mlp_imdb_mld746hh.pt
Epoch 103/301 | train_loss=0.4570 train_acc=80.54% | val_loss=0.4295 val_acc=84.40% | lr=1.000000e-05
Saved new best model to /tmp/bow_mlp_imdb_mld746hh.pt
Epoch 104/301 | train_loss=0.4556 train_acc=80.58% | val_loss=0.4283 val_acc=84.38% | lr=1.000000e-05
Epoch 105/301 | train_loss=0.4555 train_acc=80.51% | val_loss=0.4272 val_acc=84.40% | lr=1.000000e-05
Epoch 106/301 | train_loss=0.4542 train_acc=80.69% | val_loss=0.4262 val_acc=84.50% | lr=1.000000e-05
Saved new best model to /tmp/bow_mlp_imdb_mld746hh.pt
Epoch 107/301 | train_loss=0.4517 train_acc=80.74% | val_loss=0.4249 val_acc=84.50% | lr=1.000000e-05
Epoch 108/301 | train_loss=0.4485 train_acc=80.88% | val_loss=0.4234 val_acc=84.50% | lr=1.000000e-05
Epoch 109/301 | train_loss=0.4487 train_acc=80.86% | val_loss=0.4223 val_acc=84.52% | lr=1.000000e-05
Saved new best model to /tmp/bow_mlp_imdb_mld746hh.pt
Epoch 110/301 | train_loss=0.4499 train_acc=80.92% | val_loss=0.4213 val_acc=84.48% | lr=1.000000e-05
Epoch 111/301 | train_loss=0.4479 train_acc=80.69% | val_loss=0.4201 val_acc=84.56% | lr=1.000000e-05
Saved new best model to /tmp/bow_mlp_imdb_mld746hh.pt
Epoch 112/301 | train_loss=0.4437 train_acc=81.25% | val_loss=0.4188 val_acc=84.54% | lr=1.000000e-05
Epoch 113/301 | train_loss=0.4469 train_acc=80.87% | val_loss=0.4180 val_acc=84.44% | lr=1.000000e-05
Epoch 114/301 | train_loss=0.4437 train_acc=81.02% | val_loss=0.4171 val_acc=84.48% | lr=1.000000e-05
Epoch 115/301 | train_loss=0.4426 train_acc=81.47% | val_loss=0.4161 val_acc=84.48% | lr=1.000000e-05
Epoch 116/301 | train_loss=0.4421 train_acc=81.12% | val_loss=0.4149 val_acc=84.50% | lr=1.000000e-05
Epoch 117/301 | train_loss=0.4429 train_acc=81.23% | val_loss=0.4139 val_acc=84.46% | lr=1.000000e-05
Epoch 118/301 | train_loss=0.4424 train_acc=81.29% | val_loss=0.4130 val_acc=84.54% | lr=1.000000e-05
Epoch 119/301 | train_loss=0.4409 train_acc=81.27% | val_loss=0.4120 val_acc=84.68% | lr=1.000000e-05
Saved new best model to /tmp/bow_mlp_imdb_mld746hh.pt
Epoch 120/301 | train_loss=0.4372 train_acc=81.77% | val_loss=0.4110 val_acc=84.64% | lr=1.000000e-05
Epoch 121/301 | train_loss=0.4364 train_acc=81.62% | val_loss=0.4098 val_acc=84.68% | lr=1.000000e-05
Epoch 122/301 | train_loss=0.4354 train_acc=81.77% | val_loss=0.4090 val_acc=84.70% | lr=1.000000e-05
Saved new best model to /tmp/bow_mlp_imdb_mld746hh.pt
Epoch 123/301 | train_loss=0.4338 train_acc=81.64% | val_loss=0.4082 val_acc=84.70% | lr=1.000000e-05
Epoch 124/301 | train_loss=0.4325 train_acc=81.80% | val_loss=0.4069 val_acc=84.66% | lr=1.000000e-05
Epoch 125/301 | train_loss=0.4336 train_acc=81.64% | val_loss=0.4061 val_acc=84.76% | lr=1.000000e-05
Saved new best model to /tmp/bow_mlp_imdb_mld746hh.pt
Epoch 126/301 | train_loss=0.4291 train_acc=81.93% | val_loss=0.4050 val_acc=84.62% | lr=1.000000e-05
Epoch 127/301 | train_loss=0.4312 train_acc=81.92% | val_loss=0.4043 val_acc=84.76% | lr=1.000000e-05
Epoch 128/301 | train_loss=0.4274 train_acc=82.17% | val_loss=0.4032 val_acc=84.86% | lr=1.000000e-05
Saved new best model to /tmp/bow_mlp_imdb_mld746hh.pt
Epoch 129/301 | train_loss=0.4278 train_acc=82.03% | val_loss=0.4023 val_acc=84.74% | lr=1.000000e-05
Epoch 130/301 | train_loss=0.4284 train_acc=82.02% | val_loss=0.4016 val_acc=84.76% | lr=1.000000e-05
Epoch 131/301 | train_loss=0.4292 train_acc=81.94% | val_loss=0.4010 val_acc=84.76% | lr=1.000000e-05
Epoch 132/301 | train_loss=0.4261 train_acc=82.03% | val_loss=0.3997 val_acc=84.86% | lr=1.000000e-05
Epoch 133/301 | train_loss=0.4258 train_acc=81.99% | val_loss=0.3990 val_acc=84.96% | lr=1.000000e-05
Saved new best model to /tmp/bow_mlp_imdb_mld746hh.pt
Epoch 134/301 | train_loss=0.4250 train_acc=82.19% | val_loss=0.3981 val_acc=84.90% | lr=1.000000e-05
Epoch 135/301 | train_loss=0.4227 train_acc=82.36% | val_loss=0.3974 val_acc=84.86% | lr=1.000000e-05
Epoch 136/301 | train_loss=0.4238 train_acc=82.11% | val_loss=0.3967 val_acc=85.02% | lr=1.000000e-05
Saved new best model to /tmp/bow_mlp_imdb_mld746hh.pt
Epoch 137/301 | train_loss=0.4232 train_acc=82.38% | val_loss=0.3964 val_acc=84.92% | lr=1.000000e-05
Epoch 138/301 | train_loss=0.4236 train_acc=82.12% | val_loss=0.3957 val_acc=84.92% | lr=1.000000e-05
Epoch 139/301 | train_loss=0.4177 train_acc=82.53% | val_loss=0.3945 val_acc=84.94% | lr=1.000000e-05
Epoch 140/301 | train_loss=0.4217 train_acc=82.34% | val_loss=0.3939 val_acc=84.96% | lr=1.000000e-05
Epoch 141/301 | train_loss=0.4198 train_acc=82.22% | val_loss=0.3931 val_acc=84.96% | lr=1.000000e-05
Epoch 142/301 | train_loss=0.4194 train_acc=82.23% | val_loss=0.3926 val_acc=85.00% | lr=1.000000e-05
Epoch 143/301 | train_loss=0.4197 train_acc=82.34% | val_loss=0.3922 val_acc=85.06% | lr=1.000000e-05
Saved new best model to /tmp/bow_mlp_imdb_mld746hh.pt
Epoch 144/301 | train_loss=0.4166 train_acc=82.59% | val_loss=0.3914 val_acc=85.08% | lr=1.000000e-05
Saved new best model to /tmp/bow_mlp_imdb_mld746hh.pt
Epoch 145/301 | train_loss=0.4138 train_acc=82.93% | val_loss=0.3904 val_acc=85.10% | lr=1.000000e-05
Saved new best model to /tmp/bow_mlp_imdb_mld746hh.pt
Epoch 146/301 | train_loss=0.4126 train_acc=82.84% | val_loss=0.3895 val_acc=85.04% | lr=1.000000e-05
Epoch 147/301 | train_loss=0.4143 train_acc=82.49% | val_loss=0.3890 val_acc=85.04% | lr=1.000000e-05
Epoch 148/301 | train_loss=0.4112 train_acc=82.67% | val_loss=0.3884 val_acc=85.06% | lr=1.000000e-05
Epoch 149/301 | train_loss=0.4134 train_acc=82.45% | val_loss=0.3878 val_acc=85.12% | lr=1.000000e-05
Saved new best model to /tmp/bow_mlp_imdb_mld746hh.pt
Epoch 150/301 | train_loss=0.4103 train_acc=82.75% | val_loss=0.3869 val_acc=85.08% | lr=1.000000e-05
Epoch 151/301 | train_loss=0.4122 train_acc=82.72% | val_loss=0.3865 val_acc=85.16% | lr=1.000000e-05
Saved new best model to /tmp/bow_mlp_imdb_mld746hh.pt
Epoch 152/301 | train_loss=0.4102 train_acc=82.69% | val_loss=0.3856 val_acc=85.16% | lr=1.000000e-05
Epoch 153/301 | train_loss=0.4102 train_acc=82.64% | val_loss=0.3851 val_acc=85.18% | lr=1.000000e-05
Saved new best model to /tmp/bow_mlp_imdb_mld746hh.pt
Epoch 154/301 | train_loss=0.4100 train_acc=82.96% | val_loss=0.3848 val_acc=85.12% | lr=1.000000e-05
Epoch 155/301 | train_loss=0.4080 train_acc=82.92% | val_loss=0.3839 val_acc=85.18% | lr=1.000000e-05
Epoch 156/301 | train_loss=0.4074 train_acc=82.62% | val_loss=0.3830 val_acc=85.16% | lr=1.000000e-05
Epoch 157/301 | train_loss=0.4074 train_acc=82.98% | val_loss=0.3825 val_acc=85.24% | lr=1.000000e-05
Saved new best model to /tmp/bow_mlp_imdb_mld746hh.pt
Epoch 158/301 | train_loss=0.4092 train_acc=82.48% | val_loss=0.3823 val_acc=85.16% | lr=1.000000e-05
Epoch 159/301 | train_loss=0.4088 train_acc=82.56% | val_loss=0.3820 val_acc=85.22% | lr=1.000000e-05
Epoch 160/301 | train_loss=0.4057 train_acc=83.04% | val_loss=0.3814 val_acc=85.14% | lr=1.000000e-05
Epoch 161/301 | train_loss=0.4050 train_acc=82.97% | val_loss=0.3805 val_acc=85.22% | lr=1.000000e-05
Epoch 162/301 | train_loss=0.4021 train_acc=83.14% | val_loss=0.3800 val_acc=85.18% | lr=1.000000e-05
Epoch 163/301 | train_loss=0.4053 train_acc=82.91% | val_loss=0.3800 val_acc=85.14% | lr=1.000000e-05
Epoch 164/301 | train_loss=0.4047 train_acc=83.02% | val_loss=0.3795 val_acc=85.12% | lr=1.000000e-05
Epoch 165/301 | train_loss=0.4018 train_acc=82.94% | val_loss=0.3789 val_acc=85.20% | lr=1.000000e-05
Epoch 166/301 | train_loss=0.4031 train_acc=83.05% | val_loss=0.3785 val_acc=85.14% | lr=1.000000e-05
Epoch 167/301 | train_loss=0.4005 train_acc=82.96% | val_loss=0.3776 val_acc=85.10% | lr=1.000000e-05
Epoch 168/301 | train_loss=0.4026 train_acc=82.68% | val_loss=0.3774 val_acc=85.28% | lr=1.000000e-05
Saved new best model to /tmp/bow_mlp_imdb_mld746hh.pt
Epoch 169/301 | train_loss=0.4004 train_acc=83.59% | val_loss=0.3770 val_acc=85.24% | lr=1.000000e-05
Epoch 170/301 | train_loss=0.3994 train_acc=83.19% | val_loss=0.3764 val_acc=85.24% | lr=1.000000e-05
Epoch 171/301 | train_loss=0.3997 train_acc=83.01% | val_loss=0.3756 val_acc=85.24% | lr=1.000000e-05
Epoch 172/301 | train_loss=0.4007 train_acc=83.19% | val_loss=0.3751 val_acc=85.24% | lr=1.000000e-05
Epoch 173/301 | train_loss=0.3983 train_acc=83.17% | val_loss=0.3747 val_acc=85.26% | lr=1.000000e-05
Epoch 174/301 | train_loss=0.3987 train_acc=83.20% | val_loss=0.3743 val_acc=85.26% | lr=1.000000e-05
Epoch 175/301 | train_loss=0.3965 train_acc=83.07% | val_loss=0.3739 val_acc=85.20% | lr=1.000000e-05
Epoch 176/301 | train_loss=0.3961 train_acc=83.33% | val_loss=0.3734 val_acc=85.22% | lr=1.000000e-05
Epoch 177/301 | train_loss=0.3946 train_acc=83.45% | val_loss=0.3729 val_acc=85.24% | lr=1.000000e-05
Epoch 178/301 | train_loss=0.3942 train_acc=83.27% | val_loss=0.3727 val_acc=85.24% | lr=1.000000e-05
Epoch 179/301 | train_loss=0.3936 train_acc=83.47% | val_loss=0.3719 val_acc=85.24% | lr=1.000000e-05
Epoch 180/301 | train_loss=0.3920 train_acc=83.34% | val_loss=0.3715 val_acc=85.18% | lr=1.000000e-05
Epoch 181/301 | train_loss=0.3938 train_acc=83.25% | val_loss=0.3711 val_acc=85.32% | lr=1.000000e-05
Saved new best model to /tmp/bow_mlp_imdb_mld746hh.pt
Epoch 182/301 | train_loss=0.3921 train_acc=83.46% | val_loss=0.3706 val_acc=85.20% | lr=1.000000e-05
Epoch 183/301 | train_loss=0.3895 train_acc=83.50% | val_loss=0.3700 val_acc=85.20% | lr=1.000000e-05
Epoch 184/301 | train_loss=0.3906 train_acc=83.57% | val_loss=0.3696 val_acc=85.22% | lr=1.000000e-05
Epoch 185/301 | train_loss=0.3885 train_acc=83.64% | val_loss=0.3692 val_acc=85.20% | lr=1.000000e-05
Epoch 186/301 | train_loss=0.3926 train_acc=83.56% | val_loss=0.3691 val_acc=85.32% | lr=1.000000e-05
Epoch 187/301 | train_loss=0.3914 train_acc=83.43% | val_loss=0.3686 val_acc=85.30% | lr=1.000000e-05
Epoch 188/301 | train_loss=0.3909 train_acc=83.61% | val_loss=0.3682 val_acc=85.20% | lr=1.000000e-05
Epoch 189/301 | train_loss=0.3874 train_acc=83.69% | val_loss=0.3676 val_acc=85.20% | lr=1.000000e-05
Epoch 190/301 | train_loss=0.3904 train_acc=83.43% | val_loss=0.3675 val_acc=85.28% | lr=1.000000e-05
Epoch 191/301 | train_loss=0.3854 train_acc=83.87% | val_loss=0.3671 val_acc=85.14% | lr=1.000000e-05
Epoch 192/301 | train_loss=0.3865 train_acc=83.53% | val_loss=0.3665 val_acc=85.16% | lr=1.000000e-05
Epoch 193/301 | train_loss=0.3866 train_acc=83.83% | val_loss=0.3662 val_acc=85.28% | lr=1.000000e-05
Epoch 194/301 | train_loss=0.3870 train_acc=83.65% | val_loss=0.3660 val_acc=85.24% | lr=1.000000e-05
Epoch 195/301 | train_loss=0.3839 train_acc=83.86% | val_loss=0.3658 val_acc=85.24% | lr=1.000000e-05
Epoch 196/301 | train_loss=0.3844 train_acc=83.85% | val_loss=0.3652 val_acc=85.24% | lr=1.000000e-05
Epoch 197/301 | train_loss=0.3856 train_acc=83.80% | val_loss=0.3650 val_acc=85.24% | lr=1.000000e-05
Epoch 198/301 | train_loss=0.3840 train_acc=83.77% | val_loss=0.3646 val_acc=85.26% | lr=1.000000e-05
Epoch 199/301 | train_loss=0.3843 train_acc=83.73% | val_loss=0.3643 val_acc=85.22% | lr=1.000000e-05
Epoch 200/301 | train_loss=0.3836 train_acc=83.66% | val_loss=0.3639 val_acc=85.20% | lr=1.000000e-05
Epoch 201/301 | train_loss=0.3816 train_acc=83.64% | val_loss=0.3634 val_acc=85.30% | lr=1.000000e-05
Epoch 202/301 | train_loss=0.3834 train_acc=83.60% | val_loss=0.3632 val_acc=85.18% | lr=1.000000e-05
Epoch 203/301 | train_loss=0.3809 train_acc=83.96% | val_loss=0.3628 val_acc=85.18% | lr=1.000000e-05
Epoch 204/301 | train_loss=0.3811 train_acc=83.90% | val_loss=0.3625 val_acc=85.22% | lr=1.000000e-05
Epoch 205/301 | train_loss=0.3821 train_acc=83.59% | val_loss=0.3620 val_acc=85.20% | lr=1.000000e-05
Epoch 206/301 | train_loss=0.3788 train_acc=83.94% | val_loss=0.3616 val_acc=85.24% | lr=1.000000e-05
Epoch 207/301 | train_loss=0.3835 train_acc=83.55% | val_loss=0.3615 val_acc=85.20% | lr=1.000000e-05
Epoch 208/301 | train_loss=0.3797 train_acc=83.60% | val_loss=0.3610 val_acc=85.32% | lr=1.000000e-05
Epoch 209/301 | train_loss=0.3825 train_acc=83.40% | val_loss=0.3608 val_acc=85.20% | lr=1.000000e-05
Epoch 210/301 | train_loss=0.3799 train_acc=84.02% | val_loss=0.3606 val_acc=85.20% | lr=1.000000e-05
Epoch 211/301 | train_loss=0.3816 train_acc=83.76% | val_loss=0.3603 val_acc=85.26% | lr=1.000000e-05
Epoch 212/301 | train_loss=0.3797 train_acc=84.02% | val_loss=0.3600 val_acc=85.20% | lr=1.000000e-05
Epoch 213/301 | train_loss=0.3760 train_acc=83.98% | val_loss=0.3594 val_acc=85.24% | lr=1.000000e-05
Epoch 214/301 | train_loss=0.3789 train_acc=84.10% | val_loss=0.3592 val_acc=85.26% | lr=1.000000e-05
Epoch 215/301 | train_loss=0.3759 train_acc=83.86% | val_loss=0.3589 val_acc=85.28% | lr=1.000000e-05
Epoch 216/301 | train_loss=0.3762 train_acc=84.12% | val_loss=0.3586 val_acc=85.30% | lr=1.000000e-05
Epoch 217/301 | train_loss=0.3741 train_acc=83.86% | val_loss=0.3581 val_acc=85.26% | lr=1.000000e-05
Epoch 218/301 | train_loss=0.3771 train_acc=84.05% | val_loss=0.3581 val_acc=85.26% | lr=1.000000e-05
Epoch 219/301 | train_loss=0.3751 train_acc=84.08% | val_loss=0.3577 val_acc=85.28% | lr=1.000000e-05
Epoch 220/301 | train_loss=0.3754 train_acc=83.84% | val_loss=0.3576 val_acc=85.32% | lr=1.000000e-05
Epoch 221/301 | train_loss=0.3735 train_acc=84.13% | val_loss=0.3572 val_acc=85.22% | lr=1.000000e-05
Epoch 222/301 | train_loss=0.3773 train_acc=84.00% | val_loss=0.3572 val_acc=85.32% | lr=1.000000e-05
Epoch 223/301 | train_loss=0.3696 train_acc=84.35% | val_loss=0.3566 val_acc=85.30% | lr=1.000000e-05
Epoch 224/301 | train_loss=0.3715 train_acc=84.05% | val_loss=0.3564 val_acc=85.32% | lr=1.000000e-05
Epoch 225/301 | train_loss=0.3766 train_acc=84.00% | val_loss=0.3564 val_acc=85.24% | lr=1.000000e-05
Epoch 226/301 | train_loss=0.3720 train_acc=84.08% | val_loss=0.3560 val_acc=85.26% | lr=1.000000e-05
Epoch 227/301 | train_loss=0.3715 train_acc=84.12% | val_loss=0.3556 val_acc=85.24% | lr=1.000000e-05
Epoch 228/301 | train_loss=0.3699 train_acc=84.52% | val_loss=0.3554 val_acc=85.22% | lr=1.000000e-05
Epoch 229/301 | train_loss=0.3675 train_acc=84.55% | val_loss=0.3550 val_acc=85.24% | lr=1.000000e-05
Epoch 230/301 | train_loss=0.3713 train_acc=84.19% | val_loss=0.3548 val_acc=85.26% | lr=1.000000e-05
Epoch 231/301 | train_loss=0.3698 train_acc=84.08% | val_loss=0.3547 val_acc=85.16% | lr=1.000000e-05
Epoch 232/301 | train_loss=0.3702 train_acc=84.28% | val_loss=0.3544 val_acc=85.22% | lr=1.000000e-05
Epoch 233/301 | train_loss=0.3687 train_acc=84.23% | val_loss=0.3542 val_acc=85.18% | lr=1.000000e-05
Epoch 234/301 | train_loss=0.3671 train_acc=84.12% | val_loss=0.3538 val_acc=85.28% | lr=1.000000e-05
Epoch 235/301 | train_loss=0.3646 train_acc=84.34% | val_loss=0.3535 val_acc=85.24% | lr=1.000000e-05
Epoch 236/301 | train_loss=0.3695 train_acc=84.12% | val_loss=0.3534 val_acc=85.28% | lr=1.000000e-05
Epoch 237/301 | train_loss=0.3711 train_acc=84.52% | val_loss=0.3532 val_acc=85.22% | lr=1.000000e-05
Epoch 238/301 | train_loss=0.3678 train_acc=84.34% | val_loss=0.3530 val_acc=85.18% | lr=1.000000e-05
Epoch 239/301 | train_loss=0.3674 train_acc=84.44% | val_loss=0.3528 val_acc=85.20% | lr=1.000000e-05
Epoch 240/301 | train_loss=0.3689 train_acc=84.30% | val_loss=0.3526 val_acc=85.22% | lr=1.000000e-05
Epoch 241/301 | train_loss=0.3691 train_acc=84.52% | val_loss=0.3524 val_acc=85.20% | lr=1.000000e-05
Epoch 242/301 | train_loss=0.3677 train_acc=84.12% | val_loss=0.3520 val_acc=85.24% | lr=1.000000e-05
Epoch 243/301 | train_loss=0.3635 train_acc=84.52% | val_loss=0.3518 val_acc=85.16% | lr=1.000000e-05
Epoch 244/301 | train_loss=0.3675 train_acc=84.47% | val_loss=0.3516 val_acc=85.22% | lr=1.000000e-05
Epoch 245/301 | train_loss=0.3659 train_acc=84.45% | val_loss=0.3514 val_acc=85.22% | lr=1.000000e-05
Epoch 246/301 | train_loss=0.3656 train_acc=84.42% | val_loss=0.3513 val_acc=85.22% | lr=1.000000e-05
Epoch 247/301 | train_loss=0.3661 train_acc=84.48% | val_loss=0.3510 val_acc=85.22% | lr=1.000000e-05
Epoch 248/301 | train_loss=0.3642 train_acc=84.36% | val_loss=0.3508 val_acc=85.22% | lr=1.000000e-05
Epoch 249/301 | train_loss=0.3656 train_acc=84.19% | val_loss=0.3507 val_acc=85.18% | lr=1.000000e-05
Epoch 250/301 | train_loss=0.3627 train_acc=84.65% | val_loss=0.3505 val_acc=85.20% | lr=1.000000e-05
Epoch 251/301 | train_loss=0.3628 train_acc=84.59% | val_loss=0.3502 val_acc=85.18% | lr=1.000000e-05
Epoch 252/301 | train_loss=0.3646 train_acc=84.53% | val_loss=0.3501 val_acc=85.22% | lr=1.000000e-05
Epoch 253/301 | train_loss=0.3654 train_acc=84.32% | val_loss=0.3499 val_acc=85.18% | lr=1.000000e-05
Epoch 254/301 | train_loss=0.3631 train_acc=84.75% | val_loss=0.3496 val_acc=85.20% | lr=1.000000e-05
Epoch 255/301 | train_loss=0.3598 train_acc=84.64% | val_loss=0.3494 val_acc=85.16% | lr=1.000000e-05
Epoch 256/301 | train_loss=0.3635 train_acc=84.38% | val_loss=0.3493 val_acc=85.28% | lr=1.000000e-05
Epoch 257/301 | train_loss=0.3623 train_acc=84.50% | val_loss=0.3490 val_acc=85.24% | lr=1.000000e-05
Epoch 258/301 | train_loss=0.3637 train_acc=84.48% | val_loss=0.3489 val_acc=85.26% | lr=1.000000e-05
Epoch 259/301 | train_loss=0.3636 train_acc=84.06% | val_loss=0.3487 val_acc=85.22% | lr=1.000000e-05
Epoch 260/301 | train_loss=0.3598 train_acc=84.50% | val_loss=0.3485 val_acc=85.20% | lr=1.000000e-05
Epoch 261/301 | train_loss=0.3609 train_acc=84.69% | val_loss=0.3485 val_acc=85.20% | lr=1.000000e-05
Epoch 262/301 | train_loss=0.3549 train_acc=84.72% | val_loss=0.3479 val_acc=85.22% | lr=1.000000e-05
Epoch 263/301 | train_loss=0.3584 train_acc=84.60% | val_loss=0.3478 val_acc=85.30% | lr=1.000000e-05
Epoch 264/301 | train_loss=0.3578 train_acc=84.76% | val_loss=0.3476 val_acc=85.20% | lr=1.000000e-05
Epoch 265/301 | train_loss=0.3579 train_acc=84.51% | val_loss=0.3476 val_acc=85.20% | lr=1.000000e-05
Epoch 266/301 | train_loss=0.3581 train_acc=84.58% | val_loss=0.3474 val_acc=85.18% | lr=1.000000e-05
Epoch 267/301 | train_loss=0.3591 train_acc=84.70% | val_loss=0.3473 val_acc=85.26% | lr=1.000000e-05
Epoch 268/301 | train_loss=0.3605 train_acc=84.50% | val_loss=0.3472 val_acc=85.18% | lr=1.000000e-05
Epoch 269/301 | train_loss=0.3577 train_acc=84.60% | val_loss=0.3469 val_acc=85.28% | lr=1.000000e-05
Epoch 270/301 | train_loss=0.3581 train_acc=84.47% | val_loss=0.3468 val_acc=85.22% | lr=1.000000e-05
Epoch 271/301 | train_loss=0.3579 train_acc=84.52% | val_loss=0.3468 val_acc=85.30% | lr=1.000000e-05
Epoch 272/301 | train_loss=0.3586 train_acc=84.40% | val_loss=0.3467 val_acc=85.32% | lr=1.000000e-05
Epoch 273/301 | train_loss=0.3587 train_acc=84.80% | val_loss=0.3465 val_acc=85.28% | lr=1.000000e-05
Epoch 274/301 | train_loss=0.3562 train_acc=84.91% | val_loss=0.3463 val_acc=85.26% | lr=1.000000e-05
Epoch 275/301 | train_loss=0.3558 train_acc=84.58% | val_loss=0.3461 val_acc=85.24% | lr=1.000000e-05
Epoch 276/301 | train_loss=0.3552 train_acc=84.78% | val_loss=0.3459 val_acc=85.26% | lr=1.000000e-05
Epoch 277/301 | train_loss=0.3554 train_acc=84.78% | val_loss=0.3458 val_acc=85.24% | lr=1.000000e-05
Epoch 278/301 | train_loss=0.3588 train_acc=84.36% | val_loss=0.3458 val_acc=85.26% | lr=1.000000e-05
Epoch 279/301 | train_loss=0.3545 train_acc=84.57% | val_loss=0.3456 val_acc=85.30% | lr=1.000000e-05
Epoch 280/301 | train_loss=0.3572 train_acc=84.64% | val_loss=0.3454 val_acc=85.28% | lr=1.000000e-05
Epoch 281/301 | train_loss=0.3538 train_acc=84.70% | val_loss=0.3453 val_acc=85.30% | lr=1.000000e-05
Epoch 282/301 | train_loss=0.3526 train_acc=84.89% | val_loss=0.3451 val_acc=85.30% | lr=1.000000e-05
Epoch 283/301 | train_loss=0.3539 train_acc=84.91% | val_loss=0.3451 val_acc=85.32% | lr=1.000000e-05
Epoch 284/301 | train_loss=0.3535 train_acc=84.76% | val_loss=0.3449 val_acc=85.22% | lr=1.000000e-05
Epoch 285/301 | train_loss=0.3527 train_acc=84.85% | val_loss=0.3447 val_acc=85.26% | lr=1.000000e-05
Epoch 286/301 | train_loss=0.3559 train_acc=84.79% | val_loss=0.3447 val_acc=85.32% | lr=1.000000e-05
Epoch 287/301 | train_loss=0.3522 train_acc=84.97% | val_loss=0.3445 val_acc=85.16% | lr=1.000000e-05
Epoch 288/301 | train_loss=0.3517 train_acc=85.00% | val_loss=0.3444 val_acc=85.26% | lr=1.000000e-05
Epoch 289/301 | train_loss=0.3521 train_acc=84.62% | val_loss=0.3442 val_acc=85.34% | lr=1.000000e-05
Saved new best model to /tmp/bow_mlp_imdb_mld746hh.pt
Epoch 290/301 | train_loss=0.3538 train_acc=84.82% | val_loss=0.3442 val_acc=85.16% | lr=1.000000e-05
Epoch 291/301 | train_loss=0.3507 train_acc=84.86% | val_loss=0.3440 val_acc=85.22% | lr=1.000000e-05
Epoch 292/301 | train_loss=0.3498 train_acc=84.97% | val_loss=0.3439 val_acc=85.20% | lr=1.000000e-05
Epoch 293/301 | train_loss=0.3528 train_acc=84.71% | val_loss=0.3438 val_acc=85.24% | lr=1.000000e-05
Epoch 294/301 | train_loss=0.3496 train_acc=84.80% | val_loss=0.3436 val_acc=85.30% | lr=1.000000e-05
Epoch 295/301 | train_loss=0.3478 train_acc=85.06% | val_loss=0.3435 val_acc=85.42% | lr=1.000000e-05
Saved new best model to /tmp/bow_mlp_imdb_mld746hh.pt
Epoch 296/301 | train_loss=0.3467 train_acc=84.97% | val_loss=0.3432 val_acc=85.30% | lr=1.000000e-05
Epoch 297/301 | train_loss=0.3526 train_acc=84.86% | val_loss=0.3432 val_acc=85.38% | lr=1.000000e-05
Epoch 298/301 | train_loss=0.3489 train_acc=84.97% | val_loss=0.3430 val_acc=85.30% | lr=1.000000e-05
Epoch 299/301 | train_loss=0.3479 train_acc=84.91% | val_loss=0.3429 val_acc=85.30% | lr=1.000000e-05
Epoch 300/301 | train_loss=0.3466 train_acc=85.17% | val_loss=0.3428 val_acc=85.34% | lr=1.000000e-05
Epoch 301/301 | train_loss=0.3495 train_acc=85.08% | val_loss=0.3427 val_acc=85.32% | lr=1.000000e-05
Epoch 302/301 | train_loss=0.3474 train_acc=85.22% | val_loss=0.3426 val_acc=85.36% | lr=1.000000e-05
Epoch 303/301 | train_loss=0.3488 train_acc=84.86% | val_loss=0.3425 val_acc=85.34% | lr=1.000000e-05
Epoch 304/301 | train_loss=0.3490 train_acc=84.95% | val_loss=0.3424 val_acc=85.38% | lr=1.000000e-05
Epoch 305/301 | train_loss=0.3503 train_acc=84.94% | val_loss=0.3423 val_acc=85.36% | lr=1.000000e-05
Epoch 306/301 | train_loss=0.3463 train_acc=85.18% | val_loss=0.3422 val_acc=85.38% | lr=1.000000e-05
Epoch 307/301 | train_loss=0.3484 train_acc=84.74% | val_loss=0.3421 val_acc=85.36% | lr=1.000000e-05
Epoch 308/301 | train_loss=0.3486 train_acc=85.02% | val_loss=0.3420 val_acc=85.40% | lr=1.000000e-05
Epoch 309/301 | train_loss=0.3466 train_acc=85.08% | val_loss=0.3419 val_acc=85.40% | lr=1.000000e-05
Epoch 310/301 | train_loss=0.3466 train_acc=85.15% | val_loss=0.3417 val_acc=85.40% | lr=1.000000e-05
Epoch 311/301 | train_loss=0.3457 train_acc=84.93% | val_loss=0.3417 val_acc=85.38% | lr=1.000000e-05
Epoch 312/301 | train_loss=0.3463 train_acc=85.39% | val_loss=0.3416 val_acc=85.38% | lr=1.000000e-05
Epoch 313/301 | train_loss=0.3460 train_acc=84.99% | val_loss=0.3415 val_acc=85.40% | lr=1.000000e-05
Epoch 314/301 | train_loss=0.3445 train_acc=85.22% | val_loss=0.3414 val_acc=85.42% | lr=1.000000e-05
Epoch 315/301 | train_loss=0.3452 train_acc=85.31% | val_loss=0.3413 val_acc=85.50% | lr=1.000000e-05
Saved new best model to /tmp/bow_mlp_imdb_mld746hh.pt
Epoch 316/301 | train_loss=0.3439 train_acc=85.28% | val_loss=0.3411 val_acc=85.42% | lr=1.000000e-05
Epoch 317/301 | train_loss=0.3453 train_acc=84.97% | val_loss=0.3412 val_acc=85.44% | lr=1.000000e-05
Epoch 318/301 | train_loss=0.3452 train_acc=84.92% | val_loss=0.3411 val_acc=85.40% | lr=1.000000e-05
Epoch 319/301 | train_loss=0.3450 train_acc=84.97% | val_loss=0.3410 val_acc=85.42% | lr=1.000000e-05
Epoch 320/301 | train_loss=0.3454 train_acc=85.15% | val_loss=0.3409 val_acc=85.40% | lr=1.000000e-05
Epoch 321/301 | train_loss=0.3434 train_acc=85.17% | val_loss=0.3408 val_acc=85.38% | lr=1.000000e-05
Epoch 322/301 | train_loss=0.3446 train_acc=84.83% | val_loss=0.3407 val_acc=85.46% | lr=1.000000e-05
Epoch 323/301 | train_loss=0.3426 train_acc=85.17% | val_loss=0.3406 val_acc=85.44% | lr=1.000000e-05
Epoch 324/301 | train_loss=0.3419 train_acc=85.25% | val_loss=0.3406 val_acc=85.42% | lr=1.000000e-05
Epoch 325/301 | train_loss=0.3415 train_acc=85.37% | val_loss=0.3404 val_acc=85.44% | lr=1.000000e-05
Epoch 326/301 | train_loss=0.3455 train_acc=85.06% | val_loss=0.3404 val_acc=85.44% | lr=1.000000e-05
Epoch 327/301 | train_loss=0.3406 train_acc=85.23% | val_loss=0.3404 val_acc=85.42% | lr=1.000000e-05
Epoch 328/301 | train_loss=0.3432 train_acc=85.11% | val_loss=0.3403 val_acc=85.46% | lr=1.000000e-05
Epoch 329/301 | train_loss=0.3444 train_acc=85.30% | val_loss=0.3402 val_acc=85.42% | lr=1.000000e-05
Epoch 330/301 | train_loss=0.3455 train_acc=85.23% | val_loss=0.3402 val_acc=85.38% | lr=1.000000e-05
Epoch 331/301 | train_loss=0.3436 train_acc=85.09% | val_loss=0.3401 val_acc=85.40% | lr=1.000000e-05
Epoch 332/301 | train_loss=0.3425 train_acc=85.02% | val_loss=0.3400 val_acc=85.44% | lr=1.000000e-05
Epoch 333/301 | train_loss=0.3416 train_acc=85.22% | val_loss=0.3399 val_acc=85.42% | lr=1.000000e-05
Epoch 334/301 | train_loss=0.3412 train_acc=85.30% | val_loss=0.3399 val_acc=85.46% | lr=1.000000e-05
Epoch 335/301 | train_loss=0.3413 train_acc=84.95% | val_loss=0.3398 val_acc=85.44% | lr=1.000000e-05
Epoch 336/301 | train_loss=0.3411 train_acc=85.39% | val_loss=0.3397 val_acc=85.48% | lr=1.000000e-05
Epoch 337/301 | train_loss=0.3404 train_acc=85.45% | val_loss=0.3398 val_acc=85.42% | lr=1.000000e-05
Epoch 338/301 | train_loss=0.3415 train_acc=85.37% | val_loss=0.3396 val_acc=85.42% | lr=1.000000e-05
Epoch 339/301 | train_loss=0.3398 train_acc=85.38% | val_loss=0.3395 val_acc=85.40% | lr=1.000000e-05
Epoch 340/301 | train_loss=0.3429 train_acc=85.13% | val_loss=0.3395 val_acc=85.42% | lr=1.000000e-05
Epoch 341/301 | train_loss=0.3385 train_acc=85.16% | val_loss=0.3394 val_acc=85.42% | lr=1.000000e-05
Epoch 342/301 | train_loss=0.3380 train_acc=85.47% | val_loss=0.3393 val_acc=85.42% | lr=1.000000e-05
Epoch 343/301 | train_loss=0.3421 train_acc=85.32% | val_loss=0.3392 val_acc=85.44% | lr=1.000000e-05
Epoch 344/301 | train_loss=0.3404 train_acc=85.00% | val_loss=0.3393 val_acc=85.42% | lr=1.000000e-05
Epoch 345/301 | train_loss=0.3386 train_acc=85.44% | val_loss=0.3392 val_acc=85.40% | lr=1.000000e-05
Epoch 346/301 | train_loss=0.3415 train_acc=85.23% | val_loss=0.3391 val_acc=85.40% | lr=1.000000e-05
Epoch 347/301 | train_loss=0.3409 train_acc=85.20% | val_loss=0.3390 val_acc=85.48% | lr=1.000000e-05
Epoch 348/301 | train_loss=0.3410 train_acc=85.32% | val_loss=0.3390 val_acc=85.38% | lr=1.000000e-05
Epoch 349/301 | train_loss=0.3374 train_acc=85.45% | val_loss=0.3390 val_acc=85.42% | lr=1.000000e-05
Epoch 350/301 | train_loss=0.3360 train_acc=85.60% | val_loss=0.3389 val_acc=85.42% | lr=1.000000e-05
Epoch 351/301 | train_loss=0.3371 train_acc=85.32% | val_loss=0.3388 val_acc=85.44% | lr=1.000000e-05
Epoch 352/301 | train_loss=0.3375 train_acc=85.39% | val_loss=0.3387 val_acc=85.42% | lr=1.000000e-05
Epoch 353/301 | train_loss=0.3370 train_acc=85.47% | val_loss=0.3387 val_acc=85.38% | lr=1.000000e-05
Epoch 354/301 | train_loss=0.3372 train_acc=85.48% | val_loss=0.3387 val_acc=85.38% | lr=1.000000e-05
Epoch 355/301 | train_loss=0.3357 train_acc=85.39% | val_loss=0.3386 val_acc=85.42% | lr=1.000000e-05
Epoch 356/301 | train_loss=0.3403 train_acc=85.39% | val_loss=0.3386 val_acc=85.42% | lr=1.000000e-05
Epoch 357/301 | train_loss=0.3359 train_acc=85.67% | val_loss=0.3385 val_acc=85.40% | lr=1.000000e-05
Epoch 358/301 | train_loss=0.3342 train_acc=85.52% | val_loss=0.3385 val_acc=85.46% | lr=1.000000e-05
Epoch 359/301 | train_loss=0.3368 train_acc=85.34% | val_loss=0.3384 val_acc=85.42% | lr=1.000000e-05
Epoch 360/301 | train_loss=0.3370 train_acc=85.32% | val_loss=0.3384 val_acc=85.46% | lr=1.000000e-05
Epoch 361/301 | train_loss=0.3355 train_acc=85.31% | val_loss=0.3383 val_acc=85.48% | lr=1.000000e-05
Epoch 362/301 | train_loss=0.3372 train_acc=85.23% | val_loss=0.3383 val_acc=85.44% | lr=1.000000e-05
Epoch 363/301 | train_loss=0.3316 train_acc=85.66% | val_loss=0.3383 val_acc=85.50% | lr=1.000000e-05
Epoch 364/301 | train_loss=0.3318 train_acc=85.56% | val_loss=0.3382 val_acc=85.50% | lr=1.000000e-05
Epoch 365/301 | train_loss=0.3343 train_acc=85.50% | val_loss=0.3382 val_acc=85.48% | lr=1.000000e-05
Epoch 366/301 | train_loss=0.3338 train_acc=85.37% | val_loss=0.3381 val_acc=85.48% | lr=1.000000e-05
Epoch 367/301 | train_loss=0.3357 train_acc=85.40% | val_loss=0.3381 val_acc=85.48% | lr=1.000000e-05
Epoch 368/301 | train_loss=0.3371 train_acc=85.25% | val_loss=0.3380 val_acc=85.48% | lr=1.000000e-05
Epoch 369/301 | train_loss=0.3344 train_acc=85.47% | val_loss=0.3380 val_acc=85.46% | lr=1.000000e-05
Epoch 370/301 | train_loss=0.3345 train_acc=85.76% | val_loss=0.3380 val_acc=85.44% | lr=1.000000e-05
Epoch 371/301 | train_loss=0.3331 train_acc=85.83% | val_loss=0.3380 val_acc=85.46% | lr=1.000000e-05
Epoch 372/301 | train_loss=0.3323 train_acc=85.56% | val_loss=0.3380 val_acc=85.46% | lr=1.000000e-05
Epoch 373/301 | train_loss=0.3327 train_acc=85.59% | val_loss=0.3379 val_acc=85.42% | lr=1.000000e-05
Epoch 374/301 | train_loss=0.3308 train_acc=85.73% | val_loss=0.3379 val_acc=85.44% | lr=1.000000e-05
Epoch 375/301 | train_loss=0.3331 train_acc=85.50% | val_loss=0.3378 val_acc=85.48% | lr=1.000000e-05
Epoch 376/301 | train_loss=0.3372 train_acc=85.53% | val_loss=0.3377 val_acc=85.48% | lr=1.000000e-05
Epoch 377/301 | train_loss=0.3303 train_acc=85.86% | val_loss=0.3378 val_acc=85.46% | lr=1.000000e-05
Epoch 378/301 | train_loss=0.3325 train_acc=85.69% | val_loss=0.3377 val_acc=85.46% | lr=1.000000e-05
Epoch 379/301 | train_loss=0.3316 train_acc=85.55% | val_loss=0.3376 val_acc=85.54% | lr=1.000000e-05
Saved new best model to /tmp/bow_mlp_imdb_mld746hh.pt
Epoch 380/301 | train_loss=0.3326 train_acc=85.41% | val_loss=0.3376 val_acc=85.50% | lr=1.000000e-05
Epoch 381/301 | train_loss=0.3295 train_acc=85.70% | val_loss=0.3377 val_acc=85.50% | lr=1.000000e-05
Epoch 382/301 | train_loss=0.3322 train_acc=85.41% | val_loss=0.3376 val_acc=85.56% | lr=1.000000e-05
Saved new best model to /tmp/bow_mlp_imdb_mld746hh.pt
Epoch 383/301 | train_loss=0.3290 train_acc=85.70% | val_loss=0.3375 val_acc=85.56% | lr=1.000000e-05
Epoch 384/301 | train_loss=0.3336 train_acc=85.54% | val_loss=0.3375 val_acc=85.56% | lr=1.000000e-05
Epoch 385/301 | train_loss=0.3316 train_acc=85.68% | val_loss=0.3374 val_acc=85.52% | lr=1.000000e-05
Epoch 386/301 | train_loss=0.3276 train_acc=85.75% | val_loss=0.3376 val_acc=85.56% | lr=1.000000e-05
Epoch 387/301 | train_loss=0.3328 train_acc=85.71% | val_loss=0.3374 val_acc=85.50% | lr=1.000000e-05
Epoch 388/301 | train_loss=0.3291 train_acc=85.88% | val_loss=0.3374 val_acc=85.50% | lr=1.000000e-05
Epoch 389/301 | train_loss=0.3312 train_acc=85.72% | val_loss=0.3373 val_acc=85.58% | lr=1.000000e-05
Saved new best model to /tmp/bow_mlp_imdb_mld746hh.pt
Epoch 390/301 | train_loss=0.3312 train_acc=85.50% | val_loss=0.3374 val_acc=85.52% | lr=1.000000e-05
Epoch 391/301 | train_loss=0.3304 train_acc=85.66% | val_loss=0.3373 val_acc=85.62% | lr=1.000000e-05
Saved new best model to /tmp/bow_mlp_imdb_mld746hh.pt
Epoch 392/301 | train_loss=0.3295 train_acc=85.70% | val_loss=0.3373 val_acc=85.56% | lr=1.000000e-05
Epoch 393/301 | train_loss=0.3309 train_acc=85.77% | val_loss=0.3373 val_acc=85.56% | lr=1.000000e-05
Epoch 394/301 | train_loss=0.3312 train_acc=85.57% | val_loss=0.3373 val_acc=85.62% | lr=1.000000e-05
Epoch 395/301 | train_loss=0.3323 train_acc=85.33% | val_loss=0.3372 val_acc=85.64% | lr=1.000000e-05
Saved new best model to /tmp/bow_mlp_imdb_mld746hh.pt
Epoch 396/301 | train_loss=0.3274 train_acc=85.65% | val_loss=0.3372 val_acc=85.54% | lr=1.000000e-05
Epoch 397/301 | train_loss=0.3296 train_acc=85.73% | val_loss=0.3371 val_acc=85.64% | lr=1.000000e-05
Epoch 398/301 | train_loss=0.3252 train_acc=85.87% | val_loss=0.3372 val_acc=85.64% | lr=1.000000e-05
Epoch 399/301 | train_loss=0.3329 train_acc=85.66% | val_loss=0.3371 val_acc=85.60% | lr=1.000000e-05
Epoch 400/301 | train_loss=0.3303 train_acc=85.97% | val_loss=0.3370 val_acc=85.60% | lr=1.000000e-05
Test loss=0.3345 | Test accuracy=85.70%
