Loading IMDb dataset from local disk: /home/daniel/l/masteruppsats/np-reg/language/data/imdb_hf
Using device: cuda
BoW vocab size: 1562
Epoch 1/301 | train_loss=810.1127 train_acc=50.03% | val_loss=0.9043 val_acc=49.88% | lr=3.000000e-05
Saved new best model to /tmp/bow_mlp_imdb_gkr9mokr.pt
Epoch 2/301 | train_loss=666.3539 train_acc=50.03% | val_loss=1.0590 val_acc=49.88% | lr=3.000000e-05
Epoch 3/301 | train_loss=542.4907 train_acc=50.03% | val_loss=1.1372 val_acc=49.88% | lr=3.000000e-05
Epoch 4/301 | train_loss=438.8393 train_acc=50.03% | val_loss=1.1439 val_acc=49.88% | lr=3.000000e-05
Epoch 5/301 | train_loss=352.1154 train_acc=50.03% | val_loss=1.0892 val_acc=49.88% | lr=3.000000e-05
Epoch 6/301 | train_loss=279.6176 train_acc=50.03% | val_loss=0.9925 val_acc=49.88% | lr=3.000000e-05
Epoch 7/301 | train_loss=219.8726 train_acc=50.03% | val_loss=0.8787 val_acc=49.88% | lr=3.000000e-05
Epoch 8/301 | train_loss=171.1171 train_acc=50.03% | val_loss=0.7816 val_acc=49.88% | lr=3.000000e-05
Epoch 9/301 | train_loss=131.9227 train_acc=50.02% | val_loss=0.7294 val_acc=49.82% | lr=3.000000e-05
Epoch 10/301 | train_loss=100.8908 train_acc=49.76% | val_loss=0.7128 val_acc=49.54% | lr=3.000000e-05
Epoch 11/301 | train_loss=76.8148 train_acc=49.46% | val_loss=0.7099 val_acc=49.06% | lr=3.000000e-05
Epoch 12/301 | train_loss=58.5171 train_acc=49.22% | val_loss=0.7095 val_acc=48.70% | lr=3.000000e-05
Epoch 13/301 | train_loss=44.9393 train_acc=49.04% | val_loss=0.7092 val_acc=48.68% | lr=3.000000e-05
Epoch 14/301 | train_loss=35.1111 train_acc=49.19% | val_loss=0.7090 val_acc=48.76% | lr=3.000000e-05
Epoch 15/301 | train_loss=28.2046 train_acc=49.20% | val_loss=0.7088 val_acc=48.84% | lr=3.000000e-05
Epoch 16/301 | train_loss=23.5356 train_acc=49.14% | val_loss=0.7086 val_acc=48.84% | lr=3.000000e-05
Epoch 17/301 | train_loss=20.4598 train_acc=49.27% | val_loss=0.7082 val_acc=48.82% | lr=3.000000e-05
Epoch 18/301 | train_loss=18.4970 train_acc=49.23% | val_loss=0.7080 val_acc=48.84% | lr=3.000000e-05
Epoch 19/301 | train_loss=17.2809 train_acc=49.34% | val_loss=0.7077 val_acc=48.88% | lr=3.000000e-05
Epoch 20/301 | train_loss=16.5440 train_acc=49.38% | val_loss=0.7074 val_acc=49.04% | lr=3.000000e-05
Epoch 21/301 | train_loss=16.0916 train_acc=49.44% | val_loss=0.7069 val_acc=48.98% | lr=3.000000e-05
Epoch 22/301 | train_loss=15.7979 train_acc=49.34% | val_loss=0.7068 val_acc=49.46% | lr=3.000000e-05
Epoch 23/301 | train_loss=15.5850 train_acc=49.60% | val_loss=0.7062 val_acc=49.16% | lr=3.000000e-05
Epoch 24/301 | train_loss=15.4119 train_acc=49.66% | val_loss=0.7056 val_acc=49.04% | lr=3.000000e-05
Epoch 25/301 | train_loss=15.2492 train_acc=49.67% | val_loss=0.7052 val_acc=49.28% | lr=3.000000e-05
Epoch 26/301 | train_loss=15.0914 train_acc=49.69% | val_loss=0.7047 val_acc=49.24% | lr=3.000000e-05
Epoch 27/301 | train_loss=14.9312 train_acc=49.72% | val_loss=0.7043 val_acc=49.46% | lr=3.000000e-05
Epoch 28/301 | train_loss=14.7677 train_acc=49.95% | val_loss=0.7036 val_acc=49.54% | lr=3.000000e-05
Epoch 29/301 | train_loss=14.5991 train_acc=49.86% | val_loss=0.7031 val_acc=49.72% | lr=3.000000e-05
Epoch 30/301 | train_loss=14.4249 train_acc=50.07% | val_loss=0.7025 val_acc=49.74% | lr=3.000000e-05
Epoch 31/301 | train_loss=14.2457 train_acc=50.03% | val_loss=0.7019 val_acc=49.92% | lr=3.000000e-05
Saved new best model to /tmp/bow_mlp_imdb_gkr9mokr.pt
Epoch 32/301 | train_loss=14.0615 train_acc=50.37% | val_loss=0.7010 val_acc=50.02% | lr=3.000000e-05
Saved new best model to /tmp/bow_mlp_imdb_gkr9mokr.pt
Epoch 33/301 | train_loss=13.8758 train_acc=50.40% | val_loss=0.7005 val_acc=50.14% | lr=3.000000e-05
Saved new best model to /tmp/bow_mlp_imdb_gkr9mokr.pt
Epoch 34/301 | train_loss=13.6863 train_acc=50.62% | val_loss=0.6996 val_acc=50.16% | lr=3.000000e-05
Saved new best model to /tmp/bow_mlp_imdb_gkr9mokr.pt
Epoch 35/301 | train_loss=13.4927 train_acc=50.63% | val_loss=0.6989 val_acc=50.10% | lr=3.000000e-05
Epoch 36/301 | train_loss=13.2982 train_acc=50.85% | val_loss=0.6981 val_acc=50.42% | lr=3.000000e-05
Saved new best model to /tmp/bow_mlp_imdb_gkr9mokr.pt
Epoch 37/301 | train_loss=13.1004 train_acc=51.01% | val_loss=0.6973 val_acc=50.42% | lr=3.000000e-05
Epoch 38/301 | train_loss=12.9029 train_acc=51.12% | val_loss=0.6964 val_acc=50.76% | lr=3.000000e-05
Saved new best model to /tmp/bow_mlp_imdb_gkr9mokr.pt
Epoch 39/301 | train_loss=12.7046 train_acc=51.50% | val_loss=0.6955 val_acc=50.86% | lr=3.000000e-05
Saved new best model to /tmp/bow_mlp_imdb_gkr9mokr.pt
Epoch 40/301 | train_loss=12.5035 train_acc=51.86% | val_loss=0.6946 val_acc=51.02% | lr=3.000000e-05
Saved new best model to /tmp/bow_mlp_imdb_gkr9mokr.pt
Epoch 41/301 | train_loss=12.3051 train_acc=51.74% | val_loss=0.6937 val_acc=51.44% | lr=3.000000e-05
Saved new best model to /tmp/bow_mlp_imdb_gkr9mokr.pt
Epoch 42/301 | train_loss=12.1067 train_acc=52.02% | val_loss=0.6927 val_acc=51.44% | lr=3.000000e-05
Epoch 43/301 | train_loss=11.9101 train_acc=52.26% | val_loss=0.6918 val_acc=51.98% | lr=3.000000e-05
Saved new best model to /tmp/bow_mlp_imdb_gkr9mokr.pt
Epoch 44/301 | train_loss=11.7158 train_acc=52.65% | val_loss=0.6907 val_acc=52.08% | lr=3.000000e-05
Saved new best model to /tmp/bow_mlp_imdb_gkr9mokr.pt
Epoch 45/301 | train_loss=11.5234 train_acc=52.85% | val_loss=0.6897 val_acc=52.52% | lr=3.000000e-05
Saved new best model to /tmp/bow_mlp_imdb_gkr9mokr.pt
Epoch 46/301 | train_loss=11.3335 train_acc=53.22% | val_loss=0.6886 val_acc=52.84% | lr=3.000000e-05
Saved new best model to /tmp/bow_mlp_imdb_gkr9mokr.pt
Epoch 47/301 | train_loss=11.1473 train_acc=53.39% | val_loss=0.6876 val_acc=53.24% | lr=3.000000e-05
Saved new best model to /tmp/bow_mlp_imdb_gkr9mokr.pt
Epoch 48/301 | train_loss=10.9636 train_acc=53.62% | val_loss=0.6864 val_acc=53.78% | lr=3.000000e-05
Saved new best model to /tmp/bow_mlp_imdb_gkr9mokr.pt
Epoch 49/301 | train_loss=10.7841 train_acc=54.31% | val_loss=0.6855 val_acc=53.38% | lr=3.000000e-05
Epoch 50/301 | train_loss=10.6109 train_acc=54.46% | val_loss=0.6840 val_acc=54.42% | lr=3.000000e-05
Saved new best model to /tmp/bow_mlp_imdb_gkr9mokr.pt
Epoch 51/301 | train_loss=10.4390 train_acc=54.86% | val_loss=0.6830 val_acc=54.22% | lr=3.000000e-05
Epoch 52/301 | train_loss=10.2746 train_acc=55.04% | val_loss=0.6816 val_acc=55.32% | lr=3.000000e-05
Saved new best model to /tmp/bow_mlp_imdb_gkr9mokr.pt
Epoch 53/301 | train_loss=10.1113 train_acc=55.71% | val_loss=0.6804 val_acc=55.44% | lr=3.000000e-05
Saved new best model to /tmp/bow_mlp_imdb_gkr9mokr.pt
Epoch 54/301 | train_loss=9.9551 train_acc=56.01% | val_loss=0.6792 val_acc=55.44% | lr=3.000000e-05
Epoch 55/301 | train_loss=9.8025 train_acc=56.26% | val_loss=0.6778 val_acc=56.38% | lr=3.000000e-05
Saved new best model to /tmp/bow_mlp_imdb_gkr9mokr.pt
Epoch 56/301 | train_loss=9.6562 train_acc=56.77% | val_loss=0.6765 val_acc=56.84% | lr=3.000000e-05
Saved new best model to /tmp/bow_mlp_imdb_gkr9mokr.pt
Epoch 57/301 | train_loss=9.5139 train_acc=57.25% | val_loss=0.6752 val_acc=57.16% | lr=3.000000e-05
Saved new best model to /tmp/bow_mlp_imdb_gkr9mokr.pt
Epoch 58/301 | train_loss=9.3750 train_acc=57.59% | val_loss=0.6737 val_acc=57.70% | lr=3.000000e-05
Saved new best model to /tmp/bow_mlp_imdb_gkr9mokr.pt
Epoch 59/301 | train_loss=9.2434 train_acc=57.98% | val_loss=0.6723 val_acc=58.52% | lr=3.000000e-05
Saved new best model to /tmp/bow_mlp_imdb_gkr9mokr.pt
Epoch 60/301 | train_loss=9.1165 train_acc=58.69% | val_loss=0.6709 val_acc=58.56% | lr=3.000000e-05
Saved new best model to /tmp/bow_mlp_imdb_gkr9mokr.pt
Epoch 61/301 | train_loss=8.9925 train_acc=58.96% | val_loss=0.6694 val_acc=59.20% | lr=3.000000e-05
Saved new best model to /tmp/bow_mlp_imdb_gkr9mokr.pt
Epoch 62/301 | train_loss=8.8764 train_acc=59.35% | val_loss=0.6679 val_acc=60.04% | lr=3.000000e-05
Saved new best model to /tmp/bow_mlp_imdb_gkr9mokr.pt
Epoch 63/301 | train_loss=8.7606 train_acc=59.80% | val_loss=0.6665 val_acc=60.34% | lr=3.000000e-05
Saved new best model to /tmp/bow_mlp_imdb_gkr9mokr.pt
Epoch 64/301 | train_loss=8.6511 train_acc=60.49% | val_loss=0.6652 val_acc=60.18% | lr=3.000000e-05
Epoch 65/301 | train_loss=8.5471 train_acc=60.74% | val_loss=0.6634 val_acc=61.48% | lr=3.000000e-05
Saved new best model to /tmp/bow_mlp_imdb_gkr9mokr.pt
Epoch 66/301 | train_loss=8.4470 train_acc=61.36% | val_loss=0.6619 val_acc=61.94% | lr=3.000000e-05
Saved new best model to /tmp/bow_mlp_imdb_gkr9mokr.pt
Epoch 67/301 | train_loss=8.3492 train_acc=61.91% | val_loss=0.6604 val_acc=62.18% | lr=3.000000e-05
Saved new best model to /tmp/bow_mlp_imdb_gkr9mokr.pt
Epoch 68/301 | train_loss=8.2548 train_acc=62.36% | val_loss=0.6587 val_acc=62.54% | lr=3.000000e-05
Saved new best model to /tmp/bow_mlp_imdb_gkr9mokr.pt
Epoch 69/301 | train_loss=8.1658 train_acc=63.17% | val_loss=0.6572 val_acc=63.02% | lr=3.000000e-05
Saved new best model to /tmp/bow_mlp_imdb_gkr9mokr.pt
Epoch 70/301 | train_loss=8.0791 train_acc=63.44% | val_loss=0.6559 val_acc=62.90% | lr=3.000000e-05
Epoch 71/301 | train_loss=7.9988 train_acc=63.80% | val_loss=0.6539 val_acc=64.14% | lr=3.000000e-05
Saved new best model to /tmp/bow_mlp_imdb_gkr9mokr.pt
Epoch 72/301 | train_loss=7.9174 train_acc=64.52% | val_loss=0.6523 val_acc=64.40% | lr=3.000000e-05
Saved new best model to /tmp/bow_mlp_imdb_gkr9mokr.pt
Epoch 73/301 | train_loss=7.8429 train_acc=64.91% | val_loss=0.6507 val_acc=64.78% | lr=3.000000e-05
Saved new best model to /tmp/bow_mlp_imdb_gkr9mokr.pt
Epoch 74/301 | train_loss=7.7697 train_acc=65.46% | val_loss=0.6491 val_acc=65.06% | lr=3.000000e-05
Saved new best model to /tmp/bow_mlp_imdb_gkr9mokr.pt
Epoch 75/301 | train_loss=7.6967 train_acc=65.61% | val_loss=0.6472 val_acc=66.16% | lr=3.000000e-05
Saved new best model to /tmp/bow_mlp_imdb_gkr9mokr.pt
Epoch 76/301 | train_loss=7.6295 train_acc=66.16% | val_loss=0.6458 val_acc=65.98% | lr=3.000000e-05
Epoch 77/301 | train_loss=7.5629 train_acc=66.59% | val_loss=0.6441 val_acc=66.60% | lr=3.000000e-05
Saved new best model to /tmp/bow_mlp_imdb_gkr9mokr.pt
Epoch 78/301 | train_loss=7.4987 train_acc=66.97% | val_loss=0.6421 val_acc=67.90% | lr=3.000000e-05
Saved new best model to /tmp/bow_mlp_imdb_gkr9mokr.pt
Epoch 79/301 | train_loss=7.4369 train_acc=67.58% | val_loss=0.6406 val_acc=67.30% | lr=3.000000e-05
Epoch 80/301 | train_loss=7.3761 train_acc=67.84% | val_loss=0.6387 val_acc=68.00% | lr=3.000000e-05
Saved new best model to /tmp/bow_mlp_imdb_gkr9mokr.pt
Epoch 81/301 | train_loss=7.3181 train_acc=68.38% | val_loss=0.6370 val_acc=69.34% | lr=3.000000e-05
Saved new best model to /tmp/bow_mlp_imdb_gkr9mokr.pt
Epoch 82/301 | train_loss=7.2608 train_acc=68.90% | val_loss=0.6352 val_acc=69.50% | lr=3.000000e-05
Saved new best model to /tmp/bow_mlp_imdb_gkr9mokr.pt
Epoch 83/301 | train_loss=7.2068 train_acc=68.94% | val_loss=0.6334 val_acc=69.92% | lr=3.000000e-05
Saved new best model to /tmp/bow_mlp_imdb_gkr9mokr.pt
Epoch 84/301 | train_loss=7.1541 train_acc=69.38% | val_loss=0.6316 val_acc=70.34% | lr=3.000000e-05
Saved new best model to /tmp/bow_mlp_imdb_gkr9mokr.pt
Epoch 85/301 | train_loss=7.1033 train_acc=69.66% | val_loss=0.6299 val_acc=70.62% | lr=3.000000e-05
Saved new best model to /tmp/bow_mlp_imdb_gkr9mokr.pt
Epoch 86/301 | train_loss=7.0556 train_acc=70.02% | val_loss=0.6281 val_acc=70.92% | lr=3.000000e-05
Saved new best model to /tmp/bow_mlp_imdb_gkr9mokr.pt
Epoch 87/301 | train_loss=7.0033 train_acc=70.67% | val_loss=0.6266 val_acc=70.26% | lr=3.000000e-05
Epoch 88/301 | train_loss=6.9581 train_acc=70.70% | val_loss=0.6248 val_acc=70.68% | lr=3.000000e-05
Epoch 89/301 | train_loss=6.9110 train_acc=71.19% | val_loss=0.6228 val_acc=71.54% | lr=3.000000e-05
Saved new best model to /tmp/bow_mlp_imdb_gkr9mokr.pt
Epoch 90/301 | train_loss=6.8653 train_acc=71.30% | val_loss=0.6209 val_acc=72.40% | lr=3.000000e-05
Saved new best model to /tmp/bow_mlp_imdb_gkr9mokr.pt
Epoch 91/301 | train_loss=6.8224 train_acc=71.75% | val_loss=0.6191 val_acc=72.58% | lr=3.000000e-05
Saved new best model to /tmp/bow_mlp_imdb_gkr9mokr.pt
Epoch 92/301 | train_loss=6.7796 train_acc=71.98% | val_loss=0.6173 val_acc=72.62% | lr=3.000000e-05
Saved new best model to /tmp/bow_mlp_imdb_gkr9mokr.pt
Epoch 93/301 | train_loss=6.7376 train_acc=72.36% | val_loss=0.6155 val_acc=72.82% | lr=3.000000e-05
Saved new best model to /tmp/bow_mlp_imdb_gkr9mokr.pt
Epoch 94/301 | train_loss=6.6960 train_acc=72.56% | val_loss=0.6136 val_acc=73.22% | lr=3.000000e-05
Saved new best model to /tmp/bow_mlp_imdb_gkr9mokr.pt
Epoch 95/301 | train_loss=6.6570 train_acc=72.79% | val_loss=0.6118 val_acc=73.30% | lr=3.000000e-05
Saved new best model to /tmp/bow_mlp_imdb_gkr9mokr.pt
Epoch 96/301 | train_loss=6.6175 train_acc=72.95% | val_loss=0.6100 val_acc=74.00% | lr=3.000000e-05
Saved new best model to /tmp/bow_mlp_imdb_gkr9mokr.pt
Epoch 97/301 | train_loss=6.5797 train_acc=73.60% | val_loss=0.6082 val_acc=73.66% | lr=3.000000e-05
Epoch 98/301 | train_loss=6.5421 train_acc=73.68% | val_loss=0.6063 val_acc=74.28% | lr=3.000000e-05
Saved new best model to /tmp/bow_mlp_imdb_gkr9mokr.pt
Epoch 99/301 | train_loss=6.5035 train_acc=73.97% | val_loss=0.6044 val_acc=74.38% | lr=3.000000e-05
Saved new best model to /tmp/bow_mlp_imdb_gkr9mokr.pt
Epoch 100/301 | train_loss=6.4685 train_acc=74.21% | val_loss=0.6027 val_acc=74.26% | lr=3.000000e-05
Epoch 101/301 | train_loss=6.4332 train_acc=74.34% | val_loss=0.6007 val_acc=74.94% | lr=3.000000e-05
Saved new best model to /tmp/bow_mlp_imdb_gkr9mokr.pt
Epoch 102/301 | train_loss=6.4001 train_acc=74.72% | val_loss=0.5989 val_acc=75.12% | lr=3.000000e-05
Saved new best model to /tmp/bow_mlp_imdb_gkr9mokr.pt
Epoch 103/301 | train_loss=6.3676 train_acc=74.91% | val_loss=0.5971 val_acc=75.22% | lr=3.000000e-05
Saved new best model to /tmp/bow_mlp_imdb_gkr9mokr.pt
Epoch 104/301 | train_loss=6.3314 train_acc=75.20% | val_loss=0.5953 val_acc=75.30% | lr=3.000000e-05
Saved new best model to /tmp/bow_mlp_imdb_gkr9mokr.pt
Epoch 105/301 | train_loss=6.2987 train_acc=75.13% | val_loss=0.5935 val_acc=75.46% | lr=3.000000e-05
Saved new best model to /tmp/bow_mlp_imdb_gkr9mokr.pt
Epoch 106/301 | train_loss=6.2661 train_acc=75.74% | val_loss=0.5916 val_acc=75.72% | lr=3.000000e-05
Saved new best model to /tmp/bow_mlp_imdb_gkr9mokr.pt
Epoch 107/301 | train_loss=6.2369 train_acc=75.72% | val_loss=0.5897 val_acc=75.86% | lr=3.000000e-05
Saved new best model to /tmp/bow_mlp_imdb_gkr9mokr.pt
Epoch 108/301 | train_loss=6.2050 train_acc=75.98% | val_loss=0.5879 val_acc=75.96% | lr=3.000000e-05
Saved new best model to /tmp/bow_mlp_imdb_gkr9mokr.pt
Epoch 109/301 | train_loss=6.1738 train_acc=76.27% | val_loss=0.5862 val_acc=75.98% | lr=3.000000e-05
Saved new best model to /tmp/bow_mlp_imdb_gkr9mokr.pt
Epoch 110/301 | train_loss=6.1437 train_acc=76.17% | val_loss=0.5843 val_acc=76.36% | lr=3.000000e-05
Saved new best model to /tmp/bow_mlp_imdb_gkr9mokr.pt
Epoch 111/301 | train_loss=6.1136 train_acc=76.44% | val_loss=0.5825 val_acc=76.18% | lr=3.000000e-05
Epoch 112/301 | train_loss=6.0848 train_acc=76.63% | val_loss=0.5806 val_acc=76.46% | lr=3.000000e-05
Saved new best model to /tmp/bow_mlp_imdb_gkr9mokr.pt
Epoch 113/301 | train_loss=6.0561 train_acc=76.78% | val_loss=0.5788 val_acc=76.44% | lr=3.000000e-05
Epoch 114/301 | train_loss=6.0268 train_acc=76.95% | val_loss=0.5770 val_acc=76.62% | lr=3.000000e-05
Saved new best model to /tmp/bow_mlp_imdb_gkr9mokr.pt
Epoch 115/301 | train_loss=5.9981 train_acc=77.08% | val_loss=0.5753 val_acc=76.48% | lr=3.000000e-05
Epoch 116/301 | train_loss=5.9728 train_acc=77.12% | val_loss=0.5734 val_acc=76.88% | lr=3.000000e-05
Saved new best model to /tmp/bow_mlp_imdb_gkr9mokr.pt
Epoch 117/301 | train_loss=5.9432 train_acc=77.35% | val_loss=0.5716 val_acc=77.00% | lr=3.000000e-05
Saved new best model to /tmp/bow_mlp_imdb_gkr9mokr.pt
Epoch 118/301 | train_loss=5.9161 train_acc=77.46% | val_loss=0.5700 val_acc=76.84% | lr=3.000000e-05
Epoch 119/301 | train_loss=5.8887 train_acc=77.55% | val_loss=0.5680 val_acc=77.20% | lr=3.000000e-05
Saved new best model to /tmp/bow_mlp_imdb_gkr9mokr.pt
Epoch 120/301 | train_loss=5.8618 train_acc=77.61% | val_loss=0.5664 val_acc=77.00% | lr=3.000000e-05
Epoch 121/301 | train_loss=5.8371 train_acc=77.81% | val_loss=0.5645 val_acc=77.44% | lr=3.000000e-05
Saved new best model to /tmp/bow_mlp_imdb_gkr9mokr.pt
Epoch 122/301 | train_loss=5.8119 train_acc=77.87% | val_loss=0.5626 val_acc=77.36% | lr=3.000000e-05
Epoch 123/301 | train_loss=5.7860 train_acc=77.94% | val_loss=0.5609 val_acc=77.42% | lr=3.000000e-05
Epoch 124/301 | train_loss=5.7611 train_acc=78.10% | val_loss=0.5591 val_acc=77.50% | lr=3.000000e-05
Saved new best model to /tmp/bow_mlp_imdb_gkr9mokr.pt
Epoch 125/301 | train_loss=5.7346 train_acc=78.31% | val_loss=0.5573 val_acc=77.66% | lr=3.000000e-05
Saved new best model to /tmp/bow_mlp_imdb_gkr9mokr.pt
Epoch 126/301 | train_loss=5.7100 train_acc=78.22% | val_loss=0.5556 val_acc=77.88% | lr=3.000000e-05
Saved new best model to /tmp/bow_mlp_imdb_gkr9mokr.pt
Epoch 127/301 | train_loss=5.6853 train_acc=78.50% | val_loss=0.5541 val_acc=77.94% | lr=3.000000e-05
Saved new best model to /tmp/bow_mlp_imdb_gkr9mokr.pt
Epoch 128/301 | train_loss=5.6624 train_acc=78.44% | val_loss=0.5521 val_acc=77.98% | lr=3.000000e-05
Saved new best model to /tmp/bow_mlp_imdb_gkr9mokr.pt
Epoch 129/301 | train_loss=5.6375 train_acc=78.52% | val_loss=0.5504 val_acc=78.26% | lr=3.000000e-05
Saved new best model to /tmp/bow_mlp_imdb_gkr9mokr.pt
Epoch 130/301 | train_loss=5.6122 train_acc=78.69% | val_loss=0.5486 val_acc=78.32% | lr=3.000000e-05
Saved new best model to /tmp/bow_mlp_imdb_gkr9mokr.pt
Epoch 131/301 | train_loss=5.5898 train_acc=78.80% | val_loss=0.5470 val_acc=78.50% | lr=3.000000e-05
Saved new best model to /tmp/bow_mlp_imdb_gkr9mokr.pt
Epoch 132/301 | train_loss=5.5659 train_acc=78.92% | val_loss=0.5452 val_acc=78.48% | lr=3.000000e-05
Epoch 133/301 | train_loss=5.5438 train_acc=79.09% | val_loss=0.5437 val_acc=78.46% | lr=3.000000e-05
Epoch 134/301 | train_loss=5.5204 train_acc=79.14% | val_loss=0.5418 val_acc=78.56% | lr=3.000000e-05
Saved new best model to /tmp/bow_mlp_imdb_gkr9mokr.pt
Epoch 135/301 | train_loss=5.4975 train_acc=79.11% | val_loss=0.5401 val_acc=78.72% | lr=3.000000e-05
Saved new best model to /tmp/bow_mlp_imdb_gkr9mokr.pt
Epoch 136/301 | train_loss=5.4753 train_acc=79.31% | val_loss=0.5385 val_acc=78.86% | lr=3.000000e-05
Saved new best model to /tmp/bow_mlp_imdb_gkr9mokr.pt
Epoch 137/301 | train_loss=5.4519 train_acc=79.38% | val_loss=0.5369 val_acc=78.90% | lr=3.000000e-05
Saved new best model to /tmp/bow_mlp_imdb_gkr9mokr.pt
Epoch 138/301 | train_loss=5.4312 train_acc=79.42% | val_loss=0.5351 val_acc=79.12% | lr=3.000000e-05
Saved new best model to /tmp/bow_mlp_imdb_gkr9mokr.pt
Epoch 139/301 | train_loss=5.4099 train_acc=79.53% | val_loss=0.5335 val_acc=79.22% | lr=3.000000e-05
Saved new best model to /tmp/bow_mlp_imdb_gkr9mokr.pt
Epoch 140/301 | train_loss=5.3882 train_acc=79.70% | val_loss=0.5319 val_acc=79.30% | lr=3.000000e-05
Saved new best model to /tmp/bow_mlp_imdb_gkr9mokr.pt
Epoch 141/301 | train_loss=5.3685 train_acc=79.73% | val_loss=0.5302 val_acc=79.40% | lr=3.000000e-05
Saved new best model to /tmp/bow_mlp_imdb_gkr9mokr.pt
Epoch 142/301 | train_loss=5.3467 train_acc=79.93% | val_loss=0.5286 val_acc=79.46% | lr=3.000000e-05
Saved new best model to /tmp/bow_mlp_imdb_gkr9mokr.pt
Epoch 143/301 | train_loss=5.3240 train_acc=79.92% | val_loss=0.5270 val_acc=79.42% | lr=3.000000e-05
Epoch 144/301 | train_loss=5.3030 train_acc=80.03% | val_loss=0.5254 val_acc=79.58% | lr=3.000000e-05
Saved new best model to /tmp/bow_mlp_imdb_gkr9mokr.pt
Epoch 145/301 | train_loss=5.2816 train_acc=80.05% | val_loss=0.5239 val_acc=79.66% | lr=3.000000e-05
Saved new best model to /tmp/bow_mlp_imdb_gkr9mokr.pt
Epoch 146/301 | train_loss=5.2617 train_acc=80.12% | val_loss=0.5222 val_acc=79.64% | lr=3.000000e-05
Epoch 147/301 | train_loss=5.2408 train_acc=80.15% | val_loss=0.5207 val_acc=79.72% | lr=3.000000e-05
Saved new best model to /tmp/bow_mlp_imdb_gkr9mokr.pt
Epoch 148/301 | train_loss=5.2206 train_acc=80.28% | val_loss=0.5191 val_acc=79.80% | lr=3.000000e-05
Saved new best model to /tmp/bow_mlp_imdb_gkr9mokr.pt
Epoch 149/301 | train_loss=5.2007 train_acc=80.30% | val_loss=0.5175 val_acc=79.82% | lr=3.000000e-05
Saved new best model to /tmp/bow_mlp_imdb_gkr9mokr.pt
Epoch 150/301 | train_loss=5.1812 train_acc=80.37% | val_loss=0.5159 val_acc=79.90% | lr=3.000000e-05
Saved new best model to /tmp/bow_mlp_imdb_gkr9mokr.pt
Epoch 151/301 | train_loss=5.1609 train_acc=80.44% | val_loss=0.5144 val_acc=79.94% | lr=3.000000e-05
Saved new best model to /tmp/bow_mlp_imdb_gkr9mokr.pt
Epoch 152/301 | train_loss=5.1407 train_acc=80.56% | val_loss=0.5128 val_acc=79.98% | lr=3.000000e-05
Saved new best model to /tmp/bow_mlp_imdb_gkr9mokr.pt
Epoch 153/301 | train_loss=5.1215 train_acc=80.58% | val_loss=0.5113 val_acc=80.06% | lr=3.000000e-05
Saved new best model to /tmp/bow_mlp_imdb_gkr9mokr.pt
Epoch 154/301 | train_loss=5.1023 train_acc=80.73% | val_loss=0.5097 val_acc=80.20% | lr=3.000000e-05
Saved new best model to /tmp/bow_mlp_imdb_gkr9mokr.pt
Epoch 155/301 | train_loss=5.0817 train_acc=80.76% | val_loss=0.5082 val_acc=80.16% | lr=3.000000e-05
Epoch 156/301 | train_loss=5.0631 train_acc=80.86% | val_loss=0.5068 val_acc=80.20% | lr=3.000000e-05
Epoch 157/301 | train_loss=5.0436 train_acc=80.91% | val_loss=0.5052 val_acc=80.34% | lr=3.000000e-05
Saved new best model to /tmp/bow_mlp_imdb_gkr9mokr.pt
Epoch 158/301 | train_loss=5.0261 train_acc=81.02% | val_loss=0.5037 val_acc=80.48% | lr=3.000000e-05
Saved new best model to /tmp/bow_mlp_imdb_gkr9mokr.pt
Epoch 159/301 | train_loss=5.0052 train_acc=81.04% | val_loss=0.5023 val_acc=80.38% | lr=3.000000e-05
Epoch 160/301 | train_loss=4.9885 train_acc=81.19% | val_loss=0.5008 val_acc=80.62% | lr=3.000000e-05
Saved new best model to /tmp/bow_mlp_imdb_gkr9mokr.pt
Epoch 161/301 | train_loss=4.9692 train_acc=81.23% | val_loss=0.4994 val_acc=80.60% | lr=3.000000e-05
Epoch 162/301 | train_loss=4.9513 train_acc=81.30% | val_loss=0.4979 val_acc=80.80% | lr=3.000000e-05
Saved new best model to /tmp/bow_mlp_imdb_gkr9mokr.pt
Epoch 163/301 | train_loss=4.9336 train_acc=81.28% | val_loss=0.4965 val_acc=80.86% | lr=3.000000e-05
Saved new best model to /tmp/bow_mlp_imdb_gkr9mokr.pt
Epoch 164/301 | train_loss=4.9156 train_acc=81.41% | val_loss=0.4950 val_acc=80.92% | lr=3.000000e-05
Saved new best model to /tmp/bow_mlp_imdb_gkr9mokr.pt
Epoch 165/301 | train_loss=4.8968 train_acc=81.51% | val_loss=0.4936 val_acc=81.00% | lr=3.000000e-05
Saved new best model to /tmp/bow_mlp_imdb_gkr9mokr.pt
Epoch 166/301 | train_loss=4.8799 train_acc=81.56% | val_loss=0.4922 val_acc=80.96% | lr=3.000000e-05
Epoch 167/301 | train_loss=4.8623 train_acc=81.56% | val_loss=0.4909 val_acc=80.92% | lr=3.000000e-05
Epoch 168/301 | train_loss=4.8450 train_acc=81.65% | val_loss=0.4894 val_acc=81.18% | lr=3.000000e-05
Saved new best model to /tmp/bow_mlp_imdb_gkr9mokr.pt
Epoch 169/301 | train_loss=4.8268 train_acc=81.72% | val_loss=0.4880 val_acc=81.18% | lr=3.000000e-05
Epoch 170/301 | train_loss=4.8099 train_acc=81.76% | val_loss=0.4866 val_acc=81.30% | lr=3.000000e-05
Saved new best model to /tmp/bow_mlp_imdb_gkr9mokr.pt
Epoch 171/301 | train_loss=4.7925 train_acc=81.86% | val_loss=0.4853 val_acc=81.34% | lr=3.000000e-05
Saved new best model to /tmp/bow_mlp_imdb_gkr9mokr.pt
Epoch 172/301 | train_loss=4.7751 train_acc=81.92% | val_loss=0.4840 val_acc=81.40% | lr=3.000000e-05
Saved new best model to /tmp/bow_mlp_imdb_gkr9mokr.pt
Epoch 173/301 | train_loss=4.7578 train_acc=81.88% | val_loss=0.4825 val_acc=81.38% | lr=3.000000e-05
Epoch 174/301 | train_loss=4.7406 train_acc=82.00% | val_loss=0.4812 val_acc=81.48% | lr=3.000000e-05
Saved new best model to /tmp/bow_mlp_imdb_gkr9mokr.pt
Epoch 175/301 | train_loss=4.7245 train_acc=82.14% | val_loss=0.4798 val_acc=81.52% | lr=3.000000e-05
Saved new best model to /tmp/bow_mlp_imdb_gkr9mokr.pt
Epoch 176/301 | train_loss=4.7071 train_acc=82.14% | val_loss=0.4785 val_acc=81.46% | lr=3.000000e-05
Epoch 177/301 | train_loss=4.6915 train_acc=82.19% | val_loss=0.4772 val_acc=81.50% | lr=3.000000e-05
Epoch 178/301 | train_loss=4.6739 train_acc=82.25% | val_loss=0.4758 val_acc=81.46% | lr=3.000000e-05
Epoch 179/301 | train_loss=4.6579 train_acc=82.27% | val_loss=0.4746 val_acc=81.56% | lr=3.000000e-05
Saved new best model to /tmp/bow_mlp_imdb_gkr9mokr.pt
Epoch 180/301 | train_loss=4.6399 train_acc=82.36% | val_loss=0.4732 val_acc=81.60% | lr=3.000000e-05
Saved new best model to /tmp/bow_mlp_imdb_gkr9mokr.pt
Epoch 181/301 | train_loss=4.6248 train_acc=82.35% | val_loss=0.4721 val_acc=81.64% | lr=3.000000e-05
Saved new best model to /tmp/bow_mlp_imdb_gkr9mokr.pt
Epoch 182/301 | train_loss=4.6092 train_acc=82.53% | val_loss=0.4707 val_acc=81.74% | lr=3.000000e-05
Saved new best model to /tmp/bow_mlp_imdb_gkr9mokr.pt
Epoch 183/301 | train_loss=4.5937 train_acc=82.47% | val_loss=0.4695 val_acc=81.72% | lr=3.000000e-05
Epoch 184/301 | train_loss=4.5779 train_acc=82.42% | val_loss=0.4682 val_acc=81.80% | lr=3.000000e-05
Saved new best model to /tmp/bow_mlp_imdb_gkr9mokr.pt
Epoch 185/301 | train_loss=4.5619 train_acc=82.59% | val_loss=0.4669 val_acc=81.96% | lr=3.000000e-05
Saved new best model to /tmp/bow_mlp_imdb_gkr9mokr.pt
Epoch 186/301 | train_loss=4.5464 train_acc=82.58% | val_loss=0.4657 val_acc=82.04% | lr=3.000000e-05
Saved new best model to /tmp/bow_mlp_imdb_gkr9mokr.pt
Epoch 187/301 | train_loss=4.5306 train_acc=82.60% | val_loss=0.4647 val_acc=82.00% | lr=3.000000e-05
Epoch 188/301 | train_loss=4.5157 train_acc=82.65% | val_loss=0.4633 val_acc=82.18% | lr=3.000000e-05
Saved new best model to /tmp/bow_mlp_imdb_gkr9mokr.pt
Epoch 189/301 | train_loss=4.4999 train_acc=82.67% | val_loss=0.4621 val_acc=82.14% | lr=3.000000e-05
Epoch 190/301 | train_loss=4.4853 train_acc=82.80% | val_loss=0.4609 val_acc=82.18% | lr=3.000000e-05
Epoch 191/301 | train_loss=4.4693 train_acc=82.86% | val_loss=0.4597 val_acc=82.18% | lr=3.000000e-05
Epoch 192/301 | train_loss=4.4539 train_acc=82.84% | val_loss=0.4585 val_acc=82.22% | lr=3.000000e-05
Saved new best model to /tmp/bow_mlp_imdb_gkr9mokr.pt
Epoch 193/301 | train_loss=4.4395 train_acc=82.84% | val_loss=0.4574 val_acc=82.24% | lr=3.000000e-05
Saved new best model to /tmp/bow_mlp_imdb_gkr9mokr.pt
Epoch 194/301 | train_loss=4.4245 train_acc=82.96% | val_loss=0.4562 val_acc=82.40% | lr=3.000000e-05
Saved new best model to /tmp/bow_mlp_imdb_gkr9mokr.pt
Epoch 195/301 | train_loss=4.4098 train_acc=82.91% | val_loss=0.4554 val_acc=82.30% | lr=3.000000e-05
Epoch 196/301 | train_loss=4.3965 train_acc=83.01% | val_loss=0.4540 val_acc=82.50% | lr=3.000000e-05
Saved new best model to /tmp/bow_mlp_imdb_gkr9mokr.pt
Epoch 197/301 | train_loss=4.3803 train_acc=82.99% | val_loss=0.4529 val_acc=82.56% | lr=3.000000e-05
Saved new best model to /tmp/bow_mlp_imdb_gkr9mokr.pt
Epoch 198/301 | train_loss=4.3661 train_acc=83.12% | val_loss=0.4517 val_acc=82.52% | lr=3.000000e-05
Epoch 199/301 | train_loss=4.3513 train_acc=83.10% | val_loss=0.4507 val_acc=82.64% | lr=3.000000e-05
Saved new best model to /tmp/bow_mlp_imdb_gkr9mokr.pt
Epoch 200/301 | train_loss=4.3373 train_acc=83.17% | val_loss=0.4496 val_acc=82.68% | lr=3.000000e-05
Saved new best model to /tmp/bow_mlp_imdb_gkr9mokr.pt
Epoch 201/301 | train_loss=4.3227 train_acc=83.27% | val_loss=0.4485 val_acc=82.60% | lr=3.000000e-05
Epoch 202/301 | train_loss=4.3074 train_acc=83.28% | val_loss=0.4474 val_acc=82.70% | lr=3.000000e-05
Saved new best model to /tmp/bow_mlp_imdb_gkr9mokr.pt
Epoch 203/301 | train_loss=4.2937 train_acc=83.27% | val_loss=0.4463 val_acc=82.74% | lr=3.000000e-05
Saved new best model to /tmp/bow_mlp_imdb_gkr9mokr.pt
Epoch 204/301 | train_loss=4.2806 train_acc=83.30% | val_loss=0.4453 val_acc=82.74% | lr=3.000000e-05
Epoch 205/301 | train_loss=4.2659 train_acc=83.43% | val_loss=0.4443 val_acc=82.78% | lr=3.000000e-05
Saved new best model to /tmp/bow_mlp_imdb_gkr9mokr.pt
Epoch 206/301 | train_loss=4.2527 train_acc=83.38% | val_loss=0.4433 val_acc=82.88% | lr=3.000000e-05
Saved new best model to /tmp/bow_mlp_imdb_gkr9mokr.pt
Epoch 207/301 | train_loss=4.2386 train_acc=83.45% | val_loss=0.4422 val_acc=82.88% | lr=3.000000e-05
Epoch 208/301 | train_loss=4.2254 train_acc=83.44% | val_loss=0.4413 val_acc=82.94% | lr=3.000000e-05
Saved new best model to /tmp/bow_mlp_imdb_gkr9mokr.pt
Epoch 209/301 | train_loss=4.2117 train_acc=83.55% | val_loss=0.4402 val_acc=82.98% | lr=3.000000e-05
Saved new best model to /tmp/bow_mlp_imdb_gkr9mokr.pt
Epoch 210/301 | train_loss=4.1984 train_acc=83.59% | val_loss=0.4393 val_acc=82.92% | lr=3.000000e-05
Epoch 211/301 | train_loss=4.1856 train_acc=83.67% | val_loss=0.4383 val_acc=83.06% | lr=3.000000e-05
Saved new best model to /tmp/bow_mlp_imdb_gkr9mokr.pt
Epoch 212/301 | train_loss=4.1718 train_acc=83.64% | val_loss=0.4374 val_acc=83.00% | lr=3.000000e-05
Epoch 213/301 | train_loss=4.1578 train_acc=83.77% | val_loss=0.4364 val_acc=83.06% | lr=3.000000e-05
Epoch 214/301 | train_loss=4.1440 train_acc=83.78% | val_loss=0.4354 val_acc=83.04% | lr=3.000000e-05
Epoch 215/301 | train_loss=4.1312 train_acc=83.81% | val_loss=0.4345 val_acc=83.02% | lr=3.000000e-05
Epoch 216/301 | train_loss=4.1188 train_acc=83.86% | val_loss=0.4336 val_acc=83.18% | lr=3.000000e-05
Saved new best model to /tmp/bow_mlp_imdb_gkr9mokr.pt
Epoch 217/301 | train_loss=4.1054 train_acc=83.89% | val_loss=0.4327 val_acc=83.16% | lr=3.000000e-05
Epoch 218/301 | train_loss=4.0931 train_acc=83.88% | val_loss=0.4318 val_acc=83.18% | lr=3.000000e-05
Epoch 219/301 | train_loss=4.0803 train_acc=83.95% | val_loss=0.4311 val_acc=83.24% | lr=3.000000e-05
Saved new best model to /tmp/bow_mlp_imdb_gkr9mokr.pt
Epoch 220/301 | train_loss=4.0673 train_acc=84.00% | val_loss=0.4300 val_acc=83.24% | lr=3.000000e-05
Epoch 221/301 | train_loss=4.0546 train_acc=84.05% | val_loss=0.4291 val_acc=83.38% | lr=3.000000e-05
Saved new best model to /tmp/bow_mlp_imdb_gkr9mokr.pt
Epoch 222/301 | train_loss=4.0420 train_acc=84.06% | val_loss=0.4282 val_acc=83.40% | lr=3.000000e-05
Saved new best model to /tmp/bow_mlp_imdb_gkr9mokr.pt
Epoch 223/301 | train_loss=4.0300 train_acc=84.06% | val_loss=0.4274 val_acc=83.44% | lr=3.000000e-05
Saved new best model to /tmp/bow_mlp_imdb_gkr9mokr.pt
Epoch 224/301 | train_loss=4.0176 train_acc=84.12% | val_loss=0.4266 val_acc=83.30% | lr=3.000000e-05
Epoch 225/301 | train_loss=4.0055 train_acc=84.18% | val_loss=0.4257 val_acc=83.40% | lr=3.000000e-05
Epoch 226/301 | train_loss=3.9912 train_acc=84.16% | val_loss=0.4249 val_acc=83.42% | lr=3.000000e-05
Epoch 227/301 | train_loss=3.9805 train_acc=84.15% | val_loss=0.4241 val_acc=83.50% | lr=3.000000e-05
Saved new best model to /tmp/bow_mlp_imdb_gkr9mokr.pt
Epoch 228/301 | train_loss=3.9682 train_acc=84.19% | val_loss=0.4232 val_acc=83.48% | lr=3.000000e-05
Epoch 229/301 | train_loss=3.9563 train_acc=84.25% | val_loss=0.4225 val_acc=83.40% | lr=3.000000e-05
Epoch 230/301 | train_loss=3.9440 train_acc=84.28% | val_loss=0.4217 val_acc=83.48% | lr=3.000000e-05
Epoch 231/301 | train_loss=3.9320 train_acc=84.31% | val_loss=0.4209 val_acc=83.48% | lr=3.000000e-05
Epoch 232/301 | train_loss=3.9198 train_acc=84.30% | val_loss=0.4202 val_acc=83.58% | lr=3.000000e-05
Saved new best model to /tmp/bow_mlp_imdb_gkr9mokr.pt
Epoch 233/301 | train_loss=3.9083 train_acc=84.38% | val_loss=0.4193 val_acc=83.52% | lr=3.000000e-05
Epoch 234/301 | train_loss=3.8968 train_acc=84.30% | val_loss=0.4185 val_acc=83.50% | lr=3.000000e-05
Epoch 235/301 | train_loss=3.8858 train_acc=84.38% | val_loss=0.4179 val_acc=83.64% | lr=3.000000e-05
Saved new best model to /tmp/bow_mlp_imdb_gkr9mokr.pt
Epoch 236/301 | train_loss=3.8733 train_acc=84.40% | val_loss=0.4171 val_acc=83.46% | lr=3.000000e-05
Epoch 237/301 | train_loss=3.8611 train_acc=84.45% | val_loss=0.4164 val_acc=83.78% | lr=3.000000e-05
Saved new best model to /tmp/bow_mlp_imdb_gkr9mokr.pt
Epoch 238/301 | train_loss=3.8493 train_acc=84.41% | val_loss=0.4158 val_acc=83.80% | lr=3.000000e-05
Saved new best model to /tmp/bow_mlp_imdb_gkr9mokr.pt
Epoch 239/301 | train_loss=3.8385 train_acc=84.42% | val_loss=0.4149 val_acc=83.70% | lr=3.000000e-05
Epoch 240/301 | train_loss=3.8282 train_acc=84.47% | val_loss=0.4141 val_acc=83.66% | lr=3.000000e-05
Epoch 241/301 | train_loss=3.8158 train_acc=84.45% | val_loss=0.4135 val_acc=83.68% | lr=3.000000e-05
Epoch 242/301 | train_loss=3.8038 train_acc=84.47% | val_loss=0.4128 val_acc=83.68% | lr=3.000000e-05
Epoch 243/301 | train_loss=3.7931 train_acc=84.47% | val_loss=0.4120 val_acc=83.76% | lr=3.000000e-05
Epoch 244/301 | train_loss=3.7816 train_acc=84.52% | val_loss=0.4118 val_acc=83.80% | lr=3.000000e-05
Epoch 245/301 | train_loss=3.7707 train_acc=84.59% | val_loss=0.4108 val_acc=83.90% | lr=3.000000e-05
Saved new best model to /tmp/bow_mlp_imdb_gkr9mokr.pt
Epoch 246/301 | train_loss=3.7598 train_acc=84.60% | val_loss=0.4102 val_acc=83.92% | lr=3.000000e-05
Saved new best model to /tmp/bow_mlp_imdb_gkr9mokr.pt
Epoch 247/301 | train_loss=3.7481 train_acc=84.59% | val_loss=0.4094 val_acc=83.80% | lr=3.000000e-05
Epoch 248/301 | train_loss=3.7384 train_acc=84.63% | val_loss=0.4087 val_acc=83.74% | lr=3.000000e-05
Epoch 249/301 | train_loss=3.7267 train_acc=84.62% | val_loss=0.4081 val_acc=83.88% | lr=3.000000e-05
Epoch 250/301 | train_loss=3.7160 train_acc=84.69% | val_loss=0.4077 val_acc=83.94% | lr=3.000000e-05
Saved new best model to /tmp/bow_mlp_imdb_gkr9mokr.pt
Epoch 251/301 | train_loss=3.7050 train_acc=84.65% | val_loss=0.4069 val_acc=84.04% | lr=3.000000e-05
Saved new best model to /tmp/bow_mlp_imdb_gkr9mokr.pt
Epoch 252/301 | train_loss=3.6941 train_acc=84.69% | val_loss=0.4062 val_acc=83.84% | lr=3.000000e-05
Epoch 253/301 | train_loss=3.6834 train_acc=84.71% | val_loss=0.4057 val_acc=83.98% | lr=3.000000e-05
Epoch 254/301 | train_loss=3.6720 train_acc=84.76% | val_loss=0.4051 val_acc=83.98% | lr=3.000000e-05
Epoch 255/301 | train_loss=3.6623 train_acc=84.75% | val_loss=0.4044 val_acc=83.90% | lr=3.000000e-05
Epoch 256/301 | train_loss=3.6516 train_acc=84.74% | val_loss=0.4038 val_acc=84.00% | lr=3.000000e-05
Epoch 257/301 | train_loss=3.6405 train_acc=84.78% | val_loss=0.4032 val_acc=83.98% | lr=3.000000e-05
Epoch 258/301 | train_loss=3.6300 train_acc=84.80% | val_loss=0.4027 val_acc=84.04% | lr=3.000000e-05
Epoch 259/301 | train_loss=3.6202 train_acc=84.81% | val_loss=0.4021 val_acc=83.96% | lr=3.000000e-05
Epoch 260/301 | train_loss=3.6106 train_acc=84.82% | val_loss=0.4016 val_acc=84.04% | lr=3.000000e-05
Epoch 261/301 | train_loss=3.5996 train_acc=84.89% | val_loss=0.4009 val_acc=83.90% | lr=3.000000e-05
Epoch 262/301 | train_loss=3.5886 train_acc=84.88% | val_loss=0.4004 val_acc=84.00% | lr=3.000000e-05
Epoch 263/301 | train_loss=3.5791 train_acc=84.86% | val_loss=0.4000 val_acc=84.04% | lr=3.000000e-05
Epoch 264/301 | train_loss=3.5689 train_acc=84.92% | val_loss=0.3994 val_acc=84.04% | lr=3.000000e-05
Epoch 265/301 | train_loss=3.5582 train_acc=84.98% | val_loss=0.3988 val_acc=83.82% | lr=3.000000e-05
Epoch 266/301 | train_loss=3.5481 train_acc=85.00% | val_loss=0.3985 val_acc=84.06% | lr=3.000000e-05
Saved new best model to /tmp/bow_mlp_imdb_gkr9mokr.pt
Epoch 267/301 | train_loss=3.5386 train_acc=85.00% | val_loss=0.3978 val_acc=84.02% | lr=3.000000e-05
Epoch 268/301 | train_loss=3.5282 train_acc=85.05% | val_loss=0.3973 val_acc=83.76% | lr=3.000000e-05
Epoch 269/301 | train_loss=3.5179 train_acc=85.06% | val_loss=0.3968 val_acc=84.04% | lr=3.000000e-05
Epoch 270/301 | train_loss=3.5083 train_acc=85.03% | val_loss=0.3963 val_acc=84.02% | lr=3.000000e-05
Epoch 271/301 | train_loss=3.4971 train_acc=85.05% | val_loss=0.3960 val_acc=84.06% | lr=3.000000e-05
Epoch 272/301 | train_loss=3.4884 train_acc=85.08% | val_loss=0.3954 val_acc=84.04% | lr=3.000000e-05
Epoch 273/301 | train_loss=3.4782 train_acc=85.11% | val_loss=0.3948 val_acc=83.86% | lr=3.000000e-05
Epoch 274/301 | train_loss=3.4687 train_acc=85.11% | val_loss=0.3944 val_acc=83.90% | lr=3.000000e-05
Epoch 275/301 | train_loss=3.4593 train_acc=85.12% | val_loss=0.3940 val_acc=84.04% | lr=3.000000e-05
Epoch 276/301 | train_loss=3.4490 train_acc=85.13% | val_loss=0.3934 val_acc=83.98% | lr=3.000000e-05
Epoch 277/301 | train_loss=3.4388 train_acc=85.12% | val_loss=0.3930 val_acc=83.92% | lr=3.000000e-05
Epoch 278/301 | train_loss=3.4290 train_acc=85.22% | val_loss=0.3925 val_acc=83.94% | lr=3.000000e-05
Epoch 279/301 | train_loss=3.4196 train_acc=85.15% | val_loss=0.3921 val_acc=83.96% | lr=3.000000e-05
Epoch 280/301 | train_loss=3.4099 train_acc=85.22% | val_loss=0.3916 val_acc=83.90% | lr=3.000000e-05
Epoch 281/301 | train_loss=3.4009 train_acc=85.30% | val_loss=0.3913 val_acc=84.08% | lr=3.000000e-05
Saved new best model to /tmp/bow_mlp_imdb_gkr9mokr.pt
Epoch 282/301 | train_loss=3.3907 train_acc=85.23% | val_loss=0.3908 val_acc=84.02% | lr=3.000000e-05
Epoch 283/301 | train_loss=3.3806 train_acc=85.23% | val_loss=0.3904 val_acc=84.10% | lr=3.000000e-05
Saved new best model to /tmp/bow_mlp_imdb_gkr9mokr.pt
Epoch 284/301 | train_loss=3.3718 train_acc=85.23% | val_loss=0.3899 val_acc=84.02% | lr=3.000000e-05
Epoch 285/301 | train_loss=3.3627 train_acc=85.25% | val_loss=0.3895 val_acc=84.10% | lr=3.000000e-05
Epoch 286/301 | train_loss=3.3527 train_acc=85.31% | val_loss=0.3891 val_acc=84.08% | lr=3.000000e-05
Epoch 287/301 | train_loss=3.3432 train_acc=85.28% | val_loss=0.3887 val_acc=84.00% | lr=3.000000e-05
Epoch 288/301 | train_loss=3.3337 train_acc=85.30% | val_loss=0.3884 val_acc=84.28% | lr=3.000000e-05
Saved new best model to /tmp/bow_mlp_imdb_gkr9mokr.pt
Epoch 289/301 | train_loss=3.3243 train_acc=85.39% | val_loss=0.3881 val_acc=84.24% | lr=3.000000e-05
Epoch 290/301 | train_loss=3.3146 train_acc=85.30% | val_loss=0.3875 val_acc=84.10% | lr=3.000000e-05
Epoch 291/301 | train_loss=3.3058 train_acc=85.34% | val_loss=0.3871 val_acc=84.08% | lr=3.000000e-05
Epoch 292/301 | train_loss=3.2964 train_acc=85.42% | val_loss=0.3867 val_acc=84.10% | lr=3.000000e-05
Epoch 293/301 | train_loss=3.2870 train_acc=85.43% | val_loss=0.3864 val_acc=84.30% | lr=3.000000e-05
Saved new best model to /tmp/bow_mlp_imdb_gkr9mokr.pt
Epoch 294/301 | train_loss=3.2779 train_acc=85.45% | val_loss=0.3860 val_acc=84.30% | lr=3.000000e-05
Epoch 295/301 | train_loss=3.2687 train_acc=85.48% | val_loss=0.3856 val_acc=84.20% | lr=3.000000e-05
Epoch 296/301 | train_loss=3.2591 train_acc=85.45% | val_loss=0.3851 val_acc=84.04% | lr=3.000000e-05
Epoch 297/301 | train_loss=3.2503 train_acc=85.53% | val_loss=0.3850 val_acc=84.36% | lr=3.000000e-05
Saved new best model to /tmp/bow_mlp_imdb_gkr9mokr.pt
Epoch 298/301 | train_loss=3.2409 train_acc=85.48% | val_loss=0.3844 val_acc=84.04% | lr=3.000000e-05
Epoch 299/301 | train_loss=3.2313 train_acc=85.50% | val_loss=0.3841 val_acc=84.00% | lr=3.000000e-05
Epoch 300/301 | train_loss=3.2226 train_acc=85.47% | val_loss=0.3839 val_acc=84.38% | lr=3.000000e-05
Saved new best model to /tmp/bow_mlp_imdb_gkr9mokr.pt
Epoch 301/301 | train_loss=3.2132 train_acc=85.52% | val_loss=0.3834 val_acc=84.28% | lr=3.000000e-05
Epoch 302/301 | train_loss=3.2035 train_acc=85.55% | val_loss=0.3831 val_acc=84.28% | lr=3.000000e-05
Epoch 303/301 | train_loss=3.1953 train_acc=85.56% | val_loss=0.3827 val_acc=84.08% | lr=3.000000e-05
Epoch 304/301 | train_loss=3.1857 train_acc=85.59% | val_loss=0.3825 val_acc=84.36% | lr=3.000000e-05
Epoch 305/301 | train_loss=3.1764 train_acc=85.61% | val_loss=0.3823 val_acc=84.34% | lr=3.000000e-05
Epoch 306/301 | train_loss=3.1671 train_acc=85.59% | val_loss=0.3817 val_acc=84.20% | lr=3.000000e-05
Epoch 307/301 | train_loss=3.1582 train_acc=85.65% | val_loss=0.3815 val_acc=84.36% | lr=3.000000e-05
Epoch 308/301 | train_loss=3.1498 train_acc=85.64% | val_loss=0.3811 val_acc=84.30% | lr=3.000000e-05
Epoch 309/301 | train_loss=3.1405 train_acc=85.63% | val_loss=0.3807 val_acc=84.28% | lr=3.000000e-05
Epoch 310/301 | train_loss=3.1315 train_acc=85.67% | val_loss=0.3804 val_acc=84.30% | lr=3.000000e-05
Epoch 311/301 | train_loss=3.1231 train_acc=85.70% | val_loss=0.3801 val_acc=84.24% | lr=3.000000e-05
Epoch 312/301 | train_loss=3.1132 train_acc=85.67% | val_loss=0.3797 val_acc=84.18% | lr=3.000000e-05
Epoch 313/301 | train_loss=3.1046 train_acc=85.67% | val_loss=0.3796 val_acc=84.42% | lr=3.000000e-05
Saved new best model to /tmp/bow_mlp_imdb_gkr9mokr.pt
Epoch 314/301 | train_loss=3.0959 train_acc=85.67% | val_loss=0.3791 val_acc=84.18% | lr=3.000000e-05
Epoch 315/301 | train_loss=3.0878 train_acc=85.69% | val_loss=0.3789 val_acc=84.30% | lr=3.000000e-05
Epoch 316/301 | train_loss=3.0799 train_acc=85.69% | val_loss=0.3785 val_acc=84.26% | lr=3.000000e-05
Epoch 317/301 | train_loss=3.0704 train_acc=85.76% | val_loss=0.3783 val_acc=84.46% | lr=3.000000e-05
Saved new best model to /tmp/bow_mlp_imdb_gkr9mokr.pt
Epoch 318/301 | train_loss=3.0618 train_acc=85.76% | val_loss=0.3779 val_acc=84.40% | lr=3.000000e-05
Epoch 319/301 | train_loss=3.0535 train_acc=85.80% | val_loss=0.3776 val_acc=84.32% | lr=3.000000e-05
Epoch 320/301 | train_loss=3.0452 train_acc=85.82% | val_loss=0.3773 val_acc=84.32% | lr=3.000000e-05
Epoch 321/301 | train_loss=3.0355 train_acc=85.78% | val_loss=0.3773 val_acc=84.44% | lr=3.000000e-05
Epoch 322/301 | train_loss=3.0277 train_acc=85.78% | val_loss=0.3768 val_acc=84.32% | lr=3.000000e-05
Epoch 323/301 | train_loss=3.0185 train_acc=85.80% | val_loss=0.3765 val_acc=84.28% | lr=3.000000e-05
Epoch 324/301 | train_loss=3.0108 train_acc=85.79% | val_loss=0.3762 val_acc=84.34% | lr=3.000000e-05
Epoch 325/301 | train_loss=3.0024 train_acc=85.89% | val_loss=0.3759 val_acc=84.32% | lr=3.000000e-05
Epoch 326/301 | train_loss=2.9939 train_acc=85.86% | val_loss=0.3757 val_acc=84.36% | lr=3.000000e-05
Epoch 327/301 | train_loss=2.9860 train_acc=85.83% | val_loss=0.3754 val_acc=84.30% | lr=3.000000e-05
Epoch 328/301 | train_loss=2.9783 train_acc=85.87% | val_loss=0.3751 val_acc=84.36% | lr=3.000000e-05
Epoch 329/301 | train_loss=2.9695 train_acc=85.92% | val_loss=0.3749 val_acc=84.32% | lr=3.000000e-05
Epoch 330/301 | train_loss=2.9617 train_acc=85.93% | val_loss=0.3749 val_acc=84.46% | lr=3.000000e-05
Epoch 331/301 | train_loss=2.9538 train_acc=85.91% | val_loss=0.3744 val_acc=84.40% | lr=3.000000e-05
Epoch 332/301 | train_loss=2.9457 train_acc=85.91% | val_loss=0.3742 val_acc=84.44% | lr=3.000000e-05
Epoch 333/301 | train_loss=2.9377 train_acc=85.97% | val_loss=0.3739 val_acc=84.48% | lr=3.000000e-05
Saved new best model to /tmp/bow_mlp_imdb_gkr9mokr.pt
Epoch 334/301 | train_loss=2.9296 train_acc=85.97% | val_loss=0.3737 val_acc=84.50% | lr=3.000000e-05
Saved new best model to /tmp/bow_mlp_imdb_gkr9mokr.pt
Epoch 335/301 | train_loss=2.9217 train_acc=85.94% | val_loss=0.3735 val_acc=84.56% | lr=3.000000e-05
Saved new best model to /tmp/bow_mlp_imdb_gkr9mokr.pt
Epoch 336/301 | train_loss=2.9140 train_acc=85.97% | val_loss=0.3732 val_acc=84.46% | lr=3.000000e-05
Epoch 337/301 | train_loss=2.9067 train_acc=86.02% | val_loss=0.3732 val_acc=84.46% | lr=3.000000e-05
Epoch 338/301 | train_loss=2.8987 train_acc=85.99% | val_loss=0.3728 val_acc=84.52% | lr=3.000000e-05
Epoch 339/301 | train_loss=2.8908 train_acc=86.02% | val_loss=0.3725 val_acc=84.54% | lr=3.000000e-05
Epoch 340/301 | train_loss=2.8833 train_acc=86.05% | val_loss=0.3726 val_acc=84.46% | lr=3.000000e-05
Epoch 341/301 | train_loss=2.8760 train_acc=86.07% | val_loss=0.3723 val_acc=84.54% | lr=3.000000e-05
Epoch 342/301 | train_loss=2.8684 train_acc=86.05% | val_loss=0.3719 val_acc=84.50% | lr=3.000000e-05
Epoch 343/301 | train_loss=2.8608 train_acc=86.06% | val_loss=0.3717 val_acc=84.52% | lr=3.000000e-05
Epoch 344/301 | train_loss=2.8535 train_acc=86.02% | val_loss=0.3716 val_acc=84.56% | lr=3.000000e-05
Epoch 345/301 | train_loss=2.8463 train_acc=86.11% | val_loss=0.3715 val_acc=84.54% | lr=3.000000e-05
Epoch 346/301 | train_loss=2.8385 train_acc=86.08% | val_loss=0.3712 val_acc=84.56% | lr=3.000000e-05
Epoch 347/301 | train_loss=2.8307 train_acc=86.06% | val_loss=0.3709 val_acc=84.58% | lr=3.000000e-05
Saved new best model to /tmp/bow_mlp_imdb_gkr9mokr.pt
Epoch 348/301 | train_loss=2.8218 train_acc=86.11% | val_loss=0.3708 val_acc=84.58% | lr=3.000000e-05
Epoch 349/301 | train_loss=2.8126 train_acc=86.12% | val_loss=0.3706 val_acc=84.58% | lr=3.000000e-05
Epoch 350/301 | train_loss=2.8082 train_acc=86.11% | val_loss=0.3705 val_acc=84.60% | lr=3.000000e-05
Saved new best model to /tmp/bow_mlp_imdb_gkr9mokr.pt
Epoch 351/301 | train_loss=2.8030 train_acc=86.11% | val_loss=0.3702 val_acc=84.56% | lr=3.000000e-05
Epoch 352/301 | train_loss=2.7969 train_acc=86.13% | val_loss=0.3699 val_acc=84.58% | lr=3.000000e-05
Epoch 353/301 | train_loss=2.7915 train_acc=86.15% | val_loss=0.3698 val_acc=84.58% | lr=3.000000e-05
Epoch 354/301 | train_loss=2.7858 train_acc=86.19% | val_loss=0.3698 val_acc=84.62% | lr=3.000000e-05
Saved new best model to /tmp/bow_mlp_imdb_gkr9mokr.pt
Epoch 355/301 | train_loss=2.7806 train_acc=86.16% | val_loss=0.3695 val_acc=84.64% | lr=3.000000e-05
Saved new best model to /tmp/bow_mlp_imdb_gkr9mokr.pt
Epoch 356/301 | train_loss=2.7746 train_acc=86.21% | val_loss=0.3693 val_acc=84.64% | lr=3.000000e-05
Epoch 357/301 | train_loss=2.7691 train_acc=86.16% | val_loss=0.3691 val_acc=84.62% | lr=3.000000e-05
Epoch 358/301 | train_loss=2.7631 train_acc=86.16% | val_loss=0.3693 val_acc=84.62% | lr=3.000000e-05
Epoch 359/301 | train_loss=2.7570 train_acc=86.18% | val_loss=0.3689 val_acc=84.64% | lr=3.000000e-05
Epoch 360/301 | train_loss=2.7508 train_acc=86.20% | val_loss=0.3687 val_acc=84.66% | lr=3.000000e-05
Saved new best model to /tmp/bow_mlp_imdb_gkr9mokr.pt
Epoch 361/301 | train_loss=2.7450 train_acc=86.21% | val_loss=0.3685 val_acc=84.58% | lr=3.000000e-05
Epoch 362/301 | train_loss=2.7392 train_acc=86.25% | val_loss=0.3683 val_acc=84.58% | lr=3.000000e-05
Epoch 363/301 | train_loss=2.7325 train_acc=86.27% | val_loss=0.3682 val_acc=84.62% | lr=3.000000e-05
Epoch 364/301 | train_loss=2.7261 train_acc=86.19% | val_loss=0.3680 val_acc=84.56% | lr=3.000000e-05
Epoch 365/301 | train_loss=2.7203 train_acc=86.20% | val_loss=0.3679 val_acc=84.62% | lr=3.000000e-05
Epoch 366/301 | train_loss=2.7142 train_acc=86.25% | val_loss=0.3678 val_acc=84.58% | lr=3.000000e-05
Epoch 367/301 | train_loss=2.7080 train_acc=86.27% | val_loss=0.3675 val_acc=84.54% | lr=3.000000e-05
Epoch 368/301 | train_loss=2.7014 train_acc=86.25% | val_loss=0.3674 val_acc=84.58% | lr=3.000000e-05
Epoch 369/301 | train_loss=2.6955 train_acc=86.25% | val_loss=0.3675 val_acc=84.62% | lr=3.000000e-05
Epoch 370/301 | train_loss=2.6895 train_acc=86.31% | val_loss=0.3672 val_acc=84.64% | lr=3.000000e-05
Epoch 371/301 | train_loss=2.6830 train_acc=86.27% | val_loss=0.3673 val_acc=84.66% | lr=3.000000e-05
Epoch 372/301 | train_loss=2.6772 train_acc=86.28% | val_loss=0.3670 val_acc=84.64% | lr=3.000000e-05
Epoch 373/301 | train_loss=2.6708 train_acc=86.33% | val_loss=0.3669 val_acc=84.66% | lr=3.000000e-05
Epoch 374/301 | train_loss=2.6644 train_acc=86.34% | val_loss=0.3667 val_acc=84.68% | lr=3.000000e-05
Saved new best model to /tmp/bow_mlp_imdb_gkr9mokr.pt
Epoch 375/301 | train_loss=2.6590 train_acc=86.38% | val_loss=0.3664 val_acc=84.58% | lr=3.000000e-05
Epoch 376/301 | train_loss=2.6520 train_acc=86.31% | val_loss=0.3664 val_acc=84.64% | lr=3.000000e-05
Epoch 377/301 | train_loss=2.6462 train_acc=86.39% | val_loss=0.3663 val_acc=84.72% | lr=3.000000e-05
Saved new best model to /tmp/bow_mlp_imdb_gkr9mokr.pt
Epoch 378/301 | train_loss=2.6407 train_acc=86.39% | val_loss=0.3662 val_acc=84.70% | lr=3.000000e-05
Epoch 379/301 | train_loss=2.6347 train_acc=86.46% | val_loss=0.3660 val_acc=84.66% | lr=3.000000e-05
Epoch 380/301 | train_loss=2.6281 train_acc=86.38% | val_loss=0.3659 val_acc=84.72% | lr=3.000000e-05
Epoch 381/301 | train_loss=2.6224 train_acc=86.42% | val_loss=0.3659 val_acc=84.60% | lr=3.000000e-05
Epoch 382/301 | train_loss=2.6167 train_acc=86.48% | val_loss=0.3656 val_acc=84.66% | lr=3.000000e-05
Epoch 383/301 | train_loss=2.6111 train_acc=86.48% | val_loss=0.3655 val_acc=84.70% | lr=3.000000e-05
Epoch 384/301 | train_loss=2.6048 train_acc=86.45% | val_loss=0.3656 val_acc=84.58% | lr=3.000000e-05
Epoch 385/301 | train_loss=2.5994 train_acc=86.50% | val_loss=0.3654 val_acc=84.70% | lr=3.000000e-05
Epoch 386/301 | train_loss=2.5934 train_acc=86.46% | val_loss=0.3653 val_acc=84.68% | lr=3.000000e-05
Epoch 387/301 | train_loss=2.5880 train_acc=86.50% | val_loss=0.3652 val_acc=84.70% | lr=3.000000e-05
Epoch 388/301 | train_loss=2.5815 train_acc=86.48% | val_loss=0.3651 val_acc=84.68% | lr=3.000000e-05
Epoch 389/301 | train_loss=2.5760 train_acc=86.56% | val_loss=0.3648 val_acc=84.66% | lr=3.000000e-05
Epoch 390/301 | train_loss=2.5699 train_acc=86.52% | val_loss=0.3649 val_acc=84.66% | lr=3.000000e-05
Epoch 391/301 | train_loss=2.5644 train_acc=86.52% | val_loss=0.3648 val_acc=84.66% | lr=3.000000e-05
Epoch 392/301 | train_loss=2.5589 train_acc=86.50% | val_loss=0.3645 val_acc=84.62% | lr=3.000000e-05
Epoch 393/301 | train_loss=2.5533 train_acc=86.56% | val_loss=0.3646 val_acc=84.58% | lr=3.000000e-05
Epoch 394/301 | train_loss=2.5479 train_acc=86.50% | val_loss=0.3644 val_acc=84.62% | lr=3.000000e-05
Epoch 395/301 | train_loss=2.5417 train_acc=86.56% | val_loss=0.3642 val_acc=84.62% | lr=3.000000e-05
Epoch 396/301 | train_loss=2.5361 train_acc=86.55% | val_loss=0.3643 val_acc=84.60% | lr=3.000000e-05
Epoch 397/301 | train_loss=2.5307 train_acc=86.56% | val_loss=0.3643 val_acc=84.62% | lr=3.000000e-05
Epoch 398/301 | train_loss=2.5249 train_acc=86.59% | val_loss=0.3639 val_acc=84.58% | lr=3.000000e-05
Epoch 399/301 | train_loss=2.5193 train_acc=86.65% | val_loss=0.3640 val_acc=84.64% | lr=3.000000e-05
Epoch 400/301 | train_loss=2.5141 train_acc=86.63% | val_loss=0.3637 val_acc=84.60% | lr=3.000000e-05
Test loss=0.3594 | Test accuracy=85.20%
