Loading IMDb dataset from local disk: /home/daniel/l/masteruppsats/np-reg/language/data/imdb_hf
Using device: cuda
BoW vocab size: 1562
Epoch 1/301 | train_loss=8.8317 train_acc=50.03% | val_loss=0.7648 val_acc=49.88% | lr=1.000000e-05
Saved new best model to /tmp/bow_mlp_imdb_9msm6ate.pt
Epoch 2/301 | train_loss=7.4072 train_acc=50.03% | val_loss=0.7678 val_acc=49.88% | lr=1.000000e-05
Epoch 3/301 | train_loss=6.0890 train_acc=50.03% | val_loss=0.7512 val_acc=49.88% | lr=1.000000e-05
Epoch 4/301 | train_loss=4.9303 train_acc=50.04% | val_loss=0.7244 val_acc=49.88% | lr=1.000000e-05
Epoch 5/301 | train_loss=3.9543 train_acc=50.29% | val_loss=0.7059 val_acc=50.40% | lr=1.000000e-05
Saved new best model to /tmp/bow_mlp_imdb_9msm6ate.pt
Epoch 6/301 | train_loss=3.1481 train_acc=51.41% | val_loss=0.6917 val_acc=52.48% | lr=1.000000e-05
Saved new best model to /tmp/bow_mlp_imdb_9msm6ate.pt
Epoch 7/301 | train_loss=2.4913 train_acc=53.58% | val_loss=0.6793 val_acc=54.96% | lr=1.000000e-05
Saved new best model to /tmp/bow_mlp_imdb_9msm6ate.pt
Epoch 8/301 | train_loss=1.9698 train_acc=55.70% | val_loss=0.6690 val_acc=57.00% | lr=1.000000e-05
Saved new best model to /tmp/bow_mlp_imdb_9msm6ate.pt
Epoch 9/301 | train_loss=1.5675 train_acc=57.90% | val_loss=0.6596 val_acc=58.66% | lr=1.000000e-05
Saved new best model to /tmp/bow_mlp_imdb_9msm6ate.pt
Epoch 10/301 | train_loss=1.2688 train_acc=59.78% | val_loss=0.6498 val_acc=60.78% | lr=1.000000e-05
Saved new best model to /tmp/bow_mlp_imdb_9msm6ate.pt
Epoch 11/301 | train_loss=1.0582 train_acc=61.66% | val_loss=0.6394 val_acc=62.86% | lr=1.000000e-05
Saved new best model to /tmp/bow_mlp_imdb_9msm6ate.pt
Epoch 12/301 | train_loss=0.9191 train_acc=64.36% | val_loss=0.6286 val_acc=64.46% | lr=1.000000e-05
Saved new best model to /tmp/bow_mlp_imdb_9msm6ate.pt
Epoch 13/301 | train_loss=0.8332 train_acc=66.31% | val_loss=0.6169 val_acc=67.34% | lr=1.000000e-05
Saved new best model to /tmp/bow_mlp_imdb_9msm6ate.pt
Epoch 14/301 | train_loss=0.7829 train_acc=68.65% | val_loss=0.6053 val_acc=68.86% | lr=1.000000e-05
Saved new best model to /tmp/bow_mlp_imdb_9msm6ate.pt
Epoch 15/301 | train_loss=0.7532 train_acc=70.30% | val_loss=0.5933 val_acc=71.82% | lr=1.000000e-05
Saved new best model to /tmp/bow_mlp_imdb_9msm6ate.pt
Epoch 16/301 | train_loss=0.7337 train_acc=72.36% | val_loss=0.5819 val_acc=72.72% | lr=1.000000e-05
Saved new best model to /tmp/bow_mlp_imdb_9msm6ate.pt
Epoch 17/301 | train_loss=0.7184 train_acc=73.94% | val_loss=0.5710 val_acc=74.40% | lr=1.000000e-05
Saved new best model to /tmp/bow_mlp_imdb_9msm6ate.pt
Epoch 18/301 | train_loss=0.7047 train_acc=75.18% | val_loss=0.5607 val_acc=75.42% | lr=1.000000e-05
Saved new best model to /tmp/bow_mlp_imdb_9msm6ate.pt
Epoch 19/301 | train_loss=0.6920 train_acc=76.39% | val_loss=0.5509 val_acc=76.80% | lr=1.000000e-05
Saved new best model to /tmp/bow_mlp_imdb_9msm6ate.pt
Epoch 20/301 | train_loss=0.6799 train_acc=77.49% | val_loss=0.5421 val_acc=77.22% | lr=1.000000e-05
Saved new best model to /tmp/bow_mlp_imdb_9msm6ate.pt
Epoch 21/301 | train_loss=0.6685 train_acc=78.22% | val_loss=0.5332 val_acc=78.62% | lr=1.000000e-05
Saved new best model to /tmp/bow_mlp_imdb_9msm6ate.pt
Epoch 22/301 | train_loss=0.6576 train_acc=79.07% | val_loss=0.5254 val_acc=78.68% | lr=1.000000e-05
Saved new best model to /tmp/bow_mlp_imdb_9msm6ate.pt
Epoch 23/301 | train_loss=0.6475 train_acc=79.71% | val_loss=0.5175 val_acc=79.74% | lr=1.000000e-05
Saved new best model to /tmp/bow_mlp_imdb_9msm6ate.pt
Epoch 24/301 | train_loss=0.6377 train_acc=80.33% | val_loss=0.5102 val_acc=80.16% | lr=1.000000e-05
Saved new best model to /tmp/bow_mlp_imdb_9msm6ate.pt
Epoch 25/301 | train_loss=0.6284 train_acc=80.92% | val_loss=0.5034 val_acc=80.86% | lr=1.000000e-05
Saved new best model to /tmp/bow_mlp_imdb_9msm6ate.pt
Epoch 26/301 | train_loss=0.6196 train_acc=81.42% | val_loss=0.4969 val_acc=81.18% | lr=1.000000e-05
Saved new best model to /tmp/bow_mlp_imdb_9msm6ate.pt
Epoch 27/301 | train_loss=0.6111 train_acc=81.69% | val_loss=0.4908 val_acc=81.36% | lr=1.000000e-05
Saved new best model to /tmp/bow_mlp_imdb_9msm6ate.pt
Epoch 28/301 | train_loss=0.6031 train_acc=82.22% | val_loss=0.4850 val_acc=81.88% | lr=1.000000e-05
Saved new best model to /tmp/bow_mlp_imdb_9msm6ate.pt
Epoch 29/301 | train_loss=0.5955 train_acc=82.51% | val_loss=0.4796 val_acc=81.98% | lr=1.000000e-05
Saved new best model to /tmp/bow_mlp_imdb_9msm6ate.pt
Epoch 30/301 | train_loss=0.5882 train_acc=82.72% | val_loss=0.4743 val_acc=82.32% | lr=1.000000e-05
Saved new best model to /tmp/bow_mlp_imdb_9msm6ate.pt
Epoch 31/301 | train_loss=0.5813 train_acc=83.06% | val_loss=0.4694 val_acc=82.48% | lr=1.000000e-05
Saved new best model to /tmp/bow_mlp_imdb_9msm6ate.pt
Epoch 32/301 | train_loss=0.5747 train_acc=83.19% | val_loss=0.4645 val_acc=82.84% | lr=1.000000e-05
Saved new best model to /tmp/bow_mlp_imdb_9msm6ate.pt
Epoch 33/301 | train_loss=0.5684 train_acc=83.45% | val_loss=0.4600 val_acc=83.02% | lr=1.000000e-05
Saved new best model to /tmp/bow_mlp_imdb_9msm6ate.pt
Epoch 34/301 | train_loss=0.5623 train_acc=83.66% | val_loss=0.4557 val_acc=83.10% | lr=1.000000e-05
Saved new best model to /tmp/bow_mlp_imdb_9msm6ate.pt
Epoch 35/301 | train_loss=0.5565 train_acc=83.78% | val_loss=0.4517 val_acc=83.26% | lr=1.000000e-05
Saved new best model to /tmp/bow_mlp_imdb_9msm6ate.pt
Epoch 36/301 | train_loss=0.5510 train_acc=83.89% | val_loss=0.4478 val_acc=83.48% | lr=1.000000e-05
Saved new best model to /tmp/bow_mlp_imdb_9msm6ate.pt
Epoch 37/301 | train_loss=0.5458 train_acc=83.99% | val_loss=0.4441 val_acc=83.56% | lr=1.000000e-05
Saved new best model to /tmp/bow_mlp_imdb_9msm6ate.pt
Epoch 38/301 | train_loss=0.5407 train_acc=84.12% | val_loss=0.4405 val_acc=83.76% | lr=1.000000e-05
Saved new best model to /tmp/bow_mlp_imdb_9msm6ate.pt
Epoch 39/301 | train_loss=0.5358 train_acc=84.22% | val_loss=0.4371 val_acc=83.90% | lr=1.000000e-05
Saved new best model to /tmp/bow_mlp_imdb_9msm6ate.pt
Epoch 40/301 | train_loss=0.5312 train_acc=84.31% | val_loss=0.4339 val_acc=84.00% | lr=1.000000e-05
Saved new best model to /tmp/bow_mlp_imdb_9msm6ate.pt
Epoch 41/301 | train_loss=0.5268 train_acc=84.38% | val_loss=0.4308 val_acc=83.98% | lr=1.000000e-05
Epoch 42/301 | train_loss=0.5224 train_acc=84.50% | val_loss=0.4279 val_acc=84.12% | lr=1.000000e-05
Saved new best model to /tmp/bow_mlp_imdb_9msm6ate.pt
Epoch 43/301 | train_loss=0.5183 train_acc=84.52% | val_loss=0.4251 val_acc=84.20% | lr=1.000000e-05
Saved new best model to /tmp/bow_mlp_imdb_9msm6ate.pt
Epoch 44/301 | train_loss=0.5143 train_acc=84.62% | val_loss=0.4224 val_acc=84.30% | lr=1.000000e-05
Saved new best model to /tmp/bow_mlp_imdb_9msm6ate.pt
Epoch 45/301 | train_loss=0.5104 train_acc=84.65% | val_loss=0.4197 val_acc=84.30% | lr=1.000000e-05
Epoch 46/301 | train_loss=0.5067 train_acc=84.75% | val_loss=0.4172 val_acc=84.38% | lr=1.000000e-05
Saved new best model to /tmp/bow_mlp_imdb_9msm6ate.pt
Epoch 47/301 | train_loss=0.5030 train_acc=84.89% | val_loss=0.4152 val_acc=84.36% | lr=1.000000e-05
Epoch 48/301 | train_loss=0.4997 train_acc=84.88% | val_loss=0.4124 val_acc=84.64% | lr=1.000000e-05
Saved new best model to /tmp/bow_mlp_imdb_9msm6ate.pt
Epoch 49/301 | train_loss=0.4963 train_acc=84.97% | val_loss=0.4103 val_acc=84.54% | lr=1.000000e-05
Epoch 50/301 | train_loss=0.4931 train_acc=85.17% | val_loss=0.4080 val_acc=84.62% | lr=1.000000e-05
Epoch 51/301 | train_loss=0.4899 train_acc=85.19% | val_loss=0.4062 val_acc=84.74% | lr=1.000000e-05
Saved new best model to /tmp/bow_mlp_imdb_9msm6ate.pt
Epoch 52/301 | train_loss=0.4869 train_acc=85.22% | val_loss=0.4040 val_acc=84.70% | lr=1.000000e-05
Epoch 53/301 | train_loss=0.4840 train_acc=85.30% | val_loss=0.4021 val_acc=84.70% | lr=1.000000e-05
Epoch 54/301 | train_loss=0.4812 train_acc=85.37% | val_loss=0.4002 val_acc=84.78% | lr=1.000000e-05
Saved new best model to /tmp/bow_mlp_imdb_9msm6ate.pt
Epoch 55/301 | train_loss=0.4784 train_acc=85.41% | val_loss=0.3984 val_acc=84.70% | lr=1.000000e-05
Epoch 56/301 | train_loss=0.4757 train_acc=85.49% | val_loss=0.3967 val_acc=84.70% | lr=1.000000e-05
Epoch 57/301 | train_loss=0.4732 train_acc=85.59% | val_loss=0.3950 val_acc=84.76% | lr=1.000000e-05
Epoch 58/301 | train_loss=0.4706 train_acc=85.59% | val_loss=0.3935 val_acc=84.92% | lr=1.000000e-05
Saved new best model to /tmp/bow_mlp_imdb_9msm6ate.pt
Epoch 59/301 | train_loss=0.4682 train_acc=85.66% | val_loss=0.3919 val_acc=84.80% | lr=1.000000e-05
Epoch 60/301 | train_loss=0.4658 train_acc=85.72% | val_loss=0.3907 val_acc=85.04% | lr=1.000000e-05
Saved new best model to /tmp/bow_mlp_imdb_9msm6ate.pt
Epoch 61/301 | train_loss=0.4636 train_acc=85.73% | val_loss=0.3890 val_acc=84.82% | lr=1.000000e-05
Epoch 62/301 | train_loss=0.4613 train_acc=85.77% | val_loss=0.3876 val_acc=84.82% | lr=1.000000e-05
Epoch 63/301 | train_loss=0.4592 train_acc=85.87% | val_loss=0.3863 val_acc=84.90% | lr=1.000000e-05
Epoch 64/301 | train_loss=0.4570 train_acc=85.86% | val_loss=0.3849 val_acc=84.98% | lr=1.000000e-05
Epoch 65/301 | train_loss=0.4550 train_acc=85.85% | val_loss=0.3837 val_acc=84.94% | lr=1.000000e-05
Epoch 66/301 | train_loss=0.4530 train_acc=85.88% | val_loss=0.3824 val_acc=84.86% | lr=1.000000e-05
Epoch 67/301 | train_loss=0.4511 train_acc=85.98% | val_loss=0.3813 val_acc=84.88% | lr=1.000000e-05
Epoch 68/301 | train_loss=0.4492 train_acc=85.95% | val_loss=0.3801 val_acc=84.92% | lr=1.000000e-05
Epoch 69/301 | train_loss=0.4473 train_acc=86.01% | val_loss=0.3792 val_acc=85.10% | lr=1.000000e-05
Saved new best model to /tmp/bow_mlp_imdb_9msm6ate.pt
Epoch 70/301 | train_loss=0.4455 train_acc=86.05% | val_loss=0.3781 val_acc=85.14% | lr=1.000000e-05
Saved new best model to /tmp/bow_mlp_imdb_9msm6ate.pt
Epoch 71/301 | train_loss=0.4437 train_acc=86.10% | val_loss=0.3769 val_acc=85.10% | lr=1.000000e-05
Epoch 72/301 | train_loss=0.4420 train_acc=86.09% | val_loss=0.3759 val_acc=85.16% | lr=1.000000e-05
Saved new best model to /tmp/bow_mlp_imdb_9msm6ate.pt
Epoch 73/301 | train_loss=0.4403 train_acc=86.06% | val_loss=0.3751 val_acc=85.22% | lr=1.000000e-05
Saved new best model to /tmp/bow_mlp_imdb_9msm6ate.pt
Epoch 74/301 | train_loss=0.4388 train_acc=86.17% | val_loss=0.3740 val_acc=85.18% | lr=1.000000e-05
Epoch 75/301 | train_loss=0.4372 train_acc=86.19% | val_loss=0.3731 val_acc=85.28% | lr=1.000000e-05
Saved new best model to /tmp/bow_mlp_imdb_9msm6ate.pt
Epoch 76/301 | train_loss=0.4357 train_acc=86.21% | val_loss=0.3722 val_acc=85.20% | lr=1.000000e-05
Epoch 77/301 | train_loss=0.4341 train_acc=86.28% | val_loss=0.3714 val_acc=85.22% | lr=1.000000e-05
Epoch 78/301 | train_loss=0.4327 train_acc=86.28% | val_loss=0.3705 val_acc=85.34% | lr=1.000000e-05
Saved new best model to /tmp/bow_mlp_imdb_9msm6ate.pt
Epoch 79/301 | train_loss=0.4311 train_acc=86.30% | val_loss=0.3697 val_acc=85.38% | lr=1.000000e-05
Saved new best model to /tmp/bow_mlp_imdb_9msm6ate.pt
Epoch 80/301 | train_loss=0.4297 train_acc=86.36% | val_loss=0.3689 val_acc=85.38% | lr=1.000000e-05
Epoch 81/301 | train_loss=0.4284 train_acc=86.41% | val_loss=0.3681 val_acc=85.44% | lr=1.000000e-05
Saved new best model to /tmp/bow_mlp_imdb_9msm6ate.pt
Epoch 82/301 | train_loss=0.4270 train_acc=86.43% | val_loss=0.3674 val_acc=85.40% | lr=1.000000e-05
Epoch 83/301 | train_loss=0.4257 train_acc=86.46% | val_loss=0.3666 val_acc=85.36% | lr=1.000000e-05
Epoch 84/301 | train_loss=0.4244 train_acc=86.47% | val_loss=0.3659 val_acc=85.34% | lr=1.000000e-05
Epoch 85/301 | train_loss=0.4231 train_acc=86.50% | val_loss=0.3653 val_acc=85.32% | lr=1.000000e-05
Epoch 86/301 | train_loss=0.4218 train_acc=86.53% | val_loss=0.3646 val_acc=85.34% | lr=1.000000e-05
Epoch 87/301 | train_loss=0.4205 train_acc=86.53% | val_loss=0.3643 val_acc=85.30% | lr=1.000000e-05
Epoch 88/301 | train_loss=0.4194 train_acc=86.53% | val_loss=0.3635 val_acc=85.30% | lr=1.000000e-05
Epoch 89/301 | train_loss=0.4183 train_acc=86.58% | val_loss=0.3628 val_acc=85.38% | lr=1.000000e-05
Epoch 90/301 | train_loss=0.4170 train_acc=86.61% | val_loss=0.3621 val_acc=85.34% | lr=1.000000e-05
Epoch 91/301 | train_loss=0.4159 train_acc=86.68% | val_loss=0.3615 val_acc=85.32% | lr=1.000000e-05
Epoch 92/301 | train_loss=0.4149 train_acc=86.65% | val_loss=0.3609 val_acc=85.28% | lr=1.000000e-05
Epoch 93/301 | train_loss=0.4138 train_acc=86.72% | val_loss=0.3605 val_acc=85.34% | lr=1.000000e-05
Epoch 94/301 | train_loss=0.4127 train_acc=86.77% | val_loss=0.3599 val_acc=85.34% | lr=1.000000e-05
Epoch 95/301 | train_loss=0.4117 train_acc=86.75% | val_loss=0.3594 val_acc=85.34% | lr=1.000000e-05
Epoch 96/301 | train_loss=0.4106 train_acc=86.72% | val_loss=0.3588 val_acc=85.28% | lr=1.000000e-05
Epoch 97/301 | train_loss=0.4096 train_acc=86.81% | val_loss=0.3584 val_acc=85.32% | lr=1.000000e-05
Epoch 98/301 | train_loss=0.4086 train_acc=86.77% | val_loss=0.3579 val_acc=85.28% | lr=1.000000e-05
Epoch 99/301 | train_loss=0.4077 train_acc=86.83% | val_loss=0.3575 val_acc=85.32% | lr=1.000000e-05
Epoch 100/301 | train_loss=0.4067 train_acc=86.82% | val_loss=0.3570 val_acc=85.16% | lr=1.000000e-05
Epoch 101/301 | train_loss=0.4057 train_acc=86.86% | val_loss=0.3565 val_acc=85.18% | lr=1.000000e-05
Epoch 102/301 | train_loss=0.4048 train_acc=86.91% | val_loss=0.3561 val_acc=85.18% | lr=1.000000e-05
Epoch 103/301 | train_loss=0.4039 train_acc=86.94% | val_loss=0.3559 val_acc=85.38% | lr=1.000000e-05
Epoch 104/301 | train_loss=0.4031 train_acc=86.98% | val_loss=0.3555 val_acc=85.34% | lr=1.000000e-05
Epoch 105/301 | train_loss=0.4021 train_acc=86.99% | val_loss=0.3550 val_acc=85.20% | lr=1.000000e-05
Epoch 106/301 | train_loss=0.4012 train_acc=87.00% | val_loss=0.3548 val_acc=85.30% | lr=1.000000e-05
Epoch 107/301 | train_loss=0.4005 train_acc=87.02% | val_loss=0.3541 val_acc=85.32% | lr=1.000000e-05
Epoch 108/301 | train_loss=0.3996 train_acc=87.06% | val_loss=0.3538 val_acc=85.32% | lr=1.000000e-05
Epoch 109/301 | train_loss=0.3988 train_acc=87.08% | val_loss=0.3536 val_acc=85.28% | lr=1.000000e-05
Epoch 110/301 | train_loss=0.3980 train_acc=87.06% | val_loss=0.3531 val_acc=85.26% | lr=1.000000e-05
Epoch 111/301 | train_loss=0.3972 train_acc=87.08% | val_loss=0.3527 val_acc=85.36% | lr=1.000000e-05
Epoch 112/301 | train_loss=0.3965 train_acc=87.08% | val_loss=0.3524 val_acc=85.38% | lr=1.000000e-05
Epoch 113/301 | train_loss=0.3956 train_acc=87.13% | val_loss=0.3521 val_acc=85.28% | lr=1.000000e-05
Epoch 114/301 | train_loss=0.3949 train_acc=87.19% | val_loss=0.3518 val_acc=85.28% | lr=1.000000e-05
Epoch 115/301 | train_loss=0.3942 train_acc=87.19% | val_loss=0.3517 val_acc=85.36% | lr=1.000000e-05
Epoch 116/301 | train_loss=0.3934 train_acc=87.14% | val_loss=0.3512 val_acc=85.36% | lr=1.000000e-05
Epoch 117/301 | train_loss=0.3927 train_acc=87.20% | val_loss=0.3509 val_acc=85.32% | lr=1.000000e-05
Epoch 118/301 | train_loss=0.3920 train_acc=87.24% | val_loss=0.3508 val_acc=85.38% | lr=1.000000e-05
Epoch 119/301 | train_loss=0.3913 train_acc=87.22% | val_loss=0.3503 val_acc=85.32% | lr=1.000000e-05
Epoch 120/301 | train_loss=0.3906 train_acc=87.27% | val_loss=0.3505 val_acc=85.34% | lr=1.000000e-05
Epoch 121/301 | train_loss=0.3899 train_acc=87.27% | val_loss=0.3499 val_acc=85.34% | lr=1.000000e-05
Epoch 122/301 | train_loss=0.3892 train_acc=87.28% | val_loss=0.3496 val_acc=85.34% | lr=1.000000e-05
Epoch 123/301 | train_loss=0.3886 train_acc=87.32% | val_loss=0.3494 val_acc=85.36% | lr=1.000000e-05
Epoch 124/301 | train_loss=0.3880 train_acc=87.33% | val_loss=0.3491 val_acc=85.36% | lr=1.000000e-05
Epoch 125/301 | train_loss=0.3873 train_acc=87.30% | val_loss=0.3489 val_acc=85.40% | lr=1.000000e-05
Epoch 126/301 | train_loss=0.3866 train_acc=87.33% | val_loss=0.3487 val_acc=85.32% | lr=1.000000e-05
Epoch 127/301 | train_loss=0.3860 train_acc=87.30% | val_loss=0.3487 val_acc=85.38% | lr=1.000000e-05
Epoch 128/301 | train_loss=0.3854 train_acc=87.33% | val_loss=0.3482 val_acc=85.42% | lr=1.000000e-05
Epoch 129/301 | train_loss=0.3849 train_acc=87.39% | val_loss=0.3480 val_acc=85.40% | lr=1.000000e-05
Epoch 130/301 | train_loss=0.3842 train_acc=87.37% | val_loss=0.3480 val_acc=85.46% | lr=1.000000e-05
Saved new best model to /tmp/bow_mlp_imdb_9msm6ate.pt
Epoch 131/301 | train_loss=0.3837 train_acc=87.35% | val_loss=0.3477 val_acc=85.38% | lr=1.000000e-05
Epoch 132/301 | train_loss=0.3831 train_acc=87.35% | val_loss=0.3475 val_acc=85.38% | lr=1.000000e-05
Epoch 133/301 | train_loss=0.3825 train_acc=87.41% | val_loss=0.3474 val_acc=85.42% | lr=1.000000e-05
Epoch 134/301 | train_loss=0.3819 train_acc=87.40% | val_loss=0.3471 val_acc=85.40% | lr=1.000000e-05
Epoch 135/301 | train_loss=0.3814 train_acc=87.41% | val_loss=0.3471 val_acc=85.46% | lr=1.000000e-05
Epoch 136/301 | train_loss=0.3808 train_acc=87.44% | val_loss=0.3467 val_acc=85.36% | lr=1.000000e-05
Epoch 137/301 | train_loss=0.3803 train_acc=87.48% | val_loss=0.3467 val_acc=85.42% | lr=1.000000e-05
Epoch 138/301 | train_loss=0.3797 train_acc=87.47% | val_loss=0.3464 val_acc=85.34% | lr=1.000000e-05
Epoch 139/301 | train_loss=0.3792 train_acc=87.52% | val_loss=0.3463 val_acc=85.32% | lr=1.000000e-05
Epoch 140/301 | train_loss=0.3786 train_acc=87.50% | val_loss=0.3461 val_acc=85.36% | lr=1.000000e-05
Epoch 141/301 | train_loss=0.3782 train_acc=87.46% | val_loss=0.3460 val_acc=85.40% | lr=1.000000e-05
Epoch 142/301 | train_loss=0.3776 train_acc=87.52% | val_loss=0.3458 val_acc=85.36% | lr=1.000000e-05
Epoch 143/301 | train_loss=0.3771 train_acc=87.53% | val_loss=0.3457 val_acc=85.36% | lr=1.000000e-05
Epoch 144/301 | train_loss=0.3766 train_acc=87.50% | val_loss=0.3456 val_acc=85.42% | lr=1.000000e-05
Epoch 145/301 | train_loss=0.3761 train_acc=87.56% | val_loss=0.3456 val_acc=85.44% | lr=1.000000e-05
Epoch 146/301 | train_loss=0.3757 train_acc=87.58% | val_loss=0.3454 val_acc=85.38% | lr=1.000000e-05
Epoch 147/301 | train_loss=0.3752 train_acc=87.61% | val_loss=0.3452 val_acc=85.40% | lr=1.000000e-05
Epoch 148/301 | train_loss=0.3747 train_acc=87.57% | val_loss=0.3456 val_acc=85.40% | lr=1.000000e-05
Epoch 149/301 | train_loss=0.3743 train_acc=87.63% | val_loss=0.3451 val_acc=85.42% | lr=1.000000e-05
Epoch 150/301 | train_loss=0.3738 train_acc=87.62% | val_loss=0.3449 val_acc=85.44% | lr=1.000000e-05
Epoch 151/301 | train_loss=0.3733 train_acc=87.55% | val_loss=0.3450 val_acc=85.50% | lr=1.000000e-05
Saved new best model to /tmp/bow_mlp_imdb_9msm6ate.pt
Epoch 152/301 | train_loss=0.3729 train_acc=87.69% | val_loss=0.3447 val_acc=85.42% | lr=1.000000e-05
Epoch 153/301 | train_loss=0.3724 train_acc=87.62% | val_loss=0.3447 val_acc=85.48% | lr=1.000000e-05
Epoch 154/301 | train_loss=0.3720 train_acc=87.59% | val_loss=0.3445 val_acc=85.38% | lr=1.000000e-05
Epoch 155/301 | train_loss=0.3715 train_acc=87.62% | val_loss=0.3444 val_acc=85.42% | lr=1.000000e-05
Epoch 156/301 | train_loss=0.3711 train_acc=87.69% | val_loss=0.3445 val_acc=85.50% | lr=1.000000e-05
Epoch 157/301 | train_loss=0.3707 train_acc=87.64% | val_loss=0.3442 val_acc=85.36% | lr=1.000000e-05
Epoch 158/301 | train_loss=0.3702 train_acc=87.71% | val_loss=0.3442 val_acc=85.38% | lr=1.000000e-05
Epoch 159/301 | train_loss=0.3698 train_acc=87.71% | val_loss=0.3442 val_acc=85.56% | lr=1.000000e-05
Saved new best model to /tmp/bow_mlp_imdb_9msm6ate.pt
Epoch 160/301 | train_loss=0.3694 train_acc=87.67% | val_loss=0.3440 val_acc=85.48% | lr=1.000000e-05
Epoch 161/301 | train_loss=0.3690 train_acc=87.70% | val_loss=0.3439 val_acc=85.44% | lr=1.000000e-05
Epoch 162/301 | train_loss=0.3687 train_acc=87.70% | val_loss=0.3438 val_acc=85.50% | lr=1.000000e-05
Epoch 163/301 | train_loss=0.3682 train_acc=87.71% | val_loss=0.3438 val_acc=85.40% | lr=1.000000e-05
Epoch 164/301 | train_loss=0.3678 train_acc=87.69% | val_loss=0.3437 val_acc=85.46% | lr=1.000000e-05
Epoch 165/301 | train_loss=0.3675 train_acc=87.69% | val_loss=0.3436 val_acc=85.52% | lr=1.000000e-05
Epoch 166/301 | train_loss=0.3671 train_acc=87.70% | val_loss=0.3436 val_acc=85.50% | lr=1.000000e-05
Epoch 167/301 | train_loss=0.3666 train_acc=87.74% | val_loss=0.3437 val_acc=85.50% | lr=1.000000e-05
Epoch 168/301 | train_loss=0.3663 train_acc=87.74% | val_loss=0.3435 val_acc=85.48% | lr=1.000000e-05
Epoch 169/301 | train_loss=0.3659 train_acc=87.71% | val_loss=0.3434 val_acc=85.44% | lr=1.000000e-05
Epoch 170/301 | train_loss=0.3655 train_acc=87.75% | val_loss=0.3434 val_acc=85.44% | lr=1.000000e-05
Epoch 171/301 | train_loss=0.3652 train_acc=87.72% | val_loss=0.3434 val_acc=85.52% | lr=1.000000e-05
Epoch 172/301 | train_loss=0.3647 train_acc=87.78% | val_loss=0.3437 val_acc=85.62% | lr=1.000000e-05
Saved new best model to /tmp/bow_mlp_imdb_9msm6ate.pt
Epoch 173/301 | train_loss=0.3645 train_acc=87.81% | val_loss=0.3433 val_acc=85.54% | lr=1.000000e-05
Epoch 174/301 | train_loss=0.3641 train_acc=87.76% | val_loss=0.3434 val_acc=85.48% | lr=1.000000e-05
Epoch 175/301 | train_loss=0.3636 train_acc=87.76% | val_loss=0.3432 val_acc=85.48% | lr=1.000000e-05
Epoch 176/301 | train_loss=0.3634 train_acc=87.75% | val_loss=0.3432 val_acc=85.52% | lr=1.000000e-05
Epoch 177/301 | train_loss=0.3630 train_acc=87.78% | val_loss=0.3431 val_acc=85.42% | lr=1.000000e-05
Epoch 178/301 | train_loss=0.3626 train_acc=87.80% | val_loss=0.3430 val_acc=85.38% | lr=1.000000e-05
Epoch 179/301 | train_loss=0.3624 train_acc=87.78% | val_loss=0.3430 val_acc=85.48% | lr=1.000000e-05
Epoch 180/301 | train_loss=0.3620 train_acc=87.74% | val_loss=0.3430 val_acc=85.54% | lr=1.000000e-05
Epoch 181/301 | train_loss=0.3617 train_acc=87.79% | val_loss=0.3430 val_acc=85.52% | lr=1.000000e-05
Epoch 182/301 | train_loss=0.3613 train_acc=87.82% | val_loss=0.3430 val_acc=85.44% | lr=1.000000e-05
Epoch 183/301 | train_loss=0.3609 train_acc=87.87% | val_loss=0.3430 val_acc=85.58% | lr=1.000000e-05
Epoch 184/301 | train_loss=0.3607 train_acc=87.81% | val_loss=0.3431 val_acc=85.58% | lr=1.000000e-05
Epoch 185/301 | train_loss=0.3603 train_acc=87.78% | val_loss=0.3429 val_acc=85.62% | lr=1.000000e-05
Epoch 186/301 | train_loss=0.3601 train_acc=87.78% | val_loss=0.3429 val_acc=85.62% | lr=1.000000e-05
Epoch 187/301 | train_loss=0.3598 train_acc=87.84% | val_loss=0.3430 val_acc=85.58% | lr=1.000000e-05
Epoch 188/301 | train_loss=0.3594 train_acc=87.87% | val_loss=0.3429 val_acc=85.62% | lr=1.000000e-05
Epoch 189/301 | train_loss=0.3592 train_acc=87.89% | val_loss=0.3428 val_acc=85.66% | lr=1.000000e-05
Saved new best model to /tmp/bow_mlp_imdb_9msm6ate.pt
Epoch 190/301 | train_loss=0.3589 train_acc=87.86% | val_loss=0.3428 val_acc=85.60% | lr=1.000000e-05
Epoch 191/301 | train_loss=0.3585 train_acc=87.85% | val_loss=0.3428 val_acc=85.52% | lr=1.000000e-05
Epoch 192/301 | train_loss=0.3583 train_acc=87.86% | val_loss=0.3429 val_acc=85.64% | lr=1.000000e-05
Epoch 193/301 | train_loss=0.3579 train_acc=87.89% | val_loss=0.3428 val_acc=85.64% | lr=1.000000e-05
Epoch 194/301 | train_loss=0.3577 train_acc=87.86% | val_loss=0.3428 val_acc=85.62% | lr=1.000000e-05
Epoch 195/301 | train_loss=0.3573 train_acc=87.88% | val_loss=0.3432 val_acc=85.58% | lr=1.000000e-05
Epoch 196/301 | train_loss=0.3571 train_acc=87.85% | val_loss=0.3430 val_acc=85.54% | lr=1.000000e-05
Epoch 197/301 | train_loss=0.3568 train_acc=87.89% | val_loss=0.3429 val_acc=85.52% | lr=1.000000e-05
Epoch 198/301 | train_loss=0.3565 train_acc=87.88% | val_loss=0.3429 val_acc=85.52% | lr=1.000000e-05
Epoch 199/301 | train_loss=0.3563 train_acc=87.85% | val_loss=0.3429 val_acc=85.54% | lr=1.000000e-05
Validation loss has not improved for 8 epochs. Stopping training.
Test loss=0.3409 | Test accuracy=85.78%
