Loading IMDb dataset from local disk: /home/daniel/l/masteruppsats/np-reg/language/data/imdb_hf
Using device: cuda
BoW vocab size: 1562
Epoch 1/301 | train_loss=8.9250 train_acc=50.03% | val_loss=0.8054 val_acc=49.88% | lr=3.000000e-05
Saved new best model to /tmp/bow_mlp_imdb_ewkk_6k0.pt
Epoch 2/301 | train_loss=7.6398 train_acc=50.03% | val_loss=0.8123 val_acc=49.88% | lr=3.000000e-05
Epoch 3/301 | train_loss=6.4510 train_acc=50.03% | val_loss=0.7869 val_acc=49.88% | lr=3.000000e-05
Epoch 4/301 | train_loss=5.4130 train_acc=50.03% | val_loss=0.7501 val_acc=49.88% | lr=3.000000e-05
Epoch 5/301 | train_loss=4.5173 train_acc=50.04% | val_loss=0.7211 val_acc=49.90% | lr=3.000000e-05
Saved new best model to /tmp/bow_mlp_imdb_ewkk_6k0.pt
Epoch 6/301 | train_loss=3.7544 train_acc=50.40% | val_loss=0.7030 val_acc=50.52% | lr=3.000000e-05
Saved new best model to /tmp/bow_mlp_imdb_ewkk_6k0.pt
Epoch 7/301 | train_loss=3.1141 train_acc=51.75% | val_loss=0.6870 val_acc=52.76% | lr=3.000000e-05
Saved new best model to /tmp/bow_mlp_imdb_ewkk_6k0.pt
Epoch 8/301 | train_loss=2.5833 train_acc=53.91% | val_loss=0.6735 val_acc=55.28% | lr=3.000000e-05
Saved new best model to /tmp/bow_mlp_imdb_ewkk_6k0.pt
Epoch 9/301 | train_loss=2.1502 train_acc=56.23% | val_loss=0.6625 val_acc=57.00% | lr=3.000000e-05
Saved new best model to /tmp/bow_mlp_imdb_ewkk_6k0.pt
Epoch 10/301 | train_loss=1.8011 train_acc=58.41% | val_loss=0.6513 val_acc=59.06% | lr=3.000000e-05
Saved new best model to /tmp/bow_mlp_imdb_ewkk_6k0.pt
Epoch 11/301 | train_loss=1.5245 train_acc=60.47% | val_loss=0.6406 val_acc=61.70% | lr=3.000000e-05
Saved new best model to /tmp/bow_mlp_imdb_ewkk_6k0.pt
Epoch 12/301 | train_loss=1.3084 train_acc=62.96% | val_loss=0.6309 val_acc=63.04% | lr=3.000000e-05
Saved new best model to /tmp/bow_mlp_imdb_ewkk_6k0.pt
Epoch 13/301 | train_loss=1.1423 train_acc=64.67% | val_loss=0.6206 val_acc=65.74% | lr=3.000000e-05
Saved new best model to /tmp/bow_mlp_imdb_ewkk_6k0.pt
Epoch 14/301 | train_loss=1.0165 train_acc=66.95% | val_loss=0.6108 val_acc=67.34% | lr=3.000000e-05
Saved new best model to /tmp/bow_mlp_imdb_ewkk_6k0.pt
Epoch 15/301 | train_loss=0.9226 train_acc=68.64% | val_loss=0.6007 val_acc=69.84% | lr=3.000000e-05
Saved new best model to /tmp/bow_mlp_imdb_ewkk_6k0.pt
Epoch 16/301 | train_loss=0.8538 train_acc=70.74% | val_loss=0.5912 val_acc=71.02% | lr=3.000000e-05
Saved new best model to /tmp/bow_mlp_imdb_ewkk_6k0.pt
Epoch 17/301 | train_loss=0.8036 train_acc=72.10% | val_loss=0.5815 val_acc=72.48% | lr=3.000000e-05
Saved new best model to /tmp/bow_mlp_imdb_ewkk_6k0.pt
Epoch 18/301 | train_loss=0.7670 train_acc=73.45% | val_loss=0.5721 val_acc=73.60% | lr=3.000000e-05
Saved new best model to /tmp/bow_mlp_imdb_ewkk_6k0.pt
Epoch 19/301 | train_loss=0.7400 train_acc=74.41% | val_loss=0.5630 val_acc=75.04% | lr=3.000000e-05
Saved new best model to /tmp/bow_mlp_imdb_ewkk_6k0.pt
Epoch 20/301 | train_loss=0.7196 train_acc=75.95% | val_loss=0.5544 val_acc=75.36% | lr=3.000000e-05
Saved new best model to /tmp/bow_mlp_imdb_ewkk_6k0.pt
Epoch 21/301 | train_loss=0.7035 train_acc=76.73% | val_loss=0.5453 val_acc=76.80% | lr=3.000000e-05
Saved new best model to /tmp/bow_mlp_imdb_ewkk_6k0.pt
Epoch 22/301 | train_loss=0.6903 train_acc=77.73% | val_loss=0.5373 val_acc=77.26% | lr=3.000000e-05
Saved new best model to /tmp/bow_mlp_imdb_ewkk_6k0.pt
Epoch 23/301 | train_loss=0.6789 train_acc=78.55% | val_loss=0.5288 val_acc=78.32% | lr=3.000000e-05
Saved new best model to /tmp/bow_mlp_imdb_ewkk_6k0.pt
Epoch 24/301 | train_loss=0.6685 train_acc=79.17% | val_loss=0.5209 val_acc=79.66% | lr=3.000000e-05
Saved new best model to /tmp/bow_mlp_imdb_ewkk_6k0.pt
Epoch 25/301 | train_loss=0.6588 train_acc=79.97% | val_loss=0.5134 val_acc=80.32% | lr=3.000000e-05
Saved new best model to /tmp/bow_mlp_imdb_ewkk_6k0.pt
Epoch 26/301 | train_loss=0.6496 train_acc=80.62% | val_loss=0.5061 val_acc=80.62% | lr=3.000000e-05
Saved new best model to /tmp/bow_mlp_imdb_ewkk_6k0.pt
Epoch 27/301 | train_loss=0.6407 train_acc=81.11% | val_loss=0.4993 val_acc=80.86% | lr=3.000000e-05
Saved new best model to /tmp/bow_mlp_imdb_ewkk_6k0.pt
Epoch 28/301 | train_loss=0.6321 train_acc=81.55% | val_loss=0.4924 val_acc=81.50% | lr=3.000000e-05
Saved new best model to /tmp/bow_mlp_imdb_ewkk_6k0.pt
Epoch 29/301 | train_loss=0.6238 train_acc=82.05% | val_loss=0.4862 val_acc=81.64% | lr=3.000000e-05
Saved new best model to /tmp/bow_mlp_imdb_ewkk_6k0.pt
Epoch 30/301 | train_loss=0.6158 train_acc=82.38% | val_loss=0.4799 val_acc=82.08% | lr=3.000000e-05
Saved new best model to /tmp/bow_mlp_imdb_ewkk_6k0.pt
Epoch 31/301 | train_loss=0.6079 train_acc=82.71% | val_loss=0.4740 val_acc=82.56% | lr=3.000000e-05
Saved new best model to /tmp/bow_mlp_imdb_ewkk_6k0.pt
Epoch 32/301 | train_loss=0.6003 train_acc=83.02% | val_loss=0.4682 val_acc=82.88% | lr=3.000000e-05
Saved new best model to /tmp/bow_mlp_imdb_ewkk_6k0.pt
Epoch 33/301 | train_loss=0.5929 train_acc=83.27% | val_loss=0.4628 val_acc=83.14% | lr=3.000000e-05
Saved new best model to /tmp/bow_mlp_imdb_ewkk_6k0.pt
Epoch 34/301 | train_loss=0.5857 train_acc=83.48% | val_loss=0.4576 val_acc=83.20% | lr=3.000000e-05
Saved new best model to /tmp/bow_mlp_imdb_ewkk_6k0.pt
Epoch 35/301 | train_loss=0.5786 train_acc=83.64% | val_loss=0.4526 val_acc=83.40% | lr=3.000000e-05
Saved new best model to /tmp/bow_mlp_imdb_ewkk_6k0.pt
Epoch 36/301 | train_loss=0.5718 train_acc=83.84% | val_loss=0.4479 val_acc=83.66% | lr=3.000000e-05
Saved new best model to /tmp/bow_mlp_imdb_ewkk_6k0.pt
Epoch 37/301 | train_loss=0.5652 train_acc=83.97% | val_loss=0.4433 val_acc=83.78% | lr=3.000000e-05
Saved new best model to /tmp/bow_mlp_imdb_ewkk_6k0.pt
Epoch 38/301 | train_loss=0.5588 train_acc=84.22% | val_loss=0.4390 val_acc=83.90% | lr=3.000000e-05
Saved new best model to /tmp/bow_mlp_imdb_ewkk_6k0.pt
Epoch 39/301 | train_loss=0.5526 train_acc=84.33% | val_loss=0.4348 val_acc=84.06% | lr=3.000000e-05
Saved new best model to /tmp/bow_mlp_imdb_ewkk_6k0.pt
Epoch 40/301 | train_loss=0.5465 train_acc=84.50% | val_loss=0.4309 val_acc=84.18% | lr=3.000000e-05
Saved new best model to /tmp/bow_mlp_imdb_ewkk_6k0.pt
Epoch 41/301 | train_loss=0.5408 train_acc=84.57% | val_loss=0.4271 val_acc=84.36% | lr=3.000000e-05
Saved new best model to /tmp/bow_mlp_imdb_ewkk_6k0.pt
Epoch 42/301 | train_loss=0.5351 train_acc=84.73% | val_loss=0.4236 val_acc=84.42% | lr=3.000000e-05
Saved new best model to /tmp/bow_mlp_imdb_ewkk_6k0.pt
Epoch 43/301 | train_loss=0.5297 train_acc=84.80% | val_loss=0.4201 val_acc=84.62% | lr=3.000000e-05
Saved new best model to /tmp/bow_mlp_imdb_ewkk_6k0.pt
Epoch 44/301 | train_loss=0.5243 train_acc=84.91% | val_loss=0.4169 val_acc=84.56% | lr=3.000000e-05
Epoch 45/301 | train_loss=0.5193 train_acc=85.02% | val_loss=0.4137 val_acc=84.82% | lr=3.000000e-05
Saved new best model to /tmp/bow_mlp_imdb_ewkk_6k0.pt
Epoch 46/301 | train_loss=0.5144 train_acc=85.11% | val_loss=0.4107 val_acc=84.86% | lr=3.000000e-05
Saved new best model to /tmp/bow_mlp_imdb_ewkk_6k0.pt
Epoch 47/301 | train_loss=0.5094 train_acc=85.16% | val_loss=0.4086 val_acc=84.64% | lr=3.000000e-05
Epoch 48/301 | train_loss=0.5050 train_acc=85.28% | val_loss=0.4053 val_acc=84.80% | lr=3.000000e-05
Epoch 49/301 | train_loss=0.5005 train_acc=85.41% | val_loss=0.4027 val_acc=84.80% | lr=3.000000e-05
Epoch 50/301 | train_loss=0.4963 train_acc=85.54% | val_loss=0.4001 val_acc=85.00% | lr=3.000000e-05
Saved new best model to /tmp/bow_mlp_imdb_ewkk_6k0.pt
Epoch 51/301 | train_loss=0.4920 train_acc=85.61% | val_loss=0.3981 val_acc=84.90% | lr=3.000000e-05
Epoch 52/301 | train_loss=0.4881 train_acc=85.72% | val_loss=0.3955 val_acc=84.96% | lr=3.000000e-05
Epoch 53/301 | train_loss=0.4841 train_acc=85.72% | val_loss=0.3933 val_acc=84.96% | lr=3.000000e-05
Epoch 54/301 | train_loss=0.4804 train_acc=85.75% | val_loss=0.3912 val_acc=85.02% | lr=3.000000e-05
Saved new best model to /tmp/bow_mlp_imdb_ewkk_6k0.pt
Epoch 55/301 | train_loss=0.4768 train_acc=85.84% | val_loss=0.3892 val_acc=85.14% | lr=3.000000e-05
Saved new best model to /tmp/bow_mlp_imdb_ewkk_6k0.pt
Epoch 56/301 | train_loss=0.4732 train_acc=85.95% | val_loss=0.3873 val_acc=85.18% | lr=3.000000e-05
Saved new best model to /tmp/bow_mlp_imdb_ewkk_6k0.pt
Epoch 57/301 | train_loss=0.4699 train_acc=86.05% | val_loss=0.3855 val_acc=85.22% | lr=3.000000e-05
Saved new best model to /tmp/bow_mlp_imdb_ewkk_6k0.pt
Epoch 58/301 | train_loss=0.4667 train_acc=86.07% | val_loss=0.3837 val_acc=85.26% | lr=3.000000e-05
Saved new best model to /tmp/bow_mlp_imdb_ewkk_6k0.pt
Epoch 59/301 | train_loss=0.4636 train_acc=86.08% | val_loss=0.3821 val_acc=85.22% | lr=3.000000e-05
Epoch 60/301 | train_loss=0.4603 train_acc=86.11% | val_loss=0.3810 val_acc=85.18% | lr=3.000000e-05
Epoch 61/301 | train_loss=0.4575 train_acc=86.15% | val_loss=0.3789 val_acc=85.14% | lr=3.000000e-05
Epoch 62/301 | train_loss=0.4546 train_acc=86.19% | val_loss=0.3775 val_acc=85.16% | lr=3.000000e-05
Epoch 63/301 | train_loss=0.4519 train_acc=86.26% | val_loss=0.3761 val_acc=85.20% | lr=3.000000e-05
Epoch 64/301 | train_loss=0.4492 train_acc=86.41% | val_loss=0.3747 val_acc=85.26% | lr=3.000000e-05
Epoch 65/301 | train_loss=0.4467 train_acc=86.39% | val_loss=0.3734 val_acc=85.24% | lr=3.000000e-05
Epoch 66/301 | train_loss=0.4442 train_acc=86.39% | val_loss=0.3722 val_acc=85.30% | lr=3.000000e-05
Saved new best model to /tmp/bow_mlp_imdb_ewkk_6k0.pt
Epoch 67/301 | train_loss=0.4417 train_acc=86.42% | val_loss=0.3710 val_acc=85.26% | lr=3.000000e-05
Epoch 68/301 | train_loss=0.4394 train_acc=86.48% | val_loss=0.3698 val_acc=85.24% | lr=3.000000e-05
Epoch 69/301 | train_loss=0.4371 train_acc=86.51% | val_loss=0.3690 val_acc=85.32% | lr=3.000000e-05
Saved new best model to /tmp/bow_mlp_imdb_ewkk_6k0.pt
Epoch 70/301 | train_loss=0.4351 train_acc=86.60% | val_loss=0.3679 val_acc=85.32% | lr=3.000000e-05
Epoch 71/301 | train_loss=0.4328 train_acc=86.66% | val_loss=0.3667 val_acc=85.28% | lr=3.000000e-05
Epoch 72/301 | train_loss=0.4308 train_acc=86.69% | val_loss=0.3657 val_acc=85.22% | lr=3.000000e-05
Epoch 73/301 | train_loss=0.4287 train_acc=86.67% | val_loss=0.3652 val_acc=85.32% | lr=3.000000e-05
Epoch 74/301 | train_loss=0.4268 train_acc=86.68% | val_loss=0.3639 val_acc=85.20% | lr=3.000000e-05
Epoch 75/301 | train_loss=0.4250 train_acc=86.76% | val_loss=0.3630 val_acc=85.22% | lr=3.000000e-05
Epoch 76/301 | train_loss=0.4232 train_acc=86.77% | val_loss=0.3622 val_acc=85.18% | lr=3.000000e-05
Epoch 77/301 | train_loss=0.4213 train_acc=86.80% | val_loss=0.3614 val_acc=85.30% | lr=3.000000e-05
Epoch 78/301 | train_loss=0.4196 train_acc=86.88% | val_loss=0.3606 val_acc=85.26% | lr=3.000000e-05
Epoch 79/301 | train_loss=0.4179 train_acc=86.97% | val_loss=0.3599 val_acc=85.24% | lr=3.000000e-05
Epoch 80/301 | train_loss=0.4162 train_acc=86.91% | val_loss=0.3592 val_acc=85.26% | lr=3.000000e-05
Epoch 81/301 | train_loss=0.4146 train_acc=86.94% | val_loss=0.3585 val_acc=85.28% | lr=3.000000e-05
Epoch 82/301 | train_loss=0.4130 train_acc=86.98% | val_loss=0.3579 val_acc=85.32% | lr=3.000000e-05
Epoch 83/301 | train_loss=0.4115 train_acc=86.97% | val_loss=0.3571 val_acc=85.36% | lr=3.000000e-05
Saved new best model to /tmp/bow_mlp_imdb_ewkk_6k0.pt
Epoch 84/301 | train_loss=0.4100 train_acc=87.02% | val_loss=0.3565 val_acc=85.30% | lr=3.000000e-05
Epoch 85/301 | train_loss=0.4086 train_acc=87.04% | val_loss=0.3559 val_acc=85.34% | lr=3.000000e-05
Epoch 86/301 | train_loss=0.4072 train_acc=87.02% | val_loss=0.3553 val_acc=85.38% | lr=3.000000e-05
Saved new best model to /tmp/bow_mlp_imdb_ewkk_6k0.pt
Epoch 87/301 | train_loss=0.4058 train_acc=87.00% | val_loss=0.3553 val_acc=85.36% | lr=3.000000e-05
Epoch 88/301 | train_loss=0.4045 train_acc=87.10% | val_loss=0.3547 val_acc=85.30% | lr=3.000000e-05
Epoch 89/301 | train_loss=0.4032 train_acc=87.03% | val_loss=0.3538 val_acc=85.40% | lr=3.000000e-05
Saved new best model to /tmp/bow_mlp_imdb_ewkk_6k0.pt
Epoch 90/301 | train_loss=0.4019 train_acc=87.06% | val_loss=0.3532 val_acc=85.38% | lr=3.000000e-05
Epoch 91/301 | train_loss=0.4006 train_acc=87.14% | val_loss=0.3528 val_acc=85.24% | lr=3.000000e-05
Epoch 92/301 | train_loss=0.3996 train_acc=87.12% | val_loss=0.3522 val_acc=85.36% | lr=3.000000e-05
Epoch 93/301 | train_loss=0.3983 train_acc=87.17% | val_loss=0.3519 val_acc=85.36% | lr=3.000000e-05
Epoch 94/301 | train_loss=0.3971 train_acc=87.18% | val_loss=0.3514 val_acc=85.34% | lr=3.000000e-05
Epoch 95/301 | train_loss=0.3959 train_acc=87.22% | val_loss=0.3510 val_acc=85.34% | lr=3.000000e-05
Epoch 96/301 | train_loss=0.3948 train_acc=87.23% | val_loss=0.3506 val_acc=85.36% | lr=3.000000e-05
Epoch 97/301 | train_loss=0.3937 train_acc=87.24% | val_loss=0.3503 val_acc=85.36% | lr=3.000000e-05
Epoch 98/301 | train_loss=0.3926 train_acc=87.26% | val_loss=0.3499 val_acc=85.30% | lr=3.000000e-05
Epoch 99/301 | train_loss=0.3916 train_acc=87.28% | val_loss=0.3498 val_acc=85.40% | lr=3.000000e-05
Epoch 100/301 | train_loss=0.3906 train_acc=87.31% | val_loss=0.3492 val_acc=85.32% | lr=3.000000e-05
Epoch 101/301 | train_loss=0.3896 train_acc=87.28% | val_loss=0.3489 val_acc=85.34% | lr=3.000000e-05
Epoch 102/301 | train_loss=0.3886 train_acc=87.34% | val_loss=0.3486 val_acc=85.34% | lr=3.000000e-05
Epoch 103/301 | train_loss=0.3877 train_acc=87.33% | val_loss=0.3487 val_acc=85.36% | lr=3.000000e-05
Epoch 104/301 | train_loss=0.3868 train_acc=87.36% | val_loss=0.3484 val_acc=85.34% | lr=3.000000e-05
Epoch 105/301 | train_loss=0.3857 train_acc=87.38% | val_loss=0.3479 val_acc=85.16% | lr=3.000000e-05
Epoch 106/301 | train_loss=0.3848 train_acc=87.47% | val_loss=0.3480 val_acc=85.24% | lr=3.000000e-05
Epoch 107/301 | train_loss=0.3840 train_acc=87.44% | val_loss=0.3472 val_acc=85.36% | lr=3.000000e-05
Epoch 108/301 | train_loss=0.3831 train_acc=87.45% | val_loss=0.3470 val_acc=85.36% | lr=3.000000e-05
Epoch 109/301 | train_loss=0.3822 train_acc=87.47% | val_loss=0.3470 val_acc=85.40% | lr=3.000000e-05
Epoch 110/301 | train_loss=0.3814 train_acc=87.47% | val_loss=0.3466 val_acc=85.24% | lr=3.000000e-05
Epoch 111/301 | train_loss=0.3806 train_acc=87.52% | val_loss=0.3463 val_acc=85.36% | lr=3.000000e-05
Epoch 112/301 | train_loss=0.3797 train_acc=87.55% | val_loss=0.3461 val_acc=85.30% | lr=3.000000e-05
Epoch 113/301 | train_loss=0.3789 train_acc=87.53% | val_loss=0.3459 val_acc=85.22% | lr=3.000000e-05
Epoch 114/301 | train_loss=0.3782 train_acc=87.57% | val_loss=0.3457 val_acc=85.22% | lr=3.000000e-05
Epoch 115/301 | train_loss=0.3774 train_acc=87.55% | val_loss=0.3457 val_acc=85.52% | lr=3.000000e-05
Saved new best model to /tmp/bow_mlp_imdb_ewkk_6k0.pt
Epoch 116/301 | train_loss=0.3766 train_acc=87.53% | val_loss=0.3454 val_acc=85.42% | lr=3.000000e-05
Epoch 117/301 | train_loss=0.3759 train_acc=87.59% | val_loss=0.3452 val_acc=85.38% | lr=3.000000e-05
Epoch 118/301 | train_loss=0.3752 train_acc=87.61% | val_loss=0.3452 val_acc=85.54% | lr=3.000000e-05
Saved new best model to /tmp/bow_mlp_imdb_ewkk_6k0.pt
Epoch 119/301 | train_loss=0.3744 train_acc=87.63% | val_loss=0.3448 val_acc=85.30% | lr=3.000000e-05
Epoch 120/301 | train_loss=0.3739 train_acc=87.63% | val_loss=0.3452 val_acc=85.52% | lr=3.000000e-05
Epoch 121/301 | train_loss=0.3732 train_acc=87.66% | val_loss=0.3447 val_acc=85.50% | lr=3.000000e-05
Epoch 122/301 | train_loss=0.3724 train_acc=87.63% | val_loss=0.3445 val_acc=85.34% | lr=3.000000e-05
Epoch 123/301 | train_loss=0.3718 train_acc=87.61% | val_loss=0.3444 val_acc=85.32% | lr=3.000000e-05
Epoch 124/301 | train_loss=0.3711 train_acc=87.66% | val_loss=0.3442 val_acc=85.32% | lr=3.000000e-05
Epoch 125/301 | train_loss=0.3704 train_acc=87.64% | val_loss=0.3441 val_acc=85.32% | lr=3.000000e-05
Epoch 126/301 | train_loss=0.3698 train_acc=87.66% | val_loss=0.3440 val_acc=85.30% | lr=3.000000e-05
Epoch 127/301 | train_loss=0.3692 train_acc=87.66% | val_loss=0.3443 val_acc=85.62% | lr=3.000000e-05
Saved new best model to /tmp/bow_mlp_imdb_ewkk_6k0.pt
Epoch 128/301 | train_loss=0.3685 train_acc=87.69% | val_loss=0.3438 val_acc=85.38% | lr=3.000000e-05
Epoch 129/301 | train_loss=0.3681 train_acc=87.69% | val_loss=0.3437 val_acc=85.36% | lr=3.000000e-05
Epoch 130/301 | train_loss=0.3674 train_acc=87.69% | val_loss=0.3438 val_acc=85.56% | lr=3.000000e-05
Epoch 131/301 | train_loss=0.3668 train_acc=87.72% | val_loss=0.3436 val_acc=85.40% | lr=3.000000e-05
Epoch 132/301 | train_loss=0.3662 train_acc=87.73% | val_loss=0.3435 val_acc=85.44% | lr=3.000000e-05
Epoch 133/301 | train_loss=0.3656 train_acc=87.76% | val_loss=0.3436 val_acc=85.56% | lr=3.000000e-05
Epoch 134/301 | train_loss=0.3651 train_acc=87.73% | val_loss=0.3434 val_acc=85.44% | lr=3.000000e-05
Epoch 135/301 | train_loss=0.3646 train_acc=87.70% | val_loss=0.3434 val_acc=85.56% | lr=3.000000e-05
Epoch 136/301 | train_loss=0.3640 train_acc=87.77% | val_loss=0.3433 val_acc=85.58% | lr=3.000000e-05
Epoch 137/301 | train_loss=0.3635 train_acc=87.69% | val_loss=0.3434 val_acc=85.58% | lr=3.000000e-05
Epoch 138/301 | train_loss=0.3629 train_acc=87.83% | val_loss=0.3432 val_acc=85.56% | lr=3.000000e-05
Epoch 139/301 | train_loss=0.3624 train_acc=87.81% | val_loss=0.3431 val_acc=85.50% | lr=3.000000e-05
Epoch 140/301 | train_loss=0.3619 train_acc=87.84% | val_loss=0.3431 val_acc=85.52% | lr=3.000000e-05
Epoch 141/301 | train_loss=0.3615 train_acc=87.73% | val_loss=0.3431 val_acc=85.60% | lr=3.000000e-05
Epoch 142/301 | train_loss=0.3609 train_acc=87.86% | val_loss=0.3431 val_acc=85.58% | lr=3.000000e-05
Epoch 143/301 | train_loss=0.3604 train_acc=87.80% | val_loss=0.3430 val_acc=85.64% | lr=3.000000e-05
Saved new best model to /tmp/bow_mlp_imdb_ewkk_6k0.pt
Epoch 144/301 | train_loss=0.3600 train_acc=87.87% | val_loss=0.3431 val_acc=85.58% | lr=3.000000e-05
Epoch 145/301 | train_loss=0.3594 train_acc=87.88% | val_loss=0.3432 val_acc=85.50% | lr=3.000000e-05
Epoch 146/301 | train_loss=0.3590 train_acc=87.86% | val_loss=0.3431 val_acc=85.54% | lr=3.000000e-05
Epoch 147/301 | train_loss=0.3585 train_acc=87.89% | val_loss=0.3430 val_acc=85.62% | lr=3.000000e-05
Epoch 148/301 | train_loss=0.3581 train_acc=87.77% | val_loss=0.3437 val_acc=85.44% | lr=3.000000e-05
Epoch 149/301 | train_loss=0.3576 train_acc=87.86% | val_loss=0.3431 val_acc=85.50% | lr=3.000000e-05
Epoch 150/301 | train_loss=0.3572 train_acc=87.87% | val_loss=0.3430 val_acc=85.56% | lr=3.000000e-05
Epoch 151/301 | train_loss=0.3567 train_acc=87.83% | val_loss=0.3433 val_acc=85.36% | lr=3.000000e-05
Epoch 152/301 | train_loss=0.3562 train_acc=87.89% | val_loss=0.3430 val_acc=85.60% | lr=3.000000e-05
Epoch 153/301 | train_loss=0.3559 train_acc=87.91% | val_loss=0.3432 val_acc=85.40% | lr=3.000000e-05
Epoch 154/301 | train_loss=0.3554 train_acc=87.90% | val_loss=0.3430 val_acc=85.52% | lr=3.000000e-05
Epoch 155/301 | train_loss=0.3549 train_acc=87.86% | val_loss=0.3430 val_acc=85.50% | lr=3.000000e-05
Validation loss has not improved for 8 epochs. Stopping training.
Test loss=0.3419 | Test accuracy=85.74%
