Loading IMDb dataset from local disk: /home/daniel/l/masteruppsats/np-reg/language/data/imdb_hf
Using device: cuda
BoW vocab size: 1562
Epoch 1/301 | train_loss=0.7203 train_acc=50.20% | val_loss=0.7034 val_acc=51.40% | lr=1.000000e-05
Saved new best model to /tmp/bow_mlp_imdb_hk3pdora.pt
Epoch 2/301 | train_loss=0.6982 train_acc=51.91% | val_loss=0.6917 val_acc=53.10% | lr=1.000000e-05
Saved new best model to /tmp/bow_mlp_imdb_hk3pdora.pt
Epoch 3/301 | train_loss=0.6883 train_acc=53.55% | val_loss=0.6820 val_acc=54.60% | lr=1.000000e-05
Saved new best model to /tmp/bow_mlp_imdb_hk3pdora.pt
Epoch 4/301 | train_loss=0.6772 train_acc=55.26% | val_loss=0.6692 val_acc=56.34% | lr=1.000000e-05
Saved new best model to /tmp/bow_mlp_imdb_hk3pdora.pt
Epoch 5/301 | train_loss=0.6633 train_acc=57.34% | val_loss=0.6558 val_acc=58.66% | lr=1.000000e-05
Saved new best model to /tmp/bow_mlp_imdb_hk3pdora.pt
Epoch 6/301 | train_loss=0.6504 train_acc=59.50% | val_loss=0.6431 val_acc=61.32% | lr=1.000000e-05
Saved new best model to /tmp/bow_mlp_imdb_hk3pdora.pt
Epoch 7/301 | train_loss=0.6373 train_acc=61.31% | val_loss=0.6282 val_acc=62.66% | lr=1.000000e-05
Saved new best model to /tmp/bow_mlp_imdb_hk3pdora.pt
Epoch 8/301 | train_loss=0.6220 train_acc=63.95% | val_loss=0.6129 val_acc=65.46% | lr=1.000000e-05
Saved new best model to /tmp/bow_mlp_imdb_hk3pdora.pt
Epoch 9/301 | train_loss=0.6077 train_acc=66.36% | val_loss=0.5991 val_acc=68.02% | lr=1.000000e-05
Saved new best model to /tmp/bow_mlp_imdb_hk3pdora.pt
Epoch 10/301 | train_loss=0.5957 train_acc=68.03% | val_loss=0.5864 val_acc=70.40% | lr=1.000000e-05
Saved new best model to /tmp/bow_mlp_imdb_hk3pdora.pt
Epoch 11/301 | train_loss=0.5824 train_acc=70.26% | val_loss=0.5743 val_acc=72.20% | lr=1.000000e-05
Saved new best model to /tmp/bow_mlp_imdb_hk3pdora.pt
Epoch 12/301 | train_loss=0.5712 train_acc=71.80% | val_loss=0.5630 val_acc=73.30% | lr=1.000000e-05
Saved new best model to /tmp/bow_mlp_imdb_hk3pdora.pt
Epoch 13/301 | train_loss=0.5615 train_acc=72.94% | val_loss=0.5522 val_acc=75.08% | lr=1.000000e-05
Saved new best model to /tmp/bow_mlp_imdb_hk3pdora.pt
Epoch 14/301 | train_loss=0.5504 train_acc=74.19% | val_loss=0.5421 val_acc=75.88% | lr=1.000000e-05
Saved new best model to /tmp/bow_mlp_imdb_hk3pdora.pt
Epoch 15/301 | train_loss=0.5394 train_acc=75.44% | val_loss=0.5321 val_acc=77.88% | lr=1.000000e-05
Saved new best model to /tmp/bow_mlp_imdb_hk3pdora.pt
Epoch 16/301 | train_loss=0.5283 train_acc=76.82% | val_loss=0.5226 val_acc=78.46% | lr=1.000000e-05
Saved new best model to /tmp/bow_mlp_imdb_hk3pdora.pt
Epoch 17/301 | train_loss=0.5203 train_acc=77.59% | val_loss=0.5138 val_acc=78.90% | lr=1.000000e-05
Saved new best model to /tmp/bow_mlp_imdb_hk3pdora.pt
Epoch 18/301 | train_loss=0.5113 train_acc=78.33% | val_loss=0.5053 val_acc=79.66% | lr=1.000000e-05
Saved new best model to /tmp/bow_mlp_imdb_hk3pdora.pt
Epoch 19/301 | train_loss=0.5059 train_acc=78.70% | val_loss=0.4976 val_acc=80.24% | lr=1.000000e-05
Saved new best model to /tmp/bow_mlp_imdb_hk3pdora.pt
Epoch 20/301 | train_loss=0.4951 train_acc=79.57% | val_loss=0.4902 val_acc=80.62% | lr=1.000000e-05
Saved new best model to /tmp/bow_mlp_imdb_hk3pdora.pt
Epoch 21/301 | train_loss=0.4892 train_acc=79.94% | val_loss=0.4830 val_acc=81.20% | lr=1.000000e-05
Saved new best model to /tmp/bow_mlp_imdb_hk3pdora.pt
Epoch 22/301 | train_loss=0.4828 train_acc=80.20% | val_loss=0.4765 val_acc=81.60% | lr=1.000000e-05
Saved new best model to /tmp/bow_mlp_imdb_hk3pdora.pt
Epoch 23/301 | train_loss=0.4754 train_acc=80.92% | val_loss=0.4699 val_acc=81.84% | lr=1.000000e-05
Saved new best model to /tmp/bow_mlp_imdb_hk3pdora.pt
Epoch 24/301 | train_loss=0.4686 train_acc=81.19% | val_loss=0.4634 val_acc=82.08% | lr=1.000000e-05
Saved new best model to /tmp/bow_mlp_imdb_hk3pdora.pt
Epoch 25/301 | train_loss=0.4620 train_acc=81.64% | val_loss=0.4565 val_acc=82.56% | lr=1.000000e-05
Saved new best model to /tmp/bow_mlp_imdb_hk3pdora.pt
Epoch 26/301 | train_loss=0.4569 train_acc=81.78% | val_loss=0.4505 val_acc=82.68% | lr=1.000000e-05
Saved new best model to /tmp/bow_mlp_imdb_hk3pdora.pt
Epoch 27/301 | train_loss=0.4505 train_acc=82.14% | val_loss=0.4450 val_acc=82.84% | lr=1.000000e-05
Saved new best model to /tmp/bow_mlp_imdb_hk3pdora.pt
Epoch 28/301 | train_loss=0.4440 train_acc=82.62% | val_loss=0.4397 val_acc=83.06% | lr=1.000000e-05
Saved new best model to /tmp/bow_mlp_imdb_hk3pdora.pt
Epoch 29/301 | train_loss=0.4390 train_acc=82.60% | val_loss=0.4351 val_acc=83.38% | lr=1.000000e-05
Saved new best model to /tmp/bow_mlp_imdb_hk3pdora.pt
Epoch 30/301 | train_loss=0.4367 train_acc=82.72% | val_loss=0.4307 val_acc=83.42% | lr=1.000000e-05
Saved new best model to /tmp/bow_mlp_imdb_hk3pdora.pt
Epoch 31/301 | train_loss=0.4295 train_acc=82.92% | val_loss=0.4264 val_acc=83.78% | lr=1.000000e-05
Saved new best model to /tmp/bow_mlp_imdb_hk3pdora.pt
Epoch 32/301 | train_loss=0.4239 train_acc=83.42% | val_loss=0.4221 val_acc=84.06% | lr=1.000000e-05
Saved new best model to /tmp/bow_mlp_imdb_hk3pdora.pt
Epoch 33/301 | train_loss=0.4228 train_acc=83.30% | val_loss=0.4184 val_acc=84.08% | lr=1.000000e-05
Saved new best model to /tmp/bow_mlp_imdb_hk3pdora.pt
Epoch 34/301 | train_loss=0.4191 train_acc=83.44% | val_loss=0.4150 val_acc=84.16% | lr=1.000000e-05
Saved new best model to /tmp/bow_mlp_imdb_hk3pdora.pt
Epoch 35/301 | train_loss=0.4135 train_acc=83.62% | val_loss=0.4116 val_acc=84.32% | lr=1.000000e-05
Saved new best model to /tmp/bow_mlp_imdb_hk3pdora.pt
Epoch 36/301 | train_loss=0.4095 train_acc=83.77% | val_loss=0.4084 val_acc=84.26% | lr=1.000000e-05
Epoch 37/301 | train_loss=0.4061 train_acc=83.89% | val_loss=0.4053 val_acc=84.20% | lr=1.000000e-05
Epoch 38/301 | train_loss=0.4053 train_acc=83.94% | val_loss=0.4026 val_acc=84.28% | lr=1.000000e-05
Epoch 39/301 | train_loss=0.3993 train_acc=84.24% | val_loss=0.3999 val_acc=84.38% | lr=1.000000e-05
Saved new best model to /tmp/bow_mlp_imdb_hk3pdora.pt
Epoch 40/301 | train_loss=0.3999 train_acc=84.08% | val_loss=0.3974 val_acc=84.46% | lr=1.000000e-05
Saved new best model to /tmp/bow_mlp_imdb_hk3pdora.pt
Epoch 41/301 | train_loss=0.3945 train_acc=84.52% | val_loss=0.3949 val_acc=84.60% | lr=1.000000e-05
Saved new best model to /tmp/bow_mlp_imdb_hk3pdora.pt
Epoch 42/301 | train_loss=0.3918 train_acc=84.78% | val_loss=0.3927 val_acc=84.60% | lr=1.000000e-05
Epoch 43/301 | train_loss=0.3892 train_acc=84.71% | val_loss=0.3906 val_acc=84.66% | lr=1.000000e-05
Saved new best model to /tmp/bow_mlp_imdb_hk3pdora.pt
Epoch 44/301 | train_loss=0.3882 train_acc=84.42% | val_loss=0.3886 val_acc=84.66% | lr=1.000000e-05
Epoch 45/301 | train_loss=0.3842 train_acc=84.75% | val_loss=0.3866 val_acc=84.74% | lr=1.000000e-05
Saved new best model to /tmp/bow_mlp_imdb_hk3pdora.pt
Epoch 46/301 | train_loss=0.3836 train_acc=84.56% | val_loss=0.3849 val_acc=84.84% | lr=1.000000e-05
Saved new best model to /tmp/bow_mlp_imdb_hk3pdora.pt
Epoch 47/301 | train_loss=0.3805 train_acc=84.84% | val_loss=0.3833 val_acc=85.02% | lr=1.000000e-05
Saved new best model to /tmp/bow_mlp_imdb_hk3pdora.pt
Epoch 48/301 | train_loss=0.3772 train_acc=85.22% | val_loss=0.3813 val_acc=85.02% | lr=1.000000e-05
Epoch 49/301 | train_loss=0.3775 train_acc=85.13% | val_loss=0.3798 val_acc=85.08% | lr=1.000000e-05
Saved new best model to /tmp/bow_mlp_imdb_hk3pdora.pt
Epoch 50/301 | train_loss=0.3758 train_acc=85.19% | val_loss=0.3783 val_acc=85.10% | lr=1.000000e-05
Saved new best model to /tmp/bow_mlp_imdb_hk3pdora.pt
Epoch 51/301 | train_loss=0.3713 train_acc=85.51% | val_loss=0.3769 val_acc=85.22% | lr=1.000000e-05
Saved new best model to /tmp/bow_mlp_imdb_hk3pdora.pt
Epoch 52/301 | train_loss=0.3695 train_acc=85.36% | val_loss=0.3753 val_acc=85.08% | lr=1.000000e-05
Epoch 53/301 | train_loss=0.3694 train_acc=85.34% | val_loss=0.3741 val_acc=85.20% | lr=1.000000e-05
Epoch 54/301 | train_loss=0.3677 train_acc=85.74% | val_loss=0.3727 val_acc=85.16% | lr=1.000000e-05
Epoch 55/301 | train_loss=0.3647 train_acc=85.61% | val_loss=0.3715 val_acc=85.24% | lr=1.000000e-05
Saved new best model to /tmp/bow_mlp_imdb_hk3pdora.pt
Epoch 56/301 | train_loss=0.3636 train_acc=85.48% | val_loss=0.3703 val_acc=85.10% | lr=1.000000e-05
Epoch 57/301 | train_loss=0.3620 train_acc=85.83% | val_loss=0.3692 val_acc=85.18% | lr=1.000000e-05
Epoch 58/301 | train_loss=0.3607 train_acc=85.67% | val_loss=0.3680 val_acc=85.26% | lr=1.000000e-05
Saved new best model to /tmp/bow_mlp_imdb_hk3pdora.pt
Epoch 59/301 | train_loss=0.3582 train_acc=86.04% | val_loss=0.3670 val_acc=85.24% | lr=1.000000e-05
Epoch 60/301 | train_loss=0.3599 train_acc=85.61% | val_loss=0.3664 val_acc=85.32% | lr=1.000000e-05
Saved new best model to /tmp/bow_mlp_imdb_hk3pdora.pt
Epoch 61/301 | train_loss=0.3552 train_acc=85.98% | val_loss=0.3651 val_acc=85.20% | lr=1.000000e-05
Epoch 62/301 | train_loss=0.3537 train_acc=85.99% | val_loss=0.3642 val_acc=85.18% | lr=1.000000e-05
Epoch 63/301 | train_loss=0.3554 train_acc=85.84% | val_loss=0.3634 val_acc=85.20% | lr=1.000000e-05
Epoch 64/301 | train_loss=0.3528 train_acc=85.89% | val_loss=0.3626 val_acc=85.12% | lr=1.000000e-05
Epoch 65/301 | train_loss=0.3500 train_acc=86.16% | val_loss=0.3617 val_acc=85.12% | lr=1.000000e-05
Epoch 66/301 | train_loss=0.3495 train_acc=86.23% | val_loss=0.3610 val_acc=85.08% | lr=1.000000e-05
Epoch 67/301 | train_loss=0.3487 train_acc=86.28% | val_loss=0.3603 val_acc=85.04% | lr=1.000000e-05
Epoch 68/301 | train_loss=0.3456 train_acc=86.44% | val_loss=0.3595 val_acc=85.04% | lr=1.000000e-05
Epoch 69/301 | train_loss=0.3458 train_acc=86.34% | val_loss=0.3589 val_acc=85.22% | lr=1.000000e-05
Epoch 70/301 | train_loss=0.3432 train_acc=86.37% | val_loss=0.3581 val_acc=85.24% | lr=1.000000e-05
Epoch 71/301 | train_loss=0.3420 train_acc=86.34% | val_loss=0.3574 val_acc=85.20% | lr=1.000000e-05
Epoch 72/301 | train_loss=0.3441 train_acc=86.37% | val_loss=0.3569 val_acc=85.22% | lr=1.000000e-05
Epoch 73/301 | train_loss=0.3407 train_acc=86.53% | val_loss=0.3565 val_acc=85.36% | lr=1.000000e-05
Saved new best model to /tmp/bow_mlp_imdb_hk3pdora.pt
Epoch 74/301 | train_loss=0.3390 train_acc=86.66% | val_loss=0.3557 val_acc=85.26% | lr=1.000000e-05
Epoch 75/301 | train_loss=0.3401 train_acc=86.47% | val_loss=0.3553 val_acc=85.24% | lr=1.000000e-05
Epoch 76/301 | train_loss=0.3373 train_acc=86.69% | val_loss=0.3547 val_acc=85.30% | lr=1.000000e-05
Epoch 77/301 | train_loss=0.3378 train_acc=86.72% | val_loss=0.3543 val_acc=85.24% | lr=1.000000e-05
Epoch 78/301 | train_loss=0.3375 train_acc=86.70% | val_loss=0.3540 val_acc=85.26% | lr=1.000000e-05
Epoch 79/301 | train_loss=0.3355 train_acc=86.76% | val_loss=0.3535 val_acc=85.26% | lr=1.000000e-05
Epoch 80/301 | train_loss=0.3352 train_acc=86.62% | val_loss=0.3531 val_acc=85.38% | lr=1.000000e-05
Saved new best model to /tmp/bow_mlp_imdb_hk3pdora.pt
Epoch 81/301 | train_loss=0.3349 train_acc=86.59% | val_loss=0.3527 val_acc=85.34% | lr=1.000000e-05
Epoch 82/301 | train_loss=0.3333 train_acc=86.63% | val_loss=0.3525 val_acc=85.42% | lr=1.000000e-05
Saved new best model to /tmp/bow_mlp_imdb_hk3pdora.pt
Epoch 83/301 | train_loss=0.3316 train_acc=86.78% | val_loss=0.3520 val_acc=85.26% | lr=1.000000e-05
Epoch 84/301 | train_loss=0.3306 train_acc=86.98% | val_loss=0.3515 val_acc=85.30% | lr=1.000000e-05
Epoch 85/301 | train_loss=0.3300 train_acc=86.74% | val_loss=0.3511 val_acc=85.34% | lr=1.000000e-05
Epoch 86/301 | train_loss=0.3313 train_acc=86.84% | val_loss=0.3509 val_acc=85.42% | lr=1.000000e-05
Epoch 87/301 | train_loss=0.3280 train_acc=86.86% | val_loss=0.3509 val_acc=85.50% | lr=1.000000e-05
Saved new best model to /tmp/bow_mlp_imdb_hk3pdora.pt
Epoch 88/301 | train_loss=0.3272 train_acc=86.87% | val_loss=0.3502 val_acc=85.48% | lr=1.000000e-05
Epoch 89/301 | train_loss=0.3263 train_acc=87.00% | val_loss=0.3500 val_acc=85.50% | lr=1.000000e-05
Epoch 90/301 | train_loss=0.3268 train_acc=86.91% | val_loss=0.3496 val_acc=85.50% | lr=1.000000e-05
Epoch 91/301 | train_loss=0.3258 train_acc=86.90% | val_loss=0.3493 val_acc=85.36% | lr=1.000000e-05
Epoch 92/301 | train_loss=0.3263 train_acc=86.91% | val_loss=0.3491 val_acc=85.20% | lr=1.000000e-05
Epoch 93/301 | train_loss=0.3249 train_acc=86.97% | val_loss=0.3489 val_acc=85.52% | lr=1.000000e-05
Saved new best model to /tmp/bow_mlp_imdb_hk3pdora.pt
Epoch 94/301 | train_loss=0.3240 train_acc=87.06% | val_loss=0.3487 val_acc=85.34% | lr=1.000000e-05
Epoch 95/301 | train_loss=0.3229 train_acc=87.20% | val_loss=0.3484 val_acc=85.40% | lr=1.000000e-05
Epoch 96/301 | train_loss=0.3228 train_acc=87.19% | val_loss=0.3482 val_acc=85.40% | lr=1.000000e-05
Epoch 97/301 | train_loss=0.3227 train_acc=87.19% | val_loss=0.3481 val_acc=85.52% | lr=1.000000e-05
Epoch 98/301 | train_loss=0.3216 train_acc=87.11% | val_loss=0.3478 val_acc=85.50% | lr=1.000000e-05
Epoch 99/301 | train_loss=0.3219 train_acc=87.09% | val_loss=0.3477 val_acc=85.48% | lr=1.000000e-05
Epoch 100/301 | train_loss=0.3216 train_acc=87.17% | val_loss=0.3476 val_acc=85.52% | lr=1.000000e-05
Epoch 101/301 | train_loss=0.3197 train_acc=87.30% | val_loss=0.3474 val_acc=85.44% | lr=1.000000e-05
Epoch 102/301 | train_loss=0.3194 train_acc=87.33% | val_loss=0.3473 val_acc=85.44% | lr=1.000000e-05
Epoch 103/301 | train_loss=0.3177 train_acc=87.31% | val_loss=0.3474 val_acc=85.60% | lr=1.000000e-05
Saved new best model to /tmp/bow_mlp_imdb_hk3pdora.pt
Epoch 104/301 | train_loss=0.3181 train_acc=87.17% | val_loss=0.3473 val_acc=85.54% | lr=1.000000e-05
Epoch 105/301 | train_loss=0.3165 train_acc=87.44% | val_loss=0.3471 val_acc=85.36% | lr=1.000000e-05
Epoch 106/301 | train_loss=0.3160 train_acc=87.37% | val_loss=0.3472 val_acc=85.54% | lr=1.000000e-05
Epoch 107/301 | train_loss=0.3165 train_acc=87.47% | val_loss=0.3467 val_acc=85.52% | lr=1.000000e-05
Epoch 108/301 | train_loss=0.3143 train_acc=87.40% | val_loss=0.3466 val_acc=85.46% | lr=1.000000e-05
Epoch 109/301 | train_loss=0.3141 train_acc=87.32% | val_loss=0.3465 val_acc=85.60% | lr=1.000000e-05
Epoch 110/301 | train_loss=0.3135 train_acc=87.44% | val_loss=0.3464 val_acc=85.50% | lr=1.000000e-05
Epoch 111/301 | train_loss=0.3135 train_acc=87.37% | val_loss=0.3462 val_acc=85.62% | lr=1.000000e-05
Saved new best model to /tmp/bow_mlp_imdb_hk3pdora.pt
Epoch 112/301 | train_loss=0.3110 train_acc=87.58% | val_loss=0.3461 val_acc=85.66% | lr=1.000000e-05
Saved new best model to /tmp/bow_mlp_imdb_hk3pdora.pt
Epoch 113/301 | train_loss=0.3117 train_acc=87.60% | val_loss=0.3460 val_acc=85.54% | lr=1.000000e-05
Epoch 114/301 | train_loss=0.3113 train_acc=87.31% | val_loss=0.3459 val_acc=85.68% | lr=1.000000e-05
Saved new best model to /tmp/bow_mlp_imdb_hk3pdora.pt
Epoch 115/301 | train_loss=0.3122 train_acc=87.66% | val_loss=0.3460 val_acc=85.64% | lr=1.000000e-05
Epoch 116/301 | train_loss=0.3108 train_acc=87.63% | val_loss=0.3458 val_acc=85.64% | lr=1.000000e-05
Epoch 117/301 | train_loss=0.3093 train_acc=87.53% | val_loss=0.3457 val_acc=85.66% | lr=1.000000e-05
Epoch 118/301 | train_loss=0.3122 train_acc=87.56% | val_loss=0.3458 val_acc=85.64% | lr=1.000000e-05
Epoch 119/301 | train_loss=0.3099 train_acc=87.58% | val_loss=0.3456 val_acc=85.68% | lr=1.000000e-05
Epoch 120/301 | train_loss=0.3099 train_acc=87.48% | val_loss=0.3457 val_acc=85.68% | lr=1.000000e-05
Epoch 121/301 | train_loss=0.3084 train_acc=87.52% | val_loss=0.3455 val_acc=85.64% | lr=1.000000e-05
Epoch 122/301 | train_loss=0.3072 train_acc=87.66% | val_loss=0.3454 val_acc=85.56% | lr=1.000000e-05
Epoch 123/301 | train_loss=0.3074 train_acc=87.50% | val_loss=0.3454 val_acc=85.62% | lr=1.000000e-05
Epoch 124/301 | train_loss=0.3052 train_acc=87.77% | val_loss=0.3453 val_acc=85.62% | lr=1.000000e-05
Epoch 125/301 | train_loss=0.3077 train_acc=87.72% | val_loss=0.3452 val_acc=85.58% | lr=1.000000e-05
Epoch 126/301 | train_loss=0.3049 train_acc=87.70% | val_loss=0.3451 val_acc=85.62% | lr=1.000000e-05
Epoch 127/301 | train_loss=0.3049 train_acc=87.73% | val_loss=0.3451 val_acc=85.62% | lr=1.000000e-05
Epoch 128/301 | train_loss=0.3060 train_acc=87.72% | val_loss=0.3450 val_acc=85.62% | lr=1.000000e-05
Epoch 129/301 | train_loss=0.3032 train_acc=87.66% | val_loss=0.3449 val_acc=85.60% | lr=1.000000e-05
Epoch 130/301 | train_loss=0.3039 train_acc=87.68% | val_loss=0.3451 val_acc=85.64% | lr=1.000000e-05
Epoch 131/301 | train_loss=0.3037 train_acc=87.57% | val_loss=0.3449 val_acc=85.58% | lr=1.000000e-05
Epoch 132/301 | train_loss=0.3031 train_acc=87.79% | val_loss=0.3449 val_acc=85.62% | lr=1.000000e-05
Epoch 133/301 | train_loss=0.3034 train_acc=87.66% | val_loss=0.3449 val_acc=85.60% | lr=1.000000e-05
Epoch 134/301 | train_loss=0.3026 train_acc=87.81% | val_loss=0.3448 val_acc=85.54% | lr=1.000000e-05
Epoch 135/301 | train_loss=0.3028 train_acc=87.81% | val_loss=0.3449 val_acc=85.66% | lr=1.000000e-05
Epoch 136/301 | train_loss=0.3024 train_acc=87.81% | val_loss=0.3448 val_acc=85.54% | lr=1.000000e-05
Epoch 137/301 | train_loss=0.3018 train_acc=87.78% | val_loss=0.3448 val_acc=85.64% | lr=1.000000e-05
Epoch 138/301 | train_loss=0.3018 train_acc=87.64% | val_loss=0.3447 val_acc=85.60% | lr=1.000000e-05
Epoch 139/301 | train_loss=0.3002 train_acc=87.94% | val_loss=0.3447 val_acc=85.56% | lr=1.000000e-05
Epoch 140/301 | train_loss=0.3010 train_acc=87.84% | val_loss=0.3447 val_acc=85.58% | lr=1.000000e-05
Epoch 141/301 | train_loss=0.3012 train_acc=87.77% | val_loss=0.3448 val_acc=85.66% | lr=1.000000e-05
Epoch 142/301 | train_loss=0.2990 train_acc=87.76% | val_loss=0.3448 val_acc=85.58% | lr=1.000000e-05
Epoch 143/301 | train_loss=0.2984 train_acc=87.86% | val_loss=0.3447 val_acc=85.62% | lr=1.000000e-05
Epoch 144/301 | train_loss=0.2971 train_acc=87.81% | val_loss=0.3448 val_acc=85.66% | lr=1.000000e-05
Epoch 145/301 | train_loss=0.2968 train_acc=87.81% | val_loss=0.3449 val_acc=85.64% | lr=1.000000e-05
Epoch 146/301 | train_loss=0.2978 train_acc=87.88% | val_loss=0.3449 val_acc=85.68% | lr=1.000000e-05
Epoch 147/301 | train_loss=0.2966 train_acc=87.90% | val_loss=0.3449 val_acc=85.64% | lr=1.000000e-05
Validation loss has not improved for 8 epochs. Stopping training.
Test loss=0.3424 | Test accuracy=85.70%
