Loading IMDb dataset from local disk: /home/daniel/l/masteruppsats/np-reg/language/data/imdb_hf
Using device: cuda
BoW vocab size: 1562
Epoch 1/301 | train_loss=0.7400 train_acc=50.03% | val_loss=0.7174 val_acc=49.90% | lr=1.000000e-05
Saved new best model to /tmp/bow_mlp_imdb_lb38l3lw.pt
Epoch 2/301 | train_loss=0.7064 train_acc=50.08% | val_loss=0.7015 val_acc=50.18% | lr=1.000000e-05
Saved new best model to /tmp/bow_mlp_imdb_lb38l3lw.pt
Epoch 3/301 | train_loss=0.6954 train_acc=50.34% | val_loss=0.6937 val_acc=50.70% | lr=1.000000e-05
Saved new best model to /tmp/bow_mlp_imdb_lb38l3lw.pt
Epoch 4/301 | train_loss=0.6889 train_acc=51.40% | val_loss=0.6880 val_acc=51.94% | lr=1.000000e-05
Saved new best model to /tmp/bow_mlp_imdb_lb38l3lw.pt
Epoch 5/301 | train_loss=0.6834 train_acc=53.30% | val_loss=0.6828 val_acc=53.98% | lr=1.000000e-05
Saved new best model to /tmp/bow_mlp_imdb_lb38l3lw.pt
Epoch 6/301 | train_loss=0.6780 train_acc=55.54% | val_loss=0.6773 val_acc=55.96% | lr=1.000000e-05
Saved new best model to /tmp/bow_mlp_imdb_lb38l3lw.pt
Epoch 7/301 | train_loss=0.6720 train_acc=57.56% | val_loss=0.6715 val_acc=57.68% | lr=1.000000e-05
Saved new best model to /tmp/bow_mlp_imdb_lb38l3lw.pt
Epoch 8/301 | train_loss=0.6655 train_acc=59.46% | val_loss=0.6650 val_acc=59.14% | lr=1.000000e-05
Saved new best model to /tmp/bow_mlp_imdb_lb38l3lw.pt
Epoch 9/301 | train_loss=0.6580 train_acc=61.27% | val_loss=0.6578 val_acc=60.40% | lr=1.000000e-05
Saved new best model to /tmp/bow_mlp_imdb_lb38l3lw.pt
Epoch 10/301 | train_loss=0.6495 train_acc=62.42% | val_loss=0.6496 val_acc=62.38% | lr=1.000000e-05
Saved new best model to /tmp/bow_mlp_imdb_lb38l3lw.pt
Epoch 11/301 | train_loss=0.6401 train_acc=63.79% | val_loss=0.6407 val_acc=64.20% | lr=1.000000e-05
Saved new best model to /tmp/bow_mlp_imdb_lb38l3lw.pt
Epoch 12/301 | train_loss=0.6304 train_acc=66.09% | val_loss=0.6318 val_acc=65.38% | lr=1.000000e-05
Saved new best model to /tmp/bow_mlp_imdb_lb38l3lw.pt
Epoch 13/301 | train_loss=0.6207 train_acc=67.40% | val_loss=0.6230 val_acc=67.32% | lr=1.000000e-05
Saved new best model to /tmp/bow_mlp_imdb_lb38l3lw.pt
Epoch 14/301 | train_loss=0.6113 train_acc=69.36% | val_loss=0.6146 val_acc=68.44% | lr=1.000000e-05
Saved new best model to /tmp/bow_mlp_imdb_lb38l3lw.pt
Epoch 15/301 | train_loss=0.6022 train_acc=70.66% | val_loss=0.6062 val_acc=70.44% | lr=1.000000e-05
Saved new best model to /tmp/bow_mlp_imdb_lb38l3lw.pt
Epoch 16/301 | train_loss=0.5934 train_acc=72.39% | val_loss=0.5986 val_acc=71.50% | lr=1.000000e-05
Saved new best model to /tmp/bow_mlp_imdb_lb38l3lw.pt
Epoch 17/301 | train_loss=0.5850 train_acc=73.58% | val_loss=0.5910 val_acc=72.88% | lr=1.000000e-05
Saved new best model to /tmp/bow_mlp_imdb_lb38l3lw.pt
Epoch 18/301 | train_loss=0.5770 train_acc=74.91% | val_loss=0.5840 val_acc=73.34% | lr=1.000000e-05
Saved new best model to /tmp/bow_mlp_imdb_lb38l3lw.pt
Epoch 19/301 | train_loss=0.5693 train_acc=75.89% | val_loss=0.5772 val_acc=74.40% | lr=1.000000e-05
Saved new best model to /tmp/bow_mlp_imdb_lb38l3lw.pt
Epoch 20/301 | train_loss=0.5620 train_acc=77.02% | val_loss=0.5709 val_acc=75.22% | lr=1.000000e-05
Saved new best model to /tmp/bow_mlp_imdb_lb38l3lw.pt
Epoch 21/301 | train_loss=0.5549 train_acc=77.86% | val_loss=0.5645 val_acc=76.20% | lr=1.000000e-05
Saved new best model to /tmp/bow_mlp_imdb_lb38l3lw.pt
Epoch 22/301 | train_loss=0.5481 train_acc=78.72% | val_loss=0.5586 val_acc=76.72% | lr=1.000000e-05
Saved new best model to /tmp/bow_mlp_imdb_lb38l3lw.pt
Epoch 23/301 | train_loss=0.5415 train_acc=79.61% | val_loss=0.5531 val_acc=77.50% | lr=1.000000e-05
Saved new best model to /tmp/bow_mlp_imdb_lb38l3lw.pt
Epoch 24/301 | train_loss=0.5352 train_acc=80.04% | val_loss=0.5475 val_acc=78.28% | lr=1.000000e-05
Saved new best model to /tmp/bow_mlp_imdb_lb38l3lw.pt
Epoch 25/301 | train_loss=0.5291 train_acc=80.87% | val_loss=0.5422 val_acc=78.78% | lr=1.000000e-05
Saved new best model to /tmp/bow_mlp_imdb_lb38l3lw.pt
Epoch 26/301 | train_loss=0.5232 train_acc=81.61% | val_loss=0.5372 val_acc=79.16% | lr=1.000000e-05
Saved new best model to /tmp/bow_mlp_imdb_lb38l3lw.pt
Epoch 27/301 | train_loss=0.5174 train_acc=81.95% | val_loss=0.5323 val_acc=79.52% | lr=1.000000e-05
Saved new best model to /tmp/bow_mlp_imdb_lb38l3lw.pt
Epoch 28/301 | train_loss=0.5118 train_acc=82.42% | val_loss=0.5274 val_acc=80.08% | lr=1.000000e-05
Saved new best model to /tmp/bow_mlp_imdb_lb38l3lw.pt
Epoch 29/301 | train_loss=0.5063 train_acc=82.90% | val_loss=0.5231 val_acc=80.28% | lr=1.000000e-05
Saved new best model to /tmp/bow_mlp_imdb_lb38l3lw.pt
Epoch 30/301 | train_loss=0.5010 train_acc=83.25% | val_loss=0.5185 val_acc=80.60% | lr=1.000000e-05
Saved new best model to /tmp/bow_mlp_imdb_lb38l3lw.pt
Epoch 31/301 | train_loss=0.4958 train_acc=83.54% | val_loss=0.5142 val_acc=80.92% | lr=1.000000e-05
Saved new best model to /tmp/bow_mlp_imdb_lb38l3lw.pt
Epoch 32/301 | train_loss=0.4907 train_acc=83.66% | val_loss=0.5097 val_acc=81.30% | lr=1.000000e-05
Saved new best model to /tmp/bow_mlp_imdb_lb38l3lw.pt
Epoch 33/301 | train_loss=0.4858 train_acc=84.06% | val_loss=0.5057 val_acc=81.46% | lr=1.000000e-05
Saved new best model to /tmp/bow_mlp_imdb_lb38l3lw.pt
Epoch 34/301 | train_loss=0.4809 train_acc=84.28% | val_loss=0.5016 val_acc=81.82% | lr=1.000000e-05
Saved new best model to /tmp/bow_mlp_imdb_lb38l3lw.pt
Epoch 35/301 | train_loss=0.4760 train_acc=84.50% | val_loss=0.4976 val_acc=82.16% | lr=1.000000e-05
Saved new best model to /tmp/bow_mlp_imdb_lb38l3lw.pt
Epoch 36/301 | train_loss=0.4713 train_acc=84.87% | val_loss=0.4938 val_acc=82.24% | lr=1.000000e-05
Saved new best model to /tmp/bow_mlp_imdb_lb38l3lw.pt
Epoch 37/301 | train_loss=0.4667 train_acc=85.08% | val_loss=0.4899 val_acc=82.48% | lr=1.000000e-05
Saved new best model to /tmp/bow_mlp_imdb_lb38l3lw.pt
Epoch 38/301 | train_loss=0.4621 train_acc=85.33% | val_loss=0.4862 val_acc=82.58% | lr=1.000000e-05
Saved new best model to /tmp/bow_mlp_imdb_lb38l3lw.pt
Epoch 39/301 | train_loss=0.4577 train_acc=85.59% | val_loss=0.4826 val_acc=82.80% | lr=1.000000e-05
Saved new best model to /tmp/bow_mlp_imdb_lb38l3lw.pt
Epoch 40/301 | train_loss=0.4533 train_acc=85.78% | val_loss=0.4790 val_acc=82.92% | lr=1.000000e-05
Saved new best model to /tmp/bow_mlp_imdb_lb38l3lw.pt
Epoch 41/301 | train_loss=0.4490 train_acc=85.97% | val_loss=0.4754 val_acc=83.08% | lr=1.000000e-05
Saved new best model to /tmp/bow_mlp_imdb_lb38l3lw.pt
Epoch 42/301 | train_loss=0.4447 train_acc=86.07% | val_loss=0.4724 val_acc=83.36% | lr=1.000000e-05
Saved new best model to /tmp/bow_mlp_imdb_lb38l3lw.pt
Epoch 43/301 | train_loss=0.4405 train_acc=86.22% | val_loss=0.4688 val_acc=83.34% | lr=1.000000e-05
Epoch 44/301 | train_loss=0.4365 train_acc=86.37% | val_loss=0.4657 val_acc=83.34% | lr=1.000000e-05
Epoch 45/301 | train_loss=0.4324 train_acc=86.60% | val_loss=0.4623 val_acc=83.42% | lr=1.000000e-05
Saved new best model to /tmp/bow_mlp_imdb_lb38l3lw.pt
Epoch 46/301 | train_loss=0.4285 train_acc=86.72% | val_loss=0.4595 val_acc=83.58% | lr=1.000000e-05
Saved new best model to /tmp/bow_mlp_imdb_lb38l3lw.pt
Epoch 47/301 | train_loss=0.4245 train_acc=86.88% | val_loss=0.4567 val_acc=83.72% | lr=1.000000e-05
Saved new best model to /tmp/bow_mlp_imdb_lb38l3lw.pt
Epoch 48/301 | train_loss=0.4208 train_acc=86.95% | val_loss=0.4537 val_acc=83.70% | lr=1.000000e-05
Epoch 49/301 | train_loss=0.4170 train_acc=87.04% | val_loss=0.4505 val_acc=83.90% | lr=1.000000e-05
Saved new best model to /tmp/bow_mlp_imdb_lb38l3lw.pt
Epoch 50/301 | train_loss=0.4133 train_acc=87.17% | val_loss=0.4477 val_acc=84.04% | lr=1.000000e-05
Saved new best model to /tmp/bow_mlp_imdb_lb38l3lw.pt
Epoch 51/301 | train_loss=0.4096 train_acc=87.30% | val_loss=0.4451 val_acc=84.02% | lr=1.000000e-05
Epoch 52/301 | train_loss=0.4060 train_acc=87.39% | val_loss=0.4423 val_acc=84.24% | lr=1.000000e-05
Saved new best model to /tmp/bow_mlp_imdb_lb38l3lw.pt
Epoch 53/301 | train_loss=0.4025 train_acc=87.52% | val_loss=0.4395 val_acc=84.30% | lr=1.000000e-05
Saved new best model to /tmp/bow_mlp_imdb_lb38l3lw.pt
Epoch 54/301 | train_loss=0.3990 train_acc=87.59% | val_loss=0.4370 val_acc=84.36% | lr=1.000000e-05
Saved new best model to /tmp/bow_mlp_imdb_lb38l3lw.pt
Epoch 55/301 | train_loss=0.3956 train_acc=87.71% | val_loss=0.4347 val_acc=84.42% | lr=1.000000e-05
Saved new best model to /tmp/bow_mlp_imdb_lb38l3lw.pt
Epoch 56/301 | train_loss=0.3922 train_acc=87.87% | val_loss=0.4322 val_acc=84.42% | lr=1.000000e-05
Epoch 57/301 | train_loss=0.3889 train_acc=87.91% | val_loss=0.4299 val_acc=84.38% | lr=1.000000e-05
Epoch 58/301 | train_loss=0.3857 train_acc=87.98% | val_loss=0.4273 val_acc=84.34% | lr=1.000000e-05
Epoch 59/301 | train_loss=0.3825 train_acc=88.02% | val_loss=0.4251 val_acc=84.40% | lr=1.000000e-05
Epoch 60/301 | train_loss=0.3793 train_acc=88.15% | val_loss=0.4231 val_acc=84.44% | lr=1.000000e-05
Saved new best model to /tmp/bow_mlp_imdb_lb38l3lw.pt
Epoch 61/301 | train_loss=0.3762 train_acc=88.28% | val_loss=0.4206 val_acc=84.42% | lr=1.000000e-05
Epoch 62/301 | train_loss=0.3731 train_acc=88.42% | val_loss=0.4184 val_acc=84.52% | lr=1.000000e-05
Saved new best model to /tmp/bow_mlp_imdb_lb38l3lw.pt
Epoch 63/301 | train_loss=0.3701 train_acc=88.46% | val_loss=0.4166 val_acc=84.56% | lr=1.000000e-05
Saved new best model to /tmp/bow_mlp_imdb_lb38l3lw.pt
Epoch 64/301 | train_loss=0.3671 train_acc=88.55% | val_loss=0.4146 val_acc=84.60% | lr=1.000000e-05
Saved new best model to /tmp/bow_mlp_imdb_lb38l3lw.pt
Epoch 65/301 | train_loss=0.3641 train_acc=88.67% | val_loss=0.4125 val_acc=84.62% | lr=1.000000e-05
Saved new best model to /tmp/bow_mlp_imdb_lb38l3lw.pt
Epoch 66/301 | train_loss=0.3613 train_acc=88.70% | val_loss=0.4105 val_acc=84.62% | lr=1.000000e-05
Epoch 67/301 | train_loss=0.3584 train_acc=88.74% | val_loss=0.4086 val_acc=84.68% | lr=1.000000e-05
Saved new best model to /tmp/bow_mlp_imdb_lb38l3lw.pt
Epoch 68/301 | train_loss=0.3556 train_acc=88.90% | val_loss=0.4069 val_acc=84.68% | lr=1.000000e-05
Epoch 69/301 | train_loss=0.3528 train_acc=88.95% | val_loss=0.4053 val_acc=84.66% | lr=1.000000e-05
Epoch 70/301 | train_loss=0.3502 train_acc=89.02% | val_loss=0.4036 val_acc=84.68% | lr=1.000000e-05
Epoch 71/301 | train_loss=0.3475 train_acc=89.09% | val_loss=0.4018 val_acc=84.68% | lr=1.000000e-05
Epoch 72/301 | train_loss=0.3448 train_acc=89.16% | val_loss=0.4001 val_acc=84.72% | lr=1.000000e-05
Saved new best model to /tmp/bow_mlp_imdb_lb38l3lw.pt
Epoch 73/301 | train_loss=0.3422 train_acc=89.19% | val_loss=0.3989 val_acc=84.66% | lr=1.000000e-05
Epoch 74/301 | train_loss=0.3397 train_acc=89.29% | val_loss=0.3970 val_acc=84.76% | lr=1.000000e-05
Saved new best model to /tmp/bow_mlp_imdb_lb38l3lw.pt
Epoch 75/301 | train_loss=0.3372 train_acc=89.27% | val_loss=0.3956 val_acc=84.68% | lr=1.000000e-05
Epoch 76/301 | train_loss=0.3347 train_acc=89.35% | val_loss=0.3943 val_acc=84.80% | lr=1.000000e-05
Saved new best model to /tmp/bow_mlp_imdb_lb38l3lw.pt
Epoch 77/301 | train_loss=0.3322 train_acc=89.45% | val_loss=0.3926 val_acc=84.70% | lr=1.000000e-05
Epoch 78/301 | train_loss=0.3298 train_acc=89.50% | val_loss=0.3912 val_acc=84.78% | lr=1.000000e-05
Epoch 79/301 | train_loss=0.3274 train_acc=89.50% | val_loss=0.3898 val_acc=84.88% | lr=1.000000e-05
Saved new best model to /tmp/bow_mlp_imdb_lb38l3lw.pt
Epoch 80/301 | train_loss=0.3250 train_acc=89.59% | val_loss=0.3887 val_acc=84.96% | lr=1.000000e-05
Saved new best model to /tmp/bow_mlp_imdb_lb38l3lw.pt
Epoch 81/301 | train_loss=0.3228 train_acc=89.63% | val_loss=0.3873 val_acc=84.88% | lr=1.000000e-05
Epoch 82/301 | train_loss=0.3205 train_acc=89.75% | val_loss=0.3861 val_acc=84.98% | lr=1.000000e-05
Saved new best model to /tmp/bow_mlp_imdb_lb38l3lw.pt
Epoch 83/301 | train_loss=0.3182 train_acc=89.78% | val_loss=0.3851 val_acc=85.04% | lr=1.000000e-05
Saved new best model to /tmp/bow_mlp_imdb_lb38l3lw.pt
Epoch 84/301 | train_loss=0.3160 train_acc=89.82% | val_loss=0.3836 val_acc=84.98% | lr=1.000000e-05
Epoch 85/301 | train_loss=0.3138 train_acc=89.84% | val_loss=0.3823 val_acc=84.94% | lr=1.000000e-05
Epoch 86/301 | train_loss=0.3117 train_acc=89.86% | val_loss=0.3814 val_acc=85.10% | lr=1.000000e-05
Saved new best model to /tmp/bow_mlp_imdb_lb38l3lw.pt
Epoch 87/301 | train_loss=0.3097 train_acc=89.89% | val_loss=0.3804 val_acc=84.98% | lr=1.000000e-05
Epoch 88/301 | train_loss=0.3075 train_acc=89.99% | val_loss=0.3797 val_acc=84.82% | lr=1.000000e-05
Epoch 89/301 | train_loss=0.3055 train_acc=90.00% | val_loss=0.3785 val_acc=84.88% | lr=1.000000e-05
Epoch 90/301 | train_loss=0.3034 train_acc=90.11% | val_loss=0.3775 val_acc=84.96% | lr=1.000000e-05
Epoch 91/301 | train_loss=0.3015 train_acc=90.19% | val_loss=0.3766 val_acc=84.98% | lr=1.000000e-05
Epoch 92/301 | train_loss=0.2995 train_acc=90.22% | val_loss=0.3755 val_acc=85.00% | lr=1.000000e-05
Epoch 93/301 | train_loss=0.2976 train_acc=90.28% | val_loss=0.3749 val_acc=84.94% | lr=1.000000e-05
Epoch 94/301 | train_loss=0.2957 train_acc=90.40% | val_loss=0.3737 val_acc=85.04% | lr=1.000000e-05
Epoch 95/301 | train_loss=0.2938 train_acc=90.50% | val_loss=0.3731 val_acc=85.02% | lr=1.000000e-05
Epoch 96/301 | train_loss=0.2920 train_acc=90.53% | val_loss=0.3724 val_acc=85.08% | lr=1.000000e-05
Epoch 97/301 | train_loss=0.2901 train_acc=90.59% | val_loss=0.3715 val_acc=85.10% | lr=1.000000e-05
Epoch 98/301 | train_loss=0.2883 train_acc=90.60% | val_loss=0.3709 val_acc=85.16% | lr=1.000000e-05
Saved new best model to /tmp/bow_mlp_imdb_lb38l3lw.pt
Epoch 99/301 | train_loss=0.2866 train_acc=90.69% | val_loss=0.3704 val_acc=85.10% | lr=1.000000e-05
Epoch 100/301 | train_loss=0.2848 train_acc=90.77% | val_loss=0.3694 val_acc=85.08% | lr=1.000000e-05
Epoch 101/301 | train_loss=0.2831 train_acc=90.79% | val_loss=0.3687 val_acc=84.98% | lr=1.000000e-05
Epoch 102/301 | train_loss=0.2814 train_acc=90.80% | val_loss=0.3681 val_acc=85.10% | lr=1.000000e-05
Epoch 103/301 | train_loss=0.2797 train_acc=90.84% | val_loss=0.3679 val_acc=85.12% | lr=1.000000e-05
Epoch 104/301 | train_loss=0.2781 train_acc=90.88% | val_loss=0.3672 val_acc=85.04% | lr=1.000000e-05
Epoch 105/301 | train_loss=0.2765 train_acc=90.94% | val_loss=0.3664 val_acc=85.10% | lr=1.000000e-05
Epoch 106/301 | train_loss=0.2749 train_acc=90.93% | val_loss=0.3659 val_acc=85.08% | lr=1.000000e-05
Epoch 107/301 | train_loss=0.2733 train_acc=91.00% | val_loss=0.3655 val_acc=85.08% | lr=1.000000e-05
Epoch 108/301 | train_loss=0.2718 train_acc=91.04% | val_loss=0.3649 val_acc=85.06% | lr=1.000000e-05
Epoch 109/301 | train_loss=0.2703 train_acc=91.09% | val_loss=0.3646 val_acc=85.08% | lr=1.000000e-05
Epoch 110/301 | train_loss=0.2687 train_acc=91.06% | val_loss=0.3641 val_acc=85.08% | lr=1.000000e-05
Epoch 111/301 | train_loss=0.2672 train_acc=91.16% | val_loss=0.3636 val_acc=85.14% | lr=1.000000e-05
Epoch 112/301 | train_loss=0.2658 train_acc=91.23% | val_loss=0.3634 val_acc=85.08% | lr=1.000000e-05
Epoch 113/301 | train_loss=0.2644 train_acc=91.23% | val_loss=0.3628 val_acc=85.06% | lr=1.000000e-05
Epoch 114/301 | train_loss=0.2629 train_acc=91.22% | val_loss=0.3626 val_acc=85.12% | lr=1.000000e-05
Epoch 115/301 | train_loss=0.2615 train_acc=91.29% | val_loss=0.3624 val_acc=85.18% | lr=1.000000e-05
Saved new best model to /tmp/bow_mlp_imdb_lb38l3lw.pt
Epoch 116/301 | train_loss=0.2601 train_acc=91.34% | val_loss=0.3624 val_acc=85.26% | lr=1.000000e-05
Saved new best model to /tmp/bow_mlp_imdb_lb38l3lw.pt
Epoch 117/301 | train_loss=0.2587 train_acc=91.40% | val_loss=0.3619 val_acc=85.08% | lr=1.000000e-05
Epoch 118/301 | train_loss=0.2574 train_acc=91.45% | val_loss=0.3617 val_acc=85.22% | lr=1.000000e-05
Epoch 119/301 | train_loss=0.2561 train_acc=91.46% | val_loss=0.3614 val_acc=85.12% | lr=1.000000e-05
Epoch 120/301 | train_loss=0.2549 train_acc=91.52% | val_loss=0.3613 val_acc=85.16% | lr=1.000000e-05
Epoch 121/301 | train_loss=0.2536 train_acc=91.53% | val_loss=0.3608 val_acc=85.02% | lr=1.000000e-05
Epoch 122/301 | train_loss=0.2522 train_acc=91.56% | val_loss=0.3608 val_acc=85.14% | lr=1.000000e-05
Epoch 123/301 | train_loss=0.2510 train_acc=91.59% | val_loss=0.3607 val_acc=85.20% | lr=1.000000e-05
Epoch 124/301 | train_loss=0.2497 train_acc=91.64% | val_loss=0.3604 val_acc=85.14% | lr=1.000000e-05
Epoch 125/301 | train_loss=0.2486 train_acc=91.69% | val_loss=0.3605 val_acc=85.18% | lr=1.000000e-05
Epoch 126/301 | train_loss=0.2474 train_acc=91.68% | val_loss=0.3607 val_acc=85.38% | lr=1.000000e-05
Saved new best model to /tmp/bow_mlp_imdb_lb38l3lw.pt
Epoch 127/301 | train_loss=0.2462 train_acc=91.75% | val_loss=0.3607 val_acc=85.34% | lr=1.000000e-05
Epoch 128/301 | train_loss=0.2450 train_acc=91.77% | val_loss=0.3601 val_acc=85.22% | lr=1.000000e-05
Epoch 129/301 | train_loss=0.2440 train_acc=91.81% | val_loss=0.3599 val_acc=85.24% | lr=1.000000e-05
Epoch 130/301 | train_loss=0.2428 train_acc=91.83% | val_loss=0.3604 val_acc=85.32% | lr=1.000000e-05
Epoch 131/301 | train_loss=0.2417 train_acc=91.88% | val_loss=0.3600 val_acc=85.26% | lr=1.000000e-05
Epoch 132/301 | train_loss=0.2405 train_acc=91.88% | val_loss=0.3602 val_acc=85.24% | lr=1.000000e-05
Epoch 133/301 | train_loss=0.2394 train_acc=91.95% | val_loss=0.3600 val_acc=85.32% | lr=1.000000e-05
Epoch 134/301 | train_loss=0.2384 train_acc=92.02% | val_loss=0.3600 val_acc=85.32% | lr=1.000000e-05
Epoch 135/301 | train_loss=0.2373 train_acc=92.03% | val_loss=0.3601 val_acc=85.34% | lr=1.000000e-05
Epoch 136/301 | train_loss=0.2363 train_acc=92.11% | val_loss=0.3599 val_acc=85.34% | lr=1.000000e-05
Epoch 137/301 | train_loss=0.2353 train_acc=92.12% | val_loss=0.3601 val_acc=85.40% | lr=1.000000e-05
Saved new best model to /tmp/bow_mlp_imdb_lb38l3lw.pt
Epoch 138/301 | train_loss=0.2343 train_acc=92.11% | val_loss=0.3599 val_acc=85.36% | lr=1.000000e-05
Epoch 139/301 | train_loss=0.2333 train_acc=92.17% | val_loss=0.3598 val_acc=85.40% | lr=1.000000e-05
Epoch 140/301 | train_loss=0.2323 train_acc=92.23% | val_loss=0.3600 val_acc=85.46% | lr=1.000000e-05
Saved new best model to /tmp/bow_mlp_imdb_lb38l3lw.pt
Epoch 141/301 | train_loss=0.2314 train_acc=92.24% | val_loss=0.3601 val_acc=85.46% | lr=1.000000e-05
Epoch 142/301 | train_loss=0.2303 train_acc=92.27% | val_loss=0.3603 val_acc=85.46% | lr=1.000000e-05
Epoch 143/301 | train_loss=0.2293 train_acc=92.38% | val_loss=0.3600 val_acc=85.40% | lr=1.000000e-05
Epoch 144/301 | train_loss=0.2285 train_acc=92.32% | val_loss=0.3604 val_acc=85.42% | lr=1.000000e-05
Epoch 145/301 | train_loss=0.2275 train_acc=92.33% | val_loss=0.3606 val_acc=85.46% | lr=1.000000e-05
Epoch 146/301 | train_loss=0.2266 train_acc=92.38% | val_loss=0.3607 val_acc=85.40% | lr=1.000000e-05
Epoch 147/301 | train_loss=0.2257 train_acc=92.45% | val_loss=0.3607 val_acc=85.40% | lr=1.000000e-05
Validation loss has not improved for 8 epochs. Stopping training.
Test loss=0.3601 | Test accuracy=85.33%
