Loading IMDb dataset from local disk: /home/daniel/l/masteruppsats/np-reg/language/data/imdb_hf
Using device: cuda
BoW vocab size: 1562
Epoch 1/301 | train_loss=0.7023 train_acc=51.07% | val_loss=0.6833 val_acc=54.68% | lr=3.000000e-05
Saved new best model to /tmp/bow_mlp_imdb_39hyu_rb.pt
Epoch 2/301 | train_loss=0.6686 train_acc=58.89% | val_loss=0.6547 val_acc=62.54% | lr=3.000000e-05
Saved new best model to /tmp/bow_mlp_imdb_39hyu_rb.pt
Epoch 3/301 | train_loss=0.6300 train_acc=66.86% | val_loss=0.6131 val_acc=69.46% | lr=3.000000e-05
Saved new best model to /tmp/bow_mlp_imdb_39hyu_rb.pt
Epoch 4/301 | train_loss=0.5849 train_acc=73.56% | val_loss=0.5740 val_acc=76.24% | lr=3.000000e-05
Saved new best model to /tmp/bow_mlp_imdb_39hyu_rb.pt
Epoch 5/301 | train_loss=0.5456 train_acc=78.84% | val_loss=0.5411 val_acc=79.16% | lr=3.000000e-05
Saved new best model to /tmp/bow_mlp_imdb_39hyu_rb.pt
Epoch 6/301 | train_loss=0.5126 train_acc=81.66% | val_loss=0.5142 val_acc=80.72% | lr=3.000000e-05
Saved new best model to /tmp/bow_mlp_imdb_39hyu_rb.pt
Epoch 7/301 | train_loss=0.4842 train_acc=83.47% | val_loss=0.4916 val_acc=81.80% | lr=3.000000e-05
Saved new best model to /tmp/bow_mlp_imdb_39hyu_rb.pt
Epoch 8/301 | train_loss=0.4591 train_acc=84.68% | val_loss=0.4714 val_acc=82.66% | lr=3.000000e-05
Saved new best model to /tmp/bow_mlp_imdb_39hyu_rb.pt
Epoch 9/301 | train_loss=0.4366 train_acc=85.69% | val_loss=0.4541 val_acc=83.34% | lr=3.000000e-05
Saved new best model to /tmp/bow_mlp_imdb_39hyu_rb.pt
Epoch 10/301 | train_loss=0.4164 train_acc=86.38% | val_loss=0.4391 val_acc=83.74% | lr=3.000000e-05
Saved new best model to /tmp/bow_mlp_imdb_39hyu_rb.pt
Epoch 11/301 | train_loss=0.3981 train_acc=86.98% | val_loss=0.4259 val_acc=84.12% | lr=3.000000e-05
Saved new best model to /tmp/bow_mlp_imdb_39hyu_rb.pt
Epoch 12/301 | train_loss=0.3814 train_acc=87.53% | val_loss=0.4160 val_acc=84.40% | lr=3.000000e-05
Saved new best model to /tmp/bow_mlp_imdb_39hyu_rb.pt
Epoch 13/301 | train_loss=0.3663 train_acc=87.89% | val_loss=0.4053 val_acc=84.36% | lr=3.000000e-05
Epoch 14/301 | train_loss=0.3527 train_acc=88.17% | val_loss=0.3963 val_acc=84.62% | lr=3.000000e-05
Saved new best model to /tmp/bow_mlp_imdb_39hyu_rb.pt
Epoch 15/301 | train_loss=0.3401 train_acc=88.50% | val_loss=0.3884 val_acc=84.68% | lr=3.000000e-05
Saved new best model to /tmp/bow_mlp_imdb_39hyu_rb.pt
Epoch 16/301 | train_loss=0.3285 train_acc=88.81% | val_loss=0.3827 val_acc=84.72% | lr=3.000000e-05
Saved new best model to /tmp/bow_mlp_imdb_39hyu_rb.pt
Epoch 17/301 | train_loss=0.3182 train_acc=89.11% | val_loss=0.3769 val_acc=84.80% | lr=3.000000e-05
Saved new best model to /tmp/bow_mlp_imdb_39hyu_rb.pt
Epoch 18/301 | train_loss=0.3084 train_acc=89.43% | val_loss=0.3727 val_acc=84.92% | lr=3.000000e-05
Saved new best model to /tmp/bow_mlp_imdb_39hyu_rb.pt
Epoch 19/301 | train_loss=0.2995 train_acc=89.68% | val_loss=0.3689 val_acc=84.72% | lr=3.000000e-05
Epoch 20/301 | train_loss=0.2914 train_acc=89.92% | val_loss=0.3656 val_acc=84.88% | lr=3.000000e-05
Epoch 21/301 | train_loss=0.2836 train_acc=90.14% | val_loss=0.3636 val_acc=84.98% | lr=3.000000e-05
Saved new best model to /tmp/bow_mlp_imdb_39hyu_rb.pt
Epoch 22/301 | train_loss=0.2767 train_acc=90.38% | val_loss=0.3633 val_acc=84.86% | lr=3.000000e-05
Epoch 23/301 | train_loss=0.2704 train_acc=90.48% | val_loss=0.3598 val_acc=84.90% | lr=3.000000e-05
Epoch 24/301 | train_loss=0.2638 train_acc=90.81% | val_loss=0.3585 val_acc=85.14% | lr=3.000000e-05
Saved new best model to /tmp/bow_mlp_imdb_39hyu_rb.pt
Epoch 25/301 | train_loss=0.2581 train_acc=91.11% | val_loss=0.3583 val_acc=84.96% | lr=3.000000e-05
Epoch 26/301 | train_loss=0.2529 train_acc=91.22% | val_loss=0.3580 val_acc=85.02% | lr=3.000000e-05
Epoch 27/301 | train_loss=0.2479 train_acc=91.37% | val_loss=0.3571 val_acc=85.06% | lr=3.000000e-05
Epoch 28/301 | train_loss=0.2431 train_acc=91.55% | val_loss=0.3567 val_acc=85.12% | lr=3.000000e-05
Epoch 29/301 | train_loss=0.2387 train_acc=91.64% | val_loss=0.3618 val_acc=85.10% | lr=3.000000e-05
Epoch 30/301 | train_loss=0.2344 train_acc=91.82% | val_loss=0.3574 val_acc=85.14% | lr=3.000000e-05
Epoch 31/301 | train_loss=0.2307 train_acc=91.98% | val_loss=0.3585 val_acc=85.36% | lr=3.000000e-05
Saved new best model to /tmp/bow_mlp_imdb_39hyu_rb.pt
Epoch 32/301 | train_loss=0.2270 train_acc=92.11% | val_loss=0.3597 val_acc=85.32% | lr=3.000000e-05
Epoch 33/301 | train_loss=0.2232 train_acc=92.25% | val_loss=0.3601 val_acc=85.28% | lr=3.000000e-05
Epoch 34/301 | train_loss=0.2203 train_acc=92.27% | val_loss=0.3618 val_acc=85.30% | lr=3.000000e-05
Epoch 35/301 | train_loss=0.2166 train_acc=92.54% | val_loss=0.3614 val_acc=85.36% | lr=3.000000e-05
Epoch 36/301 | train_loss=0.2135 train_acc=92.65% | val_loss=0.3639 val_acc=85.34% | lr=3.000000e-05
Validation loss has not improved for 8 epochs. Stopping training.
Test loss=0.3602 | Test accuracy=85.21%
