Loading IMDb dataset from local disk: /home/daniel/l/masteruppsats/np-reg/language/data/imdb_hf
Using device: cuda
BoW vocab size: 1562
Epoch 1/301 | train_loss=0.7181 train_acc=50.34% | val_loss=0.7014 val_acc=51.72% | lr=3.000000e-05
Saved new best model to /tmp/bow_mlp_imdb_ugvwloib.pt
Epoch 2/301 | train_loss=0.6949 train_acc=52.30% | val_loss=0.6882 val_acc=53.64% | lr=3.000000e-05
Saved new best model to /tmp/bow_mlp_imdb_ugvwloib.pt
Epoch 3/301 | train_loss=0.6820 train_acc=54.30% | val_loss=0.6745 val_acc=55.44% | lr=3.000000e-05
Saved new best model to /tmp/bow_mlp_imdb_ugvwloib.pt
Epoch 4/301 | train_loss=0.6637 train_acc=57.31% | val_loss=0.6543 val_acc=58.92% | lr=3.000000e-05
Saved new best model to /tmp/bow_mlp_imdb_ugvwloib.pt
Epoch 5/301 | train_loss=0.6438 train_acc=60.51% | val_loss=0.6349 val_acc=62.04% | lr=3.000000e-05
Saved new best model to /tmp/bow_mlp_imdb_ugvwloib.pt
Epoch 6/301 | train_loss=0.6211 train_acc=63.57% | val_loss=0.6106 val_acc=65.78% | lr=3.000000e-05
Saved new best model to /tmp/bow_mlp_imdb_ugvwloib.pt
Epoch 7/301 | train_loss=0.5980 train_acc=67.88% | val_loss=0.5901 val_acc=69.62% | lr=3.000000e-05
Saved new best model to /tmp/bow_mlp_imdb_ugvwloib.pt
Epoch 8/301 | train_loss=0.5779 train_acc=70.94% | val_loss=0.5716 val_acc=72.12% | lr=3.000000e-05
Saved new best model to /tmp/bow_mlp_imdb_ugvwloib.pt
Epoch 9/301 | train_loss=0.5598 train_acc=73.66% | val_loss=0.5551 val_acc=73.92% | lr=3.000000e-05
Saved new best model to /tmp/bow_mlp_imdb_ugvwloib.pt
Epoch 10/301 | train_loss=0.5432 train_acc=75.70% | val_loss=0.5400 val_acc=76.16% | lr=3.000000e-05
Saved new best model to /tmp/bow_mlp_imdb_ugvwloib.pt
Epoch 11/301 | train_loss=0.5281 train_acc=77.48% | val_loss=0.5261 val_acc=77.98% | lr=3.000000e-05
Saved new best model to /tmp/bow_mlp_imdb_ugvwloib.pt
Epoch 12/301 | train_loss=0.5143 train_acc=78.93% | val_loss=0.5138 val_acc=78.34% | lr=3.000000e-05
Saved new best model to /tmp/bow_mlp_imdb_ugvwloib.pt
Epoch 13/301 | train_loss=0.5017 train_acc=79.90% | val_loss=0.5020 val_acc=79.88% | lr=3.000000e-05
Saved new best model to /tmp/bow_mlp_imdb_ugvwloib.pt
Epoch 14/301 | train_loss=0.4900 train_acc=80.82% | val_loss=0.4915 val_acc=80.50% | lr=3.000000e-05
Saved new best model to /tmp/bow_mlp_imdb_ugvwloib.pt
Epoch 15/301 | train_loss=0.4793 train_acc=81.38% | val_loss=0.4817 val_acc=81.28% | lr=3.000000e-05
Saved new best model to /tmp/bow_mlp_imdb_ugvwloib.pt
Epoch 16/301 | train_loss=0.4694 train_acc=82.09% | val_loss=0.4727 val_acc=81.60% | lr=3.000000e-05
Saved new best model to /tmp/bow_mlp_imdb_ugvwloib.pt
Epoch 17/301 | train_loss=0.4602 train_acc=82.58% | val_loss=0.4644 val_acc=81.92% | lr=3.000000e-05
Saved new best model to /tmp/bow_mlp_imdb_ugvwloib.pt
Epoch 18/301 | train_loss=0.4517 train_acc=82.90% | val_loss=0.4567 val_acc=82.12% | lr=3.000000e-05
Saved new best model to /tmp/bow_mlp_imdb_ugvwloib.pt
Epoch 19/301 | train_loss=0.4438 train_acc=83.25% | val_loss=0.4497 val_acc=82.52% | lr=3.000000e-05
Saved new best model to /tmp/bow_mlp_imdb_ugvwloib.pt
Epoch 20/301 | train_loss=0.4363 train_acc=83.58% | val_loss=0.4435 val_acc=82.84% | lr=3.000000e-05
Saved new best model to /tmp/bow_mlp_imdb_ugvwloib.pt
Epoch 21/301 | train_loss=0.4295 train_acc=83.71% | val_loss=0.4369 val_acc=83.20% | lr=3.000000e-05
Saved new best model to /tmp/bow_mlp_imdb_ugvwloib.pt
Epoch 22/301 | train_loss=0.4226 train_acc=84.01% | val_loss=0.4307 val_acc=83.54% | lr=3.000000e-05
Saved new best model to /tmp/bow_mlp_imdb_ugvwloib.pt
Epoch 23/301 | train_loss=0.4152 train_acc=84.28% | val_loss=0.4235 val_acc=83.92% | lr=3.000000e-05
Saved new best model to /tmp/bow_mlp_imdb_ugvwloib.pt
Epoch 24/301 | train_loss=0.4083 train_acc=84.62% | val_loss=0.4175 val_acc=83.92% | lr=3.000000e-05
Epoch 25/301 | train_loss=0.4023 train_acc=84.73% | val_loss=0.4124 val_acc=84.10% | lr=3.000000e-05
Saved new best model to /tmp/bow_mlp_imdb_ugvwloib.pt
Epoch 26/301 | train_loss=0.3968 train_acc=84.96% | val_loss=0.4077 val_acc=84.38% | lr=3.000000e-05
Saved new best model to /tmp/bow_mlp_imdb_ugvwloib.pt
Epoch 27/301 | train_loss=0.3919 train_acc=85.17% | val_loss=0.4036 val_acc=84.62% | lr=3.000000e-05
Saved new best model to /tmp/bow_mlp_imdb_ugvwloib.pt
Epoch 28/301 | train_loss=0.3873 train_acc=85.27% | val_loss=0.3996 val_acc=84.44% | lr=3.000000e-05
Epoch 29/301 | train_loss=0.3829 train_acc=85.39% | val_loss=0.3964 val_acc=84.88% | lr=3.000000e-05
Saved new best model to /tmp/bow_mlp_imdb_ugvwloib.pt
Epoch 30/301 | train_loss=0.3791 train_acc=85.50% | val_loss=0.3927 val_acc=84.86% | lr=3.000000e-05
Epoch 31/301 | train_loss=0.3753 train_acc=85.69% | val_loss=0.3897 val_acc=84.90% | lr=3.000000e-05
Saved new best model to /tmp/bow_mlp_imdb_ugvwloib.pt
Epoch 32/301 | train_loss=0.3718 train_acc=85.72% | val_loss=0.3867 val_acc=84.66% | lr=3.000000e-05
Epoch 33/301 | train_loss=0.3686 train_acc=85.90% | val_loss=0.3840 val_acc=84.68% | lr=3.000000e-05
Epoch 34/301 | train_loss=0.3655 train_acc=85.92% | val_loss=0.3814 val_acc=84.90% | lr=3.000000e-05
Epoch 35/301 | train_loss=0.3625 train_acc=85.95% | val_loss=0.3791 val_acc=84.88% | lr=3.000000e-05
Epoch 36/301 | train_loss=0.3597 train_acc=86.06% | val_loss=0.3769 val_acc=84.94% | lr=3.000000e-05
Saved new best model to /tmp/bow_mlp_imdb_ugvwloib.pt
Epoch 37/301 | train_loss=0.3571 train_acc=86.17% | val_loss=0.3750 val_acc=85.10% | lr=3.000000e-05
Saved new best model to /tmp/bow_mlp_imdb_ugvwloib.pt
Epoch 38/301 | train_loss=0.3547 train_acc=86.25% | val_loss=0.3730 val_acc=85.06% | lr=3.000000e-05
Epoch 39/301 | train_loss=0.3523 train_acc=86.45% | val_loss=0.3711 val_acc=85.06% | lr=3.000000e-05
Epoch 40/301 | train_loss=0.3500 train_acc=86.50% | val_loss=0.3695 val_acc=85.06% | lr=3.000000e-05
Epoch 41/301 | train_loss=0.3480 train_acc=86.53% | val_loss=0.3679 val_acc=85.16% | lr=3.000000e-05
Saved new best model to /tmp/bow_mlp_imdb_ugvwloib.pt
Epoch 42/301 | train_loss=0.3458 train_acc=86.58% | val_loss=0.3666 val_acc=85.22% | lr=3.000000e-05
Saved new best model to /tmp/bow_mlp_imdb_ugvwloib.pt
Epoch 43/301 | train_loss=0.3439 train_acc=86.63% | val_loss=0.3650 val_acc=85.10% | lr=3.000000e-05
Epoch 44/301 | train_loss=0.3420 train_acc=86.64% | val_loss=0.3637 val_acc=85.10% | lr=3.000000e-05
Epoch 45/301 | train_loss=0.3403 train_acc=86.72% | val_loss=0.3624 val_acc=85.16% | lr=3.000000e-05
Epoch 46/301 | train_loss=0.3386 train_acc=86.73% | val_loss=0.3613 val_acc=85.20% | lr=3.000000e-05
Epoch 47/301 | train_loss=0.3368 train_acc=86.69% | val_loss=0.3610 val_acc=85.28% | lr=3.000000e-05
Saved new best model to /tmp/bow_mlp_imdb_ugvwloib.pt
Epoch 48/301 | train_loss=0.3355 train_acc=86.83% | val_loss=0.3593 val_acc=85.22% | lr=3.000000e-05
Epoch 49/301 | train_loss=0.3339 train_acc=86.88% | val_loss=0.3582 val_acc=85.20% | lr=3.000000e-05
Epoch 50/301 | train_loss=0.3325 train_acc=86.94% | val_loss=0.3572 val_acc=85.20% | lr=3.000000e-05
Epoch 51/301 | train_loss=0.3310 train_acc=86.97% | val_loss=0.3568 val_acc=85.30% | lr=3.000000e-05
Saved new best model to /tmp/bow_mlp_imdb_ugvwloib.pt
Epoch 52/301 | train_loss=0.3298 train_acc=86.97% | val_loss=0.3556 val_acc=85.26% | lr=3.000000e-05
Epoch 53/301 | train_loss=0.3284 train_acc=87.11% | val_loss=0.3548 val_acc=85.28% | lr=3.000000e-05
Epoch 54/301 | train_loss=0.3272 train_acc=87.13% | val_loss=0.3540 val_acc=85.24% | lr=3.000000e-05
Epoch 55/301 | train_loss=0.3260 train_acc=87.16% | val_loss=0.3533 val_acc=85.22% | lr=3.000000e-05
Epoch 56/301 | train_loss=0.3248 train_acc=87.19% | val_loss=0.3526 val_acc=85.34% | lr=3.000000e-05
Saved new best model to /tmp/bow_mlp_imdb_ugvwloib.pt
Epoch 57/301 | train_loss=0.3237 train_acc=87.20% | val_loss=0.3520 val_acc=85.34% | lr=3.000000e-05
Epoch 58/301 | train_loss=0.3227 train_acc=87.24% | val_loss=0.3514 val_acc=85.34% | lr=3.000000e-05
Epoch 59/301 | train_loss=0.3217 train_acc=87.34% | val_loss=0.3509 val_acc=85.24% | lr=3.000000e-05
Epoch 60/301 | train_loss=0.3205 train_acc=87.27% | val_loss=0.3509 val_acc=85.30% | lr=3.000000e-05
Epoch 61/301 | train_loss=0.3196 train_acc=87.33% | val_loss=0.3499 val_acc=85.36% | lr=3.000000e-05
Saved new best model to /tmp/bow_mlp_imdb_ugvwloib.pt
Epoch 62/301 | train_loss=0.3186 train_acc=87.37% | val_loss=0.3494 val_acc=85.42% | lr=3.000000e-05
Saved new best model to /tmp/bow_mlp_imdb_ugvwloib.pt
Epoch 63/301 | train_loss=0.3178 train_acc=87.38% | val_loss=0.3490 val_acc=85.42% | lr=3.000000e-05
Epoch 64/301 | train_loss=0.3168 train_acc=87.46% | val_loss=0.3486 val_acc=85.36% | lr=3.000000e-05
Epoch 65/301 | train_loss=0.3161 train_acc=87.45% | val_loss=0.3482 val_acc=85.26% | lr=3.000000e-05
Epoch 66/301 | train_loss=0.3152 train_acc=87.44% | val_loss=0.3478 val_acc=85.24% | lr=3.000000e-05
Epoch 67/301 | train_loss=0.3144 train_acc=87.50% | val_loss=0.3475 val_acc=85.30% | lr=3.000000e-05
Epoch 68/301 | train_loss=0.3137 train_acc=87.47% | val_loss=0.3472 val_acc=85.32% | lr=3.000000e-05
Epoch 69/301 | train_loss=0.3128 train_acc=87.50% | val_loss=0.3470 val_acc=85.50% | lr=3.000000e-05
Saved new best model to /tmp/bow_mlp_imdb_ugvwloib.pt
Epoch 70/301 | train_loss=0.3122 train_acc=87.54% | val_loss=0.3468 val_acc=85.46% | lr=3.000000e-05
Epoch 71/301 | train_loss=0.3114 train_acc=87.52% | val_loss=0.3464 val_acc=85.42% | lr=3.000000e-05
Epoch 72/301 | train_loss=0.3107 train_acc=87.49% | val_loss=0.3462 val_acc=85.50% | lr=3.000000e-05
Epoch 73/301 | train_loss=0.3099 train_acc=87.58% | val_loss=0.3464 val_acc=85.42% | lr=3.000000e-05
Epoch 74/301 | train_loss=0.3094 train_acc=87.59% | val_loss=0.3457 val_acc=85.52% | lr=3.000000e-05
Saved new best model to /tmp/bow_mlp_imdb_ugvwloib.pt
Epoch 75/301 | train_loss=0.3089 train_acc=87.54% | val_loss=0.3456 val_acc=85.52% | lr=3.000000e-05
Epoch 76/301 | train_loss=0.3082 train_acc=87.61% | val_loss=0.3454 val_acc=85.54% | lr=3.000000e-05
Saved new best model to /tmp/bow_mlp_imdb_ugvwloib.pt
Epoch 77/301 | train_loss=0.3075 train_acc=87.64% | val_loss=0.3453 val_acc=85.54% | lr=3.000000e-05
Epoch 78/301 | train_loss=0.3070 train_acc=87.64% | val_loss=0.3452 val_acc=85.58% | lr=3.000000e-05
Saved new best model to /tmp/bow_mlp_imdb_ugvwloib.pt
Epoch 79/301 | train_loss=0.3063 train_acc=87.64% | val_loss=0.3450 val_acc=85.56% | lr=3.000000e-05
Epoch 80/301 | train_loss=0.3058 train_acc=87.71% | val_loss=0.3450 val_acc=85.54% | lr=3.000000e-05
Epoch 81/301 | train_loss=0.3053 train_acc=87.73% | val_loss=0.3448 val_acc=85.56% | lr=3.000000e-05
Epoch 82/301 | train_loss=0.3047 train_acc=87.72% | val_loss=0.3449 val_acc=85.52% | lr=3.000000e-05
Epoch 83/301 | train_loss=0.3043 train_acc=87.79% | val_loss=0.3445 val_acc=85.42% | lr=3.000000e-05
Epoch 84/301 | train_loss=0.3037 train_acc=87.78% | val_loss=0.3445 val_acc=85.50% | lr=3.000000e-05
Epoch 85/301 | train_loss=0.3033 train_acc=87.74% | val_loss=0.3444 val_acc=85.54% | lr=3.000000e-05
Epoch 86/301 | train_loss=0.3028 train_acc=87.73% | val_loss=0.3443 val_acc=85.50% | lr=3.000000e-05
Epoch 87/301 | train_loss=0.3023 train_acc=87.80% | val_loss=0.3448 val_acc=85.40% | lr=3.000000e-05
Epoch 88/301 | train_loss=0.3019 train_acc=87.83% | val_loss=0.3447 val_acc=85.40% | lr=3.000000e-05
Epoch 89/301 | train_loss=0.3015 train_acc=87.77% | val_loss=0.3443 val_acc=85.46% | lr=3.000000e-05
Epoch 90/301 | train_loss=0.3010 train_acc=87.74% | val_loss=0.3443 val_acc=85.50% | lr=3.000000e-05
Epoch 91/301 | train_loss=0.3006 train_acc=87.82% | val_loss=0.3442 val_acc=85.30% | lr=3.000000e-05
Epoch 92/301 | train_loss=0.3003 train_acc=87.83% | val_loss=0.3441 val_acc=85.32% | lr=3.000000e-05
Epoch 93/301 | train_loss=0.2999 train_acc=87.80% | val_loss=0.3442 val_acc=85.54% | lr=3.000000e-05
Epoch 94/301 | train_loss=0.2994 train_acc=87.86% | val_loss=0.3442 val_acc=85.32% | lr=3.000000e-05
Epoch 95/301 | train_loss=0.2990 train_acc=87.86% | val_loss=0.3441 val_acc=85.34% | lr=3.000000e-05
Epoch 96/301 | train_loss=0.2986 train_acc=87.80% | val_loss=0.3442 val_acc=85.32% | lr=3.000000e-05
Epoch 97/301 | train_loss=0.2983 train_acc=87.83% | val_loss=0.3443 val_acc=85.36% | lr=3.000000e-05
Epoch 98/301 | train_loss=0.2980 train_acc=87.89% | val_loss=0.3442 val_acc=85.24% | lr=3.000000e-05
Epoch 99/301 | train_loss=0.2976 train_acc=87.85% | val_loss=0.3446 val_acc=85.36% | lr=3.000000e-05
Epoch 100/301 | train_loss=0.2973 train_acc=87.86% | val_loss=0.3443 val_acc=85.30% | lr=3.000000e-05
Validation loss has not improved for 8 epochs. Stopping training.
Test loss=0.3439 | Test accuracy=85.65%
