Loading IMDb dataset from local disk: /home/daniel/l/masteruppsats/np-reg/language/data/imdb_hf
Using device: cuda
BoW vocab size: 1562
Epoch 1/301 | train_loss=65.3912 train_acc=50.03% | val_loss=1.1073 val_acc=49.88% | lr=3.000000e-05
Saved new best model to /tmp/bow_mlp_imdb_z62na79y.pt
Epoch 2/301 | train_loss=31.0004 train_acc=50.03% | val_loss=0.8009 val_acc=49.88% | lr=3.000000e-05
Epoch 3/301 | train_loss=13.0531 train_acc=49.78% | val_loss=0.7076 val_acc=49.56% | lr=3.000000e-05
Epoch 4/301 | train_loss=5.3254 train_acc=49.78% | val_loss=0.7043 val_acc=49.58% | lr=3.000000e-05
Epoch 5/301 | train_loss=2.8235 train_acc=50.42% | val_loss=0.6995 val_acc=50.64% | lr=3.000000e-05
Saved new best model to /tmp/bow_mlp_imdb_z62na79y.pt
Epoch 6/301 | train_loss=2.2623 train_acc=51.64% | val_loss=0.6928 val_acc=52.26% | lr=3.000000e-05
Saved new best model to /tmp/bow_mlp_imdb_z62na79y.pt
Epoch 7/301 | train_loss=2.1455 train_acc=53.23% | val_loss=0.6843 val_acc=53.98% | lr=3.000000e-05
Saved new best model to /tmp/bow_mlp_imdb_z62na79y.pt
Epoch 8/301 | train_loss=2.0770 train_acc=55.23% | val_loss=0.6740 val_acc=56.42% | lr=3.000000e-05
Saved new best model to /tmp/bow_mlp_imdb_z62na79y.pt
Epoch 9/301 | train_loss=2.0040 train_acc=57.74% | val_loss=0.6621 val_acc=59.22% | lr=3.000000e-05
Saved new best model to /tmp/bow_mlp_imdb_z62na79y.pt
Epoch 10/301 | train_loss=1.9263 train_acc=60.42% | val_loss=0.6492 val_acc=61.86% | lr=3.000000e-05
Saved new best model to /tmp/bow_mlp_imdb_z62na79y.pt
Epoch 11/301 | train_loss=1.8461 train_acc=63.47% | val_loss=0.6353 val_acc=66.14% | lr=3.000000e-05
Saved new best model to /tmp/bow_mlp_imdb_z62na79y.pt
Epoch 12/301 | train_loss=1.7683 train_acc=66.94% | val_loss=0.6214 val_acc=67.48% | lr=3.000000e-05
Saved new best model to /tmp/bow_mlp_imdb_z62na79y.pt
Epoch 13/301 | train_loss=1.6937 train_acc=69.39% | val_loss=0.6069 val_acc=71.48% | lr=3.000000e-05
Saved new best model to /tmp/bow_mlp_imdb_z62na79y.pt
Epoch 14/301 | train_loss=1.6243 train_acc=72.02% | val_loss=0.5935 val_acc=72.32% | lr=3.000000e-05
Saved new best model to /tmp/bow_mlp_imdb_z62na79y.pt
Epoch 15/301 | train_loss=1.5608 train_acc=74.04% | val_loss=0.5796 val_acc=76.12% | lr=3.000000e-05
Saved new best model to /tmp/bow_mlp_imdb_z62na79y.pt
Epoch 16/301 | train_loss=1.5037 train_acc=75.94% | val_loss=0.5666 val_acc=76.94% | lr=3.000000e-05
Saved new best model to /tmp/bow_mlp_imdb_z62na79y.pt
Epoch 17/301 | train_loss=1.4520 train_acc=77.35% | val_loss=0.5541 val_acc=78.22% | lr=3.000000e-05
Saved new best model to /tmp/bow_mlp_imdb_z62na79y.pt
Epoch 18/301 | train_loss=1.4040 train_acc=78.58% | val_loss=0.5423 val_acc=78.84% | lr=3.000000e-05
Saved new best model to /tmp/bow_mlp_imdb_z62na79y.pt
Epoch 19/301 | train_loss=1.3609 train_acc=79.80% | val_loss=0.5309 val_acc=80.54% | lr=3.000000e-05
Saved new best model to /tmp/bow_mlp_imdb_z62na79y.pt
Epoch 20/301 | train_loss=1.3215 train_acc=80.78% | val_loss=0.5203 val_acc=80.54% | lr=3.000000e-05
Epoch 21/301 | train_loss=1.2859 train_acc=81.39% | val_loss=0.5096 val_acc=81.92% | lr=3.000000e-05
Saved new best model to /tmp/bow_mlp_imdb_z62na79y.pt
Epoch 22/301 | train_loss=1.2529 train_acc=81.96% | val_loss=0.5003 val_acc=81.84% | lr=3.000000e-05
Epoch 23/301 | train_loss=1.2234 train_acc=82.42% | val_loss=0.4906 val_acc=82.50% | lr=3.000000e-05
Saved new best model to /tmp/bow_mlp_imdb_z62na79y.pt
Epoch 24/301 | train_loss=1.1960 train_acc=82.86% | val_loss=0.4818 val_acc=83.14% | lr=3.000000e-05
Saved new best model to /tmp/bow_mlp_imdb_z62na79y.pt
Epoch 25/301 | train_loss=1.1705 train_acc=83.14% | val_loss=0.4735 val_acc=83.44% | lr=3.000000e-05
Saved new best model to /tmp/bow_mlp_imdb_z62na79y.pt
Epoch 26/301 | train_loss=1.1471 train_acc=83.50% | val_loss=0.4658 val_acc=83.56% | lr=3.000000e-05
Saved new best model to /tmp/bow_mlp_imdb_z62na79y.pt
Epoch 27/301 | train_loss=1.1248 train_acc=83.70% | val_loss=0.4584 val_acc=83.82% | lr=3.000000e-05
Saved new best model to /tmp/bow_mlp_imdb_z62na79y.pt
Epoch 28/301 | train_loss=1.1043 train_acc=83.90% | val_loss=0.4515 val_acc=83.90% | lr=3.000000e-05
Saved new best model to /tmp/bow_mlp_imdb_z62na79y.pt
Epoch 29/301 | train_loss=1.0856 train_acc=84.25% | val_loss=0.4454 val_acc=83.92% | lr=3.000000e-05
Saved new best model to /tmp/bow_mlp_imdb_z62na79y.pt
Epoch 30/301 | train_loss=1.0676 train_acc=84.46% | val_loss=0.4390 val_acc=84.06% | lr=3.000000e-05
Saved new best model to /tmp/bow_mlp_imdb_z62na79y.pt
Epoch 31/301 | train_loss=1.0509 train_acc=84.60% | val_loss=0.4333 val_acc=84.20% | lr=3.000000e-05
Saved new best model to /tmp/bow_mlp_imdb_z62na79y.pt
Epoch 32/301 | train_loss=1.0353 train_acc=84.53% | val_loss=0.4279 val_acc=84.16% | lr=3.000000e-05
Epoch 33/301 | train_loss=1.0204 train_acc=84.78% | val_loss=0.4230 val_acc=84.24% | lr=3.000000e-05
Saved new best model to /tmp/bow_mlp_imdb_z62na79y.pt
Epoch 34/301 | train_loss=1.0066 train_acc=84.82% | val_loss=0.4181 val_acc=84.50% | lr=3.000000e-05
Saved new best model to /tmp/bow_mlp_imdb_z62na79y.pt
Epoch 35/301 | train_loss=0.9936 train_acc=84.93% | val_loss=0.4139 val_acc=84.50% | lr=3.000000e-05
Epoch 36/301 | train_loss=0.9810 train_acc=85.17% | val_loss=0.4097 val_acc=84.66% | lr=3.000000e-05
Saved new best model to /tmp/bow_mlp_imdb_z62na79y.pt
Epoch 37/301 | train_loss=0.9694 train_acc=85.19% | val_loss=0.4058 val_acc=84.60% | lr=3.000000e-05
Epoch 38/301 | train_loss=0.9583 train_acc=85.28% | val_loss=0.4022 val_acc=84.66% | lr=3.000000e-05
Epoch 39/301 | train_loss=0.9477 train_acc=85.41% | val_loss=0.3988 val_acc=84.64% | lr=3.000000e-05
Epoch 40/301 | train_loss=0.9378 train_acc=85.47% | val_loss=0.3956 val_acc=84.66% | lr=3.000000e-05
Epoch 41/301 | train_loss=0.9281 train_acc=85.63% | val_loss=0.3926 val_acc=84.66% | lr=3.000000e-05
Epoch 42/301 | train_loss=0.9189 train_acc=85.71% | val_loss=0.3899 val_acc=84.72% | lr=3.000000e-05
Saved new best model to /tmp/bow_mlp_imdb_z62na79y.pt
Epoch 43/301 | train_loss=0.9102 train_acc=85.80% | val_loss=0.3872 val_acc=84.80% | lr=3.000000e-05
Saved new best model to /tmp/bow_mlp_imdb_z62na79y.pt
Epoch 44/301 | train_loss=0.9018 train_acc=85.82% | val_loss=0.3848 val_acc=84.74% | lr=3.000000e-05
Epoch 45/301 | train_loss=0.8937 train_acc=85.94% | val_loss=0.3823 val_acc=84.56% | lr=3.000000e-05
Epoch 46/301 | train_loss=0.8860 train_acc=86.02% | val_loss=0.3802 val_acc=84.88% | lr=3.000000e-05
Saved new best model to /tmp/bow_mlp_imdb_z62na79y.pt
Epoch 47/301 | train_loss=0.8784 train_acc=86.02% | val_loss=0.3793 val_acc=85.20% | lr=3.000000e-05
Saved new best model to /tmp/bow_mlp_imdb_z62na79y.pt
Epoch 48/301 | train_loss=0.8714 train_acc=86.14% | val_loss=0.3761 val_acc=84.84% | lr=3.000000e-05
Epoch 49/301 | train_loss=0.8645 train_acc=86.17% | val_loss=0.3743 val_acc=84.94% | lr=3.000000e-05
Epoch 50/301 | train_loss=0.8581 train_acc=86.28% | val_loss=0.3725 val_acc=85.00% | lr=3.000000e-05
Epoch 51/301 | train_loss=0.8518 train_acc=86.26% | val_loss=0.3713 val_acc=85.00% | lr=3.000000e-05
Epoch 52/301 | train_loss=0.8455 train_acc=86.35% | val_loss=0.3693 val_acc=84.86% | lr=3.000000e-05
Epoch 53/301 | train_loss=0.8398 train_acc=86.42% | val_loss=0.3678 val_acc=84.86% | lr=3.000000e-05
Epoch 54/301 | train_loss=0.8341 train_acc=86.41% | val_loss=0.3666 val_acc=84.98% | lr=3.000000e-05
Epoch 55/301 | train_loss=0.8284 train_acc=86.42% | val_loss=0.3651 val_acc=84.86% | lr=3.000000e-05
Epoch 56/301 | train_loss=0.8231 train_acc=86.45% | val_loss=0.3639 val_acc=84.94% | lr=3.000000e-05
Epoch 57/301 | train_loss=0.8183 train_acc=86.59% | val_loss=0.3627 val_acc=85.00% | lr=3.000000e-05
Epoch 58/301 | train_loss=0.8130 train_acc=86.54% | val_loss=0.3616 val_acc=84.92% | lr=3.000000e-05
Epoch 59/301 | train_loss=0.8082 train_acc=86.67% | val_loss=0.3606 val_acc=84.96% | lr=3.000000e-05
Epoch 60/301 | train_loss=0.8031 train_acc=86.80% | val_loss=0.3605 val_acc=85.16% | lr=3.000000e-05
Epoch 61/301 | train_loss=0.7987 train_acc=86.76% | val_loss=0.3587 val_acc=84.96% | lr=3.000000e-05
Epoch 62/301 | train_loss=0.7941 train_acc=86.89% | val_loss=0.3578 val_acc=85.00% | lr=3.000000e-05
Epoch 63/301 | train_loss=0.7899 train_acc=86.84% | val_loss=0.3569 val_acc=84.92% | lr=3.000000e-05
Epoch 64/301 | train_loss=0.7858 train_acc=86.88% | val_loss=0.3561 val_acc=85.04% | lr=3.000000e-05
Epoch 65/301 | train_loss=0.7817 train_acc=86.97% | val_loss=0.3555 val_acc=84.98% | lr=3.000000e-05
Epoch 66/301 | train_loss=0.7777 train_acc=86.95% | val_loss=0.3547 val_acc=84.98% | lr=3.000000e-05
Epoch 67/301 | train_loss=0.7740 train_acc=86.95% | val_loss=0.3541 val_acc=85.04% | lr=3.000000e-05
Epoch 68/301 | train_loss=0.7700 train_acc=87.06% | val_loss=0.3534 val_acc=85.06% | lr=3.000000e-05
Epoch 69/301 | train_loss=0.7664 train_acc=87.11% | val_loss=0.3533 val_acc=85.18% | lr=3.000000e-05
Epoch 70/301 | train_loss=0.7628 train_acc=87.14% | val_loss=0.3525 val_acc=85.16% | lr=3.000000e-05
Epoch 71/301 | train_loss=0.7593 train_acc=87.09% | val_loss=0.3518 val_acc=85.26% | lr=3.000000e-05
Saved new best model to /tmp/bow_mlp_imdb_z62na79y.pt
Epoch 72/301 | train_loss=0.7560 train_acc=87.20% | val_loss=0.3514 val_acc=85.24% | lr=3.000000e-05
Epoch 73/301 | train_loss=0.7527 train_acc=87.13% | val_loss=0.3510 val_acc=85.22% | lr=3.000000e-05
Epoch 74/301 | train_loss=0.7497 train_acc=87.17% | val_loss=0.3507 val_acc=85.26% | lr=3.000000e-05
Epoch 75/301 | train_loss=0.7464 train_acc=87.22% | val_loss=0.3500 val_acc=85.24% | lr=3.000000e-05
Epoch 76/301 | train_loss=0.7435 train_acc=87.31% | val_loss=0.3498 val_acc=85.22% | lr=3.000000e-05
Epoch 77/301 | train_loss=0.7404 train_acc=87.27% | val_loss=0.3494 val_acc=85.26% | lr=3.000000e-05
Epoch 78/301 | train_loss=0.7376 train_acc=87.33% | val_loss=0.3490 val_acc=85.24% | lr=3.000000e-05
Epoch 79/301 | train_loss=0.7344 train_acc=87.39% | val_loss=0.3486 val_acc=85.30% | lr=3.000000e-05
Saved new best model to /tmp/bow_mlp_imdb_z62na79y.pt
Epoch 80/301 | train_loss=0.7318 train_acc=87.44% | val_loss=0.3484 val_acc=85.30% | lr=3.000000e-05
Epoch 81/301 | train_loss=0.7290 train_acc=87.48% | val_loss=0.3483 val_acc=85.32% | lr=3.000000e-05
Saved new best model to /tmp/bow_mlp_imdb_z62na79y.pt
Epoch 82/301 | train_loss=0.7263 train_acc=87.42% | val_loss=0.3482 val_acc=85.40% | lr=3.000000e-05
Saved new best model to /tmp/bow_mlp_imdb_z62na79y.pt
Epoch 83/301 | train_loss=0.7237 train_acc=87.42% | val_loss=0.3476 val_acc=85.40% | lr=3.000000e-05
Epoch 84/301 | train_loss=0.7211 train_acc=87.50% | val_loss=0.3476 val_acc=85.32% | lr=3.000000e-05
Epoch 85/301 | train_loss=0.7185 train_acc=87.51% | val_loss=0.3472 val_acc=85.48% | lr=3.000000e-05
Saved new best model to /tmp/bow_mlp_imdb_z62na79y.pt
Epoch 86/301 | train_loss=0.7160 train_acc=87.57% | val_loss=0.3475 val_acc=85.56% | lr=3.000000e-05
Saved new best model to /tmp/bow_mlp_imdb_z62na79y.pt
Epoch 87/301 | train_loss=0.7135 train_acc=87.55% | val_loss=0.3478 val_acc=85.52% | lr=3.000000e-05
Epoch 88/301 | train_loss=0.7111 train_acc=87.63% | val_loss=0.3469 val_acc=85.44% | lr=3.000000e-05
Epoch 89/301 | train_loss=0.7089 train_acc=87.58% | val_loss=0.3470 val_acc=85.58% | lr=3.000000e-05
Saved new best model to /tmp/bow_mlp_imdb_z62na79y.pt
Epoch 90/301 | train_loss=0.7065 train_acc=87.60% | val_loss=0.3470 val_acc=85.54% | lr=3.000000e-05
Epoch 91/301 | train_loss=0.7043 train_acc=87.77% | val_loss=0.3463 val_acc=85.46% | lr=3.000000e-05
Epoch 92/301 | train_loss=0.7020 train_acc=87.74% | val_loss=0.3466 val_acc=85.48% | lr=3.000000e-05
Epoch 93/301 | train_loss=0.7000 train_acc=87.74% | val_loss=0.3464 val_acc=85.48% | lr=3.000000e-05
Epoch 94/301 | train_loss=0.6976 train_acc=87.71% | val_loss=0.3461 val_acc=85.48% | lr=3.000000e-05
Epoch 95/301 | train_loss=0.6957 train_acc=87.77% | val_loss=0.3460 val_acc=85.50% | lr=3.000000e-05
Epoch 96/301 | train_loss=0.6935 train_acc=87.78% | val_loss=0.3460 val_acc=85.56% | lr=3.000000e-05
Epoch 97/301 | train_loss=0.6914 train_acc=87.78% | val_loss=0.3462 val_acc=85.50% | lr=3.000000e-05
Epoch 98/301 | train_loss=0.6894 train_acc=87.84% | val_loss=0.3460 val_acc=85.54% | lr=3.000000e-05
Epoch 99/301 | train_loss=0.6875 train_acc=87.80% | val_loss=0.3460 val_acc=85.48% | lr=3.000000e-05
Epoch 100/301 | train_loss=0.6856 train_acc=87.80% | val_loss=0.3459 val_acc=85.52% | lr=3.000000e-05
Epoch 101/301 | train_loss=0.6834 train_acc=87.76% | val_loss=0.3461 val_acc=85.50% | lr=3.000000e-05
Epoch 102/301 | train_loss=0.6817 train_acc=87.84% | val_loss=0.3459 val_acc=85.44% | lr=3.000000e-05
Epoch 103/301 | train_loss=0.6798 train_acc=87.84% | val_loss=0.3467 val_acc=85.62% | lr=3.000000e-05
Saved new best model to /tmp/bow_mlp_imdb_z62na79y.pt
Epoch 104/301 | train_loss=0.6780 train_acc=87.86% | val_loss=0.3464 val_acc=85.62% | lr=3.000000e-05
Epoch 105/301 | train_loss=0.6762 train_acc=87.89% | val_loss=0.3464 val_acc=85.50% | lr=3.000000e-05
Epoch 106/301 | train_loss=0.6741 train_acc=87.84% | val_loss=0.3465 val_acc=85.62% | lr=3.000000e-05
Epoch 107/301 | train_loss=0.6727 train_acc=87.87% | val_loss=0.3461 val_acc=85.54% | lr=3.000000e-05
Epoch 108/301 | train_loss=0.6708 train_acc=87.87% | val_loss=0.3462 val_acc=85.52% | lr=3.000000e-05
Epoch 109/301 | train_loss=0.6690 train_acc=87.84% | val_loss=0.3471 val_acc=85.58% | lr=3.000000e-05
Epoch 110/301 | train_loss=0.6673 train_acc=87.90% | val_loss=0.3468 val_acc=85.48% | lr=3.000000e-05
Validation loss has not improved for 8 epochs. Stopping training.
Test loss=0.3415 | Test accuracy=85.87%
