Loading IMDb dataset from local disk: /home/daniel/l/masteruppsats/np-reg/language/data/imdb_hf
Using device: cuda
BoW vocab size: 1562
Epoch 1/301 | train_loss=81.7502 train_acc=50.03% | val_loss=0.9026 val_acc=49.88% | lr=3.000000e-05
Saved new best model to /tmp/bow_mlp_imdb_7rmpowup.pt
Epoch 2/301 | train_loss=67.5308 train_acc=50.03% | val_loss=1.0533 val_acc=49.88% | lr=3.000000e-05
Epoch 3/301 | train_loss=55.2509 train_acc=50.03% | val_loss=1.1253 val_acc=49.88% | lr=3.000000e-05
Epoch 4/301 | train_loss=44.9168 train_acc=50.03% | val_loss=1.1254 val_acc=49.88% | lr=3.000000e-05
Epoch 5/301 | train_loss=36.2063 train_acc=50.03% | val_loss=1.0646 val_acc=49.88% | lr=3.000000e-05
Epoch 6/301 | train_loss=28.8656 train_acc=50.03% | val_loss=0.9646 val_acc=49.88% | lr=3.000000e-05
Epoch 7/301 | train_loss=22.7721 train_acc=50.03% | val_loss=0.8530 val_acc=49.88% | lr=3.000000e-05
Epoch 8/301 | train_loss=17.7834 train_acc=50.03% | val_loss=0.7655 val_acc=49.88% | lr=3.000000e-05
Epoch 9/301 | train_loss=13.7892 train_acc=50.04% | val_loss=0.7235 val_acc=49.84% | lr=3.000000e-05
Epoch 10/301 | train_loss=10.6550 train_acc=49.96% | val_loss=0.7107 val_acc=49.90% | lr=3.000000e-05
Saved new best model to /tmp/bow_mlp_imdb_7rmpowup.pt
Epoch 11/301 | train_loss=8.2419 train_acc=49.84% | val_loss=0.7077 val_acc=49.42% | lr=3.000000e-05
Epoch 12/301 | train_loss=6.4176 train_acc=49.77% | val_loss=0.7065 val_acc=49.70% | lr=3.000000e-05
Epoch 13/301 | train_loss=5.0695 train_acc=49.84% | val_loss=0.7056 val_acc=49.70% | lr=3.000000e-05
Epoch 14/301 | train_loss=4.0976 train_acc=50.02% | val_loss=0.7046 val_acc=49.94% | lr=3.000000e-05
Saved new best model to /tmp/bow_mlp_imdb_7rmpowup.pt
Epoch 15/301 | train_loss=3.4173 train_acc=50.20% | val_loss=0.7033 val_acc=49.90% | lr=3.000000e-05
Epoch 16/301 | train_loss=2.9592 train_acc=50.47% | val_loss=0.7021 val_acc=50.36% | lr=3.000000e-05
Saved new best model to /tmp/bow_mlp_imdb_7rmpowup.pt
Epoch 17/301 | train_loss=2.6583 train_acc=50.72% | val_loss=0.7005 val_acc=50.62% | lr=3.000000e-05
Saved new best model to /tmp/bow_mlp_imdb_7rmpowup.pt
Epoch 18/301 | train_loss=2.4665 train_acc=51.02% | val_loss=0.6990 val_acc=50.94% | lr=3.000000e-05
Saved new best model to /tmp/bow_mlp_imdb_7rmpowup.pt
Epoch 19/301 | train_loss=2.3475 train_acc=51.39% | val_loss=0.6972 val_acc=51.46% | lr=3.000000e-05
Saved new best model to /tmp/bow_mlp_imdb_7rmpowup.pt
Epoch 20/301 | train_loss=2.2747 train_acc=51.75% | val_loss=0.6953 val_acc=51.88% | lr=3.000000e-05
Saved new best model to /tmp/bow_mlp_imdb_7rmpowup.pt
Epoch 21/301 | train_loss=2.2291 train_acc=52.18% | val_loss=0.6931 val_acc=52.24% | lr=3.000000e-05
Saved new best model to /tmp/bow_mlp_imdb_7rmpowup.pt
Epoch 22/301 | train_loss=2.1984 train_acc=52.65% | val_loss=0.6912 val_acc=52.64% | lr=3.000000e-05
Saved new best model to /tmp/bow_mlp_imdb_7rmpowup.pt
Epoch 23/301 | train_loss=2.1753 train_acc=53.10% | val_loss=0.6886 val_acc=53.12% | lr=3.000000e-05
Saved new best model to /tmp/bow_mlp_imdb_7rmpowup.pt
Epoch 24/301 | train_loss=2.1556 train_acc=53.76% | val_loss=0.6859 val_acc=53.86% | lr=3.000000e-05
Saved new best model to /tmp/bow_mlp_imdb_7rmpowup.pt
Epoch 25/301 | train_loss=2.1368 train_acc=54.20% | val_loss=0.6832 val_acc=54.20% | lr=3.000000e-05
Saved new best model to /tmp/bow_mlp_imdb_7rmpowup.pt
Epoch 26/301 | train_loss=2.1182 train_acc=54.88% | val_loss=0.6803 val_acc=54.96% | lr=3.000000e-05
Saved new best model to /tmp/bow_mlp_imdb_7rmpowup.pt
Epoch 27/301 | train_loss=2.0992 train_acc=55.65% | val_loss=0.6774 val_acc=55.58% | lr=3.000000e-05
Saved new best model to /tmp/bow_mlp_imdb_7rmpowup.pt
Epoch 28/301 | train_loss=2.0797 train_acc=56.23% | val_loss=0.6740 val_acc=56.18% | lr=3.000000e-05
Saved new best model to /tmp/bow_mlp_imdb_7rmpowup.pt
Epoch 29/301 | train_loss=2.0594 train_acc=56.97% | val_loss=0.6708 val_acc=56.96% | lr=3.000000e-05
Saved new best model to /tmp/bow_mlp_imdb_7rmpowup.pt
Epoch 30/301 | train_loss=2.0386 train_acc=57.72% | val_loss=0.6673 val_acc=57.52% | lr=3.000000e-05
Saved new best model to /tmp/bow_mlp_imdb_7rmpowup.pt
Epoch 31/301 | train_loss=2.0170 train_acc=58.56% | val_loss=0.6636 val_acc=58.24% | lr=3.000000e-05
Saved new best model to /tmp/bow_mlp_imdb_7rmpowup.pt
Epoch 32/301 | train_loss=1.9948 train_acc=59.20% | val_loss=0.6596 val_acc=60.02% | lr=3.000000e-05
Saved new best model to /tmp/bow_mlp_imdb_7rmpowup.pt
Epoch 33/301 | train_loss=1.9724 train_acc=60.35% | val_loss=0.6557 val_acc=60.28% | lr=3.000000e-05
Saved new best model to /tmp/bow_mlp_imdb_7rmpowup.pt
Epoch 34/301 | train_loss=1.9494 train_acc=60.98% | val_loss=0.6515 val_acc=62.16% | lr=3.000000e-05
Saved new best model to /tmp/bow_mlp_imdb_7rmpowup.pt
Epoch 35/301 | train_loss=1.9258 train_acc=61.97% | val_loss=0.6472 val_acc=63.44% | lr=3.000000e-05
Saved new best model to /tmp/bow_mlp_imdb_7rmpowup.pt
Epoch 36/301 | train_loss=1.9021 train_acc=62.97% | val_loss=0.6428 val_acc=63.96% | lr=3.000000e-05
Saved new best model to /tmp/bow_mlp_imdb_7rmpowup.pt
Epoch 37/301 | train_loss=1.8779 train_acc=63.98% | val_loss=0.6382 val_acc=64.84% | lr=3.000000e-05
Saved new best model to /tmp/bow_mlp_imdb_7rmpowup.pt
Epoch 38/301 | train_loss=1.8536 train_acc=65.24% | val_loss=0.6336 val_acc=66.44% | lr=3.000000e-05
Saved new best model to /tmp/bow_mlp_imdb_7rmpowup.pt
Epoch 39/301 | train_loss=1.8292 train_acc=66.44% | val_loss=0.6288 val_acc=67.42% | lr=3.000000e-05
Saved new best model to /tmp/bow_mlp_imdb_7rmpowup.pt
Epoch 40/301 | train_loss=1.8042 train_acc=67.45% | val_loss=0.6240 val_acc=68.54% | lr=3.000000e-05
Saved new best model to /tmp/bow_mlp_imdb_7rmpowup.pt
Epoch 41/301 | train_loss=1.7797 train_acc=68.47% | val_loss=0.6190 val_acc=69.12% | lr=3.000000e-05
Saved new best model to /tmp/bow_mlp_imdb_7rmpowup.pt
Epoch 42/301 | train_loss=1.7549 train_acc=69.46% | val_loss=0.6140 val_acc=70.32% | lr=3.000000e-05
Saved new best model to /tmp/bow_mlp_imdb_7rmpowup.pt
Epoch 43/301 | train_loss=1.7302 train_acc=70.30% | val_loss=0.6089 val_acc=70.98% | lr=3.000000e-05
Saved new best model to /tmp/bow_mlp_imdb_7rmpowup.pt
Epoch 44/301 | train_loss=1.7058 train_acc=71.20% | val_loss=0.6037 val_acc=72.02% | lr=3.000000e-05
Saved new best model to /tmp/bow_mlp_imdb_7rmpowup.pt
Epoch 45/301 | train_loss=1.6816 train_acc=72.02% | val_loss=0.5985 val_acc=73.64% | lr=3.000000e-05
Saved new best model to /tmp/bow_mlp_imdb_7rmpowup.pt
Epoch 46/301 | train_loss=1.6575 train_acc=73.16% | val_loss=0.5933 val_acc=74.04% | lr=3.000000e-05
Saved new best model to /tmp/bow_mlp_imdb_7rmpowup.pt
Epoch 47/301 | train_loss=1.6337 train_acc=74.08% | val_loss=0.5883 val_acc=74.06% | lr=3.000000e-05
Saved new best model to /tmp/bow_mlp_imdb_7rmpowup.pt
Epoch 48/301 | train_loss=1.6102 train_acc=74.42% | val_loss=0.5828 val_acc=75.22% | lr=3.000000e-05
Saved new best model to /tmp/bow_mlp_imdb_7rmpowup.pt
Epoch 49/301 | train_loss=1.5872 train_acc=75.54% | val_loss=0.5777 val_acc=75.28% | lr=3.000000e-05
Saved new best model to /tmp/bow_mlp_imdb_7rmpowup.pt
Epoch 50/301 | train_loss=1.5648 train_acc=75.98% | val_loss=0.5723 val_acc=76.78% | lr=3.000000e-05
Saved new best model to /tmp/bow_mlp_imdb_7rmpowup.pt
Epoch 51/301 | train_loss=1.5424 train_acc=76.97% | val_loss=0.5672 val_acc=76.56% | lr=3.000000e-05
Epoch 52/301 | train_loss=1.5209 train_acc=77.44% | val_loss=0.5619 val_acc=77.96% | lr=3.000000e-05
Saved new best model to /tmp/bow_mlp_imdb_7rmpowup.pt
Epoch 53/301 | train_loss=1.4995 train_acc=78.22% | val_loss=0.5567 val_acc=78.20% | lr=3.000000e-05
Saved new best model to /tmp/bow_mlp_imdb_7rmpowup.pt
Epoch 54/301 | train_loss=1.4789 train_acc=78.64% | val_loss=0.5516 val_acc=78.66% | lr=3.000000e-05
Saved new best model to /tmp/bow_mlp_imdb_7rmpowup.pt
Epoch 55/301 | train_loss=1.4586 train_acc=79.05% | val_loss=0.5465 val_acc=79.32% | lr=3.000000e-05
Saved new best model to /tmp/bow_mlp_imdb_7rmpowup.pt
Epoch 56/301 | train_loss=1.4390 train_acc=79.48% | val_loss=0.5415 val_acc=79.64% | lr=3.000000e-05
Saved new best model to /tmp/bow_mlp_imdb_7rmpowup.pt
Epoch 57/301 | train_loss=1.4199 train_acc=79.87% | val_loss=0.5364 val_acc=80.34% | lr=3.000000e-05
Saved new best model to /tmp/bow_mlp_imdb_7rmpowup.pt
Epoch 58/301 | train_loss=1.4011 train_acc=80.34% | val_loss=0.5316 val_acc=80.58% | lr=3.000000e-05
Saved new best model to /tmp/bow_mlp_imdb_7rmpowup.pt
Epoch 59/301 | train_loss=1.3832 train_acc=80.78% | val_loss=0.5267 val_acc=81.06% | lr=3.000000e-05
Saved new best model to /tmp/bow_mlp_imdb_7rmpowup.pt
Epoch 60/301 | train_loss=1.3658 train_acc=81.17% | val_loss=0.5221 val_acc=81.06% | lr=3.000000e-05
Epoch 61/301 | train_loss=1.3488 train_acc=81.50% | val_loss=0.5172 val_acc=81.78% | lr=3.000000e-05
Saved new best model to /tmp/bow_mlp_imdb_7rmpowup.pt
Epoch 62/301 | train_loss=1.3325 train_acc=81.84% | val_loss=0.5126 val_acc=82.08% | lr=3.000000e-05
Saved new best model to /tmp/bow_mlp_imdb_7rmpowup.pt
Epoch 63/301 | train_loss=1.3165 train_acc=82.06% | val_loss=0.5081 val_acc=82.26% | lr=3.000000e-05
Saved new best model to /tmp/bow_mlp_imdb_7rmpowup.pt
Epoch 64/301 | train_loss=1.3011 train_acc=82.36% | val_loss=0.5038 val_acc=82.34% | lr=3.000000e-05
Saved new best model to /tmp/bow_mlp_imdb_7rmpowup.pt
Epoch 65/301 | train_loss=1.2864 train_acc=82.43% | val_loss=0.4994 val_acc=82.54% | lr=3.000000e-05
Saved new best model to /tmp/bow_mlp_imdb_7rmpowup.pt
Epoch 66/301 | train_loss=1.2721 train_acc=82.69% | val_loss=0.4951 val_acc=82.74% | lr=3.000000e-05
Saved new best model to /tmp/bow_mlp_imdb_7rmpowup.pt
Epoch 67/301 | train_loss=1.2582 train_acc=82.88% | val_loss=0.4910 val_acc=82.94% | lr=3.000000e-05
Saved new best model to /tmp/bow_mlp_imdb_7rmpowup.pt
Epoch 68/301 | train_loss=1.2447 train_acc=83.08% | val_loss=0.4869 val_acc=83.10% | lr=3.000000e-05
Saved new best model to /tmp/bow_mlp_imdb_7rmpowup.pt
Epoch 69/301 | train_loss=1.2317 train_acc=83.28% | val_loss=0.4831 val_acc=82.96% | lr=3.000000e-05
Epoch 70/301 | train_loss=1.2192 train_acc=83.42% | val_loss=0.4794 val_acc=83.04% | lr=3.000000e-05
Epoch 71/301 | train_loss=1.2073 train_acc=83.43% | val_loss=0.4753 val_acc=83.36% | lr=3.000000e-05
Saved new best model to /tmp/bow_mlp_imdb_7rmpowup.pt
Epoch 72/301 | train_loss=1.1955 train_acc=83.71% | val_loss=0.4716 val_acc=83.42% | lr=3.000000e-05
Saved new best model to /tmp/bow_mlp_imdb_7rmpowup.pt
Epoch 73/301 | train_loss=1.1843 train_acc=83.65% | val_loss=0.4682 val_acc=83.56% | lr=3.000000e-05
Saved new best model to /tmp/bow_mlp_imdb_7rmpowup.pt
Epoch 74/301 | train_loss=1.1734 train_acc=83.87% | val_loss=0.4645 val_acc=83.64% | lr=3.000000e-05
Saved new best model to /tmp/bow_mlp_imdb_7rmpowup.pt
Epoch 75/301 | train_loss=1.1627 train_acc=84.01% | val_loss=0.4610 val_acc=83.74% | lr=3.000000e-05
Saved new best model to /tmp/bow_mlp_imdb_7rmpowup.pt
Epoch 76/301 | train_loss=1.1526 train_acc=84.08% | val_loss=0.4578 val_acc=83.78% | lr=3.000000e-05
Saved new best model to /tmp/bow_mlp_imdb_7rmpowup.pt
Epoch 77/301 | train_loss=1.1426 train_acc=84.12% | val_loss=0.4546 val_acc=83.74% | lr=3.000000e-05
Epoch 78/301 | train_loss=1.1329 train_acc=84.25% | val_loss=0.4512 val_acc=84.08% | lr=3.000000e-05
Saved new best model to /tmp/bow_mlp_imdb_7rmpowup.pt
Epoch 79/301 | train_loss=1.1236 train_acc=84.34% | val_loss=0.4483 val_acc=84.02% | lr=3.000000e-05
Epoch 80/301 | train_loss=1.1145 train_acc=84.41% | val_loss=0.4453 val_acc=84.08% | lr=3.000000e-05
Epoch 81/301 | train_loss=1.1057 train_acc=84.54% | val_loss=0.4423 val_acc=84.40% | lr=3.000000e-05
Saved new best model to /tmp/bow_mlp_imdb_7rmpowup.pt
Epoch 82/301 | train_loss=1.0971 train_acc=84.56% | val_loss=0.4395 val_acc=84.34% | lr=3.000000e-05
Epoch 83/301 | train_loss=1.0889 train_acc=84.58% | val_loss=0.4367 val_acc=84.38% | lr=3.000000e-05
Epoch 84/301 | train_loss=1.0809 train_acc=84.74% | val_loss=0.4341 val_acc=84.40% | lr=3.000000e-05
Epoch 85/301 | train_loss=1.0731 train_acc=84.80% | val_loss=0.4315 val_acc=84.34% | lr=3.000000e-05
Epoch 86/301 | train_loss=1.0658 train_acc=84.82% | val_loss=0.4290 val_acc=84.42% | lr=3.000000e-05
Saved new best model to /tmp/bow_mlp_imdb_7rmpowup.pt
Epoch 87/301 | train_loss=1.0580 train_acc=84.89% | val_loss=0.4269 val_acc=84.48% | lr=3.000000e-05
Saved new best model to /tmp/bow_mlp_imdb_7rmpowup.pt
Epoch 88/301 | train_loss=1.0511 train_acc=84.98% | val_loss=0.4246 val_acc=84.52% | lr=3.000000e-05
Saved new best model to /tmp/bow_mlp_imdb_7rmpowup.pt
Epoch 89/301 | train_loss=1.0441 train_acc=84.97% | val_loss=0.4219 val_acc=84.56% | lr=3.000000e-05
Saved new best model to /tmp/bow_mlp_imdb_7rmpowup.pt
Epoch 90/301 | train_loss=1.0372 train_acc=84.96% | val_loss=0.4196 val_acc=84.54% | lr=3.000000e-05
Epoch 91/301 | train_loss=1.0306 train_acc=85.14% | val_loss=0.4175 val_acc=84.46% | lr=3.000000e-05
Epoch 92/301 | train_loss=1.0244 train_acc=85.14% | val_loss=0.4154 val_acc=84.64% | lr=3.000000e-05
Saved new best model to /tmp/bow_mlp_imdb_7rmpowup.pt
Epoch 93/301 | train_loss=1.0179 train_acc=85.17% | val_loss=0.4134 val_acc=84.60% | lr=3.000000e-05
Epoch 94/301 | train_loss=1.0118 train_acc=85.32% | val_loss=0.4113 val_acc=84.58% | lr=3.000000e-05
Epoch 95/301 | train_loss=1.0059 train_acc=85.34% | val_loss=0.4095 val_acc=84.66% | lr=3.000000e-05
Saved new best model to /tmp/bow_mlp_imdb_7rmpowup.pt
Epoch 96/301 | train_loss=1.0000 train_acc=85.40% | val_loss=0.4075 val_acc=84.62% | lr=3.000000e-05
Epoch 97/301 | train_loss=0.9944 train_acc=85.40% | val_loss=0.4057 val_acc=84.66% | lr=3.000000e-05
Epoch 98/301 | train_loss=0.9887 train_acc=85.43% | val_loss=0.4039 val_acc=84.68% | lr=3.000000e-05
Saved new best model to /tmp/bow_mlp_imdb_7rmpowup.pt
Epoch 99/301 | train_loss=0.9831 train_acc=85.52% | val_loss=0.4023 val_acc=84.84% | lr=3.000000e-05
Saved new best model to /tmp/bow_mlp_imdb_7rmpowup.pt
Epoch 100/301 | train_loss=0.9779 train_acc=85.42% | val_loss=0.4005 val_acc=84.64% | lr=3.000000e-05
Epoch 101/301 | train_loss=0.9728 train_acc=85.59% | val_loss=0.3989 val_acc=84.70% | lr=3.000000e-05
Epoch 102/301 | train_loss=0.9678 train_acc=85.62% | val_loss=0.3974 val_acc=84.70% | lr=3.000000e-05
Epoch 103/301 | train_loss=0.9630 train_acc=85.62% | val_loss=0.3960 val_acc=84.86% | lr=3.000000e-05
Saved new best model to /tmp/bow_mlp_imdb_7rmpowup.pt
Epoch 104/301 | train_loss=0.9579 train_acc=85.70% | val_loss=0.3945 val_acc=84.84% | lr=3.000000e-05
Epoch 105/301 | train_loss=0.9530 train_acc=85.80% | val_loss=0.3930 val_acc=84.62% | lr=3.000000e-05
Epoch 106/301 | train_loss=0.9483 train_acc=85.70% | val_loss=0.3918 val_acc=84.90% | lr=3.000000e-05
Saved new best model to /tmp/bow_mlp_imdb_7rmpowup.pt
Epoch 107/301 | train_loss=0.9441 train_acc=85.82% | val_loss=0.3902 val_acc=84.78% | lr=3.000000e-05
Epoch 108/301 | train_loss=0.9395 train_acc=85.86% | val_loss=0.3888 val_acc=84.76% | lr=3.000000e-05
Epoch 109/301 | train_loss=0.9350 train_acc=85.96% | val_loss=0.3878 val_acc=84.90% | lr=3.000000e-05
Epoch 110/301 | train_loss=0.9307 train_acc=85.98% | val_loss=0.3863 val_acc=84.60% | lr=3.000000e-05
Epoch 111/301 | train_loss=0.9265 train_acc=85.95% | val_loss=0.3852 val_acc=84.98% | lr=3.000000e-05
Saved new best model to /tmp/bow_mlp_imdb_7rmpowup.pt
Epoch 112/301 | train_loss=0.9224 train_acc=86.05% | val_loss=0.3839 val_acc=84.68% | lr=3.000000e-05
Epoch 113/301 | train_loss=0.9183 train_acc=86.04% | val_loss=0.3828 val_acc=84.64% | lr=3.000000e-05
Epoch 114/301 | train_loss=0.9142 train_acc=86.08% | val_loss=0.3816 val_acc=84.72% | lr=3.000000e-05
Epoch 115/301 | train_loss=0.9102 train_acc=86.15% | val_loss=0.3808 val_acc=85.00% | lr=3.000000e-05
Saved new best model to /tmp/bow_mlp_imdb_7rmpowup.pt
Epoch 116/301 | train_loss=0.9066 train_acc=86.16% | val_loss=0.3795 val_acc=84.80% | lr=3.000000e-05
Epoch 117/301 | train_loss=0.9026 train_acc=86.20% | val_loss=0.3785 val_acc=84.90% | lr=3.000000e-05
Epoch 118/301 | train_loss=0.8989 train_acc=86.31% | val_loss=0.3777 val_acc=85.06% | lr=3.000000e-05
Saved new best model to /tmp/bow_mlp_imdb_7rmpowup.pt
Epoch 119/301 | train_loss=0.8951 train_acc=86.30% | val_loss=0.3765 val_acc=84.90% | lr=3.000000e-05
Epoch 120/301 | train_loss=0.8915 train_acc=86.28% | val_loss=0.3760 val_acc=85.04% | lr=3.000000e-05
Epoch 121/301 | train_loss=0.8881 train_acc=86.34% | val_loss=0.3748 val_acc=85.08% | lr=3.000000e-05
Saved new best model to /tmp/bow_mlp_imdb_7rmpowup.pt
Epoch 122/301 | train_loss=0.8845 train_acc=86.39% | val_loss=0.3738 val_acc=84.84% | lr=3.000000e-05
Epoch 123/301 | train_loss=0.8812 train_acc=86.36% | val_loss=0.3730 val_acc=84.80% | lr=3.000000e-05
Epoch 124/301 | train_loss=0.8777 train_acc=86.38% | val_loss=0.3721 val_acc=84.78% | lr=3.000000e-05
Epoch 125/301 | train_loss=0.8742 train_acc=86.35% | val_loss=0.3713 val_acc=84.90% | lr=3.000000e-05
Epoch 126/301 | train_loss=0.8709 train_acc=86.39% | val_loss=0.3705 val_acc=84.78% | lr=3.000000e-05
Epoch 127/301 | train_loss=0.8677 train_acc=86.44% | val_loss=0.3700 val_acc=85.12% | lr=3.000000e-05
Saved new best model to /tmp/bow_mlp_imdb_7rmpowup.pt
Epoch 128/301 | train_loss=0.8646 train_acc=86.46% | val_loss=0.3690 val_acc=84.90% | lr=3.000000e-05
Epoch 129/301 | train_loss=0.8614 train_acc=86.48% | val_loss=0.3682 val_acc=84.88% | lr=3.000000e-05
Epoch 130/301 | train_loss=0.8581 train_acc=86.47% | val_loss=0.3677 val_acc=85.00% | lr=3.000000e-05
Epoch 131/301 | train_loss=0.8551 train_acc=86.49% | val_loss=0.3668 val_acc=84.92% | lr=3.000000e-05
Epoch 132/301 | train_loss=0.8520 train_acc=86.48% | val_loss=0.3662 val_acc=84.94% | lr=3.000000e-05
Epoch 133/301 | train_loss=0.8490 train_acc=86.53% | val_loss=0.3658 val_acc=84.94% | lr=3.000000e-05
Epoch 134/301 | train_loss=0.8461 train_acc=86.53% | val_loss=0.3649 val_acc=85.00% | lr=3.000000e-05
Epoch 135/301 | train_loss=0.8432 train_acc=86.53% | val_loss=0.3643 val_acc=85.02% | lr=3.000000e-05
Epoch 136/301 | train_loss=0.8403 train_acc=86.58% | val_loss=0.3637 val_acc=85.02% | lr=3.000000e-05
Epoch 137/301 | train_loss=0.8373 train_acc=86.62% | val_loss=0.3631 val_acc=85.04% | lr=3.000000e-05
Epoch 138/301 | train_loss=0.8346 train_acc=86.68% | val_loss=0.3625 val_acc=85.04% | lr=3.000000e-05
Epoch 139/301 | train_loss=0.8319 train_acc=86.65% | val_loss=0.3619 val_acc=84.98% | lr=3.000000e-05
Epoch 140/301 | train_loss=0.8291 train_acc=86.64% | val_loss=0.3614 val_acc=85.04% | lr=3.000000e-05
Epoch 141/301 | train_loss=0.8267 train_acc=86.78% | val_loss=0.3609 val_acc=85.04% | lr=3.000000e-05
Epoch 142/301 | train_loss=0.8238 train_acc=86.83% | val_loss=0.3604 val_acc=85.06% | lr=3.000000e-05
Epoch 143/301 | train_loss=0.8211 train_acc=86.78% | val_loss=0.3598 val_acc=85.10% | lr=3.000000e-05
Epoch 144/301 | train_loss=0.8185 train_acc=86.78% | val_loss=0.3594 val_acc=85.10% | lr=3.000000e-05
Epoch 145/301 | train_loss=0.8158 train_acc=86.81% | val_loss=0.3591 val_acc=85.14% | lr=3.000000e-05
Saved new best model to /tmp/bow_mlp_imdb_7rmpowup.pt
Epoch 146/301 | train_loss=0.8133 train_acc=86.83% | val_loss=0.3585 val_acc=85.08% | lr=3.000000e-05
Epoch 147/301 | train_loss=0.8107 train_acc=86.83% | val_loss=0.3580 val_acc=85.06% | lr=3.000000e-05
Epoch 148/301 | train_loss=0.8083 train_acc=86.89% | val_loss=0.3580 val_acc=85.12% | lr=3.000000e-05
Epoch 149/301 | train_loss=0.8058 train_acc=86.85% | val_loss=0.3572 val_acc=85.14% | lr=3.000000e-05
Epoch 150/301 | train_loss=0.8034 train_acc=86.89% | val_loss=0.3567 val_acc=85.14% | lr=3.000000e-05
Epoch 151/301 | train_loss=0.8008 train_acc=86.89% | val_loss=0.3566 val_acc=85.08% | lr=3.000000e-05
Epoch 152/301 | train_loss=0.7984 train_acc=86.98% | val_loss=0.3559 val_acc=85.16% | lr=3.000000e-05
Saved new best model to /tmp/bow_mlp_imdb_7rmpowup.pt
Epoch 153/301 | train_loss=0.7961 train_acc=86.97% | val_loss=0.3556 val_acc=85.20% | lr=3.000000e-05
Saved new best model to /tmp/bow_mlp_imdb_7rmpowup.pt
Epoch 154/301 | train_loss=0.7937 train_acc=86.97% | val_loss=0.3552 val_acc=84.96% | lr=3.000000e-05
Epoch 155/301 | train_loss=0.7912 train_acc=86.97% | val_loss=0.3548 val_acc=85.18% | lr=3.000000e-05
Epoch 156/301 | train_loss=0.7891 train_acc=86.99% | val_loss=0.3546 val_acc=85.20% | lr=3.000000e-05
Epoch 157/301 | train_loss=0.7868 train_acc=87.02% | val_loss=0.3541 val_acc=85.18% | lr=3.000000e-05
Epoch 158/301 | train_loss=0.7845 train_acc=87.00% | val_loss=0.3538 val_acc=85.12% | lr=3.000000e-05
Epoch 159/301 | train_loss=0.7821 train_acc=87.13% | val_loss=0.3535 val_acc=85.18% | lr=3.000000e-05
Epoch 160/301 | train_loss=0.7800 train_acc=87.09% | val_loss=0.3532 val_acc=85.18% | lr=3.000000e-05
Epoch 161/301 | train_loss=0.7778 train_acc=87.12% | val_loss=0.3528 val_acc=85.12% | lr=3.000000e-05
Epoch 162/301 | train_loss=0.7757 train_acc=87.14% | val_loss=0.3525 val_acc=85.06% | lr=3.000000e-05
Epoch 163/301 | train_loss=0.7735 train_acc=87.11% | val_loss=0.3523 val_acc=85.12% | lr=3.000000e-05
Epoch 164/301 | train_loss=0.7714 train_acc=87.12% | val_loss=0.3520 val_acc=85.18% | lr=3.000000e-05
Epoch 165/301 | train_loss=0.7693 train_acc=87.17% | val_loss=0.3517 val_acc=85.14% | lr=3.000000e-05
Epoch 166/301 | train_loss=0.7673 train_acc=87.22% | val_loss=0.3514 val_acc=85.06% | lr=3.000000e-05
Epoch 167/301 | train_loss=0.7651 train_acc=87.19% | val_loss=0.3513 val_acc=85.22% | lr=3.000000e-05
Saved new best model to /tmp/bow_mlp_imdb_7rmpowup.pt
Epoch 168/301 | train_loss=0.7632 train_acc=87.16% | val_loss=0.3510 val_acc=85.20% | lr=3.000000e-05
Epoch 169/301 | train_loss=0.7610 train_acc=87.22% | val_loss=0.3507 val_acc=85.16% | lr=3.000000e-05
Epoch 170/301 | train_loss=0.7590 train_acc=87.28% | val_loss=0.3505 val_acc=85.12% | lr=3.000000e-05
Epoch 171/301 | train_loss=0.7570 train_acc=87.28% | val_loss=0.3503 val_acc=85.28% | lr=3.000000e-05
Saved new best model to /tmp/bow_mlp_imdb_7rmpowup.pt
Epoch 172/301 | train_loss=0.7549 train_acc=87.28% | val_loss=0.3503 val_acc=85.30% | lr=3.000000e-05
Saved new best model to /tmp/bow_mlp_imdb_7rmpowup.pt
Epoch 173/301 | train_loss=0.7530 train_acc=87.27% | val_loss=0.3498 val_acc=85.16% | lr=3.000000e-05
Epoch 174/301 | train_loss=0.7510 train_acc=87.34% | val_loss=0.3497 val_acc=85.30% | lr=3.000000e-05
Epoch 175/301 | train_loss=0.7490 train_acc=87.30% | val_loss=0.3493 val_acc=85.22% | lr=3.000000e-05
Epoch 176/301 | train_loss=0.7471 train_acc=87.30% | val_loss=0.3492 val_acc=85.24% | lr=3.000000e-05
Epoch 177/301 | train_loss=0.7452 train_acc=87.29% | val_loss=0.3489 val_acc=85.22% | lr=3.000000e-05
Epoch 178/301 | train_loss=0.7432 train_acc=87.37% | val_loss=0.3487 val_acc=85.24% | lr=3.000000e-05
Epoch 179/301 | train_loss=0.7415 train_acc=87.34% | val_loss=0.3485 val_acc=85.22% | lr=3.000000e-05
Epoch 180/301 | train_loss=0.7395 train_acc=87.39% | val_loss=0.3484 val_acc=85.22% | lr=3.000000e-05
Epoch 181/301 | train_loss=0.7377 train_acc=87.39% | val_loss=0.3484 val_acc=85.34% | lr=3.000000e-05
Saved new best model to /tmp/bow_mlp_imdb_7rmpowup.pt
Epoch 182/301 | train_loss=0.7358 train_acc=87.39% | val_loss=0.3480 val_acc=85.26% | lr=3.000000e-05
Epoch 183/301 | train_loss=0.7340 train_acc=87.37% | val_loss=0.3479 val_acc=85.38% | lr=3.000000e-05
Saved new best model to /tmp/bow_mlp_imdb_7rmpowup.pt
Epoch 184/301 | train_loss=0.7323 train_acc=87.42% | val_loss=0.3478 val_acc=85.26% | lr=3.000000e-05
Epoch 185/301 | train_loss=0.7304 train_acc=87.47% | val_loss=0.3476 val_acc=85.40% | lr=3.000000e-05
Saved new best model to /tmp/bow_mlp_imdb_7rmpowup.pt
Epoch 186/301 | train_loss=0.7288 train_acc=87.44% | val_loss=0.3475 val_acc=85.30% | lr=3.000000e-05
Epoch 187/301 | train_loss=0.7270 train_acc=87.45% | val_loss=0.3474 val_acc=85.30% | lr=3.000000e-05
Epoch 188/301 | train_loss=0.7253 train_acc=87.42% | val_loss=0.3472 val_acc=85.32% | lr=3.000000e-05
Epoch 189/301 | train_loss=0.7235 train_acc=87.50% | val_loss=0.3470 val_acc=85.32% | lr=3.000000e-05
Epoch 190/301 | train_loss=0.7219 train_acc=87.47% | val_loss=0.3468 val_acc=85.34% | lr=3.000000e-05
Epoch 191/301 | train_loss=0.7200 train_acc=87.47% | val_loss=0.3467 val_acc=85.34% | lr=3.000000e-05
Epoch 192/301 | train_loss=0.7184 train_acc=87.54% | val_loss=0.3466 val_acc=85.32% | lr=3.000000e-05
Epoch 193/301 | train_loss=0.7167 train_acc=87.55% | val_loss=0.3465 val_acc=85.38% | lr=3.000000e-05
Epoch 194/301 | train_loss=0.7151 train_acc=87.52% | val_loss=0.3464 val_acc=85.38% | lr=3.000000e-05
Epoch 195/301 | train_loss=0.7134 train_acc=87.62% | val_loss=0.3468 val_acc=85.46% | lr=3.000000e-05
Saved new best model to /tmp/bow_mlp_imdb_7rmpowup.pt
Epoch 196/301 | train_loss=0.7120 train_acc=87.59% | val_loss=0.3464 val_acc=85.34% | lr=3.000000e-05
Epoch 197/301 | train_loss=0.7102 train_acc=87.58% | val_loss=0.3462 val_acc=85.40% | lr=3.000000e-05
Epoch 198/301 | train_loss=0.7087 train_acc=87.60% | val_loss=0.3462 val_acc=85.34% | lr=3.000000e-05
Epoch 199/301 | train_loss=0.7071 train_acc=87.59% | val_loss=0.3460 val_acc=85.42% | lr=3.000000e-05
Epoch 200/301 | train_loss=0.7054 train_acc=87.67% | val_loss=0.3459 val_acc=85.42% | lr=3.000000e-05
Epoch 201/301 | train_loss=0.7039 train_acc=87.63% | val_loss=0.3457 val_acc=85.40% | lr=3.000000e-05
Epoch 202/301 | train_loss=0.7022 train_acc=87.70% | val_loss=0.3457 val_acc=85.46% | lr=3.000000e-05
Epoch 203/301 | train_loss=0.7007 train_acc=87.67% | val_loss=0.3456 val_acc=85.46% | lr=3.000000e-05
Epoch 204/301 | train_loss=0.6992 train_acc=87.68% | val_loss=0.3456 val_acc=85.40% | lr=3.000000e-05
Epoch 205/301 | train_loss=0.6977 train_acc=87.70% | val_loss=0.3458 val_acc=85.46% | lr=3.000000e-05
Epoch 206/301 | train_loss=0.6962 train_acc=87.67% | val_loss=0.3455 val_acc=85.50% | lr=3.000000e-05
Saved new best model to /tmp/bow_mlp_imdb_7rmpowup.pt
Epoch 207/301 | train_loss=0.6947 train_acc=87.74% | val_loss=0.3453 val_acc=85.42% | lr=3.000000e-05
Epoch 208/301 | train_loss=0.6932 train_acc=87.71% | val_loss=0.3454 val_acc=85.48% | lr=3.000000e-05
Epoch 209/301 | train_loss=0.6917 train_acc=87.66% | val_loss=0.3452 val_acc=85.44% | lr=3.000000e-05
Epoch 210/301 | train_loss=0.6903 train_acc=87.76% | val_loss=0.3452 val_acc=85.46% | lr=3.000000e-05
Epoch 211/301 | train_loss=0.6889 train_acc=87.75% | val_loss=0.3451 val_acc=85.44% | lr=3.000000e-05
Epoch 212/301 | train_loss=0.6874 train_acc=87.78% | val_loss=0.3450 val_acc=85.38% | lr=3.000000e-05
Epoch 213/301 | train_loss=0.6859 train_acc=87.80% | val_loss=0.3450 val_acc=85.40% | lr=3.000000e-05
Epoch 214/301 | train_loss=0.6844 train_acc=87.77% | val_loss=0.3449 val_acc=85.48% | lr=3.000000e-05
Epoch 215/301 | train_loss=0.6830 train_acc=87.80% | val_loss=0.3449 val_acc=85.44% | lr=3.000000e-05
Epoch 216/301 | train_loss=0.6817 train_acc=87.83% | val_loss=0.3449 val_acc=85.44% | lr=3.000000e-05
Epoch 217/301 | train_loss=0.6802 train_acc=87.84% | val_loss=0.3449 val_acc=85.48% | lr=3.000000e-05
Epoch 218/301 | train_loss=0.6789 train_acc=87.85% | val_loss=0.3448 val_acc=85.50% | lr=3.000000e-05
Epoch 219/301 | train_loss=0.6775 train_acc=87.81% | val_loss=0.3450 val_acc=85.52% | lr=3.000000e-05
Saved new best model to /tmp/bow_mlp_imdb_7rmpowup.pt
Epoch 220/301 | train_loss=0.6761 train_acc=87.83% | val_loss=0.3448 val_acc=85.40% | lr=3.000000e-05
Epoch 221/301 | train_loss=0.6748 train_acc=87.88% | val_loss=0.3447 val_acc=85.42% | lr=3.000000e-05
Epoch 222/301 | train_loss=0.6734 train_acc=87.85% | val_loss=0.3447 val_acc=85.44% | lr=3.000000e-05
Epoch 223/301 | train_loss=0.6722 train_acc=87.87% | val_loss=0.3447 val_acc=85.50% | lr=3.000000e-05
Epoch 224/301 | train_loss=0.6708 train_acc=87.84% | val_loss=0.3450 val_acc=85.54% | lr=3.000000e-05
Saved new best model to /tmp/bow_mlp_imdb_7rmpowup.pt
Epoch 225/301 | train_loss=0.6696 train_acc=87.91% | val_loss=0.3446 val_acc=85.42% | lr=3.000000e-05
Epoch 226/301 | train_loss=0.6680 train_acc=87.87% | val_loss=0.3446 val_acc=85.44% | lr=3.000000e-05
Epoch 227/301 | train_loss=0.6669 train_acc=87.89% | val_loss=0.3446 val_acc=85.42% | lr=3.000000e-05
Epoch 228/301 | train_loss=0.6656 train_acc=87.81% | val_loss=0.3446 val_acc=85.52% | lr=3.000000e-05
Epoch 229/301 | train_loss=0.6644 train_acc=87.89% | val_loss=0.3446 val_acc=85.56% | lr=3.000000e-05
Saved new best model to /tmp/bow_mlp_imdb_7rmpowup.pt
Epoch 230/301 | train_loss=0.6630 train_acc=87.86% | val_loss=0.3447 val_acc=85.56% | lr=3.000000e-05
Epoch 231/301 | train_loss=0.6618 train_acc=87.96% | val_loss=0.3446 val_acc=85.54% | lr=3.000000e-05
Epoch 232/301 | train_loss=0.6605 train_acc=87.86% | val_loss=0.3448 val_acc=85.60% | lr=3.000000e-05
Saved new best model to /tmp/bow_mlp_imdb_7rmpowup.pt
Epoch 233/301 | train_loss=0.6593 train_acc=87.91% | val_loss=0.3446 val_acc=85.48% | lr=3.000000e-05
Epoch 234/301 | train_loss=0.6580 train_acc=87.91% | val_loss=0.3447 val_acc=85.58% | lr=3.000000e-05
Epoch 235/301 | train_loss=0.6569 train_acc=87.88% | val_loss=0.3447 val_acc=85.58% | lr=3.000000e-05
Epoch 236/301 | train_loss=0.6556 train_acc=87.89% | val_loss=0.3446 val_acc=85.54% | lr=3.000000e-05
Validation loss has not improved for 8 epochs. Stopping training.
Test loss=0.3412 | Test accuracy=85.89%
