Loading IMDb dataset from local disk: /home/daniel/l/masteruppsats/np-reg/language/data/imdb_hf
Using device: cuda
BoW vocab size: 1562
Epoch 1/301 | train_loss=0.7266 train_acc=50.03% | val_loss=0.7042 val_acc=50.06% | lr=1.000000e-05
Saved new best model to /tmp/bow_mlp_imdb_n3zubney.pt
Epoch 2/301 | train_loss=0.6954 train_acc=50.39% | val_loss=0.6916 val_acc=50.90% | lr=1.000000e-05
Saved new best model to /tmp/bow_mlp_imdb_n3zubney.pt
Epoch 3/301 | train_loss=0.6856 train_acc=52.73% | val_loss=0.6833 val_acc=54.26% | lr=1.000000e-05
Saved new best model to /tmp/bow_mlp_imdb_n3zubney.pt
Epoch 4/301 | train_loss=0.6772 train_acc=56.17% | val_loss=0.6747 val_acc=57.42% | lr=1.000000e-05
Saved new best model to /tmp/bow_mlp_imdb_n3zubney.pt
Epoch 5/301 | train_loss=0.6675 train_acc=59.40% | val_loss=0.6648 val_acc=59.88% | lr=1.000000e-05
Saved new best model to /tmp/bow_mlp_imdb_n3zubney.pt
Epoch 6/301 | train_loss=0.6558 train_acc=61.78% | val_loss=0.6529 val_acc=62.38% | lr=1.000000e-05
Saved new best model to /tmp/bow_mlp_imdb_n3zubney.pt
Epoch 7/301 | train_loss=0.6419 train_acc=64.28% | val_loss=0.6396 val_acc=64.78% | lr=1.000000e-05
Saved new best model to /tmp/bow_mlp_imdb_n3zubney.pt
Epoch 8/301 | train_loss=0.6268 train_acc=66.94% | val_loss=0.6255 val_acc=67.20% | lr=1.000000e-05
Saved new best model to /tmp/bow_mlp_imdb_n3zubney.pt
Epoch 9/301 | train_loss=0.6118 train_acc=69.56% | val_loss=0.6121 val_acc=69.20% | lr=1.000000e-05
Saved new best model to /tmp/bow_mlp_imdb_n3zubney.pt
Epoch 10/301 | train_loss=0.5975 train_acc=71.83% | val_loss=0.5993 val_acc=71.58% | lr=1.000000e-05
Saved new best model to /tmp/bow_mlp_imdb_n3zubney.pt
Epoch 11/301 | train_loss=0.5841 train_acc=73.78% | val_loss=0.5874 val_acc=73.84% | lr=1.000000e-05
Saved new best model to /tmp/bow_mlp_imdb_n3zubney.pt
Epoch 12/301 | train_loss=0.5715 train_acc=75.82% | val_loss=0.5766 val_acc=74.60% | lr=1.000000e-05
Saved new best model to /tmp/bow_mlp_imdb_n3zubney.pt
Epoch 13/301 | train_loss=0.5597 train_acc=77.13% | val_loss=0.5660 val_acc=76.02% | lr=1.000000e-05
Saved new best model to /tmp/bow_mlp_imdb_n3zubney.pt
Epoch 14/301 | train_loss=0.5484 train_acc=78.57% | val_loss=0.5564 val_acc=76.92% | lr=1.000000e-05
Saved new best model to /tmp/bow_mlp_imdb_n3zubney.pt
Epoch 15/301 | train_loss=0.5378 train_acc=79.72% | val_loss=0.5469 val_acc=78.12% | lr=1.000000e-05
Saved new best model to /tmp/bow_mlp_imdb_n3zubney.pt
Epoch 16/301 | train_loss=0.5277 train_acc=80.81% | val_loss=0.5383 val_acc=78.86% | lr=1.000000e-05
Saved new best model to /tmp/bow_mlp_imdb_n3zubney.pt
Epoch 17/301 | train_loss=0.5181 train_acc=81.54% | val_loss=0.5298 val_acc=79.78% | lr=1.000000e-05
Saved new best model to /tmp/bow_mlp_imdb_n3zubney.pt
Epoch 18/301 | train_loss=0.5088 train_acc=82.30% | val_loss=0.5221 val_acc=80.18% | lr=1.000000e-05
Saved new best model to /tmp/bow_mlp_imdb_n3zubney.pt
Epoch 19/301 | train_loss=0.5000 train_acc=82.88% | val_loss=0.5144 val_acc=80.82% | lr=1.000000e-05
Saved new best model to /tmp/bow_mlp_imdb_n3zubney.pt
Epoch 20/301 | train_loss=0.4913 train_acc=83.30% | val_loss=0.5075 val_acc=80.96% | lr=1.000000e-05
Saved new best model to /tmp/bow_mlp_imdb_n3zubney.pt
Epoch 21/301 | train_loss=0.4830 train_acc=83.64% | val_loss=0.5002 val_acc=81.52% | lr=1.000000e-05
Saved new best model to /tmp/bow_mlp_imdb_n3zubney.pt
Epoch 22/301 | train_loss=0.4751 train_acc=84.15% | val_loss=0.4936 val_acc=81.66% | lr=1.000000e-05
Saved new best model to /tmp/bow_mlp_imdb_n3zubney.pt
Epoch 23/301 | train_loss=0.4674 train_acc=84.51% | val_loss=0.4872 val_acc=82.12% | lr=1.000000e-05
Saved new best model to /tmp/bow_mlp_imdb_n3zubney.pt
Epoch 24/301 | train_loss=0.4598 train_acc=84.79% | val_loss=0.4807 val_acc=82.38% | lr=1.000000e-05
Saved new best model to /tmp/bow_mlp_imdb_n3zubney.pt
Epoch 25/301 | train_loss=0.4524 train_acc=85.18% | val_loss=0.4747 val_acc=82.60% | lr=1.000000e-05
Saved new best model to /tmp/bow_mlp_imdb_n3zubney.pt
Epoch 26/301 | train_loss=0.4453 train_acc=85.36% | val_loss=0.4691 val_acc=82.74% | lr=1.000000e-05
Saved new best model to /tmp/bow_mlp_imdb_n3zubney.pt
Epoch 27/301 | train_loss=0.4383 train_acc=85.65% | val_loss=0.4632 val_acc=83.02% | lr=1.000000e-05
Saved new best model to /tmp/bow_mlp_imdb_n3zubney.pt
Epoch 28/301 | train_loss=0.4315 train_acc=86.00% | val_loss=0.4577 val_acc=83.22% | lr=1.000000e-05
Saved new best model to /tmp/bow_mlp_imdb_n3zubney.pt
Epoch 29/301 | train_loss=0.4250 train_acc=86.18% | val_loss=0.4531 val_acc=83.38% | lr=1.000000e-05
Saved new best model to /tmp/bow_mlp_imdb_n3zubney.pt
Epoch 30/301 | train_loss=0.4186 train_acc=86.44% | val_loss=0.4480 val_acc=83.50% | lr=1.000000e-05
Saved new best model to /tmp/bow_mlp_imdb_n3zubney.pt
Epoch 31/301 | train_loss=0.4123 train_acc=86.60% | val_loss=0.4430 val_acc=83.62% | lr=1.000000e-05
Saved new best model to /tmp/bow_mlp_imdb_n3zubney.pt
Epoch 32/301 | train_loss=0.4063 train_acc=86.81% | val_loss=0.4383 val_acc=83.72% | lr=1.000000e-05
Saved new best model to /tmp/bow_mlp_imdb_n3zubney.pt
Epoch 33/301 | train_loss=0.4003 train_acc=86.98% | val_loss=0.4337 val_acc=83.96% | lr=1.000000e-05
Saved new best model to /tmp/bow_mlp_imdb_n3zubney.pt
Epoch 34/301 | train_loss=0.3947 train_acc=87.12% | val_loss=0.4296 val_acc=83.84% | lr=1.000000e-05
Epoch 35/301 | train_loss=0.3890 train_acc=87.32% | val_loss=0.4254 val_acc=84.06% | lr=1.000000e-05
Saved new best model to /tmp/bow_mlp_imdb_n3zubney.pt
Epoch 36/301 | train_loss=0.3835 train_acc=87.44% | val_loss=0.4215 val_acc=84.08% | lr=1.000000e-05
Saved new best model to /tmp/bow_mlp_imdb_n3zubney.pt
Epoch 37/301 | train_loss=0.3782 train_acc=87.59% | val_loss=0.4177 val_acc=84.24% | lr=1.000000e-05
Saved new best model to /tmp/bow_mlp_imdb_n3zubney.pt
Epoch 38/301 | train_loss=0.3731 train_acc=87.78% | val_loss=0.4143 val_acc=84.16% | lr=1.000000e-05
Epoch 39/301 | train_loss=0.3681 train_acc=87.91% | val_loss=0.4107 val_acc=84.12% | lr=1.000000e-05
Epoch 40/301 | train_loss=0.3632 train_acc=87.98% | val_loss=0.4074 val_acc=84.22% | lr=1.000000e-05
Epoch 41/301 | train_loss=0.3585 train_acc=88.17% | val_loss=0.4041 val_acc=84.24% | lr=1.000000e-05
Epoch 42/301 | train_loss=0.3538 train_acc=88.27% | val_loss=0.4014 val_acc=84.40% | lr=1.000000e-05
Saved new best model to /tmp/bow_mlp_imdb_n3zubney.pt
Epoch 43/301 | train_loss=0.3493 train_acc=88.38% | val_loss=0.3981 val_acc=84.48% | lr=1.000000e-05
Saved new best model to /tmp/bow_mlp_imdb_n3zubney.pt
Epoch 44/301 | train_loss=0.3450 train_acc=88.51% | val_loss=0.3956 val_acc=84.60% | lr=1.000000e-05
Saved new best model to /tmp/bow_mlp_imdb_n3zubney.pt
Epoch 45/301 | train_loss=0.3408 train_acc=88.64% | val_loss=0.3928 val_acc=84.50% | lr=1.000000e-05
Epoch 46/301 | train_loss=0.3366 train_acc=88.72% | val_loss=0.3906 val_acc=84.64% | lr=1.000000e-05
Saved new best model to /tmp/bow_mlp_imdb_n3zubney.pt
Epoch 47/301 | train_loss=0.3325 train_acc=88.81% | val_loss=0.3884 val_acc=84.68% | lr=1.000000e-05
Saved new best model to /tmp/bow_mlp_imdb_n3zubney.pt
Epoch 48/301 | train_loss=0.3288 train_acc=88.91% | val_loss=0.3861 val_acc=84.70% | lr=1.000000e-05
Saved new best model to /tmp/bow_mlp_imdb_n3zubney.pt
Epoch 49/301 | train_loss=0.3251 train_acc=89.00% | val_loss=0.3834 val_acc=84.76% | lr=1.000000e-05
Saved new best model to /tmp/bow_mlp_imdb_n3zubney.pt
Epoch 50/301 | train_loss=0.3213 train_acc=89.08% | val_loss=0.3818 val_acc=84.68% | lr=1.000000e-05
Epoch 51/301 | train_loss=0.3178 train_acc=89.12% | val_loss=0.3801 val_acc=84.80% | lr=1.000000e-05
Saved new best model to /tmp/bow_mlp_imdb_n3zubney.pt
Epoch 52/301 | train_loss=0.3143 train_acc=89.24% | val_loss=0.3777 val_acc=84.76% | lr=1.000000e-05
Epoch 53/301 | train_loss=0.3110 train_acc=89.30% | val_loss=0.3762 val_acc=84.86% | lr=1.000000e-05
Saved new best model to /tmp/bow_mlp_imdb_n3zubney.pt
Epoch 54/301 | train_loss=0.3076 train_acc=89.44% | val_loss=0.3745 val_acc=84.72% | lr=1.000000e-05
Epoch 55/301 | train_loss=0.3045 train_acc=89.47% | val_loss=0.3733 val_acc=84.78% | lr=1.000000e-05
Epoch 56/301 | train_loss=0.3013 train_acc=89.59% | val_loss=0.3718 val_acc=84.68% | lr=1.000000e-05
Epoch 57/301 | train_loss=0.2983 train_acc=89.66% | val_loss=0.3704 val_acc=84.86% | lr=1.000000e-05
Epoch 58/301 | train_loss=0.2954 train_acc=89.73% | val_loss=0.3692 val_acc=84.82% | lr=1.000000e-05
Epoch 59/301 | train_loss=0.2925 train_acc=89.75% | val_loss=0.3682 val_acc=84.78% | lr=1.000000e-05
Epoch 60/301 | train_loss=0.2897 train_acc=89.87% | val_loss=0.3670 val_acc=84.92% | lr=1.000000e-05
Saved new best model to /tmp/bow_mlp_imdb_n3zubney.pt
Epoch 61/301 | train_loss=0.2870 train_acc=89.95% | val_loss=0.3658 val_acc=84.90% | lr=1.000000e-05
Epoch 62/301 | train_loss=0.2843 train_acc=90.09% | val_loss=0.3650 val_acc=84.80% | lr=1.000000e-05
Epoch 63/301 | train_loss=0.2817 train_acc=90.18% | val_loss=0.3640 val_acc=84.86% | lr=1.000000e-05
Epoch 64/301 | train_loss=0.2792 train_acc=90.29% | val_loss=0.3633 val_acc=84.84% | lr=1.000000e-05
Epoch 65/301 | train_loss=0.2767 train_acc=90.41% | val_loss=0.3628 val_acc=84.86% | lr=1.000000e-05
Epoch 66/301 | train_loss=0.2743 train_acc=90.46% | val_loss=0.3618 val_acc=84.92% | lr=1.000000e-05
Epoch 67/301 | train_loss=0.2720 train_acc=90.54% | val_loss=0.3610 val_acc=84.92% | lr=1.000000e-05
Epoch 68/301 | train_loss=0.2698 train_acc=90.64% | val_loss=0.3607 val_acc=84.92% | lr=1.000000e-05
Epoch 69/301 | train_loss=0.2675 train_acc=90.70% | val_loss=0.3604 val_acc=85.02% | lr=1.000000e-05
Saved new best model to /tmp/bow_mlp_imdb_n3zubney.pt
Epoch 70/301 | train_loss=0.2654 train_acc=90.78% | val_loss=0.3601 val_acc=85.00% | lr=1.000000e-05
Epoch 71/301 | train_loss=0.2633 train_acc=90.84% | val_loss=0.3596 val_acc=85.00% | lr=1.000000e-05
Epoch 72/301 | train_loss=0.2612 train_acc=90.93% | val_loss=0.3592 val_acc=85.02% | lr=1.000000e-05
Epoch 73/301 | train_loss=0.2592 train_acc=90.97% | val_loss=0.3587 val_acc=85.08% | lr=1.000000e-05
Saved new best model to /tmp/bow_mlp_imdb_n3zubney.pt
Epoch 74/301 | train_loss=0.2574 train_acc=91.01% | val_loss=0.3585 val_acc=85.08% | lr=1.000000e-05
Epoch 75/301 | train_loss=0.2555 train_acc=91.05% | val_loss=0.3583 val_acc=85.02% | lr=1.000000e-05
Epoch 76/301 | train_loss=0.2537 train_acc=91.22% | val_loss=0.3582 val_acc=85.04% | lr=1.000000e-05
Epoch 77/301 | train_loss=0.2517 train_acc=91.16% | val_loss=0.3580 val_acc=84.98% | lr=1.000000e-05
Epoch 78/301 | train_loss=0.2500 train_acc=91.27% | val_loss=0.3581 val_acc=85.10% | lr=1.000000e-05
Saved new best model to /tmp/bow_mlp_imdb_n3zubney.pt
Epoch 79/301 | train_loss=0.2482 train_acc=91.33% | val_loss=0.3579 val_acc=85.08% | lr=1.000000e-05
Epoch 80/301 | train_loss=0.2465 train_acc=91.36% | val_loss=0.3582 val_acc=85.08% | lr=1.000000e-05
Epoch 81/301 | train_loss=0.2449 train_acc=91.46% | val_loss=0.3578 val_acc=85.06% | lr=1.000000e-05
Epoch 82/301 | train_loss=0.2433 train_acc=91.53% | val_loss=0.3579 val_acc=85.10% | lr=1.000000e-05
Epoch 83/301 | train_loss=0.2417 train_acc=91.56% | val_loss=0.3579 val_acc=85.06% | lr=1.000000e-05
Epoch 84/301 | train_loss=0.2401 train_acc=91.64% | val_loss=0.3578 val_acc=85.10% | lr=1.000000e-05
Epoch 85/301 | train_loss=0.2386 train_acc=91.72% | val_loss=0.3577 val_acc=85.10% | lr=1.000000e-05
Epoch 86/301 | train_loss=0.2370 train_acc=91.75% | val_loss=0.3582 val_acc=85.16% | lr=1.000000e-05
Saved new best model to /tmp/bow_mlp_imdb_n3zubney.pt
Epoch 87/301 | train_loss=0.2357 train_acc=91.79% | val_loss=0.3583 val_acc=85.14% | lr=1.000000e-05
Epoch 88/301 | train_loss=0.2342 train_acc=91.88% | val_loss=0.3580 val_acc=85.18% | lr=1.000000e-05
Saved new best model to /tmp/bow_mlp_imdb_n3zubney.pt
Epoch 89/301 | train_loss=0.2328 train_acc=91.87% | val_loss=0.3590 val_acc=85.24% | lr=1.000000e-05
Saved new best model to /tmp/bow_mlp_imdb_n3zubney.pt
Epoch 90/301 | train_loss=0.2314 train_acc=91.97% | val_loss=0.3586 val_acc=85.22% | lr=1.000000e-05
Epoch 91/301 | train_loss=0.2301 train_acc=92.03% | val_loss=0.3586 val_acc=85.18% | lr=1.000000e-05
Epoch 92/301 | train_loss=0.2286 train_acc=92.08% | val_loss=0.3587 val_acc=85.12% | lr=1.000000e-05
Epoch 93/301 | train_loss=0.2273 train_acc=92.14% | val_loss=0.3593 val_acc=85.24% | lr=1.000000e-05
Validation loss has not improved for 8 epochs. Stopping training.
Test loss=0.3599 | Test accuracy=85.14%
