Loading IMDb dataset from local disk: /home/daniel/l/masteruppsats/np-reg/language/data/imdb_hf
Using device: cuda
BoW vocab size: 1562
W0420 20:23:49.044000 874908 site-packages/torch/_inductor/utils.py:1679] [0/0] Not enough SMs to use max_autotune_gemm mode
Epoch 1/301 | train_loss=0.7493 train_acc=49.95% | val_loss=0.7431 val_acc=49.88% | lr=3.000000e-06
Saved new best model to /tmp/bow_mlp_imdb_w7vwzd4x.pt
Epoch 2/301 | train_loss=0.7387 train_acc=50.09% | val_loss=0.7343 val_acc=49.94% | lr=3.000000e-06
Saved new best model to /tmp/bow_mlp_imdb_w7vwzd4x.pt
Epoch 3/301 | train_loss=0.7305 train_acc=49.98% | val_loss=0.7273 val_acc=50.06% | lr=3.000000e-06
Saved new best model to /tmp/bow_mlp_imdb_w7vwzd4x.pt
Epoch 4/301 | train_loss=0.7257 train_acc=50.11% | val_loss=0.7217 val_acc=50.10% | lr=3.000000e-06
Saved new best model to /tmp/bow_mlp_imdb_w7vwzd4x.pt
Epoch 5/301 | train_loss=0.7198 train_acc=50.20% | val_loss=0.7172 val_acc=50.06% | lr=3.000000e-06
Epoch 6/301 | train_loss=0.7160 train_acc=50.29% | val_loss=0.7136 val_acc=50.34% | lr=3.000000e-06
Saved new best model to /tmp/bow_mlp_imdb_w7vwzd4x.pt
Epoch 7/301 | train_loss=0.7138 train_acc=50.28% | val_loss=0.7105 val_acc=50.42% | lr=3.000000e-06
Saved new best model to /tmp/bow_mlp_imdb_w7vwzd4x.pt
Epoch 8/301 | train_loss=0.7114 train_acc=50.55% | val_loss=0.7079 val_acc=50.60% | lr=3.000000e-06
Saved new best model to /tmp/bow_mlp_imdb_w7vwzd4x.pt
Epoch 9/301 | train_loss=0.7089 train_acc=50.74% | val_loss=0.7058 val_acc=50.98% | lr=3.000000e-06
Saved new best model to /tmp/bow_mlp_imdb_w7vwzd4x.pt
Epoch 10/301 | train_loss=0.7065 train_acc=51.18% | val_loss=0.7038 val_acc=51.14% | lr=3.000000e-06
Saved new best model to /tmp/bow_mlp_imdb_w7vwzd4x.pt
Epoch 11/301 | train_loss=0.7049 train_acc=51.07% | val_loss=0.7021 val_acc=51.64% | lr=3.000000e-06
Saved new best model to /tmp/bow_mlp_imdb_w7vwzd4x.pt
Epoch 12/301 | train_loss=0.7039 train_acc=51.09% | val_loss=0.7006 val_acc=51.56% | lr=3.000000e-06
Epoch 13/301 | train_loss=0.7026 train_acc=51.21% | val_loss=0.6993 val_acc=51.76% | lr=3.000000e-06
Saved new best model to /tmp/bow_mlp_imdb_w7vwzd4x.pt
Epoch 14/301 | train_loss=0.7011 train_acc=51.59% | val_loss=0.6979 val_acc=52.00% | lr=3.000000e-06
Saved new best model to /tmp/bow_mlp_imdb_w7vwzd4x.pt
Epoch 15/301 | train_loss=0.7000 train_acc=51.60% | val_loss=0.6967 val_acc=52.22% | lr=3.000000e-06
Saved new best model to /tmp/bow_mlp_imdb_w7vwzd4x.pt
Epoch 16/301 | train_loss=0.7003 train_acc=51.71% | val_loss=0.6956 val_acc=52.30% | lr=3.000000e-06
Saved new best model to /tmp/bow_mlp_imdb_w7vwzd4x.pt
Epoch 17/301 | train_loss=0.6989 train_acc=51.86% | val_loss=0.6944 val_acc=52.52% | lr=3.000000e-06
Saved new best model to /tmp/bow_mlp_imdb_w7vwzd4x.pt
Epoch 18/301 | train_loss=0.6971 train_acc=52.31% | val_loss=0.6933 val_acc=52.74% | lr=3.000000e-06
Saved new best model to /tmp/bow_mlp_imdb_w7vwzd4x.pt
Epoch 19/301 | train_loss=0.6950 train_acc=52.63% | val_loss=0.6921 val_acc=52.84% | lr=3.000000e-06
Saved new best model to /tmp/bow_mlp_imdb_w7vwzd4x.pt
Epoch 20/301 | train_loss=0.6944 train_acc=52.71% | val_loss=0.6910 val_acc=53.00% | lr=3.000000e-06
Saved new best model to /tmp/bow_mlp_imdb_w7vwzd4x.pt
Epoch 21/301 | train_loss=0.6922 train_acc=53.04% | val_loss=0.6899 val_acc=53.16% | lr=3.000000e-06
Saved new best model to /tmp/bow_mlp_imdb_w7vwzd4x.pt
Epoch 22/301 | train_loss=0.6925 train_acc=53.08% | val_loss=0.6888 val_acc=53.36% | lr=3.000000e-06
Saved new best model to /tmp/bow_mlp_imdb_w7vwzd4x.pt
Epoch 23/301 | train_loss=0.6914 train_acc=53.14% | val_loss=0.6877 val_acc=53.56% | lr=3.000000e-06
Saved new best model to /tmp/bow_mlp_imdb_w7vwzd4x.pt
Epoch 24/301 | train_loss=0.6901 train_acc=53.41% | val_loss=0.6866 val_acc=53.70% | lr=3.000000e-06
Saved new best model to /tmp/bow_mlp_imdb_w7vwzd4x.pt
Epoch 25/301 | train_loss=0.6892 train_acc=53.43% | val_loss=0.6855 val_acc=53.82% | lr=3.000000e-06
Saved new best model to /tmp/bow_mlp_imdb_w7vwzd4x.pt
Epoch 26/301 | train_loss=0.6895 train_acc=53.32% | val_loss=0.6844 val_acc=54.00% | lr=3.000000e-06
Saved new best model to /tmp/bow_mlp_imdb_w7vwzd4x.pt
Epoch 27/301 | train_loss=0.6871 train_acc=53.75% | val_loss=0.6833 val_acc=54.18% | lr=3.000000e-06
Saved new best model to /tmp/bow_mlp_imdb_w7vwzd4x.pt
Epoch 28/301 | train_loss=0.6862 train_acc=53.91% | val_loss=0.6822 val_acc=54.32% | lr=3.000000e-06
Saved new best model to /tmp/bow_mlp_imdb_w7vwzd4x.pt
Epoch 29/301 | train_loss=0.6843 train_acc=54.25% | val_loss=0.6810 val_acc=54.48% | lr=3.000000e-06
Saved new best model to /tmp/bow_mlp_imdb_w7vwzd4x.pt
Epoch 30/301 | train_loss=0.6832 train_acc=54.30% | val_loss=0.6798 val_acc=54.62% | lr=3.000000e-06
Saved new best model to /tmp/bow_mlp_imdb_w7vwzd4x.pt
Epoch 31/301 | train_loss=0.6825 train_acc=54.13% | val_loss=0.6786 val_acc=54.72% | lr=3.000000e-06
Saved new best model to /tmp/bow_mlp_imdb_w7vwzd4x.pt
Epoch 32/301 | train_loss=0.6815 train_acc=54.52% | val_loss=0.6772 val_acc=54.96% | lr=3.000000e-06
Saved new best model to /tmp/bow_mlp_imdb_w7vwzd4x.pt
Epoch 33/301 | train_loss=0.6797 train_acc=54.96% | val_loss=0.6757 val_acc=55.34% | lr=3.000000e-06
Saved new best model to /tmp/bow_mlp_imdb_w7vwzd4x.pt
Epoch 34/301 | train_loss=0.6789 train_acc=55.01% | val_loss=0.6742 val_acc=55.70% | lr=3.000000e-06
Saved new best model to /tmp/bow_mlp_imdb_w7vwzd4x.pt
Epoch 35/301 | train_loss=0.6774 train_acc=55.01% | val_loss=0.6727 val_acc=55.82% | lr=3.000000e-06
Saved new best model to /tmp/bow_mlp_imdb_w7vwzd4x.pt
Epoch 36/301 | train_loss=0.6752 train_acc=55.54% | val_loss=0.6712 val_acc=55.98% | lr=3.000000e-06
Saved new best model to /tmp/bow_mlp_imdb_w7vwzd4x.pt
Epoch 37/301 | train_loss=0.6742 train_acc=55.63% | val_loss=0.6697 val_acc=56.10% | lr=3.000000e-06
Saved new best model to /tmp/bow_mlp_imdb_w7vwzd4x.pt
Epoch 38/301 | train_loss=0.6725 train_acc=55.74% | val_loss=0.6682 val_acc=56.30% | lr=3.000000e-06
Saved new best model to /tmp/bow_mlp_imdb_w7vwzd4x.pt
Epoch 39/301 | train_loss=0.6717 train_acc=55.81% | val_loss=0.6668 val_acc=56.50% | lr=3.000000e-06
Saved new best model to /tmp/bow_mlp_imdb_w7vwzd4x.pt
Epoch 40/301 | train_loss=0.6697 train_acc=56.23% | val_loss=0.6654 val_acc=56.62% | lr=3.000000e-06
Saved new best model to /tmp/bow_mlp_imdb_w7vwzd4x.pt
Epoch 41/301 | train_loss=0.6690 train_acc=56.39% | val_loss=0.6640 val_acc=56.88% | lr=3.000000e-06
Saved new best model to /tmp/bow_mlp_imdb_w7vwzd4x.pt
Epoch 42/301 | train_loss=0.6656 train_acc=57.13% | val_loss=0.6626 val_acc=57.14% | lr=3.000000e-06
Saved new best model to /tmp/bow_mlp_imdb_w7vwzd4x.pt
Epoch 43/301 | train_loss=0.6666 train_acc=56.93% | val_loss=0.6612 val_acc=57.40% | lr=3.000000e-06
Saved new best model to /tmp/bow_mlp_imdb_w7vwzd4x.pt
Epoch 44/301 | train_loss=0.6648 train_acc=57.00% | val_loss=0.6598 val_acc=57.62% | lr=3.000000e-06
Saved new best model to /tmp/bow_mlp_imdb_w7vwzd4x.pt
Epoch 45/301 | train_loss=0.6646 train_acc=56.79% | val_loss=0.6585 val_acc=57.88% | lr=3.000000e-06
Saved new best model to /tmp/bow_mlp_imdb_w7vwzd4x.pt
Epoch 46/301 | train_loss=0.6627 train_acc=57.32% | val_loss=0.6572 val_acc=57.98% | lr=3.000000e-06
Saved new best model to /tmp/bow_mlp_imdb_w7vwzd4x.pt
Epoch 47/301 | train_loss=0.6602 train_acc=57.64% | val_loss=0.6558 val_acc=58.24% | lr=3.000000e-06
Saved new best model to /tmp/bow_mlp_imdb_w7vwzd4x.pt
Epoch 48/301 | train_loss=0.6598 train_acc=57.90% | val_loss=0.6545 val_acc=58.36% | lr=3.000000e-06
Saved new best model to /tmp/bow_mlp_imdb_w7vwzd4x.pt
Epoch 49/301 | train_loss=0.6576 train_acc=57.89% | val_loss=0.6531 val_acc=58.54% | lr=3.000000e-06
Saved new best model to /tmp/bow_mlp_imdb_w7vwzd4x.pt
Epoch 50/301 | train_loss=0.6566 train_acc=58.26% | val_loss=0.6518 val_acc=58.80% | lr=3.000000e-06
Saved new best model to /tmp/bow_mlp_imdb_w7vwzd4x.pt
Epoch 51/301 | train_loss=0.6560 train_acc=58.62% | val_loss=0.6504 val_acc=59.16% | lr=3.000000e-06
Saved new best model to /tmp/bow_mlp_imdb_w7vwzd4x.pt
Epoch 52/301 | train_loss=0.6540 train_acc=58.55% | val_loss=0.6491 val_acc=59.22% | lr=3.000000e-06
Saved new best model to /tmp/bow_mlp_imdb_w7vwzd4x.pt
Epoch 53/301 | train_loss=0.6528 train_acc=59.08% | val_loss=0.6477 val_acc=59.42% | lr=3.000000e-06
Saved new best model to /tmp/bow_mlp_imdb_w7vwzd4x.pt
Epoch 54/301 | train_loss=0.6519 train_acc=59.28% | val_loss=0.6463 val_acc=59.68% | lr=3.000000e-06
Saved new best model to /tmp/bow_mlp_imdb_w7vwzd4x.pt
Epoch 55/301 | train_loss=0.6498 train_acc=59.50% | val_loss=0.6449 val_acc=59.94% | lr=3.000000e-06
Saved new best model to /tmp/bow_mlp_imdb_w7vwzd4x.pt
Epoch 56/301 | train_loss=0.6480 train_acc=59.45% | val_loss=0.6435 val_acc=60.42% | lr=3.000000e-06
Saved new best model to /tmp/bow_mlp_imdb_w7vwzd4x.pt
Epoch 57/301 | train_loss=0.6466 train_acc=60.01% | val_loss=0.6419 val_acc=60.68% | lr=3.000000e-06
Saved new best model to /tmp/bow_mlp_imdb_w7vwzd4x.pt
Epoch 58/301 | train_loss=0.6454 train_acc=59.91% | val_loss=0.6404 val_acc=61.02% | lr=3.000000e-06
Saved new best model to /tmp/bow_mlp_imdb_w7vwzd4x.pt
Epoch 59/301 | train_loss=0.6449 train_acc=60.10% | val_loss=0.6389 val_acc=61.08% | lr=3.000000e-06
Saved new best model to /tmp/bow_mlp_imdb_w7vwzd4x.pt
Epoch 60/301 | train_loss=0.6423 train_acc=60.49% | val_loss=0.6373 val_acc=61.28% | lr=3.000000e-06
Saved new best model to /tmp/bow_mlp_imdb_w7vwzd4x.pt
Epoch 61/301 | train_loss=0.6415 train_acc=60.36% | val_loss=0.6357 val_acc=61.40% | lr=3.000000e-06
Saved new best model to /tmp/bow_mlp_imdb_w7vwzd4x.pt
Epoch 62/301 | train_loss=0.6411 train_acc=60.48% | val_loss=0.6341 val_acc=61.62% | lr=3.000000e-06
Saved new best model to /tmp/bow_mlp_imdb_w7vwzd4x.pt
Epoch 63/301 | train_loss=0.6387 train_acc=60.83% | val_loss=0.6325 val_acc=61.72% | lr=3.000000e-06
Saved new best model to /tmp/bow_mlp_imdb_w7vwzd4x.pt
Epoch 64/301 | train_loss=0.6367 train_acc=61.43% | val_loss=0.6309 val_acc=62.02% | lr=3.000000e-06
Saved new best model to /tmp/bow_mlp_imdb_w7vwzd4x.pt
Epoch 65/301 | train_loss=0.6347 train_acc=61.67% | val_loss=0.6292 val_acc=62.32% | lr=3.000000e-06
Saved new best model to /tmp/bow_mlp_imdb_w7vwzd4x.pt
Epoch 66/301 | train_loss=0.6345 train_acc=61.63% | val_loss=0.6277 val_acc=62.48% | lr=3.000000e-06
Saved new best model to /tmp/bow_mlp_imdb_w7vwzd4x.pt
Epoch 67/301 | train_loss=0.6318 train_acc=62.20% | val_loss=0.6260 val_acc=62.68% | lr=3.000000e-06
Saved new best model to /tmp/bow_mlp_imdb_w7vwzd4x.pt
Epoch 68/301 | train_loss=0.6307 train_acc=62.18% | val_loss=0.6244 val_acc=62.92% | lr=3.000000e-06
Saved new best model to /tmp/bow_mlp_imdb_w7vwzd4x.pt
Epoch 69/301 | train_loss=0.6303 train_acc=62.38% | val_loss=0.6229 val_acc=63.16% | lr=3.000000e-06
Saved new best model to /tmp/bow_mlp_imdb_w7vwzd4x.pt
Epoch 70/301 | train_loss=0.6268 train_acc=62.41% | val_loss=0.6213 val_acc=63.30% | lr=3.000000e-06
Saved new best model to /tmp/bow_mlp_imdb_w7vwzd4x.pt
Epoch 71/301 | train_loss=0.6263 train_acc=62.63% | val_loss=0.6198 val_acc=63.60% | lr=3.000000e-06
Saved new best model to /tmp/bow_mlp_imdb_w7vwzd4x.pt
Epoch 72/301 | train_loss=0.6246 train_acc=63.08% | val_loss=0.6183 val_acc=63.80% | lr=3.000000e-06
Saved new best model to /tmp/bow_mlp_imdb_w7vwzd4x.pt
Epoch 73/301 | train_loss=0.6252 train_acc=63.12% | val_loss=0.6169 val_acc=64.06% | lr=3.000000e-06
Saved new best model to /tmp/bow_mlp_imdb_w7vwzd4x.pt
Epoch 74/301 | train_loss=0.6244 train_acc=63.10% | val_loss=0.6155 val_acc=64.40% | lr=3.000000e-06
Saved new best model to /tmp/bow_mlp_imdb_w7vwzd4x.pt
Epoch 75/301 | train_loss=0.6212 train_acc=63.91% | val_loss=0.6140 val_acc=64.64% | lr=3.000000e-06
Saved new best model to /tmp/bow_mlp_imdb_w7vwzd4x.pt
Epoch 76/301 | train_loss=0.6217 train_acc=63.69% | val_loss=0.6126 val_acc=64.90% | lr=3.000000e-06
Saved new best model to /tmp/bow_mlp_imdb_w7vwzd4x.pt
Epoch 77/301 | train_loss=0.6181 train_acc=63.95% | val_loss=0.6112 val_acc=65.26% | lr=3.000000e-06
Saved new best model to /tmp/bow_mlp_imdb_w7vwzd4x.pt
Epoch 78/301 | train_loss=0.6175 train_acc=64.11% | val_loss=0.6098 val_acc=65.38% | lr=3.000000e-06
Saved new best model to /tmp/bow_mlp_imdb_w7vwzd4x.pt
Epoch 79/301 | train_loss=0.6157 train_acc=64.64% | val_loss=0.6084 val_acc=65.66% | lr=3.000000e-06
Saved new best model to /tmp/bow_mlp_imdb_w7vwzd4x.pt
Epoch 80/301 | train_loss=0.6143 train_acc=64.61% | val_loss=0.6070 val_acc=65.80% | lr=3.000000e-06
Saved new best model to /tmp/bow_mlp_imdb_w7vwzd4x.pt
Epoch 81/301 | train_loss=0.6122 train_acc=65.03% | val_loss=0.6055 val_acc=66.18% | lr=3.000000e-06
Saved new best model to /tmp/bow_mlp_imdb_w7vwzd4x.pt
Epoch 82/301 | train_loss=0.6133 train_acc=65.14% | val_loss=0.6042 val_acc=66.58% | lr=3.000000e-06
Saved new best model to /tmp/bow_mlp_imdb_w7vwzd4x.pt
Epoch 83/301 | train_loss=0.6121 train_acc=65.22% | val_loss=0.6029 val_acc=66.90% | lr=3.000000e-06
Saved new best model to /tmp/bow_mlp_imdb_w7vwzd4x.pt
Epoch 84/301 | train_loss=0.6100 train_acc=65.52% | val_loss=0.6015 val_acc=67.18% | lr=3.000000e-06
Saved new best model to /tmp/bow_mlp_imdb_w7vwzd4x.pt
Epoch 85/301 | train_loss=0.6070 train_acc=65.66% | val_loss=0.6001 val_acc=67.50% | lr=3.000000e-06
Saved new best model to /tmp/bow_mlp_imdb_w7vwzd4x.pt
Epoch 86/301 | train_loss=0.6086 train_acc=65.61% | val_loss=0.5988 val_acc=67.88% | lr=3.000000e-06
Saved new best model to /tmp/bow_mlp_imdb_w7vwzd4x.pt
Epoch 87/301 | train_loss=0.6056 train_acc=66.15% | val_loss=0.5975 val_acc=68.28% | lr=3.000000e-06
Saved new best model to /tmp/bow_mlp_imdb_w7vwzd4x.pt
Epoch 88/301 | train_loss=0.6045 train_acc=66.20% | val_loss=0.5961 val_acc=68.44% | lr=3.000000e-06
Saved new best model to /tmp/bow_mlp_imdb_w7vwzd4x.pt
Epoch 89/301 | train_loss=0.6043 train_acc=66.48% | val_loss=0.5949 val_acc=68.62% | lr=3.000000e-06
Saved new best model to /tmp/bow_mlp_imdb_w7vwzd4x.pt
Epoch 90/301 | train_loss=0.6021 train_acc=66.55% | val_loss=0.5936 val_acc=68.86% | lr=3.000000e-06
Saved new best model to /tmp/bow_mlp_imdb_w7vwzd4x.pt
Epoch 91/301 | train_loss=0.6010 train_acc=66.56% | val_loss=0.5923 val_acc=69.04% | lr=3.000000e-06
Saved new best model to /tmp/bow_mlp_imdb_w7vwzd4x.pt
Epoch 92/301 | train_loss=0.5984 train_acc=67.18% | val_loss=0.5910 val_acc=69.18% | lr=3.000000e-06
Saved new best model to /tmp/bow_mlp_imdb_w7vwzd4x.pt
Epoch 93/301 | train_loss=0.5990 train_acc=67.06% | val_loss=0.5897 val_acc=69.46% | lr=3.000000e-06
Saved new best model to /tmp/bow_mlp_imdb_w7vwzd4x.pt
Epoch 94/301 | train_loss=0.5974 train_acc=67.23% | val_loss=0.5884 val_acc=69.60% | lr=3.000000e-06
Saved new best model to /tmp/bow_mlp_imdb_w7vwzd4x.pt
Epoch 95/301 | train_loss=0.5973 train_acc=67.44% | val_loss=0.5872 val_acc=69.86% | lr=3.000000e-06
Saved new best model to /tmp/bow_mlp_imdb_w7vwzd4x.pt
Epoch 96/301 | train_loss=0.5954 train_acc=67.06% | val_loss=0.5860 val_acc=69.98% | lr=3.000000e-06
Saved new best model to /tmp/bow_mlp_imdb_w7vwzd4x.pt
Epoch 97/301 | train_loss=0.5940 train_acc=67.81% | val_loss=0.5847 val_acc=70.12% | lr=3.000000e-06
Saved new best model to /tmp/bow_mlp_imdb_w7vwzd4x.pt
Epoch 98/301 | train_loss=0.5922 train_acc=67.92% | val_loss=0.5835 val_acc=70.30% | lr=3.000000e-06
Saved new best model to /tmp/bow_mlp_imdb_w7vwzd4x.pt
Epoch 99/301 | train_loss=0.5912 train_acc=68.25% | val_loss=0.5822 val_acc=70.52% | lr=3.000000e-06
Saved new best model to /tmp/bow_mlp_imdb_w7vwzd4x.pt
Epoch 100/301 | train_loss=0.5905 train_acc=67.78% | val_loss=0.5810 val_acc=70.74% | lr=3.000000e-06
Saved new best model to /tmp/bow_mlp_imdb_w7vwzd4x.pt
Epoch 101/301 | train_loss=0.5888 train_acc=68.62% | val_loss=0.5798 val_acc=71.02% | lr=3.000000e-06
Saved new best model to /tmp/bow_mlp_imdb_w7vwzd4x.pt
Epoch 102/301 | train_loss=0.5871 train_acc=68.61% | val_loss=0.5785 val_acc=71.16% | lr=3.000000e-06
Saved new best model to /tmp/bow_mlp_imdb_w7vwzd4x.pt
Epoch 103/301 | train_loss=0.5875 train_acc=68.56% | val_loss=0.5773 val_acc=71.28% | lr=3.000000e-06
Saved new best model to /tmp/bow_mlp_imdb_w7vwzd4x.pt
Epoch 104/301 | train_loss=0.5862 train_acc=68.92% | val_loss=0.5761 val_acc=71.54% | lr=3.000000e-06
Saved new best model to /tmp/bow_mlp_imdb_w7vwzd4x.pt
Epoch 105/301 | train_loss=0.5847 train_acc=69.22% | val_loss=0.5749 val_acc=71.64% | lr=3.000000e-06
Saved new best model to /tmp/bow_mlp_imdb_w7vwzd4x.pt
Epoch 106/301 | train_loss=0.5829 train_acc=69.25% | val_loss=0.5737 val_acc=71.80% | lr=3.000000e-06
Saved new best model to /tmp/bow_mlp_imdb_w7vwzd4x.pt
Epoch 107/301 | train_loss=0.5822 train_acc=69.34% | val_loss=0.5725 val_acc=71.92% | lr=3.000000e-06
Saved new best model to /tmp/bow_mlp_imdb_w7vwzd4x.pt
Epoch 108/301 | train_loss=0.5817 train_acc=69.49% | val_loss=0.5713 val_acc=72.04% | lr=3.000000e-06
Saved new best model to /tmp/bow_mlp_imdb_w7vwzd4x.pt
Epoch 109/301 | train_loss=0.5805 train_acc=69.70% | val_loss=0.5701 val_acc=72.16% | lr=3.000000e-06
Saved new best model to /tmp/bow_mlp_imdb_w7vwzd4x.pt
Epoch 110/301 | train_loss=0.5797 train_acc=69.86% | val_loss=0.5689 val_acc=72.22% | lr=3.000000e-06
Saved new best model to /tmp/bow_mlp_imdb_w7vwzd4x.pt
Epoch 111/301 | train_loss=0.5781 train_acc=70.03% | val_loss=0.5678 val_acc=72.48% | lr=3.000000e-06
Saved new best model to /tmp/bow_mlp_imdb_w7vwzd4x.pt
Epoch 112/301 | train_loss=0.5743 train_acc=70.30% | val_loss=0.5666 val_acc=72.62% | lr=3.000000e-06
Saved new best model to /tmp/bow_mlp_imdb_w7vwzd4x.pt
Epoch 113/301 | train_loss=0.5755 train_acc=70.39% | val_loss=0.5654 val_acc=72.78% | lr=3.000000e-06
Saved new best model to /tmp/bow_mlp_imdb_w7vwzd4x.pt
Epoch 114/301 | train_loss=0.5742 train_acc=70.33% | val_loss=0.5643 val_acc=72.88% | lr=3.000000e-06
Saved new best model to /tmp/bow_mlp_imdb_w7vwzd4x.pt
Epoch 115/301 | train_loss=0.5739 train_acc=70.49% | val_loss=0.5632 val_acc=73.10% | lr=3.000000e-06
Saved new best model to /tmp/bow_mlp_imdb_w7vwzd4x.pt
Epoch 116/301 | train_loss=0.5738 train_acc=70.55% | val_loss=0.5621 val_acc=73.24% | lr=3.000000e-06
Saved new best model to /tmp/bow_mlp_imdb_w7vwzd4x.pt
Epoch 117/301 | train_loss=0.5715 train_acc=71.10% | val_loss=0.5609 val_acc=73.40% | lr=3.000000e-06
Saved new best model to /tmp/bow_mlp_imdb_w7vwzd4x.pt
Epoch 118/301 | train_loss=0.5719 train_acc=71.10% | val_loss=0.5598 val_acc=73.60% | lr=3.000000e-06
Saved new best model to /tmp/bow_mlp_imdb_w7vwzd4x.pt
Epoch 119/301 | train_loss=0.5696 train_acc=71.28% | val_loss=0.5587 val_acc=73.84% | lr=3.000000e-06
Saved new best model to /tmp/bow_mlp_imdb_w7vwzd4x.pt
Epoch 120/301 | train_loss=0.5688 train_acc=71.23% | val_loss=0.5576 val_acc=74.00% | lr=3.000000e-06
Saved new best model to /tmp/bow_mlp_imdb_w7vwzd4x.pt
Epoch 121/301 | train_loss=0.5663 train_acc=71.45% | val_loss=0.5565 val_acc=74.14% | lr=3.000000e-06
Saved new best model to /tmp/bow_mlp_imdb_w7vwzd4x.pt
Epoch 122/301 | train_loss=0.5655 train_acc=71.64% | val_loss=0.5554 val_acc=74.28% | lr=3.000000e-06
Saved new best model to /tmp/bow_mlp_imdb_w7vwzd4x.pt
Epoch 123/301 | train_loss=0.5646 train_acc=71.69% | val_loss=0.5543 val_acc=74.42% | lr=3.000000e-06
Saved new best model to /tmp/bow_mlp_imdb_w7vwzd4x.pt
Epoch 124/301 | train_loss=0.5634 train_acc=72.00% | val_loss=0.5532 val_acc=74.70% | lr=3.000000e-06
Saved new best model to /tmp/bow_mlp_imdb_w7vwzd4x.pt
Epoch 125/301 | train_loss=0.5627 train_acc=72.08% | val_loss=0.5521 val_acc=74.92% | lr=3.000000e-06
Saved new best model to /tmp/bow_mlp_imdb_w7vwzd4x.pt
Epoch 126/301 | train_loss=0.5637 train_acc=71.92% | val_loss=0.5510 val_acc=75.14% | lr=3.000000e-06
Saved new best model to /tmp/bow_mlp_imdb_w7vwzd4x.pt
Epoch 127/301 | train_loss=0.5623 train_acc=71.96% | val_loss=0.5500 val_acc=75.20% | lr=3.000000e-06
Saved new best model to /tmp/bow_mlp_imdb_w7vwzd4x.pt
Epoch 128/301 | train_loss=0.5599 train_acc=72.35% | val_loss=0.5489 val_acc=75.42% | lr=3.000000e-06
Saved new best model to /tmp/bow_mlp_imdb_w7vwzd4x.pt
Epoch 129/301 | train_loss=0.5591 train_acc=72.75% | val_loss=0.5479 val_acc=75.68% | lr=3.000000e-06
Saved new best model to /tmp/bow_mlp_imdb_w7vwzd4x.pt
Epoch 130/301 | train_loss=0.5591 train_acc=72.36% | val_loss=0.5468 val_acc=75.82% | lr=3.000000e-06
Saved new best model to /tmp/bow_mlp_imdb_w7vwzd4x.pt
Epoch 131/301 | train_loss=0.5571 train_acc=72.30% | val_loss=0.5458 val_acc=75.96% | lr=3.000000e-06
Saved new best model to /tmp/bow_mlp_imdb_w7vwzd4x.pt
Epoch 132/301 | train_loss=0.5553 train_acc=72.97% | val_loss=0.5447 val_acc=76.02% | lr=3.000000e-06
Saved new best model to /tmp/bow_mlp_imdb_w7vwzd4x.pt
Epoch 133/301 | train_loss=0.5562 train_acc=72.77% | val_loss=0.5437 val_acc=76.18% | lr=3.000000e-06
Saved new best model to /tmp/bow_mlp_imdb_w7vwzd4x.pt
Epoch 134/301 | train_loss=0.5515 train_acc=73.33% | val_loss=0.5426 val_acc=76.28% | lr=3.000000e-06
Saved new best model to /tmp/bow_mlp_imdb_w7vwzd4x.pt
Epoch 135/301 | train_loss=0.5516 train_acc=73.32% | val_loss=0.5415 val_acc=76.36% | lr=3.000000e-06
Saved new best model to /tmp/bow_mlp_imdb_w7vwzd4x.pt
Epoch 136/301 | train_loss=0.5515 train_acc=73.31% | val_loss=0.5404 val_acc=76.44% | lr=3.000000e-06
Saved new best model to /tmp/bow_mlp_imdb_w7vwzd4x.pt
Epoch 137/301 | train_loss=0.5516 train_acc=73.36% | val_loss=0.5394 val_acc=76.50% | lr=3.000000e-06
Saved new best model to /tmp/bow_mlp_imdb_w7vwzd4x.pt
Epoch 138/301 | train_loss=0.5517 train_acc=73.30% | val_loss=0.5385 val_acc=76.54% | lr=3.000000e-06
Saved new best model to /tmp/bow_mlp_imdb_w7vwzd4x.pt
Epoch 139/301 | train_loss=0.5496 train_acc=73.30% | val_loss=0.5375 val_acc=76.76% | lr=3.000000e-06
Saved new best model to /tmp/bow_mlp_imdb_w7vwzd4x.pt
Epoch 140/301 | train_loss=0.5478 train_acc=73.73% | val_loss=0.5365 val_acc=76.92% | lr=3.000000e-06
Saved new best model to /tmp/bow_mlp_imdb_w7vwzd4x.pt
Epoch 141/301 | train_loss=0.5466 train_acc=74.07% | val_loss=0.5355 val_acc=77.16% | lr=3.000000e-06
Saved new best model to /tmp/bow_mlp_imdb_w7vwzd4x.pt
Epoch 142/301 | train_loss=0.5458 train_acc=73.91% | val_loss=0.5344 val_acc=77.22% | lr=3.000000e-06
Saved new best model to /tmp/bow_mlp_imdb_w7vwzd4x.pt
Epoch 143/301 | train_loss=0.5477 train_acc=73.88% | val_loss=0.5335 val_acc=77.36% | lr=3.000000e-06
Saved new best model to /tmp/bow_mlp_imdb_w7vwzd4x.pt
Epoch 144/301 | train_loss=0.5432 train_acc=74.07% | val_loss=0.5325 val_acc=77.44% | lr=3.000000e-06
Saved new best model to /tmp/bow_mlp_imdb_w7vwzd4x.pt
Epoch 145/301 | train_loss=0.5430 train_acc=74.39% | val_loss=0.5315 val_acc=77.60% | lr=3.000000e-06
Saved new best model to /tmp/bow_mlp_imdb_w7vwzd4x.pt
Epoch 146/301 | train_loss=0.5411 train_acc=74.29% | val_loss=0.5305 val_acc=77.70% | lr=3.000000e-06
Saved new best model to /tmp/bow_mlp_imdb_w7vwzd4x.pt
Epoch 147/301 | train_loss=0.5411 train_acc=74.50% | val_loss=0.5295 val_acc=77.76% | lr=3.000000e-06
Saved new best model to /tmp/bow_mlp_imdb_w7vwzd4x.pt
Epoch 148/301 | train_loss=0.5421 train_acc=74.91% | val_loss=0.5285 val_acc=77.86% | lr=3.000000e-06
Saved new best model to /tmp/bow_mlp_imdb_w7vwzd4x.pt
Epoch 149/301 | train_loss=0.5388 train_acc=74.57% | val_loss=0.5276 val_acc=77.90% | lr=3.000000e-06
Saved new best model to /tmp/bow_mlp_imdb_w7vwzd4x.pt
Epoch 150/301 | train_loss=0.5388 train_acc=74.64% | val_loss=0.5266 val_acc=78.00% | lr=3.000000e-06
Saved new best model to /tmp/bow_mlp_imdb_w7vwzd4x.pt
Epoch 151/301 | train_loss=0.5394 train_acc=74.67% | val_loss=0.5257 val_acc=78.12% | lr=3.000000e-06
Saved new best model to /tmp/bow_mlp_imdb_w7vwzd4x.pt
Epoch 152/301 | train_loss=0.5363 train_acc=75.05% | val_loss=0.5248 val_acc=78.06% | lr=3.000000e-06
Epoch 153/301 | train_loss=0.5357 train_acc=75.36% | val_loss=0.5238 val_acc=78.14% | lr=3.000000e-06
Saved new best model to /tmp/bow_mlp_imdb_w7vwzd4x.pt
Epoch 154/301 | train_loss=0.5344 train_acc=75.31% | val_loss=0.5229 val_acc=78.16% | lr=3.000000e-06
Saved new best model to /tmp/bow_mlp_imdb_w7vwzd4x.pt
Epoch 155/301 | train_loss=0.5350 train_acc=74.92% | val_loss=0.5220 val_acc=78.30% | lr=3.000000e-06
Saved new best model to /tmp/bow_mlp_imdb_w7vwzd4x.pt
Epoch 156/301 | train_loss=0.5356 train_acc=75.11% | val_loss=0.5211 val_acc=78.38% | lr=3.000000e-06
Saved new best model to /tmp/bow_mlp_imdb_w7vwzd4x.pt
Epoch 157/301 | train_loss=0.5331 train_acc=75.70% | val_loss=0.5202 val_acc=78.46% | lr=3.000000e-06
Saved new best model to /tmp/bow_mlp_imdb_w7vwzd4x.pt
Epoch 158/301 | train_loss=0.5323 train_acc=75.21% | val_loss=0.5193 val_acc=78.56% | lr=3.000000e-06
Saved new best model to /tmp/bow_mlp_imdb_w7vwzd4x.pt
Epoch 159/301 | train_loss=0.5326 train_acc=75.51% | val_loss=0.5185 val_acc=78.76% | lr=3.000000e-06
Saved new best model to /tmp/bow_mlp_imdb_w7vwzd4x.pt
Epoch 160/301 | train_loss=0.5300 train_acc=75.81% | val_loss=0.5175 val_acc=78.90% | lr=3.000000e-06
Saved new best model to /tmp/bow_mlp_imdb_w7vwzd4x.pt
Epoch 161/301 | train_loss=0.5288 train_acc=75.56% | val_loss=0.5166 val_acc=78.90% | lr=3.000000e-06
Epoch 162/301 | train_loss=0.5284 train_acc=75.69% | val_loss=0.5157 val_acc=78.88% | lr=3.000000e-06
Epoch 163/301 | train_loss=0.5293 train_acc=75.66% | val_loss=0.5148 val_acc=79.10% | lr=3.000000e-06
Saved new best model to /tmp/bow_mlp_imdb_w7vwzd4x.pt
Epoch 164/301 | train_loss=0.5270 train_acc=76.12% | val_loss=0.5139 val_acc=79.10% | lr=3.000000e-06
Epoch 165/301 | train_loss=0.5263 train_acc=75.88% | val_loss=0.5131 val_acc=79.14% | lr=3.000000e-06
Saved new best model to /tmp/bow_mlp_imdb_w7vwzd4x.pt
Epoch 166/301 | train_loss=0.5244 train_acc=76.74% | val_loss=0.5122 val_acc=79.14% | lr=3.000000e-06
Epoch 167/301 | train_loss=0.5257 train_acc=76.13% | val_loss=0.5113 val_acc=79.22% | lr=3.000000e-06
Saved new best model to /tmp/bow_mlp_imdb_w7vwzd4x.pt
Epoch 168/301 | train_loss=0.5220 train_acc=76.20% | val_loss=0.5104 val_acc=79.22% | lr=3.000000e-06
Epoch 169/301 | train_loss=0.5224 train_acc=76.28% | val_loss=0.5095 val_acc=79.28% | lr=3.000000e-06
Saved new best model to /tmp/bow_mlp_imdb_w7vwzd4x.pt
Epoch 170/301 | train_loss=0.5212 train_acc=76.97% | val_loss=0.5086 val_acc=79.32% | lr=3.000000e-06
Saved new best model to /tmp/bow_mlp_imdb_w7vwzd4x.pt
Epoch 171/301 | train_loss=0.5203 train_acc=76.79% | val_loss=0.5077 val_acc=79.38% | lr=3.000000e-06
Saved new best model to /tmp/bow_mlp_imdb_w7vwzd4x.pt
Epoch 172/301 | train_loss=0.5206 train_acc=76.42% | val_loss=0.5068 val_acc=79.40% | lr=3.000000e-06
Saved new best model to /tmp/bow_mlp_imdb_w7vwzd4x.pt
Epoch 173/301 | train_loss=0.5197 train_acc=76.50% | val_loss=0.5060 val_acc=79.56% | lr=3.000000e-06
Saved new best model to /tmp/bow_mlp_imdb_w7vwzd4x.pt
Epoch 174/301 | train_loss=0.5193 train_acc=76.57% | val_loss=0.5051 val_acc=79.72% | lr=3.000000e-06
Saved new best model to /tmp/bow_mlp_imdb_w7vwzd4x.pt
Epoch 175/301 | train_loss=0.5182 train_acc=76.72% | val_loss=0.5043 val_acc=79.78% | lr=3.000000e-06
Saved new best model to /tmp/bow_mlp_imdb_w7vwzd4x.pt
Epoch 176/301 | train_loss=0.5173 train_acc=76.83% | val_loss=0.5034 val_acc=79.94% | lr=3.000000e-06
Saved new best model to /tmp/bow_mlp_imdb_w7vwzd4x.pt
Epoch 177/301 | train_loss=0.5180 train_acc=76.66% | val_loss=0.5026 val_acc=80.00% | lr=3.000000e-06
Saved new best model to /tmp/bow_mlp_imdb_w7vwzd4x.pt
Epoch 178/301 | train_loss=0.5135 train_acc=77.28% | val_loss=0.5016 val_acc=80.12% | lr=3.000000e-06
Saved new best model to /tmp/bow_mlp_imdb_w7vwzd4x.pt
Epoch 179/301 | train_loss=0.5132 train_acc=77.55% | val_loss=0.5007 val_acc=80.22% | lr=3.000000e-06
Saved new best model to /tmp/bow_mlp_imdb_w7vwzd4x.pt
Epoch 180/301 | train_loss=0.5120 train_acc=77.44% | val_loss=0.4998 val_acc=80.28% | lr=3.000000e-06
Saved new best model to /tmp/bow_mlp_imdb_w7vwzd4x.pt
Epoch 181/301 | train_loss=0.5095 train_acc=77.49% | val_loss=0.4988 val_acc=80.36% | lr=3.000000e-06
Saved new best model to /tmp/bow_mlp_imdb_w7vwzd4x.pt
Epoch 182/301 | train_loss=0.5095 train_acc=77.35% | val_loss=0.4979 val_acc=80.48% | lr=3.000000e-06
Saved new best model to /tmp/bow_mlp_imdb_w7vwzd4x.pt
Epoch 183/301 | train_loss=0.5111 train_acc=77.13% | val_loss=0.4970 val_acc=80.46% | lr=3.000000e-06
Epoch 184/301 | train_loss=0.5071 train_acc=77.66% | val_loss=0.4960 val_acc=80.50% | lr=3.000000e-06
Saved new best model to /tmp/bow_mlp_imdb_w7vwzd4x.pt
Epoch 185/301 | train_loss=0.5053 train_acc=77.98% | val_loss=0.4950 val_acc=80.58% | lr=3.000000e-06
Saved new best model to /tmp/bow_mlp_imdb_w7vwzd4x.pt
Epoch 186/301 | train_loss=0.5065 train_acc=77.57% | val_loss=0.4941 val_acc=80.70% | lr=3.000000e-06
Saved new best model to /tmp/bow_mlp_imdb_w7vwzd4x.pt
Epoch 187/301 | train_loss=0.5061 train_acc=77.44% | val_loss=0.4931 val_acc=80.76% | lr=3.000000e-06
Saved new best model to /tmp/bow_mlp_imdb_w7vwzd4x.pt
Epoch 188/301 | train_loss=0.5084 train_acc=77.42% | val_loss=0.4922 val_acc=80.78% | lr=3.000000e-06
Saved new best model to /tmp/bow_mlp_imdb_w7vwzd4x.pt
Epoch 189/301 | train_loss=0.5036 train_acc=77.83% | val_loss=0.4913 val_acc=80.84% | lr=3.000000e-06
Saved new best model to /tmp/bow_mlp_imdb_w7vwzd4x.pt
Epoch 190/301 | train_loss=0.5027 train_acc=77.86% | val_loss=0.4904 val_acc=80.94% | lr=3.000000e-06
Saved new best model to /tmp/bow_mlp_imdb_w7vwzd4x.pt
Epoch 191/301 | train_loss=0.5014 train_acc=78.05% | val_loss=0.4895 val_acc=80.94% | lr=3.000000e-06
Epoch 192/301 | train_loss=0.5006 train_acc=78.09% | val_loss=0.4886 val_acc=81.02% | lr=3.000000e-06
Saved new best model to /tmp/bow_mlp_imdb_w7vwzd4x.pt
Epoch 193/301 | train_loss=0.5009 train_acc=77.93% | val_loss=0.4877 val_acc=81.00% | lr=3.000000e-06
Epoch 194/301 | train_loss=0.5013 train_acc=78.23% | val_loss=0.4869 val_acc=81.02% | lr=3.000000e-06
Epoch 195/301 | train_loss=0.4974 train_acc=78.39% | val_loss=0.4860 val_acc=81.06% | lr=3.000000e-06
Saved new best model to /tmp/bow_mlp_imdb_w7vwzd4x.pt
Epoch 196/301 | train_loss=0.4980 train_acc=78.06% | val_loss=0.4851 val_acc=81.12% | lr=3.000000e-06
Saved new best model to /tmp/bow_mlp_imdb_w7vwzd4x.pt
Epoch 197/301 | train_loss=0.4969 train_acc=78.70% | val_loss=0.4842 val_acc=81.14% | lr=3.000000e-06
Saved new best model to /tmp/bow_mlp_imdb_w7vwzd4x.pt
Epoch 198/301 | train_loss=0.4956 train_acc=78.36% | val_loss=0.4834 val_acc=81.16% | lr=3.000000e-06
Saved new best model to /tmp/bow_mlp_imdb_w7vwzd4x.pt
Epoch 199/301 | train_loss=0.4980 train_acc=78.33% | val_loss=0.4826 val_acc=81.22% | lr=3.000000e-06
Saved new best model to /tmp/bow_mlp_imdb_w7vwzd4x.pt
Epoch 200/301 | train_loss=0.4950 train_acc=78.55% | val_loss=0.4817 val_acc=81.30% | lr=3.000000e-06
Saved new best model to /tmp/bow_mlp_imdb_w7vwzd4x.pt
Epoch 201/301 | train_loss=0.4930 train_acc=78.75% | val_loss=0.4809 val_acc=81.40% | lr=3.000000e-06
Saved new best model to /tmp/bow_mlp_imdb_w7vwzd4x.pt
Epoch 202/301 | train_loss=0.4931 train_acc=78.50% | val_loss=0.4801 val_acc=81.50% | lr=3.000000e-06
Saved new best model to /tmp/bow_mlp_imdb_w7vwzd4x.pt
Epoch 203/301 | train_loss=0.4918 train_acc=78.81% | val_loss=0.4792 val_acc=81.62% | lr=3.000000e-06
Saved new best model to /tmp/bow_mlp_imdb_w7vwzd4x.pt
Epoch 204/301 | train_loss=0.4921 train_acc=78.59% | val_loss=0.4784 val_acc=81.66% | lr=3.000000e-06
Saved new best model to /tmp/bow_mlp_imdb_w7vwzd4x.pt
Epoch 205/301 | train_loss=0.4907 train_acc=79.07% | val_loss=0.4776 val_acc=81.66% | lr=3.000000e-06
Epoch 206/301 | train_loss=0.4871 train_acc=79.00% | val_loss=0.4767 val_acc=81.66% | lr=3.000000e-06
Epoch 207/301 | train_loss=0.4906 train_acc=78.94% | val_loss=0.4760 val_acc=81.74% | lr=3.000000e-06
Saved new best model to /tmp/bow_mlp_imdb_w7vwzd4x.pt
Epoch 208/301 | train_loss=0.4893 train_acc=78.90% | val_loss=0.4752 val_acc=81.76% | lr=3.000000e-06
Saved new best model to /tmp/bow_mlp_imdb_w7vwzd4x.pt
Epoch 209/301 | train_loss=0.4886 train_acc=78.64% | val_loss=0.4745 val_acc=81.74% | lr=3.000000e-06
Epoch 210/301 | train_loss=0.4868 train_acc=79.14% | val_loss=0.4737 val_acc=81.70% | lr=3.000000e-06
Epoch 211/301 | train_loss=0.4859 train_acc=79.03% | val_loss=0.4730 val_acc=81.76% | lr=3.000000e-06
Epoch 212/301 | train_loss=0.4862 train_acc=79.51% | val_loss=0.4723 val_acc=81.80% | lr=3.000000e-06
Saved new best model to /tmp/bow_mlp_imdb_w7vwzd4x.pt
Epoch 213/301 | train_loss=0.4851 train_acc=79.27% | val_loss=0.4715 val_acc=81.78% | lr=3.000000e-06
Epoch 214/301 | train_loss=0.4848 train_acc=79.33% | val_loss=0.4708 val_acc=81.86% | lr=3.000000e-06
Saved new best model to /tmp/bow_mlp_imdb_w7vwzd4x.pt
Epoch 215/301 | train_loss=0.4832 train_acc=79.20% | val_loss=0.4701 val_acc=81.86% | lr=3.000000e-06
Epoch 216/301 | train_loss=0.4836 train_acc=79.25% | val_loss=0.4693 val_acc=81.94% | lr=3.000000e-06
Saved new best model to /tmp/bow_mlp_imdb_w7vwzd4x.pt
Epoch 217/301 | train_loss=0.4825 train_acc=79.14% | val_loss=0.4686 val_acc=81.92% | lr=3.000000e-06
Epoch 218/301 | train_loss=0.4820 train_acc=79.14% | val_loss=0.4679 val_acc=81.96% | lr=3.000000e-06
Saved new best model to /tmp/bow_mlp_imdb_w7vwzd4x.pt
Epoch 219/301 | train_loss=0.4792 train_acc=79.75% | val_loss=0.4672 val_acc=82.02% | lr=3.000000e-06
Saved new best model to /tmp/bow_mlp_imdb_w7vwzd4x.pt
Epoch 220/301 | train_loss=0.4806 train_acc=79.57% | val_loss=0.4665 val_acc=82.10% | lr=3.000000e-06
Saved new best model to /tmp/bow_mlp_imdb_w7vwzd4x.pt
Epoch 221/301 | train_loss=0.4782 train_acc=79.65% | val_loss=0.4658 val_acc=82.12% | lr=3.000000e-06
Saved new best model to /tmp/bow_mlp_imdb_w7vwzd4x.pt
Epoch 222/301 | train_loss=0.4807 train_acc=79.39% | val_loss=0.4651 val_acc=82.18% | lr=3.000000e-06
Saved new best model to /tmp/bow_mlp_imdb_w7vwzd4x.pt
Epoch 223/301 | train_loss=0.4753 train_acc=79.98% | val_loss=0.4644 val_acc=82.14% | lr=3.000000e-06
Epoch 224/301 | train_loss=0.4753 train_acc=79.99% | val_loss=0.4636 val_acc=82.16% | lr=3.000000e-06
Epoch 225/301 | train_loss=0.4788 train_acc=79.42% | val_loss=0.4630 val_acc=82.20% | lr=3.000000e-06
Saved new best model to /tmp/bow_mlp_imdb_w7vwzd4x.pt
Epoch 226/301 | train_loss=0.4745 train_acc=79.88% | val_loss=0.4623 val_acc=82.20% | lr=3.000000e-06
Epoch 227/301 | train_loss=0.4754 train_acc=79.77% | val_loss=0.4617 val_acc=82.24% | lr=3.000000e-06
Saved new best model to /tmp/bow_mlp_imdb_w7vwzd4x.pt
Epoch 228/301 | train_loss=0.4729 train_acc=80.09% | val_loss=0.4610 val_acc=82.30% | lr=3.000000e-06
Saved new best model to /tmp/bow_mlp_imdb_w7vwzd4x.pt
Epoch 229/301 | train_loss=0.4718 train_acc=80.35% | val_loss=0.4603 val_acc=82.32% | lr=3.000000e-06
Saved new best model to /tmp/bow_mlp_imdb_w7vwzd4x.pt
Epoch 230/301 | train_loss=0.4725 train_acc=80.01% | val_loss=0.4596 val_acc=82.40% | lr=3.000000e-06
Saved new best model to /tmp/bow_mlp_imdb_w7vwzd4x.pt
Epoch 231/301 | train_loss=0.4729 train_acc=80.21% | val_loss=0.4590 val_acc=82.52% | lr=3.000000e-06
Saved new best model to /tmp/bow_mlp_imdb_w7vwzd4x.pt
Epoch 232/301 | train_loss=0.4719 train_acc=80.25% | val_loss=0.4584 val_acc=82.50% | lr=3.000000e-06
Epoch 233/301 | train_loss=0.4703 train_acc=80.48% | val_loss=0.4577 val_acc=82.56% | lr=3.000000e-06
Saved new best model to /tmp/bow_mlp_imdb_w7vwzd4x.pt
Epoch 234/301 | train_loss=0.4699 train_acc=80.40% | val_loss=0.4570 val_acc=82.60% | lr=3.000000e-06
Saved new best model to /tmp/bow_mlp_imdb_w7vwzd4x.pt
Epoch 235/301 | train_loss=0.4690 train_acc=80.31% | val_loss=0.4564 val_acc=82.62% | lr=3.000000e-06
Saved new best model to /tmp/bow_mlp_imdb_w7vwzd4x.pt
Epoch 236/301 | train_loss=0.4702 train_acc=80.13% | val_loss=0.4558 val_acc=82.68% | lr=3.000000e-06
Saved new best model to /tmp/bow_mlp_imdb_w7vwzd4x.pt
Epoch 237/301 | train_loss=0.4683 train_acc=80.55% | val_loss=0.4552 val_acc=82.74% | lr=3.000000e-06
Saved new best model to /tmp/bow_mlp_imdb_w7vwzd4x.pt
Epoch 238/301 | train_loss=0.4677 train_acc=80.66% | val_loss=0.4545 val_acc=82.74% | lr=3.000000e-06
Epoch 239/301 | train_loss=0.4670 train_acc=80.57% | val_loss=0.4539 val_acc=82.76% | lr=3.000000e-06
Saved new best model to /tmp/bow_mlp_imdb_w7vwzd4x.pt
Epoch 240/301 | train_loss=0.4671 train_acc=80.63% | val_loss=0.4533 val_acc=82.78% | lr=3.000000e-06
Saved new best model to /tmp/bow_mlp_imdb_w7vwzd4x.pt
Epoch 241/301 | train_loss=0.4656 train_acc=80.52% | val_loss=0.4527 val_acc=82.74% | lr=3.000000e-06
Epoch 242/301 | train_loss=0.4657 train_acc=80.62% | val_loss=0.4521 val_acc=82.78% | lr=3.000000e-06
Epoch 243/301 | train_loss=0.4631 train_acc=80.73% | val_loss=0.4514 val_acc=82.84% | lr=3.000000e-06
Saved new best model to /tmp/bow_mlp_imdb_w7vwzd4x.pt
Epoch 244/301 | train_loss=0.4649 train_acc=80.58% | val_loss=0.4508 val_acc=82.88% | lr=3.000000e-06
Saved new best model to /tmp/bow_mlp_imdb_w7vwzd4x.pt
Epoch 245/301 | train_loss=0.4642 train_acc=80.75% | val_loss=0.4502 val_acc=82.90% | lr=3.000000e-06
Saved new best model to /tmp/bow_mlp_imdb_w7vwzd4x.pt
Epoch 246/301 | train_loss=0.4631 train_acc=80.62% | val_loss=0.4496 val_acc=82.98% | lr=3.000000e-06
Saved new best model to /tmp/bow_mlp_imdb_w7vwzd4x.pt
Epoch 247/301 | train_loss=0.4632 train_acc=80.81% | val_loss=0.4490 val_acc=83.00% | lr=3.000000e-06
Saved new best model to /tmp/bow_mlp_imdb_w7vwzd4x.pt
Epoch 248/301 | train_loss=0.4632 train_acc=80.65% | val_loss=0.4485 val_acc=83.02% | lr=3.000000e-06
Saved new best model to /tmp/bow_mlp_imdb_w7vwzd4x.pt
Epoch 249/301 | train_loss=0.4617 train_acc=80.63% | val_loss=0.4479 val_acc=83.06% | lr=3.000000e-06
Saved new best model to /tmp/bow_mlp_imdb_w7vwzd4x.pt
Epoch 250/301 | train_loss=0.4609 train_acc=80.97% | val_loss=0.4474 val_acc=83.12% | lr=3.000000e-06
Saved new best model to /tmp/bow_mlp_imdb_w7vwzd4x.pt
Epoch 251/301 | train_loss=0.4590 train_acc=81.03% | val_loss=0.4468 val_acc=83.24% | lr=3.000000e-06
Saved new best model to /tmp/bow_mlp_imdb_w7vwzd4x.pt
Epoch 252/301 | train_loss=0.4581 train_acc=81.30% | val_loss=0.4462 val_acc=83.22% | lr=3.000000e-06
Epoch 253/301 | train_loss=0.4606 train_acc=81.11% | val_loss=0.4457 val_acc=83.26% | lr=3.000000e-06
Saved new best model to /tmp/bow_mlp_imdb_w7vwzd4x.pt
Epoch 254/301 | train_loss=0.4579 train_acc=81.20% | val_loss=0.4451 val_acc=83.26% | lr=3.000000e-06
Epoch 255/301 | train_loss=0.4569 train_acc=81.10% | val_loss=0.4445 val_acc=83.34% | lr=3.000000e-06
Saved new best model to /tmp/bow_mlp_imdb_w7vwzd4x.pt
Epoch 256/301 | train_loss=0.4584 train_acc=80.67% | val_loss=0.4439 val_acc=83.38% | lr=3.000000e-06
Saved new best model to /tmp/bow_mlp_imdb_w7vwzd4x.pt
Epoch 257/301 | train_loss=0.4566 train_acc=81.14% | val_loss=0.4434 val_acc=83.38% | lr=3.000000e-06
Epoch 258/301 | train_loss=0.4574 train_acc=80.66% | val_loss=0.4429 val_acc=83.42% | lr=3.000000e-06
Saved new best model to /tmp/bow_mlp_imdb_w7vwzd4x.pt
Epoch 259/301 | train_loss=0.4557 train_acc=81.05% | val_loss=0.4424 val_acc=83.36% | lr=3.000000e-06
Epoch 260/301 | train_loss=0.4533 train_acc=81.30% | val_loss=0.4418 val_acc=83.44% | lr=3.000000e-06
Saved new best model to /tmp/bow_mlp_imdb_w7vwzd4x.pt
Epoch 261/301 | train_loss=0.4564 train_acc=81.12% | val_loss=0.4413 val_acc=83.46% | lr=3.000000e-06
Saved new best model to /tmp/bow_mlp_imdb_w7vwzd4x.pt
Epoch 262/301 | train_loss=0.4511 train_acc=81.75% | val_loss=0.4407 val_acc=83.46% | lr=3.000000e-06
Epoch 263/301 | train_loss=0.4523 train_acc=81.47% | val_loss=0.4401 val_acc=83.54% | lr=3.000000e-06
Saved new best model to /tmp/bow_mlp_imdb_w7vwzd4x.pt
Epoch 264/301 | train_loss=0.4530 train_acc=81.31% | val_loss=0.4396 val_acc=83.56% | lr=3.000000e-06
Saved new best model to /tmp/bow_mlp_imdb_w7vwzd4x.pt
Epoch 265/301 | train_loss=0.4524 train_acc=81.30% | val_loss=0.4391 val_acc=83.60% | lr=3.000000e-06
Saved new best model to /tmp/bow_mlp_imdb_w7vwzd4x.pt
Epoch 266/301 | train_loss=0.4503 train_acc=81.47% | val_loss=0.4386 val_acc=83.62% | lr=3.000000e-06
Saved new best model to /tmp/bow_mlp_imdb_w7vwzd4x.pt
Epoch 267/301 | train_loss=0.4518 train_acc=81.34% | val_loss=0.4381 val_acc=83.64% | lr=3.000000e-06
Saved new best model to /tmp/bow_mlp_imdb_w7vwzd4x.pt
Epoch 268/301 | train_loss=0.4504 train_acc=81.25% | val_loss=0.4376 val_acc=83.66% | lr=3.000000e-06
Saved new best model to /tmp/bow_mlp_imdb_w7vwzd4x.pt
Epoch 269/301 | train_loss=0.4486 train_acc=81.66% | val_loss=0.4370 val_acc=83.68% | lr=3.000000e-06
Saved new best model to /tmp/bow_mlp_imdb_w7vwzd4x.pt
Epoch 270/301 | train_loss=0.4505 train_acc=81.31% | val_loss=0.4366 val_acc=83.74% | lr=3.000000e-06
Saved new best model to /tmp/bow_mlp_imdb_w7vwzd4x.pt
Epoch 271/301 | train_loss=0.4497 train_acc=81.58% | val_loss=0.4361 val_acc=83.70% | lr=3.000000e-06
Epoch 272/301 | train_loss=0.4496 train_acc=81.45% | val_loss=0.4357 val_acc=83.70% | lr=3.000000e-06
Epoch 273/301 | train_loss=0.4497 train_acc=81.88% | val_loss=0.4352 val_acc=83.72% | lr=3.000000e-06
Epoch 274/301 | train_loss=0.4467 train_acc=82.06% | val_loss=0.4347 val_acc=83.80% | lr=3.000000e-06
Saved new best model to /tmp/bow_mlp_imdb_w7vwzd4x.pt
Epoch 275/301 | train_loss=0.4461 train_acc=81.77% | val_loss=0.4342 val_acc=83.82% | lr=3.000000e-06
Saved new best model to /tmp/bow_mlp_imdb_w7vwzd4x.pt
Epoch 276/301 | train_loss=0.4445 train_acc=81.73% | val_loss=0.4336 val_acc=83.82% | lr=3.000000e-06
Epoch 277/301 | train_loss=0.4460 train_acc=81.88% | val_loss=0.4332 val_acc=83.82% | lr=3.000000e-06
Epoch 278/301 | train_loss=0.4473 train_acc=81.69% | val_loss=0.4327 val_acc=83.88% | lr=3.000000e-06
Saved new best model to /tmp/bow_mlp_imdb_w7vwzd4x.pt
Epoch 279/301 | train_loss=0.4459 train_acc=81.84% | val_loss=0.4323 val_acc=83.88% | lr=3.000000e-06
Epoch 280/301 | train_loss=0.4452 train_acc=81.70% | val_loss=0.4318 val_acc=83.94% | lr=3.000000e-06
Saved new best model to /tmp/bow_mlp_imdb_w7vwzd4x.pt
Epoch 281/301 | train_loss=0.4423 train_acc=82.39% | val_loss=0.4313 val_acc=83.94% | lr=3.000000e-06
Epoch 282/301 | train_loss=0.4445 train_acc=81.81% | val_loss=0.4309 val_acc=83.94% | lr=3.000000e-06
Epoch 283/301 | train_loss=0.4434 train_acc=81.75% | val_loss=0.4304 val_acc=83.98% | lr=3.000000e-06
Saved new best model to /tmp/bow_mlp_imdb_w7vwzd4x.pt
Epoch 284/301 | train_loss=0.4418 train_acc=81.94% | val_loss=0.4299 val_acc=84.08% | lr=3.000000e-06
Saved new best model to /tmp/bow_mlp_imdb_w7vwzd4x.pt
Epoch 285/301 | train_loss=0.4422 train_acc=81.88% | val_loss=0.4294 val_acc=84.02% | lr=3.000000e-06
Epoch 286/301 | train_loss=0.4411 train_acc=82.19% | val_loss=0.4289 val_acc=84.02% | lr=3.000000e-06
Epoch 287/301 | train_loss=0.4392 train_acc=82.14% | val_loss=0.4284 val_acc=84.06% | lr=3.000000e-06
Epoch 288/301 | train_loss=0.4408 train_acc=82.14% | val_loss=0.4279 val_acc=84.10% | lr=3.000000e-06
Saved new best model to /tmp/bow_mlp_imdb_w7vwzd4x.pt
Epoch 289/301 | train_loss=0.4396 train_acc=81.84% | val_loss=0.4275 val_acc=84.14% | lr=3.000000e-06
Saved new best model to /tmp/bow_mlp_imdb_w7vwzd4x.pt
Epoch 290/301 | train_loss=0.4410 train_acc=81.91% | val_loss=0.4270 val_acc=84.14% | lr=3.000000e-06
Epoch 291/301 | train_loss=0.4396 train_acc=82.14% | val_loss=0.4266 val_acc=84.16% | lr=3.000000e-06
Saved new best model to /tmp/bow_mlp_imdb_w7vwzd4x.pt
Epoch 292/301 | train_loss=0.4369 train_acc=82.23% | val_loss=0.4261 val_acc=84.16% | lr=3.000000e-06
Epoch 293/301 | train_loss=0.4364 train_acc=82.43% | val_loss=0.4256 val_acc=84.18% | lr=3.000000e-06
Saved new best model to /tmp/bow_mlp_imdb_w7vwzd4x.pt
Epoch 294/301 | train_loss=0.4380 train_acc=82.12% | val_loss=0.4252 val_acc=84.20% | lr=3.000000e-06
Saved new best model to /tmp/bow_mlp_imdb_w7vwzd4x.pt
Epoch 295/301 | train_loss=0.4368 train_acc=82.24% | val_loss=0.4249 val_acc=84.22% | lr=3.000000e-06
Saved new best model to /tmp/bow_mlp_imdb_w7vwzd4x.pt
Epoch 296/301 | train_loss=0.4339 train_acc=82.60% | val_loss=0.4244 val_acc=84.20% | lr=3.000000e-06
Epoch 297/301 | train_loss=0.4377 train_acc=82.25% | val_loss=0.4240 val_acc=84.26% | lr=3.000000e-06
Saved new best model to /tmp/bow_mlp_imdb_w7vwzd4x.pt
Epoch 298/301 | train_loss=0.4346 train_acc=82.11% | val_loss=0.4235 val_acc=84.24% | lr=3.000000e-06
Epoch 299/301 | train_loss=0.4343 train_acc=82.08% | val_loss=0.4231 val_acc=84.26% | lr=3.000000e-06
Epoch 300/301 | train_loss=0.4338 train_acc=82.75% | val_loss=0.4227 val_acc=84.28% | lr=3.000000e-06
Saved new best model to /tmp/bow_mlp_imdb_w7vwzd4x.pt
Epoch 301/301 | train_loss=0.4351 train_acc=82.45% | val_loss=0.4222 val_acc=84.26% | lr=3.000000e-06
Epoch 302/301 | train_loss=0.4311 train_acc=82.40% | val_loss=0.4218 val_acc=84.26% | lr=3.000000e-06
Epoch 303/301 | train_loss=0.4360 train_acc=82.10% | val_loss=0.4214 val_acc=84.28% | lr=3.000000e-06
Epoch 304/301 | train_loss=0.4328 train_acc=82.44% | val_loss=0.4210 val_acc=84.28% | lr=3.000000e-06
Epoch 305/301 | train_loss=0.4367 train_acc=82.06% | val_loss=0.4206 val_acc=84.26% | lr=3.000000e-06
Epoch 306/301 | train_loss=0.4308 train_acc=82.44% | val_loss=0.4202 val_acc=84.30% | lr=3.000000e-06
Saved new best model to /tmp/bow_mlp_imdb_w7vwzd4x.pt
Epoch 307/301 | train_loss=0.4328 train_acc=82.18% | val_loss=0.4198 val_acc=84.30% | lr=3.000000e-06
Epoch 308/301 | train_loss=0.4302 train_acc=82.75% | val_loss=0.4193 val_acc=84.38% | lr=3.000000e-06
Saved new best model to /tmp/bow_mlp_imdb_w7vwzd4x.pt
Epoch 309/301 | train_loss=0.4315 train_acc=82.58% | val_loss=0.4189 val_acc=84.34% | lr=3.000000e-06
Epoch 310/301 | train_loss=0.4309 train_acc=82.67% | val_loss=0.4185 val_acc=84.32% | lr=3.000000e-06
Epoch 311/301 | train_loss=0.4281 train_acc=82.60% | val_loss=0.4181 val_acc=84.38% | lr=3.000000e-06
Epoch 312/301 | train_loss=0.4299 train_acc=82.59% | val_loss=0.4177 val_acc=84.40% | lr=3.000000e-06
Saved new best model to /tmp/bow_mlp_imdb_w7vwzd4x.pt
Epoch 313/301 | train_loss=0.4290 train_acc=82.80% | val_loss=0.4173 val_acc=84.40% | lr=3.000000e-06
Epoch 314/301 | train_loss=0.4256 train_acc=82.88% | val_loss=0.4168 val_acc=84.36% | lr=3.000000e-06
Epoch 315/301 | train_loss=0.4288 train_acc=82.64% | val_loss=0.4164 val_acc=84.40% | lr=3.000000e-06
Epoch 316/301 | train_loss=0.4281 train_acc=82.74% | val_loss=0.4160 val_acc=84.32% | lr=3.000000e-06
Epoch 317/301 | train_loss=0.4284 train_acc=82.36% | val_loss=0.4157 val_acc=84.46% | lr=3.000000e-06
Saved new best model to /tmp/bow_mlp_imdb_w7vwzd4x.pt
Epoch 318/301 | train_loss=0.4274 train_acc=82.85% | val_loss=0.4154 val_acc=84.44% | lr=3.000000e-06
Epoch 319/301 | train_loss=0.4265 train_acc=82.84% | val_loss=0.4150 val_acc=84.44% | lr=3.000000e-06
Epoch 320/301 | train_loss=0.4255 train_acc=82.65% | val_loss=0.4145 val_acc=84.48% | lr=3.000000e-06
Saved new best model to /tmp/bow_mlp_imdb_w7vwzd4x.pt
Epoch 321/301 | train_loss=0.4251 train_acc=83.08% | val_loss=0.4142 val_acc=84.34% | lr=3.000000e-06
Epoch 322/301 | train_loss=0.4242 train_acc=82.77% | val_loss=0.4137 val_acc=84.34% | lr=3.000000e-06
Epoch 323/301 | train_loss=0.4224 train_acc=82.72% | val_loss=0.4134 val_acc=84.34% | lr=3.000000e-06
Epoch 324/301 | train_loss=0.4239 train_acc=83.08% | val_loss=0.4130 val_acc=84.40% | lr=3.000000e-06
Epoch 325/301 | train_loss=0.4244 train_acc=82.98% | val_loss=0.4127 val_acc=84.30% | lr=3.000000e-06
Epoch 326/301 | train_loss=0.4238 train_acc=82.83% | val_loss=0.4123 val_acc=84.36% | lr=3.000000e-06
Epoch 327/301 | train_loss=0.4223 train_acc=83.10% | val_loss=0.4119 val_acc=84.40% | lr=3.000000e-06
Epoch 328/301 | train_loss=0.4234 train_acc=83.01% | val_loss=0.4116 val_acc=84.40% | lr=3.000000e-06
Epoch 329/301 | train_loss=0.4229 train_acc=82.70% | val_loss=0.4113 val_acc=84.42% | lr=3.000000e-06
Epoch 330/301 | train_loss=0.4249 train_acc=82.78% | val_loss=0.4110 val_acc=84.46% | lr=3.000000e-06
Epoch 331/301 | train_loss=0.4215 train_acc=82.88% | val_loss=0.4106 val_acc=84.48% | lr=3.000000e-06
Epoch 332/301 | train_loss=0.4194 train_acc=83.31% | val_loss=0.4103 val_acc=84.48% | lr=3.000000e-06
Epoch 333/301 | train_loss=0.4196 train_acc=83.27% | val_loss=0.4099 val_acc=84.46% | lr=3.000000e-06
Epoch 334/301 | train_loss=0.4186 train_acc=83.39% | val_loss=0.4095 val_acc=84.46% | lr=3.000000e-06
Epoch 335/301 | train_loss=0.4205 train_acc=83.08% | val_loss=0.4092 val_acc=84.46% | lr=3.000000e-06
Epoch 336/301 | train_loss=0.4215 train_acc=83.08% | val_loss=0.4089 val_acc=84.48% | lr=3.000000e-06
Epoch 337/301 | train_loss=0.4191 train_acc=83.05% | val_loss=0.4085 val_acc=84.50% | lr=3.000000e-06
Saved new best model to /tmp/bow_mlp_imdb_w7vwzd4x.pt
Epoch 338/301 | train_loss=0.4204 train_acc=83.00% | val_loss=0.4083 val_acc=84.50% | lr=3.000000e-06
Epoch 339/301 | train_loss=0.4178 train_acc=83.35% | val_loss=0.4079 val_acc=84.50% | lr=3.000000e-06
Epoch 340/301 | train_loss=0.4209 train_acc=82.86% | val_loss=0.4077 val_acc=84.52% | lr=3.000000e-06
Saved new best model to /tmp/bow_mlp_imdb_w7vwzd4x.pt
Epoch 341/301 | train_loss=0.4167 train_acc=83.38% | val_loss=0.4073 val_acc=84.54% | lr=3.000000e-06
Saved new best model to /tmp/bow_mlp_imdb_w7vwzd4x.pt
Epoch 342/301 | train_loss=0.4149 train_acc=83.41% | val_loss=0.4069 val_acc=84.54% | lr=3.000000e-06
Epoch 343/301 | train_loss=0.4189 train_acc=83.13% | val_loss=0.4066 val_acc=84.56% | lr=3.000000e-06
Saved new best model to /tmp/bow_mlp_imdb_w7vwzd4x.pt
Epoch 344/301 | train_loss=0.4149 train_acc=83.34% | val_loss=0.4063 val_acc=84.56% | lr=3.000000e-06
Epoch 345/301 | train_loss=0.4155 train_acc=83.50% | val_loss=0.4059 val_acc=84.52% | lr=3.000000e-06
Epoch 346/301 | train_loss=0.4162 train_acc=83.17% | val_loss=0.4056 val_acc=84.52% | lr=3.000000e-06
Epoch 347/301 | train_loss=0.4180 train_acc=83.33% | val_loss=0.4053 val_acc=84.48% | lr=3.000000e-06
Epoch 348/301 | train_loss=0.4137 train_acc=83.41% | val_loss=0.4049 val_acc=84.50% | lr=3.000000e-06
Epoch 349/301 | train_loss=0.4151 train_acc=83.48% | val_loss=0.4046 val_acc=84.46% | lr=3.000000e-06
Epoch 350/301 | train_loss=0.4129 train_acc=83.58% | val_loss=0.4043 val_acc=84.52% | lr=3.000000e-06
Epoch 351/301 | train_loss=0.4139 train_acc=83.36% | val_loss=0.4040 val_acc=84.54% | lr=3.000000e-06
Epoch 352/301 | train_loss=0.4150 train_acc=83.33% | val_loss=0.4037 val_acc=84.54% | lr=3.000000e-06
Epoch 353/301 | train_loss=0.4119 train_acc=83.78% | val_loss=0.4034 val_acc=84.54% | lr=3.000000e-06
Epoch 354/301 | train_loss=0.4128 train_acc=83.42% | val_loss=0.4031 val_acc=84.54% | lr=3.000000e-06
Epoch 355/301 | train_loss=0.4156 train_acc=83.00% | val_loss=0.4029 val_acc=84.56% | lr=3.000000e-06
Epoch 356/301 | train_loss=0.4129 train_acc=83.52% | val_loss=0.4025 val_acc=84.52% | lr=3.000000e-06
Epoch 357/301 | train_loss=0.4114 train_acc=83.47% | val_loss=0.4022 val_acc=84.56% | lr=3.000000e-06
Epoch 358/301 | train_loss=0.4088 train_acc=83.50% | val_loss=0.4019 val_acc=84.58% | lr=3.000000e-06
Saved new best model to /tmp/bow_mlp_imdb_w7vwzd4x.pt
Epoch 359/301 | train_loss=0.4131 train_acc=83.58% | val_loss=0.4016 val_acc=84.54% | lr=3.000000e-06
Epoch 360/301 | train_loss=0.4106 train_acc=83.34% | val_loss=0.4013 val_acc=84.56% | lr=3.000000e-06
Epoch 361/301 | train_loss=0.4095 train_acc=83.49% | val_loss=0.4009 val_acc=84.56% | lr=3.000000e-06
Epoch 362/301 | train_loss=0.4117 train_acc=83.52% | val_loss=0.4007 val_acc=84.54% | lr=3.000000e-06
Epoch 363/301 | train_loss=0.4071 train_acc=83.75% | val_loss=0.4003 val_acc=84.54% | lr=3.000000e-06
Epoch 364/301 | train_loss=0.4067 train_acc=83.75% | val_loss=0.4000 val_acc=84.58% | lr=3.000000e-06
Epoch 365/301 | train_loss=0.4097 train_acc=83.64% | val_loss=0.3997 val_acc=84.58% | lr=3.000000e-06
Epoch 366/301 | train_loss=0.4084 train_acc=83.55% | val_loss=0.3994 val_acc=84.58% | lr=3.000000e-06
Epoch 367/301 | train_loss=0.4068 train_acc=83.77% | val_loss=0.3991 val_acc=84.60% | lr=3.000000e-06
Saved new best model to /tmp/bow_mlp_imdb_w7vwzd4x.pt
Epoch 368/301 | train_loss=0.4117 train_acc=83.57% | val_loss=0.3989 val_acc=84.56% | lr=3.000000e-06
Epoch 369/301 | train_loss=0.4101 train_acc=83.48% | val_loss=0.3987 val_acc=84.54% | lr=3.000000e-06
Epoch 370/301 | train_loss=0.4064 train_acc=83.93% | val_loss=0.3984 val_acc=84.54% | lr=3.000000e-06
Epoch 371/301 | train_loss=0.4060 train_acc=83.87% | val_loss=0.3981 val_acc=84.54% | lr=3.000000e-06
Epoch 372/301 | train_loss=0.4064 train_acc=84.04% | val_loss=0.3978 val_acc=84.52% | lr=3.000000e-06
Epoch 373/301 | train_loss=0.4055 train_acc=83.83% | val_loss=0.3975 val_acc=84.60% | lr=3.000000e-06
Epoch 374/301 | train_loss=0.4061 train_acc=83.86% | val_loss=0.3972 val_acc=84.58% | lr=3.000000e-06
Epoch 375/301 | train_loss=0.4065 train_acc=83.71% | val_loss=0.3970 val_acc=84.60% | lr=3.000000e-06
Epoch 376/301 | train_loss=0.4071 train_acc=83.93% | val_loss=0.3967 val_acc=84.62% | lr=3.000000e-06
Saved new best model to /tmp/bow_mlp_imdb_w7vwzd4x.pt
Epoch 377/301 | train_loss=0.4046 train_acc=83.83% | val_loss=0.3965 val_acc=84.68% | lr=3.000000e-06
Saved new best model to /tmp/bow_mlp_imdb_w7vwzd4x.pt
Epoch 378/301 | train_loss=0.4086 train_acc=83.73% | val_loss=0.3962 val_acc=84.64% | lr=3.000000e-06
Epoch 379/301 | train_loss=0.4038 train_acc=83.94% | val_loss=0.3959 val_acc=84.66% | lr=3.000000e-06
Epoch 380/301 | train_loss=0.4066 train_acc=83.64% | val_loss=0.3957 val_acc=84.68% | lr=3.000000e-06
Epoch 381/301 | train_loss=0.4006 train_acc=84.21% | val_loss=0.3954 val_acc=84.74% | lr=3.000000e-06
Saved new best model to /tmp/bow_mlp_imdb_w7vwzd4x.pt
Epoch 382/301 | train_loss=0.4016 train_acc=84.03% | val_loss=0.3951 val_acc=84.76% | lr=3.000000e-06
Saved new best model to /tmp/bow_mlp_imdb_w7vwzd4x.pt
Epoch 383/301 | train_loss=0.4017 train_acc=84.13% | val_loss=0.3948 val_acc=84.76% | lr=3.000000e-06
Epoch 384/301 | train_loss=0.4038 train_acc=83.70% | val_loss=0.3946 val_acc=84.78% | lr=3.000000e-06
Saved new best model to /tmp/bow_mlp_imdb_w7vwzd4x.pt
Epoch 385/301 | train_loss=0.4026 train_acc=83.97% | val_loss=0.3943 val_acc=84.84% | lr=3.000000e-06
Saved new best model to /tmp/bow_mlp_imdb_w7vwzd4x.pt
Epoch 386/301 | train_loss=0.4026 train_acc=84.19% | val_loss=0.3940 val_acc=84.88% | lr=3.000000e-06
Saved new best model to /tmp/bow_mlp_imdb_w7vwzd4x.pt
Epoch 387/301 | train_loss=0.4009 train_acc=84.10% | val_loss=0.3938 val_acc=84.86% | lr=3.000000e-06
Epoch 388/301 | train_loss=0.3994 train_acc=83.89% | val_loss=0.3934 val_acc=84.84% | lr=3.000000e-06
Epoch 389/301 | train_loss=0.4023 train_acc=83.86% | val_loss=0.3932 val_acc=84.84% | lr=3.000000e-06
Epoch 390/301 | train_loss=0.4018 train_acc=83.97% | val_loss=0.3930 val_acc=84.86% | lr=3.000000e-06
Epoch 391/301 | train_loss=0.4016 train_acc=83.78% | val_loss=0.3928 val_acc=84.82% | lr=3.000000e-06
Epoch 392/301 | train_loss=0.3987 train_acc=84.14% | val_loss=0.3924 val_acc=84.88% | lr=3.000000e-06
Epoch 393/301 | train_loss=0.3995 train_acc=83.92% | val_loss=0.3921 val_acc=84.94% | lr=3.000000e-06
Saved new best model to /tmp/bow_mlp_imdb_w7vwzd4x.pt
Epoch 394/301 | train_loss=0.3986 train_acc=83.97% | val_loss=0.3918 val_acc=84.88% | lr=3.000000e-06
Epoch 395/301 | train_loss=0.3999 train_acc=84.09% | val_loss=0.3916 val_acc=84.90% | lr=3.000000e-06
Epoch 396/301 | train_loss=0.3989 train_acc=84.25% | val_loss=0.3913 val_acc=84.94% | lr=3.000000e-06
Epoch 397/301 | train_loss=0.3997 train_acc=84.25% | val_loss=0.3911 val_acc=84.90% | lr=3.000000e-06
Epoch 398/301 | train_loss=0.3989 train_acc=84.05% | val_loss=0.3909 val_acc=84.90% | lr=3.000000e-06
Epoch 399/301 | train_loss=0.4005 train_acc=83.97% | val_loss=0.3907 val_acc=84.90% | lr=3.000000e-06
Epoch 400/301 | train_loss=0.3982 train_acc=84.01% | val_loss=0.3905 val_acc=84.96% | lr=3.000000e-06
Saved new best model to /tmp/bow_mlp_imdb_w7vwzd4x.pt
Test loss=0.3900 | Test accuracy=84.84%
