Loading IMDb dataset from local disk: /home/daniel/l/masteruppsats/np-reg/language/data/imdb_hf
Using device: cuda
BoW vocab size: 1562
W0420 19:57:22.668000 759078 site-packages/torch/_inductor/utils.py:1679] [0/0] Not enough SMs to use max_autotune_gemm mode
Epoch 1/301 | train_loss=0.7396 train_acc=49.99% | val_loss=0.7281 val_acc=50.02% | lr=3.000000e-06
Saved new best model to /tmp/bow_mlp_imdb_rdn_b3lq.pt
Epoch 2/301 | train_loss=0.7213 train_acc=50.18% | val_loss=0.7148 val_acc=50.16% | lr=3.000000e-06
Saved new best model to /tmp/bow_mlp_imdb_rdn_b3lq.pt
Epoch 3/301 | train_loss=0.7124 train_acc=50.44% | val_loss=0.7072 val_acc=50.78% | lr=3.000000e-06
Saved new best model to /tmp/bow_mlp_imdb_rdn_b3lq.pt
Epoch 4/301 | train_loss=0.7069 train_acc=50.81% | val_loss=0.7025 val_acc=51.42% | lr=3.000000e-06
Saved new best model to /tmp/bow_mlp_imdb_rdn_b3lq.pt
Epoch 5/301 | train_loss=0.7029 train_acc=51.68% | val_loss=0.6989 val_acc=51.88% | lr=3.000000e-06
Saved new best model to /tmp/bow_mlp_imdb_rdn_b3lq.pt
Epoch 6/301 | train_loss=0.6999 train_acc=51.63% | val_loss=0.6959 val_acc=52.28% | lr=3.000000e-06
Saved new best model to /tmp/bow_mlp_imdb_rdn_b3lq.pt
Epoch 7/301 | train_loss=0.6978 train_acc=51.94% | val_loss=0.6932 val_acc=52.60% | lr=3.000000e-06
Saved new best model to /tmp/bow_mlp_imdb_rdn_b3lq.pt
Epoch 8/301 | train_loss=0.6951 train_acc=52.75% | val_loss=0.6907 val_acc=53.02% | lr=3.000000e-06
Saved new best model to /tmp/bow_mlp_imdb_rdn_b3lq.pt
Epoch 9/301 | train_loss=0.6930 train_acc=52.86% | val_loss=0.6882 val_acc=53.52% | lr=3.000000e-06
Saved new best model to /tmp/bow_mlp_imdb_rdn_b3lq.pt
Epoch 10/301 | train_loss=0.6921 train_acc=52.96% | val_loss=0.6858 val_acc=53.76% | lr=3.000000e-06
Saved new best model to /tmp/bow_mlp_imdb_rdn_b3lq.pt
Epoch 11/301 | train_loss=0.6878 train_acc=53.55% | val_loss=0.6833 val_acc=54.06% | lr=3.000000e-06
Saved new best model to /tmp/bow_mlp_imdb_rdn_b3lq.pt
Epoch 12/301 | train_loss=0.6847 train_acc=54.21% | val_loss=0.6808 val_acc=54.46% | lr=3.000000e-06
Saved new best model to /tmp/bow_mlp_imdb_rdn_b3lq.pt
Epoch 13/301 | train_loss=0.6834 train_acc=54.27% | val_loss=0.6782 val_acc=54.82% | lr=3.000000e-06
Saved new best model to /tmp/bow_mlp_imdb_rdn_b3lq.pt
Epoch 14/301 | train_loss=0.6806 train_acc=54.60% | val_loss=0.6754 val_acc=55.22% | lr=3.000000e-06
Saved new best model to /tmp/bow_mlp_imdb_rdn_b3lq.pt
Epoch 15/301 | train_loss=0.6772 train_acc=54.63% | val_loss=0.6721 val_acc=55.94% | lr=3.000000e-06
Saved new best model to /tmp/bow_mlp_imdb_rdn_b3lq.pt
Epoch 16/301 | train_loss=0.6727 train_acc=56.09% | val_loss=0.6687 val_acc=56.18% | lr=3.000000e-06
Saved new best model to /tmp/bow_mlp_imdb_rdn_b3lq.pt
Epoch 17/301 | train_loss=0.6712 train_acc=56.23% | val_loss=0.6655 val_acc=56.78% | lr=3.000000e-06
Saved new best model to /tmp/bow_mlp_imdb_rdn_b3lq.pt
Epoch 18/301 | train_loss=0.6666 train_acc=56.65% | val_loss=0.6622 val_acc=57.28% | lr=3.000000e-06
Saved new best model to /tmp/bow_mlp_imdb_rdn_b3lq.pt
Epoch 19/301 | train_loss=0.6648 train_acc=57.09% | val_loss=0.6592 val_acc=57.86% | lr=3.000000e-06
Saved new best model to /tmp/bow_mlp_imdb_rdn_b3lq.pt
Epoch 20/301 | train_loss=0.6609 train_acc=57.73% | val_loss=0.6560 val_acc=58.40% | lr=3.000000e-06
Saved new best model to /tmp/bow_mlp_imdb_rdn_b3lq.pt
Epoch 21/301 | train_loss=0.6586 train_acc=58.23% | val_loss=0.6530 val_acc=58.76% | lr=3.000000e-06
Saved new best model to /tmp/bow_mlp_imdb_rdn_b3lq.pt
Epoch 22/301 | train_loss=0.6568 train_acc=58.50% | val_loss=0.6501 val_acc=59.38% | lr=3.000000e-06
Saved new best model to /tmp/bow_mlp_imdb_rdn_b3lq.pt
Epoch 23/301 | train_loss=0.6537 train_acc=58.91% | val_loss=0.6471 val_acc=59.84% | lr=3.000000e-06
Saved new best model to /tmp/bow_mlp_imdb_rdn_b3lq.pt
Epoch 24/301 | train_loss=0.6504 train_acc=59.38% | val_loss=0.6441 val_acc=60.50% | lr=3.000000e-06
Saved new best model to /tmp/bow_mlp_imdb_rdn_b3lq.pt
Epoch 25/301 | train_loss=0.6474 train_acc=59.92% | val_loss=0.6410 val_acc=61.28% | lr=3.000000e-06
Saved new best model to /tmp/bow_mlp_imdb_rdn_b3lq.pt
Epoch 26/301 | train_loss=0.6434 train_acc=60.52% | val_loss=0.6379 val_acc=61.76% | lr=3.000000e-06
Saved new best model to /tmp/bow_mlp_imdb_rdn_b3lq.pt
Epoch 27/301 | train_loss=0.6410 train_acc=60.93% | val_loss=0.6347 val_acc=62.20% | lr=3.000000e-06
Saved new best model to /tmp/bow_mlp_imdb_rdn_b3lq.pt
Epoch 28/301 | train_loss=0.6386 train_acc=61.41% | val_loss=0.6316 val_acc=62.56% | lr=3.000000e-06
Saved new best model to /tmp/bow_mlp_imdb_rdn_b3lq.pt
Epoch 29/301 | train_loss=0.6346 train_acc=61.92% | val_loss=0.6282 val_acc=62.90% | lr=3.000000e-06
Saved new best model to /tmp/bow_mlp_imdb_rdn_b3lq.pt
Epoch 30/301 | train_loss=0.6327 train_acc=62.31% | val_loss=0.6248 val_acc=63.42% | lr=3.000000e-06
Saved new best model to /tmp/bow_mlp_imdb_rdn_b3lq.pt
Epoch 31/301 | train_loss=0.6283 train_acc=62.59% | val_loss=0.6212 val_acc=63.92% | lr=3.000000e-06
Saved new best model to /tmp/bow_mlp_imdb_rdn_b3lq.pt
Epoch 32/301 | train_loss=0.6262 train_acc=63.27% | val_loss=0.6177 val_acc=64.32% | lr=3.000000e-06
Saved new best model to /tmp/bow_mlp_imdb_rdn_b3lq.pt
Epoch 33/301 | train_loss=0.6236 train_acc=63.59% | val_loss=0.6142 val_acc=64.94% | lr=3.000000e-06
Saved new best model to /tmp/bow_mlp_imdb_rdn_b3lq.pt
Epoch 34/301 | train_loss=0.6204 train_acc=64.11% | val_loss=0.6107 val_acc=65.50% | lr=3.000000e-06
Saved new best model to /tmp/bow_mlp_imdb_rdn_b3lq.pt
Epoch 35/301 | train_loss=0.6143 train_acc=65.11% | val_loss=0.6072 val_acc=66.22% | lr=3.000000e-06
Saved new best model to /tmp/bow_mlp_imdb_rdn_b3lq.pt
Epoch 36/301 | train_loss=0.6121 train_acc=65.33% | val_loss=0.6038 val_acc=67.06% | lr=3.000000e-06
Saved new best model to /tmp/bow_mlp_imdb_rdn_b3lq.pt
Epoch 37/301 | train_loss=0.6096 train_acc=65.37% | val_loss=0.6005 val_acc=67.64% | lr=3.000000e-06
Saved new best model to /tmp/bow_mlp_imdb_rdn_b3lq.pt
Epoch 38/301 | train_loss=0.6066 train_acc=65.94% | val_loss=0.5973 val_acc=68.32% | lr=3.000000e-06
Saved new best model to /tmp/bow_mlp_imdb_rdn_b3lq.pt
Epoch 39/301 | train_loss=0.6033 train_acc=66.62% | val_loss=0.5940 val_acc=68.78% | lr=3.000000e-06
Saved new best model to /tmp/bow_mlp_imdb_rdn_b3lq.pt
Epoch 40/301 | train_loss=0.6029 train_acc=66.38% | val_loss=0.5910 val_acc=69.42% | lr=3.000000e-06
Saved new best model to /tmp/bow_mlp_imdb_rdn_b3lq.pt
Epoch 41/301 | train_loss=0.5976 train_acc=67.27% | val_loss=0.5879 val_acc=70.10% | lr=3.000000e-06
Saved new best model to /tmp/bow_mlp_imdb_rdn_b3lq.pt
Epoch 42/301 | train_loss=0.5939 train_acc=67.97% | val_loss=0.5849 val_acc=70.64% | lr=3.000000e-06
Saved new best model to /tmp/bow_mlp_imdb_rdn_b3lq.pt
Epoch 43/301 | train_loss=0.5922 train_acc=68.08% | val_loss=0.5820 val_acc=70.92% | lr=3.000000e-06
Saved new best model to /tmp/bow_mlp_imdb_rdn_b3lq.pt
Epoch 44/301 | train_loss=0.5904 train_acc=68.61% | val_loss=0.5790 val_acc=71.28% | lr=3.000000e-06
Saved new best model to /tmp/bow_mlp_imdb_rdn_b3lq.pt
Epoch 45/301 | train_loss=0.5871 train_acc=68.88% | val_loss=0.5761 val_acc=71.74% | lr=3.000000e-06
Saved new best model to /tmp/bow_mlp_imdb_rdn_b3lq.pt
Epoch 46/301 | train_loss=0.5844 train_acc=69.33% | val_loss=0.5732 val_acc=72.12% | lr=3.000000e-06
Saved new best model to /tmp/bow_mlp_imdb_rdn_b3lq.pt
Epoch 47/301 | train_loss=0.5802 train_acc=69.95% | val_loss=0.5703 val_acc=72.56% | lr=3.000000e-06
Saved new best model to /tmp/bow_mlp_imdb_rdn_b3lq.pt
Epoch 48/301 | train_loss=0.5786 train_acc=70.00% | val_loss=0.5675 val_acc=72.86% | lr=3.000000e-06
Saved new best model to /tmp/bow_mlp_imdb_rdn_b3lq.pt
Epoch 49/301 | train_loss=0.5767 train_acc=70.51% | val_loss=0.5647 val_acc=73.40% | lr=3.000000e-06
Saved new best model to /tmp/bow_mlp_imdb_rdn_b3lq.pt
Epoch 50/301 | train_loss=0.5715 train_acc=71.02% | val_loss=0.5618 val_acc=73.88% | lr=3.000000e-06
Saved new best model to /tmp/bow_mlp_imdb_rdn_b3lq.pt
Epoch 51/301 | train_loss=0.5686 train_acc=71.51% | val_loss=0.5590 val_acc=74.32% | lr=3.000000e-06
Saved new best model to /tmp/bow_mlp_imdb_rdn_b3lq.pt
Epoch 52/301 | train_loss=0.5681 train_acc=71.39% | val_loss=0.5563 val_acc=74.64% | lr=3.000000e-06
Saved new best model to /tmp/bow_mlp_imdb_rdn_b3lq.pt
Epoch 53/301 | train_loss=0.5657 train_acc=71.67% | val_loss=0.5537 val_acc=75.14% | lr=3.000000e-06
Saved new best model to /tmp/bow_mlp_imdb_rdn_b3lq.pt
Epoch 54/301 | train_loss=0.5611 train_acc=72.62% | val_loss=0.5509 val_acc=75.36% | lr=3.000000e-06
Saved new best model to /tmp/bow_mlp_imdb_rdn_b3lq.pt
Epoch 55/301 | train_loss=0.5590 train_acc=72.85% | val_loss=0.5483 val_acc=75.66% | lr=3.000000e-06
Saved new best model to /tmp/bow_mlp_imdb_rdn_b3lq.pt
Epoch 56/301 | train_loss=0.5586 train_acc=72.88% | val_loss=0.5458 val_acc=76.00% | lr=3.000000e-06
Saved new best model to /tmp/bow_mlp_imdb_rdn_b3lq.pt
Epoch 57/301 | train_loss=0.5557 train_acc=72.79% | val_loss=0.5432 val_acc=76.60% | lr=3.000000e-06
Saved new best model to /tmp/bow_mlp_imdb_rdn_b3lq.pt
Epoch 58/301 | train_loss=0.5526 train_acc=73.19% | val_loss=0.5407 val_acc=76.96% | lr=3.000000e-06
Saved new best model to /tmp/bow_mlp_imdb_rdn_b3lq.pt
Epoch 59/301 | train_loss=0.5514 train_acc=73.72% | val_loss=0.5382 val_acc=77.26% | lr=3.000000e-06
Saved new best model to /tmp/bow_mlp_imdb_rdn_b3lq.pt
Epoch 60/301 | train_loss=0.5497 train_acc=73.81% | val_loss=0.5358 val_acc=77.52% | lr=3.000000e-06
Saved new best model to /tmp/bow_mlp_imdb_rdn_b3lq.pt
Epoch 61/301 | train_loss=0.5454 train_acc=73.98% | val_loss=0.5333 val_acc=77.72% | lr=3.000000e-06
Saved new best model to /tmp/bow_mlp_imdb_rdn_b3lq.pt
Epoch 62/301 | train_loss=0.5445 train_acc=74.32% | val_loss=0.5309 val_acc=77.90% | lr=3.000000e-06
Saved new best model to /tmp/bow_mlp_imdb_rdn_b3lq.pt
Epoch 63/301 | train_loss=0.5414 train_acc=74.67% | val_loss=0.5285 val_acc=78.00% | lr=3.000000e-06
Saved new best model to /tmp/bow_mlp_imdb_rdn_b3lq.pt
Epoch 64/301 | train_loss=0.5387 train_acc=74.70% | val_loss=0.5262 val_acc=78.24% | lr=3.000000e-06
Saved new best model to /tmp/bow_mlp_imdb_rdn_b3lq.pt
Epoch 65/301 | train_loss=0.5369 train_acc=74.95% | val_loss=0.5238 val_acc=78.72% | lr=3.000000e-06
Saved new best model to /tmp/bow_mlp_imdb_rdn_b3lq.pt
Epoch 66/301 | train_loss=0.5341 train_acc=75.41% | val_loss=0.5215 val_acc=79.00% | lr=3.000000e-06
Saved new best model to /tmp/bow_mlp_imdb_rdn_b3lq.pt
Epoch 67/301 | train_loss=0.5331 train_acc=75.61% | val_loss=0.5193 val_acc=78.98% | lr=3.000000e-06
Epoch 68/301 | train_loss=0.5291 train_acc=76.00% | val_loss=0.5170 val_acc=79.36% | lr=3.000000e-06
Saved new best model to /tmp/bow_mlp_imdb_rdn_b3lq.pt
Epoch 69/301 | train_loss=0.5281 train_acc=76.28% | val_loss=0.5148 val_acc=79.48% | lr=3.000000e-06
Saved new best model to /tmp/bow_mlp_imdb_rdn_b3lq.pt
Epoch 70/301 | train_loss=0.5254 train_acc=76.61% | val_loss=0.5127 val_acc=79.64% | lr=3.000000e-06
Saved new best model to /tmp/bow_mlp_imdb_rdn_b3lq.pt
Epoch 71/301 | train_loss=0.5235 train_acc=76.44% | val_loss=0.5105 val_acc=79.74% | lr=3.000000e-06
Saved new best model to /tmp/bow_mlp_imdb_rdn_b3lq.pt
Epoch 72/301 | train_loss=0.5218 train_acc=76.73% | val_loss=0.5084 val_acc=79.96% | lr=3.000000e-06
Saved new best model to /tmp/bow_mlp_imdb_rdn_b3lq.pt
Epoch 73/301 | train_loss=0.5201 train_acc=77.02% | val_loss=0.5064 val_acc=80.06% | lr=3.000000e-06
Saved new best model to /tmp/bow_mlp_imdb_rdn_b3lq.pt
Epoch 74/301 | train_loss=0.5178 train_acc=76.81% | val_loss=0.5043 val_acc=80.36% | lr=3.000000e-06
Saved new best model to /tmp/bow_mlp_imdb_rdn_b3lq.pt
Epoch 75/301 | train_loss=0.5164 train_acc=77.11% | val_loss=0.5023 val_acc=80.46% | lr=3.000000e-06
Saved new best model to /tmp/bow_mlp_imdb_rdn_b3lq.pt
Epoch 76/301 | train_loss=0.5131 train_acc=77.59% | val_loss=0.5003 val_acc=80.58% | lr=3.000000e-06
Saved new best model to /tmp/bow_mlp_imdb_rdn_b3lq.pt
Epoch 77/301 | train_loss=0.5128 train_acc=77.61% | val_loss=0.4983 val_acc=80.72% | lr=3.000000e-06
Saved new best model to /tmp/bow_mlp_imdb_rdn_b3lq.pt
Epoch 78/301 | train_loss=0.5106 train_acc=77.56% | val_loss=0.4965 val_acc=80.80% | lr=3.000000e-06
Saved new best model to /tmp/bow_mlp_imdb_rdn_b3lq.pt
Epoch 79/301 | train_loss=0.5109 train_acc=77.44% | val_loss=0.4947 val_acc=80.88% | lr=3.000000e-06
Saved new best model to /tmp/bow_mlp_imdb_rdn_b3lq.pt
Epoch 80/301 | train_loss=0.5078 train_acc=78.00% | val_loss=0.4927 val_acc=81.08% | lr=3.000000e-06
Saved new best model to /tmp/bow_mlp_imdb_rdn_b3lq.pt
Epoch 81/301 | train_loss=0.5037 train_acc=77.89% | val_loss=0.4907 val_acc=81.30% | lr=3.000000e-06
Saved new best model to /tmp/bow_mlp_imdb_rdn_b3lq.pt
Epoch 82/301 | train_loss=0.5026 train_acc=78.23% | val_loss=0.4888 val_acc=81.38% | lr=3.000000e-06
Saved new best model to /tmp/bow_mlp_imdb_rdn_b3lq.pt
Epoch 83/301 | train_loss=0.5018 train_acc=78.42% | val_loss=0.4871 val_acc=81.42% | lr=3.000000e-06
Saved new best model to /tmp/bow_mlp_imdb_rdn_b3lq.pt
Epoch 84/301 | train_loss=0.4979 train_acc=78.57% | val_loss=0.4851 val_acc=81.56% | lr=3.000000e-06
Saved new best model to /tmp/bow_mlp_imdb_rdn_b3lq.pt
Epoch 85/301 | train_loss=0.4952 train_acc=79.16% | val_loss=0.4833 val_acc=81.68% | lr=3.000000e-06
Saved new best model to /tmp/bow_mlp_imdb_rdn_b3lq.pt
Epoch 86/301 | train_loss=0.4982 train_acc=78.36% | val_loss=0.4816 val_acc=81.76% | lr=3.000000e-06
Saved new best model to /tmp/bow_mlp_imdb_rdn_b3lq.pt
Epoch 87/301 | train_loss=0.4958 train_acc=78.48% | val_loss=0.4800 val_acc=81.78% | lr=3.000000e-06
Saved new best model to /tmp/bow_mlp_imdb_rdn_b3lq.pt
Epoch 88/301 | train_loss=0.4912 train_acc=79.01% | val_loss=0.4782 val_acc=81.84% | lr=3.000000e-06
Saved new best model to /tmp/bow_mlp_imdb_rdn_b3lq.pt
Epoch 89/301 | train_loss=0.4910 train_acc=79.32% | val_loss=0.4765 val_acc=82.02% | lr=3.000000e-06
Saved new best model to /tmp/bow_mlp_imdb_rdn_b3lq.pt
Epoch 90/301 | train_loss=0.4889 train_acc=79.06% | val_loss=0.4749 val_acc=82.04% | lr=3.000000e-06
Saved new best model to /tmp/bow_mlp_imdb_rdn_b3lq.pt
Epoch 91/301 | train_loss=0.4867 train_acc=79.34% | val_loss=0.4732 val_acc=82.18% | lr=3.000000e-06
Saved new best model to /tmp/bow_mlp_imdb_rdn_b3lq.pt
Epoch 92/301 | train_loss=0.4885 train_acc=79.22% | val_loss=0.4715 val_acc=82.24% | lr=3.000000e-06
Saved new best model to /tmp/bow_mlp_imdb_rdn_b3lq.pt
Epoch 93/301 | train_loss=0.4858 train_acc=79.53% | val_loss=0.4700 val_acc=82.16% | lr=3.000000e-06
Epoch 94/301 | train_loss=0.4824 train_acc=79.52% | val_loss=0.4683 val_acc=82.18% | lr=3.000000e-06
Epoch 95/301 | train_loss=0.4798 train_acc=79.78% | val_loss=0.4665 val_acc=82.34% | lr=3.000000e-06
Saved new best model to /tmp/bow_mlp_imdb_rdn_b3lq.pt
Epoch 96/301 | train_loss=0.4784 train_acc=79.89% | val_loss=0.4647 val_acc=82.44% | lr=3.000000e-06
Saved new best model to /tmp/bow_mlp_imdb_rdn_b3lq.pt
Epoch 97/301 | train_loss=0.4786 train_acc=80.16% | val_loss=0.4631 val_acc=82.50% | lr=3.000000e-06
Saved new best model to /tmp/bow_mlp_imdb_rdn_b3lq.pt
Epoch 98/301 | train_loss=0.4753 train_acc=80.19% | val_loss=0.4614 val_acc=82.44% | lr=3.000000e-06
Epoch 99/301 | train_loss=0.4766 train_acc=79.75% | val_loss=0.4599 val_acc=82.48% | lr=3.000000e-06
Epoch 100/301 | train_loss=0.4719 train_acc=80.42% | val_loss=0.4582 val_acc=82.60% | lr=3.000000e-06
Saved new best model to /tmp/bow_mlp_imdb_rdn_b3lq.pt
Epoch 101/301 | train_loss=0.4700 train_acc=80.27% | val_loss=0.4565 val_acc=82.64% | lr=3.000000e-06
Saved new best model to /tmp/bow_mlp_imdb_rdn_b3lq.pt
Epoch 102/301 | train_loss=0.4695 train_acc=80.60% | val_loss=0.4550 val_acc=82.70% | lr=3.000000e-06
Saved new best model to /tmp/bow_mlp_imdb_rdn_b3lq.pt
Epoch 103/301 | train_loss=0.4673 train_acc=80.73% | val_loss=0.4533 val_acc=82.86% | lr=3.000000e-06
Saved new best model to /tmp/bow_mlp_imdb_rdn_b3lq.pt
Epoch 104/301 | train_loss=0.4651 train_acc=80.38% | val_loss=0.4518 val_acc=82.82% | lr=3.000000e-06
Epoch 105/301 | train_loss=0.4667 train_acc=80.64% | val_loss=0.4506 val_acc=82.82% | lr=3.000000e-06
Epoch 106/301 | train_loss=0.4616 train_acc=81.09% | val_loss=0.4491 val_acc=82.94% | lr=3.000000e-06
Saved new best model to /tmp/bow_mlp_imdb_rdn_b3lq.pt
Epoch 107/301 | train_loss=0.4627 train_acc=80.99% | val_loss=0.4478 val_acc=82.98% | lr=3.000000e-06
Saved new best model to /tmp/bow_mlp_imdb_rdn_b3lq.pt
Epoch 108/301 | train_loss=0.4609 train_acc=80.97% | val_loss=0.4464 val_acc=83.00% | lr=3.000000e-06
Saved new best model to /tmp/bow_mlp_imdb_rdn_b3lq.pt
Epoch 109/301 | train_loss=0.4611 train_acc=80.81% | val_loss=0.4451 val_acc=83.08% | lr=3.000000e-06
Saved new best model to /tmp/bow_mlp_imdb_rdn_b3lq.pt
Epoch 110/301 | train_loss=0.4565 train_acc=81.05% | val_loss=0.4437 val_acc=83.14% | lr=3.000000e-06
Saved new best model to /tmp/bow_mlp_imdb_rdn_b3lq.pt
Epoch 111/301 | train_loss=0.4582 train_acc=80.89% | val_loss=0.4425 val_acc=83.30% | lr=3.000000e-06
Saved new best model to /tmp/bow_mlp_imdb_rdn_b3lq.pt
Epoch 112/301 | train_loss=0.4554 train_acc=81.25% | val_loss=0.4412 val_acc=83.40% | lr=3.000000e-06
Saved new best model to /tmp/bow_mlp_imdb_rdn_b3lq.pt
Epoch 113/301 | train_loss=0.4520 train_acc=81.42% | val_loss=0.4397 val_acc=83.44% | lr=3.000000e-06
Saved new best model to /tmp/bow_mlp_imdb_rdn_b3lq.pt
Epoch 114/301 | train_loss=0.4528 train_acc=81.19% | val_loss=0.4386 val_acc=83.38% | lr=3.000000e-06
Epoch 115/301 | train_loss=0.4514 train_acc=81.62% | val_loss=0.4373 val_acc=83.52% | lr=3.000000e-06
Saved new best model to /tmp/bow_mlp_imdb_rdn_b3lq.pt
Epoch 116/301 | train_loss=0.4506 train_acc=81.46% | val_loss=0.4361 val_acc=83.64% | lr=3.000000e-06
Saved new best model to /tmp/bow_mlp_imdb_rdn_b3lq.pt
Epoch 117/301 | train_loss=0.4488 train_acc=81.57% | val_loss=0.4349 val_acc=83.68% | lr=3.000000e-06
Saved new best model to /tmp/bow_mlp_imdb_rdn_b3lq.pt
Epoch 118/301 | train_loss=0.4515 train_acc=81.45% | val_loss=0.4340 val_acc=83.78% | lr=3.000000e-06
Saved new best model to /tmp/bow_mlp_imdb_rdn_b3lq.pt
Epoch 119/301 | train_loss=0.4456 train_acc=81.67% | val_loss=0.4327 val_acc=83.88% | lr=3.000000e-06
Saved new best model to /tmp/bow_mlp_imdb_rdn_b3lq.pt
Epoch 120/301 | train_loss=0.4461 train_acc=81.39% | val_loss=0.4316 val_acc=83.90% | lr=3.000000e-06
Saved new best model to /tmp/bow_mlp_imdb_rdn_b3lq.pt
Epoch 121/301 | train_loss=0.4432 train_acc=81.95% | val_loss=0.4304 val_acc=83.94% | lr=3.000000e-06
Saved new best model to /tmp/bow_mlp_imdb_rdn_b3lq.pt
Epoch 122/301 | train_loss=0.4439 train_acc=81.92% | val_loss=0.4293 val_acc=84.02% | lr=3.000000e-06
Saved new best model to /tmp/bow_mlp_imdb_rdn_b3lq.pt
Epoch 123/301 | train_loss=0.4426 train_acc=81.88% | val_loss=0.4282 val_acc=84.06% | lr=3.000000e-06
Saved new best model to /tmp/bow_mlp_imdb_rdn_b3lq.pt
Epoch 124/301 | train_loss=0.4398 train_acc=81.92% | val_loss=0.4271 val_acc=84.12% | lr=3.000000e-06
Saved new best model to /tmp/bow_mlp_imdb_rdn_b3lq.pt
Epoch 125/301 | train_loss=0.4387 train_acc=82.39% | val_loss=0.4260 val_acc=84.18% | lr=3.000000e-06
Saved new best model to /tmp/bow_mlp_imdb_rdn_b3lq.pt
Epoch 126/301 | train_loss=0.4375 train_acc=82.42% | val_loss=0.4249 val_acc=84.14% | lr=3.000000e-06
Epoch 127/301 | train_loss=0.4389 train_acc=82.50% | val_loss=0.4239 val_acc=84.16% | lr=3.000000e-06
Epoch 128/301 | train_loss=0.4366 train_acc=82.18% | val_loss=0.4229 val_acc=84.12% | lr=3.000000e-06
Epoch 129/301 | train_loss=0.4363 train_acc=82.38% | val_loss=0.4219 val_acc=84.12% | lr=3.000000e-06
Epoch 130/301 | train_loss=0.4346 train_acc=82.53% | val_loss=0.4209 val_acc=84.14% | lr=3.000000e-06
Epoch 131/301 | train_loss=0.4322 train_acc=82.60% | val_loss=0.4200 val_acc=84.12% | lr=3.000000e-06
Epoch 132/301 | train_loss=0.4316 train_acc=82.70% | val_loss=0.4189 val_acc=84.10% | lr=3.000000e-06
Epoch 133/301 | train_loss=0.4326 train_acc=82.45% | val_loss=0.4181 val_acc=84.16% | lr=3.000000e-06
Epoch 134/301 | train_loss=0.4295 train_acc=82.75% | val_loss=0.4172 val_acc=84.16% | lr=3.000000e-06
Epoch 135/301 | train_loss=0.4305 train_acc=82.83% | val_loss=0.4164 val_acc=84.16% | lr=3.000000e-06
Epoch 136/301 | train_loss=0.4293 train_acc=82.73% | val_loss=0.4154 val_acc=84.16% | lr=3.000000e-06
Epoch 137/301 | train_loss=0.4275 train_acc=82.68% | val_loss=0.4146 val_acc=84.18% | lr=3.000000e-06
Epoch 138/301 | train_loss=0.4289 train_acc=82.41% | val_loss=0.4140 val_acc=84.14% | lr=3.000000e-06
Epoch 139/301 | train_loss=0.4264 train_acc=82.83% | val_loss=0.4132 val_acc=84.22% | lr=3.000000e-06
Saved new best model to /tmp/bow_mlp_imdb_rdn_b3lq.pt
Epoch 140/301 | train_loss=0.4249 train_acc=82.78% | val_loss=0.4122 val_acc=84.22% | lr=3.000000e-06
Epoch 141/301 | train_loss=0.4256 train_acc=82.44% | val_loss=0.4114 val_acc=84.26% | lr=3.000000e-06
Saved new best model to /tmp/bow_mlp_imdb_rdn_b3lq.pt
Epoch 142/301 | train_loss=0.4209 train_acc=82.70% | val_loss=0.4105 val_acc=84.30% | lr=3.000000e-06
Saved new best model to /tmp/bow_mlp_imdb_rdn_b3lq.pt
Epoch 143/301 | train_loss=0.4245 train_acc=82.54% | val_loss=0.4098 val_acc=84.32% | lr=3.000000e-06
Saved new best model to /tmp/bow_mlp_imdb_rdn_b3lq.pt
Epoch 144/301 | train_loss=0.4208 train_acc=83.11% | val_loss=0.4089 val_acc=84.34% | lr=3.000000e-06
Saved new best model to /tmp/bow_mlp_imdb_rdn_b3lq.pt
Epoch 145/301 | train_loss=0.4184 train_acc=83.08% | val_loss=0.4081 val_acc=84.34% | lr=3.000000e-06
Epoch 146/301 | train_loss=0.4194 train_acc=82.92% | val_loss=0.4072 val_acc=84.46% | lr=3.000000e-06
Saved new best model to /tmp/bow_mlp_imdb_rdn_b3lq.pt
Epoch 147/301 | train_loss=0.4181 train_acc=83.06% | val_loss=0.4065 val_acc=84.42% | lr=3.000000e-06
Epoch 148/301 | train_loss=0.4164 train_acc=83.25% | val_loss=0.4057 val_acc=84.48% | lr=3.000000e-06
Saved new best model to /tmp/bow_mlp_imdb_rdn_b3lq.pt
Epoch 149/301 | train_loss=0.4158 train_acc=83.43% | val_loss=0.4050 val_acc=84.48% | lr=3.000000e-06
Epoch 150/301 | train_loss=0.4131 train_acc=83.46% | val_loss=0.4040 val_acc=84.44% | lr=3.000000e-06
Epoch 151/301 | train_loss=0.4166 train_acc=82.88% | val_loss=0.4036 val_acc=84.46% | lr=3.000000e-06
Epoch 152/301 | train_loss=0.4155 train_acc=83.26% | val_loss=0.4029 val_acc=84.48% | lr=3.000000e-06
Epoch 153/301 | train_loss=0.4163 train_acc=83.23% | val_loss=0.4024 val_acc=84.50% | lr=3.000000e-06
Saved new best model to /tmp/bow_mlp_imdb_rdn_b3lq.pt
Epoch 154/301 | train_loss=0.4115 train_acc=83.33% | val_loss=0.4016 val_acc=84.52% | lr=3.000000e-06
Saved new best model to /tmp/bow_mlp_imdb_rdn_b3lq.pt
Epoch 155/301 | train_loss=0.4079 train_acc=83.71% | val_loss=0.4007 val_acc=84.58% | lr=3.000000e-06
Saved new best model to /tmp/bow_mlp_imdb_rdn_b3lq.pt
Epoch 156/301 | train_loss=0.4142 train_acc=83.27% | val_loss=0.4002 val_acc=84.60% | lr=3.000000e-06
Saved new best model to /tmp/bow_mlp_imdb_rdn_b3lq.pt
Epoch 157/301 | train_loss=0.4122 train_acc=83.34% | val_loss=0.3996 val_acc=84.62% | lr=3.000000e-06
Saved new best model to /tmp/bow_mlp_imdb_rdn_b3lq.pt
Epoch 158/301 | train_loss=0.4123 train_acc=83.36% | val_loss=0.3991 val_acc=84.60% | lr=3.000000e-06
Epoch 159/301 | train_loss=0.4082 train_acc=83.86% | val_loss=0.3985 val_acc=84.66% | lr=3.000000e-06
Saved new best model to /tmp/bow_mlp_imdb_rdn_b3lq.pt
Epoch 160/301 | train_loss=0.4092 train_acc=83.85% | val_loss=0.3978 val_acc=84.66% | lr=3.000000e-06
Epoch 161/301 | train_loss=0.4077 train_acc=83.62% | val_loss=0.3972 val_acc=84.70% | lr=3.000000e-06
Saved new best model to /tmp/bow_mlp_imdb_rdn_b3lq.pt
Epoch 162/301 | train_loss=0.4063 train_acc=83.52% | val_loss=0.3965 val_acc=84.66% | lr=3.000000e-06
Epoch 163/301 | train_loss=0.4072 train_acc=83.88% | val_loss=0.3960 val_acc=84.66% | lr=3.000000e-06
Epoch 164/301 | train_loss=0.4056 train_acc=83.73% | val_loss=0.3953 val_acc=84.68% | lr=3.000000e-06
Epoch 165/301 | train_loss=0.4037 train_acc=83.66% | val_loss=0.3946 val_acc=84.74% | lr=3.000000e-06
Saved new best model to /tmp/bow_mlp_imdb_rdn_b3lq.pt
Epoch 166/301 | train_loss=0.4051 train_acc=83.80% | val_loss=0.3940 val_acc=84.76% | lr=3.000000e-06
Saved new best model to /tmp/bow_mlp_imdb_rdn_b3lq.pt
Epoch 167/301 | train_loss=0.4032 train_acc=83.86% | val_loss=0.3934 val_acc=84.76% | lr=3.000000e-06
Epoch 168/301 | train_loss=0.4021 train_acc=83.84% | val_loss=0.3928 val_acc=84.80% | lr=3.000000e-06
Saved new best model to /tmp/bow_mlp_imdb_rdn_b3lq.pt
Epoch 169/301 | train_loss=0.4006 train_acc=83.72% | val_loss=0.3922 val_acc=84.80% | lr=3.000000e-06
Epoch 170/301 | train_loss=0.4002 train_acc=84.04% | val_loss=0.3916 val_acc=84.86% | lr=3.000000e-06
Saved new best model to /tmp/bow_mlp_imdb_rdn_b3lq.pt
Epoch 171/301 | train_loss=0.4016 train_acc=83.84% | val_loss=0.3910 val_acc=84.88% | lr=3.000000e-06
Saved new best model to /tmp/bow_mlp_imdb_rdn_b3lq.pt
Epoch 172/301 | train_loss=0.3998 train_acc=84.15% | val_loss=0.3905 val_acc=84.82% | lr=3.000000e-06
Epoch 173/301 | train_loss=0.3965 train_acc=84.08% | val_loss=0.3898 val_acc=84.88% | lr=3.000000e-06
Epoch 174/301 | train_loss=0.3993 train_acc=84.04% | val_loss=0.3895 val_acc=84.92% | lr=3.000000e-06
Saved new best model to /tmp/bow_mlp_imdb_rdn_b3lq.pt
Epoch 175/301 | train_loss=0.3962 train_acc=84.19% | val_loss=0.3889 val_acc=84.88% | lr=3.000000e-06
Epoch 176/301 | train_loss=0.3961 train_acc=84.26% | val_loss=0.3883 val_acc=84.92% | lr=3.000000e-06
Epoch 177/301 | train_loss=0.3925 train_acc=84.66% | val_loss=0.3875 val_acc=84.96% | lr=3.000000e-06
Saved new best model to /tmp/bow_mlp_imdb_rdn_b3lq.pt
Epoch 178/301 | train_loss=0.3946 train_acc=84.25% | val_loss=0.3870 val_acc=84.98% | lr=3.000000e-06
Saved new best model to /tmp/bow_mlp_imdb_rdn_b3lq.pt
Epoch 179/301 | train_loss=0.3939 train_acc=84.19% | val_loss=0.3866 val_acc=85.00% | lr=3.000000e-06
Saved new best model to /tmp/bow_mlp_imdb_rdn_b3lq.pt
Epoch 180/301 | train_loss=0.3958 train_acc=84.00% | val_loss=0.3862 val_acc=84.98% | lr=3.000000e-06
Epoch 181/301 | train_loss=0.3952 train_acc=84.28% | val_loss=0.3858 val_acc=85.06% | lr=3.000000e-06
Saved new best model to /tmp/bow_mlp_imdb_rdn_b3lq.pt
Epoch 182/301 | train_loss=0.3926 train_acc=84.34% | val_loss=0.3852 val_acc=85.02% | lr=3.000000e-06
Epoch 183/301 | train_loss=0.3916 train_acc=84.38% | val_loss=0.3847 val_acc=85.04% | lr=3.000000e-06
Epoch 184/301 | train_loss=0.3917 train_acc=84.55% | val_loss=0.3842 val_acc=85.08% | lr=3.000000e-06
Saved new best model to /tmp/bow_mlp_imdb_rdn_b3lq.pt
Epoch 185/301 | train_loss=0.3902 train_acc=84.35% | val_loss=0.3836 val_acc=85.08% | lr=3.000000e-06
Epoch 186/301 | train_loss=0.3927 train_acc=84.23% | val_loss=0.3832 val_acc=85.02% | lr=3.000000e-06
Epoch 187/301 | train_loss=0.3918 train_acc=84.52% | val_loss=0.3829 val_acc=85.12% | lr=3.000000e-06
Saved new best model to /tmp/bow_mlp_imdb_rdn_b3lq.pt
Epoch 188/301 | train_loss=0.3900 train_acc=84.27% | val_loss=0.3825 val_acc=85.14% | lr=3.000000e-06
Saved new best model to /tmp/bow_mlp_imdb_rdn_b3lq.pt
Epoch 189/301 | train_loss=0.3896 train_acc=84.22% | val_loss=0.3820 val_acc=84.98% | lr=3.000000e-06
Epoch 190/301 | train_loss=0.3876 train_acc=84.62% | val_loss=0.3815 val_acc=85.04% | lr=3.000000e-06
Epoch 191/301 | train_loss=0.3867 train_acc=84.62% | val_loss=0.3811 val_acc=85.02% | lr=3.000000e-06
Epoch 192/301 | train_loss=0.3876 train_acc=84.70% | val_loss=0.3807 val_acc=85.04% | lr=3.000000e-06
Epoch 193/301 | train_loss=0.3860 train_acc=84.48% | val_loss=0.3802 val_acc=85.02% | lr=3.000000e-06
Epoch 194/301 | train_loss=0.3875 train_acc=84.72% | val_loss=0.3798 val_acc=85.12% | lr=3.000000e-06
Epoch 195/301 | train_loss=0.3884 train_acc=84.63% | val_loss=0.3795 val_acc=85.20% | lr=3.000000e-06
Saved new best model to /tmp/bow_mlp_imdb_rdn_b3lq.pt
Epoch 196/301 | train_loss=0.3841 train_acc=84.81% | val_loss=0.3790 val_acc=85.24% | lr=3.000000e-06
Saved new best model to /tmp/bow_mlp_imdb_rdn_b3lq.pt
Epoch 197/301 | train_loss=0.3852 train_acc=84.80% | val_loss=0.3786 val_acc=85.22% | lr=3.000000e-06
Epoch 198/301 | train_loss=0.3863 train_acc=84.56% | val_loss=0.3782 val_acc=85.20% | lr=3.000000e-06
Epoch 199/301 | train_loss=0.3830 train_acc=84.86% | val_loss=0.3778 val_acc=85.22% | lr=3.000000e-06
Epoch 200/301 | train_loss=0.3824 train_acc=84.69% | val_loss=0.3774 val_acc=85.20% | lr=3.000000e-06
Epoch 201/301 | train_loss=0.3852 train_acc=84.83% | val_loss=0.3773 val_acc=85.14% | lr=3.000000e-06
Epoch 202/301 | train_loss=0.3815 train_acc=84.78% | val_loss=0.3768 val_acc=85.16% | lr=3.000000e-06
Epoch 203/301 | train_loss=0.3819 train_acc=84.71% | val_loss=0.3764 val_acc=85.18% | lr=3.000000e-06
Epoch 204/301 | train_loss=0.3831 train_acc=84.79% | val_loss=0.3762 val_acc=85.14% | lr=3.000000e-06
Epoch 205/301 | train_loss=0.3822 train_acc=84.96% | val_loss=0.3757 val_acc=85.16% | lr=3.000000e-06
Epoch 206/301 | train_loss=0.3805 train_acc=84.82% | val_loss=0.3754 val_acc=85.20% | lr=3.000000e-06
Epoch 207/301 | train_loss=0.3796 train_acc=84.97% | val_loss=0.3749 val_acc=85.18% | lr=3.000000e-06
Epoch 208/301 | train_loss=0.3820 train_acc=84.80% | val_loss=0.3747 val_acc=85.16% | lr=3.000000e-06
Epoch 209/301 | train_loss=0.3794 train_acc=85.16% | val_loss=0.3744 val_acc=85.18% | lr=3.000000e-06
Epoch 210/301 | train_loss=0.3793 train_acc=84.86% | val_loss=0.3740 val_acc=85.22% | lr=3.000000e-06
Epoch 211/301 | train_loss=0.3763 train_acc=85.13% | val_loss=0.3736 val_acc=85.22% | lr=3.000000e-06
Epoch 212/301 | train_loss=0.3803 train_acc=84.73% | val_loss=0.3734 val_acc=85.22% | lr=3.000000e-06
Epoch 213/301 | train_loss=0.3774 train_acc=85.04% | val_loss=0.3731 val_acc=85.20% | lr=3.000000e-06
Epoch 214/301 | train_loss=0.3768 train_acc=85.02% | val_loss=0.3726 val_acc=85.20% | lr=3.000000e-06
Epoch 215/301 | train_loss=0.3748 train_acc=85.09% | val_loss=0.3723 val_acc=85.14% | lr=3.000000e-06
Epoch 216/301 | train_loss=0.3730 train_acc=85.11% | val_loss=0.3718 val_acc=85.26% | lr=3.000000e-06
Saved new best model to /tmp/bow_mlp_imdb_rdn_b3lq.pt
Epoch 217/301 | train_loss=0.3754 train_acc=85.02% | val_loss=0.3715 val_acc=85.12% | lr=3.000000e-06
Epoch 218/301 | train_loss=0.3751 train_acc=84.92% | val_loss=0.3712 val_acc=85.16% | lr=3.000000e-06
Epoch 219/301 | train_loss=0.3728 train_acc=85.23% | val_loss=0.3708 val_acc=85.16% | lr=3.000000e-06
Epoch 220/301 | train_loss=0.3731 train_acc=85.25% | val_loss=0.3704 val_acc=85.26% | lr=3.000000e-06
Epoch 221/301 | train_loss=0.3761 train_acc=84.95% | val_loss=0.3703 val_acc=85.18% | lr=3.000000e-06
Epoch 222/301 | train_loss=0.3728 train_acc=85.18% | val_loss=0.3700 val_acc=85.20% | lr=3.000000e-06
Epoch 223/301 | train_loss=0.3727 train_acc=85.28% | val_loss=0.3697 val_acc=85.20% | lr=3.000000e-06
Epoch 224/301 | train_loss=0.3700 train_acc=85.41% | val_loss=0.3691 val_acc=85.16% | lr=3.000000e-06
Epoch 225/301 | train_loss=0.3724 train_acc=85.00% | val_loss=0.3689 val_acc=85.16% | lr=3.000000e-06
Epoch 226/301 | train_loss=0.3729 train_acc=85.25% | val_loss=0.3687 val_acc=85.20% | lr=3.000000e-06
Epoch 227/301 | train_loss=0.3727 train_acc=85.26% | val_loss=0.3684 val_acc=85.20% | lr=3.000000e-06
Epoch 228/301 | train_loss=0.3709 train_acc=85.08% | val_loss=0.3681 val_acc=85.22% | lr=3.000000e-06
Epoch 229/301 | train_loss=0.3677 train_acc=85.40% | val_loss=0.3678 val_acc=85.22% | lr=3.000000e-06
Epoch 230/301 | train_loss=0.3703 train_acc=85.19% | val_loss=0.3676 val_acc=85.24% | lr=3.000000e-06
Epoch 231/301 | train_loss=0.3689 train_acc=85.32% | val_loss=0.3672 val_acc=85.24% | lr=3.000000e-06
Epoch 232/301 | train_loss=0.3682 train_acc=85.24% | val_loss=0.3669 val_acc=85.22% | lr=3.000000e-06
Epoch 233/301 | train_loss=0.3680 train_acc=85.56% | val_loss=0.3666 val_acc=85.22% | lr=3.000000e-06
Epoch 234/301 | train_loss=0.3672 train_acc=85.45% | val_loss=0.3663 val_acc=85.24% | lr=3.000000e-06
Epoch 235/301 | train_loss=0.3651 train_acc=85.56% | val_loss=0.3659 val_acc=85.20% | lr=3.000000e-06
Epoch 236/301 | train_loss=0.3676 train_acc=85.52% | val_loss=0.3657 val_acc=85.16% | lr=3.000000e-06
Epoch 237/301 | train_loss=0.3668 train_acc=85.56% | val_loss=0.3654 val_acc=85.22% | lr=3.000000e-06
Epoch 238/301 | train_loss=0.3653 train_acc=85.41% | val_loss=0.3652 val_acc=85.26% | lr=3.000000e-06
Epoch 239/301 | train_loss=0.3686 train_acc=85.28% | val_loss=0.3650 val_acc=85.24% | lr=3.000000e-06
Epoch 240/301 | train_loss=0.3622 train_acc=85.47% | val_loss=0.3646 val_acc=85.22% | lr=3.000000e-06
Epoch 241/301 | train_loss=0.3642 train_acc=85.57% | val_loss=0.3644 val_acc=85.22% | lr=3.000000e-06
Epoch 242/301 | train_loss=0.3635 train_acc=85.41% | val_loss=0.3641 val_acc=85.24% | lr=3.000000e-06
Epoch 243/301 | train_loss=0.3629 train_acc=85.70% | val_loss=0.3639 val_acc=85.16% | lr=3.000000e-06
Epoch 244/301 | train_loss=0.3647 train_acc=85.22% | val_loss=0.3637 val_acc=85.20% | lr=3.000000e-06
Epoch 245/301 | train_loss=0.3658 train_acc=85.34% | val_loss=0.3636 val_acc=85.20% | lr=3.000000e-06
Epoch 246/301 | train_loss=0.3646 train_acc=85.37% | val_loss=0.3633 val_acc=85.16% | lr=3.000000e-06
Epoch 247/301 | train_loss=0.3641 train_acc=85.42% | val_loss=0.3630 val_acc=85.18% | lr=3.000000e-06
Epoch 248/301 | train_loss=0.3610 train_acc=85.39% | val_loss=0.3628 val_acc=85.16% | lr=3.000000e-06
Epoch 249/301 | train_loss=0.3619 train_acc=85.38% | val_loss=0.3625 val_acc=85.12% | lr=3.000000e-06
Epoch 250/301 | train_loss=0.3640 train_acc=85.66% | val_loss=0.3623 val_acc=85.18% | lr=3.000000e-06
Epoch 251/301 | train_loss=0.3607 train_acc=85.72% | val_loss=0.3622 val_acc=85.20% | lr=3.000000e-06
Epoch 252/301 | train_loss=0.3631 train_acc=85.59% | val_loss=0.3619 val_acc=85.20% | lr=3.000000e-06
Epoch 253/301 | train_loss=0.3640 train_acc=85.30% | val_loss=0.3619 val_acc=85.22% | lr=3.000000e-06
Epoch 254/301 | train_loss=0.3578 train_acc=85.78% | val_loss=0.3616 val_acc=85.22% | lr=3.000000e-06
Epoch 255/301 | train_loss=0.3589 train_acc=85.56% | val_loss=0.3614 val_acc=85.22% | lr=3.000000e-06
Epoch 256/301 | train_loss=0.3614 train_acc=85.45% | val_loss=0.3612 val_acc=85.18% | lr=3.000000e-06
Epoch 257/301 | train_loss=0.3595 train_acc=85.72% | val_loss=0.3610 val_acc=85.18% | lr=3.000000e-06
Epoch 258/301 | train_loss=0.3585 train_acc=85.77% | val_loss=0.3607 val_acc=85.18% | lr=3.000000e-06
Epoch 259/301 | train_loss=0.3555 train_acc=85.93% | val_loss=0.3603 val_acc=85.20% | lr=3.000000e-06
Epoch 260/301 | train_loss=0.3591 train_acc=85.87% | val_loss=0.3602 val_acc=85.16% | lr=3.000000e-06
Epoch 261/301 | train_loss=0.3565 train_acc=85.69% | val_loss=0.3600 val_acc=85.22% | lr=3.000000e-06
Epoch 262/301 | train_loss=0.3571 train_acc=85.77% | val_loss=0.3597 val_acc=85.20% | lr=3.000000e-06
Epoch 263/301 | train_loss=0.3574 train_acc=85.72% | val_loss=0.3595 val_acc=85.16% | lr=3.000000e-06
Epoch 264/301 | train_loss=0.3591 train_acc=85.58% | val_loss=0.3595 val_acc=85.22% | lr=3.000000e-06
Epoch 265/301 | train_loss=0.3544 train_acc=85.89% | val_loss=0.3592 val_acc=85.22% | lr=3.000000e-06
Epoch 266/301 | train_loss=0.3568 train_acc=85.78% | val_loss=0.3591 val_acc=85.22% | lr=3.000000e-06
Epoch 267/301 | train_loss=0.3551 train_acc=85.82% | val_loss=0.3588 val_acc=85.26% | lr=3.000000e-06
Epoch 268/301 | train_loss=0.3587 train_acc=85.83% | val_loss=0.3587 val_acc=85.22% | lr=3.000000e-06
Epoch 269/301 | train_loss=0.3543 train_acc=85.99% | val_loss=0.3585 val_acc=85.20% | lr=3.000000e-06
Epoch 270/301 | train_loss=0.3533 train_acc=85.98% | val_loss=0.3582 val_acc=85.22% | lr=3.000000e-06
Epoch 271/301 | train_loss=0.3540 train_acc=85.73% | val_loss=0.3580 val_acc=85.22% | lr=3.000000e-06
Epoch 272/301 | train_loss=0.3530 train_acc=85.83% | val_loss=0.3578 val_acc=85.18% | lr=3.000000e-06
Epoch 273/301 | train_loss=0.3516 train_acc=86.03% | val_loss=0.3577 val_acc=85.20% | lr=3.000000e-06
Epoch 274/301 | train_loss=0.3527 train_acc=85.95% | val_loss=0.3575 val_acc=85.20% | lr=3.000000e-06
Epoch 275/301 | train_loss=0.3545 train_acc=85.95% | val_loss=0.3573 val_acc=85.22% | lr=3.000000e-06
Epoch 276/301 | train_loss=0.3519 train_acc=85.93% | val_loss=0.3571 val_acc=85.26% | lr=3.000000e-06
Epoch 277/301 | train_loss=0.3551 train_acc=86.00% | val_loss=0.3570 val_acc=85.26% | lr=3.000000e-06
Epoch 278/301 | train_loss=0.3523 train_acc=86.08% | val_loss=0.3569 val_acc=85.24% | lr=3.000000e-06
Epoch 279/301 | train_loss=0.3527 train_acc=85.77% | val_loss=0.3567 val_acc=85.26% | lr=3.000000e-06
Epoch 280/301 | train_loss=0.3537 train_acc=85.92% | val_loss=0.3566 val_acc=85.20% | lr=3.000000e-06
Epoch 281/301 | train_loss=0.3521 train_acc=86.16% | val_loss=0.3564 val_acc=85.24% | lr=3.000000e-06
Epoch 282/301 | train_loss=0.3495 train_acc=86.22% | val_loss=0.3562 val_acc=85.20% | lr=3.000000e-06
Epoch 283/301 | train_loss=0.3511 train_acc=85.93% | val_loss=0.3560 val_acc=85.24% | lr=3.000000e-06
Epoch 284/301 | train_loss=0.3483 train_acc=86.03% | val_loss=0.3557 val_acc=85.26% | lr=3.000000e-06
Epoch 285/301 | train_loss=0.3489 train_acc=86.06% | val_loss=0.3555 val_acc=85.28% | lr=3.000000e-06
Saved new best model to /tmp/bow_mlp_imdb_rdn_b3lq.pt
Epoch 286/301 | train_loss=0.3495 train_acc=86.02% | val_loss=0.3554 val_acc=85.28% | lr=3.000000e-06
Epoch 287/301 | train_loss=0.3480 train_acc=86.30% | val_loss=0.3553 val_acc=85.18% | lr=3.000000e-06
Epoch 288/301 | train_loss=0.3515 train_acc=86.04% | val_loss=0.3552 val_acc=85.26% | lr=3.000000e-06
Epoch 289/301 | train_loss=0.3486 train_acc=86.28% | val_loss=0.3550 val_acc=85.24% | lr=3.000000e-06
Epoch 290/301 | train_loss=0.3502 train_acc=85.97% | val_loss=0.3548 val_acc=85.20% | lr=3.000000e-06
Epoch 291/301 | train_loss=0.3497 train_acc=85.87% | val_loss=0.3547 val_acc=85.18% | lr=3.000000e-06
Epoch 292/301 | train_loss=0.3480 train_acc=85.87% | val_loss=0.3546 val_acc=85.22% | lr=3.000000e-06
Epoch 293/301 | train_loss=0.3474 train_acc=86.16% | val_loss=0.3544 val_acc=85.24% | lr=3.000000e-06
Epoch 294/301 | train_loss=0.3464 train_acc=86.09% | val_loss=0.3543 val_acc=85.24% | lr=3.000000e-06
Epoch 295/301 | train_loss=0.3461 train_acc=86.19% | val_loss=0.3540 val_acc=85.26% | lr=3.000000e-06
Epoch 296/301 | train_loss=0.3454 train_acc=86.47% | val_loss=0.3538 val_acc=85.20% | lr=3.000000e-06
Epoch 297/301 | train_loss=0.3482 train_acc=86.13% | val_loss=0.3538 val_acc=85.26% | lr=3.000000e-06
Epoch 298/301 | train_loss=0.3464 train_acc=86.20% | val_loss=0.3536 val_acc=85.26% | lr=3.000000e-06
Epoch 299/301 | train_loss=0.3478 train_acc=86.10% | val_loss=0.3535 val_acc=85.20% | lr=3.000000e-06
Epoch 300/301 | train_loss=0.3449 train_acc=86.28% | val_loss=0.3533 val_acc=85.30% | lr=3.000000e-06
Saved new best model to /tmp/bow_mlp_imdb_rdn_b3lq.pt
Epoch 301/301 | train_loss=0.3447 train_acc=86.39% | val_loss=0.3531 val_acc=85.30% | lr=3.000000e-06
Epoch 302/301 | train_loss=0.3456 train_acc=86.25% | val_loss=0.3530 val_acc=85.28% | lr=3.000000e-06
Epoch 303/301 | train_loss=0.3449 train_acc=86.23% | val_loss=0.3528 val_acc=85.22% | lr=3.000000e-06
Epoch 304/301 | train_loss=0.3444 train_acc=86.30% | val_loss=0.3527 val_acc=85.28% | lr=3.000000e-06
Epoch 305/301 | train_loss=0.3448 train_acc=86.33% | val_loss=0.3526 val_acc=85.32% | lr=3.000000e-06
Saved new best model to /tmp/bow_mlp_imdb_rdn_b3lq.pt
Epoch 306/301 | train_loss=0.3453 train_acc=86.31% | val_loss=0.3524 val_acc=85.22% | lr=3.000000e-06
Epoch 307/301 | train_loss=0.3433 train_acc=86.23% | val_loss=0.3523 val_acc=85.30% | lr=3.000000e-06
Epoch 308/301 | train_loss=0.3414 train_acc=86.48% | val_loss=0.3522 val_acc=85.32% | lr=3.000000e-06
Epoch 309/301 | train_loss=0.3446 train_acc=86.08% | val_loss=0.3520 val_acc=85.28% | lr=3.000000e-06
Epoch 310/301 | train_loss=0.3419 train_acc=86.25% | val_loss=0.3518 val_acc=85.24% | lr=3.000000e-06
Epoch 311/301 | train_loss=0.3433 train_acc=86.17% | val_loss=0.3517 val_acc=85.34% | lr=3.000000e-06
Saved new best model to /tmp/bow_mlp_imdb_rdn_b3lq.pt
Epoch 312/301 | train_loss=0.3398 train_acc=86.45% | val_loss=0.3515 val_acc=85.14% | lr=3.000000e-06
Epoch 313/301 | train_loss=0.3434 train_acc=86.05% | val_loss=0.3514 val_acc=85.30% | lr=3.000000e-06
Epoch 314/301 | train_loss=0.3427 train_acc=86.42% | val_loss=0.3513 val_acc=85.26% | lr=3.000000e-06
Epoch 315/301 | train_loss=0.3411 train_acc=86.09% | val_loss=0.3512 val_acc=85.26% | lr=3.000000e-06
Epoch 316/301 | train_loss=0.3431 train_acc=86.37% | val_loss=0.3511 val_acc=85.26% | lr=3.000000e-06
Epoch 317/301 | train_loss=0.3414 train_acc=86.56% | val_loss=0.3509 val_acc=85.30% | lr=3.000000e-06
Epoch 318/301 | train_loss=0.3395 train_acc=86.44% | val_loss=0.3508 val_acc=85.28% | lr=3.000000e-06
Epoch 319/301 | train_loss=0.3415 train_acc=86.08% | val_loss=0.3507 val_acc=85.28% | lr=3.000000e-06
Epoch 320/301 | train_loss=0.3398 train_acc=86.44% | val_loss=0.3506 val_acc=85.36% | lr=3.000000e-06
Saved new best model to /tmp/bow_mlp_imdb_rdn_b3lq.pt
Epoch 321/301 | train_loss=0.3426 train_acc=86.26% | val_loss=0.3505 val_acc=85.32% | lr=3.000000e-06
Epoch 322/301 | train_loss=0.3405 train_acc=86.46% | val_loss=0.3504 val_acc=85.34% | lr=3.000000e-06
Epoch 323/301 | train_loss=0.3401 train_acc=86.30% | val_loss=0.3503 val_acc=85.32% | lr=3.000000e-06
Epoch 324/301 | train_loss=0.3385 train_acc=86.45% | val_loss=0.3501 val_acc=85.34% | lr=3.000000e-06
Epoch 325/301 | train_loss=0.3390 train_acc=86.69% | val_loss=0.3500 val_acc=85.30% | lr=3.000000e-06
Epoch 326/301 | train_loss=0.3385 train_acc=86.41% | val_loss=0.3499 val_acc=85.36% | lr=3.000000e-06
Epoch 327/301 | train_loss=0.3384 train_acc=86.52% | val_loss=0.3498 val_acc=85.34% | lr=3.000000e-06
Epoch 328/301 | train_loss=0.3385 train_acc=86.52% | val_loss=0.3497 val_acc=85.32% | lr=3.000000e-06
Epoch 329/301 | train_loss=0.3390 train_acc=86.19% | val_loss=0.3496 val_acc=85.32% | lr=3.000000e-06
Epoch 330/301 | train_loss=0.3375 train_acc=86.68% | val_loss=0.3494 val_acc=85.34% | lr=3.000000e-06
Epoch 331/301 | train_loss=0.3369 train_acc=86.61% | val_loss=0.3493 val_acc=85.34% | lr=3.000000e-06
Epoch 332/301 | train_loss=0.3361 train_acc=86.60% | val_loss=0.3492 val_acc=85.32% | lr=3.000000e-06
Epoch 333/301 | train_loss=0.3387 train_acc=86.55% | val_loss=0.3491 val_acc=85.32% | lr=3.000000e-06
Epoch 334/301 | train_loss=0.3366 train_acc=86.72% | val_loss=0.3489 val_acc=85.38% | lr=3.000000e-06
Saved new best model to /tmp/bow_mlp_imdb_rdn_b3lq.pt
Epoch 335/301 | train_loss=0.3370 train_acc=86.56% | val_loss=0.3488 val_acc=85.38% | lr=3.000000e-06
Epoch 336/301 | train_loss=0.3377 train_acc=86.34% | val_loss=0.3487 val_acc=85.36% | lr=3.000000e-06
Epoch 337/301 | train_loss=0.3371 train_acc=86.46% | val_loss=0.3487 val_acc=85.38% | lr=3.000000e-06
Epoch 338/301 | train_loss=0.3349 train_acc=86.81% | val_loss=0.3485 val_acc=85.36% | lr=3.000000e-06
Epoch 339/301 | train_loss=0.3342 train_acc=86.59% | val_loss=0.3484 val_acc=85.36% | lr=3.000000e-06
Epoch 340/301 | train_loss=0.3376 train_acc=86.56% | val_loss=0.3484 val_acc=85.42% | lr=3.000000e-06
Saved new best model to /tmp/bow_mlp_imdb_rdn_b3lq.pt
Epoch 341/301 | train_loss=0.3357 train_acc=86.56% | val_loss=0.3482 val_acc=85.38% | lr=3.000000e-06
Epoch 342/301 | train_loss=0.3329 train_acc=86.55% | val_loss=0.3481 val_acc=85.32% | lr=3.000000e-06
Epoch 343/301 | train_loss=0.3348 train_acc=86.55% | val_loss=0.3480 val_acc=85.32% | lr=3.000000e-06
Epoch 344/301 | train_loss=0.3353 train_acc=86.61% | val_loss=0.3479 val_acc=85.40% | lr=3.000000e-06
Epoch 345/301 | train_loss=0.3364 train_acc=86.52% | val_loss=0.3479 val_acc=85.40% | lr=3.000000e-06
Epoch 346/301 | train_loss=0.3326 train_acc=86.73% | val_loss=0.3477 val_acc=85.40% | lr=3.000000e-06
Epoch 347/301 | train_loss=0.3319 train_acc=86.90% | val_loss=0.3476 val_acc=85.42% | lr=3.000000e-06
Epoch 348/301 | train_loss=0.3319 train_acc=86.81% | val_loss=0.3475 val_acc=85.44% | lr=3.000000e-06
Saved new best model to /tmp/bow_mlp_imdb_rdn_b3lq.pt
Epoch 349/301 | train_loss=0.3346 train_acc=86.47% | val_loss=0.3475 val_acc=85.46% | lr=3.000000e-06
Saved new best model to /tmp/bow_mlp_imdb_rdn_b3lq.pt
Epoch 350/301 | train_loss=0.3343 train_acc=86.77% | val_loss=0.3474 val_acc=85.38% | lr=3.000000e-06
Epoch 351/301 | train_loss=0.3326 train_acc=86.75% | val_loss=0.3472 val_acc=85.42% | lr=3.000000e-06
Epoch 352/301 | train_loss=0.3358 train_acc=86.57% | val_loss=0.3472 val_acc=85.36% | lr=3.000000e-06
Epoch 353/301 | train_loss=0.3325 train_acc=86.83% | val_loss=0.3471 val_acc=85.42% | lr=3.000000e-06
Epoch 354/301 | train_loss=0.3335 train_acc=86.82% | val_loss=0.3470 val_acc=85.36% | lr=3.000000e-06
Epoch 355/301 | train_loss=0.3366 train_acc=86.70% | val_loss=0.3469 val_acc=85.32% | lr=3.000000e-06
Epoch 356/301 | train_loss=0.3340 train_acc=86.66% | val_loss=0.3468 val_acc=85.38% | lr=3.000000e-06
Epoch 357/301 | train_loss=0.3336 train_acc=86.52% | val_loss=0.3468 val_acc=85.40% | lr=3.000000e-06
Epoch 358/301 | train_loss=0.3315 train_acc=86.67% | val_loss=0.3467 val_acc=85.40% | lr=3.000000e-06
Epoch 359/301 | train_loss=0.3330 train_acc=86.81% | val_loss=0.3466 val_acc=85.46% | lr=3.000000e-06
Epoch 360/301 | train_loss=0.3316 train_acc=87.08% | val_loss=0.3464 val_acc=85.40% | lr=3.000000e-06
Epoch 361/301 | train_loss=0.3306 train_acc=86.87% | val_loss=0.3463 val_acc=85.34% | lr=3.000000e-06
Epoch 362/301 | train_loss=0.3330 train_acc=86.68% | val_loss=0.3463 val_acc=85.42% | lr=3.000000e-06
Epoch 363/301 | train_loss=0.3294 train_acc=86.72% | val_loss=0.3462 val_acc=85.42% | lr=3.000000e-06
Epoch 364/301 | train_loss=0.3316 train_acc=86.68% | val_loss=0.3461 val_acc=85.36% | lr=3.000000e-06
Epoch 365/301 | train_loss=0.3300 train_acc=86.72% | val_loss=0.3460 val_acc=85.42% | lr=3.000000e-06
Epoch 366/301 | train_loss=0.3296 train_acc=86.92% | val_loss=0.3459 val_acc=85.38% | lr=3.000000e-06
Epoch 367/301 | train_loss=0.3301 train_acc=86.78% | val_loss=0.3458 val_acc=85.34% | lr=3.000000e-06
Epoch 368/301 | train_loss=0.3305 train_acc=86.83% | val_loss=0.3457 val_acc=85.34% | lr=3.000000e-06
Epoch 369/301 | train_loss=0.3283 train_acc=86.80% | val_loss=0.3457 val_acc=85.44% | lr=3.000000e-06
Epoch 370/301 | train_loss=0.3281 train_acc=87.00% | val_loss=0.3455 val_acc=85.44% | lr=3.000000e-06
Epoch 371/301 | train_loss=0.3303 train_acc=86.77% | val_loss=0.3455 val_acc=85.42% | lr=3.000000e-06
Epoch 372/301 | train_loss=0.3295 train_acc=86.69% | val_loss=0.3454 val_acc=85.44% | lr=3.000000e-06
Epoch 373/301 | train_loss=0.3262 train_acc=86.83% | val_loss=0.3453 val_acc=85.40% | lr=3.000000e-06
Epoch 374/301 | train_loss=0.3288 train_acc=86.80% | val_loss=0.3452 val_acc=85.38% | lr=3.000000e-06
Epoch 375/301 | train_loss=0.3269 train_acc=86.80% | val_loss=0.3451 val_acc=85.44% | lr=3.000000e-06
Epoch 376/301 | train_loss=0.3268 train_acc=86.98% | val_loss=0.3450 val_acc=85.36% | lr=3.000000e-06
Epoch 377/301 | train_loss=0.3285 train_acc=86.98% | val_loss=0.3449 val_acc=85.42% | lr=3.000000e-06
Epoch 378/301 | train_loss=0.3285 train_acc=87.05% | val_loss=0.3449 val_acc=85.50% | lr=3.000000e-06
Saved new best model to /tmp/bow_mlp_imdb_rdn_b3lq.pt
Epoch 379/301 | train_loss=0.3264 train_acc=87.05% | val_loss=0.3448 val_acc=85.42% | lr=3.000000e-06
Epoch 380/301 | train_loss=0.3271 train_acc=86.74% | val_loss=0.3447 val_acc=85.42% | lr=3.000000e-06
Epoch 381/301 | train_loss=0.3292 train_acc=86.68% | val_loss=0.3447 val_acc=85.50% | lr=3.000000e-06
Epoch 382/301 | train_loss=0.3275 train_acc=86.84% | val_loss=0.3446 val_acc=85.42% | lr=3.000000e-06
Epoch 383/301 | train_loss=0.3270 train_acc=86.78% | val_loss=0.3445 val_acc=85.52% | lr=3.000000e-06
Saved new best model to /tmp/bow_mlp_imdb_rdn_b3lq.pt
Epoch 384/301 | train_loss=0.3268 train_acc=86.69% | val_loss=0.3445 val_acc=85.54% | lr=3.000000e-06
Saved new best model to /tmp/bow_mlp_imdb_rdn_b3lq.pt
Epoch 385/301 | train_loss=0.3228 train_acc=87.10% | val_loss=0.3444 val_acc=85.48% | lr=3.000000e-06
Epoch 386/301 | train_loss=0.3273 train_acc=86.86% | val_loss=0.3443 val_acc=85.54% | lr=3.000000e-06
Epoch 387/301 | train_loss=0.3257 train_acc=86.92% | val_loss=0.3442 val_acc=85.52% | lr=3.000000e-06
Epoch 388/301 | train_loss=0.3263 train_acc=86.89% | val_loss=0.3442 val_acc=85.54% | lr=3.000000e-06
Epoch 389/301 | train_loss=0.3252 train_acc=86.98% | val_loss=0.3441 val_acc=85.56% | lr=3.000000e-06
Saved new best model to /tmp/bow_mlp_imdb_rdn_b3lq.pt
Epoch 390/301 | train_loss=0.3207 train_acc=87.17% | val_loss=0.3441 val_acc=85.52% | lr=3.000000e-06
Epoch 391/301 | train_loss=0.3246 train_acc=87.07% | val_loss=0.3440 val_acc=85.52% | lr=3.000000e-06
Epoch 392/301 | train_loss=0.3252 train_acc=86.94% | val_loss=0.3439 val_acc=85.52% | lr=3.000000e-06
Epoch 393/301 | train_loss=0.3247 train_acc=87.00% | val_loss=0.3439 val_acc=85.54% | lr=3.000000e-06
Epoch 394/301 | train_loss=0.3250 train_acc=86.91% | val_loss=0.3438 val_acc=85.52% | lr=3.000000e-06
Epoch 395/301 | train_loss=0.3226 train_acc=87.06% | val_loss=0.3437 val_acc=85.54% | lr=3.000000e-06
Epoch 396/301 | train_loss=0.3236 train_acc=86.98% | val_loss=0.3437 val_acc=85.50% | lr=3.000000e-06
Epoch 397/301 | train_loss=0.3242 train_acc=86.91% | val_loss=0.3436 val_acc=85.52% | lr=3.000000e-06
Epoch 398/301 | train_loss=0.3253 train_acc=86.99% | val_loss=0.3435 val_acc=85.50% | lr=3.000000e-06
Epoch 399/301 | train_loss=0.3238 train_acc=86.82% | val_loss=0.3435 val_acc=85.56% | lr=3.000000e-06
Epoch 400/301 | train_loss=0.3238 train_acc=87.11% | val_loss=0.3434 val_acc=85.56% | lr=3.000000e-06
Test loss=0.3401 | Test accuracy=85.69%
