Loading IMDb dataset from local disk: /home/daniel/l/masteruppsats/np-reg/language/data/imdb_hf
Using device: cuda
BoW vocab size: 1562
W0420 20:48:04.025000 974156 site-packages/torch/_inductor/utils.py:1679] [0/0] Not enough SMs to use max_autotune_gemm mode
Epoch 1/301 | train_loss=0.7488 train_acc=49.96% | val_loss=0.7376 val_acc=49.88% | lr=3.000000e-06
Saved new best model to /tmp/bow_mlp_imdb_tb2l2q3t.pt
Epoch 2/301 | train_loss=0.7347 train_acc=50.08% | val_loss=0.7263 val_acc=50.10% | lr=3.000000e-06
Saved new best model to /tmp/bow_mlp_imdb_tb2l2q3t.pt
Epoch 3/301 | train_loss=0.7256 train_acc=50.09% | val_loss=0.7185 val_acc=50.14% | lr=3.000000e-06
Saved new best model to /tmp/bow_mlp_imdb_tb2l2q3t.pt
Epoch 4/301 | train_loss=0.7196 train_acc=50.27% | val_loss=0.7131 val_acc=50.34% | lr=3.000000e-06
Saved new best model to /tmp/bow_mlp_imdb_tb2l2q3t.pt
Epoch 5/301 | train_loss=0.7150 train_acc=50.40% | val_loss=0.7091 val_acc=50.54% | lr=3.000000e-06
Saved new best model to /tmp/bow_mlp_imdb_tb2l2q3t.pt
Epoch 6/301 | train_loss=0.7117 train_acc=50.66% | val_loss=0.7061 val_acc=50.92% | lr=3.000000e-06
Saved new best model to /tmp/bow_mlp_imdb_tb2l2q3t.pt
Epoch 7/301 | train_loss=0.7103 train_acc=50.73% | val_loss=0.7038 val_acc=51.12% | lr=3.000000e-06
Saved new best model to /tmp/bow_mlp_imdb_tb2l2q3t.pt
Epoch 8/301 | train_loss=0.7072 train_acc=51.55% | val_loss=0.7018 val_acc=51.56% | lr=3.000000e-06
Saved new best model to /tmp/bow_mlp_imdb_tb2l2q3t.pt
Epoch 9/301 | train_loss=0.7048 train_acc=51.30% | val_loss=0.7000 val_acc=51.80% | lr=3.000000e-06
Saved new best model to /tmp/bow_mlp_imdb_tb2l2q3t.pt
Epoch 10/301 | train_loss=0.7041 train_acc=51.62% | val_loss=0.6983 val_acc=51.96% | lr=3.000000e-06
Saved new best model to /tmp/bow_mlp_imdb_tb2l2q3t.pt
Epoch 11/301 | train_loss=0.7028 train_acc=51.70% | val_loss=0.6967 val_acc=52.14% | lr=3.000000e-06
Saved new best model to /tmp/bow_mlp_imdb_tb2l2q3t.pt
Epoch 12/301 | train_loss=0.7005 train_acc=51.87% | val_loss=0.6952 val_acc=52.38% | lr=3.000000e-06
Saved new best model to /tmp/bow_mlp_imdb_tb2l2q3t.pt
Epoch 13/301 | train_loss=0.6991 train_acc=51.88% | val_loss=0.6937 val_acc=52.62% | lr=3.000000e-06
Saved new best model to /tmp/bow_mlp_imdb_tb2l2q3t.pt
Epoch 14/301 | train_loss=0.7000 train_acc=52.13% | val_loss=0.6924 val_acc=52.86% | lr=3.000000e-06
Saved new best model to /tmp/bow_mlp_imdb_tb2l2q3t.pt
Epoch 15/301 | train_loss=0.6959 train_acc=52.52% | val_loss=0.6909 val_acc=53.08% | lr=3.000000e-06
Saved new best model to /tmp/bow_mlp_imdb_tb2l2q3t.pt
Epoch 16/301 | train_loss=0.6957 train_acc=52.65% | val_loss=0.6895 val_acc=53.16% | lr=3.000000e-06
Saved new best model to /tmp/bow_mlp_imdb_tb2l2q3t.pt
Epoch 17/301 | train_loss=0.6950 train_acc=52.81% | val_loss=0.6882 val_acc=53.32% | lr=3.000000e-06
Saved new best model to /tmp/bow_mlp_imdb_tb2l2q3t.pt
Epoch 18/301 | train_loss=0.6928 train_acc=53.06% | val_loss=0.6869 val_acc=53.52% | lr=3.000000e-06
Saved new best model to /tmp/bow_mlp_imdb_tb2l2q3t.pt
Epoch 19/301 | train_loss=0.6918 train_acc=53.31% | val_loss=0.6855 val_acc=53.80% | lr=3.000000e-06
Saved new best model to /tmp/bow_mlp_imdb_tb2l2q3t.pt
Epoch 20/301 | train_loss=0.6912 train_acc=53.36% | val_loss=0.6842 val_acc=54.08% | lr=3.000000e-06
Saved new best model to /tmp/bow_mlp_imdb_tb2l2q3t.pt
Epoch 21/301 | train_loss=0.6890 train_acc=53.62% | val_loss=0.6828 val_acc=54.34% | lr=3.000000e-06
Saved new best model to /tmp/bow_mlp_imdb_tb2l2q3t.pt
Epoch 22/301 | train_loss=0.6885 train_acc=53.57% | val_loss=0.6814 val_acc=54.42% | lr=3.000000e-06
Saved new best model to /tmp/bow_mlp_imdb_tb2l2q3t.pt
Epoch 23/301 | train_loss=0.6872 train_acc=54.37% | val_loss=0.6800 val_acc=54.62% | lr=3.000000e-06
Saved new best model to /tmp/bow_mlp_imdb_tb2l2q3t.pt
Epoch 24/301 | train_loss=0.6850 train_acc=54.14% | val_loss=0.6785 val_acc=54.80% | lr=3.000000e-06
Saved new best model to /tmp/bow_mlp_imdb_tb2l2q3t.pt
Epoch 25/301 | train_loss=0.6831 train_acc=54.40% | val_loss=0.6769 val_acc=54.98% | lr=3.000000e-06
Saved new best model to /tmp/bow_mlp_imdb_tb2l2q3t.pt
Epoch 26/301 | train_loss=0.6815 train_acc=54.98% | val_loss=0.6752 val_acc=55.14% | lr=3.000000e-06
Saved new best model to /tmp/bow_mlp_imdb_tb2l2q3t.pt
Epoch 27/301 | train_loss=0.6812 train_acc=54.62% | val_loss=0.6735 val_acc=55.40% | lr=3.000000e-06
Saved new best model to /tmp/bow_mlp_imdb_tb2l2q3t.pt
Epoch 28/301 | train_loss=0.6794 train_acc=55.27% | val_loss=0.6718 val_acc=55.42% | lr=3.000000e-06
Saved new best model to /tmp/bow_mlp_imdb_tb2l2q3t.pt
Epoch 29/301 | train_loss=0.6778 train_acc=55.45% | val_loss=0.6700 val_acc=55.82% | lr=3.000000e-06
Saved new best model to /tmp/bow_mlp_imdb_tb2l2q3t.pt
Epoch 30/301 | train_loss=0.6768 train_acc=55.41% | val_loss=0.6683 val_acc=56.06% | lr=3.000000e-06
Saved new best model to /tmp/bow_mlp_imdb_tb2l2q3t.pt
Epoch 31/301 | train_loss=0.6726 train_acc=55.82% | val_loss=0.6664 val_acc=56.16% | lr=3.000000e-06
Saved new best model to /tmp/bow_mlp_imdb_tb2l2q3t.pt
Epoch 32/301 | train_loss=0.6725 train_acc=55.97% | val_loss=0.6647 val_acc=56.38% | lr=3.000000e-06
Saved new best model to /tmp/bow_mlp_imdb_tb2l2q3t.pt
Epoch 33/301 | train_loss=0.6703 train_acc=56.52% | val_loss=0.6630 val_acc=56.62% | lr=3.000000e-06
Saved new best model to /tmp/bow_mlp_imdb_tb2l2q3t.pt
Epoch 34/301 | train_loss=0.6681 train_acc=56.52% | val_loss=0.6612 val_acc=56.92% | lr=3.000000e-06
Saved new best model to /tmp/bow_mlp_imdb_tb2l2q3t.pt
Epoch 35/301 | train_loss=0.6677 train_acc=57.09% | val_loss=0.6594 val_acc=57.18% | lr=3.000000e-06
Saved new best model to /tmp/bow_mlp_imdb_tb2l2q3t.pt
Epoch 36/301 | train_loss=0.6656 train_acc=57.28% | val_loss=0.6578 val_acc=57.46% | lr=3.000000e-06
Saved new best model to /tmp/bow_mlp_imdb_tb2l2q3t.pt
Epoch 37/301 | train_loss=0.6638 train_acc=57.32% | val_loss=0.6561 val_acc=57.76% | lr=3.000000e-06
Saved new best model to /tmp/bow_mlp_imdb_tb2l2q3t.pt
Epoch 38/301 | train_loss=0.6628 train_acc=57.30% | val_loss=0.6544 val_acc=58.06% | lr=3.000000e-06
Saved new best model to /tmp/bow_mlp_imdb_tb2l2q3t.pt
Epoch 39/301 | train_loss=0.6622 train_acc=57.74% | val_loss=0.6527 val_acc=58.40% | lr=3.000000e-06
Saved new best model to /tmp/bow_mlp_imdb_tb2l2q3t.pt
Epoch 40/301 | train_loss=0.6600 train_acc=57.94% | val_loss=0.6511 val_acc=58.52% | lr=3.000000e-06
Saved new best model to /tmp/bow_mlp_imdb_tb2l2q3t.pt
Epoch 41/301 | train_loss=0.6578 train_acc=58.31% | val_loss=0.6494 val_acc=58.70% | lr=3.000000e-06
Saved new best model to /tmp/bow_mlp_imdb_tb2l2q3t.pt
Epoch 42/301 | train_loss=0.6568 train_acc=58.70% | val_loss=0.6478 val_acc=59.08% | lr=3.000000e-06
Saved new best model to /tmp/bow_mlp_imdb_tb2l2q3t.pt
Epoch 43/301 | train_loss=0.6530 train_acc=59.19% | val_loss=0.6460 val_acc=59.48% | lr=3.000000e-06
Saved new best model to /tmp/bow_mlp_imdb_tb2l2q3t.pt
Epoch 44/301 | train_loss=0.6542 train_acc=58.95% | val_loss=0.6444 val_acc=59.74% | lr=3.000000e-06
Saved new best model to /tmp/bow_mlp_imdb_tb2l2q3t.pt
Epoch 45/301 | train_loss=0.6533 train_acc=59.08% | val_loss=0.6428 val_acc=60.02% | lr=3.000000e-06
Saved new best model to /tmp/bow_mlp_imdb_tb2l2q3t.pt
Epoch 46/301 | train_loss=0.6504 train_acc=59.35% | val_loss=0.6411 val_acc=60.54% | lr=3.000000e-06
Saved new best model to /tmp/bow_mlp_imdb_tb2l2q3t.pt
Epoch 47/301 | train_loss=0.6495 train_acc=59.89% | val_loss=0.6395 val_acc=60.92% | lr=3.000000e-06
Saved new best model to /tmp/bow_mlp_imdb_tb2l2q3t.pt
Epoch 48/301 | train_loss=0.6467 train_acc=59.95% | val_loss=0.6378 val_acc=61.30% | lr=3.000000e-06
Saved new best model to /tmp/bow_mlp_imdb_tb2l2q3t.pt
Epoch 49/301 | train_loss=0.6455 train_acc=60.19% | val_loss=0.6362 val_acc=61.80% | lr=3.000000e-06
Saved new best model to /tmp/bow_mlp_imdb_tb2l2q3t.pt
Epoch 50/301 | train_loss=0.6449 train_acc=60.50% | val_loss=0.6346 val_acc=62.06% | lr=3.000000e-06
Saved new best model to /tmp/bow_mlp_imdb_tb2l2q3t.pt
Epoch 51/301 | train_loss=0.6434 train_acc=60.77% | val_loss=0.6330 val_acc=62.20% | lr=3.000000e-06
Saved new best model to /tmp/bow_mlp_imdb_tb2l2q3t.pt
Epoch 52/301 | train_loss=0.6414 train_acc=60.73% | val_loss=0.6313 val_acc=62.42% | lr=3.000000e-06
Saved new best model to /tmp/bow_mlp_imdb_tb2l2q3t.pt
Epoch 53/301 | train_loss=0.6414 train_acc=60.66% | val_loss=0.6297 val_acc=62.56% | lr=3.000000e-06
Saved new best model to /tmp/bow_mlp_imdb_tb2l2q3t.pt
Epoch 54/301 | train_loss=0.6387 train_acc=61.35% | val_loss=0.6280 val_acc=62.92% | lr=3.000000e-06
Saved new best model to /tmp/bow_mlp_imdb_tb2l2q3t.pt
Epoch 55/301 | train_loss=0.6360 train_acc=61.56% | val_loss=0.6263 val_acc=63.04% | lr=3.000000e-06
Saved new best model to /tmp/bow_mlp_imdb_tb2l2q3t.pt
Epoch 56/301 | train_loss=0.6343 train_acc=62.24% | val_loss=0.6244 val_acc=63.54% | lr=3.000000e-06
Saved new best model to /tmp/bow_mlp_imdb_tb2l2q3t.pt
Epoch 57/301 | train_loss=0.6346 train_acc=61.75% | val_loss=0.6227 val_acc=63.78% | lr=3.000000e-06
Saved new best model to /tmp/bow_mlp_imdb_tb2l2q3t.pt
Epoch 58/301 | train_loss=0.6325 train_acc=62.05% | val_loss=0.6209 val_acc=64.26% | lr=3.000000e-06
Saved new best model to /tmp/bow_mlp_imdb_tb2l2q3t.pt
Epoch 59/301 | train_loss=0.6307 train_acc=62.39% | val_loss=0.6191 val_acc=64.32% | lr=3.000000e-06
Saved new best model to /tmp/bow_mlp_imdb_tb2l2q3t.pt
Epoch 60/301 | train_loss=0.6286 train_acc=62.59% | val_loss=0.6172 val_acc=64.64% | lr=3.000000e-06
Saved new best model to /tmp/bow_mlp_imdb_tb2l2q3t.pt
Epoch 61/301 | train_loss=0.6271 train_acc=63.02% | val_loss=0.6153 val_acc=64.88% | lr=3.000000e-06
Saved new best model to /tmp/bow_mlp_imdb_tb2l2q3t.pt
Epoch 62/301 | train_loss=0.6262 train_acc=63.12% | val_loss=0.6134 val_acc=65.04% | lr=3.000000e-06
Saved new best model to /tmp/bow_mlp_imdb_tb2l2q3t.pt
Epoch 63/301 | train_loss=0.6232 train_acc=63.69% | val_loss=0.6115 val_acc=65.30% | lr=3.000000e-06
Saved new best model to /tmp/bow_mlp_imdb_tb2l2q3t.pt
Epoch 64/301 | train_loss=0.6237 train_acc=63.42% | val_loss=0.6097 val_acc=65.54% | lr=3.000000e-06
Saved new best model to /tmp/bow_mlp_imdb_tb2l2q3t.pt
Epoch 65/301 | train_loss=0.6200 train_acc=63.97% | val_loss=0.6078 val_acc=65.96% | lr=3.000000e-06
Saved new best model to /tmp/bow_mlp_imdb_tb2l2q3t.pt
Epoch 66/301 | train_loss=0.6202 train_acc=63.99% | val_loss=0.6061 val_acc=66.18% | lr=3.000000e-06
Saved new best model to /tmp/bow_mlp_imdb_tb2l2q3t.pt
Epoch 67/301 | train_loss=0.6170 train_acc=64.43% | val_loss=0.6041 val_acc=66.80% | lr=3.000000e-06
Saved new best model to /tmp/bow_mlp_imdb_tb2l2q3t.pt
Epoch 68/301 | train_loss=0.6161 train_acc=64.18% | val_loss=0.6023 val_acc=67.34% | lr=3.000000e-06
Saved new best model to /tmp/bow_mlp_imdb_tb2l2q3t.pt
Epoch 69/301 | train_loss=0.6133 train_acc=65.33% | val_loss=0.6005 val_acc=67.72% | lr=3.000000e-06
Saved new best model to /tmp/bow_mlp_imdb_tb2l2q3t.pt
Epoch 70/301 | train_loss=0.6134 train_acc=65.14% | val_loss=0.5988 val_acc=68.10% | lr=3.000000e-06
Saved new best model to /tmp/bow_mlp_imdb_tb2l2q3t.pt
Epoch 71/301 | train_loss=0.6126 train_acc=64.88% | val_loss=0.5971 val_acc=68.46% | lr=3.000000e-06
Saved new best model to /tmp/bow_mlp_imdb_tb2l2q3t.pt
Epoch 72/301 | train_loss=0.6104 train_acc=65.50% | val_loss=0.5953 val_acc=68.72% | lr=3.000000e-06
Saved new best model to /tmp/bow_mlp_imdb_tb2l2q3t.pt
Epoch 73/301 | train_loss=0.6090 train_acc=65.96% | val_loss=0.5937 val_acc=69.00% | lr=3.000000e-06
Saved new best model to /tmp/bow_mlp_imdb_tb2l2q3t.pt
Epoch 74/301 | train_loss=0.6082 train_acc=65.70% | val_loss=0.5920 val_acc=69.44% | lr=3.000000e-06
Saved new best model to /tmp/bow_mlp_imdb_tb2l2q3t.pt
Epoch 75/301 | train_loss=0.6048 train_acc=66.09% | val_loss=0.5902 val_acc=69.78% | lr=3.000000e-06
Saved new best model to /tmp/bow_mlp_imdb_tb2l2q3t.pt
Epoch 76/301 | train_loss=0.6043 train_acc=66.51% | val_loss=0.5884 val_acc=70.00% | lr=3.000000e-06
Saved new best model to /tmp/bow_mlp_imdb_tb2l2q3t.pt
Epoch 77/301 | train_loss=0.6014 train_acc=66.75% | val_loss=0.5867 val_acc=70.32% | lr=3.000000e-06
Saved new best model to /tmp/bow_mlp_imdb_tb2l2q3t.pt
Epoch 78/301 | train_loss=0.5998 train_acc=66.84% | val_loss=0.5850 val_acc=70.60% | lr=3.000000e-06
Saved new best model to /tmp/bow_mlp_imdb_tb2l2q3t.pt
Epoch 79/301 | train_loss=0.5981 train_acc=67.22% | val_loss=0.5833 val_acc=70.88% | lr=3.000000e-06
Saved new best model to /tmp/bow_mlp_imdb_tb2l2q3t.pt
Epoch 80/301 | train_loss=0.5970 train_acc=67.50% | val_loss=0.5816 val_acc=71.10% | lr=3.000000e-06
Saved new best model to /tmp/bow_mlp_imdb_tb2l2q3t.pt
Epoch 81/301 | train_loss=0.5978 train_acc=67.16% | val_loss=0.5802 val_acc=71.32% | lr=3.000000e-06
Saved new best model to /tmp/bow_mlp_imdb_tb2l2q3t.pt
Epoch 82/301 | train_loss=0.5967 train_acc=67.34% | val_loss=0.5786 val_acc=71.48% | lr=3.000000e-06
Saved new best model to /tmp/bow_mlp_imdb_tb2l2q3t.pt
Epoch 83/301 | train_loss=0.5950 train_acc=67.56% | val_loss=0.5772 val_acc=71.66% | lr=3.000000e-06
Saved new best model to /tmp/bow_mlp_imdb_tb2l2q3t.pt
Epoch 84/301 | train_loss=0.5933 train_acc=68.03% | val_loss=0.5757 val_acc=71.82% | lr=3.000000e-06
Saved new best model to /tmp/bow_mlp_imdb_tb2l2q3t.pt
Epoch 85/301 | train_loss=0.5883 train_acc=68.16% | val_loss=0.5740 val_acc=72.04% | lr=3.000000e-06
Saved new best model to /tmp/bow_mlp_imdb_tb2l2q3t.pt
Epoch 86/301 | train_loss=0.5895 train_acc=68.06% | val_loss=0.5724 val_acc=72.40% | lr=3.000000e-06
Saved new best model to /tmp/bow_mlp_imdb_tb2l2q3t.pt
Epoch 87/301 | train_loss=0.5902 train_acc=68.36% | val_loss=0.5710 val_acc=72.48% | lr=3.000000e-06
Saved new best model to /tmp/bow_mlp_imdb_tb2l2q3t.pt
Epoch 88/301 | train_loss=0.5879 train_acc=68.29% | val_loss=0.5695 val_acc=72.76% | lr=3.000000e-06
Saved new best model to /tmp/bow_mlp_imdb_tb2l2q3t.pt
Epoch 89/301 | train_loss=0.5860 train_acc=69.07% | val_loss=0.5680 val_acc=73.00% | lr=3.000000e-06
Saved new best model to /tmp/bow_mlp_imdb_tb2l2q3t.pt
Epoch 90/301 | train_loss=0.5845 train_acc=69.19% | val_loss=0.5665 val_acc=73.26% | lr=3.000000e-06
Saved new best model to /tmp/bow_mlp_imdb_tb2l2q3t.pt
Epoch 91/301 | train_loss=0.5841 train_acc=69.31% | val_loss=0.5650 val_acc=73.62% | lr=3.000000e-06
Saved new best model to /tmp/bow_mlp_imdb_tb2l2q3t.pt
Epoch 92/301 | train_loss=0.5824 train_acc=69.46% | val_loss=0.5636 val_acc=73.94% | lr=3.000000e-06
Saved new best model to /tmp/bow_mlp_imdb_tb2l2q3t.pt
Epoch 93/301 | train_loss=0.5786 train_acc=69.88% | val_loss=0.5619 val_acc=74.08% | lr=3.000000e-06
Saved new best model to /tmp/bow_mlp_imdb_tb2l2q3t.pt
Epoch 94/301 | train_loss=0.5794 train_acc=69.47% | val_loss=0.5604 val_acc=74.30% | lr=3.000000e-06
Saved new best model to /tmp/bow_mlp_imdb_tb2l2q3t.pt
Epoch 95/301 | train_loss=0.5801 train_acc=69.79% | val_loss=0.5592 val_acc=74.60% | lr=3.000000e-06
Saved new best model to /tmp/bow_mlp_imdb_tb2l2q3t.pt
Epoch 96/301 | train_loss=0.5746 train_acc=70.12% | val_loss=0.5576 val_acc=74.94% | lr=3.000000e-06
Saved new best model to /tmp/bow_mlp_imdb_tb2l2q3t.pt
Epoch 97/301 | train_loss=0.5744 train_acc=70.34% | val_loss=0.5561 val_acc=75.20% | lr=3.000000e-06
Saved new best model to /tmp/bow_mlp_imdb_tb2l2q3t.pt
Epoch 98/301 | train_loss=0.5739 train_acc=70.65% | val_loss=0.5546 val_acc=75.26% | lr=3.000000e-06
Saved new best model to /tmp/bow_mlp_imdb_tb2l2q3t.pt
Epoch 99/301 | train_loss=0.5696 train_acc=70.64% | val_loss=0.5530 val_acc=75.56% | lr=3.000000e-06
Saved new best model to /tmp/bow_mlp_imdb_tb2l2q3t.pt
Epoch 100/301 | train_loss=0.5705 train_acc=70.64% | val_loss=0.5516 val_acc=75.80% | lr=3.000000e-06
Saved new best model to /tmp/bow_mlp_imdb_tb2l2q3t.pt
Epoch 101/301 | train_loss=0.5707 train_acc=70.92% | val_loss=0.5502 val_acc=76.00% | lr=3.000000e-06
Saved new best model to /tmp/bow_mlp_imdb_tb2l2q3t.pt
Epoch 102/301 | train_loss=0.5682 train_acc=70.77% | val_loss=0.5488 val_acc=76.38% | lr=3.000000e-06
Saved new best model to /tmp/bow_mlp_imdb_tb2l2q3t.pt
Epoch 103/301 | train_loss=0.5688 train_acc=71.08% | val_loss=0.5475 val_acc=76.62% | lr=3.000000e-06
Saved new best model to /tmp/bow_mlp_imdb_tb2l2q3t.pt
Epoch 104/301 | train_loss=0.5673 train_acc=71.42% | val_loss=0.5461 val_acc=76.72% | lr=3.000000e-06
Saved new best model to /tmp/bow_mlp_imdb_tb2l2q3t.pt
Epoch 105/301 | train_loss=0.5655 train_acc=71.50% | val_loss=0.5448 val_acc=76.84% | lr=3.000000e-06
Saved new best model to /tmp/bow_mlp_imdb_tb2l2q3t.pt
Epoch 106/301 | train_loss=0.5637 train_acc=71.69% | val_loss=0.5435 val_acc=77.08% | lr=3.000000e-06
Saved new best model to /tmp/bow_mlp_imdb_tb2l2q3t.pt
Epoch 107/301 | train_loss=0.5604 train_acc=71.86% | val_loss=0.5420 val_acc=77.32% | lr=3.000000e-06
Saved new best model to /tmp/bow_mlp_imdb_tb2l2q3t.pt
Epoch 108/301 | train_loss=0.5631 train_acc=71.80% | val_loss=0.5408 val_acc=77.42% | lr=3.000000e-06
Saved new best model to /tmp/bow_mlp_imdb_tb2l2q3t.pt
Epoch 109/301 | train_loss=0.5594 train_acc=71.85% | val_loss=0.5395 val_acc=77.52% | lr=3.000000e-06
Saved new best model to /tmp/bow_mlp_imdb_tb2l2q3t.pt
Epoch 110/301 | train_loss=0.5580 train_acc=72.67% | val_loss=0.5381 val_acc=77.64% | lr=3.000000e-06
Saved new best model to /tmp/bow_mlp_imdb_tb2l2q3t.pt
Epoch 111/301 | train_loss=0.5564 train_acc=72.31% | val_loss=0.5367 val_acc=77.72% | lr=3.000000e-06
Saved new best model to /tmp/bow_mlp_imdb_tb2l2q3t.pt
Epoch 112/301 | train_loss=0.5578 train_acc=72.09% | val_loss=0.5355 val_acc=77.82% | lr=3.000000e-06
Saved new best model to /tmp/bow_mlp_imdb_tb2l2q3t.pt
Epoch 113/301 | train_loss=0.5548 train_acc=72.61% | val_loss=0.5343 val_acc=77.92% | lr=3.000000e-06
Saved new best model to /tmp/bow_mlp_imdb_tb2l2q3t.pt
Epoch 114/301 | train_loss=0.5526 train_acc=72.92% | val_loss=0.5330 val_acc=78.20% | lr=3.000000e-06
Saved new best model to /tmp/bow_mlp_imdb_tb2l2q3t.pt
Epoch 115/301 | train_loss=0.5508 train_acc=72.96% | val_loss=0.5316 val_acc=78.28% | lr=3.000000e-06
Saved new best model to /tmp/bow_mlp_imdb_tb2l2q3t.pt
Epoch 116/301 | train_loss=0.5529 train_acc=73.09% | val_loss=0.5303 val_acc=78.50% | lr=3.000000e-06
Saved new best model to /tmp/bow_mlp_imdb_tb2l2q3t.pt
Epoch 117/301 | train_loss=0.5512 train_acc=73.31% | val_loss=0.5292 val_acc=78.74% | lr=3.000000e-06
Saved new best model to /tmp/bow_mlp_imdb_tb2l2q3t.pt
Epoch 118/301 | train_loss=0.5507 train_acc=73.06% | val_loss=0.5280 val_acc=78.72% | lr=3.000000e-06
Epoch 119/301 | train_loss=0.5485 train_acc=73.32% | val_loss=0.5267 val_acc=78.90% | lr=3.000000e-06
Saved new best model to /tmp/bow_mlp_imdb_tb2l2q3t.pt
Epoch 120/301 | train_loss=0.5479 train_acc=73.30% | val_loss=0.5254 val_acc=79.06% | lr=3.000000e-06
Saved new best model to /tmp/bow_mlp_imdb_tb2l2q3t.pt
Epoch 121/301 | train_loss=0.5454 train_acc=73.67% | val_loss=0.5242 val_acc=79.14% | lr=3.000000e-06
Saved new best model to /tmp/bow_mlp_imdb_tb2l2q3t.pt
Epoch 122/301 | train_loss=0.5468 train_acc=73.32% | val_loss=0.5231 val_acc=79.22% | lr=3.000000e-06
Saved new best model to /tmp/bow_mlp_imdb_tb2l2q3t.pt
Epoch 123/301 | train_loss=0.5411 train_acc=74.18% | val_loss=0.5217 val_acc=79.32% | lr=3.000000e-06
Saved new best model to /tmp/bow_mlp_imdb_tb2l2q3t.pt
Epoch 124/301 | train_loss=0.5443 train_acc=74.19% | val_loss=0.5205 val_acc=79.44% | lr=3.000000e-06
Saved new best model to /tmp/bow_mlp_imdb_tb2l2q3t.pt
Epoch 125/301 | train_loss=0.5410 train_acc=74.07% | val_loss=0.5193 val_acc=79.54% | lr=3.000000e-06
Saved new best model to /tmp/bow_mlp_imdb_tb2l2q3t.pt
Epoch 126/301 | train_loss=0.5411 train_acc=74.17% | val_loss=0.5181 val_acc=79.68% | lr=3.000000e-06
Saved new best model to /tmp/bow_mlp_imdb_tb2l2q3t.pt
Epoch 127/301 | train_loss=0.5397 train_acc=74.36% | val_loss=0.5169 val_acc=79.76% | lr=3.000000e-06
Saved new best model to /tmp/bow_mlp_imdb_tb2l2q3t.pt
Epoch 128/301 | train_loss=0.5382 train_acc=74.39% | val_loss=0.5156 val_acc=79.86% | lr=3.000000e-06
Saved new best model to /tmp/bow_mlp_imdb_tb2l2q3t.pt
Epoch 129/301 | train_loss=0.5373 train_acc=74.42% | val_loss=0.5145 val_acc=80.12% | lr=3.000000e-06
Saved new best model to /tmp/bow_mlp_imdb_tb2l2q3t.pt
Epoch 130/301 | train_loss=0.5370 train_acc=74.59% | val_loss=0.5134 val_acc=80.28% | lr=3.000000e-06
Saved new best model to /tmp/bow_mlp_imdb_tb2l2q3t.pt
Epoch 131/301 | train_loss=0.5368 train_acc=74.53% | val_loss=0.5124 val_acc=80.34% | lr=3.000000e-06
Saved new best model to /tmp/bow_mlp_imdb_tb2l2q3t.pt
Epoch 132/301 | train_loss=0.5335 train_acc=74.84% | val_loss=0.5112 val_acc=80.46% | lr=3.000000e-06
Saved new best model to /tmp/bow_mlp_imdb_tb2l2q3t.pt
Epoch 133/301 | train_loss=0.5301 train_acc=75.41% | val_loss=0.5099 val_acc=80.60% | lr=3.000000e-06
Saved new best model to /tmp/bow_mlp_imdb_tb2l2q3t.pt
Epoch 134/301 | train_loss=0.5320 train_acc=75.09% | val_loss=0.5086 val_acc=80.72% | lr=3.000000e-06
Saved new best model to /tmp/bow_mlp_imdb_tb2l2q3t.pt
Epoch 135/301 | train_loss=0.5334 train_acc=74.89% | val_loss=0.5077 val_acc=80.82% | lr=3.000000e-06
Saved new best model to /tmp/bow_mlp_imdb_tb2l2q3t.pt
Epoch 136/301 | train_loss=0.5288 train_acc=75.52% | val_loss=0.5065 val_acc=80.90% | lr=3.000000e-06
Saved new best model to /tmp/bow_mlp_imdb_tb2l2q3t.pt
Epoch 137/301 | train_loss=0.5292 train_acc=75.40% | val_loss=0.5056 val_acc=80.96% | lr=3.000000e-06
Saved new best model to /tmp/bow_mlp_imdb_tb2l2q3t.pt
Epoch 138/301 | train_loss=0.5262 train_acc=75.85% | val_loss=0.5043 val_acc=81.10% | lr=3.000000e-06
Saved new best model to /tmp/bow_mlp_imdb_tb2l2q3t.pt
Epoch 139/301 | train_loss=0.5242 train_acc=75.75% | val_loss=0.5031 val_acc=81.26% | lr=3.000000e-06
Saved new best model to /tmp/bow_mlp_imdb_tb2l2q3t.pt
Epoch 140/301 | train_loss=0.5280 train_acc=75.50% | val_loss=0.5023 val_acc=81.34% | lr=3.000000e-06
Saved new best model to /tmp/bow_mlp_imdb_tb2l2q3t.pt
Epoch 141/301 | train_loss=0.5259 train_acc=75.80% | val_loss=0.5013 val_acc=81.32% | lr=3.000000e-06
Epoch 142/301 | train_loss=0.5233 train_acc=75.91% | val_loss=0.5003 val_acc=81.34% | lr=3.000000e-06
Epoch 143/301 | train_loss=0.5242 train_acc=75.70% | val_loss=0.4993 val_acc=81.50% | lr=3.000000e-06
Saved new best model to /tmp/bow_mlp_imdb_tb2l2q3t.pt
Epoch 144/301 | train_loss=0.5222 train_acc=76.02% | val_loss=0.4983 val_acc=81.44% | lr=3.000000e-06
Epoch 145/301 | train_loss=0.5202 train_acc=76.12% | val_loss=0.4971 val_acc=81.50% | lr=3.000000e-06
Epoch 146/301 | train_loss=0.5210 train_acc=76.35% | val_loss=0.4961 val_acc=81.44% | lr=3.000000e-06
Epoch 147/301 | train_loss=0.5187 train_acc=76.53% | val_loss=0.4950 val_acc=81.50% | lr=3.000000e-06
Epoch 148/301 | train_loss=0.5206 train_acc=76.28% | val_loss=0.4940 val_acc=81.58% | lr=3.000000e-06
Saved new best model to /tmp/bow_mlp_imdb_tb2l2q3t.pt
Epoch 149/301 | train_loss=0.5163 train_acc=76.53% | val_loss=0.4928 val_acc=81.66% | lr=3.000000e-06
Saved new best model to /tmp/bow_mlp_imdb_tb2l2q3t.pt
Epoch 150/301 | train_loss=0.5176 train_acc=76.37% | val_loss=0.4920 val_acc=81.82% | lr=3.000000e-06
Saved new best model to /tmp/bow_mlp_imdb_tb2l2q3t.pt
Epoch 151/301 | train_loss=0.5149 train_acc=76.66% | val_loss=0.4908 val_acc=81.74% | lr=3.000000e-06
Epoch 152/301 | train_loss=0.5162 train_acc=76.98% | val_loss=0.4899 val_acc=81.78% | lr=3.000000e-06
Epoch 153/301 | train_loss=0.5145 train_acc=76.80% | val_loss=0.4888 val_acc=81.88% | lr=3.000000e-06
Saved new best model to /tmp/bow_mlp_imdb_tb2l2q3t.pt
Epoch 154/301 | train_loss=0.5115 train_acc=76.59% | val_loss=0.4878 val_acc=81.86% | lr=3.000000e-06
Epoch 155/301 | train_loss=0.5098 train_acc=77.61% | val_loss=0.4867 val_acc=81.92% | lr=3.000000e-06
Saved new best model to /tmp/bow_mlp_imdb_tb2l2q3t.pt
Epoch 156/301 | train_loss=0.5111 train_acc=76.94% | val_loss=0.4857 val_acc=82.02% | lr=3.000000e-06
Saved new best model to /tmp/bow_mlp_imdb_tb2l2q3t.pt
Epoch 157/301 | train_loss=0.5122 train_acc=77.08% | val_loss=0.4849 val_acc=81.94% | lr=3.000000e-06
Epoch 158/301 | train_loss=0.5096 train_acc=77.18% | val_loss=0.4838 val_acc=81.92% | lr=3.000000e-06
Epoch 159/301 | train_loss=0.5116 train_acc=76.53% | val_loss=0.4831 val_acc=81.98% | lr=3.000000e-06
Epoch 160/301 | train_loss=0.5079 train_acc=76.97% | val_loss=0.4821 val_acc=82.10% | lr=3.000000e-06
Saved new best model to /tmp/bow_mlp_imdb_tb2l2q3t.pt
Epoch 161/301 | train_loss=0.5026 train_acc=77.66% | val_loss=0.4808 val_acc=82.06% | lr=3.000000e-06
Epoch 162/301 | train_loss=0.5042 train_acc=77.61% | val_loss=0.4799 val_acc=82.18% | lr=3.000000e-06
Saved new best model to /tmp/bow_mlp_imdb_tb2l2q3t.pt
Epoch 163/301 | train_loss=0.5043 train_acc=77.67% | val_loss=0.4789 val_acc=82.18% | lr=3.000000e-06
Epoch 164/301 | train_loss=0.5013 train_acc=77.48% | val_loss=0.4779 val_acc=82.22% | lr=3.000000e-06
Saved new best model to /tmp/bow_mlp_imdb_tb2l2q3t.pt
Epoch 165/301 | train_loss=0.5042 train_acc=77.42% | val_loss=0.4771 val_acc=82.24% | lr=3.000000e-06
Saved new best model to /tmp/bow_mlp_imdb_tb2l2q3t.pt
Epoch 166/301 | train_loss=0.5013 train_acc=77.33% | val_loss=0.4761 val_acc=82.28% | lr=3.000000e-06
Saved new best model to /tmp/bow_mlp_imdb_tb2l2q3t.pt
Epoch 167/301 | train_loss=0.5021 train_acc=77.56% | val_loss=0.4751 val_acc=82.30% | lr=3.000000e-06
Saved new best model to /tmp/bow_mlp_imdb_tb2l2q3t.pt
Epoch 168/301 | train_loss=0.5007 train_acc=78.00% | val_loss=0.4741 val_acc=82.32% | lr=3.000000e-06
Saved new best model to /tmp/bow_mlp_imdb_tb2l2q3t.pt
Epoch 169/301 | train_loss=0.4982 train_acc=77.83% | val_loss=0.4731 val_acc=82.44% | lr=3.000000e-06
Saved new best model to /tmp/bow_mlp_imdb_tb2l2q3t.pt
Epoch 170/301 | train_loss=0.4976 train_acc=77.88% | val_loss=0.4720 val_acc=82.56% | lr=3.000000e-06
Saved new best model to /tmp/bow_mlp_imdb_tb2l2q3t.pt
Epoch 171/301 | train_loss=0.4978 train_acc=77.97% | val_loss=0.4711 val_acc=82.56% | lr=3.000000e-06
Epoch 172/301 | train_loss=0.4940 train_acc=78.66% | val_loss=0.4699 val_acc=82.68% | lr=3.000000e-06
Saved new best model to /tmp/bow_mlp_imdb_tb2l2q3t.pt
Epoch 173/301 | train_loss=0.4956 train_acc=78.29% | val_loss=0.4690 val_acc=82.68% | lr=3.000000e-06
Epoch 174/301 | train_loss=0.4958 train_acc=78.19% | val_loss=0.4682 val_acc=82.74% | lr=3.000000e-06
Saved new best model to /tmp/bow_mlp_imdb_tb2l2q3t.pt
Epoch 175/301 | train_loss=0.4938 train_acc=78.55% | val_loss=0.4674 val_acc=82.74% | lr=3.000000e-06
Epoch 176/301 | train_loss=0.4958 train_acc=78.17% | val_loss=0.4665 val_acc=82.78% | lr=3.000000e-06
Saved new best model to /tmp/bow_mlp_imdb_tb2l2q3t.pt
Epoch 177/301 | train_loss=0.4913 train_acc=78.67% | val_loss=0.4656 val_acc=82.80% | lr=3.000000e-06
Saved new best model to /tmp/bow_mlp_imdb_tb2l2q3t.pt
Epoch 178/301 | train_loss=0.4941 train_acc=78.12% | val_loss=0.4648 val_acc=82.78% | lr=3.000000e-06
Epoch 179/301 | train_loss=0.4932 train_acc=78.33% | val_loss=0.4640 val_acc=82.76% | lr=3.000000e-06
Epoch 180/301 | train_loss=0.4894 train_acc=78.37% | val_loss=0.4630 val_acc=82.94% | lr=3.000000e-06
Saved new best model to /tmp/bow_mlp_imdb_tb2l2q3t.pt
Epoch 181/301 | train_loss=0.4905 train_acc=78.11% | val_loss=0.4622 val_acc=82.94% | lr=3.000000e-06
Epoch 182/301 | train_loss=0.4857 train_acc=78.74% | val_loss=0.4611 val_acc=83.10% | lr=3.000000e-06
Saved new best model to /tmp/bow_mlp_imdb_tb2l2q3t.pt
Epoch 183/301 | train_loss=0.4849 train_acc=79.13% | val_loss=0.4601 val_acc=83.16% | lr=3.000000e-06
Saved new best model to /tmp/bow_mlp_imdb_tb2l2q3t.pt
Epoch 184/301 | train_loss=0.4860 train_acc=78.67% | val_loss=0.4594 val_acc=83.26% | lr=3.000000e-06
Saved new best model to /tmp/bow_mlp_imdb_tb2l2q3t.pt
Epoch 185/301 | train_loss=0.4876 train_acc=78.73% | val_loss=0.4586 val_acc=83.26% | lr=3.000000e-06
Epoch 186/301 | train_loss=0.4862 train_acc=78.72% | val_loss=0.4579 val_acc=83.26% | lr=3.000000e-06
Epoch 187/301 | train_loss=0.4853 train_acc=78.89% | val_loss=0.4571 val_acc=83.34% | lr=3.000000e-06
Saved new best model to /tmp/bow_mlp_imdb_tb2l2q3t.pt
Epoch 188/301 | train_loss=0.4829 train_acc=79.09% | val_loss=0.4562 val_acc=83.34% | lr=3.000000e-06
Epoch 189/301 | train_loss=0.4806 train_acc=79.16% | val_loss=0.4553 val_acc=83.34% | lr=3.000000e-06
Epoch 190/301 | train_loss=0.4796 train_acc=79.58% | val_loss=0.4544 val_acc=83.38% | lr=3.000000e-06
Saved new best model to /tmp/bow_mlp_imdb_tb2l2q3t.pt
Epoch 191/301 | train_loss=0.4804 train_acc=79.53% | val_loss=0.4535 val_acc=83.42% | lr=3.000000e-06
Saved new best model to /tmp/bow_mlp_imdb_tb2l2q3t.pt
Epoch 192/301 | train_loss=0.4844 train_acc=79.02% | val_loss=0.4530 val_acc=83.36% | lr=3.000000e-06
Epoch 193/301 | train_loss=0.4793 train_acc=79.12% | val_loss=0.4520 val_acc=83.42% | lr=3.000000e-06
Epoch 194/301 | train_loss=0.4805 train_acc=78.82% | val_loss=0.4513 val_acc=83.50% | lr=3.000000e-06
Saved new best model to /tmp/bow_mlp_imdb_tb2l2q3t.pt
Epoch 195/301 | train_loss=0.4776 train_acc=78.94% | val_loss=0.4505 val_acc=83.48% | lr=3.000000e-06
Epoch 196/301 | train_loss=0.4791 train_acc=79.02% | val_loss=0.4499 val_acc=83.48% | lr=3.000000e-06
Epoch 197/301 | train_loss=0.4759 train_acc=79.43% | val_loss=0.4491 val_acc=83.52% | lr=3.000000e-06
Saved new best model to /tmp/bow_mlp_imdb_tb2l2q3t.pt
Epoch 198/301 | train_loss=0.4792 train_acc=78.93% | val_loss=0.4484 val_acc=83.58% | lr=3.000000e-06
Saved new best model to /tmp/bow_mlp_imdb_tb2l2q3t.pt
Epoch 199/301 | train_loss=0.4743 train_acc=79.50% | val_loss=0.4476 val_acc=83.62% | lr=3.000000e-06
Saved new best model to /tmp/bow_mlp_imdb_tb2l2q3t.pt
Epoch 200/301 | train_loss=0.4794 train_acc=79.29% | val_loss=0.4471 val_acc=83.66% | lr=3.000000e-06
Saved new best model to /tmp/bow_mlp_imdb_tb2l2q3t.pt
Epoch 201/301 | train_loss=0.4755 train_acc=79.40% | val_loss=0.4465 val_acc=83.68% | lr=3.000000e-06
Saved new best model to /tmp/bow_mlp_imdb_tb2l2q3t.pt
Epoch 202/301 | train_loss=0.4732 train_acc=79.42% | val_loss=0.4456 val_acc=83.76% | lr=3.000000e-06
Saved new best model to /tmp/bow_mlp_imdb_tb2l2q3t.pt
Epoch 203/301 | train_loss=0.4693 train_acc=80.20% | val_loss=0.4447 val_acc=83.76% | lr=3.000000e-06
Epoch 204/301 | train_loss=0.4699 train_acc=79.57% | val_loss=0.4439 val_acc=83.86% | lr=3.000000e-06
Saved new best model to /tmp/bow_mlp_imdb_tb2l2q3t.pt
Epoch 205/301 | train_loss=0.4720 train_acc=79.75% | val_loss=0.4433 val_acc=83.90% | lr=3.000000e-06
Saved new best model to /tmp/bow_mlp_imdb_tb2l2q3t.pt
Epoch 206/301 | train_loss=0.4730 train_acc=79.64% | val_loss=0.4427 val_acc=83.94% | lr=3.000000e-06
Saved new best model to /tmp/bow_mlp_imdb_tb2l2q3t.pt
Epoch 207/301 | train_loss=0.4697 train_acc=79.91% | val_loss=0.4419 val_acc=83.98% | lr=3.000000e-06
Saved new best model to /tmp/bow_mlp_imdb_tb2l2q3t.pt
Epoch 208/301 | train_loss=0.4704 train_acc=79.59% | val_loss=0.4411 val_acc=83.98% | lr=3.000000e-06
Epoch 209/301 | train_loss=0.4694 train_acc=80.05% | val_loss=0.4405 val_acc=84.10% | lr=3.000000e-06
Saved new best model to /tmp/bow_mlp_imdb_tb2l2q3t.pt
Epoch 210/301 | train_loss=0.4686 train_acc=79.92% | val_loss=0.4399 val_acc=84.12% | lr=3.000000e-06
Saved new best model to /tmp/bow_mlp_imdb_tb2l2q3t.pt
Epoch 211/301 | train_loss=0.4672 train_acc=80.05% | val_loss=0.4393 val_acc=84.10% | lr=3.000000e-06
Epoch 212/301 | train_loss=0.4681 train_acc=79.73% | val_loss=0.4388 val_acc=84.10% | lr=3.000000e-06
Epoch 213/301 | train_loss=0.4678 train_acc=80.07% | val_loss=0.4382 val_acc=84.14% | lr=3.000000e-06
Saved new best model to /tmp/bow_mlp_imdb_tb2l2q3t.pt
Epoch 214/301 | train_loss=0.4637 train_acc=79.92% | val_loss=0.4374 val_acc=84.14% | lr=3.000000e-06
Epoch 215/301 | train_loss=0.4641 train_acc=79.88% | val_loss=0.4367 val_acc=84.14% | lr=3.000000e-06
Epoch 216/301 | train_loss=0.4619 train_acc=80.25% | val_loss=0.4359 val_acc=84.14% | lr=3.000000e-06
Epoch 217/301 | train_loss=0.4643 train_acc=79.94% | val_loss=0.4353 val_acc=84.18% | lr=3.000000e-06
Saved new best model to /tmp/bow_mlp_imdb_tb2l2q3t.pt
Epoch 218/301 | train_loss=0.4619 train_acc=80.16% | val_loss=0.4347 val_acc=84.16% | lr=3.000000e-06
Epoch 219/301 | train_loss=0.4608 train_acc=80.41% | val_loss=0.4340 val_acc=84.16% | lr=3.000000e-06
Epoch 220/301 | train_loss=0.4623 train_acc=80.22% | val_loss=0.4334 val_acc=84.24% | lr=3.000000e-06
Saved new best model to /tmp/bow_mlp_imdb_tb2l2q3t.pt
Epoch 221/301 | train_loss=0.4614 train_acc=80.37% | val_loss=0.4327 val_acc=84.16% | lr=3.000000e-06
Epoch 222/301 | train_loss=0.4578 train_acc=80.64% | val_loss=0.4320 val_acc=84.20% | lr=3.000000e-06
Epoch 223/301 | train_loss=0.4602 train_acc=80.17% | val_loss=0.4314 val_acc=84.24% | lr=3.000000e-06
Epoch 224/301 | train_loss=0.4602 train_acc=80.44% | val_loss=0.4309 val_acc=84.22% | lr=3.000000e-06
Epoch 225/301 | train_loss=0.4614 train_acc=80.28% | val_loss=0.4304 val_acc=84.26% | lr=3.000000e-06
Saved new best model to /tmp/bow_mlp_imdb_tb2l2q3t.pt
Epoch 226/301 | train_loss=0.4579 train_acc=80.24% | val_loss=0.4298 val_acc=84.28% | lr=3.000000e-06
Saved new best model to /tmp/bow_mlp_imdb_tb2l2q3t.pt
Epoch 227/301 | train_loss=0.4585 train_acc=80.69% | val_loss=0.4292 val_acc=84.28% | lr=3.000000e-06
Epoch 228/301 | train_loss=0.4584 train_acc=80.55% | val_loss=0.4287 val_acc=84.28% | lr=3.000000e-06
Epoch 229/301 | train_loss=0.4552 train_acc=80.77% | val_loss=0.4282 val_acc=84.30% | lr=3.000000e-06
Saved new best model to /tmp/bow_mlp_imdb_tb2l2q3t.pt
Epoch 230/301 | train_loss=0.4552 train_acc=80.64% | val_loss=0.4276 val_acc=84.26% | lr=3.000000e-06
Epoch 231/301 | train_loss=0.4549 train_acc=81.01% | val_loss=0.4269 val_acc=84.36% | lr=3.000000e-06
Saved new best model to /tmp/bow_mlp_imdb_tb2l2q3t.pt
Epoch 232/301 | train_loss=0.4552 train_acc=80.59% | val_loss=0.4265 val_acc=84.30% | lr=3.000000e-06
Epoch 233/301 | train_loss=0.4535 train_acc=80.91% | val_loss=0.4258 val_acc=84.44% | lr=3.000000e-06
Saved new best model to /tmp/bow_mlp_imdb_tb2l2q3t.pt
Epoch 234/301 | train_loss=0.4529 train_acc=80.85% | val_loss=0.4252 val_acc=84.34% | lr=3.000000e-06
Epoch 235/301 | train_loss=0.4505 train_acc=80.38% | val_loss=0.4247 val_acc=84.46% | lr=3.000000e-06
Saved new best model to /tmp/bow_mlp_imdb_tb2l2q3t.pt
Epoch 236/301 | train_loss=0.4527 train_acc=80.58% | val_loss=0.4241 val_acc=84.46% | lr=3.000000e-06
Epoch 237/301 | train_loss=0.4510 train_acc=80.69% | val_loss=0.4235 val_acc=84.44% | lr=3.000000e-06
Epoch 238/301 | train_loss=0.4502 train_acc=80.86% | val_loss=0.4230 val_acc=84.46% | lr=3.000000e-06
Epoch 239/301 | train_loss=0.4518 train_acc=81.03% | val_loss=0.4225 val_acc=84.50% | lr=3.000000e-06
Saved new best model to /tmp/bow_mlp_imdb_tb2l2q3t.pt
Epoch 240/301 | train_loss=0.4496 train_acc=80.88% | val_loss=0.4220 val_acc=84.48% | lr=3.000000e-06
Epoch 241/301 | train_loss=0.4506 train_acc=80.81% | val_loss=0.4215 val_acc=84.52% | lr=3.000000e-06
Saved new best model to /tmp/bow_mlp_imdb_tb2l2q3t.pt
Epoch 242/301 | train_loss=0.4466 train_acc=81.01% | val_loss=0.4209 val_acc=84.48% | lr=3.000000e-06
Epoch 243/301 | train_loss=0.4456 train_acc=80.99% | val_loss=0.4202 val_acc=84.52% | lr=3.000000e-06
Epoch 244/301 | train_loss=0.4488 train_acc=81.11% | val_loss=0.4197 val_acc=84.58% | lr=3.000000e-06
Saved new best model to /tmp/bow_mlp_imdb_tb2l2q3t.pt
Epoch 245/301 | train_loss=0.4455 train_acc=80.97% | val_loss=0.4191 val_acc=84.58% | lr=3.000000e-06
Epoch 246/301 | train_loss=0.4448 train_acc=81.09% | val_loss=0.4185 val_acc=84.60% | lr=3.000000e-06
Saved new best model to /tmp/bow_mlp_imdb_tb2l2q3t.pt
Epoch 247/301 | train_loss=0.4473 train_acc=80.73% | val_loss=0.4181 val_acc=84.56% | lr=3.000000e-06
Epoch 248/301 | train_loss=0.4458 train_acc=80.94% | val_loss=0.4177 val_acc=84.54% | lr=3.000000e-06
Epoch 249/301 | train_loss=0.4430 train_acc=81.27% | val_loss=0.4170 val_acc=84.50% | lr=3.000000e-06
Epoch 250/301 | train_loss=0.4414 train_acc=81.40% | val_loss=0.4165 val_acc=84.50% | lr=3.000000e-06
Epoch 251/301 | train_loss=0.4435 train_acc=81.17% | val_loss=0.4160 val_acc=84.46% | lr=3.000000e-06
Epoch 252/301 | train_loss=0.4444 train_acc=81.14% | val_loss=0.4156 val_acc=84.50% | lr=3.000000e-06
Epoch 253/301 | train_loss=0.4465 train_acc=81.36% | val_loss=0.4154 val_acc=84.50% | lr=3.000000e-06
Epoch 254/301 | train_loss=0.4410 train_acc=81.00% | val_loss=0.4149 val_acc=84.56% | lr=3.000000e-06
Epoch 255/301 | train_loss=0.4424 train_acc=81.16% | val_loss=0.4145 val_acc=84.54% | lr=3.000000e-06
Epoch 256/301 | train_loss=0.4427 train_acc=81.44% | val_loss=0.4141 val_acc=84.56% | lr=3.000000e-06
Epoch 257/301 | train_loss=0.4394 train_acc=81.08% | val_loss=0.4134 val_acc=84.54% | lr=3.000000e-06
Epoch 258/301 | train_loss=0.4425 train_acc=81.15% | val_loss=0.4131 val_acc=84.58% | lr=3.000000e-06
Epoch 259/301 | train_loss=0.4421 train_acc=81.42% | val_loss=0.4127 val_acc=84.56% | lr=3.000000e-06
Epoch 260/301 | train_loss=0.4403 train_acc=81.44% | val_loss=0.4122 val_acc=84.64% | lr=3.000000e-06
Saved new best model to /tmp/bow_mlp_imdb_tb2l2q3t.pt
Epoch 261/301 | train_loss=0.4373 train_acc=81.62% | val_loss=0.4117 val_acc=84.64% | lr=3.000000e-06
Epoch 262/301 | train_loss=0.4347 train_acc=81.82% | val_loss=0.4109 val_acc=84.66% | lr=3.000000e-06
Saved new best model to /tmp/bow_mlp_imdb_tb2l2q3t.pt
Epoch 263/301 | train_loss=0.4376 train_acc=81.27% | val_loss=0.4104 val_acc=84.68% | lr=3.000000e-06
Saved new best model to /tmp/bow_mlp_imdb_tb2l2q3t.pt
Epoch 264/301 | train_loss=0.4412 train_acc=81.30% | val_loss=0.4104 val_acc=84.64% | lr=3.000000e-06
Epoch 265/301 | train_loss=0.4398 train_acc=81.45% | val_loss=0.4099 val_acc=84.64% | lr=3.000000e-06
Epoch 266/301 | train_loss=0.4373 train_acc=81.37% | val_loss=0.4094 val_acc=84.66% | lr=3.000000e-06
Epoch 267/301 | train_loss=0.4370 train_acc=81.33% | val_loss=0.4090 val_acc=84.64% | lr=3.000000e-06
Epoch 268/301 | train_loss=0.4358 train_acc=81.52% | val_loss=0.4086 val_acc=84.66% | lr=3.000000e-06
Epoch 269/301 | train_loss=0.4357 train_acc=81.47% | val_loss=0.4081 val_acc=84.66% | lr=3.000000e-06
Epoch 270/301 | train_loss=0.4354 train_acc=81.84% | val_loss=0.4075 val_acc=84.60% | lr=3.000000e-06
Epoch 271/301 | train_loss=0.4327 train_acc=81.66% | val_loss=0.4068 val_acc=84.70% | lr=3.000000e-06
Saved new best model to /tmp/bow_mlp_imdb_tb2l2q3t.pt
Epoch 272/301 | train_loss=0.4343 train_acc=81.77% | val_loss=0.4065 val_acc=84.62% | lr=3.000000e-06
Epoch 273/301 | train_loss=0.4326 train_acc=81.67% | val_loss=0.4061 val_acc=84.68% | lr=3.000000e-06
Epoch 274/301 | train_loss=0.4308 train_acc=81.89% | val_loss=0.4058 val_acc=84.68% | lr=3.000000e-06
Epoch 275/301 | train_loss=0.4317 train_acc=81.98% | val_loss=0.4053 val_acc=84.68% | lr=3.000000e-06
Epoch 276/301 | train_loss=0.4325 train_acc=81.56% | val_loss=0.4049 val_acc=84.72% | lr=3.000000e-06
Saved new best model to /tmp/bow_mlp_imdb_tb2l2q3t.pt
Epoch 277/301 | train_loss=0.4317 train_acc=81.80% | val_loss=0.4044 val_acc=84.74% | lr=3.000000e-06
Saved new best model to /tmp/bow_mlp_imdb_tb2l2q3t.pt
Epoch 278/301 | train_loss=0.4313 train_acc=81.93% | val_loss=0.4039 val_acc=84.72% | lr=3.000000e-06
Epoch 279/301 | train_loss=0.4308 train_acc=81.93% | val_loss=0.4034 val_acc=84.74% | lr=3.000000e-06
Epoch 280/301 | train_loss=0.4306 train_acc=81.88% | val_loss=0.4032 val_acc=84.68% | lr=3.000000e-06
Epoch 281/301 | train_loss=0.4336 train_acc=81.80% | val_loss=0.4029 val_acc=84.72% | lr=3.000000e-06
Epoch 282/301 | train_loss=0.4333 train_acc=81.80% | val_loss=0.4026 val_acc=84.70% | lr=3.000000e-06
Epoch 283/301 | train_loss=0.4302 train_acc=81.80% | val_loss=0.4022 val_acc=84.78% | lr=3.000000e-06
Saved new best model to /tmp/bow_mlp_imdb_tb2l2q3t.pt
Epoch 284/301 | train_loss=0.4296 train_acc=81.89% | val_loss=0.4018 val_acc=84.66% | lr=3.000000e-06
Epoch 285/301 | train_loss=0.4309 train_acc=81.71% | val_loss=0.4015 val_acc=84.72% | lr=3.000000e-06
Epoch 286/301 | train_loss=0.4304 train_acc=81.80% | val_loss=0.4011 val_acc=84.74% | lr=3.000000e-06
Epoch 287/301 | train_loss=0.4276 train_acc=82.00% | val_loss=0.4008 val_acc=84.72% | lr=3.000000e-06
Epoch 288/301 | train_loss=0.4277 train_acc=81.86% | val_loss=0.4003 val_acc=84.74% | lr=3.000000e-06
Epoch 289/301 | train_loss=0.4282 train_acc=81.83% | val_loss=0.3999 val_acc=84.74% | lr=3.000000e-06
Epoch 290/301 | train_loss=0.4296 train_acc=81.91% | val_loss=0.3996 val_acc=84.76% | lr=3.000000e-06
Epoch 291/301 | train_loss=0.4271 train_acc=82.09% | val_loss=0.3993 val_acc=84.76% | lr=3.000000e-06
Epoch 292/301 | train_loss=0.4233 train_acc=82.23% | val_loss=0.3986 val_acc=84.76% | lr=3.000000e-06
Epoch 293/301 | train_loss=0.4222 train_acc=82.51% | val_loss=0.3981 val_acc=84.78% | lr=3.000000e-06
Epoch 294/301 | train_loss=0.4273 train_acc=81.85% | val_loss=0.3980 val_acc=84.82% | lr=3.000000e-06
Saved new best model to /tmp/bow_mlp_imdb_tb2l2q3t.pt
Epoch 295/301 | train_loss=0.4266 train_acc=81.98% | val_loss=0.3978 val_acc=84.78% | lr=3.000000e-06
Epoch 296/301 | train_loss=0.4236 train_acc=82.08% | val_loss=0.3974 val_acc=84.80% | lr=3.000000e-06
Epoch 297/301 | train_loss=0.4231 train_acc=82.39% | val_loss=0.3969 val_acc=84.82% | lr=3.000000e-06
Epoch 298/301 | train_loss=0.4233 train_acc=82.39% | val_loss=0.3966 val_acc=84.88% | lr=3.000000e-06
Saved new best model to /tmp/bow_mlp_imdb_tb2l2q3t.pt
Epoch 299/301 | train_loss=0.4246 train_acc=82.13% | val_loss=0.3963 val_acc=84.74% | lr=3.000000e-06
Epoch 300/301 | train_loss=0.4230 train_acc=82.23% | val_loss=0.3961 val_acc=84.86% | lr=3.000000e-06
Epoch 301/301 | train_loss=0.4200 train_acc=82.64% | val_loss=0.3955 val_acc=84.88% | lr=3.000000e-06
Epoch 302/301 | train_loss=0.4204 train_acc=82.27% | val_loss=0.3953 val_acc=84.92% | lr=3.000000e-06
Saved new best model to /tmp/bow_mlp_imdb_tb2l2q3t.pt
Epoch 303/301 | train_loss=0.4216 train_acc=82.67% | val_loss=0.3950 val_acc=84.92% | lr=3.000000e-06
Epoch 304/301 | train_loss=0.4232 train_acc=82.04% | val_loss=0.3946 val_acc=84.94% | lr=3.000000e-06
Saved new best model to /tmp/bow_mlp_imdb_tb2l2q3t.pt
Epoch 305/301 | train_loss=0.4229 train_acc=82.02% | val_loss=0.3945 val_acc=84.98% | lr=3.000000e-06
Saved new best model to /tmp/bow_mlp_imdb_tb2l2q3t.pt
Epoch 306/301 | train_loss=0.4205 train_acc=82.21% | val_loss=0.3941 val_acc=84.94% | lr=3.000000e-06
Epoch 307/301 | train_loss=0.4199 train_acc=82.21% | val_loss=0.3939 val_acc=85.02% | lr=3.000000e-06
Saved new best model to /tmp/bow_mlp_imdb_tb2l2q3t.pt
Epoch 308/301 | train_loss=0.4169 train_acc=82.32% | val_loss=0.3933 val_acc=85.00% | lr=3.000000e-06
Epoch 309/301 | train_loss=0.4185 train_acc=82.47% | val_loss=0.3929 val_acc=85.04% | lr=3.000000e-06
Saved new best model to /tmp/bow_mlp_imdb_tb2l2q3t.pt
Epoch 310/301 | train_loss=0.4210 train_acc=82.26% | val_loss=0.3927 val_acc=84.98% | lr=3.000000e-06
Epoch 311/301 | train_loss=0.4193 train_acc=82.37% | val_loss=0.3923 val_acc=85.02% | lr=3.000000e-06
Epoch 312/301 | train_loss=0.4177 train_acc=82.27% | val_loss=0.3921 val_acc=85.04% | lr=3.000000e-06
Epoch 313/301 | train_loss=0.4191 train_acc=82.52% | val_loss=0.3919 val_acc=85.04% | lr=3.000000e-06
Epoch 314/301 | train_loss=0.4177 train_acc=82.17% | val_loss=0.3915 val_acc=85.04% | lr=3.000000e-06
Epoch 315/301 | train_loss=0.4152 train_acc=82.41% | val_loss=0.3910 val_acc=85.12% | lr=3.000000e-06
Saved new best model to /tmp/bow_mlp_imdb_tb2l2q3t.pt
Epoch 316/301 | train_loss=0.4177 train_acc=82.26% | val_loss=0.3907 val_acc=85.02% | lr=3.000000e-06
Epoch 317/301 | train_loss=0.4196 train_acc=82.12% | val_loss=0.3903 val_acc=85.08% | lr=3.000000e-06
Epoch 318/301 | train_loss=0.4173 train_acc=82.70% | val_loss=0.3901 val_acc=85.06% | lr=3.000000e-06
Epoch 319/301 | train_loss=0.4165 train_acc=82.54% | val_loss=0.3898 val_acc=85.06% | lr=3.000000e-06
Epoch 320/301 | train_loss=0.4130 train_acc=82.73% | val_loss=0.3894 val_acc=85.18% | lr=3.000000e-06
Saved new best model to /tmp/bow_mlp_imdb_tb2l2q3t.pt
Epoch 321/301 | train_loss=0.4150 train_acc=82.42% | val_loss=0.3892 val_acc=85.08% | lr=3.000000e-06
Epoch 322/301 | train_loss=0.4156 train_acc=82.23% | val_loss=0.3890 val_acc=85.04% | lr=3.000000e-06
Epoch 323/301 | train_loss=0.4161 train_acc=82.56% | val_loss=0.3888 val_acc=85.04% | lr=3.000000e-06
Epoch 324/301 | train_loss=0.4151 train_acc=82.55% | val_loss=0.3885 val_acc=85.06% | lr=3.000000e-06
Epoch 325/301 | train_loss=0.4167 train_acc=82.36% | val_loss=0.3884 val_acc=85.06% | lr=3.000000e-06
Epoch 326/301 | train_loss=0.4143 train_acc=82.58% | val_loss=0.3882 val_acc=85.04% | lr=3.000000e-06
Epoch 327/301 | train_loss=0.4128 train_acc=82.45% | val_loss=0.3876 val_acc=85.04% | lr=3.000000e-06
Epoch 328/301 | train_loss=0.4114 train_acc=82.78% | val_loss=0.3871 val_acc=85.08% | lr=3.000000e-06
Epoch 329/301 | train_loss=0.4145 train_acc=82.45% | val_loss=0.3869 val_acc=85.06% | lr=3.000000e-06
Epoch 330/301 | train_loss=0.4153 train_acc=82.55% | val_loss=0.3869 val_acc=85.08% | lr=3.000000e-06
Epoch 331/301 | train_loss=0.4113 train_acc=82.71% | val_loss=0.3865 val_acc=85.16% | lr=3.000000e-06
Epoch 332/301 | train_loss=0.4078 train_acc=82.97% | val_loss=0.3860 val_acc=85.18% | lr=3.000000e-06
Epoch 333/301 | train_loss=0.4091 train_acc=82.81% | val_loss=0.3858 val_acc=85.16% | lr=3.000000e-06
Epoch 334/301 | train_loss=0.4093 train_acc=82.88% | val_loss=0.3855 val_acc=85.18% | lr=3.000000e-06
Epoch 335/301 | train_loss=0.4065 train_acc=82.83% | val_loss=0.3851 val_acc=85.24% | lr=3.000000e-06
Saved new best model to /tmp/bow_mlp_imdb_tb2l2q3t.pt
Epoch 336/301 | train_loss=0.4095 train_acc=82.90% | val_loss=0.3848 val_acc=85.24% | lr=3.000000e-06
Epoch 337/301 | train_loss=0.4102 train_acc=82.78% | val_loss=0.3847 val_acc=85.28% | lr=3.000000e-06
Saved new best model to /tmp/bow_mlp_imdb_tb2l2q3t.pt
Epoch 338/301 | train_loss=0.4069 train_acc=82.83% | val_loss=0.3844 val_acc=85.28% | lr=3.000000e-06
Epoch 339/301 | train_loss=0.4136 train_acc=82.84% | val_loss=0.3842 val_acc=85.28% | lr=3.000000e-06
Epoch 340/301 | train_loss=0.4076 train_acc=82.75% | val_loss=0.3840 val_acc=85.20% | lr=3.000000e-06
Epoch 341/301 | train_loss=0.4089 train_acc=82.60% | val_loss=0.3837 val_acc=85.26% | lr=3.000000e-06
Epoch 342/301 | train_loss=0.4112 train_acc=82.84% | val_loss=0.3835 val_acc=85.12% | lr=3.000000e-06
Epoch 343/301 | train_loss=0.4097 train_acc=82.53% | val_loss=0.3833 val_acc=85.14% | lr=3.000000e-06
Epoch 344/301 | train_loss=0.4087 train_acc=82.45% | val_loss=0.3830 val_acc=85.24% | lr=3.000000e-06
Epoch 345/301 | train_loss=0.4071 train_acc=82.71% | val_loss=0.3827 val_acc=85.16% | lr=3.000000e-06
Epoch 346/301 | train_loss=0.4071 train_acc=82.69% | val_loss=0.3824 val_acc=85.20% | lr=3.000000e-06
Epoch 347/301 | train_loss=0.4118 train_acc=82.66% | val_loss=0.3823 val_acc=85.10% | lr=3.000000e-06
Epoch 348/301 | train_loss=0.4057 train_acc=83.07% | val_loss=0.3819 val_acc=85.20% | lr=3.000000e-06
Epoch 349/301 | train_loss=0.4045 train_acc=82.88% | val_loss=0.3815 val_acc=85.10% | lr=3.000000e-06
Epoch 350/301 | train_loss=0.4073 train_acc=82.90% | val_loss=0.3813 val_acc=85.12% | lr=3.000000e-06
Epoch 351/301 | train_loss=0.4013 train_acc=83.41% | val_loss=0.3809 val_acc=85.12% | lr=3.000000e-06
Epoch 352/301 | train_loss=0.4068 train_acc=82.69% | val_loss=0.3806 val_acc=85.10% | lr=3.000000e-06
Epoch 353/301 | train_loss=0.4074 train_acc=82.82% | val_loss=0.3806 val_acc=85.22% | lr=3.000000e-06
Epoch 354/301 | train_loss=0.4061 train_acc=83.17% | val_loss=0.3804 val_acc=85.18% | lr=3.000000e-06
Epoch 355/301 | train_loss=0.4055 train_acc=82.91% | val_loss=0.3801 val_acc=85.14% | lr=3.000000e-06
Epoch 356/301 | train_loss=0.4061 train_acc=82.95% | val_loss=0.3800 val_acc=85.18% | lr=3.000000e-06
Epoch 357/301 | train_loss=0.4073 train_acc=82.64% | val_loss=0.3797 val_acc=85.16% | lr=3.000000e-06
Epoch 358/301 | train_loss=0.4008 train_acc=82.98% | val_loss=0.3794 val_acc=85.18% | lr=3.000000e-06
Epoch 359/301 | train_loss=0.4020 train_acc=82.75% | val_loss=0.3792 val_acc=85.18% | lr=3.000000e-06
Epoch 360/301 | train_loss=0.4035 train_acc=82.99% | val_loss=0.3789 val_acc=85.18% | lr=3.000000e-06
Epoch 361/301 | train_loss=0.4050 train_acc=82.57% | val_loss=0.3787 val_acc=85.14% | lr=3.000000e-06
Epoch 362/301 | train_loss=0.4035 train_acc=82.64% | val_loss=0.3784 val_acc=85.20% | lr=3.000000e-06
Epoch 363/301 | train_loss=0.4039 train_acc=82.83% | val_loss=0.3783 val_acc=85.22% | lr=3.000000e-06
Epoch 364/301 | train_loss=0.4030 train_acc=83.02% | val_loss=0.3780 val_acc=85.10% | lr=3.000000e-06
Epoch 365/301 | train_loss=0.4015 train_acc=83.17% | val_loss=0.3777 val_acc=85.12% | lr=3.000000e-06
Epoch 366/301 | train_loss=0.4005 train_acc=82.72% | val_loss=0.3775 val_acc=85.16% | lr=3.000000e-06
Epoch 367/301 | train_loss=0.3988 train_acc=83.01% | val_loss=0.3772 val_acc=85.16% | lr=3.000000e-06
Epoch 368/301 | train_loss=0.4004 train_acc=83.06% | val_loss=0.3771 val_acc=85.12% | lr=3.000000e-06
Epoch 369/301 | train_loss=0.3996 train_acc=83.12% | val_loss=0.3767 val_acc=85.20% | lr=3.000000e-06
Epoch 370/301 | train_loss=0.4013 train_acc=83.03% | val_loss=0.3767 val_acc=85.18% | lr=3.000000e-06
Epoch 371/301 | train_loss=0.3976 train_acc=83.36% | val_loss=0.3764 val_acc=85.24% | lr=3.000000e-06
Epoch 372/301 | train_loss=0.4007 train_acc=83.20% | val_loss=0.3762 val_acc=85.20% | lr=3.000000e-06
Epoch 373/301 | train_loss=0.3995 train_acc=83.11% | val_loss=0.3760 val_acc=85.20% | lr=3.000000e-06
Epoch 374/301 | train_loss=0.3988 train_acc=83.18% | val_loss=0.3758 val_acc=85.22% | lr=3.000000e-06
Epoch 375/301 | train_loss=0.3989 train_acc=83.39% | val_loss=0.3755 val_acc=85.24% | lr=3.000000e-06
Epoch 376/301 | train_loss=0.3995 train_acc=83.02% | val_loss=0.3753 val_acc=85.22% | lr=3.000000e-06
Epoch 377/301 | train_loss=0.3997 train_acc=83.32% | val_loss=0.3751 val_acc=85.22% | lr=3.000000e-06
Epoch 378/301 | train_loss=0.3980 train_acc=83.30% | val_loss=0.3749 val_acc=85.20% | lr=3.000000e-06
Epoch 379/301 | train_loss=0.3958 train_acc=83.31% | val_loss=0.3744 val_acc=85.18% | lr=3.000000e-06
Epoch 380/301 | train_loss=0.3982 train_acc=83.03% | val_loss=0.3744 val_acc=85.14% | lr=3.000000e-06
Epoch 381/301 | train_loss=0.3964 train_acc=83.47% | val_loss=0.3742 val_acc=85.22% | lr=3.000000e-06
Epoch 382/301 | train_loss=0.3963 train_acc=83.11% | val_loss=0.3741 val_acc=85.14% | lr=3.000000e-06
Epoch 383/301 | train_loss=0.3997 train_acc=83.23% | val_loss=0.3740 val_acc=85.28% | lr=3.000000e-06
Epoch 384/301 | train_loss=0.3964 train_acc=83.59% | val_loss=0.3738 val_acc=85.30% | lr=3.000000e-06
Saved new best model to /tmp/bow_mlp_imdb_tb2l2q3t.pt
Epoch 385/301 | train_loss=0.3957 train_acc=83.19% | val_loss=0.3735 val_acc=85.24% | lr=3.000000e-06
Epoch 386/301 | train_loss=0.3951 train_acc=82.95% | val_loss=0.3733 val_acc=85.32% | lr=3.000000e-06
Saved new best model to /tmp/bow_mlp_imdb_tb2l2q3t.pt
Epoch 387/301 | train_loss=0.3967 train_acc=83.55% | val_loss=0.3730 val_acc=85.26% | lr=3.000000e-06
Epoch 388/301 | train_loss=0.3940 train_acc=83.69% | val_loss=0.3728 val_acc=85.22% | lr=3.000000e-06
Epoch 389/301 | train_loss=0.3941 train_acc=83.45% | val_loss=0.3726 val_acc=85.20% | lr=3.000000e-06
Epoch 390/301 | train_loss=0.3972 train_acc=83.25% | val_loss=0.3724 val_acc=85.22% | lr=3.000000e-06
Epoch 391/301 | train_loss=0.3943 train_acc=83.70% | val_loss=0.3722 val_acc=85.24% | lr=3.000000e-06
Epoch 392/301 | train_loss=0.3939 train_acc=83.48% | val_loss=0.3720 val_acc=85.22% | lr=3.000000e-06
Epoch 393/301 | train_loss=0.3954 train_acc=83.63% | val_loss=0.3718 val_acc=85.26% | lr=3.000000e-06
Epoch 394/301 | train_loss=0.3967 train_acc=83.12% | val_loss=0.3716 val_acc=85.20% | lr=3.000000e-06
Epoch 395/301 | train_loss=0.3938 train_acc=83.52% | val_loss=0.3714 val_acc=85.24% | lr=3.000000e-06
Epoch 396/301 | train_loss=0.3919 train_acc=83.51% | val_loss=0.3712 val_acc=85.26% | lr=3.000000e-06
Epoch 397/301 | train_loss=0.3922 train_acc=83.33% | val_loss=0.3709 val_acc=85.24% | lr=3.000000e-06
Epoch 398/301 | train_loss=0.3930 train_acc=83.45% | val_loss=0.3707 val_acc=85.26% | lr=3.000000e-06
Epoch 399/301 | train_loss=0.3922 train_acc=83.54% | val_loss=0.3705 val_acc=85.20% | lr=3.000000e-06
Epoch 400/301 | train_loss=0.3921 train_acc=83.28% | val_loss=0.3703 val_acc=85.20% | lr=3.000000e-06
Test loss=0.3709 | Test accuracy=85.33%
