Loading IMDb dataset from local disk: /home/daniel/l/masteruppsats/np-reg/language/data/imdb_hf
Using device: cuda
BoW vocab size: 1562
Epoch 1/301 | train_loss=0.7188 train_acc=50.21% | val_loss=0.7018 val_acc=51.50% | lr=3.000000e-05
Saved new best model to /tmp/bow_mlp_imdb_rudp4hsy.pt
Epoch 2/301 | train_loss=0.6965 train_acc=52.10% | val_loss=0.6890 val_acc=53.44% | lr=3.000000e-05
Saved new best model to /tmp/bow_mlp_imdb_rudp4hsy.pt
Epoch 3/301 | train_loss=0.6840 train_acc=54.03% | val_loss=0.6765 val_acc=55.44% | lr=3.000000e-05
Saved new best model to /tmp/bow_mlp_imdb_rudp4hsy.pt
Epoch 4/301 | train_loss=0.6694 train_acc=56.46% | val_loss=0.6577 val_acc=58.22% | lr=3.000000e-05
Saved new best model to /tmp/bow_mlp_imdb_rudp4hsy.pt
Epoch 5/301 | train_loss=0.6501 train_acc=59.27% | val_loss=0.6400 val_acc=61.26% | lr=3.000000e-05
Saved new best model to /tmp/bow_mlp_imdb_rudp4hsy.pt
Epoch 6/301 | train_loss=0.6315 train_acc=62.34% | val_loss=0.6191 val_acc=64.06% | lr=3.000000e-05
Saved new best model to /tmp/bow_mlp_imdb_rudp4hsy.pt
Epoch 7/301 | train_loss=0.6103 train_acc=65.35% | val_loss=0.5981 val_acc=67.64% | lr=3.000000e-05
Saved new best model to /tmp/bow_mlp_imdb_rudp4hsy.pt
Epoch 8/301 | train_loss=0.5916 train_acc=68.22% | val_loss=0.5800 val_acc=70.96% | lr=3.000000e-05
Saved new best model to /tmp/bow_mlp_imdb_rudp4hsy.pt
Epoch 9/301 | train_loss=0.5744 train_acc=71.01% | val_loss=0.5639 val_acc=72.74% | lr=3.000000e-05
Saved new best model to /tmp/bow_mlp_imdb_rudp4hsy.pt
Epoch 10/301 | train_loss=0.5578 train_acc=73.17% | val_loss=0.5489 val_acc=74.78% | lr=3.000000e-05
Saved new best model to /tmp/bow_mlp_imdb_rudp4hsy.pt
Epoch 11/301 | train_loss=0.5458 train_acc=74.72% | val_loss=0.5356 val_acc=77.06% | lr=3.000000e-05
Saved new best model to /tmp/bow_mlp_imdb_rudp4hsy.pt
Epoch 12/301 | train_loss=0.5320 train_acc=76.48% | val_loss=0.5235 val_acc=77.66% | lr=3.000000e-05
Saved new best model to /tmp/bow_mlp_imdb_rudp4hsy.pt
Epoch 13/301 | train_loss=0.5202 train_acc=77.31% | val_loss=0.5120 val_acc=78.54% | lr=3.000000e-05
Saved new best model to /tmp/bow_mlp_imdb_rudp4hsy.pt
Epoch 14/301 | train_loss=0.5094 train_acc=78.35% | val_loss=0.5016 val_acc=79.62% | lr=3.000000e-05
Saved new best model to /tmp/bow_mlp_imdb_rudp4hsy.pt
Epoch 15/301 | train_loss=0.4992 train_acc=78.91% | val_loss=0.4918 val_acc=80.80% | lr=3.000000e-05
Saved new best model to /tmp/bow_mlp_imdb_rudp4hsy.pt
Epoch 16/301 | train_loss=0.4898 train_acc=79.88% | val_loss=0.4829 val_acc=81.06% | lr=3.000000e-05
Saved new best model to /tmp/bow_mlp_imdb_rudp4hsy.pt
Epoch 17/301 | train_loss=0.4810 train_acc=80.27% | val_loss=0.4746 val_acc=81.40% | lr=3.000000e-05
Saved new best model to /tmp/bow_mlp_imdb_rudp4hsy.pt
Epoch 18/301 | train_loss=0.4738 train_acc=80.69% | val_loss=0.4669 val_acc=81.88% | lr=3.000000e-05
Saved new best model to /tmp/bow_mlp_imdb_rudp4hsy.pt
Epoch 19/301 | train_loss=0.4655 train_acc=81.50% | val_loss=0.4598 val_acc=82.32% | lr=3.000000e-05
Saved new best model to /tmp/bow_mlp_imdb_rudp4hsy.pt
Epoch 20/301 | train_loss=0.4570 train_acc=81.92% | val_loss=0.4532 val_acc=82.42% | lr=3.000000e-05
Saved new best model to /tmp/bow_mlp_imdb_rudp4hsy.pt
Epoch 21/301 | train_loss=0.4505 train_acc=82.05% | val_loss=0.4467 val_acc=82.94% | lr=3.000000e-05
Saved new best model to /tmp/bow_mlp_imdb_rudp4hsy.pt
Epoch 22/301 | train_loss=0.4445 train_acc=82.27% | val_loss=0.4411 val_acc=83.08% | lr=3.000000e-05
Saved new best model to /tmp/bow_mlp_imdb_rudp4hsy.pt
Epoch 23/301 | train_loss=0.4389 train_acc=82.54% | val_loss=0.4354 val_acc=83.42% | lr=3.000000e-05
Saved new best model to /tmp/bow_mlp_imdb_rudp4hsy.pt
Epoch 24/301 | train_loss=0.4333 train_acc=82.71% | val_loss=0.4295 val_acc=83.88% | lr=3.000000e-05
Saved new best model to /tmp/bow_mlp_imdb_rudp4hsy.pt
Epoch 25/301 | train_loss=0.4260 train_acc=83.23% | val_loss=0.4234 val_acc=83.84% | lr=3.000000e-05
Epoch 26/301 | train_loss=0.4218 train_acc=83.25% | val_loss=0.4183 val_acc=84.14% | lr=3.000000e-05
Saved new best model to /tmp/bow_mlp_imdb_rudp4hsy.pt
Epoch 27/301 | train_loss=0.4153 train_acc=83.40% | val_loss=0.4136 val_acc=84.34% | lr=3.000000e-05
Saved new best model to /tmp/bow_mlp_imdb_rudp4hsy.pt
Epoch 28/301 | train_loss=0.4107 train_acc=83.83% | val_loss=0.4093 val_acc=84.18% | lr=3.000000e-05
Epoch 29/301 | train_loss=0.4058 train_acc=84.03% | val_loss=0.4055 val_acc=84.52% | lr=3.000000e-05
Saved new best model to /tmp/bow_mlp_imdb_rudp4hsy.pt
Epoch 30/301 | train_loss=0.4014 train_acc=84.20% | val_loss=0.4016 val_acc=84.48% | lr=3.000000e-05
Epoch 31/301 | train_loss=0.3984 train_acc=84.41% | val_loss=0.3985 val_acc=84.58% | lr=3.000000e-05
Saved new best model to /tmp/bow_mlp_imdb_rudp4hsy.pt
Epoch 32/301 | train_loss=0.3941 train_acc=84.50% | val_loss=0.3954 val_acc=84.62% | lr=3.000000e-05
Saved new best model to /tmp/bow_mlp_imdb_rudp4hsy.pt
Epoch 33/301 | train_loss=0.3899 train_acc=84.56% | val_loss=0.3922 val_acc=84.64% | lr=3.000000e-05
Saved new best model to /tmp/bow_mlp_imdb_rudp4hsy.pt
Epoch 34/301 | train_loss=0.3871 train_acc=84.69% | val_loss=0.3895 val_acc=84.90% | lr=3.000000e-05
Saved new best model to /tmp/bow_mlp_imdb_rudp4hsy.pt
Epoch 35/301 | train_loss=0.3837 train_acc=85.06% | val_loss=0.3869 val_acc=84.94% | lr=3.000000e-05
Saved new best model to /tmp/bow_mlp_imdb_rudp4hsy.pt
Epoch 36/301 | train_loss=0.3799 train_acc=85.02% | val_loss=0.3845 val_acc=84.86% | lr=3.000000e-05
Epoch 37/301 | train_loss=0.3769 train_acc=85.08% | val_loss=0.3822 val_acc=85.04% | lr=3.000000e-05
Saved new best model to /tmp/bow_mlp_imdb_rudp4hsy.pt
Epoch 38/301 | train_loss=0.3762 train_acc=85.14% | val_loss=0.3804 val_acc=85.12% | lr=3.000000e-05
Saved new best model to /tmp/bow_mlp_imdb_rudp4hsy.pt
Epoch 39/301 | train_loss=0.3734 train_acc=85.27% | val_loss=0.3783 val_acc=84.96% | lr=3.000000e-05
Epoch 40/301 | train_loss=0.3705 train_acc=85.26% | val_loss=0.3765 val_acc=85.02% | lr=3.000000e-05
Epoch 41/301 | train_loss=0.3668 train_acc=85.82% | val_loss=0.3746 val_acc=85.20% | lr=3.000000e-05
Saved new best model to /tmp/bow_mlp_imdb_rudp4hsy.pt
Epoch 42/301 | train_loss=0.3652 train_acc=85.38% | val_loss=0.3729 val_acc=85.26% | lr=3.000000e-05
Saved new best model to /tmp/bow_mlp_imdb_rudp4hsy.pt
Epoch 43/301 | train_loss=0.3638 train_acc=85.56% | val_loss=0.3714 val_acc=85.10% | lr=3.000000e-05
Epoch 44/301 | train_loss=0.3596 train_acc=85.75% | val_loss=0.3698 val_acc=85.14% | lr=3.000000e-05
Epoch 45/301 | train_loss=0.3597 train_acc=85.75% | val_loss=0.3684 val_acc=85.08% | lr=3.000000e-05
Epoch 46/301 | train_loss=0.3569 train_acc=85.71% | val_loss=0.3671 val_acc=85.14% | lr=3.000000e-05
Epoch 47/301 | train_loss=0.3534 train_acc=86.00% | val_loss=0.3663 val_acc=85.36% | lr=3.000000e-05
Saved new best model to /tmp/bow_mlp_imdb_rudp4hsy.pt
Epoch 48/301 | train_loss=0.3536 train_acc=85.93% | val_loss=0.3648 val_acc=85.24% | lr=3.000000e-05
Epoch 49/301 | train_loss=0.3522 train_acc=86.08% | val_loss=0.3636 val_acc=85.28% | lr=3.000000e-05
Epoch 50/301 | train_loss=0.3497 train_acc=86.35% | val_loss=0.3625 val_acc=85.20% | lr=3.000000e-05
Epoch 51/301 | train_loss=0.3494 train_acc=86.15% | val_loss=0.3619 val_acc=85.36% | lr=3.000000e-05
Epoch 52/301 | train_loss=0.3452 train_acc=86.33% | val_loss=0.3607 val_acc=85.16% | lr=3.000000e-05
Epoch 53/301 | train_loss=0.3457 train_acc=86.23% | val_loss=0.3598 val_acc=85.28% | lr=3.000000e-05
Epoch 54/301 | train_loss=0.3442 train_acc=86.45% | val_loss=0.3588 val_acc=85.22% | lr=3.000000e-05
Epoch 55/301 | train_loss=0.3419 train_acc=86.59% | val_loss=0.3581 val_acc=85.22% | lr=3.000000e-05
Epoch 56/301 | train_loss=0.3390 train_acc=86.62% | val_loss=0.3573 val_acc=85.18% | lr=3.000000e-05
Epoch 57/301 | train_loss=0.3395 train_acc=86.50% | val_loss=0.3565 val_acc=85.28% | lr=3.000000e-05
Epoch 58/301 | train_loss=0.3383 train_acc=86.69% | val_loss=0.3558 val_acc=85.14% | lr=3.000000e-05
Epoch 59/301 | train_loss=0.3378 train_acc=86.58% | val_loss=0.3553 val_acc=85.34% | lr=3.000000e-05
Epoch 60/301 | train_loss=0.3343 train_acc=86.72% | val_loss=0.3547 val_acc=85.46% | lr=3.000000e-05
Saved new best model to /tmp/bow_mlp_imdb_rudp4hsy.pt
Epoch 61/301 | train_loss=0.3336 train_acc=86.89% | val_loss=0.3539 val_acc=85.16% | lr=3.000000e-05
Epoch 62/301 | train_loss=0.3321 train_acc=86.65% | val_loss=0.3533 val_acc=85.30% | lr=3.000000e-05
Epoch 63/301 | train_loss=0.3300 train_acc=86.92% | val_loss=0.3528 val_acc=85.38% | lr=3.000000e-05
Epoch 64/301 | train_loss=0.3297 train_acc=87.03% | val_loss=0.3522 val_acc=85.30% | lr=3.000000e-05
Epoch 65/301 | train_loss=0.3303 train_acc=86.75% | val_loss=0.3518 val_acc=85.30% | lr=3.000000e-05
Epoch 66/301 | train_loss=0.3276 train_acc=86.81% | val_loss=0.3514 val_acc=85.36% | lr=3.000000e-05
Epoch 67/301 | train_loss=0.3260 train_acc=86.98% | val_loss=0.3510 val_acc=85.24% | lr=3.000000e-05
Epoch 68/301 | train_loss=0.3257 train_acc=87.11% | val_loss=0.3506 val_acc=85.22% | lr=3.000000e-05
Epoch 69/301 | train_loss=0.3251 train_acc=87.11% | val_loss=0.3503 val_acc=85.46% | lr=3.000000e-05
Epoch 70/301 | train_loss=0.3229 train_acc=87.16% | val_loss=0.3499 val_acc=85.48% | lr=3.000000e-05
Saved new best model to /tmp/bow_mlp_imdb_rudp4hsy.pt
Epoch 71/301 | train_loss=0.3243 train_acc=87.09% | val_loss=0.3497 val_acc=85.50% | lr=3.000000e-05
Saved new best model to /tmp/bow_mlp_imdb_rudp4hsy.pt
Epoch 72/301 | train_loss=0.3220 train_acc=86.89% | val_loss=0.3494 val_acc=85.38% | lr=3.000000e-05
Epoch 73/301 | train_loss=0.3205 train_acc=87.15% | val_loss=0.3493 val_acc=85.48% | lr=3.000000e-05
Epoch 74/301 | train_loss=0.3196 train_acc=87.14% | val_loss=0.3488 val_acc=85.42% | lr=3.000000e-05
Epoch 75/301 | train_loss=0.3190 train_acc=87.09% | val_loss=0.3485 val_acc=85.54% | lr=3.000000e-05
Saved new best model to /tmp/bow_mlp_imdb_rudp4hsy.pt
Epoch 76/301 | train_loss=0.3193 train_acc=87.13% | val_loss=0.3483 val_acc=85.52% | lr=3.000000e-05
Epoch 77/301 | train_loss=0.3182 train_acc=87.15% | val_loss=0.3483 val_acc=85.50% | lr=3.000000e-05
Epoch 78/301 | train_loss=0.3162 train_acc=87.38% | val_loss=0.3480 val_acc=85.54% | lr=3.000000e-05
Epoch 79/301 | train_loss=0.3161 train_acc=87.30% | val_loss=0.3479 val_acc=85.62% | lr=3.000000e-05
Saved new best model to /tmp/bow_mlp_imdb_rudp4hsy.pt
Epoch 80/301 | train_loss=0.3160 train_acc=87.14% | val_loss=0.3479 val_acc=85.58% | lr=3.000000e-05
Epoch 81/301 | train_loss=0.3115 train_acc=87.55% | val_loss=0.3475 val_acc=85.58% | lr=3.000000e-05
Epoch 82/301 | train_loss=0.3140 train_acc=87.38% | val_loss=0.3476 val_acc=85.56% | lr=3.000000e-05
Epoch 83/301 | train_loss=0.3117 train_acc=87.60% | val_loss=0.3472 val_acc=85.60% | lr=3.000000e-05
Epoch 84/301 | train_loss=0.3112 train_acc=87.38% | val_loss=0.3471 val_acc=85.54% | lr=3.000000e-05
Epoch 85/301 | train_loss=0.3110 train_acc=87.62% | val_loss=0.3469 val_acc=85.58% | lr=3.000000e-05
Epoch 86/301 | train_loss=0.3104 train_acc=87.39% | val_loss=0.3469 val_acc=85.54% | lr=3.000000e-05
Epoch 87/301 | train_loss=0.3094 train_acc=87.48% | val_loss=0.3470 val_acc=85.42% | lr=3.000000e-05
Epoch 88/301 | train_loss=0.3079 train_acc=87.79% | val_loss=0.3472 val_acc=85.44% | lr=3.000000e-05
Epoch 89/301 | train_loss=0.3077 train_acc=87.70% | val_loss=0.3468 val_acc=85.54% | lr=3.000000e-05
Epoch 90/301 | train_loss=0.3072 train_acc=87.56% | val_loss=0.3466 val_acc=85.56% | lr=3.000000e-05
Epoch 91/301 | train_loss=0.3060 train_acc=87.56% | val_loss=0.3465 val_acc=85.54% | lr=3.000000e-05
Epoch 92/301 | train_loss=0.3069 train_acc=87.65% | val_loss=0.3464 val_acc=85.44% | lr=3.000000e-05
Epoch 93/301 | train_loss=0.3047 train_acc=87.89% | val_loss=0.3465 val_acc=85.56% | lr=3.000000e-05
Epoch 94/301 | train_loss=0.3035 train_acc=87.75% | val_loss=0.3463 val_acc=85.52% | lr=3.000000e-05
Epoch 95/301 | train_loss=0.3040 train_acc=87.64% | val_loss=0.3461 val_acc=85.52% | lr=3.000000e-05
Epoch 96/301 | train_loss=0.3026 train_acc=87.76% | val_loss=0.3462 val_acc=85.54% | lr=3.000000e-05
Epoch 97/301 | train_loss=0.3034 train_acc=87.69% | val_loss=0.3461 val_acc=85.50% | lr=3.000000e-05
Epoch 98/301 | train_loss=0.3013 train_acc=87.70% | val_loss=0.3460 val_acc=85.52% | lr=3.000000e-05
Epoch 99/301 | train_loss=0.3027 train_acc=87.56% | val_loss=0.3464 val_acc=85.56% | lr=3.000000e-05
Epoch 100/301 | train_loss=0.3008 train_acc=87.77% | val_loss=0.3460 val_acc=85.50% | lr=3.000000e-05
Epoch 101/301 | train_loss=0.2989 train_acc=87.89% | val_loss=0.3459 val_acc=85.56% | lr=3.000000e-05
Epoch 102/301 | train_loss=0.2993 train_acc=87.98% | val_loss=0.3459 val_acc=85.54% | lr=3.000000e-05
Epoch 103/301 | train_loss=0.3007 train_acc=87.83% | val_loss=0.3462 val_acc=85.48% | lr=3.000000e-05
Epoch 104/301 | train_loss=0.2988 train_acc=87.96% | val_loss=0.3462 val_acc=85.46% | lr=3.000000e-05
Epoch 105/301 | train_loss=0.2997 train_acc=87.74% | val_loss=0.3461 val_acc=85.42% | lr=3.000000e-05
Epoch 106/301 | train_loss=0.2973 train_acc=87.92% | val_loss=0.3466 val_acc=85.54% | lr=3.000000e-05
Epoch 107/301 | train_loss=0.2980 train_acc=87.77% | val_loss=0.3460 val_acc=85.48% | lr=3.000000e-05
Epoch 108/301 | train_loss=0.2982 train_acc=87.83% | val_loss=0.3459 val_acc=85.48% | lr=3.000000e-05
Epoch 109/301 | train_loss=0.2958 train_acc=87.86% | val_loss=0.3461 val_acc=85.48% | lr=3.000000e-05
Epoch 110/301 | train_loss=0.2956 train_acc=88.07% | val_loss=0.3459 val_acc=85.40% | lr=3.000000e-05
Validation loss has not improved for 8 epochs. Stopping training.
Test loss=0.3449 | Test accuracy=85.60%
