Loading IMDb dataset from local disk: /home/daniel/l/masteruppsats/np-reg/language/data/imdb_hf
Using device: cuda
BoW vocab size: 1562
Epoch 1/301 | train_loss=0.8024 train_acc=49.98% | val_loss=0.7898 val_acc=50.00% | lr=1.000000e-05
Saved new best model to /tmp/bow_mlp_imdb_y9_99zso.pt
Epoch 2/301 | train_loss=0.7710 train_acc=50.23% | val_loss=0.7657 val_acc=50.14% | lr=1.000000e-05
Saved new best model to /tmp/bow_mlp_imdb_y9_99zso.pt
Epoch 3/301 | train_loss=0.7445 train_acc=50.60% | val_loss=0.7366 val_acc=50.56% | lr=1.000000e-05
Saved new best model to /tmp/bow_mlp_imdb_y9_99zso.pt
Epoch 4/301 | train_loss=0.7222 train_acc=51.11% | val_loss=0.7193 val_acc=50.92% | lr=1.000000e-05
Saved new best model to /tmp/bow_mlp_imdb_y9_99zso.pt
Epoch 5/301 | train_loss=0.7017 train_acc=51.89% | val_loss=0.7022 val_acc=51.44% | lr=1.000000e-05
Saved new best model to /tmp/bow_mlp_imdb_y9_99zso.pt
Epoch 6/301 | train_loss=0.6824 train_acc=53.14% | val_loss=0.6811 val_acc=52.86% | lr=1.000000e-05
Saved new best model to /tmp/bow_mlp_imdb_y9_99zso.pt
Epoch 7/301 | train_loss=0.6638 train_acc=54.71% | val_loss=0.6659 val_acc=53.86% | lr=1.000000e-05
Saved new best model to /tmp/bow_mlp_imdb_y9_99zso.pt
Epoch 8/301 | train_loss=0.6450 train_acc=56.28% | val_loss=0.6399 val_acc=57.12% | lr=1.000000e-05
Saved new best model to /tmp/bow_mlp_imdb_y9_99zso.pt
Epoch 9/301 | train_loss=0.6295 train_acc=58.00% | val_loss=0.6307 val_acc=57.56% | lr=1.000000e-05
Saved new best model to /tmp/bow_mlp_imdb_y9_99zso.pt
Epoch 10/301 | train_loss=0.6154 train_acc=59.63% | val_loss=0.6183 val_acc=59.34% | lr=1.000000e-05
Saved new best model to /tmp/bow_mlp_imdb_y9_99zso.pt
Epoch 11/301 | train_loss=0.6038 train_acc=61.49% | val_loss=0.6038 val_acc=61.78% | lr=1.000000e-05
Saved new best model to /tmp/bow_mlp_imdb_y9_99zso.pt
Epoch 12/301 | train_loss=0.5919 train_acc=63.29% | val_loss=0.5904 val_acc=63.92% | lr=1.000000e-05
Saved new best model to /tmp/bow_mlp_imdb_y9_99zso.pt
Epoch 13/301 | train_loss=0.5814 train_acc=64.93% | val_loss=0.5863 val_acc=63.82% | lr=1.000000e-05
Epoch 14/301 | train_loss=0.5702 train_acc=66.82% | val_loss=0.5766 val_acc=65.70% | lr=1.000000e-05
Saved new best model to /tmp/bow_mlp_imdb_y9_99zso.pt
Epoch 15/301 | train_loss=0.5606 train_acc=68.12% | val_loss=0.5676 val_acc=67.32% | lr=1.000000e-05
Saved new best model to /tmp/bow_mlp_imdb_y9_99zso.pt
Epoch 16/301 | train_loss=0.5510 train_acc=69.87% | val_loss=0.5576 val_acc=69.68% | lr=1.000000e-05
Saved new best model to /tmp/bow_mlp_imdb_y9_99zso.pt
Epoch 17/301 | train_loss=0.5430 train_acc=71.21% | val_loss=0.5443 val_acc=72.48% | lr=1.000000e-05
Saved new best model to /tmp/bow_mlp_imdb_y9_99zso.pt
Epoch 18/301 | train_loss=0.5338 train_acc=72.52% | val_loss=0.5409 val_acc=72.40% | lr=1.000000e-05
Epoch 19/301 | train_loss=0.5258 train_acc=73.66% | val_loss=0.5392 val_acc=71.80% | lr=1.000000e-05
Epoch 20/301 | train_loss=0.5171 train_acc=75.19% | val_loss=0.5254 val_acc=74.42% | lr=1.000000e-05
Saved new best model to /tmp/bow_mlp_imdb_y9_99zso.pt
Epoch 21/301 | train_loss=0.5097 train_acc=76.12% | val_loss=0.5290 val_acc=76.50% | lr=1.000000e-05
Saved new best model to /tmp/bow_mlp_imdb_y9_99zso.pt
Epoch 22/301 | train_loss=0.5023 train_acc=77.08% | val_loss=0.5148 val_acc=76.24% | lr=1.000000e-05
Epoch 23/301 | train_loss=0.4948 train_acc=78.24% | val_loss=0.5048 val_acc=78.12% | lr=1.000000e-05
Saved new best model to /tmp/bow_mlp_imdb_y9_99zso.pt
Epoch 24/301 | train_loss=0.4885 train_acc=78.70% | val_loss=0.5048 val_acc=77.58% | lr=1.000000e-05
Epoch 25/301 | train_loss=0.4816 train_acc=79.57% | val_loss=0.5000 val_acc=78.60% | lr=1.000000e-05
Saved new best model to /tmp/bow_mlp_imdb_y9_99zso.pt
Epoch 26/301 | train_loss=0.4740 train_acc=80.28% | val_loss=0.4850 val_acc=81.30% | lr=1.000000e-05
Saved new best model to /tmp/bow_mlp_imdb_y9_99zso.pt
Epoch 27/301 | train_loss=0.4672 train_acc=80.95% | val_loss=0.4874 val_acc=79.92% | lr=1.000000e-05
Epoch 28/301 | train_loss=0.4617 train_acc=81.33% | val_loss=0.4774 val_acc=81.04% | lr=1.000000e-05
Epoch 29/301 | train_loss=0.4545 train_acc=82.29% | val_loss=0.4754 val_acc=80.46% | lr=1.000000e-05
Epoch 30/301 | train_loss=0.4497 train_acc=82.39% | val_loss=0.4704 val_acc=81.14% | lr=1.000000e-05
Epoch 31/301 | train_loss=0.4442 train_acc=82.96% | val_loss=0.4649 val_acc=80.88% | lr=1.000000e-05
Epoch 32/301 | train_loss=0.4380 train_acc=83.38% | val_loss=0.4571 val_acc=82.20% | lr=1.000000e-05
Saved new best model to /tmp/bow_mlp_imdb_y9_99zso.pt
Epoch 33/301 | train_loss=0.4334 train_acc=83.59% | val_loss=0.4520 val_acc=82.52% | lr=1.000000e-05
Saved new best model to /tmp/bow_mlp_imdb_y9_99zso.pt
Epoch 34/301 | train_loss=0.4271 train_acc=83.81% | val_loss=0.4512 val_acc=83.38% | lr=1.000000e-05
Saved new best model to /tmp/bow_mlp_imdb_y9_99zso.pt
Epoch 35/301 | train_loss=0.4214 train_acc=84.51% | val_loss=0.4537 val_acc=82.08% | lr=1.000000e-05
Epoch 36/301 | train_loss=0.4166 train_acc=84.94% | val_loss=0.4417 val_acc=83.24% | lr=1.000000e-05
Epoch 37/301 | train_loss=0.4122 train_acc=85.02% | val_loss=0.4315 val_acc=83.96% | lr=1.000000e-05
Saved new best model to /tmp/bow_mlp_imdb_y9_99zso.pt
Epoch 38/301 | train_loss=0.4080 train_acc=84.85% | val_loss=0.4250 val_acc=83.78% | lr=1.000000e-05
Epoch 39/301 | train_loss=0.4027 train_acc=85.28% | val_loss=0.4216 val_acc=84.22% | lr=1.000000e-05
Saved new best model to /tmp/bow_mlp_imdb_y9_99zso.pt
Epoch 40/301 | train_loss=0.3991 train_acc=85.59% | val_loss=0.4231 val_acc=84.30% | lr=1.000000e-05
Saved new best model to /tmp/bow_mlp_imdb_y9_99zso.pt
Epoch 41/301 | train_loss=0.3943 train_acc=85.83% | val_loss=0.4232 val_acc=84.02% | lr=1.000000e-05
Epoch 42/301 | train_loss=0.3894 train_acc=85.88% | val_loss=0.4142 val_acc=84.64% | lr=1.000000e-05
Saved new best model to /tmp/bow_mlp_imdb_y9_99zso.pt
Epoch 43/301 | train_loss=0.3859 train_acc=86.09% | val_loss=0.4163 val_acc=84.16% | lr=1.000000e-05
Epoch 44/301 | train_loss=0.3815 train_acc=86.11% | val_loss=0.4030 val_acc=84.72% | lr=1.000000e-05
Saved new best model to /tmp/bow_mlp_imdb_y9_99zso.pt
Epoch 45/301 | train_loss=0.3778 train_acc=86.45% | val_loss=0.4077 val_acc=84.34% | lr=1.000000e-05
Epoch 46/301 | train_loss=0.3739 train_acc=86.59% | val_loss=0.4017 val_acc=84.70% | lr=1.000000e-05
Epoch 47/301 | train_loss=0.3703 train_acc=86.73% | val_loss=0.3999 val_acc=84.90% | lr=1.000000e-05
Saved new best model to /tmp/bow_mlp_imdb_y9_99zso.pt
Epoch 48/301 | train_loss=0.3657 train_acc=86.78% | val_loss=0.3928 val_acc=84.92% | lr=1.000000e-05
Saved new best model to /tmp/bow_mlp_imdb_y9_99zso.pt
Epoch 49/301 | train_loss=0.3628 train_acc=86.76% | val_loss=0.3909 val_acc=84.74% | lr=1.000000e-05
Epoch 50/301 | train_loss=0.3592 train_acc=86.98% | val_loss=0.3946 val_acc=84.74% | lr=1.000000e-05
Epoch 51/301 | train_loss=0.3554 train_acc=87.26% | val_loss=0.3872 val_acc=84.80% | lr=1.000000e-05
Epoch 52/301 | train_loss=0.3518 train_acc=87.40% | val_loss=0.3871 val_acc=85.26% | lr=1.000000e-05
Saved new best model to /tmp/bow_mlp_imdb_y9_99zso.pt
Epoch 53/301 | train_loss=0.3508 train_acc=87.09% | val_loss=0.3821 val_acc=85.06% | lr=1.000000e-05
Epoch 54/301 | train_loss=0.3451 train_acc=87.72% | val_loss=0.3823 val_acc=84.78% | lr=1.000000e-05
Epoch 55/301 | train_loss=0.3439 train_acc=87.53% | val_loss=0.3848 val_acc=85.12% | lr=1.000000e-05
Epoch 56/301 | train_loss=0.3396 train_acc=87.69% | val_loss=0.3756 val_acc=85.10% | lr=1.000000e-05
Epoch 57/301 | train_loss=0.3358 train_acc=87.91% | val_loss=0.3741 val_acc=85.22% | lr=1.000000e-05
Epoch 58/301 | train_loss=0.3340 train_acc=87.88% | val_loss=0.3695 val_acc=85.08% | lr=1.000000e-05
Epoch 59/301 | train_loss=0.3333 train_acc=87.42% | val_loss=0.3770 val_acc=85.10% | lr=1.000000e-05
Epoch 60/301 | train_loss=0.3308 train_acc=87.72% | val_loss=0.3694 val_acc=84.74% | lr=1.000000e-05
Epoch 61/301 | train_loss=0.3274 train_acc=88.04% | val_loss=0.3669 val_acc=85.18% | lr=1.000000e-05
Epoch 62/301 | train_loss=0.3245 train_acc=87.89% | val_loss=0.3646 val_acc=85.18% | lr=1.000000e-05
Epoch 63/301 | train_loss=0.3218 train_acc=87.81% | val_loss=0.3647 val_acc=85.26% | lr=1.000000e-05
Epoch 64/301 | train_loss=0.3222 train_acc=87.81% | val_loss=0.3623 val_acc=85.24% | lr=1.000000e-05
Epoch 65/301 | train_loss=0.3176 train_acc=88.16% | val_loss=0.3594 val_acc=85.24% | lr=1.000000e-05
Epoch 66/301 | train_loss=0.3140 train_acc=88.44% | val_loss=0.3617 val_acc=85.10% | lr=1.000000e-05
Epoch 67/301 | train_loss=0.3136 train_acc=88.26% | val_loss=0.3589 val_acc=85.10% | lr=1.000000e-05
Epoch 68/301 | train_loss=0.3111 train_acc=88.12% | val_loss=0.3579 val_acc=85.14% | lr=1.000000e-05
Epoch 69/301 | train_loss=0.3088 train_acc=88.17% | val_loss=0.3541 val_acc=84.80% | lr=1.000000e-05
Epoch 70/301 | train_loss=0.3068 train_acc=88.28% | val_loss=0.3569 val_acc=84.68% | lr=1.000000e-05
Epoch 71/301 | train_loss=0.3072 train_acc=88.44% | val_loss=0.3502 val_acc=84.98% | lr=1.000000e-05
Epoch 72/301 | train_loss=0.3045 train_acc=88.39% | val_loss=0.3496 val_acc=85.06% | lr=1.000000e-05
Epoch 73/301 | train_loss=0.3018 train_acc=88.46% | val_loss=0.3549 val_acc=85.24% | lr=1.000000e-05
Epoch 74/301 | train_loss=0.2977 train_acc=88.56% | val_loss=0.3498 val_acc=84.92% | lr=1.000000e-05
Epoch 75/301 | train_loss=0.2964 train_acc=88.60% | val_loss=0.3494 val_acc=84.84% | lr=1.000000e-05
Epoch 76/301 | train_loss=0.2967 train_acc=88.51% | val_loss=0.3497 val_acc=84.76% | lr=1.000000e-05
Epoch 77/301 | train_loss=0.2937 train_acc=88.84% | val_loss=0.3469 val_acc=85.00% | lr=1.000000e-05
Epoch 78/301 | train_loss=0.2933 train_acc=88.75% | val_loss=0.3489 val_acc=84.88% | lr=1.000000e-05
Epoch 79/301 | train_loss=0.2908 train_acc=88.62% | val_loss=0.3466 val_acc=85.02% | lr=1.000000e-05
Epoch 80/301 | train_loss=0.2907 train_acc=88.80% | val_loss=0.3498 val_acc=85.62% | lr=1.000000e-05
Saved new best model to /tmp/bow_mlp_imdb_y9_99zso.pt
Epoch 81/301 | train_loss=0.2858 train_acc=88.92% | val_loss=0.3487 val_acc=85.40% | lr=1.000000e-05
Epoch 82/301 | train_loss=0.2890 train_acc=88.77% | val_loss=0.3471 val_acc=84.64% | lr=1.000000e-05
Epoch 83/301 | train_loss=0.2863 train_acc=88.85% | val_loss=0.3483 val_acc=85.38% | lr=1.000000e-05
Epoch 84/301 | train_loss=0.2828 train_acc=89.09% | val_loss=0.3447 val_acc=85.18% | lr=1.000000e-05
Epoch 85/301 | train_loss=0.2836 train_acc=88.87% | val_loss=0.3427 val_acc=85.02% | lr=1.000000e-05
Epoch 86/301 | train_loss=0.2794 train_acc=89.20% | val_loss=0.3454 val_acc=85.04% | lr=1.000000e-05
Epoch 87/301 | train_loss=0.2794 train_acc=89.08% | val_loss=0.3443 val_acc=85.14% | lr=1.000000e-05
Epoch 88/301 | train_loss=0.2805 train_acc=88.73% | val_loss=0.3442 val_acc=84.82% | lr=1.000000e-05
Epoch 89/301 | train_loss=0.2771 train_acc=89.09% | val_loss=0.3448 val_acc=84.80% | lr=1.000000e-05
Epoch 90/301 | train_loss=0.2735 train_acc=89.35% | val_loss=0.3434 val_acc=85.16% | lr=1.000000e-05
Epoch 91/301 | train_loss=0.2737 train_acc=89.42% | val_loss=0.3432 val_acc=85.26% | lr=1.000000e-05
Epoch 92/301 | train_loss=0.2713 train_acc=89.35% | val_loss=0.3427 val_acc=84.76% | lr=1.000000e-05
Epoch 93/301 | train_loss=0.2723 train_acc=89.27% | val_loss=0.3411 val_acc=85.04% | lr=1.000000e-05
Epoch 94/301 | train_loss=0.2714 train_acc=89.24% | val_loss=0.3416 val_acc=84.72% | lr=1.000000e-05
Epoch 95/301 | train_loss=0.2685 train_acc=89.47% | val_loss=0.3405 val_acc=84.80% | lr=1.000000e-05
Epoch 96/301 | train_loss=0.2697 train_acc=89.28% | val_loss=0.3440 val_acc=85.56% | lr=1.000000e-05
Epoch 97/301 | train_loss=0.2655 train_acc=89.83% | val_loss=0.3415 val_acc=85.06% | lr=1.000000e-05
Epoch 98/301 | train_loss=0.2674 train_acc=89.27% | val_loss=0.3407 val_acc=84.92% | lr=1.000000e-05
Epoch 99/301 | train_loss=0.2648 train_acc=89.50% | val_loss=0.3406 val_acc=85.26% | lr=1.000000e-05
Epoch 100/301 | train_loss=0.2652 train_acc=89.53% | val_loss=0.3401 val_acc=85.12% | lr=1.000000e-05
Epoch 101/301 | train_loss=0.2637 train_acc=89.55% | val_loss=0.3400 val_acc=85.16% | lr=1.000000e-05
Epoch 102/301 | train_loss=0.2629 train_acc=89.66% | val_loss=0.3422 val_acc=85.32% | lr=1.000000e-05
Epoch 103/301 | train_loss=0.2596 train_acc=89.92% | val_loss=0.3441 val_acc=85.36% | lr=1.000000e-05
Epoch 104/301 | train_loss=0.2610 train_acc=89.59% | val_loss=0.3421 val_acc=85.40% | lr=1.000000e-05
Epoch 105/301 | train_loss=0.2618 train_acc=89.70% | val_loss=0.3411 val_acc=85.14% | lr=1.000000e-05
Epoch 106/301 | train_loss=0.2581 train_acc=89.78% | val_loss=0.3407 val_acc=84.76% | lr=1.000000e-05
Epoch 107/301 | train_loss=0.2577 train_acc=89.77% | val_loss=0.3420 val_acc=85.22% | lr=1.000000e-05
Epoch 108/301 | train_loss=0.2557 train_acc=89.85% | val_loss=0.3402 val_acc=84.98% | lr=1.000000e-05
Epoch 109/301 | train_loss=0.2571 train_acc=89.88% | val_loss=0.3406 val_acc=84.78% | lr=1.000000e-05
Validation loss has not improved for 8 epochs. Stopping training.
Test loss=0.3482 | Test accuracy=85.17%
