Loading IMDb dataset from local disk: /home/daniel/l/masteruppsats/np-reg/language/data/imdb_hf
Using device: cuda
BoW vocab size: 1562
Epoch 1/301 | train_loss=0.7105 train_acc=50.88% | val_loss=0.6927 val_acc=52.88% | lr=3.000000e-05
Saved new best model to /tmp/bow_mlp_imdb_1fmdvumj.pt
Epoch 2/301 | train_loss=0.6850 train_acc=54.02% | val_loss=0.6730 val_acc=55.50% | lr=3.000000e-05
Saved new best model to /tmp/bow_mlp_imdb_1fmdvumj.pt
Epoch 3/301 | train_loss=0.6589 train_acc=57.89% | val_loss=0.6437 val_acc=61.04% | lr=3.000000e-05
Saved new best model to /tmp/bow_mlp_imdb_1fmdvumj.pt
Epoch 4/301 | train_loss=0.6296 train_acc=62.30% | val_loss=0.6113 val_acc=66.70% | lr=3.000000e-05
Saved new best model to /tmp/bow_mlp_imdb_1fmdvumj.pt
Epoch 5/301 | train_loss=0.5987 train_acc=67.57% | val_loss=0.5816 val_acc=71.10% | lr=3.000000e-05
Saved new best model to /tmp/bow_mlp_imdb_1fmdvumj.pt
Epoch 6/301 | train_loss=0.5705 train_acc=71.67% | val_loss=0.5564 val_acc=74.20% | lr=3.000000e-05
Saved new best model to /tmp/bow_mlp_imdb_1fmdvumj.pt
Epoch 7/301 | train_loss=0.5483 train_acc=74.42% | val_loss=0.5349 val_acc=76.64% | lr=3.000000e-05
Saved new best model to /tmp/bow_mlp_imdb_1fmdvumj.pt
Epoch 8/301 | train_loss=0.5287 train_acc=76.44% | val_loss=0.5158 val_acc=78.86% | lr=3.000000e-05
Saved new best model to /tmp/bow_mlp_imdb_1fmdvumj.pt
Epoch 9/301 | train_loss=0.5103 train_acc=78.33% | val_loss=0.4990 val_acc=80.14% | lr=3.000000e-05
Saved new best model to /tmp/bow_mlp_imdb_1fmdvumj.pt
Epoch 10/301 | train_loss=0.4943 train_acc=79.55% | val_loss=0.4842 val_acc=80.90% | lr=3.000000e-05
Saved new best model to /tmp/bow_mlp_imdb_1fmdvumj.pt
Epoch 11/301 | train_loss=0.4800 train_acc=80.57% | val_loss=0.4709 val_acc=81.90% | lr=3.000000e-05
Saved new best model to /tmp/bow_mlp_imdb_1fmdvumj.pt
Epoch 12/301 | train_loss=0.4683 train_acc=81.08% | val_loss=0.4595 val_acc=82.00% | lr=3.000000e-05
Saved new best model to /tmp/bow_mlp_imdb_1fmdvumj.pt
Epoch 13/301 | train_loss=0.4565 train_acc=81.66% | val_loss=0.4487 val_acc=82.86% | lr=3.000000e-05
Saved new best model to /tmp/bow_mlp_imdb_1fmdvumj.pt
Epoch 14/301 | train_loss=0.4482 train_acc=82.05% | val_loss=0.4396 val_acc=83.10% | lr=3.000000e-05
Saved new best model to /tmp/bow_mlp_imdb_1fmdvumj.pt
Epoch 15/301 | train_loss=0.4356 train_acc=82.82% | val_loss=0.4300 val_acc=83.40% | lr=3.000000e-05
Saved new best model to /tmp/bow_mlp_imdb_1fmdvumj.pt
Epoch 16/301 | train_loss=0.4283 train_acc=82.96% | val_loss=0.4209 val_acc=84.16% | lr=3.000000e-05
Saved new best model to /tmp/bow_mlp_imdb_1fmdvumj.pt
Epoch 17/301 | train_loss=0.4167 train_acc=83.41% | val_loss=0.4134 val_acc=84.22% | lr=3.000000e-05
Saved new best model to /tmp/bow_mlp_imdb_1fmdvumj.pt
Epoch 18/301 | train_loss=0.4101 train_acc=83.86% | val_loss=0.4069 val_acc=84.46% | lr=3.000000e-05
Saved new best model to /tmp/bow_mlp_imdb_1fmdvumj.pt
Epoch 19/301 | train_loss=0.4041 train_acc=84.15% | val_loss=0.4013 val_acc=84.36% | lr=3.000000e-05
Epoch 20/301 | train_loss=0.3967 train_acc=84.51% | val_loss=0.3964 val_acc=84.78% | lr=3.000000e-05
Saved new best model to /tmp/bow_mlp_imdb_1fmdvumj.pt
Epoch 21/301 | train_loss=0.3911 train_acc=84.57% | val_loss=0.3913 val_acc=84.66% | lr=3.000000e-05
Epoch 22/301 | train_loss=0.3862 train_acc=84.78% | val_loss=0.3873 val_acc=84.98% | lr=3.000000e-05
Saved new best model to /tmp/bow_mlp_imdb_1fmdvumj.pt
Epoch 23/301 | train_loss=0.3825 train_acc=84.87% | val_loss=0.3835 val_acc=84.88% | lr=3.000000e-05
Epoch 24/301 | train_loss=0.3757 train_acc=85.11% | val_loss=0.3799 val_acc=84.96% | lr=3.000000e-05
Epoch 25/301 | train_loss=0.3722 train_acc=85.15% | val_loss=0.3768 val_acc=85.08% | lr=3.000000e-05
Saved new best model to /tmp/bow_mlp_imdb_1fmdvumj.pt
Epoch 26/301 | train_loss=0.3671 train_acc=85.67% | val_loss=0.3739 val_acc=85.22% | lr=3.000000e-05
Saved new best model to /tmp/bow_mlp_imdb_1fmdvumj.pt
Epoch 27/301 | train_loss=0.3652 train_acc=85.52% | val_loss=0.3714 val_acc=85.28% | lr=3.000000e-05
Saved new best model to /tmp/bow_mlp_imdb_1fmdvumj.pt
Epoch 28/301 | train_loss=0.3633 train_acc=85.60% | val_loss=0.3693 val_acc=85.08% | lr=3.000000e-05
Epoch 29/301 | train_loss=0.3598 train_acc=85.76% | val_loss=0.3679 val_acc=85.38% | lr=3.000000e-05
Saved new best model to /tmp/bow_mlp_imdb_1fmdvumj.pt
Epoch 30/301 | train_loss=0.3563 train_acc=85.86% | val_loss=0.3653 val_acc=85.26% | lr=3.000000e-05
Epoch 31/301 | train_loss=0.3560 train_acc=85.94% | val_loss=0.3639 val_acc=85.38% | lr=3.000000e-05
Epoch 32/301 | train_loss=0.3513 train_acc=86.17% | val_loss=0.3623 val_acc=85.12% | lr=3.000000e-05
Epoch 33/301 | train_loss=0.3484 train_acc=86.20% | val_loss=0.3607 val_acc=85.12% | lr=3.000000e-05
Epoch 34/301 | train_loss=0.3433 train_acc=86.38% | val_loss=0.3588 val_acc=85.34% | lr=3.000000e-05
Epoch 35/301 | train_loss=0.3428 train_acc=86.37% | val_loss=0.3578 val_acc=85.34% | lr=3.000000e-05
Epoch 36/301 | train_loss=0.3409 train_acc=86.45% | val_loss=0.3565 val_acc=85.38% | lr=3.000000e-05
Epoch 37/301 | train_loss=0.3398 train_acc=86.53% | val_loss=0.3556 val_acc=85.46% | lr=3.000000e-05
Saved new best model to /tmp/bow_mlp_imdb_1fmdvumj.pt
Epoch 38/301 | train_loss=0.3392 train_acc=86.43% | val_loss=0.3546 val_acc=85.44% | lr=3.000000e-05
Epoch 39/301 | train_loss=0.3360 train_acc=86.56% | val_loss=0.3537 val_acc=85.24% | lr=3.000000e-05
Epoch 40/301 | train_loss=0.3339 train_acc=86.94% | val_loss=0.3528 val_acc=85.42% | lr=3.000000e-05
Epoch 41/301 | train_loss=0.3316 train_acc=86.95% | val_loss=0.3519 val_acc=85.32% | lr=3.000000e-05
Epoch 42/301 | train_loss=0.3292 train_acc=86.80% | val_loss=0.3514 val_acc=85.42% | lr=3.000000e-05
Epoch 43/301 | train_loss=0.3288 train_acc=86.91% | val_loss=0.3506 val_acc=85.40% | lr=3.000000e-05
Epoch 44/301 | train_loss=0.3278 train_acc=86.76% | val_loss=0.3501 val_acc=85.36% | lr=3.000000e-05
Epoch 45/301 | train_loss=0.3259 train_acc=86.98% | val_loss=0.3496 val_acc=85.38% | lr=3.000000e-05
Epoch 46/301 | train_loss=0.3235 train_acc=87.00% | val_loss=0.3490 val_acc=85.36% | lr=3.000000e-05
Epoch 47/301 | train_loss=0.3232 train_acc=87.09% | val_loss=0.3497 val_acc=85.50% | lr=3.000000e-05
Saved new best model to /tmp/bow_mlp_imdb_1fmdvumj.pt
Epoch 48/301 | train_loss=0.3215 train_acc=87.08% | val_loss=0.3484 val_acc=85.46% | lr=3.000000e-05
Epoch 49/301 | train_loss=0.3217 train_acc=87.17% | val_loss=0.3480 val_acc=85.38% | lr=3.000000e-05
Epoch 50/301 | train_loss=0.3201 train_acc=87.04% | val_loss=0.3476 val_acc=85.50% | lr=3.000000e-05
Epoch 51/301 | train_loss=0.3177 train_acc=87.34% | val_loss=0.3478 val_acc=85.56% | lr=3.000000e-05
Saved new best model to /tmp/bow_mlp_imdb_1fmdvumj.pt
Epoch 52/301 | train_loss=0.3169 train_acc=87.31% | val_loss=0.3471 val_acc=85.60% | lr=3.000000e-05
Saved new best model to /tmp/bow_mlp_imdb_1fmdvumj.pt
Epoch 53/301 | train_loss=0.3145 train_acc=87.18% | val_loss=0.3468 val_acc=85.60% | lr=3.000000e-05
Epoch 54/301 | train_loss=0.3149 train_acc=87.50% | val_loss=0.3467 val_acc=85.64% | lr=3.000000e-05
Saved new best model to /tmp/bow_mlp_imdb_1fmdvumj.pt
Epoch 55/301 | train_loss=0.3119 train_acc=87.39% | val_loss=0.3463 val_acc=85.70% | lr=3.000000e-05
Saved new best model to /tmp/bow_mlp_imdb_1fmdvumj.pt
Epoch 56/301 | train_loss=0.3114 train_acc=87.47% | val_loss=0.3461 val_acc=85.68% | lr=3.000000e-05
Epoch 57/301 | train_loss=0.3095 train_acc=87.30% | val_loss=0.3459 val_acc=85.66% | lr=3.000000e-05
Epoch 58/301 | train_loss=0.3108 train_acc=87.33% | val_loss=0.3458 val_acc=85.66% | lr=3.000000e-05
Epoch 59/301 | train_loss=0.3099 train_acc=87.48% | val_loss=0.3461 val_acc=85.62% | lr=3.000000e-05
Epoch 60/301 | train_loss=0.3084 train_acc=87.47% | val_loss=0.3464 val_acc=85.52% | lr=3.000000e-05
Epoch 61/301 | train_loss=0.3058 train_acc=87.62% | val_loss=0.3456 val_acc=85.62% | lr=3.000000e-05
Epoch 62/301 | train_loss=0.3069 train_acc=87.61% | val_loss=0.3455 val_acc=85.68% | lr=3.000000e-05
Epoch 63/301 | train_loss=0.3053 train_acc=87.67% | val_loss=0.3453 val_acc=85.62% | lr=3.000000e-05
Epoch 64/301 | train_loss=0.3042 train_acc=87.62% | val_loss=0.3451 val_acc=85.60% | lr=3.000000e-05
Epoch 65/301 | train_loss=0.3037 train_acc=87.76% | val_loss=0.3453 val_acc=85.72% | lr=3.000000e-05
Saved new best model to /tmp/bow_mlp_imdb_1fmdvumj.pt
Epoch 66/301 | train_loss=0.3021 train_acc=87.71% | val_loss=0.3452 val_acc=85.54% | lr=3.000000e-05
Epoch 67/301 | train_loss=0.3019 train_acc=87.59% | val_loss=0.3453 val_acc=85.52% | lr=3.000000e-05
Epoch 68/301 | train_loss=0.3016 train_acc=87.66% | val_loss=0.3452 val_acc=85.64% | lr=3.000000e-05
Epoch 69/301 | train_loss=0.3012 train_acc=87.77% | val_loss=0.3454 val_acc=85.66% | lr=3.000000e-05
Epoch 70/301 | train_loss=0.2987 train_acc=87.86% | val_loss=0.3452 val_acc=85.68% | lr=3.000000e-05
Epoch 71/301 | train_loss=0.2987 train_acc=87.80% | val_loss=0.3450 val_acc=85.68% | lr=3.000000e-05
Epoch 72/301 | train_loss=0.2976 train_acc=87.83% | val_loss=0.3452 val_acc=85.64% | lr=3.000000e-05
Epoch 73/301 | train_loss=0.2959 train_acc=88.02% | val_loss=0.3455 val_acc=85.64% | lr=3.000000e-05
Epoch 74/301 | train_loss=0.2963 train_acc=88.05% | val_loss=0.3456 val_acc=85.62% | lr=3.000000e-05
Epoch 75/301 | train_loss=0.2954 train_acc=87.83% | val_loss=0.3452 val_acc=85.56% | lr=3.000000e-05
Epoch 76/301 | train_loss=0.2942 train_acc=88.13% | val_loss=0.3457 val_acc=85.54% | lr=3.000000e-05
Epoch 77/301 | train_loss=0.2924 train_acc=88.13% | val_loss=0.3455 val_acc=85.50% | lr=3.000000e-05
Epoch 78/301 | train_loss=0.2926 train_acc=88.00% | val_loss=0.3457 val_acc=85.52% | lr=3.000000e-05
Epoch 79/301 | train_loss=0.2910 train_acc=88.20% | val_loss=0.3455 val_acc=85.46% | lr=3.000000e-05
Validation loss has not improved for 8 epochs. Stopping training.
Test loss=0.3415 | Test accuracy=85.68%
