Loading IMDb dataset from local disk: /home/daniel/l/masteruppsats/np-reg/language/data/imdb_hf
Using device: cuda
BoW vocab size: 1562
Epoch 1/301 | train_loss=0.7348 train_acc=49.99% | val_loss=0.7163 val_acc=50.04% | lr=1.000000e-05
Saved new best model to /tmp/bow_mlp_imdb_74ckcclw.pt
Epoch 2/301 | train_loss=0.7133 train_acc=50.48% | val_loss=0.7043 val_acc=51.08% | lr=1.000000e-05
Saved new best model to /tmp/bow_mlp_imdb_74ckcclw.pt
Epoch 3/301 | train_loss=0.7064 train_acc=51.23% | val_loss=0.6982 val_acc=51.92% | lr=1.000000e-05
Saved new best model to /tmp/bow_mlp_imdb_74ckcclw.pt
Epoch 4/301 | train_loss=0.7015 train_acc=51.68% | val_loss=0.6935 val_acc=52.72% | lr=1.000000e-05
Saved new best model to /tmp/bow_mlp_imdb_74ckcclw.pt
Epoch 5/301 | train_loss=0.6970 train_acc=52.31% | val_loss=0.6889 val_acc=53.18% | lr=1.000000e-05
Saved new best model to /tmp/bow_mlp_imdb_74ckcclw.pt
Epoch 6/301 | train_loss=0.6926 train_acc=53.14% | val_loss=0.6845 val_acc=53.90% | lr=1.000000e-05
Saved new best model to /tmp/bow_mlp_imdb_74ckcclw.pt
Epoch 7/301 | train_loss=0.6890 train_acc=53.67% | val_loss=0.6799 val_acc=54.64% | lr=1.000000e-05
Saved new best model to /tmp/bow_mlp_imdb_74ckcclw.pt
Epoch 8/301 | train_loss=0.6836 train_acc=54.80% | val_loss=0.6751 val_acc=55.24% | lr=1.000000e-05
Saved new best model to /tmp/bow_mlp_imdb_74ckcclw.pt
Epoch 9/301 | train_loss=0.6777 train_acc=55.08% | val_loss=0.6698 val_acc=55.86% | lr=1.000000e-05
Saved new best model to /tmp/bow_mlp_imdb_74ckcclw.pt
Epoch 10/301 | train_loss=0.6728 train_acc=55.95% | val_loss=0.6629 val_acc=56.66% | lr=1.000000e-05
Saved new best model to /tmp/bow_mlp_imdb_74ckcclw.pt
Epoch 11/301 | train_loss=0.6669 train_acc=56.84% | val_loss=0.6563 val_acc=57.90% | lr=1.000000e-05
Saved new best model to /tmp/bow_mlp_imdb_74ckcclw.pt
Epoch 12/301 | train_loss=0.6599 train_acc=57.99% | val_loss=0.6499 val_acc=58.74% | lr=1.000000e-05
Saved new best model to /tmp/bow_mlp_imdb_74ckcclw.pt
Epoch 13/301 | train_loss=0.6548 train_acc=58.95% | val_loss=0.6441 val_acc=60.30% | lr=1.000000e-05
Saved new best model to /tmp/bow_mlp_imdb_74ckcclw.pt
Epoch 14/301 | train_loss=0.6518 train_acc=59.81% | val_loss=0.6387 val_acc=61.12% | lr=1.000000e-05
Saved new best model to /tmp/bow_mlp_imdb_74ckcclw.pt
Epoch 15/301 | train_loss=0.6437 train_acc=60.68% | val_loss=0.6325 val_acc=62.46% | lr=1.000000e-05
Saved new best model to /tmp/bow_mlp_imdb_74ckcclw.pt
Epoch 16/301 | train_loss=0.6393 train_acc=61.19% | val_loss=0.6270 val_acc=63.20% | lr=1.000000e-05
Saved new best model to /tmp/bow_mlp_imdb_74ckcclw.pt
Epoch 17/301 | train_loss=0.6360 train_acc=61.52% | val_loss=0.6218 val_acc=64.24% | lr=1.000000e-05
Saved new best model to /tmp/bow_mlp_imdb_74ckcclw.pt
Epoch 18/301 | train_loss=0.6288 train_acc=62.81% | val_loss=0.6159 val_acc=65.06% | lr=1.000000e-05
Saved new best model to /tmp/bow_mlp_imdb_74ckcclw.pt
Epoch 19/301 | train_loss=0.6236 train_acc=63.48% | val_loss=0.6097 val_acc=65.68% | lr=1.000000e-05
Saved new best model to /tmp/bow_mlp_imdb_74ckcclw.pt
Epoch 20/301 | train_loss=0.6198 train_acc=64.20% | val_loss=0.6031 val_acc=66.74% | lr=1.000000e-05
Saved new best model to /tmp/bow_mlp_imdb_74ckcclw.pt
Epoch 21/301 | train_loss=0.6124 train_acc=65.22% | val_loss=0.5963 val_acc=68.42% | lr=1.000000e-05
Saved new best model to /tmp/bow_mlp_imdb_74ckcclw.pt
Epoch 22/301 | train_loss=0.6080 train_acc=66.18% | val_loss=0.5905 val_acc=69.40% | lr=1.000000e-05
Saved new best model to /tmp/bow_mlp_imdb_74ckcclw.pt
Epoch 23/301 | train_loss=0.6030 train_acc=66.67% | val_loss=0.5845 val_acc=70.28% | lr=1.000000e-05
Saved new best model to /tmp/bow_mlp_imdb_74ckcclw.pt
Epoch 24/301 | train_loss=0.5984 train_acc=66.91% | val_loss=0.5791 val_acc=71.44% | lr=1.000000e-05
Saved new best model to /tmp/bow_mlp_imdb_74ckcclw.pt
Epoch 25/301 | train_loss=0.5916 train_acc=67.65% | val_loss=0.5736 val_acc=72.16% | lr=1.000000e-05
Saved new best model to /tmp/bow_mlp_imdb_74ckcclw.pt
Epoch 26/301 | train_loss=0.5864 train_acc=68.46% | val_loss=0.5678 val_acc=72.88% | lr=1.000000e-05
Saved new best model to /tmp/bow_mlp_imdb_74ckcclw.pt
Epoch 27/301 | train_loss=0.5847 train_acc=69.31% | val_loss=0.5631 val_acc=73.72% | lr=1.000000e-05
Saved new best model to /tmp/bow_mlp_imdb_74ckcclw.pt
Epoch 28/301 | train_loss=0.5795 train_acc=69.66% | val_loss=0.5582 val_acc=74.50% | lr=1.000000e-05
Saved new best model to /tmp/bow_mlp_imdb_74ckcclw.pt
Epoch 29/301 | train_loss=0.5762 train_acc=70.20% | val_loss=0.5534 val_acc=75.32% | lr=1.000000e-05
Saved new best model to /tmp/bow_mlp_imdb_74ckcclw.pt
Epoch 30/301 | train_loss=0.5717 train_acc=70.69% | val_loss=0.5486 val_acc=76.04% | lr=1.000000e-05
Saved new best model to /tmp/bow_mlp_imdb_74ckcclw.pt
Epoch 31/301 | train_loss=0.5654 train_acc=71.34% | val_loss=0.5438 val_acc=76.96% | lr=1.000000e-05
Saved new best model to /tmp/bow_mlp_imdb_74ckcclw.pt
Epoch 32/301 | train_loss=0.5618 train_acc=71.86% | val_loss=0.5395 val_acc=77.42% | lr=1.000000e-05
Saved new best model to /tmp/bow_mlp_imdb_74ckcclw.pt
Epoch 33/301 | train_loss=0.5580 train_acc=72.06% | val_loss=0.5352 val_acc=77.80% | lr=1.000000e-05
Saved new best model to /tmp/bow_mlp_imdb_74ckcclw.pt
Epoch 34/301 | train_loss=0.5514 train_acc=72.91% | val_loss=0.5305 val_acc=78.44% | lr=1.000000e-05
Saved new best model to /tmp/bow_mlp_imdb_74ckcclw.pt
Epoch 35/301 | train_loss=0.5504 train_acc=73.19% | val_loss=0.5263 val_acc=78.78% | lr=1.000000e-05
Saved new best model to /tmp/bow_mlp_imdb_74ckcclw.pt
Epoch 36/301 | train_loss=0.5464 train_acc=73.55% | val_loss=0.5226 val_acc=79.18% | lr=1.000000e-05
Saved new best model to /tmp/bow_mlp_imdb_74ckcclw.pt
Epoch 37/301 | train_loss=0.5415 train_acc=74.19% | val_loss=0.5182 val_acc=79.50% | lr=1.000000e-05
Saved new best model to /tmp/bow_mlp_imdb_74ckcclw.pt
Epoch 38/301 | train_loss=0.5394 train_acc=74.14% | val_loss=0.5144 val_acc=80.08% | lr=1.000000e-05
Saved new best model to /tmp/bow_mlp_imdb_74ckcclw.pt
Epoch 39/301 | train_loss=0.5364 train_acc=74.67% | val_loss=0.5108 val_acc=80.56% | lr=1.000000e-05
Saved new best model to /tmp/bow_mlp_imdb_74ckcclw.pt
Epoch 40/301 | train_loss=0.5316 train_acc=75.38% | val_loss=0.5070 val_acc=80.86% | lr=1.000000e-05
Saved new best model to /tmp/bow_mlp_imdb_74ckcclw.pt
Epoch 41/301 | train_loss=0.5266 train_acc=75.55% | val_loss=0.5030 val_acc=81.26% | lr=1.000000e-05
Saved new best model to /tmp/bow_mlp_imdb_74ckcclw.pt
Epoch 42/301 | train_loss=0.5251 train_acc=75.63% | val_loss=0.4998 val_acc=81.34% | lr=1.000000e-05
Saved new best model to /tmp/bow_mlp_imdb_74ckcclw.pt
Epoch 43/301 | train_loss=0.5200 train_acc=76.54% | val_loss=0.4959 val_acc=81.60% | lr=1.000000e-05
Saved new best model to /tmp/bow_mlp_imdb_74ckcclw.pt
Epoch 44/301 | train_loss=0.5183 train_acc=76.24% | val_loss=0.4925 val_acc=81.68% | lr=1.000000e-05
Saved new best model to /tmp/bow_mlp_imdb_74ckcclw.pt
Epoch 45/301 | train_loss=0.5159 train_acc=76.63% | val_loss=0.4894 val_acc=81.84% | lr=1.000000e-05
Saved new best model to /tmp/bow_mlp_imdb_74ckcclw.pt
Epoch 46/301 | train_loss=0.5114 train_acc=77.03% | val_loss=0.4857 val_acc=81.90% | lr=1.000000e-05
Saved new best model to /tmp/bow_mlp_imdb_74ckcclw.pt
Epoch 47/301 | train_loss=0.5090 train_acc=77.05% | val_loss=0.4834 val_acc=82.06% | lr=1.000000e-05
Saved new best model to /tmp/bow_mlp_imdb_74ckcclw.pt
Epoch 48/301 | train_loss=0.5033 train_acc=77.75% | val_loss=0.4794 val_acc=82.10% | lr=1.000000e-05
Saved new best model to /tmp/bow_mlp_imdb_74ckcclw.pt
Epoch 49/301 | train_loss=0.5034 train_acc=77.36% | val_loss=0.4764 val_acc=82.22% | lr=1.000000e-05
Saved new best model to /tmp/bow_mlp_imdb_74ckcclw.pt
Epoch 50/301 | train_loss=0.5013 train_acc=77.92% | val_loss=0.4735 val_acc=82.48% | lr=1.000000e-05
Saved new best model to /tmp/bow_mlp_imdb_74ckcclw.pt
Epoch 51/301 | train_loss=0.4985 train_acc=78.03% | val_loss=0.4701 val_acc=82.54% | lr=1.000000e-05
Saved new best model to /tmp/bow_mlp_imdb_74ckcclw.pt
Epoch 52/301 | train_loss=0.4954 train_acc=77.90% | val_loss=0.4668 val_acc=82.70% | lr=1.000000e-05
Saved new best model to /tmp/bow_mlp_imdb_74ckcclw.pt
Epoch 53/301 | train_loss=0.4916 train_acc=78.16% | val_loss=0.4639 val_acc=82.82% | lr=1.000000e-05
Saved new best model to /tmp/bow_mlp_imdb_74ckcclw.pt
Epoch 54/301 | train_loss=0.4893 train_acc=78.37% | val_loss=0.4608 val_acc=82.98% | lr=1.000000e-05
Saved new best model to /tmp/bow_mlp_imdb_74ckcclw.pt
Epoch 55/301 | train_loss=0.4833 train_acc=78.81% | val_loss=0.4576 val_acc=83.26% | lr=1.000000e-05
Saved new best model to /tmp/bow_mlp_imdb_74ckcclw.pt
Epoch 56/301 | train_loss=0.4825 train_acc=78.92% | val_loss=0.4547 val_acc=83.46% | lr=1.000000e-05
Saved new best model to /tmp/bow_mlp_imdb_74ckcclw.pt
Epoch 57/301 | train_loss=0.4811 train_acc=79.14% | val_loss=0.4523 val_acc=83.44% | lr=1.000000e-05
Epoch 58/301 | train_loss=0.4784 train_acc=79.25% | val_loss=0.4496 val_acc=83.62% | lr=1.000000e-05
Saved new best model to /tmp/bow_mlp_imdb_74ckcclw.pt
Epoch 59/301 | train_loss=0.4767 train_acc=79.20% | val_loss=0.4473 val_acc=83.66% | lr=1.000000e-05
Saved new best model to /tmp/bow_mlp_imdb_74ckcclw.pt
Epoch 60/301 | train_loss=0.4741 train_acc=79.52% | val_loss=0.4450 val_acc=83.92% | lr=1.000000e-05
Saved new best model to /tmp/bow_mlp_imdb_74ckcclw.pt
Epoch 61/301 | train_loss=0.4705 train_acc=79.69% | val_loss=0.4425 val_acc=84.04% | lr=1.000000e-05
Saved new best model to /tmp/bow_mlp_imdb_74ckcclw.pt
Epoch 62/301 | train_loss=0.4688 train_acc=79.87% | val_loss=0.4404 val_acc=84.06% | lr=1.000000e-05
Saved new best model to /tmp/bow_mlp_imdb_74ckcclw.pt
Epoch 63/301 | train_loss=0.4651 train_acc=80.05% | val_loss=0.4376 val_acc=84.16% | lr=1.000000e-05
Saved new best model to /tmp/bow_mlp_imdb_74ckcclw.pt
Epoch 64/301 | train_loss=0.4655 train_acc=80.05% | val_loss=0.4355 val_acc=84.20% | lr=1.000000e-05
Saved new best model to /tmp/bow_mlp_imdb_74ckcclw.pt
Epoch 65/301 | train_loss=0.4628 train_acc=80.25% | val_loss=0.4337 val_acc=84.18% | lr=1.000000e-05
Epoch 66/301 | train_loss=0.4615 train_acc=80.01% | val_loss=0.4316 val_acc=84.32% | lr=1.000000e-05
Saved new best model to /tmp/bow_mlp_imdb_74ckcclw.pt
Epoch 67/301 | train_loss=0.4568 train_acc=80.33% | val_loss=0.4291 val_acc=84.26% | lr=1.000000e-05
Epoch 68/301 | train_loss=0.4556 train_acc=80.20% | val_loss=0.4274 val_acc=84.30% | lr=1.000000e-05
Epoch 69/301 | train_loss=0.4528 train_acc=80.84% | val_loss=0.4257 val_acc=84.36% | lr=1.000000e-05
Saved new best model to /tmp/bow_mlp_imdb_74ckcclw.pt
Epoch 70/301 | train_loss=0.4527 train_acc=80.66% | val_loss=0.4245 val_acc=84.42% | lr=1.000000e-05
Saved new best model to /tmp/bow_mlp_imdb_74ckcclw.pt
Epoch 71/301 | train_loss=0.4505 train_acc=80.86% | val_loss=0.4225 val_acc=84.46% | lr=1.000000e-05
Saved new best model to /tmp/bow_mlp_imdb_74ckcclw.pt
Epoch 72/301 | train_loss=0.4491 train_acc=80.70% | val_loss=0.4203 val_acc=84.44% | lr=1.000000e-05
Epoch 73/301 | train_loss=0.4456 train_acc=81.19% | val_loss=0.4186 val_acc=84.54% | lr=1.000000e-05
Saved new best model to /tmp/bow_mlp_imdb_74ckcclw.pt
Epoch 74/301 | train_loss=0.4460 train_acc=81.14% | val_loss=0.4170 val_acc=84.52% | lr=1.000000e-05
Epoch 75/301 | train_loss=0.4436 train_acc=80.88% | val_loss=0.4153 val_acc=84.40% | lr=1.000000e-05
Epoch 76/301 | train_loss=0.4421 train_acc=81.45% | val_loss=0.4133 val_acc=84.52% | lr=1.000000e-05
Epoch 77/301 | train_loss=0.4388 train_acc=81.82% | val_loss=0.4118 val_acc=84.50% | lr=1.000000e-05
Epoch 78/301 | train_loss=0.4379 train_acc=81.55% | val_loss=0.4104 val_acc=84.54% | lr=1.000000e-05
Epoch 79/301 | train_loss=0.4355 train_acc=81.71% | val_loss=0.4092 val_acc=84.54% | lr=1.000000e-05
Epoch 80/301 | train_loss=0.4331 train_acc=81.77% | val_loss=0.4074 val_acc=84.64% | lr=1.000000e-05
Saved new best model to /tmp/bow_mlp_imdb_74ckcclw.pt
Epoch 81/301 | train_loss=0.4371 train_acc=81.53% | val_loss=0.4066 val_acc=84.54% | lr=1.000000e-05
Epoch 82/301 | train_loss=0.4334 train_acc=81.58% | val_loss=0.4052 val_acc=84.68% | lr=1.000000e-05
Saved new best model to /tmp/bow_mlp_imdb_74ckcclw.pt
Epoch 83/301 | train_loss=0.4328 train_acc=81.79% | val_loss=0.4039 val_acc=84.70% | lr=1.000000e-05
Saved new best model to /tmp/bow_mlp_imdb_74ckcclw.pt
Epoch 84/301 | train_loss=0.4310 train_acc=81.91% | val_loss=0.4025 val_acc=84.64% | lr=1.000000e-05
Epoch 85/301 | train_loss=0.4260 train_acc=82.20% | val_loss=0.4007 val_acc=84.70% | lr=1.000000e-05
Epoch 86/301 | train_loss=0.4270 train_acc=81.74% | val_loss=0.3996 val_acc=84.66% | lr=1.000000e-05
Epoch 87/301 | train_loss=0.4273 train_acc=81.92% | val_loss=0.3990 val_acc=84.90% | lr=1.000000e-05
Saved new best model to /tmp/bow_mlp_imdb_74ckcclw.pt
Epoch 88/301 | train_loss=0.4262 train_acc=81.86% | val_loss=0.3977 val_acc=84.88% | lr=1.000000e-05
Epoch 89/301 | train_loss=0.4233 train_acc=82.41% | val_loss=0.3964 val_acc=84.80% | lr=1.000000e-05
Epoch 90/301 | train_loss=0.4209 train_acc=82.39% | val_loss=0.3948 val_acc=84.74% | lr=1.000000e-05
Epoch 91/301 | train_loss=0.4220 train_acc=82.38% | val_loss=0.3938 val_acc=84.68% | lr=1.000000e-05
Epoch 92/301 | train_loss=0.4204 train_acc=82.39% | val_loss=0.3927 val_acc=84.92% | lr=1.000000e-05
Saved new best model to /tmp/bow_mlp_imdb_74ckcclw.pt
Epoch 93/301 | train_loss=0.4185 train_acc=82.13% | val_loss=0.3917 val_acc=84.94% | lr=1.000000e-05
Saved new best model to /tmp/bow_mlp_imdb_74ckcclw.pt
Epoch 94/301 | train_loss=0.4182 train_acc=82.54% | val_loss=0.3907 val_acc=84.92% | lr=1.000000e-05
Epoch 95/301 | train_loss=0.4197 train_acc=81.89% | val_loss=0.3906 val_acc=84.98% | lr=1.000000e-05
Saved new best model to /tmp/bow_mlp_imdb_74ckcclw.pt
Epoch 96/301 | train_loss=0.4144 train_acc=82.65% | val_loss=0.3893 val_acc=85.06% | lr=1.000000e-05
Saved new best model to /tmp/bow_mlp_imdb_74ckcclw.pt
Epoch 97/301 | train_loss=0.4133 train_acc=82.47% | val_loss=0.3876 val_acc=85.02% | lr=1.000000e-05
Epoch 98/301 | train_loss=0.4111 train_acc=82.38% | val_loss=0.3865 val_acc=84.98% | lr=1.000000e-05
Epoch 99/301 | train_loss=0.4083 train_acc=82.64% | val_loss=0.3855 val_acc=85.18% | lr=1.000000e-05
Saved new best model to /tmp/bow_mlp_imdb_74ckcclw.pt
Epoch 100/301 | train_loss=0.4109 train_acc=82.60% | val_loss=0.3846 val_acc=85.04% | lr=1.000000e-05
Epoch 101/301 | train_loss=0.4103 train_acc=82.35% | val_loss=0.3838 val_acc=85.16% | lr=1.000000e-05
Epoch 102/301 | train_loss=0.4081 train_acc=82.73% | val_loss=0.3832 val_acc=85.18% | lr=1.000000e-05
Epoch 103/301 | train_loss=0.4089 train_acc=82.58% | val_loss=0.3824 val_acc=85.24% | lr=1.000000e-05
Saved new best model to /tmp/bow_mlp_imdb_74ckcclw.pt
Epoch 104/301 | train_loss=0.4092 train_acc=82.75% | val_loss=0.3820 val_acc=85.28% | lr=1.000000e-05
Saved new best model to /tmp/bow_mlp_imdb_74ckcclw.pt
Epoch 105/301 | train_loss=0.4092 train_acc=82.74% | val_loss=0.3816 val_acc=85.08% | lr=1.000000e-05
Epoch 106/301 | train_loss=0.4050 train_acc=83.17% | val_loss=0.3804 val_acc=85.18% | lr=1.000000e-05
Epoch 107/301 | train_loss=0.4021 train_acc=83.19% | val_loss=0.3792 val_acc=85.18% | lr=1.000000e-05
Epoch 108/301 | train_loss=0.4057 train_acc=82.90% | val_loss=0.3788 val_acc=85.20% | lr=1.000000e-05
Epoch 109/301 | train_loss=0.4009 train_acc=83.15% | val_loss=0.3779 val_acc=85.22% | lr=1.000000e-05
Epoch 110/301 | train_loss=0.3994 train_acc=83.34% | val_loss=0.3769 val_acc=85.08% | lr=1.000000e-05
Epoch 111/301 | train_loss=0.3977 train_acc=83.32% | val_loss=0.3756 val_acc=85.20% | lr=1.000000e-05
Epoch 112/301 | train_loss=0.3986 train_acc=83.00% | val_loss=0.3752 val_acc=85.20% | lr=1.000000e-05
Epoch 113/301 | train_loss=0.3960 train_acc=83.28% | val_loss=0.3744 val_acc=85.20% | lr=1.000000e-05
Epoch 114/301 | train_loss=0.3956 train_acc=83.13% | val_loss=0.3739 val_acc=85.20% | lr=1.000000e-05
Epoch 115/301 | train_loss=0.3940 train_acc=83.27% | val_loss=0.3730 val_acc=85.20% | lr=1.000000e-05
Epoch 116/301 | train_loss=0.3972 train_acc=83.27% | val_loss=0.3726 val_acc=85.14% | lr=1.000000e-05
Epoch 117/301 | train_loss=0.3971 train_acc=83.01% | val_loss=0.3723 val_acc=85.18% | lr=1.000000e-05
Epoch 118/301 | train_loss=0.3956 train_acc=83.38% | val_loss=0.3716 val_acc=85.30% | lr=1.000000e-05
Saved new best model to /tmp/bow_mlp_imdb_74ckcclw.pt
Epoch 119/301 | train_loss=0.3933 train_acc=83.45% | val_loss=0.3708 val_acc=85.24% | lr=1.000000e-05
Epoch 120/301 | train_loss=0.3921 train_acc=83.50% | val_loss=0.3699 val_acc=85.26% | lr=1.000000e-05
Epoch 121/301 | train_loss=0.3918 train_acc=83.59% | val_loss=0.3695 val_acc=85.20% | lr=1.000000e-05
Epoch 122/301 | train_loss=0.3934 train_acc=83.23% | val_loss=0.3689 val_acc=85.14% | lr=1.000000e-05
Epoch 123/301 | train_loss=0.3879 train_acc=83.86% | val_loss=0.3677 val_acc=85.20% | lr=1.000000e-05
Epoch 124/301 | train_loss=0.3892 train_acc=83.38% | val_loss=0.3674 val_acc=85.20% | lr=1.000000e-05
Epoch 125/301 | train_loss=0.3880 train_acc=83.61% | val_loss=0.3669 val_acc=85.14% | lr=1.000000e-05
Epoch 126/301 | train_loss=0.3887 train_acc=83.69% | val_loss=0.3664 val_acc=85.20% | lr=1.000000e-05
Epoch 127/301 | train_loss=0.3886 train_acc=83.43% | val_loss=0.3659 val_acc=85.26% | lr=1.000000e-05
Epoch 128/301 | train_loss=0.3866 train_acc=83.89% | val_loss=0.3654 val_acc=85.24% | lr=1.000000e-05
Epoch 129/301 | train_loss=0.3868 train_acc=83.44% | val_loss=0.3648 val_acc=85.26% | lr=1.000000e-05
Epoch 130/301 | train_loss=0.3842 train_acc=83.84% | val_loss=0.3642 val_acc=85.28% | lr=1.000000e-05
Epoch 131/301 | train_loss=0.3857 train_acc=83.73% | val_loss=0.3640 val_acc=85.20% | lr=1.000000e-05
Epoch 132/301 | train_loss=0.3820 train_acc=84.06% | val_loss=0.3633 val_acc=85.22% | lr=1.000000e-05
Epoch 133/301 | train_loss=0.3795 train_acc=83.69% | val_loss=0.3626 val_acc=85.20% | lr=1.000000e-05
Epoch 134/301 | train_loss=0.3814 train_acc=83.53% | val_loss=0.3621 val_acc=85.20% | lr=1.000000e-05
Epoch 135/301 | train_loss=0.3851 train_acc=83.49% | val_loss=0.3619 val_acc=85.28% | lr=1.000000e-05
Epoch 136/301 | train_loss=0.3797 train_acc=83.99% | val_loss=0.3611 val_acc=85.24% | lr=1.000000e-05
Epoch 137/301 | train_loss=0.3812 train_acc=83.88% | val_loss=0.3609 val_acc=85.28% | lr=1.000000e-05
Epoch 138/301 | train_loss=0.3774 train_acc=84.30% | val_loss=0.3601 val_acc=85.24% | lr=1.000000e-05
Epoch 139/301 | train_loss=0.3763 train_acc=84.23% | val_loss=0.3595 val_acc=85.26% | lr=1.000000e-05
Epoch 140/301 | train_loss=0.3790 train_acc=83.81% | val_loss=0.3593 val_acc=85.26% | lr=1.000000e-05
Epoch 141/301 | train_loss=0.3778 train_acc=84.06% | val_loss=0.3589 val_acc=85.22% | lr=1.000000e-05
Epoch 142/301 | train_loss=0.3754 train_acc=84.28% | val_loss=0.3586 val_acc=85.32% | lr=1.000000e-05
Saved new best model to /tmp/bow_mlp_imdb_74ckcclw.pt
Epoch 143/301 | train_loss=0.3789 train_acc=83.74% | val_loss=0.3583 val_acc=85.20% | lr=1.000000e-05
Epoch 144/301 | train_loss=0.3764 train_acc=83.96% | val_loss=0.3579 val_acc=85.36% | lr=1.000000e-05
Saved new best model to /tmp/bow_mlp_imdb_74ckcclw.pt
Epoch 145/301 | train_loss=0.3741 train_acc=84.16% | val_loss=0.3573 val_acc=85.38% | lr=1.000000e-05
Saved new best model to /tmp/bow_mlp_imdb_74ckcclw.pt
Epoch 146/301 | train_loss=0.3746 train_acc=84.14% | val_loss=0.3571 val_acc=85.42% | lr=1.000000e-05
Saved new best model to /tmp/bow_mlp_imdb_74ckcclw.pt
Epoch 147/301 | train_loss=0.3751 train_acc=83.95% | val_loss=0.3566 val_acc=85.36% | lr=1.000000e-05
Epoch 148/301 | train_loss=0.3743 train_acc=83.95% | val_loss=0.3563 val_acc=85.36% | lr=1.000000e-05
Epoch 149/301 | train_loss=0.3706 train_acc=84.17% | val_loss=0.3556 val_acc=85.40% | lr=1.000000e-05
Epoch 150/301 | train_loss=0.3735 train_acc=84.15% | val_loss=0.3553 val_acc=85.34% | lr=1.000000e-05
Epoch 151/301 | train_loss=0.3707 train_acc=84.23% | val_loss=0.3548 val_acc=85.38% | lr=1.000000e-05
Epoch 152/301 | train_loss=0.3739 train_acc=84.10% | val_loss=0.3547 val_acc=85.34% | lr=1.000000e-05
Epoch 153/301 | train_loss=0.3717 train_acc=83.98% | val_loss=0.3544 val_acc=85.38% | lr=1.000000e-05
Epoch 154/301 | train_loss=0.3700 train_acc=84.28% | val_loss=0.3542 val_acc=85.26% | lr=1.000000e-05
Epoch 155/301 | train_loss=0.3682 train_acc=84.38% | val_loss=0.3537 val_acc=85.24% | lr=1.000000e-05
Epoch 156/301 | train_loss=0.3685 train_acc=84.12% | val_loss=0.3533 val_acc=85.32% | lr=1.000000e-05
Epoch 157/301 | train_loss=0.3711 train_acc=83.92% | val_loss=0.3528 val_acc=85.28% | lr=1.000000e-05
Epoch 158/301 | train_loss=0.3693 train_acc=84.02% | val_loss=0.3526 val_acc=85.26% | lr=1.000000e-05
Epoch 159/301 | train_loss=0.3699 train_acc=84.15% | val_loss=0.3521 val_acc=85.30% | lr=1.000000e-05
Epoch 160/301 | train_loss=0.3687 train_acc=84.41% | val_loss=0.3519 val_acc=85.30% | lr=1.000000e-05
Epoch 161/301 | train_loss=0.3634 train_acc=84.54% | val_loss=0.3514 val_acc=85.22% | lr=1.000000e-05
Epoch 162/301 | train_loss=0.3636 train_acc=84.52% | val_loss=0.3511 val_acc=85.20% | lr=1.000000e-05
Epoch 163/301 | train_loss=0.3662 train_acc=84.58% | val_loss=0.3509 val_acc=85.34% | lr=1.000000e-05
Epoch 164/301 | train_loss=0.3604 train_acc=84.49% | val_loss=0.3506 val_acc=85.26% | lr=1.000000e-05
Epoch 165/301 | train_loss=0.3666 train_acc=84.30% | val_loss=0.3504 val_acc=85.24% | lr=1.000000e-05
Epoch 166/301 | train_loss=0.3650 train_acc=84.39% | val_loss=0.3502 val_acc=85.16% | lr=1.000000e-05
Epoch 167/301 | train_loss=0.3655 train_acc=84.15% | val_loss=0.3498 val_acc=85.28% | lr=1.000000e-05
Epoch 168/301 | train_loss=0.3639 train_acc=84.26% | val_loss=0.3496 val_acc=85.26% | lr=1.000000e-05
Epoch 169/301 | train_loss=0.3606 train_acc=84.72% | val_loss=0.3493 val_acc=85.18% | lr=1.000000e-05
Epoch 170/301 | train_loss=0.3634 train_acc=84.46% | val_loss=0.3491 val_acc=85.24% | lr=1.000000e-05
Epoch 171/301 | train_loss=0.3623 train_acc=84.58% | val_loss=0.3488 val_acc=85.20% | lr=1.000000e-05
Epoch 172/301 | train_loss=0.3579 train_acc=84.83% | val_loss=0.3484 val_acc=85.18% | lr=1.000000e-05
Epoch 173/301 | train_loss=0.3603 train_acc=84.54% | val_loss=0.3483 val_acc=85.26% | lr=1.000000e-05
Epoch 174/301 | train_loss=0.3613 train_acc=84.50% | val_loss=0.3479 val_acc=85.20% | lr=1.000000e-05
Epoch 175/301 | train_loss=0.3607 train_acc=84.64% | val_loss=0.3477 val_acc=85.30% | lr=1.000000e-05
Epoch 176/301 | train_loss=0.3620 train_acc=84.62% | val_loss=0.3475 val_acc=85.24% | lr=1.000000e-05
Epoch 177/301 | train_loss=0.3594 train_acc=84.73% | val_loss=0.3471 val_acc=85.22% | lr=1.000000e-05
Epoch 178/301 | train_loss=0.3617 train_acc=84.36% | val_loss=0.3470 val_acc=85.26% | lr=1.000000e-05
Epoch 179/301 | train_loss=0.3603 train_acc=84.45% | val_loss=0.3468 val_acc=85.28% | lr=1.000000e-05
Epoch 180/301 | train_loss=0.3587 train_acc=84.68% | val_loss=0.3465 val_acc=85.24% | lr=1.000000e-05
Epoch 181/301 | train_loss=0.3595 train_acc=84.19% | val_loss=0.3464 val_acc=85.32% | lr=1.000000e-05
Epoch 182/301 | train_loss=0.3562 train_acc=84.61% | val_loss=0.3460 val_acc=85.28% | lr=1.000000e-05
Epoch 183/301 | train_loss=0.3546 train_acc=84.92% | val_loss=0.3457 val_acc=85.38% | lr=1.000000e-05
Epoch 184/301 | train_loss=0.3569 train_acc=84.83% | val_loss=0.3455 val_acc=85.40% | lr=1.000000e-05
Epoch 185/301 | train_loss=0.3572 train_acc=84.66% | val_loss=0.3453 val_acc=85.30% | lr=1.000000e-05
Epoch 186/301 | train_loss=0.3555 train_acc=84.83% | val_loss=0.3450 val_acc=85.32% | lr=1.000000e-05
Epoch 187/301 | train_loss=0.3553 train_acc=84.82% | val_loss=0.3449 val_acc=85.42% | lr=1.000000e-05
Epoch 188/301 | train_loss=0.3567 train_acc=84.89% | val_loss=0.3447 val_acc=85.26% | lr=1.000000e-05
Epoch 189/301 | train_loss=0.3521 train_acc=85.07% | val_loss=0.3445 val_acc=85.36% | lr=1.000000e-05
Epoch 190/301 | train_loss=0.3519 train_acc=85.02% | val_loss=0.3442 val_acc=85.36% | lr=1.000000e-05
Epoch 191/301 | train_loss=0.3525 train_acc=84.84% | val_loss=0.3440 val_acc=85.28% | lr=1.000000e-05
Epoch 192/301 | train_loss=0.3561 train_acc=84.68% | val_loss=0.3439 val_acc=85.34% | lr=1.000000e-05
Epoch 193/301 | train_loss=0.3509 train_acc=84.95% | val_loss=0.3436 val_acc=85.32% | lr=1.000000e-05
Epoch 194/301 | train_loss=0.3547 train_acc=84.74% | val_loss=0.3434 val_acc=85.44% | lr=1.000000e-05
Saved new best model to /tmp/bow_mlp_imdb_74ckcclw.pt
Epoch 195/301 | train_loss=0.3496 train_acc=84.72% | val_loss=0.3433 val_acc=85.48% | lr=1.000000e-05
Saved new best model to /tmp/bow_mlp_imdb_74ckcclw.pt
Epoch 196/301 | train_loss=0.3537 train_acc=84.71% | val_loss=0.3431 val_acc=85.44% | lr=1.000000e-05
Epoch 197/301 | train_loss=0.3513 train_acc=84.91% | val_loss=0.3429 val_acc=85.44% | lr=1.000000e-05
Epoch 198/301 | train_loss=0.3547 train_acc=84.55% | val_loss=0.3429 val_acc=85.42% | lr=1.000000e-05
Epoch 199/301 | train_loss=0.3493 train_acc=85.12% | val_loss=0.3426 val_acc=85.40% | lr=1.000000e-05
Epoch 200/301 | train_loss=0.3545 train_acc=84.52% | val_loss=0.3425 val_acc=85.36% | lr=1.000000e-05
Epoch 201/301 | train_loss=0.3484 train_acc=85.04% | val_loss=0.3423 val_acc=85.38% | lr=1.000000e-05
Epoch 202/301 | train_loss=0.3489 train_acc=84.68% | val_loss=0.3422 val_acc=85.44% | lr=1.000000e-05
Epoch 203/301 | train_loss=0.3444 train_acc=85.50% | val_loss=0.3419 val_acc=85.42% | lr=1.000000e-05
Epoch 204/301 | train_loss=0.3456 train_acc=84.97% | val_loss=0.3418 val_acc=85.32% | lr=1.000000e-05
Epoch 205/301 | train_loss=0.3501 train_acc=84.95% | val_loss=0.3417 val_acc=85.44% | lr=1.000000e-05
Epoch 206/301 | train_loss=0.3501 train_acc=84.97% | val_loss=0.3416 val_acc=85.44% | lr=1.000000e-05
Epoch 207/301 | train_loss=0.3478 train_acc=85.14% | val_loss=0.3414 val_acc=85.34% | lr=1.000000e-05
Epoch 208/301 | train_loss=0.3495 train_acc=85.01% | val_loss=0.3413 val_acc=85.34% | lr=1.000000e-05
Epoch 209/301 | train_loss=0.3479 train_acc=85.23% | val_loss=0.3412 val_acc=85.28% | lr=1.000000e-05
Epoch 210/301 | train_loss=0.3473 train_acc=85.17% | val_loss=0.3410 val_acc=85.32% | lr=1.000000e-05
Epoch 211/301 | train_loss=0.3464 train_acc=85.14% | val_loss=0.3409 val_acc=85.34% | lr=1.000000e-05
Epoch 212/301 | train_loss=0.3479 train_acc=85.13% | val_loss=0.3408 val_acc=85.34% | lr=1.000000e-05
Epoch 213/301 | train_loss=0.3485 train_acc=85.19% | val_loss=0.3407 val_acc=85.40% | lr=1.000000e-05
Epoch 214/301 | train_loss=0.3442 train_acc=84.96% | val_loss=0.3406 val_acc=85.40% | lr=1.000000e-05
Epoch 215/301 | train_loss=0.3441 train_acc=84.90% | val_loss=0.3404 val_acc=85.32% | lr=1.000000e-05
Epoch 216/301 | train_loss=0.3424 train_acc=85.34% | val_loss=0.3403 val_acc=85.46% | lr=1.000000e-05
Epoch 217/301 | train_loss=0.3444 train_acc=85.13% | val_loss=0.3402 val_acc=85.28% | lr=1.000000e-05
Epoch 218/301 | train_loss=0.3414 train_acc=85.37% | val_loss=0.3400 val_acc=85.30% | lr=1.000000e-05
Epoch 219/301 | train_loss=0.3426 train_acc=85.17% | val_loss=0.3400 val_acc=85.48% | lr=1.000000e-05
Epoch 220/301 | train_loss=0.3425 train_acc=85.16% | val_loss=0.3398 val_acc=85.44% | lr=1.000000e-05
Epoch 221/301 | train_loss=0.3438 train_acc=85.24% | val_loss=0.3397 val_acc=85.46% | lr=1.000000e-05
Epoch 222/301 | train_loss=0.3406 train_acc=85.26% | val_loss=0.3396 val_acc=85.44% | lr=1.000000e-05
Epoch 223/301 | train_loss=0.3428 train_acc=85.07% | val_loss=0.3394 val_acc=85.46% | lr=1.000000e-05
Epoch 224/301 | train_loss=0.3453 train_acc=85.36% | val_loss=0.3394 val_acc=85.46% | lr=1.000000e-05
Epoch 225/301 | train_loss=0.3430 train_acc=85.12% | val_loss=0.3393 val_acc=85.46% | lr=1.000000e-05
Epoch 226/301 | train_loss=0.3400 train_acc=85.28% | val_loss=0.3391 val_acc=85.46% | lr=1.000000e-05
Epoch 227/301 | train_loss=0.3414 train_acc=85.30% | val_loss=0.3390 val_acc=85.50% | lr=1.000000e-05
Saved new best model to /tmp/bow_mlp_imdb_74ckcclw.pt
Epoch 228/301 | train_loss=0.3398 train_acc=85.14% | val_loss=0.3390 val_acc=85.44% | lr=1.000000e-05
Epoch 229/301 | train_loss=0.3396 train_acc=85.37% | val_loss=0.3388 val_acc=85.48% | lr=1.000000e-05
Epoch 230/301 | train_loss=0.3396 train_acc=85.47% | val_loss=0.3388 val_acc=85.40% | lr=1.000000e-05
Epoch 231/301 | train_loss=0.3388 train_acc=85.36% | val_loss=0.3388 val_acc=85.46% | lr=1.000000e-05
Epoch 232/301 | train_loss=0.3392 train_acc=85.23% | val_loss=0.3388 val_acc=85.46% | lr=1.000000e-05
Epoch 233/301 | train_loss=0.3380 train_acc=85.61% | val_loss=0.3386 val_acc=85.46% | lr=1.000000e-05
Epoch 234/301 | train_loss=0.3379 train_acc=85.47% | val_loss=0.3385 val_acc=85.50% | lr=1.000000e-05
Epoch 235/301 | train_loss=0.3373 train_acc=85.13% | val_loss=0.3384 val_acc=85.46% | lr=1.000000e-05
Epoch 236/301 | train_loss=0.3386 train_acc=85.17% | val_loss=0.3384 val_acc=85.48% | lr=1.000000e-05
Epoch 237/301 | train_loss=0.3373 train_acc=85.28% | val_loss=0.3382 val_acc=85.52% | lr=1.000000e-05
Saved new best model to /tmp/bow_mlp_imdb_74ckcclw.pt
Epoch 238/301 | train_loss=0.3348 train_acc=85.63% | val_loss=0.3382 val_acc=85.50% | lr=1.000000e-05
Epoch 239/301 | train_loss=0.3387 train_acc=85.45% | val_loss=0.3381 val_acc=85.50% | lr=1.000000e-05
Epoch 240/301 | train_loss=0.3348 train_acc=85.39% | val_loss=0.3380 val_acc=85.56% | lr=1.000000e-05
Saved new best model to /tmp/bow_mlp_imdb_74ckcclw.pt
Epoch 241/301 | train_loss=0.3372 train_acc=85.25% | val_loss=0.3379 val_acc=85.54% | lr=1.000000e-05
Epoch 242/301 | train_loss=0.3340 train_acc=85.37% | val_loss=0.3379 val_acc=85.50% | lr=1.000000e-05
Epoch 243/301 | train_loss=0.3327 train_acc=85.57% | val_loss=0.3378 val_acc=85.56% | lr=1.000000e-05
Epoch 244/301 | train_loss=0.3364 train_acc=85.34% | val_loss=0.3379 val_acc=85.54% | lr=1.000000e-05
Epoch 245/301 | train_loss=0.3335 train_acc=85.48% | val_loss=0.3377 val_acc=85.54% | lr=1.000000e-05
Epoch 246/301 | train_loss=0.3336 train_acc=85.50% | val_loss=0.3376 val_acc=85.50% | lr=1.000000e-05
Epoch 247/301 | train_loss=0.3365 train_acc=85.44% | val_loss=0.3376 val_acc=85.52% | lr=1.000000e-05
Epoch 248/301 | train_loss=0.3340 train_acc=85.41% | val_loss=0.3375 val_acc=85.60% | lr=1.000000e-05
Saved new best model to /tmp/bow_mlp_imdb_74ckcclw.pt
Epoch 249/301 | train_loss=0.3330 train_acc=85.62% | val_loss=0.3375 val_acc=85.52% | lr=1.000000e-05
Epoch 250/301 | train_loss=0.3299 train_acc=85.87% | val_loss=0.3375 val_acc=85.54% | lr=1.000000e-05
Epoch 251/301 | train_loss=0.3330 train_acc=85.56% | val_loss=0.3375 val_acc=85.56% | lr=1.000000e-05
Epoch 252/301 | train_loss=0.3345 train_acc=85.50% | val_loss=0.3373 val_acc=85.50% | lr=1.000000e-05
Epoch 253/301 | train_loss=0.3340 train_acc=85.59% | val_loss=0.3373 val_acc=85.54% | lr=1.000000e-05
Epoch 254/301 | train_loss=0.3290 train_acc=85.70% | val_loss=0.3373 val_acc=85.54% | lr=1.000000e-05
Epoch 255/301 | train_loss=0.3323 train_acc=85.57% | val_loss=0.3372 val_acc=85.52% | lr=1.000000e-05
Epoch 256/301 | train_loss=0.3332 train_acc=85.65% | val_loss=0.3372 val_acc=85.54% | lr=1.000000e-05
Epoch 257/301 | train_loss=0.3316 train_acc=85.47% | val_loss=0.3371 val_acc=85.62% | lr=1.000000e-05
Saved new best model to /tmp/bow_mlp_imdb_74ckcclw.pt
Epoch 258/301 | train_loss=0.3316 train_acc=85.47% | val_loss=0.3372 val_acc=85.62% | lr=1.000000e-05
Epoch 259/301 | train_loss=0.3328 train_acc=85.94% | val_loss=0.3371 val_acc=85.58% | lr=1.000000e-05
Epoch 260/301 | train_loss=0.3315 train_acc=85.67% | val_loss=0.3372 val_acc=85.60% | lr=1.000000e-05
Epoch 261/301 | train_loss=0.3292 train_acc=85.65% | val_loss=0.3370 val_acc=85.54% | lr=1.000000e-05
Epoch 262/301 | train_loss=0.3260 train_acc=85.85% | val_loss=0.3371 val_acc=85.56% | lr=1.000000e-05
Epoch 263/301 | train_loss=0.3287 train_acc=85.68% | val_loss=0.3371 val_acc=85.58% | lr=1.000000e-05
Epoch 264/301 | train_loss=0.3333 train_acc=85.66% | val_loss=0.3369 val_acc=85.60% | lr=1.000000e-05
Epoch 265/301 | train_loss=0.3330 train_acc=85.65% | val_loss=0.3369 val_acc=85.54% | lr=1.000000e-05
Epoch 266/301 | train_loss=0.3317 train_acc=85.67% | val_loss=0.3370 val_acc=85.66% | lr=1.000000e-05
Saved new best model to /tmp/bow_mlp_imdb_74ckcclw.pt
Epoch 267/301 | train_loss=0.3299 train_acc=85.61% | val_loss=0.3369 val_acc=85.60% | lr=1.000000e-05
Epoch 268/301 | train_loss=0.3291 train_acc=85.56% | val_loss=0.3368 val_acc=85.60% | lr=1.000000e-05
Epoch 269/301 | train_loss=0.3273 train_acc=85.81% | val_loss=0.3368 val_acc=85.54% | lr=1.000000e-05
Epoch 270/301 | train_loss=0.3275 train_acc=85.70% | val_loss=0.3367 val_acc=85.58% | lr=1.000000e-05
Epoch 271/301 | train_loss=0.3255 train_acc=85.93% | val_loss=0.3370 val_acc=85.70% | lr=1.000000e-05
Saved new best model to /tmp/bow_mlp_imdb_74ckcclw.pt
Epoch 272/301 | train_loss=0.3286 train_acc=85.91% | val_loss=0.3367 val_acc=85.60% | lr=1.000000e-05
Epoch 273/301 | train_loss=0.3282 train_acc=85.66% | val_loss=0.3365 val_acc=85.60% | lr=1.000000e-05
Epoch 274/301 | train_loss=0.3247 train_acc=85.96% | val_loss=0.3366 val_acc=85.62% | lr=1.000000e-05
Epoch 275/301 | train_loss=0.3261 train_acc=86.01% | val_loss=0.3366 val_acc=85.64% | lr=1.000000e-05
Epoch 276/301 | train_loss=0.3261 train_acc=85.67% | val_loss=0.3367 val_acc=85.64% | lr=1.000000e-05
Epoch 277/301 | train_loss=0.3277 train_acc=85.69% | val_loss=0.3367 val_acc=85.62% | lr=1.000000e-05
Epoch 278/301 | train_loss=0.3261 train_acc=85.86% | val_loss=0.3366 val_acc=85.70% | lr=1.000000e-05
Epoch 279/301 | train_loss=0.3262 train_acc=85.81% | val_loss=0.3367 val_acc=85.66% | lr=1.000000e-05
Epoch 280/301 | train_loss=0.3239 train_acc=85.64% | val_loss=0.3364 val_acc=85.60% | lr=1.000000e-05
Epoch 281/301 | train_loss=0.3295 train_acc=85.78% | val_loss=0.3367 val_acc=85.70% | lr=1.000000e-05
Epoch 282/301 | train_loss=0.3285 train_acc=85.87% | val_loss=0.3367 val_acc=85.70% | lr=1.000000e-05
Epoch 283/301 | train_loss=0.3260 train_acc=85.77% | val_loss=0.3366 val_acc=85.68% | lr=1.000000e-05
Epoch 284/301 | train_loss=0.3246 train_acc=85.83% | val_loss=0.3365 val_acc=85.64% | lr=1.000000e-05
Epoch 285/301 | train_loss=0.3258 train_acc=85.69% | val_loss=0.3366 val_acc=85.68% | lr=1.000000e-05
Epoch 286/301 | train_loss=0.3265 train_acc=85.81% | val_loss=0.3365 val_acc=85.70% | lr=1.000000e-05
Epoch 287/301 | train_loss=0.3237 train_acc=85.77% | val_loss=0.3367 val_acc=85.68% | lr=1.000000e-05
Epoch 288/301 | train_loss=0.3241 train_acc=86.06% | val_loss=0.3365 val_acc=85.70% | lr=1.000000e-05
Validation loss has not improved for 8 epochs. Stopping training.
Test loss=0.3341 | Test accuracy=85.65%
