Loading IMDb dataset from local disk: /home/daniel/l/masteruppsats/np-reg/language/data/imdb_hf
Using device: cuda
BoW vocab size: 1562
Epoch 1/301 | train_loss=0.7131 train_acc=50.14% | val_loss=0.6928 val_acc=50.66% | lr=3.000000e-05
Saved new best model to /tmp/bow_mlp_imdb_2gh3rqbq.pt
Epoch 2/301 | train_loss=0.6838 train_acc=53.27% | val_loss=0.6776 val_acc=55.98% | lr=3.000000e-05
Saved new best model to /tmp/bow_mlp_imdb_2gh3rqbq.pt
Epoch 3/301 | train_loss=0.6665 train_acc=59.19% | val_loss=0.6588 val_acc=61.64% | lr=3.000000e-05
Saved new best model to /tmp/bow_mlp_imdb_2gh3rqbq.pt
Epoch 4/301 | train_loss=0.6425 train_acc=63.85% | val_loss=0.6333 val_acc=66.68% | lr=3.000000e-05
Saved new best model to /tmp/bow_mlp_imdb_2gh3rqbq.pt
Epoch 5/301 | train_loss=0.6133 train_acc=69.05% | val_loss=0.6060 val_acc=70.80% | lr=3.000000e-05
Saved new best model to /tmp/bow_mlp_imdb_2gh3rqbq.pt
Epoch 6/301 | train_loss=0.5853 train_acc=73.52% | val_loss=0.5820 val_acc=74.00% | lr=3.000000e-05
Saved new best model to /tmp/bow_mlp_imdb_2gh3rqbq.pt
Epoch 7/301 | train_loss=0.5602 train_acc=77.32% | val_loss=0.5608 val_acc=76.44% | lr=3.000000e-05
Saved new best model to /tmp/bow_mlp_imdb_2gh3rqbq.pt
Epoch 8/301 | train_loss=0.5380 train_acc=79.83% | val_loss=0.5421 val_acc=78.72% | lr=3.000000e-05
Saved new best model to /tmp/bow_mlp_imdb_2gh3rqbq.pt
Epoch 9/301 | train_loss=0.5181 train_acc=81.80% | val_loss=0.5258 val_acc=80.10% | lr=3.000000e-05
Saved new best model to /tmp/bow_mlp_imdb_2gh3rqbq.pt
Epoch 10/301 | train_loss=0.5000 train_acc=83.01% | val_loss=0.5113 val_acc=81.06% | lr=3.000000e-05
Saved new best model to /tmp/bow_mlp_imdb_2gh3rqbq.pt
Epoch 11/301 | train_loss=0.4835 train_acc=84.00% | val_loss=0.4975 val_acc=81.94% | lr=3.000000e-05
Saved new best model to /tmp/bow_mlp_imdb_2gh3rqbq.pt
Epoch 12/301 | train_loss=0.4680 train_acc=84.93% | val_loss=0.4859 val_acc=82.74% | lr=3.000000e-05
Saved new best model to /tmp/bow_mlp_imdb_2gh3rqbq.pt
Epoch 13/301 | train_loss=0.4536 train_acc=85.57% | val_loss=0.4737 val_acc=83.28% | lr=3.000000e-05
Saved new best model to /tmp/bow_mlp_imdb_2gh3rqbq.pt
Epoch 14/301 | train_loss=0.4400 train_acc=86.08% | val_loss=0.4633 val_acc=83.50% | lr=3.000000e-05
Saved new best model to /tmp/bow_mlp_imdb_2gh3rqbq.pt
Epoch 15/301 | train_loss=0.4273 train_acc=86.59% | val_loss=0.4534 val_acc=83.84% | lr=3.000000e-05
Saved new best model to /tmp/bow_mlp_imdb_2gh3rqbq.pt
Epoch 16/301 | train_loss=0.4152 train_acc=87.00% | val_loss=0.4448 val_acc=84.24% | lr=3.000000e-05
Saved new best model to /tmp/bow_mlp_imdb_2gh3rqbq.pt
Epoch 17/301 | train_loss=0.4040 train_acc=87.38% | val_loss=0.4360 val_acc=84.06% | lr=3.000000e-05
Epoch 18/301 | train_loss=0.3933 train_acc=87.69% | val_loss=0.4291 val_acc=84.28% | lr=3.000000e-05
Saved new best model to /tmp/bow_mlp_imdb_2gh3rqbq.pt
Epoch 19/301 | train_loss=0.3833 train_acc=88.00% | val_loss=0.4217 val_acc=84.48% | lr=3.000000e-05
Saved new best model to /tmp/bow_mlp_imdb_2gh3rqbq.pt
Epoch 20/301 | train_loss=0.3739 train_acc=88.27% | val_loss=0.4159 val_acc=84.54% | lr=3.000000e-05
Saved new best model to /tmp/bow_mlp_imdb_2gh3rqbq.pt
Epoch 21/301 | train_loss=0.3646 train_acc=88.52% | val_loss=0.4096 val_acc=84.70% | lr=3.000000e-05
Saved new best model to /tmp/bow_mlp_imdb_2gh3rqbq.pt
Epoch 22/301 | train_loss=0.3563 train_acc=88.70% | val_loss=0.4047 val_acc=84.64% | lr=3.000000e-05
Epoch 23/301 | train_loss=0.3483 train_acc=89.00% | val_loss=0.3996 val_acc=84.66% | lr=3.000000e-05
Epoch 24/301 | train_loss=0.3403 train_acc=89.24% | val_loss=0.3946 val_acc=84.78% | lr=3.000000e-05
Saved new best model to /tmp/bow_mlp_imdb_2gh3rqbq.pt
Epoch 25/301 | train_loss=0.3331 train_acc=89.48% | val_loss=0.3912 val_acc=84.90% | lr=3.000000e-05
Saved new best model to /tmp/bow_mlp_imdb_2gh3rqbq.pt
Epoch 26/301 | train_loss=0.3261 train_acc=89.59% | val_loss=0.3877 val_acc=84.92% | lr=3.000000e-05
Saved new best model to /tmp/bow_mlp_imdb_2gh3rqbq.pt
Epoch 27/301 | train_loss=0.3195 train_acc=89.77% | val_loss=0.3836 val_acc=84.86% | lr=3.000000e-05
Epoch 28/301 | train_loss=0.3130 train_acc=89.91% | val_loss=0.3804 val_acc=84.90% | lr=3.000000e-05
Epoch 29/301 | train_loss=0.3070 train_acc=90.11% | val_loss=0.3785 val_acc=85.06% | lr=3.000000e-05
Saved new best model to /tmp/bow_mlp_imdb_2gh3rqbq.pt
Epoch 30/301 | train_loss=0.3012 train_acc=90.20% | val_loss=0.3754 val_acc=85.12% | lr=3.000000e-05
Saved new best model to /tmp/bow_mlp_imdb_2gh3rqbq.pt
Epoch 31/301 | train_loss=0.2959 train_acc=90.45% | val_loss=0.3729 val_acc=84.96% | lr=3.000000e-05
Epoch 32/301 | train_loss=0.2906 train_acc=90.62% | val_loss=0.3710 val_acc=85.10% | lr=3.000000e-05
Epoch 33/301 | train_loss=0.2855 train_acc=90.70% | val_loss=0.3688 val_acc=84.98% | lr=3.000000e-05
Epoch 34/301 | train_loss=0.2806 train_acc=90.86% | val_loss=0.3679 val_acc=85.00% | lr=3.000000e-05
Epoch 35/301 | train_loss=0.2760 train_acc=90.97% | val_loss=0.3668 val_acc=85.44% | lr=3.000000e-05
Saved new best model to /tmp/bow_mlp_imdb_2gh3rqbq.pt
Epoch 36/301 | train_loss=0.2717 train_acc=91.05% | val_loss=0.3651 val_acc=85.08% | lr=3.000000e-05
Epoch 37/301 | train_loss=0.2674 train_acc=91.20% | val_loss=0.3641 val_acc=85.28% | lr=3.000000e-05
Epoch 38/301 | train_loss=0.2634 train_acc=91.34% | val_loss=0.3634 val_acc=85.30% | lr=3.000000e-05
Epoch 39/301 | train_loss=0.2595 train_acc=91.36% | val_loss=0.3628 val_acc=85.26% | lr=3.000000e-05
Epoch 40/301 | train_loss=0.2558 train_acc=91.55% | val_loss=0.3621 val_acc=85.32% | lr=3.000000e-05
Epoch 41/301 | train_loss=0.2522 train_acc=91.64% | val_loss=0.3616 val_acc=85.44% | lr=3.000000e-05
Epoch 42/301 | train_loss=0.2487 train_acc=91.75% | val_loss=0.3630 val_acc=85.34% | lr=3.000000e-05
Epoch 43/301 | train_loss=0.2453 train_acc=91.80% | val_loss=0.3605 val_acc=85.32% | lr=3.000000e-05
Epoch 44/301 | train_loss=0.2420 train_acc=91.92% | val_loss=0.3606 val_acc=85.44% | lr=3.000000e-05
Epoch 45/301 | train_loss=0.2391 train_acc=92.03% | val_loss=0.3605 val_acc=85.40% | lr=3.000000e-05
Epoch 46/301 | train_loss=0.2361 train_acc=92.13% | val_loss=0.3612 val_acc=85.56% | lr=3.000000e-05
Saved new best model to /tmp/bow_mlp_imdb_2gh3rqbq.pt
Epoch 47/301 | train_loss=0.2332 train_acc=92.21% | val_loss=0.3617 val_acc=85.60% | lr=3.000000e-05
Saved new best model to /tmp/bow_mlp_imdb_2gh3rqbq.pt
Epoch 48/301 | train_loss=0.2305 train_acc=92.33% | val_loss=0.3612 val_acc=85.64% | lr=3.000000e-05
Saved new best model to /tmp/bow_mlp_imdb_2gh3rqbq.pt
Epoch 49/301 | train_loss=0.2281 train_acc=92.31% | val_loss=0.3609 val_acc=85.48% | lr=3.000000e-05
Epoch 50/301 | train_loss=0.2251 train_acc=92.50% | val_loss=0.3619 val_acc=85.58% | lr=3.000000e-05
Epoch 51/301 | train_loss=0.2226 train_acc=92.55% | val_loss=0.3620 val_acc=85.70% | lr=3.000000e-05
Validation loss has not improved for 8 epochs. Stopping training.
Test loss=0.3622 | Test accuracy=85.26%
