Loading IMDb dataset from local disk: /home/daniel/l/masteruppsats/np-reg/language/data/imdb_hf
Using device: cuda
BoW vocab size: 1562
W0420 21:28:08.607000 1153860 site-packages/torch/_inductor/utils.py:1679] [0/0] Not enough SMs to use max_autotune_gemm mode
Epoch 1/301 | train_loss=0.8120 train_acc=49.96% | val_loss=0.8067 val_acc=49.90% | lr=3.000000e-06
Saved new best model to /tmp/bow_mlp_imdb_7ca3xnol.pt
Epoch 2/301 | train_loss=0.7959 train_acc=49.99% | val_loss=0.7919 val_acc=49.98% | lr=3.000000e-06
Saved new best model to /tmp/bow_mlp_imdb_7ca3xnol.pt
Epoch 3/301 | train_loss=0.7817 train_acc=50.13% | val_loss=0.7767 val_acc=50.04% | lr=3.000000e-06
Saved new best model to /tmp/bow_mlp_imdb_7ca3xnol.pt
Epoch 4/301 | train_loss=0.7696 train_acc=50.17% | val_loss=0.7689 val_acc=50.16% | lr=3.000000e-06
Saved new best model to /tmp/bow_mlp_imdb_7ca3xnol.pt
Epoch 5/301 | train_loss=0.7557 train_acc=50.37% | val_loss=0.7564 val_acc=50.24% | lr=3.000000e-06
Saved new best model to /tmp/bow_mlp_imdb_7ca3xnol.pt
Epoch 6/301 | train_loss=0.7438 train_acc=50.55% | val_loss=0.7441 val_acc=50.42% | lr=3.000000e-06
Saved new best model to /tmp/bow_mlp_imdb_7ca3xnol.pt
Epoch 7/301 | train_loss=0.7332 train_acc=50.74% | val_loss=0.7336 val_acc=50.54% | lr=3.000000e-06
Saved new best model to /tmp/bow_mlp_imdb_7ca3xnol.pt
Epoch 8/301 | train_loss=0.7229 train_acc=51.09% | val_loss=0.7178 val_acc=51.14% | lr=3.000000e-06
Saved new best model to /tmp/bow_mlp_imdb_7ca3xnol.pt
Epoch 9/301 | train_loss=0.7134 train_acc=51.46% | val_loss=0.7146 val_acc=51.24% | lr=3.000000e-06
Saved new best model to /tmp/bow_mlp_imdb_7ca3xnol.pt
Epoch 10/301 | train_loss=0.7041 train_acc=51.87% | val_loss=0.7042 val_acc=51.38% | lr=3.000000e-06
Saved new best model to /tmp/bow_mlp_imdb_7ca3xnol.pt
Epoch 11/301 | train_loss=0.6956 train_acc=52.32% | val_loss=0.6942 val_acc=52.00% | lr=3.000000e-06
Saved new best model to /tmp/bow_mlp_imdb_7ca3xnol.pt
Epoch 12/301 | train_loss=0.6858 train_acc=52.99% | val_loss=0.6829 val_acc=52.86% | lr=3.000000e-06
Saved new best model to /tmp/bow_mlp_imdb_7ca3xnol.pt
Epoch 13/301 | train_loss=0.6777 train_acc=53.50% | val_loss=0.6753 val_acc=53.60% | lr=3.000000e-06
Saved new best model to /tmp/bow_mlp_imdb_7ca3xnol.pt
Epoch 14/301 | train_loss=0.6689 train_acc=54.39% | val_loss=0.6704 val_acc=53.94% | lr=3.000000e-06
Saved new best model to /tmp/bow_mlp_imdb_7ca3xnol.pt
Epoch 15/301 | train_loss=0.6610 train_acc=55.21% | val_loss=0.6589 val_acc=55.12% | lr=3.000000e-06
Saved new best model to /tmp/bow_mlp_imdb_7ca3xnol.pt
Epoch 16/301 | train_loss=0.6515 train_acc=56.17% | val_loss=0.6530 val_acc=55.30% | lr=3.000000e-06
Saved new best model to /tmp/bow_mlp_imdb_7ca3xnol.pt
Epoch 17/301 | train_loss=0.6440 train_acc=56.97% | val_loss=0.6423 val_acc=57.02% | lr=3.000000e-06
Saved new best model to /tmp/bow_mlp_imdb_7ca3xnol.pt
Epoch 18/301 | train_loss=0.6359 train_acc=57.92% | val_loss=0.6391 val_acc=57.20% | lr=3.000000e-06
Saved new best model to /tmp/bow_mlp_imdb_7ca3xnol.pt
Epoch 19/301 | train_loss=0.6285 train_acc=58.69% | val_loss=0.6359 val_acc=57.36% | lr=3.000000e-06
Saved new best model to /tmp/bow_mlp_imdb_7ca3xnol.pt
Epoch 20/301 | train_loss=0.6226 train_acc=59.59% | val_loss=0.6214 val_acc=59.82% | lr=3.000000e-06
Saved new best model to /tmp/bow_mlp_imdb_7ca3xnol.pt
Epoch 21/301 | train_loss=0.6159 train_acc=60.39% | val_loss=0.6282 val_acc=58.30% | lr=3.000000e-06
Epoch 22/301 | train_loss=0.6092 train_acc=61.44% | val_loss=0.6167 val_acc=60.00% | lr=3.000000e-06
Saved new best model to /tmp/bow_mlp_imdb_7ca3xnol.pt
Epoch 23/301 | train_loss=0.6034 train_acc=62.57% | val_loss=0.6075 val_acc=61.96% | lr=3.000000e-06
Saved new best model to /tmp/bow_mlp_imdb_7ca3xnol.pt
Epoch 24/301 | train_loss=0.5985 train_acc=63.32% | val_loss=0.6043 val_acc=62.00% | lr=3.000000e-06
Saved new best model to /tmp/bow_mlp_imdb_7ca3xnol.pt
Epoch 25/301 | train_loss=0.5920 train_acc=64.17% | val_loss=0.5980 val_acc=63.50% | lr=3.000000e-06
Saved new best model to /tmp/bow_mlp_imdb_7ca3xnol.pt
Epoch 26/301 | train_loss=0.5866 train_acc=64.89% | val_loss=0.5866 val_acc=66.04% | lr=3.000000e-06
Saved new best model to /tmp/bow_mlp_imdb_7ca3xnol.pt
Epoch 27/301 | train_loss=0.5813 train_acc=66.09% | val_loss=0.5875 val_acc=65.44% | lr=3.000000e-06
Epoch 28/301 | train_loss=0.5766 train_acc=66.51% | val_loss=0.5815 val_acc=66.08% | lr=3.000000e-06
Saved new best model to /tmp/bow_mlp_imdb_7ca3xnol.pt
Epoch 29/301 | train_loss=0.5708 train_acc=67.98% | val_loss=0.5794 val_acc=66.00% | lr=3.000000e-06
Epoch 30/301 | train_loss=0.5662 train_acc=68.40% | val_loss=0.5771 val_acc=66.26% | lr=3.000000e-06
Saved new best model to /tmp/bow_mlp_imdb_7ca3xnol.pt
Epoch 31/301 | train_loss=0.5613 train_acc=69.47% | val_loss=0.5718 val_acc=66.54% | lr=3.000000e-06
Saved new best model to /tmp/bow_mlp_imdb_7ca3xnol.pt
Epoch 32/301 | train_loss=0.5566 train_acc=69.92% | val_loss=0.5652 val_acc=68.80% | lr=3.000000e-06
Saved new best model to /tmp/bow_mlp_imdb_7ca3xnol.pt
Epoch 33/301 | train_loss=0.5524 train_acc=70.86% | val_loss=0.5594 val_acc=70.06% | lr=3.000000e-06
Saved new best model to /tmp/bow_mlp_imdb_7ca3xnol.pt
Epoch 34/301 | train_loss=0.5476 train_acc=71.56% | val_loss=0.5593 val_acc=70.68% | lr=3.000000e-06
Saved new best model to /tmp/bow_mlp_imdb_7ca3xnol.pt
Epoch 35/301 | train_loss=0.5426 train_acc=72.10% | val_loss=0.5646 val_acc=68.36% | lr=3.000000e-06
Epoch 36/301 | train_loss=0.5380 train_acc=73.02% | val_loss=0.5513 val_acc=71.14% | lr=3.000000e-06
Saved new best model to /tmp/bow_mlp_imdb_7ca3xnol.pt
Epoch 37/301 | train_loss=0.5341 train_acc=73.58% | val_loss=0.5396 val_acc=74.92% | lr=3.000000e-06
Saved new best model to /tmp/bow_mlp_imdb_7ca3xnol.pt
Epoch 38/301 | train_loss=0.5309 train_acc=73.91% | val_loss=0.5351 val_acc=73.28% | lr=3.000000e-06
Epoch 39/301 | train_loss=0.5261 train_acc=74.59% | val_loss=0.5296 val_acc=77.02% | lr=3.000000e-06
Saved new best model to /tmp/bow_mlp_imdb_7ca3xnol.pt
Epoch 40/301 | train_loss=0.5222 train_acc=75.32% | val_loss=0.5299 val_acc=76.48% | lr=3.000000e-06
Epoch 41/301 | train_loss=0.5190 train_acc=75.45% | val_loss=0.5305 val_acc=76.48% | lr=3.000000e-06
Epoch 42/301 | train_loss=0.5139 train_acc=76.57% | val_loss=0.5175 val_acc=77.88% | lr=3.000000e-06
Saved new best model to /tmp/bow_mlp_imdb_7ca3xnol.pt
Epoch 43/301 | train_loss=0.5100 train_acc=76.86% | val_loss=0.5286 val_acc=75.02% | lr=3.000000e-06
Epoch 44/301 | train_loss=0.5067 train_acc=77.16% | val_loss=0.5105 val_acc=78.46% | lr=3.000000e-06
Saved new best model to /tmp/bow_mlp_imdb_7ca3xnol.pt
Epoch 45/301 | train_loss=0.5036 train_acc=77.39% | val_loss=0.5147 val_acc=77.28% | lr=3.000000e-06
Epoch 46/301 | train_loss=0.4986 train_acc=78.22% | val_loss=0.5094 val_acc=78.32% | lr=3.000000e-06
Epoch 47/301 | train_loss=0.4958 train_acc=78.24% | val_loss=0.5169 val_acc=78.20% | lr=3.000000e-06
Epoch 48/301 | train_loss=0.4926 train_acc=78.64% | val_loss=0.5001 val_acc=79.48% | lr=3.000000e-06
Saved new best model to /tmp/bow_mlp_imdb_7ca3xnol.pt
Epoch 49/301 | train_loss=0.4892 train_acc=79.12% | val_loss=0.4951 val_acc=80.60% | lr=3.000000e-06
Saved new best model to /tmp/bow_mlp_imdb_7ca3xnol.pt
Epoch 50/301 | train_loss=0.4846 train_acc=79.63% | val_loss=0.4985 val_acc=79.26% | lr=3.000000e-06
Epoch 51/301 | train_loss=0.4814 train_acc=79.88% | val_loss=0.4936 val_acc=80.74% | lr=3.000000e-06
Saved new best model to /tmp/bow_mlp_imdb_7ca3xnol.pt
Epoch 52/301 | train_loss=0.4806 train_acc=79.74% | val_loss=0.4926 val_acc=79.88% | lr=3.000000e-06
Epoch 53/301 | train_loss=0.4761 train_acc=80.31% | val_loss=0.4868 val_acc=80.54% | lr=3.000000e-06
Epoch 54/301 | train_loss=0.4721 train_acc=80.78% | val_loss=0.4879 val_acc=81.68% | lr=3.000000e-06
Saved new best model to /tmp/bow_mlp_imdb_7ca3xnol.pt
Epoch 55/301 | train_loss=0.4691 train_acc=81.14% | val_loss=0.4910 val_acc=80.06% | lr=3.000000e-06
Epoch 56/301 | train_loss=0.4661 train_acc=81.17% | val_loss=0.4779 val_acc=80.30% | lr=3.000000e-06
Epoch 57/301 | train_loss=0.4615 train_acc=81.45% | val_loss=0.4735 val_acc=81.84% | lr=3.000000e-06
Saved new best model to /tmp/bow_mlp_imdb_7ca3xnol.pt
Epoch 58/301 | train_loss=0.4589 train_acc=81.68% | val_loss=0.4674 val_acc=82.20% | lr=3.000000e-06
Saved new best model to /tmp/bow_mlp_imdb_7ca3xnol.pt
Epoch 59/301 | train_loss=0.4572 train_acc=81.73% | val_loss=0.4808 val_acc=80.18% | lr=3.000000e-06
Epoch 60/301 | train_loss=0.4550 train_acc=81.75% | val_loss=0.4667 val_acc=82.68% | lr=3.000000e-06
Saved new best model to /tmp/bow_mlp_imdb_7ca3xnol.pt
Epoch 61/301 | train_loss=0.4507 train_acc=82.29% | val_loss=0.4631 val_acc=82.28% | lr=3.000000e-06
Epoch 62/301 | train_loss=0.4480 train_acc=82.52% | val_loss=0.4652 val_acc=82.44% | lr=3.000000e-06
Epoch 63/301 | train_loss=0.4454 train_acc=82.44% | val_loss=0.4622 val_acc=82.04% | lr=3.000000e-06
Epoch 64/301 | train_loss=0.4452 train_acc=82.48% | val_loss=0.4601 val_acc=81.76% | lr=3.000000e-06
Epoch 65/301 | train_loss=0.4402 train_acc=82.86% | val_loss=0.4515 val_acc=82.84% | lr=3.000000e-06
Saved new best model to /tmp/bow_mlp_imdb_7ca3xnol.pt
Epoch 66/301 | train_loss=0.4363 train_acc=83.16% | val_loss=0.4533 val_acc=83.02% | lr=3.000000e-06
Saved new best model to /tmp/bow_mlp_imdb_7ca3xnol.pt
Epoch 67/301 | train_loss=0.4347 train_acc=83.25% | val_loss=0.4573 val_acc=82.98% | lr=3.000000e-06
Epoch 68/301 | train_loss=0.4313 train_acc=83.46% | val_loss=0.4537 val_acc=83.30% | lr=3.000000e-06
Saved new best model to /tmp/bow_mlp_imdb_7ca3xnol.pt
Epoch 69/301 | train_loss=0.4289 train_acc=83.56% | val_loss=0.4431 val_acc=83.54% | lr=3.000000e-06
Saved new best model to /tmp/bow_mlp_imdb_7ca3xnol.pt
Epoch 70/301 | train_loss=0.4265 train_acc=83.33% | val_loss=0.4517 val_acc=83.40% | lr=3.000000e-06
Epoch 71/301 | train_loss=0.4257 train_acc=83.89% | val_loss=0.4340 val_acc=83.40% | lr=3.000000e-06
Epoch 72/301 | train_loss=0.4234 train_acc=83.90% | val_loss=0.4314 val_acc=83.48% | lr=3.000000e-06
Epoch 73/301 | train_loss=0.4194 train_acc=83.97% | val_loss=0.4410 val_acc=83.26% | lr=3.000000e-06
Epoch 74/301 | train_loss=0.4175 train_acc=83.97% | val_loss=0.4316 val_acc=83.60% | lr=3.000000e-06
Saved new best model to /tmp/bow_mlp_imdb_7ca3xnol.pt
Epoch 75/301 | train_loss=0.4134 train_acc=84.42% | val_loss=0.4290 val_acc=83.68% | lr=3.000000e-06
Saved new best model to /tmp/bow_mlp_imdb_7ca3xnol.pt
Epoch 76/301 | train_loss=0.4141 train_acc=84.41% | val_loss=0.4314 val_acc=83.82% | lr=3.000000e-06
Saved new best model to /tmp/bow_mlp_imdb_7ca3xnol.pt
Epoch 77/301 | train_loss=0.4106 train_acc=84.60% | val_loss=0.4244 val_acc=83.86% | lr=3.000000e-06
Saved new best model to /tmp/bow_mlp_imdb_7ca3xnol.pt
Epoch 78/301 | train_loss=0.4082 train_acc=84.48% | val_loss=0.4309 val_acc=83.80% | lr=3.000000e-06
Epoch 79/301 | train_loss=0.4074 train_acc=84.41% | val_loss=0.4228 val_acc=84.00% | lr=3.000000e-06
Saved new best model to /tmp/bow_mlp_imdb_7ca3xnol.pt
Epoch 80/301 | train_loss=0.4039 train_acc=84.56% | val_loss=0.4276 val_acc=83.52% | lr=3.000000e-06
Epoch 81/301 | train_loss=0.3998 train_acc=85.12% | val_loss=0.4281 val_acc=83.66% | lr=3.000000e-06
Epoch 82/301 | train_loss=0.4010 train_acc=84.52% | val_loss=0.4181 val_acc=83.86% | lr=3.000000e-06
Epoch 83/301 | train_loss=0.3983 train_acc=84.67% | val_loss=0.4209 val_acc=83.68% | lr=3.000000e-06
Epoch 84/301 | train_loss=0.3949 train_acc=84.87% | val_loss=0.4172 val_acc=83.88% | lr=3.000000e-06
Epoch 85/301 | train_loss=0.3950 train_acc=84.86% | val_loss=0.4110 val_acc=84.18% | lr=3.000000e-06
Saved new best model to /tmp/bow_mlp_imdb_7ca3xnol.pt
Epoch 86/301 | train_loss=0.3913 train_acc=85.25% | val_loss=0.4257 val_acc=83.94% | lr=3.000000e-06
Epoch 87/301 | train_loss=0.3904 train_acc=85.00% | val_loss=0.4158 val_acc=84.06% | lr=3.000000e-06
Epoch 88/301 | train_loss=0.3900 train_acc=85.03% | val_loss=0.4142 val_acc=83.84% | lr=3.000000e-06
Epoch 89/301 | train_loss=0.3860 train_acc=85.37% | val_loss=0.4092 val_acc=84.22% | lr=3.000000e-06
Saved new best model to /tmp/bow_mlp_imdb_7ca3xnol.pt
Epoch 90/301 | train_loss=0.3828 train_acc=85.52% | val_loss=0.4136 val_acc=84.08% | lr=3.000000e-06
Epoch 91/301 | train_loss=0.3825 train_acc=85.44% | val_loss=0.4106 val_acc=84.12% | lr=3.000000e-06
Epoch 92/301 | train_loss=0.3786 train_acc=85.69% | val_loss=0.4013 val_acc=84.10% | lr=3.000000e-06
Epoch 93/301 | train_loss=0.3807 train_acc=85.28% | val_loss=0.4002 val_acc=84.24% | lr=3.000000e-06
Saved new best model to /tmp/bow_mlp_imdb_7ca3xnol.pt
Epoch 94/301 | train_loss=0.3774 train_acc=85.95% | val_loss=0.4013 val_acc=84.18% | lr=3.000000e-06
Epoch 95/301 | train_loss=0.3746 train_acc=85.47% | val_loss=0.3963 val_acc=84.18% | lr=3.000000e-06
Epoch 96/301 | train_loss=0.3740 train_acc=85.47% | val_loss=0.4140 val_acc=84.04% | lr=3.000000e-06
Epoch 97/301 | train_loss=0.3704 train_acc=86.11% | val_loss=0.3992 val_acc=84.20% | lr=3.000000e-06
Epoch 98/301 | train_loss=0.3726 train_acc=85.67% | val_loss=0.3931 val_acc=84.54% | lr=3.000000e-06
Saved new best model to /tmp/bow_mlp_imdb_7ca3xnol.pt
Epoch 99/301 | train_loss=0.3707 train_acc=85.83% | val_loss=0.3936 val_acc=84.50% | lr=3.000000e-06
Epoch 100/301 | train_loss=0.3683 train_acc=85.59% | val_loss=0.3916 val_acc=84.46% | lr=3.000000e-06
Epoch 101/301 | train_loss=0.3673 train_acc=85.86% | val_loss=0.3911 val_acc=84.48% | lr=3.000000e-06
Epoch 102/301 | train_loss=0.3646 train_acc=85.99% | val_loss=0.3891 val_acc=84.46% | lr=3.000000e-06
Epoch 103/301 | train_loss=0.3613 train_acc=86.19% | val_loss=0.3940 val_acc=84.38% | lr=3.000000e-06
Epoch 104/301 | train_loss=0.3619 train_acc=86.17% | val_loss=0.3910 val_acc=84.52% | lr=3.000000e-06
Epoch 105/301 | train_loss=0.3611 train_acc=85.93% | val_loss=0.3875 val_acc=84.64% | lr=3.000000e-06
Saved new best model to /tmp/bow_mlp_imdb_7ca3xnol.pt
Epoch 106/301 | train_loss=0.3596 train_acc=86.07% | val_loss=0.3806 val_acc=84.36% | lr=3.000000e-06
Epoch 107/301 | train_loss=0.3581 train_acc=86.22% | val_loss=0.3839 val_acc=84.50% | lr=3.000000e-06
Epoch 108/301 | train_loss=0.3570 train_acc=86.04% | val_loss=0.3785 val_acc=84.80% | lr=3.000000e-06
Saved new best model to /tmp/bow_mlp_imdb_7ca3xnol.pt
Epoch 109/301 | train_loss=0.3561 train_acc=86.14% | val_loss=0.3797 val_acc=84.30% | lr=3.000000e-06
Epoch 110/301 | train_loss=0.3540 train_acc=86.39% | val_loss=0.3811 val_acc=84.84% | lr=3.000000e-06
Saved new best model to /tmp/bow_mlp_imdb_7ca3xnol.pt
Epoch 111/301 | train_loss=0.3540 train_acc=86.09% | val_loss=0.3801 val_acc=84.74% | lr=3.000000e-06
Epoch 112/301 | train_loss=0.3500 train_acc=86.37% | val_loss=0.3785 val_acc=84.84% | lr=3.000000e-06
Epoch 113/301 | train_loss=0.3502 train_acc=86.15% | val_loss=0.3777 val_acc=84.88% | lr=3.000000e-06
Saved new best model to /tmp/bow_mlp_imdb_7ca3xnol.pt
Epoch 114/301 | train_loss=0.3481 train_acc=86.39% | val_loss=0.3736 val_acc=84.82% | lr=3.000000e-06
Epoch 115/301 | train_loss=0.3474 train_acc=86.52% | val_loss=0.3734 val_acc=84.46% | lr=3.000000e-06
Epoch 116/301 | train_loss=0.3444 train_acc=86.52% | val_loss=0.3752 val_acc=84.96% | lr=3.000000e-06
Saved new best model to /tmp/bow_mlp_imdb_7ca3xnol.pt
Epoch 117/301 | train_loss=0.3458 train_acc=86.28% | val_loss=0.3729 val_acc=84.88% | lr=3.000000e-06
Epoch 118/301 | train_loss=0.3447 train_acc=86.38% | val_loss=0.3754 val_acc=84.30% | lr=3.000000e-06
Epoch 119/301 | train_loss=0.3442 train_acc=86.19% | val_loss=0.3721 val_acc=84.46% | lr=3.000000e-06
Epoch 120/301 | train_loss=0.3420 train_acc=86.58% | val_loss=0.3716 val_acc=84.74% | lr=3.000000e-06
Epoch 121/301 | train_loss=0.3411 train_acc=86.45% | val_loss=0.3720 val_acc=84.90% | lr=3.000000e-06
Epoch 122/301 | train_loss=0.3394 train_acc=86.80% | val_loss=0.3678 val_acc=84.40% | lr=3.000000e-06
Epoch 123/301 | train_loss=0.3380 train_acc=86.66% | val_loss=0.3773 val_acc=84.76% | lr=3.000000e-06
Epoch 124/301 | train_loss=0.3346 train_acc=86.98% | val_loss=0.3696 val_acc=84.92% | lr=3.000000e-06
Epoch 125/301 | train_loss=0.3344 train_acc=86.78% | val_loss=0.3638 val_acc=85.00% | lr=3.000000e-06
Saved new best model to /tmp/bow_mlp_imdb_7ca3xnol.pt
Epoch 126/301 | train_loss=0.3354 train_acc=86.73% | val_loss=0.3646 val_acc=85.08% | lr=3.000000e-06
Saved new best model to /tmp/bow_mlp_imdb_7ca3xnol.pt
Epoch 127/301 | train_loss=0.3338 train_acc=86.72% | val_loss=0.3614 val_acc=84.38% | lr=3.000000e-06
Epoch 128/301 | train_loss=0.3308 train_acc=87.17% | val_loss=0.3668 val_acc=84.82% | lr=3.000000e-06
Epoch 129/301 | train_loss=0.3310 train_acc=86.97% | val_loss=0.3630 val_acc=85.12% | lr=3.000000e-06
Saved new best model to /tmp/bow_mlp_imdb_7ca3xnol.pt
Epoch 130/301 | train_loss=0.3307 train_acc=86.90% | val_loss=0.3650 val_acc=84.80% | lr=3.000000e-06
Epoch 131/301 | train_loss=0.3280 train_acc=87.33% | val_loss=0.3666 val_acc=84.48% | lr=3.000000e-06
Epoch 132/301 | train_loss=0.3315 train_acc=86.58% | val_loss=0.3639 val_acc=84.54% | lr=3.000000e-06
Epoch 133/301 | train_loss=0.3273 train_acc=86.80% | val_loss=0.3637 val_acc=84.70% | lr=3.000000e-06
Epoch 134/301 | train_loss=0.3278 train_acc=86.81% | val_loss=0.3585 val_acc=84.62% | lr=3.000000e-06
Epoch 135/301 | train_loss=0.3275 train_acc=86.97% | val_loss=0.3650 val_acc=84.76% | lr=3.000000e-06
Epoch 136/301 | train_loss=0.3264 train_acc=87.06% | val_loss=0.3580 val_acc=84.64% | lr=3.000000e-06
Epoch 137/301 | train_loss=0.3269 train_acc=86.89% | val_loss=0.3693 val_acc=85.14% | lr=3.000000e-06
Saved new best model to /tmp/bow_mlp_imdb_7ca3xnol.pt
Epoch 138/301 | train_loss=0.3231 train_acc=87.24% | val_loss=0.3600 val_acc=85.00% | lr=3.000000e-06
Epoch 139/301 | train_loss=0.3240 train_acc=86.85% | val_loss=0.3578 val_acc=85.14% | lr=3.000000e-06
Epoch 140/301 | train_loss=0.3222 train_acc=87.19% | val_loss=0.3627 val_acc=84.90% | lr=3.000000e-06
Epoch 141/301 | train_loss=0.3212 train_acc=87.24% | val_loss=0.3645 val_acc=85.06% | lr=3.000000e-06
Epoch 142/301 | train_loss=0.3223 train_acc=86.97% | val_loss=0.3586 val_acc=84.92% | lr=3.000000e-06
Epoch 143/301 | train_loss=0.3233 train_acc=86.77% | val_loss=0.3619 val_acc=84.66% | lr=3.000000e-06
Epoch 144/301 | train_loss=0.3187 train_acc=87.12% | val_loss=0.3576 val_acc=84.38% | lr=3.000000e-06
Epoch 145/301 | train_loss=0.3170 train_acc=87.43% | val_loss=0.3549 val_acc=84.86% | lr=3.000000e-06
Epoch 146/301 | train_loss=0.3169 train_acc=87.22% | val_loss=0.3558 val_acc=84.72% | lr=3.000000e-06
Epoch 147/301 | train_loss=0.3165 train_acc=87.33% | val_loss=0.3578 val_acc=85.18% | lr=3.000000e-06
Saved new best model to /tmp/bow_mlp_imdb_7ca3xnol.pt
Epoch 148/301 | train_loss=0.3137 train_acc=87.34% | val_loss=0.3591 val_acc=85.30% | lr=3.000000e-06
Saved new best model to /tmp/bow_mlp_imdb_7ca3xnol.pt
Epoch 149/301 | train_loss=0.3136 train_acc=87.52% | val_loss=0.3526 val_acc=84.98% | lr=3.000000e-06
Epoch 150/301 | train_loss=0.3098 train_acc=87.70% | val_loss=0.3569 val_acc=84.94% | lr=3.000000e-06
Epoch 151/301 | train_loss=0.3153 train_acc=87.22% | val_loss=0.3507 val_acc=85.02% | lr=3.000000e-06
Epoch 152/301 | train_loss=0.3110 train_acc=87.57% | val_loss=0.3536 val_acc=84.90% | lr=3.000000e-06
Epoch 153/301 | train_loss=0.3112 train_acc=87.40% | val_loss=0.3500 val_acc=84.70% | lr=3.000000e-06
Epoch 154/301 | train_loss=0.3125 train_acc=87.38% | val_loss=0.3501 val_acc=84.78% | lr=3.000000e-06
Epoch 155/301 | train_loss=0.3126 train_acc=87.16% | val_loss=0.3516 val_acc=84.96% | lr=3.000000e-06
Epoch 156/301 | train_loss=0.3096 train_acc=87.48% | val_loss=0.3514 val_acc=84.74% | lr=3.000000e-06
Epoch 157/301 | train_loss=0.3081 train_acc=87.61% | val_loss=0.3523 val_acc=84.76% | lr=3.000000e-06
Epoch 158/301 | train_loss=0.3091 train_acc=87.54% | val_loss=0.3484 val_acc=85.22% | lr=3.000000e-06
Epoch 159/301 | train_loss=0.3089 train_acc=87.41% | val_loss=0.3591 val_acc=85.20% | lr=3.000000e-06
Epoch 160/301 | train_loss=0.3077 train_acc=87.41% | val_loss=0.3550 val_acc=85.04% | lr=3.000000e-06
Epoch 161/301 | train_loss=0.3074 train_acc=87.50% | val_loss=0.3509 val_acc=85.10% | lr=3.000000e-06
Epoch 162/301 | train_loss=0.3069 train_acc=87.63% | val_loss=0.3504 val_acc=84.88% | lr=3.000000e-06
Epoch 163/301 | train_loss=0.3074 train_acc=87.45% | val_loss=0.3500 val_acc=84.78% | lr=3.000000e-06
Epoch 164/301 | train_loss=0.3022 train_acc=87.85% | val_loss=0.3521 val_acc=85.12% | lr=3.000000e-06
Epoch 165/301 | train_loss=0.3031 train_acc=87.86% | val_loss=0.3515 val_acc=84.40% | lr=3.000000e-06
Epoch 166/301 | train_loss=0.3009 train_acc=87.86% | val_loss=0.3498 val_acc=85.22% | lr=3.000000e-06
Validation loss has not improved for 8 epochs. Stopping training.
Test loss=0.3552 | Test accuracy=85.35%
