Loading IMDb dataset from local disk: /home/daniel/l/masteruppsats/np-reg/language/data/imdb_hf
Using device: cuda
BoW vocab size: 1562
W0420 21:39:42.400000 1198051 site-packages/torch/_inductor/utils.py:1679] [0/0] Not enough SMs to use max_autotune_gemm mode
Epoch 1/301 | train_loss=0.8154 train_acc=49.90% | val_loss=0.8143 val_acc=49.96% | lr=3.000000e-06
Saved new best model to /tmp/bow_mlp_imdb_g060nr0b.pt
Epoch 2/301 | train_loss=0.8085 train_acc=49.96% | val_loss=0.8077 val_acc=49.98% | lr=3.000000e-06
Saved new best model to /tmp/bow_mlp_imdb_g060nr0b.pt
Epoch 3/301 | train_loss=0.8020 train_acc=49.99% | val_loss=0.8005 val_acc=49.94% | lr=3.000000e-06
Epoch 4/301 | train_loss=0.7959 train_acc=49.99% | val_loss=0.7988 val_acc=49.94% | lr=3.000000e-06
Epoch 5/301 | train_loss=0.7900 train_acc=50.06% | val_loss=0.7947 val_acc=49.98% | lr=3.000000e-06
Epoch 6/301 | train_loss=0.7834 train_acc=50.13% | val_loss=0.7862 val_acc=50.00% | lr=3.000000e-06
Saved new best model to /tmp/bow_mlp_imdb_g060nr0b.pt
Epoch 7/301 | train_loss=0.7784 train_acc=50.16% | val_loss=0.7782 val_acc=50.08% | lr=3.000000e-06
Saved new best model to /tmp/bow_mlp_imdb_g060nr0b.pt
Epoch 8/301 | train_loss=0.7728 train_acc=50.21% | val_loss=0.7766 val_acc=50.14% | lr=3.000000e-06
Saved new best model to /tmp/bow_mlp_imdb_g060nr0b.pt
Epoch 9/301 | train_loss=0.7674 train_acc=50.26% | val_loss=0.7713 val_acc=50.14% | lr=3.000000e-06
Epoch 10/301 | train_loss=0.7625 train_acc=50.32% | val_loss=0.7663 val_acc=50.16% | lr=3.000000e-06
Saved new best model to /tmp/bow_mlp_imdb_g060nr0b.pt
Epoch 11/301 | train_loss=0.7570 train_acc=50.36% | val_loss=0.7597 val_acc=50.24% | lr=3.000000e-06
Saved new best model to /tmp/bow_mlp_imdb_g060nr0b.pt
Epoch 12/301 | train_loss=0.7524 train_acc=50.42% | val_loss=0.7568 val_acc=50.28% | lr=3.000000e-06
Saved new best model to /tmp/bow_mlp_imdb_g060nr0b.pt
Epoch 13/301 | train_loss=0.7476 train_acc=50.43% | val_loss=0.7495 val_acc=50.44% | lr=3.000000e-06
Saved new best model to /tmp/bow_mlp_imdb_g060nr0b.pt
Epoch 14/301 | train_loss=0.7430 train_acc=50.62% | val_loss=0.7492 val_acc=50.38% | lr=3.000000e-06
Epoch 15/301 | train_loss=0.7382 train_acc=50.65% | val_loss=0.7418 val_acc=50.52% | lr=3.000000e-06
Saved new best model to /tmp/bow_mlp_imdb_g060nr0b.pt
Epoch 16/301 | train_loss=0.7334 train_acc=50.89% | val_loss=0.7375 val_acc=50.64% | lr=3.000000e-06
Saved new best model to /tmp/bow_mlp_imdb_g060nr0b.pt
Epoch 17/301 | train_loss=0.7298 train_acc=50.96% | val_loss=0.7349 val_acc=50.64% | lr=3.000000e-06
Epoch 18/301 | train_loss=0.7257 train_acc=51.02% | val_loss=0.7326 val_acc=50.66% | lr=3.000000e-06
Saved new best model to /tmp/bow_mlp_imdb_g060nr0b.pt
Epoch 19/301 | train_loss=0.7214 train_acc=51.08% | val_loss=0.7271 val_acc=50.82% | lr=3.000000e-06
Saved new best model to /tmp/bow_mlp_imdb_g060nr0b.pt
Epoch 20/301 | train_loss=0.7180 train_acc=51.24% | val_loss=0.7206 val_acc=50.94% | lr=3.000000e-06
Saved new best model to /tmp/bow_mlp_imdb_g060nr0b.pt
Epoch 21/301 | train_loss=0.7139 train_acc=51.45% | val_loss=0.7162 val_acc=50.80% | lr=3.000000e-06
Epoch 22/301 | train_loss=0.7098 train_acc=51.54% | val_loss=0.7160 val_acc=51.06% | lr=3.000000e-06
Saved new best model to /tmp/bow_mlp_imdb_g060nr0b.pt
Epoch 23/301 | train_loss=0.7066 train_acc=51.70% | val_loss=0.7103 val_acc=51.26% | lr=3.000000e-06
Saved new best model to /tmp/bow_mlp_imdb_g060nr0b.pt
Epoch 24/301 | train_loss=0.7027 train_acc=51.81% | val_loss=0.7098 val_acc=51.18% | lr=3.000000e-06
Epoch 25/301 | train_loss=0.6988 train_acc=51.96% | val_loss=0.7065 val_acc=51.22% | lr=3.000000e-06
Epoch 26/301 | train_loss=0.6951 train_acc=52.17% | val_loss=0.6996 val_acc=51.58% | lr=3.000000e-06
Saved new best model to /tmp/bow_mlp_imdb_g060nr0b.pt
Epoch 27/301 | train_loss=0.6913 train_acc=52.45% | val_loss=0.6963 val_acc=51.70% | lr=3.000000e-06
Saved new best model to /tmp/bow_mlp_imdb_g060nr0b.pt
Epoch 28/301 | train_loss=0.6876 train_acc=52.59% | val_loss=0.6914 val_acc=52.12% | lr=3.000000e-06
Saved new best model to /tmp/bow_mlp_imdb_g060nr0b.pt
Epoch 29/301 | train_loss=0.6838 train_acc=52.83% | val_loss=0.6900 val_acc=52.22% | lr=3.000000e-06
Saved new best model to /tmp/bow_mlp_imdb_g060nr0b.pt
Epoch 30/301 | train_loss=0.6802 train_acc=53.06% | val_loss=0.6873 val_acc=52.32% | lr=3.000000e-06
Saved new best model to /tmp/bow_mlp_imdb_g060nr0b.pt
Epoch 31/301 | train_loss=0.6763 train_acc=53.26% | val_loss=0.6857 val_acc=52.56% | lr=3.000000e-06
Saved new best model to /tmp/bow_mlp_imdb_g060nr0b.pt
Epoch 32/301 | train_loss=0.6726 train_acc=53.62% | val_loss=0.6790 val_acc=53.08% | lr=3.000000e-06
Saved new best model to /tmp/bow_mlp_imdb_g060nr0b.pt
Epoch 33/301 | train_loss=0.6691 train_acc=53.82% | val_loss=0.6743 val_acc=53.42% | lr=3.000000e-06
Saved new best model to /tmp/bow_mlp_imdb_g060nr0b.pt
Epoch 34/301 | train_loss=0.6646 train_acc=54.10% | val_loss=0.6730 val_acc=53.08% | lr=3.000000e-06
Epoch 35/301 | train_loss=0.6614 train_acc=54.45% | val_loss=0.6717 val_acc=53.04% | lr=3.000000e-06
Epoch 36/301 | train_loss=0.6576 train_acc=54.66% | val_loss=0.6667 val_acc=53.80% | lr=3.000000e-06
Saved new best model to /tmp/bow_mlp_imdb_g060nr0b.pt
Epoch 37/301 | train_loss=0.6545 train_acc=54.87% | val_loss=0.6587 val_acc=54.42% | lr=3.000000e-06
Saved new best model to /tmp/bow_mlp_imdb_g060nr0b.pt
Epoch 38/301 | train_loss=0.6517 train_acc=55.13% | val_loss=0.6592 val_acc=54.38% | lr=3.000000e-06
Epoch 39/301 | train_loss=0.6482 train_acc=55.43% | val_loss=0.6561 val_acc=54.36% | lr=3.000000e-06
Epoch 40/301 | train_loss=0.6455 train_acc=55.61% | val_loss=0.6512 val_acc=54.78% | lr=3.000000e-06
Saved new best model to /tmp/bow_mlp_imdb_g060nr0b.pt
Epoch 41/301 | train_loss=0.6426 train_acc=55.77% | val_loss=0.6508 val_acc=54.68% | lr=3.000000e-06
Epoch 42/301 | train_loss=0.6395 train_acc=56.01% | val_loss=0.6487 val_acc=54.88% | lr=3.000000e-06
Saved new best model to /tmp/bow_mlp_imdb_g060nr0b.pt
Epoch 43/301 | train_loss=0.6371 train_acc=56.34% | val_loss=0.6455 val_acc=55.42% | lr=3.000000e-06
Saved new best model to /tmp/bow_mlp_imdb_g060nr0b.pt
Epoch 44/301 | train_loss=0.6347 train_acc=56.55% | val_loss=0.6403 val_acc=56.18% | lr=3.000000e-06
Saved new best model to /tmp/bow_mlp_imdb_g060nr0b.pt
Epoch 45/301 | train_loss=0.6317 train_acc=56.92% | val_loss=0.6421 val_acc=55.62% | lr=3.000000e-06
Epoch 46/301 | train_loss=0.6294 train_acc=57.11% | val_loss=0.6369 val_acc=56.40% | lr=3.000000e-06
Saved new best model to /tmp/bow_mlp_imdb_g060nr0b.pt
Epoch 47/301 | train_loss=0.6271 train_acc=57.28% | val_loss=0.6385 val_acc=55.74% | lr=3.000000e-06
Epoch 48/301 | train_loss=0.6245 train_acc=57.60% | val_loss=0.6318 val_acc=57.00% | lr=3.000000e-06
Saved new best model to /tmp/bow_mlp_imdb_g060nr0b.pt
Epoch 49/301 | train_loss=0.6223 train_acc=58.00% | val_loss=0.6262 val_acc=57.76% | lr=3.000000e-06
Saved new best model to /tmp/bow_mlp_imdb_g060nr0b.pt
Epoch 50/301 | train_loss=0.6199 train_acc=58.21% | val_loss=0.6304 val_acc=56.86% | lr=3.000000e-06
Epoch 51/301 | train_loss=0.6172 train_acc=58.32% | val_loss=0.6237 val_acc=57.96% | lr=3.000000e-06
Saved new best model to /tmp/bow_mlp_imdb_g060nr0b.pt
Epoch 52/301 | train_loss=0.6149 train_acc=58.72% | val_loss=0.6257 val_acc=57.32% | lr=3.000000e-06
Epoch 53/301 | train_loss=0.6134 train_acc=59.00% | val_loss=0.6203 val_acc=58.44% | lr=3.000000e-06
Saved new best model to /tmp/bow_mlp_imdb_g060nr0b.pt
Epoch 54/301 | train_loss=0.6108 train_acc=59.29% | val_loss=0.6170 val_acc=59.02% | lr=3.000000e-06
Saved new best model to /tmp/bow_mlp_imdb_g060nr0b.pt
Epoch 55/301 | train_loss=0.6086 train_acc=59.56% | val_loss=0.6197 val_acc=58.12% | lr=3.000000e-06
Epoch 56/301 | train_loss=0.6061 train_acc=59.84% | val_loss=0.6166 val_acc=58.70% | lr=3.000000e-06
Epoch 57/301 | train_loss=0.6036 train_acc=60.23% | val_loss=0.6120 val_acc=59.40% | lr=3.000000e-06
Saved new best model to /tmp/bow_mlp_imdb_g060nr0b.pt
Epoch 58/301 | train_loss=0.6021 train_acc=60.41% | val_loss=0.6091 val_acc=59.90% | lr=3.000000e-06
Saved new best model to /tmp/bow_mlp_imdb_g060nr0b.pt
Epoch 59/301 | train_loss=0.6005 train_acc=60.70% | val_loss=0.6143 val_acc=58.98% | lr=3.000000e-06
Epoch 60/301 | train_loss=0.5985 train_acc=60.91% | val_loss=0.6048 val_acc=60.74% | lr=3.000000e-06
Saved new best model to /tmp/bow_mlp_imdb_g060nr0b.pt
Epoch 61/301 | train_loss=0.5962 train_acc=61.38% | val_loss=0.6046 val_acc=60.52% | lr=3.000000e-06
Epoch 62/301 | train_loss=0.5936 train_acc=61.59% | val_loss=0.6019 val_acc=61.10% | lr=3.000000e-06
Saved new best model to /tmp/bow_mlp_imdb_g060nr0b.pt
Epoch 63/301 | train_loss=0.5923 train_acc=61.92% | val_loss=0.6038 val_acc=60.56% | lr=3.000000e-06
Epoch 64/301 | train_loss=0.5904 train_acc=62.31% | val_loss=0.5982 val_acc=61.68% | lr=3.000000e-06
Saved new best model to /tmp/bow_mlp_imdb_g060nr0b.pt
Epoch 65/301 | train_loss=0.5882 train_acc=62.40% | val_loss=0.6012 val_acc=60.90% | lr=3.000000e-06
Epoch 66/301 | train_loss=0.5857 train_acc=62.80% | val_loss=0.5946 val_acc=62.14% | lr=3.000000e-06
Saved new best model to /tmp/bow_mlp_imdb_g060nr0b.pt
Epoch 67/301 | train_loss=0.5842 train_acc=63.18% | val_loss=0.5958 val_acc=61.74% | lr=3.000000e-06
Epoch 68/301 | train_loss=0.5821 train_acc=63.43% | val_loss=0.5926 val_acc=62.28% | lr=3.000000e-06
Saved new best model to /tmp/bow_mlp_imdb_g060nr0b.pt
Epoch 69/301 | train_loss=0.5802 train_acc=63.78% | val_loss=0.5910 val_acc=62.66% | lr=3.000000e-06
Saved new best model to /tmp/bow_mlp_imdb_g060nr0b.pt
Epoch 70/301 | train_loss=0.5787 train_acc=63.94% | val_loss=0.5889 val_acc=62.98% | lr=3.000000e-06
Saved new best model to /tmp/bow_mlp_imdb_g060nr0b.pt
Epoch 71/301 | train_loss=0.5770 train_acc=64.31% | val_loss=0.5836 val_acc=63.74% | lr=3.000000e-06
Saved new best model to /tmp/bow_mlp_imdb_g060nr0b.pt
Epoch 72/301 | train_loss=0.5751 train_acc=64.75% | val_loss=0.5838 val_acc=63.62% | lr=3.000000e-06
Epoch 73/301 | train_loss=0.5731 train_acc=64.95% | val_loss=0.5881 val_acc=62.42% | lr=3.000000e-06
Epoch 74/301 | train_loss=0.5712 train_acc=65.33% | val_loss=0.5830 val_acc=63.70% | lr=3.000000e-06
Epoch 75/301 | train_loss=0.5698 train_acc=65.38% | val_loss=0.5765 val_acc=65.04% | lr=3.000000e-06
Saved new best model to /tmp/bow_mlp_imdb_g060nr0b.pt
Epoch 76/301 | train_loss=0.5683 train_acc=65.64% | val_loss=0.5791 val_acc=64.48% | lr=3.000000e-06
Epoch 77/301 | train_loss=0.5662 train_acc=65.80% | val_loss=0.5746 val_acc=65.00% | lr=3.000000e-06
Epoch 78/301 | train_loss=0.5647 train_acc=66.42% | val_loss=0.5803 val_acc=64.02% | lr=3.000000e-06
Epoch 79/301 | train_loss=0.5631 train_acc=66.42% | val_loss=0.5734 val_acc=65.06% | lr=3.000000e-06
Saved new best model to /tmp/bow_mlp_imdb_g060nr0b.pt
Epoch 80/301 | train_loss=0.5613 train_acc=66.80% | val_loss=0.5786 val_acc=63.82% | lr=3.000000e-06
Epoch 81/301 | train_loss=0.5589 train_acc=67.22% | val_loss=0.5751 val_acc=64.56% | lr=3.000000e-06
Epoch 82/301 | train_loss=0.5586 train_acc=67.27% | val_loss=0.5676 val_acc=66.56% | lr=3.000000e-06
Saved new best model to /tmp/bow_mlp_imdb_g060nr0b.pt
Epoch 83/301 | train_loss=0.5565 train_acc=67.54% | val_loss=0.5701 val_acc=65.12% | lr=3.000000e-06
Epoch 84/301 | train_loss=0.5546 train_acc=67.84% | val_loss=0.5676 val_acc=65.86% | lr=3.000000e-06
Epoch 85/301 | train_loss=0.5533 train_acc=68.25% | val_loss=0.5650 val_acc=66.70% | lr=3.000000e-06
Saved new best model to /tmp/bow_mlp_imdb_g060nr0b.pt
Epoch 86/301 | train_loss=0.5514 train_acc=68.33% | val_loss=0.5697 val_acc=65.86% | lr=3.000000e-06
Epoch 87/301 | train_loss=0.5497 train_acc=68.62% | val_loss=0.5645 val_acc=66.76% | lr=3.000000e-06
Saved new best model to /tmp/bow_mlp_imdb_g060nr0b.pt
Epoch 88/301 | train_loss=0.5485 train_acc=68.77% | val_loss=0.5608 val_acc=67.56% | lr=3.000000e-06
Saved new best model to /tmp/bow_mlp_imdb_g060nr0b.pt
Epoch 89/301 | train_loss=0.5471 train_acc=69.06% | val_loss=0.5584 val_acc=68.10% | lr=3.000000e-06
Saved new best model to /tmp/bow_mlp_imdb_g060nr0b.pt
Epoch 90/301 | train_loss=0.5447 train_acc=69.48% | val_loss=0.5643 val_acc=66.18% | lr=3.000000e-06
Epoch 91/301 | train_loss=0.5436 train_acc=69.73% | val_loss=0.5587 val_acc=67.66% | lr=3.000000e-06
Epoch 92/301 | train_loss=0.5415 train_acc=69.97% | val_loss=0.5551 val_acc=69.00% | lr=3.000000e-06
Saved new best model to /tmp/bow_mlp_imdb_g060nr0b.pt
Epoch 93/301 | train_loss=0.5410 train_acc=70.12% | val_loss=0.5530 val_acc=68.54% | lr=3.000000e-06
Epoch 94/301 | train_loss=0.5389 train_acc=70.32% | val_loss=0.5501 val_acc=70.14% | lr=3.000000e-06
Saved new best model to /tmp/bow_mlp_imdb_g060nr0b.pt
Epoch 95/301 | train_loss=0.5377 train_acc=70.56% | val_loss=0.5502 val_acc=69.36% | lr=3.000000e-06
Epoch 96/301 | train_loss=0.5363 train_acc=70.97% | val_loss=0.5562 val_acc=67.48% | lr=3.000000e-06
Epoch 97/301 | train_loss=0.5342 train_acc=71.23% | val_loss=0.5501 val_acc=69.42% | lr=3.000000e-06
Epoch 98/301 | train_loss=0.5333 train_acc=71.28% | val_loss=0.5475 val_acc=69.92% | lr=3.000000e-06
Epoch 99/301 | train_loss=0.5315 train_acc=71.63% | val_loss=0.5457 val_acc=70.22% | lr=3.000000e-06
Saved new best model to /tmp/bow_mlp_imdb_g060nr0b.pt
Epoch 100/301 | train_loss=0.5305 train_acc=71.86% | val_loss=0.5412 val_acc=70.94% | lr=3.000000e-06
Saved new best model to /tmp/bow_mlp_imdb_g060nr0b.pt
Epoch 101/301 | train_loss=0.5294 train_acc=72.12% | val_loss=0.5453 val_acc=69.74% | lr=3.000000e-06
Epoch 102/301 | train_loss=0.5278 train_acc=72.11% | val_loss=0.5452 val_acc=69.24% | lr=3.000000e-06
Epoch 103/301 | train_loss=0.5260 train_acc=72.40% | val_loss=0.5418 val_acc=70.48% | lr=3.000000e-06
Epoch 104/301 | train_loss=0.5244 train_acc=72.80% | val_loss=0.5463 val_acc=69.28% | lr=3.000000e-06
Epoch 105/301 | train_loss=0.5234 train_acc=72.91% | val_loss=0.5414 val_acc=70.68% | lr=3.000000e-06
Epoch 106/301 | train_loss=0.5223 train_acc=73.16% | val_loss=0.5319 val_acc=72.82% | lr=3.000000e-06
Saved new best model to /tmp/bow_mlp_imdb_g060nr0b.pt
Epoch 107/301 | train_loss=0.5211 train_acc=73.32% | val_loss=0.5370 val_acc=71.10% | lr=3.000000e-06
Epoch 108/301 | train_loss=0.5188 train_acc=73.68% | val_loss=0.5283 val_acc=73.30% | lr=3.000000e-06
Saved new best model to /tmp/bow_mlp_imdb_g060nr0b.pt
Epoch 109/301 | train_loss=0.5180 train_acc=73.77% | val_loss=0.5307 val_acc=72.98% | lr=3.000000e-06
Epoch 110/301 | train_loss=0.5164 train_acc=73.95% | val_loss=0.5301 val_acc=73.42% | lr=3.000000e-06
Saved new best model to /tmp/bow_mlp_imdb_g060nr0b.pt
Epoch 111/301 | train_loss=0.5154 train_acc=74.41% | val_loss=0.5278 val_acc=73.04% | lr=3.000000e-06
Epoch 112/301 | train_loss=0.5135 train_acc=74.41% | val_loss=0.5282 val_acc=73.10% | lr=3.000000e-06
Epoch 113/301 | train_loss=0.5126 train_acc=74.59% | val_loss=0.5263 val_acc=73.52% | lr=3.000000e-06
Saved new best model to /tmp/bow_mlp_imdb_g060nr0b.pt
Epoch 114/301 | train_loss=0.5112 train_acc=74.75% | val_loss=0.5253 val_acc=73.44% | lr=3.000000e-06
Epoch 115/301 | train_loss=0.5096 train_acc=75.24% | val_loss=0.5268 val_acc=73.36% | lr=3.000000e-06
Epoch 116/301 | train_loss=0.5081 train_acc=75.31% | val_loss=0.5240 val_acc=73.64% | lr=3.000000e-06
Saved new best model to /tmp/bow_mlp_imdb_g060nr0b.pt
Epoch 117/301 | train_loss=0.5076 train_acc=75.41% | val_loss=0.5245 val_acc=73.50% | lr=3.000000e-06
Epoch 118/301 | train_loss=0.5057 train_acc=75.66% | val_loss=0.5199 val_acc=75.06% | lr=3.000000e-06
Saved new best model to /tmp/bow_mlp_imdb_g060nr0b.pt
Epoch 119/301 | train_loss=0.5045 train_acc=75.91% | val_loss=0.5215 val_acc=74.10% | lr=3.000000e-06
Epoch 120/301 | train_loss=0.5037 train_acc=75.98% | val_loss=0.5179 val_acc=75.16% | lr=3.000000e-06
Saved new best model to /tmp/bow_mlp_imdb_g060nr0b.pt
Epoch 121/301 | train_loss=0.5028 train_acc=76.19% | val_loss=0.5229 val_acc=73.62% | lr=3.000000e-06
Epoch 122/301 | train_loss=0.5009 train_acc=76.46% | val_loss=0.5171 val_acc=74.70% | lr=3.000000e-06
Epoch 123/301 | train_loss=0.4995 train_acc=76.42% | val_loss=0.5200 val_acc=74.48% | lr=3.000000e-06
Epoch 124/301 | train_loss=0.4981 train_acc=76.74% | val_loss=0.5155 val_acc=74.52% | lr=3.000000e-06
Epoch 125/301 | train_loss=0.4971 train_acc=77.11% | val_loss=0.5098 val_acc=75.80% | lr=3.000000e-06
Saved new best model to /tmp/bow_mlp_imdb_g060nr0b.pt
Epoch 126/301 | train_loss=0.4965 train_acc=77.02% | val_loss=0.5131 val_acc=74.76% | lr=3.000000e-06
Epoch 127/301 | train_loss=0.4944 train_acc=77.35% | val_loss=0.5074 val_acc=76.30% | lr=3.000000e-06
Saved new best model to /tmp/bow_mlp_imdb_g060nr0b.pt
Epoch 128/301 | train_loss=0.4939 train_acc=77.34% | val_loss=0.5089 val_acc=76.58% | lr=3.000000e-06
Saved new best model to /tmp/bow_mlp_imdb_g060nr0b.pt
Epoch 129/301 | train_loss=0.4923 train_acc=77.48% | val_loss=0.5082 val_acc=75.82% | lr=3.000000e-06
Epoch 130/301 | train_loss=0.4913 train_acc=77.72% | val_loss=0.5051 val_acc=76.48% | lr=3.000000e-06
Epoch 131/301 | train_loss=0.4897 train_acc=78.00% | val_loss=0.5075 val_acc=77.16% | lr=3.000000e-06
Saved new best model to /tmp/bow_mlp_imdb_g060nr0b.pt
Epoch 132/301 | train_loss=0.4889 train_acc=78.09% | val_loss=0.5083 val_acc=76.20% | lr=3.000000e-06
Epoch 133/301 | train_loss=0.4875 train_acc=78.29% | val_loss=0.5028 val_acc=78.06% | lr=3.000000e-06
Saved new best model to /tmp/bow_mlp_imdb_g060nr0b.pt
Epoch 134/301 | train_loss=0.4861 train_acc=78.14% | val_loss=0.5015 val_acc=77.50% | lr=3.000000e-06
Epoch 135/301 | train_loss=0.4855 train_acc=78.37% | val_loss=0.5064 val_acc=76.24% | lr=3.000000e-06
Epoch 136/301 | train_loss=0.4841 train_acc=78.67% | val_loss=0.4959 val_acc=78.32% | lr=3.000000e-06
Saved new best model to /tmp/bow_mlp_imdb_g060nr0b.pt
Epoch 137/301 | train_loss=0.4837 train_acc=78.62% | val_loss=0.5085 val_acc=76.40% | lr=3.000000e-06
Epoch 138/301 | train_loss=0.4815 train_acc=78.94% | val_loss=0.5015 val_acc=77.48% | lr=3.000000e-06
Epoch 139/301 | train_loss=0.4809 train_acc=78.92% | val_loss=0.4985 val_acc=77.52% | lr=3.000000e-06
Epoch 140/301 | train_loss=0.4796 train_acc=79.42% | val_loss=0.5021 val_acc=77.74% | lr=3.000000e-06
Epoch 141/301 | train_loss=0.4781 train_acc=79.30% | val_loss=0.5078 val_acc=75.58% | lr=3.000000e-06
Epoch 142/301 | train_loss=0.4770 train_acc=79.42% | val_loss=0.4973 val_acc=78.28% | lr=3.000000e-06
Epoch 143/301 | train_loss=0.4768 train_acc=79.66% | val_loss=0.4981 val_acc=78.26% | lr=3.000000e-06
Epoch 144/301 | train_loss=0.4743 train_acc=79.83% | val_loss=0.4877 val_acc=79.92% | lr=3.000000e-06
Saved new best model to /tmp/bow_mlp_imdb_g060nr0b.pt
Epoch 145/301 | train_loss=0.4735 train_acc=79.89% | val_loss=0.4901 val_acc=79.24% | lr=3.000000e-06
Epoch 146/301 | train_loss=0.4724 train_acc=80.05% | val_loss=0.4915 val_acc=79.16% | lr=3.000000e-06
Epoch 147/301 | train_loss=0.4714 train_acc=80.06% | val_loss=0.4934 val_acc=78.70% | lr=3.000000e-06
Epoch 148/301 | train_loss=0.4703 train_acc=80.38% | val_loss=0.4960 val_acc=78.78% | lr=3.000000e-06
Epoch 149/301 | train_loss=0.4694 train_acc=80.33% | val_loss=0.4896 val_acc=78.98% | lr=3.000000e-06
Epoch 150/301 | train_loss=0.4676 train_acc=80.40% | val_loss=0.4925 val_acc=79.16% | lr=3.000000e-06
Epoch 151/301 | train_loss=0.4682 train_acc=80.40% | val_loss=0.4806 val_acc=80.24% | lr=3.000000e-06
Saved new best model to /tmp/bow_mlp_imdb_g060nr0b.pt
Epoch 152/301 | train_loss=0.4653 train_acc=80.91% | val_loss=0.4880 val_acc=79.80% | lr=3.000000e-06
Epoch 153/301 | train_loss=0.4653 train_acc=80.67% | val_loss=0.4804 val_acc=80.44% | lr=3.000000e-06
Saved new best model to /tmp/bow_mlp_imdb_g060nr0b.pt
Epoch 154/301 | train_loss=0.4646 train_acc=80.85% | val_loss=0.4777 val_acc=80.46% | lr=3.000000e-06
Saved new best model to /tmp/bow_mlp_imdb_g060nr0b.pt
Epoch 155/301 | train_loss=0.4633 train_acc=81.01% | val_loss=0.4847 val_acc=79.98% | lr=3.000000e-06
Epoch 156/301 | train_loss=0.4623 train_acc=81.22% | val_loss=0.4792 val_acc=80.58% | lr=3.000000e-06
Saved new best model to /tmp/bow_mlp_imdb_g060nr0b.pt
Epoch 157/301 | train_loss=0.4613 train_acc=81.19% | val_loss=0.4831 val_acc=79.92% | lr=3.000000e-06
Epoch 158/301 | train_loss=0.4600 train_acc=81.34% | val_loss=0.4785 val_acc=80.16% | lr=3.000000e-06
Epoch 159/301 | train_loss=0.4584 train_acc=81.36% | val_loss=0.4879 val_acc=79.32% | lr=3.000000e-06
Epoch 160/301 | train_loss=0.4579 train_acc=81.45% | val_loss=0.4845 val_acc=79.88% | lr=3.000000e-06
Epoch 161/301 | train_loss=0.4565 train_acc=81.77% | val_loss=0.4789 val_acc=79.92% | lr=3.000000e-06
Epoch 162/301 | train_loss=0.4563 train_acc=81.66% | val_loss=0.4769 val_acc=80.18% | lr=3.000000e-06
Epoch 163/301 | train_loss=0.4553 train_acc=81.83% | val_loss=0.4729 val_acc=80.68% | lr=3.000000e-06
Saved new best model to /tmp/bow_mlp_imdb_g060nr0b.pt
Epoch 164/301 | train_loss=0.4532 train_acc=81.77% | val_loss=0.4780 val_acc=80.60% | lr=3.000000e-06
Epoch 165/301 | train_loss=0.4527 train_acc=82.06% | val_loss=0.4711 val_acc=81.56% | lr=3.000000e-06
Saved new best model to /tmp/bow_mlp_imdb_g060nr0b.pt
Epoch 166/301 | train_loss=0.4514 train_acc=82.03% | val_loss=0.4776 val_acc=80.02% | lr=3.000000e-06
Epoch 167/301 | train_loss=0.4511 train_acc=82.14% | val_loss=0.4712 val_acc=81.32% | lr=3.000000e-06
Epoch 168/301 | train_loss=0.4490 train_acc=82.42% | val_loss=0.4710 val_acc=81.34% | lr=3.000000e-06
Epoch 169/301 | train_loss=0.4485 train_acc=82.39% | val_loss=0.4736 val_acc=80.44% | lr=3.000000e-06
Epoch 170/301 | train_loss=0.4476 train_acc=82.49% | val_loss=0.4664 val_acc=82.02% | lr=3.000000e-06
Saved new best model to /tmp/bow_mlp_imdb_g060nr0b.pt
Epoch 171/301 | train_loss=0.4470 train_acc=82.60% | val_loss=0.4721 val_acc=81.08% | lr=3.000000e-06
Epoch 172/301 | train_loss=0.4454 train_acc=82.64% | val_loss=0.4592 val_acc=82.22% | lr=3.000000e-06
Saved new best model to /tmp/bow_mlp_imdb_g060nr0b.pt
Epoch 173/301 | train_loss=0.4450 train_acc=82.73% | val_loss=0.4757 val_acc=80.48% | lr=3.000000e-06
Epoch 174/301 | train_loss=0.4439 train_acc=82.84% | val_loss=0.4678 val_acc=81.20% | lr=3.000000e-06
Epoch 175/301 | train_loss=0.4427 train_acc=82.95% | val_loss=0.4700 val_acc=81.66% | lr=3.000000e-06
Epoch 176/301 | train_loss=0.4414 train_acc=82.97% | val_loss=0.4610 val_acc=82.44% | lr=3.000000e-06
Saved new best model to /tmp/bow_mlp_imdb_g060nr0b.pt
Epoch 177/301 | train_loss=0.4408 train_acc=83.12% | val_loss=0.4663 val_acc=81.90% | lr=3.000000e-06
Epoch 178/301 | train_loss=0.4403 train_acc=83.05% | val_loss=0.4629 val_acc=81.56% | lr=3.000000e-06
Epoch 179/301 | train_loss=0.4386 train_acc=83.43% | val_loss=0.4649 val_acc=81.30% | lr=3.000000e-06
Epoch 180/301 | train_loss=0.4385 train_acc=83.28% | val_loss=0.4655 val_acc=81.78% | lr=3.000000e-06
Validation loss has not improved for 8 epochs. Stopping training.
Test loss=0.4591 | Test accuracy=81.68%
