Loading IMDb dataset from local disk: /home/daniel/l/masteruppsats/np-reg/language/data/imdb_hf
Using device: cuda
BoW vocab size: 1562
Epoch 1/301 | train_loss=746.1324 train_acc=50.03% | val_loss=1.0457 val_acc=49.88% | lr=3.000000e-05
Saved new best model to /tmp/bow_mlp_imdb_9k0e6bqg.pt
Epoch 2/301 | train_loss=506.5501 train_acc=50.03% | val_loss=1.1370 val_acc=49.88% | lr=3.000000e-05
Epoch 3/301 | train_loss=334.4195 train_acc=50.03% | val_loss=1.0000 val_acc=49.88% | lr=3.000000e-05
Epoch 4/301 | train_loss=212.8925 train_acc=50.03% | val_loss=0.7949 val_acc=49.88% | lr=3.000000e-05
Epoch 5/301 | train_loss=130.6356 train_acc=49.96% | val_loss=0.7143 val_acc=49.58% | lr=3.000000e-05
Epoch 6/301 | train_loss=77.9668 train_acc=49.46% | val_loss=0.7095 val_acc=48.64% | lr=3.000000e-05
Epoch 7/301 | train_loss=46.5991 train_acc=49.12% | val_loss=0.7091 val_acc=48.56% | lr=3.000000e-05
Epoch 8/301 | train_loss=29.5308 train_acc=49.21% | val_loss=0.7086 val_acc=48.66% | lr=3.000000e-05
Epoch 9/301 | train_loss=21.2249 train_acc=49.29% | val_loss=0.7082 val_acc=48.94% | lr=3.000000e-05
Epoch 10/301 | train_loss=17.6436 train_acc=49.20% | val_loss=0.7075 val_acc=48.98% | lr=3.000000e-05
Epoch 11/301 | train_loss=16.2300 train_acc=49.38% | val_loss=0.7068 val_acc=48.88% | lr=3.000000e-05
Epoch 12/301 | train_loss=15.6487 train_acc=49.33% | val_loss=0.7062 val_acc=49.16% | lr=3.000000e-05
Epoch 13/301 | train_loss=15.3078 train_acc=49.64% | val_loss=0.7052 val_acc=49.36% | lr=3.000000e-05
Epoch 14/301 | train_loss=15.0052 train_acc=49.63% | val_loss=0.7045 val_acc=49.74% | lr=3.000000e-05
Epoch 15/301 | train_loss=14.6929 train_acc=49.88% | val_loss=0.7031 val_acc=49.66% | lr=3.000000e-05
Epoch 16/301 | train_loss=14.3612 train_acc=50.10% | val_loss=0.7022 val_acc=49.96% | lr=3.000000e-05
Saved new best model to /tmp/bow_mlp_imdb_9k0e6bqg.pt
Epoch 17/301 | train_loss=14.0175 train_acc=50.25% | val_loss=0.7008 val_acc=50.06% | lr=3.000000e-05
Saved new best model to /tmp/bow_mlp_imdb_9k0e6bqg.pt
Epoch 18/301 | train_loss=13.6587 train_acc=50.40% | val_loss=0.6995 val_acc=50.18% | lr=3.000000e-05
Saved new best model to /tmp/bow_mlp_imdb_9k0e6bqg.pt
Epoch 19/301 | train_loss=13.2926 train_acc=50.85% | val_loss=0.6980 val_acc=50.42% | lr=3.000000e-05
Saved new best model to /tmp/bow_mlp_imdb_9k0e6bqg.pt
Epoch 20/301 | train_loss=12.9228 train_acc=51.04% | val_loss=0.6968 val_acc=51.22% | lr=3.000000e-05
Saved new best model to /tmp/bow_mlp_imdb_9k0e6bqg.pt
Epoch 21/301 | train_loss=12.5544 train_acc=51.61% | val_loss=0.6949 val_acc=50.96% | lr=3.000000e-05
Epoch 22/301 | train_loss=12.1856 train_acc=51.97% | val_loss=0.6937 val_acc=51.72% | lr=3.000000e-05
Saved new best model to /tmp/bow_mlp_imdb_9k0e6bqg.pt
Epoch 23/301 | train_loss=11.8275 train_acc=52.23% | val_loss=0.6915 val_acc=52.14% | lr=3.000000e-05
Saved new best model to /tmp/bow_mlp_imdb_9k0e6bqg.pt
Epoch 24/301 | train_loss=11.4800 train_acc=52.70% | val_loss=0.6897 val_acc=52.54% | lr=3.000000e-05
Saved new best model to /tmp/bow_mlp_imdb_9k0e6bqg.pt
Epoch 25/301 | train_loss=11.1431 train_acc=53.12% | val_loss=0.6878 val_acc=52.94% | lr=3.000000e-05
Saved new best model to /tmp/bow_mlp_imdb_9k0e6bqg.pt
Epoch 26/301 | train_loss=10.8268 train_acc=53.77% | val_loss=0.6859 val_acc=53.84% | lr=3.000000e-05
Saved new best model to /tmp/bow_mlp_imdb_9k0e6bqg.pt
Epoch 27/301 | train_loss=10.5202 train_acc=54.34% | val_loss=0.6841 val_acc=53.90% | lr=3.000000e-05
Saved new best model to /tmp/bow_mlp_imdb_9k0e6bqg.pt
Epoch 28/301 | train_loss=10.2291 train_acc=54.97% | val_loss=0.6818 val_acc=55.18% | lr=3.000000e-05
Saved new best model to /tmp/bow_mlp_imdb_9k0e6bqg.pt
Epoch 29/301 | train_loss=9.9675 train_acc=55.62% | val_loss=0.6799 val_acc=55.16% | lr=3.000000e-05
Epoch 30/301 | train_loss=9.7096 train_acc=56.04% | val_loss=0.6778 val_acc=56.04% | lr=3.000000e-05
Saved new best model to /tmp/bow_mlp_imdb_9k0e6bqg.pt
Epoch 31/301 | train_loss=9.4736 train_acc=56.72% | val_loss=0.6756 val_acc=57.02% | lr=3.000000e-05
Saved new best model to /tmp/bow_mlp_imdb_9k0e6bqg.pt
Epoch 32/301 | train_loss=9.2509 train_acc=57.41% | val_loss=0.6733 val_acc=58.30% | lr=3.000000e-05
Saved new best model to /tmp/bow_mlp_imdb_9k0e6bqg.pt
Epoch 33/301 | train_loss=9.0462 train_acc=58.21% | val_loss=0.6712 val_acc=58.44% | lr=3.000000e-05
Saved new best model to /tmp/bow_mlp_imdb_9k0e6bqg.pt
Epoch 34/301 | train_loss=8.8538 train_acc=58.85% | val_loss=0.6688 val_acc=59.52% | lr=3.000000e-05
Saved new best model to /tmp/bow_mlp_imdb_9k0e6bqg.pt
Epoch 35/301 | train_loss=8.6769 train_acc=59.54% | val_loss=0.6665 val_acc=60.30% | lr=3.000000e-05
Saved new best model to /tmp/bow_mlp_imdb_9k0e6bqg.pt
Epoch 36/301 | train_loss=8.5093 train_acc=60.20% | val_loss=0.6642 val_acc=61.16% | lr=3.000000e-05
Saved new best model to /tmp/bow_mlp_imdb_9k0e6bqg.pt
Epoch 37/301 | train_loss=8.3525 train_acc=61.06% | val_loss=0.6618 val_acc=61.66% | lr=3.000000e-05
Saved new best model to /tmp/bow_mlp_imdb_9k0e6bqg.pt
Epoch 38/301 | train_loss=8.2085 train_acc=61.91% | val_loss=0.6594 val_acc=62.22% | lr=3.000000e-05
Saved new best model to /tmp/bow_mlp_imdb_9k0e6bqg.pt
Epoch 39/301 | train_loss=8.0719 train_acc=62.78% | val_loss=0.6570 val_acc=63.16% | lr=3.000000e-05
Saved new best model to /tmp/bow_mlp_imdb_9k0e6bqg.pt
Epoch 40/301 | train_loss=7.9428 train_acc=63.28% | val_loss=0.6545 val_acc=63.56% | lr=3.000000e-05
Saved new best model to /tmp/bow_mlp_imdb_9k0e6bqg.pt
Epoch 41/301 | train_loss=7.8196 train_acc=64.12% | val_loss=0.6520 val_acc=64.30% | lr=3.000000e-05
Saved new best model to /tmp/bow_mlp_imdb_9k0e6bqg.pt
Epoch 42/301 | train_loss=7.7074 train_acc=64.90% | val_loss=0.6495 val_acc=65.40% | lr=3.000000e-05
Saved new best model to /tmp/bow_mlp_imdb_9k0e6bqg.pt
Epoch 43/301 | train_loss=7.5999 train_acc=65.55% | val_loss=0.6470 val_acc=65.72% | lr=3.000000e-05
Saved new best model to /tmp/bow_mlp_imdb_9k0e6bqg.pt
Epoch 44/301 | train_loss=7.4974 train_acc=66.16% | val_loss=0.6445 val_acc=66.42% | lr=3.000000e-05
Saved new best model to /tmp/bow_mlp_imdb_9k0e6bqg.pt
Epoch 45/301 | train_loss=7.4007 train_acc=66.58% | val_loss=0.6419 val_acc=68.06% | lr=3.000000e-05
Saved new best model to /tmp/bow_mlp_imdb_9k0e6bqg.pt
Epoch 46/301 | train_loss=7.3092 train_acc=67.58% | val_loss=0.6393 val_acc=67.76% | lr=3.000000e-05
Epoch 47/301 | train_loss=7.2237 train_acc=68.17% | val_loss=0.6371 val_acc=67.50% | lr=3.000000e-05
Epoch 48/301 | train_loss=7.1386 train_acc=68.20% | val_loss=0.6341 val_acc=69.26% | lr=3.000000e-05
Saved new best model to /tmp/bow_mlp_imdb_9k0e6bqg.pt
Epoch 49/301 | train_loss=7.0587 train_acc=69.33% | val_loss=0.6317 val_acc=69.20% | lr=3.000000e-05
Epoch 50/301 | train_loss=6.9852 train_acc=69.40% | val_loss=0.6288 val_acc=70.72% | lr=3.000000e-05
Saved new best model to /tmp/bow_mlp_imdb_9k0e6bqg.pt
Epoch 51/301 | train_loss=6.9135 train_acc=70.34% | val_loss=0.6263 val_acc=70.36% | lr=3.000000e-05
Epoch 52/301 | train_loss=6.8412 train_acc=70.45% | val_loss=0.6235 val_acc=71.66% | lr=3.000000e-05
Saved new best model to /tmp/bow_mlp_imdb_9k0e6bqg.pt
Epoch 53/301 | train_loss=6.7754 train_acc=71.14% | val_loss=0.6209 val_acc=71.98% | lr=3.000000e-05
Saved new best model to /tmp/bow_mlp_imdb_9k0e6bqg.pt
Epoch 54/301 | train_loss=6.7105 train_acc=71.64% | val_loss=0.6184 val_acc=71.80% | lr=3.000000e-05
Epoch 55/301 | train_loss=6.6469 train_acc=71.95% | val_loss=0.6156 val_acc=72.62% | lr=3.000000e-05
Saved new best model to /tmp/bow_mlp_imdb_9k0e6bqg.pt
Epoch 56/301 | train_loss=6.5877 train_acc=72.45% | val_loss=0.6129 val_acc=72.92% | lr=3.000000e-05
Saved new best model to /tmp/bow_mlp_imdb_9k0e6bqg.pt
Epoch 57/301 | train_loss=6.5314 train_acc=72.93% | val_loss=0.6102 val_acc=73.40% | lr=3.000000e-05
Saved new best model to /tmp/bow_mlp_imdb_9k0e6bqg.pt
Epoch 58/301 | train_loss=6.4709 train_acc=73.33% | val_loss=0.6075 val_acc=73.58% | lr=3.000000e-05
Saved new best model to /tmp/bow_mlp_imdb_9k0e6bqg.pt
Epoch 59/301 | train_loss=6.4169 train_acc=73.58% | val_loss=0.6047 val_acc=74.30% | lr=3.000000e-05
Saved new best model to /tmp/bow_mlp_imdb_9k0e6bqg.pt
Epoch 60/301 | train_loss=6.3618 train_acc=74.24% | val_loss=0.6023 val_acc=74.12% | lr=3.000000e-05
Epoch 61/301 | train_loss=6.3092 train_acc=74.44% | val_loss=0.5994 val_acc=74.76% | lr=3.000000e-05
Saved new best model to /tmp/bow_mlp_imdb_9k0e6bqg.pt
Epoch 62/301 | train_loss=6.2586 train_acc=74.62% | val_loss=0.5966 val_acc=75.14% | lr=3.000000e-05
Saved new best model to /tmp/bow_mlp_imdb_9k0e6bqg.pt
Epoch 63/301 | train_loss=6.2083 train_acc=75.03% | val_loss=0.5940 val_acc=75.52% | lr=3.000000e-05
Saved new best model to /tmp/bow_mlp_imdb_9k0e6bqg.pt
Epoch 64/301 | train_loss=6.1616 train_acc=75.47% | val_loss=0.5914 val_acc=75.36% | lr=3.000000e-05
Epoch 65/301 | train_loss=6.1150 train_acc=75.73% | val_loss=0.5886 val_acc=75.76% | lr=3.000000e-05
Saved new best model to /tmp/bow_mlp_imdb_9k0e6bqg.pt
Epoch 66/301 | train_loss=6.0680 train_acc=76.00% | val_loss=0.5860 val_acc=75.98% | lr=3.000000e-05
Saved new best model to /tmp/bow_mlp_imdb_9k0e6bqg.pt
Epoch 67/301 | train_loss=6.0235 train_acc=76.27% | val_loss=0.5834 val_acc=76.10% | lr=3.000000e-05
Saved new best model to /tmp/bow_mlp_imdb_9k0e6bqg.pt
Epoch 68/301 | train_loss=5.9777 train_acc=76.56% | val_loss=0.5806 val_acc=76.32% | lr=3.000000e-05
Saved new best model to /tmp/bow_mlp_imdb_9k0e6bqg.pt
Epoch 69/301 | train_loss=5.9353 train_acc=76.79% | val_loss=0.5782 val_acc=76.44% | lr=3.000000e-05
Saved new best model to /tmp/bow_mlp_imdb_9k0e6bqg.pt
Epoch 70/301 | train_loss=5.8927 train_acc=76.92% | val_loss=0.5756 val_acc=76.44% | lr=3.000000e-05
Epoch 71/301 | train_loss=5.8527 train_acc=77.08% | val_loss=0.5727 val_acc=76.82% | lr=3.000000e-05
Saved new best model to /tmp/bow_mlp_imdb_9k0e6bqg.pt
Epoch 72/301 | train_loss=5.8115 train_acc=77.41% | val_loss=0.5701 val_acc=77.00% | lr=3.000000e-05
Saved new best model to /tmp/bow_mlp_imdb_9k0e6bqg.pt
Epoch 73/301 | train_loss=5.7731 train_acc=77.51% | val_loss=0.5674 val_acc=77.14% | lr=3.000000e-05
Saved new best model to /tmp/bow_mlp_imdb_9k0e6bqg.pt
Epoch 74/301 | train_loss=5.7340 train_acc=77.75% | val_loss=0.5649 val_acc=77.20% | lr=3.000000e-05
Saved new best model to /tmp/bow_mlp_imdb_9k0e6bqg.pt
Epoch 75/301 | train_loss=5.6963 train_acc=77.77% | val_loss=0.5621 val_acc=77.30% | lr=3.000000e-05
Saved new best model to /tmp/bow_mlp_imdb_9k0e6bqg.pt
Epoch 76/301 | train_loss=5.6597 train_acc=77.99% | val_loss=0.5598 val_acc=77.48% | lr=3.000000e-05
Saved new best model to /tmp/bow_mlp_imdb_9k0e6bqg.pt
Epoch 77/301 | train_loss=5.6220 train_acc=78.22% | val_loss=0.5571 val_acc=77.72% | lr=3.000000e-05
Saved new best model to /tmp/bow_mlp_imdb_9k0e6bqg.pt
Epoch 78/301 | train_loss=5.5857 train_acc=78.29% | val_loss=0.5544 val_acc=78.04% | lr=3.000000e-05
Saved new best model to /tmp/bow_mlp_imdb_9k0e6bqg.pt
Epoch 79/301 | train_loss=5.5495 train_acc=78.41% | val_loss=0.5519 val_acc=78.06% | lr=3.000000e-05
Saved new best model to /tmp/bow_mlp_imdb_9k0e6bqg.pt
Epoch 80/301 | train_loss=5.5149 train_acc=78.66% | val_loss=0.5494 val_acc=78.20% | lr=3.000000e-05
Saved new best model to /tmp/bow_mlp_imdb_9k0e6bqg.pt
Epoch 81/301 | train_loss=5.4800 train_acc=78.82% | val_loss=0.5468 val_acc=78.22% | lr=3.000000e-05
Saved new best model to /tmp/bow_mlp_imdb_9k0e6bqg.pt
Epoch 82/301 | train_loss=5.4462 train_acc=78.88% | val_loss=0.5442 val_acc=78.42% | lr=3.000000e-05
Saved new best model to /tmp/bow_mlp_imdb_9k0e6bqg.pt
Epoch 83/301 | train_loss=5.4130 train_acc=79.02% | val_loss=0.5418 val_acc=78.64% | lr=3.000000e-05
Saved new best model to /tmp/bow_mlp_imdb_9k0e6bqg.pt
Epoch 84/301 | train_loss=5.3799 train_acc=79.22% | val_loss=0.5393 val_acc=78.76% | lr=3.000000e-05
Saved new best model to /tmp/bow_mlp_imdb_9k0e6bqg.pt
Epoch 85/301 | train_loss=5.3469 train_acc=79.33% | val_loss=0.5369 val_acc=78.94% | lr=3.000000e-05
Saved new best model to /tmp/bow_mlp_imdb_9k0e6bqg.pt
Epoch 86/301 | train_loss=5.3161 train_acc=79.56% | val_loss=0.5344 val_acc=79.12% | lr=3.000000e-05
Saved new best model to /tmp/bow_mlp_imdb_9k0e6bqg.pt
Epoch 87/301 | train_loss=5.2843 train_acc=79.61% | val_loss=0.5324 val_acc=79.06% | lr=3.000000e-05
Epoch 88/301 | train_loss=5.2541 train_acc=79.77% | val_loss=0.5299 val_acc=79.28% | lr=3.000000e-05
Saved new best model to /tmp/bow_mlp_imdb_9k0e6bqg.pt
Epoch 89/301 | train_loss=5.2245 train_acc=79.91% | val_loss=0.5273 val_acc=79.30% | lr=3.000000e-05
Saved new best model to /tmp/bow_mlp_imdb_9k0e6bqg.pt
Epoch 90/301 | train_loss=5.1935 train_acc=80.03% | val_loss=0.5248 val_acc=79.64% | lr=3.000000e-05
Saved new best model to /tmp/bow_mlp_imdb_9k0e6bqg.pt
Epoch 91/301 | train_loss=5.1643 train_acc=80.17% | val_loss=0.5224 val_acc=79.60% | lr=3.000000e-05
Epoch 92/301 | train_loss=5.1352 train_acc=80.31% | val_loss=0.5200 val_acc=79.68% | lr=3.000000e-05
Saved new best model to /tmp/bow_mlp_imdb_9k0e6bqg.pt
Epoch 93/301 | train_loss=5.1064 train_acc=80.38% | val_loss=0.5178 val_acc=79.76% | lr=3.000000e-05
Saved new best model to /tmp/bow_mlp_imdb_9k0e6bqg.pt
Epoch 94/301 | train_loss=5.0777 train_acc=80.46% | val_loss=0.5154 val_acc=79.92% | lr=3.000000e-05
Saved new best model to /tmp/bow_mlp_imdb_9k0e6bqg.pt
Epoch 95/301 | train_loss=5.0504 train_acc=80.62% | val_loss=0.5131 val_acc=80.02% | lr=3.000000e-05
Saved new best model to /tmp/bow_mlp_imdb_9k0e6bqg.pt
Epoch 96/301 | train_loss=5.0227 train_acc=80.77% | val_loss=0.5109 val_acc=80.34% | lr=3.000000e-05
Saved new best model to /tmp/bow_mlp_imdb_9k0e6bqg.pt
Epoch 97/301 | train_loss=4.9952 train_acc=80.83% | val_loss=0.5086 val_acc=80.20% | lr=3.000000e-05
Epoch 98/301 | train_loss=4.9689 train_acc=80.91% | val_loss=0.5063 val_acc=80.36% | lr=3.000000e-05
Saved new best model to /tmp/bow_mlp_imdb_9k0e6bqg.pt
Epoch 99/301 | train_loss=4.9414 train_acc=80.98% | val_loss=0.5041 val_acc=80.38% | lr=3.000000e-05
Saved new best model to /tmp/bow_mlp_imdb_9k0e6bqg.pt
Epoch 100/301 | train_loss=4.9162 train_acc=81.12% | val_loss=0.5019 val_acc=80.48% | lr=3.000000e-05
Saved new best model to /tmp/bow_mlp_imdb_9k0e6bqg.pt
Epoch 101/301 | train_loss=4.8903 train_acc=81.27% | val_loss=0.4996 val_acc=80.70% | lr=3.000000e-05
Saved new best model to /tmp/bow_mlp_imdb_9k0e6bqg.pt
Epoch 102/301 | train_loss=4.8648 train_acc=81.34% | val_loss=0.4975 val_acc=80.90% | lr=3.000000e-05
Saved new best model to /tmp/bow_mlp_imdb_9k0e6bqg.pt
Epoch 103/301 | train_loss=4.8409 train_acc=81.42% | val_loss=0.4954 val_acc=80.76% | lr=3.000000e-05
Epoch 104/301 | train_loss=4.8151 train_acc=81.45% | val_loss=0.4933 val_acc=80.88% | lr=3.000000e-05
Epoch 105/301 | train_loss=4.7910 train_acc=81.64% | val_loss=0.4913 val_acc=81.04% | lr=3.000000e-05
Saved new best model to /tmp/bow_mlp_imdb_9k0e6bqg.pt
Epoch 106/301 | train_loss=4.7661 train_acc=81.66% | val_loss=0.4891 val_acc=81.12% | lr=3.000000e-05
Saved new best model to /tmp/bow_mlp_imdb_9k0e6bqg.pt
Epoch 107/301 | train_loss=4.7444 train_acc=81.73% | val_loss=0.4870 val_acc=81.24% | lr=3.000000e-05
Saved new best model to /tmp/bow_mlp_imdb_9k0e6bqg.pt
Epoch 108/301 | train_loss=4.7197 train_acc=81.95% | val_loss=0.4850 val_acc=81.30% | lr=3.000000e-05
Saved new best model to /tmp/bow_mlp_imdb_9k0e6bqg.pt
Epoch 109/301 | train_loss=4.6960 train_acc=81.93% | val_loss=0.4832 val_acc=81.32% | lr=3.000000e-05
Saved new best model to /tmp/bow_mlp_imdb_9k0e6bqg.pt
Epoch 110/301 | train_loss=4.6737 train_acc=82.05% | val_loss=0.4810 val_acc=81.40% | lr=3.000000e-05
Saved new best model to /tmp/bow_mlp_imdb_9k0e6bqg.pt
Epoch 111/301 | train_loss=4.6508 train_acc=82.16% | val_loss=0.4790 val_acc=81.50% | lr=3.000000e-05
Saved new best model to /tmp/bow_mlp_imdb_9k0e6bqg.pt
Epoch 112/301 | train_loss=4.6297 train_acc=82.23% | val_loss=0.4770 val_acc=81.58% | lr=3.000000e-05
Saved new best model to /tmp/bow_mlp_imdb_9k0e6bqg.pt
Epoch 113/301 | train_loss=4.6073 train_acc=82.30% | val_loss=0.4752 val_acc=81.60% | lr=3.000000e-05
Saved new best model to /tmp/bow_mlp_imdb_9k0e6bqg.pt
Epoch 114/301 | train_loss=4.5858 train_acc=82.29% | val_loss=0.4732 val_acc=81.74% | lr=3.000000e-05
Saved new best model to /tmp/bow_mlp_imdb_9k0e6bqg.pt
Epoch 115/301 | train_loss=4.5641 train_acc=82.41% | val_loss=0.4715 val_acc=81.74% | lr=3.000000e-05
Epoch 116/301 | train_loss=4.5430 train_acc=82.47% | val_loss=0.4695 val_acc=81.92% | lr=3.000000e-05
Saved new best model to /tmp/bow_mlp_imdb_9k0e6bqg.pt
Epoch 117/301 | train_loss=4.5216 train_acc=82.49% | val_loss=0.4676 val_acc=82.02% | lr=3.000000e-05
Saved new best model to /tmp/bow_mlp_imdb_9k0e6bqg.pt
Epoch 118/301 | train_loss=4.5011 train_acc=82.56% | val_loss=0.4660 val_acc=82.04% | lr=3.000000e-05
Saved new best model to /tmp/bow_mlp_imdb_9k0e6bqg.pt
Epoch 119/301 | train_loss=4.4813 train_acc=82.64% | val_loss=0.4640 val_acc=82.18% | lr=3.000000e-05
Saved new best model to /tmp/bow_mlp_imdb_9k0e6bqg.pt
Epoch 120/301 | train_loss=4.4596 train_acc=82.76% | val_loss=0.4625 val_acc=82.12% | lr=3.000000e-05
Epoch 121/301 | train_loss=4.4410 train_acc=82.82% | val_loss=0.4605 val_acc=82.26% | lr=3.000000e-05
Saved new best model to /tmp/bow_mlp_imdb_9k0e6bqg.pt
Epoch 122/301 | train_loss=4.4213 train_acc=82.86% | val_loss=0.4587 val_acc=82.30% | lr=3.000000e-05
Saved new best model to /tmp/bow_mlp_imdb_9k0e6bqg.pt
Epoch 123/301 | train_loss=4.4025 train_acc=82.83% | val_loss=0.4570 val_acc=82.42% | lr=3.000000e-05
Saved new best model to /tmp/bow_mlp_imdb_9k0e6bqg.pt
Epoch 124/301 | train_loss=4.3826 train_acc=82.98% | val_loss=0.4553 val_acc=82.44% | lr=3.000000e-05
Saved new best model to /tmp/bow_mlp_imdb_9k0e6bqg.pt
Epoch 125/301 | train_loss=4.3640 train_acc=83.00% | val_loss=0.4537 val_acc=82.48% | lr=3.000000e-05
Saved new best model to /tmp/bow_mlp_imdb_9k0e6bqg.pt
Epoch 126/301 | train_loss=4.3449 train_acc=83.06% | val_loss=0.4520 val_acc=82.54% | lr=3.000000e-05
Saved new best model to /tmp/bow_mlp_imdb_9k0e6bqg.pt
Epoch 127/301 | train_loss=4.3261 train_acc=83.25% | val_loss=0.4507 val_acc=82.62% | lr=3.000000e-05
Saved new best model to /tmp/bow_mlp_imdb_9k0e6bqg.pt
Epoch 128/301 | train_loss=4.3080 train_acc=83.27% | val_loss=0.4488 val_acc=82.70% | lr=3.000000e-05
Saved new best model to /tmp/bow_mlp_imdb_9k0e6bqg.pt
Epoch 129/301 | train_loss=4.2913 train_acc=83.36% | val_loss=0.4472 val_acc=82.62% | lr=3.000000e-05
Epoch 130/301 | train_loss=4.2715 train_acc=83.31% | val_loss=0.4457 val_acc=82.80% | lr=3.000000e-05
Saved new best model to /tmp/bow_mlp_imdb_9k0e6bqg.pt
Epoch 131/301 | train_loss=4.2548 train_acc=83.49% | val_loss=0.4442 val_acc=82.90% | lr=3.000000e-05
Saved new best model to /tmp/bow_mlp_imdb_9k0e6bqg.pt
Epoch 132/301 | train_loss=4.2370 train_acc=83.48% | val_loss=0.4427 val_acc=82.92% | lr=3.000000e-05
Saved new best model to /tmp/bow_mlp_imdb_9k0e6bqg.pt
Epoch 133/301 | train_loss=4.2204 train_acc=83.54% | val_loss=0.4415 val_acc=82.86% | lr=3.000000e-05
Epoch 134/301 | train_loss=4.2025 train_acc=83.66% | val_loss=0.4397 val_acc=83.06% | lr=3.000000e-05
Saved new best model to /tmp/bow_mlp_imdb_9k0e6bqg.pt
Epoch 135/301 | train_loss=4.1854 train_acc=83.73% | val_loss=0.4384 val_acc=83.08% | lr=3.000000e-05
Saved new best model to /tmp/bow_mlp_imdb_9k0e6bqg.pt
Epoch 136/301 | train_loss=4.1693 train_acc=83.71% | val_loss=0.4369 val_acc=83.08% | lr=3.000000e-05
Epoch 137/301 | train_loss=4.1521 train_acc=83.84% | val_loss=0.4355 val_acc=83.24% | lr=3.000000e-05
Saved new best model to /tmp/bow_mlp_imdb_9k0e6bqg.pt
Epoch 138/301 | train_loss=4.1375 train_acc=83.86% | val_loss=0.4341 val_acc=83.14% | lr=3.000000e-05
Epoch 139/301 | train_loss=4.1214 train_acc=83.94% | val_loss=0.4328 val_acc=83.22% | lr=3.000000e-05
Epoch 140/301 | train_loss=4.1061 train_acc=83.99% | val_loss=0.4315 val_acc=83.34% | lr=3.000000e-05
Saved new best model to /tmp/bow_mlp_imdb_9k0e6bqg.pt
Epoch 141/301 | train_loss=4.0901 train_acc=84.03% | val_loss=0.4302 val_acc=83.40% | lr=3.000000e-05
Saved new best model to /tmp/bow_mlp_imdb_9k0e6bqg.pt
Epoch 142/301 | train_loss=4.0744 train_acc=84.09% | val_loss=0.4289 val_acc=83.42% | lr=3.000000e-05
Saved new best model to /tmp/bow_mlp_imdb_9k0e6bqg.pt
Epoch 143/301 | train_loss=4.0590 train_acc=84.14% | val_loss=0.4276 val_acc=83.38% | lr=3.000000e-05
Epoch 144/301 | train_loss=4.0436 train_acc=84.14% | val_loss=0.4265 val_acc=83.46% | lr=3.000000e-05
Saved new best model to /tmp/bow_mlp_imdb_9k0e6bqg.pt
Epoch 145/301 | train_loss=4.0285 train_acc=84.23% | val_loss=0.4254 val_acc=83.40% | lr=3.000000e-05
Epoch 146/301 | train_loss=4.0123 train_acc=84.23% | val_loss=0.4240 val_acc=83.56% | lr=3.000000e-05
Saved new best model to /tmp/bow_mlp_imdb_9k0e6bqg.pt
Epoch 147/301 | train_loss=3.9986 train_acc=84.27% | val_loss=0.4228 val_acc=83.52% | lr=3.000000e-05
Epoch 148/301 | train_loss=3.9832 train_acc=84.26% | val_loss=0.4220 val_acc=83.42% | lr=3.000000e-05
Epoch 149/301 | train_loss=3.9691 train_acc=84.36% | val_loss=0.4206 val_acc=83.62% | lr=3.000000e-05
Saved new best model to /tmp/bow_mlp_imdb_9k0e6bqg.pt
Epoch 150/301 | train_loss=3.9548 train_acc=84.31% | val_loss=0.4194 val_acc=83.50% | lr=3.000000e-05
Epoch 151/301 | train_loss=3.9399 train_acc=84.34% | val_loss=0.4185 val_acc=83.76% | lr=3.000000e-05
Saved new best model to /tmp/bow_mlp_imdb_9k0e6bqg.pt
Epoch 152/301 | train_loss=3.9257 train_acc=84.42% | val_loss=0.4172 val_acc=83.62% | lr=3.000000e-05
Epoch 153/301 | train_loss=3.9110 train_acc=84.41% | val_loss=0.4162 val_acc=83.72% | lr=3.000000e-05
Epoch 154/301 | train_loss=3.8974 train_acc=84.45% | val_loss=0.4151 val_acc=83.62% | lr=3.000000e-05
Epoch 155/301 | train_loss=3.8831 train_acc=84.48% | val_loss=0.4141 val_acc=83.66% | lr=3.000000e-05
Epoch 156/301 | train_loss=3.8694 train_acc=84.45% | val_loss=0.4132 val_acc=83.88% | lr=3.000000e-05
Saved new best model to /tmp/bow_mlp_imdb_9k0e6bqg.pt
Epoch 157/301 | train_loss=3.8554 train_acc=84.55% | val_loss=0.4121 val_acc=83.88% | lr=3.000000e-05
Epoch 158/301 | train_loss=3.8433 train_acc=84.55% | val_loss=0.4112 val_acc=83.64% | lr=3.000000e-05
Epoch 159/301 | train_loss=3.8282 train_acc=84.64% | val_loss=0.4102 val_acc=83.94% | lr=3.000000e-05
Saved new best model to /tmp/bow_mlp_imdb_9k0e6bqg.pt
Epoch 160/301 | train_loss=3.8168 train_acc=84.64% | val_loss=0.4092 val_acc=83.92% | lr=3.000000e-05
Epoch 161/301 | train_loss=3.8032 train_acc=84.67% | val_loss=0.4083 val_acc=83.92% | lr=3.000000e-05
Epoch 162/301 | train_loss=3.7900 train_acc=84.68% | val_loss=0.4073 val_acc=83.74% | lr=3.000000e-05
Epoch 163/301 | train_loss=3.7770 train_acc=84.72% | val_loss=0.4065 val_acc=83.76% | lr=3.000000e-05
Epoch 164/301 | train_loss=3.7643 train_acc=84.71% | val_loss=0.4056 val_acc=83.78% | lr=3.000000e-05
Epoch 165/301 | train_loss=3.7508 train_acc=84.72% | val_loss=0.4047 val_acc=83.76% | lr=3.000000e-05
Epoch 166/301 | train_loss=3.7385 train_acc=84.73% | val_loss=0.4038 val_acc=83.76% | lr=3.000000e-05
Epoch 167/301 | train_loss=3.7251 train_acc=84.78% | val_loss=0.4033 val_acc=84.00% | lr=3.000000e-05
Saved new best model to /tmp/bow_mlp_imdb_9k0e6bqg.pt
Epoch 168/301 | train_loss=3.7117 train_acc=84.81% | val_loss=0.4022 val_acc=83.88% | lr=3.000000e-05
Epoch 169/301 | train_loss=3.6999 train_acc=84.86% | val_loss=0.4013 val_acc=83.78% | lr=3.000000e-05
Epoch 170/301 | train_loss=3.6872 train_acc=84.91% | val_loss=0.4005 val_acc=83.86% | lr=3.000000e-05
Epoch 171/301 | train_loss=3.6738 train_acc=85.02% | val_loss=0.3999 val_acc=83.98% | lr=3.000000e-05
Epoch 172/301 | train_loss=3.6612 train_acc=84.97% | val_loss=0.3995 val_acc=84.10% | lr=3.000000e-05
Saved new best model to /tmp/bow_mlp_imdb_9k0e6bqg.pt
Epoch 173/301 | train_loss=3.6491 train_acc=85.02% | val_loss=0.3982 val_acc=83.86% | lr=3.000000e-05
Epoch 174/301 | train_loss=3.6364 train_acc=85.05% | val_loss=0.3976 val_acc=84.04% | lr=3.000000e-05
Epoch 175/301 | train_loss=3.6236 train_acc=84.98% | val_loss=0.3967 val_acc=83.86% | lr=3.000000e-05
Epoch 176/301 | train_loss=3.6111 train_acc=85.11% | val_loss=0.3961 val_acc=84.06% | lr=3.000000e-05
Epoch 177/301 | train_loss=3.5991 train_acc=85.09% | val_loss=0.3953 val_acc=83.82% | lr=3.000000e-05
Epoch 178/301 | train_loss=3.5870 train_acc=85.13% | val_loss=0.3946 val_acc=83.92% | lr=3.000000e-05
Epoch 179/301 | train_loss=3.5745 train_acc=85.17% | val_loss=0.3939 val_acc=83.96% | lr=3.000000e-05
Epoch 180/301 | train_loss=3.5609 train_acc=85.17% | val_loss=0.3932 val_acc=83.92% | lr=3.000000e-05
Epoch 181/301 | train_loss=3.5492 train_acc=85.22% | val_loss=0.3927 val_acc=84.08% | lr=3.000000e-05
Epoch 182/301 | train_loss=3.5372 train_acc=85.20% | val_loss=0.3919 val_acc=83.88% | lr=3.000000e-05
Epoch 183/301 | train_loss=3.5251 train_acc=85.19% | val_loss=0.3913 val_acc=83.94% | lr=3.000000e-05
Epoch 184/301 | train_loss=3.5132 train_acc=85.25% | val_loss=0.3907 val_acc=84.06% | lr=3.000000e-05
Epoch 185/301 | train_loss=3.5006 train_acc=85.30% | val_loss=0.3900 val_acc=83.92% | lr=3.000000e-05
Epoch 186/301 | train_loss=3.4886 train_acc=85.28% | val_loss=0.3894 val_acc=84.02% | lr=3.000000e-05
Epoch 187/301 | train_loss=3.4760 train_acc=85.32% | val_loss=0.3890 val_acc=84.18% | lr=3.000000e-05
Saved new best model to /tmp/bow_mlp_imdb_9k0e6bqg.pt
Epoch 188/301 | train_loss=3.4635 train_acc=85.38% | val_loss=0.3882 val_acc=84.04% | lr=3.000000e-05
Epoch 189/301 | train_loss=3.4508 train_acc=85.36% | val_loss=0.3876 val_acc=84.02% | lr=3.000000e-05
Epoch 190/301 | train_loss=3.4392 train_acc=85.38% | val_loss=0.3870 val_acc=83.90% | lr=3.000000e-05
Epoch 191/301 | train_loss=3.4263 train_acc=85.42% | val_loss=0.3864 val_acc=83.88% | lr=3.000000e-05
Epoch 192/301 | train_loss=3.4142 train_acc=85.42% | val_loss=0.3859 val_acc=84.04% | lr=3.000000e-05
Epoch 193/301 | train_loss=3.4025 train_acc=85.45% | val_loss=0.3854 val_acc=84.16% | lr=3.000000e-05
Epoch 194/301 | train_loss=3.3906 train_acc=85.46% | val_loss=0.3848 val_acc=84.14% | lr=3.000000e-05
Epoch 195/301 | train_loss=3.3791 train_acc=85.53% | val_loss=0.3847 val_acc=84.40% | lr=3.000000e-05
Saved new best model to /tmp/bow_mlp_imdb_9k0e6bqg.pt
Epoch 196/301 | train_loss=3.3674 train_acc=85.51% | val_loss=0.3839 val_acc=84.34% | lr=3.000000e-05
Epoch 197/301 | train_loss=3.3549 train_acc=85.52% | val_loss=0.3834 val_acc=84.30% | lr=3.000000e-05
Epoch 198/301 | train_loss=3.3435 train_acc=85.56% | val_loss=0.3828 val_acc=84.24% | lr=3.000000e-05
Epoch 199/301 | train_loss=3.3307 train_acc=85.53% | val_loss=0.3823 val_acc=84.30% | lr=3.000000e-05
Epoch 200/301 | train_loss=3.3188 train_acc=85.66% | val_loss=0.3819 val_acc=84.36% | lr=3.000000e-05
Epoch 201/301 | train_loss=3.3068 train_acc=85.63% | val_loss=0.3812 val_acc=84.12% | lr=3.000000e-05
Epoch 202/301 | train_loss=3.2941 train_acc=85.65% | val_loss=0.3808 val_acc=84.32% | lr=3.000000e-05
Epoch 203/301 | train_loss=3.2828 train_acc=85.67% | val_loss=0.3803 val_acc=84.26% | lr=3.000000e-05
Epoch 204/301 | train_loss=3.2712 train_acc=85.68% | val_loss=0.3799 val_acc=84.28% | lr=3.000000e-05
Epoch 205/301 | train_loss=3.2602 train_acc=85.69% | val_loss=0.3796 val_acc=84.44% | lr=3.000000e-05
Saved new best model to /tmp/bow_mlp_imdb_9k0e6bqg.pt
Epoch 206/301 | train_loss=3.2486 train_acc=85.64% | val_loss=0.3791 val_acc=84.46% | lr=3.000000e-05
Saved new best model to /tmp/bow_mlp_imdb_9k0e6bqg.pt
Epoch 207/301 | train_loss=3.2368 train_acc=85.72% | val_loss=0.3785 val_acc=84.08% | lr=3.000000e-05
Epoch 208/301 | train_loss=3.2259 train_acc=85.69% | val_loss=0.3783 val_acc=84.44% | lr=3.000000e-05
Epoch 209/301 | train_loss=3.2152 train_acc=85.80% | val_loss=0.3777 val_acc=84.22% | lr=3.000000e-05
Epoch 210/301 | train_loss=3.2028 train_acc=85.82% | val_loss=0.3774 val_acc=84.44% | lr=3.000000e-05
Epoch 211/301 | train_loss=3.1912 train_acc=85.82% | val_loss=0.3769 val_acc=84.36% | lr=3.000000e-05
Epoch 212/301 | train_loss=3.1805 train_acc=85.86% | val_loss=0.3765 val_acc=84.26% | lr=3.000000e-05
Epoch 213/301 | train_loss=3.1689 train_acc=85.92% | val_loss=0.3761 val_acc=84.26% | lr=3.000000e-05
Epoch 214/301 | train_loss=3.1571 train_acc=85.87% | val_loss=0.3757 val_acc=84.22% | lr=3.000000e-05
Epoch 215/301 | train_loss=3.1464 train_acc=85.95% | val_loss=0.3754 val_acc=84.28% | lr=3.000000e-05
Epoch 216/301 | train_loss=3.1355 train_acc=85.91% | val_loss=0.3750 val_acc=84.32% | lr=3.000000e-05
Epoch 217/301 | train_loss=3.1245 train_acc=85.91% | val_loss=0.3747 val_acc=84.24% | lr=3.000000e-05
Epoch 218/301 | train_loss=3.1141 train_acc=85.94% | val_loss=0.3743 val_acc=84.18% | lr=3.000000e-05
Epoch 219/301 | train_loss=3.1036 train_acc=85.97% | val_loss=0.3742 val_acc=84.58% | lr=3.000000e-05
Saved new best model to /tmp/bow_mlp_imdb_9k0e6bqg.pt
Epoch 220/301 | train_loss=3.0923 train_acc=85.93% | val_loss=0.3736 val_acc=84.28% | lr=3.000000e-05
Epoch 221/301 | train_loss=3.0816 train_acc=85.96% | val_loss=0.3733 val_acc=84.30% | lr=3.000000e-05
Epoch 222/301 | train_loss=3.0715 train_acc=86.00% | val_loss=0.3730 val_acc=84.32% | lr=3.000000e-05
Epoch 223/301 | train_loss=3.0613 train_acc=85.99% | val_loss=0.3727 val_acc=84.36% | lr=3.000000e-05
Epoch 224/301 | train_loss=3.0505 train_acc=85.99% | val_loss=0.3727 val_acc=84.58% | lr=3.000000e-05
Epoch 225/301 | train_loss=3.0419 train_acc=86.04% | val_loss=0.3721 val_acc=84.32% | lr=3.000000e-05
Epoch 226/301 | train_loss=3.0294 train_acc=86.04% | val_loss=0.3718 val_acc=84.34% | lr=3.000000e-05
Epoch 227/301 | train_loss=3.0206 train_acc=86.09% | val_loss=0.3716 val_acc=84.42% | lr=3.000000e-05
Epoch 228/301 | train_loss=3.0114 train_acc=86.11% | val_loss=0.3713 val_acc=84.52% | lr=3.000000e-05
Epoch 229/301 | train_loss=3.0013 train_acc=86.12% | val_loss=0.3712 val_acc=84.50% | lr=3.000000e-05
Epoch 230/301 | train_loss=2.9912 train_acc=86.09% | val_loss=0.3709 val_acc=84.52% | lr=3.000000e-05
Epoch 231/301 | train_loss=2.9812 train_acc=86.15% | val_loss=0.3706 val_acc=84.56% | lr=3.000000e-05
Epoch 232/301 | train_loss=2.9712 train_acc=86.15% | val_loss=0.3708 val_acc=84.68% | lr=3.000000e-05
Saved new best model to /tmp/bow_mlp_imdb_9k0e6bqg.pt
Epoch 233/301 | train_loss=2.9628 train_acc=86.16% | val_loss=0.3701 val_acc=84.58% | lr=3.000000e-05
Epoch 234/301 | train_loss=2.9533 train_acc=86.16% | val_loss=0.3699 val_acc=84.56% | lr=3.000000e-05
Epoch 235/301 | train_loss=2.9436 train_acc=86.18% | val_loss=0.3697 val_acc=84.48% | lr=3.000000e-05
Epoch 236/301 | train_loss=2.9344 train_acc=86.19% | val_loss=0.3693 val_acc=84.50% | lr=3.000000e-05
Epoch 237/301 | train_loss=2.9247 train_acc=86.22% | val_loss=0.3692 val_acc=84.58% | lr=3.000000e-05
Epoch 238/301 | train_loss=2.9158 train_acc=86.22% | val_loss=0.3694 val_acc=84.60% | lr=3.000000e-05
Epoch 239/301 | train_loss=2.9064 train_acc=86.22% | val_loss=0.3689 val_acc=84.46% | lr=3.000000e-05
Epoch 240/301 | train_loss=2.8977 train_acc=86.19% | val_loss=0.3685 val_acc=84.52% | lr=3.000000e-05
Epoch 241/301 | train_loss=2.8884 train_acc=86.28% | val_loss=0.3683 val_acc=84.54% | lr=3.000000e-05
Epoch 242/301 | train_loss=2.8783 train_acc=86.23% | val_loss=0.3682 val_acc=84.50% | lr=3.000000e-05
Epoch 243/301 | train_loss=2.8709 train_acc=86.28% | val_loss=0.3679 val_acc=84.50% | lr=3.000000e-05
Epoch 244/301 | train_loss=2.8612 train_acc=86.30% | val_loss=0.3685 val_acc=84.60% | lr=3.000000e-05
Epoch 245/301 | train_loss=2.8531 train_acc=86.35% | val_loss=0.3681 val_acc=84.62% | lr=3.000000e-05
Epoch 246/301 | train_loss=2.8443 train_acc=86.34% | val_loss=0.3677 val_acc=84.52% | lr=3.000000e-05
Epoch 247/301 | train_loss=2.8354 train_acc=86.33% | val_loss=0.3672 val_acc=84.50% | lr=3.000000e-05
Epoch 248/301 | train_loss=2.8278 train_acc=86.41% | val_loss=0.3669 val_acc=84.54% | lr=3.000000e-05
Epoch 249/301 | train_loss=2.8184 train_acc=86.31% | val_loss=0.3667 val_acc=84.52% | lr=3.000000e-05
Epoch 250/301 | train_loss=2.8102 train_acc=86.32% | val_loss=0.3669 val_acc=84.54% | lr=3.000000e-05
Epoch 251/301 | train_loss=2.8013 train_acc=86.39% | val_loss=0.3667 val_acc=84.56% | lr=3.000000e-05
Epoch 252/301 | train_loss=2.7933 train_acc=86.39% | val_loss=0.3662 val_acc=84.54% | lr=3.000000e-05
Epoch 253/301 | train_loss=2.7851 train_acc=86.45% | val_loss=0.3663 val_acc=84.62% | lr=3.000000e-05
Epoch 254/301 | train_loss=2.7760 train_acc=86.46% | val_loss=0.3662 val_acc=84.62% | lr=3.000000e-05
Epoch 255/301 | train_loss=2.7679 train_acc=86.45% | val_loss=0.3657 val_acc=84.52% | lr=3.000000e-05
Epoch 256/301 | train_loss=2.7598 train_acc=86.48% | val_loss=0.3657 val_acc=84.54% | lr=3.000000e-05
Epoch 257/301 | train_loss=2.7521 train_acc=86.48% | val_loss=0.3656 val_acc=84.54% | lr=3.000000e-05
Epoch 258/301 | train_loss=2.7439 train_acc=86.45% | val_loss=0.3656 val_acc=84.68% | lr=3.000000e-05
Epoch 259/301 | train_loss=2.7361 train_acc=86.52% | val_loss=0.3652 val_acc=84.58% | lr=3.000000e-05
Epoch 260/301 | train_loss=2.7275 train_acc=86.51% | val_loss=0.3654 val_acc=84.64% | lr=3.000000e-05
Epoch 261/301 | train_loss=2.7200 train_acc=86.58% | val_loss=0.3648 val_acc=84.52% | lr=3.000000e-05
Epoch 262/301 | train_loss=2.7121 train_acc=86.52% | val_loss=0.3648 val_acc=84.54% | lr=3.000000e-05
Epoch 263/301 | train_loss=2.7046 train_acc=86.56% | val_loss=0.3647 val_acc=84.58% | lr=3.000000e-05
Epoch 264/301 | train_loss=2.6960 train_acc=86.56% | val_loss=0.3646 val_acc=84.60% | lr=3.000000e-05
Epoch 265/301 | train_loss=2.6880 train_acc=86.52% | val_loss=0.3642 val_acc=84.54% | lr=3.000000e-05
Epoch 266/301 | train_loss=2.6811 train_acc=86.55% | val_loss=0.3647 val_acc=84.66% | lr=3.000000e-05
Epoch 267/301 | train_loss=2.6729 train_acc=86.62% | val_loss=0.3641 val_acc=84.60% | lr=3.000000e-05
Epoch 268/301 | train_loss=2.6653 train_acc=86.63% | val_loss=0.3638 val_acc=84.56% | lr=3.000000e-05
Epoch 269/301 | train_loss=2.6575 train_acc=86.62% | val_loss=0.3637 val_acc=84.56% | lr=3.000000e-05
Epoch 270/301 | train_loss=2.6495 train_acc=86.59% | val_loss=0.3637 val_acc=84.60% | lr=3.000000e-05
Epoch 271/301 | train_loss=2.6414 train_acc=86.65% | val_loss=0.3636 val_acc=84.62% | lr=3.000000e-05
Epoch 272/301 | train_loss=2.6350 train_acc=86.63% | val_loss=0.3634 val_acc=84.60% | lr=3.000000e-05
Epoch 273/301 | train_loss=2.6264 train_acc=86.67% | val_loss=0.3631 val_acc=84.56% | lr=3.000000e-05
Epoch 274/301 | train_loss=2.6197 train_acc=86.66% | val_loss=0.3630 val_acc=84.60% | lr=3.000000e-05
Epoch 275/301 | train_loss=2.6124 train_acc=86.65% | val_loss=0.3631 val_acc=84.62% | lr=3.000000e-05
Epoch 276/301 | train_loss=2.6047 train_acc=86.70% | val_loss=0.3628 val_acc=84.56% | lr=3.000000e-05
Epoch 277/301 | train_loss=2.5971 train_acc=86.68% | val_loss=0.3627 val_acc=84.60% | lr=3.000000e-05
Epoch 278/301 | train_loss=2.5896 train_acc=86.73% | val_loss=0.3626 val_acc=84.62% | lr=3.000000e-05
Epoch 279/301 | train_loss=2.5822 train_acc=86.67% | val_loss=0.3624 val_acc=84.64% | lr=3.000000e-05
Epoch 280/301 | train_loss=2.5751 train_acc=86.67% | val_loss=0.3622 val_acc=84.64% | lr=3.000000e-05
Epoch 281/301 | train_loss=2.5681 train_acc=86.75% | val_loss=0.3624 val_acc=84.60% | lr=3.000000e-05
Epoch 282/301 | train_loss=2.5603 train_acc=86.72% | val_loss=0.3621 val_acc=84.62% | lr=3.000000e-05
Epoch 283/301 | train_loss=2.5523 train_acc=86.77% | val_loss=0.3621 val_acc=84.60% | lr=3.000000e-05
Epoch 284/301 | train_loss=2.5454 train_acc=86.69% | val_loss=0.3619 val_acc=84.62% | lr=3.000000e-05
Epoch 285/301 | train_loss=2.5390 train_acc=86.77% | val_loss=0.3619 val_acc=84.60% | lr=3.000000e-05
Epoch 286/301 | train_loss=2.5321 train_acc=86.78% | val_loss=0.3618 val_acc=84.66% | lr=3.000000e-05
Epoch 287/301 | train_loss=2.5246 train_acc=86.74% | val_loss=0.3616 val_acc=84.62% | lr=3.000000e-05
Epoch 288/301 | train_loss=2.5173 train_acc=86.78% | val_loss=0.3616 val_acc=84.66% | lr=3.000000e-05
Epoch 289/301 | train_loss=2.5094 train_acc=86.80% | val_loss=0.3616 val_acc=84.66% | lr=3.000000e-05
Epoch 290/301 | train_loss=2.5027 train_acc=86.81% | val_loss=0.3614 val_acc=84.66% | lr=3.000000e-05
Epoch 291/301 | train_loss=2.4955 train_acc=86.78% | val_loss=0.3612 val_acc=84.66% | lr=3.000000e-05
Epoch 292/301 | train_loss=2.4886 train_acc=86.86% | val_loss=0.3610 val_acc=84.68% | lr=3.000000e-05
Epoch 293/301 | train_loss=2.4819 train_acc=86.84% | val_loss=0.3613 val_acc=84.76% | lr=3.000000e-05
Saved new best model to /tmp/bow_mlp_imdb_9k0e6bqg.pt
Epoch 294/301 | train_loss=2.4754 train_acc=86.87% | val_loss=0.3609 val_acc=84.70% | lr=3.000000e-05
Epoch 295/301 | train_loss=2.4682 train_acc=86.91% | val_loss=0.3607 val_acc=84.70% | lr=3.000000e-05
Epoch 296/301 | train_loss=2.4607 train_acc=86.85% | val_loss=0.3605 val_acc=84.68% | lr=3.000000e-05
Epoch 297/301 | train_loss=2.4545 train_acc=86.89% | val_loss=0.3608 val_acc=84.68% | lr=3.000000e-05
Epoch 298/301 | train_loss=2.4472 train_acc=86.89% | val_loss=0.3603 val_acc=84.66% | lr=3.000000e-05
Epoch 299/301 | train_loss=2.4400 train_acc=86.91% | val_loss=0.3603 val_acc=84.72% | lr=3.000000e-05
Epoch 300/301 | train_loss=2.4333 train_acc=86.89% | val_loss=0.3605 val_acc=84.72% | lr=3.000000e-05
Epoch 301/301 | train_loss=2.4263 train_acc=86.93% | val_loss=0.3604 val_acc=84.74% | lr=3.000000e-05
Epoch 302/301 | train_loss=2.4187 train_acc=86.89% | val_loss=0.3602 val_acc=84.72% | lr=3.000000e-05
Epoch 303/301 | train_loss=2.4122 train_acc=86.91% | val_loss=0.3599 val_acc=84.68% | lr=3.000000e-05
Epoch 304/301 | train_loss=2.4055 train_acc=86.96% | val_loss=0.3603 val_acc=84.70% | lr=3.000000e-05
Epoch 305/301 | train_loss=2.3985 train_acc=86.95% | val_loss=0.3604 val_acc=84.78% | lr=3.000000e-05
Saved new best model to /tmp/bow_mlp_imdb_9k0e6bqg.pt
Epoch 306/301 | train_loss=2.3913 train_acc=86.93% | val_loss=0.3596 val_acc=84.80% | lr=3.000000e-05
Saved new best model to /tmp/bow_mlp_imdb_9k0e6bqg.pt
Epoch 307/301 | train_loss=2.3840 train_acc=86.98% | val_loss=0.3600 val_acc=84.70% | lr=3.000000e-05
Epoch 308/301 | train_loss=2.3784 train_acc=86.95% | val_loss=0.3597 val_acc=84.74% | lr=3.000000e-05
Epoch 309/301 | train_loss=2.3711 train_acc=87.00% | val_loss=0.3596 val_acc=84.70% | lr=3.000000e-05
Epoch 310/301 | train_loss=2.3642 train_acc=87.04% | val_loss=0.3595 val_acc=84.70% | lr=3.000000e-05
Epoch 311/301 | train_loss=2.3586 train_acc=87.02% | val_loss=0.3593 val_acc=84.76% | lr=3.000000e-05
Epoch 312/301 | train_loss=2.3513 train_acc=87.03% | val_loss=0.3592 val_acc=84.80% | lr=3.000000e-05
Epoch 313/301 | train_loss=2.3443 train_acc=87.02% | val_loss=0.3594 val_acc=84.78% | lr=3.000000e-05
Epoch 314/301 | train_loss=2.3378 train_acc=87.03% | val_loss=0.3590 val_acc=84.76% | lr=3.000000e-05
Epoch 315/301 | train_loss=2.3315 train_acc=87.05% | val_loss=0.3590 val_acc=84.74% | lr=3.000000e-05
Epoch 316/301 | train_loss=2.3248 train_acc=87.08% | val_loss=0.3590 val_acc=84.74% | lr=3.000000e-05
Epoch 317/301 | train_loss=2.3179 train_acc=87.01% | val_loss=0.3591 val_acc=84.74% | lr=3.000000e-05
Epoch 318/301 | train_loss=2.3119 train_acc=87.09% | val_loss=0.3589 val_acc=84.72% | lr=3.000000e-05
Epoch 319/301 | train_loss=2.3051 train_acc=87.12% | val_loss=0.3588 val_acc=84.72% | lr=3.000000e-05
Epoch 320/301 | train_loss=2.2989 train_acc=87.08% | val_loss=0.3587 val_acc=84.80% | lr=3.000000e-05
Epoch 321/301 | train_loss=2.2918 train_acc=87.09% | val_loss=0.3591 val_acc=84.88% | lr=3.000000e-05
Saved new best model to /tmp/bow_mlp_imdb_9k0e6bqg.pt
Epoch 322/301 | train_loss=2.2859 train_acc=87.06% | val_loss=0.3585 val_acc=84.80% | lr=3.000000e-05
Epoch 323/301 | train_loss=2.2785 train_acc=87.04% | val_loss=0.3585 val_acc=84.78% | lr=3.000000e-05
Epoch 324/301 | train_loss=2.2725 train_acc=87.09% | val_loss=0.3584 val_acc=84.84% | lr=3.000000e-05
Epoch 325/301 | train_loss=2.2662 train_acc=87.13% | val_loss=0.3584 val_acc=84.84% | lr=3.000000e-05
Epoch 326/301 | train_loss=2.2593 train_acc=87.13% | val_loss=0.3585 val_acc=84.84% | lr=3.000000e-05
Epoch 327/301 | train_loss=2.2532 train_acc=87.11% | val_loss=0.3582 val_acc=84.84% | lr=3.000000e-05
Epoch 328/301 | train_loss=2.2466 train_acc=87.11% | val_loss=0.3583 val_acc=84.86% | lr=3.000000e-05
Epoch 329/301 | train_loss=2.2396 train_acc=87.13% | val_loss=0.3582 val_acc=84.74% | lr=3.000000e-05
Epoch 330/301 | train_loss=2.2344 train_acc=87.14% | val_loss=0.3585 val_acc=84.90% | lr=3.000000e-05
Saved new best model to /tmp/bow_mlp_imdb_9k0e6bqg.pt
Epoch 331/301 | train_loss=2.2276 train_acc=87.16% | val_loss=0.3580 val_acc=84.90% | lr=3.000000e-05
Epoch 332/301 | train_loss=2.2218 train_acc=87.17% | val_loss=0.3580 val_acc=84.92% | lr=3.000000e-05
Saved new best model to /tmp/bow_mlp_imdb_9k0e6bqg.pt
Epoch 333/301 | train_loss=2.2153 train_acc=87.19% | val_loss=0.3580 val_acc=84.96% | lr=3.000000e-05
Saved new best model to /tmp/bow_mlp_imdb_9k0e6bqg.pt
Epoch 334/301 | train_loss=2.2090 train_acc=87.20% | val_loss=0.3580 val_acc=84.98% | lr=3.000000e-05
Saved new best model to /tmp/bow_mlp_imdb_9k0e6bqg.pt
Epoch 335/301 | train_loss=2.2026 train_acc=87.17% | val_loss=0.3579 val_acc=84.98% | lr=3.000000e-05
Epoch 336/301 | train_loss=2.1962 train_acc=87.19% | val_loss=0.3579 val_acc=84.98% | lr=3.000000e-05
Epoch 337/301 | train_loss=2.1896 train_acc=87.19% | val_loss=0.3582 val_acc=84.92% | lr=3.000000e-05
Epoch 338/301 | train_loss=2.1842 train_acc=87.19% | val_loss=0.3577 val_acc=84.92% | lr=3.000000e-05
Epoch 339/301 | train_loss=2.1772 train_acc=87.21% | val_loss=0.3577 val_acc=84.94% | lr=3.000000e-05
Epoch 340/301 | train_loss=2.1708 train_acc=87.22% | val_loss=0.3581 val_acc=84.96% | lr=3.000000e-05
Epoch 341/301 | train_loss=2.1650 train_acc=87.22% | val_loss=0.3578 val_acc=84.90% | lr=3.000000e-05
Epoch 342/301 | train_loss=2.1589 train_acc=87.27% | val_loss=0.3576 val_acc=84.92% | lr=3.000000e-05
Epoch 343/301 | train_loss=2.1522 train_acc=87.22% | val_loss=0.3575 val_acc=84.96% | lr=3.000000e-05
Epoch 344/301 | train_loss=2.1464 train_acc=87.20% | val_loss=0.3577 val_acc=84.96% | lr=3.000000e-05
Epoch 345/301 | train_loss=2.1397 train_acc=87.26% | val_loss=0.3577 val_acc=84.96% | lr=3.000000e-05
Epoch 346/301 | train_loss=2.1340 train_acc=87.30% | val_loss=0.3580 val_acc=85.06% | lr=3.000000e-05
Saved new best model to /tmp/bow_mlp_imdb_9k0e6bqg.pt
Epoch 347/301 | train_loss=2.1277 train_acc=87.22% | val_loss=0.3575 val_acc=84.98% | lr=3.000000e-05
Epoch 348/301 | train_loss=2.1201 train_acc=87.30% | val_loss=0.3577 val_acc=85.02% | lr=3.000000e-05
Epoch 349/301 | train_loss=2.1144 train_acc=87.31% | val_loss=0.3577 val_acc=85.00% | lr=3.000000e-05
Epoch 350/301 | train_loss=2.1096 train_acc=87.27% | val_loss=0.3576 val_acc=84.98% | lr=3.000000e-05
Epoch 351/301 | train_loss=2.1043 train_acc=87.26% | val_loss=0.3573 val_acc=84.90% | lr=3.000000e-05
Epoch 352/301 | train_loss=2.0989 train_acc=87.30% | val_loss=0.3573 val_acc=84.92% | lr=3.000000e-05
Epoch 353/301 | train_loss=2.0934 train_acc=87.33% | val_loss=0.3572 val_acc=84.92% | lr=3.000000e-05
Epoch 354/301 | train_loss=2.0875 train_acc=87.30% | val_loss=0.3575 val_acc=85.00% | lr=3.000000e-05
Epoch 355/301 | train_loss=2.0820 train_acc=87.28% | val_loss=0.3573 val_acc=85.04% | lr=3.000000e-05
Epoch 356/301 | train_loss=2.0762 train_acc=87.34% | val_loss=0.3573 val_acc=85.06% | lr=3.000000e-05
Epoch 357/301 | train_loss=2.0701 train_acc=87.30% | val_loss=0.3572 val_acc=85.00% | lr=3.000000e-05
Epoch 358/301 | train_loss=2.0648 train_acc=87.32% | val_loss=0.3575 val_acc=84.98% | lr=3.000000e-05
Epoch 359/301 | train_loss=2.0586 train_acc=87.33% | val_loss=0.3573 val_acc=85.06% | lr=3.000000e-05
Epoch 360/301 | train_loss=2.0525 train_acc=87.36% | val_loss=0.3572 val_acc=84.96% | lr=3.000000e-05
Epoch 361/301 | train_loss=2.0471 train_acc=87.30% | val_loss=0.3570 val_acc=84.92% | lr=3.000000e-05
Epoch 362/301 | train_loss=2.0420 train_acc=87.38% | val_loss=0.3571 val_acc=84.92% | lr=3.000000e-05
Epoch 363/301 | train_loss=2.0347 train_acc=87.39% | val_loss=0.3571 val_acc=84.92% | lr=3.000000e-05
Epoch 364/301 | train_loss=2.0290 train_acc=87.37% | val_loss=0.3570 val_acc=84.92% | lr=3.000000e-05
Epoch 365/301 | train_loss=2.0233 train_acc=87.39% | val_loss=0.3570 val_acc=84.94% | lr=3.000000e-05
Epoch 366/301 | train_loss=2.0174 train_acc=87.36% | val_loss=0.3570 val_acc=84.88% | lr=3.000000e-05
Epoch 367/301 | train_loss=2.0115 train_acc=87.31% | val_loss=0.3569 val_acc=84.82% | lr=3.000000e-05
Epoch 368/301 | train_loss=2.0058 train_acc=87.39% | val_loss=0.3569 val_acc=84.92% | lr=3.000000e-05
Epoch 369/301 | train_loss=1.9993 train_acc=87.44% | val_loss=0.3574 val_acc=85.14% | lr=3.000000e-05
Saved new best model to /tmp/bow_mlp_imdb_9k0e6bqg.pt
Epoch 370/301 | train_loss=1.9941 train_acc=87.45% | val_loss=0.3570 val_acc=84.98% | lr=3.000000e-05
Epoch 371/301 | train_loss=1.9879 train_acc=87.39% | val_loss=0.3572 val_acc=85.12% | lr=3.000000e-05
Epoch 372/301 | train_loss=1.9822 train_acc=87.38% | val_loss=0.3569 val_acc=84.98% | lr=3.000000e-05
Epoch 373/301 | train_loss=1.9760 train_acc=87.50% | val_loss=0.3573 val_acc=85.10% | lr=3.000000e-05
Epoch 374/301 | train_loss=1.9700 train_acc=87.38% | val_loss=0.3569 val_acc=85.00% | lr=3.000000e-05
Epoch 375/301 | train_loss=1.9646 train_acc=87.41% | val_loss=0.3568 val_acc=84.84% | lr=3.000000e-05
Epoch 376/301 | train_loss=1.9584 train_acc=87.44% | val_loss=0.3570 val_acc=85.02% | lr=3.000000e-05
Epoch 377/301 | train_loss=1.9530 train_acc=87.48% | val_loss=0.3571 val_acc=85.06% | lr=3.000000e-05
Epoch 378/301 | train_loss=1.9480 train_acc=87.42% | val_loss=0.3571 val_acc=85.04% | lr=3.000000e-05
Epoch 379/301 | train_loss=1.9425 train_acc=87.41% | val_loss=0.3568 val_acc=84.98% | lr=3.000000e-05
Epoch 380/301 | train_loss=1.9358 train_acc=87.42% | val_loss=0.3568 val_acc=84.96% | lr=3.000000e-05
Epoch 381/301 | train_loss=1.9300 train_acc=87.44% | val_loss=0.3571 val_acc=85.10% | lr=3.000000e-05
Epoch 382/301 | train_loss=1.9248 train_acc=87.39% | val_loss=0.3568 val_acc=84.92% | lr=3.000000e-05
Epoch 383/301 | train_loss=1.9192 train_acc=87.50% | val_loss=0.3568 val_acc=84.94% | lr=3.000000e-05
Validation loss has not improved for 8 epochs. Stopping training.
Test loss=0.3473 | Test accuracy=85.56%
