Loading IMDb dataset from local disk: /home/daniel/l/masteruppsats/np-reg/language/data/imdb_hf
Using device: cuda
BoW vocab size: 1562
Epoch 1/301 | train_loss=0.8078 train_acc=49.94% | val_loss=0.8002 val_acc=49.96% | lr=1.000000e-05
Saved new best model to /tmp/bow_mlp_imdb_bg62xp5i.pt
Epoch 2/301 | train_loss=0.7872 train_acc=50.09% | val_loss=0.7834 val_acc=50.02% | lr=1.000000e-05
Saved new best model to /tmp/bow_mlp_imdb_bg62xp5i.pt
Epoch 3/301 | train_loss=0.7686 train_acc=50.22% | val_loss=0.7637 val_acc=50.12% | lr=1.000000e-05
Saved new best model to /tmp/bow_mlp_imdb_bg62xp5i.pt
Epoch 4/301 | train_loss=0.7517 train_acc=50.41% | val_loss=0.7515 val_acc=50.38% | lr=1.000000e-05
Saved new best model to /tmp/bow_mlp_imdb_bg62xp5i.pt
Epoch 5/301 | train_loss=0.7365 train_acc=50.72% | val_loss=0.7383 val_acc=50.56% | lr=1.000000e-05
Saved new best model to /tmp/bow_mlp_imdb_bg62xp5i.pt
Epoch 6/301 | train_loss=0.7221 train_acc=51.16% | val_loss=0.7234 val_acc=50.84% | lr=1.000000e-05
Saved new best model to /tmp/bow_mlp_imdb_bg62xp5i.pt
Epoch 7/301 | train_loss=0.7099 train_acc=51.51% | val_loss=0.7117 val_acc=51.12% | lr=1.000000e-05
Saved new best model to /tmp/bow_mlp_imdb_bg62xp5i.pt
Epoch 8/301 | train_loss=0.6975 train_acc=52.02% | val_loss=0.6970 val_acc=51.78% | lr=1.000000e-05
Saved new best model to /tmp/bow_mlp_imdb_bg62xp5i.pt
Epoch 9/301 | train_loss=0.6855 train_acc=52.73% | val_loss=0.6862 val_acc=52.44% | lr=1.000000e-05
Saved new best model to /tmp/bow_mlp_imdb_bg62xp5i.pt
Epoch 10/301 | train_loss=0.6729 train_acc=53.60% | val_loss=0.6743 val_acc=53.32% | lr=1.000000e-05
Saved new best model to /tmp/bow_mlp_imdb_bg62xp5i.pt
Epoch 11/301 | train_loss=0.6606 train_acc=54.53% | val_loss=0.6600 val_acc=54.44% | lr=1.000000e-05
Saved new best model to /tmp/bow_mlp_imdb_bg62xp5i.pt
Epoch 12/301 | train_loss=0.6489 train_acc=55.47% | val_loss=0.6498 val_acc=55.16% | lr=1.000000e-05
Saved new best model to /tmp/bow_mlp_imdb_bg62xp5i.pt
Epoch 13/301 | train_loss=0.6397 train_acc=56.34% | val_loss=0.6441 val_acc=55.52% | lr=1.000000e-05
Saved new best model to /tmp/bow_mlp_imdb_bg62xp5i.pt
Epoch 14/301 | train_loss=0.6302 train_acc=57.10% | val_loss=0.6369 val_acc=56.32% | lr=1.000000e-05
Saved new best model to /tmp/bow_mlp_imdb_bg62xp5i.pt
Epoch 15/301 | train_loss=0.6220 train_acc=58.05% | val_loss=0.6275 val_acc=57.40% | lr=1.000000e-05
Saved new best model to /tmp/bow_mlp_imdb_bg62xp5i.pt
Epoch 16/301 | train_loss=0.6137 train_acc=58.99% | val_loss=0.6176 val_acc=59.10% | lr=1.000000e-05
Saved new best model to /tmp/bow_mlp_imdb_bg62xp5i.pt
Epoch 17/301 | train_loss=0.6070 train_acc=60.10% | val_loss=0.6103 val_acc=60.18% | lr=1.000000e-05
Saved new best model to /tmp/bow_mlp_imdb_bg62xp5i.pt
Epoch 18/301 | train_loss=0.5996 train_acc=61.08% | val_loss=0.6070 val_acc=60.30% | lr=1.000000e-05
Saved new best model to /tmp/bow_mlp_imdb_bg62xp5i.pt
Epoch 19/301 | train_loss=0.5932 train_acc=62.11% | val_loss=0.6027 val_acc=60.76% | lr=1.000000e-05
Saved new best model to /tmp/bow_mlp_imdb_bg62xp5i.pt
Epoch 20/301 | train_loss=0.5866 train_acc=62.93% | val_loss=0.5919 val_acc=62.54% | lr=1.000000e-05
Saved new best model to /tmp/bow_mlp_imdb_bg62xp5i.pt
Epoch 21/301 | train_loss=0.5806 train_acc=63.92% | val_loss=0.5919 val_acc=63.06% | lr=1.000000e-05
Saved new best model to /tmp/bow_mlp_imdb_bg62xp5i.pt
Epoch 22/301 | train_loss=0.5741 train_acc=64.95% | val_loss=0.5848 val_acc=63.40% | lr=1.000000e-05
Saved new best model to /tmp/bow_mlp_imdb_bg62xp5i.pt
Epoch 23/301 | train_loss=0.5687 train_acc=65.88% | val_loss=0.5769 val_acc=64.88% | lr=1.000000e-05
Saved new best model to /tmp/bow_mlp_imdb_bg62xp5i.pt
Epoch 24/301 | train_loss=0.5630 train_acc=66.94% | val_loss=0.5761 val_acc=64.60% | lr=1.000000e-05
Epoch 25/301 | train_loss=0.5576 train_acc=67.73% | val_loss=0.5721 val_acc=65.44% | lr=1.000000e-05
Saved new best model to /tmp/bow_mlp_imdb_bg62xp5i.pt
Epoch 26/301 | train_loss=0.5519 train_acc=68.66% | val_loss=0.5612 val_acc=67.98% | lr=1.000000e-05
Saved new best model to /tmp/bow_mlp_imdb_bg62xp5i.pt
Epoch 27/301 | train_loss=0.5465 train_acc=69.42% | val_loss=0.5598 val_acc=67.80% | lr=1.000000e-05
Epoch 28/301 | train_loss=0.5416 train_acc=70.12% | val_loss=0.5531 val_acc=69.06% | lr=1.000000e-05
Saved new best model to /tmp/bow_mlp_imdb_bg62xp5i.pt
Epoch 29/301 | train_loss=0.5363 train_acc=71.15% | val_loss=0.5495 val_acc=69.30% | lr=1.000000e-05
Saved new best model to /tmp/bow_mlp_imdb_bg62xp5i.pt
Epoch 30/301 | train_loss=0.5319 train_acc=71.94% | val_loss=0.5472 val_acc=69.92% | lr=1.000000e-05
Saved new best model to /tmp/bow_mlp_imdb_bg62xp5i.pt
Epoch 31/301 | train_loss=0.5273 train_acc=72.72% | val_loss=0.5431 val_acc=70.14% | lr=1.000000e-05
Saved new best model to /tmp/bow_mlp_imdb_bg62xp5i.pt
Epoch 32/301 | train_loss=0.5222 train_acc=73.54% | val_loss=0.5360 val_acc=71.78% | lr=1.000000e-05
Saved new best model to /tmp/bow_mlp_imdb_bg62xp5i.pt
Epoch 33/301 | train_loss=0.5180 train_acc=73.92% | val_loss=0.5315 val_acc=72.86% | lr=1.000000e-05
Saved new best model to /tmp/bow_mlp_imdb_bg62xp5i.pt
Epoch 34/301 | train_loss=0.5129 train_acc=74.87% | val_loss=0.5299 val_acc=73.86% | lr=1.000000e-05
Saved new best model to /tmp/bow_mlp_imdb_bg62xp5i.pt
Epoch 35/301 | train_loss=0.5087 train_acc=75.36% | val_loss=0.5313 val_acc=72.22% | lr=1.000000e-05
Epoch 36/301 | train_loss=0.5041 train_acc=76.14% | val_loss=0.5216 val_acc=74.06% | lr=1.000000e-05
Saved new best model to /tmp/bow_mlp_imdb_bg62xp5i.pt
Epoch 37/301 | train_loss=0.5003 train_acc=76.83% | val_loss=0.5132 val_acc=76.54% | lr=1.000000e-05
Saved new best model to /tmp/bow_mlp_imdb_bg62xp5i.pt
Epoch 38/301 | train_loss=0.4961 train_acc=77.20% | val_loss=0.5094 val_acc=75.96% | lr=1.000000e-05
Epoch 39/301 | train_loss=0.4922 train_acc=77.78% | val_loss=0.5057 val_acc=77.24% | lr=1.000000e-05
Saved new best model to /tmp/bow_mlp_imdb_bg62xp5i.pt
Epoch 40/301 | train_loss=0.4884 train_acc=78.27% | val_loss=0.5048 val_acc=77.66% | lr=1.000000e-05
Saved new best model to /tmp/bow_mlp_imdb_bg62xp5i.pt
Epoch 41/301 | train_loss=0.4845 train_acc=78.61% | val_loss=0.5055 val_acc=77.00% | lr=1.000000e-05
Epoch 42/301 | train_loss=0.4803 train_acc=79.14% | val_loss=0.4986 val_acc=77.98% | lr=1.000000e-05
Saved new best model to /tmp/bow_mlp_imdb_bg62xp5i.pt
Epoch 43/301 | train_loss=0.4771 train_acc=79.64% | val_loss=0.4975 val_acc=78.16% | lr=1.000000e-05
Saved new best model to /tmp/bow_mlp_imdb_bg62xp5i.pt
Epoch 44/301 | train_loss=0.4731 train_acc=79.92% | val_loss=0.4860 val_acc=79.96% | lr=1.000000e-05
Saved new best model to /tmp/bow_mlp_imdb_bg62xp5i.pt
Epoch 45/301 | train_loss=0.4692 train_acc=80.45% | val_loss=0.4917 val_acc=79.16% | lr=1.000000e-05
Epoch 46/301 | train_loss=0.4659 train_acc=80.81% | val_loss=0.4831 val_acc=79.70% | lr=1.000000e-05
Epoch 47/301 | train_loss=0.4625 train_acc=80.97% | val_loss=0.4835 val_acc=80.52% | lr=1.000000e-05
Saved new best model to /tmp/bow_mlp_imdb_bg62xp5i.pt
Epoch 48/301 | train_loss=0.4583 train_acc=81.42% | val_loss=0.4749 val_acc=80.76% | lr=1.000000e-05
Saved new best model to /tmp/bow_mlp_imdb_bg62xp5i.pt
Epoch 49/301 | train_loss=0.4552 train_acc=81.88% | val_loss=0.4713 val_acc=81.32% | lr=1.000000e-05
Saved new best model to /tmp/bow_mlp_imdb_bg62xp5i.pt
Epoch 50/301 | train_loss=0.4520 train_acc=82.12% | val_loss=0.4788 val_acc=80.00% | lr=1.000000e-05
Epoch 51/301 | train_loss=0.4482 train_acc=82.42% | val_loss=0.4682 val_acc=81.72% | lr=1.000000e-05
Saved new best model to /tmp/bow_mlp_imdb_bg62xp5i.pt
Epoch 52/301 | train_loss=0.4447 train_acc=82.70% | val_loss=0.4701 val_acc=80.96% | lr=1.000000e-05
Epoch 53/301 | train_loss=0.4424 train_acc=83.11% | val_loss=0.4633 val_acc=81.84% | lr=1.000000e-05
Saved new best model to /tmp/bow_mlp_imdb_bg62xp5i.pt
Epoch 54/301 | train_loss=0.4383 train_acc=83.45% | val_loss=0.4578 val_acc=82.76% | lr=1.000000e-05
Saved new best model to /tmp/bow_mlp_imdb_bg62xp5i.pt
Epoch 55/301 | train_loss=0.4356 train_acc=83.35% | val_loss=0.4632 val_acc=81.80% | lr=1.000000e-05
Epoch 56/301 | train_loss=0.4323 train_acc=83.86% | val_loss=0.4564 val_acc=81.88% | lr=1.000000e-05
Epoch 57/301 | train_loss=0.4287 train_acc=84.03% | val_loss=0.4538 val_acc=82.44% | lr=1.000000e-05
Epoch 58/301 | train_loss=0.4258 train_acc=84.15% | val_loss=0.4465 val_acc=83.00% | lr=1.000000e-05
Saved new best model to /tmp/bow_mlp_imdb_bg62xp5i.pt
Epoch 59/301 | train_loss=0.4237 train_acc=84.48% | val_loss=0.4556 val_acc=82.26% | lr=1.000000e-05
Epoch 60/301 | train_loss=0.4212 train_acc=84.39% | val_loss=0.4430 val_acc=83.66% | lr=1.000000e-05
Saved new best model to /tmp/bow_mlp_imdb_bg62xp5i.pt
Epoch 61/301 | train_loss=0.4173 train_acc=84.75% | val_loss=0.4432 val_acc=82.98% | lr=1.000000e-05
Epoch 62/301 | train_loss=0.4138 train_acc=85.06% | val_loss=0.4385 val_acc=83.40% | lr=1.000000e-05
Epoch 63/301 | train_loss=0.4122 train_acc=85.30% | val_loss=0.4400 val_acc=83.12% | lr=1.000000e-05
Epoch 64/301 | train_loss=0.4098 train_acc=85.38% | val_loss=0.4339 val_acc=83.52% | lr=1.000000e-05
Epoch 65/301 | train_loss=0.4060 train_acc=85.48% | val_loss=0.4331 val_acc=83.30% | lr=1.000000e-05
Epoch 66/301 | train_loss=0.4028 train_acc=85.70% | val_loss=0.4336 val_acc=83.78% | lr=1.000000e-05
Saved new best model to /tmp/bow_mlp_imdb_bg62xp5i.pt
Epoch 67/301 | train_loss=0.4007 train_acc=85.84% | val_loss=0.4288 val_acc=83.90% | lr=1.000000e-05
Saved new best model to /tmp/bow_mlp_imdb_bg62xp5i.pt
Epoch 68/301 | train_loss=0.3977 train_acc=86.17% | val_loss=0.4278 val_acc=83.66% | lr=1.000000e-05
Epoch 69/301 | train_loss=0.3952 train_acc=86.11% | val_loss=0.4225 val_acc=84.26% | lr=1.000000e-05
Saved new best model to /tmp/bow_mlp_imdb_bg62xp5i.pt
Epoch 70/301 | train_loss=0.3927 train_acc=86.25% | val_loss=0.4231 val_acc=84.30% | lr=1.000000e-05
Saved new best model to /tmp/bow_mlp_imdb_bg62xp5i.pt
Epoch 71/301 | train_loss=0.3911 train_acc=86.31% | val_loss=0.4153 val_acc=84.32% | lr=1.000000e-05
Saved new best model to /tmp/bow_mlp_imdb_bg62xp5i.pt
Epoch 72/301 | train_loss=0.3887 train_acc=86.48% | val_loss=0.4154 val_acc=84.10% | lr=1.000000e-05
Epoch 73/301 | train_loss=0.3857 train_acc=86.59% | val_loss=0.4228 val_acc=83.78% | lr=1.000000e-05
Epoch 74/301 | train_loss=0.3828 train_acc=86.73% | val_loss=0.4126 val_acc=84.52% | lr=1.000000e-05
Saved new best model to /tmp/bow_mlp_imdb_bg62xp5i.pt
Epoch 75/301 | train_loss=0.3804 train_acc=86.78% | val_loss=0.4080 val_acc=84.96% | lr=1.000000e-05
Saved new best model to /tmp/bow_mlp_imdb_bg62xp5i.pt
Epoch 76/301 | train_loss=0.3788 train_acc=87.02% | val_loss=0.4110 val_acc=84.56% | lr=1.000000e-05
Epoch 77/301 | train_loss=0.3758 train_acc=87.11% | val_loss=0.4058 val_acc=84.58% | lr=1.000000e-05
Epoch 78/301 | train_loss=0.3746 train_acc=86.91% | val_loss=0.4094 val_acc=84.50% | lr=1.000000e-05
Epoch 79/301 | train_loss=0.3719 train_acc=87.07% | val_loss=0.4038 val_acc=84.74% | lr=1.000000e-05
Epoch 80/301 | train_loss=0.3696 train_acc=87.04% | val_loss=0.4101 val_acc=84.34% | lr=1.000000e-05
Epoch 81/301 | train_loss=0.3659 train_acc=87.41% | val_loss=0.4090 val_acc=84.46% | lr=1.000000e-05
Epoch 82/301 | train_loss=0.3664 train_acc=87.24% | val_loss=0.3995 val_acc=85.20% | lr=1.000000e-05
Saved new best model to /tmp/bow_mlp_imdb_bg62xp5i.pt
Epoch 83/301 | train_loss=0.3632 train_acc=87.46% | val_loss=0.4028 val_acc=84.32% | lr=1.000000e-05
Epoch 84/301 | train_loss=0.3599 train_acc=87.58% | val_loss=0.3965 val_acc=84.86% | lr=1.000000e-05
Epoch 85/301 | train_loss=0.3590 train_acc=87.68% | val_loss=0.3946 val_acc=85.00% | lr=1.000000e-05
Epoch 86/301 | train_loss=0.3560 train_acc=87.70% | val_loss=0.3969 val_acc=85.26% | lr=1.000000e-05
Saved new best model to /tmp/bow_mlp_imdb_bg62xp5i.pt
Epoch 87/301 | train_loss=0.3542 train_acc=87.81% | val_loss=0.3953 val_acc=84.98% | lr=1.000000e-05
Epoch 88/301 | train_loss=0.3528 train_acc=87.81% | val_loss=0.3924 val_acc=85.16% | lr=1.000000e-05
Epoch 89/301 | train_loss=0.3512 train_acc=87.84% | val_loss=0.3885 val_acc=85.28% | lr=1.000000e-05
Saved new best model to /tmp/bow_mlp_imdb_bg62xp5i.pt
Epoch 90/301 | train_loss=0.3475 train_acc=88.14% | val_loss=0.3933 val_acc=85.02% | lr=1.000000e-05
Epoch 91/301 | train_loss=0.3466 train_acc=87.94% | val_loss=0.3906 val_acc=85.26% | lr=1.000000e-05
Epoch 92/301 | train_loss=0.3437 train_acc=88.21% | val_loss=0.3863 val_acc=85.20% | lr=1.000000e-05
Epoch 93/301 | train_loss=0.3432 train_acc=88.12% | val_loss=0.3841 val_acc=85.34% | lr=1.000000e-05
Saved new best model to /tmp/bow_mlp_imdb_bg62xp5i.pt
Epoch 94/301 | train_loss=0.3404 train_acc=88.29% | val_loss=0.3807 val_acc=85.24% | lr=1.000000e-05
Epoch 95/301 | train_loss=0.3389 train_acc=88.14% | val_loss=0.3792 val_acc=85.40% | lr=1.000000e-05
Saved new best model to /tmp/bow_mlp_imdb_bg62xp5i.pt
Epoch 96/301 | train_loss=0.3379 train_acc=88.09% | val_loss=0.3851 val_acc=85.18% | lr=1.000000e-05
Epoch 97/301 | train_loss=0.3341 train_acc=88.66% | val_loss=0.3807 val_acc=85.40% | lr=1.000000e-05
Epoch 98/301 | train_loss=0.3335 train_acc=88.47% | val_loss=0.3790 val_acc=85.30% | lr=1.000000e-05
Epoch 99/301 | train_loss=0.3311 train_acc=88.55% | val_loss=0.3773 val_acc=85.50% | lr=1.000000e-05
Saved new best model to /tmp/bow_mlp_imdb_bg62xp5i.pt
Epoch 100/301 | train_loss=0.3309 train_acc=88.52% | val_loss=0.3727 val_acc=85.46% | lr=1.000000e-05
Epoch 101/301 | train_loss=0.3292 train_acc=88.49% | val_loss=0.3753 val_acc=85.52% | lr=1.000000e-05
Saved new best model to /tmp/bow_mlp_imdb_bg62xp5i.pt
Epoch 102/301 | train_loss=0.3271 train_acc=88.50% | val_loss=0.3772 val_acc=85.28% | lr=1.000000e-05
Epoch 103/301 | train_loss=0.3250 train_acc=88.82% | val_loss=0.3766 val_acc=85.48% | lr=1.000000e-05
Epoch 104/301 | train_loss=0.3238 train_acc=88.57% | val_loss=0.3738 val_acc=85.54% | lr=1.000000e-05
Saved new best model to /tmp/bow_mlp_imdb_bg62xp5i.pt
Epoch 105/301 | train_loss=0.3230 train_acc=88.62% | val_loss=0.3745 val_acc=85.50% | lr=1.000000e-05
Epoch 106/301 | train_loss=0.3211 train_acc=88.72% | val_loss=0.3665 val_acc=85.14% | lr=1.000000e-05
Epoch 107/301 | train_loss=0.3196 train_acc=88.79% | val_loss=0.3699 val_acc=85.44% | lr=1.000000e-05
Epoch 108/301 | train_loss=0.3170 train_acc=89.20% | val_loss=0.3647 val_acc=85.28% | lr=1.000000e-05
Epoch 109/301 | train_loss=0.3167 train_acc=88.97% | val_loss=0.3646 val_acc=85.14% | lr=1.000000e-05
Epoch 110/301 | train_loss=0.3145 train_acc=89.00% | val_loss=0.3639 val_acc=85.12% | lr=1.000000e-05
Epoch 111/301 | train_loss=0.3137 train_acc=88.89% | val_loss=0.3634 val_acc=85.44% | lr=1.000000e-05
Epoch 112/301 | train_loss=0.3111 train_acc=89.11% | val_loss=0.3632 val_acc=85.22% | lr=1.000000e-05
Epoch 113/301 | train_loss=0.3106 train_acc=89.08% | val_loss=0.3616 val_acc=85.30% | lr=1.000000e-05
Epoch 114/301 | train_loss=0.3091 train_acc=89.04% | val_loss=0.3601 val_acc=85.38% | lr=1.000000e-05
Epoch 115/301 | train_loss=0.3076 train_acc=89.12% | val_loss=0.3609 val_acc=85.32% | lr=1.000000e-05
Epoch 116/301 | train_loss=0.3050 train_acc=89.38% | val_loss=0.3613 val_acc=85.40% | lr=1.000000e-05
Epoch 117/301 | train_loss=0.3057 train_acc=89.08% | val_loss=0.3616 val_acc=85.64% | lr=1.000000e-05
Saved new best model to /tmp/bow_mlp_imdb_bg62xp5i.pt
Epoch 118/301 | train_loss=0.3032 train_acc=89.32% | val_loss=0.3592 val_acc=84.76% | lr=1.000000e-05
Epoch 119/301 | train_loss=0.3023 train_acc=89.14% | val_loss=0.3585 val_acc=85.24% | lr=1.000000e-05
Epoch 120/301 | train_loss=0.3018 train_acc=89.20% | val_loss=0.3575 val_acc=85.14% | lr=1.000000e-05
Epoch 121/301 | train_loss=0.3010 train_acc=89.28% | val_loss=0.3588 val_acc=85.58% | lr=1.000000e-05
Epoch 122/301 | train_loss=0.2992 train_acc=89.28% | val_loss=0.3563 val_acc=85.26% | lr=1.000000e-05
Epoch 123/301 | train_loss=0.2969 train_acc=89.36% | val_loss=0.3587 val_acc=85.28% | lr=1.000000e-05
Epoch 124/301 | train_loss=0.2950 train_acc=89.50% | val_loss=0.3571 val_acc=85.34% | lr=1.000000e-05
Epoch 125/301 | train_loss=0.2936 train_acc=89.53% | val_loss=0.3521 val_acc=85.32% | lr=1.000000e-05
Epoch 126/301 | train_loss=0.2949 train_acc=89.30% | val_loss=0.3536 val_acc=85.36% | lr=1.000000e-05
Epoch 127/301 | train_loss=0.2914 train_acc=89.56% | val_loss=0.3502 val_acc=85.30% | lr=1.000000e-05
Epoch 128/301 | train_loss=0.2916 train_acc=89.42% | val_loss=0.3511 val_acc=85.10% | lr=1.000000e-05
Epoch 129/301 | train_loss=0.2898 train_acc=89.52% | val_loss=0.3520 val_acc=85.30% | lr=1.000000e-05
Epoch 130/301 | train_loss=0.2892 train_acc=89.69% | val_loss=0.3513 val_acc=85.30% | lr=1.000000e-05
Epoch 131/301 | train_loss=0.2877 train_acc=89.72% | val_loss=0.3515 val_acc=85.00% | lr=1.000000e-05
Epoch 132/301 | train_loss=0.2874 train_acc=89.53% | val_loss=0.3513 val_acc=85.30% | lr=1.000000e-05
Epoch 133/301 | train_loss=0.2855 train_acc=89.47% | val_loss=0.3505 val_acc=85.02% | lr=1.000000e-05
Epoch 134/301 | train_loss=0.2843 train_acc=89.66% | val_loss=0.3482 val_acc=85.10% | lr=1.000000e-05
Epoch 135/301 | train_loss=0.2842 train_acc=89.56% | val_loss=0.3516 val_acc=85.36% | lr=1.000000e-05
Epoch 136/301 | train_loss=0.2830 train_acc=89.81% | val_loss=0.3467 val_acc=85.32% | lr=1.000000e-05
Epoch 137/301 | train_loss=0.2837 train_acc=89.62% | val_loss=0.3510 val_acc=85.36% | lr=1.000000e-05
Epoch 138/301 | train_loss=0.2806 train_acc=89.69% | val_loss=0.3489 val_acc=85.36% | lr=1.000000e-05
Epoch 139/301 | train_loss=0.2810 train_acc=89.60% | val_loss=0.3475 val_acc=85.40% | lr=1.000000e-05
Epoch 140/301 | train_loss=0.2787 train_acc=89.78% | val_loss=0.3478 val_acc=85.16% | lr=1.000000e-05
Epoch 141/301 | train_loss=0.2775 train_acc=89.82% | val_loss=0.3546 val_acc=85.60% | lr=1.000000e-05
Epoch 142/301 | train_loss=0.2769 train_acc=89.90% | val_loss=0.3476 val_acc=85.28% | lr=1.000000e-05
Epoch 143/301 | train_loss=0.2776 train_acc=89.81% | val_loss=0.3470 val_acc=85.30% | lr=1.000000e-05
Epoch 144/301 | train_loss=0.2737 train_acc=89.95% | val_loss=0.3450 val_acc=84.88% | lr=1.000000e-05
Epoch 145/301 | train_loss=0.2733 train_acc=89.85% | val_loss=0.3444 val_acc=85.20% | lr=1.000000e-05
Epoch 146/301 | train_loss=0.2728 train_acc=89.89% | val_loss=0.3462 val_acc=85.22% | lr=1.000000e-05
Epoch 147/301 | train_loss=0.2722 train_acc=89.95% | val_loss=0.3470 val_acc=85.26% | lr=1.000000e-05
Epoch 148/301 | train_loss=0.2706 train_acc=90.12% | val_loss=0.3459 val_acc=85.22% | lr=1.000000e-05
Epoch 149/301 | train_loss=0.2698 train_acc=90.14% | val_loss=0.3455 val_acc=85.30% | lr=1.000000e-05
Epoch 150/301 | train_loss=0.2673 train_acc=90.20% | val_loss=0.3457 val_acc=85.24% | lr=1.000000e-05
Epoch 151/301 | train_loss=0.2711 train_acc=89.89% | val_loss=0.3425 val_acc=84.96% | lr=1.000000e-05
Epoch 152/301 | train_loss=0.2658 train_acc=90.18% | val_loss=0.3452 val_acc=85.16% | lr=1.000000e-05
Epoch 153/301 | train_loss=0.2673 train_acc=90.11% | val_loss=0.3419 val_acc=85.00% | lr=1.000000e-05
Epoch 154/301 | train_loss=0.2674 train_acc=90.03% | val_loss=0.3417 val_acc=84.94% | lr=1.000000e-05
Epoch 155/301 | train_loss=0.2665 train_acc=89.96% | val_loss=0.3433 val_acc=84.94% | lr=1.000000e-05
Epoch 156/301 | train_loss=0.2655 train_acc=90.14% | val_loss=0.3425 val_acc=84.88% | lr=1.000000e-05
Epoch 157/301 | train_loss=0.2647 train_acc=90.06% | val_loss=0.3438 val_acc=85.26% | lr=1.000000e-05
Epoch 158/301 | train_loss=0.2635 train_acc=90.09% | val_loss=0.3427 val_acc=85.10% | lr=1.000000e-05
Epoch 159/301 | train_loss=0.2620 train_acc=90.32% | val_loss=0.3465 val_acc=85.30% | lr=1.000000e-05
Epoch 160/301 | train_loss=0.2620 train_acc=90.33% | val_loss=0.3453 val_acc=85.06% | lr=1.000000e-05
Epoch 161/301 | train_loss=0.2604 train_acc=90.29% | val_loss=0.3445 val_acc=85.30% | lr=1.000000e-05
Epoch 162/301 | train_loss=0.2603 train_acc=90.27% | val_loss=0.3442 val_acc=85.26% | lr=1.000000e-05
Validation loss has not improved for 8 epochs. Stopping training.
Test loss=0.3606 | Test accuracy=85.02%
