Loading IMDb dataset from local disk: /home/daniel/l/masteruppsats/np-reg/language/data/imdb_hf
Using device: cuda
BoW vocab size: 1562
W0420 19:48:12.497000 710634 site-packages/torch/_inductor/utils.py:1679] [0/0] Not enough SMs to use max_autotune_gemm mode
Epoch 1/301 | train_loss=0.7470 train_acc=50.03% | val_loss=0.7426 val_acc=49.88% | lr=3.000000e-06
Saved new best model to /tmp/bow_mlp_imdb_gbqvoy4w.pt
Epoch 2/301 | train_loss=0.7369 train_acc=50.02% | val_loss=0.7336 val_acc=49.94% | lr=3.000000e-06
Saved new best model to /tmp/bow_mlp_imdb_gbqvoy4w.pt
Epoch 3/301 | train_loss=0.7285 train_acc=50.02% | val_loss=0.7263 val_acc=50.10% | lr=3.000000e-06
Saved new best model to /tmp/bow_mlp_imdb_gbqvoy4w.pt
Epoch 4/301 | train_loss=0.7233 train_acc=50.04% | val_loss=0.7207 val_acc=50.12% | lr=3.000000e-06
Saved new best model to /tmp/bow_mlp_imdb_gbqvoy4w.pt
Epoch 5/301 | train_loss=0.7176 train_acc=50.26% | val_loss=0.7161 val_acc=50.08% | lr=3.000000e-06
Epoch 6/301 | train_loss=0.7141 train_acc=50.23% | val_loss=0.7124 val_acc=50.30% | lr=3.000000e-06
Saved new best model to /tmp/bow_mlp_imdb_gbqvoy4w.pt
Epoch 7/301 | train_loss=0.7109 train_acc=50.39% | val_loss=0.7093 val_acc=50.58% | lr=3.000000e-06
Saved new best model to /tmp/bow_mlp_imdb_gbqvoy4w.pt
Epoch 8/301 | train_loss=0.7086 train_acc=50.61% | val_loss=0.7067 val_acc=50.90% | lr=3.000000e-06
Saved new best model to /tmp/bow_mlp_imdb_gbqvoy4w.pt
Epoch 9/301 | train_loss=0.7060 train_acc=50.94% | val_loss=0.7045 val_acc=51.04% | lr=3.000000e-06
Saved new best model to /tmp/bow_mlp_imdb_gbqvoy4w.pt
Epoch 10/301 | train_loss=0.7037 train_acc=51.24% | val_loss=0.7025 val_acc=51.32% | lr=3.000000e-06
Saved new best model to /tmp/bow_mlp_imdb_gbqvoy4w.pt
Epoch 11/301 | train_loss=0.7019 train_acc=51.40% | val_loss=0.7008 val_acc=51.60% | lr=3.000000e-06
Saved new best model to /tmp/bow_mlp_imdb_gbqvoy4w.pt
Epoch 12/301 | train_loss=0.7003 train_acc=51.72% | val_loss=0.6992 val_acc=51.80% | lr=3.000000e-06
Saved new best model to /tmp/bow_mlp_imdb_gbqvoy4w.pt
Epoch 13/301 | train_loss=0.6994 train_acc=51.62% | val_loss=0.6977 val_acc=52.10% | lr=3.000000e-06
Saved new best model to /tmp/bow_mlp_imdb_gbqvoy4w.pt
Epoch 14/301 | train_loss=0.6976 train_acc=51.84% | val_loss=0.6963 val_acc=52.48% | lr=3.000000e-06
Saved new best model to /tmp/bow_mlp_imdb_gbqvoy4w.pt
Epoch 15/301 | train_loss=0.6967 train_acc=52.07% | val_loss=0.6950 val_acc=52.46% | lr=3.000000e-06
Epoch 16/301 | train_loss=0.6956 train_acc=52.16% | val_loss=0.6937 val_acc=52.68% | lr=3.000000e-06
Saved new best model to /tmp/bow_mlp_imdb_gbqvoy4w.pt
Epoch 17/301 | train_loss=0.6942 train_acc=52.52% | val_loss=0.6924 val_acc=52.80% | lr=3.000000e-06
Saved new best model to /tmp/bow_mlp_imdb_gbqvoy4w.pt
Epoch 18/301 | train_loss=0.6927 train_acc=52.78% | val_loss=0.6912 val_acc=53.24% | lr=3.000000e-06
Saved new best model to /tmp/bow_mlp_imdb_gbqvoy4w.pt
Epoch 19/301 | train_loss=0.6915 train_acc=53.02% | val_loss=0.6899 val_acc=53.36% | lr=3.000000e-06
Saved new best model to /tmp/bow_mlp_imdb_gbqvoy4w.pt
Epoch 20/301 | train_loss=0.6898 train_acc=53.17% | val_loss=0.6887 val_acc=53.60% | lr=3.000000e-06
Saved new best model to /tmp/bow_mlp_imdb_gbqvoy4w.pt
Epoch 21/301 | train_loss=0.6884 train_acc=53.43% | val_loss=0.6874 val_acc=53.68% | lr=3.000000e-06
Saved new best model to /tmp/bow_mlp_imdb_gbqvoy4w.pt
Epoch 22/301 | train_loss=0.6872 train_acc=53.64% | val_loss=0.6862 val_acc=53.82% | lr=3.000000e-06
Saved new best model to /tmp/bow_mlp_imdb_gbqvoy4w.pt
Epoch 23/301 | train_loss=0.6868 train_acc=53.64% | val_loss=0.6850 val_acc=54.12% | lr=3.000000e-06
Saved new best model to /tmp/bow_mlp_imdb_gbqvoy4w.pt
Epoch 24/301 | train_loss=0.6849 train_acc=53.91% | val_loss=0.6837 val_acc=54.30% | lr=3.000000e-06
Saved new best model to /tmp/bow_mlp_imdb_gbqvoy4w.pt
Epoch 25/301 | train_loss=0.6835 train_acc=54.27% | val_loss=0.6824 val_acc=54.52% | lr=3.000000e-06
Saved new best model to /tmp/bow_mlp_imdb_gbqvoy4w.pt
Epoch 26/301 | train_loss=0.6830 train_acc=54.20% | val_loss=0.6809 val_acc=54.60% | lr=3.000000e-06
Saved new best model to /tmp/bow_mlp_imdb_gbqvoy4w.pt
Epoch 27/301 | train_loss=0.6804 train_acc=54.81% | val_loss=0.6793 val_acc=54.66% | lr=3.000000e-06
Saved new best model to /tmp/bow_mlp_imdb_gbqvoy4w.pt
Epoch 28/301 | train_loss=0.6793 train_acc=54.96% | val_loss=0.6775 val_acc=55.04% | lr=3.000000e-06
Saved new best model to /tmp/bow_mlp_imdb_gbqvoy4w.pt
Epoch 29/301 | train_loss=0.6771 train_acc=55.26% | val_loss=0.6757 val_acc=55.50% | lr=3.000000e-06
Saved new best model to /tmp/bow_mlp_imdb_gbqvoy4w.pt
Epoch 30/301 | train_loss=0.6752 train_acc=55.23% | val_loss=0.6739 val_acc=55.86% | lr=3.000000e-06
Saved new best model to /tmp/bow_mlp_imdb_gbqvoy4w.pt
Epoch 31/301 | train_loss=0.6739 train_acc=55.57% | val_loss=0.6722 val_acc=56.00% | lr=3.000000e-06
Saved new best model to /tmp/bow_mlp_imdb_gbqvoy4w.pt
Epoch 32/301 | train_loss=0.6722 train_acc=55.82% | val_loss=0.6705 val_acc=56.20% | lr=3.000000e-06
Saved new best model to /tmp/bow_mlp_imdb_gbqvoy4w.pt
Epoch 33/301 | train_loss=0.6703 train_acc=56.27% | val_loss=0.6688 val_acc=56.52% | lr=3.000000e-06
Saved new best model to /tmp/bow_mlp_imdb_gbqvoy4w.pt
Epoch 34/301 | train_loss=0.6687 train_acc=56.32% | val_loss=0.6672 val_acc=56.74% | lr=3.000000e-06
Saved new best model to /tmp/bow_mlp_imdb_gbqvoy4w.pt
Epoch 35/301 | train_loss=0.6677 train_acc=56.80% | val_loss=0.6656 val_acc=57.04% | lr=3.000000e-06
Saved new best model to /tmp/bow_mlp_imdb_gbqvoy4w.pt
Epoch 36/301 | train_loss=0.6652 train_acc=56.96% | val_loss=0.6640 val_acc=57.36% | lr=3.000000e-06
Saved new best model to /tmp/bow_mlp_imdb_gbqvoy4w.pt
Epoch 37/301 | train_loss=0.6642 train_acc=57.29% | val_loss=0.6624 val_acc=57.50% | lr=3.000000e-06
Saved new best model to /tmp/bow_mlp_imdb_gbqvoy4w.pt
Epoch 38/301 | train_loss=0.6631 train_acc=57.12% | val_loss=0.6608 val_acc=57.78% | lr=3.000000e-06
Saved new best model to /tmp/bow_mlp_imdb_gbqvoy4w.pt
Epoch 39/301 | train_loss=0.6611 train_acc=57.48% | val_loss=0.6592 val_acc=58.08% | lr=3.000000e-06
Saved new best model to /tmp/bow_mlp_imdb_gbqvoy4w.pt
Epoch 40/301 | train_loss=0.6589 train_acc=57.89% | val_loss=0.6576 val_acc=58.30% | lr=3.000000e-06
Saved new best model to /tmp/bow_mlp_imdb_gbqvoy4w.pt
Epoch 41/301 | train_loss=0.6575 train_acc=58.07% | val_loss=0.6561 val_acc=58.44% | lr=3.000000e-06
Saved new best model to /tmp/bow_mlp_imdb_gbqvoy4w.pt
Epoch 42/301 | train_loss=0.6558 train_acc=58.47% | val_loss=0.6545 val_acc=58.72% | lr=3.000000e-06
Saved new best model to /tmp/bow_mlp_imdb_gbqvoy4w.pt
Epoch 43/301 | train_loss=0.6552 train_acc=58.59% | val_loss=0.6528 val_acc=59.00% | lr=3.000000e-06
Saved new best model to /tmp/bow_mlp_imdb_gbqvoy4w.pt
Epoch 44/301 | train_loss=0.6528 train_acc=58.80% | val_loss=0.6511 val_acc=59.28% | lr=3.000000e-06
Saved new best model to /tmp/bow_mlp_imdb_gbqvoy4w.pt
Epoch 45/301 | train_loss=0.6515 train_acc=58.98% | val_loss=0.6494 val_acc=59.46% | lr=3.000000e-06
Saved new best model to /tmp/bow_mlp_imdb_gbqvoy4w.pt
Epoch 46/301 | train_loss=0.6498 train_acc=59.11% | val_loss=0.6475 val_acc=59.78% | lr=3.000000e-06
Saved new best model to /tmp/bow_mlp_imdb_gbqvoy4w.pt
Epoch 47/301 | train_loss=0.6468 train_acc=59.75% | val_loss=0.6455 val_acc=60.14% | lr=3.000000e-06
Saved new best model to /tmp/bow_mlp_imdb_gbqvoy4w.pt
Epoch 48/301 | train_loss=0.6458 train_acc=59.86% | val_loss=0.6436 val_acc=60.36% | lr=3.000000e-06
Saved new best model to /tmp/bow_mlp_imdb_gbqvoy4w.pt
Epoch 49/301 | train_loss=0.6437 train_acc=60.01% | val_loss=0.6417 val_acc=60.58% | lr=3.000000e-06
Saved new best model to /tmp/bow_mlp_imdb_gbqvoy4w.pt
Epoch 50/301 | train_loss=0.6413 train_acc=60.55% | val_loss=0.6397 val_acc=60.80% | lr=3.000000e-06
Saved new best model to /tmp/bow_mlp_imdb_gbqvoy4w.pt
Epoch 51/301 | train_loss=0.6406 train_acc=60.78% | val_loss=0.6378 val_acc=61.00% | lr=3.000000e-06
Saved new best model to /tmp/bow_mlp_imdb_gbqvoy4w.pt
Epoch 52/301 | train_loss=0.6377 train_acc=61.07% | val_loss=0.6358 val_acc=61.26% | lr=3.000000e-06
Saved new best model to /tmp/bow_mlp_imdb_gbqvoy4w.pt
Epoch 53/301 | train_loss=0.6361 train_acc=61.28% | val_loss=0.6339 val_acc=61.48% | lr=3.000000e-06
Saved new best model to /tmp/bow_mlp_imdb_gbqvoy4w.pt
Epoch 54/301 | train_loss=0.6343 train_acc=61.82% | val_loss=0.6321 val_acc=61.80% | lr=3.000000e-06
Saved new best model to /tmp/bow_mlp_imdb_gbqvoy4w.pt
Epoch 55/301 | train_loss=0.6322 train_acc=61.80% | val_loss=0.6303 val_acc=62.16% | lr=3.000000e-06
Saved new best model to /tmp/bow_mlp_imdb_gbqvoy4w.pt
Epoch 56/301 | train_loss=0.6308 train_acc=62.29% | val_loss=0.6285 val_acc=62.56% | lr=3.000000e-06
Saved new best model to /tmp/bow_mlp_imdb_gbqvoy4w.pt
Epoch 57/301 | train_loss=0.6292 train_acc=62.20% | val_loss=0.6267 val_acc=62.86% | lr=3.000000e-06
Saved new best model to /tmp/bow_mlp_imdb_gbqvoy4w.pt
Epoch 58/301 | train_loss=0.6274 train_acc=62.80% | val_loss=0.6249 val_acc=63.22% | lr=3.000000e-06
Saved new best model to /tmp/bow_mlp_imdb_gbqvoy4w.pt
Epoch 59/301 | train_loss=0.6261 train_acc=62.81% | val_loss=0.6232 val_acc=63.46% | lr=3.000000e-06
Saved new best model to /tmp/bow_mlp_imdb_gbqvoy4w.pt
Epoch 60/301 | train_loss=0.6235 train_acc=63.23% | val_loss=0.6215 val_acc=63.76% | lr=3.000000e-06
Saved new best model to /tmp/bow_mlp_imdb_gbqvoy4w.pt
Epoch 61/301 | train_loss=0.6219 train_acc=63.59% | val_loss=0.6198 val_acc=64.08% | lr=3.000000e-06
Saved new best model to /tmp/bow_mlp_imdb_gbqvoy4w.pt
Epoch 62/301 | train_loss=0.6205 train_acc=63.69% | val_loss=0.6181 val_acc=64.40% | lr=3.000000e-06
Saved new best model to /tmp/bow_mlp_imdb_gbqvoy4w.pt
Epoch 63/301 | train_loss=0.6191 train_acc=64.25% | val_loss=0.6165 val_acc=64.78% | lr=3.000000e-06
Saved new best model to /tmp/bow_mlp_imdb_gbqvoy4w.pt
Epoch 64/301 | train_loss=0.6167 train_acc=64.70% | val_loss=0.6148 val_acc=65.04% | lr=3.000000e-06
Saved new best model to /tmp/bow_mlp_imdb_gbqvoy4w.pt
Epoch 65/301 | train_loss=0.6157 train_acc=64.58% | val_loss=0.6132 val_acc=65.30% | lr=3.000000e-06
Saved new best model to /tmp/bow_mlp_imdb_gbqvoy4w.pt
Epoch 66/301 | train_loss=0.6138 train_acc=65.08% | val_loss=0.6116 val_acc=65.52% | lr=3.000000e-06
Saved new best model to /tmp/bow_mlp_imdb_gbqvoy4w.pt
Epoch 67/301 | train_loss=0.6114 train_acc=65.70% | val_loss=0.6099 val_acc=65.78% | lr=3.000000e-06
Saved new best model to /tmp/bow_mlp_imdb_gbqvoy4w.pt
Epoch 68/301 | train_loss=0.6109 train_acc=65.44% | val_loss=0.6083 val_acc=66.10% | lr=3.000000e-06
Saved new best model to /tmp/bow_mlp_imdb_gbqvoy4w.pt
Epoch 69/301 | train_loss=0.6098 train_acc=65.82% | val_loss=0.6067 val_acc=66.46% | lr=3.000000e-06
Saved new best model to /tmp/bow_mlp_imdb_gbqvoy4w.pt
Epoch 70/301 | train_loss=0.6061 train_acc=66.36% | val_loss=0.6051 val_acc=66.82% | lr=3.000000e-06
Saved new best model to /tmp/bow_mlp_imdb_gbqvoy4w.pt
Epoch 71/301 | train_loss=0.6069 train_acc=66.07% | val_loss=0.6036 val_acc=67.22% | lr=3.000000e-06
Saved new best model to /tmp/bow_mlp_imdb_gbqvoy4w.pt
Epoch 72/301 | train_loss=0.6046 train_acc=66.81% | val_loss=0.6020 val_acc=67.54% | lr=3.000000e-06
Saved new best model to /tmp/bow_mlp_imdb_gbqvoy4w.pt
Epoch 73/301 | train_loss=0.6027 train_acc=66.95% | val_loss=0.6005 val_acc=68.06% | lr=3.000000e-06
Saved new best model to /tmp/bow_mlp_imdb_gbqvoy4w.pt
Epoch 74/301 | train_loss=0.6018 train_acc=67.07% | val_loss=0.5989 val_acc=68.34% | lr=3.000000e-06
Saved new best model to /tmp/bow_mlp_imdb_gbqvoy4w.pt
Epoch 75/301 | train_loss=0.6002 train_acc=67.44% | val_loss=0.5974 val_acc=68.58% | lr=3.000000e-06
Saved new best model to /tmp/bow_mlp_imdb_gbqvoy4w.pt
Epoch 76/301 | train_loss=0.5986 train_acc=67.77% | val_loss=0.5959 val_acc=68.86% | lr=3.000000e-06
Saved new best model to /tmp/bow_mlp_imdb_gbqvoy4w.pt
Epoch 77/301 | train_loss=0.5974 train_acc=67.72% | val_loss=0.5944 val_acc=69.10% | lr=3.000000e-06
Saved new best model to /tmp/bow_mlp_imdb_gbqvoy4w.pt
Epoch 78/301 | train_loss=0.5950 train_acc=68.21% | val_loss=0.5928 val_acc=69.46% | lr=3.000000e-06
Saved new best model to /tmp/bow_mlp_imdb_gbqvoy4w.pt
Epoch 79/301 | train_loss=0.5945 train_acc=68.43% | val_loss=0.5914 val_acc=69.70% | lr=3.000000e-06
Saved new best model to /tmp/bow_mlp_imdb_gbqvoy4w.pt
Epoch 80/301 | train_loss=0.5927 train_acc=68.58% | val_loss=0.5899 val_acc=69.88% | lr=3.000000e-06
Saved new best model to /tmp/bow_mlp_imdb_gbqvoy4w.pt
Epoch 81/301 | train_loss=0.5895 train_acc=69.06% | val_loss=0.5884 val_acc=70.02% | lr=3.000000e-06
Saved new best model to /tmp/bow_mlp_imdb_gbqvoy4w.pt
Epoch 82/301 | train_loss=0.5902 train_acc=68.95% | val_loss=0.5869 val_acc=70.24% | lr=3.000000e-06
Saved new best model to /tmp/bow_mlp_imdb_gbqvoy4w.pt
Epoch 83/301 | train_loss=0.5877 train_acc=69.56% | val_loss=0.5854 val_acc=70.50% | lr=3.000000e-06
Saved new best model to /tmp/bow_mlp_imdb_gbqvoy4w.pt
Epoch 84/301 | train_loss=0.5864 train_acc=69.67% | val_loss=0.5840 val_acc=70.66% | lr=3.000000e-06
Saved new best model to /tmp/bow_mlp_imdb_gbqvoy4w.pt
Epoch 85/301 | train_loss=0.5864 train_acc=69.56% | val_loss=0.5825 val_acc=70.88% | lr=3.000000e-06
Saved new best model to /tmp/bow_mlp_imdb_gbqvoy4w.pt
Epoch 86/301 | train_loss=0.5843 train_acc=70.19% | val_loss=0.5811 val_acc=71.04% | lr=3.000000e-06
Saved new best model to /tmp/bow_mlp_imdb_gbqvoy4w.pt
Epoch 87/301 | train_loss=0.5818 train_acc=70.16% | val_loss=0.5797 val_acc=71.36% | lr=3.000000e-06
Saved new best model to /tmp/bow_mlp_imdb_gbqvoy4w.pt
Epoch 88/301 | train_loss=0.5807 train_acc=70.30% | val_loss=0.5783 val_acc=71.46% | lr=3.000000e-06
Saved new best model to /tmp/bow_mlp_imdb_gbqvoy4w.pt
Epoch 89/301 | train_loss=0.5790 train_acc=70.70% | val_loss=0.5769 val_acc=71.54% | lr=3.000000e-06
Saved new best model to /tmp/bow_mlp_imdb_gbqvoy4w.pt
Epoch 90/301 | train_loss=0.5778 train_acc=70.84% | val_loss=0.5755 val_acc=71.72% | lr=3.000000e-06
Saved new best model to /tmp/bow_mlp_imdb_gbqvoy4w.pt
Epoch 91/301 | train_loss=0.5769 train_acc=70.89% | val_loss=0.5741 val_acc=71.86% | lr=3.000000e-06
Saved new best model to /tmp/bow_mlp_imdb_gbqvoy4w.pt
Epoch 92/301 | train_loss=0.5752 train_acc=71.11% | val_loss=0.5727 val_acc=72.00% | lr=3.000000e-06
Saved new best model to /tmp/bow_mlp_imdb_gbqvoy4w.pt
Epoch 93/301 | train_loss=0.5732 train_acc=71.53% | val_loss=0.5713 val_acc=72.22% | lr=3.000000e-06
Saved new best model to /tmp/bow_mlp_imdb_gbqvoy4w.pt
Epoch 94/301 | train_loss=0.5724 train_acc=71.23% | val_loss=0.5700 val_acc=72.24% | lr=3.000000e-06
Saved new best model to /tmp/bow_mlp_imdb_gbqvoy4w.pt
Epoch 95/301 | train_loss=0.5714 train_acc=71.35% | val_loss=0.5686 val_acc=72.46% | lr=3.000000e-06
Saved new best model to /tmp/bow_mlp_imdb_gbqvoy4w.pt
Epoch 96/301 | train_loss=0.5710 train_acc=71.47% | val_loss=0.5673 val_acc=72.74% | lr=3.000000e-06
Saved new best model to /tmp/bow_mlp_imdb_gbqvoy4w.pt
Epoch 97/301 | train_loss=0.5681 train_acc=71.83% | val_loss=0.5659 val_acc=72.88% | lr=3.000000e-06
Saved new best model to /tmp/bow_mlp_imdb_gbqvoy4w.pt
Epoch 98/301 | train_loss=0.5660 train_acc=72.36% | val_loss=0.5646 val_acc=72.96% | lr=3.000000e-06
Saved new best model to /tmp/bow_mlp_imdb_gbqvoy4w.pt
Epoch 99/301 | train_loss=0.5663 train_acc=72.25% | val_loss=0.5633 val_acc=73.22% | lr=3.000000e-06
Saved new best model to /tmp/bow_mlp_imdb_gbqvoy4w.pt
Epoch 100/301 | train_loss=0.5654 train_acc=72.14% | val_loss=0.5620 val_acc=73.48% | lr=3.000000e-06
Saved new best model to /tmp/bow_mlp_imdb_gbqvoy4w.pt
Epoch 101/301 | train_loss=0.5630 train_acc=72.66% | val_loss=0.5606 val_acc=73.60% | lr=3.000000e-06
Saved new best model to /tmp/bow_mlp_imdb_gbqvoy4w.pt
Epoch 102/301 | train_loss=0.5610 train_acc=72.87% | val_loss=0.5593 val_acc=73.78% | lr=3.000000e-06
Saved new best model to /tmp/bow_mlp_imdb_gbqvoy4w.pt
Epoch 103/301 | train_loss=0.5608 train_acc=72.96% | val_loss=0.5580 val_acc=73.98% | lr=3.000000e-06
Saved new best model to /tmp/bow_mlp_imdb_gbqvoy4w.pt
Epoch 104/301 | train_loss=0.5604 train_acc=73.11% | val_loss=0.5567 val_acc=74.26% | lr=3.000000e-06
Saved new best model to /tmp/bow_mlp_imdb_gbqvoy4w.pt
Epoch 105/301 | train_loss=0.5590 train_acc=73.06% | val_loss=0.5555 val_acc=74.36% | lr=3.000000e-06
Saved new best model to /tmp/bow_mlp_imdb_gbqvoy4w.pt
Epoch 106/301 | train_loss=0.5569 train_acc=73.65% | val_loss=0.5542 val_acc=74.52% | lr=3.000000e-06
Saved new best model to /tmp/bow_mlp_imdb_gbqvoy4w.pt
Epoch 107/301 | train_loss=0.5562 train_acc=73.81% | val_loss=0.5529 val_acc=74.72% | lr=3.000000e-06
Saved new best model to /tmp/bow_mlp_imdb_gbqvoy4w.pt
Epoch 108/301 | train_loss=0.5552 train_acc=74.07% | val_loss=0.5517 val_acc=74.74% | lr=3.000000e-06
Saved new best model to /tmp/bow_mlp_imdb_gbqvoy4w.pt
Epoch 109/301 | train_loss=0.5535 train_acc=74.05% | val_loss=0.5504 val_acc=75.02% | lr=3.000000e-06
Saved new best model to /tmp/bow_mlp_imdb_gbqvoy4w.pt
Epoch 110/301 | train_loss=0.5516 train_acc=74.40% | val_loss=0.5492 val_acc=75.22% | lr=3.000000e-06
Saved new best model to /tmp/bow_mlp_imdb_gbqvoy4w.pt
Epoch 111/301 | train_loss=0.5499 train_acc=74.40% | val_loss=0.5479 val_acc=75.42% | lr=3.000000e-06
Saved new best model to /tmp/bow_mlp_imdb_gbqvoy4w.pt
Epoch 112/301 | train_loss=0.5485 train_acc=74.78% | val_loss=0.5467 val_acc=75.60% | lr=3.000000e-06
Saved new best model to /tmp/bow_mlp_imdb_gbqvoy4w.pt
Epoch 113/301 | train_loss=0.5474 train_acc=74.74% | val_loss=0.5454 val_acc=75.76% | lr=3.000000e-06
Saved new best model to /tmp/bow_mlp_imdb_gbqvoy4w.pt
Epoch 114/301 | train_loss=0.5466 train_acc=74.57% | val_loss=0.5442 val_acc=75.88% | lr=3.000000e-06
Saved new best model to /tmp/bow_mlp_imdb_gbqvoy4w.pt
Epoch 115/301 | train_loss=0.5451 train_acc=75.14% | val_loss=0.5430 val_acc=75.98% | lr=3.000000e-06
Saved new best model to /tmp/bow_mlp_imdb_gbqvoy4w.pt
Epoch 116/301 | train_loss=0.5453 train_acc=75.03% | val_loss=0.5418 val_acc=76.14% | lr=3.000000e-06
Saved new best model to /tmp/bow_mlp_imdb_gbqvoy4w.pt
Epoch 117/301 | train_loss=0.5430 train_acc=75.29% | val_loss=0.5406 val_acc=76.22% | lr=3.000000e-06
Saved new best model to /tmp/bow_mlp_imdb_gbqvoy4w.pt
Epoch 118/301 | train_loss=0.5431 train_acc=75.41% | val_loss=0.5394 val_acc=76.38% | lr=3.000000e-06
Saved new best model to /tmp/bow_mlp_imdb_gbqvoy4w.pt
Epoch 119/301 | train_loss=0.5398 train_acc=75.35% | val_loss=0.5383 val_acc=76.52% | lr=3.000000e-06
Saved new best model to /tmp/bow_mlp_imdb_gbqvoy4w.pt
Epoch 120/301 | train_loss=0.5411 train_acc=75.67% | val_loss=0.5371 val_acc=76.62% | lr=3.000000e-06
Saved new best model to /tmp/bow_mlp_imdb_gbqvoy4w.pt
Epoch 121/301 | train_loss=0.5382 train_acc=75.80% | val_loss=0.5359 val_acc=76.74% | lr=3.000000e-06
Saved new best model to /tmp/bow_mlp_imdb_gbqvoy4w.pt
Epoch 122/301 | train_loss=0.5372 train_acc=76.02% | val_loss=0.5348 val_acc=77.06% | lr=3.000000e-06
Saved new best model to /tmp/bow_mlp_imdb_gbqvoy4w.pt
Epoch 123/301 | train_loss=0.5358 train_acc=75.92% | val_loss=0.5336 val_acc=77.18% | lr=3.000000e-06
Saved new best model to /tmp/bow_mlp_imdb_gbqvoy4w.pt
Epoch 124/301 | train_loss=0.5350 train_acc=76.20% | val_loss=0.5324 val_acc=77.30% | lr=3.000000e-06
Saved new best model to /tmp/bow_mlp_imdb_gbqvoy4w.pt
Epoch 125/301 | train_loss=0.5342 train_acc=76.31% | val_loss=0.5313 val_acc=77.40% | lr=3.000000e-06
Saved new best model to /tmp/bow_mlp_imdb_gbqvoy4w.pt
Epoch 126/301 | train_loss=0.5327 train_acc=76.23% | val_loss=0.5302 val_acc=77.54% | lr=3.000000e-06
Saved new best model to /tmp/bow_mlp_imdb_gbqvoy4w.pt
Epoch 127/301 | train_loss=0.5329 train_acc=75.97% | val_loss=0.5291 val_acc=77.68% | lr=3.000000e-06
Saved new best model to /tmp/bow_mlp_imdb_gbqvoy4w.pt
Epoch 128/301 | train_loss=0.5309 train_acc=76.53% | val_loss=0.5280 val_acc=77.80% | lr=3.000000e-06
Saved new best model to /tmp/bow_mlp_imdb_gbqvoy4w.pt
Epoch 129/301 | train_loss=0.5291 train_acc=76.61% | val_loss=0.5268 val_acc=77.98% | lr=3.000000e-06
Saved new best model to /tmp/bow_mlp_imdb_gbqvoy4w.pt
Epoch 130/301 | train_loss=0.5291 train_acc=76.53% | val_loss=0.5257 val_acc=78.06% | lr=3.000000e-06
Saved new best model to /tmp/bow_mlp_imdb_gbqvoy4w.pt
Epoch 131/301 | train_loss=0.5288 train_acc=76.69% | val_loss=0.5246 val_acc=78.10% | lr=3.000000e-06
Saved new best model to /tmp/bow_mlp_imdb_gbqvoy4w.pt
Epoch 132/301 | train_loss=0.5264 train_acc=77.02% | val_loss=0.5235 val_acc=78.22% | lr=3.000000e-06
Saved new best model to /tmp/bow_mlp_imdb_gbqvoy4w.pt
Epoch 133/301 | train_loss=0.5256 train_acc=77.20% | val_loss=0.5225 val_acc=78.24% | lr=3.000000e-06
Saved new best model to /tmp/bow_mlp_imdb_gbqvoy4w.pt
Epoch 134/301 | train_loss=0.5228 train_acc=77.31% | val_loss=0.5214 val_acc=78.32% | lr=3.000000e-06
Saved new best model to /tmp/bow_mlp_imdb_gbqvoy4w.pt
Epoch 135/301 | train_loss=0.5223 train_acc=77.33% | val_loss=0.5203 val_acc=78.32% | lr=3.000000e-06
Epoch 136/301 | train_loss=0.5223 train_acc=77.25% | val_loss=0.5192 val_acc=78.32% | lr=3.000000e-06
Epoch 137/301 | train_loss=0.5200 train_acc=77.62% | val_loss=0.5181 val_acc=78.50% | lr=3.000000e-06
Saved new best model to /tmp/bow_mlp_imdb_gbqvoy4w.pt
Epoch 138/301 | train_loss=0.5207 train_acc=77.47% | val_loss=0.5171 val_acc=78.54% | lr=3.000000e-06
Saved new best model to /tmp/bow_mlp_imdb_gbqvoy4w.pt
Epoch 139/301 | train_loss=0.5189 train_acc=77.64% | val_loss=0.5161 val_acc=78.54% | lr=3.000000e-06
Epoch 140/301 | train_loss=0.5181 train_acc=77.69% | val_loss=0.5150 val_acc=78.76% | lr=3.000000e-06
Saved new best model to /tmp/bow_mlp_imdb_gbqvoy4w.pt
Epoch 141/301 | train_loss=0.5168 train_acc=77.96% | val_loss=0.5140 val_acc=78.76% | lr=3.000000e-06
Epoch 142/301 | train_loss=0.5163 train_acc=77.84% | val_loss=0.5130 val_acc=78.74% | lr=3.000000e-06
Epoch 143/301 | train_loss=0.5154 train_acc=78.08% | val_loss=0.5119 val_acc=78.88% | lr=3.000000e-06
Saved new best model to /tmp/bow_mlp_imdb_gbqvoy4w.pt
Epoch 144/301 | train_loss=0.5127 train_acc=78.11% | val_loss=0.5109 val_acc=79.00% | lr=3.000000e-06
Saved new best model to /tmp/bow_mlp_imdb_gbqvoy4w.pt
Epoch 145/301 | train_loss=0.5117 train_acc=78.34% | val_loss=0.5099 val_acc=79.10% | lr=3.000000e-06
Saved new best model to /tmp/bow_mlp_imdb_gbqvoy4w.pt
Epoch 146/301 | train_loss=0.5100 train_acc=78.31% | val_loss=0.5088 val_acc=79.26% | lr=3.000000e-06
Saved new best model to /tmp/bow_mlp_imdb_gbqvoy4w.pt
Epoch 147/301 | train_loss=0.5093 train_acc=78.56% | val_loss=0.5078 val_acc=79.28% | lr=3.000000e-06
Saved new best model to /tmp/bow_mlp_imdb_gbqvoy4w.pt
Epoch 148/301 | train_loss=0.5080 train_acc=78.79% | val_loss=0.5068 val_acc=79.34% | lr=3.000000e-06
Saved new best model to /tmp/bow_mlp_imdb_gbqvoy4w.pt
Epoch 149/301 | train_loss=0.5076 train_acc=78.66% | val_loss=0.5057 val_acc=79.46% | lr=3.000000e-06
Saved new best model to /tmp/bow_mlp_imdb_gbqvoy4w.pt
Epoch 150/301 | train_loss=0.5062 train_acc=78.72% | val_loss=0.5047 val_acc=79.74% | lr=3.000000e-06
Saved new best model to /tmp/bow_mlp_imdb_gbqvoy4w.pt
Epoch 151/301 | train_loss=0.5067 train_acc=78.75% | val_loss=0.5037 val_acc=79.80% | lr=3.000000e-06
Saved new best model to /tmp/bow_mlp_imdb_gbqvoy4w.pt
Epoch 152/301 | train_loss=0.5046 train_acc=78.95% | val_loss=0.5026 val_acc=79.88% | lr=3.000000e-06
Saved new best model to /tmp/bow_mlp_imdb_gbqvoy4w.pt
Epoch 153/301 | train_loss=0.5039 train_acc=78.92% | val_loss=0.5016 val_acc=80.02% | lr=3.000000e-06
Saved new best model to /tmp/bow_mlp_imdb_gbqvoy4w.pt
Epoch 154/301 | train_loss=0.5026 train_acc=78.81% | val_loss=0.5005 val_acc=80.04% | lr=3.000000e-06
Saved new best model to /tmp/bow_mlp_imdb_gbqvoy4w.pt
Epoch 155/301 | train_loss=0.5008 train_acc=79.03% | val_loss=0.4993 val_acc=80.16% | lr=3.000000e-06
Saved new best model to /tmp/bow_mlp_imdb_gbqvoy4w.pt
Epoch 156/301 | train_loss=0.5014 train_acc=78.84% | val_loss=0.4982 val_acc=80.20% | lr=3.000000e-06
Saved new best model to /tmp/bow_mlp_imdb_gbqvoy4w.pt
Epoch 157/301 | train_loss=0.5007 train_acc=78.86% | val_loss=0.4970 val_acc=80.32% | lr=3.000000e-06
Saved new best model to /tmp/bow_mlp_imdb_gbqvoy4w.pt
Epoch 158/301 | train_loss=0.4987 train_acc=79.14% | val_loss=0.4959 val_acc=80.38% | lr=3.000000e-06
Saved new best model to /tmp/bow_mlp_imdb_gbqvoy4w.pt
Epoch 159/301 | train_loss=0.4978 train_acc=79.52% | val_loss=0.4948 val_acc=80.46% | lr=3.000000e-06
Saved new best model to /tmp/bow_mlp_imdb_gbqvoy4w.pt
Epoch 160/301 | train_loss=0.4968 train_acc=79.42% | val_loss=0.4937 val_acc=80.54% | lr=3.000000e-06
Saved new best model to /tmp/bow_mlp_imdb_gbqvoy4w.pt
Epoch 161/301 | train_loss=0.4949 train_acc=79.53% | val_loss=0.4926 val_acc=80.48% | lr=3.000000e-06
Epoch 162/301 | train_loss=0.4928 train_acc=79.45% | val_loss=0.4914 val_acc=80.52% | lr=3.000000e-06
Epoch 163/301 | train_loss=0.4936 train_acc=79.58% | val_loss=0.4904 val_acc=80.66% | lr=3.000000e-06
Saved new best model to /tmp/bow_mlp_imdb_gbqvoy4w.pt
Epoch 164/301 | train_loss=0.4919 train_acc=79.53% | val_loss=0.4893 val_acc=80.66% | lr=3.000000e-06
Epoch 165/301 | train_loss=0.4901 train_acc=79.70% | val_loss=0.4883 val_acc=80.74% | lr=3.000000e-06
Saved new best model to /tmp/bow_mlp_imdb_gbqvoy4w.pt
Epoch 166/301 | train_loss=0.4892 train_acc=79.91% | val_loss=0.4872 val_acc=80.74% | lr=3.000000e-06
Epoch 167/301 | train_loss=0.4886 train_acc=79.82% | val_loss=0.4862 val_acc=80.82% | lr=3.000000e-06
Saved new best model to /tmp/bow_mlp_imdb_gbqvoy4w.pt
Epoch 168/301 | train_loss=0.4874 train_acc=79.86% | val_loss=0.4852 val_acc=80.88% | lr=3.000000e-06
Saved new best model to /tmp/bow_mlp_imdb_gbqvoy4w.pt
Epoch 169/301 | train_loss=0.4867 train_acc=80.10% | val_loss=0.4842 val_acc=80.92% | lr=3.000000e-06
Saved new best model to /tmp/bow_mlp_imdb_gbqvoy4w.pt
Epoch 170/301 | train_loss=0.4858 train_acc=80.18% | val_loss=0.4832 val_acc=80.98% | lr=3.000000e-06
Saved new best model to /tmp/bow_mlp_imdb_gbqvoy4w.pt
Epoch 171/301 | train_loss=0.4839 train_acc=80.11% | val_loss=0.4822 val_acc=81.02% | lr=3.000000e-06
Saved new best model to /tmp/bow_mlp_imdb_gbqvoy4w.pt
Epoch 172/301 | train_loss=0.4846 train_acc=80.22% | val_loss=0.4812 val_acc=81.06% | lr=3.000000e-06
Saved new best model to /tmp/bow_mlp_imdb_gbqvoy4w.pt
Epoch 173/301 | train_loss=0.4828 train_acc=80.31% | val_loss=0.4803 val_acc=81.08% | lr=3.000000e-06
Saved new best model to /tmp/bow_mlp_imdb_gbqvoy4w.pt
Epoch 174/301 | train_loss=0.4838 train_acc=80.20% | val_loss=0.4794 val_acc=81.06% | lr=3.000000e-06
Epoch 175/301 | train_loss=0.4812 train_acc=80.49% | val_loss=0.4784 val_acc=81.20% | lr=3.000000e-06
Saved new best model to /tmp/bow_mlp_imdb_gbqvoy4w.pt
Epoch 176/301 | train_loss=0.4784 train_acc=80.74% | val_loss=0.4775 val_acc=81.22% | lr=3.000000e-06
Saved new best model to /tmp/bow_mlp_imdb_gbqvoy4w.pt
Epoch 177/301 | train_loss=0.4806 train_acc=80.42% | val_loss=0.4766 val_acc=81.32% | lr=3.000000e-06
Saved new best model to /tmp/bow_mlp_imdb_gbqvoy4w.pt
Epoch 178/301 | train_loss=0.4784 train_acc=80.47% | val_loss=0.4756 val_acc=81.40% | lr=3.000000e-06
Saved new best model to /tmp/bow_mlp_imdb_gbqvoy4w.pt
Epoch 179/301 | train_loss=0.4770 train_acc=80.56% | val_loss=0.4747 val_acc=81.42% | lr=3.000000e-06
Saved new best model to /tmp/bow_mlp_imdb_gbqvoy4w.pt
Epoch 180/301 | train_loss=0.4756 train_acc=80.72% | val_loss=0.4739 val_acc=81.44% | lr=3.000000e-06
Saved new best model to /tmp/bow_mlp_imdb_gbqvoy4w.pt
Epoch 181/301 | train_loss=0.4752 train_acc=80.64% | val_loss=0.4730 val_acc=81.50% | lr=3.000000e-06
Saved new best model to /tmp/bow_mlp_imdb_gbqvoy4w.pt
Epoch 182/301 | train_loss=0.4747 train_acc=80.56% | val_loss=0.4721 val_acc=81.56% | lr=3.000000e-06
Saved new best model to /tmp/bow_mlp_imdb_gbqvoy4w.pt
Epoch 183/301 | train_loss=0.4720 train_acc=81.03% | val_loss=0.4712 val_acc=81.62% | lr=3.000000e-06
Saved new best model to /tmp/bow_mlp_imdb_gbqvoy4w.pt
Epoch 184/301 | train_loss=0.4722 train_acc=81.13% | val_loss=0.4703 val_acc=81.64% | lr=3.000000e-06
Saved new best model to /tmp/bow_mlp_imdb_gbqvoy4w.pt
Epoch 185/301 | train_loss=0.4701 train_acc=81.16% | val_loss=0.4694 val_acc=81.70% | lr=3.000000e-06
Saved new best model to /tmp/bow_mlp_imdb_gbqvoy4w.pt
Epoch 186/301 | train_loss=0.4718 train_acc=81.16% | val_loss=0.4686 val_acc=81.76% | lr=3.000000e-06
Saved new best model to /tmp/bow_mlp_imdb_gbqvoy4w.pt
Epoch 187/301 | train_loss=0.4706 train_acc=81.23% | val_loss=0.4678 val_acc=81.78% | lr=3.000000e-06
Saved new best model to /tmp/bow_mlp_imdb_gbqvoy4w.pt
Epoch 188/301 | train_loss=0.4708 train_acc=81.12% | val_loss=0.4670 val_acc=81.82% | lr=3.000000e-06
Saved new best model to /tmp/bow_mlp_imdb_gbqvoy4w.pt
Epoch 189/301 | train_loss=0.4670 train_acc=81.25% | val_loss=0.4661 val_acc=81.88% | lr=3.000000e-06
Saved new best model to /tmp/bow_mlp_imdb_gbqvoy4w.pt
Epoch 190/301 | train_loss=0.4690 train_acc=80.97% | val_loss=0.4653 val_acc=81.90% | lr=3.000000e-06
Saved new best model to /tmp/bow_mlp_imdb_gbqvoy4w.pt
Epoch 191/301 | train_loss=0.4659 train_acc=81.47% | val_loss=0.4645 val_acc=81.92% | lr=3.000000e-06
Saved new best model to /tmp/bow_mlp_imdb_gbqvoy4w.pt
Epoch 192/301 | train_loss=0.4651 train_acc=81.33% | val_loss=0.4637 val_acc=81.94% | lr=3.000000e-06
Saved new best model to /tmp/bow_mlp_imdb_gbqvoy4w.pt
Epoch 193/301 | train_loss=0.4657 train_acc=81.25% | val_loss=0.4629 val_acc=82.00% | lr=3.000000e-06
Saved new best model to /tmp/bow_mlp_imdb_gbqvoy4w.pt
Epoch 194/301 | train_loss=0.4651 train_acc=81.25% | val_loss=0.4621 val_acc=82.00% | lr=3.000000e-06
Epoch 195/301 | train_loss=0.4634 train_acc=81.41% | val_loss=0.4613 val_acc=82.06% | lr=3.000000e-06
Saved new best model to /tmp/bow_mlp_imdb_gbqvoy4w.pt
Epoch 196/301 | train_loss=0.4638 train_acc=81.11% | val_loss=0.4606 val_acc=82.14% | lr=3.000000e-06
Saved new best model to /tmp/bow_mlp_imdb_gbqvoy4w.pt
Epoch 197/301 | train_loss=0.4613 train_acc=81.78% | val_loss=0.4598 val_acc=82.14% | lr=3.000000e-06
Epoch 198/301 | train_loss=0.4591 train_acc=81.82% | val_loss=0.4590 val_acc=82.14% | lr=3.000000e-06
Epoch 199/301 | train_loss=0.4618 train_acc=81.42% | val_loss=0.4582 val_acc=82.18% | lr=3.000000e-06
Saved new best model to /tmp/bow_mlp_imdb_gbqvoy4w.pt
Epoch 200/301 | train_loss=0.4591 train_acc=81.69% | val_loss=0.4575 val_acc=82.24% | lr=3.000000e-06
Saved new best model to /tmp/bow_mlp_imdb_gbqvoy4w.pt
Epoch 201/301 | train_loss=0.4576 train_acc=81.71% | val_loss=0.4568 val_acc=82.26% | lr=3.000000e-06
Saved new best model to /tmp/bow_mlp_imdb_gbqvoy4w.pt
Epoch 202/301 | train_loss=0.4574 train_acc=81.72% | val_loss=0.4560 val_acc=82.28% | lr=3.000000e-06
Saved new best model to /tmp/bow_mlp_imdb_gbqvoy4w.pt
Epoch 203/301 | train_loss=0.4571 train_acc=81.77% | val_loss=0.4553 val_acc=82.28% | lr=3.000000e-06
Epoch 204/301 | train_loss=0.4574 train_acc=81.72% | val_loss=0.4545 val_acc=82.30% | lr=3.000000e-06
Saved new best model to /tmp/bow_mlp_imdb_gbqvoy4w.pt
Epoch 205/301 | train_loss=0.4563 train_acc=81.89% | val_loss=0.4538 val_acc=82.38% | lr=3.000000e-06
Saved new best model to /tmp/bow_mlp_imdb_gbqvoy4w.pt
Epoch 206/301 | train_loss=0.4533 train_acc=82.21% | val_loss=0.4531 val_acc=82.44% | lr=3.000000e-06
Saved new best model to /tmp/bow_mlp_imdb_gbqvoy4w.pt
Epoch 207/301 | train_loss=0.4545 train_acc=81.86% | val_loss=0.4523 val_acc=82.44% | lr=3.000000e-06
Epoch 208/301 | train_loss=0.4546 train_acc=81.77% | val_loss=0.4516 val_acc=82.48% | lr=3.000000e-06
Saved new best model to /tmp/bow_mlp_imdb_gbqvoy4w.pt
Epoch 209/301 | train_loss=0.4520 train_acc=81.95% | val_loss=0.4509 val_acc=82.54% | lr=3.000000e-06
Saved new best model to /tmp/bow_mlp_imdb_gbqvoy4w.pt
Epoch 210/301 | train_loss=0.4523 train_acc=82.00% | val_loss=0.4502 val_acc=82.62% | lr=3.000000e-06
Saved new best model to /tmp/bow_mlp_imdb_gbqvoy4w.pt
Epoch 211/301 | train_loss=0.4515 train_acc=82.02% | val_loss=0.4496 val_acc=82.68% | lr=3.000000e-06
Saved new best model to /tmp/bow_mlp_imdb_gbqvoy4w.pt
Epoch 212/301 | train_loss=0.4508 train_acc=82.03% | val_loss=0.4489 val_acc=82.64% | lr=3.000000e-06
Epoch 213/301 | train_loss=0.4514 train_acc=82.12% | val_loss=0.4482 val_acc=82.68% | lr=3.000000e-06
Epoch 214/301 | train_loss=0.4495 train_acc=82.36% | val_loss=0.4475 val_acc=82.70% | lr=3.000000e-06
Saved new best model to /tmp/bow_mlp_imdb_gbqvoy4w.pt
Epoch 215/301 | train_loss=0.4486 train_acc=82.19% | val_loss=0.4469 val_acc=82.74% | lr=3.000000e-06
Saved new best model to /tmp/bow_mlp_imdb_gbqvoy4w.pt
Epoch 216/301 | train_loss=0.4480 train_acc=82.11% | val_loss=0.4462 val_acc=82.78% | lr=3.000000e-06
Saved new best model to /tmp/bow_mlp_imdb_gbqvoy4w.pt
Epoch 217/301 | train_loss=0.4479 train_acc=82.14% | val_loss=0.4455 val_acc=82.78% | lr=3.000000e-06
Epoch 218/301 | train_loss=0.4460 train_acc=82.25% | val_loss=0.4449 val_acc=82.86% | lr=3.000000e-06
Saved new best model to /tmp/bow_mlp_imdb_gbqvoy4w.pt
Epoch 219/301 | train_loss=0.4447 train_acc=82.53% | val_loss=0.4442 val_acc=82.92% | lr=3.000000e-06
Saved new best model to /tmp/bow_mlp_imdb_gbqvoy4w.pt
Epoch 220/301 | train_loss=0.4455 train_acc=82.42% | val_loss=0.4436 val_acc=82.94% | lr=3.000000e-06
Saved new best model to /tmp/bow_mlp_imdb_gbqvoy4w.pt
Epoch 221/301 | train_loss=0.4443 train_acc=82.22% | val_loss=0.4429 val_acc=82.96% | lr=3.000000e-06
Saved new best model to /tmp/bow_mlp_imdb_gbqvoy4w.pt
Epoch 222/301 | train_loss=0.4445 train_acc=82.23% | val_loss=0.4423 val_acc=82.96% | lr=3.000000e-06
Epoch 223/301 | train_loss=0.4419 train_acc=82.50% | val_loss=0.4416 val_acc=83.06% | lr=3.000000e-06
Saved new best model to /tmp/bow_mlp_imdb_gbqvoy4w.pt
Epoch 224/301 | train_loss=0.4412 train_acc=82.47% | val_loss=0.4410 val_acc=83.06% | lr=3.000000e-06
Epoch 225/301 | train_loss=0.4439 train_acc=82.14% | val_loss=0.4404 val_acc=83.12% | lr=3.000000e-06
Saved new best model to /tmp/bow_mlp_imdb_gbqvoy4w.pt
Epoch 226/301 | train_loss=0.4393 train_acc=82.70% | val_loss=0.4398 val_acc=83.14% | lr=3.000000e-06
Saved new best model to /tmp/bow_mlp_imdb_gbqvoy4w.pt
Epoch 227/301 | train_loss=0.4396 train_acc=82.45% | val_loss=0.4391 val_acc=83.20% | lr=3.000000e-06
Saved new best model to /tmp/bow_mlp_imdb_gbqvoy4w.pt
Epoch 228/301 | train_loss=0.4391 train_acc=82.77% | val_loss=0.4385 val_acc=83.26% | lr=3.000000e-06
Saved new best model to /tmp/bow_mlp_imdb_gbqvoy4w.pt
Epoch 229/301 | train_loss=0.4391 train_acc=82.53% | val_loss=0.4379 val_acc=83.28% | lr=3.000000e-06
Saved new best model to /tmp/bow_mlp_imdb_gbqvoy4w.pt
Epoch 230/301 | train_loss=0.4386 train_acc=82.58% | val_loss=0.4373 val_acc=83.30% | lr=3.000000e-06
Saved new best model to /tmp/bow_mlp_imdb_gbqvoy4w.pt
Epoch 231/301 | train_loss=0.4382 train_acc=82.82% | val_loss=0.4367 val_acc=83.36% | lr=3.000000e-06
Saved new best model to /tmp/bow_mlp_imdb_gbqvoy4w.pt
Epoch 232/301 | train_loss=0.4366 train_acc=82.52% | val_loss=0.4361 val_acc=83.38% | lr=3.000000e-06
Saved new best model to /tmp/bow_mlp_imdb_gbqvoy4w.pt
Epoch 233/301 | train_loss=0.4393 train_acc=82.70% | val_loss=0.4356 val_acc=83.40% | lr=3.000000e-06
Saved new best model to /tmp/bow_mlp_imdb_gbqvoy4w.pt
Epoch 234/301 | train_loss=0.4362 train_acc=82.83% | val_loss=0.4350 val_acc=83.50% | lr=3.000000e-06
Saved new best model to /tmp/bow_mlp_imdb_gbqvoy4w.pt
Epoch 235/301 | train_loss=0.4347 train_acc=82.78% | val_loss=0.4344 val_acc=83.54% | lr=3.000000e-06
Saved new best model to /tmp/bow_mlp_imdb_gbqvoy4w.pt
Epoch 236/301 | train_loss=0.4347 train_acc=82.83% | val_loss=0.4338 val_acc=83.58% | lr=3.000000e-06
Saved new best model to /tmp/bow_mlp_imdb_gbqvoy4w.pt
Epoch 237/301 | train_loss=0.4343 train_acc=82.98% | val_loss=0.4332 val_acc=83.58% | lr=3.000000e-06
Epoch 238/301 | train_loss=0.4344 train_acc=82.55% | val_loss=0.4327 val_acc=83.58% | lr=3.000000e-06
Epoch 239/301 | train_loss=0.4319 train_acc=83.23% | val_loss=0.4321 val_acc=83.64% | lr=3.000000e-06
Saved new best model to /tmp/bow_mlp_imdb_gbqvoy4w.pt
Epoch 240/301 | train_loss=0.4328 train_acc=83.08% | val_loss=0.4315 val_acc=83.66% | lr=3.000000e-06
Saved new best model to /tmp/bow_mlp_imdb_gbqvoy4w.pt
Epoch 241/301 | train_loss=0.4297 train_acc=83.16% | val_loss=0.4309 val_acc=83.68% | lr=3.000000e-06
Saved new best model to /tmp/bow_mlp_imdb_gbqvoy4w.pt
Epoch 242/301 | train_loss=0.4325 train_acc=82.80% | val_loss=0.4304 val_acc=83.72% | lr=3.000000e-06
Saved new best model to /tmp/bow_mlp_imdb_gbqvoy4w.pt
Epoch 243/301 | train_loss=0.4286 train_acc=83.12% | val_loss=0.4298 val_acc=83.74% | lr=3.000000e-06
Saved new best model to /tmp/bow_mlp_imdb_gbqvoy4w.pt
Epoch 244/301 | train_loss=0.4294 train_acc=83.19% | val_loss=0.4293 val_acc=83.74% | lr=3.000000e-06
Epoch 245/301 | train_loss=0.4313 train_acc=82.82% | val_loss=0.4288 val_acc=83.82% | lr=3.000000e-06
Saved new best model to /tmp/bow_mlp_imdb_gbqvoy4w.pt
Epoch 246/301 | train_loss=0.4299 train_acc=83.14% | val_loss=0.4282 val_acc=83.76% | lr=3.000000e-06
Epoch 247/301 | train_loss=0.4290 train_acc=83.02% | val_loss=0.4277 val_acc=83.90% | lr=3.000000e-06
Saved new best model to /tmp/bow_mlp_imdb_gbqvoy4w.pt
Epoch 248/301 | train_loss=0.4272 train_acc=82.96% | val_loss=0.4272 val_acc=83.90% | lr=3.000000e-06
Epoch 249/301 | train_loss=0.4276 train_acc=83.09% | val_loss=0.4267 val_acc=83.92% | lr=3.000000e-06
Saved new best model to /tmp/bow_mlp_imdb_gbqvoy4w.pt
Epoch 250/301 | train_loss=0.4276 train_acc=83.15% | val_loss=0.4262 val_acc=83.94% | lr=3.000000e-06
Saved new best model to /tmp/bow_mlp_imdb_gbqvoy4w.pt
Epoch 251/301 | train_loss=0.4247 train_acc=83.39% | val_loss=0.4256 val_acc=84.00% | lr=3.000000e-06
Saved new best model to /tmp/bow_mlp_imdb_gbqvoy4w.pt
Epoch 252/301 | train_loss=0.4246 train_acc=83.45% | val_loss=0.4251 val_acc=84.00% | lr=3.000000e-06
Epoch 253/301 | train_loss=0.4263 train_acc=83.47% | val_loss=0.4246 val_acc=84.02% | lr=3.000000e-06
Saved new best model to /tmp/bow_mlp_imdb_gbqvoy4w.pt
Epoch 254/301 | train_loss=0.4255 train_acc=83.06% | val_loss=0.4241 val_acc=84.00% | lr=3.000000e-06
Epoch 255/301 | train_loss=0.4230 train_acc=83.52% | val_loss=0.4236 val_acc=83.98% | lr=3.000000e-06
Epoch 256/301 | train_loss=0.4245 train_acc=83.24% | val_loss=0.4231 val_acc=84.02% | lr=3.000000e-06
Epoch 257/301 | train_loss=0.4236 train_acc=83.21% | val_loss=0.4226 val_acc=84.00% | lr=3.000000e-06
Epoch 258/301 | train_loss=0.4227 train_acc=83.06% | val_loss=0.4221 val_acc=84.02% | lr=3.000000e-06
Epoch 259/301 | train_loss=0.4221 train_acc=83.47% | val_loss=0.4216 val_acc=84.02% | lr=3.000000e-06
Epoch 260/301 | train_loss=0.4221 train_acc=83.32% | val_loss=0.4212 val_acc=84.08% | lr=3.000000e-06
Saved new best model to /tmp/bow_mlp_imdb_gbqvoy4w.pt
Epoch 261/301 | train_loss=0.4225 train_acc=83.53% | val_loss=0.4207 val_acc=84.02% | lr=3.000000e-06
Epoch 262/301 | train_loss=0.4190 train_acc=83.43% | val_loss=0.4202 val_acc=84.06% | lr=3.000000e-06
Epoch 263/301 | train_loss=0.4196 train_acc=83.56% | val_loss=0.4197 val_acc=84.10% | lr=3.000000e-06
Saved new best model to /tmp/bow_mlp_imdb_gbqvoy4w.pt
Epoch 264/301 | train_loss=0.4193 train_acc=83.49% | val_loss=0.4192 val_acc=84.14% | lr=3.000000e-06
Saved new best model to /tmp/bow_mlp_imdb_gbqvoy4w.pt
Epoch 265/301 | train_loss=0.4192 train_acc=83.54% | val_loss=0.4188 val_acc=84.14% | lr=3.000000e-06
Epoch 266/301 | train_loss=0.4174 train_acc=83.60% | val_loss=0.4183 val_acc=84.16% | lr=3.000000e-06
Saved new best model to /tmp/bow_mlp_imdb_gbqvoy4w.pt
Epoch 267/301 | train_loss=0.4181 train_acc=83.66% | val_loss=0.4178 val_acc=84.22% | lr=3.000000e-06
Saved new best model to /tmp/bow_mlp_imdb_gbqvoy4w.pt
Epoch 268/301 | train_loss=0.4155 train_acc=83.75% | val_loss=0.4174 val_acc=84.14% | lr=3.000000e-06
Epoch 269/301 | train_loss=0.4167 train_acc=83.60% | val_loss=0.4169 val_acc=84.22% | lr=3.000000e-06
Epoch 270/301 | train_loss=0.4151 train_acc=83.80% | val_loss=0.4165 val_acc=84.18% | lr=3.000000e-06
Epoch 271/301 | train_loss=0.4180 train_acc=83.43% | val_loss=0.4160 val_acc=84.18% | lr=3.000000e-06
Epoch 272/301 | train_loss=0.4142 train_acc=83.84% | val_loss=0.4156 val_acc=84.22% | lr=3.000000e-06
Epoch 273/301 | train_loss=0.4149 train_acc=83.97% | val_loss=0.4152 val_acc=84.24% | lr=3.000000e-06
Saved new best model to /tmp/bow_mlp_imdb_gbqvoy4w.pt
Epoch 274/301 | train_loss=0.4142 train_acc=83.83% | val_loss=0.4147 val_acc=84.26% | lr=3.000000e-06
Saved new best model to /tmp/bow_mlp_imdb_gbqvoy4w.pt
Epoch 275/301 | train_loss=0.4137 train_acc=83.78% | val_loss=0.4143 val_acc=84.20% | lr=3.000000e-06
Epoch 276/301 | train_loss=0.4131 train_acc=83.78% | val_loss=0.4138 val_acc=84.24% | lr=3.000000e-06
Epoch 277/301 | train_loss=0.4152 train_acc=83.80% | val_loss=0.4134 val_acc=84.26% | lr=3.000000e-06
Epoch 278/301 | train_loss=0.4132 train_acc=83.58% | val_loss=0.4130 val_acc=84.24% | lr=3.000000e-06
Epoch 279/301 | train_loss=0.4136 train_acc=83.76% | val_loss=0.4126 val_acc=84.22% | lr=3.000000e-06
Epoch 280/301 | train_loss=0.4123 train_acc=83.77% | val_loss=0.4122 val_acc=84.24% | lr=3.000000e-06
Epoch 281/301 | train_loss=0.4110 train_acc=83.91% | val_loss=0.4118 val_acc=84.24% | lr=3.000000e-06
Epoch 282/301 | train_loss=0.4111 train_acc=83.74% | val_loss=0.4114 val_acc=84.20% | lr=3.000000e-06
Epoch 283/301 | train_loss=0.4085 train_acc=83.89% | val_loss=0.4110 val_acc=84.26% | lr=3.000000e-06
Epoch 284/301 | train_loss=0.4113 train_acc=83.55% | val_loss=0.4105 val_acc=84.28% | lr=3.000000e-06
Saved new best model to /tmp/bow_mlp_imdb_gbqvoy4w.pt
Epoch 285/301 | train_loss=0.4107 train_acc=83.86% | val_loss=0.4102 val_acc=84.24% | lr=3.000000e-06
Epoch 286/301 | train_loss=0.4099 train_acc=84.11% | val_loss=0.4098 val_acc=84.30% | lr=3.000000e-06
Saved new best model to /tmp/bow_mlp_imdb_gbqvoy4w.pt
Epoch 287/301 | train_loss=0.4087 train_acc=83.95% | val_loss=0.4094 val_acc=84.30% | lr=3.000000e-06
Epoch 288/301 | train_loss=0.4079 train_acc=84.09% | val_loss=0.4089 val_acc=84.36% | lr=3.000000e-06
Saved new best model to /tmp/bow_mlp_imdb_gbqvoy4w.pt
Epoch 289/301 | train_loss=0.4091 train_acc=83.81% | val_loss=0.4086 val_acc=84.34% | lr=3.000000e-06
Epoch 290/301 | train_loss=0.4082 train_acc=83.90% | val_loss=0.4082 val_acc=84.36% | lr=3.000000e-06
Epoch 291/301 | train_loss=0.4068 train_acc=83.86% | val_loss=0.4078 val_acc=84.36% | lr=3.000000e-06
Epoch 292/301 | train_loss=0.4076 train_acc=84.09% | val_loss=0.4074 val_acc=84.36% | lr=3.000000e-06
Epoch 293/301 | train_loss=0.4049 train_acc=84.21% | val_loss=0.4070 val_acc=84.36% | lr=3.000000e-06
Epoch 294/301 | train_loss=0.4052 train_acc=84.06% | val_loss=0.4066 val_acc=84.38% | lr=3.000000e-06
Saved new best model to /tmp/bow_mlp_imdb_gbqvoy4w.pt
Epoch 295/301 | train_loss=0.4035 train_acc=84.35% | val_loss=0.4062 val_acc=84.36% | lr=3.000000e-06
Epoch 296/301 | train_loss=0.4036 train_acc=84.11% | val_loss=0.4058 val_acc=84.38% | lr=3.000000e-06
Epoch 297/301 | train_loss=0.4038 train_acc=84.05% | val_loss=0.4055 val_acc=84.40% | lr=3.000000e-06
Saved new best model to /tmp/bow_mlp_imdb_gbqvoy4w.pt
Epoch 298/301 | train_loss=0.4025 train_acc=83.86% | val_loss=0.4051 val_acc=84.36% | lr=3.000000e-06
Epoch 299/301 | train_loss=0.4023 train_acc=84.16% | val_loss=0.4047 val_acc=84.38% | lr=3.000000e-06
Epoch 300/301 | train_loss=0.4033 train_acc=84.16% | val_loss=0.4043 val_acc=84.40% | lr=3.000000e-06
Epoch 301/301 | train_loss=0.4040 train_acc=84.11% | val_loss=0.4040 val_acc=84.38% | lr=3.000000e-06
Epoch 302/301 | train_loss=0.4011 train_acc=84.12% | val_loss=0.4036 val_acc=84.40% | lr=3.000000e-06
Epoch 303/301 | train_loss=0.4026 train_acc=84.13% | val_loss=0.4032 val_acc=84.46% | lr=3.000000e-06
Saved new best model to /tmp/bow_mlp_imdb_gbqvoy4w.pt
Epoch 304/301 | train_loss=0.4019 train_acc=84.17% | val_loss=0.4029 val_acc=84.42% | lr=3.000000e-06
Epoch 305/301 | train_loss=0.4032 train_acc=83.95% | val_loss=0.4025 val_acc=84.46% | lr=3.000000e-06
Epoch 306/301 | train_loss=0.3993 train_acc=84.06% | val_loss=0.4022 val_acc=84.46% | lr=3.000000e-06
Epoch 307/301 | train_loss=0.4015 train_acc=84.12% | val_loss=0.4019 val_acc=84.50% | lr=3.000000e-06
Saved new best model to /tmp/bow_mlp_imdb_gbqvoy4w.pt
Epoch 308/301 | train_loss=0.3986 train_acc=84.29% | val_loss=0.4015 val_acc=84.50% | lr=3.000000e-06
Epoch 309/301 | train_loss=0.3988 train_acc=84.32% | val_loss=0.4011 val_acc=84.50% | lr=3.000000e-06
Epoch 310/301 | train_loss=0.3982 train_acc=84.54% | val_loss=0.4008 val_acc=84.48% | lr=3.000000e-06
Epoch 311/301 | train_loss=0.3984 train_acc=84.38% | val_loss=0.4004 val_acc=84.48% | lr=3.000000e-06
Epoch 312/301 | train_loss=0.3981 train_acc=84.49% | val_loss=0.4001 val_acc=84.48% | lr=3.000000e-06
Epoch 313/301 | train_loss=0.3963 train_acc=84.55% | val_loss=0.3997 val_acc=84.50% | lr=3.000000e-06
Epoch 314/301 | train_loss=0.3966 train_acc=84.45% | val_loss=0.3994 val_acc=84.52% | lr=3.000000e-06
Saved new best model to /tmp/bow_mlp_imdb_gbqvoy4w.pt
Epoch 315/301 | train_loss=0.3961 train_acc=84.62% | val_loss=0.3990 val_acc=84.50% | lr=3.000000e-06
Epoch 316/301 | train_loss=0.3968 train_acc=84.48% | val_loss=0.3987 val_acc=84.64% | lr=3.000000e-06
Saved new best model to /tmp/bow_mlp_imdb_gbqvoy4w.pt
Epoch 317/301 | train_loss=0.3953 train_acc=84.49% | val_loss=0.3984 val_acc=84.60% | lr=3.000000e-06
Epoch 318/301 | train_loss=0.3960 train_acc=84.44% | val_loss=0.3981 val_acc=84.60% | lr=3.000000e-06
Epoch 319/301 | train_loss=0.3934 train_acc=84.44% | val_loss=0.3977 val_acc=84.66% | lr=3.000000e-06
Saved new best model to /tmp/bow_mlp_imdb_gbqvoy4w.pt
Epoch 320/301 | train_loss=0.3971 train_acc=84.27% | val_loss=0.3974 val_acc=84.60% | lr=3.000000e-06
Epoch 321/301 | train_loss=0.3951 train_acc=84.61% | val_loss=0.3971 val_acc=84.58% | lr=3.000000e-06
Epoch 322/301 | train_loss=0.3939 train_acc=84.45% | val_loss=0.3967 val_acc=84.62% | lr=3.000000e-06
Epoch 323/301 | train_loss=0.3933 train_acc=84.41% | val_loss=0.3964 val_acc=84.62% | lr=3.000000e-06
Epoch 324/301 | train_loss=0.3936 train_acc=84.69% | val_loss=0.3961 val_acc=84.60% | lr=3.000000e-06
Epoch 325/301 | train_loss=0.3908 train_acc=84.78% | val_loss=0.3958 val_acc=84.66% | lr=3.000000e-06
Epoch 326/301 | train_loss=0.3930 train_acc=84.47% | val_loss=0.3955 val_acc=84.62% | lr=3.000000e-06
Epoch 327/301 | train_loss=0.3928 train_acc=84.73% | val_loss=0.3952 val_acc=84.64% | lr=3.000000e-06
Epoch 328/301 | train_loss=0.3933 train_acc=84.56% | val_loss=0.3949 val_acc=84.68% | lr=3.000000e-06
Saved new best model to /tmp/bow_mlp_imdb_gbqvoy4w.pt
Epoch 329/301 | train_loss=0.3937 train_acc=84.42% | val_loss=0.3946 val_acc=84.72% | lr=3.000000e-06
Saved new best model to /tmp/bow_mlp_imdb_gbqvoy4w.pt
Epoch 330/301 | train_loss=0.3930 train_acc=84.38% | val_loss=0.3943 val_acc=84.66% | lr=3.000000e-06
Epoch 331/301 | train_loss=0.3903 train_acc=84.54% | val_loss=0.3940 val_acc=84.70% | lr=3.000000e-06
Epoch 332/301 | train_loss=0.3910 train_acc=84.67% | val_loss=0.3937 val_acc=84.68% | lr=3.000000e-06
Epoch 333/301 | train_loss=0.3908 train_acc=84.60% | val_loss=0.3935 val_acc=84.70% | lr=3.000000e-06
Epoch 334/301 | train_loss=0.3896 train_acc=84.81% | val_loss=0.3931 val_acc=84.66% | lr=3.000000e-06
Epoch 335/301 | train_loss=0.3898 train_acc=84.56% | val_loss=0.3929 val_acc=84.64% | lr=3.000000e-06
Epoch 336/301 | train_loss=0.3898 train_acc=84.58% | val_loss=0.3926 val_acc=84.66% | lr=3.000000e-06
Epoch 337/301 | train_loss=0.3888 train_acc=84.77% | val_loss=0.3923 val_acc=84.68% | lr=3.000000e-06
Epoch 338/301 | train_loss=0.3885 train_acc=84.78% | val_loss=0.3920 val_acc=84.66% | lr=3.000000e-06
Epoch 339/301 | train_loss=0.3870 train_acc=84.77% | val_loss=0.3917 val_acc=84.72% | lr=3.000000e-06
Epoch 340/301 | train_loss=0.3887 train_acc=84.57% | val_loss=0.3914 val_acc=84.70% | lr=3.000000e-06
Epoch 341/301 | train_loss=0.3867 train_acc=84.72% | val_loss=0.3911 val_acc=84.72% | lr=3.000000e-06
Epoch 342/301 | train_loss=0.3846 train_acc=84.96% | val_loss=0.3908 val_acc=84.72% | lr=3.000000e-06
Epoch 343/301 | train_loss=0.3890 train_acc=84.69% | val_loss=0.3906 val_acc=84.72% | lr=3.000000e-06
Epoch 344/301 | train_loss=0.3880 train_acc=84.88% | val_loss=0.3903 val_acc=84.72% | lr=3.000000e-06
Epoch 345/301 | train_loss=0.3871 train_acc=84.84% | val_loss=0.3900 val_acc=84.72% | lr=3.000000e-06
Epoch 346/301 | train_loss=0.3856 train_acc=84.63% | val_loss=0.3898 val_acc=84.72% | lr=3.000000e-06
Epoch 347/301 | train_loss=0.3850 train_acc=84.91% | val_loss=0.3895 val_acc=84.72% | lr=3.000000e-06
Epoch 348/301 | train_loss=0.3859 train_acc=84.86% | val_loss=0.3892 val_acc=84.78% | lr=3.000000e-06
Saved new best model to /tmp/bow_mlp_imdb_gbqvoy4w.pt
Epoch 349/301 | train_loss=0.3862 train_acc=84.75% | val_loss=0.3890 val_acc=84.74% | lr=3.000000e-06
Epoch 350/301 | train_loss=0.3835 train_acc=85.04% | val_loss=0.3887 val_acc=84.78% | lr=3.000000e-06
Epoch 351/301 | train_loss=0.3835 train_acc=84.69% | val_loss=0.3884 val_acc=84.78% | lr=3.000000e-06
Epoch 352/301 | train_loss=0.3849 train_acc=84.91% | val_loss=0.3882 val_acc=84.80% | lr=3.000000e-06
Saved new best model to /tmp/bow_mlp_imdb_gbqvoy4w.pt
Epoch 353/301 | train_loss=0.3835 train_acc=85.01% | val_loss=0.3879 val_acc=84.82% | lr=3.000000e-06
Saved new best model to /tmp/bow_mlp_imdb_gbqvoy4w.pt
Epoch 354/301 | train_loss=0.3832 train_acc=84.91% | val_loss=0.3876 val_acc=84.80% | lr=3.000000e-06
Epoch 355/301 | train_loss=0.3841 train_acc=84.61% | val_loss=0.3874 val_acc=84.84% | lr=3.000000e-06
Saved new best model to /tmp/bow_mlp_imdb_gbqvoy4w.pt
Epoch 356/301 | train_loss=0.3833 train_acc=85.13% | val_loss=0.3871 val_acc=84.78% | lr=3.000000e-06
Epoch 357/301 | train_loss=0.3825 train_acc=85.11% | val_loss=0.3869 val_acc=84.86% | lr=3.000000e-06
Saved new best model to /tmp/bow_mlp_imdb_gbqvoy4w.pt
Epoch 358/301 | train_loss=0.3813 train_acc=84.98% | val_loss=0.3867 val_acc=84.86% | lr=3.000000e-06
Epoch 359/301 | train_loss=0.3814 train_acc=85.08% | val_loss=0.3864 val_acc=84.82% | lr=3.000000e-06
Epoch 360/301 | train_loss=0.3816 train_acc=84.94% | val_loss=0.3861 val_acc=84.86% | lr=3.000000e-06
Epoch 361/301 | train_loss=0.3806 train_acc=85.05% | val_loss=0.3859 val_acc=84.80% | lr=3.000000e-06
Epoch 362/301 | train_loss=0.3808 train_acc=85.07% | val_loss=0.3856 val_acc=84.84% | lr=3.000000e-06
Epoch 363/301 | train_loss=0.3789 train_acc=85.22% | val_loss=0.3854 val_acc=84.88% | lr=3.000000e-06
Saved new best model to /tmp/bow_mlp_imdb_gbqvoy4w.pt
Epoch 364/301 | train_loss=0.3796 train_acc=85.17% | val_loss=0.3851 val_acc=84.88% | lr=3.000000e-06
Epoch 365/301 | train_loss=0.3796 train_acc=85.12% | val_loss=0.3849 val_acc=84.88% | lr=3.000000e-06
Epoch 366/301 | train_loss=0.3770 train_acc=85.34% | val_loss=0.3846 val_acc=84.90% | lr=3.000000e-06
Saved new best model to /tmp/bow_mlp_imdb_gbqvoy4w.pt
Epoch 367/301 | train_loss=0.3791 train_acc=85.19% | val_loss=0.3844 val_acc=84.88% | lr=3.000000e-06
Epoch 368/301 | train_loss=0.3808 train_acc=85.01% | val_loss=0.3842 val_acc=84.86% | lr=3.000000e-06
Epoch 369/301 | train_loss=0.3806 train_acc=84.91% | val_loss=0.3839 val_acc=84.96% | lr=3.000000e-06
Saved new best model to /tmp/bow_mlp_imdb_gbqvoy4w.pt
Epoch 370/301 | train_loss=0.3770 train_acc=85.23% | val_loss=0.3837 val_acc=84.88% | lr=3.000000e-06
Epoch 371/301 | train_loss=0.3777 train_acc=84.93% | val_loss=0.3835 val_acc=84.94% | lr=3.000000e-06
Epoch 372/301 | train_loss=0.3770 train_acc=85.22% | val_loss=0.3832 val_acc=84.94% | lr=3.000000e-06
Epoch 373/301 | train_loss=0.3764 train_acc=85.41% | val_loss=0.3830 val_acc=84.90% | lr=3.000000e-06
Epoch 374/301 | train_loss=0.3772 train_acc=85.26% | val_loss=0.3828 val_acc=84.94% | lr=3.000000e-06
Epoch 375/301 | train_loss=0.3764 train_acc=85.34% | val_loss=0.3825 val_acc=84.94% | lr=3.000000e-06
Epoch 376/301 | train_loss=0.3771 train_acc=85.02% | val_loss=0.3823 val_acc=84.90% | lr=3.000000e-06
Epoch 377/301 | train_loss=0.3767 train_acc=85.17% | val_loss=0.3821 val_acc=84.92% | lr=3.000000e-06
Epoch 378/301 | train_loss=0.3773 train_acc=85.07% | val_loss=0.3819 val_acc=84.90% | lr=3.000000e-06
Epoch 379/301 | train_loss=0.3770 train_acc=85.04% | val_loss=0.3817 val_acc=84.90% | lr=3.000000e-06
Epoch 380/301 | train_loss=0.3762 train_acc=85.08% | val_loss=0.3815 val_acc=84.90% | lr=3.000000e-06
Epoch 381/301 | train_loss=0.3757 train_acc=85.25% | val_loss=0.3813 val_acc=84.92% | lr=3.000000e-06
Epoch 382/301 | train_loss=0.3738 train_acc=85.23% | val_loss=0.3810 val_acc=84.92% | lr=3.000000e-06
Epoch 383/301 | train_loss=0.3745 train_acc=85.31% | val_loss=0.3808 val_acc=84.96% | lr=3.000000e-06
Epoch 384/301 | train_loss=0.3758 train_acc=85.03% | val_loss=0.3806 val_acc=84.98% | lr=3.000000e-06
Saved new best model to /tmp/bow_mlp_imdb_gbqvoy4w.pt
Epoch 385/301 | train_loss=0.3740 train_acc=85.22% | val_loss=0.3804 val_acc=84.98% | lr=3.000000e-06
Epoch 386/301 | train_loss=0.3732 train_acc=85.37% | val_loss=0.3802 val_acc=85.02% | lr=3.000000e-06
Saved new best model to /tmp/bow_mlp_imdb_gbqvoy4w.pt
Epoch 387/301 | train_loss=0.3737 train_acc=85.34% | val_loss=0.3800 val_acc=85.00% | lr=3.000000e-06
Epoch 388/301 | train_loss=0.3719 train_acc=85.27% | val_loss=0.3797 val_acc=85.00% | lr=3.000000e-06
Epoch 389/301 | train_loss=0.3733 train_acc=85.04% | val_loss=0.3795 val_acc=85.00% | lr=3.000000e-06
Epoch 390/301 | train_loss=0.3736 train_acc=85.44% | val_loss=0.3793 val_acc=85.00% | lr=3.000000e-06
Epoch 391/301 | train_loss=0.3730 train_acc=85.47% | val_loss=0.3791 val_acc=84.98% | lr=3.000000e-06
Epoch 392/301 | train_loss=0.3723 train_acc=85.45% | val_loss=0.3789 val_acc=85.00% | lr=3.000000e-06
Epoch 393/301 | train_loss=0.3697 train_acc=85.41% | val_loss=0.3787 val_acc=85.04% | lr=3.000000e-06
Saved new best model to /tmp/bow_mlp_imdb_gbqvoy4w.pt
Epoch 394/301 | train_loss=0.3713 train_acc=85.29% | val_loss=0.3785 val_acc=85.04% | lr=3.000000e-06
Epoch 395/301 | train_loss=0.3732 train_acc=85.02% | val_loss=0.3783 val_acc=85.00% | lr=3.000000e-06
Epoch 396/301 | train_loss=0.3711 train_acc=85.46% | val_loss=0.3781 val_acc=84.94% | lr=3.000000e-06
Epoch 397/301 | train_loss=0.3717 train_acc=85.26% | val_loss=0.3779 val_acc=85.04% | lr=3.000000e-06
Epoch 398/301 | train_loss=0.3723 train_acc=85.30% | val_loss=0.3777 val_acc=85.02% | lr=3.000000e-06
Epoch 399/301 | train_loss=0.3726 train_acc=85.33% | val_loss=0.3775 val_acc=85.00% | lr=3.000000e-06
Epoch 400/301 | train_loss=0.3706 train_acc=85.20% | val_loss=0.3774 val_acc=85.08% | lr=3.000000e-06
Saved new best model to /tmp/bow_mlp_imdb_gbqvoy4w.pt
Test loss=0.3773 | Test accuracy=85.03%
