Loading IMDb dataset from local disk: /home/daniel/l/masteruppsats/np-reg/language/data/imdb_hf
Using device: cuda
BoW vocab size: 1562
W0420 19:37:48.127000 667067 site-packages/torch/_inductor/utils.py:1679] [0/0] Not enough SMs to use max_autotune_gemm mode
Epoch 1/301 | train_loss=0.7431 train_acc=50.02% | val_loss=0.7354 val_acc=49.94% | lr=3.000000e-06
Saved new best model to /tmp/bow_mlp_imdb_oletkz6u.pt
Epoch 2/301 | train_loss=0.7280 train_acc=50.09% | val_loss=0.7233 val_acc=50.10% | lr=3.000000e-06
Saved new best model to /tmp/bow_mlp_imdb_oletkz6u.pt
Epoch 3/301 | train_loss=0.7182 train_acc=50.27% | val_loss=0.7150 val_acc=50.20% | lr=3.000000e-06
Saved new best model to /tmp/bow_mlp_imdb_oletkz6u.pt
Epoch 4/301 | train_loss=0.7116 train_acc=50.48% | val_loss=0.7093 val_acc=50.50% | lr=3.000000e-06
Saved new best model to /tmp/bow_mlp_imdb_oletkz6u.pt
Epoch 5/301 | train_loss=0.7073 train_acc=50.59% | val_loss=0.7050 val_acc=50.96% | lr=3.000000e-06
Saved new best model to /tmp/bow_mlp_imdb_oletkz6u.pt
Epoch 6/301 | train_loss=0.7034 train_acc=51.35% | val_loss=0.7019 val_acc=51.46% | lr=3.000000e-06
Saved new best model to /tmp/bow_mlp_imdb_oletkz6u.pt
Epoch 7/301 | train_loss=0.7011 train_acc=51.43% | val_loss=0.6992 val_acc=51.80% | lr=3.000000e-06
Saved new best model to /tmp/bow_mlp_imdb_oletkz6u.pt
Epoch 8/301 | train_loss=0.6989 train_acc=51.68% | val_loss=0.6969 val_acc=52.40% | lr=3.000000e-06
Saved new best model to /tmp/bow_mlp_imdb_oletkz6u.pt
Epoch 9/301 | train_loss=0.6967 train_acc=52.12% | val_loss=0.6948 val_acc=52.54% | lr=3.000000e-06
Saved new best model to /tmp/bow_mlp_imdb_oletkz6u.pt
Epoch 10/301 | train_loss=0.6949 train_acc=52.42% | val_loss=0.6928 val_acc=52.72% | lr=3.000000e-06
Saved new best model to /tmp/bow_mlp_imdb_oletkz6u.pt
Epoch 11/301 | train_loss=0.6928 train_acc=52.65% | val_loss=0.6908 val_acc=53.18% | lr=3.000000e-06
Saved new best model to /tmp/bow_mlp_imdb_oletkz6u.pt
Epoch 12/301 | train_loss=0.6907 train_acc=53.09% | val_loss=0.6888 val_acc=53.32% | lr=3.000000e-06
Saved new best model to /tmp/bow_mlp_imdb_oletkz6u.pt
Epoch 13/301 | train_loss=0.6889 train_acc=53.11% | val_loss=0.6869 val_acc=53.74% | lr=3.000000e-06
Saved new best model to /tmp/bow_mlp_imdb_oletkz6u.pt
Epoch 14/301 | train_loss=0.6878 train_acc=53.41% | val_loss=0.6850 val_acc=54.14% | lr=3.000000e-06
Saved new best model to /tmp/bow_mlp_imdb_oletkz6u.pt
Epoch 15/301 | train_loss=0.6850 train_acc=54.01% | val_loss=0.6831 val_acc=54.42% | lr=3.000000e-06
Saved new best model to /tmp/bow_mlp_imdb_oletkz6u.pt
Epoch 16/301 | train_loss=0.6834 train_acc=54.22% | val_loss=0.6810 val_acc=54.62% | lr=3.000000e-06
Saved new best model to /tmp/bow_mlp_imdb_oletkz6u.pt
Epoch 17/301 | train_loss=0.6808 train_acc=54.72% | val_loss=0.6787 val_acc=54.92% | lr=3.000000e-06
Saved new best model to /tmp/bow_mlp_imdb_oletkz6u.pt
Epoch 18/301 | train_loss=0.6779 train_acc=55.17% | val_loss=0.6761 val_acc=55.22% | lr=3.000000e-06
Saved new best model to /tmp/bow_mlp_imdb_oletkz6u.pt
Epoch 19/301 | train_loss=0.6761 train_acc=55.28% | val_loss=0.6734 val_acc=55.62% | lr=3.000000e-06
Saved new best model to /tmp/bow_mlp_imdb_oletkz6u.pt
Epoch 20/301 | train_loss=0.6725 train_acc=55.83% | val_loss=0.6708 val_acc=56.10% | lr=3.000000e-06
Saved new best model to /tmp/bow_mlp_imdb_oletkz6u.pt
Epoch 21/301 | train_loss=0.6702 train_acc=56.17% | val_loss=0.6682 val_acc=56.60% | lr=3.000000e-06
Saved new best model to /tmp/bow_mlp_imdb_oletkz6u.pt
Epoch 22/301 | train_loss=0.6682 train_acc=56.49% | val_loss=0.6657 val_acc=57.00% | lr=3.000000e-06
Saved new best model to /tmp/bow_mlp_imdb_oletkz6u.pt
Epoch 23/301 | train_loss=0.6659 train_acc=56.84% | val_loss=0.6633 val_acc=57.48% | lr=3.000000e-06
Saved new best model to /tmp/bow_mlp_imdb_oletkz6u.pt
Epoch 24/301 | train_loss=0.6620 train_acc=57.54% | val_loss=0.6608 val_acc=57.86% | lr=3.000000e-06
Saved new best model to /tmp/bow_mlp_imdb_oletkz6u.pt
Epoch 25/301 | train_loss=0.6601 train_acc=57.86% | val_loss=0.6584 val_acc=58.26% | lr=3.000000e-06
Saved new best model to /tmp/bow_mlp_imdb_oletkz6u.pt
Epoch 26/301 | train_loss=0.6577 train_acc=58.26% | val_loss=0.6560 val_acc=58.60% | lr=3.000000e-06
Saved new best model to /tmp/bow_mlp_imdb_oletkz6u.pt
Epoch 27/301 | train_loss=0.6556 train_acc=58.55% | val_loss=0.6536 val_acc=59.14% | lr=3.000000e-06
Saved new best model to /tmp/bow_mlp_imdb_oletkz6u.pt
Epoch 28/301 | train_loss=0.6531 train_acc=58.97% | val_loss=0.6511 val_acc=59.52% | lr=3.000000e-06
Saved new best model to /tmp/bow_mlp_imdb_oletkz6u.pt
Epoch 29/301 | train_loss=0.6513 train_acc=59.24% | val_loss=0.6487 val_acc=59.86% | lr=3.000000e-06
Saved new best model to /tmp/bow_mlp_imdb_oletkz6u.pt
Epoch 30/301 | train_loss=0.6474 train_acc=59.86% | val_loss=0.6460 val_acc=60.34% | lr=3.000000e-06
Saved new best model to /tmp/bow_mlp_imdb_oletkz6u.pt
Epoch 31/301 | train_loss=0.6457 train_acc=59.88% | val_loss=0.6433 val_acc=60.80% | lr=3.000000e-06
Saved new best model to /tmp/bow_mlp_imdb_oletkz6u.pt
Epoch 32/301 | train_loss=0.6425 train_acc=60.49% | val_loss=0.6403 val_acc=61.24% | lr=3.000000e-06
Saved new best model to /tmp/bow_mlp_imdb_oletkz6u.pt
Epoch 33/301 | train_loss=0.6399 train_acc=60.86% | val_loss=0.6374 val_acc=61.38% | lr=3.000000e-06
Saved new best model to /tmp/bow_mlp_imdb_oletkz6u.pt
Epoch 34/301 | train_loss=0.6358 train_acc=61.41% | val_loss=0.6344 val_acc=61.60% | lr=3.000000e-06
Saved new best model to /tmp/bow_mlp_imdb_oletkz6u.pt
Epoch 35/301 | train_loss=0.6334 train_acc=61.94% | val_loss=0.6314 val_acc=62.10% | lr=3.000000e-06
Saved new best model to /tmp/bow_mlp_imdb_oletkz6u.pt
Epoch 36/301 | train_loss=0.6306 train_acc=62.32% | val_loss=0.6285 val_acc=62.58% | lr=3.000000e-06
Saved new best model to /tmp/bow_mlp_imdb_oletkz6u.pt
Epoch 37/301 | train_loss=0.6282 train_acc=62.63% | val_loss=0.6256 val_acc=63.20% | lr=3.000000e-06
Saved new best model to /tmp/bow_mlp_imdb_oletkz6u.pt
Epoch 38/301 | train_loss=0.6261 train_acc=62.90% | val_loss=0.6229 val_acc=63.58% | lr=3.000000e-06
Saved new best model to /tmp/bow_mlp_imdb_oletkz6u.pt
Epoch 39/301 | train_loss=0.6232 train_acc=63.58% | val_loss=0.6201 val_acc=64.08% | lr=3.000000e-06
Saved new best model to /tmp/bow_mlp_imdb_oletkz6u.pt
Epoch 40/301 | train_loss=0.6208 train_acc=64.22% | val_loss=0.6175 val_acc=64.70% | lr=3.000000e-06
Saved new best model to /tmp/bow_mlp_imdb_oletkz6u.pt
Epoch 41/301 | train_loss=0.6173 train_acc=64.77% | val_loss=0.6149 val_acc=65.10% | lr=3.000000e-06
Saved new best model to /tmp/bow_mlp_imdb_oletkz6u.pt
Epoch 42/301 | train_loss=0.6156 train_acc=64.87% | val_loss=0.6123 val_acc=65.70% | lr=3.000000e-06
Saved new best model to /tmp/bow_mlp_imdb_oletkz6u.pt
Epoch 43/301 | train_loss=0.6125 train_acc=65.24% | val_loss=0.6097 val_acc=65.96% | lr=3.000000e-06
Saved new best model to /tmp/bow_mlp_imdb_oletkz6u.pt
Epoch 44/301 | train_loss=0.6104 train_acc=65.75% | val_loss=0.6071 val_acc=66.56% | lr=3.000000e-06
Saved new best model to /tmp/bow_mlp_imdb_oletkz6u.pt
Epoch 45/301 | train_loss=0.6082 train_acc=66.26% | val_loss=0.6047 val_acc=67.10% | lr=3.000000e-06
Saved new best model to /tmp/bow_mlp_imdb_oletkz6u.pt
Epoch 46/301 | train_loss=0.6047 train_acc=66.53% | val_loss=0.6022 val_acc=67.80% | lr=3.000000e-06
Saved new best model to /tmp/bow_mlp_imdb_oletkz6u.pt
Epoch 47/301 | train_loss=0.6027 train_acc=67.22% | val_loss=0.5997 val_acc=68.16% | lr=3.000000e-06
Saved new best model to /tmp/bow_mlp_imdb_oletkz6u.pt
Epoch 48/301 | train_loss=0.6001 train_acc=67.33% | val_loss=0.5973 val_acc=68.66% | lr=3.000000e-06
Saved new best model to /tmp/bow_mlp_imdb_oletkz6u.pt
Epoch 49/301 | train_loss=0.5992 train_acc=67.55% | val_loss=0.5949 val_acc=69.00% | lr=3.000000e-06
Saved new best model to /tmp/bow_mlp_imdb_oletkz6u.pt
Epoch 50/301 | train_loss=0.5958 train_acc=67.97% | val_loss=0.5925 val_acc=69.54% | lr=3.000000e-06
Saved new best model to /tmp/bow_mlp_imdb_oletkz6u.pt
Epoch 51/301 | train_loss=0.5928 train_acc=68.31% | val_loss=0.5901 val_acc=69.82% | lr=3.000000e-06
Saved new best model to /tmp/bow_mlp_imdb_oletkz6u.pt
Epoch 52/301 | train_loss=0.5907 train_acc=68.99% | val_loss=0.5878 val_acc=70.22% | lr=3.000000e-06
Saved new best model to /tmp/bow_mlp_imdb_oletkz6u.pt
Epoch 53/301 | train_loss=0.5886 train_acc=69.29% | val_loss=0.5855 val_acc=70.74% | lr=3.000000e-06
Saved new best model to /tmp/bow_mlp_imdb_oletkz6u.pt
Epoch 54/301 | train_loss=0.5863 train_acc=69.41% | val_loss=0.5832 val_acc=70.82% | lr=3.000000e-06
Saved new best model to /tmp/bow_mlp_imdb_oletkz6u.pt
Epoch 55/301 | train_loss=0.5842 train_acc=70.03% | val_loss=0.5809 val_acc=71.08% | lr=3.000000e-06
Saved new best model to /tmp/bow_mlp_imdb_oletkz6u.pt
Epoch 56/301 | train_loss=0.5810 train_acc=70.44% | val_loss=0.5786 val_acc=71.38% | lr=3.000000e-06
Saved new best model to /tmp/bow_mlp_imdb_oletkz6u.pt
Epoch 57/301 | train_loss=0.5786 train_acc=70.58% | val_loss=0.5763 val_acc=71.76% | lr=3.000000e-06
Saved new best model to /tmp/bow_mlp_imdb_oletkz6u.pt
Epoch 58/301 | train_loss=0.5775 train_acc=70.65% | val_loss=0.5741 val_acc=71.86% | lr=3.000000e-06
Saved new best model to /tmp/bow_mlp_imdb_oletkz6u.pt
Epoch 59/301 | train_loss=0.5766 train_acc=70.75% | val_loss=0.5719 val_acc=72.12% | lr=3.000000e-06
Saved new best model to /tmp/bow_mlp_imdb_oletkz6u.pt
Epoch 60/301 | train_loss=0.5733 train_acc=71.15% | val_loss=0.5697 val_acc=72.40% | lr=3.000000e-06
Saved new best model to /tmp/bow_mlp_imdb_oletkz6u.pt
Epoch 61/301 | train_loss=0.5702 train_acc=71.78% | val_loss=0.5676 val_acc=72.82% | lr=3.000000e-06
Saved new best model to /tmp/bow_mlp_imdb_oletkz6u.pt
Epoch 62/301 | train_loss=0.5689 train_acc=71.78% | val_loss=0.5654 val_acc=73.08% | lr=3.000000e-06
Saved new best model to /tmp/bow_mlp_imdb_oletkz6u.pt
Epoch 63/301 | train_loss=0.5663 train_acc=72.47% | val_loss=0.5633 val_acc=73.38% | lr=3.000000e-06
Saved new best model to /tmp/bow_mlp_imdb_oletkz6u.pt
Epoch 64/301 | train_loss=0.5655 train_acc=72.50% | val_loss=0.5612 val_acc=73.74% | lr=3.000000e-06
Saved new best model to /tmp/bow_mlp_imdb_oletkz6u.pt
Epoch 65/301 | train_loss=0.5633 train_acc=72.54% | val_loss=0.5591 val_acc=74.08% | lr=3.000000e-06
Saved new best model to /tmp/bow_mlp_imdb_oletkz6u.pt
Epoch 66/301 | train_loss=0.5607 train_acc=73.23% | val_loss=0.5570 val_acc=74.30% | lr=3.000000e-06
Saved new best model to /tmp/bow_mlp_imdb_oletkz6u.pt
Epoch 67/301 | train_loss=0.5579 train_acc=73.34% | val_loss=0.5550 val_acc=74.58% | lr=3.000000e-06
Saved new best model to /tmp/bow_mlp_imdb_oletkz6u.pt
Epoch 68/301 | train_loss=0.5565 train_acc=73.52% | val_loss=0.5529 val_acc=75.06% | lr=3.000000e-06
Saved new best model to /tmp/bow_mlp_imdb_oletkz6u.pt
Epoch 69/301 | train_loss=0.5538 train_acc=73.99% | val_loss=0.5509 val_acc=75.16% | lr=3.000000e-06
Saved new best model to /tmp/bow_mlp_imdb_oletkz6u.pt
Epoch 70/301 | train_loss=0.5521 train_acc=74.43% | val_loss=0.5490 val_acc=75.26% | lr=3.000000e-06
Saved new best model to /tmp/bow_mlp_imdb_oletkz6u.pt
Epoch 71/301 | train_loss=0.5509 train_acc=74.38% | val_loss=0.5469 val_acc=75.60% | lr=3.000000e-06
Saved new best model to /tmp/bow_mlp_imdb_oletkz6u.pt
Epoch 72/301 | train_loss=0.5485 train_acc=74.44% | val_loss=0.5450 val_acc=75.94% | lr=3.000000e-06
Saved new best model to /tmp/bow_mlp_imdb_oletkz6u.pt
Epoch 73/301 | train_loss=0.5459 train_acc=74.74% | val_loss=0.5431 val_acc=76.04% | lr=3.000000e-06
Saved new best model to /tmp/bow_mlp_imdb_oletkz6u.pt
Epoch 74/301 | train_loss=0.5453 train_acc=75.06% | val_loss=0.5411 val_acc=76.26% | lr=3.000000e-06
Saved new best model to /tmp/bow_mlp_imdb_oletkz6u.pt
Epoch 75/301 | train_loss=0.5423 train_acc=75.27% | val_loss=0.5392 val_acc=76.52% | lr=3.000000e-06
Saved new best model to /tmp/bow_mlp_imdb_oletkz6u.pt
Epoch 76/301 | train_loss=0.5407 train_acc=75.53% | val_loss=0.5373 val_acc=76.76% | lr=3.000000e-06
Saved new best model to /tmp/bow_mlp_imdb_oletkz6u.pt
Epoch 77/301 | train_loss=0.5389 train_acc=75.78% | val_loss=0.5355 val_acc=77.08% | lr=3.000000e-06
Saved new best model to /tmp/bow_mlp_imdb_oletkz6u.pt
Epoch 78/301 | train_loss=0.5366 train_acc=76.01% | val_loss=0.5336 val_acc=77.44% | lr=3.000000e-06
Saved new best model to /tmp/bow_mlp_imdb_oletkz6u.pt
Epoch 79/301 | train_loss=0.5350 train_acc=76.35% | val_loss=0.5318 val_acc=77.62% | lr=3.000000e-06
Saved new best model to /tmp/bow_mlp_imdb_oletkz6u.pt
Epoch 80/301 | train_loss=0.5327 train_acc=76.66% | val_loss=0.5299 val_acc=77.86% | lr=3.000000e-06
Saved new best model to /tmp/bow_mlp_imdb_oletkz6u.pt
Epoch 81/301 | train_loss=0.5314 train_acc=76.35% | val_loss=0.5281 val_acc=77.98% | lr=3.000000e-06
Saved new best model to /tmp/bow_mlp_imdb_oletkz6u.pt
Epoch 82/301 | train_loss=0.5310 train_acc=76.77% | val_loss=0.5263 val_acc=78.04% | lr=3.000000e-06
Saved new best model to /tmp/bow_mlp_imdb_oletkz6u.pt
Epoch 83/301 | train_loss=0.5274 train_acc=76.78% | val_loss=0.5245 val_acc=78.34% | lr=3.000000e-06
Saved new best model to /tmp/bow_mlp_imdb_oletkz6u.pt
Epoch 84/301 | train_loss=0.5262 train_acc=77.16% | val_loss=0.5228 val_acc=78.38% | lr=3.000000e-06
Saved new best model to /tmp/bow_mlp_imdb_oletkz6u.pt
Epoch 85/301 | train_loss=0.5240 train_acc=77.39% | val_loss=0.5210 val_acc=78.50% | lr=3.000000e-06
Saved new best model to /tmp/bow_mlp_imdb_oletkz6u.pt
Epoch 86/301 | train_loss=0.5233 train_acc=77.43% | val_loss=0.5193 val_acc=78.58% | lr=3.000000e-06
Saved new best model to /tmp/bow_mlp_imdb_oletkz6u.pt
Epoch 87/301 | train_loss=0.5214 train_acc=77.75% | val_loss=0.5177 val_acc=78.64% | lr=3.000000e-06
Saved new best model to /tmp/bow_mlp_imdb_oletkz6u.pt
Epoch 88/301 | train_loss=0.5201 train_acc=77.50% | val_loss=0.5160 val_acc=78.90% | lr=3.000000e-06
Saved new best model to /tmp/bow_mlp_imdb_oletkz6u.pt
Epoch 89/301 | train_loss=0.5173 train_acc=77.83% | val_loss=0.5143 val_acc=78.98% | lr=3.000000e-06
Saved new best model to /tmp/bow_mlp_imdb_oletkz6u.pt
Epoch 90/301 | train_loss=0.5156 train_acc=77.96% | val_loss=0.5126 val_acc=79.22% | lr=3.000000e-06
Saved new best model to /tmp/bow_mlp_imdb_oletkz6u.pt
Epoch 91/301 | train_loss=0.5147 train_acc=77.97% | val_loss=0.5110 val_acc=79.34% | lr=3.000000e-06
Saved new best model to /tmp/bow_mlp_imdb_oletkz6u.pt
Epoch 92/301 | train_loss=0.5133 train_acc=78.20% | val_loss=0.5094 val_acc=79.42% | lr=3.000000e-06
Saved new best model to /tmp/bow_mlp_imdb_oletkz6u.pt
Epoch 93/301 | train_loss=0.5116 train_acc=78.25% | val_loss=0.5078 val_acc=79.46% | lr=3.000000e-06
Saved new best model to /tmp/bow_mlp_imdb_oletkz6u.pt
Epoch 94/301 | train_loss=0.5094 train_acc=78.43% | val_loss=0.5063 val_acc=79.70% | lr=3.000000e-06
Saved new best model to /tmp/bow_mlp_imdb_oletkz6u.pt
Epoch 95/301 | train_loss=0.5089 train_acc=78.25% | val_loss=0.5047 val_acc=79.76% | lr=3.000000e-06
Saved new best model to /tmp/bow_mlp_imdb_oletkz6u.pt
Epoch 96/301 | train_loss=0.5073 train_acc=78.54% | val_loss=0.5032 val_acc=79.90% | lr=3.000000e-06
Saved new best model to /tmp/bow_mlp_imdb_oletkz6u.pt
Epoch 97/301 | train_loss=0.5035 train_acc=78.90% | val_loss=0.5016 val_acc=80.02% | lr=3.000000e-06
Saved new best model to /tmp/bow_mlp_imdb_oletkz6u.pt
Epoch 98/301 | train_loss=0.5027 train_acc=79.25% | val_loss=0.5001 val_acc=80.18% | lr=3.000000e-06
Saved new best model to /tmp/bow_mlp_imdb_oletkz6u.pt
Epoch 99/301 | train_loss=0.5008 train_acc=79.16% | val_loss=0.4985 val_acc=80.34% | lr=3.000000e-06
Saved new best model to /tmp/bow_mlp_imdb_oletkz6u.pt
Epoch 100/301 | train_loss=0.4996 train_acc=79.44% | val_loss=0.4970 val_acc=80.28% | lr=3.000000e-06
Epoch 101/301 | train_loss=0.4984 train_acc=79.28% | val_loss=0.4955 val_acc=80.38% | lr=3.000000e-06
Saved new best model to /tmp/bow_mlp_imdb_oletkz6u.pt
Epoch 102/301 | train_loss=0.4968 train_acc=79.19% | val_loss=0.4940 val_acc=80.50% | lr=3.000000e-06
Saved new best model to /tmp/bow_mlp_imdb_oletkz6u.pt
Epoch 103/301 | train_loss=0.4958 train_acc=79.47% | val_loss=0.4925 val_acc=80.60% | lr=3.000000e-06
Saved new best model to /tmp/bow_mlp_imdb_oletkz6u.pt
Epoch 104/301 | train_loss=0.4942 train_acc=79.64% | val_loss=0.4911 val_acc=80.66% | lr=3.000000e-06
Saved new best model to /tmp/bow_mlp_imdb_oletkz6u.pt
Epoch 105/301 | train_loss=0.4925 train_acc=79.81% | val_loss=0.4896 val_acc=80.76% | lr=3.000000e-06
Saved new best model to /tmp/bow_mlp_imdb_oletkz6u.pt
Epoch 106/301 | train_loss=0.4916 train_acc=79.78% | val_loss=0.4882 val_acc=80.86% | lr=3.000000e-06
Saved new best model to /tmp/bow_mlp_imdb_oletkz6u.pt
Epoch 107/301 | train_loss=0.4893 train_acc=80.00% | val_loss=0.4867 val_acc=80.92% | lr=3.000000e-06
Saved new best model to /tmp/bow_mlp_imdb_oletkz6u.pt
Epoch 108/301 | train_loss=0.4883 train_acc=79.98% | val_loss=0.4852 val_acc=81.06% | lr=3.000000e-06
Saved new best model to /tmp/bow_mlp_imdb_oletkz6u.pt
Epoch 109/301 | train_loss=0.4862 train_acc=80.36% | val_loss=0.4837 val_acc=81.16% | lr=3.000000e-06
Saved new best model to /tmp/bow_mlp_imdb_oletkz6u.pt
Epoch 110/301 | train_loss=0.4834 train_acc=80.38% | val_loss=0.4821 val_acc=81.16% | lr=3.000000e-06
Epoch 111/301 | train_loss=0.4822 train_acc=80.53% | val_loss=0.4805 val_acc=81.22% | lr=3.000000e-06
Saved new best model to /tmp/bow_mlp_imdb_oletkz6u.pt
Epoch 112/301 | train_loss=0.4829 train_acc=80.58% | val_loss=0.4789 val_acc=81.36% | lr=3.000000e-06
Saved new best model to /tmp/bow_mlp_imdb_oletkz6u.pt
Epoch 113/301 | train_loss=0.4799 train_acc=80.42% | val_loss=0.4774 val_acc=81.38% | lr=3.000000e-06
Saved new best model to /tmp/bow_mlp_imdb_oletkz6u.pt
Epoch 114/301 | train_loss=0.4778 train_acc=80.67% | val_loss=0.4759 val_acc=81.58% | lr=3.000000e-06
Saved new best model to /tmp/bow_mlp_imdb_oletkz6u.pt
Epoch 115/301 | train_loss=0.4763 train_acc=80.87% | val_loss=0.4744 val_acc=81.56% | lr=3.000000e-06
Epoch 116/301 | train_loss=0.4760 train_acc=80.89% | val_loss=0.4729 val_acc=81.64% | lr=3.000000e-06
Saved new best model to /tmp/bow_mlp_imdb_oletkz6u.pt
Epoch 117/301 | train_loss=0.4759 train_acc=80.93% | val_loss=0.4715 val_acc=81.66% | lr=3.000000e-06
Saved new best model to /tmp/bow_mlp_imdb_oletkz6u.pt
Epoch 118/301 | train_loss=0.4714 train_acc=81.20% | val_loss=0.4701 val_acc=81.84% | lr=3.000000e-06
Saved new best model to /tmp/bow_mlp_imdb_oletkz6u.pt
Epoch 119/301 | train_loss=0.4718 train_acc=81.08% | val_loss=0.4687 val_acc=81.80% | lr=3.000000e-06
Epoch 120/301 | train_loss=0.4702 train_acc=81.11% | val_loss=0.4673 val_acc=81.86% | lr=3.000000e-06
Saved new best model to /tmp/bow_mlp_imdb_oletkz6u.pt
Epoch 121/301 | train_loss=0.4680 train_acc=81.43% | val_loss=0.4659 val_acc=81.96% | lr=3.000000e-06
Saved new best model to /tmp/bow_mlp_imdb_oletkz6u.pt
Epoch 122/301 | train_loss=0.4677 train_acc=81.19% | val_loss=0.4646 val_acc=82.06% | lr=3.000000e-06
Saved new best model to /tmp/bow_mlp_imdb_oletkz6u.pt
Epoch 123/301 | train_loss=0.4654 train_acc=81.44% | val_loss=0.4633 val_acc=82.10% | lr=3.000000e-06
Saved new best model to /tmp/bow_mlp_imdb_oletkz6u.pt
Epoch 124/301 | train_loss=0.4650 train_acc=81.49% | val_loss=0.4620 val_acc=82.14% | lr=3.000000e-06
Saved new best model to /tmp/bow_mlp_imdb_oletkz6u.pt
Epoch 125/301 | train_loss=0.4637 train_acc=81.35% | val_loss=0.4608 val_acc=82.18% | lr=3.000000e-06
Saved new best model to /tmp/bow_mlp_imdb_oletkz6u.pt
Epoch 126/301 | train_loss=0.4621 train_acc=81.62% | val_loss=0.4595 val_acc=82.26% | lr=3.000000e-06
Saved new best model to /tmp/bow_mlp_imdb_oletkz6u.pt
Epoch 127/301 | train_loss=0.4616 train_acc=81.43% | val_loss=0.4583 val_acc=82.30% | lr=3.000000e-06
Saved new best model to /tmp/bow_mlp_imdb_oletkz6u.pt
Epoch 128/301 | train_loss=0.4602 train_acc=81.59% | val_loss=0.4571 val_acc=82.34% | lr=3.000000e-06
Saved new best model to /tmp/bow_mlp_imdb_oletkz6u.pt
Epoch 129/301 | train_loss=0.4588 train_acc=81.72% | val_loss=0.4559 val_acc=82.30% | lr=3.000000e-06
Epoch 130/301 | train_loss=0.4575 train_acc=81.65% | val_loss=0.4547 val_acc=82.36% | lr=3.000000e-06
Saved new best model to /tmp/bow_mlp_imdb_oletkz6u.pt
Epoch 131/301 | train_loss=0.4560 train_acc=82.00% | val_loss=0.4535 val_acc=82.42% | lr=3.000000e-06
Saved new best model to /tmp/bow_mlp_imdb_oletkz6u.pt
Epoch 132/301 | train_loss=0.4537 train_acc=81.71% | val_loss=0.4524 val_acc=82.42% | lr=3.000000e-06
Epoch 133/301 | train_loss=0.4533 train_acc=82.25% | val_loss=0.4513 val_acc=82.62% | lr=3.000000e-06
Saved new best model to /tmp/bow_mlp_imdb_oletkz6u.pt
Epoch 134/301 | train_loss=0.4515 train_acc=81.89% | val_loss=0.4501 val_acc=82.60% | lr=3.000000e-06
Epoch 135/301 | train_loss=0.4509 train_acc=82.22% | val_loss=0.4490 val_acc=82.62% | lr=3.000000e-06
Epoch 136/301 | train_loss=0.4492 train_acc=82.25% | val_loss=0.4479 val_acc=82.76% | lr=3.000000e-06
Saved new best model to /tmp/bow_mlp_imdb_oletkz6u.pt
Epoch 137/301 | train_loss=0.4503 train_acc=81.93% | val_loss=0.4468 val_acc=82.76% | lr=3.000000e-06
Epoch 138/301 | train_loss=0.4467 train_acc=82.14% | val_loss=0.4458 val_acc=82.78% | lr=3.000000e-06
Saved new best model to /tmp/bow_mlp_imdb_oletkz6u.pt
Epoch 139/301 | train_loss=0.4455 train_acc=82.48% | val_loss=0.4447 val_acc=82.74% | lr=3.000000e-06
Epoch 140/301 | train_loss=0.4462 train_acc=82.14% | val_loss=0.4437 val_acc=82.84% | lr=3.000000e-06
Saved new best model to /tmp/bow_mlp_imdb_oletkz6u.pt
Epoch 141/301 | train_loss=0.4452 train_acc=82.48% | val_loss=0.4426 val_acc=82.92% | lr=3.000000e-06
Saved new best model to /tmp/bow_mlp_imdb_oletkz6u.pt
Epoch 142/301 | train_loss=0.4447 train_acc=82.20% | val_loss=0.4417 val_acc=83.12% | lr=3.000000e-06
Saved new best model to /tmp/bow_mlp_imdb_oletkz6u.pt
Epoch 143/301 | train_loss=0.4433 train_acc=82.45% | val_loss=0.4407 val_acc=83.14% | lr=3.000000e-06
Saved new best model to /tmp/bow_mlp_imdb_oletkz6u.pt
Epoch 144/301 | train_loss=0.4420 train_acc=82.55% | val_loss=0.4397 val_acc=83.18% | lr=3.000000e-06
Saved new best model to /tmp/bow_mlp_imdb_oletkz6u.pt
Epoch 145/301 | train_loss=0.4398 train_acc=82.64% | val_loss=0.4388 val_acc=83.22% | lr=3.000000e-06
Saved new best model to /tmp/bow_mlp_imdb_oletkz6u.pt
Epoch 146/301 | train_loss=0.4411 train_acc=82.59% | val_loss=0.4378 val_acc=83.16% | lr=3.000000e-06
Epoch 147/301 | train_loss=0.4379 train_acc=82.84% | val_loss=0.4369 val_acc=83.28% | lr=3.000000e-06
Saved new best model to /tmp/bow_mlp_imdb_oletkz6u.pt
Epoch 148/301 | train_loss=0.4376 train_acc=82.56% | val_loss=0.4359 val_acc=83.24% | lr=3.000000e-06
Epoch 149/301 | train_loss=0.4360 train_acc=82.88% | val_loss=0.4350 val_acc=83.34% | lr=3.000000e-06
Saved new best model to /tmp/bow_mlp_imdb_oletkz6u.pt
Epoch 150/301 | train_loss=0.4359 train_acc=82.55% | val_loss=0.4341 val_acc=83.42% | lr=3.000000e-06
Saved new best model to /tmp/bow_mlp_imdb_oletkz6u.pt
Epoch 151/301 | train_loss=0.4347 train_acc=83.12% | val_loss=0.4332 val_acc=83.40% | lr=3.000000e-06
Epoch 152/301 | train_loss=0.4330 train_acc=82.93% | val_loss=0.4322 val_acc=83.38% | lr=3.000000e-06
Epoch 153/301 | train_loss=0.4348 train_acc=82.83% | val_loss=0.4314 val_acc=83.50% | lr=3.000000e-06
Saved new best model to /tmp/bow_mlp_imdb_oletkz6u.pt
Epoch 154/301 | train_loss=0.4327 train_acc=82.88% | val_loss=0.4305 val_acc=83.46% | lr=3.000000e-06
Epoch 155/301 | train_loss=0.4301 train_acc=83.20% | val_loss=0.4297 val_acc=83.60% | lr=3.000000e-06
Saved new best model to /tmp/bow_mlp_imdb_oletkz6u.pt
Epoch 156/301 | train_loss=0.4317 train_acc=83.04% | val_loss=0.4288 val_acc=83.66% | lr=3.000000e-06
Saved new best model to /tmp/bow_mlp_imdb_oletkz6u.pt
Epoch 157/301 | train_loss=0.4305 train_acc=82.90% | val_loss=0.4280 val_acc=83.82% | lr=3.000000e-06
Saved new best model to /tmp/bow_mlp_imdb_oletkz6u.pt
Epoch 158/301 | train_loss=0.4301 train_acc=82.88% | val_loss=0.4272 val_acc=83.82% | lr=3.000000e-06
Epoch 159/301 | train_loss=0.4280 train_acc=83.25% | val_loss=0.4264 val_acc=83.86% | lr=3.000000e-06
Saved new best model to /tmp/bow_mlp_imdb_oletkz6u.pt
Epoch 160/301 | train_loss=0.4265 train_acc=83.20% | val_loss=0.4256 val_acc=83.88% | lr=3.000000e-06
Saved new best model to /tmp/bow_mlp_imdb_oletkz6u.pt
Epoch 161/301 | train_loss=0.4244 train_acc=83.38% | val_loss=0.4248 val_acc=83.94% | lr=3.000000e-06
Saved new best model to /tmp/bow_mlp_imdb_oletkz6u.pt
Epoch 162/301 | train_loss=0.4250 train_acc=83.28% | val_loss=0.4240 val_acc=83.96% | lr=3.000000e-06
Saved new best model to /tmp/bow_mlp_imdb_oletkz6u.pt
Epoch 163/301 | train_loss=0.4245 train_acc=83.28% | val_loss=0.4232 val_acc=84.04% | lr=3.000000e-06
Saved new best model to /tmp/bow_mlp_imdb_oletkz6u.pt
Epoch 164/301 | train_loss=0.4221 train_acc=83.48% | val_loss=0.4224 val_acc=84.06% | lr=3.000000e-06
Saved new best model to /tmp/bow_mlp_imdb_oletkz6u.pt
Epoch 165/301 | train_loss=0.4216 train_acc=83.47% | val_loss=0.4216 val_acc=84.12% | lr=3.000000e-06
Saved new best model to /tmp/bow_mlp_imdb_oletkz6u.pt
Epoch 166/301 | train_loss=0.4234 train_acc=83.38% | val_loss=0.4208 val_acc=84.10% | lr=3.000000e-06
Epoch 167/301 | train_loss=0.4203 train_acc=83.44% | val_loss=0.4201 val_acc=84.06% | lr=3.000000e-06
Epoch 168/301 | train_loss=0.4193 train_acc=83.53% | val_loss=0.4193 val_acc=84.10% | lr=3.000000e-06
Epoch 169/301 | train_loss=0.4179 train_acc=83.28% | val_loss=0.4186 val_acc=84.20% | lr=3.000000e-06
Saved new best model to /tmp/bow_mlp_imdb_oletkz6u.pt
Epoch 170/301 | train_loss=0.4183 train_acc=83.56% | val_loss=0.4178 val_acc=84.20% | lr=3.000000e-06
Epoch 171/301 | train_loss=0.4184 train_acc=83.41% | val_loss=0.4171 val_acc=84.24% | lr=3.000000e-06
Saved new best model to /tmp/bow_mlp_imdb_oletkz6u.pt
Epoch 172/301 | train_loss=0.4160 train_acc=83.59% | val_loss=0.4164 val_acc=84.24% | lr=3.000000e-06
Epoch 173/301 | train_loss=0.4176 train_acc=83.62% | val_loss=0.4157 val_acc=84.24% | lr=3.000000e-06
Epoch 174/301 | train_loss=0.4150 train_acc=83.72% | val_loss=0.4150 val_acc=84.26% | lr=3.000000e-06
Saved new best model to /tmp/bow_mlp_imdb_oletkz6u.pt
Epoch 175/301 | train_loss=0.4149 train_acc=83.49% | val_loss=0.4143 val_acc=84.18% | lr=3.000000e-06
Epoch 176/301 | train_loss=0.4133 train_acc=83.53% | val_loss=0.4136 val_acc=84.14% | lr=3.000000e-06
Epoch 177/301 | train_loss=0.4148 train_acc=83.67% | val_loss=0.4130 val_acc=84.18% | lr=3.000000e-06
Epoch 178/301 | train_loss=0.4130 train_acc=83.66% | val_loss=0.4124 val_acc=84.20% | lr=3.000000e-06
Epoch 179/301 | train_loss=0.4130 train_acc=83.83% | val_loss=0.4117 val_acc=84.14% | lr=3.000000e-06
Epoch 180/301 | train_loss=0.4113 train_acc=83.71% | val_loss=0.4110 val_acc=84.20% | lr=3.000000e-06
Epoch 181/301 | train_loss=0.4108 train_acc=83.63% | val_loss=0.4104 val_acc=84.20% | lr=3.000000e-06
Epoch 182/301 | train_loss=0.4104 train_acc=83.68% | val_loss=0.4098 val_acc=84.24% | lr=3.000000e-06
Epoch 183/301 | train_loss=0.4089 train_acc=83.94% | val_loss=0.4092 val_acc=84.22% | lr=3.000000e-06
Epoch 184/301 | train_loss=0.4103 train_acc=83.60% | val_loss=0.4085 val_acc=84.28% | lr=3.000000e-06
Saved new best model to /tmp/bow_mlp_imdb_oletkz6u.pt
Epoch 185/301 | train_loss=0.4087 train_acc=83.91% | val_loss=0.4079 val_acc=84.26% | lr=3.000000e-06
Epoch 186/301 | train_loss=0.4056 train_acc=84.10% | val_loss=0.4073 val_acc=84.30% | lr=3.000000e-06
Saved new best model to /tmp/bow_mlp_imdb_oletkz6u.pt
Epoch 187/301 | train_loss=0.4064 train_acc=84.10% | val_loss=0.4067 val_acc=84.34% | lr=3.000000e-06
Saved new best model to /tmp/bow_mlp_imdb_oletkz6u.pt
Epoch 188/301 | train_loss=0.4067 train_acc=83.95% | val_loss=0.4061 val_acc=84.34% | lr=3.000000e-06
Epoch 189/301 | train_loss=0.4040 train_acc=84.15% | val_loss=0.4055 val_acc=84.32% | lr=3.000000e-06
Epoch 190/301 | train_loss=0.4046 train_acc=84.09% | val_loss=0.4049 val_acc=84.34% | lr=3.000000e-06
Epoch 191/301 | train_loss=0.4029 train_acc=84.10% | val_loss=0.4043 val_acc=84.34% | lr=3.000000e-06
Epoch 192/301 | train_loss=0.4063 train_acc=83.77% | val_loss=0.4038 val_acc=84.34% | lr=3.000000e-06
Epoch 193/301 | train_loss=0.4026 train_acc=84.17% | val_loss=0.4033 val_acc=84.38% | lr=3.000000e-06
Saved new best model to /tmp/bow_mlp_imdb_oletkz6u.pt
Epoch 194/301 | train_loss=0.4013 train_acc=84.10% | val_loss=0.4027 val_acc=84.40% | lr=3.000000e-06
Saved new best model to /tmp/bow_mlp_imdb_oletkz6u.pt
Epoch 195/301 | train_loss=0.4031 train_acc=83.93% | val_loss=0.4022 val_acc=84.40% | lr=3.000000e-06
Epoch 196/301 | train_loss=0.3999 train_acc=84.17% | val_loss=0.4016 val_acc=84.42% | lr=3.000000e-06
Saved new best model to /tmp/bow_mlp_imdb_oletkz6u.pt
Epoch 197/301 | train_loss=0.4004 train_acc=83.97% | val_loss=0.4011 val_acc=84.42% | lr=3.000000e-06
Epoch 198/301 | train_loss=0.3997 train_acc=84.35% | val_loss=0.4005 val_acc=84.46% | lr=3.000000e-06
Saved new best model to /tmp/bow_mlp_imdb_oletkz6u.pt
Epoch 199/301 | train_loss=0.4004 train_acc=84.33% | val_loss=0.4000 val_acc=84.46% | lr=3.000000e-06
Epoch 200/301 | train_loss=0.4001 train_acc=84.20% | val_loss=0.3996 val_acc=84.46% | lr=3.000000e-06
Epoch 201/301 | train_loss=0.3971 train_acc=84.32% | val_loss=0.3990 val_acc=84.46% | lr=3.000000e-06
Epoch 202/301 | train_loss=0.3977 train_acc=84.49% | val_loss=0.3985 val_acc=84.46% | lr=3.000000e-06
Epoch 203/301 | train_loss=0.3956 train_acc=84.45% | val_loss=0.3980 val_acc=84.46% | lr=3.000000e-06
Epoch 204/301 | train_loss=0.3957 train_acc=84.65% | val_loss=0.3975 val_acc=84.54% | lr=3.000000e-06
Saved new best model to /tmp/bow_mlp_imdb_oletkz6u.pt
Epoch 205/301 | train_loss=0.3963 train_acc=84.36% | val_loss=0.3970 val_acc=84.42% | lr=3.000000e-06
Epoch 206/301 | train_loss=0.3921 train_acc=84.56% | val_loss=0.3964 val_acc=84.46% | lr=3.000000e-06
Epoch 207/301 | train_loss=0.3951 train_acc=84.28% | val_loss=0.3960 val_acc=84.52% | lr=3.000000e-06
Epoch 208/301 | train_loss=0.3960 train_acc=84.36% | val_loss=0.3955 val_acc=84.56% | lr=3.000000e-06
Saved new best model to /tmp/bow_mlp_imdb_oletkz6u.pt
Epoch 209/301 | train_loss=0.3926 train_acc=84.56% | val_loss=0.3950 val_acc=84.58% | lr=3.000000e-06
Saved new best model to /tmp/bow_mlp_imdb_oletkz6u.pt
Epoch 210/301 | train_loss=0.3927 train_acc=84.48% | val_loss=0.3946 val_acc=84.58% | lr=3.000000e-06
Epoch 211/301 | train_loss=0.3916 train_acc=84.67% | val_loss=0.3941 val_acc=84.60% | lr=3.000000e-06
Saved new best model to /tmp/bow_mlp_imdb_oletkz6u.pt
Epoch 212/301 | train_loss=0.3890 train_acc=84.84% | val_loss=0.3936 val_acc=84.64% | lr=3.000000e-06
Saved new best model to /tmp/bow_mlp_imdb_oletkz6u.pt
Epoch 213/301 | train_loss=0.3933 train_acc=84.35% | val_loss=0.3932 val_acc=84.70% | lr=3.000000e-06
Saved new best model to /tmp/bow_mlp_imdb_oletkz6u.pt
Epoch 214/301 | train_loss=0.3896 train_acc=84.71% | val_loss=0.3927 val_acc=84.64% | lr=3.000000e-06
Epoch 215/301 | train_loss=0.3904 train_acc=84.60% | val_loss=0.3923 val_acc=84.64% | lr=3.000000e-06
Epoch 216/301 | train_loss=0.3885 train_acc=84.75% | val_loss=0.3918 val_acc=84.72% | lr=3.000000e-06
Saved new best model to /tmp/bow_mlp_imdb_oletkz6u.pt
Epoch 217/301 | train_loss=0.3899 train_acc=84.68% | val_loss=0.3914 val_acc=84.68% | lr=3.000000e-06
Epoch 218/301 | train_loss=0.3888 train_acc=84.72% | val_loss=0.3910 val_acc=84.70% | lr=3.000000e-06
Epoch 219/301 | train_loss=0.3890 train_acc=84.74% | val_loss=0.3905 val_acc=84.62% | lr=3.000000e-06
Epoch 220/301 | train_loss=0.3872 train_acc=84.64% | val_loss=0.3901 val_acc=84.62% | lr=3.000000e-06
Epoch 221/301 | train_loss=0.3878 train_acc=84.80% | val_loss=0.3897 val_acc=84.58% | lr=3.000000e-06
Epoch 222/301 | train_loss=0.3856 train_acc=84.73% | val_loss=0.3893 val_acc=84.62% | lr=3.000000e-06
Epoch 223/301 | train_loss=0.3874 train_acc=84.90% | val_loss=0.3888 val_acc=84.64% | lr=3.000000e-06
Epoch 224/301 | train_loss=0.3874 train_acc=84.75% | val_loss=0.3885 val_acc=84.62% | lr=3.000000e-06
Epoch 225/301 | train_loss=0.3844 train_acc=84.97% | val_loss=0.3880 val_acc=84.64% | lr=3.000000e-06
Epoch 226/301 | train_loss=0.3866 train_acc=84.75% | val_loss=0.3877 val_acc=84.64% | lr=3.000000e-06
Epoch 227/301 | train_loss=0.3855 train_acc=84.55% | val_loss=0.3873 val_acc=84.70% | lr=3.000000e-06
Epoch 228/301 | train_loss=0.3846 train_acc=84.85% | val_loss=0.3869 val_acc=84.70% | lr=3.000000e-06
Epoch 229/301 | train_loss=0.3837 train_acc=84.73% | val_loss=0.3865 val_acc=84.72% | lr=3.000000e-06
Epoch 230/301 | train_loss=0.3817 train_acc=85.05% | val_loss=0.3861 val_acc=84.72% | lr=3.000000e-06
Epoch 231/301 | train_loss=0.3838 train_acc=84.89% | val_loss=0.3858 val_acc=84.80% | lr=3.000000e-06
Saved new best model to /tmp/bow_mlp_imdb_oletkz6u.pt
Epoch 232/301 | train_loss=0.3816 train_acc=84.98% | val_loss=0.3854 val_acc=84.78% | lr=3.000000e-06
Epoch 233/301 | train_loss=0.3808 train_acc=84.96% | val_loss=0.3850 val_acc=84.86% | lr=3.000000e-06
Saved new best model to /tmp/bow_mlp_imdb_oletkz6u.pt
Epoch 234/301 | train_loss=0.3816 train_acc=84.90% | val_loss=0.3846 val_acc=84.86% | lr=3.000000e-06
Epoch 235/301 | train_loss=0.3806 train_acc=85.06% | val_loss=0.3843 val_acc=84.84% | lr=3.000000e-06
Epoch 236/301 | train_loss=0.3798 train_acc=84.85% | val_loss=0.3839 val_acc=84.86% | lr=3.000000e-06
Epoch 237/301 | train_loss=0.3804 train_acc=85.03% | val_loss=0.3835 val_acc=84.86% | lr=3.000000e-06
Epoch 238/301 | train_loss=0.3786 train_acc=85.00% | val_loss=0.3832 val_acc=84.96% | lr=3.000000e-06
Saved new best model to /tmp/bow_mlp_imdb_oletkz6u.pt
Epoch 239/301 | train_loss=0.3783 train_acc=85.03% | val_loss=0.3828 val_acc=85.04% | lr=3.000000e-06
Saved new best model to /tmp/bow_mlp_imdb_oletkz6u.pt
Epoch 240/301 | train_loss=0.3777 train_acc=85.20% | val_loss=0.3824 val_acc=84.98% | lr=3.000000e-06
Epoch 241/301 | train_loss=0.3789 train_acc=84.93% | val_loss=0.3821 val_acc=84.98% | lr=3.000000e-06
Epoch 242/301 | train_loss=0.3792 train_acc=85.03% | val_loss=0.3818 val_acc=85.00% | lr=3.000000e-06
Epoch 243/301 | train_loss=0.3767 train_acc=85.28% | val_loss=0.3814 val_acc=84.94% | lr=3.000000e-06
Epoch 244/301 | train_loss=0.3764 train_acc=85.07% | val_loss=0.3811 val_acc=85.06% | lr=3.000000e-06
Saved new best model to /tmp/bow_mlp_imdb_oletkz6u.pt
Epoch 245/301 | train_loss=0.3756 train_acc=85.24% | val_loss=0.3808 val_acc=84.98% | lr=3.000000e-06
Epoch 246/301 | train_loss=0.3741 train_acc=85.20% | val_loss=0.3804 val_acc=85.02% | lr=3.000000e-06
Epoch 247/301 | train_loss=0.3740 train_acc=85.25% | val_loss=0.3801 val_acc=84.98% | lr=3.000000e-06
Epoch 248/301 | train_loss=0.3748 train_acc=85.33% | val_loss=0.3797 val_acc=85.00% | lr=3.000000e-06
Epoch 249/301 | train_loss=0.3747 train_acc=85.38% | val_loss=0.3794 val_acc=84.98% | lr=3.000000e-06
Epoch 250/301 | train_loss=0.3718 train_acc=85.41% | val_loss=0.3791 val_acc=84.98% | lr=3.000000e-06
Epoch 251/301 | train_loss=0.3712 train_acc=85.43% | val_loss=0.3787 val_acc=84.92% | lr=3.000000e-06
Epoch 252/301 | train_loss=0.3732 train_acc=85.28% | val_loss=0.3784 val_acc=85.00% | lr=3.000000e-06
Epoch 253/301 | train_loss=0.3744 train_acc=85.39% | val_loss=0.3781 val_acc=84.98% | lr=3.000000e-06
Epoch 254/301 | train_loss=0.3734 train_acc=85.22% | val_loss=0.3779 val_acc=84.98% | lr=3.000000e-06
Epoch 255/301 | train_loss=0.3730 train_acc=85.45% | val_loss=0.3776 val_acc=84.98% | lr=3.000000e-06
Epoch 256/301 | train_loss=0.3697 train_acc=85.44% | val_loss=0.3772 val_acc=85.02% | lr=3.000000e-06
Epoch 257/301 | train_loss=0.3704 train_acc=85.37% | val_loss=0.3769 val_acc=85.00% | lr=3.000000e-06
Epoch 258/301 | train_loss=0.3711 train_acc=85.52% | val_loss=0.3766 val_acc=85.08% | lr=3.000000e-06
Saved new best model to /tmp/bow_mlp_imdb_oletkz6u.pt
Epoch 259/301 | train_loss=0.3707 train_acc=85.44% | val_loss=0.3764 val_acc=85.10% | lr=3.000000e-06
Saved new best model to /tmp/bow_mlp_imdb_oletkz6u.pt
Epoch 260/301 | train_loss=0.3699 train_acc=85.37% | val_loss=0.3761 val_acc=85.10% | lr=3.000000e-06
Epoch 261/301 | train_loss=0.3693 train_acc=85.50% | val_loss=0.3758 val_acc=85.08% | lr=3.000000e-06
Epoch 262/301 | train_loss=0.3693 train_acc=85.41% | val_loss=0.3755 val_acc=85.12% | lr=3.000000e-06
Saved new best model to /tmp/bow_mlp_imdb_oletkz6u.pt
Epoch 263/301 | train_loss=0.3675 train_acc=85.34% | val_loss=0.3752 val_acc=85.14% | lr=3.000000e-06
Saved new best model to /tmp/bow_mlp_imdb_oletkz6u.pt
Epoch 264/301 | train_loss=0.3687 train_acc=85.36% | val_loss=0.3750 val_acc=85.16% | lr=3.000000e-06
Saved new best model to /tmp/bow_mlp_imdb_oletkz6u.pt
Epoch 265/301 | train_loss=0.3667 train_acc=85.66% | val_loss=0.3747 val_acc=85.06% | lr=3.000000e-06
Epoch 266/301 | train_loss=0.3665 train_acc=85.40% | val_loss=0.3744 val_acc=85.16% | lr=3.000000e-06
Epoch 267/301 | train_loss=0.3686 train_acc=85.68% | val_loss=0.3741 val_acc=85.16% | lr=3.000000e-06
Epoch 268/301 | train_loss=0.3678 train_acc=85.45% | val_loss=0.3739 val_acc=85.12% | lr=3.000000e-06
Epoch 269/301 | train_loss=0.3672 train_acc=85.42% | val_loss=0.3736 val_acc=85.12% | lr=3.000000e-06
Epoch 270/301 | train_loss=0.3659 train_acc=85.55% | val_loss=0.3734 val_acc=85.14% | lr=3.000000e-06
Epoch 271/301 | train_loss=0.3657 train_acc=85.61% | val_loss=0.3731 val_acc=85.14% | lr=3.000000e-06
Epoch 272/301 | train_loss=0.3659 train_acc=85.61% | val_loss=0.3729 val_acc=85.14% | lr=3.000000e-06
Epoch 273/301 | train_loss=0.3660 train_acc=85.45% | val_loss=0.3726 val_acc=85.16% | lr=3.000000e-06
Epoch 274/301 | train_loss=0.3641 train_acc=85.65% | val_loss=0.3724 val_acc=85.22% | lr=3.000000e-06
Saved new best model to /tmp/bow_mlp_imdb_oletkz6u.pt
Epoch 275/301 | train_loss=0.3654 train_acc=85.67% | val_loss=0.3721 val_acc=85.18% | lr=3.000000e-06
Epoch 276/301 | train_loss=0.3635 train_acc=85.66% | val_loss=0.3718 val_acc=85.28% | lr=3.000000e-06
Saved new best model to /tmp/bow_mlp_imdb_oletkz6u.pt
Epoch 277/301 | train_loss=0.3627 train_acc=85.87% | val_loss=0.3716 val_acc=85.26% | lr=3.000000e-06
Epoch 278/301 | train_loss=0.3631 train_acc=85.42% | val_loss=0.3713 val_acc=85.32% | lr=3.000000e-06
Saved new best model to /tmp/bow_mlp_imdb_oletkz6u.pt
Epoch 279/301 | train_loss=0.3646 train_acc=85.67% | val_loss=0.3711 val_acc=85.24% | lr=3.000000e-06
Epoch 280/301 | train_loss=0.3627 train_acc=85.62% | val_loss=0.3709 val_acc=85.22% | lr=3.000000e-06
Epoch 281/301 | train_loss=0.3639 train_acc=85.41% | val_loss=0.3706 val_acc=85.32% | lr=3.000000e-06
Epoch 282/301 | train_loss=0.3623 train_acc=85.95% | val_loss=0.3704 val_acc=85.28% | lr=3.000000e-06
Epoch 283/301 | train_loss=0.3626 train_acc=85.61% | val_loss=0.3702 val_acc=85.30% | lr=3.000000e-06
Epoch 284/301 | train_loss=0.3621 train_acc=85.72% | val_loss=0.3700 val_acc=85.22% | lr=3.000000e-06
Epoch 285/301 | train_loss=0.3608 train_acc=85.71% | val_loss=0.3697 val_acc=85.22% | lr=3.000000e-06
Epoch 286/301 | train_loss=0.3619 train_acc=85.71% | val_loss=0.3695 val_acc=85.22% | lr=3.000000e-06
Epoch 287/301 | train_loss=0.3621 train_acc=85.56% | val_loss=0.3693 val_acc=85.20% | lr=3.000000e-06
Epoch 288/301 | train_loss=0.3596 train_acc=85.81% | val_loss=0.3691 val_acc=85.20% | lr=3.000000e-06
Epoch 289/301 | train_loss=0.3593 train_acc=85.72% | val_loss=0.3689 val_acc=85.20% | lr=3.000000e-06
Epoch 290/301 | train_loss=0.3613 train_acc=85.59% | val_loss=0.3686 val_acc=85.20% | lr=3.000000e-06
Epoch 291/301 | train_loss=0.3578 train_acc=85.69% | val_loss=0.3684 val_acc=85.18% | lr=3.000000e-06
Epoch 292/301 | train_loss=0.3581 train_acc=85.87% | val_loss=0.3682 val_acc=85.20% | lr=3.000000e-06
Epoch 293/301 | train_loss=0.3583 train_acc=85.73% | val_loss=0.3680 val_acc=85.16% | lr=3.000000e-06
Epoch 294/301 | train_loss=0.3584 train_acc=85.85% | val_loss=0.3677 val_acc=85.16% | lr=3.000000e-06
Epoch 295/301 | train_loss=0.3573 train_acc=85.84% | val_loss=0.3676 val_acc=85.16% | lr=3.000000e-06
Epoch 296/301 | train_loss=0.3579 train_acc=85.82% | val_loss=0.3673 val_acc=85.12% | lr=3.000000e-06
Epoch 297/301 | train_loss=0.3570 train_acc=85.89% | val_loss=0.3671 val_acc=85.14% | lr=3.000000e-06
Epoch 298/301 | train_loss=0.3570 train_acc=85.86% | val_loss=0.3669 val_acc=85.10% | lr=3.000000e-06
Epoch 299/301 | train_loss=0.3583 train_acc=85.84% | val_loss=0.3667 val_acc=85.16% | lr=3.000000e-06
Epoch 300/301 | train_loss=0.3568 train_acc=85.81% | val_loss=0.3665 val_acc=85.12% | lr=3.000000e-06
Epoch 301/301 | train_loss=0.3560 train_acc=85.84% | val_loss=0.3663 val_acc=85.12% | lr=3.000000e-06
Epoch 302/301 | train_loss=0.3551 train_acc=85.93% | val_loss=0.3661 val_acc=85.12% | lr=3.000000e-06
Epoch 303/301 | train_loss=0.3558 train_acc=85.90% | val_loss=0.3659 val_acc=85.18% | lr=3.000000e-06
Epoch 304/301 | train_loss=0.3543 train_acc=86.06% | val_loss=0.3657 val_acc=85.12% | lr=3.000000e-06
Epoch 305/301 | train_loss=0.3550 train_acc=85.84% | val_loss=0.3655 val_acc=85.14% | lr=3.000000e-06
Epoch 306/301 | train_loss=0.3562 train_acc=85.93% | val_loss=0.3653 val_acc=85.14% | lr=3.000000e-06
Epoch 307/301 | train_loss=0.3545 train_acc=85.89% | val_loss=0.3651 val_acc=85.12% | lr=3.000000e-06
Epoch 308/301 | train_loss=0.3538 train_acc=85.87% | val_loss=0.3649 val_acc=85.12% | lr=3.000000e-06
Epoch 309/301 | train_loss=0.3533 train_acc=85.97% | val_loss=0.3647 val_acc=85.16% | lr=3.000000e-06
Epoch 310/301 | train_loss=0.3543 train_acc=85.95% | val_loss=0.3645 val_acc=85.16% | lr=3.000000e-06
Epoch 311/301 | train_loss=0.3521 train_acc=85.90% | val_loss=0.3643 val_acc=85.18% | lr=3.000000e-06
Epoch 312/301 | train_loss=0.3554 train_acc=85.69% | val_loss=0.3642 val_acc=85.20% | lr=3.000000e-06
Epoch 313/301 | train_loss=0.3546 train_acc=85.75% | val_loss=0.3640 val_acc=85.18% | lr=3.000000e-06
Epoch 314/301 | train_loss=0.3531 train_acc=85.96% | val_loss=0.3639 val_acc=85.14% | lr=3.000000e-06
Epoch 315/301 | train_loss=0.3524 train_acc=85.99% | val_loss=0.3637 val_acc=85.22% | lr=3.000000e-06
Epoch 316/301 | train_loss=0.3513 train_acc=86.04% | val_loss=0.3635 val_acc=85.18% | lr=3.000000e-06
Epoch 317/301 | train_loss=0.3524 train_acc=86.12% | val_loss=0.3633 val_acc=85.18% | lr=3.000000e-06
Epoch 318/301 | train_loss=0.3505 train_acc=86.09% | val_loss=0.3631 val_acc=85.20% | lr=3.000000e-06
Epoch 319/301 | train_loss=0.3507 train_acc=86.19% | val_loss=0.3630 val_acc=85.22% | lr=3.000000e-06
Epoch 320/301 | train_loss=0.3504 train_acc=85.91% | val_loss=0.3628 val_acc=85.20% | lr=3.000000e-06
Epoch 321/301 | train_loss=0.3514 train_acc=86.00% | val_loss=0.3626 val_acc=85.26% | lr=3.000000e-06
Epoch 322/301 | train_loss=0.3516 train_acc=86.03% | val_loss=0.3625 val_acc=85.20% | lr=3.000000e-06
Epoch 323/301 | train_loss=0.3504 train_acc=86.11% | val_loss=0.3623 val_acc=85.20% | lr=3.000000e-06
Epoch 324/301 | train_loss=0.3498 train_acc=86.36% | val_loss=0.3622 val_acc=85.28% | lr=3.000000e-06
Epoch 325/301 | train_loss=0.3486 train_acc=85.97% | val_loss=0.3620 val_acc=85.28% | lr=3.000000e-06
Epoch 326/301 | train_loss=0.3490 train_acc=86.15% | val_loss=0.3618 val_acc=85.24% | lr=3.000000e-06
Epoch 327/301 | train_loss=0.3486 train_acc=86.08% | val_loss=0.3616 val_acc=85.22% | lr=3.000000e-06
Epoch 328/301 | train_loss=0.3492 train_acc=86.33% | val_loss=0.3615 val_acc=85.26% | lr=3.000000e-06
Epoch 329/301 | train_loss=0.3471 train_acc=86.39% | val_loss=0.3613 val_acc=85.22% | lr=3.000000e-06
Epoch 330/301 | train_loss=0.3493 train_acc=86.19% | val_loss=0.3612 val_acc=85.24% | lr=3.000000e-06
Epoch 331/301 | train_loss=0.3476 train_acc=86.37% | val_loss=0.3610 val_acc=85.26% | lr=3.000000e-06
Epoch 332/301 | train_loss=0.3483 train_acc=86.20% | val_loss=0.3609 val_acc=85.26% | lr=3.000000e-06
Epoch 333/301 | train_loss=0.3491 train_acc=86.22% | val_loss=0.3607 val_acc=85.22% | lr=3.000000e-06
Epoch 334/301 | train_loss=0.3467 train_acc=86.08% | val_loss=0.3606 val_acc=85.20% | lr=3.000000e-06
Epoch 335/301 | train_loss=0.3438 train_acc=86.46% | val_loss=0.3604 val_acc=85.20% | lr=3.000000e-06
Epoch 336/301 | train_loss=0.3447 train_acc=86.16% | val_loss=0.3602 val_acc=85.18% | lr=3.000000e-06
Epoch 337/301 | train_loss=0.3442 train_acc=86.35% | val_loss=0.3601 val_acc=85.22% | lr=3.000000e-06
Epoch 338/301 | train_loss=0.3448 train_acc=86.23% | val_loss=0.3599 val_acc=85.18% | lr=3.000000e-06
Epoch 339/301 | train_loss=0.3471 train_acc=86.20% | val_loss=0.3598 val_acc=85.20% | lr=3.000000e-06
Epoch 340/301 | train_loss=0.3456 train_acc=86.33% | val_loss=0.3597 val_acc=85.18% | lr=3.000000e-06
Epoch 341/301 | train_loss=0.3451 train_acc=86.25% | val_loss=0.3595 val_acc=85.22% | lr=3.000000e-06
Epoch 342/301 | train_loss=0.3450 train_acc=86.28% | val_loss=0.3593 val_acc=85.18% | lr=3.000000e-06
Epoch 343/301 | train_loss=0.3430 train_acc=86.45% | val_loss=0.3592 val_acc=85.16% | lr=3.000000e-06
Epoch 344/301 | train_loss=0.3439 train_acc=86.02% | val_loss=0.3590 val_acc=85.16% | lr=3.000000e-06
Epoch 345/301 | train_loss=0.3440 train_acc=86.39% | val_loss=0.3589 val_acc=85.30% | lr=3.000000e-06
Epoch 346/301 | train_loss=0.3432 train_acc=86.73% | val_loss=0.3588 val_acc=85.28% | lr=3.000000e-06
Epoch 347/301 | train_loss=0.3436 train_acc=86.50% | val_loss=0.3586 val_acc=85.28% | lr=3.000000e-06
Epoch 348/301 | train_loss=0.3439 train_acc=86.23% | val_loss=0.3585 val_acc=85.26% | lr=3.000000e-06
Epoch 349/301 | train_loss=0.3433 train_acc=86.16% | val_loss=0.3584 val_acc=85.30% | lr=3.000000e-06
Epoch 350/301 | train_loss=0.3432 train_acc=86.48% | val_loss=0.3582 val_acc=85.30% | lr=3.000000e-06
Epoch 351/301 | train_loss=0.3420 train_acc=86.56% | val_loss=0.3581 val_acc=85.30% | lr=3.000000e-06
Epoch 352/301 | train_loss=0.3434 train_acc=86.50% | val_loss=0.3580 val_acc=85.22% | lr=3.000000e-06
Epoch 353/301 | train_loss=0.3438 train_acc=86.45% | val_loss=0.3578 val_acc=85.24% | lr=3.000000e-06
Epoch 354/301 | train_loss=0.3421 train_acc=86.59% | val_loss=0.3577 val_acc=85.30% | lr=3.000000e-06
Epoch 355/301 | train_loss=0.3419 train_acc=86.52% | val_loss=0.3576 val_acc=85.26% | lr=3.000000e-06
Epoch 356/301 | train_loss=0.3431 train_acc=86.43% | val_loss=0.3575 val_acc=85.26% | lr=3.000000e-06
Epoch 357/301 | train_loss=0.3419 train_acc=86.37% | val_loss=0.3574 val_acc=85.28% | lr=3.000000e-06
Epoch 358/301 | train_loss=0.3411 train_acc=86.45% | val_loss=0.3573 val_acc=85.28% | lr=3.000000e-06
Epoch 359/301 | train_loss=0.3408 train_acc=86.33% | val_loss=0.3572 val_acc=85.26% | lr=3.000000e-06
Epoch 360/301 | train_loss=0.3406 train_acc=86.50% | val_loss=0.3570 val_acc=85.24% | lr=3.000000e-06
Epoch 361/301 | train_loss=0.3404 train_acc=86.51% | val_loss=0.3569 val_acc=85.20% | lr=3.000000e-06
Epoch 362/301 | train_loss=0.3394 train_acc=86.59% | val_loss=0.3567 val_acc=85.20% | lr=3.000000e-06
Epoch 363/301 | train_loss=0.3423 train_acc=86.33% | val_loss=0.3566 val_acc=85.18% | lr=3.000000e-06
Epoch 364/301 | train_loss=0.3399 train_acc=86.63% | val_loss=0.3565 val_acc=85.16% | lr=3.000000e-06
Epoch 365/301 | train_loss=0.3407 train_acc=86.42% | val_loss=0.3564 val_acc=85.18% | lr=3.000000e-06
Epoch 366/301 | train_loss=0.3391 train_acc=86.63% | val_loss=0.3563 val_acc=85.22% | lr=3.000000e-06
Epoch 367/301 | train_loss=0.3381 train_acc=86.55% | val_loss=0.3561 val_acc=85.28% | lr=3.000000e-06
Epoch 368/301 | train_loss=0.3395 train_acc=86.67% | val_loss=0.3560 val_acc=85.24% | lr=3.000000e-06
Epoch 369/301 | train_loss=0.3384 train_acc=86.56% | val_loss=0.3559 val_acc=85.24% | lr=3.000000e-06
Epoch 370/301 | train_loss=0.3400 train_acc=86.58% | val_loss=0.3559 val_acc=85.26% | lr=3.000000e-06
Epoch 371/301 | train_loss=0.3370 train_acc=86.61% | val_loss=0.3557 val_acc=85.26% | lr=3.000000e-06
Epoch 372/301 | train_loss=0.3405 train_acc=86.36% | val_loss=0.3557 val_acc=85.24% | lr=3.000000e-06
Epoch 373/301 | train_loss=0.3394 train_acc=86.61% | val_loss=0.3556 val_acc=85.24% | lr=3.000000e-06
Epoch 374/301 | train_loss=0.3387 train_acc=86.47% | val_loss=0.3555 val_acc=85.26% | lr=3.000000e-06
Epoch 375/301 | train_loss=0.3392 train_acc=86.59% | val_loss=0.3554 val_acc=85.26% | lr=3.000000e-06
Epoch 376/301 | train_loss=0.3384 train_acc=86.52% | val_loss=0.3553 val_acc=85.22% | lr=3.000000e-06
Epoch 377/301 | train_loss=0.3373 train_acc=86.42% | val_loss=0.3552 val_acc=85.26% | lr=3.000000e-06
Epoch 378/301 | train_loss=0.3373 train_acc=86.59% | val_loss=0.3551 val_acc=85.26% | lr=3.000000e-06
Epoch 379/301 | train_loss=0.3392 train_acc=86.48% | val_loss=0.3550 val_acc=85.26% | lr=3.000000e-06
Epoch 380/301 | train_loss=0.3363 train_acc=86.71% | val_loss=0.3549 val_acc=85.26% | lr=3.000000e-06
Epoch 381/301 | train_loss=0.3375 train_acc=86.69% | val_loss=0.3548 val_acc=85.24% | lr=3.000000e-06
Epoch 382/301 | train_loss=0.3371 train_acc=86.57% | val_loss=0.3547 val_acc=85.24% | lr=3.000000e-06
Epoch 383/301 | train_loss=0.3363 train_acc=86.53% | val_loss=0.3546 val_acc=85.22% | lr=3.000000e-06
Epoch 384/301 | train_loss=0.3359 train_acc=86.76% | val_loss=0.3545 val_acc=85.26% | lr=3.000000e-06
Epoch 385/301 | train_loss=0.3350 train_acc=86.60% | val_loss=0.3544 val_acc=85.24% | lr=3.000000e-06
Epoch 386/301 | train_loss=0.3348 train_acc=86.56% | val_loss=0.3543 val_acc=85.26% | lr=3.000000e-06
Epoch 387/301 | train_loss=0.3348 train_acc=86.75% | val_loss=0.3542 val_acc=85.22% | lr=3.000000e-06
Epoch 388/301 | train_loss=0.3360 train_acc=86.66% | val_loss=0.3541 val_acc=85.26% | lr=3.000000e-06
Epoch 389/301 | train_loss=0.3358 train_acc=86.68% | val_loss=0.3540 val_acc=85.30% | lr=3.000000e-06
Epoch 390/301 | train_loss=0.3353 train_acc=86.69% | val_loss=0.3539 val_acc=85.30% | lr=3.000000e-06
Epoch 391/301 | train_loss=0.3352 train_acc=86.92% | val_loss=0.3538 val_acc=85.30% | lr=3.000000e-06
Epoch 392/301 | train_loss=0.3347 train_acc=86.61% | val_loss=0.3537 val_acc=85.32% | lr=3.000000e-06
Epoch 393/301 | train_loss=0.3338 train_acc=86.78% | val_loss=0.3536 val_acc=85.32% | lr=3.000000e-06
Epoch 394/301 | train_loss=0.3353 train_acc=86.92% | val_loss=0.3536 val_acc=85.34% | lr=3.000000e-06
Saved new best model to /tmp/bow_mlp_imdb_oletkz6u.pt
Epoch 395/301 | train_loss=0.3339 train_acc=86.92% | val_loss=0.3535 val_acc=85.34% | lr=3.000000e-06
Epoch 396/301 | train_loss=0.3336 train_acc=86.94% | val_loss=0.3534 val_acc=85.36% | lr=3.000000e-06
Saved new best model to /tmp/bow_mlp_imdb_oletkz6u.pt
Epoch 397/301 | train_loss=0.3338 train_acc=86.77% | val_loss=0.3533 val_acc=85.32% | lr=3.000000e-06
Epoch 398/301 | train_loss=0.3332 train_acc=86.85% | val_loss=0.3532 val_acc=85.34% | lr=3.000000e-06
Epoch 399/301 | train_loss=0.3336 train_acc=86.84% | val_loss=0.3531 val_acc=85.34% | lr=3.000000e-06
Epoch 400/301 | train_loss=0.3339 train_acc=86.67% | val_loss=0.3530 val_acc=85.32% | lr=3.000000e-06
Test loss=0.3515 | Test accuracy=85.60%
