Loading IMDb dataset from local disk: /home/daniel/l/masteruppsats/np-reg/language/data/imdb_hf
Using device: cuda
BoW vocab size: 1562
W0420 20:59:28.702000 1022814 site-packages/torch/_inductor/utils.py:1679] [0/0] Not enough SMs to use max_autotune_gemm mode
Epoch 1/301 | train_loss=0.7524 train_acc=50.02% | val_loss=0.7437 val_acc=49.88% | lr=3.000000e-06
Saved new best model to /tmp/bow_mlp_imdb_os8983tb.pt
Epoch 2/301 | train_loss=0.7418 train_acc=50.14% | val_loss=0.7353 val_acc=49.94% | lr=3.000000e-06
Saved new best model to /tmp/bow_mlp_imdb_os8983tb.pt
Epoch 3/301 | train_loss=0.7338 train_acc=50.10% | val_loss=0.7286 val_acc=50.02% | lr=3.000000e-06
Saved new best model to /tmp/bow_mlp_imdb_os8983tb.pt
Epoch 4/301 | train_loss=0.7287 train_acc=50.17% | val_loss=0.7233 val_acc=50.10% | lr=3.000000e-06
Saved new best model to /tmp/bow_mlp_imdb_os8983tb.pt
Epoch 5/301 | train_loss=0.7231 train_acc=50.23% | val_loss=0.7189 val_acc=50.14% | lr=3.000000e-06
Saved new best model to /tmp/bow_mlp_imdb_os8983tb.pt
Epoch 6/301 | train_loss=0.7192 train_acc=50.36% | val_loss=0.7153 val_acc=50.18% | lr=3.000000e-06
Saved new best model to /tmp/bow_mlp_imdb_os8983tb.pt
Epoch 7/301 | train_loss=0.7179 train_acc=50.44% | val_loss=0.7124 val_acc=50.44% | lr=3.000000e-06
Saved new best model to /tmp/bow_mlp_imdb_os8983tb.pt
Epoch 8/301 | train_loss=0.7158 train_acc=50.53% | val_loss=0.7098 val_acc=50.60% | lr=3.000000e-06
Saved new best model to /tmp/bow_mlp_imdb_os8983tb.pt
Epoch 9/301 | train_loss=0.7129 train_acc=50.69% | val_loss=0.7077 val_acc=50.68% | lr=3.000000e-06
Saved new best model to /tmp/bow_mlp_imdb_os8983tb.pt
Epoch 10/301 | train_loss=0.7114 train_acc=50.84% | val_loss=0.7059 val_acc=50.92% | lr=3.000000e-06
Saved new best model to /tmp/bow_mlp_imdb_os8983tb.pt
Epoch 11/301 | train_loss=0.7088 train_acc=50.75% | val_loss=0.7043 val_acc=51.12% | lr=3.000000e-06
Saved new best model to /tmp/bow_mlp_imdb_os8983tb.pt
Epoch 12/301 | train_loss=0.7084 train_acc=50.98% | val_loss=0.7029 val_acc=51.32% | lr=3.000000e-06
Saved new best model to /tmp/bow_mlp_imdb_os8983tb.pt
Epoch 13/301 | train_loss=0.7077 train_acc=51.00% | val_loss=0.7017 val_acc=51.56% | lr=3.000000e-06
Saved new best model to /tmp/bow_mlp_imdb_os8983tb.pt
Epoch 14/301 | train_loss=0.7049 train_acc=51.34% | val_loss=0.7005 val_acc=51.76% | lr=3.000000e-06
Saved new best model to /tmp/bow_mlp_imdb_os8983tb.pt
Epoch 15/301 | train_loss=0.7039 train_acc=51.20% | val_loss=0.6994 val_acc=51.78% | lr=3.000000e-06
Saved new best model to /tmp/bow_mlp_imdb_os8983tb.pt
Epoch 16/301 | train_loss=0.7052 train_acc=51.34% | val_loss=0.6984 val_acc=51.98% | lr=3.000000e-06
Saved new best model to /tmp/bow_mlp_imdb_os8983tb.pt
Epoch 17/301 | train_loss=0.7041 train_acc=51.07% | val_loss=0.6974 val_acc=52.06% | lr=3.000000e-06
Saved new best model to /tmp/bow_mlp_imdb_os8983tb.pt
Epoch 18/301 | train_loss=0.7020 train_acc=51.79% | val_loss=0.6964 val_acc=52.16% | lr=3.000000e-06
Saved new best model to /tmp/bow_mlp_imdb_os8983tb.pt
Epoch 19/301 | train_loss=0.7000 train_acc=52.46% | val_loss=0.6954 val_acc=52.40% | lr=3.000000e-06
Saved new best model to /tmp/bow_mlp_imdb_os8983tb.pt
Epoch 20/301 | train_loss=0.7008 train_acc=51.88% | val_loss=0.6944 val_acc=52.52% | lr=3.000000e-06
Saved new best model to /tmp/bow_mlp_imdb_os8983tb.pt
Epoch 21/301 | train_loss=0.6986 train_acc=52.31% | val_loss=0.6935 val_acc=52.70% | lr=3.000000e-06
Saved new best model to /tmp/bow_mlp_imdb_os8983tb.pt
Epoch 22/301 | train_loss=0.6989 train_acc=52.22% | val_loss=0.6925 val_acc=52.82% | lr=3.000000e-06
Saved new best model to /tmp/bow_mlp_imdb_os8983tb.pt
Epoch 23/301 | train_loss=0.6976 train_acc=52.52% | val_loss=0.6916 val_acc=52.94% | lr=3.000000e-06
Saved new best model to /tmp/bow_mlp_imdb_os8983tb.pt
Epoch 24/301 | train_loss=0.6970 train_acc=52.58% | val_loss=0.6907 val_acc=53.04% | lr=3.000000e-06
Saved new best model to /tmp/bow_mlp_imdb_os8983tb.pt
Epoch 25/301 | train_loss=0.6962 train_acc=52.62% | val_loss=0.6898 val_acc=53.20% | lr=3.000000e-06
Saved new best model to /tmp/bow_mlp_imdb_os8983tb.pt
Epoch 26/301 | train_loss=0.6967 train_acc=52.69% | val_loss=0.6890 val_acc=53.26% | lr=3.000000e-06
Saved new best model to /tmp/bow_mlp_imdb_os8983tb.pt
Epoch 27/301 | train_loss=0.6952 train_acc=52.99% | val_loss=0.6882 val_acc=53.44% | lr=3.000000e-06
Saved new best model to /tmp/bow_mlp_imdb_os8983tb.pt
Epoch 28/301 | train_loss=0.6929 train_acc=53.16% | val_loss=0.6872 val_acc=53.46% | lr=3.000000e-06
Saved new best model to /tmp/bow_mlp_imdb_os8983tb.pt
Epoch 29/301 | train_loss=0.6906 train_acc=53.44% | val_loss=0.6862 val_acc=53.76% | lr=3.000000e-06
Saved new best model to /tmp/bow_mlp_imdb_os8983tb.pt
Epoch 30/301 | train_loss=0.6917 train_acc=53.04% | val_loss=0.6853 val_acc=53.90% | lr=3.000000e-06
Saved new best model to /tmp/bow_mlp_imdb_os8983tb.pt
Epoch 31/301 | train_loss=0.6899 train_acc=53.49% | val_loss=0.6844 val_acc=54.02% | lr=3.000000e-06
Saved new best model to /tmp/bow_mlp_imdb_os8983tb.pt
Epoch 32/301 | train_loss=0.6900 train_acc=53.53% | val_loss=0.6834 val_acc=54.18% | lr=3.000000e-06
Saved new best model to /tmp/bow_mlp_imdb_os8983tb.pt
Epoch 33/301 | train_loss=0.6881 train_acc=53.97% | val_loss=0.6825 val_acc=54.36% | lr=3.000000e-06
Saved new best model to /tmp/bow_mlp_imdb_os8983tb.pt
Epoch 34/301 | train_loss=0.6874 train_acc=53.79% | val_loss=0.6816 val_acc=54.40% | lr=3.000000e-06
Saved new best model to /tmp/bow_mlp_imdb_os8983tb.pt
Epoch 35/301 | train_loss=0.6863 train_acc=54.05% | val_loss=0.6807 val_acc=54.48% | lr=3.000000e-06
Saved new best model to /tmp/bow_mlp_imdb_os8983tb.pt
Epoch 36/301 | train_loss=0.6860 train_acc=54.32% | val_loss=0.6797 val_acc=54.62% | lr=3.000000e-06
Saved new best model to /tmp/bow_mlp_imdb_os8983tb.pt
Epoch 37/301 | train_loss=0.6845 train_acc=54.19% | val_loss=0.6788 val_acc=54.72% | lr=3.000000e-06
Saved new best model to /tmp/bow_mlp_imdb_os8983tb.pt
Epoch 38/301 | train_loss=0.6839 train_acc=54.12% | val_loss=0.6778 val_acc=54.84% | lr=3.000000e-06
Saved new best model to /tmp/bow_mlp_imdb_os8983tb.pt
Epoch 39/301 | train_loss=0.6835 train_acc=54.64% | val_loss=0.6768 val_acc=55.12% | lr=3.000000e-06
Saved new best model to /tmp/bow_mlp_imdb_os8983tb.pt
Epoch 40/301 | train_loss=0.6823 train_acc=54.59% | val_loss=0.6757 val_acc=55.24% | lr=3.000000e-06
Saved new best model to /tmp/bow_mlp_imdb_os8983tb.pt
Epoch 41/301 | train_loss=0.6805 train_acc=54.84% | val_loss=0.6746 val_acc=55.26% | lr=3.000000e-06
Saved new best model to /tmp/bow_mlp_imdb_os8983tb.pt
Epoch 42/301 | train_loss=0.6783 train_acc=55.30% | val_loss=0.6734 val_acc=55.42% | lr=3.000000e-06
Saved new best model to /tmp/bow_mlp_imdb_os8983tb.pt
Epoch 43/301 | train_loss=0.6798 train_acc=55.12% | val_loss=0.6722 val_acc=55.62% | lr=3.000000e-06
Saved new best model to /tmp/bow_mlp_imdb_os8983tb.pt
Epoch 44/301 | train_loss=0.6780 train_acc=55.12% | val_loss=0.6710 val_acc=55.62% | lr=3.000000e-06
Epoch 45/301 | train_loss=0.6763 train_acc=55.56% | val_loss=0.6698 val_acc=55.82% | lr=3.000000e-06
Saved new best model to /tmp/bow_mlp_imdb_os8983tb.pt
Epoch 46/301 | train_loss=0.6757 train_acc=55.50% | val_loss=0.6685 val_acc=55.98% | lr=3.000000e-06
Saved new best model to /tmp/bow_mlp_imdb_os8983tb.pt
Epoch 47/301 | train_loss=0.6740 train_acc=55.98% | val_loss=0.6673 val_acc=56.08% | lr=3.000000e-06
Saved new best model to /tmp/bow_mlp_imdb_os8983tb.pt
Epoch 48/301 | train_loss=0.6731 train_acc=56.00% | val_loss=0.6661 val_acc=56.16% | lr=3.000000e-06
Saved new best model to /tmp/bow_mlp_imdb_os8983tb.pt
Epoch 49/301 | train_loss=0.6709 train_acc=56.01% | val_loss=0.6649 val_acc=56.42% | lr=3.000000e-06
Saved new best model to /tmp/bow_mlp_imdb_os8983tb.pt
Epoch 50/301 | train_loss=0.6712 train_acc=56.36% | val_loss=0.6637 val_acc=56.52% | lr=3.000000e-06
Saved new best model to /tmp/bow_mlp_imdb_os8983tb.pt
Epoch 51/301 | train_loss=0.6717 train_acc=56.09% | val_loss=0.6626 val_acc=56.66% | lr=3.000000e-06
Saved new best model to /tmp/bow_mlp_imdb_os8983tb.pt
Epoch 52/301 | train_loss=0.6674 train_acc=56.45% | val_loss=0.6614 val_acc=56.76% | lr=3.000000e-06
Saved new best model to /tmp/bow_mlp_imdb_os8983tb.pt
Epoch 53/301 | train_loss=0.6673 train_acc=56.85% | val_loss=0.6602 val_acc=56.96% | lr=3.000000e-06
Saved new best model to /tmp/bow_mlp_imdb_os8983tb.pt
Epoch 54/301 | train_loss=0.6677 train_acc=56.72% | val_loss=0.6591 val_acc=57.18% | lr=3.000000e-06
Saved new best model to /tmp/bow_mlp_imdb_os8983tb.pt
Epoch 55/301 | train_loss=0.6654 train_acc=57.37% | val_loss=0.6580 val_acc=57.40% | lr=3.000000e-06
Saved new best model to /tmp/bow_mlp_imdb_os8983tb.pt
Epoch 56/301 | train_loss=0.6633 train_acc=57.33% | val_loss=0.6568 val_acc=57.60% | lr=3.000000e-06
Saved new best model to /tmp/bow_mlp_imdb_os8983tb.pt
Epoch 57/301 | train_loss=0.6629 train_acc=57.42% | val_loss=0.6557 val_acc=57.82% | lr=3.000000e-06
Saved new best model to /tmp/bow_mlp_imdb_os8983tb.pt
Epoch 58/301 | train_loss=0.6623 train_acc=57.45% | val_loss=0.6546 val_acc=57.98% | lr=3.000000e-06
Saved new best model to /tmp/bow_mlp_imdb_os8983tb.pt
Epoch 59/301 | train_loss=0.6620 train_acc=57.55% | val_loss=0.6535 val_acc=58.12% | lr=3.000000e-06
Saved new best model to /tmp/bow_mlp_imdb_os8983tb.pt
Epoch 60/301 | train_loss=0.6596 train_acc=58.10% | val_loss=0.6524 val_acc=58.36% | lr=3.000000e-06
Saved new best model to /tmp/bow_mlp_imdb_os8983tb.pt
Epoch 61/301 | train_loss=0.6593 train_acc=58.14% | val_loss=0.6513 val_acc=58.48% | lr=3.000000e-06
Saved new best model to /tmp/bow_mlp_imdb_os8983tb.pt
Epoch 62/301 | train_loss=0.6597 train_acc=57.72% | val_loss=0.6503 val_acc=58.66% | lr=3.000000e-06
Saved new best model to /tmp/bow_mlp_imdb_os8983tb.pt
Epoch 63/301 | train_loss=0.6571 train_acc=58.45% | val_loss=0.6492 val_acc=58.76% | lr=3.000000e-06
Saved new best model to /tmp/bow_mlp_imdb_os8983tb.pt
Epoch 64/301 | train_loss=0.6573 train_acc=58.54% | val_loss=0.6481 val_acc=58.96% | lr=3.000000e-06
Saved new best model to /tmp/bow_mlp_imdb_os8983tb.pt
Epoch 65/301 | train_loss=0.6554 train_acc=58.76% | val_loss=0.6470 val_acc=59.36% | lr=3.000000e-06
Saved new best model to /tmp/bow_mlp_imdb_os8983tb.pt
Epoch 66/301 | train_loss=0.6547 train_acc=58.80% | val_loss=0.6460 val_acc=59.46% | lr=3.000000e-06
Saved new best model to /tmp/bow_mlp_imdb_os8983tb.pt
Epoch 67/301 | train_loss=0.6531 train_acc=59.18% | val_loss=0.6449 val_acc=59.80% | lr=3.000000e-06
Saved new best model to /tmp/bow_mlp_imdb_os8983tb.pt
Epoch 68/301 | train_loss=0.6531 train_acc=59.05% | val_loss=0.6438 val_acc=60.04% | lr=3.000000e-06
Saved new best model to /tmp/bow_mlp_imdb_os8983tb.pt
Epoch 69/301 | train_loss=0.6525 train_acc=59.45% | val_loss=0.6427 val_acc=60.18% | lr=3.000000e-06
Saved new best model to /tmp/bow_mlp_imdb_os8983tb.pt
Epoch 70/301 | train_loss=0.6508 train_acc=59.30% | val_loss=0.6417 val_acc=60.36% | lr=3.000000e-06
Saved new best model to /tmp/bow_mlp_imdb_os8983tb.pt
Epoch 71/301 | train_loss=0.6497 train_acc=59.28% | val_loss=0.6405 val_acc=60.48% | lr=3.000000e-06
Saved new best model to /tmp/bow_mlp_imdb_os8983tb.pt
Epoch 72/301 | train_loss=0.6472 train_acc=59.88% | val_loss=0.6394 val_acc=60.86% | lr=3.000000e-06
Saved new best model to /tmp/bow_mlp_imdb_os8983tb.pt
Epoch 73/301 | train_loss=0.6489 train_acc=59.65% | val_loss=0.6384 val_acc=61.06% | lr=3.000000e-06
Saved new best model to /tmp/bow_mlp_imdb_os8983tb.pt
Epoch 74/301 | train_loss=0.6473 train_acc=59.85% | val_loss=0.6374 val_acc=61.26% | lr=3.000000e-06
Saved new best model to /tmp/bow_mlp_imdb_os8983tb.pt
Epoch 75/301 | train_loss=0.6455 train_acc=60.19% | val_loss=0.6363 val_acc=61.50% | lr=3.000000e-06
Saved new best model to /tmp/bow_mlp_imdb_os8983tb.pt
Epoch 76/301 | train_loss=0.6459 train_acc=60.23% | val_loss=0.6352 val_acc=61.68% | lr=3.000000e-06
Saved new best model to /tmp/bow_mlp_imdb_os8983tb.pt
Epoch 77/301 | train_loss=0.6436 train_acc=60.56% | val_loss=0.6342 val_acc=61.88% | lr=3.000000e-06
Saved new best model to /tmp/bow_mlp_imdb_os8983tb.pt
Epoch 78/301 | train_loss=0.6432 train_acc=60.60% | val_loss=0.6330 val_acc=62.04% | lr=3.000000e-06
Saved new best model to /tmp/bow_mlp_imdb_os8983tb.pt
Epoch 79/301 | train_loss=0.6409 train_acc=60.98% | val_loss=0.6319 val_acc=62.18% | lr=3.000000e-06
Saved new best model to /tmp/bow_mlp_imdb_os8983tb.pt
Epoch 80/301 | train_loss=0.6410 train_acc=61.07% | val_loss=0.6308 val_acc=62.26% | lr=3.000000e-06
Saved new best model to /tmp/bow_mlp_imdb_os8983tb.pt
Epoch 81/301 | train_loss=0.6390 train_acc=61.39% | val_loss=0.6296 val_acc=62.40% | lr=3.000000e-06
Saved new best model to /tmp/bow_mlp_imdb_os8983tb.pt
Epoch 82/301 | train_loss=0.6407 train_acc=60.98% | val_loss=0.6285 val_acc=62.56% | lr=3.000000e-06
Saved new best model to /tmp/bow_mlp_imdb_os8983tb.pt
Epoch 83/301 | train_loss=0.6370 train_acc=61.58% | val_loss=0.6273 val_acc=62.68% | lr=3.000000e-06
Saved new best model to /tmp/bow_mlp_imdb_os8983tb.pt
Epoch 84/301 | train_loss=0.6379 train_acc=61.35% | val_loss=0.6261 val_acc=62.88% | lr=3.000000e-06
Saved new best model to /tmp/bow_mlp_imdb_os8983tb.pt
Epoch 85/301 | train_loss=0.6352 train_acc=61.72% | val_loss=0.6248 val_acc=63.02% | lr=3.000000e-06
Saved new best model to /tmp/bow_mlp_imdb_os8983tb.pt
Epoch 86/301 | train_loss=0.6361 train_acc=61.48% | val_loss=0.6237 val_acc=63.12% | lr=3.000000e-06
Saved new best model to /tmp/bow_mlp_imdb_os8983tb.pt
Epoch 87/301 | train_loss=0.6334 train_acc=62.03% | val_loss=0.6224 val_acc=63.36% | lr=3.000000e-06
Saved new best model to /tmp/bow_mlp_imdb_os8983tb.pt
Epoch 88/301 | train_loss=0.6328 train_acc=62.00% | val_loss=0.6212 val_acc=63.56% | lr=3.000000e-06
Saved new best model to /tmp/bow_mlp_imdb_os8983tb.pt
Epoch 89/301 | train_loss=0.6326 train_acc=62.20% | val_loss=0.6200 val_acc=63.78% | lr=3.000000e-06
Saved new best model to /tmp/bow_mlp_imdb_os8983tb.pt
Epoch 90/301 | train_loss=0.6298 train_acc=62.41% | val_loss=0.6188 val_acc=63.88% | lr=3.000000e-06
Saved new best model to /tmp/bow_mlp_imdb_os8983tb.pt
Epoch 91/301 | train_loss=0.6305 train_acc=62.59% | val_loss=0.6176 val_acc=64.06% | lr=3.000000e-06
Saved new best model to /tmp/bow_mlp_imdb_os8983tb.pt
Epoch 92/301 | train_loss=0.6267 train_acc=63.10% | val_loss=0.6162 val_acc=64.30% | lr=3.000000e-06
Saved new best model to /tmp/bow_mlp_imdb_os8983tb.pt
Epoch 93/301 | train_loss=0.6272 train_acc=62.50% | val_loss=0.6150 val_acc=64.46% | lr=3.000000e-06
Saved new best model to /tmp/bow_mlp_imdb_os8983tb.pt
Epoch 94/301 | train_loss=0.6256 train_acc=62.83% | val_loss=0.6137 val_acc=64.60% | lr=3.000000e-06
Saved new best model to /tmp/bow_mlp_imdb_os8983tb.pt
Epoch 95/301 | train_loss=0.6262 train_acc=63.12% | val_loss=0.6126 val_acc=64.76% | lr=3.000000e-06
Saved new best model to /tmp/bow_mlp_imdb_os8983tb.pt
Epoch 96/301 | train_loss=0.6245 train_acc=62.98% | val_loss=0.6114 val_acc=64.96% | lr=3.000000e-06
Saved new best model to /tmp/bow_mlp_imdb_os8983tb.pt
Epoch 97/301 | train_loss=0.6222 train_acc=63.54% | val_loss=0.6101 val_acc=65.14% | lr=3.000000e-06
Saved new best model to /tmp/bow_mlp_imdb_os8983tb.pt
Epoch 98/301 | train_loss=0.6213 train_acc=63.83% | val_loss=0.6089 val_acc=65.22% | lr=3.000000e-06
Saved new best model to /tmp/bow_mlp_imdb_os8983tb.pt
Epoch 99/301 | train_loss=0.6194 train_acc=64.03% | val_loss=0.6077 val_acc=65.54% | lr=3.000000e-06
Saved new best model to /tmp/bow_mlp_imdb_os8983tb.pt
Epoch 100/301 | train_loss=0.6199 train_acc=63.40% | val_loss=0.6065 val_acc=65.74% | lr=3.000000e-06
Saved new best model to /tmp/bow_mlp_imdb_os8983tb.pt
Epoch 101/301 | train_loss=0.6193 train_acc=63.53% | val_loss=0.6054 val_acc=65.88% | lr=3.000000e-06
Saved new best model to /tmp/bow_mlp_imdb_os8983tb.pt
Epoch 102/301 | train_loss=0.6173 train_acc=64.13% | val_loss=0.6042 val_acc=66.26% | lr=3.000000e-06
Saved new best model to /tmp/bow_mlp_imdb_os8983tb.pt
Epoch 103/301 | train_loss=0.6170 train_acc=64.61% | val_loss=0.6030 val_acc=66.56% | lr=3.000000e-06
Saved new best model to /tmp/bow_mlp_imdb_os8983tb.pt
Epoch 104/301 | train_loss=0.6162 train_acc=64.05% | val_loss=0.6019 val_acc=66.84% | lr=3.000000e-06
Saved new best model to /tmp/bow_mlp_imdb_os8983tb.pt
Epoch 105/301 | train_loss=0.6145 train_acc=64.83% | val_loss=0.6007 val_acc=67.24% | lr=3.000000e-06
Saved new best model to /tmp/bow_mlp_imdb_os8983tb.pt
Epoch 106/301 | train_loss=0.6151 train_acc=64.50% | val_loss=0.5997 val_acc=67.42% | lr=3.000000e-06
Saved new best model to /tmp/bow_mlp_imdb_os8983tb.pt
Epoch 107/301 | train_loss=0.6129 train_acc=64.84% | val_loss=0.5985 val_acc=67.74% | lr=3.000000e-06
Saved new best model to /tmp/bow_mlp_imdb_os8983tb.pt
Epoch 108/301 | train_loss=0.6105 train_acc=65.44% | val_loss=0.5974 val_acc=68.06% | lr=3.000000e-06
Saved new best model to /tmp/bow_mlp_imdb_os8983tb.pt
Epoch 109/301 | train_loss=0.6103 train_acc=65.40% | val_loss=0.5962 val_acc=68.36% | lr=3.000000e-06
Saved new best model to /tmp/bow_mlp_imdb_os8983tb.pt
Epoch 110/301 | train_loss=0.6104 train_acc=65.02% | val_loss=0.5951 val_acc=68.52% | lr=3.000000e-06
Saved new best model to /tmp/bow_mlp_imdb_os8983tb.pt
Epoch 111/301 | train_loss=0.6089 train_acc=65.20% | val_loss=0.5940 val_acc=68.74% | lr=3.000000e-06
Saved new best model to /tmp/bow_mlp_imdb_os8983tb.pt
Epoch 112/301 | train_loss=0.6046 train_acc=65.81% | val_loss=0.5928 val_acc=69.04% | lr=3.000000e-06
Saved new best model to /tmp/bow_mlp_imdb_os8983tb.pt
Epoch 113/301 | train_loss=0.6077 train_acc=65.50% | val_loss=0.5918 val_acc=69.30% | lr=3.000000e-06
Saved new best model to /tmp/bow_mlp_imdb_os8983tb.pt
Epoch 114/301 | train_loss=0.6056 train_acc=65.66% | val_loss=0.5907 val_acc=69.48% | lr=3.000000e-06
Saved new best model to /tmp/bow_mlp_imdb_os8983tb.pt
Epoch 115/301 | train_loss=0.6041 train_acc=65.94% | val_loss=0.5897 val_acc=69.76% | lr=3.000000e-06
Saved new best model to /tmp/bow_mlp_imdb_os8983tb.pt
Epoch 116/301 | train_loss=0.6060 train_acc=66.05% | val_loss=0.5887 val_acc=69.82% | lr=3.000000e-06
Saved new best model to /tmp/bow_mlp_imdb_os8983tb.pt
Epoch 117/301 | train_loss=0.6028 train_acc=66.33% | val_loss=0.5876 val_acc=69.94% | lr=3.000000e-06
Saved new best model to /tmp/bow_mlp_imdb_os8983tb.pt
Epoch 118/301 | train_loss=0.6033 train_acc=66.52% | val_loss=0.5866 val_acc=70.00% | lr=3.000000e-06
Saved new best model to /tmp/bow_mlp_imdb_os8983tb.pt
Epoch 119/301 | train_loss=0.6020 train_acc=66.14% | val_loss=0.5855 val_acc=70.10% | lr=3.000000e-06
Saved new best model to /tmp/bow_mlp_imdb_os8983tb.pt
Epoch 120/301 | train_loss=0.6003 train_acc=66.47% | val_loss=0.5844 val_acc=70.16% | lr=3.000000e-06
Saved new best model to /tmp/bow_mlp_imdb_os8983tb.pt
Epoch 121/301 | train_loss=0.5990 train_acc=66.87% | val_loss=0.5834 val_acc=70.36% | lr=3.000000e-06
Saved new best model to /tmp/bow_mlp_imdb_os8983tb.pt
Epoch 122/301 | train_loss=0.5982 train_acc=67.07% | val_loss=0.5824 val_acc=70.48% | lr=3.000000e-06
Saved new best model to /tmp/bow_mlp_imdb_os8983tb.pt
Epoch 123/301 | train_loss=0.5969 train_acc=67.20% | val_loss=0.5814 val_acc=70.78% | lr=3.000000e-06
Saved new best model to /tmp/bow_mlp_imdb_os8983tb.pt
Epoch 124/301 | train_loss=0.5947 train_acc=67.37% | val_loss=0.5803 val_acc=70.92% | lr=3.000000e-06
Saved new best model to /tmp/bow_mlp_imdb_os8983tb.pt
Epoch 125/301 | train_loss=0.5952 train_acc=67.22% | val_loss=0.5792 val_acc=71.14% | lr=3.000000e-06
Saved new best model to /tmp/bow_mlp_imdb_os8983tb.pt
Epoch 126/301 | train_loss=0.5943 train_acc=67.68% | val_loss=0.5782 val_acc=71.48% | lr=3.000000e-06
Saved new best model to /tmp/bow_mlp_imdb_os8983tb.pt
Epoch 127/301 | train_loss=0.5937 train_acc=67.72% | val_loss=0.5772 val_acc=71.62% | lr=3.000000e-06
Saved new best model to /tmp/bow_mlp_imdb_os8983tb.pt
Epoch 128/301 | train_loss=0.5919 train_acc=68.02% | val_loss=0.5762 val_acc=71.58% | lr=3.000000e-06
Epoch 129/301 | train_loss=0.5917 train_acc=68.02% | val_loss=0.5752 val_acc=71.76% | lr=3.000000e-06
Saved new best model to /tmp/bow_mlp_imdb_os8983tb.pt
Epoch 130/301 | train_loss=0.5919 train_acc=67.73% | val_loss=0.5742 val_acc=71.92% | lr=3.000000e-06
Saved new best model to /tmp/bow_mlp_imdb_os8983tb.pt
Epoch 131/301 | train_loss=0.5905 train_acc=68.31% | val_loss=0.5732 val_acc=71.94% | lr=3.000000e-06
Saved new best model to /tmp/bow_mlp_imdb_os8983tb.pt
Epoch 132/301 | train_loss=0.5891 train_acc=68.01% | val_loss=0.5722 val_acc=72.14% | lr=3.000000e-06
Saved new best model to /tmp/bow_mlp_imdb_os8983tb.pt
Epoch 133/301 | train_loss=0.5883 train_acc=68.19% | val_loss=0.5712 val_acc=72.28% | lr=3.000000e-06
Saved new best model to /tmp/bow_mlp_imdb_os8983tb.pt
Epoch 134/301 | train_loss=0.5869 train_acc=68.53% | val_loss=0.5702 val_acc=72.42% | lr=3.000000e-06
Saved new best model to /tmp/bow_mlp_imdb_os8983tb.pt
Epoch 135/301 | train_loss=0.5852 train_acc=68.98% | val_loss=0.5691 val_acc=72.56% | lr=3.000000e-06
Saved new best model to /tmp/bow_mlp_imdb_os8983tb.pt
Epoch 136/301 | train_loss=0.5865 train_acc=68.69% | val_loss=0.5682 val_acc=72.64% | lr=3.000000e-06
Saved new best model to /tmp/bow_mlp_imdb_os8983tb.pt
Epoch 137/301 | train_loss=0.5847 train_acc=68.56% | val_loss=0.5673 val_acc=72.74% | lr=3.000000e-06
Saved new best model to /tmp/bow_mlp_imdb_os8983tb.pt
Epoch 138/301 | train_loss=0.5869 train_acc=68.95% | val_loss=0.5665 val_acc=72.88% | lr=3.000000e-06
Saved new best model to /tmp/bow_mlp_imdb_os8983tb.pt
Epoch 139/301 | train_loss=0.5820 train_acc=69.20% | val_loss=0.5656 val_acc=73.04% | lr=3.000000e-06
Saved new best model to /tmp/bow_mlp_imdb_os8983tb.pt
Epoch 140/301 | train_loss=0.5827 train_acc=69.14% | val_loss=0.5646 val_acc=73.20% | lr=3.000000e-06
Saved new best model to /tmp/bow_mlp_imdb_os8983tb.pt
Epoch 141/301 | train_loss=0.5825 train_acc=69.06% | val_loss=0.5637 val_acc=73.36% | lr=3.000000e-06
Saved new best model to /tmp/bow_mlp_imdb_os8983tb.pt
Epoch 142/301 | train_loss=0.5811 train_acc=69.38% | val_loss=0.5628 val_acc=73.58% | lr=3.000000e-06
Saved new best model to /tmp/bow_mlp_imdb_os8983tb.pt
Epoch 143/301 | train_loss=0.5825 train_acc=69.25% | val_loss=0.5619 val_acc=73.68% | lr=3.000000e-06
Saved new best model to /tmp/bow_mlp_imdb_os8983tb.pt
Epoch 144/301 | train_loss=0.5786 train_acc=69.94% | val_loss=0.5609 val_acc=73.86% | lr=3.000000e-06
Saved new best model to /tmp/bow_mlp_imdb_os8983tb.pt
Epoch 145/301 | train_loss=0.5773 train_acc=69.85% | val_loss=0.5599 val_acc=74.02% | lr=3.000000e-06
Saved new best model to /tmp/bow_mlp_imdb_os8983tb.pt
Epoch 146/301 | train_loss=0.5747 train_acc=70.32% | val_loss=0.5588 val_acc=74.10% | lr=3.000000e-06
Saved new best model to /tmp/bow_mlp_imdb_os8983tb.pt
Epoch 147/301 | train_loss=0.5754 train_acc=69.88% | val_loss=0.5578 val_acc=74.38% | lr=3.000000e-06
Saved new best model to /tmp/bow_mlp_imdb_os8983tb.pt
Epoch 148/301 | train_loss=0.5736 train_acc=70.45% | val_loss=0.5568 val_acc=74.64% | lr=3.000000e-06
Saved new best model to /tmp/bow_mlp_imdb_os8983tb.pt
Epoch 149/301 | train_loss=0.5747 train_acc=70.09% | val_loss=0.5559 val_acc=74.82% | lr=3.000000e-06
Saved new best model to /tmp/bow_mlp_imdb_os8983tb.pt
Epoch 150/301 | train_loss=0.5741 train_acc=70.17% | val_loss=0.5551 val_acc=74.88% | lr=3.000000e-06
Saved new best model to /tmp/bow_mlp_imdb_os8983tb.pt
Epoch 151/301 | train_loss=0.5729 train_acc=70.44% | val_loss=0.5542 val_acc=75.16% | lr=3.000000e-06
Saved new best model to /tmp/bow_mlp_imdb_os8983tb.pt
Epoch 152/301 | train_loss=0.5717 train_acc=70.46% | val_loss=0.5532 val_acc=75.20% | lr=3.000000e-06
Saved new best model to /tmp/bow_mlp_imdb_os8983tb.pt
Epoch 153/301 | train_loss=0.5698 train_acc=70.91% | val_loss=0.5522 val_acc=75.36% | lr=3.000000e-06
Saved new best model to /tmp/bow_mlp_imdb_os8983tb.pt
Epoch 154/301 | train_loss=0.5696 train_acc=70.89% | val_loss=0.5513 val_acc=75.54% | lr=3.000000e-06
Saved new best model to /tmp/bow_mlp_imdb_os8983tb.pt
Epoch 155/301 | train_loss=0.5714 train_acc=70.47% | val_loss=0.5505 val_acc=75.64% | lr=3.000000e-06
Saved new best model to /tmp/bow_mlp_imdb_os8983tb.pt
Epoch 156/301 | train_loss=0.5696 train_acc=70.50% | val_loss=0.5496 val_acc=75.72% | lr=3.000000e-06
Saved new best model to /tmp/bow_mlp_imdb_os8983tb.pt
Epoch 157/301 | train_loss=0.5696 train_acc=70.62% | val_loss=0.5488 val_acc=75.88% | lr=3.000000e-06
Saved new best model to /tmp/bow_mlp_imdb_os8983tb.pt
Epoch 158/301 | train_loss=0.5684 train_acc=70.80% | val_loss=0.5479 val_acc=76.02% | lr=3.000000e-06
Saved new best model to /tmp/bow_mlp_imdb_os8983tb.pt
Epoch 159/301 | train_loss=0.5685 train_acc=70.91% | val_loss=0.5471 val_acc=76.18% | lr=3.000000e-06
Saved new best model to /tmp/bow_mlp_imdb_os8983tb.pt
Epoch 160/301 | train_loss=0.5657 train_acc=70.91% | val_loss=0.5462 val_acc=76.20% | lr=3.000000e-06
Saved new best model to /tmp/bow_mlp_imdb_os8983tb.pt
Epoch 161/301 | train_loss=0.5660 train_acc=71.02% | val_loss=0.5453 val_acc=76.30% | lr=3.000000e-06
Saved new best model to /tmp/bow_mlp_imdb_os8983tb.pt
Epoch 162/301 | train_loss=0.5645 train_acc=71.36% | val_loss=0.5444 val_acc=76.44% | lr=3.000000e-06
Saved new best model to /tmp/bow_mlp_imdb_os8983tb.pt
Epoch 163/301 | train_loss=0.5662 train_acc=71.38% | val_loss=0.5436 val_acc=76.70% | lr=3.000000e-06
Saved new best model to /tmp/bow_mlp_imdb_os8983tb.pt
Epoch 164/301 | train_loss=0.5637 train_acc=71.29% | val_loss=0.5428 val_acc=76.88% | lr=3.000000e-06
Saved new best model to /tmp/bow_mlp_imdb_os8983tb.pt
Epoch 165/301 | train_loss=0.5619 train_acc=71.83% | val_loss=0.5420 val_acc=77.02% | lr=3.000000e-06
Saved new best model to /tmp/bow_mlp_imdb_os8983tb.pt
Epoch 166/301 | train_loss=0.5616 train_acc=72.02% | val_loss=0.5411 val_acc=77.10% | lr=3.000000e-06
Saved new best model to /tmp/bow_mlp_imdb_os8983tb.pt
Epoch 167/301 | train_loss=0.5603 train_acc=72.04% | val_loss=0.5402 val_acc=77.18% | lr=3.000000e-06
Saved new best model to /tmp/bow_mlp_imdb_os8983tb.pt
Epoch 168/301 | train_loss=0.5612 train_acc=71.75% | val_loss=0.5394 val_acc=77.26% | lr=3.000000e-06
Saved new best model to /tmp/bow_mlp_imdb_os8983tb.pt
Epoch 169/301 | train_loss=0.5580 train_acc=72.08% | val_loss=0.5385 val_acc=77.40% | lr=3.000000e-06
Saved new best model to /tmp/bow_mlp_imdb_os8983tb.pt
Epoch 170/301 | train_loss=0.5585 train_acc=72.05% | val_loss=0.5376 val_acc=77.44% | lr=3.000000e-06
Saved new best model to /tmp/bow_mlp_imdb_os8983tb.pt
Epoch 171/301 | train_loss=0.5580 train_acc=72.09% | val_loss=0.5368 val_acc=77.56% | lr=3.000000e-06
Saved new best model to /tmp/bow_mlp_imdb_os8983tb.pt
Epoch 172/301 | train_loss=0.5580 train_acc=71.89% | val_loss=0.5359 val_acc=77.62% | lr=3.000000e-06
Saved new best model to /tmp/bow_mlp_imdb_os8983tb.pt
Epoch 173/301 | train_loss=0.5562 train_acc=72.57% | val_loss=0.5352 val_acc=77.68% | lr=3.000000e-06
Saved new best model to /tmp/bow_mlp_imdb_os8983tb.pt
Epoch 174/301 | train_loss=0.5556 train_acc=72.06% | val_loss=0.5344 val_acc=77.70% | lr=3.000000e-06
Saved new best model to /tmp/bow_mlp_imdb_os8983tb.pt
Epoch 175/301 | train_loss=0.5550 train_acc=72.69% | val_loss=0.5335 val_acc=77.86% | lr=3.000000e-06
Saved new best model to /tmp/bow_mlp_imdb_os8983tb.pt
Epoch 176/301 | train_loss=0.5542 train_acc=72.57% | val_loss=0.5328 val_acc=77.88% | lr=3.000000e-06
Saved new best model to /tmp/bow_mlp_imdb_os8983tb.pt
Epoch 177/301 | train_loss=0.5527 train_acc=72.56% | val_loss=0.5319 val_acc=77.94% | lr=3.000000e-06
Saved new best model to /tmp/bow_mlp_imdb_os8983tb.pt
Epoch 178/301 | train_loss=0.5519 train_acc=73.06% | val_loss=0.5311 val_acc=78.02% | lr=3.000000e-06
Saved new best model to /tmp/bow_mlp_imdb_os8983tb.pt
Epoch 179/301 | train_loss=0.5512 train_acc=72.72% | val_loss=0.5303 val_acc=78.14% | lr=3.000000e-06
Saved new best model to /tmp/bow_mlp_imdb_os8983tb.pt
Epoch 180/301 | train_loss=0.5501 train_acc=72.95% | val_loss=0.5294 val_acc=78.18% | lr=3.000000e-06
Saved new best model to /tmp/bow_mlp_imdb_os8983tb.pt
Epoch 181/301 | train_loss=0.5491 train_acc=73.15% | val_loss=0.5286 val_acc=78.24% | lr=3.000000e-06
Saved new best model to /tmp/bow_mlp_imdb_os8983tb.pt
Epoch 182/301 | train_loss=0.5476 train_acc=73.30% | val_loss=0.5277 val_acc=78.28% | lr=3.000000e-06
Saved new best model to /tmp/bow_mlp_imdb_os8983tb.pt
Epoch 183/301 | train_loss=0.5470 train_acc=73.11% | val_loss=0.5270 val_acc=78.42% | lr=3.000000e-06
Saved new best model to /tmp/bow_mlp_imdb_os8983tb.pt
Epoch 184/301 | train_loss=0.5474 train_acc=73.54% | val_loss=0.5261 val_acc=78.62% | lr=3.000000e-06
Saved new best model to /tmp/bow_mlp_imdb_os8983tb.pt
Epoch 185/301 | train_loss=0.5446 train_acc=73.87% | val_loss=0.5253 val_acc=78.72% | lr=3.000000e-06
Saved new best model to /tmp/bow_mlp_imdb_os8983tb.pt
Epoch 186/301 | train_loss=0.5474 train_acc=73.26% | val_loss=0.5245 val_acc=78.78% | lr=3.000000e-06
Saved new best model to /tmp/bow_mlp_imdb_os8983tb.pt
Epoch 187/301 | train_loss=0.5461 train_acc=73.70% | val_loss=0.5237 val_acc=78.88% | lr=3.000000e-06
Saved new best model to /tmp/bow_mlp_imdb_os8983tb.pt
Epoch 188/301 | train_loss=0.5453 train_acc=73.55% | val_loss=0.5229 val_acc=78.96% | lr=3.000000e-06
Saved new best model to /tmp/bow_mlp_imdb_os8983tb.pt
Epoch 189/301 | train_loss=0.5425 train_acc=74.03% | val_loss=0.5220 val_acc=78.96% | lr=3.000000e-06
Epoch 190/301 | train_loss=0.5442 train_acc=73.80% | val_loss=0.5213 val_acc=79.06% | lr=3.000000e-06
Saved new best model to /tmp/bow_mlp_imdb_os8983tb.pt
Epoch 191/301 | train_loss=0.5412 train_acc=74.00% | val_loss=0.5206 val_acc=79.12% | lr=3.000000e-06
Saved new best model to /tmp/bow_mlp_imdb_os8983tb.pt
Epoch 192/301 | train_loss=0.5411 train_acc=73.87% | val_loss=0.5198 val_acc=79.22% | lr=3.000000e-06
Saved new best model to /tmp/bow_mlp_imdb_os8983tb.pt
Epoch 193/301 | train_loss=0.5397 train_acc=73.91% | val_loss=0.5190 val_acc=79.24% | lr=3.000000e-06
Saved new best model to /tmp/bow_mlp_imdb_os8983tb.pt
Epoch 194/301 | train_loss=0.5428 train_acc=73.89% | val_loss=0.5184 val_acc=79.26% | lr=3.000000e-06
Saved new best model to /tmp/bow_mlp_imdb_os8983tb.pt
Epoch 195/301 | train_loss=0.5387 train_acc=74.22% | val_loss=0.5178 val_acc=79.38% | lr=3.000000e-06
Saved new best model to /tmp/bow_mlp_imdb_os8983tb.pt
Epoch 196/301 | train_loss=0.5387 train_acc=74.09% | val_loss=0.5170 val_acc=79.50% | lr=3.000000e-06
Saved new best model to /tmp/bow_mlp_imdb_os8983tb.pt
Epoch 197/301 | train_loss=0.5386 train_acc=74.72% | val_loss=0.5162 val_acc=79.60% | lr=3.000000e-06
Saved new best model to /tmp/bow_mlp_imdb_os8983tb.pt
Epoch 198/301 | train_loss=0.5381 train_acc=74.36% | val_loss=0.5155 val_acc=79.64% | lr=3.000000e-06
Saved new best model to /tmp/bow_mlp_imdb_os8983tb.pt
Epoch 199/301 | train_loss=0.5380 train_acc=74.75% | val_loss=0.5149 val_acc=79.68% | lr=3.000000e-06
Saved new best model to /tmp/bow_mlp_imdb_os8983tb.pt
Epoch 200/301 | train_loss=0.5365 train_acc=74.59% | val_loss=0.5141 val_acc=79.78% | lr=3.000000e-06
Saved new best model to /tmp/bow_mlp_imdb_os8983tb.pt
Epoch 201/301 | train_loss=0.5344 train_acc=74.31% | val_loss=0.5133 val_acc=79.76% | lr=3.000000e-06
Epoch 202/301 | train_loss=0.5344 train_acc=74.19% | val_loss=0.5126 val_acc=79.90% | lr=3.000000e-06
Saved new best model to /tmp/bow_mlp_imdb_os8983tb.pt
Epoch 203/301 | train_loss=0.5352 train_acc=74.94% | val_loss=0.5119 val_acc=80.16% | lr=3.000000e-06
Saved new best model to /tmp/bow_mlp_imdb_os8983tb.pt
Epoch 204/301 | train_loss=0.5337 train_acc=74.97% | val_loss=0.5111 val_acc=80.14% | lr=3.000000e-06
Epoch 205/301 | train_loss=0.5336 train_acc=74.83% | val_loss=0.5104 val_acc=80.16% | lr=3.000000e-06
Epoch 206/301 | train_loss=0.5309 train_acc=75.02% | val_loss=0.5095 val_acc=80.18% | lr=3.000000e-06
Saved new best model to /tmp/bow_mlp_imdb_os8983tb.pt
Epoch 207/301 | train_loss=0.5352 train_acc=74.58% | val_loss=0.5089 val_acc=80.30% | lr=3.000000e-06
Saved new best model to /tmp/bow_mlp_imdb_os8983tb.pt
Epoch 208/301 | train_loss=0.5301 train_acc=75.09% | val_loss=0.5081 val_acc=80.34% | lr=3.000000e-06
Saved new best model to /tmp/bow_mlp_imdb_os8983tb.pt
Epoch 209/301 | train_loss=0.5322 train_acc=74.60% | val_loss=0.5075 val_acc=80.42% | lr=3.000000e-06
Saved new best model to /tmp/bow_mlp_imdb_os8983tb.pt
Epoch 210/301 | train_loss=0.5288 train_acc=75.24% | val_loss=0.5067 val_acc=80.54% | lr=3.000000e-06
Saved new best model to /tmp/bow_mlp_imdb_os8983tb.pt
Epoch 211/301 | train_loss=0.5297 train_acc=74.93% | val_loss=0.5061 val_acc=80.58% | lr=3.000000e-06
Saved new best model to /tmp/bow_mlp_imdb_os8983tb.pt
Epoch 212/301 | train_loss=0.5305 train_acc=75.41% | val_loss=0.5055 val_acc=80.72% | lr=3.000000e-06
Saved new best model to /tmp/bow_mlp_imdb_os8983tb.pt
Epoch 213/301 | train_loss=0.5266 train_acc=75.26% | val_loss=0.5047 val_acc=80.80% | lr=3.000000e-06
Saved new best model to /tmp/bow_mlp_imdb_os8983tb.pt
Epoch 214/301 | train_loss=0.5280 train_acc=75.31% | val_loss=0.5039 val_acc=80.76% | lr=3.000000e-06
Epoch 215/301 | train_loss=0.5260 train_acc=75.62% | val_loss=0.5032 val_acc=80.88% | lr=3.000000e-06
Saved new best model to /tmp/bow_mlp_imdb_os8983tb.pt
Epoch 216/301 | train_loss=0.5259 train_acc=75.52% | val_loss=0.5025 val_acc=80.94% | lr=3.000000e-06
Saved new best model to /tmp/bow_mlp_imdb_os8983tb.pt
Epoch 217/301 | train_loss=0.5244 train_acc=75.39% | val_loss=0.5017 val_acc=81.04% | lr=3.000000e-06
Saved new best model to /tmp/bow_mlp_imdb_os8983tb.pt
Epoch 218/301 | train_loss=0.5266 train_acc=75.95% | val_loss=0.5011 val_acc=81.22% | lr=3.000000e-06
Saved new best model to /tmp/bow_mlp_imdb_os8983tb.pt
Epoch 219/301 | train_loss=0.5248 train_acc=75.28% | val_loss=0.5005 val_acc=81.24% | lr=3.000000e-06
Saved new best model to /tmp/bow_mlp_imdb_os8983tb.pt
Epoch 220/301 | train_loss=0.5242 train_acc=75.64% | val_loss=0.4998 val_acc=81.24% | lr=3.000000e-06
Epoch 221/301 | train_loss=0.5210 train_acc=75.84% | val_loss=0.4991 val_acc=81.26% | lr=3.000000e-06
Saved new best model to /tmp/bow_mlp_imdb_os8983tb.pt
Epoch 222/301 | train_loss=0.5262 train_acc=75.23% | val_loss=0.4986 val_acc=81.28% | lr=3.000000e-06
Saved new best model to /tmp/bow_mlp_imdb_os8983tb.pt
Epoch 223/301 | train_loss=0.5174 train_acc=76.36% | val_loss=0.4977 val_acc=81.28% | lr=3.000000e-06
Epoch 224/301 | train_loss=0.5194 train_acc=76.28% | val_loss=0.4970 val_acc=81.32% | lr=3.000000e-06
Saved new best model to /tmp/bow_mlp_imdb_os8983tb.pt
Epoch 225/301 | train_loss=0.5226 train_acc=75.79% | val_loss=0.4963 val_acc=81.38% | lr=3.000000e-06
Saved new best model to /tmp/bow_mlp_imdb_os8983tb.pt
Epoch 226/301 | train_loss=0.5200 train_acc=76.07% | val_loss=0.4956 val_acc=81.32% | lr=3.000000e-06
Epoch 227/301 | train_loss=0.5190 train_acc=76.02% | val_loss=0.4950 val_acc=81.36% | lr=3.000000e-06
Epoch 228/301 | train_loss=0.5162 train_acc=76.58% | val_loss=0.4943 val_acc=81.42% | lr=3.000000e-06
Saved new best model to /tmp/bow_mlp_imdb_os8983tb.pt
Epoch 229/301 | train_loss=0.5145 train_acc=76.42% | val_loss=0.4934 val_acc=81.40% | lr=3.000000e-06
Epoch 230/301 | train_loss=0.5156 train_acc=76.08% | val_loss=0.4925 val_acc=81.48% | lr=3.000000e-06
Saved new best model to /tmp/bow_mlp_imdb_os8983tb.pt
Epoch 231/301 | train_loss=0.5173 train_acc=76.12% | val_loss=0.4918 val_acc=81.48% | lr=3.000000e-06
Epoch 232/301 | train_loss=0.5159 train_acc=76.62% | val_loss=0.4911 val_acc=81.58% | lr=3.000000e-06
Saved new best model to /tmp/bow_mlp_imdb_os8983tb.pt
Epoch 233/301 | train_loss=0.5132 train_acc=76.94% | val_loss=0.4902 val_acc=81.52% | lr=3.000000e-06
Epoch 234/301 | train_loss=0.5127 train_acc=76.48% | val_loss=0.4895 val_acc=81.62% | lr=3.000000e-06
Saved new best model to /tmp/bow_mlp_imdb_os8983tb.pt
Epoch 235/301 | train_loss=0.5103 train_acc=76.85% | val_loss=0.4887 val_acc=81.58% | lr=3.000000e-06
Epoch 236/301 | train_loss=0.5140 train_acc=76.50% | val_loss=0.4881 val_acc=81.76% | lr=3.000000e-06
Saved new best model to /tmp/bow_mlp_imdb_os8983tb.pt
Epoch 237/301 | train_loss=0.5128 train_acc=76.94% | val_loss=0.4874 val_acc=81.76% | lr=3.000000e-06
Epoch 238/301 | train_loss=0.5101 train_acc=76.84% | val_loss=0.4866 val_acc=81.82% | lr=3.000000e-06
Saved new best model to /tmp/bow_mlp_imdb_os8983tb.pt
Epoch 239/301 | train_loss=0.5092 train_acc=77.05% | val_loss=0.4860 val_acc=81.84% | lr=3.000000e-06
Saved new best model to /tmp/bow_mlp_imdb_os8983tb.pt
Epoch 240/301 | train_loss=0.5113 train_acc=76.80% | val_loss=0.4853 val_acc=81.88% | lr=3.000000e-06
Saved new best model to /tmp/bow_mlp_imdb_os8983tb.pt
Epoch 241/301 | train_loss=0.5093 train_acc=77.02% | val_loss=0.4847 val_acc=81.84% | lr=3.000000e-06
Epoch 242/301 | train_loss=0.5102 train_acc=76.73% | val_loss=0.4839 val_acc=81.86% | lr=3.000000e-06
Epoch 243/301 | train_loss=0.5074 train_acc=76.80% | val_loss=0.4833 val_acc=81.82% | lr=3.000000e-06
Epoch 244/301 | train_loss=0.5094 train_acc=76.86% | val_loss=0.4826 val_acc=81.92% | lr=3.000000e-06
Saved new best model to /tmp/bow_mlp_imdb_os8983tb.pt
Epoch 245/301 | train_loss=0.5068 train_acc=77.00% | val_loss=0.4819 val_acc=82.00% | lr=3.000000e-06
Saved new best model to /tmp/bow_mlp_imdb_os8983tb.pt
Epoch 246/301 | train_loss=0.5065 train_acc=77.11% | val_loss=0.4812 val_acc=81.92% | lr=3.000000e-06
Epoch 247/301 | train_loss=0.5049 train_acc=77.55% | val_loss=0.4804 val_acc=82.10% | lr=3.000000e-06
Saved new best model to /tmp/bow_mlp_imdb_os8983tb.pt
Epoch 248/301 | train_loss=0.5061 train_acc=77.14% | val_loss=0.4798 val_acc=82.04% | lr=3.000000e-06
Epoch 249/301 | train_loss=0.5042 train_acc=77.05% | val_loss=0.4792 val_acc=82.08% | lr=3.000000e-06
Epoch 250/301 | train_loss=0.5032 train_acc=77.42% | val_loss=0.4786 val_acc=82.08% | lr=3.000000e-06
Epoch 251/301 | train_loss=0.5022 train_acc=77.91% | val_loss=0.4779 val_acc=82.10% | lr=3.000000e-06
Epoch 252/301 | train_loss=0.5031 train_acc=77.48% | val_loss=0.4773 val_acc=82.22% | lr=3.000000e-06
Saved new best model to /tmp/bow_mlp_imdb_os8983tb.pt
Epoch 253/301 | train_loss=0.5038 train_acc=77.16% | val_loss=0.4767 val_acc=82.22% | lr=3.000000e-06
Epoch 254/301 | train_loss=0.5022 train_acc=77.59% | val_loss=0.4761 val_acc=82.28% | lr=3.000000e-06
Saved new best model to /tmp/bow_mlp_imdb_os8983tb.pt
Epoch 255/301 | train_loss=0.4978 train_acc=77.69% | val_loss=0.4752 val_acc=82.28% | lr=3.000000e-06
Epoch 256/301 | train_loss=0.5027 train_acc=77.39% | val_loss=0.4747 val_acc=82.24% | lr=3.000000e-06
Epoch 257/301 | train_loss=0.4989 train_acc=77.56% | val_loss=0.4740 val_acc=82.28% | lr=3.000000e-06
Epoch 258/301 | train_loss=0.4988 train_acc=77.47% | val_loss=0.4734 val_acc=82.34% | lr=3.000000e-06
Saved new best model to /tmp/bow_mlp_imdb_os8983tb.pt
Epoch 259/301 | train_loss=0.5011 train_acc=77.34% | val_loss=0.4728 val_acc=82.34% | lr=3.000000e-06
Epoch 260/301 | train_loss=0.4972 train_acc=77.83% | val_loss=0.4723 val_acc=82.34% | lr=3.000000e-06
Epoch 261/301 | train_loss=0.4990 train_acc=77.70% | val_loss=0.4717 val_acc=82.42% | lr=3.000000e-06
Saved new best model to /tmp/bow_mlp_imdb_os8983tb.pt
Epoch 262/301 | train_loss=0.4936 train_acc=78.25% | val_loss=0.4710 val_acc=82.36% | lr=3.000000e-06
Epoch 263/301 | train_loss=0.4943 train_acc=78.06% | val_loss=0.4703 val_acc=82.40% | lr=3.000000e-06
Epoch 264/301 | train_loss=0.4952 train_acc=77.94% | val_loss=0.4696 val_acc=82.40% | lr=3.000000e-06
Epoch 265/301 | train_loss=0.4953 train_acc=78.01% | val_loss=0.4690 val_acc=82.44% | lr=3.000000e-06
Saved new best model to /tmp/bow_mlp_imdb_os8983tb.pt
Epoch 266/301 | train_loss=0.4925 train_acc=78.22% | val_loss=0.4684 val_acc=82.52% | lr=3.000000e-06
Saved new best model to /tmp/bow_mlp_imdb_os8983tb.pt
Epoch 267/301 | train_loss=0.4942 train_acc=78.37% | val_loss=0.4678 val_acc=82.52% | lr=3.000000e-06
Epoch 268/301 | train_loss=0.4953 train_acc=78.11% | val_loss=0.4673 val_acc=82.56% | lr=3.000000e-06
Saved new best model to /tmp/bow_mlp_imdb_os8983tb.pt
Epoch 269/301 | train_loss=0.4934 train_acc=78.04% | val_loss=0.4667 val_acc=82.64% | lr=3.000000e-06
Saved new best model to /tmp/bow_mlp_imdb_os8983tb.pt
Epoch 270/301 | train_loss=0.4926 train_acc=77.84% | val_loss=0.4662 val_acc=82.68% | lr=3.000000e-06
Saved new best model to /tmp/bow_mlp_imdb_os8983tb.pt
Epoch 271/301 | train_loss=0.4917 train_acc=78.33% | val_loss=0.4656 val_acc=82.72% | lr=3.000000e-06
Saved new best model to /tmp/bow_mlp_imdb_os8983tb.pt
Epoch 272/301 | train_loss=0.4931 train_acc=77.98% | val_loss=0.4652 val_acc=82.78% | lr=3.000000e-06
Saved new best model to /tmp/bow_mlp_imdb_os8983tb.pt
Epoch 273/301 | train_loss=0.4909 train_acc=78.69% | val_loss=0.4646 val_acc=82.82% | lr=3.000000e-06
Saved new best model to /tmp/bow_mlp_imdb_os8983tb.pt
Epoch 274/301 | train_loss=0.4902 train_acc=78.42% | val_loss=0.4640 val_acc=82.84% | lr=3.000000e-06
Saved new best model to /tmp/bow_mlp_imdb_os8983tb.pt
Epoch 275/301 | train_loss=0.4896 train_acc=78.33% | val_loss=0.4635 val_acc=82.90% | lr=3.000000e-06
Saved new best model to /tmp/bow_mlp_imdb_os8983tb.pt
Epoch 276/301 | train_loss=0.4877 train_acc=78.21% | val_loss=0.4629 val_acc=82.94% | lr=3.000000e-06
Saved new best model to /tmp/bow_mlp_imdb_os8983tb.pt
Epoch 277/301 | train_loss=0.4888 train_acc=78.59% | val_loss=0.4623 val_acc=82.94% | lr=3.000000e-06
Epoch 278/301 | train_loss=0.4890 train_acc=78.29% | val_loss=0.4618 val_acc=82.88% | lr=3.000000e-06
Epoch 279/301 | train_loss=0.4874 train_acc=78.20% | val_loss=0.4613 val_acc=82.96% | lr=3.000000e-06
Saved new best model to /tmp/bow_mlp_imdb_os8983tb.pt
Epoch 280/301 | train_loss=0.4883 train_acc=78.39% | val_loss=0.4608 val_acc=82.98% | lr=3.000000e-06
Saved new best model to /tmp/bow_mlp_imdb_os8983tb.pt
Epoch 281/301 | train_loss=0.4874 train_acc=78.75% | val_loss=0.4602 val_acc=83.00% | lr=3.000000e-06
Saved new best model to /tmp/bow_mlp_imdb_os8983tb.pt
Epoch 282/301 | train_loss=0.4857 train_acc=78.66% | val_loss=0.4597 val_acc=83.00% | lr=3.000000e-06
Epoch 283/301 | train_loss=0.4857 train_acc=79.05% | val_loss=0.4592 val_acc=83.02% | lr=3.000000e-06
Saved new best model to /tmp/bow_mlp_imdb_os8983tb.pt
Epoch 284/301 | train_loss=0.4849 train_acc=78.71% | val_loss=0.4586 val_acc=83.10% | lr=3.000000e-06
Saved new best model to /tmp/bow_mlp_imdb_os8983tb.pt
Epoch 285/301 | train_loss=0.4820 train_acc=78.98% | val_loss=0.4581 val_acc=83.16% | lr=3.000000e-06
Saved new best model to /tmp/bow_mlp_imdb_os8983tb.pt
Epoch 286/301 | train_loss=0.4839 train_acc=78.91% | val_loss=0.4575 val_acc=83.22% | lr=3.000000e-06
Saved new best model to /tmp/bow_mlp_imdb_os8983tb.pt
Epoch 287/301 | train_loss=0.4814 train_acc=78.77% | val_loss=0.4569 val_acc=83.30% | lr=3.000000e-06
Saved new best model to /tmp/bow_mlp_imdb_os8983tb.pt
Epoch 288/301 | train_loss=0.4831 train_acc=79.07% | val_loss=0.4563 val_acc=83.32% | lr=3.000000e-06
Saved new best model to /tmp/bow_mlp_imdb_os8983tb.pt
Epoch 289/301 | train_loss=0.4829 train_acc=78.56% | val_loss=0.4559 val_acc=83.36% | lr=3.000000e-06
Saved new best model to /tmp/bow_mlp_imdb_os8983tb.pt
Epoch 290/301 | train_loss=0.4846 train_acc=78.64% | val_loss=0.4555 val_acc=83.32% | lr=3.000000e-06
Epoch 291/301 | train_loss=0.4828 train_acc=78.82% | val_loss=0.4551 val_acc=83.44% | lr=3.000000e-06
Saved new best model to /tmp/bow_mlp_imdb_os8983tb.pt
Epoch 292/301 | train_loss=0.4807 train_acc=78.98% | val_loss=0.4546 val_acc=83.40% | lr=3.000000e-06
Epoch 293/301 | train_loss=0.4819 train_acc=78.89% | val_loss=0.4541 val_acc=83.44% | lr=3.000000e-06
Epoch 294/301 | train_loss=0.4803 train_acc=79.32% | val_loss=0.4537 val_acc=83.44% | lr=3.000000e-06
Epoch 295/301 | train_loss=0.4773 train_acc=79.34% | val_loss=0.4532 val_acc=83.46% | lr=3.000000e-06
Saved new best model to /tmp/bow_mlp_imdb_os8983tb.pt
Epoch 296/301 | train_loss=0.4761 train_acc=79.44% | val_loss=0.4524 val_acc=83.48% | lr=3.000000e-06
Saved new best model to /tmp/bow_mlp_imdb_os8983tb.pt
Epoch 297/301 | train_loss=0.4813 train_acc=78.78% | val_loss=0.4520 val_acc=83.52% | lr=3.000000e-06
Saved new best model to /tmp/bow_mlp_imdb_os8983tb.pt
Epoch 298/301 | train_loss=0.4780 train_acc=79.16% | val_loss=0.4515 val_acc=83.52% | lr=3.000000e-06
Epoch 299/301 | train_loss=0.4767 train_acc=79.42% | val_loss=0.4510 val_acc=83.56% | lr=3.000000e-06
Saved new best model to /tmp/bow_mlp_imdb_os8983tb.pt
Epoch 300/301 | train_loss=0.4770 train_acc=79.50% | val_loss=0.4505 val_acc=83.60% | lr=3.000000e-06
Saved new best model to /tmp/bow_mlp_imdb_os8983tb.pt
Epoch 301/301 | train_loss=0.4772 train_acc=79.28% | val_loss=0.4500 val_acc=83.62% | lr=3.000000e-06
Saved new best model to /tmp/bow_mlp_imdb_os8983tb.pt
Epoch 302/301 | train_loss=0.4749 train_acc=79.48% | val_loss=0.4495 val_acc=83.58% | lr=3.000000e-06
Epoch 303/301 | train_loss=0.4751 train_acc=79.31% | val_loss=0.4488 val_acc=83.58% | lr=3.000000e-06
Epoch 304/301 | train_loss=0.4746 train_acc=79.33% | val_loss=0.4484 val_acc=83.56% | lr=3.000000e-06
Epoch 305/301 | train_loss=0.4778 train_acc=79.22% | val_loss=0.4481 val_acc=83.72% | lr=3.000000e-06
Saved new best model to /tmp/bow_mlp_imdb_os8983tb.pt
Epoch 306/301 | train_loss=0.4732 train_acc=79.47% | val_loss=0.4475 val_acc=83.70% | lr=3.000000e-06
Epoch 307/301 | train_loss=0.4758 train_acc=79.14% | val_loss=0.4471 val_acc=83.68% | lr=3.000000e-06
Epoch 308/301 | train_loss=0.4732 train_acc=79.62% | val_loss=0.4466 val_acc=83.70% | lr=3.000000e-06
Epoch 309/301 | train_loss=0.4734 train_acc=79.60% | val_loss=0.4461 val_acc=83.70% | lr=3.000000e-06
Epoch 310/301 | train_loss=0.4734 train_acc=79.31% | val_loss=0.4456 val_acc=83.78% | lr=3.000000e-06
Saved new best model to /tmp/bow_mlp_imdb_os8983tb.pt
Epoch 311/301 | train_loss=0.4696 train_acc=79.38% | val_loss=0.4451 val_acc=83.76% | lr=3.000000e-06
Epoch 312/301 | train_loss=0.4728 train_acc=79.70% | val_loss=0.4447 val_acc=83.80% | lr=3.000000e-06
Saved new best model to /tmp/bow_mlp_imdb_os8983tb.pt
Epoch 313/301 | train_loss=0.4707 train_acc=79.71% | val_loss=0.4442 val_acc=83.74% | lr=3.000000e-06
Epoch 314/301 | train_loss=0.4680 train_acc=79.81% | val_loss=0.4437 val_acc=83.94% | lr=3.000000e-06
Saved new best model to /tmp/bow_mlp_imdb_os8983tb.pt
Epoch 315/301 | train_loss=0.4691 train_acc=79.64% | val_loss=0.4431 val_acc=83.78% | lr=3.000000e-06
Epoch 316/301 | train_loss=0.4691 train_acc=80.08% | val_loss=0.4426 val_acc=83.94% | lr=3.000000e-06
Epoch 317/301 | train_loss=0.4716 train_acc=79.36% | val_loss=0.4423 val_acc=83.92% | lr=3.000000e-06
Epoch 318/301 | train_loss=0.4686 train_acc=79.70% | val_loss=0.4418 val_acc=83.94% | lr=3.000000e-06
Epoch 319/301 | train_loss=0.4693 train_acc=79.94% | val_loss=0.4414 val_acc=83.96% | lr=3.000000e-06
Saved new best model to /tmp/bow_mlp_imdb_os8983tb.pt
Epoch 320/301 | train_loss=0.4691 train_acc=79.86% | val_loss=0.4410 val_acc=84.00% | lr=3.000000e-06
Saved new best model to /tmp/bow_mlp_imdb_os8983tb.pt
Epoch 321/301 | train_loss=0.4667 train_acc=79.93% | val_loss=0.4406 val_acc=84.04% | lr=3.000000e-06
Saved new best model to /tmp/bow_mlp_imdb_os8983tb.pt
Epoch 322/301 | train_loss=0.4664 train_acc=79.65% | val_loss=0.4401 val_acc=84.06% | lr=3.000000e-06
Saved new best model to /tmp/bow_mlp_imdb_os8983tb.pt
Epoch 323/301 | train_loss=0.4658 train_acc=79.77% | val_loss=0.4397 val_acc=84.04% | lr=3.000000e-06
Epoch 324/301 | train_loss=0.4660 train_acc=79.77% | val_loss=0.4393 val_acc=84.08% | lr=3.000000e-06
Saved new best model to /tmp/bow_mlp_imdb_os8983tb.pt
Epoch 325/301 | train_loss=0.4636 train_acc=79.98% | val_loss=0.4389 val_acc=84.14% | lr=3.000000e-06
Saved new best model to /tmp/bow_mlp_imdb_os8983tb.pt
Epoch 326/301 | train_loss=0.4673 train_acc=79.60% | val_loss=0.4385 val_acc=84.12% | lr=3.000000e-06
Epoch 327/301 | train_loss=0.4634 train_acc=80.14% | val_loss=0.4379 val_acc=84.10% | lr=3.000000e-06
Epoch 328/301 | train_loss=0.4653 train_acc=79.72% | val_loss=0.4375 val_acc=84.16% | lr=3.000000e-06
Saved new best model to /tmp/bow_mlp_imdb_os8983tb.pt
Epoch 329/301 | train_loss=0.4653 train_acc=79.97% | val_loss=0.4372 val_acc=84.18% | lr=3.000000e-06
Saved new best model to /tmp/bow_mlp_imdb_os8983tb.pt
Epoch 330/301 | train_loss=0.4663 train_acc=79.93% | val_loss=0.4369 val_acc=84.18% | lr=3.000000e-06
Epoch 331/301 | train_loss=0.4654 train_acc=79.93% | val_loss=0.4366 val_acc=84.12% | lr=3.000000e-06
Epoch 332/301 | train_loss=0.4634 train_acc=79.95% | val_loss=0.4362 val_acc=84.20% | lr=3.000000e-06
Saved new best model to /tmp/bow_mlp_imdb_os8983tb.pt
Epoch 333/301 | train_loss=0.4610 train_acc=80.14% | val_loss=0.4356 val_acc=84.26% | lr=3.000000e-06
Saved new best model to /tmp/bow_mlp_imdb_os8983tb.pt
Epoch 334/301 | train_loss=0.4630 train_acc=80.14% | val_loss=0.4352 val_acc=84.22% | lr=3.000000e-06
Epoch 335/301 | train_loss=0.4615 train_acc=80.12% | val_loss=0.4348 val_acc=84.24% | lr=3.000000e-06
Epoch 336/301 | train_loss=0.4611 train_acc=80.25% | val_loss=0.4343 val_acc=84.26% | lr=3.000000e-06
Epoch 337/301 | train_loss=0.4616 train_acc=80.12% | val_loss=0.4339 val_acc=84.26% | lr=3.000000e-06
Epoch 338/301 | train_loss=0.4614 train_acc=80.28% | val_loss=0.4335 val_acc=84.30% | lr=3.000000e-06
Saved new best model to /tmp/bow_mlp_imdb_os8983tb.pt
Epoch 339/301 | train_loss=0.4589 train_acc=80.47% | val_loss=0.4330 val_acc=84.24% | lr=3.000000e-06
Epoch 340/301 | train_loss=0.4636 train_acc=79.77% | val_loss=0.4328 val_acc=84.24% | lr=3.000000e-06
Epoch 341/301 | train_loss=0.4591 train_acc=80.36% | val_loss=0.4324 val_acc=84.22% | lr=3.000000e-06
Epoch 342/301 | train_loss=0.4563 train_acc=80.78% | val_loss=0.4319 val_acc=84.26% | lr=3.000000e-06
Epoch 343/301 | train_loss=0.4609 train_acc=80.12% | val_loss=0.4315 val_acc=84.30% | lr=3.000000e-06
Epoch 344/301 | train_loss=0.4600 train_acc=80.30% | val_loss=0.4313 val_acc=84.28% | lr=3.000000e-06
Epoch 345/301 | train_loss=0.4568 train_acc=80.38% | val_loss=0.4309 val_acc=84.30% | lr=3.000000e-06
Epoch 346/301 | train_loss=0.4586 train_acc=80.31% | val_loss=0.4305 val_acc=84.36% | lr=3.000000e-06
Saved new best model to /tmp/bow_mlp_imdb_os8983tb.pt
Epoch 347/301 | train_loss=0.4605 train_acc=80.42% | val_loss=0.4302 val_acc=84.34% | lr=3.000000e-06
Epoch 348/301 | train_loss=0.4581 train_acc=80.31% | val_loss=0.4299 val_acc=84.34% | lr=3.000000e-06
Epoch 349/301 | train_loss=0.4538 train_acc=80.79% | val_loss=0.4294 val_acc=84.36% | lr=3.000000e-06
Epoch 350/301 | train_loss=0.4553 train_acc=80.66% | val_loss=0.4290 val_acc=84.34% | lr=3.000000e-06
Epoch 351/301 | train_loss=0.4555 train_acc=80.44% | val_loss=0.4286 val_acc=84.36% | lr=3.000000e-06
Epoch 352/301 | train_loss=0.4561 train_acc=80.53% | val_loss=0.4283 val_acc=84.40% | lr=3.000000e-06
Saved new best model to /tmp/bow_mlp_imdb_os8983tb.pt
Epoch 353/301 | train_loss=0.4545 train_acc=80.65% | val_loss=0.4278 val_acc=84.40% | lr=3.000000e-06
Epoch 354/301 | train_loss=0.4545 train_acc=80.56% | val_loss=0.4274 val_acc=84.42% | lr=3.000000e-06
Saved new best model to /tmp/bow_mlp_imdb_os8983tb.pt
Epoch 355/301 | train_loss=0.4541 train_acc=80.48% | val_loss=0.4271 val_acc=84.42% | lr=3.000000e-06
Epoch 356/301 | train_loss=0.4564 train_acc=80.81% | val_loss=0.4267 val_acc=84.46% | lr=3.000000e-06
Saved new best model to /tmp/bow_mlp_imdb_os8983tb.pt
Epoch 357/301 | train_loss=0.4536 train_acc=80.51% | val_loss=0.4264 val_acc=84.42% | lr=3.000000e-06
Epoch 358/301 | train_loss=0.4483 train_acc=80.86% | val_loss=0.4258 val_acc=84.38% | lr=3.000000e-06
Epoch 359/301 | train_loss=0.4533 train_acc=80.84% | val_loss=0.4255 val_acc=84.44% | lr=3.000000e-06
Epoch 360/301 | train_loss=0.4537 train_acc=80.61% | val_loss=0.4250 val_acc=84.42% | lr=3.000000e-06
Epoch 361/301 | train_loss=0.4499 train_acc=80.88% | val_loss=0.4246 val_acc=84.46% | lr=3.000000e-06
Epoch 362/301 | train_loss=0.4523 train_acc=80.84% | val_loss=0.4243 val_acc=84.48% | lr=3.000000e-06
Saved new best model to /tmp/bow_mlp_imdb_os8983tb.pt
Epoch 363/301 | train_loss=0.4472 train_acc=81.14% | val_loss=0.4239 val_acc=84.48% | lr=3.000000e-06
Epoch 364/301 | train_loss=0.4478 train_acc=81.03% | val_loss=0.4235 val_acc=84.48% | lr=3.000000e-06
Epoch 365/301 | train_loss=0.4503 train_acc=81.05% | val_loss=0.4231 val_acc=84.46% | lr=3.000000e-06
Epoch 366/301 | train_loss=0.4474 train_acc=81.05% | val_loss=0.4226 val_acc=84.48% | lr=3.000000e-06
Epoch 367/301 | train_loss=0.4490 train_acc=80.90% | val_loss=0.4223 val_acc=84.48% | lr=3.000000e-06
Epoch 368/301 | train_loss=0.4531 train_acc=80.78% | val_loss=0.4221 val_acc=84.48% | lr=3.000000e-06
Epoch 369/301 | train_loss=0.4491 train_acc=80.73% | val_loss=0.4219 val_acc=84.52% | lr=3.000000e-06
Saved new best model to /tmp/bow_mlp_imdb_os8983tb.pt
Epoch 370/301 | train_loss=0.4477 train_acc=81.27% | val_loss=0.4216 val_acc=84.52% | lr=3.000000e-06
Epoch 371/301 | train_loss=0.4483 train_acc=81.17% | val_loss=0.4212 val_acc=84.52% | lr=3.000000e-06
Epoch 372/301 | train_loss=0.4470 train_acc=81.14% | val_loss=0.4209 val_acc=84.54% | lr=3.000000e-06
Saved new best model to /tmp/bow_mlp_imdb_os8983tb.pt
Epoch 373/301 | train_loss=0.4472 train_acc=81.24% | val_loss=0.4205 val_acc=84.50% | lr=3.000000e-06
Epoch 374/301 | train_loss=0.4459 train_acc=81.36% | val_loss=0.4202 val_acc=84.54% | lr=3.000000e-06
Epoch 375/301 | train_loss=0.4482 train_acc=81.09% | val_loss=0.4198 val_acc=84.50% | lr=3.000000e-06
Epoch 376/301 | train_loss=0.4506 train_acc=81.05% | val_loss=0.4196 val_acc=84.50% | lr=3.000000e-06
Epoch 377/301 | train_loss=0.4440 train_acc=81.22% | val_loss=0.4192 val_acc=84.46% | lr=3.000000e-06
Epoch 378/301 | train_loss=0.4473 train_acc=81.19% | val_loss=0.4188 val_acc=84.48% | lr=3.000000e-06
Epoch 379/301 | train_loss=0.4460 train_acc=80.93% | val_loss=0.4184 val_acc=84.48% | lr=3.000000e-06
Epoch 380/301 | train_loss=0.4471 train_acc=80.78% | val_loss=0.4181 val_acc=84.46% | lr=3.000000e-06
Epoch 381/301 | train_loss=0.4418 train_acc=81.18% | val_loss=0.4178 val_acc=84.50% | lr=3.000000e-06
Epoch 382/301 | train_loss=0.4440 train_acc=81.28% | val_loss=0.4174 val_acc=84.42% | lr=3.000000e-06
Epoch 383/301 | train_loss=0.4426 train_acc=81.38% | val_loss=0.4172 val_acc=84.46% | lr=3.000000e-06
Epoch 384/301 | train_loss=0.4446 train_acc=81.33% | val_loss=0.4169 val_acc=84.52% | lr=3.000000e-06
Epoch 385/301 | train_loss=0.4434 train_acc=81.27% | val_loss=0.4166 val_acc=84.52% | lr=3.000000e-06
Epoch 386/301 | train_loss=0.4417 train_acc=81.51% | val_loss=0.4162 val_acc=84.50% | lr=3.000000e-06
Epoch 387/301 | train_loss=0.4435 train_acc=81.20% | val_loss=0.4159 val_acc=84.42% | lr=3.000000e-06
Epoch 388/301 | train_loss=0.4407 train_acc=81.16% | val_loss=0.4154 val_acc=84.46% | lr=3.000000e-06
Epoch 389/301 | train_loss=0.4408 train_acc=81.33% | val_loss=0.4151 val_acc=84.52% | lr=3.000000e-06
Epoch 390/301 | train_loss=0.4417 train_acc=81.35% | val_loss=0.4147 val_acc=84.50% | lr=3.000000e-06
Epoch 391/301 | train_loss=0.4416 train_acc=81.09% | val_loss=0.4144 val_acc=84.56% | lr=3.000000e-06
Saved new best model to /tmp/bow_mlp_imdb_os8983tb.pt
Epoch 392/301 | train_loss=0.4397 train_acc=81.39% | val_loss=0.4139 val_acc=84.54% | lr=3.000000e-06
Epoch 393/301 | train_loss=0.4398 train_acc=81.31% | val_loss=0.4136 val_acc=84.60% | lr=3.000000e-06
Saved new best model to /tmp/bow_mlp_imdb_os8983tb.pt
Epoch 394/301 | train_loss=0.4418 train_acc=81.18% | val_loss=0.4133 val_acc=84.60% | lr=3.000000e-06
Epoch 395/301 | train_loss=0.4414 train_acc=81.17% | val_loss=0.4131 val_acc=84.58% | lr=3.000000e-06
Epoch 396/301 | train_loss=0.4390 train_acc=81.48% | val_loss=0.4128 val_acc=84.64% | lr=3.000000e-06
Saved new best model to /tmp/bow_mlp_imdb_os8983tb.pt
Epoch 397/301 | train_loss=0.4407 train_acc=81.47% | val_loss=0.4126 val_acc=84.62% | lr=3.000000e-06
Epoch 398/301 | train_loss=0.4362 train_acc=81.66% | val_loss=0.4122 val_acc=84.56% | lr=3.000000e-06
Epoch 399/301 | train_loss=0.4430 train_acc=81.44% | val_loss=0.4120 val_acc=84.58% | lr=3.000000e-06
Epoch 400/301 | train_loss=0.4387 train_acc=81.49% | val_loss=0.4117 val_acc=84.60% | lr=3.000000e-06
Test loss=0.4125 | Test accuracy=84.38%
