Loading IMDb dataset from local disk: /home/daniel/l/masteruppsats/np-reg/language/data/imdb_hf
Using device: cuda
BoW vocab size: 25000
Epoch 1/301 | train_loss=0.6848 train_acc=56.19% | val_loss=0.6720 val_acc=66.50% | lr=1.000000e-05
Saved new best model to /tmp/bow_mlp_imdb_o_mzvzk8.pt
Epoch 2/301 | train_loss=0.6526 train_acc=70.62% | val_loss=0.6355 val_acc=72.12% | lr=1.000000e-05
Saved new best model to /tmp/bow_mlp_imdb_o_mzvzk8.pt
Epoch 3/301 | train_loss=0.6112 train_acc=76.81% | val_loss=0.5958 val_acc=79.16% | lr=1.000000e-05
Saved new best model to /tmp/bow_mlp_imdb_o_mzvzk8.pt
Epoch 4/301 | train_loss=0.5716 train_acc=80.61% | val_loss=0.5615 val_acc=82.04% | lr=1.000000e-05
Saved new best model to /tmp/bow_mlp_imdb_o_mzvzk8.pt
Epoch 5/301 | train_loss=0.5372 train_acc=83.38% | val_loss=0.5320 val_acc=83.20% | lr=1.000000e-05
Saved new best model to /tmp/bow_mlp_imdb_o_mzvzk8.pt
Epoch 6/301 | train_loss=0.5065 train_acc=84.65% | val_loss=0.5063 val_acc=84.46% | lr=1.000000e-05
Saved new best model to /tmp/bow_mlp_imdb_o_mzvzk8.pt
Epoch 7/301 | train_loss=0.4793 train_acc=85.84% | val_loss=0.4837 val_acc=85.18% | lr=1.000000e-05
Saved new best model to /tmp/bow_mlp_imdb_o_mzvzk8.pt
Epoch 8/301 | train_loss=0.4552 train_acc=86.92% | val_loss=0.4638 val_acc=85.90% | lr=1.000000e-05
Saved new best model to /tmp/bow_mlp_imdb_o_mzvzk8.pt
Epoch 9/301 | train_loss=0.4336 train_acc=87.63% | val_loss=0.4461 val_acc=86.40% | lr=1.000000e-05
Saved new best model to /tmp/bow_mlp_imdb_o_mzvzk8.pt
Epoch 10/301 | train_loss=0.4149 train_acc=87.97% | val_loss=0.4306 val_acc=86.66% | lr=1.000000e-05
Saved new best model to /tmp/bow_mlp_imdb_o_mzvzk8.pt
Epoch 11/301 | train_loss=0.3974 train_acc=88.38% | val_loss=0.4167 val_acc=86.92% | lr=1.000000e-05
Saved new best model to /tmp/bow_mlp_imdb_o_mzvzk8.pt
Epoch 12/301 | train_loss=0.3799 train_acc=89.00% | val_loss=0.4040 val_acc=87.20% | lr=1.000000e-05
Saved new best model to /tmp/bow_mlp_imdb_o_mzvzk8.pt
Epoch 13/301 | train_loss=0.3660 train_acc=89.47% | val_loss=0.3928 val_acc=87.32% | lr=1.000000e-05
Saved new best model to /tmp/bow_mlp_imdb_o_mzvzk8.pt
Epoch 14/301 | train_loss=0.3522 train_acc=89.92% | val_loss=0.3826 val_acc=87.40% | lr=1.000000e-05
Saved new best model to /tmp/bow_mlp_imdb_o_mzvzk8.pt
Epoch 15/301 | train_loss=0.3405 train_acc=90.15% | val_loss=0.3735 val_acc=87.80% | lr=1.000000e-05
Saved new best model to /tmp/bow_mlp_imdb_o_mzvzk8.pt
Epoch 16/301 | train_loss=0.3291 train_acc=90.42% | val_loss=0.3650 val_acc=87.92% | lr=1.000000e-05
Saved new best model to /tmp/bow_mlp_imdb_o_mzvzk8.pt
Epoch 17/301 | train_loss=0.3182 train_acc=90.92% | val_loss=0.3574 val_acc=87.92% | lr=1.000000e-05
Epoch 18/301 | train_loss=0.3093 train_acc=91.05% | val_loss=0.3503 val_acc=88.10% | lr=1.000000e-05
Saved new best model to /tmp/bow_mlp_imdb_o_mzvzk8.pt
Epoch 19/301 | train_loss=0.2998 train_acc=91.26% | val_loss=0.3439 val_acc=88.18% | lr=1.000000e-05
Saved new best model to /tmp/bow_mlp_imdb_o_mzvzk8.pt
Epoch 20/301 | train_loss=0.2908 train_acc=91.49% | val_loss=0.3381 val_acc=88.42% | lr=1.000000e-05
Saved new best model to /tmp/bow_mlp_imdb_o_mzvzk8.pt
Epoch 21/301 | train_loss=0.2811 train_acc=91.83% | val_loss=0.3324 val_acc=88.54% | lr=1.000000e-05
Saved new best model to /tmp/bow_mlp_imdb_o_mzvzk8.pt
Epoch 22/301 | train_loss=0.2740 train_acc=92.18% | val_loss=0.3273 val_acc=88.74% | lr=1.000000e-05
Saved new best model to /tmp/bow_mlp_imdb_o_mzvzk8.pt
Epoch 23/301 | train_loss=0.2671 train_acc=92.22% | val_loss=0.3226 val_acc=88.88% | lr=1.000000e-05
Saved new best model to /tmp/bow_mlp_imdb_o_mzvzk8.pt
Epoch 24/301 | train_loss=0.2604 train_acc=92.49% | val_loss=0.3183 val_acc=88.92% | lr=1.000000e-05
Saved new best model to /tmp/bow_mlp_imdb_o_mzvzk8.pt
Epoch 25/301 | train_loss=0.2518 train_acc=92.84% | val_loss=0.3145 val_acc=88.92% | lr=1.000000e-05
Epoch 26/301 | train_loss=0.2462 train_acc=92.81% | val_loss=0.3106 val_acc=88.88% | lr=1.000000e-05
Epoch 27/301 | train_loss=0.2397 train_acc=93.08% | val_loss=0.3068 val_acc=89.04% | lr=1.000000e-05
Saved new best model to /tmp/bow_mlp_imdb_o_mzvzk8.pt
Epoch 28/301 | train_loss=0.2337 train_acc=93.30% | val_loss=0.3036 val_acc=89.14% | lr=1.000000e-05
Saved new best model to /tmp/bow_mlp_imdb_o_mzvzk8.pt
Epoch 29/301 | train_loss=0.2285 train_acc=93.47% | val_loss=0.3005 val_acc=89.16% | lr=1.000000e-05
Saved new best model to /tmp/bow_mlp_imdb_o_mzvzk8.pt
Epoch 30/301 | train_loss=0.2207 train_acc=93.78% | val_loss=0.2975 val_acc=89.22% | lr=1.000000e-05
Saved new best model to /tmp/bow_mlp_imdb_o_mzvzk8.pt
Epoch 31/301 | train_loss=0.2169 train_acc=93.83% | val_loss=0.2948 val_acc=89.08% | lr=1.000000e-05
Epoch 32/301 | train_loss=0.2100 train_acc=94.21% | val_loss=0.2925 val_acc=89.32% | lr=1.000000e-05
Saved new best model to /tmp/bow_mlp_imdb_o_mzvzk8.pt
Epoch 33/301 | train_loss=0.2067 train_acc=94.22% | val_loss=0.2903 val_acc=89.24% | lr=1.000000e-05
Epoch 34/301 | train_loss=0.2013 train_acc=94.43% | val_loss=0.2876 val_acc=89.16% | lr=1.000000e-05
Epoch 35/301 | train_loss=0.1966 train_acc=94.42% | val_loss=0.2861 val_acc=89.28% | lr=1.000000e-05
Epoch 36/301 | train_loss=0.1920 train_acc=94.63% | val_loss=0.2845 val_acc=89.32% | lr=1.000000e-05
Epoch 37/301 | train_loss=0.1874 train_acc=94.78% | val_loss=0.2819 val_acc=89.12% | lr=1.000000e-05
Epoch 38/301 | train_loss=0.1832 train_acc=94.94% | val_loss=0.2811 val_acc=89.42% | lr=1.000000e-05
Saved new best model to /tmp/bow_mlp_imdb_o_mzvzk8.pt
Epoch 39/301 | train_loss=0.1791 train_acc=95.12% | val_loss=0.2786 val_acc=89.22% | lr=1.000000e-05
Epoch 40/301 | train_loss=0.1737 train_acc=95.34% | val_loss=0.2774 val_acc=89.42% | lr=1.000000e-05
Epoch 41/301 | train_loss=0.1704 train_acc=95.39% | val_loss=0.2756 val_acc=89.18% | lr=1.000000e-05
Epoch 42/301 | train_loss=0.1652 train_acc=95.60% | val_loss=0.2744 val_acc=89.22% | lr=1.000000e-05
Epoch 43/301 | train_loss=0.1625 train_acc=95.61% | val_loss=0.2732 val_acc=89.22% | lr=1.000000e-05
Epoch 44/301 | train_loss=0.1586 train_acc=95.74% | val_loss=0.2721 val_acc=89.22% | lr=1.000000e-05
Epoch 45/301 | train_loss=0.1542 train_acc=95.95% | val_loss=0.2714 val_acc=89.22% | lr=1.000000e-05
Epoch 46/301 | train_loss=0.1521 train_acc=95.92% | val_loss=0.2702 val_acc=89.22% | lr=1.000000e-05
Epoch 47/301 | train_loss=0.1481 train_acc=96.20% | val_loss=0.2695 val_acc=89.44% | lr=1.000000e-05
Saved new best model to /tmp/bow_mlp_imdb_o_mzvzk8.pt
Epoch 48/301 | train_loss=0.1445 train_acc=96.25% | val_loss=0.2686 val_acc=89.34% | lr=1.000000e-05
Epoch 49/301 | train_loss=0.1417 train_acc=96.31% | val_loss=0.2678 val_acc=89.22% | lr=1.000000e-05
Epoch 50/301 | train_loss=0.1379 train_acc=96.48% | val_loss=0.2671 val_acc=89.36% | lr=1.000000e-05
Epoch 51/301 | train_loss=0.1352 train_acc=96.60% | val_loss=0.2667 val_acc=89.46% | lr=1.000000e-05
Saved new best model to /tmp/bow_mlp_imdb_o_mzvzk8.pt
Epoch 52/301 | train_loss=0.1326 train_acc=96.62% | val_loss=0.2663 val_acc=89.46% | lr=1.000000e-05
Epoch 53/301 | train_loss=0.1291 train_acc=96.75% | val_loss=0.2659 val_acc=89.50% | lr=1.000000e-05
Saved new best model to /tmp/bow_mlp_imdb_o_mzvzk8.pt
Epoch 54/301 | train_loss=0.1270 train_acc=96.82% | val_loss=0.2654 val_acc=89.30% | lr=1.000000e-05
Epoch 55/301 | train_loss=0.1235 train_acc=96.98% | val_loss=0.2654 val_acc=89.52% | lr=1.000000e-05
Saved new best model to /tmp/bow_mlp_imdb_o_mzvzk8.pt
Epoch 56/301 | train_loss=0.1193 train_acc=97.10% | val_loss=0.2649 val_acc=89.44% | lr=1.000000e-05
Epoch 57/301 | train_loss=0.1179 train_acc=97.19% | val_loss=0.2647 val_acc=89.40% | lr=1.000000e-05
Epoch 58/301 | train_loss=0.1143 train_acc=97.25% | val_loss=0.2647 val_acc=89.40% | lr=1.000000e-05
Epoch 59/301 | train_loss=0.1126 train_acc=97.30% | val_loss=0.2647 val_acc=89.42% | lr=1.000000e-05
Epoch 60/301 | train_loss=0.1096 train_acc=97.44% | val_loss=0.2646 val_acc=89.42% | lr=1.000000e-05
Epoch 61/301 | train_loss=0.1071 train_acc=97.55% | val_loss=0.2647 val_acc=89.44% | lr=1.000000e-05
Epoch 62/301 | train_loss=0.1047 train_acc=97.61% | val_loss=0.2646 val_acc=89.42% | lr=1.000000e-05
Epoch 63/301 | train_loss=0.1024 train_acc=97.59% | val_loss=0.2648 val_acc=89.44% | lr=1.000000e-05
Epoch 64/301 | train_loss=0.0994 train_acc=97.78% | val_loss=0.2650 val_acc=89.44% | lr=1.000000e-05
Epoch 65/301 | train_loss=0.0975 train_acc=97.78% | val_loss=0.2654 val_acc=89.48% | lr=1.000000e-05
Epoch 66/301 | train_loss=0.0951 train_acc=97.94% | val_loss=0.2656 val_acc=89.48% | lr=1.000000e-05
Epoch 67/301 | train_loss=0.0936 train_acc=97.98% | val_loss=0.2663 val_acc=89.50% | lr=1.000000e-05
Epoch 68/301 | train_loss=0.0905 train_acc=98.11% | val_loss=0.2663 val_acc=89.52% | lr=1.000000e-05
Validation loss has not improved for 8 epochs. Stopping training.
Test loss=0.2965 | Test accuracy=88.36%
