Loading IMDb dataset from local disk: /home/daniel/l/masteruppsats/np-reg/language/data/imdb_hf
Using device: cuda
BoW vocab size: 25000
Epoch 1/301 | train_loss=0.5072 train_acc=77.00% | val_loss=0.3690 val_acc=86.24% | lr=3.000000e-05
Saved new best model to /tmp/bow_mlp_imdb_wd2u7oqi.pt
Epoch 2/301 | train_loss=0.2737 train_acc=91.22% | val_loss=0.3018 val_acc=88.46% | lr=3.000000e-05
Saved new best model to /tmp/bow_mlp_imdb_wd2u7oqi.pt
Epoch 3/301 | train_loss=0.1751 train_acc=95.69% | val_loss=0.2791 val_acc=89.02% | lr=3.000000e-05
Saved new best model to /tmp/bow_mlp_imdb_wd2u7oqi.pt
Epoch 4/301 | train_loss=0.1134 train_acc=97.99% | val_loss=0.2619 val_acc=89.14% | lr=3.000000e-05
Saved new best model to /tmp/bow_mlp_imdb_wd2u7oqi.pt
Epoch 5/301 | train_loss=0.0727 train_acc=99.17% | val_loss=0.2568 val_acc=89.22% | lr=3.000000e-05
Saved new best model to /tmp/bow_mlp_imdb_wd2u7oqi.pt
Epoch 6/301 | train_loss=0.0475 train_acc=99.69% | val_loss=0.2570 val_acc=89.40% | lr=3.000000e-05
Saved new best model to /tmp/bow_mlp_imdb_wd2u7oqi.pt
Epoch 7/301 | train_loss=0.0321 train_acc=99.87% | val_loss=0.2582 val_acc=89.30% | lr=3.000000e-05
Epoch 8/301 | train_loss=0.0226 train_acc=99.94% | val_loss=0.2607 val_acc=89.42% | lr=3.000000e-05
Saved new best model to /tmp/bow_mlp_imdb_wd2u7oqi.pt
Epoch 9/301 | train_loss=0.0166 train_acc=99.97% | val_loss=0.2664 val_acc=89.38% | lr=3.000000e-05
Epoch 10/301 | train_loss=0.0126 train_acc=99.98% | val_loss=0.2695 val_acc=89.32% | lr=3.000000e-05
Epoch 11/301 | train_loss=0.0099 train_acc=100.00% | val_loss=0.2739 val_acc=89.32% | lr=3.000000e-05
Epoch 12/301 | train_loss=0.0079 train_acc=100.00% | val_loss=0.2800 val_acc=89.32% | lr=3.000000e-05
Epoch 13/301 | train_loss=0.0065 train_acc=100.00% | val_loss=0.2843 val_acc=89.30% | lr=3.000000e-05
Validation loss has not improved for 8 epochs. Stopping training.
Test loss=0.2963 | Test accuracy=87.69%
