Loading IMDb dataset from local disk: /home/daniel/l/masteruppsats/np-reg/language/data/imdb_hf
Using device: cuda
BoW vocab size: 25000
Epoch 1/301 | train_loss=6.9152 train_acc=52.77% | val_loss=0.6666 val_acc=68.18% | lr=1.000000e-05
Saved new best model to /tmp/bow_mlp_imdb_xdvjlarj.pt
Epoch 2/301 | train_loss=2.7418 train_acc=76.50% | val_loss=0.6288 val_acc=76.04% | lr=1.000000e-05
Saved new best model to /tmp/bow_mlp_imdb_xdvjlarj.pt
Epoch 3/301 | train_loss=1.2214 train_acc=82.99% | val_loss=0.5883 val_acc=81.28% | lr=1.000000e-05
Saved new best model to /tmp/bow_mlp_imdb_xdvjlarj.pt
Epoch 4/301 | train_loss=0.7924 train_acc=85.28% | val_loss=0.5476 val_acc=84.72% | lr=1.000000e-05
Saved new best model to /tmp/bow_mlp_imdb_xdvjlarj.pt
Epoch 5/301 | train_loss=0.6858 train_acc=86.58% | val_loss=0.5122 val_acc=85.82% | lr=1.000000e-05
Saved new best model to /tmp/bow_mlp_imdb_xdvjlarj.pt
Epoch 6/301 | train_loss=0.6376 train_acc=87.63% | val_loss=0.4807 val_acc=86.44% | lr=1.000000e-05
Saved new best model to /tmp/bow_mlp_imdb_xdvjlarj.pt
Epoch 7/301 | train_loss=0.5980 train_acc=88.41% | val_loss=0.4538 val_acc=87.22% | lr=1.000000e-05
Saved new best model to /tmp/bow_mlp_imdb_xdvjlarj.pt
Epoch 8/301 | train_loss=0.5623 train_acc=89.05% | val_loss=0.4308 val_acc=87.40% | lr=1.000000e-05
Saved new best model to /tmp/bow_mlp_imdb_xdvjlarj.pt
Epoch 9/301 | train_loss=0.5296 train_acc=89.62% | val_loss=0.4107 val_acc=87.72% | lr=1.000000e-05
Saved new best model to /tmp/bow_mlp_imdb_xdvjlarj.pt
Epoch 10/301 | train_loss=0.5000 train_acc=90.09% | val_loss=0.3935 val_acc=87.92% | lr=1.000000e-05
Saved new best model to /tmp/bow_mlp_imdb_xdvjlarj.pt
Epoch 11/301 | train_loss=0.4731 train_acc=90.55% | val_loss=0.3786 val_acc=88.14% | lr=1.000000e-05
Saved new best model to /tmp/bow_mlp_imdb_xdvjlarj.pt
Epoch 12/301 | train_loss=0.4488 train_acc=90.90% | val_loss=0.3657 val_acc=87.98% | lr=1.000000e-05
Epoch 13/301 | train_loss=0.4267 train_acc=91.27% | val_loss=0.3542 val_acc=88.32% | lr=1.000000e-05
Saved new best model to /tmp/bow_mlp_imdb_xdvjlarj.pt
Epoch 14/301 | train_loss=0.4068 train_acc=91.62% | val_loss=0.3442 val_acc=88.60% | lr=1.000000e-05
Saved new best model to /tmp/bow_mlp_imdb_xdvjlarj.pt
Epoch 15/301 | train_loss=0.3886 train_acc=92.00% | val_loss=0.3359 val_acc=88.58% | lr=1.000000e-05
Epoch 16/301 | train_loss=0.3720 train_acc=92.34% | val_loss=0.3277 val_acc=88.70% | lr=1.000000e-05
Saved new best model to /tmp/bow_mlp_imdb_xdvjlarj.pt
Epoch 17/301 | train_loss=0.3566 train_acc=92.58% | val_loss=0.3220 val_acc=88.80% | lr=1.000000e-05
Saved new best model to /tmp/bow_mlp_imdb_xdvjlarj.pt
Epoch 18/301 | train_loss=0.3427 train_acc=92.97% | val_loss=0.3142 val_acc=88.90% | lr=1.000000e-05
Saved new best model to /tmp/bow_mlp_imdb_xdvjlarj.pt
Epoch 19/301 | train_loss=0.3295 train_acc=93.16% | val_loss=0.3084 val_acc=89.00% | lr=1.000000e-05
Saved new best model to /tmp/bow_mlp_imdb_xdvjlarj.pt
Epoch 20/301 | train_loss=0.3173 train_acc=93.44% | val_loss=0.3033 val_acc=89.00% | lr=1.000000e-05
Epoch 21/301 | train_loss=0.3058 train_acc=93.66% | val_loss=0.2993 val_acc=89.08% | lr=1.000000e-05
Saved new best model to /tmp/bow_mlp_imdb_xdvjlarj.pt
Epoch 22/301 | train_loss=0.2952 train_acc=93.92% | val_loss=0.2943 val_acc=89.32% | lr=1.000000e-05
Saved new best model to /tmp/bow_mlp_imdb_xdvjlarj.pt
Epoch 23/301 | train_loss=0.2851 train_acc=94.16% | val_loss=0.2905 val_acc=89.34% | lr=1.000000e-05
Saved new best model to /tmp/bow_mlp_imdb_xdvjlarj.pt
Epoch 24/301 | train_loss=0.2756 train_acc=94.39% | val_loss=0.2873 val_acc=89.36% | lr=1.000000e-05
Saved new best model to /tmp/bow_mlp_imdb_xdvjlarj.pt
Epoch 25/301 | train_loss=0.2665 train_acc=94.64% | val_loss=0.2838 val_acc=89.40% | lr=1.000000e-05
Saved new best model to /tmp/bow_mlp_imdb_xdvjlarj.pt
Epoch 26/301 | train_loss=0.2580 train_acc=94.92% | val_loss=0.2821 val_acc=89.24% | lr=1.000000e-05
Epoch 27/301 | train_loss=0.2499 train_acc=95.14% | val_loss=0.2784 val_acc=89.38% | lr=1.000000e-05
Epoch 28/301 | train_loss=0.2421 train_acc=95.34% | val_loss=0.2760 val_acc=89.40% | lr=1.000000e-05
Epoch 29/301 | train_loss=0.2347 train_acc=95.55% | val_loss=0.2738 val_acc=89.46% | lr=1.000000e-05
Saved new best model to /tmp/bow_mlp_imdb_xdvjlarj.pt
Epoch 30/301 | train_loss=0.2275 train_acc=95.71% | val_loss=0.2720 val_acc=89.44% | lr=1.000000e-05
Epoch 31/301 | train_loss=0.2208 train_acc=95.89% | val_loss=0.2707 val_acc=89.36% | lr=1.000000e-05
Epoch 32/301 | train_loss=0.2142 train_acc=96.08% | val_loss=0.2700 val_acc=89.48% | lr=1.000000e-05
Saved new best model to /tmp/bow_mlp_imdb_xdvjlarj.pt
Epoch 33/301 | train_loss=0.2079 train_acc=96.27% | val_loss=0.2673 val_acc=89.52% | lr=1.000000e-05
Saved new best model to /tmp/bow_mlp_imdb_xdvjlarj.pt
Epoch 34/301 | train_loss=0.2017 train_acc=96.51% | val_loss=0.2661 val_acc=89.48% | lr=1.000000e-05
Epoch 35/301 | train_loss=0.1959 train_acc=96.58% | val_loss=0.2674 val_acc=89.54% | lr=1.000000e-05
Saved new best model to /tmp/bow_mlp_imdb_xdvjlarj.pt
Epoch 36/301 | train_loss=0.1902 train_acc=96.71% | val_loss=0.2662 val_acc=89.44% | lr=1.000000e-05
Epoch 37/301 | train_loss=0.1849 train_acc=96.90% | val_loss=0.2637 val_acc=89.64% | lr=1.000000e-05
Saved new best model to /tmp/bow_mlp_imdb_xdvjlarj.pt
Epoch 38/301 | train_loss=0.1796 train_acc=97.00% | val_loss=0.2645 val_acc=89.52% | lr=1.000000e-05
Epoch 39/301 | train_loss=0.1746 train_acc=97.15% | val_loss=0.2627 val_acc=89.58% | lr=1.000000e-05
Epoch 40/301 | train_loss=0.1697 train_acc=97.31% | val_loss=0.2627 val_acc=89.46% | lr=1.000000e-05
Epoch 41/301 | train_loss=0.1649 train_acc=97.45% | val_loss=0.2620 val_acc=89.60% | lr=1.000000e-05
Epoch 42/301 | train_loss=0.1603 train_acc=97.55% | val_loss=0.2619 val_acc=89.58% | lr=1.000000e-05
Epoch 43/301 | train_loss=0.1558 train_acc=97.67% | val_loss=0.2619 val_acc=89.58% | lr=1.000000e-05
Epoch 44/301 | train_loss=0.1516 train_acc=97.77% | val_loss=0.2622 val_acc=89.62% | lr=1.000000e-05
Epoch 45/301 | train_loss=0.1473 train_acc=97.88% | val_loss=0.2629 val_acc=89.58% | lr=1.000000e-05
Epoch 46/301 | train_loss=0.1433 train_acc=98.01% | val_loss=0.2626 val_acc=89.46% | lr=1.000000e-05
Epoch 47/301 | train_loss=0.1394 train_acc=98.07% | val_loss=0.2631 val_acc=89.42% | lr=1.000000e-05
Epoch 48/301 | train_loss=0.1355 train_acc=98.23% | val_loss=0.2640 val_acc=89.42% | lr=1.000000e-05
Epoch 49/301 | train_loss=0.1317 train_acc=98.28% | val_loss=0.2643 val_acc=89.38% | lr=1.000000e-05
Epoch 50/301 | train_loss=0.1281 train_acc=98.35% | val_loss=0.2650 val_acc=89.38% | lr=1.000000e-05
Epoch 51/301 | train_loss=0.1245 train_acc=98.45% | val_loss=0.2664 val_acc=89.40% | lr=1.000000e-05
Validation loss has not improved for 8 epochs. Stopping training.
Test loss=0.2919 | Test accuracy=88.52%
