Loading IMDb dataset from local disk: /home/daniel/l/masteruppsats/np-reg/language/data/imdb_hf
Using device: cuda
BoW vocab size: 25000
Epoch 1/301 | train_loss=0.6403 train_acc=68.51% | val_loss=0.5695 val_acc=81.34% | lr=3.000000e-05
Saved new best model to /tmp/bow_mlp_imdb_q6domf6t.pt
Epoch 2/301 | train_loss=0.5109 train_acc=83.00% | val_loss=0.4680 val_acc=85.60% | lr=3.000000e-05
Saved new best model to /tmp/bow_mlp_imdb_q6domf6t.pt
Epoch 3/301 | train_loss=0.4192 train_acc=87.15% | val_loss=0.4056 val_acc=86.78% | lr=3.000000e-05
Saved new best model to /tmp/bow_mlp_imdb_q6domf6t.pt
Epoch 4/301 | train_loss=0.3590 train_acc=88.77% | val_loss=0.3648 val_acc=87.84% | lr=3.000000e-05
Saved new best model to /tmp/bow_mlp_imdb_q6domf6t.pt
Epoch 5/301 | train_loss=0.3150 train_acc=90.20% | val_loss=0.3379 val_acc=88.38% | lr=3.000000e-05
Saved new best model to /tmp/bow_mlp_imdb_q6domf6t.pt
Epoch 6/301 | train_loss=0.2835 train_acc=91.34% | val_loss=0.3191 val_acc=88.84% | lr=3.000000e-05
Saved new best model to /tmp/bow_mlp_imdb_q6domf6t.pt
Epoch 7/301 | train_loss=0.2565 train_acc=92.05% | val_loss=0.3051 val_acc=88.98% | lr=3.000000e-05
Saved new best model to /tmp/bow_mlp_imdb_q6domf6t.pt
Epoch 8/301 | train_loss=0.2354 train_acc=92.83% | val_loss=0.2959 val_acc=88.94% | lr=3.000000e-05
Epoch 9/301 | train_loss=0.2143 train_acc=93.59% | val_loss=0.2858 val_acc=89.22% | lr=3.000000e-05
Saved new best model to /tmp/bow_mlp_imdb_q6domf6t.pt
Epoch 10/301 | train_loss=0.1967 train_acc=94.26% | val_loss=0.2801 val_acc=89.12% | lr=3.000000e-05
Epoch 11/301 | train_loss=0.1817 train_acc=94.83% | val_loss=0.2747 val_acc=89.26% | lr=3.000000e-05
Saved new best model to /tmp/bow_mlp_imdb_q6domf6t.pt
Epoch 12/301 | train_loss=0.1660 train_acc=95.24% | val_loss=0.2707 val_acc=89.36% | lr=3.000000e-05
Saved new best model to /tmp/bow_mlp_imdb_q6domf6t.pt
Epoch 13/301 | train_loss=0.1541 train_acc=95.75% | val_loss=0.2683 val_acc=89.48% | lr=3.000000e-05
Saved new best model to /tmp/bow_mlp_imdb_q6domf6t.pt
Epoch 14/301 | train_loss=0.1425 train_acc=96.12% | val_loss=0.2667 val_acc=89.58% | lr=3.000000e-05
Saved new best model to /tmp/bow_mlp_imdb_q6domf6t.pt
Epoch 15/301 | train_loss=0.1319 train_acc=96.50% | val_loss=0.2671 val_acc=89.50% | lr=3.000000e-05
Epoch 16/301 | train_loss=0.1213 train_acc=96.84% | val_loss=0.2657 val_acc=89.64% | lr=3.000000e-05
Saved new best model to /tmp/bow_mlp_imdb_q6domf6t.pt
Epoch 17/301 | train_loss=0.1115 train_acc=97.20% | val_loss=0.2672 val_acc=89.58% | lr=3.000000e-05
Epoch 18/301 | train_loss=0.1022 train_acc=97.56% | val_loss=0.2668 val_acc=89.64% | lr=3.000000e-05
Epoch 19/301 | train_loss=0.0960 train_acc=97.74% | val_loss=0.2681 val_acc=89.44% | lr=3.000000e-05
Epoch 20/301 | train_loss=0.0879 train_acc=97.93% | val_loss=0.2702 val_acc=89.44% | lr=3.000000e-05
Epoch 21/301 | train_loss=0.0805 train_acc=98.33% | val_loss=0.2740 val_acc=89.24% | lr=3.000000e-05
Epoch 22/301 | train_loss=0.0744 train_acc=98.46% | val_loss=0.2760 val_acc=89.26% | lr=3.000000e-05
Epoch 23/301 | train_loss=0.0680 train_acc=98.63% | val_loss=0.2789 val_acc=89.26% | lr=3.000000e-05
Epoch 24/301 | train_loss=0.0630 train_acc=98.81% | val_loss=0.2844 val_acc=89.12% | lr=3.000000e-05
Validation loss has not improved for 8 epochs. Stopping training.
Test loss=0.2966 | Test accuracy=88.38%
