Loading IMDb dataset from local disk: /home/daniel/l/masteruppsats/np-reg/language/data/imdb_hf
Using device: cuda
BoW vocab size: 25000
Epoch 1/301 | train_loss=0.6188 train_acc=72.17% | val_loss=0.5327 val_acc=83.02% | lr=3.000000e-05
Saved new best model to /tmp/bow_mlp_imdb_100wo66u.pt
Epoch 2/301 | train_loss=0.4626 train_acc=86.06% | val_loss=0.4274 val_acc=86.50% | lr=3.000000e-05
Saved new best model to /tmp/bow_mlp_imdb_100wo66u.pt
Epoch 3/301 | train_loss=0.3683 train_acc=89.09% | val_loss=0.3708 val_acc=87.58% | lr=3.000000e-05
Saved new best model to /tmp/bow_mlp_imdb_100wo66u.pt
Epoch 4/301 | train_loss=0.3080 train_acc=90.78% | val_loss=0.3335 val_acc=88.38% | lr=3.000000e-05
Saved new best model to /tmp/bow_mlp_imdb_100wo66u.pt
Epoch 5/301 | train_loss=0.2659 train_acc=92.09% | val_loss=0.3109 val_acc=88.84% | lr=3.000000e-05
Saved new best model to /tmp/bow_mlp_imdb_100wo66u.pt
Epoch 6/301 | train_loss=0.2341 train_acc=93.16% | val_loss=0.2953 val_acc=89.08% | lr=3.000000e-05
Saved new best model to /tmp/bow_mlp_imdb_100wo66u.pt
Epoch 7/301 | train_loss=0.2068 train_acc=94.01% | val_loss=0.2847 val_acc=89.40% | lr=3.000000e-05
Saved new best model to /tmp/bow_mlp_imdb_100wo66u.pt
Epoch 8/301 | train_loss=0.1853 train_acc=94.73% | val_loss=0.2773 val_acc=89.02% | lr=3.000000e-05
Epoch 9/301 | train_loss=0.1664 train_acc=95.52% | val_loss=0.2711 val_acc=89.32% | lr=3.000000e-05
Epoch 10/301 | train_loss=0.1499 train_acc=96.07% | val_loss=0.2677 val_acc=89.36% | lr=3.000000e-05
Epoch 11/301 | train_loss=0.1353 train_acc=96.51% | val_loss=0.2652 val_acc=89.42% | lr=3.000000e-05
Saved new best model to /tmp/bow_mlp_imdb_100wo66u.pt
Epoch 12/301 | train_loss=0.1221 train_acc=97.08% | val_loss=0.2640 val_acc=89.44% | lr=3.000000e-05
Saved new best model to /tmp/bow_mlp_imdb_100wo66u.pt
Epoch 13/301 | train_loss=0.1105 train_acc=97.45% | val_loss=0.2645 val_acc=89.36% | lr=3.000000e-05
Epoch 14/301 | train_loss=0.1001 train_acc=97.72% | val_loss=0.2657 val_acc=89.46% | lr=3.000000e-05
Saved new best model to /tmp/bow_mlp_imdb_100wo66u.pt
Epoch 15/301 | train_loss=0.0907 train_acc=98.13% | val_loss=0.2704 val_acc=89.24% | lr=3.000000e-05
Epoch 16/301 | train_loss=0.0821 train_acc=98.38% | val_loss=0.2702 val_acc=89.24% | lr=3.000000e-05
Epoch 17/301 | train_loss=0.0741 train_acc=98.59% | val_loss=0.2749 val_acc=89.26% | lr=3.000000e-05
Epoch 18/301 | train_loss=0.0668 train_acc=98.87% | val_loss=0.2772 val_acc=89.20% | lr=3.000000e-05
Epoch 19/301 | train_loss=0.0607 train_acc=99.00% | val_loss=0.2808 val_acc=89.16% | lr=3.000000e-05
Epoch 20/301 | train_loss=0.0547 train_acc=99.11% | val_loss=0.2852 val_acc=89.08% | lr=3.000000e-05
Validation loss has not improved for 8 epochs. Stopping training.
Test loss=0.3025 | Test accuracy=88.11%
