Loading IMDb dataset from local disk: /home/daniel/l/masteruppsats/np-reg/language/data/imdb_hf
Using device: cuda
BoW vocab size: 25000
Epoch 1/301 | train_loss=0.5335 train_acc=75.37% | val_loss=0.4055 val_acc=84.90% | lr=1.000000e-05
Saved new best model to /tmp/bow_mlp_imdb_cfwypc8p.pt
Epoch 2/301 | train_loss=0.3218 train_acc=89.39% | val_loss=0.3291 val_acc=87.72% | lr=1.000000e-05
Saved new best model to /tmp/bow_mlp_imdb_cfwypc8p.pt
Epoch 3/301 | train_loss=0.2286 train_acc=93.45% | val_loss=0.2985 val_acc=88.56% | lr=1.000000e-05
Saved new best model to /tmp/bow_mlp_imdb_cfwypc8p.pt
Epoch 4/301 | train_loss=0.1665 train_acc=96.03% | val_loss=0.2774 val_acc=89.06% | lr=1.000000e-05
Saved new best model to /tmp/bow_mlp_imdb_cfwypc8p.pt
Epoch 5/301 | train_loss=0.1196 train_acc=97.73% | val_loss=0.2633 val_acc=89.10% | lr=1.000000e-05
Saved new best model to /tmp/bow_mlp_imdb_cfwypc8p.pt
Epoch 6/301 | train_loss=0.0841 train_acc=98.91% | val_loss=0.2572 val_acc=89.28% | lr=1.000000e-05
Saved new best model to /tmp/bow_mlp_imdb_cfwypc8p.pt
Epoch 7/301 | train_loss=0.0584 train_acc=99.43% | val_loss=0.2551 val_acc=89.40% | lr=1.000000e-05
Saved new best model to /tmp/bow_mlp_imdb_cfwypc8p.pt
Epoch 8/301 | train_loss=0.0401 train_acc=99.72% | val_loss=0.2555 val_acc=89.60% | lr=1.000000e-05
Saved new best model to /tmp/bow_mlp_imdb_cfwypc8p.pt
Epoch 9/301 | train_loss=0.0275 train_acc=99.88% | val_loss=0.2586 val_acc=89.56% | lr=1.000000e-05
Epoch 10/301 | train_loss=0.0189 train_acc=99.94% | val_loss=0.2626 val_acc=89.44% | lr=1.000000e-05
Epoch 11/301 | train_loss=0.0131 train_acc=99.95% | val_loss=0.2681 val_acc=89.52% | lr=1.000000e-05
Epoch 12/301 | train_loss=0.0091 train_acc=99.98% | val_loss=0.2756 val_acc=89.46% | lr=1.000000e-05
Epoch 13/301 | train_loss=0.0065 train_acc=100.00% | val_loss=0.2828 val_acc=89.44% | lr=1.000000e-05
Epoch 14/301 | train_loss=0.0046 train_acc=100.00% | val_loss=0.2943 val_acc=89.24% | lr=1.000000e-05
Epoch 15/301 | train_loss=0.0033 train_acc=100.00% | val_loss=0.3066 val_acc=89.18% | lr=1.000000e-05
Validation loss has not improved for 8 epochs. Stopping training.
Test loss=0.2882 | Test accuracy=87.66%
