Loading IMDb dataset from local disk: /home/daniel/l/masteruppsats/np-reg/language/data/imdb_hf
Using device: cuda
BoW vocab size: 25000
W0421 19:32:15.581000 1313149 site-packages/torch/_inductor/utils.py:1679] [0/0] Not enough SMs to use max_autotune_gemm mode
Epoch 1/301 | train_loss=0.6900 train_acc=52.84% | val_loss=0.6831 val_acc=58.64% | lr=3.000000e-06
Saved new best model to /tmp/bow_mlp_imdb_585eh6ws.pt
Epoch 2/301 | train_loss=0.6756 train_acc=62.51% | val_loss=0.6673 val_acc=65.78% | lr=3.000000e-06
Saved new best model to /tmp/bow_mlp_imdb_585eh6ws.pt
Epoch 3/301 | train_loss=0.6554 train_acc=68.36% | val_loss=0.6468 val_acc=72.30% | lr=3.000000e-06
Saved new best model to /tmp/bow_mlp_imdb_585eh6ws.pt
Epoch 4/301 | train_loss=0.6340 train_acc=73.20% | val_loss=0.6252 val_acc=76.54% | lr=3.000000e-06
Saved new best model to /tmp/bow_mlp_imdb_585eh6ws.pt
Epoch 5/301 | train_loss=0.6115 train_acc=76.25% | val_loss=0.6048 val_acc=78.08% | lr=3.000000e-06
Saved new best model to /tmp/bow_mlp_imdb_585eh6ws.pt
Epoch 6/301 | train_loss=0.5901 train_acc=78.55% | val_loss=0.5852 val_acc=80.20% | lr=3.000000e-06
Saved new best model to /tmp/bow_mlp_imdb_585eh6ws.pt
Epoch 7/301 | train_loss=0.5709 train_acc=80.15% | val_loss=0.5674 val_acc=81.28% | lr=3.000000e-06
Saved new best model to /tmp/bow_mlp_imdb_585eh6ws.pt
Epoch 8/301 | train_loss=0.5524 train_acc=81.45% | val_loss=0.5508 val_acc=82.40% | lr=3.000000e-06
Saved new best model to /tmp/bow_mlp_imdb_585eh6ws.pt
Epoch 9/301 | train_loss=0.5359 train_acc=82.54% | val_loss=0.5354 val_acc=83.00% | lr=3.000000e-06
Saved new best model to /tmp/bow_mlp_imdb_585eh6ws.pt
Epoch 10/301 | train_loss=0.5187 train_acc=83.45% | val_loss=0.5206 val_acc=83.54% | lr=3.000000e-06
Saved new best model to /tmp/bow_mlp_imdb_585eh6ws.pt
Epoch 11/301 | train_loss=0.5042 train_acc=84.08% | val_loss=0.5069 val_acc=84.40% | lr=3.000000e-06
Saved new best model to /tmp/bow_mlp_imdb_585eh6ws.pt
Epoch 12/301 | train_loss=0.4893 train_acc=84.89% | val_loss=0.4940 val_acc=84.76% | lr=3.000000e-06
Saved new best model to /tmp/bow_mlp_imdb_585eh6ws.pt
Epoch 13/301 | train_loss=0.4759 train_acc=85.50% | val_loss=0.4819 val_acc=85.18% | lr=3.000000e-06
Saved new best model to /tmp/bow_mlp_imdb_585eh6ws.pt
Epoch 14/301 | train_loss=0.4623 train_acc=85.79% | val_loss=0.4706 val_acc=85.62% | lr=3.000000e-06
Saved new best model to /tmp/bow_mlp_imdb_585eh6ws.pt
Epoch 15/301 | train_loss=0.4500 train_acc=86.36% | val_loss=0.4600 val_acc=85.88% | lr=3.000000e-06
Saved new best model to /tmp/bow_mlp_imdb_585eh6ws.pt
Epoch 16/301 | train_loss=0.4388 train_acc=86.78% | val_loss=0.4499 val_acc=85.94% | lr=3.000000e-06
Saved new best model to /tmp/bow_mlp_imdb_585eh6ws.pt
Epoch 17/301 | train_loss=0.4274 train_acc=87.17% | val_loss=0.4405 val_acc=86.34% | lr=3.000000e-06
Saved new best model to /tmp/bow_mlp_imdb_585eh6ws.pt
Epoch 18/301 | train_loss=0.4180 train_acc=87.41% | val_loss=0.4316 val_acc=86.50% | lr=3.000000e-06
Saved new best model to /tmp/bow_mlp_imdb_585eh6ws.pt
Epoch 19/301 | train_loss=0.4067 train_acc=88.03% | val_loss=0.4233 val_acc=86.62% | lr=3.000000e-06
Saved new best model to /tmp/bow_mlp_imdb_585eh6ws.pt
Epoch 20/301 | train_loss=0.3968 train_acc=88.02% | val_loss=0.4154 val_acc=86.64% | lr=3.000000e-06
Saved new best model to /tmp/bow_mlp_imdb_585eh6ws.pt
Epoch 21/301 | train_loss=0.3893 train_acc=88.17% | val_loss=0.4080 val_acc=86.94% | lr=3.000000e-06
Saved new best model to /tmp/bow_mlp_imdb_585eh6ws.pt
Epoch 22/301 | train_loss=0.3802 train_acc=88.48% | val_loss=0.4010 val_acc=87.14% | lr=3.000000e-06
Saved new best model to /tmp/bow_mlp_imdb_585eh6ws.pt
Epoch 23/301 | train_loss=0.3724 train_acc=88.68% | val_loss=0.3945 val_acc=87.30% | lr=3.000000e-06
Saved new best model to /tmp/bow_mlp_imdb_585eh6ws.pt
Epoch 24/301 | train_loss=0.3636 train_acc=89.03% | val_loss=0.3882 val_acc=87.30% | lr=3.000000e-06
Epoch 25/301 | train_loss=0.3579 train_acc=89.11% | val_loss=0.3825 val_acc=87.30% | lr=3.000000e-06
Epoch 26/301 | train_loss=0.3498 train_acc=89.23% | val_loss=0.3769 val_acc=87.60% | lr=3.000000e-06
Saved new best model to /tmp/bow_mlp_imdb_585eh6ws.pt
Epoch 27/301 | train_loss=0.3428 train_acc=89.55% | val_loss=0.3716 val_acc=87.62% | lr=3.000000e-06
Saved new best model to /tmp/bow_mlp_imdb_585eh6ws.pt
Epoch 28/301 | train_loss=0.3374 train_acc=89.61% | val_loss=0.3667 val_acc=87.70% | lr=3.000000e-06
Saved new best model to /tmp/bow_mlp_imdb_585eh6ws.pt
Epoch 29/301 | train_loss=0.3306 train_acc=89.92% | val_loss=0.3621 val_acc=87.76% | lr=3.000000e-06
Saved new best model to /tmp/bow_mlp_imdb_585eh6ws.pt
Epoch 30/301 | train_loss=0.3253 train_acc=89.92% | val_loss=0.3576 val_acc=87.84% | lr=3.000000e-06
Saved new best model to /tmp/bow_mlp_imdb_585eh6ws.pt
Epoch 31/301 | train_loss=0.3193 train_acc=90.25% | val_loss=0.3535 val_acc=88.00% | lr=3.000000e-06
Saved new best model to /tmp/bow_mlp_imdb_585eh6ws.pt
Epoch 32/301 | train_loss=0.3146 train_acc=90.50% | val_loss=0.3495 val_acc=87.92% | lr=3.000000e-06
Epoch 33/301 | train_loss=0.3077 train_acc=90.79% | val_loss=0.3458 val_acc=87.96% | lr=3.000000e-06
Epoch 34/301 | train_loss=0.3032 train_acc=90.70% | val_loss=0.3420 val_acc=88.32% | lr=3.000000e-06
Saved new best model to /tmp/bow_mlp_imdb_585eh6ws.pt
Epoch 35/301 | train_loss=0.2967 train_acc=91.00% | val_loss=0.3387 val_acc=88.18% | lr=3.000000e-06
Epoch 36/301 | train_loss=0.2942 train_acc=91.00% | val_loss=0.3355 val_acc=88.20% | lr=3.000000e-06
Epoch 37/301 | train_loss=0.2889 train_acc=91.09% | val_loss=0.3321 val_acc=88.38% | lr=3.000000e-06
Saved new best model to /tmp/bow_mlp_imdb_585eh6ws.pt
Epoch 38/301 | train_loss=0.2842 train_acc=91.36% | val_loss=0.3296 val_acc=88.46% | lr=3.000000e-06
Saved new best model to /tmp/bow_mlp_imdb_585eh6ws.pt
Epoch 39/301 | train_loss=0.2787 train_acc=91.59% | val_loss=0.3262 val_acc=88.54% | lr=3.000000e-06
Saved new best model to /tmp/bow_mlp_imdb_585eh6ws.pt
Epoch 40/301 | train_loss=0.2760 train_acc=91.59% | val_loss=0.3236 val_acc=88.68% | lr=3.000000e-06
Saved new best model to /tmp/bow_mlp_imdb_585eh6ws.pt
Epoch 41/301 | train_loss=0.2705 train_acc=91.70% | val_loss=0.3209 val_acc=88.72% | lr=3.000000e-06
Saved new best model to /tmp/bow_mlp_imdb_585eh6ws.pt
Epoch 42/301 | train_loss=0.2675 train_acc=91.92% | val_loss=0.3183 val_acc=88.68% | lr=3.000000e-06
Epoch 43/301 | train_loss=0.2626 train_acc=91.90% | val_loss=0.3158 val_acc=88.76% | lr=3.000000e-06
Saved new best model to /tmp/bow_mlp_imdb_585eh6ws.pt
Epoch 44/301 | train_loss=0.2599 train_acc=92.01% | val_loss=0.3135 val_acc=88.80% | lr=3.000000e-06
Saved new best model to /tmp/bow_mlp_imdb_585eh6ws.pt
Epoch 45/301 | train_loss=0.2549 train_acc=92.41% | val_loss=0.3114 val_acc=88.80% | lr=3.000000e-06
Epoch 46/301 | train_loss=0.2514 train_acc=92.38% | val_loss=0.3091 val_acc=88.84% | lr=3.000000e-06
Saved new best model to /tmp/bow_mlp_imdb_585eh6ws.pt
Epoch 47/301 | train_loss=0.2471 train_acc=92.53% | val_loss=0.3072 val_acc=88.90% | lr=3.000000e-06
Saved new best model to /tmp/bow_mlp_imdb_585eh6ws.pt
Epoch 48/301 | train_loss=0.2451 train_acc=92.53% | val_loss=0.3051 val_acc=88.88% | lr=3.000000e-06
Epoch 49/301 | train_loss=0.2405 train_acc=92.74% | val_loss=0.3032 val_acc=88.96% | lr=3.000000e-06
Saved new best model to /tmp/bow_mlp_imdb_585eh6ws.pt
Epoch 50/301 | train_loss=0.2378 train_acc=92.76% | val_loss=0.3014 val_acc=88.96% | lr=3.000000e-06
Epoch 51/301 | train_loss=0.2334 train_acc=93.05% | val_loss=0.2996 val_acc=89.02% | lr=3.000000e-06
Saved new best model to /tmp/bow_mlp_imdb_585eh6ws.pt
Epoch 52/301 | train_loss=0.2302 train_acc=93.17% | val_loss=0.2979 val_acc=89.00% | lr=3.000000e-06
Epoch 53/301 | train_loss=0.2284 train_acc=92.95% | val_loss=0.2963 val_acc=89.04% | lr=3.000000e-06
Saved new best model to /tmp/bow_mlp_imdb_585eh6ws.pt
Epoch 54/301 | train_loss=0.2252 train_acc=93.26% | val_loss=0.2947 val_acc=89.04% | lr=3.000000e-06
Epoch 55/301 | train_loss=0.2228 train_acc=93.17% | val_loss=0.2933 val_acc=89.10% | lr=3.000000e-06
Saved new best model to /tmp/bow_mlp_imdb_585eh6ws.pt
Epoch 56/301 | train_loss=0.2183 train_acc=93.48% | val_loss=0.2918 val_acc=89.14% | lr=3.000000e-06
Saved new best model to /tmp/bow_mlp_imdb_585eh6ws.pt
Epoch 57/301 | train_loss=0.2158 train_acc=93.49% | val_loss=0.2904 val_acc=89.16% | lr=3.000000e-06
Saved new best model to /tmp/bow_mlp_imdb_585eh6ws.pt
Epoch 58/301 | train_loss=0.2122 train_acc=93.69% | val_loss=0.2890 val_acc=89.26% | lr=3.000000e-06
Saved new best model to /tmp/bow_mlp_imdb_585eh6ws.pt
Epoch 59/301 | train_loss=0.2101 train_acc=93.75% | val_loss=0.2877 val_acc=89.18% | lr=3.000000e-06
Epoch 60/301 | train_loss=0.2066 train_acc=93.83% | val_loss=0.2865 val_acc=89.26% | lr=3.000000e-06
Epoch 61/301 | train_loss=0.2045 train_acc=93.82% | val_loss=0.2853 val_acc=89.30% | lr=3.000000e-06
Saved new best model to /tmp/bow_mlp_imdb_585eh6ws.pt
Epoch 62/301 | train_loss=0.2019 train_acc=94.08% | val_loss=0.2841 val_acc=89.32% | lr=3.000000e-06
Saved new best model to /tmp/bow_mlp_imdb_585eh6ws.pt
Epoch 63/301 | train_loss=0.1975 train_acc=94.22% | val_loss=0.2830 val_acc=89.32% | lr=3.000000e-06
Epoch 64/301 | train_loss=0.1960 train_acc=94.24% | val_loss=0.2819 val_acc=89.40% | lr=3.000000e-06
Saved new best model to /tmp/bow_mlp_imdb_585eh6ws.pt
Epoch 65/301 | train_loss=0.1943 train_acc=94.25% | val_loss=0.2809 val_acc=89.26% | lr=3.000000e-06
Epoch 66/301 | train_loss=0.1893 train_acc=94.62% | val_loss=0.2800 val_acc=89.28% | lr=3.000000e-06
Epoch 67/301 | train_loss=0.1884 train_acc=94.55% | val_loss=0.2791 val_acc=89.50% | lr=3.000000e-06
Saved new best model to /tmp/bow_mlp_imdb_585eh6ws.pt
Epoch 68/301 | train_loss=0.1862 train_acc=94.62% | val_loss=0.2782 val_acc=89.50% | lr=3.000000e-06
Epoch 69/301 | train_loss=0.1832 train_acc=94.73% | val_loss=0.2774 val_acc=89.48% | lr=3.000000e-06
Epoch 70/301 | train_loss=0.1807 train_acc=94.80% | val_loss=0.2765 val_acc=89.54% | lr=3.000000e-06
Saved new best model to /tmp/bow_mlp_imdb_585eh6ws.pt
Epoch 71/301 | train_loss=0.1790 train_acc=94.86% | val_loss=0.2755 val_acc=89.40% | lr=3.000000e-06
Epoch 72/301 | train_loss=0.1765 train_acc=94.92% | val_loss=0.2748 val_acc=89.40% | lr=3.000000e-06
Epoch 73/301 | train_loss=0.1742 train_acc=95.11% | val_loss=0.2742 val_acc=89.44% | lr=3.000000e-06
Epoch 74/301 | train_loss=0.1722 train_acc=95.12% | val_loss=0.2734 val_acc=89.42% | lr=3.000000e-06
Epoch 75/301 | train_loss=0.1694 train_acc=95.05% | val_loss=0.2727 val_acc=89.30% | lr=3.000000e-06
Epoch 76/301 | train_loss=0.1676 train_acc=95.19% | val_loss=0.2722 val_acc=89.42% | lr=3.000000e-06
Epoch 77/301 | train_loss=0.1651 train_acc=95.31% | val_loss=0.2715 val_acc=89.38% | lr=3.000000e-06
Epoch 78/301 | train_loss=0.1631 train_acc=95.32% | val_loss=0.2710 val_acc=89.46% | lr=3.000000e-06
Epoch 79/301 | train_loss=0.1608 train_acc=95.41% | val_loss=0.2705 val_acc=89.46% | lr=3.000000e-06
Epoch 80/301 | train_loss=0.1584 train_acc=95.62% | val_loss=0.2698 val_acc=89.38% | lr=3.000000e-06
Epoch 81/301 | train_loss=0.1569 train_acc=95.59% | val_loss=0.2693 val_acc=89.34% | lr=3.000000e-06
Epoch 82/301 | train_loss=0.1538 train_acc=95.67% | val_loss=0.2687 val_acc=89.32% | lr=3.000000e-06
Epoch 83/301 | train_loss=0.1520 train_acc=95.76% | val_loss=0.2683 val_acc=89.46% | lr=3.000000e-06
Epoch 84/301 | train_loss=0.1502 train_acc=95.70% | val_loss=0.2679 val_acc=89.48% | lr=3.000000e-06
Epoch 85/301 | train_loss=0.1473 train_acc=96.00% | val_loss=0.2675 val_acc=89.54% | lr=3.000000e-06
Epoch 86/301 | train_loss=0.1465 train_acc=95.87% | val_loss=0.2672 val_acc=89.58% | lr=3.000000e-06
Saved new best model to /tmp/bow_mlp_imdb_585eh6ws.pt
Epoch 87/301 | train_loss=0.1449 train_acc=95.93% | val_loss=0.2667 val_acc=89.60% | lr=3.000000e-06
Saved new best model to /tmp/bow_mlp_imdb_585eh6ws.pt
Epoch 88/301 | train_loss=0.1417 train_acc=96.03% | val_loss=0.2663 val_acc=89.68% | lr=3.000000e-06
Saved new best model to /tmp/bow_mlp_imdb_585eh6ws.pt
Epoch 89/301 | train_loss=0.1405 train_acc=96.20% | val_loss=0.2665 val_acc=89.68% | lr=3.000000e-06
Epoch 90/301 | train_loss=0.1392 train_acc=96.17% | val_loss=0.2657 val_acc=89.64% | lr=3.000000e-06
Epoch 91/301 | train_loss=0.1365 train_acc=96.24% | val_loss=0.2654 val_acc=89.68% | lr=3.000000e-06
Epoch 92/301 | train_loss=0.1353 train_acc=96.35% | val_loss=0.2654 val_acc=89.72% | lr=3.000000e-06
Saved new best model to /tmp/bow_mlp_imdb_585eh6ws.pt
Epoch 93/301 | train_loss=0.1329 train_acc=96.45% | val_loss=0.2651 val_acc=89.70% | lr=3.000000e-06
Epoch 94/301 | train_loss=0.1312 train_acc=96.60% | val_loss=0.2648 val_acc=89.62% | lr=3.000000e-06
Epoch 95/301 | train_loss=0.1293 train_acc=96.50% | val_loss=0.2645 val_acc=89.68% | lr=3.000000e-06
Epoch 96/301 | train_loss=0.1282 train_acc=96.52% | val_loss=0.2645 val_acc=89.64% | lr=3.000000e-06
Epoch 97/301 | train_loss=0.1255 train_acc=96.67% | val_loss=0.2643 val_acc=89.60% | lr=3.000000e-06
Epoch 98/301 | train_loss=0.1248 train_acc=96.74% | val_loss=0.2643 val_acc=89.66% | lr=3.000000e-06
Epoch 99/301 | train_loss=0.1223 train_acc=96.69% | val_loss=0.2645 val_acc=89.66% | lr=3.000000e-06
Epoch 100/301 | train_loss=0.1206 train_acc=96.86% | val_loss=0.2639 val_acc=89.62% | lr=3.000000e-06
Epoch 101/301 | train_loss=0.1197 train_acc=96.84% | val_loss=0.2639 val_acc=89.60% | lr=3.000000e-06
Epoch 102/301 | train_loss=0.1179 train_acc=96.92% | val_loss=0.2641 val_acc=89.60% | lr=3.000000e-06
Epoch 103/301 | train_loss=0.1167 train_acc=96.79% | val_loss=0.2639 val_acc=89.54% | lr=3.000000e-06
Epoch 104/301 | train_loss=0.1151 train_acc=97.07% | val_loss=0.2638 val_acc=89.56% | lr=3.000000e-06
Epoch 105/301 | train_loss=0.1142 train_acc=96.94% | val_loss=0.2641 val_acc=89.58% | lr=3.000000e-06
Epoch 106/301 | train_loss=0.1119 train_acc=97.18% | val_loss=0.2641 val_acc=89.58% | lr=3.000000e-06
Epoch 107/301 | train_loss=0.1102 train_acc=97.09% | val_loss=0.2642 val_acc=89.58% | lr=3.000000e-06
Epoch 108/301 | train_loss=0.1082 train_acc=97.19% | val_loss=0.2641 val_acc=89.56% | lr=3.000000e-06
Epoch 109/301 | train_loss=0.1073 train_acc=97.23% | val_loss=0.2644 val_acc=89.60% | lr=3.000000e-06
Epoch 110/301 | train_loss=0.1054 train_acc=97.34% | val_loss=0.2648 val_acc=89.66% | lr=3.000000e-06
Epoch 111/301 | train_loss=0.1042 train_acc=97.34% | val_loss=0.2648 val_acc=89.64% | lr=3.000000e-06
Epoch 112/301 | train_loss=0.1035 train_acc=97.44% | val_loss=0.2651 val_acc=89.62% | lr=3.000000e-06
Validation loss has not improved for 8 epochs. Stopping training.
Test loss=0.2942 | Test accuracy=88.41%
