Loading IMDb dataset from local disk: /home/daniel/l/masteruppsats/np-reg/language/data/imdb_hf
Using device: cuda
BoW vocab size: 25000
Epoch 1/301 | train_loss=0.6120 train_acc=71.64% | val_loss=0.5167 val_acc=83.58% | lr=3.000000e-05
Saved new best model to /tmp/bow_mlp_imdb_jr2y1m97.pt
Epoch 2/301 | train_loss=0.4500 train_acc=85.66% | val_loss=0.4091 val_acc=86.72% | lr=3.000000e-05
Saved new best model to /tmp/bow_mlp_imdb_jr2y1m97.pt
Epoch 3/301 | train_loss=0.3582 train_acc=88.55% | val_loss=0.3600 val_acc=87.62% | lr=3.000000e-05
Saved new best model to /tmp/bow_mlp_imdb_jr2y1m97.pt
Epoch 4/301 | train_loss=0.3024 train_acc=90.56% | val_loss=0.3241 val_acc=88.50% | lr=3.000000e-05
Saved new best model to /tmp/bow_mlp_imdb_jr2y1m97.pt
Epoch 5/301 | train_loss=0.2632 train_acc=91.77% | val_loss=0.3034 val_acc=88.88% | lr=3.000000e-05
Saved new best model to /tmp/bow_mlp_imdb_jr2y1m97.pt
Epoch 6/301 | train_loss=0.2299 train_acc=92.81% | val_loss=0.2889 val_acc=89.22% | lr=3.000000e-05
Saved new best model to /tmp/bow_mlp_imdb_jr2y1m97.pt
Epoch 7/301 | train_loss=0.2048 train_acc=93.68% | val_loss=0.2793 val_acc=89.34% | lr=3.000000e-05
Saved new best model to /tmp/bow_mlp_imdb_jr2y1m97.pt
Epoch 8/301 | train_loss=0.1825 train_acc=94.44% | val_loss=0.2726 val_acc=89.36% | lr=3.000000e-05
Saved new best model to /tmp/bow_mlp_imdb_jr2y1m97.pt
Epoch 9/301 | train_loss=0.1645 train_acc=95.22% | val_loss=0.2681 val_acc=89.56% | lr=3.000000e-05
Saved new best model to /tmp/bow_mlp_imdb_jr2y1m97.pt
Epoch 10/301 | train_loss=0.1452 train_acc=96.02% | val_loss=0.2656 val_acc=89.54% | lr=3.000000e-05
Epoch 11/301 | train_loss=0.1302 train_acc=96.43% | val_loss=0.2645 val_acc=89.62% | lr=3.000000e-05
Saved new best model to /tmp/bow_mlp_imdb_jr2y1m97.pt
Epoch 12/301 | train_loss=0.1161 train_acc=96.91% | val_loss=0.2647 val_acc=89.48% | lr=3.000000e-05
Epoch 13/301 | train_loss=0.1043 train_acc=97.28% | val_loss=0.2667 val_acc=89.40% | lr=3.000000e-05
Epoch 14/301 | train_loss=0.0933 train_acc=97.56% | val_loss=0.2703 val_acc=89.48% | lr=3.000000e-05
Epoch 15/301 | train_loss=0.0820 train_acc=98.11% | val_loss=0.2768 val_acc=89.38% | lr=3.000000e-05
Epoch 16/301 | train_loss=0.0736 train_acc=98.32% | val_loss=0.2783 val_acc=89.38% | lr=3.000000e-05
Epoch 17/301 | train_loss=0.0650 train_acc=98.65% | val_loss=0.2862 val_acc=89.16% | lr=3.000000e-05
Epoch 18/301 | train_loss=0.0582 train_acc=98.78% | val_loss=0.2924 val_acc=89.12% | lr=3.000000e-05
Epoch 19/301 | train_loss=0.0508 train_acc=98.96% | val_loss=0.2978 val_acc=89.16% | lr=3.000000e-05
Validation loss has not improved for 8 epochs. Stopping training.
Test loss=0.2958 | Test accuracy=88.40%
