Loading IMDb dataset from local disk: /home/daniel/l/masteruppsats/np-reg/language/data/imdb_hf
Using device: cuda
BoW vocab size: 25000
W0421 18:56:02.189000 1218137 site-packages/torch/_inductor/utils.py:1679] [0/0] Not enough SMs to use max_autotune_gemm mode
Epoch 1/301 | train_loss=0.6888 train_acc=53.63% | val_loss=0.6807 val_acc=60.60% | lr=3.000000e-06
Saved new best model to /tmp/bow_mlp_imdb_n6x6esbk.pt
Epoch 2/301 | train_loss=0.6699 train_acc=65.85% | val_loss=0.6602 val_acc=67.52% | lr=3.000000e-06
Saved new best model to /tmp/bow_mlp_imdb_n6x6esbk.pt
Epoch 3/301 | train_loss=0.6451 train_acc=71.48% | val_loss=0.6349 val_acc=74.58% | lr=3.000000e-06
Saved new best model to /tmp/bow_mlp_imdb_n6x6esbk.pt
Epoch 4/301 | train_loss=0.6182 train_acc=76.32% | val_loss=0.6093 val_acc=78.26% | lr=3.000000e-06
Saved new best model to /tmp/bow_mlp_imdb_n6x6esbk.pt
Epoch 5/301 | train_loss=0.5922 train_acc=79.21% | val_loss=0.5864 val_acc=79.92% | lr=3.000000e-06
Saved new best model to /tmp/bow_mlp_imdb_n6x6esbk.pt
Epoch 6/301 | train_loss=0.5685 train_acc=81.19% | val_loss=0.5652 val_acc=81.42% | lr=3.000000e-06
Saved new best model to /tmp/bow_mlp_imdb_n6x6esbk.pt
Epoch 7/301 | train_loss=0.5473 train_acc=82.64% | val_loss=0.5459 val_acc=82.60% | lr=3.000000e-06
Saved new best model to /tmp/bow_mlp_imdb_n6x6esbk.pt
Epoch 8/301 | train_loss=0.5269 train_acc=83.77% | val_loss=0.5278 val_acc=83.38% | lr=3.000000e-06
Saved new best model to /tmp/bow_mlp_imdb_n6x6esbk.pt
Epoch 9/301 | train_loss=0.5083 train_acc=84.59% | val_loss=0.5112 val_acc=83.96% | lr=3.000000e-06
Saved new best model to /tmp/bow_mlp_imdb_n6x6esbk.pt
Epoch 10/301 | train_loss=0.4895 train_acc=85.43% | val_loss=0.4957 val_acc=84.72% | lr=3.000000e-06
Saved new best model to /tmp/bow_mlp_imdb_n6x6esbk.pt
Epoch 11/301 | train_loss=0.4738 train_acc=85.97% | val_loss=0.4814 val_acc=85.26% | lr=3.000000e-06
Saved new best model to /tmp/bow_mlp_imdb_n6x6esbk.pt
Epoch 12/301 | train_loss=0.4578 train_acc=86.57% | val_loss=0.4680 val_acc=85.62% | lr=3.000000e-06
Saved new best model to /tmp/bow_mlp_imdb_n6x6esbk.pt
Epoch 13/301 | train_loss=0.4439 train_acc=87.09% | val_loss=0.4557 val_acc=85.94% | lr=3.000000e-06
Saved new best model to /tmp/bow_mlp_imdb_n6x6esbk.pt
Epoch 14/301 | train_loss=0.4297 train_acc=87.27% | val_loss=0.4443 val_acc=86.12% | lr=3.000000e-06
Saved new best model to /tmp/bow_mlp_imdb_n6x6esbk.pt
Epoch 15/301 | train_loss=0.4171 train_acc=87.67% | val_loss=0.4339 val_acc=86.38% | lr=3.000000e-06
Saved new best model to /tmp/bow_mlp_imdb_n6x6esbk.pt
Epoch 16/301 | train_loss=0.4057 train_acc=88.07% | val_loss=0.4238 val_acc=86.70% | lr=3.000000e-06
Saved new best model to /tmp/bow_mlp_imdb_n6x6esbk.pt
Epoch 17/301 | train_loss=0.3942 train_acc=88.33% | val_loss=0.4148 val_acc=86.72% | lr=3.000000e-06
Saved new best model to /tmp/bow_mlp_imdb_n6x6esbk.pt
Epoch 18/301 | train_loss=0.3839 train_acc=88.83% | val_loss=0.4060 val_acc=86.88% | lr=3.000000e-06
Saved new best model to /tmp/bow_mlp_imdb_n6x6esbk.pt
Epoch 19/301 | train_loss=0.3732 train_acc=88.95% | val_loss=0.3980 val_acc=87.16% | lr=3.000000e-06
Saved new best model to /tmp/bow_mlp_imdb_n6x6esbk.pt
Epoch 20/301 | train_loss=0.3630 train_acc=89.27% | val_loss=0.3904 val_acc=87.28% | lr=3.000000e-06
Saved new best model to /tmp/bow_mlp_imdb_n6x6esbk.pt
Epoch 21/301 | train_loss=0.3553 train_acc=89.42% | val_loss=0.3833 val_acc=87.42% | lr=3.000000e-06
Saved new best model to /tmp/bow_mlp_imdb_n6x6esbk.pt
Epoch 22/301 | train_loss=0.3466 train_acc=89.77% | val_loss=0.3768 val_acc=87.56% | lr=3.000000e-06
Saved new best model to /tmp/bow_mlp_imdb_n6x6esbk.pt
Epoch 23/301 | train_loss=0.3383 train_acc=89.94% | val_loss=0.3707 val_acc=87.62% | lr=3.000000e-06
Saved new best model to /tmp/bow_mlp_imdb_n6x6esbk.pt
Epoch 24/301 | train_loss=0.3307 train_acc=90.11% | val_loss=0.3649 val_acc=87.68% | lr=3.000000e-06
Saved new best model to /tmp/bow_mlp_imdb_n6x6esbk.pt
Epoch 25/301 | train_loss=0.3244 train_acc=90.29% | val_loss=0.3596 val_acc=87.80% | lr=3.000000e-06
Saved new best model to /tmp/bow_mlp_imdb_n6x6esbk.pt
Epoch 26/301 | train_loss=0.3164 train_acc=90.59% | val_loss=0.3545 val_acc=87.76% | lr=3.000000e-06
Epoch 27/301 | train_loss=0.3101 train_acc=90.79% | val_loss=0.3497 val_acc=88.02% | lr=3.000000e-06
Saved new best model to /tmp/bow_mlp_imdb_n6x6esbk.pt
Epoch 28/301 | train_loss=0.3044 train_acc=90.94% | val_loss=0.3452 val_acc=88.16% | lr=3.000000e-06
Saved new best model to /tmp/bow_mlp_imdb_n6x6esbk.pt
Epoch 29/301 | train_loss=0.2979 train_acc=91.05% | val_loss=0.3410 val_acc=88.20% | lr=3.000000e-06
Saved new best model to /tmp/bow_mlp_imdb_n6x6esbk.pt
Epoch 30/301 | train_loss=0.2921 train_acc=91.37% | val_loss=0.3370 val_acc=88.42% | lr=3.000000e-06
Saved new best model to /tmp/bow_mlp_imdb_n6x6esbk.pt
Epoch 31/301 | train_loss=0.2863 train_acc=91.29% | val_loss=0.3332 val_acc=88.44% | lr=3.000000e-06
Saved new best model to /tmp/bow_mlp_imdb_n6x6esbk.pt
Epoch 32/301 | train_loss=0.2813 train_acc=91.72% | val_loss=0.3297 val_acc=88.42% | lr=3.000000e-06
Epoch 33/301 | train_loss=0.2756 train_acc=91.66% | val_loss=0.3264 val_acc=88.46% | lr=3.000000e-06
Saved new best model to /tmp/bow_mlp_imdb_n6x6esbk.pt
Epoch 34/301 | train_loss=0.2709 train_acc=91.79% | val_loss=0.3229 val_acc=88.64% | lr=3.000000e-06
Saved new best model to /tmp/bow_mlp_imdb_n6x6esbk.pt
Epoch 35/301 | train_loss=0.2643 train_acc=92.16% | val_loss=0.3202 val_acc=88.70% | lr=3.000000e-06
Saved new best model to /tmp/bow_mlp_imdb_n6x6esbk.pt
Epoch 36/301 | train_loss=0.2614 train_acc=92.25% | val_loss=0.3174 val_acc=88.74% | lr=3.000000e-06
Saved new best model to /tmp/bow_mlp_imdb_n6x6esbk.pt
Epoch 37/301 | train_loss=0.2566 train_acc=92.22% | val_loss=0.3142 val_acc=88.86% | lr=3.000000e-06
Saved new best model to /tmp/bow_mlp_imdb_n6x6esbk.pt
Epoch 38/301 | train_loss=0.2516 train_acc=92.40% | val_loss=0.3123 val_acc=88.90% | lr=3.000000e-06
Saved new best model to /tmp/bow_mlp_imdb_n6x6esbk.pt
Epoch 39/301 | train_loss=0.2477 train_acc=92.74% | val_loss=0.3091 val_acc=88.86% | lr=3.000000e-06
Epoch 40/301 | train_loss=0.2434 train_acc=92.86% | val_loss=0.3068 val_acc=88.94% | lr=3.000000e-06
Saved new best model to /tmp/bow_mlp_imdb_n6x6esbk.pt
Epoch 41/301 | train_loss=0.2388 train_acc=92.84% | val_loss=0.3044 val_acc=88.92% | lr=3.000000e-06
Epoch 42/301 | train_loss=0.2359 train_acc=93.14% | val_loss=0.3022 val_acc=88.90% | lr=3.000000e-06
Epoch 43/301 | train_loss=0.2305 train_acc=93.29% | val_loss=0.3001 val_acc=89.00% | lr=3.000000e-06
Saved new best model to /tmp/bow_mlp_imdb_n6x6esbk.pt
Epoch 44/301 | train_loss=0.2281 train_acc=93.16% | val_loss=0.2981 val_acc=89.02% | lr=3.000000e-06
Saved new best model to /tmp/bow_mlp_imdb_n6x6esbk.pt
Epoch 45/301 | train_loss=0.2243 train_acc=93.27% | val_loss=0.2965 val_acc=89.06% | lr=3.000000e-06
Saved new best model to /tmp/bow_mlp_imdb_n6x6esbk.pt
Epoch 46/301 | train_loss=0.2204 train_acc=93.43% | val_loss=0.2944 val_acc=89.08% | lr=3.000000e-06
Saved new best model to /tmp/bow_mlp_imdb_n6x6esbk.pt
Epoch 47/301 | train_loss=0.2167 train_acc=93.59% | val_loss=0.2929 val_acc=89.06% | lr=3.000000e-06
Epoch 48/301 | train_loss=0.2141 train_acc=93.66% | val_loss=0.2911 val_acc=89.22% | lr=3.000000e-06
Saved new best model to /tmp/bow_mlp_imdb_n6x6esbk.pt
Epoch 49/301 | train_loss=0.2096 train_acc=93.95% | val_loss=0.2894 val_acc=89.20% | lr=3.000000e-06
Epoch 50/301 | train_loss=0.2063 train_acc=93.90% | val_loss=0.2879 val_acc=89.16% | lr=3.000000e-06
Epoch 51/301 | train_loss=0.2017 train_acc=94.24% | val_loss=0.2864 val_acc=89.22% | lr=3.000000e-06
Epoch 52/301 | train_loss=0.1992 train_acc=94.25% | val_loss=0.2851 val_acc=89.28% | lr=3.000000e-06
Saved new best model to /tmp/bow_mlp_imdb_n6x6esbk.pt
Epoch 53/301 | train_loss=0.1970 train_acc=94.30% | val_loss=0.2836 val_acc=89.36% | lr=3.000000e-06
Saved new best model to /tmp/bow_mlp_imdb_n6x6esbk.pt
Epoch 54/301 | train_loss=0.1940 train_acc=94.45% | val_loss=0.2823 val_acc=89.30% | lr=3.000000e-06
Epoch 55/301 | train_loss=0.1912 train_acc=94.38% | val_loss=0.2812 val_acc=89.46% | lr=3.000000e-06
Saved new best model to /tmp/bow_mlp_imdb_n6x6esbk.pt
Epoch 56/301 | train_loss=0.1875 train_acc=94.66% | val_loss=0.2800 val_acc=89.34% | lr=3.000000e-06
Epoch 57/301 | train_loss=0.1853 train_acc=94.53% | val_loss=0.2789 val_acc=89.46% | lr=3.000000e-06
Epoch 58/301 | train_loss=0.1816 train_acc=94.72% | val_loss=0.2778 val_acc=89.30% | lr=3.000000e-06
Epoch 59/301 | train_loss=0.1786 train_acc=94.98% | val_loss=0.2768 val_acc=89.48% | lr=3.000000e-06
Saved new best model to /tmp/bow_mlp_imdb_n6x6esbk.pt
Epoch 60/301 | train_loss=0.1758 train_acc=94.98% | val_loss=0.2757 val_acc=89.38% | lr=3.000000e-06
Epoch 61/301 | train_loss=0.1740 train_acc=95.05% | val_loss=0.2748 val_acc=89.46% | lr=3.000000e-06
Epoch 62/301 | train_loss=0.1713 train_acc=95.17% | val_loss=0.2739 val_acc=89.44% | lr=3.000000e-06
Epoch 63/301 | train_loss=0.1684 train_acc=95.26% | val_loss=0.2731 val_acc=89.42% | lr=3.000000e-06
Epoch 64/301 | train_loss=0.1662 train_acc=95.34% | val_loss=0.2723 val_acc=89.34% | lr=3.000000e-06
Epoch 65/301 | train_loss=0.1636 train_acc=95.47% | val_loss=0.2716 val_acc=89.32% | lr=3.000000e-06
Epoch 66/301 | train_loss=0.1597 train_acc=95.62% | val_loss=0.2709 val_acc=89.34% | lr=3.000000e-06
Epoch 67/301 | train_loss=0.1581 train_acc=95.78% | val_loss=0.2703 val_acc=89.44% | lr=3.000000e-06
Epoch 68/301 | train_loss=0.1567 train_acc=95.69% | val_loss=0.2697 val_acc=89.46% | lr=3.000000e-06
Epoch 69/301 | train_loss=0.1534 train_acc=95.88% | val_loss=0.2692 val_acc=89.38% | lr=3.000000e-06
Epoch 70/301 | train_loss=0.1510 train_acc=95.86% | val_loss=0.2685 val_acc=89.40% | lr=3.000000e-06
Epoch 71/301 | train_loss=0.1495 train_acc=95.94% | val_loss=0.2680 val_acc=89.36% | lr=3.000000e-06
Epoch 72/301 | train_loss=0.1464 train_acc=95.95% | val_loss=0.2674 val_acc=89.48% | lr=3.000000e-06
Epoch 73/301 | train_loss=0.1442 train_acc=96.17% | val_loss=0.2672 val_acc=89.54% | lr=3.000000e-06
Saved new best model to /tmp/bow_mlp_imdb_n6x6esbk.pt
Epoch 74/301 | train_loss=0.1427 train_acc=96.17% | val_loss=0.2667 val_acc=89.58% | lr=3.000000e-06
Saved new best model to /tmp/bow_mlp_imdb_n6x6esbk.pt
Epoch 75/301 | train_loss=0.1399 train_acc=96.24% | val_loss=0.2663 val_acc=89.46% | lr=3.000000e-06
Epoch 76/301 | train_loss=0.1376 train_acc=96.33% | val_loss=0.2659 val_acc=89.56% | lr=3.000000e-06
Epoch 77/301 | train_loss=0.1357 train_acc=96.34% | val_loss=0.2655 val_acc=89.52% | lr=3.000000e-06
Epoch 78/301 | train_loss=0.1337 train_acc=96.43% | val_loss=0.2653 val_acc=89.54% | lr=3.000000e-06
Epoch 79/301 | train_loss=0.1311 train_acc=96.56% | val_loss=0.2650 val_acc=89.54% | lr=3.000000e-06
Epoch 80/301 | train_loss=0.1292 train_acc=96.61% | val_loss=0.2647 val_acc=89.54% | lr=3.000000e-06
Epoch 81/301 | train_loss=0.1273 train_acc=96.64% | val_loss=0.2644 val_acc=89.54% | lr=3.000000e-06
Epoch 82/301 | train_loss=0.1254 train_acc=96.82% | val_loss=0.2642 val_acc=89.54% | lr=3.000000e-06
Epoch 83/301 | train_loss=0.1233 train_acc=96.77% | val_loss=0.2641 val_acc=89.54% | lr=3.000000e-06
Epoch 84/301 | train_loss=0.1222 train_acc=96.86% | val_loss=0.2640 val_acc=89.54% | lr=3.000000e-06
Epoch 85/301 | train_loss=0.1195 train_acc=96.87% | val_loss=0.2637 val_acc=89.56% | lr=3.000000e-06
Epoch 86/301 | train_loss=0.1178 train_acc=97.01% | val_loss=0.2638 val_acc=89.56% | lr=3.000000e-06
Epoch 87/301 | train_loss=0.1170 train_acc=96.95% | val_loss=0.2636 val_acc=89.52% | lr=3.000000e-06
Epoch 88/301 | train_loss=0.1142 train_acc=97.14% | val_loss=0.2636 val_acc=89.60% | lr=3.000000e-06
Saved new best model to /tmp/bow_mlp_imdb_n6x6esbk.pt
Epoch 89/301 | train_loss=0.1123 train_acc=97.25% | val_loss=0.2640 val_acc=89.58% | lr=3.000000e-06
Epoch 90/301 | train_loss=0.1112 train_acc=97.17% | val_loss=0.2635 val_acc=89.52% | lr=3.000000e-06
Epoch 91/301 | train_loss=0.1087 train_acc=97.37% | val_loss=0.2636 val_acc=89.48% | lr=3.000000e-06
Epoch 92/301 | train_loss=0.1072 train_acc=97.30% | val_loss=0.2639 val_acc=89.60% | lr=3.000000e-06
Epoch 93/301 | train_loss=0.1059 train_acc=97.36% | val_loss=0.2643 val_acc=89.58% | lr=3.000000e-06
Epoch 94/301 | train_loss=0.1035 train_acc=97.48% | val_loss=0.2640 val_acc=89.58% | lr=3.000000e-06
Epoch 95/301 | train_loss=0.1024 train_acc=97.54% | val_loss=0.2640 val_acc=89.48% | lr=3.000000e-06
Epoch 96/301 | train_loss=0.1008 train_acc=97.54% | val_loss=0.2643 val_acc=89.64% | lr=3.000000e-06
Saved new best model to /tmp/bow_mlp_imdb_n6x6esbk.pt
Epoch 97/301 | train_loss=0.0988 train_acc=97.67% | val_loss=0.2644 val_acc=89.44% | lr=3.000000e-06
Epoch 98/301 | train_loss=0.0976 train_acc=97.78% | val_loss=0.2648 val_acc=89.56% | lr=3.000000e-06
Validation loss has not improved for 8 epochs. Stopping training.
Test loss=0.3003 | Test accuracy=88.29%
