Loading IMDb dataset from local disk: /home/daniel/l/masteruppsats/np-reg/language/data/imdb_hf
Using device: cuda
BoW vocab size: 25000
Epoch 1/301 | train_loss=0.6805 train_acc=58.46% | val_loss=0.6622 val_acc=70.50% | lr=1.000000e-05
Saved new best model to /tmp/bow_mlp_imdb_tjjgxm96.pt
Epoch 2/301 | train_loss=0.6368 train_acc=72.61% | val_loss=0.6129 val_acc=75.98% | lr=1.000000e-05
Saved new best model to /tmp/bow_mlp_imdb_tjjgxm96.pt
Epoch 3/301 | train_loss=0.5841 train_acc=78.50% | val_loss=0.5655 val_acc=81.12% | lr=1.000000e-05
Saved new best model to /tmp/bow_mlp_imdb_tjjgxm96.pt
Epoch 4/301 | train_loss=0.5383 train_acc=82.08% | val_loss=0.5259 val_acc=83.44% | lr=1.000000e-05
Saved new best model to /tmp/bow_mlp_imdb_tjjgxm96.pt
Epoch 5/301 | train_loss=0.4984 train_acc=84.58% | val_loss=0.4932 val_acc=84.68% | lr=1.000000e-05
Saved new best model to /tmp/bow_mlp_imdb_tjjgxm96.pt
Epoch 6/301 | train_loss=0.4664 train_acc=85.65% | val_loss=0.4655 val_acc=85.74% | lr=1.000000e-05
Saved new best model to /tmp/bow_mlp_imdb_tjjgxm96.pt
Epoch 7/301 | train_loss=0.4380 train_acc=86.63% | val_loss=0.4421 val_acc=86.24% | lr=1.000000e-05
Saved new best model to /tmp/bow_mlp_imdb_tjjgxm96.pt
Epoch 8/301 | train_loss=0.4137 train_acc=87.41% | val_loss=0.4223 val_acc=86.68% | lr=1.000000e-05
Saved new best model to /tmp/bow_mlp_imdb_tjjgxm96.pt
Epoch 9/301 | train_loss=0.3919 train_acc=88.07% | val_loss=0.4050 val_acc=87.04% | lr=1.000000e-05
Saved new best model to /tmp/bow_mlp_imdb_tjjgxm96.pt
Epoch 10/301 | train_loss=0.3724 train_acc=88.82% | val_loss=0.3901 val_acc=87.22% | lr=1.000000e-05
Saved new best model to /tmp/bow_mlp_imdb_tjjgxm96.pt
Epoch 11/301 | train_loss=0.3567 train_acc=89.35% | val_loss=0.3773 val_acc=87.60% | lr=1.000000e-05
Saved new best model to /tmp/bow_mlp_imdb_tjjgxm96.pt
Epoch 12/301 | train_loss=0.3392 train_acc=89.81% | val_loss=0.3656 val_acc=87.66% | lr=1.000000e-05
Saved new best model to /tmp/bow_mlp_imdb_tjjgxm96.pt
Epoch 13/301 | train_loss=0.3249 train_acc=90.21% | val_loss=0.3555 val_acc=88.00% | lr=1.000000e-05
Saved new best model to /tmp/bow_mlp_imdb_tjjgxm96.pt
Epoch 14/301 | train_loss=0.3135 train_acc=90.59% | val_loss=0.3465 val_acc=88.16% | lr=1.000000e-05
Saved new best model to /tmp/bow_mlp_imdb_tjjgxm96.pt
Epoch 15/301 | train_loss=0.3007 train_acc=90.84% | val_loss=0.3388 val_acc=88.16% | lr=1.000000e-05
Epoch 16/301 | train_loss=0.2890 train_acc=91.42% | val_loss=0.3313 val_acc=88.46% | lr=1.000000e-05
Saved new best model to /tmp/bow_mlp_imdb_tjjgxm96.pt
Epoch 17/301 | train_loss=0.2783 train_acc=91.58% | val_loss=0.3253 val_acc=88.58% | lr=1.000000e-05
Saved new best model to /tmp/bow_mlp_imdb_tjjgxm96.pt
Epoch 18/301 | train_loss=0.2680 train_acc=91.99% | val_loss=0.3188 val_acc=88.80% | lr=1.000000e-05
Saved new best model to /tmp/bow_mlp_imdb_tjjgxm96.pt
Epoch 19/301 | train_loss=0.2616 train_acc=92.14% | val_loss=0.3136 val_acc=88.92% | lr=1.000000e-05
Saved new best model to /tmp/bow_mlp_imdb_tjjgxm96.pt
Epoch 20/301 | train_loss=0.2525 train_acc=92.41% | val_loss=0.3089 val_acc=88.86% | lr=1.000000e-05
Epoch 21/301 | train_loss=0.2435 train_acc=92.70% | val_loss=0.3044 val_acc=89.06% | lr=1.000000e-05
Saved new best model to /tmp/bow_mlp_imdb_tjjgxm96.pt
Epoch 22/301 | train_loss=0.2354 train_acc=93.08% | val_loss=0.3002 val_acc=89.02% | lr=1.000000e-05
Epoch 23/301 | train_loss=0.2270 train_acc=93.23% | val_loss=0.2963 val_acc=89.12% | lr=1.000000e-05
Saved new best model to /tmp/bow_mlp_imdb_tjjgxm96.pt
Epoch 24/301 | train_loss=0.2217 train_acc=93.53% | val_loss=0.2932 val_acc=89.24% | lr=1.000000e-05
Saved new best model to /tmp/bow_mlp_imdb_tjjgxm96.pt
Epoch 25/301 | train_loss=0.2144 train_acc=93.75% | val_loss=0.2899 val_acc=89.28% | lr=1.000000e-05
Saved new best model to /tmp/bow_mlp_imdb_tjjgxm96.pt
Epoch 26/301 | train_loss=0.2073 train_acc=93.83% | val_loss=0.2873 val_acc=89.24% | lr=1.000000e-05
Epoch 27/301 | train_loss=0.2017 train_acc=94.17% | val_loss=0.2845 val_acc=89.26% | lr=1.000000e-05
Epoch 28/301 | train_loss=0.1953 train_acc=94.22% | val_loss=0.2819 val_acc=89.34% | lr=1.000000e-05
Saved new best model to /tmp/bow_mlp_imdb_tjjgxm96.pt
Epoch 29/301 | train_loss=0.1897 train_acc=94.56% | val_loss=0.2798 val_acc=89.40% | lr=1.000000e-05
Saved new best model to /tmp/bow_mlp_imdb_tjjgxm96.pt
Epoch 30/301 | train_loss=0.1842 train_acc=94.70% | val_loss=0.2776 val_acc=89.38% | lr=1.000000e-05
Epoch 31/301 | train_loss=0.1785 train_acc=94.91% | val_loss=0.2760 val_acc=89.26% | lr=1.000000e-05
Epoch 32/301 | train_loss=0.1731 train_acc=94.98% | val_loss=0.2746 val_acc=89.44% | lr=1.000000e-05
Saved new best model to /tmp/bow_mlp_imdb_tjjgxm96.pt
Epoch 33/301 | train_loss=0.1673 train_acc=95.27% | val_loss=0.2729 val_acc=89.34% | lr=1.000000e-05
Epoch 34/301 | train_loss=0.1634 train_acc=95.60% | val_loss=0.2714 val_acc=89.28% | lr=1.000000e-05
Epoch 35/301 | train_loss=0.1577 train_acc=95.66% | val_loss=0.2714 val_acc=89.50% | lr=1.000000e-05
Saved new best model to /tmp/bow_mlp_imdb_tjjgxm96.pt
Epoch 36/301 | train_loss=0.1535 train_acc=95.80% | val_loss=0.2704 val_acc=89.50% | lr=1.000000e-05
Epoch 37/301 | train_loss=0.1488 train_acc=96.06% | val_loss=0.2682 val_acc=89.54% | lr=1.000000e-05
Saved new best model to /tmp/bow_mlp_imdb_tjjgxm96.pt
Epoch 38/301 | train_loss=0.1443 train_acc=96.09% | val_loss=0.2685 val_acc=89.66% | lr=1.000000e-05
Saved new best model to /tmp/bow_mlp_imdb_tjjgxm96.pt
Epoch 39/301 | train_loss=0.1406 train_acc=96.25% | val_loss=0.2667 val_acc=89.64% | lr=1.000000e-05
Epoch 40/301 | train_loss=0.1359 train_acc=96.41% | val_loss=0.2666 val_acc=89.64% | lr=1.000000e-05
Epoch 41/301 | train_loss=0.1318 train_acc=96.41% | val_loss=0.2659 val_acc=89.62% | lr=1.000000e-05
Epoch 42/301 | train_loss=0.1281 train_acc=96.75% | val_loss=0.2653 val_acc=89.52% | lr=1.000000e-05
Epoch 43/301 | train_loss=0.1236 train_acc=96.78% | val_loss=0.2647 val_acc=89.50% | lr=1.000000e-05
Epoch 44/301 | train_loss=0.1204 train_acc=96.92% | val_loss=0.2648 val_acc=89.58% | lr=1.000000e-05
Epoch 45/301 | train_loss=0.1170 train_acc=97.06% | val_loss=0.2650 val_acc=89.60% | lr=1.000000e-05
Epoch 46/301 | train_loss=0.1147 train_acc=97.06% | val_loss=0.2649 val_acc=89.56% | lr=1.000000e-05
Epoch 47/301 | train_loss=0.1100 train_acc=97.33% | val_loss=0.2648 val_acc=89.54% | lr=1.000000e-05
Epoch 48/301 | train_loss=0.1067 train_acc=97.28% | val_loss=0.2654 val_acc=89.58% | lr=1.000000e-05
Epoch 49/301 | train_loss=0.1032 train_acc=97.47% | val_loss=0.2653 val_acc=89.48% | lr=1.000000e-05
Epoch 50/301 | train_loss=0.1010 train_acc=97.48% | val_loss=0.2655 val_acc=89.48% | lr=1.000000e-05
Epoch 51/301 | train_loss=0.0970 train_acc=97.65% | val_loss=0.2664 val_acc=89.46% | lr=1.000000e-05
Validation loss has not improved for 8 epochs. Stopping training.
Test loss=0.2964 | Test accuracy=88.41%
