Loading IMDb dataset from local disk: /home/daniel/l/masteruppsats/np-reg/language/data/imdb_hf
Using device: cuda
BoW vocab size: 25000
Epoch 1/301 | train_loss=0.6151 train_acc=72.56% | val_loss=0.5269 val_acc=83.52% | lr=3.000000e-05
Saved new best model to /tmp/bow_mlp_imdb_k84b1d_e.pt
Epoch 2/301 | train_loss=0.4543 train_acc=86.45% | val_loss=0.4206 val_acc=86.60% | lr=3.000000e-05
Saved new best model to /tmp/bow_mlp_imdb_k84b1d_e.pt
Epoch 3/301 | train_loss=0.3589 train_acc=89.41% | val_loss=0.3651 val_acc=87.78% | lr=3.000000e-05
Saved new best model to /tmp/bow_mlp_imdb_k84b1d_e.pt
Epoch 4/301 | train_loss=0.2991 train_acc=91.10% | val_loss=0.3286 val_acc=88.50% | lr=3.000000e-05
Saved new best model to /tmp/bow_mlp_imdb_k84b1d_e.pt
Epoch 5/301 | train_loss=0.2569 train_acc=92.41% | val_loss=0.3068 val_acc=88.92% | lr=3.000000e-05
Saved new best model to /tmp/bow_mlp_imdb_k84b1d_e.pt
Epoch 6/301 | train_loss=0.2245 train_acc=93.44% | val_loss=0.2918 val_acc=89.20% | lr=3.000000e-05
Saved new best model to /tmp/bow_mlp_imdb_k84b1d_e.pt
Epoch 7/301 | train_loss=0.1982 train_acc=94.44% | val_loss=0.2816 val_acc=89.34% | lr=3.000000e-05
Saved new best model to /tmp/bow_mlp_imdb_k84b1d_e.pt
Epoch 8/301 | train_loss=0.1762 train_acc=95.20% | val_loss=0.2749 val_acc=89.14% | lr=3.000000e-05
Epoch 9/301 | train_loss=0.1576 train_acc=95.84% | val_loss=0.2695 val_acc=89.32% | lr=3.000000e-05
Epoch 10/301 | train_loss=0.1412 train_acc=96.39% | val_loss=0.2667 val_acc=89.40% | lr=3.000000e-05
Saved new best model to /tmp/bow_mlp_imdb_k84b1d_e.pt
Epoch 11/301 | train_loss=0.1270 train_acc=96.88% | val_loss=0.2647 val_acc=89.40% | lr=3.000000e-05
Epoch 12/301 | train_loss=0.1142 train_acc=97.36% | val_loss=0.2642 val_acc=89.42% | lr=3.000000e-05
Saved new best model to /tmp/bow_mlp_imdb_k84b1d_e.pt
Epoch 13/301 | train_loss=0.1029 train_acc=97.73% | val_loss=0.2650 val_acc=89.40% | lr=3.000000e-05
Epoch 14/301 | train_loss=0.0926 train_acc=98.11% | val_loss=0.2671 val_acc=89.42% | lr=3.000000e-05
Epoch 15/301 | train_loss=0.0834 train_acc=98.38% | val_loss=0.2712 val_acc=89.22% | lr=3.000000e-05
Epoch 16/301 | train_loss=0.0751 train_acc=98.62% | val_loss=0.2716 val_acc=89.20% | lr=3.000000e-05
Epoch 17/301 | train_loss=0.0675 train_acc=98.83% | val_loss=0.2778 val_acc=88.96% | lr=3.000000e-05
Epoch 18/301 | train_loss=0.0608 train_acc=99.02% | val_loss=0.2798 val_acc=89.04% | lr=3.000000e-05
Epoch 19/301 | train_loss=0.0545 train_acc=99.19% | val_loss=0.2840 val_acc=89.10% | lr=3.000000e-05
Epoch 20/301 | train_loss=0.0490 train_acc=99.30% | val_loss=0.2891 val_acc=88.90% | lr=3.000000e-05
Validation loss has not improved for 8 epochs. Stopping training.
Test loss=0.2967 | Test accuracy=88.36%
