Loading IMDb dataset from local disk: /home/daniel/l/masteruppsats/np-reg/language/data/imdb_hf
Using device: cuda
BoW vocab size: 25000
Epoch 1/301 | train_loss=0.6774 train_acc=56.52% | val_loss=0.5917 val_acc=64.06% | lr=1.000000e-05
Saved new best model to /tmp/bow_mlp_imdb_nk_yx2hd.pt
Epoch 2/301 | train_loss=0.5103 train_acc=74.33% | val_loss=0.4944 val_acc=77.70% | lr=1.000000e-05
Saved new best model to /tmp/bow_mlp_imdb_nk_yx2hd.pt
Epoch 3/301 | train_loss=0.4173 train_acc=84.39% | val_loss=0.4295 val_acc=83.80% | lr=1.000000e-05
Saved new best model to /tmp/bow_mlp_imdb_nk_yx2hd.pt
Epoch 4/301 | train_loss=0.3583 train_acc=88.66% | val_loss=0.3973 val_acc=85.58% | lr=1.000000e-05
Saved new best model to /tmp/bow_mlp_imdb_nk_yx2hd.pt
Epoch 5/301 | train_loss=0.3146 train_acc=91.27% | val_loss=0.3668 val_acc=87.38% | lr=1.000000e-05
Saved new best model to /tmp/bow_mlp_imdb_nk_yx2hd.pt
Epoch 6/301 | train_loss=0.2800 train_acc=93.21% | val_loss=0.3492 val_acc=87.86% | lr=1.000000e-05
Saved new best model to /tmp/bow_mlp_imdb_nk_yx2hd.pt
Epoch 7/301 | train_loss=0.2506 train_acc=94.41% | val_loss=0.3348 val_acc=88.52% | lr=1.000000e-05
Saved new best model to /tmp/bow_mlp_imdb_nk_yx2hd.pt
Epoch 8/301 | train_loss=0.2260 train_acc=95.56% | val_loss=0.3267 val_acc=88.56% | lr=1.000000e-05
Saved new best model to /tmp/bow_mlp_imdb_nk_yx2hd.pt
Epoch 9/301 | train_loss=0.2056 train_acc=96.18% | val_loss=0.3118 val_acc=88.94% | lr=1.000000e-05
Saved new best model to /tmp/bow_mlp_imdb_nk_yx2hd.pt
Epoch 10/301 | train_loss=0.1841 train_acc=97.12% | val_loss=0.3048 val_acc=89.14% | lr=1.000000e-05
Saved new best model to /tmp/bow_mlp_imdb_nk_yx2hd.pt
Epoch 11/301 | train_loss=0.1671 train_acc=97.58% | val_loss=0.2989 val_acc=89.38% | lr=1.000000e-05
Saved new best model to /tmp/bow_mlp_imdb_nk_yx2hd.pt
Epoch 12/301 | train_loss=0.1507 train_acc=98.08% | val_loss=0.2917 val_acc=89.28% | lr=1.000000e-05
Epoch 13/301 | train_loss=0.1357 train_acc=98.44% | val_loss=0.2852 val_acc=89.38% | lr=1.000000e-05
Epoch 14/301 | train_loss=0.1223 train_acc=98.72% | val_loss=0.2823 val_acc=89.26% | lr=1.000000e-05
Epoch 15/301 | train_loss=0.1114 train_acc=98.92% | val_loss=0.2730 val_acc=89.32% | lr=1.000000e-05
Epoch 16/301 | train_loss=0.1003 train_acc=99.19% | val_loss=0.2771 val_acc=89.24% | lr=1.000000e-05
Epoch 17/301 | train_loss=0.0904 train_acc=99.33% | val_loss=0.2704 val_acc=89.40% | lr=1.000000e-05
Saved new best model to /tmp/bow_mlp_imdb_nk_yx2hd.pt
Epoch 18/301 | train_loss=0.0815 train_acc=99.50% | val_loss=0.2781 val_acc=88.92% | lr=1.000000e-05
Epoch 19/301 | train_loss=0.0726 train_acc=99.62% | val_loss=0.2758 val_acc=88.96% | lr=1.000000e-05
Epoch 20/301 | train_loss=0.0664 train_acc=99.66% | val_loss=0.2695 val_acc=89.10% | lr=1.000000e-05
Epoch 21/301 | train_loss=0.0594 train_acc=99.68% | val_loss=0.2676 val_acc=88.84% | lr=1.000000e-05
Epoch 22/301 | train_loss=0.0546 train_acc=99.80% | val_loss=0.2712 val_acc=88.72% | lr=1.000000e-05
Epoch 23/301 | train_loss=0.0492 train_acc=99.83% | val_loss=0.2711 val_acc=88.88% | lr=1.000000e-05
Epoch 24/301 | train_loss=0.0435 train_acc=99.88% | val_loss=0.2705 val_acc=88.64% | lr=1.000000e-05
Epoch 25/301 | train_loss=0.0398 train_acc=99.90% | val_loss=0.2740 val_acc=88.50% | lr=1.000000e-05
Epoch 26/301 | train_loss=0.0365 train_acc=99.91% | val_loss=0.2759 val_acc=88.46% | lr=1.000000e-05
Epoch 27/301 | train_loss=0.0333 train_acc=99.89% | val_loss=0.2772 val_acc=88.36% | lr=1.000000e-05
Epoch 28/301 | train_loss=0.0306 train_acc=99.94% | val_loss=0.2774 val_acc=88.28% | lr=1.000000e-05
Epoch 29/301 | train_loss=0.0276 train_acc=99.94% | val_loss=0.2885 val_acc=88.34% | lr=1.000000e-05
Validation loss has not improved for 8 epochs. Stopping training.
Test loss=0.2942 | Test accuracy=88.09%
