Loading IMDb dataset from local disk: /home/daniel/l/masteruppsats/np-reg/language/data/imdb_hf
Using device: cuda
BoW vocab size: 25000
Epoch 1/301 | train_loss=65.2503 train_acc=50.03% | val_loss=0.7118 val_acc=49.88% | lr=3.000000e-05
Saved new best model to /tmp/bow_mlp_imdb_x28x3gac.pt
Epoch 2/301 | train_loss=23.6961 train_acc=52.48% | val_loss=0.6908 val_acc=51.88% | lr=3.000000e-05
Saved new best model to /tmp/bow_mlp_imdb_x28x3gac.pt
Epoch 3/301 | train_loss=8.1817 train_acc=58.91% | val_loss=0.6853 val_acc=60.12% | lr=3.000000e-05
Saved new best model to /tmp/bow_mlp_imdb_x28x3gac.pt
Epoch 4/301 | train_loss=3.5528 train_acc=63.98% | val_loss=0.6780 val_acc=67.94% | lr=3.000000e-05
Saved new best model to /tmp/bow_mlp_imdb_x28x3gac.pt
Epoch 5/301 | train_loss=2.5077 train_acc=71.42% | val_loss=0.6692 val_acc=68.84% | lr=3.000000e-05
Saved new best model to /tmp/bow_mlp_imdb_x28x3gac.pt
Epoch 6/301 | train_loss=2.2978 train_acc=75.87% | val_loss=0.6581 val_acc=78.62% | lr=3.000000e-05
Saved new best model to /tmp/bow_mlp_imdb_x28x3gac.pt
Epoch 7/301 | train_loss=2.2227 train_acc=80.85% | val_loss=0.6465 val_acc=80.70% | lr=3.000000e-05
Saved new best model to /tmp/bow_mlp_imdb_x28x3gac.pt
Epoch 8/301 | train_loss=2.1602 train_acc=81.99% | val_loss=0.6343 val_acc=82.34% | lr=3.000000e-05
Saved new best model to /tmp/bow_mlp_imdb_x28x3gac.pt
Epoch 9/301 | train_loss=2.0967 train_acc=83.58% | val_loss=0.6213 val_acc=82.86% | lr=3.000000e-05
Saved new best model to /tmp/bow_mlp_imdb_x28x3gac.pt
Epoch 10/301 | train_loss=2.0316 train_acc=85.19% | val_loss=0.6081 val_acc=83.46% | lr=3.000000e-05
Saved new best model to /tmp/bow_mlp_imdb_x28x3gac.pt
Epoch 11/301 | train_loss=1.9658 train_acc=85.61% | val_loss=0.5941 val_acc=84.40% | lr=3.000000e-05
Saved new best model to /tmp/bow_mlp_imdb_x28x3gac.pt
Epoch 12/301 | train_loss=1.9002 train_acc=86.33% | val_loss=0.5800 val_acc=85.06% | lr=3.000000e-05
Saved new best model to /tmp/bow_mlp_imdb_x28x3gac.pt
Epoch 13/301 | train_loss=1.8344 train_acc=86.89% | val_loss=0.5657 val_acc=85.58% | lr=3.000000e-05
Saved new best model to /tmp/bow_mlp_imdb_x28x3gac.pt
Epoch 14/301 | train_loss=1.7686 train_acc=87.30% | val_loss=0.5509 val_acc=85.90% | lr=3.000000e-05
Saved new best model to /tmp/bow_mlp_imdb_x28x3gac.pt
Epoch 15/301 | train_loss=1.7039 train_acc=87.91% | val_loss=0.5364 val_acc=86.34% | lr=3.000000e-05
Saved new best model to /tmp/bow_mlp_imdb_x28x3gac.pt
Epoch 16/301 | train_loss=1.6406 train_acc=88.34% | val_loss=0.5216 val_acc=86.58% | lr=3.000000e-05
Saved new best model to /tmp/bow_mlp_imdb_x28x3gac.pt
Epoch 17/301 | train_loss=1.5786 train_acc=88.78% | val_loss=0.5076 val_acc=86.64% | lr=3.000000e-05
Saved new best model to /tmp/bow_mlp_imdb_x28x3gac.pt
Epoch 18/301 | train_loss=1.5181 train_acc=89.09% | val_loss=0.4923 val_acc=87.44% | lr=3.000000e-05
Saved new best model to /tmp/bow_mlp_imdb_x28x3gac.pt
Epoch 19/301 | train_loss=1.4593 train_acc=89.59% | val_loss=0.4780 val_acc=87.62% | lr=3.000000e-05
Saved new best model to /tmp/bow_mlp_imdb_x28x3gac.pt
Epoch 20/301 | train_loss=1.4026 train_acc=89.92% | val_loss=0.4641 val_acc=87.76% | lr=3.000000e-05
Saved new best model to /tmp/bow_mlp_imdb_x28x3gac.pt
Epoch 21/301 | train_loss=1.3477 train_acc=90.27% | val_loss=0.4502 val_acc=88.06% | lr=3.000000e-05
Saved new best model to /tmp/bow_mlp_imdb_x28x3gac.pt
Epoch 22/301 | train_loss=1.2952 train_acc=90.66% | val_loss=0.4369 val_acc=88.42% | lr=3.000000e-05
Saved new best model to /tmp/bow_mlp_imdb_x28x3gac.pt
Epoch 23/301 | train_loss=1.2447 train_acc=90.91% | val_loss=0.4241 val_acc=88.42% | lr=3.000000e-05
Epoch 24/301 | train_loss=1.1967 train_acc=91.29% | val_loss=0.4117 val_acc=88.68% | lr=3.000000e-05
Saved new best model to /tmp/bow_mlp_imdb_x28x3gac.pt
Epoch 25/301 | train_loss=1.1508 train_acc=91.61% | val_loss=0.3998 val_acc=88.80% | lr=3.000000e-05
Saved new best model to /tmp/bow_mlp_imdb_x28x3gac.pt
Epoch 26/301 | train_loss=1.1070 train_acc=91.81% | val_loss=0.3887 val_acc=88.84% | lr=3.000000e-05
Saved new best model to /tmp/bow_mlp_imdb_x28x3gac.pt
Epoch 27/301 | train_loss=1.0658 train_acc=92.03% | val_loss=0.3778 val_acc=89.04% | lr=3.000000e-05
Saved new best model to /tmp/bow_mlp_imdb_x28x3gac.pt
Epoch 28/301 | train_loss=1.0264 train_acc=92.27% | val_loss=0.3678 val_acc=89.12% | lr=3.000000e-05
Saved new best model to /tmp/bow_mlp_imdb_x28x3gac.pt
Epoch 29/301 | train_loss=0.9893 train_acc=92.51% | val_loss=0.3584 val_acc=89.20% | lr=3.000000e-05
Saved new best model to /tmp/bow_mlp_imdb_x28x3gac.pt
Epoch 30/301 | train_loss=0.9542 train_acc=92.70% | val_loss=0.3494 val_acc=89.20% | lr=3.000000e-05
Epoch 31/301 | train_loss=0.9210 train_acc=92.97% | val_loss=0.3415 val_acc=89.04% | lr=3.000000e-05
Epoch 32/301 | train_loss=0.8894 train_acc=93.17% | val_loss=0.3341 val_acc=89.42% | lr=3.000000e-05
Saved new best model to /tmp/bow_mlp_imdb_x28x3gac.pt
Epoch 33/301 | train_loss=0.8596 train_acc=93.36% | val_loss=0.3266 val_acc=89.46% | lr=3.000000e-05
Saved new best model to /tmp/bow_mlp_imdb_x28x3gac.pt
Epoch 34/301 | train_loss=0.8314 train_acc=93.59% | val_loss=0.3198 val_acc=89.46% | lr=3.000000e-05
Epoch 35/301 | train_loss=0.8047 train_acc=93.81% | val_loss=0.3146 val_acc=89.76% | lr=3.000000e-05
Saved new best model to /tmp/bow_mlp_imdb_x28x3gac.pt
Epoch 36/301 | train_loss=0.7793 train_acc=94.02% | val_loss=0.3097 val_acc=89.74% | lr=3.000000e-05
Epoch 37/301 | train_loss=0.7555 train_acc=94.24% | val_loss=0.3027 val_acc=89.70% | lr=3.000000e-05
Epoch 38/301 | train_loss=0.7322 train_acc=94.48% | val_loss=0.2989 val_acc=89.78% | lr=3.000000e-05
Saved new best model to /tmp/bow_mlp_imdb_x28x3gac.pt
Epoch 39/301 | train_loss=0.7107 train_acc=94.63% | val_loss=0.2935 val_acc=89.90% | lr=3.000000e-05
Saved new best model to /tmp/bow_mlp_imdb_x28x3gac.pt
Epoch 40/301 | train_loss=0.6899 train_acc=94.83% | val_loss=0.2898 val_acc=89.74% | lr=3.000000e-05
Epoch 41/301 | train_loss=0.6701 train_acc=95.00% | val_loss=0.2859 val_acc=89.84% | lr=3.000000e-05
Epoch 42/301 | train_loss=0.6512 train_acc=95.17% | val_loss=0.2824 val_acc=89.84% | lr=3.000000e-05
Epoch 43/301 | train_loss=0.6329 train_acc=95.42% | val_loss=0.2793 val_acc=89.88% | lr=3.000000e-05
Epoch 44/301 | train_loss=0.6156 train_acc=95.58% | val_loss=0.2765 val_acc=89.96% | lr=3.000000e-05
Saved new best model to /tmp/bow_mlp_imdb_x28x3gac.pt
Epoch 45/301 | train_loss=0.5987 train_acc=95.80% | val_loss=0.2751 val_acc=89.76% | lr=3.000000e-05
Epoch 46/301 | train_loss=0.5829 train_acc=95.93% | val_loss=0.2716 val_acc=89.88% | lr=3.000000e-05
Epoch 47/301 | train_loss=0.5672 train_acc=96.11% | val_loss=0.2698 val_acc=89.86% | lr=3.000000e-05
Epoch 48/301 | train_loss=0.5524 train_acc=96.29% | val_loss=0.2677 val_acc=89.92% | lr=3.000000e-05
Epoch 49/301 | train_loss=0.5381 train_acc=96.41% | val_loss=0.2659 val_acc=89.88% | lr=3.000000e-05
Epoch 50/301 | train_loss=0.5243 train_acc=96.58% | val_loss=0.2643 val_acc=89.92% | lr=3.000000e-05
Epoch 51/301 | train_loss=0.5110 train_acc=96.75% | val_loss=0.2634 val_acc=89.88% | lr=3.000000e-05
Epoch 52/301 | train_loss=0.4982 train_acc=96.89% | val_loss=0.2623 val_acc=89.94% | lr=3.000000e-05
Epoch 53/301 | train_loss=0.4858 train_acc=97.04% | val_loss=0.2609 val_acc=89.88% | lr=3.000000e-05
Epoch 54/301 | train_loss=0.4735 train_acc=97.17% | val_loss=0.2603 val_acc=89.84% | lr=3.000000e-05
Epoch 55/301 | train_loss=0.4619 train_acc=97.30% | val_loss=0.2596 val_acc=89.74% | lr=3.000000e-05
Epoch 56/301 | train_loss=0.4508 train_acc=97.46% | val_loss=0.2589 val_acc=89.76% | lr=3.000000e-05
Epoch 57/301 | train_loss=0.4401 train_acc=97.59% | val_loss=0.2584 val_acc=89.80% | lr=3.000000e-05
Epoch 58/301 | train_loss=0.4292 train_acc=97.73% | val_loss=0.2581 val_acc=89.76% | lr=3.000000e-05
Epoch 59/301 | train_loss=0.4191 train_acc=97.82% | val_loss=0.2581 val_acc=89.78% | lr=3.000000e-05
Epoch 60/301 | train_loss=0.4093 train_acc=97.94% | val_loss=0.2579 val_acc=89.66% | lr=3.000000e-05
Epoch 61/301 | train_loss=0.3995 train_acc=98.06% | val_loss=0.2580 val_acc=89.76% | lr=3.000000e-05
Epoch 62/301 | train_loss=0.3903 train_acc=98.17% | val_loss=0.2580 val_acc=89.72% | lr=3.000000e-05
Epoch 63/301 | train_loss=0.3813 train_acc=98.27% | val_loss=0.2584 val_acc=89.74% | lr=3.000000e-05
Epoch 64/301 | train_loss=0.3726 train_acc=98.36% | val_loss=0.2588 val_acc=89.78% | lr=3.000000e-05
Epoch 65/301 | train_loss=0.3640 train_acc=98.47% | val_loss=0.2593 val_acc=89.68% | lr=3.000000e-05
Epoch 66/301 | train_loss=0.3557 train_acc=98.54% | val_loss=0.2598 val_acc=89.66% | lr=3.000000e-05
Epoch 67/301 | train_loss=0.3476 train_acc=98.63% | val_loss=0.2607 val_acc=89.72% | lr=3.000000e-05
Epoch 68/301 | train_loss=0.3399 train_acc=98.72% | val_loss=0.2618 val_acc=89.60% | lr=3.000000e-05
Validation loss has not improved for 8 epochs. Stopping training.
Test loss=0.2975 | Test accuracy=88.81%
