Loading IMDb dataset from local disk: /home/daniel/l/masteruppsats/np-reg/language/data/imdb_hf
Using device: cuda
BoW vocab size: 25000
Epoch 1/301 | train_loss=0.4547 train_acc=80.03% | val_loss=0.3267 val_acc=87.82% | lr=3.000000e-05
Saved new best model to /tmp/bow_mlp_imdb_8brmdo8u.pt
Epoch 2/301 | train_loss=0.2221 train_acc=93.11% | val_loss=0.2757 val_acc=89.04% | lr=3.000000e-05
Saved new best model to /tmp/bow_mlp_imdb_8brmdo8u.pt
Epoch 3/301 | train_loss=0.1218 train_acc=97.34% | val_loss=0.2639 val_acc=89.42% | lr=3.000000e-05
Saved new best model to /tmp/bow_mlp_imdb_8brmdo8u.pt
Epoch 4/301 | train_loss=0.0653 train_acc=99.22% | val_loss=0.2589 val_acc=89.56% | lr=3.000000e-05
Saved new best model to /tmp/bow_mlp_imdb_8brmdo8u.pt
Epoch 5/301 | train_loss=0.0355 train_acc=99.75% | val_loss=0.2579 val_acc=89.44% | lr=3.000000e-05
Epoch 6/301 | train_loss=0.0205 train_acc=99.92% | val_loss=0.2648 val_acc=89.50% | lr=3.000000e-05
Epoch 7/301 | train_loss=0.0129 train_acc=99.98% | val_loss=0.2720 val_acc=89.42% | lr=3.000000e-05
Epoch 8/301 | train_loss=0.0087 train_acc=100.00% | val_loss=0.2795 val_acc=89.42% | lr=3.000000e-05
Epoch 9/301 | train_loss=0.0062 train_acc=100.00% | val_loss=0.2882 val_acc=89.28% | lr=3.000000e-05
Epoch 10/301 | train_loss=0.0046 train_acc=100.00% | val_loss=0.2948 val_acc=89.40% | lr=3.000000e-05
Epoch 11/301 | train_loss=0.0035 train_acc=100.00% | val_loss=0.3032 val_acc=89.20% | lr=3.000000e-05
Epoch 12/301 | train_loss=0.0027 train_acc=100.00% | val_loss=0.3118 val_acc=89.10% | lr=3.000000e-05
Epoch 13/301 | train_loss=0.0021 train_acc=100.00% | val_loss=0.3193 val_acc=89.16% | lr=3.000000e-05
Validation loss has not improved for 8 epochs. Stopping training.
Test loss=0.2916 | Test accuracy=87.60%
