Loading IMDb dataset from local disk: /home/daniel/l/masteruppsats/np-reg/language/data/imdb_hf
Using device: cuda
BoW vocab size: 25000
Epoch 1/301 | train_loss=0.6744 train_acc=61.40% | val_loss=0.6474 val_acc=73.36% | lr=1.000000e-05
Saved new best model to /tmp/bow_mlp_imdb_otd6i2xw.pt
Epoch 2/301 | train_loss=0.6106 train_acc=77.50% | val_loss=0.5830 val_acc=78.92% | lr=1.000000e-05
Saved new best model to /tmp/bow_mlp_imdb_otd6i2xw.pt
Epoch 3/301 | train_loss=0.5467 train_acc=82.72% | val_loss=0.5300 val_acc=82.86% | lr=1.000000e-05
Saved new best model to /tmp/bow_mlp_imdb_otd6i2xw.pt
Epoch 4/301 | train_loss=0.4941 train_acc=85.48% | val_loss=0.4872 val_acc=85.08% | lr=1.000000e-05
Saved new best model to /tmp/bow_mlp_imdb_otd6i2xw.pt
Epoch 5/301 | train_loss=0.4511 train_acc=86.87% | val_loss=0.4535 val_acc=85.90% | lr=1.000000e-05
Saved new best model to /tmp/bow_mlp_imdb_otd6i2xw.pt
Epoch 6/301 | train_loss=0.4160 train_acc=88.11% | val_loss=0.4261 val_acc=86.64% | lr=1.000000e-05
Saved new best model to /tmp/bow_mlp_imdb_otd6i2xw.pt
Epoch 7/301 | train_loss=0.3857 train_acc=89.02% | val_loss=0.4034 val_acc=87.12% | lr=1.000000e-05
Saved new best model to /tmp/bow_mlp_imdb_otd6i2xw.pt
Epoch 8/301 | train_loss=0.3606 train_acc=89.59% | val_loss=0.3850 val_acc=87.36% | lr=1.000000e-05
Saved new best model to /tmp/bow_mlp_imdb_otd6i2xw.pt
Epoch 9/301 | train_loss=0.3387 train_acc=90.38% | val_loss=0.3689 val_acc=87.60% | lr=1.000000e-05
Saved new best model to /tmp/bow_mlp_imdb_otd6i2xw.pt
Epoch 10/301 | train_loss=0.3197 train_acc=90.79% | val_loss=0.3554 val_acc=87.94% | lr=1.000000e-05
Saved new best model to /tmp/bow_mlp_imdb_otd6i2xw.pt
Epoch 11/301 | train_loss=0.3028 train_acc=91.18% | val_loss=0.3440 val_acc=88.12% | lr=1.000000e-05
Saved new best model to /tmp/bow_mlp_imdb_otd6i2xw.pt
Epoch 12/301 | train_loss=0.2870 train_acc=91.66% | val_loss=0.3340 val_acc=88.42% | lr=1.000000e-05
Saved new best model to /tmp/bow_mlp_imdb_otd6i2xw.pt
Epoch 13/301 | train_loss=0.2729 train_acc=92.01% | val_loss=0.3254 val_acc=88.66% | lr=1.000000e-05
Saved new best model to /tmp/bow_mlp_imdb_otd6i2xw.pt
Epoch 14/301 | train_loss=0.2611 train_acc=92.45% | val_loss=0.3177 val_acc=88.86% | lr=1.000000e-05
Saved new best model to /tmp/bow_mlp_imdb_otd6i2xw.pt
Epoch 15/301 | train_loss=0.2487 train_acc=92.83% | val_loss=0.3112 val_acc=88.88% | lr=1.000000e-05
Saved new best model to /tmp/bow_mlp_imdb_otd6i2xw.pt
Epoch 16/301 | train_loss=0.2381 train_acc=93.19% | val_loss=0.3051 val_acc=88.98% | lr=1.000000e-05
Saved new best model to /tmp/bow_mlp_imdb_otd6i2xw.pt
Epoch 17/301 | train_loss=0.2279 train_acc=93.48% | val_loss=0.3002 val_acc=89.12% | lr=1.000000e-05
Saved new best model to /tmp/bow_mlp_imdb_otd6i2xw.pt
Epoch 18/301 | train_loss=0.2183 train_acc=93.90% | val_loss=0.2951 val_acc=89.22% | lr=1.000000e-05
Saved new best model to /tmp/bow_mlp_imdb_otd6i2xw.pt
Epoch 19/301 | train_loss=0.2101 train_acc=94.05% | val_loss=0.2908 val_acc=89.28% | lr=1.000000e-05
Saved new best model to /tmp/bow_mlp_imdb_otd6i2xw.pt
Epoch 20/301 | train_loss=0.2014 train_acc=94.33% | val_loss=0.2873 val_acc=89.20% | lr=1.000000e-05
Epoch 21/301 | train_loss=0.1941 train_acc=94.58% | val_loss=0.2839 val_acc=89.42% | lr=1.000000e-05
Saved new best model to /tmp/bow_mlp_imdb_otd6i2xw.pt
Epoch 22/301 | train_loss=0.1860 train_acc=94.89% | val_loss=0.2806 val_acc=89.30% | lr=1.000000e-05
Epoch 23/301 | train_loss=0.1785 train_acc=95.09% | val_loss=0.2779 val_acc=89.28% | lr=1.000000e-05
Epoch 24/301 | train_loss=0.1721 train_acc=95.34% | val_loss=0.2758 val_acc=89.38% | lr=1.000000e-05
Epoch 25/301 | train_loss=0.1647 train_acc=95.63% | val_loss=0.2735 val_acc=89.24% | lr=1.000000e-05
Epoch 26/301 | train_loss=0.1595 train_acc=95.75% | val_loss=0.2720 val_acc=89.26% | lr=1.000000e-05
Epoch 27/301 | train_loss=0.1532 train_acc=96.02% | val_loss=0.2700 val_acc=89.24% | lr=1.000000e-05
Epoch 28/301 | train_loss=0.1474 train_acc=96.15% | val_loss=0.2685 val_acc=89.32% | lr=1.000000e-05
Epoch 29/301 | train_loss=0.1420 train_acc=96.38% | val_loss=0.2673 val_acc=89.32% | lr=1.000000e-05
Epoch 30/301 | train_loss=0.1364 train_acc=96.54% | val_loss=0.2662 val_acc=89.42% | lr=1.000000e-05
Epoch 31/301 | train_loss=0.1319 train_acc=96.66% | val_loss=0.2657 val_acc=89.30% | lr=1.000000e-05
Epoch 32/301 | train_loss=0.1267 train_acc=96.84% | val_loss=0.2656 val_acc=89.52% | lr=1.000000e-05
Saved new best model to /tmp/bow_mlp_imdb_otd6i2xw.pt
Epoch 33/301 | train_loss=0.1222 train_acc=97.06% | val_loss=0.2643 val_acc=89.50% | lr=1.000000e-05
Epoch 34/301 | train_loss=0.1170 train_acc=97.25% | val_loss=0.2641 val_acc=89.44% | lr=1.000000e-05
Epoch 35/301 | train_loss=0.1132 train_acc=97.30% | val_loss=0.2646 val_acc=89.48% | lr=1.000000e-05
Epoch 36/301 | train_loss=0.1089 train_acc=97.47% | val_loss=0.2658 val_acc=89.66% | lr=1.000000e-05
Saved new best model to /tmp/bow_mlp_imdb_otd6i2xw.pt
Epoch 37/301 | train_loss=0.1052 train_acc=97.56% | val_loss=0.2639 val_acc=89.50% | lr=1.000000e-05
Epoch 38/301 | train_loss=0.1009 train_acc=97.70% | val_loss=0.2651 val_acc=89.56% | lr=1.000000e-05
Epoch 39/301 | train_loss=0.0975 train_acc=97.85% | val_loss=0.2648 val_acc=89.40% | lr=1.000000e-05
Epoch 40/301 | train_loss=0.0930 train_acc=98.00% | val_loss=0.2656 val_acc=89.56% | lr=1.000000e-05
Epoch 41/301 | train_loss=0.0902 train_acc=98.03% | val_loss=0.2660 val_acc=89.50% | lr=1.000000e-05
Epoch 42/301 | train_loss=0.0866 train_acc=98.23% | val_loss=0.2667 val_acc=89.40% | lr=1.000000e-05
Epoch 43/301 | train_loss=0.0832 train_acc=98.30% | val_loss=0.2672 val_acc=89.42% | lr=1.000000e-05
Epoch 44/301 | train_loss=0.0798 train_acc=98.41% | val_loss=0.2684 val_acc=89.38% | lr=1.000000e-05
Epoch 45/301 | train_loss=0.0769 train_acc=98.50% | val_loss=0.2704 val_acc=89.38% | lr=1.000000e-05
Validation loss has not improved for 8 epochs. Stopping training.
Test loss=0.3008 | Test accuracy=88.24%
