Loading IMDb dataset from local disk: /home/daniel/l/masteruppsats/np-reg/language/data/imdb_hf
Using device: cuda
BoW vocab size: 25000
Epoch 1/301 | train_loss=0.6900 train_acc=51.88% | val_loss=0.6839 val_acc=57.86% | lr=3.000000e-06
Saved new best model to /tmp/bow_mlp_imdb_tcr87ws4.pt
Epoch 2/301 | train_loss=0.6758 train_acc=63.65% | val_loss=0.6692 val_acc=65.32% | lr=3.000000e-06
Saved new best model to /tmp/bow_mlp_imdb_tcr87ws4.pt
Epoch 3/301 | train_loss=0.6573 train_acc=69.62% | val_loss=0.6497 val_acc=71.80% | lr=3.000000e-06
Saved new best model to /tmp/bow_mlp_imdb_tcr87ws4.pt
Epoch 4/301 | train_loss=0.6355 train_acc=74.37% | val_loss=0.6288 val_acc=76.02% | lr=3.000000e-06
Saved new best model to /tmp/bow_mlp_imdb_tcr87ws4.pt
Epoch 5/301 | train_loss=0.6132 train_acc=77.94% | val_loss=0.6086 val_acc=77.74% | lr=3.000000e-06
Saved new best model to /tmp/bow_mlp_imdb_tcr87ws4.pt
Epoch 6/301 | train_loss=0.5921 train_acc=79.94% | val_loss=0.5897 val_acc=79.94% | lr=3.000000e-06
Saved new best model to /tmp/bow_mlp_imdb_tcr87ws4.pt
Epoch 7/301 | train_loss=0.5725 train_acc=81.69% | val_loss=0.5726 val_acc=80.92% | lr=3.000000e-06
Saved new best model to /tmp/bow_mlp_imdb_tcr87ws4.pt
Epoch 8/301 | train_loss=0.5543 train_acc=82.75% | val_loss=0.5564 val_acc=81.84% | lr=3.000000e-06
Saved new best model to /tmp/bow_mlp_imdb_tcr87ws4.pt
Epoch 9/301 | train_loss=0.5371 train_acc=83.81% | val_loss=0.5414 val_acc=82.78% | lr=3.000000e-06
Saved new best model to /tmp/bow_mlp_imdb_tcr87ws4.pt
Epoch 10/301 | train_loss=0.5210 train_acc=84.60% | val_loss=0.5275 val_acc=83.54% | lr=3.000000e-06
Saved new best model to /tmp/bow_mlp_imdb_tcr87ws4.pt
Epoch 11/301 | train_loss=0.5059 train_acc=85.35% | val_loss=0.5144 val_acc=84.12% | lr=3.000000e-06
Saved new best model to /tmp/bow_mlp_imdb_tcr87ws4.pt
Epoch 12/301 | train_loss=0.4917 train_acc=85.93% | val_loss=0.5021 val_acc=84.52% | lr=3.000000e-06
Saved new best model to /tmp/bow_mlp_imdb_tcr87ws4.pt
Epoch 13/301 | train_loss=0.4783 train_acc=86.45% | val_loss=0.4906 val_acc=85.04% | lr=3.000000e-06
Saved new best model to /tmp/bow_mlp_imdb_tcr87ws4.pt
Epoch 14/301 | train_loss=0.4656 train_acc=86.83% | val_loss=0.4798 val_acc=85.26% | lr=3.000000e-06
Saved new best model to /tmp/bow_mlp_imdb_tcr87ws4.pt
Epoch 15/301 | train_loss=0.4536 train_acc=87.22% | val_loss=0.4696 val_acc=85.52% | lr=3.000000e-06
Saved new best model to /tmp/bow_mlp_imdb_tcr87ws4.pt
Epoch 16/301 | train_loss=0.4421 train_acc=87.59% | val_loss=0.4600 val_acc=85.98% | lr=3.000000e-06
Saved new best model to /tmp/bow_mlp_imdb_tcr87ws4.pt
Epoch 17/301 | train_loss=0.4313 train_acc=87.91% | val_loss=0.4510 val_acc=86.12% | lr=3.000000e-06
Saved new best model to /tmp/bow_mlp_imdb_tcr87ws4.pt
Epoch 18/301 | train_loss=0.4210 train_acc=88.18% | val_loss=0.4423 val_acc=86.36% | lr=3.000000e-06
Saved new best model to /tmp/bow_mlp_imdb_tcr87ws4.pt
Epoch 19/301 | train_loss=0.4111 train_acc=88.45% | val_loss=0.4342 val_acc=86.44% | lr=3.000000e-06
Saved new best model to /tmp/bow_mlp_imdb_tcr87ws4.pt
Epoch 20/301 | train_loss=0.4017 train_acc=88.74% | val_loss=0.4265 val_acc=86.76% | lr=3.000000e-06
Saved new best model to /tmp/bow_mlp_imdb_tcr87ws4.pt
Epoch 21/301 | train_loss=0.3928 train_acc=89.02% | val_loss=0.4192 val_acc=86.84% | lr=3.000000e-06
Saved new best model to /tmp/bow_mlp_imdb_tcr87ws4.pt
Epoch 22/301 | train_loss=0.3841 train_acc=89.30% | val_loss=0.4122 val_acc=86.98% | lr=3.000000e-06
Saved new best model to /tmp/bow_mlp_imdb_tcr87ws4.pt
Epoch 23/301 | train_loss=0.3760 train_acc=89.57% | val_loss=0.4057 val_acc=87.12% | lr=3.000000e-06
Saved new best model to /tmp/bow_mlp_imdb_tcr87ws4.pt
Epoch 24/301 | train_loss=0.3681 train_acc=89.76% | val_loss=0.3995 val_acc=87.22% | lr=3.000000e-06
Saved new best model to /tmp/bow_mlp_imdb_tcr87ws4.pt
Epoch 25/301 | train_loss=0.3605 train_acc=89.94% | val_loss=0.3935 val_acc=87.32% | lr=3.000000e-06
Saved new best model to /tmp/bow_mlp_imdb_tcr87ws4.pt
Epoch 26/301 | train_loss=0.3533 train_acc=90.10% | val_loss=0.3879 val_acc=87.24% | lr=3.000000e-06
Epoch 27/301 | train_loss=0.3464 train_acc=90.20% | val_loss=0.3825 val_acc=87.46% | lr=3.000000e-06
Saved new best model to /tmp/bow_mlp_imdb_tcr87ws4.pt
Epoch 28/301 | train_loss=0.3397 train_acc=90.42% | val_loss=0.3774 val_acc=87.52% | lr=3.000000e-06
Saved new best model to /tmp/bow_mlp_imdb_tcr87ws4.pt
Epoch 29/301 | train_loss=0.3333 train_acc=90.55% | val_loss=0.3726 val_acc=87.72% | lr=3.000000e-06
Saved new best model to /tmp/bow_mlp_imdb_tcr87ws4.pt
Epoch 30/301 | train_loss=0.3271 train_acc=90.74% | val_loss=0.3680 val_acc=87.76% | lr=3.000000e-06
Saved new best model to /tmp/bow_mlp_imdb_tcr87ws4.pt
Epoch 31/301 | train_loss=0.3212 train_acc=90.84% | val_loss=0.3635 val_acc=87.78% | lr=3.000000e-06
Saved new best model to /tmp/bow_mlp_imdb_tcr87ws4.pt
Epoch 32/301 | train_loss=0.3154 train_acc=91.05% | val_loss=0.3594 val_acc=87.82% | lr=3.000000e-06
Saved new best model to /tmp/bow_mlp_imdb_tcr87ws4.pt
Epoch 33/301 | train_loss=0.3098 train_acc=91.23% | val_loss=0.3555 val_acc=87.94% | lr=3.000000e-06
Saved new best model to /tmp/bow_mlp_imdb_tcr87ws4.pt
Epoch 34/301 | train_loss=0.3044 train_acc=91.40% | val_loss=0.3515 val_acc=88.04% | lr=3.000000e-06
Saved new best model to /tmp/bow_mlp_imdb_tcr87ws4.pt
Epoch 35/301 | train_loss=0.2993 train_acc=91.42% | val_loss=0.3480 val_acc=88.02% | lr=3.000000e-06
Epoch 36/301 | train_loss=0.2942 train_acc=91.67% | val_loss=0.3446 val_acc=88.06% | lr=3.000000e-06
Saved new best model to /tmp/bow_mlp_imdb_tcr87ws4.pt
Epoch 37/301 | train_loss=0.2894 train_acc=91.79% | val_loss=0.3410 val_acc=88.30% | lr=3.000000e-06
Saved new best model to /tmp/bow_mlp_imdb_tcr87ws4.pt
Epoch 38/301 | train_loss=0.2845 train_acc=91.97% | val_loss=0.3383 val_acc=88.16% | lr=3.000000e-06
Epoch 39/301 | train_loss=0.2801 train_acc=91.99% | val_loss=0.3347 val_acc=88.42% | lr=3.000000e-06
Saved new best model to /tmp/bow_mlp_imdb_tcr87ws4.pt
Epoch 40/301 | train_loss=0.2756 train_acc=92.17% | val_loss=0.3320 val_acc=88.38% | lr=3.000000e-06
Epoch 41/301 | train_loss=0.2713 train_acc=92.30% | val_loss=0.3290 val_acc=88.60% | lr=3.000000e-06
Saved new best model to /tmp/bow_mlp_imdb_tcr87ws4.pt
Epoch 42/301 | train_loss=0.2670 train_acc=92.40% | val_loss=0.3262 val_acc=88.66% | lr=3.000000e-06
Saved new best model to /tmp/bow_mlp_imdb_tcr87ws4.pt
Epoch 43/301 | train_loss=0.2630 train_acc=92.53% | val_loss=0.3236 val_acc=88.74% | lr=3.000000e-06
Saved new best model to /tmp/bow_mlp_imdb_tcr87ws4.pt
Epoch 44/301 | train_loss=0.2590 train_acc=92.62% | val_loss=0.3211 val_acc=88.78% | lr=3.000000e-06
Saved new best model to /tmp/bow_mlp_imdb_tcr87ws4.pt
Epoch 45/301 | train_loss=0.2551 train_acc=92.77% | val_loss=0.3190 val_acc=88.76% | lr=3.000000e-06
Epoch 46/301 | train_loss=0.2513 train_acc=92.89% | val_loss=0.3164 val_acc=88.74% | lr=3.000000e-06
Epoch 47/301 | train_loss=0.2475 train_acc=92.95% | val_loss=0.3144 val_acc=88.86% | lr=3.000000e-06
Saved new best model to /tmp/bow_mlp_imdb_tcr87ws4.pt
Epoch 48/301 | train_loss=0.2439 train_acc=93.06% | val_loss=0.3121 val_acc=88.80% | lr=3.000000e-06
Epoch 49/301 | train_loss=0.2404 train_acc=93.21% | val_loss=0.3100 val_acc=88.86% | lr=3.000000e-06
Epoch 50/301 | train_loss=0.2369 train_acc=93.29% | val_loss=0.3080 val_acc=88.86% | lr=3.000000e-06
Epoch 51/301 | train_loss=0.2335 train_acc=93.39% | val_loss=0.3061 val_acc=88.90% | lr=3.000000e-06
Saved new best model to /tmp/bow_mlp_imdb_tcr87ws4.pt
Epoch 52/301 | train_loss=0.2302 train_acc=93.47% | val_loss=0.3043 val_acc=89.00% | lr=3.000000e-06
Saved new best model to /tmp/bow_mlp_imdb_tcr87ws4.pt
Epoch 53/301 | train_loss=0.2270 train_acc=93.52% | val_loss=0.3025 val_acc=89.02% | lr=3.000000e-06
Saved new best model to /tmp/bow_mlp_imdb_tcr87ws4.pt
Epoch 54/301 | train_loss=0.2238 train_acc=93.67% | val_loss=0.3008 val_acc=89.06% | lr=3.000000e-06
Saved new best model to /tmp/bow_mlp_imdb_tcr87ws4.pt
Epoch 55/301 | train_loss=0.2206 train_acc=93.77% | val_loss=0.2992 val_acc=89.14% | lr=3.000000e-06
Saved new best model to /tmp/bow_mlp_imdb_tcr87ws4.pt
Epoch 56/301 | train_loss=0.2176 train_acc=93.92% | val_loss=0.2975 val_acc=89.14% | lr=3.000000e-06
Epoch 57/301 | train_loss=0.2146 train_acc=93.98% | val_loss=0.2960 val_acc=89.16% | lr=3.000000e-06
Saved new best model to /tmp/bow_mlp_imdb_tcr87ws4.pt
Epoch 58/301 | train_loss=0.2117 train_acc=94.06% | val_loss=0.2945 val_acc=89.16% | lr=3.000000e-06
Epoch 59/301 | train_loss=0.2088 train_acc=94.16% | val_loss=0.2931 val_acc=89.14% | lr=3.000000e-06
Epoch 60/301 | train_loss=0.2060 train_acc=94.23% | val_loss=0.2917 val_acc=89.20% | lr=3.000000e-06
Saved new best model to /tmp/bow_mlp_imdb_tcr87ws4.pt
Epoch 61/301 | train_loss=0.2032 train_acc=94.31% | val_loss=0.2904 val_acc=89.26% | lr=3.000000e-06
Saved new best model to /tmp/bow_mlp_imdb_tcr87ws4.pt
Epoch 62/301 | train_loss=0.2005 train_acc=94.42% | val_loss=0.2891 val_acc=89.28% | lr=3.000000e-06
Saved new best model to /tmp/bow_mlp_imdb_tcr87ws4.pt
Epoch 63/301 | train_loss=0.1978 train_acc=94.53% | val_loss=0.2879 val_acc=89.32% | lr=3.000000e-06
Saved new best model to /tmp/bow_mlp_imdb_tcr87ws4.pt
Epoch 64/301 | train_loss=0.1952 train_acc=94.60% | val_loss=0.2867 val_acc=89.30% | lr=3.000000e-06
Epoch 65/301 | train_loss=0.1926 train_acc=94.69% | val_loss=0.2856 val_acc=89.36% | lr=3.000000e-06
Saved new best model to /tmp/bow_mlp_imdb_tcr87ws4.pt
Epoch 66/301 | train_loss=0.1900 train_acc=94.77% | val_loss=0.2845 val_acc=89.14% | lr=3.000000e-06
Epoch 67/301 | train_loss=0.1876 train_acc=94.88% | val_loss=0.2835 val_acc=89.36% | lr=3.000000e-06
Epoch 68/301 | train_loss=0.1852 train_acc=94.95% | val_loss=0.2824 val_acc=89.36% | lr=3.000000e-06
Epoch 69/301 | train_loss=0.1827 train_acc=95.06% | val_loss=0.2816 val_acc=89.42% | lr=3.000000e-06
Saved new best model to /tmp/bow_mlp_imdb_tcr87ws4.pt
Epoch 70/301 | train_loss=0.1804 train_acc=95.13% | val_loss=0.2805 val_acc=89.38% | lr=3.000000e-06
Epoch 71/301 | train_loss=0.1780 train_acc=95.23% | val_loss=0.2796 val_acc=89.36% | lr=3.000000e-06
Epoch 72/301 | train_loss=0.1757 train_acc=95.33% | val_loss=0.2786 val_acc=89.28% | lr=3.000000e-06
Epoch 73/301 | train_loss=0.1734 train_acc=95.43% | val_loss=0.2778 val_acc=89.36% | lr=3.000000e-06
Epoch 74/301 | train_loss=0.1712 train_acc=95.49% | val_loss=0.2770 val_acc=89.40% | lr=3.000000e-06
Epoch 75/301 | train_loss=0.1690 train_acc=95.56% | val_loss=0.2762 val_acc=89.26% | lr=3.000000e-06
Epoch 76/301 | train_loss=0.1669 train_acc=95.62% | val_loss=0.2754 val_acc=89.30% | lr=3.000000e-06
Epoch 77/301 | train_loss=0.1647 train_acc=95.67% | val_loss=0.2746 val_acc=89.30% | lr=3.000000e-06
Epoch 78/301 | train_loss=0.1626 train_acc=95.79% | val_loss=0.2741 val_acc=89.32% | lr=3.000000e-06
Epoch 79/301 | train_loss=0.1605 train_acc=95.83% | val_loss=0.2734 val_acc=89.32% | lr=3.000000e-06
Epoch 80/301 | train_loss=0.1585 train_acc=95.88% | val_loss=0.2726 val_acc=89.40% | lr=3.000000e-06
Epoch 81/301 | train_loss=0.1564 train_acc=95.94% | val_loss=0.2720 val_acc=89.38% | lr=3.000000e-06
Epoch 82/301 | train_loss=0.1545 train_acc=96.03% | val_loss=0.2714 val_acc=89.36% | lr=3.000000e-06
Epoch 83/301 | train_loss=0.1525 train_acc=96.12% | val_loss=0.2708 val_acc=89.40% | lr=3.000000e-06
Epoch 84/301 | train_loss=0.1505 train_acc=96.11% | val_loss=0.2704 val_acc=89.38% | lr=3.000000e-06
Epoch 85/301 | train_loss=0.1486 train_acc=96.27% | val_loss=0.2699 val_acc=89.34% | lr=3.000000e-06
Epoch 86/301 | train_loss=0.1468 train_acc=96.30% | val_loss=0.2693 val_acc=89.34% | lr=3.000000e-06
Epoch 87/301 | train_loss=0.1449 train_acc=96.41% | val_loss=0.2688 val_acc=89.34% | lr=3.000000e-06
Epoch 88/301 | train_loss=0.1430 train_acc=96.46% | val_loss=0.2683 val_acc=89.42% | lr=3.000000e-06
Epoch 89/301 | train_loss=0.1412 train_acc=96.48% | val_loss=0.2683 val_acc=89.38% | lr=3.000000e-06
Epoch 90/301 | train_loss=0.1395 train_acc=96.55% | val_loss=0.2675 val_acc=89.36% | lr=3.000000e-06
Epoch 91/301 | train_loss=0.1377 train_acc=96.56% | val_loss=0.2671 val_acc=89.36% | lr=3.000000e-06
Epoch 92/301 | train_loss=0.1360 train_acc=96.64% | val_loss=0.2668 val_acc=89.38% | lr=3.000000e-06
Epoch 93/301 | train_loss=0.1343 train_acc=96.73% | val_loss=0.2667 val_acc=89.42% | lr=3.000000e-06
Epoch 94/301 | train_loss=0.1326 train_acc=96.75% | val_loss=0.2662 val_acc=89.42% | lr=3.000000e-06
Epoch 95/301 | train_loss=0.1309 train_acc=96.80% | val_loss=0.2658 val_acc=89.44% | lr=3.000000e-06
Saved new best model to /tmp/bow_mlp_imdb_tcr87ws4.pt
Epoch 96/301 | train_loss=0.1293 train_acc=96.83% | val_loss=0.2656 val_acc=89.42% | lr=3.000000e-06
Epoch 97/301 | train_loss=0.1276 train_acc=96.86% | val_loss=0.2652 val_acc=89.46% | lr=3.000000e-06
Saved new best model to /tmp/bow_mlp_imdb_tcr87ws4.pt
Epoch 98/301 | train_loss=0.1261 train_acc=96.94% | val_loss=0.2650 val_acc=89.46% | lr=3.000000e-06
Epoch 99/301 | train_loss=0.1245 train_acc=96.97% | val_loss=0.2650 val_acc=89.42% | lr=3.000000e-06
Epoch 100/301 | train_loss=0.1229 train_acc=97.05% | val_loss=0.2645 val_acc=89.52% | lr=3.000000e-06
Saved new best model to /tmp/bow_mlp_imdb_tcr87ws4.pt
Epoch 101/301 | train_loss=0.1214 train_acc=97.08% | val_loss=0.2643 val_acc=89.46% | lr=3.000000e-06
Epoch 102/301 | train_loss=0.1199 train_acc=97.09% | val_loss=0.2642 val_acc=89.46% | lr=3.000000e-06
Epoch 103/301 | train_loss=0.1183 train_acc=97.20% | val_loss=0.2640 val_acc=89.42% | lr=3.000000e-06
Epoch 104/301 | train_loss=0.1169 train_acc=97.23% | val_loss=0.2638 val_acc=89.42% | lr=3.000000e-06
Epoch 105/301 | train_loss=0.1154 train_acc=97.28% | val_loss=0.2638 val_acc=89.48% | lr=3.000000e-06
Epoch 106/301 | train_loss=0.1140 train_acc=97.36% | val_loss=0.2637 val_acc=89.52% | lr=3.000000e-06
Epoch 107/301 | train_loss=0.1125 train_acc=97.39% | val_loss=0.2636 val_acc=89.50% | lr=3.000000e-06
Epoch 108/301 | train_loss=0.1111 train_acc=97.44% | val_loss=0.2635 val_acc=89.48% | lr=3.000000e-06
Epoch 109/301 | train_loss=0.1097 train_acc=97.48% | val_loss=0.2637 val_acc=89.52% | lr=3.000000e-06
Epoch 110/301 | train_loss=0.1083 train_acc=97.55% | val_loss=0.2636 val_acc=89.52% | lr=3.000000e-06
Epoch 111/301 | train_loss=0.1070 train_acc=97.61% | val_loss=0.2634 val_acc=89.50% | lr=3.000000e-06
Epoch 112/301 | train_loss=0.1056 train_acc=97.65% | val_loss=0.2637 val_acc=89.46% | lr=3.000000e-06
Epoch 113/301 | train_loss=0.1043 train_acc=97.69% | val_loss=0.2634 val_acc=89.52% | lr=3.000000e-06
Epoch 114/301 | train_loss=0.1030 train_acc=97.70% | val_loss=0.2635 val_acc=89.44% | lr=3.000000e-06
Epoch 115/301 | train_loss=0.1016 train_acc=97.78% | val_loss=0.2636 val_acc=89.38% | lr=3.000000e-06
Epoch 116/301 | train_loss=0.1004 train_acc=97.79% | val_loss=0.2637 val_acc=89.40% | lr=3.000000e-06
Epoch 117/301 | train_loss=0.0991 train_acc=97.83% | val_loss=0.2635 val_acc=89.50% | lr=3.000000e-06
Epoch 118/301 | train_loss=0.0978 train_acc=97.89% | val_loss=0.2637 val_acc=89.52% | lr=3.000000e-06
Epoch 119/301 | train_loss=0.0966 train_acc=97.92% | val_loss=0.2638 val_acc=89.48% | lr=3.000000e-06
Epoch 120/301 | train_loss=0.0954 train_acc=97.98% | val_loss=0.2639 val_acc=89.50% | lr=3.000000e-06
Epoch 121/301 | train_loss=0.0942 train_acc=98.00% | val_loss=0.2639 val_acc=89.48% | lr=3.000000e-06
Epoch 122/301 | train_loss=0.0930 train_acc=98.07% | val_loss=0.2641 val_acc=89.46% | lr=3.000000e-06
Epoch 123/301 | train_loss=0.0918 train_acc=98.08% | val_loss=0.2642 val_acc=89.46% | lr=3.000000e-06
Epoch 124/301 | train_loss=0.0906 train_acc=98.11% | val_loss=0.2645 val_acc=89.52% | lr=3.000000e-06
Epoch 125/301 | train_loss=0.0894 train_acc=98.16% | val_loss=0.2645 val_acc=89.44% | lr=3.000000e-06
Epoch 126/301 | train_loss=0.0883 train_acc=98.17% | val_loss=0.2649 val_acc=89.50% | lr=3.000000e-06
Epoch 127/301 | train_loss=0.0872 train_acc=98.24% | val_loss=0.2649 val_acc=89.48% | lr=3.000000e-06
Epoch 128/301 | train_loss=0.0860 train_acc=98.28% | val_loss=0.2651 val_acc=89.46% | lr=3.000000e-06
Epoch 129/301 | train_loss=0.0849 train_acc=98.32% | val_loss=0.2655 val_acc=89.48% | lr=3.000000e-06
Validation loss has not improved for 8 epochs. Stopping training.
Test loss=0.2941 | Test accuracy=88.42%
