Loading IMDb dataset from local disk: /home/daniel/l/masteruppsats/np-reg/language/data/imdb_hf
Using device: cuda
BoW vocab size: 25000
W0421 20:17:51.663000 1430767 site-packages/torch/_inductor/utils.py:1679] [0/0] Not enough SMs to use max_autotune_gemm mode
Epoch 1/301 | train_loss=0.6804 train_acc=58.64% | val_loss=0.6288 val_acc=67.54% | lr=3.000000e-06
Saved new best model to /tmp/bow_mlp_imdb_q0ub8pn0.pt
Epoch 2/301 | train_loss=0.5762 train_acc=74.72% | val_loss=0.5451 val_acc=76.96% | lr=3.000000e-06
Saved new best model to /tmp/bow_mlp_imdb_q0ub8pn0.pt
Epoch 3/301 | train_loss=0.4900 train_acc=82.20% | val_loss=0.4799 val_acc=81.74% | lr=3.000000e-06
Saved new best model to /tmp/bow_mlp_imdb_q0ub8pn0.pt
Epoch 4/301 | train_loss=0.4251 train_acc=85.77% | val_loss=0.4348 val_acc=83.90% | lr=3.000000e-06
Saved new best model to /tmp/bow_mlp_imdb_q0ub8pn0.pt
Epoch 5/301 | train_loss=0.3774 train_acc=87.95% | val_loss=0.4036 val_acc=84.82% | lr=3.000000e-06
Saved new best model to /tmp/bow_mlp_imdb_q0ub8pn0.pt
Epoch 6/301 | train_loss=0.3407 train_acc=89.67% | val_loss=0.3802 val_acc=85.82% | lr=3.000000e-06
Saved new best model to /tmp/bow_mlp_imdb_q0ub8pn0.pt
Epoch 7/301 | train_loss=0.3109 train_acc=90.95% | val_loss=0.3620 val_acc=86.62% | lr=3.000000e-06
Saved new best model to /tmp/bow_mlp_imdb_q0ub8pn0.pt
Epoch 8/301 | train_loss=0.2856 train_acc=91.92% | val_loss=0.3474 val_acc=87.06% | lr=3.000000e-06
Saved new best model to /tmp/bow_mlp_imdb_q0ub8pn0.pt
Epoch 9/301 | train_loss=0.2634 train_acc=92.84% | val_loss=0.3350 val_acc=87.42% | lr=3.000000e-06
Saved new best model to /tmp/bow_mlp_imdb_q0ub8pn0.pt
Epoch 10/301 | train_loss=0.2435 train_acc=93.66% | val_loss=0.3245 val_acc=87.78% | lr=3.000000e-06
Saved new best model to /tmp/bow_mlp_imdb_q0ub8pn0.pt
Epoch 11/301 | train_loss=0.2254 train_acc=94.38% | val_loss=0.3153 val_acc=88.10% | lr=3.000000e-06
Saved new best model to /tmp/bow_mlp_imdb_q0ub8pn0.pt
Epoch 12/301 | train_loss=0.2090 train_acc=94.97% | val_loss=0.3074 val_acc=88.28% | lr=3.000000e-06
Saved new best model to /tmp/bow_mlp_imdb_q0ub8pn0.pt
Epoch 13/301 | train_loss=0.1936 train_acc=95.60% | val_loss=0.3007 val_acc=88.30% | lr=3.000000e-06
Saved new best model to /tmp/bow_mlp_imdb_q0ub8pn0.pt
Epoch 14/301 | train_loss=0.1793 train_acc=96.08% | val_loss=0.2944 val_acc=88.62% | lr=3.000000e-06
Saved new best model to /tmp/bow_mlp_imdb_q0ub8pn0.pt
Epoch 15/301 | train_loss=0.1660 train_acc=96.56% | val_loss=0.2895 val_acc=88.68% | lr=3.000000e-06
Saved new best model to /tmp/bow_mlp_imdb_q0ub8pn0.pt
Epoch 16/301 | train_loss=0.1536 train_acc=96.99% | val_loss=0.2841 val_acc=88.78% | lr=3.000000e-06
Saved new best model to /tmp/bow_mlp_imdb_q0ub8pn0.pt
Epoch 17/301 | train_loss=0.1419 train_acc=97.34% | val_loss=0.2806 val_acc=89.06% | lr=3.000000e-06
Saved new best model to /tmp/bow_mlp_imdb_q0ub8pn0.pt
Epoch 18/301 | train_loss=0.1311 train_acc=97.73% | val_loss=0.2762 val_acc=89.10% | lr=3.000000e-06
Saved new best model to /tmp/bow_mlp_imdb_q0ub8pn0.pt
Epoch 19/301 | train_loss=0.1209 train_acc=98.06% | val_loss=0.2723 val_acc=89.20% | lr=3.000000e-06
Saved new best model to /tmp/bow_mlp_imdb_q0ub8pn0.pt
Epoch 20/301 | train_loss=0.1114 train_acc=98.38% | val_loss=0.2692 val_acc=89.00% | lr=3.000000e-06
Epoch 21/301 | train_loss=0.1025 train_acc=98.63% | val_loss=0.2673 val_acc=89.36% | lr=3.000000e-06
Saved new best model to /tmp/bow_mlp_imdb_q0ub8pn0.pt
Epoch 22/301 | train_loss=0.0941 train_acc=98.89% | val_loss=0.2645 val_acc=89.30% | lr=3.000000e-06
Epoch 23/301 | train_loss=0.0863 train_acc=99.03% | val_loss=0.2623 val_acc=89.24% | lr=3.000000e-06
Epoch 24/301 | train_loss=0.0791 train_acc=99.17% | val_loss=0.2608 val_acc=89.32% | lr=3.000000e-06
Epoch 25/301 | train_loss=0.0723 train_acc=99.27% | val_loss=0.2591 val_acc=89.34% | lr=3.000000e-06
Epoch 26/301 | train_loss=0.0661 train_acc=99.44% | val_loss=0.2575 val_acc=89.14% | lr=3.000000e-06
Epoch 27/301 | train_loss=0.0603 train_acc=99.54% | val_loss=0.2566 val_acc=89.28% | lr=3.000000e-06
Epoch 28/301 | train_loss=0.0550 train_acc=99.62% | val_loss=0.2558 val_acc=89.26% | lr=3.000000e-06
Epoch 29/301 | train_loss=0.0501 train_acc=99.67% | val_loss=0.2556 val_acc=89.44% | lr=3.000000e-06
Saved new best model to /tmp/bow_mlp_imdb_q0ub8pn0.pt
Epoch 30/301 | train_loss=0.0455 train_acc=99.72% | val_loss=0.2547 val_acc=89.32% | lr=3.000000e-06
Epoch 31/301 | train_loss=0.0414 train_acc=99.77% | val_loss=0.2544 val_acc=89.36% | lr=3.000000e-06
Epoch 32/301 | train_loss=0.0375 train_acc=99.82% | val_loss=0.2560 val_acc=89.46% | lr=3.000000e-06
Saved new best model to /tmp/bow_mlp_imdb_q0ub8pn0.pt
Epoch 33/301 | train_loss=0.0340 train_acc=99.84% | val_loss=0.2551 val_acc=89.40% | lr=3.000000e-06
Epoch 34/301 | train_loss=0.0308 train_acc=99.88% | val_loss=0.2556 val_acc=89.38% | lr=3.000000e-06
Epoch 35/301 | train_loss=0.0279 train_acc=99.90% | val_loss=0.2577 val_acc=89.46% | lr=3.000000e-06
Epoch 36/301 | train_loss=0.0252 train_acc=99.92% | val_loss=0.2589 val_acc=89.42% | lr=3.000000e-06
Epoch 37/301 | train_loss=0.0228 train_acc=99.93% | val_loss=0.2581 val_acc=89.40% | lr=3.000000e-06
Epoch 38/301 | train_loss=0.0206 train_acc=99.94% | val_loss=0.2594 val_acc=89.38% | lr=3.000000e-06
Epoch 39/301 | train_loss=0.0186 train_acc=99.94% | val_loss=0.2602 val_acc=89.42% | lr=3.000000e-06
Validation loss has not improved for 8 epochs. Stopping training.
Test loss=0.2874 | Test accuracy=87.71%
