Loading IMDb dataset from local disk: /home/daniel/l/masteruppsats/np-reg/language/data/imdb_hf
Using device: cuda
BoW vocab size: 25000
Epoch 1/301 | train_loss=0.5572 train_acc=69.75% | val_loss=0.4320 val_acc=83.02% | lr=3.000000e-05
Saved new best model to /tmp/bow_mlp_imdb_jhj1mvg7.pt
Epoch 2/301 | train_loss=0.3356 train_acc=89.56% | val_loss=0.3556 val_acc=87.78% | lr=3.000000e-05
Saved new best model to /tmp/bow_mlp_imdb_jhj1mvg7.pt
Epoch 3/301 | train_loss=0.2474 train_acc=93.92% | val_loss=0.3162 val_acc=88.90% | lr=3.000000e-05
Saved new best model to /tmp/bow_mlp_imdb_jhj1mvg7.pt
Epoch 4/301 | train_loss=0.1890 train_acc=96.29% | val_loss=0.2962 val_acc=89.20% | lr=3.000000e-05
Saved new best model to /tmp/bow_mlp_imdb_jhj1mvg7.pt
Epoch 5/301 | train_loss=0.1440 train_acc=97.95% | val_loss=0.2783 val_acc=89.36% | lr=3.000000e-05
Saved new best model to /tmp/bow_mlp_imdb_jhj1mvg7.pt
Epoch 6/301 | train_loss=0.1092 train_acc=98.86% | val_loss=0.2758 val_acc=89.20% | lr=3.000000e-05
Epoch 7/301 | train_loss=0.0834 train_acc=99.33% | val_loss=0.2676 val_acc=89.18% | lr=3.000000e-05
Epoch 8/301 | train_loss=0.0648 train_acc=99.58% | val_loss=0.2722 val_acc=88.92% | lr=3.000000e-05
Epoch 9/301 | train_loss=0.0519 train_acc=99.74% | val_loss=0.2693 val_acc=88.74% | lr=3.000000e-05
Epoch 10/301 | train_loss=0.0395 train_acc=99.92% | val_loss=0.2788 val_acc=88.46% | lr=3.000000e-05
Epoch 11/301 | train_loss=0.0324 train_acc=99.89% | val_loss=0.2789 val_acc=88.14% | lr=3.000000e-05
Epoch 12/301 | train_loss=0.0266 train_acc=99.93% | val_loss=0.2803 val_acc=88.30% | lr=3.000000e-05
Epoch 13/301 | train_loss=0.0213 train_acc=99.97% | val_loss=0.2891 val_acc=88.16% | lr=3.000000e-05
Epoch 14/301 | train_loss=0.0175 train_acc=99.97% | val_loss=0.2917 val_acc=87.84% | lr=3.000000e-05
Epoch 15/301 | train_loss=0.0149 train_acc=99.99% | val_loss=0.3038 val_acc=87.72% | lr=3.000000e-05
Validation loss has not improved for 8 epochs. Stopping training.
Test loss=0.3000 | Test accuracy=88.16%
