Loading IMDb dataset from local disk: /home/daniel/l/masteruppsats/np-reg/language/data/imdb_hf
Using device: cuda
BoW vocab size: 25000
Epoch 1/301 | train_loss=0.6771 train_acc=60.18% | val_loss=0.6543 val_acc=72.42% | lr=1.000000e-05
Saved new best model to /tmp/bow_mlp_imdb_5d8hfpyz.pt
Epoch 2/301 | train_loss=0.6224 train_acc=75.41% | val_loss=0.5957 val_acc=77.88% | lr=1.000000e-05
Saved new best model to /tmp/bow_mlp_imdb_5d8hfpyz.pt
Epoch 3/301 | train_loss=0.5629 train_acc=81.10% | val_loss=0.5448 val_acc=82.16% | lr=1.000000e-05
Saved new best model to /tmp/bow_mlp_imdb_5d8hfpyz.pt
Epoch 4/301 | train_loss=0.5128 train_acc=84.25% | val_loss=0.5032 val_acc=84.68% | lr=1.000000e-05
Saved new best model to /tmp/bow_mlp_imdb_5d8hfpyz.pt
Epoch 5/301 | train_loss=0.4710 train_acc=85.91% | val_loss=0.4697 val_acc=85.52% | lr=1.000000e-05
Saved new best model to /tmp/bow_mlp_imdb_5d8hfpyz.pt
Epoch 6/301 | train_loss=0.4372 train_acc=87.08% | val_loss=0.4422 val_acc=86.22% | lr=1.000000e-05
Saved new best model to /tmp/bow_mlp_imdb_5d8hfpyz.pt
Epoch 7/301 | train_loss=0.4074 train_acc=88.01% | val_loss=0.4190 val_acc=86.76% | lr=1.000000e-05
Saved new best model to /tmp/bow_mlp_imdb_5d8hfpyz.pt
Epoch 8/301 | train_loss=0.3826 train_acc=88.74% | val_loss=0.3999 val_acc=87.20% | lr=1.000000e-05
Saved new best model to /tmp/bow_mlp_imdb_5d8hfpyz.pt
Epoch 9/301 | train_loss=0.3606 train_acc=89.44% | val_loss=0.3832 val_acc=87.32% | lr=1.000000e-05
Saved new best model to /tmp/bow_mlp_imdb_5d8hfpyz.pt
Epoch 10/301 | train_loss=0.3421 train_acc=89.81% | val_loss=0.3691 val_acc=87.70% | lr=1.000000e-05
Saved new best model to /tmp/bow_mlp_imdb_5d8hfpyz.pt
Epoch 11/301 | train_loss=0.3258 train_acc=90.27% | val_loss=0.3571 val_acc=87.88% | lr=1.000000e-05
Saved new best model to /tmp/bow_mlp_imdb_5d8hfpyz.pt
Epoch 12/301 | train_loss=0.3088 train_acc=90.80% | val_loss=0.3464 val_acc=88.12% | lr=1.000000e-05
Saved new best model to /tmp/bow_mlp_imdb_5d8hfpyz.pt
Epoch 13/301 | train_loss=0.2940 train_acc=91.36% | val_loss=0.3371 val_acc=88.22% | lr=1.000000e-05
Saved new best model to /tmp/bow_mlp_imdb_5d8hfpyz.pt
Epoch 14/301 | train_loss=0.2832 train_acc=91.62% | val_loss=0.3288 val_acc=88.62% | lr=1.000000e-05
Saved new best model to /tmp/bow_mlp_imdb_5d8hfpyz.pt
Epoch 15/301 | train_loss=0.2702 train_acc=91.94% | val_loss=0.3219 val_acc=88.68% | lr=1.000000e-05
Saved new best model to /tmp/bow_mlp_imdb_5d8hfpyz.pt
Epoch 16/301 | train_loss=0.2596 train_acc=92.37% | val_loss=0.3153 val_acc=88.84% | lr=1.000000e-05
Saved new best model to /tmp/bow_mlp_imdb_5d8hfpyz.pt
Epoch 17/301 | train_loss=0.2491 train_acc=92.66% | val_loss=0.3098 val_acc=88.96% | lr=1.000000e-05
Saved new best model to /tmp/bow_mlp_imdb_5d8hfpyz.pt
Epoch 18/301 | train_loss=0.2391 train_acc=93.09% | val_loss=0.3042 val_acc=88.98% | lr=1.000000e-05
Saved new best model to /tmp/bow_mlp_imdb_5d8hfpyz.pt
Epoch 19/301 | train_loss=0.2320 train_acc=93.23% | val_loss=0.2995 val_acc=89.14% | lr=1.000000e-05
Saved new best model to /tmp/bow_mlp_imdb_5d8hfpyz.pt
Epoch 20/301 | train_loss=0.2226 train_acc=93.41% | val_loss=0.2955 val_acc=89.08% | lr=1.000000e-05
Epoch 21/301 | train_loss=0.2142 train_acc=93.75% | val_loss=0.2916 val_acc=89.24% | lr=1.000000e-05
Saved new best model to /tmp/bow_mlp_imdb_5d8hfpyz.pt
Epoch 22/301 | train_loss=0.2066 train_acc=94.08% | val_loss=0.2880 val_acc=89.34% | lr=1.000000e-05
Saved new best model to /tmp/bow_mlp_imdb_5d8hfpyz.pt
Epoch 23/301 | train_loss=0.1990 train_acc=94.35% | val_loss=0.2848 val_acc=89.28% | lr=1.000000e-05
Epoch 24/301 | train_loss=0.1931 train_acc=94.32% | val_loss=0.2821 val_acc=89.42% | lr=1.000000e-05
Saved new best model to /tmp/bow_mlp_imdb_5d8hfpyz.pt
Epoch 25/301 | train_loss=0.1854 train_acc=94.80% | val_loss=0.2794 val_acc=89.30% | lr=1.000000e-05
Epoch 26/301 | train_loss=0.1790 train_acc=95.06% | val_loss=0.2777 val_acc=89.16% | lr=1.000000e-05
Epoch 27/301 | train_loss=0.1734 train_acc=95.17% | val_loss=0.2750 val_acc=89.24% | lr=1.000000e-05
Epoch 28/301 | train_loss=0.1672 train_acc=95.22% | val_loss=0.2731 val_acc=89.32% | lr=1.000000e-05
Epoch 29/301 | train_loss=0.1619 train_acc=95.55% | val_loss=0.2715 val_acc=89.36% | lr=1.000000e-05
Epoch 30/301 | train_loss=0.1558 train_acc=95.80% | val_loss=0.2701 val_acc=89.30% | lr=1.000000e-05
Epoch 31/301 | train_loss=0.1511 train_acc=95.80% | val_loss=0.2690 val_acc=89.32% | lr=1.000000e-05
Epoch 32/301 | train_loss=0.1461 train_acc=95.98% | val_loss=0.2684 val_acc=89.54% | lr=1.000000e-05
Saved new best model to /tmp/bow_mlp_imdb_5d8hfpyz.pt
Epoch 33/301 | train_loss=0.1411 train_acc=96.25% | val_loss=0.2670 val_acc=89.40% | lr=1.000000e-05
Epoch 34/301 | train_loss=0.1361 train_acc=96.48% | val_loss=0.2662 val_acc=89.44% | lr=1.000000e-05
Epoch 35/301 | train_loss=0.1315 train_acc=96.55% | val_loss=0.2663 val_acc=89.56% | lr=1.000000e-05
Saved new best model to /tmp/bow_mlp_imdb_5d8hfpyz.pt
Epoch 36/301 | train_loss=0.1274 train_acc=96.71% | val_loss=0.2665 val_acc=89.56% | lr=1.000000e-05
Epoch 37/301 | train_loss=0.1230 train_acc=96.89% | val_loss=0.2646 val_acc=89.56% | lr=1.000000e-05
Epoch 38/301 | train_loss=0.1190 train_acc=96.97% | val_loss=0.2652 val_acc=89.64% | lr=1.000000e-05
Saved new best model to /tmp/bow_mlp_imdb_5d8hfpyz.pt
Epoch 39/301 | train_loss=0.1144 train_acc=97.17% | val_loss=0.2642 val_acc=89.56% | lr=1.000000e-05
Epoch 40/301 | train_loss=0.1106 train_acc=97.30% | val_loss=0.2647 val_acc=89.58% | lr=1.000000e-05
Epoch 41/301 | train_loss=0.1070 train_acc=97.45% | val_loss=0.2649 val_acc=89.52% | lr=1.000000e-05
Epoch 42/301 | train_loss=0.1034 train_acc=97.48% | val_loss=0.2648 val_acc=89.46% | lr=1.000000e-05
Epoch 43/301 | train_loss=0.0992 train_acc=97.78% | val_loss=0.2649 val_acc=89.54% | lr=1.000000e-05
Epoch 44/301 | train_loss=0.0964 train_acc=97.72% | val_loss=0.2657 val_acc=89.46% | lr=1.000000e-05
Epoch 45/301 | train_loss=0.0933 train_acc=97.91% | val_loss=0.2669 val_acc=89.48% | lr=1.000000e-05
Epoch 46/301 | train_loss=0.0909 train_acc=97.87% | val_loss=0.2667 val_acc=89.48% | lr=1.000000e-05
Epoch 47/301 | train_loss=0.0863 train_acc=98.14% | val_loss=0.2677 val_acc=89.50% | lr=1.000000e-05
Validation loss has not improved for 8 epochs. Stopping training.
Test loss=0.2977 | Test accuracy=88.32%
