Loading IMDb dataset from local disk: /home/daniel/l/masteruppsats/np-reg/language/data/imdb_hf
Using device: cuda
BoW vocab size: 25000
Epoch 1/301 | train_loss=28.4798 train_acc=54.45% | val_loss=0.6832 val_acc=63.04% | lr=3.000000e-05
Saved new best model to /tmp/bow_mlp_imdb_3bb3ugkl.pt
Epoch 2/301 | train_loss=2.4642 train_acc=71.00% | val_loss=0.6547 val_acc=69.90% | lr=3.000000e-05
Saved new best model to /tmp/bow_mlp_imdb_3bb3ugkl.pt
Epoch 3/301 | train_loss=2.1128 train_acc=81.16% | val_loss=0.6173 val_acc=77.26% | lr=3.000000e-05
Saved new best model to /tmp/bow_mlp_imdb_3bb3ugkl.pt
Epoch 4/301 | train_loss=1.9046 train_acc=84.16% | val_loss=0.5739 val_acc=82.96% | lr=3.000000e-05
Saved new best model to /tmp/bow_mlp_imdb_3bb3ugkl.pt
Epoch 5/301 | train_loss=1.6991 train_acc=86.03% | val_loss=0.5308 val_acc=85.32% | lr=3.000000e-05
Saved new best model to /tmp/bow_mlp_imdb_3bb3ugkl.pt
Epoch 6/301 | train_loss=1.5092 train_acc=87.44% | val_loss=0.4887 val_acc=86.72% | lr=3.000000e-05
Saved new best model to /tmp/bow_mlp_imdb_3bb3ugkl.pt
Epoch 7/301 | train_loss=1.3411 train_acc=88.52% | val_loss=0.4501 val_acc=87.32% | lr=3.000000e-05
Saved new best model to /tmp/bow_mlp_imdb_3bb3ugkl.pt
Epoch 8/301 | train_loss=1.1964 train_acc=89.56% | val_loss=0.4158 val_acc=88.00% | lr=3.000000e-05
Saved new best model to /tmp/bow_mlp_imdb_3bb3ugkl.pt
Epoch 9/301 | train_loss=1.0748 train_acc=90.23% | val_loss=0.3863 val_acc=88.48% | lr=3.000000e-05
Saved new best model to /tmp/bow_mlp_imdb_3bb3ugkl.pt
Epoch 10/301 | train_loss=0.9748 train_acc=90.94% | val_loss=0.3619 val_acc=88.34% | lr=3.000000e-05
Epoch 11/301 | train_loss=0.8914 train_acc=91.55% | val_loss=0.3417 val_acc=88.82% | lr=3.000000e-05
Saved new best model to /tmp/bow_mlp_imdb_3bb3ugkl.pt
Epoch 12/301 | train_loss=0.8217 train_acc=92.22% | val_loss=0.3258 val_acc=88.72% | lr=3.000000e-05
Epoch 13/301 | train_loss=0.7622 train_acc=92.75% | val_loss=0.3121 val_acc=88.94% | lr=3.000000e-05
Saved new best model to /tmp/bow_mlp_imdb_3bb3ugkl.pt
Epoch 14/301 | train_loss=0.7110 train_acc=93.27% | val_loss=0.3009 val_acc=89.32% | lr=3.000000e-05
Saved new best model to /tmp/bow_mlp_imdb_3bb3ugkl.pt
Epoch 15/301 | train_loss=0.6653 train_acc=93.81% | val_loss=0.2934 val_acc=89.30% | lr=3.000000e-05
Epoch 16/301 | train_loss=0.6259 train_acc=94.37% | val_loss=0.2857 val_acc=89.28% | lr=3.000000e-05
Epoch 17/301 | train_loss=0.5902 train_acc=94.86% | val_loss=0.2821 val_acc=89.56% | lr=3.000000e-05
Saved new best model to /tmp/bow_mlp_imdb_3bb3ugkl.pt
Epoch 18/301 | train_loss=0.5584 train_acc=95.39% | val_loss=0.2736 val_acc=89.54% | lr=3.000000e-05
Epoch 19/301 | train_loss=0.5288 train_acc=95.78% | val_loss=0.2697 val_acc=89.66% | lr=3.000000e-05
Saved new best model to /tmp/bow_mlp_imdb_3bb3ugkl.pt
Epoch 20/301 | train_loss=0.5017 train_acc=96.16% | val_loss=0.2671 val_acc=89.74% | lr=3.000000e-05
Saved new best model to /tmp/bow_mlp_imdb_3bb3ugkl.pt
Epoch 21/301 | train_loss=0.4774 train_acc=96.54% | val_loss=0.2682 val_acc=89.66% | lr=3.000000e-05
Epoch 22/301 | train_loss=0.4556 train_acc=96.88% | val_loss=0.2628 val_acc=89.66% | lr=3.000000e-05
Epoch 23/301 | train_loss=0.4352 train_acc=97.23% | val_loss=0.2619 val_acc=89.52% | lr=3.000000e-05
Epoch 24/301 | train_loss=0.4164 train_acc=97.50% | val_loss=0.2619 val_acc=89.58% | lr=3.000000e-05
Epoch 25/301 | train_loss=0.3982 train_acc=97.81% | val_loss=0.2617 val_acc=89.44% | lr=3.000000e-05
Epoch 26/301 | train_loss=0.3820 train_acc=98.09% | val_loss=0.2633 val_acc=89.52% | lr=3.000000e-05
Epoch 27/301 | train_loss=0.3667 train_acc=98.30% | val_loss=0.2640 val_acc=89.44% | lr=3.000000e-05
Epoch 28/301 | train_loss=0.3519 train_acc=98.50% | val_loss=0.2655 val_acc=89.40% | lr=3.000000e-05
Epoch 29/301 | train_loss=0.3386 train_acc=98.64% | val_loss=0.2679 val_acc=89.38% | lr=3.000000e-05
Epoch 30/301 | train_loss=0.3257 train_acc=98.84% | val_loss=0.2701 val_acc=89.26% | lr=3.000000e-05
Epoch 31/301 | train_loss=0.3137 train_acc=99.01% | val_loss=0.2732 val_acc=89.16% | lr=3.000000e-05
Epoch 32/301 | train_loss=0.3018 train_acc=99.10% | val_loss=0.2789 val_acc=89.14% | lr=3.000000e-05
Epoch 33/301 | train_loss=0.2909 train_acc=99.22% | val_loss=0.2799 val_acc=89.06% | lr=3.000000e-05
Validation loss has not improved for 8 epochs. Stopping training.
Test loss=0.2913 | Test accuracy=88.61%
