Loading IMDb dataset from local disk: /home/daniel/l/masteruppsats/np-reg/language/data/imdb_hf
Using device: cuda
BoW vocab size: 3125
Epoch 1/301 | train_loss=8.5032 train_acc=49.66% | val_loss=0.6928 val_acc=51.16% | lr=1.000000e-05
Saved new best model to /tmp/bow_mlp_imdb_e2_q7r_n.pt
Epoch 2/301 | train_loss=6.4538 train_acc=53.39% | val_loss=0.6805 val_acc=60.50% | lr=1.000000e-05
Saved new best model to /tmp/bow_mlp_imdb_e2_q7r_n.pt
Epoch 3/301 | train_loss=4.7802 train_acc=63.28% | val_loss=0.6644 val_acc=66.48% | lr=1.000000e-05
Saved new best model to /tmp/bow_mlp_imdb_e2_q7r_n.pt
Epoch 4/301 | train_loss=3.4755 train_acc=70.08% | val_loss=0.6443 val_acc=72.66% | lr=1.000000e-05
Saved new best model to /tmp/bow_mlp_imdb_e2_q7r_n.pt
Epoch 5/301 | train_loss=2.5100 train_acc=74.52% | val_loss=0.6269 val_acc=76.06% | lr=1.000000e-05
Saved new best model to /tmp/bow_mlp_imdb_e2_q7r_n.pt
Epoch 6/301 | train_loss=1.8135 train_acc=77.20% | val_loss=0.6108 val_acc=77.88% | lr=1.000000e-05
Saved new best model to /tmp/bow_mlp_imdb_e2_q7r_n.pt
Epoch 7/301 | train_loss=1.3338 train_acc=78.92% | val_loss=0.5950 val_acc=78.86% | lr=1.000000e-05
Saved new best model to /tmp/bow_mlp_imdb_e2_q7r_n.pt
Epoch 8/301 | train_loss=1.0271 train_acc=80.12% | val_loss=0.5788 val_acc=80.06% | lr=1.000000e-05
Saved new best model to /tmp/bow_mlp_imdb_e2_q7r_n.pt
Epoch 9/301 | train_loss=0.8478 train_acc=80.95% | val_loss=0.5624 val_acc=81.76% | lr=1.000000e-05
Saved new best model to /tmp/bow_mlp_imdb_e2_q7r_n.pt
Epoch 10/301 | train_loss=0.7519 train_acc=81.95% | val_loss=0.5467 val_acc=82.04% | lr=1.000000e-05
Saved new best model to /tmp/bow_mlp_imdb_e2_q7r_n.pt
Epoch 11/301 | train_loss=0.7034 train_acc=82.62% | val_loss=0.5313 val_acc=82.74% | lr=1.000000e-05
Saved new best model to /tmp/bow_mlp_imdb_e2_q7r_n.pt
Epoch 12/301 | train_loss=0.6760 train_acc=83.23% | val_loss=0.5172 val_acc=83.10% | lr=1.000000e-05
Saved new best model to /tmp/bow_mlp_imdb_e2_q7r_n.pt
Epoch 13/301 | train_loss=0.6567 train_acc=83.70% | val_loss=0.5036 val_acc=83.66% | lr=1.000000e-05
Saved new best model to /tmp/bow_mlp_imdb_e2_q7r_n.pt
Epoch 14/301 | train_loss=0.6399 train_acc=84.14% | val_loss=0.4918 val_acc=83.90% | lr=1.000000e-05
Saved new best model to /tmp/bow_mlp_imdb_e2_q7r_n.pt
Epoch 15/301 | train_loss=0.6242 train_acc=84.53% | val_loss=0.4803 val_acc=84.14% | lr=1.000000e-05
Saved new best model to /tmp/bow_mlp_imdb_e2_q7r_n.pt
Epoch 16/301 | train_loss=0.6096 train_acc=84.94% | val_loss=0.4698 val_acc=84.20% | lr=1.000000e-05
Saved new best model to /tmp/bow_mlp_imdb_e2_q7r_n.pt
Epoch 17/301 | train_loss=0.5960 train_acc=85.23% | val_loss=0.4603 val_acc=84.26% | lr=1.000000e-05
Saved new best model to /tmp/bow_mlp_imdb_e2_q7r_n.pt
Epoch 18/301 | train_loss=0.5832 train_acc=85.44% | val_loss=0.4517 val_acc=84.78% | lr=1.000000e-05
Saved new best model to /tmp/bow_mlp_imdb_e2_q7r_n.pt
Epoch 19/301 | train_loss=0.5713 train_acc=85.71% | val_loss=0.4439 val_acc=84.94% | lr=1.000000e-05
Saved new best model to /tmp/bow_mlp_imdb_e2_q7r_n.pt
Epoch 20/301 | train_loss=0.5602 train_acc=85.91% | val_loss=0.4365 val_acc=85.04% | lr=1.000000e-05
Saved new best model to /tmp/bow_mlp_imdb_e2_q7r_n.pt
Epoch 21/301 | train_loss=0.5498 train_acc=86.19% | val_loss=0.4297 val_acc=85.30% | lr=1.000000e-05
Saved new best model to /tmp/bow_mlp_imdb_e2_q7r_n.pt
Epoch 22/301 | train_loss=0.5400 train_acc=86.28% | val_loss=0.4233 val_acc=85.42% | lr=1.000000e-05
Saved new best model to /tmp/bow_mlp_imdb_e2_q7r_n.pt
Epoch 23/301 | train_loss=0.5310 train_acc=86.50% | val_loss=0.4176 val_acc=85.48% | lr=1.000000e-05
Saved new best model to /tmp/bow_mlp_imdb_e2_q7r_n.pt
Epoch 24/301 | train_loss=0.5225 train_acc=86.63% | val_loss=0.4123 val_acc=85.50% | lr=1.000000e-05
Saved new best model to /tmp/bow_mlp_imdb_e2_q7r_n.pt
Epoch 25/301 | train_loss=0.5143 train_acc=86.74% | val_loss=0.4070 val_acc=85.64% | lr=1.000000e-05
Saved new best model to /tmp/bow_mlp_imdb_e2_q7r_n.pt
Epoch 26/301 | train_loss=0.5067 train_acc=86.85% | val_loss=0.4023 val_acc=85.84% | lr=1.000000e-05
Saved new best model to /tmp/bow_mlp_imdb_e2_q7r_n.pt
Epoch 27/301 | train_loss=0.4995 train_acc=86.97% | val_loss=0.3977 val_acc=85.70% | lr=1.000000e-05
Epoch 28/301 | train_loss=0.4927 train_acc=87.09% | val_loss=0.3937 val_acc=85.86% | lr=1.000000e-05
Saved new best model to /tmp/bow_mlp_imdb_e2_q7r_n.pt
Epoch 29/301 | train_loss=0.4862 train_acc=87.12% | val_loss=0.3897 val_acc=85.76% | lr=1.000000e-05
Epoch 30/301 | train_loss=0.4800 train_acc=87.25% | val_loss=0.3863 val_acc=85.90% | lr=1.000000e-05
Saved new best model to /tmp/bow_mlp_imdb_e2_q7r_n.pt
Epoch 31/301 | train_loss=0.4742 train_acc=87.39% | val_loss=0.3825 val_acc=86.00% | lr=1.000000e-05
Saved new best model to /tmp/bow_mlp_imdb_e2_q7r_n.pt
Epoch 32/301 | train_loss=0.4686 train_acc=87.52% | val_loss=0.3796 val_acc=85.96% | lr=1.000000e-05
Epoch 33/301 | train_loss=0.4633 train_acc=87.62% | val_loss=0.3762 val_acc=86.16% | lr=1.000000e-05
Saved new best model to /tmp/bow_mlp_imdb_e2_q7r_n.pt
Epoch 34/301 | train_loss=0.4582 train_acc=87.70% | val_loss=0.3732 val_acc=86.18% | lr=1.000000e-05
Saved new best model to /tmp/bow_mlp_imdb_e2_q7r_n.pt
Epoch 35/301 | train_loss=0.4533 train_acc=87.86% | val_loss=0.3706 val_acc=86.12% | lr=1.000000e-05
Epoch 36/301 | train_loss=0.4487 train_acc=87.91% | val_loss=0.3679 val_acc=86.32% | lr=1.000000e-05
Saved new best model to /tmp/bow_mlp_imdb_e2_q7r_n.pt
Epoch 37/301 | train_loss=0.4443 train_acc=88.03% | val_loss=0.3653 val_acc=86.28% | lr=1.000000e-05
Epoch 38/301 | train_loss=0.4398 train_acc=88.09% | val_loss=0.3630 val_acc=86.22% | lr=1.000000e-05
Epoch 39/301 | train_loss=0.4358 train_acc=88.17% | val_loss=0.3607 val_acc=86.32% | lr=1.000000e-05
Epoch 40/301 | train_loss=0.4318 train_acc=88.17% | val_loss=0.3585 val_acc=86.36% | lr=1.000000e-05
Saved new best model to /tmp/bow_mlp_imdb_e2_q7r_n.pt
Epoch 41/301 | train_loss=0.4280 train_acc=88.32% | val_loss=0.3570 val_acc=86.32% | lr=1.000000e-05
Epoch 42/301 | train_loss=0.4244 train_acc=88.30% | val_loss=0.3546 val_acc=86.32% | lr=1.000000e-05
Epoch 43/301 | train_loss=0.4209 train_acc=88.39% | val_loss=0.3527 val_acc=86.38% | lr=1.000000e-05
Saved new best model to /tmp/bow_mlp_imdb_e2_q7r_n.pt
Epoch 44/301 | train_loss=0.4175 train_acc=88.47% | val_loss=0.3509 val_acc=86.40% | lr=1.000000e-05
Saved new best model to /tmp/bow_mlp_imdb_e2_q7r_n.pt
Epoch 45/301 | train_loss=0.4142 train_acc=88.42% | val_loss=0.3493 val_acc=86.46% | lr=1.000000e-05
Saved new best model to /tmp/bow_mlp_imdb_e2_q7r_n.pt
Epoch 46/301 | train_loss=0.4110 train_acc=88.54% | val_loss=0.3476 val_acc=86.40% | lr=1.000000e-05
Epoch 47/301 | train_loss=0.4080 train_acc=88.56% | val_loss=0.3461 val_acc=86.38% | lr=1.000000e-05
Epoch 48/301 | train_loss=0.4049 train_acc=88.64% | val_loss=0.3446 val_acc=86.46% | lr=1.000000e-05
Epoch 49/301 | train_loss=0.4020 train_acc=88.69% | val_loss=0.3431 val_acc=86.44% | lr=1.000000e-05
Epoch 50/301 | train_loss=0.3992 train_acc=88.75% | val_loss=0.3418 val_acc=86.48% | lr=1.000000e-05
Saved new best model to /tmp/bow_mlp_imdb_e2_q7r_n.pt
Epoch 51/301 | train_loss=0.3965 train_acc=88.78% | val_loss=0.3405 val_acc=86.42% | lr=1.000000e-05
Epoch 52/301 | train_loss=0.3939 train_acc=88.78% | val_loss=0.3392 val_acc=86.44% | lr=1.000000e-05
Epoch 53/301 | train_loss=0.3913 train_acc=88.86% | val_loss=0.3381 val_acc=86.44% | lr=1.000000e-05
Epoch 54/301 | train_loss=0.3888 train_acc=88.98% | val_loss=0.3368 val_acc=86.46% | lr=1.000000e-05
Epoch 55/301 | train_loss=0.3864 train_acc=88.99% | val_loss=0.3361 val_acc=86.48% | lr=1.000000e-05
Epoch 56/301 | train_loss=0.3840 train_acc=89.08% | val_loss=0.3351 val_acc=86.56% | lr=1.000000e-05
Saved new best model to /tmp/bow_mlp_imdb_e2_q7r_n.pt
Epoch 57/301 | train_loss=0.3818 train_acc=89.05% | val_loss=0.3337 val_acc=86.62% | lr=1.000000e-05
Saved new best model to /tmp/bow_mlp_imdb_e2_q7r_n.pt
Epoch 58/301 | train_loss=0.3795 train_acc=89.14% | val_loss=0.3328 val_acc=86.66% | lr=1.000000e-05
Saved new best model to /tmp/bow_mlp_imdb_e2_q7r_n.pt
Epoch 59/301 | train_loss=0.3773 train_acc=89.15% | val_loss=0.3319 val_acc=86.66% | lr=1.000000e-05
Epoch 60/301 | train_loss=0.3752 train_acc=89.18% | val_loss=0.3314 val_acc=86.66% | lr=1.000000e-05
Epoch 61/301 | train_loss=0.3733 train_acc=89.22% | val_loss=0.3300 val_acc=86.74% | lr=1.000000e-05
Saved new best model to /tmp/bow_mlp_imdb_e2_q7r_n.pt
Epoch 62/301 | train_loss=0.3712 train_acc=89.29% | val_loss=0.3292 val_acc=86.68% | lr=1.000000e-05
Epoch 63/301 | train_loss=0.3692 train_acc=89.32% | val_loss=0.3285 val_acc=86.84% | lr=1.000000e-05
Saved new best model to /tmp/bow_mlp_imdb_e2_q7r_n.pt
Epoch 64/301 | train_loss=0.3674 train_acc=89.28% | val_loss=0.3276 val_acc=86.80% | lr=1.000000e-05
Epoch 65/301 | train_loss=0.3656 train_acc=89.41% | val_loss=0.3269 val_acc=86.82% | lr=1.000000e-05
Epoch 66/301 | train_loss=0.3637 train_acc=89.42% | val_loss=0.3261 val_acc=86.88% | lr=1.000000e-05
Saved new best model to /tmp/bow_mlp_imdb_e2_q7r_n.pt
Epoch 67/301 | train_loss=0.3620 train_acc=89.44% | val_loss=0.3256 val_acc=86.90% | lr=1.000000e-05
Saved new best model to /tmp/bow_mlp_imdb_e2_q7r_n.pt
Epoch 68/301 | train_loss=0.3602 train_acc=89.44% | val_loss=0.3248 val_acc=86.86% | lr=1.000000e-05
Epoch 69/301 | train_loss=0.3586 train_acc=89.53% | val_loss=0.3244 val_acc=86.84% | lr=1.000000e-05
Epoch 70/301 | train_loss=0.3569 train_acc=89.50% | val_loss=0.3236 val_acc=86.94% | lr=1.000000e-05
Saved new best model to /tmp/bow_mlp_imdb_e2_q7r_n.pt
Epoch 71/301 | train_loss=0.3553 train_acc=89.55% | val_loss=0.3230 val_acc=86.94% | lr=1.000000e-05
Epoch 72/301 | train_loss=0.3537 train_acc=89.60% | val_loss=0.3227 val_acc=86.94% | lr=1.000000e-05
Epoch 73/301 | train_loss=0.3522 train_acc=89.64% | val_loss=0.3220 val_acc=86.94% | lr=1.000000e-05
Epoch 74/301 | train_loss=0.3507 train_acc=89.70% | val_loss=0.3216 val_acc=86.90% | lr=1.000000e-05
Epoch 75/301 | train_loss=0.3491 train_acc=89.80% | val_loss=0.3210 val_acc=86.96% | lr=1.000000e-05
Saved new best model to /tmp/bow_mlp_imdb_e2_q7r_n.pt
Epoch 76/301 | train_loss=0.3477 train_acc=89.77% | val_loss=0.3205 val_acc=87.02% | lr=1.000000e-05
Saved new best model to /tmp/bow_mlp_imdb_e2_q7r_n.pt
Epoch 77/301 | train_loss=0.3463 train_acc=89.81% | val_loss=0.3201 val_acc=86.90% | lr=1.000000e-05
Epoch 78/301 | train_loss=0.3449 train_acc=89.86% | val_loss=0.3197 val_acc=86.94% | lr=1.000000e-05
Epoch 79/301 | train_loss=0.3435 train_acc=89.87% | val_loss=0.3192 val_acc=86.94% | lr=1.000000e-05
Epoch 80/301 | train_loss=0.3420 train_acc=89.86% | val_loss=0.3192 val_acc=86.96% | lr=1.000000e-05
Epoch 81/301 | train_loss=0.3408 train_acc=89.96% | val_loss=0.3184 val_acc=87.08% | lr=1.000000e-05
Saved new best model to /tmp/bow_mlp_imdb_e2_q7r_n.pt
Epoch 82/301 | train_loss=0.3395 train_acc=89.93% | val_loss=0.3180 val_acc=86.94% | lr=1.000000e-05
Epoch 83/301 | train_loss=0.3383 train_acc=89.99% | val_loss=0.3176 val_acc=86.96% | lr=1.000000e-05
Epoch 84/301 | train_loss=0.3370 train_acc=90.03% | val_loss=0.3175 val_acc=87.00% | lr=1.000000e-05
Epoch 85/301 | train_loss=0.3358 train_acc=90.05% | val_loss=0.3170 val_acc=87.10% | lr=1.000000e-05
Saved new best model to /tmp/bow_mlp_imdb_e2_q7r_n.pt
Epoch 86/301 | train_loss=0.3346 train_acc=90.02% | val_loss=0.3167 val_acc=86.98% | lr=1.000000e-05
Epoch 87/301 | train_loss=0.3333 train_acc=90.12% | val_loss=0.3164 val_acc=87.08% | lr=1.000000e-05
Epoch 88/301 | train_loss=0.3322 train_acc=90.11% | val_loss=0.3161 val_acc=87.16% | lr=1.000000e-05
Saved new best model to /tmp/bow_mlp_imdb_e2_q7r_n.pt
Epoch 89/301 | train_loss=0.3310 train_acc=90.13% | val_loss=0.3158 val_acc=87.04% | lr=1.000000e-05
Epoch 90/301 | train_loss=0.3299 train_acc=90.21% | val_loss=0.3159 val_acc=87.10% | lr=1.000000e-05
Epoch 91/301 | train_loss=0.3288 train_acc=90.16% | val_loss=0.3155 val_acc=87.12% | lr=1.000000e-05
Epoch 92/301 | train_loss=0.3277 train_acc=90.20% | val_loss=0.3151 val_acc=87.10% | lr=1.000000e-05
Epoch 93/301 | train_loss=0.3267 train_acc=90.22% | val_loss=0.3149 val_acc=87.14% | lr=1.000000e-05
Epoch 94/301 | train_loss=0.3256 train_acc=90.19% | val_loss=0.3146 val_acc=87.12% | lr=1.000000e-05
Epoch 95/301 | train_loss=0.3245 train_acc=90.26% | val_loss=0.3145 val_acc=87.22% | lr=1.000000e-05
Saved new best model to /tmp/bow_mlp_imdb_e2_q7r_n.pt
Epoch 96/301 | train_loss=0.3235 train_acc=90.31% | val_loss=0.3144 val_acc=87.22% | lr=1.000000e-05
Epoch 97/301 | train_loss=0.3225 train_acc=90.31% | val_loss=0.3142 val_acc=87.30% | lr=1.000000e-05
Saved new best model to /tmp/bow_mlp_imdb_e2_q7r_n.pt
Epoch 98/301 | train_loss=0.3215 train_acc=90.33% | val_loss=0.3139 val_acc=87.10% | lr=1.000000e-05
Epoch 99/301 | train_loss=0.3205 train_acc=90.34% | val_loss=0.3138 val_acc=87.08% | lr=1.000000e-05
Epoch 100/301 | train_loss=0.3195 train_acc=90.44% | val_loss=0.3142 val_acc=87.28% | lr=1.000000e-05
Epoch 101/301 | train_loss=0.3186 train_acc=90.41% | val_loss=0.3135 val_acc=87.18% | lr=1.000000e-05
Epoch 102/301 | train_loss=0.3176 train_acc=90.39% | val_loss=0.3135 val_acc=87.34% | lr=1.000000e-05
Saved new best model to /tmp/bow_mlp_imdb_e2_q7r_n.pt
Epoch 103/301 | train_loss=0.3168 train_acc=90.41% | val_loss=0.3133 val_acc=87.32% | lr=1.000000e-05
Epoch 104/301 | train_loss=0.3158 train_acc=90.40% | val_loss=0.3134 val_acc=87.28% | lr=1.000000e-05
Epoch 105/301 | train_loss=0.3149 train_acc=90.44% | val_loss=0.3130 val_acc=87.32% | lr=1.000000e-05
Epoch 106/301 | train_loss=0.3141 train_acc=90.45% | val_loss=0.3130 val_acc=87.26% | lr=1.000000e-05
Epoch 107/301 | train_loss=0.3131 train_acc=90.47% | val_loss=0.3128 val_acc=87.18% | lr=1.000000e-05
Epoch 108/301 | train_loss=0.3123 train_acc=90.48% | val_loss=0.3131 val_acc=87.32% | lr=1.000000e-05
Epoch 109/301 | train_loss=0.3114 train_acc=90.53% | val_loss=0.3128 val_acc=87.26% | lr=1.000000e-05
Epoch 110/301 | train_loss=0.3106 train_acc=90.53% | val_loss=0.3126 val_acc=87.12% | lr=1.000000e-05
Epoch 111/301 | train_loss=0.3096 train_acc=90.61% | val_loss=0.3130 val_acc=87.24% | lr=1.000000e-05
Epoch 112/301 | train_loss=0.3089 train_acc=90.63% | val_loss=0.3125 val_acc=87.08% | lr=1.000000e-05
Epoch 113/301 | train_loss=0.3081 train_acc=90.55% | val_loss=0.3125 val_acc=87.10% | lr=1.000000e-05
Epoch 114/301 | train_loss=0.3073 train_acc=90.65% | val_loss=0.3126 val_acc=87.34% | lr=1.000000e-05
Epoch 115/301 | train_loss=0.3066 train_acc=90.61% | val_loss=0.3129 val_acc=87.22% | lr=1.000000e-05
Epoch 116/301 | train_loss=0.3058 train_acc=90.64% | val_loss=0.3124 val_acc=87.24% | lr=1.000000e-05
Epoch 117/301 | train_loss=0.3051 train_acc=90.63% | val_loss=0.3124 val_acc=87.28% | lr=1.000000e-05
Epoch 118/301 | train_loss=0.3042 train_acc=90.67% | val_loss=0.3125 val_acc=87.00% | lr=1.000000e-05
Epoch 119/301 | train_loss=0.3035 train_acc=90.68% | val_loss=0.3125 val_acc=87.22% | lr=1.000000e-05
Epoch 120/301 | train_loss=0.3028 train_acc=90.69% | val_loss=0.3126 val_acc=87.24% | lr=1.000000e-05
Epoch 121/301 | train_loss=0.3021 train_acc=90.77% | val_loss=0.3123 val_acc=87.10% | lr=1.000000e-05
Epoch 122/301 | train_loss=0.3013 train_acc=90.80% | val_loss=0.3125 val_acc=87.18% | lr=1.000000e-05
Epoch 123/301 | train_loss=0.3006 train_acc=90.75% | val_loss=0.3124 val_acc=87.18% | lr=1.000000e-05
Epoch 124/301 | train_loss=0.3000 train_acc=90.75% | val_loss=0.3124 val_acc=87.18% | lr=1.000000e-05
Epoch 125/301 | train_loss=0.2993 train_acc=90.76% | val_loss=0.3124 val_acc=87.16% | lr=1.000000e-05
Epoch 126/301 | train_loss=0.2986 train_acc=90.83% | val_loss=0.3125 val_acc=87.14% | lr=1.000000e-05
Epoch 127/301 | train_loss=0.2979 train_acc=90.84% | val_loss=0.3125 val_acc=86.98% | lr=1.000000e-05
Epoch 128/301 | train_loss=0.2972 train_acc=90.80% | val_loss=0.3126 val_acc=87.14% | lr=1.000000e-05
Epoch 129/301 | train_loss=0.2966 train_acc=90.81% | val_loss=0.3127 val_acc=87.14% | lr=1.000000e-05
Validation loss has not improved for 8 epochs. Stopping training.
Test loss=0.3172 | Test accuracy=87.06%
