Loading IMDb dataset from local disk: /home/daniel/l/masteruppsats/np-reg/language/data/imdb_hf
Using device: cuda
BoW vocab size: 3125
Epoch 1/301 | train_loss=554.1031 train_acc=49.66% | val_loss=0.7211 val_acc=49.60% | lr=3.000000e-05
Saved new best model to /tmp/bow_mlp_imdb_zx50h5vl.pt
Epoch 2/301 | train_loss=163.6975 train_acc=47.63% | val_loss=0.7003 val_acc=47.90% | lr=3.000000e-05
Epoch 3/301 | train_loss=43.9140 train_acc=47.46% | val_loss=0.6986 val_acc=48.58% | lr=3.000000e-05
Epoch 4/301 | train_loss=19.2901 train_acc=48.72% | val_loss=0.6970 val_acc=49.52% | lr=3.000000e-05
Epoch 5/301 | train_loss=16.2561 train_acc=49.37% | val_loss=0.6948 val_acc=50.72% | lr=3.000000e-05
Saved new best model to /tmp/bow_mlp_imdb_zx50h5vl.pt
Epoch 6/301 | train_loss=15.4611 train_acc=50.53% | val_loss=0.6919 val_acc=52.48% | lr=3.000000e-05
Saved new best model to /tmp/bow_mlp_imdb_zx50h5vl.pt
Epoch 7/301 | train_loss=14.6929 train_acc=52.45% | val_loss=0.6886 val_acc=54.62% | lr=3.000000e-05
Saved new best model to /tmp/bow_mlp_imdb_zx50h5vl.pt
Epoch 8/301 | train_loss=13.8798 train_acc=55.12% | val_loss=0.6840 val_acc=57.12% | lr=3.000000e-05
Saved new best model to /tmp/bow_mlp_imdb_zx50h5vl.pt
Epoch 9/301 | train_loss=13.0489 train_acc=57.62% | val_loss=0.6787 val_acc=60.26% | lr=3.000000e-05
Saved new best model to /tmp/bow_mlp_imdb_zx50h5vl.pt
Epoch 10/301 | train_loss=12.2295 train_acc=60.68% | val_loss=0.6729 val_acc=62.60% | lr=3.000000e-05
Saved new best model to /tmp/bow_mlp_imdb_zx50h5vl.pt
Epoch 11/301 | train_loss=11.4587 train_acc=63.90% | val_loss=0.6662 val_acc=66.08% | lr=3.000000e-05
Saved new best model to /tmp/bow_mlp_imdb_zx50h5vl.pt
Epoch 12/301 | train_loss=10.7531 train_acc=66.88% | val_loss=0.6598 val_acc=68.44% | lr=3.000000e-05
Saved new best model to /tmp/bow_mlp_imdb_zx50h5vl.pt
Epoch 13/301 | train_loss=10.1230 train_acc=69.47% | val_loss=0.6518 val_acc=70.20% | lr=3.000000e-05
Saved new best model to /tmp/bow_mlp_imdb_zx50h5vl.pt
Epoch 14/301 | train_loss=9.5658 train_acc=71.47% | val_loss=0.6453 val_acc=71.98% | lr=3.000000e-05
Saved new best model to /tmp/bow_mlp_imdb_zx50h5vl.pt
Epoch 15/301 | train_loss=9.0844 train_acc=72.88% | val_loss=0.6365 val_acc=73.80% | lr=3.000000e-05
Saved new best model to /tmp/bow_mlp_imdb_zx50h5vl.pt
Epoch 16/301 | train_loss=8.6671 train_acc=74.41% | val_loss=0.6286 val_acc=74.90% | lr=3.000000e-05
Saved new best model to /tmp/bow_mlp_imdb_zx50h5vl.pt
Epoch 17/301 | train_loss=8.3018 train_acc=75.31% | val_loss=0.6207 val_acc=75.54% | lr=3.000000e-05
Saved new best model to /tmp/bow_mlp_imdb_zx50h5vl.pt
Epoch 18/301 | train_loss=7.9833 train_acc=76.21% | val_loss=0.6127 val_acc=76.74% | lr=3.000000e-05
Saved new best model to /tmp/bow_mlp_imdb_zx50h5vl.pt
Epoch 19/301 | train_loss=7.7030 train_acc=76.91% | val_loss=0.6053 val_acc=76.74% | lr=3.000000e-05
Epoch 20/301 | train_loss=7.4565 train_acc=77.57% | val_loss=0.5969 val_acc=77.66% | lr=3.000000e-05
Saved new best model to /tmp/bow_mlp_imdb_zx50h5vl.pt
Epoch 21/301 | train_loss=7.2345 train_acc=77.95% | val_loss=0.5892 val_acc=78.28% | lr=3.000000e-05
Saved new best model to /tmp/bow_mlp_imdb_zx50h5vl.pt
Epoch 22/301 | train_loss=7.0329 train_acc=78.47% | val_loss=0.5815 val_acc=78.90% | lr=3.000000e-05
Saved new best model to /tmp/bow_mlp_imdb_zx50h5vl.pt
Epoch 23/301 | train_loss=6.8478 train_acc=79.03% | val_loss=0.5739 val_acc=79.06% | lr=3.000000e-05
Saved new best model to /tmp/bow_mlp_imdb_zx50h5vl.pt
Epoch 24/301 | train_loss=6.6888 train_acc=79.25% | val_loss=0.5667 val_acc=79.06% | lr=3.000000e-05
Epoch 25/301 | train_loss=6.5409 train_acc=79.85% | val_loss=0.5590 val_acc=79.56% | lr=3.000000e-05
Saved new best model to /tmp/bow_mlp_imdb_zx50h5vl.pt
Epoch 26/301 | train_loss=6.4006 train_acc=80.12% | val_loss=0.5519 val_acc=79.68% | lr=3.000000e-05
Saved new best model to /tmp/bow_mlp_imdb_zx50h5vl.pt
Epoch 27/301 | train_loss=6.2734 train_acc=80.53% | val_loss=0.5446 val_acc=80.40% | lr=3.000000e-05
Saved new best model to /tmp/bow_mlp_imdb_zx50h5vl.pt
Epoch 28/301 | train_loss=6.1484 train_acc=80.84% | val_loss=0.5377 val_acc=80.42% | lr=3.000000e-05
Saved new best model to /tmp/bow_mlp_imdb_zx50h5vl.pt
Epoch 29/301 | train_loss=6.0337 train_acc=81.08% | val_loss=0.5307 val_acc=81.10% | lr=3.000000e-05
Saved new best model to /tmp/bow_mlp_imdb_zx50h5vl.pt
Epoch 30/301 | train_loss=5.9252 train_acc=81.36% | val_loss=0.5242 val_acc=81.30% | lr=3.000000e-05
Saved new best model to /tmp/bow_mlp_imdb_zx50h5vl.pt
Epoch 31/301 | train_loss=5.8248 train_acc=81.59% | val_loss=0.5174 val_acc=81.78% | lr=3.000000e-05
Saved new best model to /tmp/bow_mlp_imdb_zx50h5vl.pt
Epoch 32/301 | train_loss=5.7293 train_acc=81.98% | val_loss=0.5110 val_acc=81.96% | lr=3.000000e-05
Saved new best model to /tmp/bow_mlp_imdb_zx50h5vl.pt
Epoch 33/301 | train_loss=5.6414 train_acc=82.38% | val_loss=0.5045 val_acc=82.22% | lr=3.000000e-05
Saved new best model to /tmp/bow_mlp_imdb_zx50h5vl.pt
Epoch 34/301 | train_loss=5.5542 train_acc=82.53% | val_loss=0.4983 val_acc=82.48% | lr=3.000000e-05
Saved new best model to /tmp/bow_mlp_imdb_zx50h5vl.pt
Epoch 35/301 | train_loss=5.4708 train_acc=82.82% | val_loss=0.4922 val_acc=82.80% | lr=3.000000e-05
Saved new best model to /tmp/bow_mlp_imdb_zx50h5vl.pt
Epoch 36/301 | train_loss=5.3932 train_acc=83.14% | val_loss=0.4862 val_acc=82.90% | lr=3.000000e-05
Saved new best model to /tmp/bow_mlp_imdb_zx50h5vl.pt
Epoch 37/301 | train_loss=5.3200 train_acc=83.38% | val_loss=0.4804 val_acc=83.02% | lr=3.000000e-05
Saved new best model to /tmp/bow_mlp_imdb_zx50h5vl.pt
Epoch 38/301 | train_loss=5.2461 train_acc=83.61% | val_loss=0.4747 val_acc=83.30% | lr=3.000000e-05
Saved new best model to /tmp/bow_mlp_imdb_zx50h5vl.pt
Epoch 39/301 | train_loss=5.1761 train_acc=84.00% | val_loss=0.4691 val_acc=83.48% | lr=3.000000e-05
Saved new best model to /tmp/bow_mlp_imdb_zx50h5vl.pt
Epoch 40/301 | train_loss=5.1131 train_acc=84.08% | val_loss=0.4638 val_acc=83.60% | lr=3.000000e-05
Saved new best model to /tmp/bow_mlp_imdb_zx50h5vl.pt
Epoch 41/301 | train_loss=5.0483 train_acc=84.37% | val_loss=0.4590 val_acc=84.04% | lr=3.000000e-05
Saved new best model to /tmp/bow_mlp_imdb_zx50h5vl.pt
Epoch 42/301 | train_loss=4.9900 train_acc=84.49% | val_loss=0.4536 val_acc=83.70% | lr=3.000000e-05
Epoch 43/301 | train_loss=4.9324 train_acc=84.67% | val_loss=0.4486 val_acc=84.06% | lr=3.000000e-05
Saved new best model to /tmp/bow_mlp_imdb_zx50h5vl.pt
Epoch 44/301 | train_loss=4.8734 train_acc=84.73% | val_loss=0.4439 val_acc=84.30% | lr=3.000000e-05
Saved new best model to /tmp/bow_mlp_imdb_zx50h5vl.pt
Epoch 45/301 | train_loss=4.8217 train_acc=84.97% | val_loss=0.4393 val_acc=84.50% | lr=3.000000e-05
Saved new best model to /tmp/bow_mlp_imdb_zx50h5vl.pt
Epoch 46/301 | train_loss=4.7703 train_acc=85.17% | val_loss=0.4349 val_acc=84.42% | lr=3.000000e-05
Epoch 47/301 | train_loss=4.7190 train_acc=85.28% | val_loss=0.4307 val_acc=84.44% | lr=3.000000e-05
Epoch 48/301 | train_loss=4.6702 train_acc=85.39% | val_loss=0.4264 val_acc=84.68% | lr=3.000000e-05
Saved new best model to /tmp/bow_mlp_imdb_zx50h5vl.pt
Epoch 49/301 | train_loss=4.6233 train_acc=85.52% | val_loss=0.4224 val_acc=84.80% | lr=3.000000e-05
Saved new best model to /tmp/bow_mlp_imdb_zx50h5vl.pt
Epoch 50/301 | train_loss=4.5780 train_acc=85.69% | val_loss=0.4185 val_acc=84.80% | lr=3.000000e-05
Epoch 51/301 | train_loss=4.5366 train_acc=85.75% | val_loss=0.4148 val_acc=85.10% | lr=3.000000e-05
Saved new best model to /tmp/bow_mlp_imdb_zx50h5vl.pt
Epoch 52/301 | train_loss=4.4940 train_acc=85.97% | val_loss=0.4112 val_acc=85.26% | lr=3.000000e-05
Saved new best model to /tmp/bow_mlp_imdb_zx50h5vl.pt
Epoch 53/301 | train_loss=4.4509 train_acc=86.16% | val_loss=0.4079 val_acc=85.22% | lr=3.000000e-05
Epoch 54/301 | train_loss=4.4113 train_acc=86.16% | val_loss=0.4044 val_acc=85.44% | lr=3.000000e-05
Saved new best model to /tmp/bow_mlp_imdb_zx50h5vl.pt
Epoch 55/301 | train_loss=4.3747 train_acc=86.26% | val_loss=0.4016 val_acc=85.32% | lr=3.000000e-05
Epoch 56/301 | train_loss=4.3368 train_acc=86.44% | val_loss=0.3986 val_acc=85.34% | lr=3.000000e-05
Epoch 57/301 | train_loss=4.3007 train_acc=86.50% | val_loss=0.3951 val_acc=85.50% | lr=3.000000e-05
Saved new best model to /tmp/bow_mlp_imdb_zx50h5vl.pt
Epoch 58/301 | train_loss=4.2661 train_acc=86.55% | val_loss=0.3926 val_acc=85.60% | lr=3.000000e-05
Saved new best model to /tmp/bow_mlp_imdb_zx50h5vl.pt
Epoch 59/301 | train_loss=4.2305 train_acc=86.63% | val_loss=0.3895 val_acc=85.74% | lr=3.000000e-05
Saved new best model to /tmp/bow_mlp_imdb_zx50h5vl.pt
Epoch 60/301 | train_loss=4.1990 train_acc=86.62% | val_loss=0.3875 val_acc=85.58% | lr=3.000000e-05
Epoch 61/301 | train_loss=4.1658 train_acc=86.75% | val_loss=0.3843 val_acc=85.74% | lr=3.000000e-05
Epoch 62/301 | train_loss=4.1329 train_acc=86.81% | val_loss=0.3820 val_acc=85.76% | lr=3.000000e-05
Saved new best model to /tmp/bow_mlp_imdb_zx50h5vl.pt
Epoch 63/301 | train_loss=4.1009 train_acc=87.02% | val_loss=0.3796 val_acc=85.78% | lr=3.000000e-05
Saved new best model to /tmp/bow_mlp_imdb_zx50h5vl.pt
Epoch 64/301 | train_loss=4.0717 train_acc=87.02% | val_loss=0.3772 val_acc=85.96% | lr=3.000000e-05
Saved new best model to /tmp/bow_mlp_imdb_zx50h5vl.pt
Epoch 65/301 | train_loss=4.0404 train_acc=87.14% | val_loss=0.3752 val_acc=85.78% | lr=3.000000e-05
Epoch 66/301 | train_loss=4.0114 train_acc=87.22% | val_loss=0.3729 val_acc=86.04% | lr=3.000000e-05
Saved new best model to /tmp/bow_mlp_imdb_zx50h5vl.pt
Epoch 67/301 | train_loss=3.9836 train_acc=87.35% | val_loss=0.3710 val_acc=85.90% | lr=3.000000e-05
Epoch 68/301 | train_loss=3.9565 train_acc=87.33% | val_loss=0.3690 val_acc=85.96% | lr=3.000000e-05
Epoch 69/301 | train_loss=3.9289 train_acc=87.39% | val_loss=0.3672 val_acc=86.06% | lr=3.000000e-05
Saved new best model to /tmp/bow_mlp_imdb_zx50h5vl.pt
Epoch 70/301 | train_loss=3.9027 train_acc=87.40% | val_loss=0.3653 val_acc=86.04% | lr=3.000000e-05
Epoch 71/301 | train_loss=3.8770 train_acc=87.53% | val_loss=0.3635 val_acc=86.10% | lr=3.000000e-05
Saved new best model to /tmp/bow_mlp_imdb_zx50h5vl.pt
Epoch 72/301 | train_loss=3.8521 train_acc=87.58% | val_loss=0.3620 val_acc=86.20% | lr=3.000000e-05
Saved new best model to /tmp/bow_mlp_imdb_zx50h5vl.pt
Epoch 73/301 | train_loss=3.8259 train_acc=87.67% | val_loss=0.3602 val_acc=86.18% | lr=3.000000e-05
Epoch 74/301 | train_loss=3.8023 train_acc=87.68% | val_loss=0.3589 val_acc=86.22% | lr=3.000000e-05
Saved new best model to /tmp/bow_mlp_imdb_zx50h5vl.pt
Epoch 75/301 | train_loss=3.7754 train_acc=87.80% | val_loss=0.3572 val_acc=86.18% | lr=3.000000e-05
Epoch 76/301 | train_loss=3.7503 train_acc=87.86% | val_loss=0.3557 val_acc=86.24% | lr=3.000000e-05
Saved new best model to /tmp/bow_mlp_imdb_zx50h5vl.pt
Epoch 77/301 | train_loss=3.7283 train_acc=87.97% | val_loss=0.3543 val_acc=86.26% | lr=3.000000e-05
Saved new best model to /tmp/bow_mlp_imdb_zx50h5vl.pt
Epoch 78/301 | train_loss=3.7026 train_acc=87.96% | val_loss=0.3532 val_acc=86.30% | lr=3.000000e-05
Saved new best model to /tmp/bow_mlp_imdb_zx50h5vl.pt
Epoch 79/301 | train_loss=3.6794 train_acc=88.05% | val_loss=0.3517 val_acc=86.10% | lr=3.000000e-05
Epoch 80/301 | train_loss=3.6579 train_acc=88.04% | val_loss=0.3509 val_acc=86.28% | lr=3.000000e-05
Epoch 81/301 | train_loss=3.6341 train_acc=88.10% | val_loss=0.3493 val_acc=86.30% | lr=3.000000e-05
Epoch 82/301 | train_loss=3.6098 train_acc=88.17% | val_loss=0.3479 val_acc=86.16% | lr=3.000000e-05
Epoch 83/301 | train_loss=3.5869 train_acc=88.25% | val_loss=0.3468 val_acc=86.22% | lr=3.000000e-05
Epoch 84/301 | train_loss=3.5638 train_acc=88.32% | val_loss=0.3458 val_acc=86.32% | lr=3.000000e-05
Saved new best model to /tmp/bow_mlp_imdb_zx50h5vl.pt
Epoch 85/301 | train_loss=3.5421 train_acc=88.32% | val_loss=0.3447 val_acc=86.30% | lr=3.000000e-05
Epoch 86/301 | train_loss=3.5189 train_acc=88.33% | val_loss=0.3436 val_acc=86.22% | lr=3.000000e-05
Epoch 87/301 | train_loss=3.4960 train_acc=88.44% | val_loss=0.3427 val_acc=86.50% | lr=3.000000e-05
Saved new best model to /tmp/bow_mlp_imdb_zx50h5vl.pt
Epoch 88/301 | train_loss=3.4732 train_acc=88.48% | val_loss=0.3416 val_acc=86.38% | lr=3.000000e-05
Epoch 89/301 | train_loss=3.4513 train_acc=88.48% | val_loss=0.3407 val_acc=86.30% | lr=3.000000e-05
Epoch 90/301 | train_loss=3.4276 train_acc=88.48% | val_loss=0.3404 val_acc=86.46% | lr=3.000000e-05
Epoch 91/301 | train_loss=3.4065 train_acc=88.56% | val_loss=0.3392 val_acc=86.60% | lr=3.000000e-05
Saved new best model to /tmp/bow_mlp_imdb_zx50h5vl.pt
Epoch 92/301 | train_loss=3.3837 train_acc=88.62% | val_loss=0.3380 val_acc=86.56% | lr=3.000000e-05
Epoch 93/301 | train_loss=3.3601 train_acc=88.63% | val_loss=0.3371 val_acc=86.48% | lr=3.000000e-05
Epoch 94/301 | train_loss=3.3378 train_acc=88.66% | val_loss=0.3363 val_acc=86.60% | lr=3.000000e-05
Epoch 95/301 | train_loss=3.3164 train_acc=88.70% | val_loss=0.3356 val_acc=86.68% | lr=3.000000e-05
Saved new best model to /tmp/bow_mlp_imdb_zx50h5vl.pt
Epoch 96/301 | train_loss=3.2936 train_acc=88.75% | val_loss=0.3350 val_acc=86.72% | lr=3.000000e-05
Saved new best model to /tmp/bow_mlp_imdb_zx50h5vl.pt
Epoch 97/301 | train_loss=3.2715 train_acc=88.79% | val_loss=0.3343 val_acc=86.70% | lr=3.000000e-05
Epoch 98/301 | train_loss=3.2489 train_acc=88.84% | val_loss=0.3334 val_acc=86.70% | lr=3.000000e-05
Epoch 99/301 | train_loss=3.2285 train_acc=88.83% | val_loss=0.3327 val_acc=86.58% | lr=3.000000e-05
Epoch 100/301 | train_loss=3.2071 train_acc=88.89% | val_loss=0.3330 val_acc=86.70% | lr=3.000000e-05
Epoch 101/301 | train_loss=3.1840 train_acc=88.92% | val_loss=0.3314 val_acc=86.52% | lr=3.000000e-05
Epoch 102/301 | train_loss=3.1608 train_acc=88.91% | val_loss=0.3310 val_acc=86.80% | lr=3.000000e-05
Saved new best model to /tmp/bow_mlp_imdb_zx50h5vl.pt
Epoch 103/301 | train_loss=3.1380 train_acc=88.98% | val_loss=0.3304 val_acc=86.78% | lr=3.000000e-05
Epoch 104/301 | train_loss=3.1157 train_acc=88.98% | val_loss=0.3299 val_acc=86.92% | lr=3.000000e-05
Saved new best model to /tmp/bow_mlp_imdb_zx50h5vl.pt
Epoch 105/301 | train_loss=3.0960 train_acc=89.05% | val_loss=0.3291 val_acc=86.74% | lr=3.000000e-05
Epoch 106/301 | train_loss=3.0748 train_acc=89.07% | val_loss=0.3287 val_acc=86.82% | lr=3.000000e-05
Epoch 107/301 | train_loss=3.0530 train_acc=89.09% | val_loss=0.3280 val_acc=86.66% | lr=3.000000e-05
Epoch 108/301 | train_loss=3.0343 train_acc=89.11% | val_loss=0.3282 val_acc=86.86% | lr=3.000000e-05
Epoch 109/301 | train_loss=3.0134 train_acc=89.12% | val_loss=0.3270 val_acc=86.74% | lr=3.000000e-05
Epoch 110/301 | train_loss=2.9939 train_acc=89.16% | val_loss=0.3266 val_acc=86.78% | lr=3.000000e-05
Epoch 111/301 | train_loss=2.9723 train_acc=89.25% | val_loss=0.3264 val_acc=86.90% | lr=3.000000e-05
Epoch 112/301 | train_loss=2.9523 train_acc=89.22% | val_loss=0.3257 val_acc=86.84% | lr=3.000000e-05
Epoch 113/301 | train_loss=2.9324 train_acc=89.25% | val_loss=0.3253 val_acc=86.80% | lr=3.000000e-05
Epoch 114/301 | train_loss=2.9128 train_acc=89.32% | val_loss=0.3251 val_acc=86.82% | lr=3.000000e-05
Epoch 115/301 | train_loss=2.8940 train_acc=89.27% | val_loss=0.3252 val_acc=86.88% | lr=3.000000e-05
Epoch 116/301 | train_loss=2.8748 train_acc=89.34% | val_loss=0.3242 val_acc=86.82% | lr=3.000000e-05
Epoch 117/301 | train_loss=2.8542 train_acc=89.33% | val_loss=0.3240 val_acc=86.92% | lr=3.000000e-05
Epoch 118/301 | train_loss=2.8359 train_acc=89.35% | val_loss=0.3238 val_acc=86.78% | lr=3.000000e-05
Epoch 119/301 | train_loss=2.8183 train_acc=89.44% | val_loss=0.3235 val_acc=86.88% | lr=3.000000e-05
Epoch 120/301 | train_loss=2.7986 train_acc=89.42% | val_loss=0.3231 val_acc=86.88% | lr=3.000000e-05
Epoch 121/301 | train_loss=2.7829 train_acc=89.50% | val_loss=0.3226 val_acc=86.82% | lr=3.000000e-05
Epoch 122/301 | train_loss=2.7635 train_acc=89.42% | val_loss=0.3227 val_acc=86.82% | lr=3.000000e-05
Epoch 123/301 | train_loss=2.7472 train_acc=89.45% | val_loss=0.3220 val_acc=86.90% | lr=3.000000e-05
Epoch 124/301 | train_loss=2.7298 train_acc=89.53% | val_loss=0.3219 val_acc=86.90% | lr=3.000000e-05
Epoch 125/301 | train_loss=2.7132 train_acc=89.55% | val_loss=0.3215 val_acc=86.90% | lr=3.000000e-05
Epoch 126/301 | train_loss=2.6942 train_acc=89.62% | val_loss=0.3214 val_acc=86.90% | lr=3.000000e-05
Epoch 127/301 | train_loss=2.6776 train_acc=89.55% | val_loss=0.3211 val_acc=86.66% | lr=3.000000e-05
Epoch 128/301 | train_loss=2.6605 train_acc=89.66% | val_loss=0.3209 val_acc=86.82% | lr=3.000000e-05
Epoch 129/301 | train_loss=2.6456 train_acc=89.62% | val_loss=0.3208 val_acc=86.80% | lr=3.000000e-05
Epoch 130/301 | train_loss=2.6289 train_acc=89.70% | val_loss=0.3204 val_acc=86.82% | lr=3.000000e-05
Epoch 131/301 | train_loss=2.6128 train_acc=89.74% | val_loss=0.3202 val_acc=86.80% | lr=3.000000e-05
Epoch 132/301 | train_loss=2.5958 train_acc=89.71% | val_loss=0.3201 val_acc=86.74% | lr=3.000000e-05
Epoch 133/301 | train_loss=2.5789 train_acc=89.78% | val_loss=0.3209 val_acc=86.90% | lr=3.000000e-05
Epoch 134/301 | train_loss=2.5609 train_acc=89.76% | val_loss=0.3198 val_acc=86.82% | lr=3.000000e-05
Epoch 135/301 | train_loss=2.5446 train_acc=89.83% | val_loss=0.3196 val_acc=86.72% | lr=3.000000e-05
Epoch 136/301 | train_loss=2.5292 train_acc=89.85% | val_loss=0.3194 val_acc=86.72% | lr=3.000000e-05
Epoch 137/301 | train_loss=2.5149 train_acc=89.88% | val_loss=0.3193 val_acc=86.72% | lr=3.000000e-05
Epoch 138/301 | train_loss=2.4987 train_acc=89.84% | val_loss=0.3191 val_acc=86.76% | lr=3.000000e-05
Epoch 139/301 | train_loss=2.4836 train_acc=89.90% | val_loss=0.3190 val_acc=86.84% | lr=3.000000e-05
Epoch 140/301 | train_loss=2.4684 train_acc=89.95% | val_loss=0.3189 val_acc=86.76% | lr=3.000000e-05
Epoch 141/301 | train_loss=2.4526 train_acc=89.93% | val_loss=0.3187 val_acc=86.80% | lr=3.000000e-05
Epoch 142/301 | train_loss=2.4370 train_acc=89.94% | val_loss=0.3186 val_acc=86.82% | lr=3.000000e-05
Epoch 143/301 | train_loss=2.4200 train_acc=90.03% | val_loss=0.3186 val_acc=86.76% | lr=3.000000e-05
Epoch 144/301 | train_loss=2.4060 train_acc=90.02% | val_loss=0.3185 val_acc=86.78% | lr=3.000000e-05
Epoch 145/301 | train_loss=2.3906 train_acc=90.05% | val_loss=0.3184 val_acc=86.92% | lr=3.000000e-05
Epoch 146/301 | train_loss=2.3765 train_acc=90.12% | val_loss=0.3188 val_acc=86.92% | lr=3.000000e-05
Epoch 147/301 | train_loss=2.3613 train_acc=90.11% | val_loss=0.3183 val_acc=86.74% | lr=3.000000e-05
Epoch 148/301 | train_loss=2.3452 train_acc=90.11% | val_loss=0.3182 val_acc=86.74% | lr=3.000000e-05
Epoch 149/301 | train_loss=2.3309 train_acc=90.14% | val_loss=0.3187 val_acc=86.92% | lr=3.000000e-05
Epoch 150/301 | train_loss=2.3159 train_acc=90.16% | val_loss=0.3186 val_acc=86.92% | lr=3.000000e-05
Epoch 151/301 | train_loss=2.3003 train_acc=90.18% | val_loss=0.3181 val_acc=86.88% | lr=3.000000e-05
Epoch 152/301 | train_loss=2.2858 train_acc=90.18% | val_loss=0.3180 val_acc=86.90% | lr=3.000000e-05
Epoch 153/301 | train_loss=2.2714 train_acc=90.19% | val_loss=0.3180 val_acc=86.96% | lr=3.000000e-05
Saved new best model to /tmp/bow_mlp_imdb_zx50h5vl.pt
Epoch 154/301 | train_loss=2.2563 train_acc=90.25% | val_loss=0.3180 val_acc=87.00% | lr=3.000000e-05
Saved new best model to /tmp/bow_mlp_imdb_zx50h5vl.pt
Epoch 155/301 | train_loss=2.2424 train_acc=90.25% | val_loss=0.3181 val_acc=86.88% | lr=3.000000e-05
Epoch 156/301 | train_loss=2.2291 train_acc=90.27% | val_loss=0.3179 val_acc=86.98% | lr=3.000000e-05
Epoch 157/301 | train_loss=2.2149 train_acc=90.28% | val_loss=0.3180 val_acc=86.98% | lr=3.000000e-05
Epoch 158/301 | train_loss=2.1996 train_acc=90.25% | val_loss=0.3183 val_acc=86.96% | lr=3.000000e-05
Epoch 159/301 | train_loss=2.1866 train_acc=90.31% | val_loss=0.3182 val_acc=86.96% | lr=3.000000e-05
Epoch 160/301 | train_loss=2.1714 train_acc=90.33% | val_loss=0.3181 val_acc=87.02% | lr=3.000000e-05
Saved new best model to /tmp/bow_mlp_imdb_zx50h5vl.pt
Epoch 161/301 | train_loss=2.1581 train_acc=90.38% | val_loss=0.3180 val_acc=87.06% | lr=3.000000e-05
Saved new best model to /tmp/bow_mlp_imdb_zx50h5vl.pt
Epoch 162/301 | train_loss=2.1446 train_acc=90.31% | val_loss=0.3183 val_acc=86.98% | lr=3.000000e-05
Epoch 163/301 | train_loss=2.1301 train_acc=90.38% | val_loss=0.3182 val_acc=87.08% | lr=3.000000e-05
Saved new best model to /tmp/bow_mlp_imdb_zx50h5vl.pt
Epoch 164/301 | train_loss=2.1168 train_acc=90.35% | val_loss=0.3181 val_acc=87.06% | lr=3.000000e-05
Validation loss has not improved for 8 epochs. Stopping training.
Test loss=0.3202 | Test accuracy=86.80%
