Loading IMDb dataset from local disk: /home/daniel/l/masteruppsats/np-reg/language/data/imdb_hf
Using device: cuda
BoW vocab size: 3125
W0421 01:41:58.252000 2163164 site-packages/torch/_inductor/utils.py:1679] [0/0] Not enough SMs to use max_autotune_gemm mode
Epoch 1/301 | train_loss=0.7031 train_acc=49.39% | val_loss=0.6934 val_acc=52.02% | lr=3.000000e-06
Saved new best model to /tmp/bow_mlp_imdb_svce5awe.pt
Epoch 2/301 | train_loss=0.6980 train_acc=50.36% | val_loss=0.6898 val_acc=55.00% | lr=3.000000e-06
Saved new best model to /tmp/bow_mlp_imdb_svce5awe.pt
Epoch 3/301 | train_loss=0.6946 train_acc=51.78% | val_loss=0.6866 val_acc=58.10% | lr=3.000000e-06
Saved new best model to /tmp/bow_mlp_imdb_svce5awe.pt
Epoch 4/301 | train_loss=0.6897 train_acc=53.83% | val_loss=0.6835 val_acc=60.48% | lr=3.000000e-06
Saved new best model to /tmp/bow_mlp_imdb_svce5awe.pt
Epoch 5/301 | train_loss=0.6856 train_acc=55.40% | val_loss=0.6804 val_acc=62.62% | lr=3.000000e-06
Saved new best model to /tmp/bow_mlp_imdb_svce5awe.pt
Epoch 6/301 | train_loss=0.6828 train_acc=56.16% | val_loss=0.6775 val_acc=64.58% | lr=3.000000e-06
Saved new best model to /tmp/bow_mlp_imdb_svce5awe.pt
Epoch 7/301 | train_loss=0.6806 train_acc=57.40% | val_loss=0.6745 val_acc=66.56% | lr=3.000000e-06
Saved new best model to /tmp/bow_mlp_imdb_svce5awe.pt
Epoch 8/301 | train_loss=0.6768 train_acc=59.19% | val_loss=0.6715 val_acc=67.92% | lr=3.000000e-06
Saved new best model to /tmp/bow_mlp_imdb_svce5awe.pt
Epoch 9/301 | train_loss=0.6738 train_acc=60.50% | val_loss=0.6687 val_acc=69.24% | lr=3.000000e-06
Saved new best model to /tmp/bow_mlp_imdb_svce5awe.pt
Epoch 10/301 | train_loss=0.6704 train_acc=62.11% | val_loss=0.6656 val_acc=70.58% | lr=3.000000e-06
Saved new best model to /tmp/bow_mlp_imdb_svce5awe.pt
Epoch 11/301 | train_loss=0.6674 train_acc=62.50% | val_loss=0.6625 val_acc=71.80% | lr=3.000000e-06
Saved new best model to /tmp/bow_mlp_imdb_svce5awe.pt
Epoch 12/301 | train_loss=0.6649 train_acc=63.73% | val_loss=0.6596 val_acc=72.68% | lr=3.000000e-06
Saved new best model to /tmp/bow_mlp_imdb_svce5awe.pt
Epoch 13/301 | train_loss=0.6608 train_acc=65.05% | val_loss=0.6564 val_acc=73.60% | lr=3.000000e-06
Saved new best model to /tmp/bow_mlp_imdb_svce5awe.pt
Epoch 14/301 | train_loss=0.6582 train_acc=66.02% | val_loss=0.6532 val_acc=74.20% | lr=3.000000e-06
Saved new best model to /tmp/bow_mlp_imdb_svce5awe.pt
Epoch 15/301 | train_loss=0.6564 train_acc=65.99% | val_loss=0.6500 val_acc=74.78% | lr=3.000000e-06
Saved new best model to /tmp/bow_mlp_imdb_svce5awe.pt
Epoch 16/301 | train_loss=0.6526 train_acc=67.09% | val_loss=0.6466 val_acc=75.26% | lr=3.000000e-06
Saved new best model to /tmp/bow_mlp_imdb_svce5awe.pt
Epoch 17/301 | train_loss=0.6474 train_acc=67.73% | val_loss=0.6427 val_acc=75.80% | lr=3.000000e-06
Saved new best model to /tmp/bow_mlp_imdb_svce5awe.pt
Epoch 18/301 | train_loss=0.6456 train_acc=68.27% | val_loss=0.6388 val_acc=76.18% | lr=3.000000e-06
Saved new best model to /tmp/bow_mlp_imdb_svce5awe.pt
Epoch 19/301 | train_loss=0.6425 train_acc=68.25% | val_loss=0.6346 val_acc=76.54% | lr=3.000000e-06
Saved new best model to /tmp/bow_mlp_imdb_svce5awe.pt
Epoch 20/301 | train_loss=0.6378 train_acc=69.14% | val_loss=0.6306 val_acc=77.08% | lr=3.000000e-06
Saved new best model to /tmp/bow_mlp_imdb_svce5awe.pt
Epoch 21/301 | train_loss=0.6338 train_acc=69.94% | val_loss=0.6266 val_acc=77.26% | lr=3.000000e-06
Saved new best model to /tmp/bow_mlp_imdb_svce5awe.pt
Epoch 22/301 | train_loss=0.6292 train_acc=70.63% | val_loss=0.6227 val_acc=77.56% | lr=3.000000e-06
Saved new best model to /tmp/bow_mlp_imdb_svce5awe.pt
Epoch 23/301 | train_loss=0.6259 train_acc=70.91% | val_loss=0.6191 val_acc=77.84% | lr=3.000000e-06
Saved new best model to /tmp/bow_mlp_imdb_svce5awe.pt
Epoch 24/301 | train_loss=0.6235 train_acc=71.23% | val_loss=0.6155 val_acc=78.02% | lr=3.000000e-06
Saved new best model to /tmp/bow_mlp_imdb_svce5awe.pt
Epoch 25/301 | train_loss=0.6203 train_acc=71.91% | val_loss=0.6119 val_acc=78.36% | lr=3.000000e-06
Saved new best model to /tmp/bow_mlp_imdb_svce5awe.pt
Epoch 26/301 | train_loss=0.6172 train_acc=72.25% | val_loss=0.6086 val_acc=78.52% | lr=3.000000e-06
Saved new best model to /tmp/bow_mlp_imdb_svce5awe.pt
Epoch 27/301 | train_loss=0.6132 train_acc=72.65% | val_loss=0.6051 val_acc=78.68% | lr=3.000000e-06
Saved new best model to /tmp/bow_mlp_imdb_svce5awe.pt
Epoch 28/301 | train_loss=0.6101 train_acc=72.46% | val_loss=0.6018 val_acc=79.04% | lr=3.000000e-06
Saved new best model to /tmp/bow_mlp_imdb_svce5awe.pt
Epoch 29/301 | train_loss=0.6078 train_acc=73.38% | val_loss=0.5987 val_acc=79.22% | lr=3.000000e-06
Saved new best model to /tmp/bow_mlp_imdb_svce5awe.pt
Epoch 30/301 | train_loss=0.6047 train_acc=73.40% | val_loss=0.5953 val_acc=79.58% | lr=3.000000e-06
Saved new best model to /tmp/bow_mlp_imdb_svce5awe.pt
Epoch 31/301 | train_loss=0.6017 train_acc=73.72% | val_loss=0.5919 val_acc=79.58% | lr=3.000000e-06
Epoch 32/301 | train_loss=0.5980 train_acc=73.91% | val_loss=0.5884 val_acc=79.64% | lr=3.000000e-06
Saved new best model to /tmp/bow_mlp_imdb_svce5awe.pt
Epoch 33/301 | train_loss=0.5941 train_acc=74.33% | val_loss=0.5847 val_acc=79.72% | lr=3.000000e-06
Saved new best model to /tmp/bow_mlp_imdb_svce5awe.pt
Epoch 34/301 | train_loss=0.5913 train_acc=74.47% | val_loss=0.5811 val_acc=79.92% | lr=3.000000e-06
Saved new best model to /tmp/bow_mlp_imdb_svce5awe.pt
Epoch 35/301 | train_loss=0.5880 train_acc=75.09% | val_loss=0.5774 val_acc=80.20% | lr=3.000000e-06
Saved new best model to /tmp/bow_mlp_imdb_svce5awe.pt
Epoch 36/301 | train_loss=0.5856 train_acc=75.19% | val_loss=0.5736 val_acc=80.28% | lr=3.000000e-06
Saved new best model to /tmp/bow_mlp_imdb_svce5awe.pt
Epoch 37/301 | train_loss=0.5824 train_acc=75.26% | val_loss=0.5700 val_acc=80.34% | lr=3.000000e-06
Saved new best model to /tmp/bow_mlp_imdb_svce5awe.pt
Epoch 38/301 | train_loss=0.5789 train_acc=75.45% | val_loss=0.5664 val_acc=80.44% | lr=3.000000e-06
Saved new best model to /tmp/bow_mlp_imdb_svce5awe.pt
Epoch 39/301 | train_loss=0.5748 train_acc=76.11% | val_loss=0.5630 val_acc=80.58% | lr=3.000000e-06
Saved new best model to /tmp/bow_mlp_imdb_svce5awe.pt
Epoch 40/301 | train_loss=0.5717 train_acc=76.02% | val_loss=0.5596 val_acc=80.80% | lr=3.000000e-06
Saved new best model to /tmp/bow_mlp_imdb_svce5awe.pt
Epoch 41/301 | train_loss=0.5675 train_acc=76.28% | val_loss=0.5563 val_acc=80.90% | lr=3.000000e-06
Saved new best model to /tmp/bow_mlp_imdb_svce5awe.pt
Epoch 42/301 | train_loss=0.5645 train_acc=76.91% | val_loss=0.5529 val_acc=81.12% | lr=3.000000e-06
Saved new best model to /tmp/bow_mlp_imdb_svce5awe.pt
Epoch 43/301 | train_loss=0.5630 train_acc=77.04% | val_loss=0.5498 val_acc=81.26% | lr=3.000000e-06
Saved new best model to /tmp/bow_mlp_imdb_svce5awe.pt
Epoch 44/301 | train_loss=0.5590 train_acc=77.28% | val_loss=0.5467 val_acc=81.42% | lr=3.000000e-06
Saved new best model to /tmp/bow_mlp_imdb_svce5awe.pt
Epoch 45/301 | train_loss=0.5548 train_acc=77.55% | val_loss=0.5436 val_acc=81.58% | lr=3.000000e-06
Saved new best model to /tmp/bow_mlp_imdb_svce5awe.pt
Epoch 46/301 | train_loss=0.5544 train_acc=77.49% | val_loss=0.5408 val_acc=81.76% | lr=3.000000e-06
Saved new best model to /tmp/bow_mlp_imdb_svce5awe.pt
Epoch 47/301 | train_loss=0.5489 train_acc=77.81% | val_loss=0.5376 val_acc=82.02% | lr=3.000000e-06
Saved new best model to /tmp/bow_mlp_imdb_svce5awe.pt
Epoch 48/301 | train_loss=0.5479 train_acc=77.62% | val_loss=0.5348 val_acc=82.12% | lr=3.000000e-06
Saved new best model to /tmp/bow_mlp_imdb_svce5awe.pt
Epoch 49/301 | train_loss=0.5454 train_acc=78.25% | val_loss=0.5321 val_acc=82.16% | lr=3.000000e-06
Saved new best model to /tmp/bow_mlp_imdb_svce5awe.pt
Epoch 50/301 | train_loss=0.5427 train_acc=78.40% | val_loss=0.5293 val_acc=82.28% | lr=3.000000e-06
Saved new best model to /tmp/bow_mlp_imdb_svce5awe.pt
Epoch 51/301 | train_loss=0.5391 train_acc=78.34% | val_loss=0.5267 val_acc=82.24% | lr=3.000000e-06
Epoch 52/301 | train_loss=0.5374 train_acc=78.62% | val_loss=0.5240 val_acc=82.48% | lr=3.000000e-06
Saved new best model to /tmp/bow_mlp_imdb_svce5awe.pt
Epoch 53/301 | train_loss=0.5355 train_acc=78.56% | val_loss=0.5214 val_acc=82.50% | lr=3.000000e-06
Saved new best model to /tmp/bow_mlp_imdb_svce5awe.pt
Epoch 54/301 | train_loss=0.5319 train_acc=78.81% | val_loss=0.5187 val_acc=82.62% | lr=3.000000e-06
Saved new best model to /tmp/bow_mlp_imdb_svce5awe.pt
Epoch 55/301 | train_loss=0.5300 train_acc=79.25% | val_loss=0.5162 val_acc=82.90% | lr=3.000000e-06
Saved new best model to /tmp/bow_mlp_imdb_svce5awe.pt
Epoch 56/301 | train_loss=0.5272 train_acc=79.44% | val_loss=0.5137 val_acc=82.98% | lr=3.000000e-06
Saved new best model to /tmp/bow_mlp_imdb_svce5awe.pt
Epoch 57/301 | train_loss=0.5241 train_acc=79.46% | val_loss=0.5112 val_acc=83.12% | lr=3.000000e-06
Saved new best model to /tmp/bow_mlp_imdb_svce5awe.pt
Epoch 58/301 | train_loss=0.5215 train_acc=79.58% | val_loss=0.5088 val_acc=83.18% | lr=3.000000e-06
Saved new best model to /tmp/bow_mlp_imdb_svce5awe.pt
Epoch 59/301 | train_loss=0.5210 train_acc=79.51% | val_loss=0.5065 val_acc=83.12% | lr=3.000000e-06
Epoch 60/301 | train_loss=0.5192 train_acc=79.28% | val_loss=0.5042 val_acc=83.26% | lr=3.000000e-06
Saved new best model to /tmp/bow_mlp_imdb_svce5awe.pt
Epoch 61/301 | train_loss=0.5143 train_acc=80.40% | val_loss=0.5017 val_acc=83.40% | lr=3.000000e-06
Saved new best model to /tmp/bow_mlp_imdb_svce5awe.pt
Epoch 62/301 | train_loss=0.5145 train_acc=79.88% | val_loss=0.4995 val_acc=83.48% | lr=3.000000e-06
Saved new best model to /tmp/bow_mlp_imdb_svce5awe.pt
Epoch 63/301 | train_loss=0.5115 train_acc=79.95% | val_loss=0.4974 val_acc=83.60% | lr=3.000000e-06
Saved new best model to /tmp/bow_mlp_imdb_svce5awe.pt
Epoch 64/301 | train_loss=0.5068 train_acc=80.77% | val_loss=0.4950 val_acc=83.58% | lr=3.000000e-06
Epoch 65/301 | train_loss=0.5071 train_acc=80.20% | val_loss=0.4930 val_acc=83.54% | lr=3.000000e-06
Epoch 66/301 | train_loss=0.5040 train_acc=80.61% | val_loss=0.4908 val_acc=83.62% | lr=3.000000e-06
Saved new best model to /tmp/bow_mlp_imdb_svce5awe.pt
Epoch 67/301 | train_loss=0.5031 train_acc=80.73% | val_loss=0.4886 val_acc=83.56% | lr=3.000000e-06
Epoch 68/301 | train_loss=0.5002 train_acc=80.73% | val_loss=0.4865 val_acc=83.62% | lr=3.000000e-06
Epoch 69/301 | train_loss=0.4988 train_acc=80.99% | val_loss=0.4845 val_acc=83.72% | lr=3.000000e-06
Saved new best model to /tmp/bow_mlp_imdb_svce5awe.pt
Epoch 70/301 | train_loss=0.4988 train_acc=80.75% | val_loss=0.4826 val_acc=83.78% | lr=3.000000e-06
Saved new best model to /tmp/bow_mlp_imdb_svce5awe.pt
Epoch 71/301 | train_loss=0.4941 train_acc=81.01% | val_loss=0.4807 val_acc=83.78% | lr=3.000000e-06
Epoch 72/301 | train_loss=0.4916 train_acc=80.97% | val_loss=0.4786 val_acc=83.78% | lr=3.000000e-06
Epoch 73/301 | train_loss=0.4913 train_acc=81.43% | val_loss=0.4767 val_acc=83.84% | lr=3.000000e-06
Saved new best model to /tmp/bow_mlp_imdb_svce5awe.pt
Epoch 74/301 | train_loss=0.4873 train_acc=81.63% | val_loss=0.4748 val_acc=83.88% | lr=3.000000e-06
Saved new best model to /tmp/bow_mlp_imdb_svce5awe.pt
Epoch 75/301 | train_loss=0.4860 train_acc=81.62% | val_loss=0.4729 val_acc=84.08% | lr=3.000000e-06
Saved new best model to /tmp/bow_mlp_imdb_svce5awe.pt
Epoch 76/301 | train_loss=0.4863 train_acc=81.48% | val_loss=0.4710 val_acc=83.88% | lr=3.000000e-06
Epoch 77/301 | train_loss=0.4844 train_acc=81.56% | val_loss=0.4693 val_acc=84.08% | lr=3.000000e-06
Epoch 78/301 | train_loss=0.4805 train_acc=81.81% | val_loss=0.4674 val_acc=84.14% | lr=3.000000e-06
Saved new best model to /tmp/bow_mlp_imdb_svce5awe.pt
Epoch 79/301 | train_loss=0.4806 train_acc=81.71% | val_loss=0.4657 val_acc=84.30% | lr=3.000000e-06
Saved new best model to /tmp/bow_mlp_imdb_svce5awe.pt
Epoch 80/301 | train_loss=0.4786 train_acc=81.95% | val_loss=0.4640 val_acc=84.32% | lr=3.000000e-06
Saved new best model to /tmp/bow_mlp_imdb_svce5awe.pt
Epoch 81/301 | train_loss=0.4761 train_acc=82.13% | val_loss=0.4622 val_acc=84.40% | lr=3.000000e-06
Saved new best model to /tmp/bow_mlp_imdb_svce5awe.pt
Epoch 82/301 | train_loss=0.4746 train_acc=82.21% | val_loss=0.4605 val_acc=84.42% | lr=3.000000e-06
Saved new best model to /tmp/bow_mlp_imdb_svce5awe.pt
Epoch 83/301 | train_loss=0.4728 train_acc=82.27% | val_loss=0.4587 val_acc=84.48% | lr=3.000000e-06
Saved new best model to /tmp/bow_mlp_imdb_svce5awe.pt
Epoch 84/301 | train_loss=0.4702 train_acc=82.40% | val_loss=0.4569 val_acc=84.46% | lr=3.000000e-06
Epoch 85/301 | train_loss=0.4682 train_acc=82.06% | val_loss=0.4553 val_acc=84.42% | lr=3.000000e-06
Epoch 86/301 | train_loss=0.4688 train_acc=82.38% | val_loss=0.4537 val_acc=84.46% | lr=3.000000e-06
Epoch 87/301 | train_loss=0.4662 train_acc=82.62% | val_loss=0.4522 val_acc=84.42% | lr=3.000000e-06
Epoch 88/301 | train_loss=0.4654 train_acc=82.36% | val_loss=0.4507 val_acc=84.38% | lr=3.000000e-06
Epoch 89/301 | train_loss=0.4639 train_acc=82.36% | val_loss=0.4492 val_acc=84.58% | lr=3.000000e-06
Saved new best model to /tmp/bow_mlp_imdb_svce5awe.pt
Epoch 90/301 | train_loss=0.4633 train_acc=82.62% | val_loss=0.4477 val_acc=84.56% | lr=3.000000e-06
Epoch 91/301 | train_loss=0.4599 train_acc=83.02% | val_loss=0.4463 val_acc=84.46% | lr=3.000000e-06
Epoch 92/301 | train_loss=0.4575 train_acc=83.06% | val_loss=0.4446 val_acc=84.60% | lr=3.000000e-06
Saved new best model to /tmp/bow_mlp_imdb_svce5awe.pt
Epoch 93/301 | train_loss=0.4575 train_acc=83.13% | val_loss=0.4433 val_acc=84.58% | lr=3.000000e-06
Epoch 94/301 | train_loss=0.4547 train_acc=83.17% | val_loss=0.4417 val_acc=84.60% | lr=3.000000e-06
Epoch 95/301 | train_loss=0.4554 train_acc=82.67% | val_loss=0.4404 val_acc=84.64% | lr=3.000000e-06
Saved new best model to /tmp/bow_mlp_imdb_svce5awe.pt
Epoch 96/301 | train_loss=0.4507 train_acc=83.14% | val_loss=0.4388 val_acc=84.72% | lr=3.000000e-06
Saved new best model to /tmp/bow_mlp_imdb_svce5awe.pt
Epoch 97/301 | train_loss=0.4497 train_acc=83.15% | val_loss=0.4374 val_acc=84.80% | lr=3.000000e-06
Saved new best model to /tmp/bow_mlp_imdb_svce5awe.pt
Epoch 98/301 | train_loss=0.4481 train_acc=83.17% | val_loss=0.4360 val_acc=84.80% | lr=3.000000e-06
Epoch 99/301 | train_loss=0.4481 train_acc=83.28% | val_loss=0.4347 val_acc=84.82% | lr=3.000000e-06
Saved new best model to /tmp/bow_mlp_imdb_svce5awe.pt
Epoch 100/301 | train_loss=0.4466 train_acc=83.21% | val_loss=0.4334 val_acc=84.80% | lr=3.000000e-06
Epoch 101/301 | train_loss=0.4450 train_acc=83.30% | val_loss=0.4321 val_acc=84.92% | lr=3.000000e-06
Saved new best model to /tmp/bow_mlp_imdb_svce5awe.pt
Epoch 102/301 | train_loss=0.4427 train_acc=83.48% | val_loss=0.4308 val_acc=85.04% | lr=3.000000e-06
Saved new best model to /tmp/bow_mlp_imdb_svce5awe.pt
Epoch 103/301 | train_loss=0.4417 train_acc=83.69% | val_loss=0.4294 val_acc=85.02% | lr=3.000000e-06
Epoch 104/301 | train_loss=0.4422 train_acc=83.61% | val_loss=0.4282 val_acc=84.96% | lr=3.000000e-06
Epoch 105/301 | train_loss=0.4440 train_acc=83.58% | val_loss=0.4271 val_acc=85.06% | lr=3.000000e-06
Saved new best model to /tmp/bow_mlp_imdb_svce5awe.pt
Epoch 106/301 | train_loss=0.4356 train_acc=84.10% | val_loss=0.4256 val_acc=85.12% | lr=3.000000e-06
Saved new best model to /tmp/bow_mlp_imdb_svce5awe.pt
Epoch 107/301 | train_loss=0.4355 train_acc=84.01% | val_loss=0.4243 val_acc=85.08% | lr=3.000000e-06
Epoch 108/301 | train_loss=0.4310 train_acc=84.05% | val_loss=0.4230 val_acc=85.16% | lr=3.000000e-06
Saved new best model to /tmp/bow_mlp_imdb_svce5awe.pt
Epoch 109/301 | train_loss=0.4335 train_acc=83.76% | val_loss=0.4218 val_acc=85.22% | lr=3.000000e-06
Saved new best model to /tmp/bow_mlp_imdb_svce5awe.pt
Epoch 110/301 | train_loss=0.4326 train_acc=83.78% | val_loss=0.4206 val_acc=85.26% | lr=3.000000e-06
Saved new best model to /tmp/bow_mlp_imdb_svce5awe.pt
Epoch 111/301 | train_loss=0.4303 train_acc=83.92% | val_loss=0.4195 val_acc=85.20% | lr=3.000000e-06
Epoch 112/301 | train_loss=0.4319 train_acc=83.76% | val_loss=0.4183 val_acc=85.32% | lr=3.000000e-06
Saved new best model to /tmp/bow_mlp_imdb_svce5awe.pt
Epoch 113/301 | train_loss=0.4292 train_acc=83.88% | val_loss=0.4171 val_acc=85.36% | lr=3.000000e-06
Saved new best model to /tmp/bow_mlp_imdb_svce5awe.pt
Epoch 114/301 | train_loss=0.4261 train_acc=84.03% | val_loss=0.4161 val_acc=85.32% | lr=3.000000e-06
Epoch 115/301 | train_loss=0.4270 train_acc=83.83% | val_loss=0.4150 val_acc=85.36% | lr=3.000000e-06
Epoch 116/301 | train_loss=0.4260 train_acc=84.08% | val_loss=0.4140 val_acc=85.34% | lr=3.000000e-06
Epoch 117/301 | train_loss=0.4274 train_acc=84.05% | val_loss=0.4131 val_acc=85.36% | lr=3.000000e-06
Epoch 118/301 | train_loss=0.4210 train_acc=84.36% | val_loss=0.4119 val_acc=85.38% | lr=3.000000e-06
Saved new best model to /tmp/bow_mlp_imdb_svce5awe.pt
Epoch 119/301 | train_loss=0.4221 train_acc=84.23% | val_loss=0.4108 val_acc=85.38% | lr=3.000000e-06
Epoch 120/301 | train_loss=0.4220 train_acc=84.24% | val_loss=0.4098 val_acc=85.40% | lr=3.000000e-06
Saved new best model to /tmp/bow_mlp_imdb_svce5awe.pt
Epoch 121/301 | train_loss=0.4217 train_acc=84.58% | val_loss=0.4088 val_acc=85.42% | lr=3.000000e-06
Saved new best model to /tmp/bow_mlp_imdb_svce5awe.pt
Epoch 122/301 | train_loss=0.4184 train_acc=84.44% | val_loss=0.4078 val_acc=85.48% | lr=3.000000e-06
Saved new best model to /tmp/bow_mlp_imdb_svce5awe.pt
Epoch 123/301 | train_loss=0.4175 train_acc=84.72% | val_loss=0.4069 val_acc=85.42% | lr=3.000000e-06
Epoch 124/301 | train_loss=0.4201 train_acc=84.61% | val_loss=0.4061 val_acc=85.42% | lr=3.000000e-06
Epoch 125/301 | train_loss=0.4148 train_acc=84.48% | val_loss=0.4051 val_acc=85.40% | lr=3.000000e-06
Epoch 126/301 | train_loss=0.4152 train_acc=84.41% | val_loss=0.4040 val_acc=85.48% | lr=3.000000e-06
Epoch 127/301 | train_loss=0.4140 train_acc=84.50% | val_loss=0.4031 val_acc=85.56% | lr=3.000000e-06
Saved new best model to /tmp/bow_mlp_imdb_svce5awe.pt
Epoch 128/301 | train_loss=0.4122 train_acc=84.67% | val_loss=0.4020 val_acc=85.54% | lr=3.000000e-06
Epoch 129/301 | train_loss=0.4117 train_acc=84.78% | val_loss=0.4011 val_acc=85.54% | lr=3.000000e-06
Epoch 130/301 | train_loss=0.4099 train_acc=84.78% | val_loss=0.4001 val_acc=85.56% | lr=3.000000e-06
Epoch 131/301 | train_loss=0.4095 train_acc=84.71% | val_loss=0.3992 val_acc=85.58% | lr=3.000000e-06
Saved new best model to /tmp/bow_mlp_imdb_svce5awe.pt
Epoch 132/301 | train_loss=0.4068 train_acc=85.01% | val_loss=0.3981 val_acc=85.62% | lr=3.000000e-06
Saved new best model to /tmp/bow_mlp_imdb_svce5awe.pt
Epoch 133/301 | train_loss=0.4078 train_acc=84.89% | val_loss=0.3973 val_acc=85.64% | lr=3.000000e-06
Saved new best model to /tmp/bow_mlp_imdb_svce5awe.pt
Epoch 134/301 | train_loss=0.4064 train_acc=84.87% | val_loss=0.3965 val_acc=85.68% | lr=3.000000e-06
Saved new best model to /tmp/bow_mlp_imdb_svce5awe.pt
Epoch 135/301 | train_loss=0.4055 train_acc=84.86% | val_loss=0.3956 val_acc=85.66% | lr=3.000000e-06
Epoch 136/301 | train_loss=0.4049 train_acc=84.81% | val_loss=0.3948 val_acc=85.68% | lr=3.000000e-06
Epoch 137/301 | train_loss=0.4024 train_acc=85.22% | val_loss=0.3939 val_acc=85.72% | lr=3.000000e-06
Saved new best model to /tmp/bow_mlp_imdb_svce5awe.pt
Epoch 138/301 | train_loss=0.4022 train_acc=84.86% | val_loss=0.3930 val_acc=85.68% | lr=3.000000e-06
Epoch 139/301 | train_loss=0.4019 train_acc=85.00% | val_loss=0.3921 val_acc=85.76% | lr=3.000000e-06
Saved new best model to /tmp/bow_mlp_imdb_svce5awe.pt
Epoch 140/301 | train_loss=0.3994 train_acc=85.25% | val_loss=0.3911 val_acc=85.76% | lr=3.000000e-06
Epoch 141/301 | train_loss=0.4014 train_acc=85.19% | val_loss=0.3904 val_acc=85.74% | lr=3.000000e-06
Epoch 142/301 | train_loss=0.3982 train_acc=85.42% | val_loss=0.3896 val_acc=85.84% | lr=3.000000e-06
Saved new best model to /tmp/bow_mlp_imdb_svce5awe.pt
Epoch 143/301 | train_loss=0.3955 train_acc=85.54% | val_loss=0.3886 val_acc=85.84% | lr=3.000000e-06
Epoch 144/301 | train_loss=0.3978 train_acc=85.28% | val_loss=0.3879 val_acc=85.82% | lr=3.000000e-06
Epoch 145/301 | train_loss=0.3960 train_acc=85.41% | val_loss=0.3872 val_acc=85.78% | lr=3.000000e-06
Epoch 146/301 | train_loss=0.3936 train_acc=85.49% | val_loss=0.3864 val_acc=85.80% | lr=3.000000e-06
Epoch 147/301 | train_loss=0.3933 train_acc=85.42% | val_loss=0.3856 val_acc=85.82% | lr=3.000000e-06
Epoch 148/301 | train_loss=0.3925 train_acc=85.54% | val_loss=0.3850 val_acc=85.92% | lr=3.000000e-06
Saved new best model to /tmp/bow_mlp_imdb_svce5awe.pt
Epoch 149/301 | train_loss=0.3944 train_acc=85.60% | val_loss=0.3843 val_acc=85.94% | lr=3.000000e-06
Saved new best model to /tmp/bow_mlp_imdb_svce5awe.pt
Epoch 150/301 | train_loss=0.3930 train_acc=85.28% | val_loss=0.3837 val_acc=85.92% | lr=3.000000e-06
Epoch 151/301 | train_loss=0.3907 train_acc=85.55% | val_loss=0.3831 val_acc=85.90% | lr=3.000000e-06
Epoch 152/301 | train_loss=0.3916 train_acc=85.34% | val_loss=0.3824 val_acc=85.94% | lr=3.000000e-06
Epoch 153/301 | train_loss=0.3907 train_acc=85.50% | val_loss=0.3817 val_acc=85.94% | lr=3.000000e-06
Epoch 154/301 | train_loss=0.3878 train_acc=85.81% | val_loss=0.3811 val_acc=85.94% | lr=3.000000e-06
Epoch 155/301 | train_loss=0.3857 train_acc=85.61% | val_loss=0.3802 val_acc=85.96% | lr=3.000000e-06
Saved new best model to /tmp/bow_mlp_imdb_svce5awe.pt
Epoch 156/301 | train_loss=0.3854 train_acc=85.52% | val_loss=0.3794 val_acc=85.94% | lr=3.000000e-06
Epoch 157/301 | train_loss=0.3871 train_acc=85.48% | val_loss=0.3787 val_acc=85.92% | lr=3.000000e-06
Epoch 158/301 | train_loss=0.3869 train_acc=85.57% | val_loss=0.3782 val_acc=85.96% | lr=3.000000e-06
Epoch 159/301 | train_loss=0.3833 train_acc=85.89% | val_loss=0.3776 val_acc=85.92% | lr=3.000000e-06
Epoch 160/301 | train_loss=0.3851 train_acc=85.80% | val_loss=0.3769 val_acc=85.96% | lr=3.000000e-06
Epoch 161/301 | train_loss=0.3839 train_acc=85.96% | val_loss=0.3762 val_acc=85.96% | lr=3.000000e-06
Epoch 162/301 | train_loss=0.3816 train_acc=85.76% | val_loss=0.3756 val_acc=85.96% | lr=3.000000e-06
Epoch 163/301 | train_loss=0.3803 train_acc=86.03% | val_loss=0.3748 val_acc=85.96% | lr=3.000000e-06
Epoch 164/301 | train_loss=0.3776 train_acc=86.17% | val_loss=0.3742 val_acc=85.98% | lr=3.000000e-06
Saved new best model to /tmp/bow_mlp_imdb_svce5awe.pt
Epoch 165/301 | train_loss=0.3781 train_acc=86.01% | val_loss=0.3734 val_acc=85.98% | lr=3.000000e-06
Epoch 166/301 | train_loss=0.3772 train_acc=86.19% | val_loss=0.3728 val_acc=85.96% | lr=3.000000e-06
Epoch 167/301 | train_loss=0.3775 train_acc=86.12% | val_loss=0.3722 val_acc=85.98% | lr=3.000000e-06
Epoch 168/301 | train_loss=0.3783 train_acc=86.15% | val_loss=0.3717 val_acc=85.94% | lr=3.000000e-06
Epoch 169/301 | train_loss=0.3756 train_acc=86.27% | val_loss=0.3711 val_acc=85.98% | lr=3.000000e-06
Epoch 170/301 | train_loss=0.3767 train_acc=86.27% | val_loss=0.3707 val_acc=86.02% | lr=3.000000e-06
Saved new best model to /tmp/bow_mlp_imdb_svce5awe.pt
Epoch 171/301 | train_loss=0.3768 train_acc=86.22% | val_loss=0.3701 val_acc=85.98% | lr=3.000000e-06
Epoch 172/301 | train_loss=0.3742 train_acc=86.20% | val_loss=0.3695 val_acc=85.96% | lr=3.000000e-06
Epoch 173/301 | train_loss=0.3744 train_acc=86.43% | val_loss=0.3689 val_acc=85.96% | lr=3.000000e-06
Epoch 174/301 | train_loss=0.3725 train_acc=86.37% | val_loss=0.3682 val_acc=86.00% | lr=3.000000e-06
Epoch 175/301 | train_loss=0.3732 train_acc=86.13% | val_loss=0.3678 val_acc=85.96% | lr=3.000000e-06
Epoch 176/301 | train_loss=0.3725 train_acc=86.30% | val_loss=0.3674 val_acc=85.96% | lr=3.000000e-06
Epoch 177/301 | train_loss=0.3712 train_acc=86.20% | val_loss=0.3668 val_acc=86.00% | lr=3.000000e-06
Epoch 178/301 | train_loss=0.3706 train_acc=86.58% | val_loss=0.3662 val_acc=86.00% | lr=3.000000e-06
Epoch 179/301 | train_loss=0.3677 train_acc=86.55% | val_loss=0.3655 val_acc=86.06% | lr=3.000000e-06
Saved new best model to /tmp/bow_mlp_imdb_svce5awe.pt
Epoch 180/301 | train_loss=0.3668 train_acc=86.40% | val_loss=0.3648 val_acc=86.04% | lr=3.000000e-06
Epoch 181/301 | train_loss=0.3683 train_acc=86.59% | val_loss=0.3644 val_acc=86.08% | lr=3.000000e-06
Saved new best model to /tmp/bow_mlp_imdb_svce5awe.pt
Epoch 182/301 | train_loss=0.3681 train_acc=86.33% | val_loss=0.3639 val_acc=86.06% | lr=3.000000e-06
Epoch 183/301 | train_loss=0.3674 train_acc=86.35% | val_loss=0.3635 val_acc=86.06% | lr=3.000000e-06
Epoch 184/301 | train_loss=0.3646 train_acc=86.32% | val_loss=0.3628 val_acc=86.08% | lr=3.000000e-06
Epoch 185/301 | train_loss=0.3641 train_acc=86.41% | val_loss=0.3623 val_acc=86.08% | lr=3.000000e-06
Epoch 186/301 | train_loss=0.3639 train_acc=86.69% | val_loss=0.3617 val_acc=86.12% | lr=3.000000e-06
Saved new best model to /tmp/bow_mlp_imdb_svce5awe.pt
Epoch 187/301 | train_loss=0.3672 train_acc=86.28% | val_loss=0.3615 val_acc=86.12% | lr=3.000000e-06
Epoch 188/301 | train_loss=0.3644 train_acc=86.61% | val_loss=0.3611 val_acc=86.16% | lr=3.000000e-06
Saved new best model to /tmp/bow_mlp_imdb_svce5awe.pt
Epoch 189/301 | train_loss=0.3630 train_acc=86.69% | val_loss=0.3604 val_acc=86.12% | lr=3.000000e-06
Epoch 190/301 | train_loss=0.3644 train_acc=86.07% | val_loss=0.3601 val_acc=86.16% | lr=3.000000e-06
Epoch 191/301 | train_loss=0.3637 train_acc=86.40% | val_loss=0.3598 val_acc=86.18% | lr=3.000000e-06
Saved new best model to /tmp/bow_mlp_imdb_svce5awe.pt
Epoch 192/301 | train_loss=0.3611 train_acc=86.69% | val_loss=0.3592 val_acc=86.18% | lr=3.000000e-06
Epoch 193/301 | train_loss=0.3583 train_acc=86.98% | val_loss=0.3586 val_acc=86.16% | lr=3.000000e-06
Epoch 194/301 | train_loss=0.3608 train_acc=86.62% | val_loss=0.3582 val_acc=86.20% | lr=3.000000e-06
Saved new best model to /tmp/bow_mlp_imdb_svce5awe.pt
Epoch 195/301 | train_loss=0.3586 train_acc=86.88% | val_loss=0.3577 val_acc=86.22% | lr=3.000000e-06
Saved new best model to /tmp/bow_mlp_imdb_svce5awe.pt
Epoch 196/301 | train_loss=0.3589 train_acc=86.75% | val_loss=0.3573 val_acc=86.12% | lr=3.000000e-06
Epoch 197/301 | train_loss=0.3592 train_acc=86.66% | val_loss=0.3568 val_acc=86.20% | lr=3.000000e-06
Epoch 198/301 | train_loss=0.3563 train_acc=86.94% | val_loss=0.3562 val_acc=86.24% | lr=3.000000e-06
Saved new best model to /tmp/bow_mlp_imdb_svce5awe.pt
Epoch 199/301 | train_loss=0.3571 train_acc=86.72% | val_loss=0.3559 val_acc=86.24% | lr=3.000000e-06
Epoch 200/301 | train_loss=0.3606 train_acc=86.56% | val_loss=0.3555 val_acc=86.26% | lr=3.000000e-06
Saved new best model to /tmp/bow_mlp_imdb_svce5awe.pt
Epoch 201/301 | train_loss=0.3535 train_acc=86.98% | val_loss=0.3551 val_acc=86.18% | lr=3.000000e-06
Epoch 202/301 | train_loss=0.3554 train_acc=86.97% | val_loss=0.3545 val_acc=86.22% | lr=3.000000e-06
Epoch 203/301 | train_loss=0.3554 train_acc=87.14% | val_loss=0.3542 val_acc=86.24% | lr=3.000000e-06
Epoch 204/301 | train_loss=0.3551 train_acc=86.88% | val_loss=0.3538 val_acc=86.32% | lr=3.000000e-06
Saved new best model to /tmp/bow_mlp_imdb_svce5awe.pt
Epoch 205/301 | train_loss=0.3504 train_acc=87.11% | val_loss=0.3533 val_acc=86.32% | lr=3.000000e-06
Epoch 206/301 | train_loss=0.3513 train_acc=86.92% | val_loss=0.3529 val_acc=86.30% | lr=3.000000e-06
Epoch 207/301 | train_loss=0.3542 train_acc=86.80% | val_loss=0.3524 val_acc=86.36% | lr=3.000000e-06
Saved new best model to /tmp/bow_mlp_imdb_svce5awe.pt
Epoch 208/301 | train_loss=0.3524 train_acc=86.74% | val_loss=0.3521 val_acc=86.36% | lr=3.000000e-06
Epoch 209/301 | train_loss=0.3517 train_acc=87.04% | val_loss=0.3517 val_acc=86.36% | lr=3.000000e-06
Epoch 210/301 | train_loss=0.3514 train_acc=86.78% | val_loss=0.3513 val_acc=86.36% | lr=3.000000e-06
Epoch 211/301 | train_loss=0.3503 train_acc=86.89% | val_loss=0.3510 val_acc=86.38% | lr=3.000000e-06
Saved new best model to /tmp/bow_mlp_imdb_svce5awe.pt
Epoch 212/301 | train_loss=0.3476 train_acc=87.27% | val_loss=0.3503 val_acc=86.36% | lr=3.000000e-06
Epoch 213/301 | train_loss=0.3463 train_acc=87.27% | val_loss=0.3499 val_acc=86.38% | lr=3.000000e-06
Epoch 214/301 | train_loss=0.3487 train_acc=87.13% | val_loss=0.3495 val_acc=86.36% | lr=3.000000e-06
Epoch 215/301 | train_loss=0.3469 train_acc=87.17% | val_loss=0.3492 val_acc=86.38% | lr=3.000000e-06
Epoch 216/301 | train_loss=0.3493 train_acc=86.91% | val_loss=0.3490 val_acc=86.38% | lr=3.000000e-06
Epoch 217/301 | train_loss=0.3474 train_acc=87.13% | val_loss=0.3487 val_acc=86.42% | lr=3.000000e-06
Saved new best model to /tmp/bow_mlp_imdb_svce5awe.pt
Epoch 218/301 | train_loss=0.3480 train_acc=87.09% | val_loss=0.3484 val_acc=86.40% | lr=3.000000e-06
Epoch 219/301 | train_loss=0.3445 train_acc=87.16% | val_loss=0.3480 val_acc=86.46% | lr=3.000000e-06
Saved new best model to /tmp/bow_mlp_imdb_svce5awe.pt
Epoch 220/301 | train_loss=0.3427 train_acc=87.44% | val_loss=0.3475 val_acc=86.42% | lr=3.000000e-06
Epoch 221/301 | train_loss=0.3448 train_acc=87.23% | val_loss=0.3472 val_acc=86.42% | lr=3.000000e-06
Epoch 222/301 | train_loss=0.3441 train_acc=87.32% | val_loss=0.3469 val_acc=86.42% | lr=3.000000e-06
Epoch 223/301 | train_loss=0.3445 train_acc=87.30% | val_loss=0.3465 val_acc=86.42% | lr=3.000000e-06
Epoch 224/301 | train_loss=0.3423 train_acc=87.53% | val_loss=0.3460 val_acc=86.40% | lr=3.000000e-06
Epoch 225/301 | train_loss=0.3431 train_acc=87.39% | val_loss=0.3457 val_acc=86.40% | lr=3.000000e-06
Epoch 226/301 | train_loss=0.3418 train_acc=87.30% | val_loss=0.3454 val_acc=86.38% | lr=3.000000e-06
Epoch 227/301 | train_loss=0.3426 train_acc=87.55% | val_loss=0.3451 val_acc=86.42% | lr=3.000000e-06
Epoch 228/301 | train_loss=0.3411 train_acc=87.48% | val_loss=0.3447 val_acc=86.38% | lr=3.000000e-06
Epoch 229/301 | train_loss=0.3403 train_acc=87.45% | val_loss=0.3445 val_acc=86.38% | lr=3.000000e-06
Epoch 230/301 | train_loss=0.3412 train_acc=87.31% | val_loss=0.3442 val_acc=86.36% | lr=3.000000e-06
Epoch 231/301 | train_loss=0.3396 train_acc=87.40% | val_loss=0.3439 val_acc=86.34% | lr=3.000000e-06
Epoch 232/301 | train_loss=0.3392 train_acc=87.54% | val_loss=0.3436 val_acc=86.40% | lr=3.000000e-06
Epoch 233/301 | train_loss=0.3384 train_acc=87.37% | val_loss=0.3432 val_acc=86.32% | lr=3.000000e-06
Epoch 234/301 | train_loss=0.3391 train_acc=87.76% | val_loss=0.3428 val_acc=86.34% | lr=3.000000e-06
Epoch 235/301 | train_loss=0.3382 train_acc=87.76% | val_loss=0.3425 val_acc=86.38% | lr=3.000000e-06
Epoch 236/301 | train_loss=0.3385 train_acc=87.59% | val_loss=0.3423 val_acc=86.46% | lr=3.000000e-06
Epoch 237/301 | train_loss=0.3398 train_acc=87.55% | val_loss=0.3420 val_acc=86.40% | lr=3.000000e-06
Epoch 238/301 | train_loss=0.3354 train_acc=87.56% | val_loss=0.3415 val_acc=86.40% | lr=3.000000e-06
Epoch 239/301 | train_loss=0.3346 train_acc=87.62% | val_loss=0.3412 val_acc=86.40% | lr=3.000000e-06
Epoch 240/301 | train_loss=0.3360 train_acc=87.62% | val_loss=0.3410 val_acc=86.38% | lr=3.000000e-06
Epoch 241/301 | train_loss=0.3312 train_acc=87.95% | val_loss=0.3405 val_acc=86.44% | lr=3.000000e-06
Epoch 242/301 | train_loss=0.3324 train_acc=87.77% | val_loss=0.3402 val_acc=86.42% | lr=3.000000e-06
Epoch 243/301 | train_loss=0.3341 train_acc=87.70% | val_loss=0.3400 val_acc=86.44% | lr=3.000000e-06
Epoch 244/301 | train_loss=0.3319 train_acc=87.52% | val_loss=0.3397 val_acc=86.42% | lr=3.000000e-06
Epoch 245/301 | train_loss=0.3331 train_acc=87.67% | val_loss=0.3394 val_acc=86.44% | lr=3.000000e-06
Epoch 246/301 | train_loss=0.3331 train_acc=87.83% | val_loss=0.3392 val_acc=86.44% | lr=3.000000e-06
Epoch 247/301 | train_loss=0.3322 train_acc=87.65% | val_loss=0.3389 val_acc=86.40% | lr=3.000000e-06
Epoch 248/301 | train_loss=0.3307 train_acc=87.63% | val_loss=0.3385 val_acc=86.40% | lr=3.000000e-06
Epoch 249/301 | train_loss=0.3322 train_acc=87.83% | val_loss=0.3383 val_acc=86.40% | lr=3.000000e-06
Epoch 250/301 | train_loss=0.3303 train_acc=87.84% | val_loss=0.3381 val_acc=86.44% | lr=3.000000e-06
Epoch 251/301 | train_loss=0.3278 train_acc=87.80% | val_loss=0.3377 val_acc=86.46% | lr=3.000000e-06
Epoch 252/301 | train_loss=0.3302 train_acc=87.91% | val_loss=0.3375 val_acc=86.48% | lr=3.000000e-06
Saved new best model to /tmp/bow_mlp_imdb_svce5awe.pt
Epoch 253/301 | train_loss=0.3318 train_acc=87.62% | val_loss=0.3373 val_acc=86.44% | lr=3.000000e-06
Epoch 254/301 | train_loss=0.3283 train_acc=87.81% | val_loss=0.3370 val_acc=86.48% | lr=3.000000e-06
Epoch 255/301 | train_loss=0.3303 train_acc=87.78% | val_loss=0.3367 val_acc=86.48% | lr=3.000000e-06
Epoch 256/301 | train_loss=0.3263 train_acc=88.05% | val_loss=0.3364 val_acc=86.50% | lr=3.000000e-06
Saved new best model to /tmp/bow_mlp_imdb_svce5awe.pt
Epoch 257/301 | train_loss=0.3293 train_acc=88.05% | val_loss=0.3361 val_acc=86.52% | lr=3.000000e-06
Saved new best model to /tmp/bow_mlp_imdb_svce5awe.pt
Epoch 258/301 | train_loss=0.3240 train_acc=87.97% | val_loss=0.3357 val_acc=86.52% | lr=3.000000e-06
Epoch 259/301 | train_loss=0.3263 train_acc=88.03% | val_loss=0.3355 val_acc=86.50% | lr=3.000000e-06
Epoch 260/301 | train_loss=0.3282 train_acc=87.86% | val_loss=0.3353 val_acc=86.52% | lr=3.000000e-06
Epoch 261/301 | train_loss=0.3270 train_acc=87.98% | val_loss=0.3352 val_acc=86.50% | lr=3.000000e-06
Epoch 262/301 | train_loss=0.3254 train_acc=87.80% | val_loss=0.3349 val_acc=86.48% | lr=3.000000e-06
Epoch 263/301 | train_loss=0.3244 train_acc=87.82% | val_loss=0.3347 val_acc=86.52% | lr=3.000000e-06
Epoch 264/301 | train_loss=0.3253 train_acc=87.86% | val_loss=0.3344 val_acc=86.54% | lr=3.000000e-06
Saved new best model to /tmp/bow_mlp_imdb_svce5awe.pt
Epoch 265/301 | train_loss=0.3247 train_acc=88.03% | val_loss=0.3342 val_acc=86.52% | lr=3.000000e-06
Epoch 266/301 | train_loss=0.3259 train_acc=88.09% | val_loss=0.3340 val_acc=86.54% | lr=3.000000e-06
Epoch 267/301 | train_loss=0.3259 train_acc=87.89% | val_loss=0.3338 val_acc=86.54% | lr=3.000000e-06
Epoch 268/301 | train_loss=0.3200 train_acc=88.16% | val_loss=0.3334 val_acc=86.56% | lr=3.000000e-06
Saved new best model to /tmp/bow_mlp_imdb_svce5awe.pt
Epoch 269/301 | train_loss=0.3238 train_acc=87.99% | val_loss=0.3333 val_acc=86.58% | lr=3.000000e-06
Saved new best model to /tmp/bow_mlp_imdb_svce5awe.pt
Epoch 270/301 | train_loss=0.3223 train_acc=88.01% | val_loss=0.3330 val_acc=86.56% | lr=3.000000e-06
Epoch 271/301 | train_loss=0.3209 train_acc=88.04% | val_loss=0.3327 val_acc=86.58% | lr=3.000000e-06
Epoch 272/301 | train_loss=0.3230 train_acc=87.92% | val_loss=0.3325 val_acc=86.58% | lr=3.000000e-06
Epoch 273/301 | train_loss=0.3217 train_acc=88.03% | val_loss=0.3324 val_acc=86.64% | lr=3.000000e-06
Saved new best model to /tmp/bow_mlp_imdb_svce5awe.pt
Epoch 274/301 | train_loss=0.3218 train_acc=87.98% | val_loss=0.3322 val_acc=86.60% | lr=3.000000e-06
Epoch 275/301 | train_loss=0.3199 train_acc=88.37% | val_loss=0.3320 val_acc=86.62% | lr=3.000000e-06
Epoch 276/301 | train_loss=0.3214 train_acc=87.87% | val_loss=0.3318 val_acc=86.64% | lr=3.000000e-06
Epoch 277/301 | train_loss=0.3206 train_acc=88.16% | val_loss=0.3316 val_acc=86.66% | lr=3.000000e-06
Saved new best model to /tmp/bow_mlp_imdb_svce5awe.pt
Epoch 278/301 | train_loss=0.3184 train_acc=88.08% | val_loss=0.3313 val_acc=86.66% | lr=3.000000e-06
Epoch 279/301 | train_loss=0.3180 train_acc=88.42% | val_loss=0.3311 val_acc=86.68% | lr=3.000000e-06
Saved new best model to /tmp/bow_mlp_imdb_svce5awe.pt
Epoch 280/301 | train_loss=0.3189 train_acc=88.25% | val_loss=0.3307 val_acc=86.68% | lr=3.000000e-06
Epoch 281/301 | train_loss=0.3183 train_acc=88.17% | val_loss=0.3305 val_acc=86.70% | lr=3.000000e-06
Saved new best model to /tmp/bow_mlp_imdb_svce5awe.pt
Epoch 282/301 | train_loss=0.3184 train_acc=88.12% | val_loss=0.3304 val_acc=86.72% | lr=3.000000e-06
Saved new best model to /tmp/bow_mlp_imdb_svce5awe.pt
Epoch 283/301 | train_loss=0.3179 train_acc=88.35% | val_loss=0.3304 val_acc=86.74% | lr=3.000000e-06
Saved new best model to /tmp/bow_mlp_imdb_svce5awe.pt
Epoch 284/301 | train_loss=0.3161 train_acc=88.31% | val_loss=0.3301 val_acc=86.76% | lr=3.000000e-06
Saved new best model to /tmp/bow_mlp_imdb_svce5awe.pt
Epoch 285/301 | train_loss=0.3169 train_acc=88.28% | val_loss=0.3299 val_acc=86.74% | lr=3.000000e-06
Epoch 286/301 | train_loss=0.3157 train_acc=88.19% | val_loss=0.3297 val_acc=86.74% | lr=3.000000e-06
Epoch 287/301 | train_loss=0.3157 train_acc=88.39% | val_loss=0.3295 val_acc=86.74% | lr=3.000000e-06
Epoch 288/301 | train_loss=0.3171 train_acc=88.42% | val_loss=0.3294 val_acc=86.74% | lr=3.000000e-06
Epoch 289/301 | train_loss=0.3139 train_acc=88.30% | val_loss=0.3291 val_acc=86.72% | lr=3.000000e-06
Epoch 290/301 | train_loss=0.3156 train_acc=88.31% | val_loss=0.3289 val_acc=86.72% | lr=3.000000e-06
Epoch 291/301 | train_loss=0.3139 train_acc=88.41% | val_loss=0.3287 val_acc=86.74% | lr=3.000000e-06
Epoch 292/301 | train_loss=0.3177 train_acc=88.12% | val_loss=0.3286 val_acc=86.70% | lr=3.000000e-06
Epoch 293/301 | train_loss=0.3104 train_acc=88.48% | val_loss=0.3283 val_acc=86.68% | lr=3.000000e-06
Epoch 294/301 | train_loss=0.3096 train_acc=88.55% | val_loss=0.3280 val_acc=86.70% | lr=3.000000e-06
Epoch 295/301 | train_loss=0.3104 train_acc=88.56% | val_loss=0.3278 val_acc=86.68% | lr=3.000000e-06
Epoch 296/301 | train_loss=0.3133 train_acc=88.34% | val_loss=0.3276 val_acc=86.70% | lr=3.000000e-06
Epoch 297/301 | train_loss=0.3115 train_acc=88.56% | val_loss=0.3275 val_acc=86.72% | lr=3.000000e-06
Epoch 298/301 | train_loss=0.3126 train_acc=88.53% | val_loss=0.3274 val_acc=86.72% | lr=3.000000e-06
Epoch 299/301 | train_loss=0.3125 train_acc=88.34% | val_loss=0.3272 val_acc=86.72% | lr=3.000000e-06
Epoch 300/301 | train_loss=0.3101 train_acc=88.50% | val_loss=0.3270 val_acc=86.76% | lr=3.000000e-06
Epoch 301/301 | train_loss=0.3081 train_acc=88.63% | val_loss=0.3267 val_acc=86.72% | lr=3.000000e-06
Epoch 302/301 | train_loss=0.3073 train_acc=88.61% | val_loss=0.3265 val_acc=86.70% | lr=3.000000e-06
Epoch 303/301 | train_loss=0.3105 train_acc=88.50% | val_loss=0.3264 val_acc=86.74% | lr=3.000000e-06
Epoch 304/301 | train_loss=0.3076 train_acc=88.59% | val_loss=0.3261 val_acc=86.70% | lr=3.000000e-06
Epoch 305/301 | train_loss=0.3084 train_acc=88.61% | val_loss=0.3260 val_acc=86.70% | lr=3.000000e-06
Epoch 306/301 | train_loss=0.3087 train_acc=88.64% | val_loss=0.3259 val_acc=86.80% | lr=3.000000e-06
Saved new best model to /tmp/bow_mlp_imdb_svce5awe.pt
Epoch 307/301 | train_loss=0.3082 train_acc=88.62% | val_loss=0.3257 val_acc=86.76% | lr=3.000000e-06
Epoch 308/301 | train_loss=0.3104 train_acc=88.44% | val_loss=0.3257 val_acc=86.76% | lr=3.000000e-06
Epoch 309/301 | train_loss=0.3083 train_acc=88.58% | val_loss=0.3255 val_acc=86.76% | lr=3.000000e-06
Epoch 310/301 | train_loss=0.3091 train_acc=88.55% | val_loss=0.3253 val_acc=86.72% | lr=3.000000e-06
Epoch 311/301 | train_loss=0.3072 train_acc=88.67% | val_loss=0.3252 val_acc=86.78% | lr=3.000000e-06
Epoch 312/301 | train_loss=0.3026 train_acc=88.98% | val_loss=0.3249 val_acc=86.78% | lr=3.000000e-06
Epoch 313/301 | train_loss=0.3046 train_acc=88.62% | val_loss=0.3247 val_acc=86.76% | lr=3.000000e-06
Epoch 314/301 | train_loss=0.3055 train_acc=88.65% | val_loss=0.3246 val_acc=86.74% | lr=3.000000e-06
Epoch 315/301 | train_loss=0.3066 train_acc=88.67% | val_loss=0.3244 val_acc=86.74% | lr=3.000000e-06
Epoch 316/301 | train_loss=0.3051 train_acc=88.74% | val_loss=0.3242 val_acc=86.72% | lr=3.000000e-06
Epoch 317/301 | train_loss=0.3058 train_acc=88.63% | val_loss=0.3241 val_acc=86.74% | lr=3.000000e-06
Epoch 318/301 | train_loss=0.3044 train_acc=88.70% | val_loss=0.3240 val_acc=86.74% | lr=3.000000e-06
Epoch 319/301 | train_loss=0.3060 train_acc=88.71% | val_loss=0.3238 val_acc=86.74% | lr=3.000000e-06
Epoch 320/301 | train_loss=0.3020 train_acc=88.64% | val_loss=0.3237 val_acc=86.80% | lr=3.000000e-06
Epoch 321/301 | train_loss=0.3049 train_acc=88.74% | val_loss=0.3236 val_acc=86.74% | lr=3.000000e-06
Epoch 322/301 | train_loss=0.3028 train_acc=89.01% | val_loss=0.3234 val_acc=86.78% | lr=3.000000e-06
Epoch 323/301 | train_loss=0.3050 train_acc=88.64% | val_loss=0.3233 val_acc=86.82% | lr=3.000000e-06
Saved new best model to /tmp/bow_mlp_imdb_svce5awe.pt
Epoch 324/301 | train_loss=0.3007 train_acc=88.73% | val_loss=0.3231 val_acc=86.82% | lr=3.000000e-06
Epoch 325/301 | train_loss=0.3013 train_acc=88.84% | val_loss=0.3229 val_acc=86.80% | lr=3.000000e-06
Epoch 326/301 | train_loss=0.3033 train_acc=88.54% | val_loss=0.3228 val_acc=86.84% | lr=3.000000e-06
Saved new best model to /tmp/bow_mlp_imdb_svce5awe.pt
Epoch 327/301 | train_loss=0.3011 train_acc=89.13% | val_loss=0.3227 val_acc=86.84% | lr=3.000000e-06
Epoch 328/301 | train_loss=0.2997 train_acc=88.97% | val_loss=0.3224 val_acc=86.82% | lr=3.000000e-06
Epoch 329/301 | train_loss=0.2997 train_acc=89.11% | val_loss=0.3223 val_acc=86.82% | lr=3.000000e-06
Epoch 330/301 | train_loss=0.3029 train_acc=89.00% | val_loss=0.3222 val_acc=86.82% | lr=3.000000e-06
Epoch 331/301 | train_loss=0.2997 train_acc=88.75% | val_loss=0.3221 val_acc=86.80% | lr=3.000000e-06
Epoch 332/301 | train_loss=0.2978 train_acc=88.75% | val_loss=0.3218 val_acc=86.86% | lr=3.000000e-06
Saved new best model to /tmp/bow_mlp_imdb_svce5awe.pt
Epoch 333/301 | train_loss=0.2987 train_acc=88.98% | val_loss=0.3217 val_acc=86.74% | lr=3.000000e-06
Epoch 334/301 | train_loss=0.2971 train_acc=88.85% | val_loss=0.3216 val_acc=86.86% | lr=3.000000e-06
Epoch 335/301 | train_loss=0.2981 train_acc=88.85% | val_loss=0.3215 val_acc=86.84% | lr=3.000000e-06
Epoch 336/301 | train_loss=0.3009 train_acc=88.99% | val_loss=0.3214 val_acc=86.84% | lr=3.000000e-06
Epoch 337/301 | train_loss=0.2986 train_acc=89.08% | val_loss=0.3212 val_acc=86.84% | lr=3.000000e-06
Epoch 338/301 | train_loss=0.2980 train_acc=88.98% | val_loss=0.3211 val_acc=86.84% | lr=3.000000e-06
Epoch 339/301 | train_loss=0.2980 train_acc=89.07% | val_loss=0.3211 val_acc=86.86% | lr=3.000000e-06
Epoch 340/301 | train_loss=0.2989 train_acc=88.88% | val_loss=0.3209 val_acc=86.84% | lr=3.000000e-06
Epoch 341/301 | train_loss=0.3001 train_acc=89.00% | val_loss=0.3209 val_acc=86.92% | lr=3.000000e-06
Saved new best model to /tmp/bow_mlp_imdb_svce5awe.pt
Epoch 342/301 | train_loss=0.2974 train_acc=89.14% | val_loss=0.3208 val_acc=86.84% | lr=3.000000e-06
Epoch 343/301 | train_loss=0.2952 train_acc=89.22% | val_loss=0.3205 val_acc=86.86% | lr=3.000000e-06
Epoch 344/301 | train_loss=0.2966 train_acc=89.07% | val_loss=0.3204 val_acc=86.84% | lr=3.000000e-06
Epoch 345/301 | train_loss=0.2967 train_acc=88.89% | val_loss=0.3203 val_acc=86.90% | lr=3.000000e-06
Epoch 346/301 | train_loss=0.2950 train_acc=88.98% | val_loss=0.3201 val_acc=86.88% | lr=3.000000e-06
Epoch 347/301 | train_loss=0.2959 train_acc=89.11% | val_loss=0.3200 val_acc=86.88% | lr=3.000000e-06
Epoch 348/301 | train_loss=0.2962 train_acc=88.84% | val_loss=0.3199 val_acc=86.88% | lr=3.000000e-06
Epoch 349/301 | train_loss=0.2950 train_acc=88.89% | val_loss=0.3198 val_acc=86.88% | lr=3.000000e-06
Epoch 350/301 | train_loss=0.2937 train_acc=88.98% | val_loss=0.3197 val_acc=86.90% | lr=3.000000e-06
Epoch 351/301 | train_loss=0.2933 train_acc=89.11% | val_loss=0.3196 val_acc=86.92% | lr=3.000000e-06
Epoch 352/301 | train_loss=0.2916 train_acc=89.10% | val_loss=0.3194 val_acc=86.88% | lr=3.000000e-06
Epoch 353/301 | train_loss=0.2921 train_acc=89.20% | val_loss=0.3193 val_acc=86.92% | lr=3.000000e-06
Epoch 354/301 | train_loss=0.2940 train_acc=89.00% | val_loss=0.3192 val_acc=86.88% | lr=3.000000e-06
Epoch 355/301 | train_loss=0.2917 train_acc=88.98% | val_loss=0.3191 val_acc=86.94% | lr=3.000000e-06
Saved new best model to /tmp/bow_mlp_imdb_svce5awe.pt
Epoch 356/301 | train_loss=0.2914 train_acc=89.23% | val_loss=0.3190 val_acc=86.90% | lr=3.000000e-06
Epoch 357/301 | train_loss=0.2951 train_acc=89.17% | val_loss=0.3189 val_acc=86.92% | lr=3.000000e-06
Epoch 358/301 | train_loss=0.2919 train_acc=89.09% | val_loss=0.3188 val_acc=86.90% | lr=3.000000e-06
Epoch 359/301 | train_loss=0.2913 train_acc=89.24% | val_loss=0.3187 val_acc=86.90% | lr=3.000000e-06
Epoch 360/301 | train_loss=0.2911 train_acc=89.00% | val_loss=0.3187 val_acc=86.94% | lr=3.000000e-06
Epoch 361/301 | train_loss=0.2918 train_acc=89.14% | val_loss=0.3186 val_acc=86.92% | lr=3.000000e-06
Epoch 362/301 | train_loss=0.2926 train_acc=89.11% | val_loss=0.3184 val_acc=86.90% | lr=3.000000e-06
Epoch 363/301 | train_loss=0.2915 train_acc=89.17% | val_loss=0.3183 val_acc=86.86% | lr=3.000000e-06
Epoch 364/301 | train_loss=0.2906 train_acc=89.06% | val_loss=0.3182 val_acc=86.88% | lr=3.000000e-06
Epoch 365/301 | train_loss=0.2869 train_acc=89.44% | val_loss=0.3181 val_acc=86.90% | lr=3.000000e-06
Epoch 366/301 | train_loss=0.2894 train_acc=89.21% | val_loss=0.3180 val_acc=86.92% | lr=3.000000e-06
Epoch 367/301 | train_loss=0.2890 train_acc=89.23% | val_loss=0.3178 val_acc=86.92% | lr=3.000000e-06
Epoch 368/301 | train_loss=0.2899 train_acc=89.27% | val_loss=0.3178 val_acc=86.92% | lr=3.000000e-06
Epoch 369/301 | train_loss=0.2890 train_acc=89.42% | val_loss=0.3178 val_acc=86.96% | lr=3.000000e-06
Saved new best model to /tmp/bow_mlp_imdb_svce5awe.pt
Epoch 370/301 | train_loss=0.2892 train_acc=89.19% | val_loss=0.3176 val_acc=86.92% | lr=3.000000e-06
Epoch 371/301 | train_loss=0.2911 train_acc=89.27% | val_loss=0.3176 val_acc=86.98% | lr=3.000000e-06
Saved new best model to /tmp/bow_mlp_imdb_svce5awe.pt
Epoch 372/301 | train_loss=0.2867 train_acc=89.48% | val_loss=0.3175 val_acc=86.96% | lr=3.000000e-06
Epoch 373/301 | train_loss=0.2872 train_acc=89.44% | val_loss=0.3173 val_acc=86.88% | lr=3.000000e-06
Epoch 374/301 | train_loss=0.2862 train_acc=89.32% | val_loss=0.3173 val_acc=86.98% | lr=3.000000e-06
Epoch 375/301 | train_loss=0.2887 train_acc=89.25% | val_loss=0.3172 val_acc=86.90% | lr=3.000000e-06
Epoch 376/301 | train_loss=0.2866 train_acc=89.58% | val_loss=0.3171 val_acc=86.92% | lr=3.000000e-06
Epoch 377/301 | train_loss=0.2866 train_acc=89.34% | val_loss=0.3170 val_acc=86.90% | lr=3.000000e-06
Epoch 378/301 | train_loss=0.2856 train_acc=89.53% | val_loss=0.3169 val_acc=86.90% | lr=3.000000e-06
Epoch 379/301 | train_loss=0.2912 train_acc=89.23% | val_loss=0.3169 val_acc=86.96% | lr=3.000000e-06
Epoch 380/301 | train_loss=0.2873 train_acc=89.35% | val_loss=0.3168 val_acc=86.92% | lr=3.000000e-06
Epoch 381/301 | train_loss=0.2844 train_acc=89.33% | val_loss=0.3167 val_acc=86.92% | lr=3.000000e-06
Epoch 382/301 | train_loss=0.2855 train_acc=89.24% | val_loss=0.3166 val_acc=86.92% | lr=3.000000e-06
Epoch 383/301 | train_loss=0.2849 train_acc=89.46% | val_loss=0.3166 val_acc=86.94% | lr=3.000000e-06
Epoch 384/301 | train_loss=0.2864 train_acc=89.47% | val_loss=0.3164 val_acc=86.94% | lr=3.000000e-06
Epoch 385/301 | train_loss=0.2849 train_acc=89.55% | val_loss=0.3164 val_acc=86.94% | lr=3.000000e-06
Epoch 386/301 | train_loss=0.2846 train_acc=89.34% | val_loss=0.3163 val_acc=86.92% | lr=3.000000e-06
Epoch 387/301 | train_loss=0.2827 train_acc=89.20% | val_loss=0.3162 val_acc=86.96% | lr=3.000000e-06
Epoch 388/301 | train_loss=0.2826 train_acc=89.68% | val_loss=0.3161 val_acc=87.00% | lr=3.000000e-06
Saved new best model to /tmp/bow_mlp_imdb_svce5awe.pt
Epoch 389/301 | train_loss=0.2841 train_acc=89.25% | val_loss=0.3159 val_acc=86.92% | lr=3.000000e-06
Epoch 390/301 | train_loss=0.2840 train_acc=89.61% | val_loss=0.3159 val_acc=86.92% | lr=3.000000e-06
Epoch 391/301 | train_loss=0.2833 train_acc=89.51% | val_loss=0.3159 val_acc=87.00% | lr=3.000000e-06
Epoch 392/301 | train_loss=0.2829 train_acc=89.61% | val_loss=0.3158 val_acc=86.98% | lr=3.000000e-06
Epoch 393/301 | train_loss=0.2816 train_acc=89.55% | val_loss=0.3156 val_acc=86.96% | lr=3.000000e-06
Epoch 394/301 | train_loss=0.2845 train_acc=89.50% | val_loss=0.3156 val_acc=86.96% | lr=3.000000e-06
Epoch 395/301 | train_loss=0.2823 train_acc=89.61% | val_loss=0.3155 val_acc=86.96% | lr=3.000000e-06
Epoch 396/301 | train_loss=0.2798 train_acc=89.78% | val_loss=0.3155 val_acc=87.02% | lr=3.000000e-06
Saved new best model to /tmp/bow_mlp_imdb_svce5awe.pt
Epoch 397/301 | train_loss=0.2795 train_acc=89.69% | val_loss=0.3154 val_acc=87.00% | lr=3.000000e-06
Epoch 398/301 | train_loss=0.2806 train_acc=89.52% | val_loss=0.3154 val_acc=87.00% | lr=3.000000e-06
Epoch 399/301 | train_loss=0.2804 train_acc=89.62% | val_loss=0.3153 val_acc=87.02% | lr=3.000000e-06
Epoch 400/301 | train_loss=0.2781 train_acc=89.65% | val_loss=0.3153 val_acc=87.02% | lr=3.000000e-06
Test loss=0.3163 | Test accuracy=87.05%
