Loading IMDb dataset from local disk: /home/daniel/l/masteruppsats/np-reg/language/data/imdb_hf
Using device: cuda
BoW vocab size: 3125
Epoch 1/301 | train_loss=770.7113 train_acc=49.02% | val_loss=0.7427 val_acc=49.76% | lr=1.000000e-05
Saved new best model to /tmp/bow_mlp_imdb_lw0dk571.pt
Epoch 2/301 | train_loss=538.7178 train_acc=50.02% | val_loss=0.7750 val_acc=49.84% | lr=1.000000e-05
Saved new best model to /tmp/bow_mlp_imdb_lw0dk571.pt
Epoch 3/301 | train_loss=365.9879 train_acc=50.09% | val_loss=0.7265 val_acc=49.86% | lr=1.000000e-05
Saved new best model to /tmp/bow_mlp_imdb_lw0dk571.pt
Epoch 4/301 | train_loss=241.4114 train_acc=48.90% | val_loss=0.7028 val_acc=49.02% | lr=1.000000e-05
Epoch 5/301 | train_loss=152.2780 train_acc=47.22% | val_loss=0.7000 val_acc=47.68% | lr=1.000000e-05
Epoch 6/301 | train_loss=91.1583 train_acc=47.18% | val_loss=0.6997 val_acc=47.88% | lr=1.000000e-05
Epoch 7/301 | train_loss=52.5681 train_acc=47.38% | val_loss=0.6994 val_acc=48.14% | lr=1.000000e-05
Epoch 8/301 | train_loss=31.1735 train_acc=47.63% | val_loss=0.6990 val_acc=48.12% | lr=1.000000e-05
Epoch 9/301 | train_loss=21.2763 train_acc=47.84% | val_loss=0.6981 val_acc=49.00% | lr=1.000000e-05
Epoch 10/301 | train_loss=17.6011 train_acc=48.59% | val_loss=0.6973 val_acc=49.76% | lr=1.000000e-05
Epoch 11/301 | train_loss=16.4634 train_acc=49.08% | val_loss=0.6959 val_acc=50.00% | lr=1.000000e-05
Saved new best model to /tmp/bow_mlp_imdb_lw0dk571.pt
Epoch 12/301 | train_loss=15.9564 train_acc=49.56% | val_loss=0.6944 val_acc=50.94% | lr=1.000000e-05
Saved new best model to /tmp/bow_mlp_imdb_lw0dk571.pt
Epoch 13/301 | train_loss=15.5084 train_acc=50.37% | val_loss=0.6925 val_acc=52.10% | lr=1.000000e-05
Saved new best model to /tmp/bow_mlp_imdb_lw0dk571.pt
Epoch 14/301 | train_loss=15.0328 train_acc=51.50% | val_loss=0.6908 val_acc=53.14% | lr=1.000000e-05
Saved new best model to /tmp/bow_mlp_imdb_lw0dk571.pt
Epoch 15/301 | train_loss=14.5472 train_acc=52.83% | val_loss=0.6884 val_acc=54.20% | lr=1.000000e-05
Saved new best model to /tmp/bow_mlp_imdb_lw0dk571.pt
Epoch 16/301 | train_loss=14.0615 train_acc=54.25% | val_loss=0.6860 val_acc=55.88% | lr=1.000000e-05
Saved new best model to /tmp/bow_mlp_imdb_lw0dk571.pt
Epoch 17/301 | train_loss=13.5924 train_acc=55.63% | val_loss=0.6836 val_acc=57.58% | lr=1.000000e-05
Saved new best model to /tmp/bow_mlp_imdb_lw0dk571.pt
Epoch 18/301 | train_loss=13.1479 train_acc=57.17% | val_loss=0.6812 val_acc=58.80% | lr=1.000000e-05
Saved new best model to /tmp/bow_mlp_imdb_lw0dk571.pt
Epoch 19/301 | train_loss=12.7283 train_acc=58.53% | val_loss=0.6787 val_acc=60.10% | lr=1.000000e-05
Saved new best model to /tmp/bow_mlp_imdb_lw0dk571.pt
Epoch 20/301 | train_loss=12.3370 train_acc=59.93% | val_loss=0.6762 val_acc=61.60% | lr=1.000000e-05
Saved new best model to /tmp/bow_mlp_imdb_lw0dk571.pt
Epoch 21/301 | train_loss=11.9724 train_acc=61.23% | val_loss=0.6734 val_acc=62.72% | lr=1.000000e-05
Saved new best model to /tmp/bow_mlp_imdb_lw0dk571.pt
Epoch 22/301 | train_loss=11.6316 train_acc=62.47% | val_loss=0.6707 val_acc=64.14% | lr=1.000000e-05
Saved new best model to /tmp/bow_mlp_imdb_lw0dk571.pt
Epoch 23/301 | train_loss=11.3107 train_acc=63.87% | val_loss=0.6681 val_acc=65.38% | lr=1.000000e-05
Saved new best model to /tmp/bow_mlp_imdb_lw0dk571.pt
Epoch 24/301 | train_loss=11.0220 train_acc=65.16% | val_loss=0.6653 val_acc=66.16% | lr=1.000000e-05
Saved new best model to /tmp/bow_mlp_imdb_lw0dk571.pt
Epoch 25/301 | train_loss=10.7446 train_acc=66.27% | val_loss=0.6626 val_acc=67.16% | lr=1.000000e-05
Saved new best model to /tmp/bow_mlp_imdb_lw0dk571.pt
Epoch 26/301 | train_loss=10.4914 train_acc=67.25% | val_loss=0.6601 val_acc=67.98% | lr=1.000000e-05
Saved new best model to /tmp/bow_mlp_imdb_lw0dk571.pt
Epoch 27/301 | train_loss=10.2541 train_acc=68.55% | val_loss=0.6571 val_acc=68.80% | lr=1.000000e-05
Saved new best model to /tmp/bow_mlp_imdb_lw0dk571.pt
Epoch 28/301 | train_loss=10.0298 train_acc=69.22% | val_loss=0.6543 val_acc=69.68% | lr=1.000000e-05
Saved new best model to /tmp/bow_mlp_imdb_lw0dk571.pt
Epoch 29/301 | train_loss=9.8201 train_acc=70.12% | val_loss=0.6515 val_acc=70.22% | lr=1.000000e-05
Saved new best model to /tmp/bow_mlp_imdb_lw0dk571.pt
Epoch 30/301 | train_loss=9.6207 train_acc=70.44% | val_loss=0.6488 val_acc=71.22% | lr=1.000000e-05
Saved new best model to /tmp/bow_mlp_imdb_lw0dk571.pt
Epoch 31/301 | train_loss=9.4364 train_acc=71.41% | val_loss=0.6459 val_acc=71.50% | lr=1.000000e-05
Saved new best model to /tmp/bow_mlp_imdb_lw0dk571.pt
Epoch 32/301 | train_loss=9.2638 train_acc=71.97% | val_loss=0.6432 val_acc=72.56% | lr=1.000000e-05
Saved new best model to /tmp/bow_mlp_imdb_lw0dk571.pt
Epoch 33/301 | train_loss=9.1037 train_acc=72.51% | val_loss=0.6403 val_acc=72.92% | lr=1.000000e-05
Saved new best model to /tmp/bow_mlp_imdb_lw0dk571.pt
Epoch 34/301 | train_loss=8.9509 train_acc=73.17% | val_loss=0.6375 val_acc=73.30% | lr=1.000000e-05
Saved new best model to /tmp/bow_mlp_imdb_lw0dk571.pt
Epoch 35/301 | train_loss=8.8051 train_acc=73.58% | val_loss=0.6348 val_acc=74.00% | lr=1.000000e-05
Saved new best model to /tmp/bow_mlp_imdb_lw0dk571.pt
Epoch 36/301 | train_loss=8.6672 train_acc=73.97% | val_loss=0.6318 val_acc=74.38% | lr=1.000000e-05
Saved new best model to /tmp/bow_mlp_imdb_lw0dk571.pt
Epoch 37/301 | train_loss=8.5357 train_acc=74.38% | val_loss=0.6290 val_acc=74.88% | lr=1.000000e-05
Saved new best model to /tmp/bow_mlp_imdb_lw0dk571.pt
Epoch 38/301 | train_loss=8.4103 train_acc=74.74% | val_loss=0.6261 val_acc=74.94% | lr=1.000000e-05
Saved new best model to /tmp/bow_mlp_imdb_lw0dk571.pt
Epoch 39/301 | train_loss=8.2907 train_acc=74.98% | val_loss=0.6234 val_acc=75.46% | lr=1.000000e-05
Saved new best model to /tmp/bow_mlp_imdb_lw0dk571.pt
Epoch 40/301 | train_loss=8.1816 train_acc=75.39% | val_loss=0.6205 val_acc=75.60% | lr=1.000000e-05
Saved new best model to /tmp/bow_mlp_imdb_lw0dk571.pt
Epoch 41/301 | train_loss=8.0756 train_acc=75.54% | val_loss=0.6180 val_acc=76.10% | lr=1.000000e-05
Saved new best model to /tmp/bow_mlp_imdb_lw0dk571.pt
Epoch 42/301 | train_loss=7.9743 train_acc=75.80% | val_loss=0.6150 val_acc=76.14% | lr=1.000000e-05
Saved new best model to /tmp/bow_mlp_imdb_lw0dk571.pt
Epoch 43/301 | train_loss=7.8765 train_acc=76.31% | val_loss=0.6122 val_acc=76.58% | lr=1.000000e-05
Saved new best model to /tmp/bow_mlp_imdb_lw0dk571.pt
Epoch 44/301 | train_loss=7.7843 train_acc=76.55% | val_loss=0.6094 val_acc=76.86% | lr=1.000000e-05
Saved new best model to /tmp/bow_mlp_imdb_lw0dk571.pt
Epoch 45/301 | train_loss=7.6963 train_acc=76.77% | val_loss=0.6068 val_acc=76.76% | lr=1.000000e-05
Epoch 46/301 | train_loss=7.6117 train_acc=77.11% | val_loss=0.6040 val_acc=77.20% | lr=1.000000e-05
Saved new best model to /tmp/bow_mlp_imdb_lw0dk571.pt
Epoch 47/301 | train_loss=7.5301 train_acc=77.26% | val_loss=0.6013 val_acc=77.26% | lr=1.000000e-05
Saved new best model to /tmp/bow_mlp_imdb_lw0dk571.pt
Epoch 48/301 | train_loss=7.4509 train_acc=77.45% | val_loss=0.5985 val_acc=77.62% | lr=1.000000e-05
Saved new best model to /tmp/bow_mlp_imdb_lw0dk571.pt
Epoch 49/301 | train_loss=7.3747 train_acc=77.70% | val_loss=0.5958 val_acc=77.96% | lr=1.000000e-05
Saved new best model to /tmp/bow_mlp_imdb_lw0dk571.pt
Epoch 50/301 | train_loss=7.3032 train_acc=77.84% | val_loss=0.5931 val_acc=77.94% | lr=1.000000e-05
Epoch 51/301 | train_loss=7.2331 train_acc=78.02% | val_loss=0.5905 val_acc=78.04% | lr=1.000000e-05
Saved new best model to /tmp/bow_mlp_imdb_lw0dk571.pt
Epoch 52/301 | train_loss=7.1671 train_acc=78.21% | val_loss=0.5877 val_acc=78.40% | lr=1.000000e-05
Saved new best model to /tmp/bow_mlp_imdb_lw0dk571.pt
Epoch 53/301 | train_loss=7.1003 train_acc=78.45% | val_loss=0.5852 val_acc=78.28% | lr=1.000000e-05
Epoch 54/301 | train_loss=7.0379 train_acc=78.52% | val_loss=0.5825 val_acc=78.56% | lr=1.000000e-05
Saved new best model to /tmp/bow_mlp_imdb_lw0dk571.pt
Epoch 55/301 | train_loss=6.9779 train_acc=78.74% | val_loss=0.5801 val_acc=78.54% | lr=1.000000e-05
Epoch 56/301 | train_loss=6.9185 train_acc=78.79% | val_loss=0.5773 val_acc=78.68% | lr=1.000000e-05
Saved new best model to /tmp/bow_mlp_imdb_lw0dk571.pt
Epoch 57/301 | train_loss=6.8609 train_acc=78.97% | val_loss=0.5746 val_acc=78.92% | lr=1.000000e-05
Saved new best model to /tmp/bow_mlp_imdb_lw0dk571.pt
Epoch 58/301 | train_loss=6.8050 train_acc=79.20% | val_loss=0.5722 val_acc=78.96% | lr=1.000000e-05
Saved new best model to /tmp/bow_mlp_imdb_lw0dk571.pt
Epoch 59/301 | train_loss=6.7504 train_acc=79.27% | val_loss=0.5695 val_acc=79.08% | lr=1.000000e-05
Saved new best model to /tmp/bow_mlp_imdb_lw0dk571.pt
Epoch 60/301 | train_loss=6.7003 train_acc=79.38% | val_loss=0.5672 val_acc=79.12% | lr=1.000000e-05
Saved new best model to /tmp/bow_mlp_imdb_lw0dk571.pt
Epoch 61/301 | train_loss=6.6491 train_acc=79.55% | val_loss=0.5644 val_acc=79.28% | lr=1.000000e-05
Saved new best model to /tmp/bow_mlp_imdb_lw0dk571.pt
Epoch 62/301 | train_loss=6.5979 train_acc=79.61% | val_loss=0.5618 val_acc=79.54% | lr=1.000000e-05
Saved new best model to /tmp/bow_mlp_imdb_lw0dk571.pt
Epoch 63/301 | train_loss=6.5488 train_acc=79.83% | val_loss=0.5594 val_acc=79.46% | lr=1.000000e-05
Epoch 64/301 | train_loss=6.5024 train_acc=79.90% | val_loss=0.5568 val_acc=79.66% | lr=1.000000e-05
Saved new best model to /tmp/bow_mlp_imdb_lw0dk571.pt
Epoch 65/301 | train_loss=6.4565 train_acc=80.10% | val_loss=0.5544 val_acc=79.62% | lr=1.000000e-05
Epoch 66/301 | train_loss=6.4114 train_acc=80.17% | val_loss=0.5519 val_acc=79.80% | lr=1.000000e-05
Saved new best model to /tmp/bow_mlp_imdb_lw0dk571.pt
Epoch 67/301 | train_loss=6.3682 train_acc=80.24% | val_loss=0.5495 val_acc=79.86% | lr=1.000000e-05
Saved new best model to /tmp/bow_mlp_imdb_lw0dk571.pt
Epoch 68/301 | train_loss=6.3255 train_acc=80.42% | val_loss=0.5471 val_acc=80.10% | lr=1.000000e-05
Saved new best model to /tmp/bow_mlp_imdb_lw0dk571.pt
Epoch 69/301 | train_loss=6.2841 train_acc=80.56% | val_loss=0.5446 val_acc=80.24% | lr=1.000000e-05
Saved new best model to /tmp/bow_mlp_imdb_lw0dk571.pt
Epoch 70/301 | train_loss=6.2441 train_acc=80.59% | val_loss=0.5422 val_acc=80.34% | lr=1.000000e-05
Saved new best model to /tmp/bow_mlp_imdb_lw0dk571.pt
Epoch 71/301 | train_loss=6.2050 train_acc=80.70% | val_loss=0.5399 val_acc=80.24% | lr=1.000000e-05
Epoch 72/301 | train_loss=6.1649 train_acc=80.89% | val_loss=0.5375 val_acc=80.36% | lr=1.000000e-05
Saved new best model to /tmp/bow_mlp_imdb_lw0dk571.pt
Epoch 73/301 | train_loss=6.1288 train_acc=81.00% | val_loss=0.5351 val_acc=80.50% | lr=1.000000e-05
Saved new best model to /tmp/bow_mlp_imdb_lw0dk571.pt
Epoch 74/301 | train_loss=6.0919 train_acc=81.03% | val_loss=0.5329 val_acc=80.78% | lr=1.000000e-05
Saved new best model to /tmp/bow_mlp_imdb_lw0dk571.pt
Epoch 75/301 | train_loss=6.0541 train_acc=81.19% | val_loss=0.5305 val_acc=80.92% | lr=1.000000e-05
Saved new best model to /tmp/bow_mlp_imdb_lw0dk571.pt
Epoch 76/301 | train_loss=6.0179 train_acc=81.35% | val_loss=0.5281 val_acc=81.06% | lr=1.000000e-05
Saved new best model to /tmp/bow_mlp_imdb_lw0dk571.pt
Epoch 77/301 | train_loss=5.9838 train_acc=81.36% | val_loss=0.5259 val_acc=81.24% | lr=1.000000e-05
Saved new best model to /tmp/bow_mlp_imdb_lw0dk571.pt
Epoch 78/301 | train_loss=5.9483 train_acc=81.46% | val_loss=0.5236 val_acc=81.40% | lr=1.000000e-05
Saved new best model to /tmp/bow_mlp_imdb_lw0dk571.pt
Epoch 79/301 | train_loss=5.9141 train_acc=81.67% | val_loss=0.5213 val_acc=81.44% | lr=1.000000e-05
Saved new best model to /tmp/bow_mlp_imdb_lw0dk571.pt
Epoch 80/301 | train_loss=5.8826 train_acc=81.63% | val_loss=0.5193 val_acc=81.50% | lr=1.000000e-05
Saved new best model to /tmp/bow_mlp_imdb_lw0dk571.pt
Epoch 81/301 | train_loss=5.8496 train_acc=81.76% | val_loss=0.5168 val_acc=81.74% | lr=1.000000e-05
Saved new best model to /tmp/bow_mlp_imdb_lw0dk571.pt
Epoch 82/301 | train_loss=5.8171 train_acc=81.90% | val_loss=0.5146 val_acc=81.82% | lr=1.000000e-05
Saved new best model to /tmp/bow_mlp_imdb_lw0dk571.pt
Epoch 83/301 | train_loss=5.7862 train_acc=81.95% | val_loss=0.5124 val_acc=81.98% | lr=1.000000e-05
Saved new best model to /tmp/bow_mlp_imdb_lw0dk571.pt
Epoch 84/301 | train_loss=5.7555 train_acc=82.10% | val_loss=0.5102 val_acc=82.00% | lr=1.000000e-05
Saved new best model to /tmp/bow_mlp_imdb_lw0dk571.pt
Epoch 85/301 | train_loss=5.7257 train_acc=82.19% | val_loss=0.5081 val_acc=82.02% | lr=1.000000e-05
Saved new best model to /tmp/bow_mlp_imdb_lw0dk571.pt
Epoch 86/301 | train_loss=5.6953 train_acc=82.36% | val_loss=0.5059 val_acc=82.18% | lr=1.000000e-05
Saved new best model to /tmp/bow_mlp_imdb_lw0dk571.pt
Epoch 87/301 | train_loss=5.6649 train_acc=82.42% | val_loss=0.5038 val_acc=82.18% | lr=1.000000e-05
Epoch 88/301 | train_loss=5.6364 train_acc=82.52% | val_loss=0.5017 val_acc=82.24% | lr=1.000000e-05
Saved new best model to /tmp/bow_mlp_imdb_lw0dk571.pt
Epoch 89/301 | train_loss=5.6090 train_acc=82.60% | val_loss=0.4996 val_acc=82.42% | lr=1.000000e-05
Saved new best model to /tmp/bow_mlp_imdb_lw0dk571.pt
Epoch 90/301 | train_loss=5.5809 train_acc=82.73% | val_loss=0.4976 val_acc=82.52% | lr=1.000000e-05
Saved new best model to /tmp/bow_mlp_imdb_lw0dk571.pt
Epoch 91/301 | train_loss=5.5538 train_acc=82.83% | val_loss=0.4954 val_acc=82.56% | lr=1.000000e-05
Saved new best model to /tmp/bow_mlp_imdb_lw0dk571.pt
Epoch 92/301 | train_loss=5.5263 train_acc=82.94% | val_loss=0.4934 val_acc=82.64% | lr=1.000000e-05
Saved new best model to /tmp/bow_mlp_imdb_lw0dk571.pt
Epoch 93/301 | train_loss=5.4998 train_acc=82.95% | val_loss=0.4913 val_acc=82.66% | lr=1.000000e-05
Saved new best model to /tmp/bow_mlp_imdb_lw0dk571.pt
Epoch 94/301 | train_loss=5.4740 train_acc=83.02% | val_loss=0.4893 val_acc=82.68% | lr=1.000000e-05
Saved new best model to /tmp/bow_mlp_imdb_lw0dk571.pt
Epoch 95/301 | train_loss=5.4483 train_acc=83.19% | val_loss=0.4873 val_acc=82.88% | lr=1.000000e-05
Saved new best model to /tmp/bow_mlp_imdb_lw0dk571.pt
Epoch 96/301 | train_loss=5.4232 train_acc=83.19% | val_loss=0.4854 val_acc=82.78% | lr=1.000000e-05
Epoch 97/301 | train_loss=5.3992 train_acc=83.35% | val_loss=0.4835 val_acc=82.84% | lr=1.000000e-05
Epoch 98/301 | train_loss=5.3731 train_acc=83.39% | val_loss=0.4814 val_acc=83.06% | lr=1.000000e-05
Saved new best model to /tmp/bow_mlp_imdb_lw0dk571.pt
Epoch 99/301 | train_loss=5.3505 train_acc=83.47% | val_loss=0.4796 val_acc=83.04% | lr=1.000000e-05
Epoch 100/301 | train_loss=5.3261 train_acc=83.56% | val_loss=0.4778 val_acc=82.96% | lr=1.000000e-05
Epoch 101/301 | train_loss=5.3020 train_acc=83.64% | val_loss=0.4757 val_acc=83.22% | lr=1.000000e-05
Saved new best model to /tmp/bow_mlp_imdb_lw0dk571.pt
Epoch 102/301 | train_loss=5.2782 train_acc=83.72% | val_loss=0.4739 val_acc=83.12% | lr=1.000000e-05
Epoch 103/301 | train_loss=5.2544 train_acc=83.84% | val_loss=0.4720 val_acc=83.16% | lr=1.000000e-05
Epoch 104/301 | train_loss=5.2318 train_acc=83.89% | val_loss=0.4704 val_acc=83.46% | lr=1.000000e-05
Saved new best model to /tmp/bow_mlp_imdb_lw0dk571.pt
Epoch 105/301 | train_loss=5.2105 train_acc=84.02% | val_loss=0.4683 val_acc=83.46% | lr=1.000000e-05
Epoch 106/301 | train_loss=5.1889 train_acc=84.09% | val_loss=0.4666 val_acc=83.46% | lr=1.000000e-05
Epoch 107/301 | train_loss=5.1670 train_acc=84.10% | val_loss=0.4647 val_acc=83.76% | lr=1.000000e-05
Saved new best model to /tmp/bow_mlp_imdb_lw0dk571.pt
Epoch 108/301 | train_loss=5.1466 train_acc=84.16% | val_loss=0.4630 val_acc=83.64% | lr=1.000000e-05
Epoch 109/301 | train_loss=5.1256 train_acc=84.28% | val_loss=0.4612 val_acc=83.76% | lr=1.000000e-05
Epoch 110/301 | train_loss=5.1054 train_acc=84.23% | val_loss=0.4595 val_acc=83.80% | lr=1.000000e-05
Saved new best model to /tmp/bow_mlp_imdb_lw0dk571.pt
Epoch 111/301 | train_loss=5.0844 train_acc=84.41% | val_loss=0.4579 val_acc=83.94% | lr=1.000000e-05
Saved new best model to /tmp/bow_mlp_imdb_lw0dk571.pt
Epoch 112/301 | train_loss=5.0641 train_acc=84.45% | val_loss=0.4560 val_acc=83.84% | lr=1.000000e-05
Epoch 113/301 | train_loss=5.0440 train_acc=84.45% | val_loss=0.4543 val_acc=83.96% | lr=1.000000e-05
Saved new best model to /tmp/bow_mlp_imdb_lw0dk571.pt
Epoch 114/301 | train_loss=5.0241 train_acc=84.57% | val_loss=0.4528 val_acc=83.94% | lr=1.000000e-05
Epoch 115/301 | train_loss=5.0055 train_acc=84.67% | val_loss=0.4512 val_acc=84.18% | lr=1.000000e-05
Saved new best model to /tmp/bow_mlp_imdb_lw0dk571.pt
Epoch 116/301 | train_loss=4.9862 train_acc=84.68% | val_loss=0.4494 val_acc=84.10% | lr=1.000000e-05
Epoch 117/301 | train_loss=4.9660 train_acc=84.75% | val_loss=0.4478 val_acc=84.06% | lr=1.000000e-05
Epoch 118/301 | train_loss=4.9470 train_acc=84.89% | val_loss=0.4462 val_acc=84.14% | lr=1.000000e-05
Epoch 119/301 | train_loss=4.9299 train_acc=84.86% | val_loss=0.4446 val_acc=84.16% | lr=1.000000e-05
Epoch 120/301 | train_loss=4.9109 train_acc=84.94% | val_loss=0.4431 val_acc=84.24% | lr=1.000000e-05
Saved new best model to /tmp/bow_mlp_imdb_lw0dk571.pt
Epoch 121/301 | train_loss=4.8940 train_acc=85.00% | val_loss=0.4415 val_acc=84.34% | lr=1.000000e-05
Saved new best model to /tmp/bow_mlp_imdb_lw0dk571.pt
Epoch 122/301 | train_loss=4.8755 train_acc=85.03% | val_loss=0.4401 val_acc=84.34% | lr=1.000000e-05
Epoch 123/301 | train_loss=4.8584 train_acc=85.16% | val_loss=0.4385 val_acc=84.38% | lr=1.000000e-05
Saved new best model to /tmp/bow_mlp_imdb_lw0dk571.pt
Epoch 124/301 | train_loss=4.8419 train_acc=85.11% | val_loss=0.4370 val_acc=84.52% | lr=1.000000e-05
Saved new best model to /tmp/bow_mlp_imdb_lw0dk571.pt
Epoch 125/301 | train_loss=4.8250 train_acc=85.16% | val_loss=0.4355 val_acc=84.52% | lr=1.000000e-05
Epoch 126/301 | train_loss=4.8078 train_acc=85.22% | val_loss=0.4342 val_acc=84.42% | lr=1.000000e-05
Epoch 127/301 | train_loss=4.7914 train_acc=85.31% | val_loss=0.4326 val_acc=84.50% | lr=1.000000e-05
Epoch 128/301 | train_loss=4.7752 train_acc=85.25% | val_loss=0.4313 val_acc=84.44% | lr=1.000000e-05
Epoch 129/301 | train_loss=4.7598 train_acc=85.37% | val_loss=0.4298 val_acc=84.64% | lr=1.000000e-05
Saved new best model to /tmp/bow_mlp_imdb_lw0dk571.pt
Epoch 130/301 | train_loss=4.7436 train_acc=85.41% | val_loss=0.4284 val_acc=84.70% | lr=1.000000e-05
Saved new best model to /tmp/bow_mlp_imdb_lw0dk571.pt
Epoch 131/301 | train_loss=4.7277 train_acc=85.44% | val_loss=0.4271 val_acc=84.70% | lr=1.000000e-05
Epoch 132/301 | train_loss=4.7120 train_acc=85.48% | val_loss=0.4257 val_acc=84.76% | lr=1.000000e-05
Saved new best model to /tmp/bow_mlp_imdb_lw0dk571.pt
Epoch 133/301 | train_loss=4.6962 train_acc=85.47% | val_loss=0.4245 val_acc=84.68% | lr=1.000000e-05
Epoch 134/301 | train_loss=4.6792 train_acc=85.55% | val_loss=0.4231 val_acc=84.76% | lr=1.000000e-05
Epoch 135/301 | train_loss=4.6647 train_acc=85.56% | val_loss=0.4217 val_acc=84.90% | lr=1.000000e-05
Saved new best model to /tmp/bow_mlp_imdb_lw0dk571.pt
Epoch 136/301 | train_loss=4.6502 train_acc=85.62% | val_loss=0.4204 val_acc=84.84% | lr=1.000000e-05
Epoch 137/301 | train_loss=4.6355 train_acc=85.62% | val_loss=0.4191 val_acc=84.88% | lr=1.000000e-05
Epoch 138/301 | train_loss=4.6213 train_acc=85.68% | val_loss=0.4179 val_acc=84.94% | lr=1.000000e-05
Saved new best model to /tmp/bow_mlp_imdb_lw0dk571.pt
Epoch 139/301 | train_loss=4.6071 train_acc=85.69% | val_loss=0.4166 val_acc=85.02% | lr=1.000000e-05
Saved new best model to /tmp/bow_mlp_imdb_lw0dk571.pt
Epoch 140/301 | train_loss=4.5927 train_acc=85.80% | val_loss=0.4154 val_acc=85.04% | lr=1.000000e-05
Saved new best model to /tmp/bow_mlp_imdb_lw0dk571.pt
Epoch 141/301 | train_loss=4.5784 train_acc=85.84% | val_loss=0.4142 val_acc=85.04% | lr=1.000000e-05
Epoch 142/301 | train_loss=4.5644 train_acc=85.87% | val_loss=0.4131 val_acc=85.14% | lr=1.000000e-05
Saved new best model to /tmp/bow_mlp_imdb_lw0dk571.pt
Epoch 143/301 | train_loss=4.5500 train_acc=85.95% | val_loss=0.4119 val_acc=85.22% | lr=1.000000e-05
Saved new best model to /tmp/bow_mlp_imdb_lw0dk571.pt
Epoch 144/301 | train_loss=4.5368 train_acc=85.97% | val_loss=0.4106 val_acc=85.22% | lr=1.000000e-05
Epoch 145/301 | train_loss=4.5232 train_acc=86.08% | val_loss=0.4095 val_acc=85.20% | lr=1.000000e-05
Epoch 146/301 | train_loss=4.5103 train_acc=86.08% | val_loss=0.4085 val_acc=85.18% | lr=1.000000e-05
Epoch 147/301 | train_loss=4.4966 train_acc=86.11% | val_loss=0.4073 val_acc=85.32% | lr=1.000000e-05
Saved new best model to /tmp/bow_mlp_imdb_lw0dk571.pt
Epoch 148/301 | train_loss=4.4827 train_acc=86.17% | val_loss=0.4062 val_acc=85.32% | lr=1.000000e-05
Epoch 149/301 | train_loss=4.4702 train_acc=86.20% | val_loss=0.4052 val_acc=85.28% | lr=1.000000e-05
Epoch 150/301 | train_loss=4.4572 train_acc=86.24% | val_loss=0.4041 val_acc=85.32% | lr=1.000000e-05
Epoch 151/301 | train_loss=4.4440 train_acc=86.22% | val_loss=0.4028 val_acc=85.38% | lr=1.000000e-05
Saved new best model to /tmp/bow_mlp_imdb_lw0dk571.pt
Epoch 152/301 | train_loss=4.4316 train_acc=86.33% | val_loss=0.4018 val_acc=85.42% | lr=1.000000e-05
Saved new best model to /tmp/bow_mlp_imdb_lw0dk571.pt
Epoch 153/301 | train_loss=4.4189 train_acc=86.38% | val_loss=0.4007 val_acc=85.44% | lr=1.000000e-05
Saved new best model to /tmp/bow_mlp_imdb_lw0dk571.pt
Epoch 154/301 | train_loss=4.4067 train_acc=86.31% | val_loss=0.3998 val_acc=85.50% | lr=1.000000e-05
Saved new best model to /tmp/bow_mlp_imdb_lw0dk571.pt
Epoch 155/301 | train_loss=4.3947 train_acc=86.45% | val_loss=0.3988 val_acc=85.48% | lr=1.000000e-05
Epoch 156/301 | train_loss=4.3833 train_acc=86.42% | val_loss=0.3977 val_acc=85.50% | lr=1.000000e-05
Epoch 157/301 | train_loss=4.3717 train_acc=86.45% | val_loss=0.3967 val_acc=85.58% | lr=1.000000e-05
Saved new best model to /tmp/bow_mlp_imdb_lw0dk571.pt
Epoch 158/301 | train_loss=4.3591 train_acc=86.50% | val_loss=0.3958 val_acc=85.48% | lr=1.000000e-05
Epoch 159/301 | train_loss=4.3480 train_acc=86.56% | val_loss=0.3948 val_acc=85.54% | lr=1.000000e-05
Epoch 160/301 | train_loss=4.3359 train_acc=86.53% | val_loss=0.3938 val_acc=85.50% | lr=1.000000e-05
Epoch 161/301 | train_loss=4.3247 train_acc=86.55% | val_loss=0.3928 val_acc=85.62% | lr=1.000000e-05
Saved new best model to /tmp/bow_mlp_imdb_lw0dk571.pt
Epoch 162/301 | train_loss=4.3140 train_acc=86.64% | val_loss=0.3920 val_acc=85.58% | lr=1.000000e-05
Epoch 163/301 | train_loss=4.3024 train_acc=86.66% | val_loss=0.3910 val_acc=85.54% | lr=1.000000e-05
Epoch 164/301 | train_loss=4.2905 train_acc=86.67% | val_loss=0.3901 val_acc=85.66% | lr=1.000000e-05
Saved new best model to /tmp/bow_mlp_imdb_lw0dk571.pt
Epoch 165/301 | train_loss=4.2797 train_acc=86.70% | val_loss=0.3892 val_acc=85.50% | lr=1.000000e-05
Epoch 166/301 | train_loss=4.2676 train_acc=86.67% | val_loss=0.3886 val_acc=85.58% | lr=1.000000e-05
Epoch 167/301 | train_loss=4.2575 train_acc=86.78% | val_loss=0.3874 val_acc=85.58% | lr=1.000000e-05
Epoch 168/301 | train_loss=4.2465 train_acc=86.78% | val_loss=0.3866 val_acc=85.62% | lr=1.000000e-05
Epoch 169/301 | train_loss=4.2361 train_acc=86.78% | val_loss=0.3860 val_acc=85.60% | lr=1.000000e-05
Epoch 170/301 | train_loss=4.2240 train_acc=86.80% | val_loss=0.3850 val_acc=85.68% | lr=1.000000e-05
Saved new best model to /tmp/bow_mlp_imdb_lw0dk571.pt
Epoch 171/301 | train_loss=4.2139 train_acc=86.83% | val_loss=0.3841 val_acc=85.68% | lr=1.000000e-05
Epoch 172/301 | train_loss=4.2031 train_acc=86.84% | val_loss=0.3834 val_acc=85.64% | lr=1.000000e-05
Epoch 173/301 | train_loss=4.1930 train_acc=86.88% | val_loss=0.3825 val_acc=85.66% | lr=1.000000e-05
Epoch 174/301 | train_loss=4.1825 train_acc=86.95% | val_loss=0.3816 val_acc=85.88% | lr=1.000000e-05
Saved new best model to /tmp/bow_mlp_imdb_lw0dk571.pt
Epoch 175/301 | train_loss=4.1712 train_acc=86.90% | val_loss=0.3810 val_acc=85.64% | lr=1.000000e-05
Epoch 176/301 | train_loss=4.1620 train_acc=86.94% | val_loss=0.3801 val_acc=85.86% | lr=1.000000e-05
Epoch 177/301 | train_loss=4.1520 train_acc=87.02% | val_loss=0.3793 val_acc=85.90% | lr=1.000000e-05
Saved new best model to /tmp/bow_mlp_imdb_lw0dk571.pt
Epoch 178/301 | train_loss=4.1421 train_acc=87.04% | val_loss=0.3786 val_acc=85.82% | lr=1.000000e-05
Epoch 179/301 | train_loss=4.1320 train_acc=87.03% | val_loss=0.3778 val_acc=85.96% | lr=1.000000e-05
Saved new best model to /tmp/bow_mlp_imdb_lw0dk571.pt
Epoch 180/301 | train_loss=4.1215 train_acc=87.10% | val_loss=0.3770 val_acc=86.04% | lr=1.000000e-05
Saved new best model to /tmp/bow_mlp_imdb_lw0dk571.pt
Epoch 181/301 | train_loss=4.1120 train_acc=87.06% | val_loss=0.3763 val_acc=85.96% | lr=1.000000e-05
Epoch 182/301 | train_loss=4.1032 train_acc=87.11% | val_loss=0.3756 val_acc=85.98% | lr=1.000000e-05
Epoch 183/301 | train_loss=4.0925 train_acc=87.17% | val_loss=0.3749 val_acc=85.78% | lr=1.000000e-05
Epoch 184/301 | train_loss=4.0831 train_acc=87.19% | val_loss=0.3742 val_acc=85.86% | lr=1.000000e-05
Epoch 185/301 | train_loss=4.0728 train_acc=87.17% | val_loss=0.3736 val_acc=85.82% | lr=1.000000e-05
Epoch 186/301 | train_loss=4.0640 train_acc=87.29% | val_loss=0.3728 val_acc=85.94% | lr=1.000000e-05
Epoch 187/301 | train_loss=4.0545 train_acc=87.26% | val_loss=0.3721 val_acc=86.08% | lr=1.000000e-05
Saved new best model to /tmp/bow_mlp_imdb_lw0dk571.pt
Epoch 188/301 | train_loss=4.0454 train_acc=87.28% | val_loss=0.3714 val_acc=86.04% | lr=1.000000e-05
Epoch 189/301 | train_loss=4.0357 train_acc=87.26% | val_loss=0.3708 val_acc=85.98% | lr=1.000000e-05
Epoch 190/301 | train_loss=4.0260 train_acc=87.33% | val_loss=0.3701 val_acc=86.00% | lr=1.000000e-05
Epoch 191/301 | train_loss=4.0169 train_acc=87.34% | val_loss=0.3695 val_acc=85.92% | lr=1.000000e-05
Epoch 192/301 | train_loss=4.0081 train_acc=87.36% | val_loss=0.3688 val_acc=86.04% | lr=1.000000e-05
Epoch 193/301 | train_loss=3.9988 train_acc=87.39% | val_loss=0.3683 val_acc=85.94% | lr=1.000000e-05
Epoch 194/301 | train_loss=3.9890 train_acc=87.44% | val_loss=0.3676 val_acc=86.08% | lr=1.000000e-05
Epoch 195/301 | train_loss=3.9809 train_acc=87.47% | val_loss=0.3671 val_acc=85.98% | lr=1.000000e-05
Epoch 196/301 | train_loss=3.9716 train_acc=87.50% | val_loss=0.3664 val_acc=86.02% | lr=1.000000e-05
Epoch 197/301 | train_loss=3.9632 train_acc=87.47% | val_loss=0.3658 val_acc=86.00% | lr=1.000000e-05
Epoch 198/301 | train_loss=3.9546 train_acc=87.50% | val_loss=0.3651 val_acc=86.10% | lr=1.000000e-05
Saved new best model to /tmp/bow_mlp_imdb_lw0dk571.pt
Epoch 199/301 | train_loss=3.9447 train_acc=87.56% | val_loss=0.3645 val_acc=86.14% | lr=1.000000e-05
Saved new best model to /tmp/bow_mlp_imdb_lw0dk571.pt
Epoch 200/301 | train_loss=3.9352 train_acc=87.53% | val_loss=0.3640 val_acc=86.16% | lr=1.000000e-05
Saved new best model to /tmp/bow_mlp_imdb_lw0dk571.pt
Epoch 201/301 | train_loss=3.9261 train_acc=87.59% | val_loss=0.3636 val_acc=86.04% | lr=1.000000e-05
Epoch 202/301 | train_loss=3.9175 train_acc=87.61% | val_loss=0.3629 val_acc=86.04% | lr=1.000000e-05
Epoch 203/301 | train_loss=3.9094 train_acc=87.62% | val_loss=0.3625 val_acc=86.06% | lr=1.000000e-05
Epoch 204/301 | train_loss=3.9005 train_acc=87.61% | val_loss=0.3618 val_acc=86.08% | lr=1.000000e-05
Epoch 205/301 | train_loss=3.8912 train_acc=87.66% | val_loss=0.3612 val_acc=86.14% | lr=1.000000e-05
Epoch 206/301 | train_loss=3.8833 train_acc=87.69% | val_loss=0.3606 val_acc=86.10% | lr=1.000000e-05
Epoch 207/301 | train_loss=3.8752 train_acc=87.67% | val_loss=0.3601 val_acc=86.14% | lr=1.000000e-05
Epoch 208/301 | train_loss=3.8659 train_acc=87.68% | val_loss=0.3596 val_acc=86.10% | lr=1.000000e-05
Epoch 209/301 | train_loss=3.8582 train_acc=87.72% | val_loss=0.3590 val_acc=86.16% | lr=1.000000e-05
Epoch 210/301 | train_loss=3.8500 train_acc=87.72% | val_loss=0.3590 val_acc=86.08% | lr=1.000000e-05
Epoch 211/301 | train_loss=3.8411 train_acc=87.74% | val_loss=0.3582 val_acc=86.12% | lr=1.000000e-05
Epoch 212/301 | train_loss=3.8327 train_acc=87.84% | val_loss=0.3575 val_acc=86.08% | lr=1.000000e-05
Epoch 213/301 | train_loss=3.8247 train_acc=87.84% | val_loss=0.3570 val_acc=86.12% | lr=1.000000e-05
Epoch 214/301 | train_loss=3.8156 train_acc=87.87% | val_loss=0.3566 val_acc=86.20% | lr=1.000000e-05
Saved new best model to /tmp/bow_mlp_imdb_lw0dk571.pt
Epoch 215/301 | train_loss=3.8076 train_acc=87.83% | val_loss=0.3561 val_acc=86.22% | lr=1.000000e-05
Saved new best model to /tmp/bow_mlp_imdb_lw0dk571.pt
Epoch 216/301 | train_loss=3.7992 train_acc=87.88% | val_loss=0.3557 val_acc=86.20% | lr=1.000000e-05
Epoch 217/301 | train_loss=3.7907 train_acc=87.88% | val_loss=0.3552 val_acc=86.20% | lr=1.000000e-05
Epoch 218/301 | train_loss=3.7822 train_acc=87.92% | val_loss=0.3546 val_acc=86.24% | lr=1.000000e-05
Saved new best model to /tmp/bow_mlp_imdb_lw0dk571.pt
Epoch 219/301 | train_loss=3.7746 train_acc=87.99% | val_loss=0.3542 val_acc=86.20% | lr=1.000000e-05
Epoch 220/301 | train_loss=3.7662 train_acc=87.97% | val_loss=0.3538 val_acc=86.24% | lr=1.000000e-05
Epoch 221/301 | train_loss=3.7575 train_acc=88.00% | val_loss=0.3535 val_acc=86.20% | lr=1.000000e-05
Epoch 222/301 | train_loss=3.7492 train_acc=88.00% | val_loss=0.3530 val_acc=86.24% | lr=1.000000e-05
Epoch 223/301 | train_loss=3.7409 train_acc=88.00% | val_loss=0.3523 val_acc=86.16% | lr=1.000000e-05
Epoch 224/301 | train_loss=3.7331 train_acc=88.02% | val_loss=0.3519 val_acc=86.24% | lr=1.000000e-05
Epoch 225/301 | train_loss=3.7256 train_acc=88.08% | val_loss=0.3515 val_acc=86.20% | lr=1.000000e-05
Epoch 226/301 | train_loss=3.7174 train_acc=88.10% | val_loss=0.3511 val_acc=86.22% | lr=1.000000e-05
Epoch 227/301 | train_loss=3.7089 train_acc=88.08% | val_loss=0.3507 val_acc=86.26% | lr=1.000000e-05
Saved new best model to /tmp/bow_mlp_imdb_lw0dk571.pt
Epoch 228/301 | train_loss=3.7009 train_acc=88.09% | val_loss=0.3503 val_acc=86.20% | lr=1.000000e-05
Epoch 229/301 | train_loss=3.6926 train_acc=88.13% | val_loss=0.3500 val_acc=86.26% | lr=1.000000e-05
Epoch 230/301 | train_loss=3.6851 train_acc=88.16% | val_loss=0.3495 val_acc=86.30% | lr=1.000000e-05
Saved new best model to /tmp/bow_mlp_imdb_lw0dk571.pt
Epoch 231/301 | train_loss=3.6773 train_acc=88.15% | val_loss=0.3491 val_acc=86.28% | lr=1.000000e-05
Epoch 232/301 | train_loss=3.6692 train_acc=88.18% | val_loss=0.3486 val_acc=86.20% | lr=1.000000e-05
Epoch 233/301 | train_loss=3.6603 train_acc=88.19% | val_loss=0.3483 val_acc=86.24% | lr=1.000000e-05
Epoch 234/301 | train_loss=3.6533 train_acc=88.20% | val_loss=0.3480 val_acc=86.24% | lr=1.000000e-05
Epoch 235/301 | train_loss=3.6449 train_acc=88.22% | val_loss=0.3475 val_acc=86.30% | lr=1.000000e-05
Epoch 236/301 | train_loss=3.6369 train_acc=88.25% | val_loss=0.3471 val_acc=86.26% | lr=1.000000e-05
Epoch 237/301 | train_loss=3.6290 train_acc=88.28% | val_loss=0.3467 val_acc=86.24% | lr=1.000000e-05
Epoch 238/301 | train_loss=3.6212 train_acc=88.28% | val_loss=0.3463 val_acc=86.24% | lr=1.000000e-05
Epoch 239/301 | train_loss=3.6133 train_acc=88.30% | val_loss=0.3459 val_acc=86.22% | lr=1.000000e-05
Epoch 240/301 | train_loss=3.6056 train_acc=88.34% | val_loss=0.3458 val_acc=86.34% | lr=1.000000e-05
Saved new best model to /tmp/bow_mlp_imdb_lw0dk571.pt
Epoch 241/301 | train_loss=3.5972 train_acc=88.32% | val_loss=0.3453 val_acc=86.36% | lr=1.000000e-05
Saved new best model to /tmp/bow_mlp_imdb_lw0dk571.pt
Epoch 242/301 | train_loss=3.5894 train_acc=88.36% | val_loss=0.3448 val_acc=86.24% | lr=1.000000e-05
Epoch 243/301 | train_loss=3.5819 train_acc=88.29% | val_loss=0.3445 val_acc=86.24% | lr=1.000000e-05
Epoch 244/301 | train_loss=3.5742 train_acc=88.34% | val_loss=0.3441 val_acc=86.26% | lr=1.000000e-05
Epoch 245/301 | train_loss=3.5663 train_acc=88.38% | val_loss=0.3438 val_acc=86.30% | lr=1.000000e-05
Epoch 246/301 | train_loss=3.5583 train_acc=88.40% | val_loss=0.3437 val_acc=86.44% | lr=1.000000e-05
Saved new best model to /tmp/bow_mlp_imdb_lw0dk571.pt
Epoch 247/301 | train_loss=3.5503 train_acc=88.40% | val_loss=0.3431 val_acc=86.24% | lr=1.000000e-05
Epoch 248/301 | train_loss=3.5428 train_acc=88.40% | val_loss=0.3428 val_acc=86.30% | lr=1.000000e-05
Epoch 249/301 | train_loss=3.5349 train_acc=88.44% | val_loss=0.3425 val_acc=86.36% | lr=1.000000e-05
Epoch 250/301 | train_loss=3.5273 train_acc=88.44% | val_loss=0.3423 val_acc=86.50% | lr=1.000000e-05
Saved new best model to /tmp/bow_mlp_imdb_lw0dk571.pt
Epoch 251/301 | train_loss=3.5193 train_acc=88.45% | val_loss=0.3418 val_acc=86.36% | lr=1.000000e-05
Epoch 252/301 | train_loss=3.5109 train_acc=88.48% | val_loss=0.3416 val_acc=86.46% | lr=1.000000e-05
Epoch 253/301 | train_loss=3.5038 train_acc=88.48% | val_loss=0.3412 val_acc=86.44% | lr=1.000000e-05
Epoch 254/301 | train_loss=3.4958 train_acc=88.49% | val_loss=0.3409 val_acc=86.50% | lr=1.000000e-05
Epoch 255/301 | train_loss=3.4882 train_acc=88.48% | val_loss=0.3407 val_acc=86.46% | lr=1.000000e-05
Epoch 256/301 | train_loss=3.4804 train_acc=88.56% | val_loss=0.3402 val_acc=86.48% | lr=1.000000e-05
Epoch 257/301 | train_loss=3.4719 train_acc=88.57% | val_loss=0.3399 val_acc=86.40% | lr=1.000000e-05
Epoch 258/301 | train_loss=3.4640 train_acc=88.55% | val_loss=0.3396 val_acc=86.42% | lr=1.000000e-05
Epoch 259/301 | train_loss=3.4569 train_acc=88.57% | val_loss=0.3394 val_acc=86.48% | lr=1.000000e-05
Epoch 260/301 | train_loss=3.4490 train_acc=88.61% | val_loss=0.3390 val_acc=86.44% | lr=1.000000e-05
Epoch 261/301 | train_loss=3.4411 train_acc=88.57% | val_loss=0.3387 val_acc=86.56% | lr=1.000000e-05
Saved new best model to /tmp/bow_mlp_imdb_lw0dk571.pt
Epoch 262/301 | train_loss=3.4334 train_acc=88.58% | val_loss=0.3384 val_acc=86.54% | lr=1.000000e-05
Epoch 263/301 | train_loss=3.4253 train_acc=88.60% | val_loss=0.3382 val_acc=86.56% | lr=1.000000e-05
Epoch 264/301 | train_loss=3.4183 train_acc=88.66% | val_loss=0.3379 val_acc=86.54% | lr=1.000000e-05
Epoch 265/301 | train_loss=3.4100 train_acc=88.63% | val_loss=0.3376 val_acc=86.56% | lr=1.000000e-05
Epoch 266/301 | train_loss=3.4028 train_acc=88.67% | val_loss=0.3374 val_acc=86.62% | lr=1.000000e-05
Saved new best model to /tmp/bow_mlp_imdb_lw0dk571.pt
Epoch 267/301 | train_loss=3.3949 train_acc=88.71% | val_loss=0.3370 val_acc=86.62% | lr=1.000000e-05
Epoch 268/301 | train_loss=3.3871 train_acc=88.70% | val_loss=0.3370 val_acc=86.66% | lr=1.000000e-05
Saved new best model to /tmp/bow_mlp_imdb_lw0dk571.pt
Epoch 269/301 | train_loss=3.3795 train_acc=88.73% | val_loss=0.3367 val_acc=86.62% | lr=1.000000e-05
Epoch 270/301 | train_loss=3.3716 train_acc=88.77% | val_loss=0.3362 val_acc=86.54% | lr=1.000000e-05
Epoch 271/301 | train_loss=3.3639 train_acc=88.68% | val_loss=0.3360 val_acc=86.66% | lr=1.000000e-05
Epoch 272/301 | train_loss=3.3554 train_acc=88.74% | val_loss=0.3358 val_acc=86.64% | lr=1.000000e-05
Epoch 273/301 | train_loss=3.3482 train_acc=88.72% | val_loss=0.3355 val_acc=86.70% | lr=1.000000e-05
Saved new best model to /tmp/bow_mlp_imdb_lw0dk571.pt
Epoch 274/301 | train_loss=3.3400 train_acc=88.73% | val_loss=0.3352 val_acc=86.62% | lr=1.000000e-05
Epoch 275/301 | train_loss=3.3328 train_acc=88.81% | val_loss=0.3350 val_acc=86.68% | lr=1.000000e-05
Epoch 276/301 | train_loss=3.3251 train_acc=88.81% | val_loss=0.3348 val_acc=86.70% | lr=1.000000e-05
Epoch 277/301 | train_loss=3.3176 train_acc=88.81% | val_loss=0.3345 val_acc=86.70% | lr=1.000000e-05
Epoch 278/301 | train_loss=3.3093 train_acc=88.78% | val_loss=0.3342 val_acc=86.74% | lr=1.000000e-05
Saved new best model to /tmp/bow_mlp_imdb_lw0dk571.pt
Epoch 279/301 | train_loss=3.3022 train_acc=88.79% | val_loss=0.3340 val_acc=86.68% | lr=1.000000e-05
Epoch 280/301 | train_loss=3.2944 train_acc=88.79% | val_loss=0.3337 val_acc=86.74% | lr=1.000000e-05
Epoch 281/301 | train_loss=3.2866 train_acc=88.86% | val_loss=0.3336 val_acc=86.70% | lr=1.000000e-05
Epoch 282/301 | train_loss=3.2791 train_acc=88.83% | val_loss=0.3334 val_acc=86.78% | lr=1.000000e-05
Saved new best model to /tmp/bow_mlp_imdb_lw0dk571.pt
Epoch 283/301 | train_loss=3.2718 train_acc=88.84% | val_loss=0.3333 val_acc=86.76% | lr=1.000000e-05
Epoch 284/301 | train_loss=3.2642 train_acc=88.83% | val_loss=0.3331 val_acc=86.76% | lr=1.000000e-05
Epoch 285/301 | train_loss=3.2565 train_acc=88.90% | val_loss=0.3328 val_acc=86.80% | lr=1.000000e-05
Saved new best model to /tmp/bow_mlp_imdb_lw0dk571.pt
Epoch 286/301 | train_loss=3.2493 train_acc=88.93% | val_loss=0.3324 val_acc=86.62% | lr=1.000000e-05
Epoch 287/301 | train_loss=3.2419 train_acc=88.88% | val_loss=0.3323 val_acc=86.80% | lr=1.000000e-05
Epoch 288/301 | train_loss=3.2342 train_acc=88.92% | val_loss=0.3320 val_acc=86.78% | lr=1.000000e-05
Epoch 289/301 | train_loss=3.2264 train_acc=88.89% | val_loss=0.3318 val_acc=86.72% | lr=1.000000e-05
Epoch 290/301 | train_loss=3.2196 train_acc=88.91% | val_loss=0.3316 val_acc=86.78% | lr=1.000000e-05
Epoch 291/301 | train_loss=3.2121 train_acc=88.98% | val_loss=0.3315 val_acc=86.82% | lr=1.000000e-05
Saved new best model to /tmp/bow_mlp_imdb_lw0dk571.pt
Epoch 292/301 | train_loss=3.2043 train_acc=88.96% | val_loss=0.3312 val_acc=86.80% | lr=1.000000e-05
Epoch 293/301 | train_loss=3.1966 train_acc=88.94% | val_loss=0.3311 val_acc=86.82% | lr=1.000000e-05
Epoch 294/301 | train_loss=3.1892 train_acc=88.96% | val_loss=0.3307 val_acc=86.70% | lr=1.000000e-05
Epoch 295/301 | train_loss=3.1823 train_acc=88.99% | val_loss=0.3305 val_acc=86.78% | lr=1.000000e-05
Epoch 296/301 | train_loss=3.1752 train_acc=88.97% | val_loss=0.3304 val_acc=86.80% | lr=1.000000e-05
Epoch 297/301 | train_loss=3.1675 train_acc=89.02% | val_loss=0.3301 val_acc=86.68% | lr=1.000000e-05
Epoch 298/301 | train_loss=3.1603 train_acc=89.00% | val_loss=0.3299 val_acc=86.78% | lr=1.000000e-05
Epoch 299/301 | train_loss=3.1526 train_acc=89.02% | val_loss=0.3299 val_acc=86.82% | lr=1.000000e-05
Epoch 300/301 | train_loss=3.1457 train_acc=89.02% | val_loss=0.3297 val_acc=86.78% | lr=1.000000e-05
Epoch 301/301 | train_loss=3.1384 train_acc=89.05% | val_loss=0.3293 val_acc=86.64% | lr=1.000000e-05
Epoch 302/301 | train_loss=3.1310 train_acc=89.05% | val_loss=0.3292 val_acc=86.74% | lr=1.000000e-05
Epoch 303/301 | train_loss=3.1241 train_acc=89.07% | val_loss=0.3290 val_acc=86.76% | lr=1.000000e-05
Epoch 304/301 | train_loss=3.1176 train_acc=89.09% | val_loss=0.3287 val_acc=86.72% | lr=1.000000e-05
Epoch 305/301 | train_loss=3.1097 train_acc=89.09% | val_loss=0.3285 val_acc=86.78% | lr=1.000000e-05
Epoch 306/301 | train_loss=3.1025 train_acc=89.08% | val_loss=0.3284 val_acc=86.68% | lr=1.000000e-05
Epoch 307/301 | train_loss=3.0952 train_acc=89.11% | val_loss=0.3282 val_acc=86.74% | lr=1.000000e-05
Epoch 308/301 | train_loss=3.0884 train_acc=89.11% | val_loss=0.3282 val_acc=86.86% | lr=1.000000e-05
Saved new best model to /tmp/bow_mlp_imdb_lw0dk571.pt
Epoch 309/301 | train_loss=3.0810 train_acc=89.13% | val_loss=0.3280 val_acc=86.76% | lr=1.000000e-05
Epoch 310/301 | train_loss=3.0745 train_acc=89.13% | val_loss=0.3277 val_acc=86.76% | lr=1.000000e-05
Epoch 311/301 | train_loss=3.0674 train_acc=89.11% | val_loss=0.3277 val_acc=86.86% | lr=1.000000e-05
Epoch 312/301 | train_loss=3.0605 train_acc=89.22% | val_loss=0.3274 val_acc=86.72% | lr=1.000000e-05
Epoch 313/301 | train_loss=3.0539 train_acc=89.14% | val_loss=0.3272 val_acc=86.70% | lr=1.000000e-05
Epoch 314/301 | train_loss=3.0471 train_acc=89.20% | val_loss=0.3271 val_acc=86.68% | lr=1.000000e-05
Epoch 315/301 | train_loss=3.0399 train_acc=89.18% | val_loss=0.3269 val_acc=86.70% | lr=1.000000e-05
Epoch 316/301 | train_loss=3.0340 train_acc=89.20% | val_loss=0.3268 val_acc=86.72% | lr=1.000000e-05
Epoch 317/301 | train_loss=3.0271 train_acc=89.24% | val_loss=0.3267 val_acc=86.82% | lr=1.000000e-05
Epoch 318/301 | train_loss=3.0197 train_acc=89.21% | val_loss=0.3264 val_acc=86.74% | lr=1.000000e-05
Epoch 319/301 | train_loss=3.0131 train_acc=89.22% | val_loss=0.3263 val_acc=86.74% | lr=1.000000e-05
Epoch 320/301 | train_loss=3.0064 train_acc=89.22% | val_loss=0.3263 val_acc=86.86% | lr=1.000000e-05
Epoch 321/301 | train_loss=3.0000 train_acc=89.27% | val_loss=0.3260 val_acc=86.74% | lr=1.000000e-05
Epoch 322/301 | train_loss=2.9934 train_acc=89.28% | val_loss=0.3259 val_acc=86.74% | lr=1.000000e-05
Epoch 323/301 | train_loss=2.9869 train_acc=89.27% | val_loss=0.3258 val_acc=86.76% | lr=1.000000e-05
Epoch 324/301 | train_loss=2.9800 train_acc=89.30% | val_loss=0.3257 val_acc=86.76% | lr=1.000000e-05
Epoch 325/301 | train_loss=2.9736 train_acc=89.29% | val_loss=0.3255 val_acc=86.78% | lr=1.000000e-05
Epoch 326/301 | train_loss=2.9663 train_acc=89.31% | val_loss=0.3253 val_acc=86.76% | lr=1.000000e-05
Epoch 327/301 | train_loss=2.9600 train_acc=89.31% | val_loss=0.3254 val_acc=86.86% | lr=1.000000e-05
Epoch 328/301 | train_loss=2.9531 train_acc=89.29% | val_loss=0.3250 val_acc=86.84% | lr=1.000000e-05
Epoch 329/301 | train_loss=2.9465 train_acc=89.31% | val_loss=0.3250 val_acc=86.84% | lr=1.000000e-05
Epoch 330/301 | train_loss=2.9408 train_acc=89.32% | val_loss=0.3248 val_acc=86.80% | lr=1.000000e-05
Epoch 331/301 | train_loss=2.9340 train_acc=89.33% | val_loss=0.3247 val_acc=86.78% | lr=1.000000e-05
Epoch 332/301 | train_loss=2.9278 train_acc=89.38% | val_loss=0.3245 val_acc=86.80% | lr=1.000000e-05
Epoch 333/301 | train_loss=2.9211 train_acc=89.41% | val_loss=0.3244 val_acc=86.84% | lr=1.000000e-05
Epoch 334/301 | train_loss=2.9152 train_acc=89.33% | val_loss=0.3244 val_acc=86.86% | lr=1.000000e-05
Epoch 335/301 | train_loss=2.9085 train_acc=89.42% | val_loss=0.3241 val_acc=86.86% | lr=1.000000e-05
Epoch 336/301 | train_loss=2.9023 train_acc=89.39% | val_loss=0.3243 val_acc=86.84% | lr=1.000000e-05
Epoch 337/301 | train_loss=2.8966 train_acc=89.40% | val_loss=0.3240 val_acc=86.84% | lr=1.000000e-05
Epoch 338/301 | train_loss=2.8895 train_acc=89.40% | val_loss=0.3239 val_acc=86.84% | lr=1.000000e-05
Epoch 339/301 | train_loss=2.8839 train_acc=89.46% | val_loss=0.3237 val_acc=86.82% | lr=1.000000e-05
Epoch 340/301 | train_loss=2.8773 train_acc=89.44% | val_loss=0.3237 val_acc=86.84% | lr=1.000000e-05
Epoch 341/301 | train_loss=2.8711 train_acc=89.44% | val_loss=0.3235 val_acc=86.84% | lr=1.000000e-05
Epoch 342/301 | train_loss=2.8649 train_acc=89.45% | val_loss=0.3233 val_acc=86.86% | lr=1.000000e-05
Epoch 343/301 | train_loss=2.8590 train_acc=89.46% | val_loss=0.3232 val_acc=86.82% | lr=1.000000e-05
Epoch 344/301 | train_loss=2.8533 train_acc=89.46% | val_loss=0.3232 val_acc=86.82% | lr=1.000000e-05
Epoch 345/301 | train_loss=2.8466 train_acc=89.46% | val_loss=0.3231 val_acc=86.84% | lr=1.000000e-05
Epoch 346/301 | train_loss=2.8410 train_acc=89.51% | val_loss=0.3231 val_acc=86.88% | lr=1.000000e-05
Saved new best model to /tmp/bow_mlp_imdb_lw0dk571.pt
Epoch 347/301 | train_loss=2.8345 train_acc=89.49% | val_loss=0.3228 val_acc=86.90% | lr=1.000000e-05
Saved new best model to /tmp/bow_mlp_imdb_lw0dk571.pt
Epoch 348/301 | train_loss=2.8284 train_acc=89.55% | val_loss=0.3227 val_acc=86.84% | lr=1.000000e-05
Epoch 349/301 | train_loss=2.8224 train_acc=89.52% | val_loss=0.3226 val_acc=86.92% | lr=1.000000e-05
Saved new best model to /tmp/bow_mlp_imdb_lw0dk571.pt
Epoch 350/301 | train_loss=2.8165 train_acc=89.50% | val_loss=0.3226 val_acc=86.92% | lr=1.000000e-05
Epoch 351/301 | train_loss=2.8103 train_acc=89.51% | val_loss=0.3224 val_acc=86.88% | lr=1.000000e-05
Epoch 352/301 | train_loss=2.8041 train_acc=89.53% | val_loss=0.3226 val_acc=86.84% | lr=1.000000e-05
Epoch 353/301 | train_loss=2.7982 train_acc=89.53% | val_loss=0.3222 val_acc=86.84% | lr=1.000000e-05
Epoch 354/301 | train_loss=2.7923 train_acc=89.56% | val_loss=0.3222 val_acc=86.92% | lr=1.000000e-05
Epoch 355/301 | train_loss=2.7863 train_acc=89.56% | val_loss=0.3220 val_acc=86.86% | lr=1.000000e-05
Epoch 356/301 | train_loss=2.7804 train_acc=89.57% | val_loss=0.3220 val_acc=86.90% | lr=1.000000e-05
Epoch 357/301 | train_loss=2.7747 train_acc=89.56% | val_loss=0.3218 val_acc=86.88% | lr=1.000000e-05
Epoch 358/301 | train_loss=2.7689 train_acc=89.59% | val_loss=0.3218 val_acc=86.90% | lr=1.000000e-05
Epoch 359/301 | train_loss=2.7633 train_acc=89.58% | val_loss=0.3218 val_acc=86.86% | lr=1.000000e-05
Epoch 360/301 | train_loss=2.7576 train_acc=89.59% | val_loss=0.3220 val_acc=86.86% | lr=1.000000e-05
Epoch 361/301 | train_loss=2.7512 train_acc=89.68% | val_loss=0.3217 val_acc=86.92% | lr=1.000000e-05
Epoch 362/301 | train_loss=2.7458 train_acc=89.64% | val_loss=0.3214 val_acc=86.82% | lr=1.000000e-05
Epoch 363/301 | train_loss=2.7403 train_acc=89.64% | val_loss=0.3213 val_acc=86.80% | lr=1.000000e-05
Epoch 364/301 | train_loss=2.7342 train_acc=89.69% | val_loss=0.3212 val_acc=86.86% | lr=1.000000e-05
Epoch 365/301 | train_loss=2.7287 train_acc=89.66% | val_loss=0.3212 val_acc=86.88% | lr=1.000000e-05
Epoch 366/301 | train_loss=2.7230 train_acc=89.70% | val_loss=0.3212 val_acc=86.90% | lr=1.000000e-05
Epoch 367/301 | train_loss=2.7173 train_acc=89.66% | val_loss=0.3210 val_acc=86.80% | lr=1.000000e-05
Epoch 368/301 | train_loss=2.7118 train_acc=89.75% | val_loss=0.3209 val_acc=86.80% | lr=1.000000e-05
Epoch 369/301 | train_loss=2.7059 train_acc=89.76% | val_loss=0.3209 val_acc=86.86% | lr=1.000000e-05
Epoch 370/301 | train_loss=2.7000 train_acc=89.64% | val_loss=0.3207 val_acc=86.76% | lr=1.000000e-05
Epoch 371/301 | train_loss=2.6940 train_acc=89.75% | val_loss=0.3210 val_acc=86.90% | lr=1.000000e-05
Epoch 372/301 | train_loss=2.6885 train_acc=89.72% | val_loss=0.3207 val_acc=86.86% | lr=1.000000e-05
Epoch 373/301 | train_loss=2.6833 train_acc=89.73% | val_loss=0.3205 val_acc=86.78% | lr=1.000000e-05
Epoch 374/301 | train_loss=2.6781 train_acc=89.69% | val_loss=0.3205 val_acc=86.88% | lr=1.000000e-05
Epoch 375/301 | train_loss=2.6719 train_acc=89.70% | val_loss=0.3204 val_acc=86.80% | lr=1.000000e-05
Epoch 376/301 | train_loss=2.6661 train_acc=89.73% | val_loss=0.3204 val_acc=86.86% | lr=1.000000e-05
Epoch 377/301 | train_loss=2.6610 train_acc=89.73% | val_loss=0.3202 val_acc=86.78% | lr=1.000000e-05
Epoch 378/301 | train_loss=2.6556 train_acc=89.74% | val_loss=0.3201 val_acc=86.76% | lr=1.000000e-05
Epoch 379/301 | train_loss=2.6500 train_acc=89.74% | val_loss=0.3202 val_acc=86.82% | lr=1.000000e-05
Epoch 380/301 | train_loss=2.6442 train_acc=89.78% | val_loss=0.3200 val_acc=86.78% | lr=1.000000e-05
Epoch 381/301 | train_loss=2.6389 train_acc=89.76% | val_loss=0.3201 val_acc=86.86% | lr=1.000000e-05
Epoch 382/301 | train_loss=2.6333 train_acc=89.78% | val_loss=0.3200 val_acc=86.82% | lr=1.000000e-05
Epoch 383/301 | train_loss=2.6277 train_acc=89.81% | val_loss=0.3201 val_acc=86.88% | lr=1.000000e-05
Epoch 384/301 | train_loss=2.6218 train_acc=89.81% | val_loss=0.3199 val_acc=86.82% | lr=1.000000e-05
Epoch 385/301 | train_loss=2.6159 train_acc=89.81% | val_loss=0.3199 val_acc=86.84% | lr=1.000000e-05
Epoch 386/301 | train_loss=2.6106 train_acc=89.83% | val_loss=0.3197 val_acc=86.84% | lr=1.000000e-05
Epoch 387/301 | train_loss=2.6052 train_acc=89.83% | val_loss=0.3196 val_acc=86.82% | lr=1.000000e-05
Epoch 388/301 | train_loss=2.5994 train_acc=89.86% | val_loss=0.3198 val_acc=86.88% | lr=1.000000e-05
Epoch 389/301 | train_loss=2.5944 train_acc=89.82% | val_loss=0.3195 val_acc=86.76% | lr=1.000000e-05
Epoch 390/301 | train_loss=2.5896 train_acc=89.85% | val_loss=0.3195 val_acc=86.80% | lr=1.000000e-05
Epoch 391/301 | train_loss=2.5843 train_acc=89.85% | val_loss=0.3195 val_acc=86.90% | lr=1.000000e-05
Epoch 392/301 | train_loss=2.5791 train_acc=89.94% | val_loss=0.3193 val_acc=86.78% | lr=1.000000e-05
Epoch 393/301 | train_loss=2.5732 train_acc=89.89% | val_loss=0.3193 val_acc=86.80% | lr=1.000000e-05
Epoch 394/301 | train_loss=2.5675 train_acc=89.87% | val_loss=0.3193 val_acc=86.86% | lr=1.000000e-05
Epoch 395/301 | train_loss=2.5622 train_acc=89.92% | val_loss=0.3192 val_acc=86.78% | lr=1.000000e-05
Epoch 396/301 | train_loss=2.5569 train_acc=89.92% | val_loss=0.3191 val_acc=86.80% | lr=1.000000e-05
Epoch 397/301 | train_loss=2.5513 train_acc=89.94% | val_loss=0.3191 val_acc=86.76% | lr=1.000000e-05
Epoch 398/301 | train_loss=2.5457 train_acc=89.93% | val_loss=0.3191 val_acc=86.86% | lr=1.000000e-05
Epoch 399/301 | train_loss=2.5410 train_acc=89.94% | val_loss=0.3190 val_acc=86.86% | lr=1.000000e-05
Epoch 400/301 | train_loss=2.5355 train_acc=89.92% | val_loss=0.3189 val_acc=86.78% | lr=1.000000e-05
Test loss=0.3235 | Test accuracy=86.94%
