Loading IMDb dataset from local disk: /home/daniel/l/masteruppsats/np-reg/language/data/imdb_hf
Using device: cuda
BoW vocab size: 3125
Epoch 1/301 | train_loss=0.6997 train_acc=50.29% | val_loss=0.6891 val_acc=55.60% | lr=1.000000e-05
Saved new best model to /tmp/bow_mlp_imdb_jjq3lmqk.pt
Epoch 2/301 | train_loss=0.6919 train_acc=52.97% | val_loss=0.6824 val_acc=61.54% | lr=1.000000e-05
Saved new best model to /tmp/bow_mlp_imdb_jjq3lmqk.pt
Epoch 3/301 | train_loss=0.6826 train_acc=56.75% | val_loss=0.6757 val_acc=65.64% | lr=1.000000e-05
Saved new best model to /tmp/bow_mlp_imdb_jjq3lmqk.pt
Epoch 4/301 | train_loss=0.6757 train_acc=59.49% | val_loss=0.6690 val_acc=68.96% | lr=1.000000e-05
Saved new best model to /tmp/bow_mlp_imdb_jjq3lmqk.pt
Epoch 5/301 | train_loss=0.6700 train_acc=61.97% | val_loss=0.6622 val_acc=71.76% | lr=1.000000e-05
Saved new best model to /tmp/bow_mlp_imdb_jjq3lmqk.pt
Epoch 6/301 | train_loss=0.6630 train_acc=64.15% | val_loss=0.6547 val_acc=73.72% | lr=1.000000e-05
Saved new best model to /tmp/bow_mlp_imdb_jjq3lmqk.pt
Epoch 7/301 | train_loss=0.6555 train_acc=66.05% | val_loss=0.6453 val_acc=74.98% | lr=1.000000e-05
Saved new best model to /tmp/bow_mlp_imdb_jjq3lmqk.pt
Epoch 8/301 | train_loss=0.6458 train_acc=68.01% | val_loss=0.6354 val_acc=76.12% | lr=1.000000e-05
Saved new best model to /tmp/bow_mlp_imdb_jjq3lmqk.pt
Epoch 9/301 | train_loss=0.6364 train_acc=69.56% | val_loss=0.6261 val_acc=77.10% | lr=1.000000e-05
Saved new best model to /tmp/bow_mlp_imdb_jjq3lmqk.pt
Epoch 10/301 | train_loss=0.6278 train_acc=70.54% | val_loss=0.6175 val_acc=77.74% | lr=1.000000e-05
Saved new best model to /tmp/bow_mlp_imdb_jjq3lmqk.pt
Epoch 11/301 | train_loss=0.6195 train_acc=71.58% | val_loss=0.6092 val_acc=78.42% | lr=1.000000e-05
Saved new best model to /tmp/bow_mlp_imdb_jjq3lmqk.pt
Epoch 12/301 | train_loss=0.6120 train_acc=72.84% | val_loss=0.6013 val_acc=78.96% | lr=1.000000e-05
Saved new best model to /tmp/bow_mlp_imdb_jjq3lmqk.pt
Epoch 13/301 | train_loss=0.6061 train_acc=72.58% | val_loss=0.5928 val_acc=79.54% | lr=1.000000e-05
Saved new best model to /tmp/bow_mlp_imdb_jjq3lmqk.pt
Epoch 14/301 | train_loss=0.5973 train_acc=73.85% | val_loss=0.5839 val_acc=79.98% | lr=1.000000e-05
Saved new best model to /tmp/bow_mlp_imdb_jjq3lmqk.pt
Epoch 15/301 | train_loss=0.5883 train_acc=74.89% | val_loss=0.5752 val_acc=80.36% | lr=1.000000e-05
Saved new best model to /tmp/bow_mlp_imdb_jjq3lmqk.pt
Epoch 16/301 | train_loss=0.5821 train_acc=75.14% | val_loss=0.5673 val_acc=80.72% | lr=1.000000e-05
Saved new best model to /tmp/bow_mlp_imdb_jjq3lmqk.pt
Epoch 17/301 | train_loss=0.5738 train_acc=75.68% | val_loss=0.5599 val_acc=81.06% | lr=1.000000e-05
Saved new best model to /tmp/bow_mlp_imdb_jjq3lmqk.pt
Epoch 18/301 | train_loss=0.5664 train_acc=76.10% | val_loss=0.5522 val_acc=80.90% | lr=1.000000e-05
Epoch 19/301 | train_loss=0.5587 train_acc=77.05% | val_loss=0.5443 val_acc=81.54% | lr=1.000000e-05
Saved new best model to /tmp/bow_mlp_imdb_jjq3lmqk.pt
Epoch 20/301 | train_loss=0.5513 train_acc=78.00% | val_loss=0.5371 val_acc=81.56% | lr=1.000000e-05
Saved new best model to /tmp/bow_mlp_imdb_jjq3lmqk.pt
Epoch 21/301 | train_loss=0.5448 train_acc=77.98% | val_loss=0.5304 val_acc=82.14% | lr=1.000000e-05
Saved new best model to /tmp/bow_mlp_imdb_jjq3lmqk.pt
Epoch 22/301 | train_loss=0.5394 train_acc=78.55% | val_loss=0.5241 val_acc=82.54% | lr=1.000000e-05
Saved new best model to /tmp/bow_mlp_imdb_jjq3lmqk.pt
Epoch 23/301 | train_loss=0.5331 train_acc=78.75% | val_loss=0.5182 val_acc=82.62% | lr=1.000000e-05
Saved new best model to /tmp/bow_mlp_imdb_jjq3lmqk.pt
Epoch 24/301 | train_loss=0.5287 train_acc=79.24% | val_loss=0.5125 val_acc=83.06% | lr=1.000000e-05
Saved new best model to /tmp/bow_mlp_imdb_jjq3lmqk.pt
Epoch 25/301 | train_loss=0.5233 train_acc=79.30% | val_loss=0.5073 val_acc=83.28% | lr=1.000000e-05
Saved new best model to /tmp/bow_mlp_imdb_jjq3lmqk.pt
Epoch 26/301 | train_loss=0.5167 train_acc=79.99% | val_loss=0.5019 val_acc=83.48% | lr=1.000000e-05
Saved new best model to /tmp/bow_mlp_imdb_jjq3lmqk.pt
Epoch 27/301 | train_loss=0.5118 train_acc=80.12% | val_loss=0.4967 val_acc=83.48% | lr=1.000000e-05
Epoch 28/301 | train_loss=0.5075 train_acc=80.49% | val_loss=0.4919 val_acc=83.68% | lr=1.000000e-05
Saved new best model to /tmp/bow_mlp_imdb_jjq3lmqk.pt
Epoch 29/301 | train_loss=0.5021 train_acc=81.02% | val_loss=0.4872 val_acc=83.68% | lr=1.000000e-05
Epoch 30/301 | train_loss=0.4978 train_acc=81.04% | val_loss=0.4829 val_acc=83.92% | lr=1.000000e-05
Saved new best model to /tmp/bow_mlp_imdb_jjq3lmqk.pt
Epoch 31/301 | train_loss=0.4936 train_acc=81.09% | val_loss=0.4784 val_acc=83.90% | lr=1.000000e-05
Epoch 32/301 | train_loss=0.4883 train_acc=81.41% | val_loss=0.4742 val_acc=84.02% | lr=1.000000e-05
Saved new best model to /tmp/bow_mlp_imdb_jjq3lmqk.pt
Epoch 33/301 | train_loss=0.4829 train_acc=81.73% | val_loss=0.4697 val_acc=84.22% | lr=1.000000e-05
Saved new best model to /tmp/bow_mlp_imdb_jjq3lmqk.pt
Epoch 34/301 | train_loss=0.4831 train_acc=81.78% | val_loss=0.4663 val_acc=84.30% | lr=1.000000e-05
Saved new best model to /tmp/bow_mlp_imdb_jjq3lmqk.pt
Epoch 35/301 | train_loss=0.4762 train_acc=82.08% | val_loss=0.4622 val_acc=84.34% | lr=1.000000e-05
Saved new best model to /tmp/bow_mlp_imdb_jjq3lmqk.pt
Epoch 36/301 | train_loss=0.4757 train_acc=82.34% | val_loss=0.4589 val_acc=84.40% | lr=1.000000e-05
Saved new best model to /tmp/bow_mlp_imdb_jjq3lmqk.pt
Epoch 37/301 | train_loss=0.4677 train_acc=82.53% | val_loss=0.4550 val_acc=84.36% | lr=1.000000e-05
Epoch 38/301 | train_loss=0.4653 train_acc=82.58% | val_loss=0.4514 val_acc=84.46% | lr=1.000000e-05
Saved new best model to /tmp/bow_mlp_imdb_jjq3lmqk.pt
Epoch 39/301 | train_loss=0.4615 train_acc=83.05% | val_loss=0.4480 val_acc=84.54% | lr=1.000000e-05
Saved new best model to /tmp/bow_mlp_imdb_jjq3lmqk.pt
Epoch 40/301 | train_loss=0.4595 train_acc=82.50% | val_loss=0.4451 val_acc=84.58% | lr=1.000000e-05
Saved new best model to /tmp/bow_mlp_imdb_jjq3lmqk.pt
Epoch 41/301 | train_loss=0.4532 train_acc=83.60% | val_loss=0.4415 val_acc=84.64% | lr=1.000000e-05
Saved new best model to /tmp/bow_mlp_imdb_jjq3lmqk.pt
Epoch 42/301 | train_loss=0.4523 train_acc=83.17% | val_loss=0.4384 val_acc=84.76% | lr=1.000000e-05
Saved new best model to /tmp/bow_mlp_imdb_jjq3lmqk.pt
Epoch 43/301 | train_loss=0.4475 train_acc=83.58% | val_loss=0.4352 val_acc=84.86% | lr=1.000000e-05
Saved new best model to /tmp/bow_mlp_imdb_jjq3lmqk.pt
Epoch 44/301 | train_loss=0.4445 train_acc=83.38% | val_loss=0.4323 val_acc=84.90% | lr=1.000000e-05
Saved new best model to /tmp/bow_mlp_imdb_jjq3lmqk.pt
Epoch 45/301 | train_loss=0.4420 train_acc=83.50% | val_loss=0.4296 val_acc=84.88% | lr=1.000000e-05
Epoch 46/301 | train_loss=0.4387 train_acc=83.84% | val_loss=0.4268 val_acc=84.92% | lr=1.000000e-05
Saved new best model to /tmp/bow_mlp_imdb_jjq3lmqk.pt
Epoch 47/301 | train_loss=0.4367 train_acc=83.75% | val_loss=0.4244 val_acc=85.00% | lr=1.000000e-05
Saved new best model to /tmp/bow_mlp_imdb_jjq3lmqk.pt
Epoch 48/301 | train_loss=0.4348 train_acc=83.66% | val_loss=0.4220 val_acc=85.08% | lr=1.000000e-05
Saved new best model to /tmp/bow_mlp_imdb_jjq3lmqk.pt
Epoch 49/301 | train_loss=0.4309 train_acc=83.89% | val_loss=0.4194 val_acc=85.22% | lr=1.000000e-05
Saved new best model to /tmp/bow_mlp_imdb_jjq3lmqk.pt
Epoch 50/301 | train_loss=0.4295 train_acc=84.47% | val_loss=0.4171 val_acc=85.20% | lr=1.000000e-05
Epoch 51/301 | train_loss=0.4267 train_acc=84.17% | val_loss=0.4147 val_acc=85.16% | lr=1.000000e-05
Epoch 52/301 | train_loss=0.4213 train_acc=84.75% | val_loss=0.4120 val_acc=85.20% | lr=1.000000e-05
Epoch 53/301 | train_loss=0.4226 train_acc=84.57% | val_loss=0.4102 val_acc=85.24% | lr=1.000000e-05
Saved new best model to /tmp/bow_mlp_imdb_jjq3lmqk.pt
Epoch 54/301 | train_loss=0.4187 train_acc=85.00% | val_loss=0.4078 val_acc=85.32% | lr=1.000000e-05
Saved new best model to /tmp/bow_mlp_imdb_jjq3lmqk.pt
Epoch 55/301 | train_loss=0.4162 train_acc=84.64% | val_loss=0.4056 val_acc=85.36% | lr=1.000000e-05
Saved new best model to /tmp/bow_mlp_imdb_jjq3lmqk.pt
Epoch 56/301 | train_loss=0.4149 train_acc=84.76% | val_loss=0.4039 val_acc=85.38% | lr=1.000000e-05
Saved new best model to /tmp/bow_mlp_imdb_jjq3lmqk.pt
Epoch 57/301 | train_loss=0.4118 train_acc=84.78% | val_loss=0.4015 val_acc=85.48% | lr=1.000000e-05
Saved new best model to /tmp/bow_mlp_imdb_jjq3lmqk.pt
Epoch 58/301 | train_loss=0.4111 train_acc=84.88% | val_loss=0.3997 val_acc=85.50% | lr=1.000000e-05
Saved new best model to /tmp/bow_mlp_imdb_jjq3lmqk.pt
Epoch 59/301 | train_loss=0.4090 train_acc=85.06% | val_loss=0.3979 val_acc=85.60% | lr=1.000000e-05
Saved new best model to /tmp/bow_mlp_imdb_jjq3lmqk.pt
Epoch 60/301 | train_loss=0.4058 train_acc=84.89% | val_loss=0.3958 val_acc=85.66% | lr=1.000000e-05
Saved new best model to /tmp/bow_mlp_imdb_jjq3lmqk.pt
Epoch 61/301 | train_loss=0.4036 train_acc=84.95% | val_loss=0.3939 val_acc=85.66% | lr=1.000000e-05
Epoch 62/301 | train_loss=0.4024 train_acc=85.44% | val_loss=0.3922 val_acc=85.74% | lr=1.000000e-05
Saved new best model to /tmp/bow_mlp_imdb_jjq3lmqk.pt
Epoch 63/301 | train_loss=0.3989 train_acc=85.33% | val_loss=0.3906 val_acc=85.74% | lr=1.000000e-05
Epoch 64/301 | train_loss=0.4006 train_acc=85.36% | val_loss=0.3891 val_acc=85.80% | lr=1.000000e-05
Saved new best model to /tmp/bow_mlp_imdb_jjq3lmqk.pt
Epoch 65/301 | train_loss=0.3953 train_acc=85.53% | val_loss=0.3872 val_acc=85.88% | lr=1.000000e-05
Saved new best model to /tmp/bow_mlp_imdb_jjq3lmqk.pt
Epoch 66/301 | train_loss=0.3928 train_acc=85.59% | val_loss=0.3855 val_acc=85.88% | lr=1.000000e-05
Epoch 67/301 | train_loss=0.3916 train_acc=85.65% | val_loss=0.3838 val_acc=85.92% | lr=1.000000e-05
Saved new best model to /tmp/bow_mlp_imdb_jjq3lmqk.pt
Epoch 68/301 | train_loss=0.3894 train_acc=85.80% | val_loss=0.3821 val_acc=85.98% | lr=1.000000e-05
Saved new best model to /tmp/bow_mlp_imdb_jjq3lmqk.pt
Epoch 69/301 | train_loss=0.3872 train_acc=85.93% | val_loss=0.3806 val_acc=85.92% | lr=1.000000e-05
Epoch 70/301 | train_loss=0.3850 train_acc=86.14% | val_loss=0.3790 val_acc=85.86% | lr=1.000000e-05
Epoch 71/301 | train_loss=0.3819 train_acc=86.03% | val_loss=0.3774 val_acc=86.00% | lr=1.000000e-05
Saved new best model to /tmp/bow_mlp_imdb_jjq3lmqk.pt
Epoch 72/301 | train_loss=0.3793 train_acc=86.27% | val_loss=0.3759 val_acc=85.94% | lr=1.000000e-05
Epoch 73/301 | train_loss=0.3818 train_acc=85.73% | val_loss=0.3749 val_acc=86.02% | lr=1.000000e-05
Saved new best model to /tmp/bow_mlp_imdb_jjq3lmqk.pt
Epoch 74/301 | train_loss=0.3801 train_acc=85.89% | val_loss=0.3735 val_acc=86.02% | lr=1.000000e-05
Epoch 75/301 | train_loss=0.3779 train_acc=86.00% | val_loss=0.3722 val_acc=86.08% | lr=1.000000e-05
Saved new best model to /tmp/bow_mlp_imdb_jjq3lmqk.pt
Epoch 76/301 | train_loss=0.3752 train_acc=86.17% | val_loss=0.3710 val_acc=86.04% | lr=1.000000e-05
Epoch 77/301 | train_loss=0.3750 train_acc=86.23% | val_loss=0.3699 val_acc=86.08% | lr=1.000000e-05
Epoch 78/301 | train_loss=0.3739 train_acc=86.22% | val_loss=0.3684 val_acc=86.12% | lr=1.000000e-05
Saved new best model to /tmp/bow_mlp_imdb_jjq3lmqk.pt
Epoch 79/301 | train_loss=0.3703 train_acc=86.36% | val_loss=0.3672 val_acc=86.24% | lr=1.000000e-05
Saved new best model to /tmp/bow_mlp_imdb_jjq3lmqk.pt
Epoch 80/301 | train_loss=0.3703 train_acc=86.37% | val_loss=0.3661 val_acc=86.04% | lr=1.000000e-05
Epoch 81/301 | train_loss=0.3671 train_acc=86.40% | val_loss=0.3647 val_acc=86.30% | lr=1.000000e-05
Saved new best model to /tmp/bow_mlp_imdb_jjq3lmqk.pt
Epoch 82/301 | train_loss=0.3669 train_acc=86.66% | val_loss=0.3636 val_acc=86.30% | lr=1.000000e-05
Epoch 83/301 | train_loss=0.3655 train_acc=86.58% | val_loss=0.3626 val_acc=86.16% | lr=1.000000e-05
Epoch 84/301 | train_loss=0.3632 train_acc=86.54% | val_loss=0.3613 val_acc=86.36% | lr=1.000000e-05
Saved new best model to /tmp/bow_mlp_imdb_jjq3lmqk.pt
Epoch 85/301 | train_loss=0.3615 train_acc=86.86% | val_loss=0.3602 val_acc=86.32% | lr=1.000000e-05
Epoch 86/301 | train_loss=0.3592 train_acc=86.72% | val_loss=0.3590 val_acc=86.30% | lr=1.000000e-05
Epoch 87/301 | train_loss=0.3606 train_acc=86.68% | val_loss=0.3580 val_acc=86.38% | lr=1.000000e-05
Saved new best model to /tmp/bow_mlp_imdb_jjq3lmqk.pt
Epoch 88/301 | train_loss=0.3550 train_acc=86.88% | val_loss=0.3568 val_acc=86.40% | lr=1.000000e-05
Saved new best model to /tmp/bow_mlp_imdb_jjq3lmqk.pt
Epoch 89/301 | train_loss=0.3558 train_acc=87.09% | val_loss=0.3560 val_acc=86.42% | lr=1.000000e-05
Saved new best model to /tmp/bow_mlp_imdb_jjq3lmqk.pt
Epoch 90/301 | train_loss=0.3557 train_acc=86.88% | val_loss=0.3552 val_acc=86.40% | lr=1.000000e-05
Epoch 91/301 | train_loss=0.3555 train_acc=87.08% | val_loss=0.3542 val_acc=86.30% | lr=1.000000e-05
Epoch 92/301 | train_loss=0.3535 train_acc=86.78% | val_loss=0.3532 val_acc=86.32% | lr=1.000000e-05
Epoch 93/301 | train_loss=0.3489 train_acc=87.13% | val_loss=0.3524 val_acc=86.46% | lr=1.000000e-05
Saved new best model to /tmp/bow_mlp_imdb_jjq3lmqk.pt
Epoch 94/301 | train_loss=0.3503 train_acc=87.17% | val_loss=0.3513 val_acc=86.40% | lr=1.000000e-05
Epoch 95/301 | train_loss=0.3472 train_acc=87.17% | val_loss=0.3504 val_acc=86.44% | lr=1.000000e-05
Epoch 96/301 | train_loss=0.3479 train_acc=87.03% | val_loss=0.3496 val_acc=86.46% | lr=1.000000e-05
Epoch 97/301 | train_loss=0.3457 train_acc=87.31% | val_loss=0.3490 val_acc=86.50% | lr=1.000000e-05
Saved new best model to /tmp/bow_mlp_imdb_jjq3lmqk.pt
Epoch 98/301 | train_loss=0.3432 train_acc=87.47% | val_loss=0.3480 val_acc=86.48% | lr=1.000000e-05
Epoch 99/301 | train_loss=0.3429 train_acc=87.17% | val_loss=0.3472 val_acc=86.50% | lr=1.000000e-05
Epoch 100/301 | train_loss=0.3423 train_acc=87.56% | val_loss=0.3462 val_acc=86.50% | lr=1.000000e-05
Epoch 101/301 | train_loss=0.3432 train_acc=87.35% | val_loss=0.3460 val_acc=86.52% | lr=1.000000e-05
Saved new best model to /tmp/bow_mlp_imdb_jjq3lmqk.pt
Epoch 102/301 | train_loss=0.3405 train_acc=87.75% | val_loss=0.3452 val_acc=86.54% | lr=1.000000e-05
Saved new best model to /tmp/bow_mlp_imdb_jjq3lmqk.pt
Epoch 103/301 | train_loss=0.3399 train_acc=87.56% | val_loss=0.3443 val_acc=86.60% | lr=1.000000e-05
Saved new best model to /tmp/bow_mlp_imdb_jjq3lmqk.pt
Epoch 104/301 | train_loss=0.3398 train_acc=87.39% | val_loss=0.3439 val_acc=86.54% | lr=1.000000e-05
Epoch 105/301 | train_loss=0.3371 train_acc=87.81% | val_loss=0.3427 val_acc=86.42% | lr=1.000000e-05
Epoch 106/301 | train_loss=0.3346 train_acc=87.67% | val_loss=0.3420 val_acc=86.52% | lr=1.000000e-05
Epoch 107/301 | train_loss=0.3337 train_acc=87.88% | val_loss=0.3415 val_acc=86.56% | lr=1.000000e-05
Epoch 108/301 | train_loss=0.3300 train_acc=88.14% | val_loss=0.3402 val_acc=86.56% | lr=1.000000e-05
Epoch 109/301 | train_loss=0.3315 train_acc=87.76% | val_loss=0.3397 val_acc=86.50% | lr=1.000000e-05
Epoch 110/301 | train_loss=0.3347 train_acc=87.69% | val_loss=0.3394 val_acc=86.54% | lr=1.000000e-05
Epoch 111/301 | train_loss=0.3315 train_acc=87.65% | val_loss=0.3392 val_acc=86.54% | lr=1.000000e-05
Epoch 112/301 | train_loss=0.3301 train_acc=87.83% | val_loss=0.3383 val_acc=86.60% | lr=1.000000e-05
Epoch 113/301 | train_loss=0.3265 train_acc=87.96% | val_loss=0.3374 val_acc=86.58% | lr=1.000000e-05
Epoch 114/301 | train_loss=0.3280 train_acc=87.72% | val_loss=0.3370 val_acc=86.58% | lr=1.000000e-05
Epoch 115/301 | train_loss=0.3262 train_acc=88.00% | val_loss=0.3361 val_acc=86.50% | lr=1.000000e-05
Epoch 116/301 | train_loss=0.3262 train_acc=88.01% | val_loss=0.3357 val_acc=86.52% | lr=1.000000e-05
Epoch 117/301 | train_loss=0.3244 train_acc=87.97% | val_loss=0.3352 val_acc=86.54% | lr=1.000000e-05
Epoch 118/301 | train_loss=0.3253 train_acc=87.77% | val_loss=0.3348 val_acc=86.56% | lr=1.000000e-05
Epoch 119/301 | train_loss=0.3236 train_acc=88.31% | val_loss=0.3342 val_acc=86.56% | lr=1.000000e-05
Epoch 120/301 | train_loss=0.3233 train_acc=88.13% | val_loss=0.3336 val_acc=86.60% | lr=1.000000e-05
Epoch 121/301 | train_loss=0.3209 train_acc=87.97% | val_loss=0.3330 val_acc=86.52% | lr=1.000000e-05
Epoch 122/301 | train_loss=0.3206 train_acc=88.35% | val_loss=0.3325 val_acc=86.48% | lr=1.000000e-05
Epoch 123/301 | train_loss=0.3189 train_acc=88.29% | val_loss=0.3319 val_acc=86.58% | lr=1.000000e-05
Epoch 124/301 | train_loss=0.3196 train_acc=88.33% | val_loss=0.3316 val_acc=86.60% | lr=1.000000e-05
Epoch 125/301 | train_loss=0.3172 train_acc=88.15% | val_loss=0.3312 val_acc=86.60% | lr=1.000000e-05
Epoch 126/301 | train_loss=0.3158 train_acc=88.33% | val_loss=0.3305 val_acc=86.62% | lr=1.000000e-05
Saved new best model to /tmp/bow_mlp_imdb_jjq3lmqk.pt
Epoch 127/301 | train_loss=0.3161 train_acc=88.47% | val_loss=0.3302 val_acc=86.62% | lr=1.000000e-05
Epoch 128/301 | train_loss=0.3151 train_acc=88.37% | val_loss=0.3299 val_acc=86.50% | lr=1.000000e-05
Epoch 129/301 | train_loss=0.3111 train_acc=88.56% | val_loss=0.3292 val_acc=86.66% | lr=1.000000e-05
Saved new best model to /tmp/bow_mlp_imdb_jjq3lmqk.pt
Epoch 130/301 | train_loss=0.3123 train_acc=88.55% | val_loss=0.3287 val_acc=86.72% | lr=1.000000e-05
Saved new best model to /tmp/bow_mlp_imdb_jjq3lmqk.pt
Epoch 131/301 | train_loss=0.3138 train_acc=88.41% | val_loss=0.3284 val_acc=86.64% | lr=1.000000e-05
Epoch 132/301 | train_loss=0.3111 train_acc=88.39% | val_loss=0.3280 val_acc=86.68% | lr=1.000000e-05
Epoch 133/301 | train_loss=0.3120 train_acc=88.38% | val_loss=0.3276 val_acc=86.70% | lr=1.000000e-05
Epoch 134/301 | train_loss=0.3111 train_acc=88.56% | val_loss=0.3273 val_acc=86.74% | lr=1.000000e-05
Saved new best model to /tmp/bow_mlp_imdb_jjq3lmqk.pt
Epoch 135/301 | train_loss=0.3096 train_acc=88.59% | val_loss=0.3270 val_acc=86.64% | lr=1.000000e-05
Epoch 136/301 | train_loss=0.3070 train_acc=88.73% | val_loss=0.3265 val_acc=86.68% | lr=1.000000e-05
Epoch 137/301 | train_loss=0.3077 train_acc=88.53% | val_loss=0.3261 val_acc=86.70% | lr=1.000000e-05
Epoch 138/301 | train_loss=0.3087 train_acc=88.39% | val_loss=0.3257 val_acc=86.72% | lr=1.000000e-05
Epoch 139/301 | train_loss=0.3070 train_acc=88.86% | val_loss=0.3255 val_acc=86.64% | lr=1.000000e-05
Epoch 140/301 | train_loss=0.3050 train_acc=88.81% | val_loss=0.3252 val_acc=86.72% | lr=1.000000e-05
Epoch 141/301 | train_loss=0.3054 train_acc=88.91% | val_loss=0.3248 val_acc=86.76% | lr=1.000000e-05
Saved new best model to /tmp/bow_mlp_imdb_jjq3lmqk.pt
Epoch 142/301 | train_loss=0.3031 train_acc=88.75% | val_loss=0.3246 val_acc=86.86% | lr=1.000000e-05
Saved new best model to /tmp/bow_mlp_imdb_jjq3lmqk.pt
Epoch 143/301 | train_loss=0.3054 train_acc=88.81% | val_loss=0.3240 val_acc=86.82% | lr=1.000000e-05
Epoch 144/301 | train_loss=0.3000 train_acc=88.96% | val_loss=0.3235 val_acc=86.80% | lr=1.000000e-05
Epoch 145/301 | train_loss=0.3035 train_acc=88.73% | val_loss=0.3233 val_acc=86.82% | lr=1.000000e-05
Epoch 146/301 | train_loss=0.3035 train_acc=88.97% | val_loss=0.3233 val_acc=86.84% | lr=1.000000e-05
Epoch 147/301 | train_loss=0.3017 train_acc=88.96% | val_loss=0.3228 val_acc=86.88% | lr=1.000000e-05
Saved new best model to /tmp/bow_mlp_imdb_jjq3lmqk.pt
Epoch 148/301 | train_loss=0.3013 train_acc=89.01% | val_loss=0.3225 val_acc=86.92% | lr=1.000000e-05
Saved new best model to /tmp/bow_mlp_imdb_jjq3lmqk.pt
Epoch 149/301 | train_loss=0.2998 train_acc=89.05% | val_loss=0.3223 val_acc=86.90% | lr=1.000000e-05
Epoch 150/301 | train_loss=0.2975 train_acc=88.94% | val_loss=0.3219 val_acc=86.92% | lr=1.000000e-05
Epoch 151/301 | train_loss=0.2978 train_acc=89.02% | val_loss=0.3214 val_acc=86.88% | lr=1.000000e-05
Epoch 152/301 | train_loss=0.2967 train_acc=88.91% | val_loss=0.3214 val_acc=86.94% | lr=1.000000e-05
Saved new best model to /tmp/bow_mlp_imdb_jjq3lmqk.pt
Epoch 153/301 | train_loss=0.2948 train_acc=89.00% | val_loss=0.3209 val_acc=86.88% | lr=1.000000e-05
Epoch 154/301 | train_loss=0.2933 train_acc=89.07% | val_loss=0.3207 val_acc=86.94% | lr=1.000000e-05
Epoch 155/301 | train_loss=0.2977 train_acc=88.97% | val_loss=0.3204 val_acc=86.86% | lr=1.000000e-05
Epoch 156/301 | train_loss=0.2954 train_acc=88.69% | val_loss=0.3202 val_acc=86.82% | lr=1.000000e-05
Epoch 157/301 | train_loss=0.2925 train_acc=89.27% | val_loss=0.3201 val_acc=86.90% | lr=1.000000e-05
Epoch 158/301 | train_loss=0.2940 train_acc=89.24% | val_loss=0.3197 val_acc=86.82% | lr=1.000000e-05
Epoch 159/301 | train_loss=0.2925 train_acc=89.27% | val_loss=0.3196 val_acc=86.84% | lr=1.000000e-05
Epoch 160/301 | train_loss=0.2907 train_acc=89.44% | val_loss=0.3193 val_acc=86.90% | lr=1.000000e-05
Epoch 161/301 | train_loss=0.2921 train_acc=89.05% | val_loss=0.3188 val_acc=86.88% | lr=1.000000e-05
Epoch 162/301 | train_loss=0.2931 train_acc=89.20% | val_loss=0.3187 val_acc=86.82% | lr=1.000000e-05
Epoch 163/301 | train_loss=0.2897 train_acc=89.25% | val_loss=0.3184 val_acc=86.84% | lr=1.000000e-05
Epoch 164/301 | train_loss=0.2892 train_acc=89.11% | val_loss=0.3182 val_acc=86.86% | lr=1.000000e-05
Epoch 165/301 | train_loss=0.2871 train_acc=89.38% | val_loss=0.3179 val_acc=86.90% | lr=1.000000e-05
Epoch 166/301 | train_loss=0.2871 train_acc=89.44% | val_loss=0.3178 val_acc=86.84% | lr=1.000000e-05
Epoch 167/301 | train_loss=0.2866 train_acc=89.38% | val_loss=0.3175 val_acc=86.84% | lr=1.000000e-05
Epoch 168/301 | train_loss=0.2839 train_acc=89.60% | val_loss=0.3173 val_acc=86.84% | lr=1.000000e-05
Epoch 169/301 | train_loss=0.2841 train_acc=89.40% | val_loss=0.3174 val_acc=86.86% | lr=1.000000e-05
Epoch 170/301 | train_loss=0.2827 train_acc=89.52% | val_loss=0.3171 val_acc=86.86% | lr=1.000000e-05
Epoch 171/301 | train_loss=0.2855 train_acc=89.51% | val_loss=0.3169 val_acc=86.88% | lr=1.000000e-05
Epoch 172/301 | train_loss=0.2834 train_acc=89.61% | val_loss=0.3166 val_acc=86.86% | lr=1.000000e-05
Epoch 173/301 | train_loss=0.2820 train_acc=89.44% | val_loss=0.3163 val_acc=86.86% | lr=1.000000e-05
Epoch 174/301 | train_loss=0.2831 train_acc=89.42% | val_loss=0.3161 val_acc=87.10% | lr=1.000000e-05
Saved new best model to /tmp/bow_mlp_imdb_jjq3lmqk.pt
Epoch 175/301 | train_loss=0.2821 train_acc=89.56% | val_loss=0.3161 val_acc=86.84% | lr=1.000000e-05
Epoch 176/301 | train_loss=0.2817 train_acc=89.44% | val_loss=0.3160 val_acc=86.90% | lr=1.000000e-05
Epoch 177/301 | train_loss=0.2816 train_acc=89.51% | val_loss=0.3157 val_acc=86.98% | lr=1.000000e-05
Epoch 178/301 | train_loss=0.2812 train_acc=89.59% | val_loss=0.3156 val_acc=86.96% | lr=1.000000e-05
Epoch 179/301 | train_loss=0.2804 train_acc=89.74% | val_loss=0.3154 val_acc=86.94% | lr=1.000000e-05
Epoch 180/301 | train_loss=0.2793 train_acc=89.70% | val_loss=0.3153 val_acc=86.96% | lr=1.000000e-05
Epoch 181/301 | train_loss=0.2791 train_acc=89.84% | val_loss=0.3152 val_acc=86.90% | lr=1.000000e-05
Epoch 182/301 | train_loss=0.2770 train_acc=89.75% | val_loss=0.3150 val_acc=87.00% | lr=1.000000e-05
Epoch 183/301 | train_loss=0.2775 train_acc=89.78% | val_loss=0.3150 val_acc=86.92% | lr=1.000000e-05
Epoch 184/301 | train_loss=0.2774 train_acc=89.82% | val_loss=0.3148 val_acc=87.00% | lr=1.000000e-05
Epoch 185/301 | train_loss=0.2788 train_acc=89.53% | val_loss=0.3148 val_acc=86.84% | lr=1.000000e-05
Epoch 186/301 | train_loss=0.2758 train_acc=89.83% | val_loss=0.3145 val_acc=86.96% | lr=1.000000e-05
Epoch 187/301 | train_loss=0.2755 train_acc=89.82% | val_loss=0.3144 val_acc=86.98% | lr=1.000000e-05
Epoch 188/301 | train_loss=0.2773 train_acc=89.62% | val_loss=0.3143 val_acc=87.00% | lr=1.000000e-05
Epoch 189/301 | train_loss=0.2734 train_acc=89.62% | val_loss=0.3142 val_acc=86.98% | lr=1.000000e-05
Epoch 190/301 | train_loss=0.2728 train_acc=89.85% | val_loss=0.3141 val_acc=86.94% | lr=1.000000e-05
Epoch 191/301 | train_loss=0.2743 train_acc=89.81% | val_loss=0.3141 val_acc=86.86% | lr=1.000000e-05
Epoch 192/301 | train_loss=0.2716 train_acc=89.93% | val_loss=0.3138 val_acc=87.00% | lr=1.000000e-05
Epoch 193/301 | train_loss=0.2716 train_acc=90.14% | val_loss=0.3140 val_acc=86.86% | lr=1.000000e-05
Epoch 194/301 | train_loss=0.2694 train_acc=89.93% | val_loss=0.3136 val_acc=86.88% | lr=1.000000e-05
Epoch 195/301 | train_loss=0.2728 train_acc=89.79% | val_loss=0.3136 val_acc=86.86% | lr=1.000000e-05
Epoch 196/301 | train_loss=0.2706 train_acc=90.01% | val_loss=0.3135 val_acc=86.82% | lr=1.000000e-05
Epoch 197/301 | train_loss=0.2718 train_acc=89.95% | val_loss=0.3134 val_acc=86.86% | lr=1.000000e-05
Epoch 198/301 | train_loss=0.2703 train_acc=90.04% | val_loss=0.3133 val_acc=86.84% | lr=1.000000e-05
Epoch 199/301 | train_loss=0.2707 train_acc=89.99% | val_loss=0.3132 val_acc=86.90% | lr=1.000000e-05
Epoch 200/301 | train_loss=0.2672 train_acc=90.02% | val_loss=0.3131 val_acc=86.86% | lr=1.000000e-05
Epoch 201/301 | train_loss=0.2676 train_acc=90.03% | val_loss=0.3132 val_acc=86.86% | lr=1.000000e-05
Epoch 202/301 | train_loss=0.2689 train_acc=90.18% | val_loss=0.3130 val_acc=86.86% | lr=1.000000e-05
Epoch 203/301 | train_loss=0.2671 train_acc=90.04% | val_loss=0.3132 val_acc=86.80% | lr=1.000000e-05
Epoch 204/301 | train_loss=0.2665 train_acc=90.05% | val_loss=0.3131 val_acc=86.84% | lr=1.000000e-05
Epoch 205/301 | train_loss=0.2677 train_acc=90.09% | val_loss=0.3129 val_acc=86.86% | lr=1.000000e-05
Epoch 206/301 | train_loss=0.2656 train_acc=90.05% | val_loss=0.3128 val_acc=86.86% | lr=1.000000e-05
Epoch 207/301 | train_loss=0.2659 train_acc=90.12% | val_loss=0.3127 val_acc=86.92% | lr=1.000000e-05
Epoch 208/301 | train_loss=0.2653 train_acc=89.96% | val_loss=0.3127 val_acc=86.86% | lr=1.000000e-05
Epoch 209/301 | train_loss=0.2653 train_acc=90.22% | val_loss=0.3127 val_acc=86.86% | lr=1.000000e-05
Epoch 210/301 | train_loss=0.2638 train_acc=90.22% | val_loss=0.3129 val_acc=86.78% | lr=1.000000e-05
Epoch 211/301 | train_loss=0.2640 train_acc=90.22% | val_loss=0.3126 val_acc=86.86% | lr=1.000000e-05
Epoch 212/301 | train_loss=0.2613 train_acc=90.25% | val_loss=0.3125 val_acc=86.88% | lr=1.000000e-05
Epoch 213/301 | train_loss=0.2646 train_acc=90.11% | val_loss=0.3126 val_acc=86.84% | lr=1.000000e-05
Epoch 214/301 | train_loss=0.2619 train_acc=90.34% | val_loss=0.3125 val_acc=86.84% | lr=1.000000e-05
Epoch 215/301 | train_loss=0.2591 train_acc=90.48% | val_loss=0.3125 val_acc=86.82% | lr=1.000000e-05
Epoch 216/301 | train_loss=0.2621 train_acc=90.30% | val_loss=0.3124 val_acc=86.78% | lr=1.000000e-05
Epoch 217/301 | train_loss=0.2594 train_acc=90.44% | val_loss=0.3124 val_acc=86.86% | lr=1.000000e-05
Epoch 218/301 | train_loss=0.2594 train_acc=90.27% | val_loss=0.3123 val_acc=86.84% | lr=1.000000e-05
Epoch 219/301 | train_loss=0.2598 train_acc=90.33% | val_loss=0.3124 val_acc=86.86% | lr=1.000000e-05
Epoch 220/301 | train_loss=0.2585 train_acc=90.25% | val_loss=0.3124 val_acc=86.84% | lr=1.000000e-05
Epoch 221/301 | train_loss=0.2590 train_acc=90.31% | val_loss=0.3124 val_acc=86.82% | lr=1.000000e-05
Epoch 222/301 | train_loss=0.2614 train_acc=90.27% | val_loss=0.3124 val_acc=86.80% | lr=1.000000e-05
Epoch 223/301 | train_loss=0.2587 train_acc=90.27% | val_loss=0.3122 val_acc=86.88% | lr=1.000000e-05
Epoch 224/301 | train_loss=0.2588 train_acc=90.48% | val_loss=0.3122 val_acc=86.92% | lr=1.000000e-05
Epoch 225/301 | train_loss=0.2579 train_acc=90.24% | val_loss=0.3122 val_acc=86.90% | lr=1.000000e-05
Epoch 226/301 | train_loss=0.2571 train_acc=90.53% | val_loss=0.3123 val_acc=86.90% | lr=1.000000e-05
Epoch 227/301 | train_loss=0.2543 train_acc=90.44% | val_loss=0.3124 val_acc=86.86% | lr=1.000000e-05
Epoch 228/301 | train_loss=0.2549 train_acc=90.42% | val_loss=0.3122 val_acc=86.86% | lr=1.000000e-05
Epoch 229/301 | train_loss=0.2556 train_acc=90.29% | val_loss=0.3124 val_acc=86.90% | lr=1.000000e-05
Epoch 230/301 | train_loss=0.2581 train_acc=90.33% | val_loss=0.3122 val_acc=86.90% | lr=1.000000e-05
Epoch 231/301 | train_loss=0.2560 train_acc=90.31% | val_loss=0.3122 val_acc=86.88% | lr=1.000000e-05
Epoch 232/301 | train_loss=0.2565 train_acc=90.38% | val_loss=0.3122 val_acc=86.90% | lr=1.000000e-05
Epoch 233/301 | train_loss=0.2546 train_acc=90.52% | val_loss=0.3124 val_acc=86.92% | lr=1.000000e-05
Validation loss has not improved for 8 epochs. Stopping training.
Test loss=0.3171 | Test accuracy=87.01%
