Loading IMDb dataset from local disk: /home/daniel/l/masteruppsats/np-reg/language/data/imdb_hf
Using device: cuda
BoW vocab size: 3125
Epoch 1/301 | train_loss=9.4137 train_acc=48.75% | val_loss=0.6987 val_acc=49.16% | lr=3.000000e-06
Saved new best model to /tmp/bow_mlp_imdb_y2pnbyz_.pt
Epoch 2/301 | train_loss=9.0903 train_acc=49.41% | val_loss=0.6971 val_acc=49.72% | lr=3.000000e-06
Saved new best model to /tmp/bow_mlp_imdb_y2pnbyz_.pt
Epoch 3/301 | train_loss=8.7229 train_acc=49.32% | val_loss=0.6947 val_acc=49.84% | lr=3.000000e-06
Saved new best model to /tmp/bow_mlp_imdb_y2pnbyz_.pt
Epoch 4/301 | train_loss=8.3491 train_acc=49.69% | val_loss=0.6937 val_acc=50.44% | lr=3.000000e-06
Saved new best model to /tmp/bow_mlp_imdb_y2pnbyz_.pt
Epoch 5/301 | train_loss=7.9875 train_acc=50.50% | val_loss=0.6936 val_acc=50.72% | lr=3.000000e-06
Saved new best model to /tmp/bow_mlp_imdb_y2pnbyz_.pt
Epoch 6/301 | train_loss=7.6397 train_acc=50.65% | val_loss=0.6934 val_acc=51.06% | lr=3.000000e-06
Saved new best model to /tmp/bow_mlp_imdb_y2pnbyz_.pt
Epoch 7/301 | train_loss=7.3040 train_acc=50.99% | val_loss=0.6927 val_acc=51.46% | lr=3.000000e-06
Saved new best model to /tmp/bow_mlp_imdb_y2pnbyz_.pt
Epoch 8/301 | train_loss=6.9803 train_acc=51.75% | val_loss=0.6901 val_acc=53.02% | lr=3.000000e-06
Saved new best model to /tmp/bow_mlp_imdb_y2pnbyz_.pt
Epoch 9/301 | train_loss=6.6640 train_acc=54.54% | val_loss=0.6848 val_acc=56.54% | lr=3.000000e-06
Saved new best model to /tmp/bow_mlp_imdb_y2pnbyz_.pt
Epoch 10/301 | train_loss=6.3545 train_acc=57.73% | val_loss=0.6813 val_acc=59.80% | lr=3.000000e-06
Saved new best model to /tmp/bow_mlp_imdb_y2pnbyz_.pt
Epoch 11/301 | train_loss=6.0543 train_acc=59.96% | val_loss=0.6785 val_acc=61.06% | lr=3.000000e-06
Saved new best model to /tmp/bow_mlp_imdb_y2pnbyz_.pt
Epoch 12/301 | train_loss=5.7631 train_acc=61.24% | val_loss=0.6757 val_acc=62.02% | lr=3.000000e-06
Saved new best model to /tmp/bow_mlp_imdb_y2pnbyz_.pt
Epoch 13/301 | train_loss=5.4804 train_acc=62.24% | val_loss=0.6728 val_acc=62.90% | lr=3.000000e-06
Saved new best model to /tmp/bow_mlp_imdb_y2pnbyz_.pt
Epoch 14/301 | train_loss=5.2075 train_acc=63.42% | val_loss=0.6698 val_acc=63.76% | lr=3.000000e-06
Saved new best model to /tmp/bow_mlp_imdb_y2pnbyz_.pt
Epoch 15/301 | train_loss=4.9443 train_acc=64.20% | val_loss=0.6668 val_acc=65.00% | lr=3.000000e-06
Saved new best model to /tmp/bow_mlp_imdb_y2pnbyz_.pt
Epoch 16/301 | train_loss=4.6902 train_acc=65.56% | val_loss=0.6637 val_acc=66.16% | lr=3.000000e-06
Saved new best model to /tmp/bow_mlp_imdb_y2pnbyz_.pt
Epoch 17/301 | train_loss=4.4455 train_acc=66.89% | val_loss=0.6607 val_acc=67.36% | lr=3.000000e-06
Saved new best model to /tmp/bow_mlp_imdb_y2pnbyz_.pt
Epoch 18/301 | train_loss=4.2098 train_acc=68.25% | val_loss=0.6578 val_acc=68.24% | lr=3.000000e-06
Saved new best model to /tmp/bow_mlp_imdb_y2pnbyz_.pt
Epoch 19/301 | train_loss=3.9832 train_acc=69.28% | val_loss=0.6549 val_acc=69.00% | lr=3.000000e-06
Saved new best model to /tmp/bow_mlp_imdb_y2pnbyz_.pt
Epoch 20/301 | train_loss=3.7649 train_acc=70.25% | val_loss=0.6522 val_acc=70.06% | lr=3.000000e-06
Saved new best model to /tmp/bow_mlp_imdb_y2pnbyz_.pt
Epoch 21/301 | train_loss=3.5552 train_acc=71.23% | val_loss=0.6493 val_acc=71.02% | lr=3.000000e-06
Saved new best model to /tmp/bow_mlp_imdb_y2pnbyz_.pt
Epoch 22/301 | train_loss=3.3542 train_acc=71.78% | val_loss=0.6464 val_acc=71.98% | lr=3.000000e-06
Saved new best model to /tmp/bow_mlp_imdb_y2pnbyz_.pt
Epoch 23/301 | train_loss=3.1620 train_acc=72.97% | val_loss=0.6438 val_acc=72.66% | lr=3.000000e-06
Saved new best model to /tmp/bow_mlp_imdb_y2pnbyz_.pt
Epoch 24/301 | train_loss=2.9781 train_acc=73.49% | val_loss=0.6410 val_acc=73.26% | lr=3.000000e-06
Saved new best model to /tmp/bow_mlp_imdb_y2pnbyz_.pt
Epoch 25/301 | train_loss=2.8024 train_acc=74.22% | val_loss=0.6382 val_acc=73.88% | lr=3.000000e-06
Saved new best model to /tmp/bow_mlp_imdb_y2pnbyz_.pt
Epoch 26/301 | train_loss=2.6353 train_acc=74.63% | val_loss=0.6356 val_acc=74.24% | lr=3.000000e-06
Saved new best model to /tmp/bow_mlp_imdb_y2pnbyz_.pt
Epoch 27/301 | train_loss=2.4763 train_acc=75.11% | val_loss=0.6328 val_acc=74.72% | lr=3.000000e-06
Saved new best model to /tmp/bow_mlp_imdb_y2pnbyz_.pt
Epoch 28/301 | train_loss=2.3253 train_acc=75.77% | val_loss=0.6299 val_acc=75.46% | lr=3.000000e-06
Saved new best model to /tmp/bow_mlp_imdb_y2pnbyz_.pt
Epoch 29/301 | train_loss=2.1824 train_acc=76.03% | val_loss=0.6271 val_acc=76.10% | lr=3.000000e-06
Saved new best model to /tmp/bow_mlp_imdb_y2pnbyz_.pt
Epoch 30/301 | train_loss=2.0474 train_acc=76.60% | val_loss=0.6243 val_acc=76.18% | lr=3.000000e-06
Saved new best model to /tmp/bow_mlp_imdb_y2pnbyz_.pt
Epoch 31/301 | train_loss=1.9201 train_acc=76.86% | val_loss=0.6214 val_acc=76.48% | lr=3.000000e-06
Saved new best model to /tmp/bow_mlp_imdb_y2pnbyz_.pt
Epoch 32/301 | train_loss=1.8005 train_acc=77.34% | val_loss=0.6186 val_acc=76.76% | lr=3.000000e-06
Saved new best model to /tmp/bow_mlp_imdb_y2pnbyz_.pt
Epoch 33/301 | train_loss=1.6887 train_acc=77.61% | val_loss=0.6157 val_acc=77.18% | lr=3.000000e-06
Saved new best model to /tmp/bow_mlp_imdb_y2pnbyz_.pt
Epoch 34/301 | train_loss=1.5843 train_acc=78.00% | val_loss=0.6127 val_acc=77.52% | lr=3.000000e-06
Saved new best model to /tmp/bow_mlp_imdb_y2pnbyz_.pt
Epoch 35/301 | train_loss=1.4872 train_acc=78.40% | val_loss=0.6098 val_acc=77.88% | lr=3.000000e-06
Saved new best model to /tmp/bow_mlp_imdb_y2pnbyz_.pt
Epoch 36/301 | train_loss=1.3972 train_acc=78.70% | val_loss=0.6067 val_acc=78.22% | lr=3.000000e-06
Saved new best model to /tmp/bow_mlp_imdb_y2pnbyz_.pt
Epoch 37/301 | train_loss=1.3140 train_acc=78.95% | val_loss=0.6037 val_acc=78.64% | lr=3.000000e-06
Saved new best model to /tmp/bow_mlp_imdb_y2pnbyz_.pt
Epoch 38/301 | train_loss=1.2378 train_acc=79.24% | val_loss=0.6005 val_acc=78.94% | lr=3.000000e-06
Saved new best model to /tmp/bow_mlp_imdb_y2pnbyz_.pt
Epoch 39/301 | train_loss=1.1682 train_acc=79.56% | val_loss=0.5974 val_acc=79.12% | lr=3.000000e-06
Saved new best model to /tmp/bow_mlp_imdb_y2pnbyz_.pt
Epoch 40/301 | train_loss=1.1049 train_acc=79.79% | val_loss=0.5942 val_acc=79.44% | lr=3.000000e-06
Saved new best model to /tmp/bow_mlp_imdb_y2pnbyz_.pt
Epoch 41/301 | train_loss=1.0476 train_acc=80.05% | val_loss=0.5911 val_acc=79.58% | lr=3.000000e-06
Saved new best model to /tmp/bow_mlp_imdb_y2pnbyz_.pt
Epoch 42/301 | train_loss=0.9962 train_acc=80.27% | val_loss=0.5877 val_acc=79.92% | lr=3.000000e-06
Saved new best model to /tmp/bow_mlp_imdb_y2pnbyz_.pt
Epoch 43/301 | train_loss=0.9504 train_acc=80.48% | val_loss=0.5844 val_acc=80.08% | lr=3.000000e-06
Saved new best model to /tmp/bow_mlp_imdb_y2pnbyz_.pt
Epoch 44/301 | train_loss=0.9098 train_acc=80.70% | val_loss=0.5811 val_acc=80.28% | lr=3.000000e-06
Saved new best model to /tmp/bow_mlp_imdb_y2pnbyz_.pt
Epoch 45/301 | train_loss=0.8741 train_acc=80.90% | val_loss=0.5777 val_acc=80.54% | lr=3.000000e-06
Saved new best model to /tmp/bow_mlp_imdb_y2pnbyz_.pt
Epoch 46/301 | train_loss=0.8430 train_acc=81.05% | val_loss=0.5743 val_acc=80.72% | lr=3.000000e-06
Saved new best model to /tmp/bow_mlp_imdb_y2pnbyz_.pt
Epoch 47/301 | train_loss=0.8161 train_acc=81.34% | val_loss=0.5708 val_acc=81.10% | lr=3.000000e-06
Saved new best model to /tmp/bow_mlp_imdb_y2pnbyz_.pt
Epoch 48/301 | train_loss=0.7929 train_acc=81.48% | val_loss=0.5673 val_acc=81.26% | lr=3.000000e-06
Saved new best model to /tmp/bow_mlp_imdb_y2pnbyz_.pt
Epoch 49/301 | train_loss=0.7732 train_acc=81.67% | val_loss=0.5637 val_acc=81.34% | lr=3.000000e-06
Saved new best model to /tmp/bow_mlp_imdb_y2pnbyz_.pt
Epoch 50/301 | train_loss=0.7565 train_acc=81.79% | val_loss=0.5603 val_acc=81.60% | lr=3.000000e-06
Saved new best model to /tmp/bow_mlp_imdb_y2pnbyz_.pt
Epoch 51/301 | train_loss=0.7424 train_acc=81.93% | val_loss=0.5568 val_acc=81.68% | lr=3.000000e-06
Saved new best model to /tmp/bow_mlp_imdb_y2pnbyz_.pt
Epoch 52/301 | train_loss=0.7305 train_acc=82.08% | val_loss=0.5532 val_acc=81.90% | lr=3.000000e-06
Saved new best model to /tmp/bow_mlp_imdb_y2pnbyz_.pt
Epoch 53/301 | train_loss=0.7205 train_acc=82.27% | val_loss=0.5498 val_acc=82.00% | lr=3.000000e-06
Saved new best model to /tmp/bow_mlp_imdb_y2pnbyz_.pt
Epoch 54/301 | train_loss=0.7120 train_acc=82.42% | val_loss=0.5462 val_acc=82.26% | lr=3.000000e-06
Saved new best model to /tmp/bow_mlp_imdb_y2pnbyz_.pt
Epoch 55/301 | train_loss=0.7047 train_acc=82.56% | val_loss=0.5428 val_acc=82.40% | lr=3.000000e-06
Saved new best model to /tmp/bow_mlp_imdb_y2pnbyz_.pt
Epoch 56/301 | train_loss=0.6983 train_acc=82.70% | val_loss=0.5394 val_acc=82.36% | lr=3.000000e-06
Epoch 57/301 | train_loss=0.6927 train_acc=82.88% | val_loss=0.5360 val_acc=82.56% | lr=3.000000e-06
Saved new best model to /tmp/bow_mlp_imdb_y2pnbyz_.pt
Epoch 58/301 | train_loss=0.6875 train_acc=82.96% | val_loss=0.5328 val_acc=82.68% | lr=3.000000e-06
Saved new best model to /tmp/bow_mlp_imdb_y2pnbyz_.pt
Epoch 59/301 | train_loss=0.6827 train_acc=83.03% | val_loss=0.5296 val_acc=82.78% | lr=3.000000e-06
Saved new best model to /tmp/bow_mlp_imdb_y2pnbyz_.pt
Epoch 60/301 | train_loss=0.6782 train_acc=83.19% | val_loss=0.5265 val_acc=82.90% | lr=3.000000e-06
Saved new best model to /tmp/bow_mlp_imdb_y2pnbyz_.pt
Epoch 61/301 | train_loss=0.6740 train_acc=83.28% | val_loss=0.5233 val_acc=82.94% | lr=3.000000e-06
Saved new best model to /tmp/bow_mlp_imdb_y2pnbyz_.pt
Epoch 62/301 | train_loss=0.6699 train_acc=83.38% | val_loss=0.5202 val_acc=83.12% | lr=3.000000e-06
Saved new best model to /tmp/bow_mlp_imdb_y2pnbyz_.pt
Epoch 63/301 | train_loss=0.6658 train_acc=83.53% | val_loss=0.5173 val_acc=83.08% | lr=3.000000e-06
Epoch 64/301 | train_loss=0.6620 train_acc=83.61% | val_loss=0.5144 val_acc=83.32% | lr=3.000000e-06
Saved new best model to /tmp/bow_mlp_imdb_y2pnbyz_.pt
Epoch 65/301 | train_loss=0.6582 train_acc=83.69% | val_loss=0.5116 val_acc=83.34% | lr=3.000000e-06
Saved new best model to /tmp/bow_mlp_imdb_y2pnbyz_.pt
Epoch 66/301 | train_loss=0.6544 train_acc=83.73% | val_loss=0.5088 val_acc=83.42% | lr=3.000000e-06
Saved new best model to /tmp/bow_mlp_imdb_y2pnbyz_.pt
Epoch 67/301 | train_loss=0.6508 train_acc=83.91% | val_loss=0.5061 val_acc=83.36% | lr=3.000000e-06
Epoch 68/301 | train_loss=0.6472 train_acc=84.00% | val_loss=0.5034 val_acc=83.50% | lr=3.000000e-06
Saved new best model to /tmp/bow_mlp_imdb_y2pnbyz_.pt
Epoch 69/301 | train_loss=0.6437 train_acc=84.02% | val_loss=0.5008 val_acc=83.70% | lr=3.000000e-06
Saved new best model to /tmp/bow_mlp_imdb_y2pnbyz_.pt
Epoch 70/301 | train_loss=0.6402 train_acc=84.10% | val_loss=0.4983 val_acc=83.76% | lr=3.000000e-06
Saved new best model to /tmp/bow_mlp_imdb_y2pnbyz_.pt
Epoch 71/301 | train_loss=0.6368 train_acc=84.19% | val_loss=0.4958 val_acc=83.80% | lr=3.000000e-06
Saved new best model to /tmp/bow_mlp_imdb_y2pnbyz_.pt
Epoch 72/301 | train_loss=0.6335 train_acc=84.33% | val_loss=0.4934 val_acc=83.88% | lr=3.000000e-06
Saved new best model to /tmp/bow_mlp_imdb_y2pnbyz_.pt
Epoch 73/301 | train_loss=0.6302 train_acc=84.41% | val_loss=0.4909 val_acc=83.96% | lr=3.000000e-06
Saved new best model to /tmp/bow_mlp_imdb_y2pnbyz_.pt
Epoch 74/301 | train_loss=0.6270 train_acc=84.49% | val_loss=0.4886 val_acc=83.98% | lr=3.000000e-06
Saved new best model to /tmp/bow_mlp_imdb_y2pnbyz_.pt
Epoch 75/301 | train_loss=0.6238 train_acc=84.51% | val_loss=0.4863 val_acc=84.00% | lr=3.000000e-06
Saved new best model to /tmp/bow_mlp_imdb_y2pnbyz_.pt
Epoch 76/301 | train_loss=0.6207 train_acc=84.65% | val_loss=0.4840 val_acc=84.00% | lr=3.000000e-06
Epoch 77/301 | train_loss=0.6177 train_acc=84.71% | val_loss=0.4818 val_acc=84.08% | lr=3.000000e-06
Saved new best model to /tmp/bow_mlp_imdb_y2pnbyz_.pt
Epoch 78/301 | train_loss=0.6147 train_acc=84.80% | val_loss=0.4796 val_acc=84.14% | lr=3.000000e-06
Saved new best model to /tmp/bow_mlp_imdb_y2pnbyz_.pt
Epoch 79/301 | train_loss=0.6117 train_acc=84.91% | val_loss=0.4775 val_acc=84.16% | lr=3.000000e-06
Saved new best model to /tmp/bow_mlp_imdb_y2pnbyz_.pt
Epoch 80/301 | train_loss=0.6087 train_acc=84.92% | val_loss=0.4755 val_acc=84.28% | lr=3.000000e-06
Saved new best model to /tmp/bow_mlp_imdb_y2pnbyz_.pt
Epoch 81/301 | train_loss=0.6059 train_acc=84.97% | val_loss=0.4733 val_acc=84.26% | lr=3.000000e-06
Epoch 82/301 | train_loss=0.6031 train_acc=85.04% | val_loss=0.4713 val_acc=84.32% | lr=3.000000e-06
Saved new best model to /tmp/bow_mlp_imdb_y2pnbyz_.pt
Epoch 83/301 | train_loss=0.6003 train_acc=85.08% | val_loss=0.4693 val_acc=84.32% | lr=3.000000e-06
Epoch 84/301 | train_loss=0.5976 train_acc=85.12% | val_loss=0.4674 val_acc=84.38% | lr=3.000000e-06
Saved new best model to /tmp/bow_mlp_imdb_y2pnbyz_.pt
Epoch 85/301 | train_loss=0.5949 train_acc=85.20% | val_loss=0.4655 val_acc=84.44% | lr=3.000000e-06
Saved new best model to /tmp/bow_mlp_imdb_y2pnbyz_.pt
Epoch 86/301 | train_loss=0.5922 train_acc=85.28% | val_loss=0.4636 val_acc=84.44% | lr=3.000000e-06
Epoch 87/301 | train_loss=0.5896 train_acc=85.41% | val_loss=0.4618 val_acc=84.50% | lr=3.000000e-06
Saved new best model to /tmp/bow_mlp_imdb_y2pnbyz_.pt
Epoch 88/301 | train_loss=0.5870 train_acc=85.41% | val_loss=0.4599 val_acc=84.52% | lr=3.000000e-06
Saved new best model to /tmp/bow_mlp_imdb_y2pnbyz_.pt
Epoch 89/301 | train_loss=0.5845 train_acc=85.47% | val_loss=0.4581 val_acc=84.66% | lr=3.000000e-06
Saved new best model to /tmp/bow_mlp_imdb_y2pnbyz_.pt
Epoch 90/301 | train_loss=0.5820 train_acc=85.52% | val_loss=0.4564 val_acc=84.64% | lr=3.000000e-06
Epoch 91/301 | train_loss=0.5795 train_acc=85.61% | val_loss=0.4547 val_acc=84.60% | lr=3.000000e-06
Epoch 92/301 | train_loss=0.5771 train_acc=85.67% | val_loss=0.4530 val_acc=84.68% | lr=3.000000e-06
Saved new best model to /tmp/bow_mlp_imdb_y2pnbyz_.pt
Epoch 93/301 | train_loss=0.5747 train_acc=85.69% | val_loss=0.4513 val_acc=84.74% | lr=3.000000e-06
Saved new best model to /tmp/bow_mlp_imdb_y2pnbyz_.pt
Epoch 94/301 | train_loss=0.5723 train_acc=85.78% | val_loss=0.4496 val_acc=84.80% | lr=3.000000e-06
Saved new best model to /tmp/bow_mlp_imdb_y2pnbyz_.pt
Epoch 95/301 | train_loss=0.5700 train_acc=85.75% | val_loss=0.4480 val_acc=84.80% | lr=3.000000e-06
Epoch 96/301 | train_loss=0.5677 train_acc=85.78% | val_loss=0.4465 val_acc=84.80% | lr=3.000000e-06
Epoch 97/301 | train_loss=0.5654 train_acc=85.83% | val_loss=0.4449 val_acc=84.90% | lr=3.000000e-06
Saved new best model to /tmp/bow_mlp_imdb_y2pnbyz_.pt
Epoch 98/301 | train_loss=0.5631 train_acc=85.91% | val_loss=0.4433 val_acc=84.94% | lr=3.000000e-06
Saved new best model to /tmp/bow_mlp_imdb_y2pnbyz_.pt
Epoch 99/301 | train_loss=0.5609 train_acc=85.91% | val_loss=0.4419 val_acc=84.92% | lr=3.000000e-06
Epoch 100/301 | train_loss=0.5588 train_acc=86.01% | val_loss=0.4404 val_acc=84.92% | lr=3.000000e-06
Epoch 101/301 | train_loss=0.5566 train_acc=86.00% | val_loss=0.4389 val_acc=85.04% | lr=3.000000e-06
Saved new best model to /tmp/bow_mlp_imdb_y2pnbyz_.pt
Epoch 102/301 | train_loss=0.5545 train_acc=86.07% | val_loss=0.4374 val_acc=84.98% | lr=3.000000e-06
Epoch 103/301 | train_loss=0.5524 train_acc=86.09% | val_loss=0.4360 val_acc=85.02% | lr=3.000000e-06
Epoch 104/301 | train_loss=0.5503 train_acc=86.12% | val_loss=0.4347 val_acc=85.00% | lr=3.000000e-06
Epoch 105/301 | train_loss=0.5483 train_acc=86.21% | val_loss=0.4332 val_acc=85.04% | lr=3.000000e-06
Epoch 106/301 | train_loss=0.5463 train_acc=86.25% | val_loss=0.4319 val_acc=85.08% | lr=3.000000e-06
Saved new best model to /tmp/bow_mlp_imdb_y2pnbyz_.pt
Epoch 107/301 | train_loss=0.5443 train_acc=86.29% | val_loss=0.4305 val_acc=85.14% | lr=3.000000e-06
Saved new best model to /tmp/bow_mlp_imdb_y2pnbyz_.pt
Epoch 108/301 | train_loss=0.5424 train_acc=86.33% | val_loss=0.4292 val_acc=85.14% | lr=3.000000e-06
Epoch 109/301 | train_loss=0.5404 train_acc=86.38% | val_loss=0.4279 val_acc=85.10% | lr=3.000000e-06
Epoch 110/301 | train_loss=0.5385 train_acc=86.41% | val_loss=0.4266 val_acc=85.26% | lr=3.000000e-06
Saved new best model to /tmp/bow_mlp_imdb_y2pnbyz_.pt
Epoch 111/301 | train_loss=0.5366 train_acc=86.43% | val_loss=0.4255 val_acc=85.30% | lr=3.000000e-06
Saved new best model to /tmp/bow_mlp_imdb_y2pnbyz_.pt
Epoch 112/301 | train_loss=0.5348 train_acc=86.49% | val_loss=0.4241 val_acc=85.30% | lr=3.000000e-06
Epoch 113/301 | train_loss=0.5330 train_acc=86.51% | val_loss=0.4229 val_acc=85.28% | lr=3.000000e-06
Epoch 114/301 | train_loss=0.5311 train_acc=86.52% | val_loss=0.4218 val_acc=85.38% | lr=3.000000e-06
Saved new best model to /tmp/bow_mlp_imdb_y2pnbyz_.pt
Epoch 115/301 | train_loss=0.5294 train_acc=86.53% | val_loss=0.4206 val_acc=85.46% | lr=3.000000e-06
Saved new best model to /tmp/bow_mlp_imdb_y2pnbyz_.pt
Epoch 116/301 | train_loss=0.5276 train_acc=86.56% | val_loss=0.4193 val_acc=85.38% | lr=3.000000e-06
Epoch 117/301 | train_loss=0.5258 train_acc=86.60% | val_loss=0.4182 val_acc=85.40% | lr=3.000000e-06
Epoch 118/301 | train_loss=0.5241 train_acc=86.64% | val_loss=0.4170 val_acc=85.42% | lr=3.000000e-06
Epoch 119/301 | train_loss=0.5224 train_acc=86.60% | val_loss=0.4159 val_acc=85.40% | lr=3.000000e-06
Epoch 120/301 | train_loss=0.5207 train_acc=86.69% | val_loss=0.4149 val_acc=85.46% | lr=3.000000e-06
Epoch 121/301 | train_loss=0.5191 train_acc=86.76% | val_loss=0.4137 val_acc=85.46% | lr=3.000000e-06
Epoch 122/301 | train_loss=0.5174 train_acc=86.72% | val_loss=0.4127 val_acc=85.48% | lr=3.000000e-06
Saved new best model to /tmp/bow_mlp_imdb_y2pnbyz_.pt
Epoch 123/301 | train_loss=0.5158 train_acc=86.80% | val_loss=0.4116 val_acc=85.46% | lr=3.000000e-06
Epoch 124/301 | train_loss=0.5142 train_acc=86.83% | val_loss=0.4106 val_acc=85.46% | lr=3.000000e-06
Epoch 125/301 | train_loss=0.5126 train_acc=86.84% | val_loss=0.4095 val_acc=85.52% | lr=3.000000e-06
Saved new best model to /tmp/bow_mlp_imdb_y2pnbyz_.pt
Epoch 126/301 | train_loss=0.5110 train_acc=86.87% | val_loss=0.4085 val_acc=85.48% | lr=3.000000e-06
Epoch 127/301 | train_loss=0.5095 train_acc=86.89% | val_loss=0.4075 val_acc=85.52% | lr=3.000000e-06
Epoch 128/301 | train_loss=0.5079 train_acc=86.84% | val_loss=0.4066 val_acc=85.52% | lr=3.000000e-06
Epoch 129/301 | train_loss=0.5064 train_acc=86.91% | val_loss=0.4056 val_acc=85.56% | lr=3.000000e-06
Saved new best model to /tmp/bow_mlp_imdb_y2pnbyz_.pt
Epoch 130/301 | train_loss=0.5049 train_acc=86.91% | val_loss=0.4046 val_acc=85.64% | lr=3.000000e-06
Saved new best model to /tmp/bow_mlp_imdb_y2pnbyz_.pt
Epoch 131/301 | train_loss=0.5034 train_acc=86.94% | val_loss=0.4036 val_acc=85.62% | lr=3.000000e-06
Epoch 132/301 | train_loss=0.5020 train_acc=86.98% | val_loss=0.4027 val_acc=85.66% | lr=3.000000e-06
Saved new best model to /tmp/bow_mlp_imdb_y2pnbyz_.pt
Epoch 133/301 | train_loss=0.5005 train_acc=87.02% | val_loss=0.4017 val_acc=85.60% | lr=3.000000e-06
Epoch 134/301 | train_loss=0.4991 train_acc=87.03% | val_loss=0.4008 val_acc=85.60% | lr=3.000000e-06
Epoch 135/301 | train_loss=0.4976 train_acc=87.06% | val_loss=0.3999 val_acc=85.68% | lr=3.000000e-06
Saved new best model to /tmp/bow_mlp_imdb_y2pnbyz_.pt
Epoch 136/301 | train_loss=0.4962 train_acc=87.06% | val_loss=0.3990 val_acc=85.60% | lr=3.000000e-06
Epoch 137/301 | train_loss=0.4948 train_acc=87.11% | val_loss=0.3981 val_acc=85.64% | lr=3.000000e-06
Epoch 138/301 | train_loss=0.4935 train_acc=87.09% | val_loss=0.3972 val_acc=85.62% | lr=3.000000e-06
Epoch 139/301 | train_loss=0.4921 train_acc=87.11% | val_loss=0.3964 val_acc=85.70% | lr=3.000000e-06
Saved new best model to /tmp/bow_mlp_imdb_y2pnbyz_.pt
Epoch 140/301 | train_loss=0.4907 train_acc=87.14% | val_loss=0.3955 val_acc=85.70% | lr=3.000000e-06
Epoch 141/301 | train_loss=0.4894 train_acc=87.14% | val_loss=0.3947 val_acc=85.74% | lr=3.000000e-06
Saved new best model to /tmp/bow_mlp_imdb_y2pnbyz_.pt
Epoch 142/301 | train_loss=0.4880 train_acc=87.18% | val_loss=0.3939 val_acc=85.78% | lr=3.000000e-06
Saved new best model to /tmp/bow_mlp_imdb_y2pnbyz_.pt
Epoch 143/301 | train_loss=0.4867 train_acc=87.23% | val_loss=0.3931 val_acc=85.78% | lr=3.000000e-06
Epoch 144/301 | train_loss=0.4855 train_acc=87.26% | val_loss=0.3922 val_acc=85.78% | lr=3.000000e-06
Epoch 145/301 | train_loss=0.4842 train_acc=87.27% | val_loss=0.3914 val_acc=85.76% | lr=3.000000e-06
Epoch 146/301 | train_loss=0.4829 train_acc=87.33% | val_loss=0.3907 val_acc=85.86% | lr=3.000000e-06
Saved new best model to /tmp/bow_mlp_imdb_y2pnbyz_.pt
Epoch 147/301 | train_loss=0.4817 train_acc=87.33% | val_loss=0.3899 val_acc=85.80% | lr=3.000000e-06
Epoch 148/301 | train_loss=0.4804 train_acc=87.39% | val_loss=0.3891 val_acc=85.88% | lr=3.000000e-06
Saved new best model to /tmp/bow_mlp_imdb_y2pnbyz_.pt
Epoch 149/301 | train_loss=0.4792 train_acc=87.38% | val_loss=0.3884 val_acc=85.90% | lr=3.000000e-06
Saved new best model to /tmp/bow_mlp_imdb_y2pnbyz_.pt
Epoch 150/301 | train_loss=0.4780 train_acc=87.42% | val_loss=0.3876 val_acc=85.92% | lr=3.000000e-06
Saved new best model to /tmp/bow_mlp_imdb_y2pnbyz_.pt
Epoch 151/301 | train_loss=0.4768 train_acc=87.41% | val_loss=0.3868 val_acc=85.90% | lr=3.000000e-06
Epoch 152/301 | train_loss=0.4756 train_acc=87.48% | val_loss=0.3861 val_acc=85.92% | lr=3.000000e-06
Epoch 153/301 | train_loss=0.4744 train_acc=87.45% | val_loss=0.3854 val_acc=85.96% | lr=3.000000e-06
Saved new best model to /tmp/bow_mlp_imdb_y2pnbyz_.pt
Epoch 154/301 | train_loss=0.4733 train_acc=87.50% | val_loss=0.3847 val_acc=85.96% | lr=3.000000e-06
Epoch 155/301 | train_loss=0.4721 train_acc=87.53% | val_loss=0.3840 val_acc=85.98% | lr=3.000000e-06
Saved new best model to /tmp/bow_mlp_imdb_y2pnbyz_.pt
Epoch 156/301 | train_loss=0.4709 train_acc=87.56% | val_loss=0.3832 val_acc=85.96% | lr=3.000000e-06
Epoch 157/301 | train_loss=0.4698 train_acc=87.55% | val_loss=0.3826 val_acc=86.00% | lr=3.000000e-06
Saved new best model to /tmp/bow_mlp_imdb_y2pnbyz_.pt
Epoch 158/301 | train_loss=0.4687 train_acc=87.55% | val_loss=0.3819 val_acc=86.02% | lr=3.000000e-06
Saved new best model to /tmp/bow_mlp_imdb_y2pnbyz_.pt
Epoch 159/301 | train_loss=0.4676 train_acc=87.59% | val_loss=0.3812 val_acc=85.96% | lr=3.000000e-06
Epoch 160/301 | train_loss=0.4665 train_acc=87.59% | val_loss=0.3806 val_acc=86.04% | lr=3.000000e-06
Saved new best model to /tmp/bow_mlp_imdb_y2pnbyz_.pt
Epoch 161/301 | train_loss=0.4654 train_acc=87.64% | val_loss=0.3799 val_acc=86.04% | lr=3.000000e-06
Epoch 162/301 | train_loss=0.4643 train_acc=87.62% | val_loss=0.3792 val_acc=86.04% | lr=3.000000e-06
Epoch 163/301 | train_loss=0.4632 train_acc=87.67% | val_loss=0.3786 val_acc=86.08% | lr=3.000000e-06
Saved new best model to /tmp/bow_mlp_imdb_y2pnbyz_.pt
Epoch 164/301 | train_loss=0.4622 train_acc=87.70% | val_loss=0.3779 val_acc=86.08% | lr=3.000000e-06
Epoch 165/301 | train_loss=0.4611 train_acc=87.70% | val_loss=0.3773 val_acc=86.14% | lr=3.000000e-06
Saved new best model to /tmp/bow_mlp_imdb_y2pnbyz_.pt
Epoch 166/301 | train_loss=0.4601 train_acc=87.66% | val_loss=0.3767 val_acc=85.98% | lr=3.000000e-06
Epoch 167/301 | train_loss=0.4590 train_acc=87.74% | val_loss=0.3761 val_acc=86.06% | lr=3.000000e-06
Epoch 168/301 | train_loss=0.4580 train_acc=87.73% | val_loss=0.3754 val_acc=86.12% | lr=3.000000e-06
Epoch 169/301 | train_loss=0.4570 train_acc=87.80% | val_loss=0.3749 val_acc=85.98% | lr=3.000000e-06
Epoch 170/301 | train_loss=0.4560 train_acc=87.77% | val_loss=0.3743 val_acc=86.02% | lr=3.000000e-06
Epoch 171/301 | train_loss=0.4550 train_acc=87.82% | val_loss=0.3737 val_acc=86.06% | lr=3.000000e-06
Epoch 172/301 | train_loss=0.4540 train_acc=87.84% | val_loss=0.3731 val_acc=86.06% | lr=3.000000e-06
Epoch 173/301 | train_loss=0.4530 train_acc=87.85% | val_loss=0.3725 val_acc=86.18% | lr=3.000000e-06
Saved new best model to /tmp/bow_mlp_imdb_y2pnbyz_.pt
Epoch 174/301 | train_loss=0.4520 train_acc=87.95% | val_loss=0.3719 val_acc=86.32% | lr=3.000000e-06
Saved new best model to /tmp/bow_mlp_imdb_y2pnbyz_.pt
Epoch 175/301 | train_loss=0.4511 train_acc=87.87% | val_loss=0.3714 val_acc=86.14% | lr=3.000000e-06
Epoch 176/301 | train_loss=0.4501 train_acc=87.88% | val_loss=0.3708 val_acc=86.16% | lr=3.000000e-06
Epoch 177/301 | train_loss=0.4492 train_acc=87.88% | val_loss=0.3702 val_acc=86.26% | lr=3.000000e-06
Epoch 178/301 | train_loss=0.4483 train_acc=87.94% | val_loss=0.3697 val_acc=86.24% | lr=3.000000e-06
Epoch 179/301 | train_loss=0.4473 train_acc=87.92% | val_loss=0.3691 val_acc=86.32% | lr=3.000000e-06
Epoch 180/301 | train_loss=0.4464 train_acc=87.98% | val_loss=0.3686 val_acc=86.30% | lr=3.000000e-06
Epoch 181/301 | train_loss=0.4455 train_acc=88.02% | val_loss=0.3681 val_acc=86.32% | lr=3.000000e-06
Epoch 182/301 | train_loss=0.4446 train_acc=88.00% | val_loss=0.3675 val_acc=86.30% | lr=3.000000e-06
Epoch 183/301 | train_loss=0.4437 train_acc=88.06% | val_loss=0.3671 val_acc=86.24% | lr=3.000000e-06
Epoch 184/301 | train_loss=0.4428 train_acc=88.06% | val_loss=0.3665 val_acc=86.36% | lr=3.000000e-06
Saved new best model to /tmp/bow_mlp_imdb_y2pnbyz_.pt
Epoch 185/301 | train_loss=0.4419 train_acc=88.05% | val_loss=0.3660 val_acc=86.34% | lr=3.000000e-06
Epoch 186/301 | train_loss=0.4411 train_acc=88.11% | val_loss=0.3655 val_acc=86.30% | lr=3.000000e-06
Epoch 187/301 | train_loss=0.4402 train_acc=88.11% | val_loss=0.3650 val_acc=86.28% | lr=3.000000e-06
Epoch 188/301 | train_loss=0.4394 train_acc=88.14% | val_loss=0.3645 val_acc=86.34% | lr=3.000000e-06
Epoch 189/301 | train_loss=0.4385 train_acc=88.16% | val_loss=0.3640 val_acc=86.32% | lr=3.000000e-06
Epoch 190/301 | train_loss=0.4376 train_acc=88.16% | val_loss=0.3635 val_acc=86.32% | lr=3.000000e-06
Epoch 191/301 | train_loss=0.4368 train_acc=88.20% | val_loss=0.3631 val_acc=86.36% | lr=3.000000e-06
Epoch 192/301 | train_loss=0.4360 train_acc=88.22% | val_loss=0.3626 val_acc=86.34% | lr=3.000000e-06
Epoch 193/301 | train_loss=0.4351 train_acc=88.22% | val_loss=0.3621 val_acc=86.34% | lr=3.000000e-06
Epoch 194/301 | train_loss=0.4343 train_acc=88.24% | val_loss=0.3617 val_acc=86.34% | lr=3.000000e-06
Epoch 195/301 | train_loss=0.4335 train_acc=88.27% | val_loss=0.3612 val_acc=86.30% | lr=3.000000e-06
Epoch 196/301 | train_loss=0.4327 train_acc=88.28% | val_loss=0.3607 val_acc=86.32% | lr=3.000000e-06
Epoch 197/301 | train_loss=0.4319 train_acc=88.28% | val_loss=0.3603 val_acc=86.30% | lr=3.000000e-06
Epoch 198/301 | train_loss=0.4311 train_acc=88.33% | val_loss=0.3598 val_acc=86.26% | lr=3.000000e-06
Epoch 199/301 | train_loss=0.4303 train_acc=88.32% | val_loss=0.3594 val_acc=86.22% | lr=3.000000e-06
Epoch 200/301 | train_loss=0.4296 train_acc=88.35% | val_loss=0.3589 val_acc=86.30% | lr=3.000000e-06
Epoch 201/301 | train_loss=0.4287 train_acc=88.33% | val_loss=0.3586 val_acc=86.40% | lr=3.000000e-06
Saved new best model to /tmp/bow_mlp_imdb_y2pnbyz_.pt
Epoch 202/301 | train_loss=0.4280 train_acc=88.37% | val_loss=0.3581 val_acc=86.36% | lr=3.000000e-06
Epoch 203/301 | train_loss=0.4272 train_acc=88.39% | val_loss=0.3577 val_acc=86.38% | lr=3.000000e-06
Epoch 204/301 | train_loss=0.4265 train_acc=88.38% | val_loss=0.3573 val_acc=86.38% | lr=3.000000e-06
Epoch 205/301 | train_loss=0.4257 train_acc=88.35% | val_loss=0.3568 val_acc=86.34% | lr=3.000000e-06
Epoch 206/301 | train_loss=0.4250 train_acc=88.38% | val_loss=0.3564 val_acc=86.36% | lr=3.000000e-06
Epoch 207/301 | train_loss=0.4242 train_acc=88.39% | val_loss=0.3560 val_acc=86.36% | lr=3.000000e-06
Epoch 208/301 | train_loss=0.4235 train_acc=88.41% | val_loss=0.3556 val_acc=86.32% | lr=3.000000e-06
Epoch 209/301 | train_loss=0.4227 train_acc=88.41% | val_loss=0.3552 val_acc=86.46% | lr=3.000000e-06
Saved new best model to /tmp/bow_mlp_imdb_y2pnbyz_.pt
Epoch 210/301 | train_loss=0.4220 train_acc=88.39% | val_loss=0.3549 val_acc=86.40% | lr=3.000000e-06
Epoch 211/301 | train_loss=0.4213 train_acc=88.44% | val_loss=0.3544 val_acc=86.38% | lr=3.000000e-06
Epoch 212/301 | train_loss=0.4206 train_acc=88.38% | val_loss=0.3540 val_acc=86.42% | lr=3.000000e-06
Epoch 213/301 | train_loss=0.4199 train_acc=88.42% | val_loss=0.3536 val_acc=86.42% | lr=3.000000e-06
Epoch 214/301 | train_loss=0.4192 train_acc=88.42% | val_loss=0.3533 val_acc=86.38% | lr=3.000000e-06
Epoch 215/301 | train_loss=0.4185 train_acc=88.41% | val_loss=0.3529 val_acc=86.44% | lr=3.000000e-06
Epoch 216/301 | train_loss=0.4178 train_acc=88.41% | val_loss=0.3525 val_acc=86.42% | lr=3.000000e-06
Epoch 217/301 | train_loss=0.4171 train_acc=88.42% | val_loss=0.3521 val_acc=86.44% | lr=3.000000e-06
Epoch 218/301 | train_loss=0.4164 train_acc=88.39% | val_loss=0.3518 val_acc=86.48% | lr=3.000000e-06
Saved new best model to /tmp/bow_mlp_imdb_y2pnbyz_.pt
Epoch 219/301 | train_loss=0.4157 train_acc=88.44% | val_loss=0.3514 val_acc=86.48% | lr=3.000000e-06
Epoch 220/301 | train_loss=0.4150 train_acc=88.44% | val_loss=0.3511 val_acc=86.48% | lr=3.000000e-06
Epoch 221/301 | train_loss=0.4144 train_acc=88.46% | val_loss=0.3507 val_acc=86.54% | lr=3.000000e-06
Saved new best model to /tmp/bow_mlp_imdb_y2pnbyz_.pt
Epoch 222/301 | train_loss=0.4137 train_acc=88.48% | val_loss=0.3504 val_acc=86.52% | lr=3.000000e-06
Epoch 223/301 | train_loss=0.4130 train_acc=88.49% | val_loss=0.3500 val_acc=86.48% | lr=3.000000e-06
Epoch 224/301 | train_loss=0.4124 train_acc=88.47% | val_loss=0.3496 val_acc=86.46% | lr=3.000000e-06
Epoch 225/301 | train_loss=0.4117 train_acc=88.51% | val_loss=0.3493 val_acc=86.44% | lr=3.000000e-06
Epoch 226/301 | train_loss=0.4111 train_acc=88.48% | val_loss=0.3489 val_acc=86.44% | lr=3.000000e-06
Epoch 227/301 | train_loss=0.4105 train_acc=88.52% | val_loss=0.3486 val_acc=86.44% | lr=3.000000e-06
Epoch 228/301 | train_loss=0.4098 train_acc=88.52% | val_loss=0.3483 val_acc=86.40% | lr=3.000000e-06
Epoch 229/301 | train_loss=0.4092 train_acc=88.54% | val_loss=0.3480 val_acc=86.48% | lr=3.000000e-06
Epoch 230/301 | train_loss=0.4086 train_acc=88.52% | val_loss=0.3476 val_acc=86.44% | lr=3.000000e-06
Epoch 231/301 | train_loss=0.4079 train_acc=88.55% | val_loss=0.3473 val_acc=86.52% | lr=3.000000e-06
Epoch 232/301 | train_loss=0.4073 train_acc=88.58% | val_loss=0.3470 val_acc=86.46% | lr=3.000000e-06
Epoch 233/301 | train_loss=0.4067 train_acc=88.59% | val_loss=0.3467 val_acc=86.50% | lr=3.000000e-06
Epoch 234/301 | train_loss=0.4061 train_acc=88.59% | val_loss=0.3463 val_acc=86.50% | lr=3.000000e-06
Epoch 235/301 | train_loss=0.4054 train_acc=88.62% | val_loss=0.3460 val_acc=86.52% | lr=3.000000e-06
Epoch 236/301 | train_loss=0.4048 train_acc=88.63% | val_loss=0.3457 val_acc=86.48% | lr=3.000000e-06
Epoch 237/301 | train_loss=0.4042 train_acc=88.63% | val_loss=0.3454 val_acc=86.38% | lr=3.000000e-06
Epoch 238/301 | train_loss=0.4036 train_acc=88.67% | val_loss=0.3451 val_acc=86.40% | lr=3.000000e-06
Epoch 239/301 | train_loss=0.4030 train_acc=88.65% | val_loss=0.3448 val_acc=86.48% | lr=3.000000e-06
Epoch 240/301 | train_loss=0.4024 train_acc=88.68% | val_loss=0.3445 val_acc=86.56% | lr=3.000000e-06
Saved new best model to /tmp/bow_mlp_imdb_y2pnbyz_.pt
Epoch 241/301 | train_loss=0.4019 train_acc=88.67% | val_loss=0.3442 val_acc=86.48% | lr=3.000000e-06
Epoch 242/301 | train_loss=0.4013 train_acc=88.68% | val_loss=0.3439 val_acc=86.44% | lr=3.000000e-06
Epoch 243/301 | train_loss=0.4007 train_acc=88.66% | val_loss=0.3436 val_acc=86.46% | lr=3.000000e-06
Epoch 244/301 | train_loss=0.4001 train_acc=88.70% | val_loss=0.3433 val_acc=86.42% | lr=3.000000e-06
Epoch 245/301 | train_loss=0.3996 train_acc=88.72% | val_loss=0.3430 val_acc=86.44% | lr=3.000000e-06
Epoch 246/301 | train_loss=0.3990 train_acc=88.75% | val_loss=0.3427 val_acc=86.52% | lr=3.000000e-06
Epoch 247/301 | train_loss=0.3984 train_acc=88.72% | val_loss=0.3424 val_acc=86.48% | lr=3.000000e-06
Epoch 248/301 | train_loss=0.3979 train_acc=88.77% | val_loss=0.3421 val_acc=86.46% | lr=3.000000e-06
Epoch 249/301 | train_loss=0.3973 train_acc=88.75% | val_loss=0.3419 val_acc=86.48% | lr=3.000000e-06
Epoch 250/301 | train_loss=0.3967 train_acc=88.77% | val_loss=0.3416 val_acc=86.52% | lr=3.000000e-06
Epoch 251/301 | train_loss=0.3962 train_acc=88.77% | val_loss=0.3413 val_acc=86.46% | lr=3.000000e-06
Epoch 252/301 | train_loss=0.3957 train_acc=88.79% | val_loss=0.3411 val_acc=86.50% | lr=3.000000e-06
Epoch 253/301 | train_loss=0.3951 train_acc=88.77% | val_loss=0.3408 val_acc=86.48% | lr=3.000000e-06
Epoch 254/301 | train_loss=0.3946 train_acc=88.80% | val_loss=0.3405 val_acc=86.48% | lr=3.000000e-06
Epoch 255/301 | train_loss=0.3940 train_acc=88.80% | val_loss=0.3403 val_acc=86.52% | lr=3.000000e-06
Epoch 256/301 | train_loss=0.3935 train_acc=88.85% | val_loss=0.3400 val_acc=86.48% | lr=3.000000e-06
Epoch 257/301 | train_loss=0.3929 train_acc=88.85% | val_loss=0.3397 val_acc=86.46% | lr=3.000000e-06
Epoch 258/301 | train_loss=0.3924 train_acc=88.81% | val_loss=0.3394 val_acc=86.44% | lr=3.000000e-06
Epoch 259/301 | train_loss=0.3919 train_acc=88.83% | val_loss=0.3392 val_acc=86.52% | lr=3.000000e-06
Epoch 260/301 | train_loss=0.3914 train_acc=88.89% | val_loss=0.3389 val_acc=86.46% | lr=3.000000e-06
Epoch 261/301 | train_loss=0.3909 train_acc=88.91% | val_loss=0.3387 val_acc=86.50% | lr=3.000000e-06
Epoch 262/301 | train_loss=0.3903 train_acc=88.89% | val_loss=0.3384 val_acc=86.46% | lr=3.000000e-06
Epoch 263/301 | train_loss=0.3898 train_acc=88.89% | val_loss=0.3382 val_acc=86.50% | lr=3.000000e-06
Epoch 264/301 | train_loss=0.3893 train_acc=88.91% | val_loss=0.3379 val_acc=86.50% | lr=3.000000e-06
Epoch 265/301 | train_loss=0.3888 train_acc=88.92% | val_loss=0.3377 val_acc=86.48% | lr=3.000000e-06
Epoch 266/301 | train_loss=0.3883 train_acc=88.95% | val_loss=0.3375 val_acc=86.52% | lr=3.000000e-06
Epoch 267/301 | train_loss=0.3878 train_acc=88.91% | val_loss=0.3372 val_acc=86.46% | lr=3.000000e-06
Epoch 268/301 | train_loss=0.3873 train_acc=88.98% | val_loss=0.3370 val_acc=86.50% | lr=3.000000e-06
Epoch 269/301 | train_loss=0.3868 train_acc=88.98% | val_loss=0.3368 val_acc=86.46% | lr=3.000000e-06
Epoch 270/301 | train_loss=0.3863 train_acc=88.96% | val_loss=0.3365 val_acc=86.50% | lr=3.000000e-06
Epoch 271/301 | train_loss=0.3858 train_acc=88.98% | val_loss=0.3363 val_acc=86.50% | lr=3.000000e-06
Epoch 272/301 | train_loss=0.3853 train_acc=89.00% | val_loss=0.3361 val_acc=86.50% | lr=3.000000e-06
Epoch 273/301 | train_loss=0.3849 train_acc=89.03% | val_loss=0.3359 val_acc=86.52% | lr=3.000000e-06
Epoch 274/301 | train_loss=0.3844 train_acc=89.02% | val_loss=0.3356 val_acc=86.50% | lr=3.000000e-06
Epoch 275/301 | train_loss=0.3839 train_acc=89.05% | val_loss=0.3354 val_acc=86.54% | lr=3.000000e-06
Epoch 276/301 | train_loss=0.3834 train_acc=89.05% | val_loss=0.3352 val_acc=86.50% | lr=3.000000e-06
Epoch 277/301 | train_loss=0.3829 train_acc=89.08% | val_loss=0.3350 val_acc=86.54% | lr=3.000000e-06
Epoch 278/301 | train_loss=0.3825 train_acc=89.10% | val_loss=0.3347 val_acc=86.54% | lr=3.000000e-06
Epoch 279/301 | train_loss=0.3820 train_acc=89.12% | val_loss=0.3346 val_acc=86.52% | lr=3.000000e-06
Epoch 280/301 | train_loss=0.3815 train_acc=89.09% | val_loss=0.3343 val_acc=86.56% | lr=3.000000e-06
Epoch 281/301 | train_loss=0.3811 train_acc=89.13% | val_loss=0.3341 val_acc=86.58% | lr=3.000000e-06
Saved new best model to /tmp/bow_mlp_imdb_y2pnbyz_.pt
Epoch 282/301 | train_loss=0.3806 train_acc=89.11% | val_loss=0.3339 val_acc=86.62% | lr=3.000000e-06
Saved new best model to /tmp/bow_mlp_imdb_y2pnbyz_.pt
Epoch 283/301 | train_loss=0.3802 train_acc=89.16% | val_loss=0.3338 val_acc=86.46% | lr=3.000000e-06
Epoch 284/301 | train_loss=0.3797 train_acc=89.12% | val_loss=0.3335 val_acc=86.48% | lr=3.000000e-06
Epoch 285/301 | train_loss=0.3793 train_acc=89.17% | val_loss=0.3333 val_acc=86.56% | lr=3.000000e-06
Epoch 286/301 | train_loss=0.3788 train_acc=89.18% | val_loss=0.3331 val_acc=86.60% | lr=3.000000e-06
Epoch 287/301 | train_loss=0.3784 train_acc=89.20% | val_loss=0.3329 val_acc=86.58% | lr=3.000000e-06
Epoch 288/301 | train_loss=0.3779 train_acc=89.24% | val_loss=0.3327 val_acc=86.52% | lr=3.000000e-06
Epoch 289/301 | train_loss=0.3775 train_acc=89.20% | val_loss=0.3325 val_acc=86.58% | lr=3.000000e-06
Epoch 290/301 | train_loss=0.3771 train_acc=89.20% | val_loss=0.3323 val_acc=86.62% | lr=3.000000e-06
Epoch 291/301 | train_loss=0.3766 train_acc=89.23% | val_loss=0.3321 val_acc=86.62% | lr=3.000000e-06
Epoch 292/301 | train_loss=0.3762 train_acc=89.27% | val_loss=0.3319 val_acc=86.62% | lr=3.000000e-06
Epoch 293/301 | train_loss=0.3758 train_acc=89.25% | val_loss=0.3318 val_acc=86.66% | lr=3.000000e-06
Saved new best model to /tmp/bow_mlp_imdb_y2pnbyz_.pt
Epoch 294/301 | train_loss=0.3753 train_acc=89.25% | val_loss=0.3315 val_acc=86.66% | lr=3.000000e-06
Epoch 295/301 | train_loss=0.3749 train_acc=89.25% | val_loss=0.3314 val_acc=86.68% | lr=3.000000e-06
Saved new best model to /tmp/bow_mlp_imdb_y2pnbyz_.pt
Epoch 296/301 | train_loss=0.3745 train_acc=89.25% | val_loss=0.3312 val_acc=86.70% | lr=3.000000e-06
Saved new best model to /tmp/bow_mlp_imdb_y2pnbyz_.pt
Epoch 297/301 | train_loss=0.3741 train_acc=89.28% | val_loss=0.3310 val_acc=86.70% | lr=3.000000e-06
Epoch 298/301 | train_loss=0.3736 train_acc=89.28% | val_loss=0.3308 val_acc=86.72% | lr=3.000000e-06
Saved new best model to /tmp/bow_mlp_imdb_y2pnbyz_.pt
Epoch 299/301 | train_loss=0.3732 train_acc=89.29% | val_loss=0.3306 val_acc=86.76% | lr=3.000000e-06
Saved new best model to /tmp/bow_mlp_imdb_y2pnbyz_.pt
Epoch 300/301 | train_loss=0.3728 train_acc=89.29% | val_loss=0.3305 val_acc=86.78% | lr=3.000000e-06
Saved new best model to /tmp/bow_mlp_imdb_y2pnbyz_.pt
Epoch 301/301 | train_loss=0.3724 train_acc=89.31% | val_loss=0.3302 val_acc=86.72% | lr=3.000000e-06
Epoch 302/301 | train_loss=0.3720 train_acc=89.30% | val_loss=0.3301 val_acc=86.80% | lr=3.000000e-06
Saved new best model to /tmp/bow_mlp_imdb_y2pnbyz_.pt
Epoch 303/301 | train_loss=0.3716 train_acc=89.33% | val_loss=0.3299 val_acc=86.86% | lr=3.000000e-06
Saved new best model to /tmp/bow_mlp_imdb_y2pnbyz_.pt
Epoch 304/301 | train_loss=0.3712 train_acc=89.34% | val_loss=0.3297 val_acc=86.78% | lr=3.000000e-06
Epoch 305/301 | train_loss=0.3707 train_acc=89.31% | val_loss=0.3295 val_acc=86.74% | lr=3.000000e-06
Epoch 306/301 | train_loss=0.3703 train_acc=89.34% | val_loss=0.3294 val_acc=86.80% | lr=3.000000e-06
Epoch 307/301 | train_loss=0.3699 train_acc=89.32% | val_loss=0.3292 val_acc=86.80% | lr=3.000000e-06
Epoch 308/301 | train_loss=0.3695 train_acc=89.33% | val_loss=0.3290 val_acc=86.86% | lr=3.000000e-06
Epoch 309/301 | train_loss=0.3691 train_acc=89.38% | val_loss=0.3289 val_acc=86.88% | lr=3.000000e-06
Saved new best model to /tmp/bow_mlp_imdb_y2pnbyz_.pt
Epoch 310/301 | train_loss=0.3687 train_acc=89.34% | val_loss=0.3287 val_acc=86.80% | lr=3.000000e-06
Epoch 311/301 | train_loss=0.3683 train_acc=89.38% | val_loss=0.3286 val_acc=86.82% | lr=3.000000e-06
Epoch 312/301 | train_loss=0.3680 train_acc=89.38% | val_loss=0.3284 val_acc=86.82% | lr=3.000000e-06
Epoch 313/301 | train_loss=0.3676 train_acc=89.38% | val_loss=0.3282 val_acc=86.76% | lr=3.000000e-06
Epoch 314/301 | train_loss=0.3672 train_acc=89.42% | val_loss=0.3280 val_acc=86.80% | lr=3.000000e-06
Epoch 315/301 | train_loss=0.3668 train_acc=89.41% | val_loss=0.3279 val_acc=86.84% | lr=3.000000e-06
Epoch 316/301 | train_loss=0.3664 train_acc=89.39% | val_loss=0.3277 val_acc=86.82% | lr=3.000000e-06
Epoch 317/301 | train_loss=0.3660 train_acc=89.40% | val_loss=0.3276 val_acc=86.82% | lr=3.000000e-06
Epoch 318/301 | train_loss=0.3656 train_acc=89.38% | val_loss=0.3274 val_acc=86.76% | lr=3.000000e-06
Epoch 319/301 | train_loss=0.3653 train_acc=89.42% | val_loss=0.3272 val_acc=86.74% | lr=3.000000e-06
Epoch 320/301 | train_loss=0.3649 train_acc=89.45% | val_loss=0.3271 val_acc=86.84% | lr=3.000000e-06
Epoch 321/301 | train_loss=0.3645 train_acc=89.45% | val_loss=0.3269 val_acc=86.86% | lr=3.000000e-06
Epoch 322/301 | train_loss=0.3642 train_acc=89.45% | val_loss=0.3268 val_acc=86.84% | lr=3.000000e-06
Epoch 323/301 | train_loss=0.3638 train_acc=89.47% | val_loss=0.3267 val_acc=86.84% | lr=3.000000e-06
Epoch 324/301 | train_loss=0.3634 train_acc=89.46% | val_loss=0.3265 val_acc=86.82% | lr=3.000000e-06
Epoch 325/301 | train_loss=0.3631 train_acc=89.46% | val_loss=0.3264 val_acc=86.84% | lr=3.000000e-06
Epoch 326/301 | train_loss=0.3627 train_acc=89.45% | val_loss=0.3262 val_acc=86.78% | lr=3.000000e-06
Epoch 327/301 | train_loss=0.3623 train_acc=89.46% | val_loss=0.3261 val_acc=86.80% | lr=3.000000e-06
Epoch 328/301 | train_loss=0.3620 train_acc=89.48% | val_loss=0.3259 val_acc=86.82% | lr=3.000000e-06
Epoch 329/301 | train_loss=0.3616 train_acc=89.48% | val_loss=0.3258 val_acc=86.82% | lr=3.000000e-06
Epoch 330/301 | train_loss=0.3612 train_acc=89.46% | val_loss=0.3257 val_acc=86.84% | lr=3.000000e-06
Epoch 331/301 | train_loss=0.3609 train_acc=89.49% | val_loss=0.3255 val_acc=86.84% | lr=3.000000e-06
Epoch 332/301 | train_loss=0.3605 train_acc=89.48% | val_loss=0.3254 val_acc=86.88% | lr=3.000000e-06
Epoch 333/301 | train_loss=0.3602 train_acc=89.50% | val_loss=0.3252 val_acc=86.84% | lr=3.000000e-06
Epoch 334/301 | train_loss=0.3598 train_acc=89.48% | val_loss=0.3251 val_acc=86.90% | lr=3.000000e-06
Saved new best model to /tmp/bow_mlp_imdb_y2pnbyz_.pt
Epoch 335/301 | train_loss=0.3595 train_acc=89.49% | val_loss=0.3250 val_acc=86.90% | lr=3.000000e-06
Epoch 336/301 | train_loss=0.3591 train_acc=89.50% | val_loss=0.3249 val_acc=86.80% | lr=3.000000e-06
Epoch 337/301 | train_loss=0.3588 train_acc=89.53% | val_loss=0.3247 val_acc=86.88% | lr=3.000000e-06
Epoch 338/301 | train_loss=0.3584 train_acc=89.55% | val_loss=0.3246 val_acc=86.92% | lr=3.000000e-06
Saved new best model to /tmp/bow_mlp_imdb_y2pnbyz_.pt
Epoch 339/301 | train_loss=0.3581 train_acc=89.54% | val_loss=0.3245 val_acc=86.90% | lr=3.000000e-06
Epoch 340/301 | train_loss=0.3577 train_acc=89.53% | val_loss=0.3243 val_acc=86.90% | lr=3.000000e-06
Epoch 341/301 | train_loss=0.3574 train_acc=89.50% | val_loss=0.3242 val_acc=86.88% | lr=3.000000e-06
Epoch 342/301 | train_loss=0.3570 train_acc=89.53% | val_loss=0.3240 val_acc=86.98% | lr=3.000000e-06
Saved new best model to /tmp/bow_mlp_imdb_y2pnbyz_.pt
Epoch 343/301 | train_loss=0.3567 train_acc=89.53% | val_loss=0.3239 val_acc=86.88% | lr=3.000000e-06
Epoch 344/301 | train_loss=0.3564 train_acc=89.53% | val_loss=0.3238 val_acc=86.98% | lr=3.000000e-06
Epoch 345/301 | train_loss=0.3560 train_acc=89.56% | val_loss=0.3237 val_acc=86.90% | lr=3.000000e-06
Epoch 346/301 | train_loss=0.3557 train_acc=89.53% | val_loss=0.3236 val_acc=86.92% | lr=3.000000e-06
Epoch 347/301 | train_loss=0.3554 train_acc=89.58% | val_loss=0.3234 val_acc=86.98% | lr=3.000000e-06
Epoch 348/301 | train_loss=0.3550 train_acc=89.59% | val_loss=0.3233 val_acc=86.98% | lr=3.000000e-06
Epoch 349/301 | train_loss=0.3547 train_acc=89.60% | val_loss=0.3232 val_acc=86.94% | lr=3.000000e-06
Epoch 350/301 | train_loss=0.3544 train_acc=89.60% | val_loss=0.3231 val_acc=86.96% | lr=3.000000e-06
Epoch 351/301 | train_loss=0.3541 train_acc=89.63% | val_loss=0.3230 val_acc=86.94% | lr=3.000000e-06
Epoch 352/301 | train_loss=0.3537 train_acc=89.63% | val_loss=0.3229 val_acc=86.90% | lr=3.000000e-06
Epoch 353/301 | train_loss=0.3534 train_acc=89.64% | val_loss=0.3227 val_acc=86.94% | lr=3.000000e-06
Epoch 354/301 | train_loss=0.3531 train_acc=89.66% | val_loss=0.3226 val_acc=86.96% | lr=3.000000e-06
Epoch 355/301 | train_loss=0.3528 train_acc=89.64% | val_loss=0.3225 val_acc=86.96% | lr=3.000000e-06
Epoch 356/301 | train_loss=0.3524 train_acc=89.65% | val_loss=0.3224 val_acc=86.94% | lr=3.000000e-06
Epoch 357/301 | train_loss=0.3521 train_acc=89.66% | val_loss=0.3223 val_acc=87.00% | lr=3.000000e-06
Saved new best model to /tmp/bow_mlp_imdb_y2pnbyz_.pt
Epoch 358/301 | train_loss=0.3518 train_acc=89.66% | val_loss=0.3222 val_acc=87.00% | lr=3.000000e-06
Epoch 359/301 | train_loss=0.3515 train_acc=89.66% | val_loss=0.3221 val_acc=86.90% | lr=3.000000e-06
Epoch 360/301 | train_loss=0.3512 train_acc=89.72% | val_loss=0.3220 val_acc=86.90% | lr=3.000000e-06
Epoch 361/301 | train_loss=0.3509 train_acc=89.72% | val_loss=0.3219 val_acc=86.92% | lr=3.000000e-06
Epoch 362/301 | train_loss=0.3505 train_acc=89.68% | val_loss=0.3217 val_acc=86.96% | lr=3.000000e-06
Epoch 363/301 | train_loss=0.3502 train_acc=89.70% | val_loss=0.3216 val_acc=86.96% | lr=3.000000e-06
Epoch 364/301 | train_loss=0.3499 train_acc=89.71% | val_loss=0.3215 val_acc=86.92% | lr=3.000000e-06
Epoch 365/301 | train_loss=0.3496 train_acc=89.71% | val_loss=0.3214 val_acc=86.92% | lr=3.000000e-06
Epoch 366/301 | train_loss=0.3493 train_acc=89.72% | val_loss=0.3213 val_acc=86.88% | lr=3.000000e-06
Epoch 367/301 | train_loss=0.3490 train_acc=89.78% | val_loss=0.3212 val_acc=86.98% | lr=3.000000e-06
Epoch 368/301 | train_loss=0.3487 train_acc=89.75% | val_loss=0.3211 val_acc=86.94% | lr=3.000000e-06
Epoch 369/301 | train_loss=0.3484 train_acc=89.80% | val_loss=0.3210 val_acc=86.90% | lr=3.000000e-06
Epoch 370/301 | train_loss=0.3481 train_acc=89.77% | val_loss=0.3209 val_acc=86.94% | lr=3.000000e-06
Epoch 371/301 | train_loss=0.3478 train_acc=89.80% | val_loss=0.3208 val_acc=86.88% | lr=3.000000e-06
Epoch 372/301 | train_loss=0.3475 train_acc=89.77% | val_loss=0.3207 val_acc=86.88% | lr=3.000000e-06
Epoch 373/301 | train_loss=0.3472 train_acc=89.82% | val_loss=0.3206 val_acc=86.94% | lr=3.000000e-06
Epoch 374/301 | train_loss=0.3469 train_acc=89.80% | val_loss=0.3205 val_acc=86.90% | lr=3.000000e-06
Epoch 375/301 | train_loss=0.3466 train_acc=89.81% | val_loss=0.3204 val_acc=86.90% | lr=3.000000e-06
Epoch 376/301 | train_loss=0.3463 train_acc=89.83% | val_loss=0.3203 val_acc=86.88% | lr=3.000000e-06
Epoch 377/301 | train_loss=0.3460 train_acc=89.83% | val_loss=0.3202 val_acc=86.94% | lr=3.000000e-06
Epoch 378/301 | train_loss=0.3457 train_acc=89.81% | val_loss=0.3201 val_acc=86.98% | lr=3.000000e-06
Epoch 379/301 | train_loss=0.3454 train_acc=89.84% | val_loss=0.3200 val_acc=86.88% | lr=3.000000e-06
Epoch 380/301 | train_loss=0.3451 train_acc=89.84% | val_loss=0.3199 val_acc=86.96% | lr=3.000000e-06
Epoch 381/301 | train_loss=0.3449 train_acc=89.86% | val_loss=0.3199 val_acc=86.88% | lr=3.000000e-06
Epoch 382/301 | train_loss=0.3446 train_acc=89.87% | val_loss=0.3198 val_acc=86.90% | lr=3.000000e-06
Epoch 383/301 | train_loss=0.3443 train_acc=89.86% | val_loss=0.3197 val_acc=86.86% | lr=3.000000e-06
Epoch 384/301 | train_loss=0.3440 train_acc=89.89% | val_loss=0.3196 val_acc=86.88% | lr=3.000000e-06
Epoch 385/301 | train_loss=0.3437 train_acc=89.89% | val_loss=0.3195 val_acc=86.92% | lr=3.000000e-06
Epoch 386/301 | train_loss=0.3434 train_acc=89.89% | val_loss=0.3194 val_acc=86.94% | lr=3.000000e-06
Epoch 387/301 | train_loss=0.3432 train_acc=89.91% | val_loss=0.3193 val_acc=86.98% | lr=3.000000e-06
Epoch 388/301 | train_loss=0.3429 train_acc=89.89% | val_loss=0.3193 val_acc=86.92% | lr=3.000000e-06
Epoch 389/301 | train_loss=0.3426 train_acc=89.92% | val_loss=0.3191 val_acc=86.96% | lr=3.000000e-06
Epoch 390/301 | train_loss=0.3423 train_acc=89.92% | val_loss=0.3190 val_acc=86.98% | lr=3.000000e-06
Epoch 391/301 | train_loss=0.3420 train_acc=89.92% | val_loss=0.3190 val_acc=86.98% | lr=3.000000e-06
Epoch 392/301 | train_loss=0.3418 train_acc=89.94% | val_loss=0.3189 val_acc=86.96% | lr=3.000000e-06
Epoch 393/301 | train_loss=0.3415 train_acc=89.93% | val_loss=0.3188 val_acc=87.00% | lr=3.000000e-06
Epoch 394/301 | train_loss=0.3412 train_acc=89.92% | val_loss=0.3187 val_acc=87.00% | lr=3.000000e-06
Epoch 395/301 | train_loss=0.3409 train_acc=89.97% | val_loss=0.3186 val_acc=87.00% | lr=3.000000e-06
Epoch 396/301 | train_loss=0.3407 train_acc=89.97% | val_loss=0.3185 val_acc=87.02% | lr=3.000000e-06
Saved new best model to /tmp/bow_mlp_imdb_y2pnbyz_.pt
Epoch 397/301 | train_loss=0.3404 train_acc=89.98% | val_loss=0.3185 val_acc=87.00% | lr=3.000000e-06
Epoch 398/301 | train_loss=0.3401 train_acc=89.98% | val_loss=0.3184 val_acc=86.98% | lr=3.000000e-06
Epoch 399/301 | train_loss=0.3399 train_acc=89.97% | val_loss=0.3183 val_acc=86.98% | lr=3.000000e-06
Epoch 400/301 | train_loss=0.3396 train_acc=89.98% | val_loss=0.3182 val_acc=86.98% | lr=3.000000e-06
Test loss=0.3216 | Test accuracy=87.07%
