Loading IMDb dataset from local disk: /home/daniel/l/masteruppsats/np-reg/language/data/imdb_hf
Using device: cuda
BoW vocab size: 3125
Epoch 1/301 | train_loss=0.6994 train_acc=53.64% | val_loss=0.6609 val_acc=60.36% | lr=1.000000e-05
Saved new best model to /tmp/bow_mlp_imdb_as_ky1uu.pt
Epoch 2/301 | train_loss=0.6304 train_acc=65.11% | val_loss=0.6047 val_acc=69.38% | lr=1.000000e-05
Saved new best model to /tmp/bow_mlp_imdb_as_ky1uu.pt
Epoch 3/301 | train_loss=0.5771 train_acc=72.69% | val_loss=0.5523 val_acc=75.88% | lr=1.000000e-05
Saved new best model to /tmp/bow_mlp_imdb_as_ky1uu.pt
Epoch 4/301 | train_loss=0.5310 train_acc=77.33% | val_loss=0.5129 val_acc=79.30% | lr=1.000000e-05
Saved new best model to /tmp/bow_mlp_imdb_as_ky1uu.pt
Epoch 5/301 | train_loss=0.4983 train_acc=79.85% | val_loss=0.4871 val_acc=80.84% | lr=1.000000e-05
Saved new best model to /tmp/bow_mlp_imdb_as_ky1uu.pt
Epoch 6/301 | train_loss=0.4729 train_acc=81.75% | val_loss=0.4705 val_acc=82.10% | lr=1.000000e-05
Saved new best model to /tmp/bow_mlp_imdb_as_ky1uu.pt
Epoch 7/301 | train_loss=0.4492 train_acc=83.19% | val_loss=0.4556 val_acc=83.08% | lr=1.000000e-05
Saved new best model to /tmp/bow_mlp_imdb_as_ky1uu.pt
Epoch 8/301 | train_loss=0.4316 train_acc=84.16% | val_loss=0.4368 val_acc=83.56% | lr=1.000000e-05
Saved new best model to /tmp/bow_mlp_imdb_as_ky1uu.pt
Epoch 9/301 | train_loss=0.4165 train_acc=84.75% | val_loss=0.4261 val_acc=83.90% | lr=1.000000e-05
Saved new best model to /tmp/bow_mlp_imdb_as_ky1uu.pt
Epoch 10/301 | train_loss=0.4010 train_acc=85.51% | val_loss=0.4126 val_acc=84.54% | lr=1.000000e-05
Saved new best model to /tmp/bow_mlp_imdb_as_ky1uu.pt
Epoch 11/301 | train_loss=0.3863 train_acc=86.00% | val_loss=0.3957 val_acc=84.80% | lr=1.000000e-05
Saved new best model to /tmp/bow_mlp_imdb_as_ky1uu.pt
Epoch 12/301 | train_loss=0.3734 train_acc=86.59% | val_loss=0.3898 val_acc=85.16% | lr=1.000000e-05
Saved new best model to /tmp/bow_mlp_imdb_as_ky1uu.pt
Epoch 13/301 | train_loss=0.3626 train_acc=87.07% | val_loss=0.3802 val_acc=85.36% | lr=1.000000e-05
Saved new best model to /tmp/bow_mlp_imdb_as_ky1uu.pt
Epoch 14/301 | train_loss=0.3526 train_acc=87.56% | val_loss=0.3704 val_acc=85.48% | lr=1.000000e-05
Saved new best model to /tmp/bow_mlp_imdb_as_ky1uu.pt
Epoch 15/301 | train_loss=0.3414 train_acc=87.92% | val_loss=0.3640 val_acc=85.66% | lr=1.000000e-05
Saved new best model to /tmp/bow_mlp_imdb_as_ky1uu.pt
Epoch 16/301 | train_loss=0.3315 train_acc=88.27% | val_loss=0.3600 val_acc=85.76% | lr=1.000000e-05
Saved new best model to /tmp/bow_mlp_imdb_as_ky1uu.pt
Epoch 17/301 | train_loss=0.3235 train_acc=88.63% | val_loss=0.3517 val_acc=85.96% | lr=1.000000e-05
Saved new best model to /tmp/bow_mlp_imdb_as_ky1uu.pt
Epoch 18/301 | train_loss=0.3141 train_acc=88.97% | val_loss=0.3474 val_acc=86.20% | lr=1.000000e-05
Saved new best model to /tmp/bow_mlp_imdb_as_ky1uu.pt
Epoch 19/301 | train_loss=0.3067 train_acc=89.16% | val_loss=0.3462 val_acc=86.24% | lr=1.000000e-05
Saved new best model to /tmp/bow_mlp_imdb_as_ky1uu.pt
Epoch 20/301 | train_loss=0.3004 train_acc=89.17% | val_loss=0.3424 val_acc=85.86% | lr=1.000000e-05
Epoch 21/301 | train_loss=0.2932 train_acc=89.55% | val_loss=0.3379 val_acc=86.48% | lr=1.000000e-05
Saved new best model to /tmp/bow_mlp_imdb_as_ky1uu.pt
Epoch 22/301 | train_loss=0.2871 train_acc=89.78% | val_loss=0.3330 val_acc=86.54% | lr=1.000000e-05
Saved new best model to /tmp/bow_mlp_imdb_as_ky1uu.pt
Epoch 23/301 | train_loss=0.2810 train_acc=90.09% | val_loss=0.3334 val_acc=86.74% | lr=1.000000e-05
Saved new best model to /tmp/bow_mlp_imdb_as_ky1uu.pt
Epoch 24/301 | train_loss=0.2740 train_acc=90.44% | val_loss=0.3321 val_acc=86.54% | lr=1.000000e-05
Epoch 25/301 | train_loss=0.2664 train_acc=90.90% | val_loss=0.3277 val_acc=86.88% | lr=1.000000e-05
Saved new best model to /tmp/bow_mlp_imdb_as_ky1uu.pt
Epoch 26/301 | train_loss=0.2621 train_acc=90.87% | val_loss=0.3250 val_acc=86.52% | lr=1.000000e-05
Epoch 27/301 | train_loss=0.2587 train_acc=90.83% | val_loss=0.3245 val_acc=86.66% | lr=1.000000e-05
Epoch 28/301 | train_loss=0.2538 train_acc=91.00% | val_loss=0.3195 val_acc=86.96% | lr=1.000000e-05
Saved new best model to /tmp/bow_mlp_imdb_as_ky1uu.pt
Epoch 29/301 | train_loss=0.2446 train_acc=91.55% | val_loss=0.3192 val_acc=86.96% | lr=1.000000e-05
Epoch 30/301 | train_loss=0.2438 train_acc=91.37% | val_loss=0.3172 val_acc=86.94% | lr=1.000000e-05
Epoch 31/301 | train_loss=0.2367 train_acc=91.81% | val_loss=0.3178 val_acc=86.82% | lr=1.000000e-05
Epoch 32/301 | train_loss=0.2313 train_acc=91.96% | val_loss=0.3167 val_acc=86.94% | lr=1.000000e-05
Epoch 33/301 | train_loss=0.2315 train_acc=91.77% | val_loss=0.3152 val_acc=86.86% | lr=1.000000e-05
Epoch 34/301 | train_loss=0.2245 train_acc=92.17% | val_loss=0.3168 val_acc=86.82% | lr=1.000000e-05
Epoch 35/301 | train_loss=0.2245 train_acc=92.05% | val_loss=0.3157 val_acc=86.72% | lr=1.000000e-05
Epoch 36/301 | train_loss=0.2152 train_acc=92.91% | val_loss=0.3179 val_acc=86.70% | lr=1.000000e-05
Epoch 37/301 | train_loss=0.2136 train_acc=92.61% | val_loss=0.3163 val_acc=86.66% | lr=1.000000e-05
Epoch 38/301 | train_loss=0.2118 train_acc=92.68% | val_loss=0.3174 val_acc=86.74% | lr=1.000000e-05
Epoch 39/301 | train_loss=0.2054 train_acc=92.98% | val_loss=0.3156 val_acc=86.62% | lr=1.000000e-05
Epoch 40/301 | train_loss=0.2018 train_acc=93.24% | val_loss=0.3185 val_acc=86.54% | lr=1.000000e-05
Epoch 41/301 | train_loss=0.1990 train_acc=93.27% | val_loss=0.3198 val_acc=86.08% | lr=1.000000e-05
Validation loss has not improved for 8 epochs. Stopping training.
Test loss=0.3237 | Test accuracy=86.64%
