Loading IMDb dataset from local disk: /home/daniel/l/masteruppsats/np-reg/language/data/imdb_hf
Using device: cuda
BoW vocab size: 3125
W0421 00:59:58.226000 2007393 site-packages/torch/_inductor/utils.py:1679] [0/0] Not enough SMs to use max_autotune_gemm mode
Epoch 1/301 | train_loss=0.6979 train_acc=50.22% | val_loss=0.6906 val_acc=54.38% | lr=3.000000e-06
Saved new best model to /tmp/bow_mlp_imdb_ujocr5fc.pt
Epoch 2/301 | train_loss=0.6908 train_acc=53.24% | val_loss=0.6848 val_acc=59.20% | lr=3.000000e-06
Saved new best model to /tmp/bow_mlp_imdb_ujocr5fc.pt
Epoch 3/301 | train_loss=0.6852 train_acc=56.27% | val_loss=0.6792 val_acc=63.32% | lr=3.000000e-06
Saved new best model to /tmp/bow_mlp_imdb_ujocr5fc.pt
Epoch 4/301 | train_loss=0.6796 train_acc=59.03% | val_loss=0.6738 val_acc=66.88% | lr=3.000000e-06
Saved new best model to /tmp/bow_mlp_imdb_ujocr5fc.pt
Epoch 5/301 | train_loss=0.6737 train_acc=61.30% | val_loss=0.6684 val_acc=69.24% | lr=3.000000e-06
Saved new best model to /tmp/bow_mlp_imdb_ujocr5fc.pt
Epoch 6/301 | train_loss=0.6679 train_acc=64.48% | val_loss=0.6629 val_acc=71.40% | lr=3.000000e-06
Saved new best model to /tmp/bow_mlp_imdb_ujocr5fc.pt
Epoch 7/301 | train_loss=0.6618 train_acc=65.94% | val_loss=0.6572 val_acc=73.02% | lr=3.000000e-06
Saved new best model to /tmp/bow_mlp_imdb_ujocr5fc.pt
Epoch 8/301 | train_loss=0.6566 train_acc=67.77% | val_loss=0.6514 val_acc=74.40% | lr=3.000000e-06
Saved new best model to /tmp/bow_mlp_imdb_ujocr5fc.pt
Epoch 9/301 | train_loss=0.6512 train_acc=69.04% | val_loss=0.6452 val_acc=75.38% | lr=3.000000e-06
Saved new best model to /tmp/bow_mlp_imdb_ujocr5fc.pt
Epoch 10/301 | train_loss=0.6442 train_acc=70.14% | val_loss=0.6386 val_acc=75.68% | lr=3.000000e-06
Saved new best model to /tmp/bow_mlp_imdb_ujocr5fc.pt
Epoch 11/301 | train_loss=0.6374 train_acc=71.47% | val_loss=0.6313 val_acc=76.52% | lr=3.000000e-06
Saved new best model to /tmp/bow_mlp_imdb_ujocr5fc.pt
Epoch 12/301 | train_loss=0.6314 train_acc=72.45% | val_loss=0.6243 val_acc=77.06% | lr=3.000000e-06
Saved new best model to /tmp/bow_mlp_imdb_ujocr5fc.pt
Epoch 13/301 | train_loss=0.6240 train_acc=73.34% | val_loss=0.6176 val_acc=77.52% | lr=3.000000e-06
Saved new best model to /tmp/bow_mlp_imdb_ujocr5fc.pt
Epoch 14/301 | train_loss=0.6179 train_acc=73.71% | val_loss=0.6114 val_acc=78.14% | lr=3.000000e-06
Saved new best model to /tmp/bow_mlp_imdb_ujocr5fc.pt
Epoch 15/301 | train_loss=0.6092 train_acc=74.61% | val_loss=0.6049 val_acc=78.60% | lr=3.000000e-06
Saved new best model to /tmp/bow_mlp_imdb_ujocr5fc.pt
Epoch 16/301 | train_loss=0.6056 train_acc=74.75% | val_loss=0.5985 val_acc=78.92% | lr=3.000000e-06
Saved new best model to /tmp/bow_mlp_imdb_ujocr5fc.pt
Epoch 17/301 | train_loss=0.5978 train_acc=75.91% | val_loss=0.5919 val_acc=79.50% | lr=3.000000e-06
Saved new best model to /tmp/bow_mlp_imdb_ujocr5fc.pt
Epoch 18/301 | train_loss=0.5925 train_acc=76.01% | val_loss=0.5854 val_acc=79.48% | lr=3.000000e-06
Epoch 19/301 | train_loss=0.5869 train_acc=76.18% | val_loss=0.5790 val_acc=80.02% | lr=3.000000e-06
Saved new best model to /tmp/bow_mlp_imdb_ujocr5fc.pt
Epoch 20/301 | train_loss=0.5816 train_acc=76.45% | val_loss=0.5730 val_acc=80.30% | lr=3.000000e-06
Saved new best model to /tmp/bow_mlp_imdb_ujocr5fc.pt
Epoch 21/301 | train_loss=0.5746 train_acc=77.34% | val_loss=0.5670 val_acc=80.52% | lr=3.000000e-06
Saved new best model to /tmp/bow_mlp_imdb_ujocr5fc.pt
Epoch 22/301 | train_loss=0.5700 train_acc=77.45% | val_loss=0.5611 val_acc=80.76% | lr=3.000000e-06
Saved new best model to /tmp/bow_mlp_imdb_ujocr5fc.pt
Epoch 23/301 | train_loss=0.5624 train_acc=77.94% | val_loss=0.5550 val_acc=80.84% | lr=3.000000e-06
Saved new best model to /tmp/bow_mlp_imdb_ujocr5fc.pt
Epoch 24/301 | train_loss=0.5563 train_acc=78.31% | val_loss=0.5491 val_acc=81.08% | lr=3.000000e-06
Saved new best model to /tmp/bow_mlp_imdb_ujocr5fc.pt
Epoch 25/301 | train_loss=0.5504 train_acc=78.36% | val_loss=0.5435 val_acc=81.34% | lr=3.000000e-06
Saved new best model to /tmp/bow_mlp_imdb_ujocr5fc.pt
Epoch 26/301 | train_loss=0.5456 train_acc=79.09% | val_loss=0.5380 val_acc=81.44% | lr=3.000000e-06
Saved new best model to /tmp/bow_mlp_imdb_ujocr5fc.pt
Epoch 27/301 | train_loss=0.5399 train_acc=79.41% | val_loss=0.5327 val_acc=81.80% | lr=3.000000e-06
Saved new best model to /tmp/bow_mlp_imdb_ujocr5fc.pt
Epoch 28/301 | train_loss=0.5365 train_acc=79.61% | val_loss=0.5277 val_acc=82.12% | lr=3.000000e-06
Saved new best model to /tmp/bow_mlp_imdb_ujocr5fc.pt
Epoch 29/301 | train_loss=0.5298 train_acc=79.84% | val_loss=0.5227 val_acc=82.20% | lr=3.000000e-06
Saved new best model to /tmp/bow_mlp_imdb_ujocr5fc.pt
Epoch 30/301 | train_loss=0.5288 train_acc=79.95% | val_loss=0.5181 val_acc=82.30% | lr=3.000000e-06
Saved new best model to /tmp/bow_mlp_imdb_ujocr5fc.pt
Epoch 31/301 | train_loss=0.5236 train_acc=80.23% | val_loss=0.5136 val_acc=82.68% | lr=3.000000e-06
Saved new best model to /tmp/bow_mlp_imdb_ujocr5fc.pt
Epoch 32/301 | train_loss=0.5172 train_acc=80.86% | val_loss=0.5091 val_acc=82.76% | lr=3.000000e-06
Saved new best model to /tmp/bow_mlp_imdb_ujocr5fc.pt
Epoch 33/301 | train_loss=0.5143 train_acc=80.64% | val_loss=0.5047 val_acc=83.02% | lr=3.000000e-06
Saved new best model to /tmp/bow_mlp_imdb_ujocr5fc.pt
Epoch 34/301 | train_loss=0.5092 train_acc=81.09% | val_loss=0.5005 val_acc=83.20% | lr=3.000000e-06
Saved new best model to /tmp/bow_mlp_imdb_ujocr5fc.pt
Epoch 35/301 | train_loss=0.5049 train_acc=81.20% | val_loss=0.4964 val_acc=83.30% | lr=3.000000e-06
Saved new best model to /tmp/bow_mlp_imdb_ujocr5fc.pt
Epoch 36/301 | train_loss=0.5006 train_acc=81.55% | val_loss=0.4924 val_acc=83.32% | lr=3.000000e-06
Saved new best model to /tmp/bow_mlp_imdb_ujocr5fc.pt
Epoch 37/301 | train_loss=0.4955 train_acc=81.45% | val_loss=0.4884 val_acc=83.46% | lr=3.000000e-06
Saved new best model to /tmp/bow_mlp_imdb_ujocr5fc.pt
Epoch 38/301 | train_loss=0.4929 train_acc=81.74% | val_loss=0.4846 val_acc=83.50% | lr=3.000000e-06
Saved new best model to /tmp/bow_mlp_imdb_ujocr5fc.pt
Epoch 39/301 | train_loss=0.4894 train_acc=81.98% | val_loss=0.4810 val_acc=83.54% | lr=3.000000e-06
Saved new best model to /tmp/bow_mlp_imdb_ujocr5fc.pt
Epoch 40/301 | train_loss=0.4853 train_acc=82.14% | val_loss=0.4774 val_acc=83.60% | lr=3.000000e-06
Saved new best model to /tmp/bow_mlp_imdb_ujocr5fc.pt
Epoch 41/301 | train_loss=0.4811 train_acc=82.27% | val_loss=0.4739 val_acc=83.66% | lr=3.000000e-06
Saved new best model to /tmp/bow_mlp_imdb_ujocr5fc.pt
Epoch 42/301 | train_loss=0.4784 train_acc=82.56% | val_loss=0.4704 val_acc=83.72% | lr=3.000000e-06
Saved new best model to /tmp/bow_mlp_imdb_ujocr5fc.pt
Epoch 43/301 | train_loss=0.4730 train_acc=82.75% | val_loss=0.4670 val_acc=83.72% | lr=3.000000e-06
Epoch 44/301 | train_loss=0.4713 train_acc=82.52% | val_loss=0.4638 val_acc=83.92% | lr=3.000000e-06
Saved new best model to /tmp/bow_mlp_imdb_ujocr5fc.pt
Epoch 45/301 | train_loss=0.4679 train_acc=82.82% | val_loss=0.4606 val_acc=84.18% | lr=3.000000e-06
Saved new best model to /tmp/bow_mlp_imdb_ujocr5fc.pt
Epoch 46/301 | train_loss=0.4650 train_acc=82.98% | val_loss=0.4576 val_acc=84.26% | lr=3.000000e-06
Saved new best model to /tmp/bow_mlp_imdb_ujocr5fc.pt
Epoch 47/301 | train_loss=0.4610 train_acc=83.19% | val_loss=0.4546 val_acc=84.28% | lr=3.000000e-06
Saved new best model to /tmp/bow_mlp_imdb_ujocr5fc.pt
Epoch 48/301 | train_loss=0.4561 train_acc=83.53% | val_loss=0.4516 val_acc=84.28% | lr=3.000000e-06
Epoch 49/301 | train_loss=0.4543 train_acc=83.58% | val_loss=0.4486 val_acc=84.36% | lr=3.000000e-06
Saved new best model to /tmp/bow_mlp_imdb_ujocr5fc.pt
Epoch 50/301 | train_loss=0.4510 train_acc=83.35% | val_loss=0.4458 val_acc=84.40% | lr=3.000000e-06
Saved new best model to /tmp/bow_mlp_imdb_ujocr5fc.pt
Epoch 51/301 | train_loss=0.4479 train_acc=83.71% | val_loss=0.4431 val_acc=84.34% | lr=3.000000e-06
Epoch 52/301 | train_loss=0.4468 train_acc=83.72% | val_loss=0.4404 val_acc=84.44% | lr=3.000000e-06
Saved new best model to /tmp/bow_mlp_imdb_ujocr5fc.pt
Epoch 53/301 | train_loss=0.4431 train_acc=83.85% | val_loss=0.4378 val_acc=84.58% | lr=3.000000e-06
Saved new best model to /tmp/bow_mlp_imdb_ujocr5fc.pt
Epoch 54/301 | train_loss=0.4418 train_acc=83.79% | val_loss=0.4353 val_acc=84.62% | lr=3.000000e-06
Saved new best model to /tmp/bow_mlp_imdb_ujocr5fc.pt
Epoch 55/301 | train_loss=0.4370 train_acc=84.16% | val_loss=0.4328 val_acc=84.68% | lr=3.000000e-06
Saved new best model to /tmp/bow_mlp_imdb_ujocr5fc.pt
Epoch 56/301 | train_loss=0.4351 train_acc=84.45% | val_loss=0.4304 val_acc=84.80% | lr=3.000000e-06
Saved new best model to /tmp/bow_mlp_imdb_ujocr5fc.pt
Epoch 57/301 | train_loss=0.4329 train_acc=84.20% | val_loss=0.4279 val_acc=84.90% | lr=3.000000e-06
Saved new best model to /tmp/bow_mlp_imdb_ujocr5fc.pt
Epoch 58/301 | train_loss=0.4298 train_acc=84.33% | val_loss=0.4257 val_acc=84.90% | lr=3.000000e-06
Epoch 59/301 | train_loss=0.4291 train_acc=84.36% | val_loss=0.4236 val_acc=85.10% | lr=3.000000e-06
Saved new best model to /tmp/bow_mlp_imdb_ujocr5fc.pt
Epoch 60/301 | train_loss=0.4264 train_acc=84.58% | val_loss=0.4214 val_acc=85.14% | lr=3.000000e-06
Saved new best model to /tmp/bow_mlp_imdb_ujocr5fc.pt
Epoch 61/301 | train_loss=0.4244 train_acc=84.57% | val_loss=0.4194 val_acc=85.20% | lr=3.000000e-06
Saved new best model to /tmp/bow_mlp_imdb_ujocr5fc.pt
Epoch 62/301 | train_loss=0.4204 train_acc=84.77% | val_loss=0.4172 val_acc=85.32% | lr=3.000000e-06
Saved new best model to /tmp/bow_mlp_imdb_ujocr5fc.pt
Epoch 63/301 | train_loss=0.4193 train_acc=84.75% | val_loss=0.4152 val_acc=85.30% | lr=3.000000e-06
Epoch 64/301 | train_loss=0.4148 train_acc=85.09% | val_loss=0.4132 val_acc=85.38% | lr=3.000000e-06
Saved new best model to /tmp/bow_mlp_imdb_ujocr5fc.pt
Epoch 65/301 | train_loss=0.4150 train_acc=84.78% | val_loss=0.4112 val_acc=85.40% | lr=3.000000e-06
Saved new best model to /tmp/bow_mlp_imdb_ujocr5fc.pt
Epoch 66/301 | train_loss=0.4131 train_acc=84.70% | val_loss=0.4094 val_acc=85.46% | lr=3.000000e-06
Saved new best model to /tmp/bow_mlp_imdb_ujocr5fc.pt
Epoch 67/301 | train_loss=0.4117 train_acc=84.89% | val_loss=0.4077 val_acc=85.52% | lr=3.000000e-06
Saved new best model to /tmp/bow_mlp_imdb_ujocr5fc.pt
Epoch 68/301 | train_loss=0.4107 train_acc=85.06% | val_loss=0.4060 val_acc=85.52% | lr=3.000000e-06
Epoch 69/301 | train_loss=0.4072 train_acc=85.22% | val_loss=0.4043 val_acc=85.50% | lr=3.000000e-06
Epoch 70/301 | train_loss=0.4062 train_acc=85.16% | val_loss=0.4027 val_acc=85.50% | lr=3.000000e-06
Epoch 71/301 | train_loss=0.4011 train_acc=85.67% | val_loss=0.4008 val_acc=85.50% | lr=3.000000e-06
Epoch 72/301 | train_loss=0.4010 train_acc=85.37% | val_loss=0.3991 val_acc=85.48% | lr=3.000000e-06
Epoch 73/301 | train_loss=0.3977 train_acc=85.76% | val_loss=0.3975 val_acc=85.56% | lr=3.000000e-06
Saved new best model to /tmp/bow_mlp_imdb_ujocr5fc.pt
Epoch 74/301 | train_loss=0.3964 train_acc=85.28% | val_loss=0.3959 val_acc=85.58% | lr=3.000000e-06
Saved new best model to /tmp/bow_mlp_imdb_ujocr5fc.pt
Epoch 75/301 | train_loss=0.3944 train_acc=85.56% | val_loss=0.3943 val_acc=85.60% | lr=3.000000e-06
Saved new best model to /tmp/bow_mlp_imdb_ujocr5fc.pt
Epoch 76/301 | train_loss=0.3938 train_acc=85.55% | val_loss=0.3928 val_acc=85.64% | lr=3.000000e-06
Saved new best model to /tmp/bow_mlp_imdb_ujocr5fc.pt
Epoch 77/301 | train_loss=0.3923 train_acc=85.52% | val_loss=0.3914 val_acc=85.62% | lr=3.000000e-06
Epoch 78/301 | train_loss=0.3897 train_acc=85.71% | val_loss=0.3899 val_acc=85.70% | lr=3.000000e-06
Saved new best model to /tmp/bow_mlp_imdb_ujocr5fc.pt
Epoch 79/301 | train_loss=0.3880 train_acc=85.87% | val_loss=0.3884 val_acc=85.74% | lr=3.000000e-06
Saved new best model to /tmp/bow_mlp_imdb_ujocr5fc.pt
Epoch 80/301 | train_loss=0.3895 train_acc=85.54% | val_loss=0.3872 val_acc=85.76% | lr=3.000000e-06
Saved new best model to /tmp/bow_mlp_imdb_ujocr5fc.pt
Epoch 81/301 | train_loss=0.3860 train_acc=86.28% | val_loss=0.3858 val_acc=85.78% | lr=3.000000e-06
Saved new best model to /tmp/bow_mlp_imdb_ujocr5fc.pt
Epoch 82/301 | train_loss=0.3839 train_acc=86.08% | val_loss=0.3845 val_acc=85.78% | lr=3.000000e-06
Epoch 83/301 | train_loss=0.3813 train_acc=86.06% | val_loss=0.3831 val_acc=85.80% | lr=3.000000e-06
Saved new best model to /tmp/bow_mlp_imdb_ujocr5fc.pt
Epoch 84/301 | train_loss=0.3813 train_acc=86.01% | val_loss=0.3818 val_acc=85.80% | lr=3.000000e-06
Epoch 85/301 | train_loss=0.3770 train_acc=86.26% | val_loss=0.3805 val_acc=85.84% | lr=3.000000e-06
Saved new best model to /tmp/bow_mlp_imdb_ujocr5fc.pt
Epoch 86/301 | train_loss=0.3772 train_acc=86.19% | val_loss=0.3792 val_acc=85.88% | lr=3.000000e-06
Saved new best model to /tmp/bow_mlp_imdb_ujocr5fc.pt
Epoch 87/301 | train_loss=0.3762 train_acc=86.02% | val_loss=0.3781 val_acc=85.92% | lr=3.000000e-06
Saved new best model to /tmp/bow_mlp_imdb_ujocr5fc.pt
Epoch 88/301 | train_loss=0.3742 train_acc=86.13% | val_loss=0.3769 val_acc=85.96% | lr=3.000000e-06
Saved new best model to /tmp/bow_mlp_imdb_ujocr5fc.pt
Epoch 89/301 | train_loss=0.3727 train_acc=86.61% | val_loss=0.3757 val_acc=85.94% | lr=3.000000e-06
Epoch 90/301 | train_loss=0.3725 train_acc=86.47% | val_loss=0.3746 val_acc=85.98% | lr=3.000000e-06
Saved new best model to /tmp/bow_mlp_imdb_ujocr5fc.pt
Epoch 91/301 | train_loss=0.3728 train_acc=86.23% | val_loss=0.3736 val_acc=85.96% | lr=3.000000e-06
Epoch 92/301 | train_loss=0.3689 train_acc=86.24% | val_loss=0.3725 val_acc=86.00% | lr=3.000000e-06
Saved new best model to /tmp/bow_mlp_imdb_ujocr5fc.pt
Epoch 93/301 | train_loss=0.3662 train_acc=86.58% | val_loss=0.3714 val_acc=86.06% | lr=3.000000e-06
Saved new best model to /tmp/bow_mlp_imdb_ujocr5fc.pt
Epoch 94/301 | train_loss=0.3659 train_acc=86.69% | val_loss=0.3703 val_acc=86.06% | lr=3.000000e-06
Epoch 95/301 | train_loss=0.3653 train_acc=86.41% | val_loss=0.3694 val_acc=86.04% | lr=3.000000e-06
Epoch 96/301 | train_loss=0.3650 train_acc=86.40% | val_loss=0.3684 val_acc=86.06% | lr=3.000000e-06
Epoch 97/301 | train_loss=0.3626 train_acc=86.61% | val_loss=0.3675 val_acc=86.02% | lr=3.000000e-06
Epoch 98/301 | train_loss=0.3631 train_acc=86.72% | val_loss=0.3666 val_acc=86.00% | lr=3.000000e-06
Epoch 99/301 | train_loss=0.3603 train_acc=86.69% | val_loss=0.3656 val_acc=85.96% | lr=3.000000e-06
Epoch 100/301 | train_loss=0.3605 train_acc=86.75% | val_loss=0.3648 val_acc=86.00% | lr=3.000000e-06
Epoch 101/301 | train_loss=0.3578 train_acc=86.93% | val_loss=0.3638 val_acc=86.02% | lr=3.000000e-06
Epoch 102/301 | train_loss=0.3568 train_acc=86.94% | val_loss=0.3629 val_acc=86.06% | lr=3.000000e-06
Epoch 103/301 | train_loss=0.3557 train_acc=86.87% | val_loss=0.3621 val_acc=85.96% | lr=3.000000e-06
Epoch 104/301 | train_loss=0.3548 train_acc=86.84% | val_loss=0.3613 val_acc=86.02% | lr=3.000000e-06
Epoch 105/301 | train_loss=0.3551 train_acc=86.84% | val_loss=0.3604 val_acc=86.00% | lr=3.000000e-06
Epoch 106/301 | train_loss=0.3536 train_acc=87.02% | val_loss=0.3595 val_acc=86.02% | lr=3.000000e-06
Epoch 107/301 | train_loss=0.3524 train_acc=87.12% | val_loss=0.3587 val_acc=86.00% | lr=3.000000e-06
Epoch 108/301 | train_loss=0.3499 train_acc=87.11% | val_loss=0.3579 val_acc=86.08% | lr=3.000000e-06
Saved new best model to /tmp/bow_mlp_imdb_ujocr5fc.pt
Epoch 109/301 | train_loss=0.3494 train_acc=86.96% | val_loss=0.3570 val_acc=86.12% | lr=3.000000e-06
Saved new best model to /tmp/bow_mlp_imdb_ujocr5fc.pt
Epoch 110/301 | train_loss=0.3485 train_acc=87.00% | val_loss=0.3563 val_acc=86.08% | lr=3.000000e-06
Epoch 111/301 | train_loss=0.3498 train_acc=86.98% | val_loss=0.3557 val_acc=86.16% | lr=3.000000e-06
Saved new best model to /tmp/bow_mlp_imdb_ujocr5fc.pt
Epoch 112/301 | train_loss=0.3463 train_acc=87.44% | val_loss=0.3549 val_acc=86.20% | lr=3.000000e-06
Saved new best model to /tmp/bow_mlp_imdb_ujocr5fc.pt
Epoch 113/301 | train_loss=0.3464 train_acc=86.98% | val_loss=0.3542 val_acc=86.12% | lr=3.000000e-06
Epoch 114/301 | train_loss=0.3456 train_acc=87.14% | val_loss=0.3536 val_acc=86.20% | lr=3.000000e-06
Epoch 115/301 | train_loss=0.3422 train_acc=87.30% | val_loss=0.3527 val_acc=86.18% | lr=3.000000e-06
Epoch 116/301 | train_loss=0.3417 train_acc=87.36% | val_loss=0.3520 val_acc=86.24% | lr=3.000000e-06
Saved new best model to /tmp/bow_mlp_imdb_ujocr5fc.pt
Epoch 117/301 | train_loss=0.3430 train_acc=87.32% | val_loss=0.3514 val_acc=86.24% | lr=3.000000e-06
Epoch 118/301 | train_loss=0.3405 train_acc=87.50% | val_loss=0.3506 val_acc=86.30% | lr=3.000000e-06
Saved new best model to /tmp/bow_mlp_imdb_ujocr5fc.pt
Epoch 119/301 | train_loss=0.3388 train_acc=87.27% | val_loss=0.3499 val_acc=86.34% | lr=3.000000e-06
Saved new best model to /tmp/bow_mlp_imdb_ujocr5fc.pt
Epoch 120/301 | train_loss=0.3422 train_acc=87.30% | val_loss=0.3495 val_acc=86.44% | lr=3.000000e-06
Saved new best model to /tmp/bow_mlp_imdb_ujocr5fc.pt
Epoch 121/301 | train_loss=0.3390 train_acc=87.49% | val_loss=0.3488 val_acc=86.38% | lr=3.000000e-06
Epoch 122/301 | train_loss=0.3383 train_acc=87.36% | val_loss=0.3482 val_acc=86.40% | lr=3.000000e-06
Epoch 123/301 | train_loss=0.3348 train_acc=87.78% | val_loss=0.3476 val_acc=86.48% | lr=3.000000e-06
Saved new best model to /tmp/bow_mlp_imdb_ujocr5fc.pt
Epoch 124/301 | train_loss=0.3330 train_acc=87.67% | val_loss=0.3469 val_acc=86.48% | lr=3.000000e-06
Epoch 125/301 | train_loss=0.3337 train_acc=87.77% | val_loss=0.3463 val_acc=86.52% | lr=3.000000e-06
Saved new best model to /tmp/bow_mlp_imdb_ujocr5fc.pt
Epoch 126/301 | train_loss=0.3340 train_acc=87.50% | val_loss=0.3457 val_acc=86.50% | lr=3.000000e-06
Epoch 127/301 | train_loss=0.3330 train_acc=87.98% | val_loss=0.3451 val_acc=86.50% | lr=3.000000e-06
Epoch 128/301 | train_loss=0.3299 train_acc=87.76% | val_loss=0.3445 val_acc=86.52% | lr=3.000000e-06
Epoch 129/301 | train_loss=0.3318 train_acc=87.61% | val_loss=0.3440 val_acc=86.48% | lr=3.000000e-06
Epoch 130/301 | train_loss=0.3287 train_acc=87.74% | val_loss=0.3433 val_acc=86.44% | lr=3.000000e-06
Epoch 131/301 | train_loss=0.3267 train_acc=87.92% | val_loss=0.3427 val_acc=86.42% | lr=3.000000e-06
Epoch 132/301 | train_loss=0.3284 train_acc=87.66% | val_loss=0.3423 val_acc=86.48% | lr=3.000000e-06
Epoch 133/301 | train_loss=0.3270 train_acc=87.70% | val_loss=0.3418 val_acc=86.52% | lr=3.000000e-06
Epoch 134/301 | train_loss=0.3260 train_acc=88.02% | val_loss=0.3413 val_acc=86.54% | lr=3.000000e-06
Saved new best model to /tmp/bow_mlp_imdb_ujocr5fc.pt
Epoch 135/301 | train_loss=0.3254 train_acc=87.78% | val_loss=0.3408 val_acc=86.52% | lr=3.000000e-06
Epoch 136/301 | train_loss=0.3241 train_acc=87.86% | val_loss=0.3403 val_acc=86.50% | lr=3.000000e-06
Epoch 137/301 | train_loss=0.3235 train_acc=87.98% | val_loss=0.3398 val_acc=86.50% | lr=3.000000e-06
Epoch 138/301 | train_loss=0.3258 train_acc=88.11% | val_loss=0.3393 val_acc=86.50% | lr=3.000000e-06
Epoch 139/301 | train_loss=0.3242 train_acc=87.85% | val_loss=0.3390 val_acc=86.52% | lr=3.000000e-06
Epoch 140/301 | train_loss=0.3214 train_acc=88.16% | val_loss=0.3385 val_acc=86.54% | lr=3.000000e-06
Epoch 141/301 | train_loss=0.3212 train_acc=88.06% | val_loss=0.3379 val_acc=86.52% | lr=3.000000e-06
Epoch 142/301 | train_loss=0.3198 train_acc=88.28% | val_loss=0.3375 val_acc=86.54% | lr=3.000000e-06
Epoch 143/301 | train_loss=0.3202 train_acc=88.22% | val_loss=0.3371 val_acc=86.50% | lr=3.000000e-06
Epoch 144/301 | train_loss=0.3186 train_acc=88.11% | val_loss=0.3367 val_acc=86.52% | lr=3.000000e-06
Epoch 145/301 | train_loss=0.3181 train_acc=87.98% | val_loss=0.3362 val_acc=86.54% | lr=3.000000e-06
Epoch 146/301 | train_loss=0.3169 train_acc=88.29% | val_loss=0.3360 val_acc=86.58% | lr=3.000000e-06
Saved new best model to /tmp/bow_mlp_imdb_ujocr5fc.pt
Epoch 147/301 | train_loss=0.3165 train_acc=88.30% | val_loss=0.3354 val_acc=86.52% | lr=3.000000e-06
Epoch 148/301 | train_loss=0.3153 train_acc=88.33% | val_loss=0.3349 val_acc=86.54% | lr=3.000000e-06
Epoch 149/301 | train_loss=0.3151 train_acc=88.15% | val_loss=0.3346 val_acc=86.54% | lr=3.000000e-06
Epoch 150/301 | train_loss=0.3169 train_acc=88.24% | val_loss=0.3343 val_acc=86.58% | lr=3.000000e-06
Epoch 151/301 | train_loss=0.3131 train_acc=88.44% | val_loss=0.3337 val_acc=86.60% | lr=3.000000e-06
Saved new best model to /tmp/bow_mlp_imdb_ujocr5fc.pt
Epoch 152/301 | train_loss=0.3137 train_acc=88.34% | val_loss=0.3334 val_acc=86.62% | lr=3.000000e-06
Saved new best model to /tmp/bow_mlp_imdb_ujocr5fc.pt
Epoch 153/301 | train_loss=0.3134 train_acc=88.39% | val_loss=0.3331 val_acc=86.62% | lr=3.000000e-06
Epoch 154/301 | train_loss=0.3120 train_acc=88.31% | val_loss=0.3328 val_acc=86.64% | lr=3.000000e-06
Saved new best model to /tmp/bow_mlp_imdb_ujocr5fc.pt
Epoch 155/301 | train_loss=0.3117 train_acc=88.42% | val_loss=0.3324 val_acc=86.64% | lr=3.000000e-06
Epoch 156/301 | train_loss=0.3120 train_acc=88.48% | val_loss=0.3321 val_acc=86.58% | lr=3.000000e-06
Epoch 157/301 | train_loss=0.3089 train_acc=88.39% | val_loss=0.3318 val_acc=86.72% | lr=3.000000e-06
Saved new best model to /tmp/bow_mlp_imdb_ujocr5fc.pt
Epoch 158/301 | train_loss=0.3102 train_acc=88.37% | val_loss=0.3315 val_acc=86.72% | lr=3.000000e-06
Epoch 159/301 | train_loss=0.3094 train_acc=88.27% | val_loss=0.3311 val_acc=86.72% | lr=3.000000e-06
Epoch 160/301 | train_loss=0.3072 train_acc=88.61% | val_loss=0.3307 val_acc=86.70% | lr=3.000000e-06
Epoch 161/301 | train_loss=0.3069 train_acc=88.48% | val_loss=0.3303 val_acc=86.72% | lr=3.000000e-06
Epoch 162/301 | train_loss=0.3058 train_acc=88.72% | val_loss=0.3300 val_acc=86.72% | lr=3.000000e-06
Epoch 163/301 | train_loss=0.3044 train_acc=88.63% | val_loss=0.3295 val_acc=86.76% | lr=3.000000e-06
Saved new best model to /tmp/bow_mlp_imdb_ujocr5fc.pt
Epoch 164/301 | train_loss=0.3059 train_acc=88.48% | val_loss=0.3293 val_acc=86.76% | lr=3.000000e-06
Epoch 165/301 | train_loss=0.3048 train_acc=88.58% | val_loss=0.3289 val_acc=86.76% | lr=3.000000e-06
Epoch 166/301 | train_loss=0.3033 train_acc=88.73% | val_loss=0.3287 val_acc=86.72% | lr=3.000000e-06
Epoch 167/301 | train_loss=0.3015 train_acc=88.61% | val_loss=0.3283 val_acc=86.76% | lr=3.000000e-06
Epoch 168/301 | train_loss=0.3028 train_acc=88.83% | val_loss=0.3280 val_acc=86.76% | lr=3.000000e-06
Epoch 169/301 | train_loss=0.3029 train_acc=88.77% | val_loss=0.3280 val_acc=86.74% | lr=3.000000e-06
Epoch 170/301 | train_loss=0.3023 train_acc=88.72% | val_loss=0.3275 val_acc=86.68% | lr=3.000000e-06
Epoch 171/301 | train_loss=0.3009 train_acc=88.75% | val_loss=0.3273 val_acc=86.66% | lr=3.000000e-06
Epoch 172/301 | train_loss=0.3017 train_acc=88.63% | val_loss=0.3270 val_acc=86.66% | lr=3.000000e-06
Epoch 173/301 | train_loss=0.3002 train_acc=88.80% | val_loss=0.3267 val_acc=86.74% | lr=3.000000e-06
Epoch 174/301 | train_loss=0.2995 train_acc=88.74% | val_loss=0.3264 val_acc=86.76% | lr=3.000000e-06
Epoch 175/301 | train_loss=0.3007 train_acc=88.67% | val_loss=0.3262 val_acc=86.78% | lr=3.000000e-06
Saved new best model to /tmp/bow_mlp_imdb_ujocr5fc.pt
Epoch 176/301 | train_loss=0.3002 train_acc=88.74% | val_loss=0.3260 val_acc=86.78% | lr=3.000000e-06
Epoch 177/301 | train_loss=0.2989 train_acc=88.89% | val_loss=0.3257 val_acc=86.78% | lr=3.000000e-06
Epoch 178/301 | train_loss=0.2958 train_acc=89.11% | val_loss=0.3254 val_acc=86.74% | lr=3.000000e-06
Epoch 179/301 | train_loss=0.2967 train_acc=88.98% | val_loss=0.3251 val_acc=86.78% | lr=3.000000e-06
Epoch 180/301 | train_loss=0.2976 train_acc=88.81% | val_loss=0.3249 val_acc=86.78% | lr=3.000000e-06
Epoch 181/301 | train_loss=0.2964 train_acc=89.02% | val_loss=0.3247 val_acc=86.78% | lr=3.000000e-06
Epoch 182/301 | train_loss=0.2933 train_acc=89.01% | val_loss=0.3244 val_acc=86.80% | lr=3.000000e-06
Saved new best model to /tmp/bow_mlp_imdb_ujocr5fc.pt
Epoch 183/301 | train_loss=0.2947 train_acc=89.00% | val_loss=0.3242 val_acc=86.78% | lr=3.000000e-06
Epoch 184/301 | train_loss=0.2957 train_acc=88.87% | val_loss=0.3240 val_acc=86.78% | lr=3.000000e-06
Epoch 185/301 | train_loss=0.2931 train_acc=89.11% | val_loss=0.3238 val_acc=86.82% | lr=3.000000e-06
Saved new best model to /tmp/bow_mlp_imdb_ujocr5fc.pt
Epoch 186/301 | train_loss=0.2929 train_acc=88.95% | val_loss=0.3235 val_acc=86.84% | lr=3.000000e-06
Saved new best model to /tmp/bow_mlp_imdb_ujocr5fc.pt
Epoch 187/301 | train_loss=0.2930 train_acc=88.92% | val_loss=0.3233 val_acc=86.84% | lr=3.000000e-06
Epoch 188/301 | train_loss=0.2912 train_acc=89.11% | val_loss=0.3231 val_acc=86.86% | lr=3.000000e-06
Saved new best model to /tmp/bow_mlp_imdb_ujocr5fc.pt
Epoch 189/301 | train_loss=0.2887 train_acc=89.06% | val_loss=0.3229 val_acc=86.92% | lr=3.000000e-06
Saved new best model to /tmp/bow_mlp_imdb_ujocr5fc.pt
Epoch 190/301 | train_loss=0.2910 train_acc=89.13% | val_loss=0.3226 val_acc=86.92% | lr=3.000000e-06
Epoch 191/301 | train_loss=0.2893 train_acc=89.31% | val_loss=0.3224 val_acc=86.94% | lr=3.000000e-06
Saved new best model to /tmp/bow_mlp_imdb_ujocr5fc.pt
Epoch 192/301 | train_loss=0.2895 train_acc=89.05% | val_loss=0.3222 val_acc=86.94% | lr=3.000000e-06
Epoch 193/301 | train_loss=0.2909 train_acc=89.14% | val_loss=0.3222 val_acc=87.00% | lr=3.000000e-06
Saved new best model to /tmp/bow_mlp_imdb_ujocr5fc.pt
Epoch 194/301 | train_loss=0.2872 train_acc=89.52% | val_loss=0.3218 val_acc=86.98% | lr=3.000000e-06
Epoch 195/301 | train_loss=0.2889 train_acc=88.97% | val_loss=0.3217 val_acc=87.00% | lr=3.000000e-06
Epoch 196/301 | train_loss=0.2885 train_acc=89.33% | val_loss=0.3215 val_acc=87.00% | lr=3.000000e-06
Epoch 197/301 | train_loss=0.2858 train_acc=89.16% | val_loss=0.3213 val_acc=87.08% | lr=3.000000e-06
Saved new best model to /tmp/bow_mlp_imdb_ujocr5fc.pt
Epoch 198/301 | train_loss=0.2882 train_acc=89.24% | val_loss=0.3211 val_acc=86.96% | lr=3.000000e-06
Epoch 199/301 | train_loss=0.2855 train_acc=89.29% | val_loss=0.3209 val_acc=86.88% | lr=3.000000e-06
Epoch 200/301 | train_loss=0.2868 train_acc=89.28% | val_loss=0.3207 val_acc=86.98% | lr=3.000000e-06
Epoch 201/301 | train_loss=0.2864 train_acc=89.31% | val_loss=0.3207 val_acc=87.02% | lr=3.000000e-06
Epoch 202/301 | train_loss=0.2836 train_acc=89.48% | val_loss=0.3204 val_acc=87.02% | lr=3.000000e-06
Epoch 203/301 | train_loss=0.2842 train_acc=89.45% | val_loss=0.3202 val_acc=87.02% | lr=3.000000e-06
Epoch 204/301 | train_loss=0.2851 train_acc=89.26% | val_loss=0.3202 val_acc=86.96% | lr=3.000000e-06
Epoch 205/301 | train_loss=0.2823 train_acc=89.23% | val_loss=0.3200 val_acc=86.98% | lr=3.000000e-06
Epoch 206/301 | train_loss=0.2810 train_acc=89.34% | val_loss=0.3197 val_acc=86.94% | lr=3.000000e-06
Epoch 207/301 | train_loss=0.2834 train_acc=89.41% | val_loss=0.3197 val_acc=86.96% | lr=3.000000e-06
Epoch 208/301 | train_loss=0.2818 train_acc=89.41% | val_loss=0.3195 val_acc=86.98% | lr=3.000000e-06
Epoch 209/301 | train_loss=0.2810 train_acc=89.39% | val_loss=0.3193 val_acc=86.92% | lr=3.000000e-06
Epoch 210/301 | train_loss=0.2821 train_acc=89.48% | val_loss=0.3194 val_acc=87.06% | lr=3.000000e-06
Epoch 211/301 | train_loss=0.2823 train_acc=89.51% | val_loss=0.3191 val_acc=87.04% | lr=3.000000e-06
Epoch 212/301 | train_loss=0.2796 train_acc=89.60% | val_loss=0.3189 val_acc=86.94% | lr=3.000000e-06
Epoch 213/301 | train_loss=0.2781 train_acc=89.53% | val_loss=0.3188 val_acc=87.00% | lr=3.000000e-06
Epoch 214/301 | train_loss=0.2829 train_acc=89.25% | val_loss=0.3188 val_acc=87.00% | lr=3.000000e-06
Epoch 215/301 | train_loss=0.2793 train_acc=89.45% | val_loss=0.3186 val_acc=87.02% | lr=3.000000e-06
Epoch 216/301 | train_loss=0.2774 train_acc=89.56% | val_loss=0.3185 val_acc=87.02% | lr=3.000000e-06
Epoch 217/301 | train_loss=0.2751 train_acc=89.61% | val_loss=0.3183 val_acc=87.04% | lr=3.000000e-06
Epoch 218/301 | train_loss=0.2768 train_acc=89.64% | val_loss=0.3181 val_acc=86.96% | lr=3.000000e-06
Epoch 219/301 | train_loss=0.2760 train_acc=89.89% | val_loss=0.3180 val_acc=87.02% | lr=3.000000e-06
Epoch 220/301 | train_loss=0.2763 train_acc=89.58% | val_loss=0.3178 val_acc=86.98% | lr=3.000000e-06
Epoch 221/301 | train_loss=0.2751 train_acc=89.63% | val_loss=0.3177 val_acc=86.98% | lr=3.000000e-06
Epoch 222/301 | train_loss=0.2739 train_acc=89.69% | val_loss=0.3177 val_acc=87.06% | lr=3.000000e-06
Epoch 223/301 | train_loss=0.2741 train_acc=89.60% | val_loss=0.3175 val_acc=87.00% | lr=3.000000e-06
Epoch 224/301 | train_loss=0.2745 train_acc=89.76% | val_loss=0.3173 val_acc=86.94% | lr=3.000000e-06
Epoch 225/301 | train_loss=0.2724 train_acc=89.69% | val_loss=0.3172 val_acc=86.98% | lr=3.000000e-06
Epoch 226/301 | train_loss=0.2751 train_acc=89.70% | val_loss=0.3171 val_acc=86.94% | lr=3.000000e-06
Epoch 227/301 | train_loss=0.2738 train_acc=89.77% | val_loss=0.3171 val_acc=87.00% | lr=3.000000e-06
Epoch 228/301 | train_loss=0.2732 train_acc=89.75% | val_loss=0.3170 val_acc=87.02% | lr=3.000000e-06
Epoch 229/301 | train_loss=0.2738 train_acc=89.66% | val_loss=0.3170 val_acc=86.98% | lr=3.000000e-06
Epoch 230/301 | train_loss=0.2723 train_acc=89.81% | val_loss=0.3168 val_acc=86.96% | lr=3.000000e-06
Epoch 231/301 | train_loss=0.2721 train_acc=89.68% | val_loss=0.3167 val_acc=86.98% | lr=3.000000e-06
Epoch 232/301 | train_loss=0.2717 train_acc=89.77% | val_loss=0.3167 val_acc=86.92% | lr=3.000000e-06
Epoch 233/301 | train_loss=0.2708 train_acc=89.69% | val_loss=0.3165 val_acc=86.94% | lr=3.000000e-06
Epoch 234/301 | train_loss=0.2711 train_acc=89.70% | val_loss=0.3165 val_acc=86.92% | lr=3.000000e-06
Epoch 235/301 | train_loss=0.2692 train_acc=89.83% | val_loss=0.3163 val_acc=86.98% | lr=3.000000e-06
Epoch 236/301 | train_loss=0.2686 train_acc=89.86% | val_loss=0.3163 val_acc=86.96% | lr=3.000000e-06
Epoch 237/301 | train_loss=0.2711 train_acc=89.78% | val_loss=0.3161 val_acc=87.00% | lr=3.000000e-06
Epoch 238/301 | train_loss=0.2696 train_acc=89.86% | val_loss=0.3161 val_acc=86.98% | lr=3.000000e-06
Epoch 239/301 | train_loss=0.2674 train_acc=89.93% | val_loss=0.3160 val_acc=87.00% | lr=3.000000e-06
Epoch 240/301 | train_loss=0.2691 train_acc=89.81% | val_loss=0.3161 val_acc=87.06% | lr=3.000000e-06
Epoch 241/301 | train_loss=0.2682 train_acc=90.01% | val_loss=0.3159 val_acc=87.00% | lr=3.000000e-06
Epoch 242/301 | train_loss=0.2647 train_acc=89.97% | val_loss=0.3157 val_acc=87.06% | lr=3.000000e-06
Epoch 243/301 | train_loss=0.2686 train_acc=89.84% | val_loss=0.3157 val_acc=87.10% | lr=3.000000e-06
Saved new best model to /tmp/bow_mlp_imdb_ujocr5fc.pt
Epoch 244/301 | train_loss=0.2672 train_acc=89.91% | val_loss=0.3156 val_acc=87.08% | lr=3.000000e-06
Epoch 245/301 | train_loss=0.2671 train_acc=89.83% | val_loss=0.3156 val_acc=87.08% | lr=3.000000e-06
Epoch 246/301 | train_loss=0.2655 train_acc=89.91% | val_loss=0.3157 val_acc=87.12% | lr=3.000000e-06
Saved new best model to /tmp/bow_mlp_imdb_ujocr5fc.pt
Epoch 247/301 | train_loss=0.2676 train_acc=89.86% | val_loss=0.3155 val_acc=87.08% | lr=3.000000e-06
Epoch 248/301 | train_loss=0.2649 train_acc=89.84% | val_loss=0.3154 val_acc=87.06% | lr=3.000000e-06
Epoch 249/301 | train_loss=0.2659 train_acc=90.05% | val_loss=0.3154 val_acc=87.06% | lr=3.000000e-06
Epoch 250/301 | train_loss=0.2647 train_acc=89.98% | val_loss=0.3153 val_acc=87.04% | lr=3.000000e-06
Epoch 251/301 | train_loss=0.2650 train_acc=90.09% | val_loss=0.3152 val_acc=87.04% | lr=3.000000e-06
Epoch 252/301 | train_loss=0.2646 train_acc=90.05% | val_loss=0.3152 val_acc=87.02% | lr=3.000000e-06
Epoch 253/301 | train_loss=0.2650 train_acc=89.88% | val_loss=0.3152 val_acc=87.02% | lr=3.000000e-06
Epoch 254/301 | train_loss=0.2626 train_acc=90.11% | val_loss=0.3151 val_acc=87.06% | lr=3.000000e-06
Epoch 255/301 | train_loss=0.2638 train_acc=89.85% | val_loss=0.3151 val_acc=87.08% | lr=3.000000e-06
Epoch 256/301 | train_loss=0.2598 train_acc=90.00% | val_loss=0.3150 val_acc=87.04% | lr=3.000000e-06
Epoch 257/301 | train_loss=0.2629 train_acc=90.07% | val_loss=0.3149 val_acc=87.06% | lr=3.000000e-06
Epoch 258/301 | train_loss=0.2618 train_acc=90.02% | val_loss=0.3148 val_acc=87.04% | lr=3.000000e-06
Epoch 259/301 | train_loss=0.2603 train_acc=90.20% | val_loss=0.3148 val_acc=87.10% | lr=3.000000e-06
Epoch 260/301 | train_loss=0.2601 train_acc=90.23% | val_loss=0.3147 val_acc=87.04% | lr=3.000000e-06
Epoch 261/301 | train_loss=0.2612 train_acc=90.06% | val_loss=0.3148 val_acc=87.12% | lr=3.000000e-06
Epoch 262/301 | train_loss=0.2594 train_acc=90.09% | val_loss=0.3147 val_acc=87.02% | lr=3.000000e-06
Epoch 263/301 | train_loss=0.2614 train_acc=90.06% | val_loss=0.3147 val_acc=87.10% | lr=3.000000e-06
Epoch 264/301 | train_loss=0.2607 train_acc=90.06% | val_loss=0.3146 val_acc=87.04% | lr=3.000000e-06
Epoch 265/301 | train_loss=0.2600 train_acc=90.04% | val_loss=0.3146 val_acc=87.06% | lr=3.000000e-06
Epoch 266/301 | train_loss=0.2604 train_acc=90.11% | val_loss=0.3146 val_acc=87.12% | lr=3.000000e-06
Epoch 267/301 | train_loss=0.2592 train_acc=90.11% | val_loss=0.3146 val_acc=87.14% | lr=3.000000e-06
Saved new best model to /tmp/bow_mlp_imdb_ujocr5fc.pt
Epoch 268/301 | train_loss=0.2593 train_acc=89.98% | val_loss=0.3146 val_acc=87.14% | lr=3.000000e-06
Epoch 269/301 | train_loss=0.2570 train_acc=90.21% | val_loss=0.3146 val_acc=87.06% | lr=3.000000e-06
Epoch 270/301 | train_loss=0.2563 train_acc=90.03% | val_loss=0.3145 val_acc=87.04% | lr=3.000000e-06
Epoch 271/301 | train_loss=0.2572 train_acc=90.20% | val_loss=0.3145 val_acc=87.02% | lr=3.000000e-06
Epoch 272/301 | train_loss=0.2563 train_acc=90.08% | val_loss=0.3144 val_acc=87.02% | lr=3.000000e-06
Epoch 273/301 | train_loss=0.2580 train_acc=90.16% | val_loss=0.3144 val_acc=87.02% | lr=3.000000e-06
Epoch 274/301 | train_loss=0.2564 train_acc=90.22% | val_loss=0.3143 val_acc=86.94% | lr=3.000000e-06
Epoch 275/301 | train_loss=0.2574 train_acc=90.23% | val_loss=0.3143 val_acc=86.90% | lr=3.000000e-06
Epoch 276/301 | train_loss=0.2583 train_acc=90.19% | val_loss=0.3143 val_acc=87.00% | lr=3.000000e-06
Epoch 277/301 | train_loss=0.2551 train_acc=90.31% | val_loss=0.3143 val_acc=86.96% | lr=3.000000e-06
Epoch 278/301 | train_loss=0.2542 train_acc=90.25% | val_loss=0.3143 val_acc=86.94% | lr=3.000000e-06
Epoch 279/301 | train_loss=0.2541 train_acc=90.16% | val_loss=0.3143 val_acc=86.96% | lr=3.000000e-06
Epoch 280/301 | train_loss=0.2553 train_acc=90.17% | val_loss=0.3142 val_acc=87.00% | lr=3.000000e-06
Epoch 281/301 | train_loss=0.2532 train_acc=90.59% | val_loss=0.3143 val_acc=86.94% | lr=3.000000e-06
Epoch 282/301 | train_loss=0.2532 train_acc=90.30% | val_loss=0.3142 val_acc=87.02% | lr=3.000000e-06
Epoch 283/301 | train_loss=0.2560 train_acc=90.36% | val_loss=0.3145 val_acc=87.10% | lr=3.000000e-06
Epoch 284/301 | train_loss=0.2519 train_acc=90.45% | val_loss=0.3144 val_acc=87.00% | lr=3.000000e-06
Epoch 285/301 | train_loss=0.2546 train_acc=90.33% | val_loss=0.3143 val_acc=87.00% | lr=3.000000e-06
Epoch 286/301 | train_loss=0.2517 train_acc=90.69% | val_loss=0.3142 val_acc=86.98% | lr=3.000000e-06
Epoch 287/301 | train_loss=0.2522 train_acc=90.22% | val_loss=0.3142 val_acc=87.00% | lr=3.000000e-06
Epoch 288/301 | train_loss=0.2505 train_acc=90.45% | val_loss=0.3142 val_acc=87.00% | lr=3.000000e-06
Epoch 289/301 | train_loss=0.2517 train_acc=90.46% | val_loss=0.3142 val_acc=87.00% | lr=3.000000e-06
Epoch 290/301 | train_loss=0.2518 train_acc=90.44% | val_loss=0.3142 val_acc=86.98% | lr=3.000000e-06
Epoch 291/301 | train_loss=0.2524 train_acc=90.28% | val_loss=0.3142 val_acc=86.98% | lr=3.000000e-06
Epoch 292/301 | train_loss=0.2497 train_acc=90.40% | val_loss=0.3143 val_acc=87.04% | lr=3.000000e-06
Epoch 293/301 | train_loss=0.2517 train_acc=90.41% | val_loss=0.3143 val_acc=87.02% | lr=3.000000e-06
Epoch 294/301 | train_loss=0.2495 train_acc=90.48% | val_loss=0.3142 val_acc=86.98% | lr=3.000000e-06
Epoch 295/301 | train_loss=0.2496 train_acc=90.42% | val_loss=0.3142 val_acc=87.02% | lr=3.000000e-06
Epoch 296/301 | train_loss=0.2506 train_acc=90.34% | val_loss=0.3143 val_acc=87.04% | lr=3.000000e-06
Epoch 297/301 | train_loss=0.2528 train_acc=90.34% | val_loss=0.3142 val_acc=87.00% | lr=3.000000e-06
Validation loss has not improved for 8 epochs. Stopping training.
Test loss=0.3166 | Test accuracy=87.12%
