Loading IMDb dataset from local disk: /home/daniel/l/masteruppsats/np-reg/language/data/imdb_hf
Using device: cuda
BoW vocab size: 3125
Epoch 1/301 | train_loss=0.6905 train_acc=53.49% | val_loss=0.6773 val_acc=64.74% | lr=1.000000e-05
Saved new best model to /tmp/bow_mlp_imdb_wn3q76q7.pt
Epoch 2/301 | train_loss=0.6708 train_acc=63.10% | val_loss=0.6594 val_acc=72.48% | lr=1.000000e-05
Saved new best model to /tmp/bow_mlp_imdb_wn3q76q7.pt
Epoch 3/301 | train_loss=0.6524 train_acc=68.11% | val_loss=0.6387 val_acc=75.90% | lr=1.000000e-05
Saved new best model to /tmp/bow_mlp_imdb_wn3q76q7.pt
Epoch 4/301 | train_loss=0.6290 train_acc=72.47% | val_loss=0.6130 val_acc=77.76% | lr=1.000000e-05
Saved new best model to /tmp/bow_mlp_imdb_wn3q76q7.pt
Epoch 5/301 | train_loss=0.6054 train_acc=74.71% | val_loss=0.5911 val_acc=79.38% | lr=1.000000e-05
Saved new best model to /tmp/bow_mlp_imdb_wn3q76q7.pt
Epoch 6/301 | train_loss=0.5845 train_acc=76.37% | val_loss=0.5681 val_acc=80.42% | lr=1.000000e-05
Saved new best model to /tmp/bow_mlp_imdb_wn3q76q7.pt
Epoch 7/301 | train_loss=0.5637 train_acc=78.01% | val_loss=0.5490 val_acc=80.92% | lr=1.000000e-05
Saved new best model to /tmp/bow_mlp_imdb_wn3q76q7.pt
Epoch 8/301 | train_loss=0.5467 train_acc=78.91% | val_loss=0.5318 val_acc=81.86% | lr=1.000000e-05
Saved new best model to /tmp/bow_mlp_imdb_wn3q76q7.pt
Epoch 9/301 | train_loss=0.5309 train_acc=79.75% | val_loss=0.5148 val_acc=82.82% | lr=1.000000e-05
Saved new best model to /tmp/bow_mlp_imdb_wn3q76q7.pt
Epoch 10/301 | train_loss=0.5137 train_acc=80.71% | val_loss=0.4998 val_acc=82.88% | lr=1.000000e-05
Saved new best model to /tmp/bow_mlp_imdb_wn3q76q7.pt
Epoch 11/301 | train_loss=0.4982 train_acc=81.83% | val_loss=0.4856 val_acc=83.40% | lr=1.000000e-05
Saved new best model to /tmp/bow_mlp_imdb_wn3q76q7.pt
Epoch 12/301 | train_loss=0.4866 train_acc=82.37% | val_loss=0.4736 val_acc=83.76% | lr=1.000000e-05
Saved new best model to /tmp/bow_mlp_imdb_wn3q76q7.pt
Epoch 13/301 | train_loss=0.4734 train_acc=82.61% | val_loss=0.4622 val_acc=84.02% | lr=1.000000e-05
Saved new best model to /tmp/bow_mlp_imdb_wn3q76q7.pt
Epoch 14/301 | train_loss=0.4635 train_acc=82.69% | val_loss=0.4523 val_acc=84.28% | lr=1.000000e-05
Saved new best model to /tmp/bow_mlp_imdb_wn3q76q7.pt
Epoch 15/301 | train_loss=0.4487 train_acc=83.64% | val_loss=0.4425 val_acc=84.48% | lr=1.000000e-05
Saved new best model to /tmp/bow_mlp_imdb_wn3q76q7.pt
Epoch 16/301 | train_loss=0.4435 train_acc=83.68% | val_loss=0.4340 val_acc=84.64% | lr=1.000000e-05
Saved new best model to /tmp/bow_mlp_imdb_wn3q76q7.pt
Epoch 17/301 | train_loss=0.4332 train_acc=84.43% | val_loss=0.4260 val_acc=85.06% | lr=1.000000e-05
Saved new best model to /tmp/bow_mlp_imdb_wn3q76q7.pt
Epoch 18/301 | train_loss=0.4247 train_acc=84.44% | val_loss=0.4185 val_acc=85.20% | lr=1.000000e-05
Saved new best model to /tmp/bow_mlp_imdb_wn3q76q7.pt
Epoch 19/301 | train_loss=0.4185 train_acc=84.78% | val_loss=0.4121 val_acc=85.26% | lr=1.000000e-05
Saved new best model to /tmp/bow_mlp_imdb_wn3q76q7.pt
Epoch 20/301 | train_loss=0.4130 train_acc=85.04% | val_loss=0.4061 val_acc=85.32% | lr=1.000000e-05
Saved new best model to /tmp/bow_mlp_imdb_wn3q76q7.pt
Epoch 21/301 | train_loss=0.4049 train_acc=85.34% | val_loss=0.4003 val_acc=85.44% | lr=1.000000e-05
Saved new best model to /tmp/bow_mlp_imdb_wn3q76q7.pt
Epoch 22/301 | train_loss=0.3998 train_acc=85.35% | val_loss=0.3950 val_acc=85.54% | lr=1.000000e-05
Saved new best model to /tmp/bow_mlp_imdb_wn3q76q7.pt
Epoch 23/301 | train_loss=0.3913 train_acc=85.77% | val_loss=0.3898 val_acc=85.68% | lr=1.000000e-05
Saved new best model to /tmp/bow_mlp_imdb_wn3q76q7.pt
Epoch 24/301 | train_loss=0.3857 train_acc=85.79% | val_loss=0.3853 val_acc=85.88% | lr=1.000000e-05
Saved new best model to /tmp/bow_mlp_imdb_wn3q76q7.pt
Epoch 25/301 | train_loss=0.3811 train_acc=85.90% | val_loss=0.3810 val_acc=85.98% | lr=1.000000e-05
Saved new best model to /tmp/bow_mlp_imdb_wn3q76q7.pt
Epoch 26/301 | train_loss=0.3769 train_acc=86.20% | val_loss=0.3773 val_acc=85.96% | lr=1.000000e-05
Epoch 27/301 | train_loss=0.3714 train_acc=86.11% | val_loss=0.3735 val_acc=85.94% | lr=1.000000e-05
Epoch 28/301 | train_loss=0.3686 train_acc=86.46% | val_loss=0.3701 val_acc=85.94% | lr=1.000000e-05
Epoch 29/301 | train_loss=0.3617 train_acc=86.72% | val_loss=0.3665 val_acc=86.08% | lr=1.000000e-05
Saved new best model to /tmp/bow_mlp_imdb_wn3q76q7.pt
Epoch 30/301 | train_loss=0.3636 train_acc=86.42% | val_loss=0.3640 val_acc=86.04% | lr=1.000000e-05
Epoch 31/301 | train_loss=0.3583 train_acc=86.70% | val_loss=0.3611 val_acc=86.10% | lr=1.000000e-05
Saved new best model to /tmp/bow_mlp_imdb_wn3q76q7.pt
Epoch 32/301 | train_loss=0.3525 train_acc=87.09% | val_loss=0.3585 val_acc=86.26% | lr=1.000000e-05
Saved new best model to /tmp/bow_mlp_imdb_wn3q76q7.pt
Epoch 33/301 | train_loss=0.3495 train_acc=87.28% | val_loss=0.3556 val_acc=86.12% | lr=1.000000e-05
Epoch 34/301 | train_loss=0.3456 train_acc=87.15% | val_loss=0.3530 val_acc=86.20% | lr=1.000000e-05
Epoch 35/301 | train_loss=0.3433 train_acc=87.43% | val_loss=0.3511 val_acc=86.26% | lr=1.000000e-05
Epoch 36/301 | train_loss=0.3398 train_acc=87.64% | val_loss=0.3488 val_acc=86.40% | lr=1.000000e-05
Saved new best model to /tmp/bow_mlp_imdb_wn3q76q7.pt
Epoch 37/301 | train_loss=0.3356 train_acc=87.61% | val_loss=0.3466 val_acc=86.46% | lr=1.000000e-05
Saved new best model to /tmp/bow_mlp_imdb_wn3q76q7.pt
Epoch 38/301 | train_loss=0.3333 train_acc=87.70% | val_loss=0.3447 val_acc=86.48% | lr=1.000000e-05
Saved new best model to /tmp/bow_mlp_imdb_wn3q76q7.pt
Epoch 39/301 | train_loss=0.3303 train_acc=87.84% | val_loss=0.3429 val_acc=86.48% | lr=1.000000e-05
Epoch 40/301 | train_loss=0.3266 train_acc=87.88% | val_loss=0.3411 val_acc=86.54% | lr=1.000000e-05
Saved new best model to /tmp/bow_mlp_imdb_wn3q76q7.pt
Epoch 41/301 | train_loss=0.3246 train_acc=87.93% | val_loss=0.3396 val_acc=86.56% | lr=1.000000e-05
Saved new best model to /tmp/bow_mlp_imdb_wn3q76q7.pt
Epoch 42/301 | train_loss=0.3226 train_acc=87.94% | val_loss=0.3380 val_acc=86.50% | lr=1.000000e-05
Epoch 43/301 | train_loss=0.3184 train_acc=88.19% | val_loss=0.3364 val_acc=86.54% | lr=1.000000e-05
Epoch 44/301 | train_loss=0.3186 train_acc=87.91% | val_loss=0.3352 val_acc=86.50% | lr=1.000000e-05
Epoch 45/301 | train_loss=0.3148 train_acc=88.28% | val_loss=0.3339 val_acc=86.54% | lr=1.000000e-05
Epoch 46/301 | train_loss=0.3138 train_acc=88.39% | val_loss=0.3327 val_acc=86.62% | lr=1.000000e-05
Saved new best model to /tmp/bow_mlp_imdb_wn3q76q7.pt
Epoch 47/301 | train_loss=0.3096 train_acc=88.55% | val_loss=0.3316 val_acc=86.66% | lr=1.000000e-05
Saved new best model to /tmp/bow_mlp_imdb_wn3q76q7.pt
Epoch 48/301 | train_loss=0.3068 train_acc=88.73% | val_loss=0.3304 val_acc=86.68% | lr=1.000000e-05
Saved new best model to /tmp/bow_mlp_imdb_wn3q76q7.pt
Epoch 49/301 | train_loss=0.3062 train_acc=88.60% | val_loss=0.3291 val_acc=86.72% | lr=1.000000e-05
Saved new best model to /tmp/bow_mlp_imdb_wn3q76q7.pt
Epoch 50/301 | train_loss=0.3031 train_acc=88.42% | val_loss=0.3281 val_acc=86.70% | lr=1.000000e-05
Epoch 51/301 | train_loss=0.3016 train_acc=88.74% | val_loss=0.3272 val_acc=86.68% | lr=1.000000e-05
Epoch 52/301 | train_loss=0.3012 train_acc=88.61% | val_loss=0.3264 val_acc=86.68% | lr=1.000000e-05
Epoch 53/301 | train_loss=0.2970 train_acc=89.03% | val_loss=0.3255 val_acc=86.78% | lr=1.000000e-05
Saved new best model to /tmp/bow_mlp_imdb_wn3q76q7.pt
Epoch 54/301 | train_loss=0.2973 train_acc=88.92% | val_loss=0.3246 val_acc=86.74% | lr=1.000000e-05
Epoch 55/301 | train_loss=0.2933 train_acc=89.07% | val_loss=0.3242 val_acc=86.82% | lr=1.000000e-05
Saved new best model to /tmp/bow_mlp_imdb_wn3q76q7.pt
Epoch 56/301 | train_loss=0.2932 train_acc=89.04% | val_loss=0.3235 val_acc=86.86% | lr=1.000000e-05
Saved new best model to /tmp/bow_mlp_imdb_wn3q76q7.pt
Epoch 57/301 | train_loss=0.2903 train_acc=89.11% | val_loss=0.3223 val_acc=86.94% | lr=1.000000e-05
Saved new best model to /tmp/bow_mlp_imdb_wn3q76q7.pt
Epoch 58/301 | train_loss=0.2886 train_acc=89.20% | val_loss=0.3219 val_acc=86.96% | lr=1.000000e-05
Saved new best model to /tmp/bow_mlp_imdb_wn3q76q7.pt
Epoch 59/301 | train_loss=0.2878 train_acc=89.44% | val_loss=0.3213 val_acc=86.98% | lr=1.000000e-05
Saved new best model to /tmp/bow_mlp_imdb_wn3q76q7.pt
Epoch 60/301 | train_loss=0.2867 train_acc=89.25% | val_loss=0.3209 val_acc=86.96% | lr=1.000000e-05
Epoch 61/301 | train_loss=0.2856 train_acc=89.35% | val_loss=0.3201 val_acc=87.02% | lr=1.000000e-05
Saved new best model to /tmp/bow_mlp_imdb_wn3q76q7.pt
Epoch 62/301 | train_loss=0.2821 train_acc=89.26% | val_loss=0.3195 val_acc=87.00% | lr=1.000000e-05
Epoch 63/301 | train_loss=0.2821 train_acc=89.18% | val_loss=0.3192 val_acc=87.10% | lr=1.000000e-05
Saved new best model to /tmp/bow_mlp_imdb_wn3q76q7.pt
Epoch 64/301 | train_loss=0.2777 train_acc=89.75% | val_loss=0.3185 val_acc=86.94% | lr=1.000000e-05
Epoch 65/301 | train_loss=0.2785 train_acc=89.40% | val_loss=0.3182 val_acc=87.04% | lr=1.000000e-05
Epoch 66/301 | train_loss=0.2785 train_acc=89.39% | val_loss=0.3177 val_acc=87.00% | lr=1.000000e-05
Epoch 67/301 | train_loss=0.2771 train_acc=89.58% | val_loss=0.3175 val_acc=87.06% | lr=1.000000e-05
Epoch 68/301 | train_loss=0.2762 train_acc=89.42% | val_loss=0.3172 val_acc=87.08% | lr=1.000000e-05
Epoch 69/301 | train_loss=0.2735 train_acc=89.89% | val_loss=0.3170 val_acc=87.02% | lr=1.000000e-05
Epoch 70/301 | train_loss=0.2721 train_acc=89.52% | val_loss=0.3165 val_acc=87.04% | lr=1.000000e-05
Epoch 71/301 | train_loss=0.2704 train_acc=89.86% | val_loss=0.3162 val_acc=87.08% | lr=1.000000e-05
Epoch 72/301 | train_loss=0.2699 train_acc=89.85% | val_loss=0.3162 val_acc=87.12% | lr=1.000000e-05
Saved new best model to /tmp/bow_mlp_imdb_wn3q76q7.pt
Epoch 73/301 | train_loss=0.2655 train_acc=90.00% | val_loss=0.3155 val_acc=87.00% | lr=1.000000e-05
Epoch 74/301 | train_loss=0.2655 train_acc=89.88% | val_loss=0.3155 val_acc=87.10% | lr=1.000000e-05
Epoch 75/301 | train_loss=0.2649 train_acc=90.06% | val_loss=0.3152 val_acc=87.02% | lr=1.000000e-05
Epoch 76/301 | train_loss=0.2644 train_acc=90.08% | val_loss=0.3150 val_acc=87.02% | lr=1.000000e-05
Epoch 77/301 | train_loss=0.2632 train_acc=90.18% | val_loss=0.3149 val_acc=86.96% | lr=1.000000e-05
Epoch 78/301 | train_loss=0.2608 train_acc=90.02% | val_loss=0.3148 val_acc=87.10% | lr=1.000000e-05
Epoch 79/301 | train_loss=0.2602 train_acc=90.16% | val_loss=0.3145 val_acc=86.96% | lr=1.000000e-05
Epoch 80/301 | train_loss=0.2608 train_acc=90.01% | val_loss=0.3146 val_acc=87.18% | lr=1.000000e-05
Saved new best model to /tmp/bow_mlp_imdb_wn3q76q7.pt
Epoch 81/301 | train_loss=0.2583 train_acc=90.18% | val_loss=0.3143 val_acc=87.12% | lr=1.000000e-05
Epoch 82/301 | train_loss=0.2566 train_acc=90.31% | val_loss=0.3141 val_acc=86.96% | lr=1.000000e-05
Epoch 83/301 | train_loss=0.2548 train_acc=90.28% | val_loss=0.3139 val_acc=86.98% | lr=1.000000e-05
Epoch 84/301 | train_loss=0.2566 train_acc=90.14% | val_loss=0.3141 val_acc=87.10% | lr=1.000000e-05
Epoch 85/301 | train_loss=0.2511 train_acc=90.42% | val_loss=0.3139 val_acc=86.96% | lr=1.000000e-05
Epoch 86/301 | train_loss=0.2527 train_acc=90.36% | val_loss=0.3138 val_acc=86.98% | lr=1.000000e-05
Epoch 87/301 | train_loss=0.2521 train_acc=90.33% | val_loss=0.3138 val_acc=87.06% | lr=1.000000e-05
Epoch 88/301 | train_loss=0.2497 train_acc=90.31% | val_loss=0.3138 val_acc=87.06% | lr=1.000000e-05
Epoch 89/301 | train_loss=0.2501 train_acc=90.39% | val_loss=0.3139 val_acc=87.04% | lr=1.000000e-05
Epoch 90/301 | train_loss=0.2495 train_acc=90.44% | val_loss=0.3141 val_acc=87.08% | lr=1.000000e-05
Epoch 91/301 | train_loss=0.2498 train_acc=90.45% | val_loss=0.3140 val_acc=87.04% | lr=1.000000e-05
Epoch 92/301 | train_loss=0.2465 train_acc=90.59% | val_loss=0.3140 val_acc=87.18% | lr=1.000000e-05
Epoch 93/301 | train_loss=0.2445 train_acc=90.59% | val_loss=0.3142 val_acc=87.06% | lr=1.000000e-05
Epoch 94/301 | train_loss=0.2444 train_acc=90.66% | val_loss=0.3142 val_acc=87.08% | lr=1.000000e-05
Epoch 95/301 | train_loss=0.2437 train_acc=90.70% | val_loss=0.3141 val_acc=87.12% | lr=1.000000e-05
Validation loss has not improved for 8 epochs. Stopping training.
Test loss=0.3167 | Test accuracy=87.06%
