Loading IMDb dataset from local disk: /home/daniel/l/masteruppsats/np-reg/language/data/imdb_hf
Using device: cuda
BoW vocab size: 3125
W0421 00:51:54.333000 1970889 site-packages/torch/_inductor/utils.py:1679] [0/0] Not enough SMs to use max_autotune_gemm mode
Epoch 1/301 | train_loss=0.6973 train_acc=49.44% | val_loss=0.6941 val_acc=51.12% | lr=3.000000e-06
Saved new best model to /tmp/bow_mlp_imdb_20hj9bk8.pt
Epoch 2/301 | train_loss=0.6946 train_acc=50.96% | val_loss=0.6910 val_acc=54.10% | lr=3.000000e-06
Saved new best model to /tmp/bow_mlp_imdb_20hj9bk8.pt
Epoch 3/301 | train_loss=0.6908 train_acc=53.33% | val_loss=0.6881 val_acc=56.30% | lr=3.000000e-06
Saved new best model to /tmp/bow_mlp_imdb_20hj9bk8.pt
Epoch 4/301 | train_loss=0.6882 train_acc=55.19% | val_loss=0.6852 val_acc=58.90% | lr=3.000000e-06
Saved new best model to /tmp/bow_mlp_imdb_20hj9bk8.pt
Epoch 5/301 | train_loss=0.6854 train_acc=57.51% | val_loss=0.6824 val_acc=61.06% | lr=3.000000e-06
Saved new best model to /tmp/bow_mlp_imdb_20hj9bk8.pt
Epoch 6/301 | train_loss=0.6825 train_acc=59.01% | val_loss=0.6796 val_acc=63.04% | lr=3.000000e-06
Saved new best model to /tmp/bow_mlp_imdb_20hj9bk8.pt
Epoch 7/301 | train_loss=0.6792 train_acc=61.00% | val_loss=0.6769 val_acc=64.68% | lr=3.000000e-06
Saved new best model to /tmp/bow_mlp_imdb_20hj9bk8.pt
Epoch 8/301 | train_loss=0.6766 train_acc=62.39% | val_loss=0.6741 val_acc=66.24% | lr=3.000000e-06
Saved new best model to /tmp/bow_mlp_imdb_20hj9bk8.pt
Epoch 9/301 | train_loss=0.6735 train_acc=64.14% | val_loss=0.6713 val_acc=67.56% | lr=3.000000e-06
Saved new best model to /tmp/bow_mlp_imdb_20hj9bk8.pt
Epoch 10/301 | train_loss=0.6704 train_acc=65.11% | val_loss=0.6684 val_acc=68.62% | lr=3.000000e-06
Saved new best model to /tmp/bow_mlp_imdb_20hj9bk8.pt
Epoch 11/301 | train_loss=0.6677 train_acc=66.68% | val_loss=0.6655 val_acc=70.02% | lr=3.000000e-06
Saved new best model to /tmp/bow_mlp_imdb_20hj9bk8.pt
Epoch 12/301 | train_loss=0.6652 train_acc=67.55% | val_loss=0.6626 val_acc=70.86% | lr=3.000000e-06
Saved new best model to /tmp/bow_mlp_imdb_20hj9bk8.pt
Epoch 13/301 | train_loss=0.6615 train_acc=68.67% | val_loss=0.6597 val_acc=72.04% | lr=3.000000e-06
Saved new best model to /tmp/bow_mlp_imdb_20hj9bk8.pt
Epoch 14/301 | train_loss=0.6586 train_acc=69.53% | val_loss=0.6566 val_acc=72.88% | lr=3.000000e-06
Saved new best model to /tmp/bow_mlp_imdb_20hj9bk8.pt
Epoch 15/301 | train_loss=0.6549 train_acc=70.53% | val_loss=0.6534 val_acc=73.66% | lr=3.000000e-06
Saved new best model to /tmp/bow_mlp_imdb_20hj9bk8.pt
Epoch 16/301 | train_loss=0.6522 train_acc=71.11% | val_loss=0.6500 val_acc=74.10% | lr=3.000000e-06
Saved new best model to /tmp/bow_mlp_imdb_20hj9bk8.pt
Epoch 17/301 | train_loss=0.6487 train_acc=71.78% | val_loss=0.6464 val_acc=74.56% | lr=3.000000e-06
Saved new best model to /tmp/bow_mlp_imdb_20hj9bk8.pt
Epoch 18/301 | train_loss=0.6449 train_acc=72.47% | val_loss=0.6424 val_acc=74.88% | lr=3.000000e-06
Saved new best model to /tmp/bow_mlp_imdb_20hj9bk8.pt
Epoch 19/301 | train_loss=0.6406 train_acc=73.23% | val_loss=0.6383 val_acc=75.38% | lr=3.000000e-06
Saved new best model to /tmp/bow_mlp_imdb_20hj9bk8.pt
Epoch 20/301 | train_loss=0.6366 train_acc=74.00% | val_loss=0.6344 val_acc=75.42% | lr=3.000000e-06
Saved new best model to /tmp/bow_mlp_imdb_20hj9bk8.pt
Epoch 21/301 | train_loss=0.6326 train_acc=73.92% | val_loss=0.6307 val_acc=75.70% | lr=3.000000e-06
Saved new best model to /tmp/bow_mlp_imdb_20hj9bk8.pt
Epoch 22/301 | train_loss=0.6292 train_acc=74.49% | val_loss=0.6271 val_acc=76.02% | lr=3.000000e-06
Saved new best model to /tmp/bow_mlp_imdb_20hj9bk8.pt
Epoch 23/301 | train_loss=0.6257 train_acc=74.95% | val_loss=0.6238 val_acc=76.46% | lr=3.000000e-06
Saved new best model to /tmp/bow_mlp_imdb_20hj9bk8.pt
Epoch 24/301 | train_loss=0.6226 train_acc=75.22% | val_loss=0.6204 val_acc=76.74% | lr=3.000000e-06
Saved new best model to /tmp/bow_mlp_imdb_20hj9bk8.pt
Epoch 25/301 | train_loss=0.6187 train_acc=75.77% | val_loss=0.6171 val_acc=77.12% | lr=3.000000e-06
Saved new best model to /tmp/bow_mlp_imdb_20hj9bk8.pt
Epoch 26/301 | train_loss=0.6154 train_acc=75.95% | val_loss=0.6139 val_acc=77.30% | lr=3.000000e-06
Saved new best model to /tmp/bow_mlp_imdb_20hj9bk8.pt
Epoch 27/301 | train_loss=0.6120 train_acc=75.96% | val_loss=0.6104 val_acc=77.50% | lr=3.000000e-06
Saved new best model to /tmp/bow_mlp_imdb_20hj9bk8.pt
Epoch 28/301 | train_loss=0.6091 train_acc=76.33% | val_loss=0.6068 val_acc=78.06% | lr=3.000000e-06
Saved new best model to /tmp/bow_mlp_imdb_20hj9bk8.pt
Epoch 29/301 | train_loss=0.6055 train_acc=76.46% | val_loss=0.6031 val_acc=78.38% | lr=3.000000e-06
Saved new best model to /tmp/bow_mlp_imdb_20hj9bk8.pt
Epoch 30/301 | train_loss=0.6026 train_acc=76.48% | val_loss=0.5995 val_acc=78.60% | lr=3.000000e-06
Saved new best model to /tmp/bow_mlp_imdb_20hj9bk8.pt
Epoch 31/301 | train_loss=0.5987 train_acc=76.72% | val_loss=0.5959 val_acc=78.50% | lr=3.000000e-06
Epoch 32/301 | train_loss=0.5952 train_acc=77.28% | val_loss=0.5925 val_acc=78.70% | lr=3.000000e-06
Saved new best model to /tmp/bow_mlp_imdb_20hj9bk8.pt
Epoch 33/301 | train_loss=0.5910 train_acc=77.63% | val_loss=0.5891 val_acc=78.98% | lr=3.000000e-06
Saved new best model to /tmp/bow_mlp_imdb_20hj9bk8.pt
Epoch 34/301 | train_loss=0.5878 train_acc=77.83% | val_loss=0.5859 val_acc=79.20% | lr=3.000000e-06
Saved new best model to /tmp/bow_mlp_imdb_20hj9bk8.pt
Epoch 35/301 | train_loss=0.5842 train_acc=78.23% | val_loss=0.5827 val_acc=79.38% | lr=3.000000e-06
Saved new best model to /tmp/bow_mlp_imdb_20hj9bk8.pt
Epoch 36/301 | train_loss=0.5822 train_acc=77.99% | val_loss=0.5796 val_acc=79.40% | lr=3.000000e-06
Saved new best model to /tmp/bow_mlp_imdb_20hj9bk8.pt
Epoch 37/301 | train_loss=0.5789 train_acc=78.11% | val_loss=0.5766 val_acc=79.50% | lr=3.000000e-06
Saved new best model to /tmp/bow_mlp_imdb_20hj9bk8.pt
Epoch 38/301 | train_loss=0.5754 train_acc=78.59% | val_loss=0.5736 val_acc=79.64% | lr=3.000000e-06
Saved new best model to /tmp/bow_mlp_imdb_20hj9bk8.pt
Epoch 39/301 | train_loss=0.5720 train_acc=78.67% | val_loss=0.5706 val_acc=79.88% | lr=3.000000e-06
Saved new best model to /tmp/bow_mlp_imdb_20hj9bk8.pt
Epoch 40/301 | train_loss=0.5688 train_acc=78.89% | val_loss=0.5676 val_acc=80.24% | lr=3.000000e-06
Saved new best model to /tmp/bow_mlp_imdb_20hj9bk8.pt
Epoch 41/301 | train_loss=0.5658 train_acc=79.13% | val_loss=0.5645 val_acc=80.32% | lr=3.000000e-06
Saved new best model to /tmp/bow_mlp_imdb_20hj9bk8.pt
Epoch 42/301 | train_loss=0.5639 train_acc=79.25% | val_loss=0.5614 val_acc=80.32% | lr=3.000000e-06
Epoch 43/301 | train_loss=0.5587 train_acc=79.05% | val_loss=0.5583 val_acc=80.38% | lr=3.000000e-06
Saved new best model to /tmp/bow_mlp_imdb_20hj9bk8.pt
Epoch 44/301 | train_loss=0.5558 train_acc=79.75% | val_loss=0.5552 val_acc=80.50% | lr=3.000000e-06
Saved new best model to /tmp/bow_mlp_imdb_20hj9bk8.pt
Epoch 45/301 | train_loss=0.5536 train_acc=79.72% | val_loss=0.5523 val_acc=80.62% | lr=3.000000e-06
Saved new best model to /tmp/bow_mlp_imdb_20hj9bk8.pt
Epoch 46/301 | train_loss=0.5505 train_acc=79.88% | val_loss=0.5494 val_acc=80.76% | lr=3.000000e-06
Saved new best model to /tmp/bow_mlp_imdb_20hj9bk8.pt
Epoch 47/301 | train_loss=0.5470 train_acc=79.97% | val_loss=0.5465 val_acc=81.00% | lr=3.000000e-06
Saved new best model to /tmp/bow_mlp_imdb_20hj9bk8.pt
Epoch 48/301 | train_loss=0.5439 train_acc=80.45% | val_loss=0.5438 val_acc=81.18% | lr=3.000000e-06
Saved new best model to /tmp/bow_mlp_imdb_20hj9bk8.pt
Epoch 49/301 | train_loss=0.5416 train_acc=80.25% | val_loss=0.5410 val_acc=81.34% | lr=3.000000e-06
Saved new best model to /tmp/bow_mlp_imdb_20hj9bk8.pt
Epoch 50/301 | train_loss=0.5384 train_acc=80.79% | val_loss=0.5384 val_acc=81.38% | lr=3.000000e-06
Saved new best model to /tmp/bow_mlp_imdb_20hj9bk8.pt
Epoch 51/301 | train_loss=0.5361 train_acc=80.84% | val_loss=0.5358 val_acc=81.42% | lr=3.000000e-06
Saved new best model to /tmp/bow_mlp_imdb_20hj9bk8.pt
Epoch 52/301 | train_loss=0.5321 train_acc=81.04% | val_loss=0.5332 val_acc=81.66% | lr=3.000000e-06
Saved new best model to /tmp/bow_mlp_imdb_20hj9bk8.pt
Epoch 53/301 | train_loss=0.5318 train_acc=80.84% | val_loss=0.5308 val_acc=81.80% | lr=3.000000e-06
Saved new best model to /tmp/bow_mlp_imdb_20hj9bk8.pt
Epoch 54/301 | train_loss=0.5286 train_acc=80.95% | val_loss=0.5283 val_acc=81.88% | lr=3.000000e-06
Saved new best model to /tmp/bow_mlp_imdb_20hj9bk8.pt
Epoch 55/301 | train_loss=0.5260 train_acc=81.16% | val_loss=0.5259 val_acc=81.98% | lr=3.000000e-06
Saved new best model to /tmp/bow_mlp_imdb_20hj9bk8.pt
Epoch 56/301 | train_loss=0.5239 train_acc=81.42% | val_loss=0.5235 val_acc=82.18% | lr=3.000000e-06
Saved new best model to /tmp/bow_mlp_imdb_20hj9bk8.pt
Epoch 57/301 | train_loss=0.5218 train_acc=81.31% | val_loss=0.5211 val_acc=82.30% | lr=3.000000e-06
Saved new best model to /tmp/bow_mlp_imdb_20hj9bk8.pt
Epoch 58/301 | train_loss=0.5195 train_acc=81.60% | val_loss=0.5188 val_acc=82.56% | lr=3.000000e-06
Saved new best model to /tmp/bow_mlp_imdb_20hj9bk8.pt
Epoch 59/301 | train_loss=0.5165 train_acc=81.75% | val_loss=0.5166 val_acc=82.56% | lr=3.000000e-06
Epoch 60/301 | train_loss=0.5131 train_acc=81.53% | val_loss=0.5143 val_acc=82.64% | lr=3.000000e-06
Saved new best model to /tmp/bow_mlp_imdb_20hj9bk8.pt
Epoch 61/301 | train_loss=0.5124 train_acc=81.58% | val_loss=0.5121 val_acc=82.70% | lr=3.000000e-06
Saved new best model to /tmp/bow_mlp_imdb_20hj9bk8.pt
Epoch 62/301 | train_loss=0.5088 train_acc=82.08% | val_loss=0.5099 val_acc=82.74% | lr=3.000000e-06
Saved new best model to /tmp/bow_mlp_imdb_20hj9bk8.pt
Epoch 63/301 | train_loss=0.5067 train_acc=82.08% | val_loss=0.5078 val_acc=82.80% | lr=3.000000e-06
Saved new best model to /tmp/bow_mlp_imdb_20hj9bk8.pt
Epoch 64/301 | train_loss=0.5056 train_acc=82.42% | val_loss=0.5057 val_acc=82.96% | lr=3.000000e-06
Saved new best model to /tmp/bow_mlp_imdb_20hj9bk8.pt
Epoch 65/301 | train_loss=0.5031 train_acc=82.25% | val_loss=0.5036 val_acc=83.02% | lr=3.000000e-06
Saved new best model to /tmp/bow_mlp_imdb_20hj9bk8.pt
Epoch 66/301 | train_loss=0.5008 train_acc=82.17% | val_loss=0.5016 val_acc=83.12% | lr=3.000000e-06
Saved new best model to /tmp/bow_mlp_imdb_20hj9bk8.pt
Epoch 67/301 | train_loss=0.4978 train_acc=82.48% | val_loss=0.4995 val_acc=83.12% | lr=3.000000e-06
Epoch 68/301 | train_loss=0.4967 train_acc=82.49% | val_loss=0.4975 val_acc=83.16% | lr=3.000000e-06
Saved new best model to /tmp/bow_mlp_imdb_20hj9bk8.pt
Epoch 69/301 | train_loss=0.4927 train_acc=82.82% | val_loss=0.4955 val_acc=83.22% | lr=3.000000e-06
Saved new best model to /tmp/bow_mlp_imdb_20hj9bk8.pt
Epoch 70/301 | train_loss=0.4925 train_acc=82.60% | val_loss=0.4935 val_acc=83.20% | lr=3.000000e-06
Epoch 71/301 | train_loss=0.4893 train_acc=82.99% | val_loss=0.4916 val_acc=83.18% | lr=3.000000e-06
Epoch 72/301 | train_loss=0.4884 train_acc=83.13% | val_loss=0.4897 val_acc=83.30% | lr=3.000000e-06
Saved new best model to /tmp/bow_mlp_imdb_20hj9bk8.pt
Epoch 73/301 | train_loss=0.4862 train_acc=82.78% | val_loss=0.4878 val_acc=83.22% | lr=3.000000e-06
Epoch 74/301 | train_loss=0.4850 train_acc=83.17% | val_loss=0.4860 val_acc=83.20% | lr=3.000000e-06
Epoch 75/301 | train_loss=0.4829 train_acc=83.12% | val_loss=0.4842 val_acc=83.30% | lr=3.000000e-06
Epoch 76/301 | train_loss=0.4809 train_acc=82.94% | val_loss=0.4824 val_acc=83.38% | lr=3.000000e-06
Saved new best model to /tmp/bow_mlp_imdb_20hj9bk8.pt
Epoch 77/301 | train_loss=0.4791 train_acc=83.31% | val_loss=0.4806 val_acc=83.44% | lr=3.000000e-06
Saved new best model to /tmp/bow_mlp_imdb_20hj9bk8.pt
Epoch 78/301 | train_loss=0.4762 train_acc=83.40% | val_loss=0.4788 val_acc=83.40% | lr=3.000000e-06
Epoch 79/301 | train_loss=0.4756 train_acc=83.41% | val_loss=0.4771 val_acc=83.44% | lr=3.000000e-06
Epoch 80/301 | train_loss=0.4732 train_acc=83.39% | val_loss=0.4754 val_acc=83.60% | lr=3.000000e-06
Saved new best model to /tmp/bow_mlp_imdb_20hj9bk8.pt
Epoch 81/301 | train_loss=0.4713 train_acc=83.44% | val_loss=0.4737 val_acc=83.60% | lr=3.000000e-06
Epoch 82/301 | train_loss=0.4686 train_acc=83.68% | val_loss=0.4720 val_acc=83.68% | lr=3.000000e-06
Saved new best model to /tmp/bow_mlp_imdb_20hj9bk8.pt
Epoch 83/301 | train_loss=0.4680 train_acc=83.91% | val_loss=0.4704 val_acc=83.76% | lr=3.000000e-06
Saved new best model to /tmp/bow_mlp_imdb_20hj9bk8.pt
Epoch 84/301 | train_loss=0.4653 train_acc=83.73% | val_loss=0.4687 val_acc=83.86% | lr=3.000000e-06
Saved new best model to /tmp/bow_mlp_imdb_20hj9bk8.pt
Epoch 85/301 | train_loss=0.4654 train_acc=83.52% | val_loss=0.4671 val_acc=83.92% | lr=3.000000e-06
Saved new best model to /tmp/bow_mlp_imdb_20hj9bk8.pt
Epoch 86/301 | train_loss=0.4629 train_acc=83.81% | val_loss=0.4655 val_acc=83.92% | lr=3.000000e-06
Epoch 87/301 | train_loss=0.4605 train_acc=83.92% | val_loss=0.4640 val_acc=84.06% | lr=3.000000e-06
Saved new best model to /tmp/bow_mlp_imdb_20hj9bk8.pt
Epoch 88/301 | train_loss=0.4588 train_acc=83.94% | val_loss=0.4624 val_acc=84.08% | lr=3.000000e-06
Saved new best model to /tmp/bow_mlp_imdb_20hj9bk8.pt
Epoch 89/301 | train_loss=0.4573 train_acc=84.00% | val_loss=0.4608 val_acc=83.96% | lr=3.000000e-06
Epoch 90/301 | train_loss=0.4558 train_acc=84.28% | val_loss=0.4593 val_acc=84.06% | lr=3.000000e-06
Epoch 91/301 | train_loss=0.4547 train_acc=84.25% | val_loss=0.4579 val_acc=84.12% | lr=3.000000e-06
Saved new best model to /tmp/bow_mlp_imdb_20hj9bk8.pt
Epoch 92/301 | train_loss=0.4526 train_acc=84.25% | val_loss=0.4564 val_acc=84.16% | lr=3.000000e-06
Saved new best model to /tmp/bow_mlp_imdb_20hj9bk8.pt
Epoch 93/301 | train_loss=0.4504 train_acc=84.25% | val_loss=0.4549 val_acc=84.16% | lr=3.000000e-06
Epoch 94/301 | train_loss=0.4489 train_acc=84.24% | val_loss=0.4534 val_acc=84.22% | lr=3.000000e-06
Saved new best model to /tmp/bow_mlp_imdb_20hj9bk8.pt
Epoch 95/301 | train_loss=0.4481 train_acc=84.23% | val_loss=0.4520 val_acc=84.18% | lr=3.000000e-06
Epoch 96/301 | train_loss=0.4474 train_acc=84.54% | val_loss=0.4506 val_acc=84.22% | lr=3.000000e-06
Epoch 97/301 | train_loss=0.4449 train_acc=84.41% | val_loss=0.4492 val_acc=84.20% | lr=3.000000e-06
Epoch 98/301 | train_loss=0.4436 train_acc=84.42% | val_loss=0.4478 val_acc=84.16% | lr=3.000000e-06
Epoch 99/301 | train_loss=0.4423 train_acc=84.57% | val_loss=0.4465 val_acc=84.20% | lr=3.000000e-06
Epoch 100/301 | train_loss=0.4406 train_acc=84.67% | val_loss=0.4451 val_acc=84.24% | lr=3.000000e-06
Saved new best model to /tmp/bow_mlp_imdb_20hj9bk8.pt
Epoch 101/301 | train_loss=0.4401 train_acc=84.54% | val_loss=0.4438 val_acc=84.24% | lr=3.000000e-06
Epoch 102/301 | train_loss=0.4373 train_acc=84.78% | val_loss=0.4425 val_acc=84.30% | lr=3.000000e-06
Saved new best model to /tmp/bow_mlp_imdb_20hj9bk8.pt
Epoch 103/301 | train_loss=0.4361 train_acc=84.80% | val_loss=0.4412 val_acc=84.24% | lr=3.000000e-06
Epoch 104/301 | train_loss=0.4346 train_acc=84.91% | val_loss=0.4399 val_acc=84.30% | lr=3.000000e-06
Epoch 105/301 | train_loss=0.4341 train_acc=84.72% | val_loss=0.4386 val_acc=84.30% | lr=3.000000e-06
Epoch 106/301 | train_loss=0.4318 train_acc=84.81% | val_loss=0.4374 val_acc=84.40% | lr=3.000000e-06
Saved new best model to /tmp/bow_mlp_imdb_20hj9bk8.pt
Epoch 107/301 | train_loss=0.4309 train_acc=84.92% | val_loss=0.4361 val_acc=84.40% | lr=3.000000e-06
Epoch 108/301 | train_loss=0.4296 train_acc=85.08% | val_loss=0.4349 val_acc=84.48% | lr=3.000000e-06
Saved new best model to /tmp/bow_mlp_imdb_20hj9bk8.pt
Epoch 109/301 | train_loss=0.4289 train_acc=85.01% | val_loss=0.4337 val_acc=84.48% | lr=3.000000e-06
Epoch 110/301 | train_loss=0.4267 train_acc=85.22% | val_loss=0.4325 val_acc=84.56% | lr=3.000000e-06
Saved new best model to /tmp/bow_mlp_imdb_20hj9bk8.pt
Epoch 111/301 | train_loss=0.4268 train_acc=84.88% | val_loss=0.4313 val_acc=84.58% | lr=3.000000e-06
Saved new best model to /tmp/bow_mlp_imdb_20hj9bk8.pt
Epoch 112/301 | train_loss=0.4247 train_acc=85.34% | val_loss=0.4301 val_acc=84.62% | lr=3.000000e-06
Saved new best model to /tmp/bow_mlp_imdb_20hj9bk8.pt
Epoch 113/301 | train_loss=0.4222 train_acc=85.13% | val_loss=0.4290 val_acc=84.60% | lr=3.000000e-06
Epoch 114/301 | train_loss=0.4216 train_acc=85.15% | val_loss=0.4279 val_acc=84.58% | lr=3.000000e-06
Epoch 115/301 | train_loss=0.4205 train_acc=85.41% | val_loss=0.4267 val_acc=84.62% | lr=3.000000e-06
Epoch 116/301 | train_loss=0.4197 train_acc=85.39% | val_loss=0.4256 val_acc=84.66% | lr=3.000000e-06
Saved new best model to /tmp/bow_mlp_imdb_20hj9bk8.pt
Epoch 117/301 | train_loss=0.4176 train_acc=85.37% | val_loss=0.4245 val_acc=84.68% | lr=3.000000e-06
Saved new best model to /tmp/bow_mlp_imdb_20hj9bk8.pt
Epoch 118/301 | train_loss=0.4179 train_acc=85.12% | val_loss=0.4234 val_acc=84.68% | lr=3.000000e-06
Epoch 119/301 | train_loss=0.4160 train_acc=85.33% | val_loss=0.4224 val_acc=84.70% | lr=3.000000e-06
Saved new best model to /tmp/bow_mlp_imdb_20hj9bk8.pt
Epoch 120/301 | train_loss=0.4163 train_acc=85.16% | val_loss=0.4213 val_acc=84.76% | lr=3.000000e-06
Saved new best model to /tmp/bow_mlp_imdb_20hj9bk8.pt
Epoch 121/301 | train_loss=0.4144 train_acc=85.28% | val_loss=0.4203 val_acc=84.84% | lr=3.000000e-06
Saved new best model to /tmp/bow_mlp_imdb_20hj9bk8.pt
Epoch 122/301 | train_loss=0.4123 train_acc=85.62% | val_loss=0.4192 val_acc=84.86% | lr=3.000000e-06
Saved new best model to /tmp/bow_mlp_imdb_20hj9bk8.pt
Epoch 123/301 | train_loss=0.4104 train_acc=85.56% | val_loss=0.4182 val_acc=84.86% | lr=3.000000e-06
Epoch 124/301 | train_loss=0.4107 train_acc=85.33% | val_loss=0.4172 val_acc=84.94% | lr=3.000000e-06
Saved new best model to /tmp/bow_mlp_imdb_20hj9bk8.pt
Epoch 125/301 | train_loss=0.4086 train_acc=85.65% | val_loss=0.4162 val_acc=84.90% | lr=3.000000e-06
Epoch 126/301 | train_loss=0.4071 train_acc=85.78% | val_loss=0.4152 val_acc=84.90% | lr=3.000000e-06
Epoch 127/301 | train_loss=0.4073 train_acc=85.39% | val_loss=0.4142 val_acc=85.02% | lr=3.000000e-06
Saved new best model to /tmp/bow_mlp_imdb_20hj9bk8.pt
Epoch 128/301 | train_loss=0.4047 train_acc=85.72% | val_loss=0.4132 val_acc=85.00% | lr=3.000000e-06
Epoch 129/301 | train_loss=0.4057 train_acc=85.78% | val_loss=0.4123 val_acc=84.98% | lr=3.000000e-06
Epoch 130/301 | train_loss=0.4040 train_acc=85.67% | val_loss=0.4113 val_acc=85.06% | lr=3.000000e-06
Saved new best model to /tmp/bow_mlp_imdb_20hj9bk8.pt
Epoch 131/301 | train_loss=0.4018 train_acc=85.82% | val_loss=0.4103 val_acc=85.02% | lr=3.000000e-06
Epoch 132/301 | train_loss=0.4022 train_acc=85.59% | val_loss=0.4094 val_acc=85.04% | lr=3.000000e-06
Epoch 133/301 | train_loss=0.4016 train_acc=85.75% | val_loss=0.4085 val_acc=85.06% | lr=3.000000e-06
Epoch 134/301 | train_loss=0.3997 train_acc=85.91% | val_loss=0.4076 val_acc=85.04% | lr=3.000000e-06
Epoch 135/301 | train_loss=0.3997 train_acc=86.04% | val_loss=0.4067 val_acc=85.04% | lr=3.000000e-06
Epoch 136/301 | train_loss=0.3974 train_acc=85.95% | val_loss=0.4058 val_acc=85.04% | lr=3.000000e-06
Epoch 137/301 | train_loss=0.3970 train_acc=85.88% | val_loss=0.4050 val_acc=85.06% | lr=3.000000e-06
Epoch 138/301 | train_loss=0.3953 train_acc=86.03% | val_loss=0.4040 val_acc=85.06% | lr=3.000000e-06
Epoch 139/301 | train_loss=0.3950 train_acc=86.20% | val_loss=0.4032 val_acc=85.04% | lr=3.000000e-06
Epoch 140/301 | train_loss=0.3938 train_acc=86.08% | val_loss=0.4023 val_acc=85.04% | lr=3.000000e-06
Epoch 141/301 | train_loss=0.3933 train_acc=85.91% | val_loss=0.4015 val_acc=85.12% | lr=3.000000e-06
Saved new best model to /tmp/bow_mlp_imdb_20hj9bk8.pt
Epoch 142/301 | train_loss=0.3900 train_acc=86.36% | val_loss=0.4007 val_acc=85.20% | lr=3.000000e-06
Saved new best model to /tmp/bow_mlp_imdb_20hj9bk8.pt
Epoch 143/301 | train_loss=0.3905 train_acc=86.22% | val_loss=0.3998 val_acc=85.18% | lr=3.000000e-06
Epoch 144/301 | train_loss=0.3890 train_acc=86.20% | val_loss=0.3989 val_acc=85.24% | lr=3.000000e-06
Saved new best model to /tmp/bow_mlp_imdb_20hj9bk8.pt
Epoch 145/301 | train_loss=0.3881 train_acc=86.27% | val_loss=0.3981 val_acc=85.24% | lr=3.000000e-06
Epoch 146/301 | train_loss=0.3883 train_acc=86.39% | val_loss=0.3974 val_acc=85.26% | lr=3.000000e-06
Saved new best model to /tmp/bow_mlp_imdb_20hj9bk8.pt
Epoch 147/301 | train_loss=0.3862 train_acc=86.51% | val_loss=0.3966 val_acc=85.30% | lr=3.000000e-06
Saved new best model to /tmp/bow_mlp_imdb_20hj9bk8.pt
Epoch 148/301 | train_loss=0.3863 train_acc=86.22% | val_loss=0.3958 val_acc=85.28% | lr=3.000000e-06
Epoch 149/301 | train_loss=0.3850 train_acc=86.28% | val_loss=0.3950 val_acc=85.30% | lr=3.000000e-06
Epoch 150/301 | train_loss=0.3833 train_acc=86.22% | val_loss=0.3942 val_acc=85.30% | lr=3.000000e-06
Epoch 151/301 | train_loss=0.3842 train_acc=86.24% | val_loss=0.3935 val_acc=85.32% | lr=3.000000e-06
Saved new best model to /tmp/bow_mlp_imdb_20hj9bk8.pt
Epoch 152/301 | train_loss=0.3818 train_acc=86.42% | val_loss=0.3927 val_acc=85.30% | lr=3.000000e-06
Epoch 153/301 | train_loss=0.3823 train_acc=86.28% | val_loss=0.3920 val_acc=85.32% | lr=3.000000e-06
Epoch 154/301 | train_loss=0.3809 train_acc=86.37% | val_loss=0.3912 val_acc=85.32% | lr=3.000000e-06
Epoch 155/301 | train_loss=0.3802 train_acc=86.54% | val_loss=0.3905 val_acc=85.34% | lr=3.000000e-06
Saved new best model to /tmp/bow_mlp_imdb_20hj9bk8.pt
Epoch 156/301 | train_loss=0.3791 train_acc=86.56% | val_loss=0.3898 val_acc=85.38% | lr=3.000000e-06
Saved new best model to /tmp/bow_mlp_imdb_20hj9bk8.pt
Epoch 157/301 | train_loss=0.3775 train_acc=86.61% | val_loss=0.3891 val_acc=85.38% | lr=3.000000e-06
Epoch 158/301 | train_loss=0.3782 train_acc=86.43% | val_loss=0.3884 val_acc=85.42% | lr=3.000000e-06
Saved new best model to /tmp/bow_mlp_imdb_20hj9bk8.pt
Epoch 159/301 | train_loss=0.3774 train_acc=86.51% | val_loss=0.3877 val_acc=85.44% | lr=3.000000e-06
Saved new best model to /tmp/bow_mlp_imdb_20hj9bk8.pt
Epoch 160/301 | train_loss=0.3765 train_acc=86.60% | val_loss=0.3870 val_acc=85.38% | lr=3.000000e-06
Epoch 161/301 | train_loss=0.3756 train_acc=86.41% | val_loss=0.3863 val_acc=85.42% | lr=3.000000e-06
Epoch 162/301 | train_loss=0.3750 train_acc=86.49% | val_loss=0.3856 val_acc=85.40% | lr=3.000000e-06
Epoch 163/301 | train_loss=0.3737 train_acc=86.77% | val_loss=0.3850 val_acc=85.40% | lr=3.000000e-06
Epoch 164/301 | train_loss=0.3736 train_acc=86.50% | val_loss=0.3843 val_acc=85.40% | lr=3.000000e-06
Epoch 165/301 | train_loss=0.3719 train_acc=86.65% | val_loss=0.3836 val_acc=85.48% | lr=3.000000e-06
Saved new best model to /tmp/bow_mlp_imdb_20hj9bk8.pt
Epoch 166/301 | train_loss=0.3711 train_acc=86.78% | val_loss=0.3830 val_acc=85.46% | lr=3.000000e-06
Epoch 167/301 | train_loss=0.3700 train_acc=86.81% | val_loss=0.3823 val_acc=85.52% | lr=3.000000e-06
Saved new best model to /tmp/bow_mlp_imdb_20hj9bk8.pt
Epoch 168/301 | train_loss=0.3694 train_acc=86.73% | val_loss=0.3817 val_acc=85.58% | lr=3.000000e-06
Saved new best model to /tmp/bow_mlp_imdb_20hj9bk8.pt
Epoch 169/301 | train_loss=0.3688 train_acc=86.89% | val_loss=0.3811 val_acc=85.58% | lr=3.000000e-06
Epoch 170/301 | train_loss=0.3681 train_acc=86.92% | val_loss=0.3804 val_acc=85.58% | lr=3.000000e-06
Epoch 171/301 | train_loss=0.3685 train_acc=86.98% | val_loss=0.3798 val_acc=85.62% | lr=3.000000e-06
Saved new best model to /tmp/bow_mlp_imdb_20hj9bk8.pt
Epoch 172/301 | train_loss=0.3668 train_acc=86.86% | val_loss=0.3792 val_acc=85.66% | lr=3.000000e-06
Saved new best model to /tmp/bow_mlp_imdb_20hj9bk8.pt
Epoch 173/301 | train_loss=0.3649 train_acc=87.03% | val_loss=0.3786 val_acc=85.66% | lr=3.000000e-06
Epoch 174/301 | train_loss=0.3652 train_acc=86.98% | val_loss=0.3780 val_acc=85.72% | lr=3.000000e-06
Saved new best model to /tmp/bow_mlp_imdb_20hj9bk8.pt
Epoch 175/301 | train_loss=0.3645 train_acc=86.98% | val_loss=0.3774 val_acc=85.72% | lr=3.000000e-06
Epoch 176/301 | train_loss=0.3639 train_acc=87.02% | val_loss=0.3768 val_acc=85.74% | lr=3.000000e-06
Saved new best model to /tmp/bow_mlp_imdb_20hj9bk8.pt
Epoch 177/301 | train_loss=0.3632 train_acc=86.83% | val_loss=0.3762 val_acc=85.70% | lr=3.000000e-06
Epoch 178/301 | train_loss=0.3630 train_acc=87.08% | val_loss=0.3756 val_acc=85.72% | lr=3.000000e-06
Epoch 179/301 | train_loss=0.3619 train_acc=87.12% | val_loss=0.3750 val_acc=85.78% | lr=3.000000e-06
Saved new best model to /tmp/bow_mlp_imdb_20hj9bk8.pt
Epoch 180/301 | train_loss=0.3606 train_acc=87.14% | val_loss=0.3745 val_acc=85.80% | lr=3.000000e-06
Saved new best model to /tmp/bow_mlp_imdb_20hj9bk8.pt
Epoch 181/301 | train_loss=0.3598 train_acc=86.95% | val_loss=0.3739 val_acc=85.74% | lr=3.000000e-06
Epoch 182/301 | train_loss=0.3595 train_acc=86.98% | val_loss=0.3733 val_acc=85.80% | lr=3.000000e-06
Epoch 183/301 | train_loss=0.3594 train_acc=87.06% | val_loss=0.3728 val_acc=85.76% | lr=3.000000e-06
Epoch 184/301 | train_loss=0.3591 train_acc=86.98% | val_loss=0.3723 val_acc=85.80% | lr=3.000000e-06
Epoch 185/301 | train_loss=0.3582 train_acc=87.07% | val_loss=0.3717 val_acc=85.82% | lr=3.000000e-06
Saved new best model to /tmp/bow_mlp_imdb_20hj9bk8.pt
Epoch 186/301 | train_loss=0.3577 train_acc=87.13% | val_loss=0.3712 val_acc=85.88% | lr=3.000000e-06
Saved new best model to /tmp/bow_mlp_imdb_20hj9bk8.pt
Epoch 187/301 | train_loss=0.3553 train_acc=87.19% | val_loss=0.3707 val_acc=85.82% | lr=3.000000e-06
Epoch 188/301 | train_loss=0.3556 train_acc=86.92% | val_loss=0.3702 val_acc=85.82% | lr=3.000000e-06
Epoch 189/301 | train_loss=0.3548 train_acc=87.00% | val_loss=0.3696 val_acc=85.84% | lr=3.000000e-06
Epoch 190/301 | train_loss=0.3544 train_acc=87.22% | val_loss=0.3691 val_acc=85.86% | lr=3.000000e-06
Epoch 191/301 | train_loss=0.3545 train_acc=87.24% | val_loss=0.3686 val_acc=85.86% | lr=3.000000e-06
Epoch 192/301 | train_loss=0.3516 train_acc=87.26% | val_loss=0.3681 val_acc=85.90% | lr=3.000000e-06
Saved new best model to /tmp/bow_mlp_imdb_20hj9bk8.pt
Epoch 193/301 | train_loss=0.3515 train_acc=87.17% | val_loss=0.3676 val_acc=85.88% | lr=3.000000e-06
Epoch 194/301 | train_loss=0.3516 train_acc=87.33% | val_loss=0.3671 val_acc=85.90% | lr=3.000000e-06
Epoch 195/301 | train_loss=0.3529 train_acc=87.01% | val_loss=0.3666 val_acc=86.04% | lr=3.000000e-06
Saved new best model to /tmp/bow_mlp_imdb_20hj9bk8.pt
Epoch 196/301 | train_loss=0.3517 train_acc=87.30% | val_loss=0.3661 val_acc=86.02% | lr=3.000000e-06
Epoch 197/301 | train_loss=0.3504 train_acc=87.53% | val_loss=0.3656 val_acc=86.04% | lr=3.000000e-06
Epoch 198/301 | train_loss=0.3498 train_acc=87.23% | val_loss=0.3652 val_acc=86.02% | lr=3.000000e-06
Epoch 199/301 | train_loss=0.3487 train_acc=87.45% | val_loss=0.3647 val_acc=86.06% | lr=3.000000e-06
Saved new best model to /tmp/bow_mlp_imdb_20hj9bk8.pt
Epoch 200/301 | train_loss=0.3481 train_acc=87.33% | val_loss=0.3642 val_acc=86.04% | lr=3.000000e-06
Epoch 201/301 | train_loss=0.3479 train_acc=87.41% | val_loss=0.3638 val_acc=86.04% | lr=3.000000e-06
Epoch 202/301 | train_loss=0.3457 train_acc=87.48% | val_loss=0.3633 val_acc=86.06% | lr=3.000000e-06
Epoch 203/301 | train_loss=0.3467 train_acc=87.44% | val_loss=0.3628 val_acc=86.02% | lr=3.000000e-06
Epoch 204/301 | train_loss=0.3466 train_acc=87.48% | val_loss=0.3624 val_acc=86.00% | lr=3.000000e-06
Epoch 205/301 | train_loss=0.3450 train_acc=87.48% | val_loss=0.3620 val_acc=86.00% | lr=3.000000e-06
Epoch 206/301 | train_loss=0.3443 train_acc=87.48% | val_loss=0.3615 val_acc=86.02% | lr=3.000000e-06
Epoch 207/301 | train_loss=0.3437 train_acc=87.36% | val_loss=0.3611 val_acc=86.04% | lr=3.000000e-06
Epoch 208/301 | train_loss=0.3443 train_acc=87.43% | val_loss=0.3606 val_acc=86.04% | lr=3.000000e-06
Epoch 209/301 | train_loss=0.3424 train_acc=87.58% | val_loss=0.3602 val_acc=86.08% | lr=3.000000e-06
Saved new best model to /tmp/bow_mlp_imdb_20hj9bk8.pt
Epoch 210/301 | train_loss=0.3431 train_acc=87.47% | val_loss=0.3598 val_acc=86.08% | lr=3.000000e-06
Epoch 211/301 | train_loss=0.3413 train_acc=87.63% | val_loss=0.3593 val_acc=86.08% | lr=3.000000e-06
Epoch 212/301 | train_loss=0.3420 train_acc=87.64% | val_loss=0.3589 val_acc=86.14% | lr=3.000000e-06
Saved new best model to /tmp/bow_mlp_imdb_20hj9bk8.pt
Epoch 213/301 | train_loss=0.3421 train_acc=87.58% | val_loss=0.3585 val_acc=86.14% | lr=3.000000e-06
Epoch 214/301 | train_loss=0.3413 train_acc=87.58% | val_loss=0.3581 val_acc=86.06% | lr=3.000000e-06
Epoch 215/301 | train_loss=0.3394 train_acc=87.56% | val_loss=0.3577 val_acc=86.06% | lr=3.000000e-06
Epoch 216/301 | train_loss=0.3401 train_acc=87.59% | val_loss=0.3573 val_acc=86.08% | lr=3.000000e-06
Epoch 217/301 | train_loss=0.3377 train_acc=87.75% | val_loss=0.3569 val_acc=86.12% | lr=3.000000e-06
Epoch 218/301 | train_loss=0.3374 train_acc=87.62% | val_loss=0.3565 val_acc=86.08% | lr=3.000000e-06
Epoch 219/301 | train_loss=0.3384 train_acc=87.71% | val_loss=0.3561 val_acc=86.08% | lr=3.000000e-06
Epoch 220/301 | train_loss=0.3378 train_acc=87.75% | val_loss=0.3557 val_acc=86.10% | lr=3.000000e-06
Epoch 221/301 | train_loss=0.3375 train_acc=87.72% | val_loss=0.3553 val_acc=86.20% | lr=3.000000e-06
Saved new best model to /tmp/bow_mlp_imdb_20hj9bk8.pt
Epoch 222/301 | train_loss=0.3377 train_acc=87.73% | val_loss=0.3549 val_acc=86.20% | lr=3.000000e-06
Epoch 223/301 | train_loss=0.3347 train_acc=87.76% | val_loss=0.3545 val_acc=86.22% | lr=3.000000e-06
Saved new best model to /tmp/bow_mlp_imdb_20hj9bk8.pt
Epoch 224/301 | train_loss=0.3350 train_acc=87.77% | val_loss=0.3542 val_acc=86.20% | lr=3.000000e-06
Epoch 225/301 | train_loss=0.3349 train_acc=87.84% | val_loss=0.3538 val_acc=86.22% | lr=3.000000e-06
Epoch 226/301 | train_loss=0.3331 train_acc=87.89% | val_loss=0.3534 val_acc=86.16% | lr=3.000000e-06
Epoch 227/301 | train_loss=0.3336 train_acc=87.70% | val_loss=0.3530 val_acc=86.26% | lr=3.000000e-06
Saved new best model to /tmp/bow_mlp_imdb_20hj9bk8.pt
Epoch 228/301 | train_loss=0.3340 train_acc=87.83% | val_loss=0.3527 val_acc=86.24% | lr=3.000000e-06
Epoch 229/301 | train_loss=0.3323 train_acc=87.99% | val_loss=0.3523 val_acc=86.24% | lr=3.000000e-06
Epoch 230/301 | train_loss=0.3338 train_acc=87.84% | val_loss=0.3520 val_acc=86.28% | lr=3.000000e-06
Saved new best model to /tmp/bow_mlp_imdb_20hj9bk8.pt
Epoch 231/301 | train_loss=0.3330 train_acc=87.94% | val_loss=0.3516 val_acc=86.26% | lr=3.000000e-06
Epoch 232/301 | train_loss=0.3316 train_acc=87.91% | val_loss=0.3513 val_acc=86.28% | lr=3.000000e-06
Epoch 233/301 | train_loss=0.3308 train_acc=87.84% | val_loss=0.3509 val_acc=86.30% | lr=3.000000e-06
Saved new best model to /tmp/bow_mlp_imdb_20hj9bk8.pt
Epoch 234/301 | train_loss=0.3314 train_acc=87.96% | val_loss=0.3506 val_acc=86.32% | lr=3.000000e-06
Saved new best model to /tmp/bow_mlp_imdb_20hj9bk8.pt
Epoch 235/301 | train_loss=0.3291 train_acc=87.88% | val_loss=0.3503 val_acc=86.28% | lr=3.000000e-06
Epoch 236/301 | train_loss=0.3298 train_acc=87.77% | val_loss=0.3499 val_acc=86.30% | lr=3.000000e-06
Epoch 237/301 | train_loss=0.3288 train_acc=87.90% | val_loss=0.3495 val_acc=86.32% | lr=3.000000e-06
Epoch 238/301 | train_loss=0.3279 train_acc=88.02% | val_loss=0.3492 val_acc=86.34% | lr=3.000000e-06
Saved new best model to /tmp/bow_mlp_imdb_20hj9bk8.pt
Epoch 239/301 | train_loss=0.3268 train_acc=88.08% | val_loss=0.3488 val_acc=86.36% | lr=3.000000e-06
Saved new best model to /tmp/bow_mlp_imdb_20hj9bk8.pt
Epoch 240/301 | train_loss=0.3280 train_acc=88.02% | val_loss=0.3486 val_acc=86.28% | lr=3.000000e-06
Epoch 241/301 | train_loss=0.3259 train_acc=88.11% | val_loss=0.3482 val_acc=86.30% | lr=3.000000e-06
Epoch 242/301 | train_loss=0.3260 train_acc=88.02% | val_loss=0.3479 val_acc=86.36% | lr=3.000000e-06
Epoch 243/301 | train_loss=0.3261 train_acc=88.00% | val_loss=0.3475 val_acc=86.38% | lr=3.000000e-06
Saved new best model to /tmp/bow_mlp_imdb_20hj9bk8.pt
Epoch 244/301 | train_loss=0.3247 train_acc=88.15% | val_loss=0.3472 val_acc=86.38% | lr=3.000000e-06
Epoch 245/301 | train_loss=0.3244 train_acc=88.16% | val_loss=0.3469 val_acc=86.40% | lr=3.000000e-06
Saved new best model to /tmp/bow_mlp_imdb_20hj9bk8.pt
Epoch 246/301 | train_loss=0.3246 train_acc=88.07% | val_loss=0.3466 val_acc=86.44% | lr=3.000000e-06
Saved new best model to /tmp/bow_mlp_imdb_20hj9bk8.pt
Epoch 247/301 | train_loss=0.3259 train_acc=88.14% | val_loss=0.3463 val_acc=86.50% | lr=3.000000e-06
Saved new best model to /tmp/bow_mlp_imdb_20hj9bk8.pt
Epoch 248/301 | train_loss=0.3231 train_acc=88.17% | val_loss=0.3460 val_acc=86.48% | lr=3.000000e-06
Epoch 249/301 | train_loss=0.3235 train_acc=88.11% | val_loss=0.3457 val_acc=86.44% | lr=3.000000e-06
Epoch 250/301 | train_loss=0.3229 train_acc=88.39% | val_loss=0.3454 val_acc=86.38% | lr=3.000000e-06
Epoch 251/301 | train_loss=0.3222 train_acc=88.23% | val_loss=0.3451 val_acc=86.40% | lr=3.000000e-06
Epoch 252/301 | train_loss=0.3212 train_acc=88.31% | val_loss=0.3448 val_acc=86.44% | lr=3.000000e-06
Epoch 253/301 | train_loss=0.3219 train_acc=88.23% | val_loss=0.3445 val_acc=86.44% | lr=3.000000e-06
Epoch 254/301 | train_loss=0.3224 train_acc=88.09% | val_loss=0.3442 val_acc=86.44% | lr=3.000000e-06
Epoch 255/301 | train_loss=0.3213 train_acc=88.27% | val_loss=0.3439 val_acc=86.42% | lr=3.000000e-06
Epoch 256/301 | train_loss=0.3211 train_acc=88.17% | val_loss=0.3436 val_acc=86.40% | lr=3.000000e-06
Epoch 257/301 | train_loss=0.3212 train_acc=88.05% | val_loss=0.3434 val_acc=86.46% | lr=3.000000e-06
Epoch 258/301 | train_loss=0.3204 train_acc=88.06% | val_loss=0.3431 val_acc=86.42% | lr=3.000000e-06
Epoch 259/301 | train_loss=0.3190 train_acc=88.16% | val_loss=0.3428 val_acc=86.46% | lr=3.000000e-06
Epoch 260/301 | train_loss=0.3192 train_acc=88.09% | val_loss=0.3425 val_acc=86.42% | lr=3.000000e-06
Epoch 261/301 | train_loss=0.3186 train_acc=88.37% | val_loss=0.3423 val_acc=86.46% | lr=3.000000e-06
Epoch 262/301 | train_loss=0.3178 train_acc=88.23% | val_loss=0.3420 val_acc=86.44% | lr=3.000000e-06
Epoch 263/301 | train_loss=0.3176 train_acc=88.20% | val_loss=0.3417 val_acc=86.46% | lr=3.000000e-06
Epoch 264/301 | train_loss=0.3182 train_acc=88.28% | val_loss=0.3414 val_acc=86.42% | lr=3.000000e-06
Epoch 265/301 | train_loss=0.3158 train_acc=88.41% | val_loss=0.3411 val_acc=86.42% | lr=3.000000e-06
Epoch 266/301 | train_loss=0.3172 train_acc=88.42% | val_loss=0.3409 val_acc=86.48% | lr=3.000000e-06
Epoch 267/301 | train_loss=0.3174 train_acc=88.31% | val_loss=0.3406 val_acc=86.46% | lr=3.000000e-06
Epoch 268/301 | train_loss=0.3140 train_acc=88.30% | val_loss=0.3404 val_acc=86.44% | lr=3.000000e-06
Epoch 269/301 | train_loss=0.3146 train_acc=88.41% | val_loss=0.3401 val_acc=86.46% | lr=3.000000e-06
Epoch 270/301 | train_loss=0.3145 train_acc=88.42% | val_loss=0.3399 val_acc=86.50% | lr=3.000000e-06
Epoch 271/301 | train_loss=0.3145 train_acc=88.51% | val_loss=0.3396 val_acc=86.50% | lr=3.000000e-06
Epoch 272/301 | train_loss=0.3150 train_acc=88.50% | val_loss=0.3394 val_acc=86.48% | lr=3.000000e-06
Epoch 273/301 | train_loss=0.3140 train_acc=88.48% | val_loss=0.3392 val_acc=86.52% | lr=3.000000e-06
Saved new best model to /tmp/bow_mlp_imdb_20hj9bk8.pt
Epoch 274/301 | train_loss=0.3132 train_acc=88.46% | val_loss=0.3389 val_acc=86.50% | lr=3.000000e-06
Epoch 275/301 | train_loss=0.3136 train_acc=88.56% | val_loss=0.3387 val_acc=86.48% | lr=3.000000e-06
Epoch 276/301 | train_loss=0.3135 train_acc=88.52% | val_loss=0.3384 val_acc=86.50% | lr=3.000000e-06
Epoch 277/301 | train_loss=0.3131 train_acc=88.33% | val_loss=0.3382 val_acc=86.48% | lr=3.000000e-06
Epoch 278/301 | train_loss=0.3125 train_acc=88.42% | val_loss=0.3379 val_acc=86.48% | lr=3.000000e-06
Epoch 279/301 | train_loss=0.3116 train_acc=88.51% | val_loss=0.3377 val_acc=86.54% | lr=3.000000e-06
Saved new best model to /tmp/bow_mlp_imdb_20hj9bk8.pt
Epoch 280/301 | train_loss=0.3115 train_acc=88.53% | val_loss=0.3375 val_acc=86.54% | lr=3.000000e-06
Epoch 281/301 | train_loss=0.3113 train_acc=88.31% | val_loss=0.3373 val_acc=86.54% | lr=3.000000e-06
Epoch 282/301 | train_loss=0.3101 train_acc=88.44% | val_loss=0.3370 val_acc=86.46% | lr=3.000000e-06
Epoch 283/301 | train_loss=0.3108 train_acc=88.69% | val_loss=0.3369 val_acc=86.52% | lr=3.000000e-06
Epoch 284/301 | train_loss=0.3110 train_acc=88.59% | val_loss=0.3366 val_acc=86.54% | lr=3.000000e-06
Epoch 285/301 | train_loss=0.3075 train_acc=88.56% | val_loss=0.3364 val_acc=86.50% | lr=3.000000e-06
Epoch 286/301 | train_loss=0.3096 train_acc=88.50% | val_loss=0.3362 val_acc=86.54% | lr=3.000000e-06
Epoch 287/301 | train_loss=0.3088 train_acc=88.50% | val_loss=0.3360 val_acc=86.52% | lr=3.000000e-06
Epoch 288/301 | train_loss=0.3065 train_acc=88.67% | val_loss=0.3358 val_acc=86.54% | lr=3.000000e-06
Epoch 289/301 | train_loss=0.3077 train_acc=88.53% | val_loss=0.3355 val_acc=86.50% | lr=3.000000e-06
Epoch 290/301 | train_loss=0.3067 train_acc=88.70% | val_loss=0.3353 val_acc=86.54% | lr=3.000000e-06
Epoch 291/301 | train_loss=0.3069 train_acc=88.72% | val_loss=0.3351 val_acc=86.52% | lr=3.000000e-06
Epoch 292/301 | train_loss=0.3061 train_acc=88.63% | val_loss=0.3349 val_acc=86.54% | lr=3.000000e-06
Epoch 293/301 | train_loss=0.3042 train_acc=88.83% | val_loss=0.3347 val_acc=86.54% | lr=3.000000e-06
Epoch 294/301 | train_loss=0.3063 train_acc=88.71% | val_loss=0.3344 val_acc=86.54% | lr=3.000000e-06
Epoch 295/301 | train_loss=0.3067 train_acc=88.67% | val_loss=0.3343 val_acc=86.50% | lr=3.000000e-06
Epoch 296/301 | train_loss=0.3053 train_acc=88.62% | val_loss=0.3340 val_acc=86.52% | lr=3.000000e-06
Epoch 297/301 | train_loss=0.3044 train_acc=88.84% | val_loss=0.3338 val_acc=86.56% | lr=3.000000e-06
Saved new best model to /tmp/bow_mlp_imdb_20hj9bk8.pt
Epoch 298/301 | train_loss=0.3045 train_acc=88.72% | val_loss=0.3337 val_acc=86.58% | lr=3.000000e-06
Saved new best model to /tmp/bow_mlp_imdb_20hj9bk8.pt
Epoch 299/301 | train_loss=0.3039 train_acc=88.62% | val_loss=0.3334 val_acc=86.64% | lr=3.000000e-06
Saved new best model to /tmp/bow_mlp_imdb_20hj9bk8.pt
Epoch 300/301 | train_loss=0.3042 train_acc=88.80% | val_loss=0.3333 val_acc=86.58% | lr=3.000000e-06
Epoch 301/301 | train_loss=0.3035 train_acc=88.89% | val_loss=0.3330 val_acc=86.58% | lr=3.000000e-06
Epoch 302/301 | train_loss=0.3038 train_acc=88.79% | val_loss=0.3329 val_acc=86.64% | lr=3.000000e-06
Epoch 303/301 | train_loss=0.3029 train_acc=88.77% | val_loss=0.3327 val_acc=86.58% | lr=3.000000e-06
Epoch 304/301 | train_loss=0.3028 train_acc=88.85% | val_loss=0.3325 val_acc=86.62% | lr=3.000000e-06
Epoch 305/301 | train_loss=0.3019 train_acc=88.91% | val_loss=0.3323 val_acc=86.62% | lr=3.000000e-06
Epoch 306/301 | train_loss=0.3018 train_acc=88.62% | val_loss=0.3321 val_acc=86.58% | lr=3.000000e-06
Epoch 307/301 | train_loss=0.3023 train_acc=88.80% | val_loss=0.3319 val_acc=86.56% | lr=3.000000e-06
Epoch 308/301 | train_loss=0.3009 train_acc=88.98% | val_loss=0.3317 val_acc=86.60% | lr=3.000000e-06
Epoch 309/301 | train_loss=0.2998 train_acc=88.97% | val_loss=0.3316 val_acc=86.60% | lr=3.000000e-06
Epoch 310/301 | train_loss=0.3020 train_acc=88.87% | val_loss=0.3314 val_acc=86.58% | lr=3.000000e-06
Epoch 311/301 | train_loss=0.2998 train_acc=88.89% | val_loss=0.3312 val_acc=86.62% | lr=3.000000e-06
Epoch 312/301 | train_loss=0.2987 train_acc=88.96% | val_loss=0.3310 val_acc=86.60% | lr=3.000000e-06
Epoch 313/301 | train_loss=0.2991 train_acc=88.83% | val_loss=0.3308 val_acc=86.62% | lr=3.000000e-06
Epoch 314/301 | train_loss=0.3002 train_acc=88.93% | val_loss=0.3307 val_acc=86.60% | lr=3.000000e-06
Epoch 315/301 | train_loss=0.3000 train_acc=88.94% | val_loss=0.3305 val_acc=86.64% | lr=3.000000e-06
Epoch 316/301 | train_loss=0.2979 train_acc=88.83% | val_loss=0.3303 val_acc=86.62% | lr=3.000000e-06
Epoch 317/301 | train_loss=0.2971 train_acc=88.99% | val_loss=0.3302 val_acc=86.64% | lr=3.000000e-06
Epoch 318/301 | train_loss=0.2974 train_acc=88.86% | val_loss=0.3300 val_acc=86.68% | lr=3.000000e-06
Saved new best model to /tmp/bow_mlp_imdb_20hj9bk8.pt
Epoch 319/301 | train_loss=0.2988 train_acc=88.96% | val_loss=0.3298 val_acc=86.66% | lr=3.000000e-06
Epoch 320/301 | train_loss=0.2975 train_acc=88.92% | val_loss=0.3296 val_acc=86.68% | lr=3.000000e-06
Epoch 321/301 | train_loss=0.2975 train_acc=88.95% | val_loss=0.3295 val_acc=86.72% | lr=3.000000e-06
Saved new best model to /tmp/bow_mlp_imdb_20hj9bk8.pt
Epoch 322/301 | train_loss=0.2969 train_acc=89.03% | val_loss=0.3293 val_acc=86.74% | lr=3.000000e-06
Saved new best model to /tmp/bow_mlp_imdb_20hj9bk8.pt
Epoch 323/301 | train_loss=0.2958 train_acc=89.03% | val_loss=0.3292 val_acc=86.74% | lr=3.000000e-06
Epoch 324/301 | train_loss=0.2959 train_acc=88.95% | val_loss=0.3290 val_acc=86.76% | lr=3.000000e-06
Saved new best model to /tmp/bow_mlp_imdb_20hj9bk8.pt
Epoch 325/301 | train_loss=0.2951 train_acc=89.03% | val_loss=0.3289 val_acc=86.78% | lr=3.000000e-06
Saved new best model to /tmp/bow_mlp_imdb_20hj9bk8.pt
Epoch 326/301 | train_loss=0.2964 train_acc=88.88% | val_loss=0.3287 val_acc=86.78% | lr=3.000000e-06
Epoch 327/301 | train_loss=0.2945 train_acc=89.04% | val_loss=0.3286 val_acc=86.76% | lr=3.000000e-06
Epoch 328/301 | train_loss=0.2971 train_acc=88.84% | val_loss=0.3284 val_acc=86.76% | lr=3.000000e-06
Epoch 329/301 | train_loss=0.2944 train_acc=88.83% | val_loss=0.3283 val_acc=86.76% | lr=3.000000e-06
Epoch 330/301 | train_loss=0.2938 train_acc=88.98% | val_loss=0.3281 val_acc=86.78% | lr=3.000000e-06
Epoch 331/301 | train_loss=0.2940 train_acc=89.02% | val_loss=0.3280 val_acc=86.78% | lr=3.000000e-06
Epoch 332/301 | train_loss=0.2933 train_acc=89.12% | val_loss=0.3278 val_acc=86.80% | lr=3.000000e-06
Saved new best model to /tmp/bow_mlp_imdb_20hj9bk8.pt
Epoch 333/301 | train_loss=0.2933 train_acc=89.13% | val_loss=0.3276 val_acc=86.76% | lr=3.000000e-06
Epoch 334/301 | train_loss=0.2936 train_acc=88.94% | val_loss=0.3275 val_acc=86.80% | lr=3.000000e-06
Epoch 335/301 | train_loss=0.2942 train_acc=88.94% | val_loss=0.3274 val_acc=86.72% | lr=3.000000e-06
Epoch 336/301 | train_loss=0.2914 train_acc=89.12% | val_loss=0.3272 val_acc=86.78% | lr=3.000000e-06
Epoch 337/301 | train_loss=0.2931 train_acc=88.99% | val_loss=0.3271 val_acc=86.80% | lr=3.000000e-06
Epoch 338/301 | train_loss=0.2928 train_acc=89.13% | val_loss=0.3269 val_acc=86.70% | lr=3.000000e-06
Epoch 339/301 | train_loss=0.2915 train_acc=89.18% | val_loss=0.3268 val_acc=86.70% | lr=3.000000e-06
Epoch 340/301 | train_loss=0.2901 train_acc=89.22% | val_loss=0.3266 val_acc=86.70% | lr=3.000000e-06
Epoch 341/301 | train_loss=0.2913 train_acc=89.07% | val_loss=0.3265 val_acc=86.72% | lr=3.000000e-06
Epoch 342/301 | train_loss=0.2921 train_acc=89.09% | val_loss=0.3264 val_acc=86.70% | lr=3.000000e-06
Epoch 343/301 | train_loss=0.2908 train_acc=89.26% | val_loss=0.3262 val_acc=86.72% | lr=3.000000e-06
Epoch 344/301 | train_loss=0.2905 train_acc=89.20% | val_loss=0.3261 val_acc=86.70% | lr=3.000000e-06
Epoch 345/301 | train_loss=0.2894 train_acc=89.14% | val_loss=0.3260 val_acc=86.70% | lr=3.000000e-06
Epoch 346/301 | train_loss=0.2908 train_acc=88.97% | val_loss=0.3258 val_acc=86.70% | lr=3.000000e-06
Epoch 347/301 | train_loss=0.2897 train_acc=89.24% | val_loss=0.3257 val_acc=86.70% | lr=3.000000e-06
Epoch 348/301 | train_loss=0.2884 train_acc=89.31% | val_loss=0.3256 val_acc=86.66% | lr=3.000000e-06
Epoch 349/301 | train_loss=0.2888 train_acc=89.21% | val_loss=0.3254 val_acc=86.66% | lr=3.000000e-06
Epoch 350/301 | train_loss=0.2898 train_acc=89.18% | val_loss=0.3253 val_acc=86.70% | lr=3.000000e-06
Epoch 351/301 | train_loss=0.2890 train_acc=89.05% | val_loss=0.3252 val_acc=86.72% | lr=3.000000e-06
Epoch 352/301 | train_loss=0.2877 train_acc=89.12% | val_loss=0.3251 val_acc=86.76% | lr=3.000000e-06
Epoch 353/301 | train_loss=0.2891 train_acc=89.24% | val_loss=0.3249 val_acc=86.66% | lr=3.000000e-06
Epoch 354/301 | train_loss=0.2880 train_acc=89.12% | val_loss=0.3248 val_acc=86.70% | lr=3.000000e-06
Epoch 355/301 | train_loss=0.2867 train_acc=89.09% | val_loss=0.3247 val_acc=86.70% | lr=3.000000e-06
Epoch 356/301 | train_loss=0.2879 train_acc=89.29% | val_loss=0.3246 val_acc=86.70% | lr=3.000000e-06
Epoch 357/301 | train_loss=0.2890 train_acc=89.28% | val_loss=0.3245 val_acc=86.72% | lr=3.000000e-06
Epoch 358/301 | train_loss=0.2866 train_acc=89.27% | val_loss=0.3244 val_acc=86.70% | lr=3.000000e-06
Epoch 359/301 | train_loss=0.2862 train_acc=89.32% | val_loss=0.3242 val_acc=86.70% | lr=3.000000e-06
Epoch 360/301 | train_loss=0.2862 train_acc=89.25% | val_loss=0.3242 val_acc=86.72% | lr=3.000000e-06
Epoch 361/301 | train_loss=0.2855 train_acc=89.28% | val_loss=0.3240 val_acc=86.72% | lr=3.000000e-06
Epoch 362/301 | train_loss=0.2837 train_acc=89.50% | val_loss=0.3239 val_acc=86.70% | lr=3.000000e-06
Epoch 363/301 | train_loss=0.2846 train_acc=89.43% | val_loss=0.3238 val_acc=86.72% | lr=3.000000e-06
Epoch 364/301 | train_loss=0.2857 train_acc=89.24% | val_loss=0.3236 val_acc=86.72% | lr=3.000000e-06
Epoch 365/301 | train_loss=0.2855 train_acc=89.18% | val_loss=0.3235 val_acc=86.72% | lr=3.000000e-06
Epoch 366/301 | train_loss=0.2853 train_acc=89.19% | val_loss=0.3235 val_acc=86.70% | lr=3.000000e-06
Epoch 367/301 | train_loss=0.2842 train_acc=89.43% | val_loss=0.3233 val_acc=86.72% | lr=3.000000e-06
Epoch 368/301 | train_loss=0.2844 train_acc=89.35% | val_loss=0.3232 val_acc=86.78% | lr=3.000000e-06
Epoch 369/301 | train_loss=0.2859 train_acc=89.39% | val_loss=0.3231 val_acc=86.74% | lr=3.000000e-06
Epoch 370/301 | train_loss=0.2822 train_acc=89.47% | val_loss=0.3230 val_acc=86.72% | lr=3.000000e-06
Epoch 371/301 | train_loss=0.2847 train_acc=89.32% | val_loss=0.3229 val_acc=86.72% | lr=3.000000e-06
Epoch 372/301 | train_loss=0.2825 train_acc=89.50% | val_loss=0.3228 val_acc=86.74% | lr=3.000000e-06
Epoch 373/301 | train_loss=0.2822 train_acc=89.36% | val_loss=0.3227 val_acc=86.80% | lr=3.000000e-06
Epoch 374/301 | train_loss=0.2837 train_acc=89.31% | val_loss=0.3226 val_acc=86.82% | lr=3.000000e-06
Saved new best model to /tmp/bow_mlp_imdb_20hj9bk8.pt
Epoch 375/301 | train_loss=0.2838 train_acc=89.33% | val_loss=0.3225 val_acc=86.82% | lr=3.000000e-06
Epoch 376/301 | train_loss=0.2824 train_acc=89.42% | val_loss=0.3224 val_acc=86.78% | lr=3.000000e-06
Epoch 377/301 | train_loss=0.2827 train_acc=89.50% | val_loss=0.3223 val_acc=86.80% | lr=3.000000e-06
Epoch 378/301 | train_loss=0.2816 train_acc=89.38% | val_loss=0.3222 val_acc=86.80% | lr=3.000000e-06
Epoch 379/301 | train_loss=0.2824 train_acc=89.31% | val_loss=0.3221 val_acc=86.84% | lr=3.000000e-06
Saved new best model to /tmp/bow_mlp_imdb_20hj9bk8.pt
Epoch 380/301 | train_loss=0.2822 train_acc=89.41% | val_loss=0.3220 val_acc=86.82% | lr=3.000000e-06
Epoch 381/301 | train_loss=0.2811 train_acc=89.35% | val_loss=0.3220 val_acc=86.84% | lr=3.000000e-06
Epoch 382/301 | train_loss=0.2796 train_acc=89.41% | val_loss=0.3219 val_acc=86.84% | lr=3.000000e-06
Epoch 383/301 | train_loss=0.2810 train_acc=89.56% | val_loss=0.3218 val_acc=86.84% | lr=3.000000e-06
Epoch 384/301 | train_loss=0.2815 train_acc=89.52% | val_loss=0.3217 val_acc=86.82% | lr=3.000000e-06
Epoch 385/301 | train_loss=0.2804 train_acc=89.60% | val_loss=0.3216 val_acc=86.84% | lr=3.000000e-06
Epoch 386/301 | train_loss=0.2792 train_acc=89.64% | val_loss=0.3215 val_acc=86.86% | lr=3.000000e-06
Saved new best model to /tmp/bow_mlp_imdb_20hj9bk8.pt
Epoch 387/301 | train_loss=0.2792 train_acc=89.50% | val_loss=0.3214 val_acc=86.88% | lr=3.000000e-06
Saved new best model to /tmp/bow_mlp_imdb_20hj9bk8.pt
Epoch 388/301 | train_loss=0.2787 train_acc=89.70% | val_loss=0.3214 val_acc=86.84% | lr=3.000000e-06
Epoch 389/301 | train_loss=0.2786 train_acc=89.64% | val_loss=0.3212 val_acc=86.92% | lr=3.000000e-06
Saved new best model to /tmp/bow_mlp_imdb_20hj9bk8.pt
Epoch 390/301 | train_loss=0.2795 train_acc=89.34% | val_loss=0.3211 val_acc=86.90% | lr=3.000000e-06
Epoch 391/301 | train_loss=0.2782 train_acc=89.69% | val_loss=0.3210 val_acc=86.94% | lr=3.000000e-06
Saved new best model to /tmp/bow_mlp_imdb_20hj9bk8.pt
Epoch 392/301 | train_loss=0.2781 train_acc=89.53% | val_loss=0.3210 val_acc=86.94% | lr=3.000000e-06
Epoch 393/301 | train_loss=0.2789 train_acc=89.51% | val_loss=0.3209 val_acc=86.92% | lr=3.000000e-06
Epoch 394/301 | train_loss=0.2780 train_acc=89.78% | val_loss=0.3208 val_acc=86.94% | lr=3.000000e-06
Epoch 395/301 | train_loss=0.2781 train_acc=89.42% | val_loss=0.3207 val_acc=86.96% | lr=3.000000e-06
Saved new best model to /tmp/bow_mlp_imdb_20hj9bk8.pt
Epoch 396/301 | train_loss=0.2773 train_acc=89.56% | val_loss=0.3206 val_acc=86.88% | lr=3.000000e-06
Epoch 397/301 | train_loss=0.2766 train_acc=89.55% | val_loss=0.3205 val_acc=86.90% | lr=3.000000e-06
Epoch 398/301 | train_loss=0.2775 train_acc=89.62% | val_loss=0.3205 val_acc=86.92% | lr=3.000000e-06
Epoch 399/301 | train_loss=0.2767 train_acc=89.55% | val_loss=0.3204 val_acc=86.92% | lr=3.000000e-06
Epoch 400/301 | train_loss=0.2780 train_acc=89.48% | val_loss=0.3203 val_acc=86.92% | lr=3.000000e-06
Test loss=0.3236 | Test accuracy=87.01%
