Loading IMDb dataset from local disk: /home/daniel/l/masteruppsats/np-reg/language/data/imdb_hf
Using device: cuda
BoW vocab size: 3125
Epoch 1/301 | train_loss=0.6694 train_acc=59.55% | val_loss=0.6259 val_acc=69.78% | lr=3.000000e-05
Saved new best model to /tmp/bow_mlp_imdb_njfbqjmt.pt
Epoch 2/301 | train_loss=0.5848 train_acc=74.18% | val_loss=0.5507 val_acc=76.04% | lr=3.000000e-05
Saved new best model to /tmp/bow_mlp_imdb_njfbqjmt.pt
Epoch 3/301 | train_loss=0.5137 train_acc=79.86% | val_loss=0.4966 val_acc=80.58% | lr=3.000000e-05
Saved new best model to /tmp/bow_mlp_imdb_njfbqjmt.pt
Epoch 4/301 | train_loss=0.4631 train_acc=82.69% | val_loss=0.4601 val_acc=82.40% | lr=3.000000e-05
Saved new best model to /tmp/bow_mlp_imdb_njfbqjmt.pt
Epoch 5/301 | train_loss=0.4242 train_acc=84.90% | val_loss=0.4319 val_acc=83.22% | lr=3.000000e-05
Saved new best model to /tmp/bow_mlp_imdb_njfbqjmt.pt
Epoch 6/301 | train_loss=0.3928 train_acc=86.24% | val_loss=0.4095 val_acc=84.10% | lr=3.000000e-05
Saved new best model to /tmp/bow_mlp_imdb_njfbqjmt.pt
Epoch 7/301 | train_loss=0.3660 train_acc=87.50% | val_loss=0.3922 val_acc=84.62% | lr=3.000000e-05
Saved new best model to /tmp/bow_mlp_imdb_njfbqjmt.pt
Epoch 8/301 | train_loss=0.3432 train_acc=88.45% | val_loss=0.3778 val_acc=84.88% | lr=3.000000e-05
Saved new best model to /tmp/bow_mlp_imdb_njfbqjmt.pt
Epoch 9/301 | train_loss=0.3230 train_acc=89.23% | val_loss=0.3663 val_acc=85.16% | lr=3.000000e-05
Saved new best model to /tmp/bow_mlp_imdb_njfbqjmt.pt
Epoch 10/301 | train_loss=0.3051 train_acc=90.05% | val_loss=0.3556 val_acc=85.62% | lr=3.000000e-05
Saved new best model to /tmp/bow_mlp_imdb_njfbqjmt.pt
Epoch 11/301 | train_loss=0.2886 train_acc=90.68% | val_loss=0.3469 val_acc=85.94% | lr=3.000000e-05
Saved new best model to /tmp/bow_mlp_imdb_njfbqjmt.pt
Epoch 12/301 | train_loss=0.2736 train_acc=91.27% | val_loss=0.3407 val_acc=86.16% | lr=3.000000e-05
Saved new best model to /tmp/bow_mlp_imdb_njfbqjmt.pt
Epoch 13/301 | train_loss=0.2599 train_acc=91.84% | val_loss=0.3349 val_acc=86.32% | lr=3.000000e-05
Saved new best model to /tmp/bow_mlp_imdb_njfbqjmt.pt
Epoch 14/301 | train_loss=0.2475 train_acc=92.28% | val_loss=0.3324 val_acc=86.28% | lr=3.000000e-05
Epoch 15/301 | train_loss=0.2358 train_acc=92.73% | val_loss=0.3269 val_acc=86.66% | lr=3.000000e-05
Saved new best model to /tmp/bow_mlp_imdb_njfbqjmt.pt
Epoch 16/301 | train_loss=0.2248 train_acc=93.14% | val_loss=0.3237 val_acc=86.58% | lr=3.000000e-05
Epoch 17/301 | train_loss=0.2148 train_acc=93.52% | val_loss=0.3210 val_acc=86.56% | lr=3.000000e-05
Epoch 18/301 | train_loss=0.2051 train_acc=93.89% | val_loss=0.3195 val_acc=86.62% | lr=3.000000e-05
Epoch 19/301 | train_loss=0.1963 train_acc=94.27% | val_loss=0.3192 val_acc=86.76% | lr=3.000000e-05
Saved new best model to /tmp/bow_mlp_imdb_njfbqjmt.pt
Epoch 20/301 | train_loss=0.1879 train_acc=94.56% | val_loss=0.3184 val_acc=86.72% | lr=3.000000e-05
Epoch 21/301 | train_loss=0.1802 train_acc=94.78% | val_loss=0.3172 val_acc=86.66% | lr=3.000000e-05
Epoch 22/301 | train_loss=0.1727 train_acc=95.11% | val_loss=0.3177 val_acc=86.70% | lr=3.000000e-05
Epoch 23/301 | train_loss=0.1655 train_acc=95.52% | val_loss=0.3181 val_acc=86.68% | lr=3.000000e-05
Epoch 24/301 | train_loss=0.1587 train_acc=95.73% | val_loss=0.3191 val_acc=86.86% | lr=3.000000e-05
Saved new best model to /tmp/bow_mlp_imdb_njfbqjmt.pt
Epoch 25/301 | train_loss=0.1524 train_acc=96.00% | val_loss=0.3190 val_acc=86.58% | lr=3.000000e-05
Epoch 26/301 | train_loss=0.1465 train_acc=96.19% | val_loss=0.3206 val_acc=86.66% | lr=3.000000e-05
Epoch 27/301 | train_loss=0.1408 train_acc=96.44% | val_loss=0.3219 val_acc=86.64% | lr=3.000000e-05
Epoch 28/301 | train_loss=0.1354 train_acc=96.64% | val_loss=0.3238 val_acc=86.46% | lr=3.000000e-05
Epoch 29/301 | train_loss=0.1304 train_acc=96.73% | val_loss=0.3259 val_acc=86.40% | lr=3.000000e-05
Validation loss has not improved for 8 epochs. Stopping training.
Test loss=0.3253 | Test accuracy=86.28%
