Loading IMDb dataset from local disk: /home/daniel/l/masteruppsats/np-reg/language/data/imdb_hf
Using device: cuda
BoW vocab size: 3125
Epoch 1/301 | train_loss=0.6791 train_acc=57.78% | val_loss=0.6519 val_acc=74.54% | lr=3.000000e-05
Saved new best model to /tmp/bow_mlp_imdb_zd1kbg1a.pt
Epoch 2/301 | train_loss=0.6295 train_acc=70.12% | val_loss=0.5943 val_acc=78.58% | lr=3.000000e-05
Saved new best model to /tmp/bow_mlp_imdb_zd1kbg1a.pt
Epoch 3/301 | train_loss=0.5800 train_acc=75.52% | val_loss=0.5410 val_acc=81.68% | lr=3.000000e-05
Saved new best model to /tmp/bow_mlp_imdb_zd1kbg1a.pt
Epoch 4/301 | train_loss=0.5329 train_acc=78.66% | val_loss=0.4974 val_acc=83.24% | lr=3.000000e-05
Saved new best model to /tmp/bow_mlp_imdb_zd1kbg1a.pt
Epoch 5/301 | train_loss=0.4958 train_acc=80.38% | val_loss=0.4671 val_acc=84.06% | lr=3.000000e-05
Saved new best model to /tmp/bow_mlp_imdb_zd1kbg1a.pt
Epoch 6/301 | train_loss=0.4677 train_acc=82.16% | val_loss=0.4411 val_acc=84.68% | lr=3.000000e-05
Saved new best model to /tmp/bow_mlp_imdb_zd1kbg1a.pt
Epoch 7/301 | train_loss=0.4459 train_acc=83.28% | val_loss=0.4224 val_acc=84.90% | lr=3.000000e-05
Saved new best model to /tmp/bow_mlp_imdb_zd1kbg1a.pt
Epoch 8/301 | train_loss=0.4248 train_acc=83.73% | val_loss=0.4060 val_acc=85.40% | lr=3.000000e-05
Saved new best model to /tmp/bow_mlp_imdb_zd1kbg1a.pt
Epoch 9/301 | train_loss=0.4126 train_acc=84.59% | val_loss=0.3940 val_acc=85.74% | lr=3.000000e-05
Saved new best model to /tmp/bow_mlp_imdb_zd1kbg1a.pt
Epoch 10/301 | train_loss=0.3992 train_acc=85.25% | val_loss=0.3819 val_acc=85.92% | lr=3.000000e-05
Saved new best model to /tmp/bow_mlp_imdb_zd1kbg1a.pt
Epoch 11/301 | train_loss=0.3844 train_acc=85.70% | val_loss=0.3721 val_acc=85.84% | lr=3.000000e-05
Epoch 12/301 | train_loss=0.3740 train_acc=86.09% | val_loss=0.3644 val_acc=86.08% | lr=3.000000e-05
Saved new best model to /tmp/bow_mlp_imdb_zd1kbg1a.pt
Epoch 13/301 | train_loss=0.3643 train_acc=86.66% | val_loss=0.3573 val_acc=86.18% | lr=3.000000e-05
Saved new best model to /tmp/bow_mlp_imdb_zd1kbg1a.pt
Epoch 14/301 | train_loss=0.3570 train_acc=86.87% | val_loss=0.3520 val_acc=86.20% | lr=3.000000e-05
Saved new best model to /tmp/bow_mlp_imdb_zd1kbg1a.pt
Epoch 15/301 | train_loss=0.3456 train_acc=87.17% | val_loss=0.3460 val_acc=86.44% | lr=3.000000e-05
Saved new best model to /tmp/bow_mlp_imdb_zd1kbg1a.pt
Epoch 16/301 | train_loss=0.3413 train_acc=87.26% | val_loss=0.3424 val_acc=86.48% | lr=3.000000e-05
Saved new best model to /tmp/bow_mlp_imdb_zd1kbg1a.pt
Epoch 17/301 | train_loss=0.3357 train_acc=87.56% | val_loss=0.3379 val_acc=86.50% | lr=3.000000e-05
Saved new best model to /tmp/bow_mlp_imdb_zd1kbg1a.pt
Epoch 18/301 | train_loss=0.3272 train_acc=87.72% | val_loss=0.3339 val_acc=86.60% | lr=3.000000e-05
Saved new best model to /tmp/bow_mlp_imdb_zd1kbg1a.pt
Epoch 19/301 | train_loss=0.3207 train_acc=88.04% | val_loss=0.3317 val_acc=86.82% | lr=3.000000e-05
Saved new best model to /tmp/bow_mlp_imdb_zd1kbg1a.pt
Epoch 20/301 | train_loss=0.3181 train_acc=87.96% | val_loss=0.3292 val_acc=86.82% | lr=3.000000e-05
Epoch 21/301 | train_loss=0.3129 train_acc=88.47% | val_loss=0.3255 val_acc=86.72% | lr=3.000000e-05
Epoch 22/301 | train_loss=0.3065 train_acc=88.42% | val_loss=0.3231 val_acc=86.82% | lr=3.000000e-05
Epoch 23/301 | train_loss=0.3022 train_acc=88.83% | val_loss=0.3210 val_acc=86.80% | lr=3.000000e-05
Epoch 24/301 | train_loss=0.2977 train_acc=88.98% | val_loss=0.3201 val_acc=86.76% | lr=3.000000e-05
Epoch 25/301 | train_loss=0.2934 train_acc=89.22% | val_loss=0.3180 val_acc=86.90% | lr=3.000000e-05
Saved new best model to /tmp/bow_mlp_imdb_zd1kbg1a.pt
Epoch 26/301 | train_loss=0.2900 train_acc=89.08% | val_loss=0.3167 val_acc=86.94% | lr=3.000000e-05
Saved new best model to /tmp/bow_mlp_imdb_zd1kbg1a.pt
Epoch 27/301 | train_loss=0.2846 train_acc=89.17% | val_loss=0.3159 val_acc=86.92% | lr=3.000000e-05
Epoch 28/301 | train_loss=0.2832 train_acc=89.27% | val_loss=0.3152 val_acc=87.02% | lr=3.000000e-05
Saved new best model to /tmp/bow_mlp_imdb_zd1kbg1a.pt
Epoch 29/301 | train_loss=0.2796 train_acc=89.37% | val_loss=0.3137 val_acc=86.84% | lr=3.000000e-05
Epoch 30/301 | train_loss=0.2790 train_acc=89.61% | val_loss=0.3133 val_acc=86.82% | lr=3.000000e-05
Epoch 31/301 | train_loss=0.2721 train_acc=89.85% | val_loss=0.3123 val_acc=86.88% | lr=3.000000e-05
Epoch 32/301 | train_loss=0.2688 train_acc=89.96% | val_loss=0.3125 val_acc=86.98% | lr=3.000000e-05
Epoch 33/301 | train_loss=0.2648 train_acc=90.12% | val_loss=0.3117 val_acc=86.84% | lr=3.000000e-05
Epoch 34/301 | train_loss=0.2623 train_acc=90.10% | val_loss=0.3114 val_acc=86.88% | lr=3.000000e-05
Epoch 35/301 | train_loss=0.2597 train_acc=90.29% | val_loss=0.3104 val_acc=86.84% | lr=3.000000e-05
Epoch 36/301 | train_loss=0.2604 train_acc=90.35% | val_loss=0.3111 val_acc=86.90% | lr=3.000000e-05
Epoch 37/301 | train_loss=0.2542 train_acc=90.45% | val_loss=0.3111 val_acc=86.94% | lr=3.000000e-05
Epoch 38/301 | train_loss=0.2516 train_acc=90.80% | val_loss=0.3119 val_acc=86.92% | lr=3.000000e-05
Epoch 39/301 | train_loss=0.2493 train_acc=90.61% | val_loss=0.3111 val_acc=86.88% | lr=3.000000e-05
Epoch 40/301 | train_loss=0.2458 train_acc=90.90% | val_loss=0.3113 val_acc=87.00% | lr=3.000000e-05
Epoch 41/301 | train_loss=0.2448 train_acc=90.94% | val_loss=0.3115 val_acc=86.98% | lr=3.000000e-05
Epoch 42/301 | train_loss=0.2432 train_acc=90.92% | val_loss=0.3114 val_acc=86.86% | lr=3.000000e-05
Epoch 43/301 | train_loss=0.2384 train_acc=91.14% | val_loss=0.3125 val_acc=86.88% | lr=3.000000e-05
Validation loss has not improved for 8 epochs. Stopping training.
Test loss=0.3163 | Test accuracy=87.05%
