Loading IMDb dataset from local disk: /home/daniel/l/masteruppsats/np-reg/language/data/imdb_hf
Using device: cuda
BoW vocab size: 3125
Epoch 1/301 | train_loss=790.5818 train_acc=48.79% | val_loss=0.7365 val_acc=49.90% | lr=3.000000e-05
Saved new best model to /tmp/bow_mlp_imdb_dmzxp3_r.pt
Epoch 2/301 | train_loss=580.5174 train_acc=49.96% | val_loss=0.7722 val_acc=49.78% | lr=3.000000e-05
Epoch 3/301 | train_loss=415.9482 train_acc=50.06% | val_loss=0.7339 val_acc=50.30% | lr=3.000000e-05
Saved new best model to /tmp/bow_mlp_imdb_dmzxp3_r.pt
Epoch 4/301 | train_loss=295.2162 train_acc=49.36% | val_loss=0.7051 val_acc=49.46% | lr=3.000000e-05
Epoch 5/301 | train_loss=206.7395 train_acc=47.52% | val_loss=0.7002 val_acc=47.70% | lr=3.000000e-05
Epoch 6/301 | train_loss=142.5042 train_acc=47.18% | val_loss=0.6998 val_acc=47.80% | lr=3.000000e-05
Epoch 7/301 | train_loss=96.9278 train_acc=47.37% | val_loss=0.6995 val_acc=47.84% | lr=3.000000e-05
Epoch 8/301 | train_loss=65.9152 train_acc=47.58% | val_loss=0.6994 val_acc=47.98% | lr=3.000000e-05
Epoch 9/301 | train_loss=45.5650 train_acc=47.62% | val_loss=0.6988 val_acc=48.36% | lr=3.000000e-05
Epoch 10/301 | train_loss=32.8029 train_acc=48.26% | val_loss=0.6986 val_acc=49.06% | lr=3.000000e-05
Epoch 11/301 | train_loss=25.2240 train_acc=48.08% | val_loss=0.6980 val_acc=49.00% | lr=3.000000e-05
Epoch 12/301 | train_loss=20.9418 train_acc=48.32% | val_loss=0.6976 val_acc=48.92% | lr=3.000000e-05
Epoch 13/301 | train_loss=18.6413 train_acc=48.34% | val_loss=0.6970 val_acc=49.50% | lr=3.000000e-05
Epoch 14/301 | train_loss=17.4462 train_acc=48.83% | val_loss=0.6967 val_acc=49.22% | lr=3.000000e-05
Epoch 15/301 | train_loss=16.8084 train_acc=48.98% | val_loss=0.6960 val_acc=49.58% | lr=3.000000e-05
Epoch 16/301 | train_loss=16.4400 train_acc=49.48% | val_loss=0.6951 val_acc=50.48% | lr=3.000000e-05
Saved new best model to /tmp/bow_mlp_imdb_dmzxp3_r.pt
Epoch 17/301 | train_loss=16.1915 train_acc=49.73% | val_loss=0.6944 val_acc=50.80% | lr=3.000000e-05
Saved new best model to /tmp/bow_mlp_imdb_dmzxp3_r.pt
Epoch 18/301 | train_loss=15.9845 train_acc=50.33% | val_loss=0.6938 val_acc=51.10% | lr=3.000000e-05
Saved new best model to /tmp/bow_mlp_imdb_dmzxp3_r.pt
Epoch 19/301 | train_loss=15.7876 train_acc=50.57% | val_loss=0.6929 val_acc=51.82% | lr=3.000000e-05
Saved new best model to /tmp/bow_mlp_imdb_dmzxp3_r.pt
Epoch 20/301 | train_loss=15.5900 train_acc=50.87% | val_loss=0.6923 val_acc=52.18% | lr=3.000000e-05
Saved new best model to /tmp/bow_mlp_imdb_dmzxp3_r.pt
Epoch 21/301 | train_loss=15.3858 train_acc=51.82% | val_loss=0.6911 val_acc=52.92% | lr=3.000000e-05
Saved new best model to /tmp/bow_mlp_imdb_dmzxp3_r.pt
Epoch 22/301 | train_loss=15.1755 train_acc=52.55% | val_loss=0.6900 val_acc=53.78% | lr=3.000000e-05
Saved new best model to /tmp/bow_mlp_imdb_dmzxp3_r.pt
Epoch 23/301 | train_loss=14.9606 train_acc=53.14% | val_loss=0.6891 val_acc=54.18% | lr=3.000000e-05
Saved new best model to /tmp/bow_mlp_imdb_dmzxp3_r.pt
Epoch 24/301 | train_loss=14.7369 train_acc=53.65% | val_loss=0.6877 val_acc=54.88% | lr=3.000000e-05
Saved new best model to /tmp/bow_mlp_imdb_dmzxp3_r.pt
Epoch 25/301 | train_loss=14.5101 train_acc=54.52% | val_loss=0.6866 val_acc=55.28% | lr=3.000000e-05
Saved new best model to /tmp/bow_mlp_imdb_dmzxp3_r.pt
Epoch 26/301 | train_loss=14.2788 train_acc=55.45% | val_loss=0.6858 val_acc=56.50% | lr=3.000000e-05
Saved new best model to /tmp/bow_mlp_imdb_dmzxp3_r.pt
Epoch 27/301 | train_loss=14.0454 train_acc=56.20% | val_loss=0.6839 val_acc=57.24% | lr=3.000000e-05
Saved new best model to /tmp/bow_mlp_imdb_dmzxp3_r.pt
Epoch 28/301 | train_loss=13.8086 train_acc=56.83% | val_loss=0.6825 val_acc=57.98% | lr=3.000000e-05
Saved new best model to /tmp/bow_mlp_imdb_dmzxp3_r.pt
Epoch 29/301 | train_loss=13.5671 train_acc=57.80% | val_loss=0.6809 val_acc=59.10% | lr=3.000000e-05
Saved new best model to /tmp/bow_mlp_imdb_dmzxp3_r.pt
Epoch 30/301 | train_loss=13.3244 train_acc=58.76% | val_loss=0.6793 val_acc=60.22% | lr=3.000000e-05
Saved new best model to /tmp/bow_mlp_imdb_dmzxp3_r.pt
Epoch 31/301 | train_loss=13.0827 train_acc=59.74% | val_loss=0.6776 val_acc=61.14% | lr=3.000000e-05
Saved new best model to /tmp/bow_mlp_imdb_dmzxp3_r.pt
Epoch 32/301 | train_loss=12.8400 train_acc=60.58% | val_loss=0.6759 val_acc=62.16% | lr=3.000000e-05
Saved new best model to /tmp/bow_mlp_imdb_dmzxp3_r.pt
Epoch 33/301 | train_loss=12.5990 train_acc=61.68% | val_loss=0.6740 val_acc=63.12% | lr=3.000000e-05
Saved new best model to /tmp/bow_mlp_imdb_dmzxp3_r.pt
Epoch 34/301 | train_loss=12.3555 train_acc=62.68% | val_loss=0.6719 val_acc=63.94% | lr=3.000000e-05
Saved new best model to /tmp/bow_mlp_imdb_dmzxp3_r.pt
Epoch 35/301 | train_loss=12.1152 train_acc=63.71% | val_loss=0.6701 val_acc=65.12% | lr=3.000000e-05
Saved new best model to /tmp/bow_mlp_imdb_dmzxp3_r.pt
Epoch 36/301 | train_loss=11.8786 train_acc=64.72% | val_loss=0.6678 val_acc=65.94% | lr=3.000000e-05
Saved new best model to /tmp/bow_mlp_imdb_dmzxp3_r.pt
Epoch 37/301 | train_loss=11.6441 train_acc=65.82% | val_loss=0.6656 val_acc=66.86% | lr=3.000000e-05
Saved new best model to /tmp/bow_mlp_imdb_dmzxp3_r.pt
Epoch 38/301 | train_loss=11.4122 train_acc=66.54% | val_loss=0.6633 val_acc=67.50% | lr=3.000000e-05
Saved new best model to /tmp/bow_mlp_imdb_dmzxp3_r.pt
Epoch 39/301 | train_loss=11.1818 train_acc=67.59% | val_loss=0.6610 val_acc=68.72% | lr=3.000000e-05
Saved new best model to /tmp/bow_mlp_imdb_dmzxp3_r.pt
Epoch 40/301 | train_loss=10.9584 train_acc=68.77% | val_loss=0.6585 val_acc=69.02% | lr=3.000000e-05
Saved new best model to /tmp/bow_mlp_imdb_dmzxp3_r.pt
Epoch 41/301 | train_loss=10.7416 train_acc=69.25% | val_loss=0.6563 val_acc=70.26% | lr=3.000000e-05
Saved new best model to /tmp/bow_mlp_imdb_dmzxp3_r.pt
Epoch 42/301 | train_loss=10.5289 train_acc=70.38% | val_loss=0.6533 val_acc=70.22% | lr=3.000000e-05
Epoch 43/301 | train_loss=10.3188 train_acc=71.32% | val_loss=0.6506 val_acc=71.08% | lr=3.000000e-05
Saved new best model to /tmp/bow_mlp_imdb_dmzxp3_r.pt
Epoch 44/301 | train_loss=10.1180 train_acc=71.84% | val_loss=0.6479 val_acc=72.00% | lr=3.000000e-05
Saved new best model to /tmp/bow_mlp_imdb_dmzxp3_r.pt
Epoch 45/301 | train_loss=9.9216 train_acc=72.53% | val_loss=0.6453 val_acc=73.10% | lr=3.000000e-05
Saved new best model to /tmp/bow_mlp_imdb_dmzxp3_r.pt
Epoch 46/301 | train_loss=9.7313 train_acc=73.26% | val_loss=0.6423 val_acc=73.44% | lr=3.000000e-05
Saved new best model to /tmp/bow_mlp_imdb_dmzxp3_r.pt
Epoch 47/301 | train_loss=9.5479 train_acc=73.84% | val_loss=0.6393 val_acc=73.96% | lr=3.000000e-05
Saved new best model to /tmp/bow_mlp_imdb_dmzxp3_r.pt
Epoch 48/301 | train_loss=9.3707 train_acc=74.57% | val_loss=0.6362 val_acc=74.18% | lr=3.000000e-05
Saved new best model to /tmp/bow_mlp_imdb_dmzxp3_r.pt
Epoch 49/301 | train_loss=9.2003 train_acc=74.91% | val_loss=0.6331 val_acc=74.68% | lr=3.000000e-05
Saved new best model to /tmp/bow_mlp_imdb_dmzxp3_r.pt
Epoch 50/301 | train_loss=9.0388 train_acc=75.30% | val_loss=0.6301 val_acc=75.14% | lr=3.000000e-05
Saved new best model to /tmp/bow_mlp_imdb_dmzxp3_r.pt
Epoch 51/301 | train_loss=8.8796 train_acc=75.89% | val_loss=0.6269 val_acc=75.66% | lr=3.000000e-05
Saved new best model to /tmp/bow_mlp_imdb_dmzxp3_r.pt
Epoch 52/301 | train_loss=8.7304 train_acc=76.27% | val_loss=0.6237 val_acc=76.06% | lr=3.000000e-05
Saved new best model to /tmp/bow_mlp_imdb_dmzxp3_r.pt
Epoch 53/301 | train_loss=8.5854 train_acc=76.63% | val_loss=0.6206 val_acc=76.28% | lr=3.000000e-05
Saved new best model to /tmp/bow_mlp_imdb_dmzxp3_r.pt
Epoch 54/301 | train_loss=8.4494 train_acc=77.06% | val_loss=0.6173 val_acc=76.62% | lr=3.000000e-05
Saved new best model to /tmp/bow_mlp_imdb_dmzxp3_r.pt
Epoch 55/301 | train_loss=8.3162 train_acc=77.27% | val_loss=0.6144 val_acc=76.92% | lr=3.000000e-05
Saved new best model to /tmp/bow_mlp_imdb_dmzxp3_r.pt
Epoch 56/301 | train_loss=8.1900 train_acc=77.50% | val_loss=0.6108 val_acc=77.30% | lr=3.000000e-05
Saved new best model to /tmp/bow_mlp_imdb_dmzxp3_r.pt
Epoch 57/301 | train_loss=8.0680 train_acc=77.85% | val_loss=0.6072 val_acc=77.78% | lr=3.000000e-05
Saved new best model to /tmp/bow_mlp_imdb_dmzxp3_r.pt
Epoch 58/301 | train_loss=7.9504 train_acc=78.08% | val_loss=0.6040 val_acc=77.92% | lr=3.000000e-05
Saved new best model to /tmp/bow_mlp_imdb_dmzxp3_r.pt
Epoch 59/301 | train_loss=7.8420 train_acc=78.31% | val_loss=0.6005 val_acc=78.46% | lr=3.000000e-05
Saved new best model to /tmp/bow_mlp_imdb_dmzxp3_r.pt
Epoch 60/301 | train_loss=7.7350 train_acc=78.59% | val_loss=0.5975 val_acc=78.04% | lr=3.000000e-05
Epoch 61/301 | train_loss=7.6339 train_acc=78.70% | val_loss=0.5938 val_acc=78.54% | lr=3.000000e-05
Saved new best model to /tmp/bow_mlp_imdb_dmzxp3_r.pt
Epoch 62/301 | train_loss=7.5358 train_acc=78.95% | val_loss=0.5903 val_acc=78.76% | lr=3.000000e-05
Saved new best model to /tmp/bow_mlp_imdb_dmzxp3_r.pt
Epoch 63/301 | train_loss=7.4407 train_acc=79.14% | val_loss=0.5869 val_acc=79.10% | lr=3.000000e-05
Saved new best model to /tmp/bow_mlp_imdb_dmzxp3_r.pt
Epoch 64/301 | train_loss=7.3512 train_acc=79.44% | val_loss=0.5834 val_acc=79.18% | lr=3.000000e-05
Saved new best model to /tmp/bow_mlp_imdb_dmzxp3_r.pt
Epoch 65/301 | train_loss=7.2647 train_acc=79.66% | val_loss=0.5801 val_acc=79.40% | lr=3.000000e-05
Saved new best model to /tmp/bow_mlp_imdb_dmzxp3_r.pt
Epoch 66/301 | train_loss=7.1830 train_acc=79.56% | val_loss=0.5767 val_acc=79.50% | lr=3.000000e-05
Saved new best model to /tmp/bow_mlp_imdb_dmzxp3_r.pt
Epoch 67/301 | train_loss=7.1045 train_acc=79.86% | val_loss=0.5733 val_acc=79.48% | lr=3.000000e-05
Epoch 68/301 | train_loss=7.0259 train_acc=80.04% | val_loss=0.5699 val_acc=79.76% | lr=3.000000e-05
Saved new best model to /tmp/bow_mlp_imdb_dmzxp3_r.pt
Epoch 69/301 | train_loss=6.9516 train_acc=80.32% | val_loss=0.5665 val_acc=79.82% | lr=3.000000e-05
Saved new best model to /tmp/bow_mlp_imdb_dmzxp3_r.pt
Epoch 70/301 | train_loss=6.8816 train_acc=80.41% | val_loss=0.5630 val_acc=80.14% | lr=3.000000e-05
Saved new best model to /tmp/bow_mlp_imdb_dmzxp3_r.pt
Epoch 71/301 | train_loss=6.8132 train_acc=80.43% | val_loss=0.5600 val_acc=79.78% | lr=3.000000e-05
Epoch 72/301 | train_loss=6.7459 train_acc=80.73% | val_loss=0.5565 val_acc=80.08% | lr=3.000000e-05
Epoch 73/301 | train_loss=6.6845 train_acc=80.70% | val_loss=0.5530 val_acc=80.52% | lr=3.000000e-05
Saved new best model to /tmp/bow_mlp_imdb_dmzxp3_r.pt
Epoch 74/301 | train_loss=6.6212 train_acc=80.96% | val_loss=0.5499 val_acc=80.28% | lr=3.000000e-05
Epoch 75/301 | train_loss=6.5606 train_acc=81.00% | val_loss=0.5465 val_acc=80.66% | lr=3.000000e-05
Saved new best model to /tmp/bow_mlp_imdb_dmzxp3_r.pt
Epoch 76/301 | train_loss=6.5009 train_acc=81.25% | val_loss=0.5433 val_acc=81.04% | lr=3.000000e-05
Saved new best model to /tmp/bow_mlp_imdb_dmzxp3_r.pt
Epoch 77/301 | train_loss=6.4456 train_acc=81.38% | val_loss=0.5401 val_acc=80.72% | lr=3.000000e-05
Epoch 78/301 | train_loss=6.3899 train_acc=81.39% | val_loss=0.5368 val_acc=80.98% | lr=3.000000e-05
Epoch 79/301 | train_loss=6.3350 train_acc=81.55% | val_loss=0.5335 val_acc=81.46% | lr=3.000000e-05
Saved new best model to /tmp/bow_mlp_imdb_dmzxp3_r.pt
Epoch 80/301 | train_loss=6.2848 train_acc=81.61% | val_loss=0.5307 val_acc=81.10% | lr=3.000000e-05
Epoch 81/301 | train_loss=6.2334 train_acc=81.66% | val_loss=0.5273 val_acc=81.42% | lr=3.000000e-05
Epoch 82/301 | train_loss=6.1858 train_acc=81.90% | val_loss=0.5241 val_acc=81.58% | lr=3.000000e-05
Saved new best model to /tmp/bow_mlp_imdb_dmzxp3_r.pt
Epoch 83/301 | train_loss=6.1362 train_acc=82.09% | val_loss=0.5211 val_acc=81.58% | lr=3.000000e-05
Epoch 84/301 | train_loss=6.0891 train_acc=82.28% | val_loss=0.5180 val_acc=82.00% | lr=3.000000e-05
Saved new best model to /tmp/bow_mlp_imdb_dmzxp3_r.pt
Epoch 85/301 | train_loss=6.0435 train_acc=82.23% | val_loss=0.5149 val_acc=82.08% | lr=3.000000e-05
Saved new best model to /tmp/bow_mlp_imdb_dmzxp3_r.pt
Epoch 86/301 | train_loss=5.9986 train_acc=82.38% | val_loss=0.5119 val_acc=82.14% | lr=3.000000e-05
Saved new best model to /tmp/bow_mlp_imdb_dmzxp3_r.pt
Epoch 87/301 | train_loss=5.9530 train_acc=82.53% | val_loss=0.5089 val_acc=82.24% | lr=3.000000e-05
Saved new best model to /tmp/bow_mlp_imdb_dmzxp3_r.pt
Epoch 88/301 | train_loss=5.9093 train_acc=82.73% | val_loss=0.5059 val_acc=82.40% | lr=3.000000e-05
Saved new best model to /tmp/bow_mlp_imdb_dmzxp3_r.pt
Epoch 89/301 | train_loss=5.8681 train_acc=82.78% | val_loss=0.5030 val_acc=82.60% | lr=3.000000e-05
Saved new best model to /tmp/bow_mlp_imdb_dmzxp3_r.pt
Epoch 90/301 | train_loss=5.8273 train_acc=82.95% | val_loss=0.5002 val_acc=82.90% | lr=3.000000e-05
Saved new best model to /tmp/bow_mlp_imdb_dmzxp3_r.pt
Epoch 91/301 | train_loss=5.7859 train_acc=83.02% | val_loss=0.4972 val_acc=82.80% | lr=3.000000e-05
Epoch 92/301 | train_loss=5.7458 train_acc=83.21% | val_loss=0.4943 val_acc=82.96% | lr=3.000000e-05
Saved new best model to /tmp/bow_mlp_imdb_dmzxp3_r.pt
Epoch 93/301 | train_loss=5.7070 train_acc=83.23% | val_loss=0.4915 val_acc=83.12% | lr=3.000000e-05
Saved new best model to /tmp/bow_mlp_imdb_dmzxp3_r.pt
Epoch 94/301 | train_loss=5.6685 train_acc=83.39% | val_loss=0.4887 val_acc=83.18% | lr=3.000000e-05
Saved new best model to /tmp/bow_mlp_imdb_dmzxp3_r.pt
Epoch 95/301 | train_loss=5.6300 train_acc=83.54% | val_loss=0.4860 val_acc=83.32% | lr=3.000000e-05
Saved new best model to /tmp/bow_mlp_imdb_dmzxp3_r.pt
Epoch 96/301 | train_loss=5.5931 train_acc=83.50% | val_loss=0.4833 val_acc=83.32% | lr=3.000000e-05
Epoch 97/301 | train_loss=5.5584 train_acc=83.67% | val_loss=0.4806 val_acc=83.44% | lr=3.000000e-05
Saved new best model to /tmp/bow_mlp_imdb_dmzxp3_r.pt
Epoch 98/301 | train_loss=5.5200 train_acc=83.79% | val_loss=0.4779 val_acc=83.50% | lr=3.000000e-05
Saved new best model to /tmp/bow_mlp_imdb_dmzxp3_r.pt
Epoch 99/301 | train_loss=5.4850 train_acc=83.86% | val_loss=0.4753 val_acc=83.66% | lr=3.000000e-05
Saved new best model to /tmp/bow_mlp_imdb_dmzxp3_r.pt
Epoch 100/301 | train_loss=5.4509 train_acc=84.02% | val_loss=0.4729 val_acc=83.66% | lr=3.000000e-05
Epoch 101/301 | train_loss=5.4160 train_acc=84.08% | val_loss=0.4700 val_acc=83.84% | lr=3.000000e-05
Saved new best model to /tmp/bow_mlp_imdb_dmzxp3_r.pt
Epoch 102/301 | train_loss=5.3817 train_acc=84.16% | val_loss=0.4676 val_acc=83.80% | lr=3.000000e-05
Epoch 103/301 | train_loss=5.3476 train_acc=84.31% | val_loss=0.4650 val_acc=83.92% | lr=3.000000e-05
Saved new best model to /tmp/bow_mlp_imdb_dmzxp3_r.pt
Epoch 104/301 | train_loss=5.3146 train_acc=84.34% | val_loss=0.4630 val_acc=83.92% | lr=3.000000e-05
Epoch 105/301 | train_loss=5.2820 train_acc=84.43% | val_loss=0.4601 val_acc=84.10% | lr=3.000000e-05
Saved new best model to /tmp/bow_mlp_imdb_dmzxp3_r.pt
Epoch 106/301 | train_loss=5.2512 train_acc=84.55% | val_loss=0.4578 val_acc=84.22% | lr=3.000000e-05
Saved new best model to /tmp/bow_mlp_imdb_dmzxp3_r.pt
Epoch 107/301 | train_loss=5.2185 train_acc=84.64% | val_loss=0.4552 val_acc=84.34% | lr=3.000000e-05
Saved new best model to /tmp/bow_mlp_imdb_dmzxp3_r.pt
Epoch 108/301 | train_loss=5.1880 train_acc=84.66% | val_loss=0.4530 val_acc=84.50% | lr=3.000000e-05
Saved new best model to /tmp/bow_mlp_imdb_dmzxp3_r.pt
Epoch 109/301 | train_loss=5.1570 train_acc=84.78% | val_loss=0.4506 val_acc=84.48% | lr=3.000000e-05
Epoch 110/301 | train_loss=5.1268 train_acc=84.93% | val_loss=0.4483 val_acc=84.56% | lr=3.000000e-05
Saved new best model to /tmp/bow_mlp_imdb_dmzxp3_r.pt
Epoch 111/301 | train_loss=5.0974 train_acc=85.01% | val_loss=0.4465 val_acc=84.50% | lr=3.000000e-05
Epoch 112/301 | train_loss=5.0680 train_acc=85.07% | val_loss=0.4439 val_acc=84.38% | lr=3.000000e-05
Epoch 113/301 | train_loss=5.0380 train_acc=85.10% | val_loss=0.4417 val_acc=84.68% | lr=3.000000e-05
Saved new best model to /tmp/bow_mlp_imdb_dmzxp3_r.pt
Epoch 114/301 | train_loss=5.0091 train_acc=85.26% | val_loss=0.4397 val_acc=84.82% | lr=3.000000e-05
Saved new best model to /tmp/bow_mlp_imdb_dmzxp3_r.pt
Epoch 115/301 | train_loss=4.9815 train_acc=85.22% | val_loss=0.4378 val_acc=84.62% | lr=3.000000e-05
Epoch 116/301 | train_loss=4.9530 train_acc=85.38% | val_loss=0.4354 val_acc=84.72% | lr=3.000000e-05
Epoch 117/301 | train_loss=4.9242 train_acc=85.38% | val_loss=0.4334 val_acc=84.88% | lr=3.000000e-05
Saved new best model to /tmp/bow_mlp_imdb_dmzxp3_r.pt
Epoch 118/301 | train_loss=4.8949 train_acc=85.43% | val_loss=0.4313 val_acc=84.58% | lr=3.000000e-05
Epoch 119/301 | train_loss=4.8697 train_acc=85.48% | val_loss=0.4294 val_acc=84.84% | lr=3.000000e-05
Epoch 120/301 | train_loss=4.8416 train_acc=85.54% | val_loss=0.4275 val_acc=84.86% | lr=3.000000e-05
Epoch 121/301 | train_loss=4.8154 train_acc=85.61% | val_loss=0.4255 val_acc=84.76% | lr=3.000000e-05
Epoch 122/301 | train_loss=4.7883 train_acc=85.62% | val_loss=0.4237 val_acc=84.92% | lr=3.000000e-05
Saved new best model to /tmp/bow_mlp_imdb_dmzxp3_r.pt
Epoch 123/301 | train_loss=4.7616 train_acc=85.73% | val_loss=0.4217 val_acc=84.88% | lr=3.000000e-05
Epoch 124/301 | train_loss=4.7373 train_acc=85.76% | val_loss=0.4200 val_acc=85.00% | lr=3.000000e-05
Saved new best model to /tmp/bow_mlp_imdb_dmzxp3_r.pt
Epoch 125/301 | train_loss=4.7122 train_acc=85.77% | val_loss=0.4181 val_acc=85.02% | lr=3.000000e-05
Saved new best model to /tmp/bow_mlp_imdb_dmzxp3_r.pt
Epoch 126/301 | train_loss=4.6871 train_acc=85.89% | val_loss=0.4166 val_acc=85.06% | lr=3.000000e-05
Saved new best model to /tmp/bow_mlp_imdb_dmzxp3_r.pt
Epoch 127/301 | train_loss=4.6613 train_acc=85.88% | val_loss=0.4146 val_acc=85.12% | lr=3.000000e-05
Saved new best model to /tmp/bow_mlp_imdb_dmzxp3_r.pt
Epoch 128/301 | train_loss=4.6370 train_acc=85.95% | val_loss=0.4131 val_acc=85.12% | lr=3.000000e-05
Epoch 129/301 | train_loss=4.6146 train_acc=86.00% | val_loss=0.4113 val_acc=85.18% | lr=3.000000e-05
Saved new best model to /tmp/bow_mlp_imdb_dmzxp3_r.pt
Epoch 130/301 | train_loss=4.5894 train_acc=86.04% | val_loss=0.4096 val_acc=85.28% | lr=3.000000e-05
Saved new best model to /tmp/bow_mlp_imdb_dmzxp3_r.pt
Epoch 131/301 | train_loss=4.5646 train_acc=86.11% | val_loss=0.4079 val_acc=85.40% | lr=3.000000e-05
Saved new best model to /tmp/bow_mlp_imdb_dmzxp3_r.pt
Epoch 132/301 | train_loss=4.5410 train_acc=86.15% | val_loss=0.4063 val_acc=85.34% | lr=3.000000e-05
Epoch 133/301 | train_loss=4.5179 train_acc=86.26% | val_loss=0.4049 val_acc=85.34% | lr=3.000000e-05
Epoch 134/301 | train_loss=4.4941 train_acc=86.31% | val_loss=0.4033 val_acc=85.44% | lr=3.000000e-05
Saved new best model to /tmp/bow_mlp_imdb_dmzxp3_r.pt
Epoch 135/301 | train_loss=4.4716 train_acc=86.39% | val_loss=0.4017 val_acc=85.42% | lr=3.000000e-05
Epoch 136/301 | train_loss=4.4490 train_acc=86.39% | val_loss=0.4002 val_acc=85.46% | lr=3.000000e-05
Saved new best model to /tmp/bow_mlp_imdb_dmzxp3_r.pt
Epoch 137/301 | train_loss=4.4250 train_acc=86.44% | val_loss=0.3988 val_acc=85.60% | lr=3.000000e-05
Saved new best model to /tmp/bow_mlp_imdb_dmzxp3_r.pt
Epoch 138/301 | train_loss=4.4033 train_acc=86.37% | val_loss=0.3973 val_acc=85.58% | lr=3.000000e-05
Epoch 139/301 | train_loss=4.3817 train_acc=86.56% | val_loss=0.3960 val_acc=85.48% | lr=3.000000e-05
Epoch 140/301 | train_loss=4.3597 train_acc=86.63% | val_loss=0.3946 val_acc=85.52% | lr=3.000000e-05
Epoch 141/301 | train_loss=4.3376 train_acc=86.59% | val_loss=0.3932 val_acc=85.58% | lr=3.000000e-05
Epoch 142/301 | train_loss=4.3160 train_acc=86.64% | val_loss=0.3919 val_acc=85.62% | lr=3.000000e-05
Saved new best model to /tmp/bow_mlp_imdb_dmzxp3_r.pt
Epoch 143/301 | train_loss=4.2948 train_acc=86.70% | val_loss=0.3906 val_acc=85.64% | lr=3.000000e-05
Saved new best model to /tmp/bow_mlp_imdb_dmzxp3_r.pt
Epoch 144/301 | train_loss=4.2745 train_acc=86.77% | val_loss=0.3893 val_acc=85.66% | lr=3.000000e-05
Saved new best model to /tmp/bow_mlp_imdb_dmzxp3_r.pt
Epoch 145/301 | train_loss=4.2530 train_acc=86.78% | val_loss=0.3880 val_acc=85.84% | lr=3.000000e-05
Saved new best model to /tmp/bow_mlp_imdb_dmzxp3_r.pt
Epoch 146/301 | train_loss=4.2325 train_acc=86.79% | val_loss=0.3871 val_acc=85.56% | lr=3.000000e-05
Epoch 147/301 | train_loss=4.2118 train_acc=86.78% | val_loss=0.3855 val_acc=85.72% | lr=3.000000e-05
Epoch 148/301 | train_loss=4.1909 train_acc=86.91% | val_loss=0.3843 val_acc=85.76% | lr=3.000000e-05
Epoch 149/301 | train_loss=4.1707 train_acc=86.94% | val_loss=0.3833 val_acc=85.70% | lr=3.000000e-05
Epoch 150/301 | train_loss=4.1507 train_acc=86.95% | val_loss=0.3822 val_acc=85.78% | lr=3.000000e-05
Epoch 151/301 | train_loss=4.1316 train_acc=86.99% | val_loss=0.3808 val_acc=85.88% | lr=3.000000e-05
Saved new best model to /tmp/bow_mlp_imdb_dmzxp3_r.pt
Epoch 152/301 | train_loss=4.1112 train_acc=87.03% | val_loss=0.3797 val_acc=85.92% | lr=3.000000e-05
Saved new best model to /tmp/bow_mlp_imdb_dmzxp3_r.pt
Epoch 153/301 | train_loss=4.0917 train_acc=87.04% | val_loss=0.3786 val_acc=85.88% | lr=3.000000e-05
Epoch 154/301 | train_loss=4.0726 train_acc=87.13% | val_loss=0.3776 val_acc=85.90% | lr=3.000000e-05
Epoch 155/301 | train_loss=4.0541 train_acc=87.12% | val_loss=0.3766 val_acc=85.94% | lr=3.000000e-05
Saved new best model to /tmp/bow_mlp_imdb_dmzxp3_r.pt
Epoch 156/301 | train_loss=4.0343 train_acc=87.13% | val_loss=0.3754 val_acc=85.88% | lr=3.000000e-05
Epoch 157/301 | train_loss=4.0164 train_acc=87.17% | val_loss=0.3745 val_acc=85.94% | lr=3.000000e-05
Epoch 158/301 | train_loss=3.9976 train_acc=87.22% | val_loss=0.3734 val_acc=85.92% | lr=3.000000e-05
Epoch 159/301 | train_loss=3.9796 train_acc=87.26% | val_loss=0.3723 val_acc=85.90% | lr=3.000000e-05
Epoch 160/301 | train_loss=3.9612 train_acc=87.24% | val_loss=0.3714 val_acc=85.86% | lr=3.000000e-05
Epoch 161/301 | train_loss=3.9430 train_acc=87.36% | val_loss=0.3704 val_acc=85.94% | lr=3.000000e-05
Epoch 162/301 | train_loss=3.9258 train_acc=87.32% | val_loss=0.3696 val_acc=85.94% | lr=3.000000e-05
Epoch 163/301 | train_loss=3.9076 train_acc=87.43% | val_loss=0.3685 val_acc=85.98% | lr=3.000000e-05
Saved new best model to /tmp/bow_mlp_imdb_dmzxp3_r.pt
Epoch 164/301 | train_loss=3.8902 train_acc=87.45% | val_loss=0.3676 val_acc=85.96% | lr=3.000000e-05
Epoch 165/301 | train_loss=3.8735 train_acc=87.39% | val_loss=0.3667 val_acc=86.02% | lr=3.000000e-05
Saved new best model to /tmp/bow_mlp_imdb_dmzxp3_r.pt
Epoch 166/301 | train_loss=3.8545 train_acc=87.44% | val_loss=0.3662 val_acc=86.14% | lr=3.000000e-05
Saved new best model to /tmp/bow_mlp_imdb_dmzxp3_r.pt
Epoch 167/301 | train_loss=3.8393 train_acc=87.54% | val_loss=0.3650 val_acc=85.98% | lr=3.000000e-05
Epoch 168/301 | train_loss=3.8212 train_acc=87.54% | val_loss=0.3641 val_acc=86.06% | lr=3.000000e-05
Epoch 169/301 | train_loss=3.8048 train_acc=87.58% | val_loss=0.3639 val_acc=86.14% | lr=3.000000e-05
Epoch 170/301 | train_loss=3.7867 train_acc=87.58% | val_loss=0.3626 val_acc=86.24% | lr=3.000000e-05
Saved new best model to /tmp/bow_mlp_imdb_dmzxp3_r.pt
Epoch 171/301 | train_loss=3.7707 train_acc=87.61% | val_loss=0.3617 val_acc=86.12% | lr=3.000000e-05
Epoch 172/301 | train_loss=3.7538 train_acc=87.62% | val_loss=0.3610 val_acc=86.26% | lr=3.000000e-05
Saved new best model to /tmp/bow_mlp_imdb_dmzxp3_r.pt
Epoch 173/301 | train_loss=3.7376 train_acc=87.71% | val_loss=0.3601 val_acc=86.16% | lr=3.000000e-05
Epoch 174/301 | train_loss=3.7213 train_acc=87.76% | val_loss=0.3593 val_acc=86.16% | lr=3.000000e-05
Epoch 175/301 | train_loss=3.7041 train_acc=87.71% | val_loss=0.3587 val_acc=86.26% | lr=3.000000e-05
Epoch 176/301 | train_loss=3.6902 train_acc=87.78% | val_loss=0.3578 val_acc=86.28% | lr=3.000000e-05
Saved new best model to /tmp/bow_mlp_imdb_dmzxp3_r.pt
Epoch 177/301 | train_loss=3.6725 train_acc=87.81% | val_loss=0.3570 val_acc=86.14% | lr=3.000000e-05
Epoch 178/301 | train_loss=3.6573 train_acc=87.81% | val_loss=0.3563 val_acc=86.26% | lr=3.000000e-05
Epoch 179/301 | train_loss=3.6418 train_acc=87.84% | val_loss=0.3556 val_acc=86.26% | lr=3.000000e-05
Epoch 180/301 | train_loss=3.6254 train_acc=87.89% | val_loss=0.3549 val_acc=86.12% | lr=3.000000e-05
Epoch 181/301 | train_loss=3.6100 train_acc=87.94% | val_loss=0.3543 val_acc=86.32% | lr=3.000000e-05
Saved new best model to /tmp/bow_mlp_imdb_dmzxp3_r.pt
Epoch 182/301 | train_loss=3.5961 train_acc=87.95% | val_loss=0.3536 val_acc=86.28% | lr=3.000000e-05
Epoch 183/301 | train_loss=3.5799 train_acc=88.00% | val_loss=0.3530 val_acc=86.30% | lr=3.000000e-05
Epoch 184/301 | train_loss=3.5645 train_acc=88.03% | val_loss=0.3523 val_acc=86.38% | lr=3.000000e-05
Saved new best model to /tmp/bow_mlp_imdb_dmzxp3_r.pt
Epoch 185/301 | train_loss=3.5494 train_acc=88.06% | val_loss=0.3518 val_acc=86.30% | lr=3.000000e-05
Epoch 186/301 | train_loss=3.5342 train_acc=88.09% | val_loss=0.3510 val_acc=86.30% | lr=3.000000e-05
Epoch 187/301 | train_loss=3.5199 train_acc=88.11% | val_loss=0.3503 val_acc=86.28% | lr=3.000000e-05
Epoch 188/301 | train_loss=3.5055 train_acc=88.10% | val_loss=0.3498 val_acc=86.30% | lr=3.000000e-05
Epoch 189/301 | train_loss=3.4903 train_acc=88.15% | val_loss=0.3491 val_acc=86.26% | lr=3.000000e-05
Epoch 190/301 | train_loss=3.4754 train_acc=88.20% | val_loss=0.3486 val_acc=86.26% | lr=3.000000e-05
Epoch 191/301 | train_loss=3.4612 train_acc=88.20% | val_loss=0.3481 val_acc=86.38% | lr=3.000000e-05
Epoch 192/301 | train_loss=3.4476 train_acc=88.27% | val_loss=0.3474 val_acc=86.26% | lr=3.000000e-05
Epoch 193/301 | train_loss=3.4330 train_acc=88.28% | val_loss=0.3471 val_acc=86.40% | lr=3.000000e-05
Saved new best model to /tmp/bow_mlp_imdb_dmzxp3_r.pt
Epoch 194/301 | train_loss=3.4187 train_acc=88.28% | val_loss=0.3463 val_acc=86.28% | lr=3.000000e-05
Epoch 195/301 | train_loss=3.4051 train_acc=88.31% | val_loss=0.3458 val_acc=86.38% | lr=3.000000e-05
Epoch 196/301 | train_loss=3.3901 train_acc=88.25% | val_loss=0.3452 val_acc=86.36% | lr=3.000000e-05
Epoch 197/301 | train_loss=3.3780 train_acc=88.34% | val_loss=0.3447 val_acc=86.40% | lr=3.000000e-05
Epoch 198/301 | train_loss=3.3638 train_acc=88.37% | val_loss=0.3442 val_acc=86.28% | lr=3.000000e-05
Epoch 199/301 | train_loss=3.3500 train_acc=88.42% | val_loss=0.3437 val_acc=86.38% | lr=3.000000e-05
Epoch 200/301 | train_loss=3.3348 train_acc=88.35% | val_loss=0.3431 val_acc=86.42% | lr=3.000000e-05
Saved new best model to /tmp/bow_mlp_imdb_dmzxp3_r.pt
Epoch 201/301 | train_loss=3.3220 train_acc=88.47% | val_loss=0.3430 val_acc=86.52% | lr=3.000000e-05
Saved new best model to /tmp/bow_mlp_imdb_dmzxp3_r.pt
Epoch 202/301 | train_loss=3.3084 train_acc=88.48% | val_loss=0.3422 val_acc=86.54% | lr=3.000000e-05
Saved new best model to /tmp/bow_mlp_imdb_dmzxp3_r.pt
Epoch 203/301 | train_loss=3.2948 train_acc=88.51% | val_loss=0.3423 val_acc=86.48% | lr=3.000000e-05
Epoch 204/301 | train_loss=3.2810 train_acc=88.52% | val_loss=0.3414 val_acc=86.56% | lr=3.000000e-05
Saved new best model to /tmp/bow_mlp_imdb_dmzxp3_r.pt
Epoch 205/301 | train_loss=3.2674 train_acc=88.52% | val_loss=0.3409 val_acc=86.56% | lr=3.000000e-05
Epoch 206/301 | train_loss=3.2545 train_acc=88.52% | val_loss=0.3403 val_acc=86.54% | lr=3.000000e-05
Epoch 207/301 | train_loss=3.2417 train_acc=88.56% | val_loss=0.3399 val_acc=86.66% | lr=3.000000e-05
Saved new best model to /tmp/bow_mlp_imdb_dmzxp3_r.pt
Epoch 208/301 | train_loss=3.2284 train_acc=88.54% | val_loss=0.3395 val_acc=86.66% | lr=3.000000e-05
Epoch 209/301 | train_loss=3.2161 train_acc=88.58% | val_loss=0.3390 val_acc=86.56% | lr=3.000000e-05
Epoch 210/301 | train_loss=3.2026 train_acc=88.61% | val_loss=0.3393 val_acc=86.60% | lr=3.000000e-05
Epoch 211/301 | train_loss=3.1892 train_acc=88.61% | val_loss=0.3383 val_acc=86.58% | lr=3.000000e-05
Epoch 212/301 | train_loss=3.1770 train_acc=88.63% | val_loss=0.3377 val_acc=86.60% | lr=3.000000e-05
Epoch 213/301 | train_loss=3.1645 train_acc=88.64% | val_loss=0.3373 val_acc=86.76% | lr=3.000000e-05
Saved new best model to /tmp/bow_mlp_imdb_dmzxp3_r.pt
Epoch 214/301 | train_loss=3.1512 train_acc=88.67% | val_loss=0.3369 val_acc=86.74% | lr=3.000000e-05
Epoch 215/301 | train_loss=3.1386 train_acc=88.66% | val_loss=0.3365 val_acc=86.68% | lr=3.000000e-05
Epoch 216/301 | train_loss=3.1262 train_acc=88.68% | val_loss=0.3362 val_acc=86.74% | lr=3.000000e-05
Epoch 217/301 | train_loss=3.1135 train_acc=88.67% | val_loss=0.3358 val_acc=86.76% | lr=3.000000e-05
Epoch 218/301 | train_loss=3.1012 train_acc=88.70% | val_loss=0.3353 val_acc=86.80% | lr=3.000000e-05
Saved new best model to /tmp/bow_mlp_imdb_dmzxp3_r.pt
Epoch 219/301 | train_loss=3.0885 train_acc=88.81% | val_loss=0.3350 val_acc=86.72% | lr=3.000000e-05
Epoch 220/301 | train_loss=3.0760 train_acc=88.77% | val_loss=0.3347 val_acc=86.76% | lr=3.000000e-05
Epoch 221/301 | train_loss=3.0632 train_acc=88.76% | val_loss=0.3345 val_acc=86.72% | lr=3.000000e-05
Epoch 222/301 | train_loss=3.0512 train_acc=88.83% | val_loss=0.3340 val_acc=86.76% | lr=3.000000e-05
Epoch 223/301 | train_loss=3.0385 train_acc=88.81% | val_loss=0.3335 val_acc=86.68% | lr=3.000000e-05
Epoch 224/301 | train_loss=3.0270 train_acc=88.83% | val_loss=0.3332 val_acc=86.66% | lr=3.000000e-05
Epoch 225/301 | train_loss=3.0156 train_acc=88.84% | val_loss=0.3329 val_acc=86.80% | lr=3.000000e-05
Epoch 226/301 | train_loss=3.0030 train_acc=88.87% | val_loss=0.3325 val_acc=86.64% | lr=3.000000e-05
Epoch 227/301 | train_loss=2.9907 train_acc=88.85% | val_loss=0.3323 val_acc=86.86% | lr=3.000000e-05
Saved new best model to /tmp/bow_mlp_imdb_dmzxp3_r.pt
Epoch 228/301 | train_loss=2.9787 train_acc=88.89% | val_loss=0.3319 val_acc=86.78% | lr=3.000000e-05
Epoch 229/301 | train_loss=2.9660 train_acc=88.92% | val_loss=0.3318 val_acc=86.88% | lr=3.000000e-05
Saved new best model to /tmp/bow_mlp_imdb_dmzxp3_r.pt
Epoch 230/301 | train_loss=2.9549 train_acc=88.92% | val_loss=0.3313 val_acc=86.90% | lr=3.000000e-05
Saved new best model to /tmp/bow_mlp_imdb_dmzxp3_r.pt
Epoch 231/301 | train_loss=2.9433 train_acc=88.95% | val_loss=0.3310 val_acc=86.88% | lr=3.000000e-05
Epoch 232/301 | train_loss=2.9314 train_acc=88.94% | val_loss=0.3307 val_acc=86.76% | lr=3.000000e-05
Epoch 233/301 | train_loss=2.9193 train_acc=88.98% | val_loss=0.3304 val_acc=86.96% | lr=3.000000e-05
Saved new best model to /tmp/bow_mlp_imdb_dmzxp3_r.pt
Epoch 234/301 | train_loss=2.9084 train_acc=89.00% | val_loss=0.3302 val_acc=86.96% | lr=3.000000e-05
Epoch 235/301 | train_loss=2.8964 train_acc=89.02% | val_loss=0.3299 val_acc=86.98% | lr=3.000000e-05
Saved new best model to /tmp/bow_mlp_imdb_dmzxp3_r.pt
Epoch 236/301 | train_loss=2.8848 train_acc=89.00% | val_loss=0.3296 val_acc=86.88% | lr=3.000000e-05
Epoch 237/301 | train_loss=2.8731 train_acc=89.00% | val_loss=0.3292 val_acc=86.74% | lr=3.000000e-05
Epoch 238/301 | train_loss=2.8619 train_acc=89.05% | val_loss=0.3289 val_acc=86.84% | lr=3.000000e-05
Epoch 239/301 | train_loss=2.8509 train_acc=89.10% | val_loss=0.3287 val_acc=86.90% | lr=3.000000e-05
Epoch 240/301 | train_loss=2.8393 train_acc=89.11% | val_loss=0.3288 val_acc=86.90% | lr=3.000000e-05
Epoch 241/301 | train_loss=2.8281 train_acc=89.11% | val_loss=0.3282 val_acc=86.88% | lr=3.000000e-05
Epoch 242/301 | train_loss=2.8172 train_acc=89.17% | val_loss=0.3279 val_acc=86.80% | lr=3.000000e-05
Epoch 243/301 | train_loss=2.8064 train_acc=89.17% | val_loss=0.3276 val_acc=86.80% | lr=3.000000e-05
Epoch 244/301 | train_loss=2.7953 train_acc=89.12% | val_loss=0.3274 val_acc=86.68% | lr=3.000000e-05
Epoch 245/301 | train_loss=2.7843 train_acc=89.13% | val_loss=0.3271 val_acc=86.82% | lr=3.000000e-05
Epoch 246/301 | train_loss=2.7739 train_acc=89.17% | val_loss=0.3272 val_acc=86.90% | lr=3.000000e-05
Epoch 247/301 | train_loss=2.7632 train_acc=89.17% | val_loss=0.3267 val_acc=86.78% | lr=3.000000e-05
Epoch 248/301 | train_loss=2.7526 train_acc=89.22% | val_loss=0.3264 val_acc=86.70% | lr=3.000000e-05
Epoch 249/301 | train_loss=2.7424 train_acc=89.18% | val_loss=0.3262 val_acc=86.80% | lr=3.000000e-05
Epoch 250/301 | train_loss=2.7312 train_acc=89.25% | val_loss=0.3262 val_acc=86.92% | lr=3.000000e-05
Epoch 251/301 | train_loss=2.7209 train_acc=89.25% | val_loss=0.3258 val_acc=86.78% | lr=3.000000e-05
Epoch 252/301 | train_loss=2.7101 train_acc=89.22% | val_loss=0.3257 val_acc=86.90% | lr=3.000000e-05
Epoch 253/301 | train_loss=2.7002 train_acc=89.24% | val_loss=0.3254 val_acc=86.80% | lr=3.000000e-05
Epoch 254/301 | train_loss=2.6898 train_acc=89.33% | val_loss=0.3251 val_acc=86.72% | lr=3.000000e-05
Epoch 255/301 | train_loss=2.6800 train_acc=89.29% | val_loss=0.3251 val_acc=86.94% | lr=3.000000e-05
Epoch 256/301 | train_loss=2.6704 train_acc=89.38% | val_loss=0.3247 val_acc=86.80% | lr=3.000000e-05
Epoch 257/301 | train_loss=2.6595 train_acc=89.33% | val_loss=0.3245 val_acc=86.80% | lr=3.000000e-05
Epoch 258/301 | train_loss=2.6494 train_acc=89.33% | val_loss=0.3243 val_acc=86.78% | lr=3.000000e-05
Epoch 259/301 | train_loss=2.6399 train_acc=89.32% | val_loss=0.3242 val_acc=86.80% | lr=3.000000e-05
Epoch 260/301 | train_loss=2.6296 train_acc=89.40% | val_loss=0.3239 val_acc=86.74% | lr=3.000000e-05
Epoch 261/301 | train_loss=2.6209 train_acc=89.42% | val_loss=0.3238 val_acc=86.84% | lr=3.000000e-05
Epoch 262/301 | train_loss=2.6106 train_acc=89.39% | val_loss=0.3236 val_acc=86.80% | lr=3.000000e-05
Epoch 263/301 | train_loss=2.6002 train_acc=89.39% | val_loss=0.3235 val_acc=86.90% | lr=3.000000e-05
Epoch 264/301 | train_loss=2.5921 train_acc=89.42% | val_loss=0.3232 val_acc=86.82% | lr=3.000000e-05
Epoch 265/301 | train_loss=2.5820 train_acc=89.46% | val_loss=0.3231 val_acc=86.84% | lr=3.000000e-05
Epoch 266/301 | train_loss=2.5724 train_acc=89.44% | val_loss=0.3229 val_acc=86.88% | lr=3.000000e-05
Epoch 267/301 | train_loss=2.5632 train_acc=89.44% | val_loss=0.3227 val_acc=86.88% | lr=3.000000e-05
Epoch 268/301 | train_loss=2.5540 train_acc=89.50% | val_loss=0.3228 val_acc=86.90% | lr=3.000000e-05
Epoch 269/301 | train_loss=2.5451 train_acc=89.46% | val_loss=0.3226 val_acc=86.88% | lr=3.000000e-05
Epoch 270/301 | train_loss=2.5355 train_acc=89.46% | val_loss=0.3223 val_acc=86.74% | lr=3.000000e-05
Epoch 271/301 | train_loss=2.5265 train_acc=89.49% | val_loss=0.3222 val_acc=86.90% | lr=3.000000e-05
Epoch 272/301 | train_loss=2.5166 train_acc=89.52% | val_loss=0.3220 val_acc=86.92% | lr=3.000000e-05
Epoch 273/301 | train_loss=2.5080 train_acc=89.47% | val_loss=0.3218 val_acc=86.90% | lr=3.000000e-05
Epoch 274/301 | train_loss=2.4990 train_acc=89.51% | val_loss=0.3217 val_acc=86.80% | lr=3.000000e-05
Epoch 275/301 | train_loss=2.4903 train_acc=89.55% | val_loss=0.3216 val_acc=86.90% | lr=3.000000e-05
Epoch 276/301 | train_loss=2.4822 train_acc=89.53% | val_loss=0.3215 val_acc=86.92% | lr=3.000000e-05
Epoch 277/301 | train_loss=2.4730 train_acc=89.53% | val_loss=0.3213 val_acc=86.86% | lr=3.000000e-05
Epoch 278/301 | train_loss=2.4638 train_acc=89.62% | val_loss=0.3212 val_acc=86.86% | lr=3.000000e-05
Epoch 279/301 | train_loss=2.4553 train_acc=89.60% | val_loss=0.3212 val_acc=86.90% | lr=3.000000e-05
Epoch 280/301 | train_loss=2.4468 train_acc=89.58% | val_loss=0.3209 val_acc=86.86% | lr=3.000000e-05
Epoch 281/301 | train_loss=2.4374 train_acc=89.64% | val_loss=0.3209 val_acc=86.88% | lr=3.000000e-05
Epoch 282/301 | train_loss=2.4293 train_acc=89.59% | val_loss=0.3207 val_acc=86.82% | lr=3.000000e-05
Epoch 283/301 | train_loss=2.4212 train_acc=89.60% | val_loss=0.3209 val_acc=86.94% | lr=3.000000e-05
Epoch 284/301 | train_loss=2.4123 train_acc=89.59% | val_loss=0.3208 val_acc=86.92% | lr=3.000000e-05
Epoch 285/301 | train_loss=2.4039 train_acc=89.66% | val_loss=0.3204 val_acc=86.86% | lr=3.000000e-05
Epoch 286/301 | train_loss=2.3962 train_acc=89.69% | val_loss=0.3202 val_acc=86.74% | lr=3.000000e-05
Epoch 287/301 | train_loss=2.3874 train_acc=89.69% | val_loss=0.3202 val_acc=86.86% | lr=3.000000e-05
Epoch 288/301 | train_loss=2.3790 train_acc=89.67% | val_loss=0.3202 val_acc=86.90% | lr=3.000000e-05
Epoch 289/301 | train_loss=2.3713 train_acc=89.72% | val_loss=0.3200 val_acc=86.84% | lr=3.000000e-05
Epoch 290/301 | train_loss=2.3634 train_acc=89.71% | val_loss=0.3199 val_acc=86.86% | lr=3.000000e-05
Epoch 291/301 | train_loss=2.3551 train_acc=89.72% | val_loss=0.3199 val_acc=86.90% | lr=3.000000e-05
Epoch 292/301 | train_loss=2.3476 train_acc=89.71% | val_loss=0.3198 val_acc=86.86% | lr=3.000000e-05
Epoch 293/301 | train_loss=2.3386 train_acc=89.77% | val_loss=0.3197 val_acc=86.88% | lr=3.000000e-05
Epoch 294/301 | train_loss=2.3308 train_acc=89.79% | val_loss=0.3194 val_acc=86.72% | lr=3.000000e-05
Epoch 295/301 | train_loss=2.3228 train_acc=89.78% | val_loss=0.3194 val_acc=86.86% | lr=3.000000e-05
Epoch 296/301 | train_loss=2.3148 train_acc=89.78% | val_loss=0.3193 val_acc=86.88% | lr=3.000000e-05
Epoch 297/301 | train_loss=2.3067 train_acc=89.75% | val_loss=0.3193 val_acc=86.84% | lr=3.000000e-05
Epoch 298/301 | train_loss=2.2988 train_acc=89.83% | val_loss=0.3192 val_acc=86.84% | lr=3.000000e-05
Epoch 299/301 | train_loss=2.2911 train_acc=89.79% | val_loss=0.3193 val_acc=86.92% | lr=3.000000e-05
Epoch 300/301 | train_loss=2.2834 train_acc=89.84% | val_loss=0.3193 val_acc=86.92% | lr=3.000000e-05
Epoch 301/301 | train_loss=2.2765 train_acc=89.83% | val_loss=0.3189 val_acc=86.82% | lr=3.000000e-05
Epoch 302/301 | train_loss=2.2683 train_acc=89.89% | val_loss=0.3189 val_acc=86.88% | lr=3.000000e-05
Epoch 303/301 | train_loss=2.2606 train_acc=89.92% | val_loss=0.3189 val_acc=86.92% | lr=3.000000e-05
Epoch 304/301 | train_loss=2.2540 train_acc=89.94% | val_loss=0.3187 val_acc=86.84% | lr=3.000000e-05
Epoch 305/301 | train_loss=2.2451 train_acc=89.92% | val_loss=0.3186 val_acc=86.82% | lr=3.000000e-05
Epoch 306/301 | train_loss=2.2380 train_acc=89.92% | val_loss=0.3186 val_acc=86.88% | lr=3.000000e-05
Epoch 307/301 | train_loss=2.2299 train_acc=89.95% | val_loss=0.3185 val_acc=86.74% | lr=3.000000e-05
Epoch 308/301 | train_loss=2.2227 train_acc=89.96% | val_loss=0.3186 val_acc=86.92% | lr=3.000000e-05
Epoch 309/301 | train_loss=2.2146 train_acc=89.98% | val_loss=0.3185 val_acc=86.92% | lr=3.000000e-05
Epoch 310/301 | train_loss=2.2079 train_acc=89.99% | val_loss=0.3183 val_acc=86.80% | lr=3.000000e-05
Epoch 311/301 | train_loss=2.1999 train_acc=90.00% | val_loss=0.3184 val_acc=86.94% | lr=3.000000e-05
Epoch 312/301 | train_loss=2.1928 train_acc=90.02% | val_loss=0.3182 val_acc=86.76% | lr=3.000000e-05
Epoch 313/301 | train_loss=2.1857 train_acc=90.07% | val_loss=0.3182 val_acc=86.72% | lr=3.000000e-05
Epoch 314/301 | train_loss=2.1785 train_acc=90.06% | val_loss=0.3181 val_acc=86.70% | lr=3.000000e-05
Epoch 315/301 | train_loss=2.1708 train_acc=90.06% | val_loss=0.3181 val_acc=86.80% | lr=3.000000e-05
Epoch 316/301 | train_loss=2.1645 train_acc=90.10% | val_loss=0.3181 val_acc=86.88% | lr=3.000000e-05
Epoch 317/301 | train_loss=2.1567 train_acc=90.12% | val_loss=0.3181 val_acc=86.82% | lr=3.000000e-05
Epoch 318/301 | train_loss=2.1495 train_acc=90.11% | val_loss=0.3181 val_acc=86.76% | lr=3.000000e-05
Epoch 319/301 | train_loss=2.1426 train_acc=90.05% | val_loss=0.3180 val_acc=86.80% | lr=3.000000e-05
Epoch 320/301 | train_loss=2.1350 train_acc=90.09% | val_loss=0.3181 val_acc=86.86% | lr=3.000000e-05
Epoch 321/301 | train_loss=2.1288 train_acc=90.12% | val_loss=0.3179 val_acc=86.68% | lr=3.000000e-05
Epoch 322/301 | train_loss=2.1214 train_acc=90.11% | val_loss=0.3179 val_acc=86.86% | lr=3.000000e-05
Epoch 323/301 | train_loss=2.1148 train_acc=90.14% | val_loss=0.3179 val_acc=86.86% | lr=3.000000e-05
Epoch 324/301 | train_loss=2.1070 train_acc=90.16% | val_loss=0.3179 val_acc=86.90% | lr=3.000000e-05
Epoch 325/301 | train_loss=2.0999 train_acc=90.23% | val_loss=0.3178 val_acc=86.86% | lr=3.000000e-05
Epoch 326/301 | train_loss=2.0928 train_acc=90.19% | val_loss=0.3178 val_acc=86.86% | lr=3.000000e-05
Epoch 327/301 | train_loss=2.0863 train_acc=90.16% | val_loss=0.3181 val_acc=86.98% | lr=3.000000e-05
Epoch 328/301 | train_loss=2.0788 train_acc=90.19% | val_loss=0.3177 val_acc=86.82% | lr=3.000000e-05
Epoch 329/301 | train_loss=2.0716 train_acc=90.23% | val_loss=0.3179 val_acc=86.94% | lr=3.000000e-05
Epoch 330/301 | train_loss=2.0653 train_acc=90.22% | val_loss=0.3177 val_acc=86.86% | lr=3.000000e-05
Epoch 331/301 | train_loss=2.0580 train_acc=90.25% | val_loss=0.3178 val_acc=86.94% | lr=3.000000e-05
Epoch 332/301 | train_loss=2.0510 train_acc=90.23% | val_loss=0.3176 val_acc=86.84% | lr=3.000000e-05
Epoch 333/301 | train_loss=2.0440 train_acc=90.30% | val_loss=0.3176 val_acc=86.82% | lr=3.000000e-05
Epoch 334/301 | train_loss=2.0374 train_acc=90.25% | val_loss=0.3178 val_acc=86.96% | lr=3.000000e-05
Epoch 335/301 | train_loss=2.0307 train_acc=90.28% | val_loss=0.3176 val_acc=86.92% | lr=3.000000e-05
Epoch 336/301 | train_loss=2.0241 train_acc=90.27% | val_loss=0.3181 val_acc=87.04% | lr=3.000000e-05
Saved new best model to /tmp/bow_mlp_imdb_dmzxp3_r.pt
Epoch 337/301 | train_loss=2.0168 train_acc=90.32% | val_loss=0.3177 val_acc=87.00% | lr=3.000000e-05
Epoch 338/301 | train_loss=2.0098 train_acc=90.31% | val_loss=0.3177 val_acc=86.98% | lr=3.000000e-05
Epoch 339/301 | train_loss=2.0030 train_acc=90.32% | val_loss=0.3176 val_acc=86.94% | lr=3.000000e-05
Epoch 340/301 | train_loss=1.9960 train_acc=90.35% | val_loss=0.3177 val_acc=87.00% | lr=3.000000e-05
Epoch 341/301 | train_loss=1.9899 train_acc=90.35% | val_loss=0.3176 val_acc=86.98% | lr=3.000000e-05
Epoch 342/301 | train_loss=1.9825 train_acc=90.39% | val_loss=0.3176 val_acc=86.92% | lr=3.000000e-05
Epoch 343/301 | train_loss=1.9757 train_acc=90.34% | val_loss=0.3176 val_acc=86.96% | lr=3.000000e-05
Epoch 344/301 | train_loss=1.9698 train_acc=90.37% | val_loss=0.3176 val_acc=86.92% | lr=3.000000e-05
Epoch 345/301 | train_loss=1.9629 train_acc=90.33% | val_loss=0.3178 val_acc=87.00% | lr=3.000000e-05
Epoch 346/301 | train_loss=1.9567 train_acc=90.38% | val_loss=0.3178 val_acc=87.00% | lr=3.000000e-05
Epoch 347/301 | train_loss=1.9500 train_acc=90.46% | val_loss=0.3177 val_acc=87.00% | lr=3.000000e-05
Epoch 348/301 | train_loss=1.9434 train_acc=90.44% | val_loss=0.3177 val_acc=86.98% | lr=3.000000e-05
Epoch 349/301 | train_loss=1.9367 train_acc=90.40% | val_loss=0.3177 val_acc=87.00% | lr=3.000000e-05
Epoch 350/301 | train_loss=1.9298 train_acc=90.42% | val_loss=0.3178 val_acc=87.02% | lr=3.000000e-05
Validation loss has not improved for 8 epochs. Stopping training.
Test loss=0.3204 | Test accuracy=86.82%
