Loading IMDb dataset from local disk: /home/daniel/l/masteruppsats/np-reg/language/data/imdb_hf
Using device: cuda
BoW vocab size: 3125
Epoch 1/301 | train_loss=828.4347 train_acc=48.19% | val_loss=0.7169 val_acc=49.30% | lr=1.000000e-05
Saved new best model to /tmp/bow_mlp_imdb_6oak2q3y.pt
Epoch 2/301 | train_loss=691.1276 train_acc=49.86% | val_loss=0.7621 val_acc=49.78% | lr=1.000000e-05
Saved new best model to /tmp/bow_mlp_imdb_6oak2q3y.pt
Epoch 3/301 | train_loss=564.3232 train_acc=50.01% | val_loss=0.7767 val_acc=49.84% | lr=1.000000e-05
Saved new best model to /tmp/bow_mlp_imdb_6oak2q3y.pt
Epoch 4/301 | train_loss=460.4493 train_acc=50.01% | val_loss=0.7606 val_acc=49.84% | lr=1.000000e-05
Epoch 5/301 | train_loss=373.9631 train_acc=50.12% | val_loss=0.7328 val_acc=50.18% | lr=1.000000e-05
Saved new best model to /tmp/bow_mlp_imdb_6oak2q3y.pt
Epoch 6/301 | train_loss=300.8843 train_acc=49.91% | val_loss=0.7114 val_acc=49.52% | lr=1.000000e-05
Epoch 7/301 | train_loss=239.0989 train_acc=48.54% | val_loss=0.7025 val_acc=48.78% | lr=1.000000e-05
Epoch 8/301 | train_loss=187.5594 train_acc=47.38% | val_loss=0.7006 val_acc=47.52% | lr=1.000000e-05
Epoch 9/301 | train_loss=145.1004 train_acc=47.11% | val_loss=0.7002 val_acc=47.68% | lr=1.000000e-05
Epoch 10/301 | train_loss=110.6554 train_acc=47.38% | val_loss=0.6999 val_acc=48.14% | lr=1.000000e-05
Epoch 11/301 | train_loss=83.2979 train_acc=47.26% | val_loss=0.6997 val_acc=47.92% | lr=1.000000e-05
Epoch 12/301 | train_loss=62.1708 train_acc=47.37% | val_loss=0.6996 val_acc=47.78% | lr=1.000000e-05
Epoch 13/301 | train_loss=46.3950 train_acc=47.31% | val_loss=0.6994 val_acc=48.00% | lr=1.000000e-05
Epoch 14/301 | train_loss=35.1349 train_acc=47.65% | val_loss=0.6992 val_acc=48.08% | lr=1.000000e-05
Epoch 15/301 | train_loss=27.4612 train_acc=47.63% | val_loss=0.6988 val_acc=48.38% | lr=1.000000e-05
Epoch 16/301 | train_loss=22.5269 train_acc=47.76% | val_loss=0.6984 val_acc=48.78% | lr=1.000000e-05
Epoch 17/301 | train_loss=19.5828 train_acc=47.97% | val_loss=0.6980 val_acc=48.96% | lr=1.000000e-05
Epoch 18/301 | train_loss=17.9416 train_acc=48.41% | val_loss=0.6975 val_acc=49.08% | lr=1.000000e-05
Epoch 19/301 | train_loss=17.0736 train_acc=48.53% | val_loss=0.6969 val_acc=49.40% | lr=1.000000e-05
Epoch 20/301 | train_loss=16.6050 train_acc=48.71% | val_loss=0.6963 val_acc=49.52% | lr=1.000000e-05
Epoch 21/301 | train_loss=16.3029 train_acc=49.29% | val_loss=0.6954 val_acc=50.34% | lr=1.000000e-05
Saved new best model to /tmp/bow_mlp_imdb_6oak2q3y.pt
Epoch 22/301 | train_loss=16.0570 train_acc=49.84% | val_loss=0.6945 val_acc=50.88% | lr=1.000000e-05
Saved new best model to /tmp/bow_mlp_imdb_6oak2q3y.pt
Epoch 23/301 | train_loss=15.8205 train_acc=50.50% | val_loss=0.6936 val_acc=51.42% | lr=1.000000e-05
Saved new best model to /tmp/bow_mlp_imdb_6oak2q3y.pt
Epoch 24/301 | train_loss=15.5741 train_acc=50.83% | val_loss=0.6925 val_acc=51.82% | lr=1.000000e-05
Saved new best model to /tmp/bow_mlp_imdb_6oak2q3y.pt
Epoch 25/301 | train_loss=15.3147 train_acc=51.48% | val_loss=0.6914 val_acc=52.66% | lr=1.000000e-05
Saved new best model to /tmp/bow_mlp_imdb_6oak2q3y.pt
Epoch 26/301 | train_loss=15.0478 train_acc=52.22% | val_loss=0.6903 val_acc=53.36% | lr=1.000000e-05
Saved new best model to /tmp/bow_mlp_imdb_6oak2q3y.pt
Epoch 27/301 | train_loss=14.7739 train_acc=52.95% | val_loss=0.6889 val_acc=54.06% | lr=1.000000e-05
Saved new best model to /tmp/bow_mlp_imdb_6oak2q3y.pt
Epoch 28/301 | train_loss=14.4942 train_acc=53.64% | val_loss=0.6875 val_acc=54.96% | lr=1.000000e-05
Saved new best model to /tmp/bow_mlp_imdb_6oak2q3y.pt
Epoch 29/301 | train_loss=14.2119 train_acc=54.50% | val_loss=0.6860 val_acc=56.00% | lr=1.000000e-05
Saved new best model to /tmp/bow_mlp_imdb_6oak2q3y.pt
Epoch 30/301 | train_loss=13.9302 train_acc=55.36% | val_loss=0.6846 val_acc=56.78% | lr=1.000000e-05
Saved new best model to /tmp/bow_mlp_imdb_6oak2q3y.pt
Epoch 31/301 | train_loss=13.6541 train_acc=56.49% | val_loss=0.6830 val_acc=58.02% | lr=1.000000e-05
Saved new best model to /tmp/bow_mlp_imdb_6oak2q3y.pt
Epoch 32/301 | train_loss=13.3827 train_acc=57.46% | val_loss=0.6815 val_acc=58.62% | lr=1.000000e-05
Saved new best model to /tmp/bow_mlp_imdb_6oak2q3y.pt
Epoch 33/301 | train_loss=13.1190 train_acc=58.25% | val_loss=0.6799 val_acc=59.72% | lr=1.000000e-05
Saved new best model to /tmp/bow_mlp_imdb_6oak2q3y.pt
Epoch 34/301 | train_loss=12.8617 train_acc=59.19% | val_loss=0.6782 val_acc=60.44% | lr=1.000000e-05
Saved new best model to /tmp/bow_mlp_imdb_6oak2q3y.pt
Epoch 35/301 | train_loss=12.6108 train_acc=60.00% | val_loss=0.6766 val_acc=61.36% | lr=1.000000e-05
Saved new best model to /tmp/bow_mlp_imdb_6oak2q3y.pt
Epoch 36/301 | train_loss=12.3690 train_acc=60.93% | val_loss=0.6748 val_acc=62.24% | lr=1.000000e-05
Saved new best model to /tmp/bow_mlp_imdb_6oak2q3y.pt
Epoch 37/301 | train_loss=12.1346 train_acc=61.81% | val_loss=0.6730 val_acc=63.10% | lr=1.000000e-05
Saved new best model to /tmp/bow_mlp_imdb_6oak2q3y.pt
Epoch 38/301 | train_loss=11.9097 train_acc=62.74% | val_loss=0.6712 val_acc=64.12% | lr=1.000000e-05
Saved new best model to /tmp/bow_mlp_imdb_6oak2q3y.pt
Epoch 39/301 | train_loss=11.6930 train_acc=63.49% | val_loss=0.6695 val_acc=64.66% | lr=1.000000e-05
Saved new best model to /tmp/bow_mlp_imdb_6oak2q3y.pt
Epoch 40/301 | train_loss=11.4891 train_acc=64.50% | val_loss=0.6677 val_acc=65.40% | lr=1.000000e-05
Saved new best model to /tmp/bow_mlp_imdb_6oak2q3y.pt
Epoch 41/301 | train_loss=11.2942 train_acc=65.22% | val_loss=0.6660 val_acc=66.24% | lr=1.000000e-05
Saved new best model to /tmp/bow_mlp_imdb_6oak2q3y.pt
Epoch 42/301 | train_loss=11.1072 train_acc=66.14% | val_loss=0.6640 val_acc=66.78% | lr=1.000000e-05
Saved new best model to /tmp/bow_mlp_imdb_6oak2q3y.pt
Epoch 43/301 | train_loss=10.9257 train_acc=66.92% | val_loss=0.6622 val_acc=67.36% | lr=1.000000e-05
Saved new best model to /tmp/bow_mlp_imdb_6oak2q3y.pt
Epoch 44/301 | train_loss=10.7535 train_acc=67.51% | val_loss=0.6603 val_acc=67.74% | lr=1.000000e-05
Saved new best model to /tmp/bow_mlp_imdb_6oak2q3y.pt
Epoch 45/301 | train_loss=10.5888 train_acc=68.24% | val_loss=0.6586 val_acc=68.76% | lr=1.000000e-05
Saved new best model to /tmp/bow_mlp_imdb_6oak2q3y.pt
Epoch 46/301 | train_loss=10.4305 train_acc=68.94% | val_loss=0.6567 val_acc=69.34% | lr=1.000000e-05
Saved new best model to /tmp/bow_mlp_imdb_6oak2q3y.pt
Epoch 47/301 | train_loss=10.2789 train_acc=69.48% | val_loss=0.6548 val_acc=69.62% | lr=1.000000e-05
Saved new best model to /tmp/bow_mlp_imdb_6oak2q3y.pt
Epoch 48/301 | train_loss=10.1323 train_acc=70.05% | val_loss=0.6529 val_acc=70.32% | lr=1.000000e-05
Saved new best model to /tmp/bow_mlp_imdb_6oak2q3y.pt
Epoch 49/301 | train_loss=9.9913 train_acc=70.58% | val_loss=0.6509 val_acc=70.80% | lr=1.000000e-05
Saved new best model to /tmp/bow_mlp_imdb_6oak2q3y.pt
Epoch 50/301 | train_loss=9.8592 train_acc=70.91% | val_loss=0.6491 val_acc=70.98% | lr=1.000000e-05
Saved new best model to /tmp/bow_mlp_imdb_6oak2q3y.pt
Epoch 51/301 | train_loss=9.7298 train_acc=71.39% | val_loss=0.6472 val_acc=71.58% | lr=1.000000e-05
Saved new best model to /tmp/bow_mlp_imdb_6oak2q3y.pt
Epoch 52/301 | train_loss=9.6089 train_acc=71.89% | val_loss=0.6453 val_acc=71.72% | lr=1.000000e-05
Saved new best model to /tmp/bow_mlp_imdb_6oak2q3y.pt
Epoch 53/301 | train_loss=9.4902 train_acc=72.28% | val_loss=0.6435 val_acc=72.74% | lr=1.000000e-05
Saved new best model to /tmp/bow_mlp_imdb_6oak2q3y.pt
Epoch 54/301 | train_loss=9.3788 train_acc=72.70% | val_loss=0.6415 val_acc=72.94% | lr=1.000000e-05
Saved new best model to /tmp/bow_mlp_imdb_6oak2q3y.pt
Epoch 55/301 | train_loss=9.2698 train_acc=72.88% | val_loss=0.6397 val_acc=73.54% | lr=1.000000e-05
Saved new best model to /tmp/bow_mlp_imdb_6oak2q3y.pt
Epoch 56/301 | train_loss=9.1650 train_acc=73.35% | val_loss=0.6377 val_acc=73.66% | lr=1.000000e-05
Saved new best model to /tmp/bow_mlp_imdb_6oak2q3y.pt
Epoch 57/301 | train_loss=9.0636 train_acc=73.69% | val_loss=0.6357 val_acc=73.84% | lr=1.000000e-05
Saved new best model to /tmp/bow_mlp_imdb_6oak2q3y.pt
Epoch 58/301 | train_loss=8.9654 train_acc=74.06% | val_loss=0.6338 val_acc=74.34% | lr=1.000000e-05
Saved new best model to /tmp/bow_mlp_imdb_6oak2q3y.pt
Epoch 59/301 | train_loss=8.8750 train_acc=74.30% | val_loss=0.6319 val_acc=74.48% | lr=1.000000e-05
Saved new best model to /tmp/bow_mlp_imdb_6oak2q3y.pt
Epoch 60/301 | train_loss=8.7847 train_acc=74.43% | val_loss=0.6301 val_acc=74.96% | lr=1.000000e-05
Saved new best model to /tmp/bow_mlp_imdb_6oak2q3y.pt
Epoch 61/301 | train_loss=8.6979 train_acc=74.78% | val_loss=0.6281 val_acc=75.12% | lr=1.000000e-05
Saved new best model to /tmp/bow_mlp_imdb_6oak2q3y.pt
Epoch 62/301 | train_loss=8.6130 train_acc=75.02% | val_loss=0.6261 val_acc=75.00% | lr=1.000000e-05
Epoch 63/301 | train_loss=8.5311 train_acc=75.22% | val_loss=0.6242 val_acc=75.52% | lr=1.000000e-05
Saved new best model to /tmp/bow_mlp_imdb_6oak2q3y.pt
Epoch 64/301 | train_loss=8.4522 train_acc=75.47% | val_loss=0.6223 val_acc=75.66% | lr=1.000000e-05
Saved new best model to /tmp/bow_mlp_imdb_6oak2q3y.pt
Epoch 65/301 | train_loss=8.3763 train_acc=75.66% | val_loss=0.6204 val_acc=75.92% | lr=1.000000e-05
Saved new best model to /tmp/bow_mlp_imdb_6oak2q3y.pt
Epoch 66/301 | train_loss=8.3033 train_acc=75.89% | val_loss=0.6185 val_acc=75.86% | lr=1.000000e-05
Epoch 67/301 | train_loss=8.2330 train_acc=75.99% | val_loss=0.6166 val_acc=76.18% | lr=1.000000e-05
Saved new best model to /tmp/bow_mlp_imdb_6oak2q3y.pt
Epoch 68/301 | train_loss=8.1636 train_acc=76.14% | val_loss=0.6147 val_acc=76.32% | lr=1.000000e-05
Saved new best model to /tmp/bow_mlp_imdb_6oak2q3y.pt
Epoch 69/301 | train_loss=8.0963 train_acc=76.44% | val_loss=0.6128 val_acc=76.54% | lr=1.000000e-05
Saved new best model to /tmp/bow_mlp_imdb_6oak2q3y.pt
Epoch 70/301 | train_loss=8.0331 train_acc=76.64% | val_loss=0.6109 val_acc=76.72% | lr=1.000000e-05
Saved new best model to /tmp/bow_mlp_imdb_6oak2q3y.pt
Epoch 71/301 | train_loss=7.9714 train_acc=76.80% | val_loss=0.6091 val_acc=76.78% | lr=1.000000e-05
Saved new best model to /tmp/bow_mlp_imdb_6oak2q3y.pt
Epoch 72/301 | train_loss=7.9097 train_acc=77.05% | val_loss=0.6072 val_acc=77.08% | lr=1.000000e-05
Saved new best model to /tmp/bow_mlp_imdb_6oak2q3y.pt
Epoch 73/301 | train_loss=7.8531 train_acc=77.19% | val_loss=0.6053 val_acc=77.20% | lr=1.000000e-05
Saved new best model to /tmp/bow_mlp_imdb_6oak2q3y.pt
Epoch 74/301 | train_loss=7.7957 train_acc=77.40% | val_loss=0.6034 val_acc=77.22% | lr=1.000000e-05
Saved new best model to /tmp/bow_mlp_imdb_6oak2q3y.pt
Epoch 75/301 | train_loss=7.7393 train_acc=77.50% | val_loss=0.6016 val_acc=77.36% | lr=1.000000e-05
Saved new best model to /tmp/bow_mlp_imdb_6oak2q3y.pt
Epoch 76/301 | train_loss=7.6839 train_acc=77.55% | val_loss=0.5996 val_acc=77.72% | lr=1.000000e-05
Saved new best model to /tmp/bow_mlp_imdb_6oak2q3y.pt
Epoch 77/301 | train_loss=7.6324 train_acc=77.72% | val_loss=0.5979 val_acc=77.60% | lr=1.000000e-05
Epoch 78/301 | train_loss=7.5800 train_acc=77.92% | val_loss=0.5960 val_acc=77.78% | lr=1.000000e-05
Saved new best model to /tmp/bow_mlp_imdb_6oak2q3y.pt
Epoch 79/301 | train_loss=7.5294 train_acc=78.02% | val_loss=0.5941 val_acc=78.02% | lr=1.000000e-05
Saved new best model to /tmp/bow_mlp_imdb_6oak2q3y.pt
Epoch 80/301 | train_loss=7.4815 train_acc=78.00% | val_loss=0.5925 val_acc=77.86% | lr=1.000000e-05
Epoch 81/301 | train_loss=7.4334 train_acc=78.16% | val_loss=0.5905 val_acc=78.06% | lr=1.000000e-05
Saved new best model to /tmp/bow_mlp_imdb_6oak2q3y.pt
Epoch 82/301 | train_loss=7.3878 train_acc=78.24% | val_loss=0.5887 val_acc=78.22% | lr=1.000000e-05
Saved new best model to /tmp/bow_mlp_imdb_6oak2q3y.pt
Epoch 83/301 | train_loss=7.3419 train_acc=78.34% | val_loss=0.5869 val_acc=78.38% | lr=1.000000e-05
Saved new best model to /tmp/bow_mlp_imdb_6oak2q3y.pt
Epoch 84/301 | train_loss=7.2977 train_acc=78.48% | val_loss=0.5850 val_acc=78.62% | lr=1.000000e-05
Saved new best model to /tmp/bow_mlp_imdb_6oak2q3y.pt
Epoch 85/301 | train_loss=7.2548 train_acc=78.61% | val_loss=0.5832 val_acc=78.74% | lr=1.000000e-05
Saved new best model to /tmp/bow_mlp_imdb_6oak2q3y.pt
Epoch 86/301 | train_loss=7.2118 train_acc=78.76% | val_loss=0.5814 val_acc=78.90% | lr=1.000000e-05
Saved new best model to /tmp/bow_mlp_imdb_6oak2q3y.pt
Epoch 87/301 | train_loss=7.1697 train_acc=78.78% | val_loss=0.5797 val_acc=78.62% | lr=1.000000e-05
Epoch 88/301 | train_loss=7.1287 train_acc=78.86% | val_loss=0.5779 val_acc=78.76% | lr=1.000000e-05
Epoch 89/301 | train_loss=7.0909 train_acc=79.17% | val_loss=0.5761 val_acc=78.96% | lr=1.000000e-05
Saved new best model to /tmp/bow_mlp_imdb_6oak2q3y.pt
Epoch 90/301 | train_loss=7.0523 train_acc=79.14% | val_loss=0.5744 val_acc=78.92% | lr=1.000000e-05
Epoch 91/301 | train_loss=7.0142 train_acc=79.20% | val_loss=0.5726 val_acc=78.94% | lr=1.000000e-05
Epoch 92/301 | train_loss=6.9770 train_acc=79.31% | val_loss=0.5708 val_acc=79.12% | lr=1.000000e-05
Saved new best model to /tmp/bow_mlp_imdb_6oak2q3y.pt
Epoch 93/301 | train_loss=6.9409 train_acc=79.40% | val_loss=0.5691 val_acc=79.14% | lr=1.000000e-05
Saved new best model to /tmp/bow_mlp_imdb_6oak2q3y.pt
Epoch 94/301 | train_loss=6.9051 train_acc=79.48% | val_loss=0.5674 val_acc=79.30% | lr=1.000000e-05
Saved new best model to /tmp/bow_mlp_imdb_6oak2q3y.pt
Epoch 95/301 | train_loss=6.8696 train_acc=79.61% | val_loss=0.5656 val_acc=79.28% | lr=1.000000e-05
Epoch 96/301 | train_loss=6.8350 train_acc=79.64% | val_loss=0.5639 val_acc=79.38% | lr=1.000000e-05
Saved new best model to /tmp/bow_mlp_imdb_6oak2q3y.pt
Epoch 97/301 | train_loss=6.8019 train_acc=79.76% | val_loss=0.5623 val_acc=79.28% | lr=1.000000e-05
Epoch 98/301 | train_loss=6.7676 train_acc=79.81% | val_loss=0.5605 val_acc=79.54% | lr=1.000000e-05
Saved new best model to /tmp/bow_mlp_imdb_6oak2q3y.pt
Epoch 99/301 | train_loss=6.7354 train_acc=79.88% | val_loss=0.5589 val_acc=79.42% | lr=1.000000e-05
Epoch 100/301 | train_loss=6.7034 train_acc=79.96% | val_loss=0.5571 val_acc=79.50% | lr=1.000000e-05
Epoch 101/301 | train_loss=6.6714 train_acc=80.06% | val_loss=0.5553 val_acc=79.74% | lr=1.000000e-05
Saved new best model to /tmp/bow_mlp_imdb_6oak2q3y.pt
Epoch 102/301 | train_loss=6.6402 train_acc=80.09% | val_loss=0.5537 val_acc=79.76% | lr=1.000000e-05
Saved new best model to /tmp/bow_mlp_imdb_6oak2q3y.pt
Epoch 103/301 | train_loss=6.6082 train_acc=80.24% | val_loss=0.5521 val_acc=79.78% | lr=1.000000e-05
Saved new best model to /tmp/bow_mlp_imdb_6oak2q3y.pt
Epoch 104/301 | train_loss=6.5783 train_acc=80.25% | val_loss=0.5506 val_acc=79.84% | lr=1.000000e-05
Saved new best model to /tmp/bow_mlp_imdb_6oak2q3y.pt
Epoch 105/301 | train_loss=6.5490 train_acc=80.41% | val_loss=0.5487 val_acc=80.02% | lr=1.000000e-05
Saved new best model to /tmp/bow_mlp_imdb_6oak2q3y.pt
Epoch 106/301 | train_loss=6.5202 train_acc=80.48% | val_loss=0.5471 val_acc=80.04% | lr=1.000000e-05
Saved new best model to /tmp/bow_mlp_imdb_6oak2q3y.pt
Epoch 107/301 | train_loss=6.4906 train_acc=80.58% | val_loss=0.5453 val_acc=80.14% | lr=1.000000e-05
Saved new best model to /tmp/bow_mlp_imdb_6oak2q3y.pt
Epoch 108/301 | train_loss=6.4627 train_acc=80.69% | val_loss=0.5438 val_acc=80.16% | lr=1.000000e-05
Saved new best model to /tmp/bow_mlp_imdb_6oak2q3y.pt
Epoch 109/301 | train_loss=6.4346 train_acc=80.74% | val_loss=0.5421 val_acc=80.26% | lr=1.000000e-05
Saved new best model to /tmp/bow_mlp_imdb_6oak2q3y.pt
Epoch 110/301 | train_loss=6.4075 train_acc=80.81% | val_loss=0.5405 val_acc=80.30% | lr=1.000000e-05
Saved new best model to /tmp/bow_mlp_imdb_6oak2q3y.pt
Epoch 111/301 | train_loss=6.3796 train_acc=80.85% | val_loss=0.5390 val_acc=80.58% | lr=1.000000e-05
Saved new best model to /tmp/bow_mlp_imdb_6oak2q3y.pt
Epoch 112/301 | train_loss=6.3533 train_acc=80.95% | val_loss=0.5372 val_acc=80.70% | lr=1.000000e-05
Saved new best model to /tmp/bow_mlp_imdb_6oak2q3y.pt
Epoch 113/301 | train_loss=6.3264 train_acc=81.02% | val_loss=0.5356 val_acc=80.56% | lr=1.000000e-05
Epoch 114/301 | train_loss=6.3001 train_acc=81.05% | val_loss=0.5342 val_acc=80.76% | lr=1.000000e-05
Saved new best model to /tmp/bow_mlp_imdb_6oak2q3y.pt
Epoch 115/301 | train_loss=6.2746 train_acc=81.12% | val_loss=0.5325 val_acc=80.70% | lr=1.000000e-05
Epoch 116/301 | train_loss=6.2488 train_acc=81.18% | val_loss=0.5309 val_acc=80.88% | lr=1.000000e-05
Saved new best model to /tmp/bow_mlp_imdb_6oak2q3y.pt
Epoch 117/301 | train_loss=6.2231 train_acc=81.23% | val_loss=0.5293 val_acc=80.90% | lr=1.000000e-05
Saved new best model to /tmp/bow_mlp_imdb_6oak2q3y.pt
Epoch 118/301 | train_loss=6.1969 train_acc=81.34% | val_loss=0.5277 val_acc=81.04% | lr=1.000000e-05
Saved new best model to /tmp/bow_mlp_imdb_6oak2q3y.pt
Epoch 119/301 | train_loss=6.1736 train_acc=81.36% | val_loss=0.5262 val_acc=81.08% | lr=1.000000e-05
Saved new best model to /tmp/bow_mlp_imdb_6oak2q3y.pt
Epoch 120/301 | train_loss=6.1490 train_acc=81.46% | val_loss=0.5246 val_acc=81.24% | lr=1.000000e-05
Saved new best model to /tmp/bow_mlp_imdb_6oak2q3y.pt
Epoch 121/301 | train_loss=6.1256 train_acc=81.58% | val_loss=0.5230 val_acc=81.28% | lr=1.000000e-05
Saved new best model to /tmp/bow_mlp_imdb_6oak2q3y.pt
Epoch 122/301 | train_loss=6.1009 train_acc=81.62% | val_loss=0.5215 val_acc=81.42% | lr=1.000000e-05
Saved new best model to /tmp/bow_mlp_imdb_6oak2q3y.pt
Epoch 123/301 | train_loss=6.0769 train_acc=81.66% | val_loss=0.5200 val_acc=81.52% | lr=1.000000e-05
Saved new best model to /tmp/bow_mlp_imdb_6oak2q3y.pt
Epoch 124/301 | train_loss=6.0551 train_acc=81.69% | val_loss=0.5185 val_acc=81.52% | lr=1.000000e-05
Epoch 125/301 | train_loss=6.0323 train_acc=81.78% | val_loss=0.5170 val_acc=81.60% | lr=1.000000e-05
Saved new best model to /tmp/bow_mlp_imdb_6oak2q3y.pt
Epoch 126/301 | train_loss=6.0096 train_acc=81.85% | val_loss=0.5156 val_acc=81.60% | lr=1.000000e-05
Epoch 127/301 | train_loss=5.9872 train_acc=81.97% | val_loss=0.5139 val_acc=81.74% | lr=1.000000e-05
Saved new best model to /tmp/bow_mlp_imdb_6oak2q3y.pt
Epoch 128/301 | train_loss=5.9646 train_acc=81.95% | val_loss=0.5125 val_acc=81.76% | lr=1.000000e-05
Saved new best model to /tmp/bow_mlp_imdb_6oak2q3y.pt
Epoch 129/301 | train_loss=5.9440 train_acc=82.12% | val_loss=0.5110 val_acc=81.96% | lr=1.000000e-05
Saved new best model to /tmp/bow_mlp_imdb_6oak2q3y.pt
Epoch 130/301 | train_loss=5.9218 train_acc=82.14% | val_loss=0.5095 val_acc=81.98% | lr=1.000000e-05
Saved new best model to /tmp/bow_mlp_imdb_6oak2q3y.pt
Epoch 131/301 | train_loss=5.8997 train_acc=82.27% | val_loss=0.5081 val_acc=82.06% | lr=1.000000e-05
Saved new best model to /tmp/bow_mlp_imdb_6oak2q3y.pt
Epoch 132/301 | train_loss=5.8788 train_acc=82.38% | val_loss=0.5066 val_acc=82.08% | lr=1.000000e-05
Saved new best model to /tmp/bow_mlp_imdb_6oak2q3y.pt
Epoch 133/301 | train_loss=5.8574 train_acc=82.38% | val_loss=0.5052 val_acc=82.14% | lr=1.000000e-05
Saved new best model to /tmp/bow_mlp_imdb_6oak2q3y.pt
Epoch 134/301 | train_loss=5.8355 train_acc=82.52% | val_loss=0.5037 val_acc=82.14% | lr=1.000000e-05
Epoch 135/301 | train_loss=5.8152 train_acc=82.50% | val_loss=0.5022 val_acc=82.24% | lr=1.000000e-05
Saved new best model to /tmp/bow_mlp_imdb_6oak2q3y.pt
Epoch 136/301 | train_loss=5.7948 train_acc=82.57% | val_loss=0.5008 val_acc=82.26% | lr=1.000000e-05
Saved new best model to /tmp/bow_mlp_imdb_6oak2q3y.pt
Epoch 137/301 | train_loss=5.7740 train_acc=82.72% | val_loss=0.4994 val_acc=82.28% | lr=1.000000e-05
Saved new best model to /tmp/bow_mlp_imdb_6oak2q3y.pt
Epoch 138/301 | train_loss=5.7546 train_acc=82.67% | val_loss=0.4979 val_acc=82.42% | lr=1.000000e-05
Saved new best model to /tmp/bow_mlp_imdb_6oak2q3y.pt
Epoch 139/301 | train_loss=5.7346 train_acc=82.75% | val_loss=0.4965 val_acc=82.56% | lr=1.000000e-05
Saved new best model to /tmp/bow_mlp_imdb_6oak2q3y.pt
Epoch 140/301 | train_loss=5.7150 train_acc=82.85% | val_loss=0.4951 val_acc=82.54% | lr=1.000000e-05
Epoch 141/301 | train_loss=5.6946 train_acc=82.87% | val_loss=0.4938 val_acc=82.58% | lr=1.000000e-05
Saved new best model to /tmp/bow_mlp_imdb_6oak2q3y.pt
Epoch 142/301 | train_loss=5.6759 train_acc=82.99% | val_loss=0.4924 val_acc=82.60% | lr=1.000000e-05
Saved new best model to /tmp/bow_mlp_imdb_6oak2q3y.pt
Epoch 143/301 | train_loss=5.6561 train_acc=83.03% | val_loss=0.4911 val_acc=82.68% | lr=1.000000e-05
Saved new best model to /tmp/bow_mlp_imdb_6oak2q3y.pt
Epoch 144/301 | train_loss=5.6380 train_acc=83.08% | val_loss=0.4896 val_acc=82.64% | lr=1.000000e-05
Epoch 145/301 | train_loss=5.6184 train_acc=83.14% | val_loss=0.4882 val_acc=82.84% | lr=1.000000e-05
Saved new best model to /tmp/bow_mlp_imdb_6oak2q3y.pt
Epoch 146/301 | train_loss=5.6001 train_acc=83.14% | val_loss=0.4870 val_acc=82.72% | lr=1.000000e-05
Epoch 147/301 | train_loss=5.5811 train_acc=83.24% | val_loss=0.4856 val_acc=82.72% | lr=1.000000e-05
Epoch 148/301 | train_loss=5.5621 train_acc=83.23% | val_loss=0.4843 val_acc=82.80% | lr=1.000000e-05
Epoch 149/301 | train_loss=5.5442 train_acc=83.34% | val_loss=0.4830 val_acc=82.82% | lr=1.000000e-05
Epoch 150/301 | train_loss=5.5261 train_acc=83.41% | val_loss=0.4817 val_acc=82.82% | lr=1.000000e-05
Epoch 151/301 | train_loss=5.5081 train_acc=83.52% | val_loss=0.4803 val_acc=83.04% | lr=1.000000e-05
Saved new best model to /tmp/bow_mlp_imdb_6oak2q3y.pt
Epoch 152/301 | train_loss=5.4901 train_acc=83.53% | val_loss=0.4790 val_acc=83.16% | lr=1.000000e-05
Saved new best model to /tmp/bow_mlp_imdb_6oak2q3y.pt
Epoch 153/301 | train_loss=5.4720 train_acc=83.53% | val_loss=0.4777 val_acc=83.18% | lr=1.000000e-05
Saved new best model to /tmp/bow_mlp_imdb_6oak2q3y.pt
Epoch 154/301 | train_loss=5.4552 train_acc=83.55% | val_loss=0.4764 val_acc=83.20% | lr=1.000000e-05
Saved new best model to /tmp/bow_mlp_imdb_6oak2q3y.pt
Epoch 155/301 | train_loss=5.4380 train_acc=83.68% | val_loss=0.4752 val_acc=83.16% | lr=1.000000e-05
Epoch 156/301 | train_loss=5.4208 train_acc=83.76% | val_loss=0.4738 val_acc=83.28% | lr=1.000000e-05
Saved new best model to /tmp/bow_mlp_imdb_6oak2q3y.pt
Epoch 157/301 | train_loss=5.4045 train_acc=83.78% | val_loss=0.4726 val_acc=83.30% | lr=1.000000e-05
Saved new best model to /tmp/bow_mlp_imdb_6oak2q3y.pt
Epoch 158/301 | train_loss=5.3872 train_acc=83.84% | val_loss=0.4713 val_acc=83.38% | lr=1.000000e-05
Saved new best model to /tmp/bow_mlp_imdb_6oak2q3y.pt
Epoch 159/301 | train_loss=5.3707 train_acc=83.88% | val_loss=0.4701 val_acc=83.40% | lr=1.000000e-05
Saved new best model to /tmp/bow_mlp_imdb_6oak2q3y.pt
Epoch 160/301 | train_loss=5.3540 train_acc=83.91% | val_loss=0.4689 val_acc=83.40% | lr=1.000000e-05
Epoch 161/301 | train_loss=5.3372 train_acc=83.97% | val_loss=0.4676 val_acc=83.50% | lr=1.000000e-05
Saved new best model to /tmp/bow_mlp_imdb_6oak2q3y.pt
Epoch 162/301 | train_loss=5.3217 train_acc=84.06% | val_loss=0.4664 val_acc=83.46% | lr=1.000000e-05
Epoch 163/301 | train_loss=5.3050 train_acc=84.12% | val_loss=0.4651 val_acc=83.58% | lr=1.000000e-05
Saved new best model to /tmp/bow_mlp_imdb_6oak2q3y.pt
Epoch 164/301 | train_loss=5.2888 train_acc=84.14% | val_loss=0.4639 val_acc=83.70% | lr=1.000000e-05
Saved new best model to /tmp/bow_mlp_imdb_6oak2q3y.pt
Epoch 165/301 | train_loss=5.2728 train_acc=84.20% | val_loss=0.4627 val_acc=83.74% | lr=1.000000e-05
Saved new best model to /tmp/bow_mlp_imdb_6oak2q3y.pt
Epoch 166/301 | train_loss=5.2562 train_acc=84.22% | val_loss=0.4617 val_acc=83.68% | lr=1.000000e-05
Epoch 167/301 | train_loss=5.2417 train_acc=84.28% | val_loss=0.4603 val_acc=83.72% | lr=1.000000e-05
Epoch 168/301 | train_loss=5.2254 train_acc=84.37% | val_loss=0.4591 val_acc=83.94% | lr=1.000000e-05
Saved new best model to /tmp/bow_mlp_imdb_6oak2q3y.pt
Epoch 169/301 | train_loss=5.2101 train_acc=84.44% | val_loss=0.4581 val_acc=83.94% | lr=1.000000e-05
Epoch 170/301 | train_loss=5.1937 train_acc=84.41% | val_loss=0.4569 val_acc=83.86% | lr=1.000000e-05
Epoch 171/301 | train_loss=5.1790 train_acc=84.45% | val_loss=0.4557 val_acc=83.90% | lr=1.000000e-05
Epoch 172/301 | train_loss=5.1632 train_acc=84.58% | val_loss=0.4546 val_acc=84.00% | lr=1.000000e-05
Saved new best model to /tmp/bow_mlp_imdb_6oak2q3y.pt
Epoch 173/301 | train_loss=5.1487 train_acc=84.51% | val_loss=0.4534 val_acc=83.98% | lr=1.000000e-05
Epoch 174/301 | train_loss=5.1335 train_acc=84.56% | val_loss=0.4522 val_acc=83.96% | lr=1.000000e-05
Epoch 175/301 | train_loss=5.1176 train_acc=84.67% | val_loss=0.4512 val_acc=84.02% | lr=1.000000e-05
Saved new best model to /tmp/bow_mlp_imdb_6oak2q3y.pt
Epoch 176/301 | train_loss=5.1043 train_acc=84.74% | val_loss=0.4500 val_acc=84.16% | lr=1.000000e-05
Saved new best model to /tmp/bow_mlp_imdb_6oak2q3y.pt
Epoch 177/301 | train_loss=5.0892 train_acc=84.70% | val_loss=0.4489 val_acc=84.14% | lr=1.000000e-05
Epoch 178/301 | train_loss=5.0746 train_acc=84.77% | val_loss=0.4478 val_acc=84.12% | lr=1.000000e-05
Epoch 179/301 | train_loss=5.0604 train_acc=84.77% | val_loss=0.4467 val_acc=84.18% | lr=1.000000e-05
Saved new best model to /tmp/bow_mlp_imdb_6oak2q3y.pt
Epoch 180/301 | train_loss=5.0455 train_acc=84.84% | val_loss=0.4456 val_acc=84.24% | lr=1.000000e-05
Saved new best model to /tmp/bow_mlp_imdb_6oak2q3y.pt
Epoch 181/301 | train_loss=5.0312 train_acc=84.94% | val_loss=0.4446 val_acc=84.20% | lr=1.000000e-05
Epoch 182/301 | train_loss=5.0185 train_acc=84.91% | val_loss=0.4435 val_acc=84.30% | lr=1.000000e-05
Saved new best model to /tmp/bow_mlp_imdb_6oak2q3y.pt
Epoch 183/301 | train_loss=5.0036 train_acc=85.05% | val_loss=0.4425 val_acc=84.32% | lr=1.000000e-05
Saved new best model to /tmp/bow_mlp_imdb_6oak2q3y.pt
Epoch 184/301 | train_loss=4.9896 train_acc=85.02% | val_loss=0.4414 val_acc=84.36% | lr=1.000000e-05
Saved new best model to /tmp/bow_mlp_imdb_6oak2q3y.pt
Epoch 185/301 | train_loss=4.9755 train_acc=84.98% | val_loss=0.4404 val_acc=84.40% | lr=1.000000e-05
Saved new best model to /tmp/bow_mlp_imdb_6oak2q3y.pt
Epoch 186/301 | train_loss=4.9620 train_acc=85.08% | val_loss=0.4393 val_acc=84.42% | lr=1.000000e-05
Saved new best model to /tmp/bow_mlp_imdb_6oak2q3y.pt
Epoch 187/301 | train_loss=4.9487 train_acc=85.12% | val_loss=0.4383 val_acc=84.42% | lr=1.000000e-05
Epoch 188/301 | train_loss=4.9352 train_acc=85.17% | val_loss=0.4373 val_acc=84.56% | lr=1.000000e-05
Saved new best model to /tmp/bow_mlp_imdb_6oak2q3y.pt
Epoch 189/301 | train_loss=4.9213 train_acc=85.16% | val_loss=0.4363 val_acc=84.54% | lr=1.000000e-05
Epoch 190/301 | train_loss=4.9075 train_acc=85.23% | val_loss=0.4353 val_acc=84.64% | lr=1.000000e-05
Saved new best model to /tmp/bow_mlp_imdb_6oak2q3y.pt
Epoch 191/301 | train_loss=4.8947 train_acc=85.25% | val_loss=0.4343 val_acc=84.60% | lr=1.000000e-05
Epoch 192/301 | train_loss=4.8819 train_acc=85.26% | val_loss=0.4333 val_acc=84.64% | lr=1.000000e-05
Epoch 193/301 | train_loss=4.8686 train_acc=85.30% | val_loss=0.4324 val_acc=84.52% | lr=1.000000e-05
Epoch 194/301 | train_loss=4.8551 train_acc=85.34% | val_loss=0.4314 val_acc=84.68% | lr=1.000000e-05
Saved new best model to /tmp/bow_mlp_imdb_6oak2q3y.pt
Epoch 195/301 | train_loss=4.8430 train_acc=85.32% | val_loss=0.4305 val_acc=84.52% | lr=1.000000e-05
Epoch 196/301 | train_loss=4.8296 train_acc=85.39% | val_loss=0.4295 val_acc=84.58% | lr=1.000000e-05
Epoch 197/301 | train_loss=4.8177 train_acc=85.37% | val_loss=0.4285 val_acc=84.64% | lr=1.000000e-05
Epoch 198/301 | train_loss=4.8053 train_acc=85.41% | val_loss=0.4276 val_acc=84.66% | lr=1.000000e-05
Epoch 199/301 | train_loss=4.7923 train_acc=85.45% | val_loss=0.4266 val_acc=84.70% | lr=1.000000e-05
Saved new best model to /tmp/bow_mlp_imdb_6oak2q3y.pt
Epoch 200/301 | train_loss=4.7787 train_acc=85.48% | val_loss=0.4257 val_acc=84.72% | lr=1.000000e-05
Saved new best model to /tmp/bow_mlp_imdb_6oak2q3y.pt
Epoch 201/301 | train_loss=4.7666 train_acc=85.46% | val_loss=0.4250 val_acc=84.62% | lr=1.000000e-05
Epoch 202/301 | train_loss=4.7544 train_acc=85.51% | val_loss=0.4239 val_acc=84.68% | lr=1.000000e-05
Epoch 203/301 | train_loss=4.7423 train_acc=85.49% | val_loss=0.4232 val_acc=84.66% | lr=1.000000e-05
Epoch 204/301 | train_loss=4.7300 train_acc=85.60% | val_loss=0.4221 val_acc=84.74% | lr=1.000000e-05
Saved new best model to /tmp/bow_mlp_imdb_6oak2q3y.pt
Epoch 205/301 | train_loss=4.7179 train_acc=85.58% | val_loss=0.4212 val_acc=84.76% | lr=1.000000e-05
Saved new best model to /tmp/bow_mlp_imdb_6oak2q3y.pt
Epoch 206/301 | train_loss=4.7057 train_acc=85.61% | val_loss=0.4203 val_acc=84.88% | lr=1.000000e-05
Saved new best model to /tmp/bow_mlp_imdb_6oak2q3y.pt
Epoch 207/301 | train_loss=4.6941 train_acc=85.65% | val_loss=0.4194 val_acc=84.82% | lr=1.000000e-05
Epoch 208/301 | train_loss=4.6819 train_acc=85.63% | val_loss=0.4186 val_acc=84.86% | lr=1.000000e-05
Epoch 209/301 | train_loss=4.6710 train_acc=85.66% | val_loss=0.4177 val_acc=85.04% | lr=1.000000e-05
Saved new best model to /tmp/bow_mlp_imdb_6oak2q3y.pt
Epoch 210/301 | train_loss=4.6590 train_acc=85.61% | val_loss=0.4171 val_acc=84.82% | lr=1.000000e-05
Epoch 211/301 | train_loss=4.6472 train_acc=85.72% | val_loss=0.4161 val_acc=84.88% | lr=1.000000e-05
Epoch 212/301 | train_loss=4.6361 train_acc=85.74% | val_loss=0.4151 val_acc=85.02% | lr=1.000000e-05
Epoch 213/301 | train_loss=4.6246 train_acc=85.80% | val_loss=0.4143 val_acc=85.04% | lr=1.000000e-05
Epoch 214/301 | train_loss=4.6130 train_acc=85.80% | val_loss=0.4135 val_acc=85.08% | lr=1.000000e-05
Saved new best model to /tmp/bow_mlp_imdb_6oak2q3y.pt
Epoch 215/301 | train_loss=4.6016 train_acc=85.86% | val_loss=0.4127 val_acc=85.10% | lr=1.000000e-05
Saved new best model to /tmp/bow_mlp_imdb_6oak2q3y.pt
Epoch 216/301 | train_loss=4.5904 train_acc=85.87% | val_loss=0.4119 val_acc=85.14% | lr=1.000000e-05
Saved new best model to /tmp/bow_mlp_imdb_6oak2q3y.pt
Epoch 217/301 | train_loss=4.5791 train_acc=85.91% | val_loss=0.4111 val_acc=85.20% | lr=1.000000e-05
Saved new best model to /tmp/bow_mlp_imdb_6oak2q3y.pt
Epoch 218/301 | train_loss=4.5678 train_acc=85.98% | val_loss=0.4102 val_acc=85.20% | lr=1.000000e-05
Epoch 219/301 | train_loss=4.5572 train_acc=86.00% | val_loss=0.4095 val_acc=85.24% | lr=1.000000e-05
Saved new best model to /tmp/bow_mlp_imdb_6oak2q3y.pt
Epoch 220/301 | train_loss=4.5458 train_acc=86.02% | val_loss=0.4087 val_acc=85.24% | lr=1.000000e-05
Epoch 221/301 | train_loss=4.5348 train_acc=86.04% | val_loss=0.4080 val_acc=85.16% | lr=1.000000e-05
Epoch 222/301 | train_loss=4.5237 train_acc=86.11% | val_loss=0.4072 val_acc=85.20% | lr=1.000000e-05
Epoch 223/301 | train_loss=4.5130 train_acc=86.09% | val_loss=0.4063 val_acc=85.32% | lr=1.000000e-05
Saved new best model to /tmp/bow_mlp_imdb_6oak2q3y.pt
Epoch 224/301 | train_loss=4.5026 train_acc=86.12% | val_loss=0.4056 val_acc=85.38% | lr=1.000000e-05
Saved new best model to /tmp/bow_mlp_imdb_6oak2q3y.pt
Epoch 225/301 | train_loss=4.4926 train_acc=86.19% | val_loss=0.4048 val_acc=85.32% | lr=1.000000e-05
Epoch 226/301 | train_loss=4.4814 train_acc=86.19% | val_loss=0.4041 val_acc=85.30% | lr=1.000000e-05
Epoch 227/301 | train_loss=4.4712 train_acc=86.25% | val_loss=0.4034 val_acc=85.38% | lr=1.000000e-05
Epoch 228/301 | train_loss=4.4605 train_acc=86.23% | val_loss=0.4026 val_acc=85.40% | lr=1.000000e-05
Saved new best model to /tmp/bow_mlp_imdb_6oak2q3y.pt
Epoch 229/301 | train_loss=4.4496 train_acc=86.27% | val_loss=0.4019 val_acc=85.46% | lr=1.000000e-05
Saved new best model to /tmp/bow_mlp_imdb_6oak2q3y.pt
Epoch 230/301 | train_loss=4.4401 train_acc=86.30% | val_loss=0.4012 val_acc=85.46% | lr=1.000000e-05
Epoch 231/301 | train_loss=4.4299 train_acc=86.30% | val_loss=0.4005 val_acc=85.44% | lr=1.000000e-05
Epoch 232/301 | train_loss=4.4197 train_acc=86.33% | val_loss=0.3997 val_acc=85.50% | lr=1.000000e-05
Saved new best model to /tmp/bow_mlp_imdb_6oak2q3y.pt
Epoch 233/301 | train_loss=4.4084 train_acc=86.39% | val_loss=0.3990 val_acc=85.54% | lr=1.000000e-05
Saved new best model to /tmp/bow_mlp_imdb_6oak2q3y.pt
Epoch 234/301 | train_loss=4.3995 train_acc=86.41% | val_loss=0.3984 val_acc=85.46% | lr=1.000000e-05
Epoch 235/301 | train_loss=4.3894 train_acc=86.41% | val_loss=0.3977 val_acc=85.48% | lr=1.000000e-05
Epoch 236/301 | train_loss=4.3790 train_acc=86.45% | val_loss=0.3969 val_acc=85.54% | lr=1.000000e-05
Epoch 237/301 | train_loss=4.3693 train_acc=86.45% | val_loss=0.3962 val_acc=85.54% | lr=1.000000e-05
Epoch 238/301 | train_loss=4.3596 train_acc=86.48% | val_loss=0.3955 val_acc=85.52% | lr=1.000000e-05
Epoch 239/301 | train_loss=4.3498 train_acc=86.50% | val_loss=0.3949 val_acc=85.56% | lr=1.000000e-05
Saved new best model to /tmp/bow_mlp_imdb_6oak2q3y.pt
Epoch 240/301 | train_loss=4.3402 train_acc=86.49% | val_loss=0.3944 val_acc=85.46% | lr=1.000000e-05
Epoch 241/301 | train_loss=4.3302 train_acc=86.56% | val_loss=0.3936 val_acc=85.52% | lr=1.000000e-05
Epoch 242/301 | train_loss=4.3209 train_acc=86.50% | val_loss=0.3929 val_acc=85.60% | lr=1.000000e-05
Saved new best model to /tmp/bow_mlp_imdb_6oak2q3y.pt
Epoch 243/301 | train_loss=4.3115 train_acc=86.61% | val_loss=0.3923 val_acc=85.58% | lr=1.000000e-05
Epoch 244/301 | train_loss=4.3023 train_acc=86.65% | val_loss=0.3916 val_acc=85.62% | lr=1.000000e-05
Saved new best model to /tmp/bow_mlp_imdb_6oak2q3y.pt
Epoch 245/301 | train_loss=4.2926 train_acc=86.61% | val_loss=0.3910 val_acc=85.56% | lr=1.000000e-05
Epoch 246/301 | train_loss=4.2834 train_acc=86.59% | val_loss=0.3905 val_acc=85.48% | lr=1.000000e-05
Epoch 247/301 | train_loss=4.2738 train_acc=86.67% | val_loss=0.3897 val_acc=85.48% | lr=1.000000e-05
Epoch 248/301 | train_loss=4.2647 train_acc=86.68% | val_loss=0.3891 val_acc=85.62% | lr=1.000000e-05
Epoch 249/301 | train_loss=4.2559 train_acc=86.63% | val_loss=0.3885 val_acc=85.50% | lr=1.000000e-05
Epoch 250/301 | train_loss=4.2463 train_acc=86.70% | val_loss=0.3880 val_acc=85.60% | lr=1.000000e-05
Epoch 251/301 | train_loss=4.2374 train_acc=86.74% | val_loss=0.3873 val_acc=85.58% | lr=1.000000e-05
Epoch 252/301 | train_loss=4.2282 train_acc=86.75% | val_loss=0.3867 val_acc=85.58% | lr=1.000000e-05
Epoch 253/301 | train_loss=4.2190 train_acc=86.77% | val_loss=0.3861 val_acc=85.58% | lr=1.000000e-05
Epoch 254/301 | train_loss=4.2105 train_acc=86.81% | val_loss=0.3855 val_acc=85.66% | lr=1.000000e-05
Saved new best model to /tmp/bow_mlp_imdb_6oak2q3y.pt
Epoch 255/301 | train_loss=4.2017 train_acc=86.76% | val_loss=0.3850 val_acc=85.62% | lr=1.000000e-05
Epoch 256/301 | train_loss=4.1928 train_acc=86.80% | val_loss=0.3843 val_acc=85.76% | lr=1.000000e-05
Saved new best model to /tmp/bow_mlp_imdb_6oak2q3y.pt
Epoch 257/301 | train_loss=4.1831 train_acc=86.83% | val_loss=0.3837 val_acc=85.76% | lr=1.000000e-05
Epoch 258/301 | train_loss=4.1743 train_acc=86.89% | val_loss=0.3832 val_acc=85.84% | lr=1.000000e-05
Saved new best model to /tmp/bow_mlp_imdb_6oak2q3y.pt
Epoch 259/301 | train_loss=4.1663 train_acc=86.82% | val_loss=0.3827 val_acc=85.82% | lr=1.000000e-05
Epoch 260/301 | train_loss=4.1570 train_acc=86.89% | val_loss=0.3820 val_acc=85.84% | lr=1.000000e-05
Epoch 261/301 | train_loss=4.1487 train_acc=86.89% | val_loss=0.3815 val_acc=85.84% | lr=1.000000e-05
Epoch 262/301 | train_loss=4.1401 train_acc=86.91% | val_loss=0.3809 val_acc=85.86% | lr=1.000000e-05
Saved new best model to /tmp/bow_mlp_imdb_6oak2q3y.pt
Epoch 263/301 | train_loss=4.1311 train_acc=86.95% | val_loss=0.3804 val_acc=85.88% | lr=1.000000e-05
Saved new best model to /tmp/bow_mlp_imdb_6oak2q3y.pt
Epoch 264/301 | train_loss=4.1233 train_acc=86.93% | val_loss=0.3798 val_acc=85.92% | lr=1.000000e-05
Saved new best model to /tmp/bow_mlp_imdb_6oak2q3y.pt
Epoch 265/301 | train_loss=4.1143 train_acc=86.95% | val_loss=0.3793 val_acc=85.94% | lr=1.000000e-05
Saved new best model to /tmp/bow_mlp_imdb_6oak2q3y.pt
Epoch 266/301 | train_loss=4.1062 train_acc=86.96% | val_loss=0.3788 val_acc=85.92% | lr=1.000000e-05
Epoch 267/301 | train_loss=4.0979 train_acc=87.01% | val_loss=0.3782 val_acc=85.94% | lr=1.000000e-05
Epoch 268/301 | train_loss=4.0897 train_acc=86.98% | val_loss=0.3778 val_acc=85.78% | lr=1.000000e-05
Epoch 269/301 | train_loss=4.0816 train_acc=87.02% | val_loss=0.3773 val_acc=85.78% | lr=1.000000e-05
Epoch 270/301 | train_loss=4.0729 train_acc=87.05% | val_loss=0.3767 val_acc=85.96% | lr=1.000000e-05
Saved new best model to /tmp/bow_mlp_imdb_6oak2q3y.pt
Epoch 271/301 | train_loss=4.0651 train_acc=87.03% | val_loss=0.3762 val_acc=85.92% | lr=1.000000e-05
Epoch 272/301 | train_loss=4.0558 train_acc=87.12% | val_loss=0.3757 val_acc=85.90% | lr=1.000000e-05
Epoch 273/301 | train_loss=4.0483 train_acc=87.11% | val_loss=0.3752 val_acc=85.90% | lr=1.000000e-05
Epoch 274/301 | train_loss=4.0399 train_acc=87.15% | val_loss=0.3747 val_acc=85.98% | lr=1.000000e-05
Saved new best model to /tmp/bow_mlp_imdb_6oak2q3y.pt
Epoch 275/301 | train_loss=4.0322 train_acc=87.10% | val_loss=0.3742 val_acc=85.96% | lr=1.000000e-05
Epoch 276/301 | train_loss=4.0244 train_acc=87.12% | val_loss=0.3738 val_acc=85.82% | lr=1.000000e-05
Epoch 277/301 | train_loss=4.0164 train_acc=87.16% | val_loss=0.3732 val_acc=85.86% | lr=1.000000e-05
Epoch 278/301 | train_loss=4.0079 train_acc=87.16% | val_loss=0.3727 val_acc=85.92% | lr=1.000000e-05
Epoch 279/301 | train_loss=4.0002 train_acc=87.17% | val_loss=0.3723 val_acc=85.86% | lr=1.000000e-05
Epoch 280/301 | train_loss=3.9924 train_acc=87.19% | val_loss=0.3718 val_acc=85.88% | lr=1.000000e-05
Epoch 281/301 | train_loss=3.9843 train_acc=87.25% | val_loss=0.3714 val_acc=85.84% | lr=1.000000e-05
Epoch 282/301 | train_loss=3.9772 train_acc=87.28% | val_loss=0.3709 val_acc=85.90% | lr=1.000000e-05
Epoch 283/301 | train_loss=3.9692 train_acc=87.35% | val_loss=0.3706 val_acc=85.86% | lr=1.000000e-05
Epoch 284/301 | train_loss=3.9615 train_acc=87.28% | val_loss=0.3701 val_acc=85.86% | lr=1.000000e-05
Epoch 285/301 | train_loss=3.9537 train_acc=87.32% | val_loss=0.3696 val_acc=85.90% | lr=1.000000e-05
Epoch 286/301 | train_loss=3.9463 train_acc=87.38% | val_loss=0.3691 val_acc=85.96% | lr=1.000000e-05
Epoch 287/301 | train_loss=3.9386 train_acc=87.37% | val_loss=0.3687 val_acc=85.96% | lr=1.000000e-05
Epoch 288/301 | train_loss=3.9310 train_acc=87.39% | val_loss=0.3683 val_acc=85.98% | lr=1.000000e-05
Epoch 289/301 | train_loss=3.9235 train_acc=87.41% | val_loss=0.3678 val_acc=85.98% | lr=1.000000e-05
Epoch 290/301 | train_loss=3.9165 train_acc=87.39% | val_loss=0.3674 val_acc=86.00% | lr=1.000000e-05
Saved new best model to /tmp/bow_mlp_imdb_6oak2q3y.pt
Epoch 291/301 | train_loss=3.9089 train_acc=87.50% | val_loss=0.3670 val_acc=85.98% | lr=1.000000e-05
Epoch 292/301 | train_loss=3.9011 train_acc=87.47% | val_loss=0.3666 val_acc=86.00% | lr=1.000000e-05
Epoch 293/301 | train_loss=3.8936 train_acc=87.45% | val_loss=0.3662 val_acc=86.02% | lr=1.000000e-05
Saved new best model to /tmp/bow_mlp_imdb_6oak2q3y.pt
Epoch 294/301 | train_loss=3.8861 train_acc=87.48% | val_loss=0.3657 val_acc=86.10% | lr=1.000000e-05
Saved new best model to /tmp/bow_mlp_imdb_6oak2q3y.pt
Epoch 295/301 | train_loss=3.8791 train_acc=87.50% | val_loss=0.3653 val_acc=86.02% | lr=1.000000e-05
Epoch 296/301 | train_loss=3.8719 train_acc=87.47% | val_loss=0.3649 val_acc=86.04% | lr=1.000000e-05
Epoch 297/301 | train_loss=3.8644 train_acc=87.54% | val_loss=0.3644 val_acc=86.12% | lr=1.000000e-05
Saved new best model to /tmp/bow_mlp_imdb_6oak2q3y.pt
Epoch 298/301 | train_loss=3.8571 train_acc=87.59% | val_loss=0.3640 val_acc=86.12% | lr=1.000000e-05
Epoch 299/301 | train_loss=3.8498 train_acc=87.52% | val_loss=0.3637 val_acc=86.06% | lr=1.000000e-05
Epoch 300/301 | train_loss=3.8427 train_acc=87.59% | val_loss=0.3634 val_acc=86.00% | lr=1.000000e-05
Epoch 301/301 | train_loss=3.8363 train_acc=87.59% | val_loss=0.3628 val_acc=86.18% | lr=1.000000e-05
Saved new best model to /tmp/bow_mlp_imdb_6oak2q3y.pt
Epoch 302/301 | train_loss=3.8284 train_acc=87.57% | val_loss=0.3625 val_acc=86.12% | lr=1.000000e-05
Epoch 303/301 | train_loss=3.8213 train_acc=87.59% | val_loss=0.3621 val_acc=86.14% | lr=1.000000e-05
Epoch 304/301 | train_loss=3.8151 train_acc=87.62% | val_loss=0.3617 val_acc=86.22% | lr=1.000000e-05
Saved new best model to /tmp/bow_mlp_imdb_6oak2q3y.pt
Epoch 305/301 | train_loss=3.8072 train_acc=87.62% | val_loss=0.3613 val_acc=86.18% | lr=1.000000e-05
Epoch 306/301 | train_loss=3.8005 train_acc=87.62% | val_loss=0.3609 val_acc=86.20% | lr=1.000000e-05
Epoch 307/301 | train_loss=3.7930 train_acc=87.66% | val_loss=0.3605 val_acc=86.20% | lr=1.000000e-05
Epoch 308/301 | train_loss=3.7862 train_acc=87.64% | val_loss=0.3602 val_acc=86.16% | lr=1.000000e-05
Epoch 309/301 | train_loss=3.7789 train_acc=87.73% | val_loss=0.3598 val_acc=86.16% | lr=1.000000e-05
Epoch 310/301 | train_loss=3.7722 train_acc=87.67% | val_loss=0.3594 val_acc=86.16% | lr=1.000000e-05
Epoch 311/301 | train_loss=3.7654 train_acc=87.73% | val_loss=0.3592 val_acc=86.18% | lr=1.000000e-05
Epoch 312/301 | train_loss=3.7586 train_acc=87.74% | val_loss=0.3587 val_acc=86.16% | lr=1.000000e-05
Epoch 313/301 | train_loss=3.7521 train_acc=87.74% | val_loss=0.3583 val_acc=86.14% | lr=1.000000e-05
Epoch 314/301 | train_loss=3.7452 train_acc=87.75% | val_loss=0.3580 val_acc=86.12% | lr=1.000000e-05
Epoch 315/301 | train_loss=3.7383 train_acc=87.78% | val_loss=0.3577 val_acc=86.14% | lr=1.000000e-05
Epoch 316/301 | train_loss=3.7319 train_acc=87.81% | val_loss=0.3573 val_acc=86.14% | lr=1.000000e-05
Epoch 317/301 | train_loss=3.7250 train_acc=87.81% | val_loss=0.3570 val_acc=86.18% | lr=1.000000e-05
Epoch 318/301 | train_loss=3.7184 train_acc=87.85% | val_loss=0.3566 val_acc=86.12% | lr=1.000000e-05
Epoch 319/301 | train_loss=3.7114 train_acc=87.85% | val_loss=0.3562 val_acc=86.14% | lr=1.000000e-05
Epoch 320/301 | train_loss=3.7048 train_acc=87.85% | val_loss=0.3560 val_acc=86.20% | lr=1.000000e-05
Epoch 321/301 | train_loss=3.6985 train_acc=87.89% | val_loss=0.3556 val_acc=86.24% | lr=1.000000e-05
Saved new best model to /tmp/bow_mlp_imdb_6oak2q3y.pt
Epoch 322/301 | train_loss=3.6921 train_acc=87.87% | val_loss=0.3553 val_acc=86.24% | lr=1.000000e-05
Epoch 323/301 | train_loss=3.6855 train_acc=87.93% | val_loss=0.3550 val_acc=86.30% | lr=1.000000e-05
Saved new best model to /tmp/bow_mlp_imdb_6oak2q3y.pt
Epoch 324/301 | train_loss=3.6787 train_acc=87.95% | val_loss=0.3546 val_acc=86.22% | lr=1.000000e-05
Epoch 325/301 | train_loss=3.6719 train_acc=87.91% | val_loss=0.3543 val_acc=86.26% | lr=1.000000e-05
Epoch 326/301 | train_loss=3.6653 train_acc=87.94% | val_loss=0.3540 val_acc=86.26% | lr=1.000000e-05
Epoch 327/301 | train_loss=3.6587 train_acc=87.98% | val_loss=0.3538 val_acc=86.20% | lr=1.000000e-05
Epoch 328/301 | train_loss=3.6521 train_acc=87.97% | val_loss=0.3533 val_acc=86.20% | lr=1.000000e-05
Epoch 329/301 | train_loss=3.6450 train_acc=87.94% | val_loss=0.3531 val_acc=86.28% | lr=1.000000e-05
Epoch 330/301 | train_loss=3.6390 train_acc=87.97% | val_loss=0.3527 val_acc=86.18% | lr=1.000000e-05
Epoch 331/301 | train_loss=3.6324 train_acc=88.01% | val_loss=0.3524 val_acc=86.24% | lr=1.000000e-05
Epoch 332/301 | train_loss=3.6261 train_acc=88.01% | val_loss=0.3521 val_acc=86.18% | lr=1.000000e-05
Epoch 333/301 | train_loss=3.6197 train_acc=88.03% | val_loss=0.3518 val_acc=86.24% | lr=1.000000e-05
Epoch 334/301 | train_loss=3.6135 train_acc=88.08% | val_loss=0.3516 val_acc=86.26% | lr=1.000000e-05
Epoch 335/301 | train_loss=3.6067 train_acc=88.06% | val_loss=0.3512 val_acc=86.20% | lr=1.000000e-05
Epoch 336/301 | train_loss=3.6002 train_acc=88.08% | val_loss=0.3511 val_acc=86.32% | lr=1.000000e-05
Saved new best model to /tmp/bow_mlp_imdb_6oak2q3y.pt
Epoch 337/301 | train_loss=3.5942 train_acc=88.09% | val_loss=0.3507 val_acc=86.24% | lr=1.000000e-05
Epoch 338/301 | train_loss=3.5873 train_acc=88.11% | val_loss=0.3503 val_acc=86.22% | lr=1.000000e-05
Epoch 339/301 | train_loss=3.5812 train_acc=88.12% | val_loss=0.3500 val_acc=86.20% | lr=1.000000e-05
Epoch 340/301 | train_loss=3.5747 train_acc=88.13% | val_loss=0.3498 val_acc=86.24% | lr=1.000000e-05
Epoch 341/301 | train_loss=3.5687 train_acc=88.13% | val_loss=0.3495 val_acc=86.26% | lr=1.000000e-05
Epoch 342/301 | train_loss=3.5622 train_acc=88.14% | val_loss=0.3491 val_acc=86.18% | lr=1.000000e-05
Epoch 343/301 | train_loss=3.5558 train_acc=88.18% | val_loss=0.3489 val_acc=86.20% | lr=1.000000e-05
Epoch 344/301 | train_loss=3.5499 train_acc=88.17% | val_loss=0.3486 val_acc=86.20% | lr=1.000000e-05
Epoch 345/301 | train_loss=3.5433 train_acc=88.22% | val_loss=0.3484 val_acc=86.28% | lr=1.000000e-05
Epoch 346/301 | train_loss=3.5377 train_acc=88.22% | val_loss=0.3481 val_acc=86.28% | lr=1.000000e-05
Epoch 347/301 | train_loss=3.5309 train_acc=88.20% | val_loss=0.3478 val_acc=86.26% | lr=1.000000e-05
Epoch 348/301 | train_loss=3.5248 train_acc=88.20% | val_loss=0.3475 val_acc=86.20% | lr=1.000000e-05
Epoch 349/301 | train_loss=3.5186 train_acc=88.25% | val_loss=0.3472 val_acc=86.24% | lr=1.000000e-05
Epoch 350/301 | train_loss=3.5124 train_acc=88.28% | val_loss=0.3470 val_acc=86.30% | lr=1.000000e-05
Epoch 351/301 | train_loss=3.5058 train_acc=88.23% | val_loss=0.3467 val_acc=86.26% | lr=1.000000e-05
Epoch 352/301 | train_loss=3.4997 train_acc=88.30% | val_loss=0.3466 val_acc=86.34% | lr=1.000000e-05
Saved new best model to /tmp/bow_mlp_imdb_6oak2q3y.pt
Epoch 353/301 | train_loss=3.4937 train_acc=88.35% | val_loss=0.3462 val_acc=86.28% | lr=1.000000e-05
Epoch 354/301 | train_loss=3.4875 train_acc=88.31% | val_loss=0.3460 val_acc=86.26% | lr=1.000000e-05
Epoch 355/301 | train_loss=3.4812 train_acc=88.30% | val_loss=0.3457 val_acc=86.26% | lr=1.000000e-05
Epoch 356/301 | train_loss=3.4752 train_acc=88.28% | val_loss=0.3456 val_acc=86.38% | lr=1.000000e-05
Saved new best model to /tmp/bow_mlp_imdb_6oak2q3y.pt
Epoch 357/301 | train_loss=3.4691 train_acc=88.33% | val_loss=0.3452 val_acc=86.32% | lr=1.000000e-05
Epoch 358/301 | train_loss=3.4629 train_acc=88.33% | val_loss=0.3450 val_acc=86.28% | lr=1.000000e-05
Epoch 359/301 | train_loss=3.4568 train_acc=88.33% | val_loss=0.3448 val_acc=86.34% | lr=1.000000e-05
Epoch 360/301 | train_loss=3.4509 train_acc=88.38% | val_loss=0.3447 val_acc=86.42% | lr=1.000000e-05
Saved new best model to /tmp/bow_mlp_imdb_6oak2q3y.pt
Epoch 361/301 | train_loss=3.4447 train_acc=88.39% | val_loss=0.3444 val_acc=86.42% | lr=1.000000e-05
Epoch 362/301 | train_loss=3.4387 train_acc=88.35% | val_loss=0.3439 val_acc=86.32% | lr=1.000000e-05
Epoch 363/301 | train_loss=3.4331 train_acc=88.39% | val_loss=0.3437 val_acc=86.30% | lr=1.000000e-05
Epoch 364/301 | train_loss=3.4266 train_acc=88.44% | val_loss=0.3435 val_acc=86.32% | lr=1.000000e-05
Epoch 365/301 | train_loss=3.4210 train_acc=88.41% | val_loss=0.3433 val_acc=86.36% | lr=1.000000e-05
Epoch 366/301 | train_loss=3.4155 train_acc=88.45% | val_loss=0.3431 val_acc=86.42% | lr=1.000000e-05
Epoch 367/301 | train_loss=3.4087 train_acc=88.44% | val_loss=0.3427 val_acc=86.36% | lr=1.000000e-05
Epoch 368/301 | train_loss=3.4030 train_acc=88.44% | val_loss=0.3425 val_acc=86.36% | lr=1.000000e-05
Epoch 369/301 | train_loss=3.3967 train_acc=88.43% | val_loss=0.3424 val_acc=86.48% | lr=1.000000e-05
Saved new best model to /tmp/bow_mlp_imdb_6oak2q3y.pt
Epoch 370/301 | train_loss=3.3905 train_acc=88.45% | val_loss=0.3421 val_acc=86.46% | lr=1.000000e-05
Epoch 371/301 | train_loss=3.3842 train_acc=88.48% | val_loss=0.3420 val_acc=86.48% | lr=1.000000e-05
Epoch 372/301 | train_loss=3.3785 train_acc=88.48% | val_loss=0.3417 val_acc=86.48% | lr=1.000000e-05
Epoch 373/301 | train_loss=3.3728 train_acc=88.47% | val_loss=0.3414 val_acc=86.48% | lr=1.000000e-05
Epoch 374/301 | train_loss=3.3670 train_acc=88.50% | val_loss=0.3412 val_acc=86.48% | lr=1.000000e-05
Epoch 375/301 | train_loss=3.3608 train_acc=88.52% | val_loss=0.3409 val_acc=86.44% | lr=1.000000e-05
Epoch 376/301 | train_loss=3.3547 train_acc=88.48% | val_loss=0.3408 val_acc=86.58% | lr=1.000000e-05
Saved new best model to /tmp/bow_mlp_imdb_6oak2q3y.pt
Epoch 377/301 | train_loss=3.3488 train_acc=88.50% | val_loss=0.3405 val_acc=86.48% | lr=1.000000e-05
Epoch 378/301 | train_loss=3.3432 train_acc=88.52% | val_loss=0.3403 val_acc=86.44% | lr=1.000000e-05
Epoch 379/301 | train_loss=3.3370 train_acc=88.52% | val_loss=0.3401 val_acc=86.60% | lr=1.000000e-05
Saved new best model to /tmp/bow_mlp_imdb_6oak2q3y.pt
Epoch 380/301 | train_loss=3.3309 train_acc=88.55% | val_loss=0.3399 val_acc=86.50% | lr=1.000000e-05
Epoch 381/301 | train_loss=3.3256 train_acc=88.61% | val_loss=0.3397 val_acc=86.60% | lr=1.000000e-05
Epoch 382/301 | train_loss=3.3194 train_acc=88.57% | val_loss=0.3395 val_acc=86.60% | lr=1.000000e-05
Epoch 383/301 | train_loss=3.3134 train_acc=88.59% | val_loss=0.3394 val_acc=86.60% | lr=1.000000e-05
Epoch 384/301 | train_loss=3.3075 train_acc=88.61% | val_loss=0.3392 val_acc=86.62% | lr=1.000000e-05
Saved new best model to /tmp/bow_mlp_imdb_6oak2q3y.pt
Epoch 385/301 | train_loss=3.3011 train_acc=88.57% | val_loss=0.3389 val_acc=86.64% | lr=1.000000e-05
Saved new best model to /tmp/bow_mlp_imdb_6oak2q3y.pt
Epoch 386/301 | train_loss=3.2955 train_acc=88.64% | val_loss=0.3387 val_acc=86.62% | lr=1.000000e-05
Epoch 387/301 | train_loss=3.2893 train_acc=88.61% | val_loss=0.3385 val_acc=86.58% | lr=1.000000e-05
Epoch 388/301 | train_loss=3.2834 train_acc=88.62% | val_loss=0.3384 val_acc=86.62% | lr=1.000000e-05
Epoch 389/301 | train_loss=3.2775 train_acc=88.67% | val_loss=0.3380 val_acc=86.58% | lr=1.000000e-05
Epoch 390/301 | train_loss=3.2722 train_acc=88.63% | val_loss=0.3379 val_acc=86.60% | lr=1.000000e-05
Epoch 391/301 | train_loss=3.2665 train_acc=88.68% | val_loss=0.3378 val_acc=86.64% | lr=1.000000e-05
Epoch 392/301 | train_loss=3.2608 train_acc=88.72% | val_loss=0.3375 val_acc=86.60% | lr=1.000000e-05
Epoch 393/301 | train_loss=3.2549 train_acc=88.69% | val_loss=0.3373 val_acc=86.62% | lr=1.000000e-05
Epoch 394/301 | train_loss=3.2490 train_acc=88.69% | val_loss=0.3372 val_acc=86.66% | lr=1.000000e-05
Saved new best model to /tmp/bow_mlp_imdb_6oak2q3y.pt
Epoch 395/301 | train_loss=3.2432 train_acc=88.77% | val_loss=0.3369 val_acc=86.62% | lr=1.000000e-05
Epoch 396/301 | train_loss=3.2373 train_acc=88.70% | val_loss=0.3367 val_acc=86.66% | lr=1.000000e-05
Epoch 397/301 | train_loss=3.2312 train_acc=88.72% | val_loss=0.3365 val_acc=86.66% | lr=1.000000e-05
Epoch 398/301 | train_loss=3.2252 train_acc=88.80% | val_loss=0.3364 val_acc=86.66% | lr=1.000000e-05
Epoch 399/301 | train_loss=3.2201 train_acc=88.72% | val_loss=0.3362 val_acc=86.66% | lr=1.000000e-05
Epoch 400/301 | train_loss=3.2140 train_acc=88.74% | val_loss=0.3360 val_acc=86.68% | lr=1.000000e-05
Saved new best model to /tmp/bow_mlp_imdb_6oak2q3y.pt
Test loss=0.3372 | Test accuracy=86.61%
