Loading IMDb dataset from local disk: /home/daniel/l/masteruppsats/np-reg/language/data/imdb_hf
Using device: cuda
BoW vocab size: 3125
Epoch 1/301 | train_loss=0.6859 train_acc=57.18% | val_loss=0.6735 val_acc=66.54% | lr=1.000000e-05
Saved new best model to /tmp/bow_mlp_imdb_l2ohn1ez.pt
Epoch 2/301 | train_loss=0.6623 train_acc=70.35% | val_loss=0.6501 val_acc=74.40% | lr=1.000000e-05
Saved new best model to /tmp/bow_mlp_imdb_l2ohn1ez.pt
Epoch 3/301 | train_loss=0.6353 train_acc=75.78% | val_loss=0.6194 val_acc=76.82% | lr=1.000000e-05
Saved new best model to /tmp/bow_mlp_imdb_l2ohn1ez.pt
Epoch 4/301 | train_loss=0.6045 train_acc=78.09% | val_loss=0.5921 val_acc=78.84% | lr=1.000000e-05
Saved new best model to /tmp/bow_mlp_imdb_l2ohn1ez.pt
Epoch 5/301 | train_loss=0.5760 train_acc=79.60% | val_loss=0.5635 val_acc=80.20% | lr=1.000000e-05
Saved new best model to /tmp/bow_mlp_imdb_l2ohn1ez.pt
Epoch 6/301 | train_loss=0.5492 train_acc=80.78% | val_loss=0.5399 val_acc=81.38% | lr=1.000000e-05
Saved new best model to /tmp/bow_mlp_imdb_l2ohn1ez.pt
Epoch 7/301 | train_loss=0.5249 train_acc=81.95% | val_loss=0.5173 val_acc=81.98% | lr=1.000000e-05
Saved new best model to /tmp/bow_mlp_imdb_l2ohn1ez.pt
Epoch 8/301 | train_loss=0.5025 train_acc=82.83% | val_loss=0.4978 val_acc=83.10% | lr=1.000000e-05
Saved new best model to /tmp/bow_mlp_imdb_l2ohn1ez.pt
Epoch 9/301 | train_loss=0.4833 train_acc=83.82% | val_loss=0.4809 val_acc=83.50% | lr=1.000000e-05
Saved new best model to /tmp/bow_mlp_imdb_l2ohn1ez.pt
Epoch 10/301 | train_loss=0.4665 train_acc=84.36% | val_loss=0.4663 val_acc=83.74% | lr=1.000000e-05
Saved new best model to /tmp/bow_mlp_imdb_l2ohn1ez.pt
Epoch 11/301 | train_loss=0.4517 train_acc=84.68% | val_loss=0.4531 val_acc=84.12% | lr=1.000000e-05
Saved new best model to /tmp/bow_mlp_imdb_l2ohn1ez.pt
Epoch 12/301 | train_loss=0.4381 train_acc=85.17% | val_loss=0.4414 val_acc=84.26% | lr=1.000000e-05
Saved new best model to /tmp/bow_mlp_imdb_l2ohn1ez.pt
Epoch 13/301 | train_loss=0.4261 train_acc=85.58% | val_loss=0.4308 val_acc=84.50% | lr=1.000000e-05
Saved new best model to /tmp/bow_mlp_imdb_l2ohn1ez.pt
Epoch 14/301 | train_loss=0.4151 train_acc=85.97% | val_loss=0.4216 val_acc=84.78% | lr=1.000000e-05
Saved new best model to /tmp/bow_mlp_imdb_l2ohn1ez.pt
Epoch 15/301 | train_loss=0.4049 train_acc=86.17% | val_loss=0.4129 val_acc=85.02% | lr=1.000000e-05
Saved new best model to /tmp/bow_mlp_imdb_l2ohn1ez.pt
Epoch 16/301 | train_loss=0.3958 train_acc=86.44% | val_loss=0.4049 val_acc=85.22% | lr=1.000000e-05
Saved new best model to /tmp/bow_mlp_imdb_l2ohn1ez.pt
Epoch 17/301 | train_loss=0.3874 train_acc=86.67% | val_loss=0.3978 val_acc=85.34% | lr=1.000000e-05
Saved new best model to /tmp/bow_mlp_imdb_l2ohn1ez.pt
Epoch 18/301 | train_loss=0.3796 train_acc=86.88% | val_loss=0.3914 val_acc=85.56% | lr=1.000000e-05
Saved new best model to /tmp/bow_mlp_imdb_l2ohn1ez.pt
Epoch 19/301 | train_loss=0.3725 train_acc=87.05% | val_loss=0.3857 val_acc=85.56% | lr=1.000000e-05
Epoch 20/301 | train_loss=0.3660 train_acc=87.19% | val_loss=0.3803 val_acc=85.64% | lr=1.000000e-05
Saved new best model to /tmp/bow_mlp_imdb_l2ohn1ez.pt
Epoch 21/301 | train_loss=0.3599 train_acc=87.44% | val_loss=0.3754 val_acc=85.78% | lr=1.000000e-05
Saved new best model to /tmp/bow_mlp_imdb_l2ohn1ez.pt
Epoch 22/301 | train_loss=0.3542 train_acc=87.49% | val_loss=0.3709 val_acc=85.74% | lr=1.000000e-05
Epoch 23/301 | train_loss=0.3490 train_acc=87.70% | val_loss=0.3669 val_acc=85.90% | lr=1.000000e-05
Saved new best model to /tmp/bow_mlp_imdb_l2ohn1ez.pt
Epoch 24/301 | train_loss=0.3441 train_acc=87.86% | val_loss=0.3633 val_acc=85.92% | lr=1.000000e-05
Saved new best model to /tmp/bow_mlp_imdb_l2ohn1ez.pt
Epoch 25/301 | train_loss=0.3394 train_acc=88.03% | val_loss=0.3595 val_acc=86.04% | lr=1.000000e-05
Saved new best model to /tmp/bow_mlp_imdb_l2ohn1ez.pt
Epoch 26/301 | train_loss=0.3352 train_acc=88.06% | val_loss=0.3563 val_acc=85.98% | lr=1.000000e-05
Epoch 27/301 | train_loss=0.3310 train_acc=88.19% | val_loss=0.3532 val_acc=85.96% | lr=1.000000e-05
Epoch 28/301 | train_loss=0.3272 train_acc=88.27% | val_loss=0.3505 val_acc=86.16% | lr=1.000000e-05
Saved new best model to /tmp/bow_mlp_imdb_l2ohn1ez.pt
Epoch 29/301 | train_loss=0.3235 train_acc=88.33% | val_loss=0.3478 val_acc=86.32% | lr=1.000000e-05
Saved new best model to /tmp/bow_mlp_imdb_l2ohn1ez.pt
Epoch 30/301 | train_loss=0.3200 train_acc=88.42% | val_loss=0.3459 val_acc=86.36% | lr=1.000000e-05
Saved new best model to /tmp/bow_mlp_imdb_l2ohn1ez.pt
Epoch 31/301 | train_loss=0.3167 train_acc=88.52% | val_loss=0.3431 val_acc=86.32% | lr=1.000000e-05
Epoch 32/301 | train_loss=0.3135 train_acc=88.64% | val_loss=0.3414 val_acc=86.42% | lr=1.000000e-05
Saved new best model to /tmp/bow_mlp_imdb_l2ohn1ez.pt
Epoch 33/301 | train_loss=0.3106 train_acc=88.71% | val_loss=0.3390 val_acc=86.34% | lr=1.000000e-05
Epoch 34/301 | train_loss=0.3077 train_acc=88.81% | val_loss=0.3372 val_acc=86.44% | lr=1.000000e-05
Saved new best model to /tmp/bow_mlp_imdb_l2ohn1ez.pt
Epoch 35/301 | train_loss=0.3049 train_acc=88.88% | val_loss=0.3357 val_acc=86.54% | lr=1.000000e-05
Saved new best model to /tmp/bow_mlp_imdb_l2ohn1ez.pt
Epoch 36/301 | train_loss=0.3024 train_acc=88.98% | val_loss=0.3339 val_acc=86.60% | lr=1.000000e-05
Saved new best model to /tmp/bow_mlp_imdb_l2ohn1ez.pt
Epoch 37/301 | train_loss=0.2999 train_acc=89.09% | val_loss=0.3323 val_acc=86.62% | lr=1.000000e-05
Saved new best model to /tmp/bow_mlp_imdb_l2ohn1ez.pt
Epoch 38/301 | train_loss=0.2972 train_acc=89.18% | val_loss=0.3311 val_acc=86.60% | lr=1.000000e-05
Epoch 39/301 | train_loss=0.2950 train_acc=89.16% | val_loss=0.3296 val_acc=86.66% | lr=1.000000e-05
Saved new best model to /tmp/bow_mlp_imdb_l2ohn1ez.pt
Epoch 40/301 | train_loss=0.2927 train_acc=89.17% | val_loss=0.3283 val_acc=86.64% | lr=1.000000e-05
Epoch 41/301 | train_loss=0.2906 train_acc=89.30% | val_loss=0.3277 val_acc=86.70% | lr=1.000000e-05
Saved new best model to /tmp/bow_mlp_imdb_l2ohn1ez.pt
Epoch 42/301 | train_loss=0.2885 train_acc=89.35% | val_loss=0.3261 val_acc=86.64% | lr=1.000000e-05
Epoch 43/301 | train_loss=0.2865 train_acc=89.41% | val_loss=0.3250 val_acc=86.68% | lr=1.000000e-05
Epoch 44/301 | train_loss=0.2846 train_acc=89.48% | val_loss=0.3241 val_acc=86.74% | lr=1.000000e-05
Saved new best model to /tmp/bow_mlp_imdb_l2ohn1ez.pt
Epoch 45/301 | train_loss=0.2828 train_acc=89.46% | val_loss=0.3233 val_acc=86.76% | lr=1.000000e-05
Saved new best model to /tmp/bow_mlp_imdb_l2ohn1ez.pt
Epoch 46/301 | train_loss=0.2809 train_acc=89.55% | val_loss=0.3223 val_acc=86.78% | lr=1.000000e-05
Saved new best model to /tmp/bow_mlp_imdb_l2ohn1ez.pt
Epoch 47/301 | train_loss=0.2792 train_acc=89.63% | val_loss=0.3215 val_acc=86.72% | lr=1.000000e-05
Epoch 48/301 | train_loss=0.2774 train_acc=89.72% | val_loss=0.3207 val_acc=86.84% | lr=1.000000e-05
Saved new best model to /tmp/bow_mlp_imdb_l2ohn1ez.pt
Epoch 49/301 | train_loss=0.2758 train_acc=89.74% | val_loss=0.3200 val_acc=86.80% | lr=1.000000e-05
Epoch 50/301 | train_loss=0.2741 train_acc=89.79% | val_loss=0.3194 val_acc=86.88% | lr=1.000000e-05
Saved new best model to /tmp/bow_mlp_imdb_l2ohn1ez.pt
Epoch 51/301 | train_loss=0.2726 train_acc=89.84% | val_loss=0.3188 val_acc=86.98% | lr=1.000000e-05
Saved new best model to /tmp/bow_mlp_imdb_l2ohn1ez.pt
Epoch 52/301 | train_loss=0.2711 train_acc=89.87% | val_loss=0.3182 val_acc=86.90% | lr=1.000000e-05
Epoch 53/301 | train_loss=0.2696 train_acc=89.94% | val_loss=0.3178 val_acc=87.04% | lr=1.000000e-05
Saved new best model to /tmp/bow_mlp_imdb_l2ohn1ez.pt
Epoch 54/301 | train_loss=0.2682 train_acc=89.96% | val_loss=0.3171 val_acc=86.86% | lr=1.000000e-05
Epoch 55/301 | train_loss=0.2668 train_acc=90.00% | val_loss=0.3170 val_acc=87.16% | lr=1.000000e-05
Saved new best model to /tmp/bow_mlp_imdb_l2ohn1ez.pt
Epoch 56/301 | train_loss=0.2654 train_acc=90.05% | val_loss=0.3167 val_acc=87.14% | lr=1.000000e-05
Epoch 57/301 | train_loss=0.2641 train_acc=90.14% | val_loss=0.3159 val_acc=86.88% | lr=1.000000e-05
Epoch 58/301 | train_loss=0.2627 train_acc=90.16% | val_loss=0.3156 val_acc=87.00% | lr=1.000000e-05
Epoch 59/301 | train_loss=0.2614 train_acc=90.16% | val_loss=0.3153 val_acc=87.08% | lr=1.000000e-05
Epoch 60/301 | train_loss=0.2603 train_acc=90.25% | val_loss=0.3155 val_acc=87.18% | lr=1.000000e-05
Saved new best model to /tmp/bow_mlp_imdb_l2ohn1ez.pt
Epoch 61/301 | train_loss=0.2592 train_acc=90.29% | val_loss=0.3147 val_acc=87.08% | lr=1.000000e-05
Epoch 62/301 | train_loss=0.2580 train_acc=90.30% | val_loss=0.3144 val_acc=87.02% | lr=1.000000e-05
Epoch 63/301 | train_loss=0.2568 train_acc=90.36% | val_loss=0.3142 val_acc=87.14% | lr=1.000000e-05
Epoch 64/301 | train_loss=0.2558 train_acc=90.38% | val_loss=0.3139 val_acc=87.04% | lr=1.000000e-05
Epoch 65/301 | train_loss=0.2548 train_acc=90.42% | val_loss=0.3137 val_acc=87.10% | lr=1.000000e-05
Epoch 66/301 | train_loss=0.2536 train_acc=90.44% | val_loss=0.3136 val_acc=86.96% | lr=1.000000e-05
Epoch 67/301 | train_loss=0.2526 train_acc=90.48% | val_loss=0.3135 val_acc=87.10% | lr=1.000000e-05
Epoch 68/301 | train_loss=0.2516 train_acc=90.49% | val_loss=0.3133 val_acc=87.02% | lr=1.000000e-05
Epoch 69/301 | train_loss=0.2506 train_acc=90.53% | val_loss=0.3134 val_acc=87.08% | lr=1.000000e-05
Epoch 70/301 | train_loss=0.2497 train_acc=90.61% | val_loss=0.3131 val_acc=87.10% | lr=1.000000e-05
Epoch 71/301 | train_loss=0.2487 train_acc=90.57% | val_loss=0.3131 val_acc=87.02% | lr=1.000000e-05
Epoch 72/301 | train_loss=0.2478 train_acc=90.62% | val_loss=0.3132 val_acc=87.24% | lr=1.000000e-05
Saved new best model to /tmp/bow_mlp_imdb_l2ohn1ez.pt
Epoch 73/301 | train_loss=0.2470 train_acc=90.67% | val_loss=0.3131 val_acc=87.16% | lr=1.000000e-05
Epoch 74/301 | train_loss=0.2461 train_acc=90.70% | val_loss=0.3133 val_acc=87.22% | lr=1.000000e-05
Epoch 75/301 | train_loss=0.2452 train_acc=90.64% | val_loss=0.3130 val_acc=87.08% | lr=1.000000e-05
Epoch 76/301 | train_loss=0.2444 train_acc=90.71% | val_loss=0.3130 val_acc=87.10% | lr=1.000000e-05
Epoch 77/301 | train_loss=0.2436 train_acc=90.71% | val_loss=0.3131 val_acc=87.08% | lr=1.000000e-05
Epoch 78/301 | train_loss=0.2428 train_acc=90.72% | val_loss=0.3132 val_acc=87.16% | lr=1.000000e-05
Epoch 79/301 | train_loss=0.2419 train_acc=90.77% | val_loss=0.3133 val_acc=86.94% | lr=1.000000e-05
Epoch 80/301 | train_loss=0.2411 train_acc=90.84% | val_loss=0.3136 val_acc=87.08% | lr=1.000000e-05
Epoch 81/301 | train_loss=0.2404 train_acc=90.80% | val_loss=0.3134 val_acc=87.10% | lr=1.000000e-05
Epoch 82/301 | train_loss=0.2396 train_acc=90.85% | val_loss=0.3134 val_acc=87.10% | lr=1.000000e-05
Epoch 83/301 | train_loss=0.2390 train_acc=90.87% | val_loss=0.3135 val_acc=87.10% | lr=1.000000e-05
Validation loss has not improved for 8 epochs. Stopping training.
Test loss=0.3176 | Test accuracy=87.02%
