Loading IMDb dataset from local disk: /home/daniel/l/masteruppsats/np-reg/language/data/imdb_hf
Using device: cuda
BoW vocab size: 3125
W0421 02:05:52.254000 2260519 site-packages/torch/_inductor/utils.py:1679] [0/0] Not enough SMs to use max_autotune_gemm mode
Epoch 1/301 | train_loss=0.7040 train_acc=50.14% | val_loss=0.6943 val_acc=53.08% | lr=3.000000e-06
Saved new best model to /tmp/bow_mlp_imdb_a_81j6en.pt
Epoch 2/301 | train_loss=0.6889 train_acc=54.34% | val_loss=0.6807 val_acc=57.12% | lr=3.000000e-06
Saved new best model to /tmp/bow_mlp_imdb_a_81j6en.pt
Epoch 3/301 | train_loss=0.6756 train_acc=58.41% | val_loss=0.6680 val_acc=61.44% | lr=3.000000e-06
Saved new best model to /tmp/bow_mlp_imdb_a_81j6en.pt
Epoch 4/301 | train_loss=0.6625 train_acc=61.98% | val_loss=0.6555 val_acc=63.94% | lr=3.000000e-06
Saved new best model to /tmp/bow_mlp_imdb_a_81j6en.pt
Epoch 5/301 | train_loss=0.6493 train_acc=65.28% | val_loss=0.6426 val_acc=66.64% | lr=3.000000e-06
Saved new best model to /tmp/bow_mlp_imdb_a_81j6en.pt
Epoch 6/301 | train_loss=0.6358 train_acc=67.83% | val_loss=0.6298 val_acc=68.28% | lr=3.000000e-06
Saved new best model to /tmp/bow_mlp_imdb_a_81j6en.pt
Epoch 7/301 | train_loss=0.6223 train_acc=69.83% | val_loss=0.6170 val_acc=70.66% | lr=3.000000e-06
Saved new best model to /tmp/bow_mlp_imdb_a_81j6en.pt
Epoch 8/301 | train_loss=0.6090 train_acc=71.64% | val_loss=0.6046 val_acc=71.90% | lr=3.000000e-06
Saved new best model to /tmp/bow_mlp_imdb_a_81j6en.pt
Epoch 9/301 | train_loss=0.5958 train_acc=73.37% | val_loss=0.5926 val_acc=73.04% | lr=3.000000e-06
Saved new best model to /tmp/bow_mlp_imdb_a_81j6en.pt
Epoch 10/301 | train_loss=0.5830 train_acc=74.63% | val_loss=0.5813 val_acc=73.86% | lr=3.000000e-06
Saved new best model to /tmp/bow_mlp_imdb_a_81j6en.pt
Epoch 11/301 | train_loss=0.5709 train_acc=75.83% | val_loss=0.5707 val_acc=74.90% | lr=3.000000e-06
Saved new best model to /tmp/bow_mlp_imdb_a_81j6en.pt
Epoch 12/301 | train_loss=0.5596 train_acc=76.84% | val_loss=0.5608 val_acc=75.42% | lr=3.000000e-06
Saved new best model to /tmp/bow_mlp_imdb_a_81j6en.pt
Epoch 13/301 | train_loss=0.5491 train_acc=77.69% | val_loss=0.5516 val_acc=76.40% | lr=3.000000e-06
Saved new best model to /tmp/bow_mlp_imdb_a_81j6en.pt
Epoch 14/301 | train_loss=0.5394 train_acc=78.41% | val_loss=0.5433 val_acc=77.08% | lr=3.000000e-06
Saved new best model to /tmp/bow_mlp_imdb_a_81j6en.pt
Epoch 15/301 | train_loss=0.5303 train_acc=79.03% | val_loss=0.5356 val_acc=77.54% | lr=3.000000e-06
Saved new best model to /tmp/bow_mlp_imdb_a_81j6en.pt
Epoch 16/301 | train_loss=0.5217 train_acc=79.61% | val_loss=0.5280 val_acc=78.20% | lr=3.000000e-06
Saved new best model to /tmp/bow_mlp_imdb_a_81j6en.pt
Epoch 17/301 | train_loss=0.5135 train_acc=80.23% | val_loss=0.5209 val_acc=78.72% | lr=3.000000e-06
Saved new best model to /tmp/bow_mlp_imdb_a_81j6en.pt
Epoch 18/301 | train_loss=0.5057 train_acc=80.69% | val_loss=0.5142 val_acc=79.32% | lr=3.000000e-06
Saved new best model to /tmp/bow_mlp_imdb_a_81j6en.pt
Epoch 19/301 | train_loss=0.4983 train_acc=81.12% | val_loss=0.5078 val_acc=79.60% | lr=3.000000e-06
Saved new best model to /tmp/bow_mlp_imdb_a_81j6en.pt
Epoch 20/301 | train_loss=0.4912 train_acc=81.53% | val_loss=0.5018 val_acc=79.96% | lr=3.000000e-06
Saved new best model to /tmp/bow_mlp_imdb_a_81j6en.pt
Epoch 21/301 | train_loss=0.4843 train_acc=81.98% | val_loss=0.4958 val_acc=80.30% | lr=3.000000e-06
Saved new best model to /tmp/bow_mlp_imdb_a_81j6en.pt
Epoch 22/301 | train_loss=0.4777 train_acc=82.40% | val_loss=0.4901 val_acc=80.84% | lr=3.000000e-06
Saved new best model to /tmp/bow_mlp_imdb_a_81j6en.pt
Epoch 23/301 | train_loss=0.4714 train_acc=82.75% | val_loss=0.4848 val_acc=81.10% | lr=3.000000e-06
Saved new best model to /tmp/bow_mlp_imdb_a_81j6en.pt
Epoch 24/301 | train_loss=0.4653 train_acc=82.97% | val_loss=0.4797 val_acc=81.44% | lr=3.000000e-06
Saved new best model to /tmp/bow_mlp_imdb_a_81j6en.pt
Epoch 25/301 | train_loss=0.4593 train_acc=83.34% | val_loss=0.4748 val_acc=81.44% | lr=3.000000e-06
Epoch 26/301 | train_loss=0.4536 train_acc=83.71% | val_loss=0.4700 val_acc=81.66% | lr=3.000000e-06
Saved new best model to /tmp/bow_mlp_imdb_a_81j6en.pt
Epoch 27/301 | train_loss=0.4480 train_acc=83.93% | val_loss=0.4653 val_acc=82.10% | lr=3.000000e-06
Saved new best model to /tmp/bow_mlp_imdb_a_81j6en.pt
Epoch 28/301 | train_loss=0.4426 train_acc=84.20% | val_loss=0.4608 val_acc=82.26% | lr=3.000000e-06
Saved new best model to /tmp/bow_mlp_imdb_a_81j6en.pt
Epoch 29/301 | train_loss=0.4374 train_acc=84.43% | val_loss=0.4566 val_acc=82.50% | lr=3.000000e-06
Saved new best model to /tmp/bow_mlp_imdb_a_81j6en.pt
Epoch 30/301 | train_loss=0.4322 train_acc=84.60% | val_loss=0.4524 val_acc=82.76% | lr=3.000000e-06
Saved new best model to /tmp/bow_mlp_imdb_a_81j6en.pt
Epoch 31/301 | train_loss=0.4272 train_acc=84.91% | val_loss=0.4484 val_acc=82.88% | lr=3.000000e-06
Saved new best model to /tmp/bow_mlp_imdb_a_81j6en.pt
Epoch 32/301 | train_loss=0.4224 train_acc=85.08% | val_loss=0.4447 val_acc=82.92% | lr=3.000000e-06
Saved new best model to /tmp/bow_mlp_imdb_a_81j6en.pt
Epoch 33/301 | train_loss=0.4177 train_acc=85.34% | val_loss=0.4408 val_acc=83.08% | lr=3.000000e-06
Saved new best model to /tmp/bow_mlp_imdb_a_81j6en.pt
Epoch 34/301 | train_loss=0.4131 train_acc=85.61% | val_loss=0.4373 val_acc=83.32% | lr=3.000000e-06
Saved new best model to /tmp/bow_mlp_imdb_a_81j6en.pt
Epoch 35/301 | train_loss=0.4086 train_acc=85.80% | val_loss=0.4338 val_acc=83.44% | lr=3.000000e-06
Saved new best model to /tmp/bow_mlp_imdb_a_81j6en.pt
Epoch 36/301 | train_loss=0.4042 train_acc=86.00% | val_loss=0.4303 val_acc=83.52% | lr=3.000000e-06
Saved new best model to /tmp/bow_mlp_imdb_a_81j6en.pt
Epoch 37/301 | train_loss=0.3999 train_acc=86.23% | val_loss=0.4269 val_acc=83.70% | lr=3.000000e-06
Saved new best model to /tmp/bow_mlp_imdb_a_81j6en.pt
Epoch 38/301 | train_loss=0.3957 train_acc=86.36% | val_loss=0.4237 val_acc=83.82% | lr=3.000000e-06
Saved new best model to /tmp/bow_mlp_imdb_a_81j6en.pt
Epoch 39/301 | train_loss=0.3916 train_acc=86.50% | val_loss=0.4206 val_acc=83.92% | lr=3.000000e-06
Saved new best model to /tmp/bow_mlp_imdb_a_81j6en.pt
Epoch 40/301 | train_loss=0.3876 train_acc=86.67% | val_loss=0.4176 val_acc=84.00% | lr=3.000000e-06
Saved new best model to /tmp/bow_mlp_imdb_a_81j6en.pt
Epoch 41/301 | train_loss=0.3836 train_acc=86.88% | val_loss=0.4148 val_acc=84.08% | lr=3.000000e-06
Saved new best model to /tmp/bow_mlp_imdb_a_81j6en.pt
Epoch 42/301 | train_loss=0.3797 train_acc=87.06% | val_loss=0.4117 val_acc=84.36% | lr=3.000000e-06
Saved new best model to /tmp/bow_mlp_imdb_a_81j6en.pt
Epoch 43/301 | train_loss=0.3760 train_acc=87.24% | val_loss=0.4089 val_acc=84.38% | lr=3.000000e-06
Saved new best model to /tmp/bow_mlp_imdb_a_81j6en.pt
Epoch 44/301 | train_loss=0.3723 train_acc=87.31% | val_loss=0.4063 val_acc=84.30% | lr=3.000000e-06
Epoch 45/301 | train_loss=0.3686 train_acc=87.50% | val_loss=0.4037 val_acc=84.40% | lr=3.000000e-06
Saved new best model to /tmp/bow_mlp_imdb_a_81j6en.pt
Epoch 46/301 | train_loss=0.3650 train_acc=87.68% | val_loss=0.4012 val_acc=84.40% | lr=3.000000e-06
Epoch 47/301 | train_loss=0.3615 train_acc=87.77% | val_loss=0.3986 val_acc=84.52% | lr=3.000000e-06
Saved new best model to /tmp/bow_mlp_imdb_a_81j6en.pt
Epoch 48/301 | train_loss=0.3580 train_acc=87.94% | val_loss=0.3961 val_acc=84.64% | lr=3.000000e-06
Saved new best model to /tmp/bow_mlp_imdb_a_81j6en.pt
Epoch 49/301 | train_loss=0.3546 train_acc=88.15% | val_loss=0.3938 val_acc=84.74% | lr=3.000000e-06
Saved new best model to /tmp/bow_mlp_imdb_a_81j6en.pt
Epoch 50/301 | train_loss=0.3512 train_acc=88.23% | val_loss=0.3914 val_acc=84.92% | lr=3.000000e-06
Saved new best model to /tmp/bow_mlp_imdb_a_81j6en.pt
Epoch 51/301 | train_loss=0.3479 train_acc=88.34% | val_loss=0.3893 val_acc=84.88% | lr=3.000000e-06
Epoch 52/301 | train_loss=0.3447 train_acc=88.43% | val_loss=0.3869 val_acc=85.04% | lr=3.000000e-06
Saved new best model to /tmp/bow_mlp_imdb_a_81j6en.pt
Epoch 53/301 | train_loss=0.3415 train_acc=88.61% | val_loss=0.3849 val_acc=85.10% | lr=3.000000e-06
Saved new best model to /tmp/bow_mlp_imdb_a_81j6en.pt
Epoch 54/301 | train_loss=0.3384 train_acc=88.70% | val_loss=0.3828 val_acc=85.12% | lr=3.000000e-06
Saved new best model to /tmp/bow_mlp_imdb_a_81j6en.pt
Epoch 55/301 | train_loss=0.3353 train_acc=88.80% | val_loss=0.3808 val_acc=85.18% | lr=3.000000e-06
Saved new best model to /tmp/bow_mlp_imdb_a_81j6en.pt
Epoch 56/301 | train_loss=0.3322 train_acc=88.96% | val_loss=0.3788 val_acc=85.24% | lr=3.000000e-06
Saved new best model to /tmp/bow_mlp_imdb_a_81j6en.pt
Epoch 57/301 | train_loss=0.3292 train_acc=89.09% | val_loss=0.3766 val_acc=85.08% | lr=3.000000e-06
Epoch 58/301 | train_loss=0.3263 train_acc=89.21% | val_loss=0.3748 val_acc=85.34% | lr=3.000000e-06
Saved new best model to /tmp/bow_mlp_imdb_a_81j6en.pt
Epoch 59/301 | train_loss=0.3234 train_acc=89.37% | val_loss=0.3731 val_acc=85.54% | lr=3.000000e-06
Saved new best model to /tmp/bow_mlp_imdb_a_81j6en.pt
Epoch 60/301 | train_loss=0.3206 train_acc=89.50% | val_loss=0.3712 val_acc=85.46% | lr=3.000000e-06
Epoch 61/301 | train_loss=0.3178 train_acc=89.59% | val_loss=0.3695 val_acc=85.52% | lr=3.000000e-06
Epoch 62/301 | train_loss=0.3150 train_acc=89.70% | val_loss=0.3676 val_acc=85.52% | lr=3.000000e-06
Epoch 63/301 | train_loss=0.3122 train_acc=89.83% | val_loss=0.3661 val_acc=85.64% | lr=3.000000e-06
Saved new best model to /tmp/bow_mlp_imdb_a_81j6en.pt
Epoch 64/301 | train_loss=0.3095 train_acc=89.89% | val_loss=0.3643 val_acc=85.38% | lr=3.000000e-06
Epoch 65/301 | train_loss=0.3069 train_acc=89.97% | val_loss=0.3628 val_acc=85.58% | lr=3.000000e-06
Epoch 66/301 | train_loss=0.3043 train_acc=90.00% | val_loss=0.3612 val_acc=85.52% | lr=3.000000e-06
Epoch 67/301 | train_loss=0.3017 train_acc=90.11% | val_loss=0.3597 val_acc=85.56% | lr=3.000000e-06
Epoch 68/301 | train_loss=0.2992 train_acc=90.25% | val_loss=0.3583 val_acc=85.56% | lr=3.000000e-06
Epoch 69/301 | train_loss=0.2966 train_acc=90.37% | val_loss=0.3568 val_acc=85.54% | lr=3.000000e-06
Epoch 70/301 | train_loss=0.2942 train_acc=90.44% | val_loss=0.3553 val_acc=85.64% | lr=3.000000e-06
Epoch 71/301 | train_loss=0.2917 train_acc=90.50% | val_loss=0.3541 val_acc=85.68% | lr=3.000000e-06
Saved new best model to /tmp/bow_mlp_imdb_a_81j6en.pt
Epoch 72/301 | train_loss=0.2893 train_acc=90.64% | val_loss=0.3529 val_acc=85.78% | lr=3.000000e-06
Saved new best model to /tmp/bow_mlp_imdb_a_81j6en.pt
Epoch 73/301 | train_loss=0.2869 train_acc=90.72% | val_loss=0.3515 val_acc=85.76% | lr=3.000000e-06
Epoch 74/301 | train_loss=0.2846 train_acc=90.81% | val_loss=0.3504 val_acc=85.90% | lr=3.000000e-06
Saved new best model to /tmp/bow_mlp_imdb_a_81j6en.pt
Epoch 75/301 | train_loss=0.2822 train_acc=90.86% | val_loss=0.3490 val_acc=85.94% | lr=3.000000e-06
Saved new best model to /tmp/bow_mlp_imdb_a_81j6en.pt
Epoch 76/301 | train_loss=0.2800 train_acc=90.96% | val_loss=0.3478 val_acc=85.94% | lr=3.000000e-06
Epoch 77/301 | train_loss=0.2777 train_acc=91.05% | val_loss=0.3468 val_acc=86.04% | lr=3.000000e-06
Saved new best model to /tmp/bow_mlp_imdb_a_81j6en.pt
Epoch 78/301 | train_loss=0.2754 train_acc=91.11% | val_loss=0.3455 val_acc=86.06% | lr=3.000000e-06
Saved new best model to /tmp/bow_mlp_imdb_a_81j6en.pt
Epoch 79/301 | train_loss=0.2732 train_acc=91.16% | val_loss=0.3443 val_acc=86.00% | lr=3.000000e-06
Epoch 80/301 | train_loss=0.2710 train_acc=91.27% | val_loss=0.3436 val_acc=86.04% | lr=3.000000e-06
Epoch 81/301 | train_loss=0.2689 train_acc=91.40% | val_loss=0.3424 val_acc=86.06% | lr=3.000000e-06
Epoch 82/301 | train_loss=0.2668 train_acc=91.44% | val_loss=0.3413 val_acc=85.98% | lr=3.000000e-06
Epoch 83/301 | train_loss=0.2647 train_acc=91.52% | val_loss=0.3403 val_acc=86.06% | lr=3.000000e-06
Epoch 84/301 | train_loss=0.2625 train_acc=91.61% | val_loss=0.3393 val_acc=86.04% | lr=3.000000e-06
Epoch 85/301 | train_loss=0.2605 train_acc=91.69% | val_loss=0.3384 val_acc=86.12% | lr=3.000000e-06
Saved new best model to /tmp/bow_mlp_imdb_a_81j6en.pt
Epoch 86/301 | train_loss=0.2584 train_acc=91.75% | val_loss=0.3374 val_acc=86.18% | lr=3.000000e-06
Saved new best model to /tmp/bow_mlp_imdb_a_81j6en.pt
Epoch 87/301 | train_loss=0.2564 train_acc=91.83% | val_loss=0.3366 val_acc=86.20% | lr=3.000000e-06
Saved new best model to /tmp/bow_mlp_imdb_a_81j6en.pt
Epoch 88/301 | train_loss=0.2544 train_acc=91.81% | val_loss=0.3356 val_acc=86.30% | lr=3.000000e-06
Saved new best model to /tmp/bow_mlp_imdb_a_81j6en.pt
Epoch 89/301 | train_loss=0.2524 train_acc=91.89% | val_loss=0.3347 val_acc=86.28% | lr=3.000000e-06
Epoch 90/301 | train_loss=0.2505 train_acc=91.92% | val_loss=0.3341 val_acc=86.32% | lr=3.000000e-06
Saved new best model to /tmp/bow_mlp_imdb_a_81j6en.pt
Epoch 91/301 | train_loss=0.2485 train_acc=92.05% | val_loss=0.3334 val_acc=86.38% | lr=3.000000e-06
Saved new best model to /tmp/bow_mlp_imdb_a_81j6en.pt
Epoch 92/301 | train_loss=0.2466 train_acc=92.12% | val_loss=0.3324 val_acc=86.40% | lr=3.000000e-06
Saved new best model to /tmp/bow_mlp_imdb_a_81j6en.pt
Epoch 93/301 | train_loss=0.2447 train_acc=92.17% | val_loss=0.3316 val_acc=86.34% | lr=3.000000e-06
Epoch 94/301 | train_loss=0.2428 train_acc=92.22% | val_loss=0.3309 val_acc=86.42% | lr=3.000000e-06
Saved new best model to /tmp/bow_mlp_imdb_a_81j6en.pt
Epoch 95/301 | train_loss=0.2410 train_acc=92.33% | val_loss=0.3302 val_acc=86.40% | lr=3.000000e-06
Epoch 96/301 | train_loss=0.2391 train_acc=92.41% | val_loss=0.3296 val_acc=86.38% | lr=3.000000e-06
Epoch 97/301 | train_loss=0.2373 train_acc=92.50% | val_loss=0.3289 val_acc=86.42% | lr=3.000000e-06
Epoch 98/301 | train_loss=0.2355 train_acc=92.58% | val_loss=0.3282 val_acc=86.40% | lr=3.000000e-06
Epoch 99/301 | train_loss=0.2337 train_acc=92.64% | val_loss=0.3278 val_acc=86.38% | lr=3.000000e-06
Epoch 100/301 | train_loss=0.2319 train_acc=92.70% | val_loss=0.3274 val_acc=86.50% | lr=3.000000e-06
Saved new best model to /tmp/bow_mlp_imdb_a_81j6en.pt
Epoch 101/301 | train_loss=0.2302 train_acc=92.81% | val_loss=0.3264 val_acc=86.36% | lr=3.000000e-06
Epoch 102/301 | train_loss=0.2285 train_acc=92.84% | val_loss=0.3261 val_acc=86.42% | lr=3.000000e-06
Epoch 103/301 | train_loss=0.2268 train_acc=92.97% | val_loss=0.3255 val_acc=86.42% | lr=3.000000e-06
Epoch 104/301 | train_loss=0.2251 train_acc=93.02% | val_loss=0.3251 val_acc=86.52% | lr=3.000000e-06
Saved new best model to /tmp/bow_mlp_imdb_a_81j6en.pt
Epoch 105/301 | train_loss=0.2234 train_acc=93.09% | val_loss=0.3243 val_acc=86.38% | lr=3.000000e-06
Epoch 106/301 | train_loss=0.2217 train_acc=93.15% | val_loss=0.3240 val_acc=86.48% | lr=3.000000e-06
Epoch 107/301 | train_loss=0.2200 train_acc=93.17% | val_loss=0.3235 val_acc=86.46% | lr=3.000000e-06
Epoch 108/301 | train_loss=0.2184 train_acc=93.27% | val_loss=0.3232 val_acc=86.52% | lr=3.000000e-06
Epoch 109/301 | train_loss=0.2168 train_acc=93.30% | val_loss=0.3227 val_acc=86.52% | lr=3.000000e-06
Epoch 110/301 | train_loss=0.2152 train_acc=93.38% | val_loss=0.3222 val_acc=86.58% | lr=3.000000e-06
Saved new best model to /tmp/bow_mlp_imdb_a_81j6en.pt
Epoch 111/301 | train_loss=0.2136 train_acc=93.44% | val_loss=0.3220 val_acc=86.58% | lr=3.000000e-06
Epoch 112/301 | train_loss=0.2121 train_acc=93.49% | val_loss=0.3213 val_acc=86.48% | lr=3.000000e-06
Epoch 113/301 | train_loss=0.2105 train_acc=93.53% | val_loss=0.3210 val_acc=86.52% | lr=3.000000e-06
Epoch 114/301 | train_loss=0.2090 train_acc=93.58% | val_loss=0.3208 val_acc=86.54% | lr=3.000000e-06
Epoch 115/301 | train_loss=0.2074 train_acc=93.64% | val_loss=0.3207 val_acc=86.52% | lr=3.000000e-06
Epoch 116/301 | train_loss=0.2059 train_acc=93.68% | val_loss=0.3200 val_acc=86.62% | lr=3.000000e-06
Saved new best model to /tmp/bow_mlp_imdb_a_81j6en.pt
Epoch 117/301 | train_loss=0.2045 train_acc=93.70% | val_loss=0.3198 val_acc=86.64% | lr=3.000000e-06
Saved new best model to /tmp/bow_mlp_imdb_a_81j6en.pt
Epoch 118/301 | train_loss=0.2030 train_acc=93.75% | val_loss=0.3194 val_acc=86.60% | lr=3.000000e-06
Epoch 119/301 | train_loss=0.2015 train_acc=93.84% | val_loss=0.3192 val_acc=86.62% | lr=3.000000e-06
Epoch 120/301 | train_loss=0.2000 train_acc=93.86% | val_loss=0.3191 val_acc=86.62% | lr=3.000000e-06
Epoch 121/301 | train_loss=0.1986 train_acc=93.88% | val_loss=0.3186 val_acc=86.66% | lr=3.000000e-06
Saved new best model to /tmp/bow_mlp_imdb_a_81j6en.pt
Epoch 122/301 | train_loss=0.1972 train_acc=93.94% | val_loss=0.3186 val_acc=86.66% | lr=3.000000e-06
Epoch 123/301 | train_loss=0.1957 train_acc=93.97% | val_loss=0.3181 val_acc=86.64% | lr=3.000000e-06
Epoch 124/301 | train_loss=0.1943 train_acc=94.03% | val_loss=0.3180 val_acc=86.66% | lr=3.000000e-06
Epoch 125/301 | train_loss=0.1929 train_acc=94.09% | val_loss=0.3180 val_acc=86.66% | lr=3.000000e-06
Epoch 126/301 | train_loss=0.1915 train_acc=94.14% | val_loss=0.3176 val_acc=86.68% | lr=3.000000e-06
Saved new best model to /tmp/bow_mlp_imdb_a_81j6en.pt
Epoch 127/301 | train_loss=0.1902 train_acc=94.16% | val_loss=0.3173 val_acc=86.76% | lr=3.000000e-06
Saved new best model to /tmp/bow_mlp_imdb_a_81j6en.pt
Epoch 128/301 | train_loss=0.1888 train_acc=94.24% | val_loss=0.3174 val_acc=86.66% | lr=3.000000e-06
Epoch 129/301 | train_loss=0.1875 train_acc=94.33% | val_loss=0.3172 val_acc=86.68% | lr=3.000000e-06
Epoch 130/301 | train_loss=0.1861 train_acc=94.39% | val_loss=0.3171 val_acc=86.70% | lr=3.000000e-06
Epoch 131/301 | train_loss=0.1848 train_acc=94.42% | val_loss=0.3169 val_acc=86.84% | lr=3.000000e-06
Saved new best model to /tmp/bow_mlp_imdb_a_81j6en.pt
Epoch 132/301 | train_loss=0.1835 train_acc=94.49% | val_loss=0.3167 val_acc=86.84% | lr=3.000000e-06
Epoch 133/301 | train_loss=0.1822 train_acc=94.51% | val_loss=0.3167 val_acc=86.74% | lr=3.000000e-06
Epoch 134/301 | train_loss=0.1809 train_acc=94.62% | val_loss=0.3167 val_acc=86.76% | lr=3.000000e-06
Epoch 135/301 | train_loss=0.1796 train_acc=94.66% | val_loss=0.3166 val_acc=86.82% | lr=3.000000e-06
Epoch 136/301 | train_loss=0.1783 train_acc=94.72% | val_loss=0.3164 val_acc=86.84% | lr=3.000000e-06
Epoch 137/301 | train_loss=0.1771 train_acc=94.76% | val_loss=0.3164 val_acc=86.82% | lr=3.000000e-06
Epoch 138/301 | train_loss=0.1759 train_acc=94.77% | val_loss=0.3163 val_acc=86.82% | lr=3.000000e-06
Epoch 139/301 | train_loss=0.1746 train_acc=94.84% | val_loss=0.3163 val_acc=86.76% | lr=3.000000e-06
Epoch 140/301 | train_loss=0.1734 train_acc=94.88% | val_loss=0.3163 val_acc=86.82% | lr=3.000000e-06
Epoch 141/301 | train_loss=0.1722 train_acc=94.92% | val_loss=0.3165 val_acc=86.66% | lr=3.000000e-06
Epoch 142/301 | train_loss=0.1710 train_acc=94.98% | val_loss=0.3163 val_acc=86.74% | lr=3.000000e-06
Epoch 143/301 | train_loss=0.1698 train_acc=95.06% | val_loss=0.3164 val_acc=86.74% | lr=3.000000e-06
Epoch 144/301 | train_loss=0.1686 train_acc=95.14% | val_loss=0.3165 val_acc=86.64% | lr=3.000000e-06
Epoch 145/301 | train_loss=0.1674 train_acc=95.14% | val_loss=0.3164 val_acc=86.74% | lr=3.000000e-06
Epoch 146/301 | train_loss=0.1662 train_acc=95.27% | val_loss=0.3166 val_acc=86.64% | lr=3.000000e-06
Validation loss has not improved for 8 epochs. Stopping training.
Test loss=0.3215 | Test accuracy=86.58%
