Loading IMDb dataset from local disk: /home/daniel/l/masteruppsats/np-reg/language/data/imdb_hf
Using device: cuda
BoW vocab size: 3125
Epoch 1/301 | train_loss=0.6723 train_acc=61.12% | val_loss=0.6408 val_acc=75.82% | lr=3.000000e-05
Saved new best model to /tmp/bow_mlp_imdb_yw5cpv9w.pt
Epoch 2/301 | train_loss=0.6088 train_acc=74.52% | val_loss=0.5719 val_acc=79.68% | lr=3.000000e-05
Saved new best model to /tmp/bow_mlp_imdb_yw5cpv9w.pt
Epoch 3/301 | train_loss=0.5488 train_acc=78.70% | val_loss=0.5129 val_acc=82.78% | lr=3.000000e-05
Saved new best model to /tmp/bow_mlp_imdb_yw5cpv9w.pt
Epoch 4/301 | train_loss=0.4973 train_acc=81.48% | val_loss=0.4686 val_acc=83.84% | lr=3.000000e-05
Saved new best model to /tmp/bow_mlp_imdb_yw5cpv9w.pt
Epoch 5/301 | train_loss=0.4586 train_acc=82.97% | val_loss=0.4379 val_acc=84.70% | lr=3.000000e-05
Saved new best model to /tmp/bow_mlp_imdb_yw5cpv9w.pt
Epoch 6/301 | train_loss=0.4309 train_acc=84.22% | val_loss=0.4147 val_acc=85.12% | lr=3.000000e-05
Saved new best model to /tmp/bow_mlp_imdb_yw5cpv9w.pt
Epoch 7/301 | train_loss=0.4087 train_acc=85.08% | val_loss=0.3977 val_acc=85.54% | lr=3.000000e-05
Saved new best model to /tmp/bow_mlp_imdb_yw5cpv9w.pt
Epoch 8/301 | train_loss=0.3915 train_acc=85.53% | val_loss=0.3836 val_acc=85.78% | lr=3.000000e-05
Saved new best model to /tmp/bow_mlp_imdb_yw5cpv9w.pt
Epoch 9/301 | train_loss=0.3776 train_acc=85.92% | val_loss=0.3723 val_acc=85.84% | lr=3.000000e-05
Saved new best model to /tmp/bow_mlp_imdb_yw5cpv9w.pt
Epoch 10/301 | train_loss=0.3641 train_acc=86.66% | val_loss=0.3635 val_acc=86.24% | lr=3.000000e-05
Saved new best model to /tmp/bow_mlp_imdb_yw5cpv9w.pt
Epoch 11/301 | train_loss=0.3519 train_acc=87.20% | val_loss=0.3546 val_acc=86.36% | lr=3.000000e-05
Saved new best model to /tmp/bow_mlp_imdb_yw5cpv9w.pt
Epoch 12/301 | train_loss=0.3426 train_acc=87.41% | val_loss=0.3482 val_acc=86.38% | lr=3.000000e-05
Saved new best model to /tmp/bow_mlp_imdb_yw5cpv9w.pt
Epoch 13/301 | train_loss=0.3332 train_acc=87.69% | val_loss=0.3427 val_acc=86.54% | lr=3.000000e-05
Saved new best model to /tmp/bow_mlp_imdb_yw5cpv9w.pt
Epoch 14/301 | train_loss=0.3255 train_acc=87.94% | val_loss=0.3393 val_acc=86.62% | lr=3.000000e-05
Saved new best model to /tmp/bow_mlp_imdb_yw5cpv9w.pt
Epoch 15/301 | train_loss=0.3139 train_acc=88.29% | val_loss=0.3331 val_acc=86.64% | lr=3.000000e-05
Saved new best model to /tmp/bow_mlp_imdb_yw5cpv9w.pt
Epoch 16/301 | train_loss=0.3111 train_acc=88.28% | val_loss=0.3305 val_acc=86.66% | lr=3.000000e-05
Saved new best model to /tmp/bow_mlp_imdb_yw5cpv9w.pt
Epoch 17/301 | train_loss=0.3051 train_acc=88.55% | val_loss=0.3273 val_acc=86.82% | lr=3.000000e-05
Saved new best model to /tmp/bow_mlp_imdb_yw5cpv9w.pt
Epoch 18/301 | train_loss=0.2975 train_acc=88.78% | val_loss=0.3245 val_acc=86.86% | lr=3.000000e-05
Saved new best model to /tmp/bow_mlp_imdb_yw5cpv9w.pt
Epoch 19/301 | train_loss=0.2936 train_acc=88.98% | val_loss=0.3234 val_acc=86.92% | lr=3.000000e-05
Saved new best model to /tmp/bow_mlp_imdb_yw5cpv9w.pt
Epoch 20/301 | train_loss=0.2900 train_acc=88.97% | val_loss=0.3220 val_acc=86.88% | lr=3.000000e-05
Epoch 21/301 | train_loss=0.2840 train_acc=89.44% | val_loss=0.3194 val_acc=86.86% | lr=3.000000e-05
Epoch 22/301 | train_loss=0.2810 train_acc=89.52% | val_loss=0.3182 val_acc=87.04% | lr=3.000000e-05
Saved new best model to /tmp/bow_mlp_imdb_yw5cpv9w.pt
Epoch 23/301 | train_loss=0.2749 train_acc=89.78% | val_loss=0.3172 val_acc=86.98% | lr=3.000000e-05
Epoch 24/301 | train_loss=0.2706 train_acc=89.84% | val_loss=0.3164 val_acc=86.98% | lr=3.000000e-05
Epoch 25/301 | train_loss=0.2680 train_acc=89.88% | val_loss=0.3157 val_acc=86.92% | lr=3.000000e-05
Epoch 26/301 | train_loss=0.2650 train_acc=89.96% | val_loss=0.3149 val_acc=87.00% | lr=3.000000e-05
Epoch 27/301 | train_loss=0.2606 train_acc=89.92% | val_loss=0.3148 val_acc=87.02% | lr=3.000000e-05
Epoch 28/301 | train_loss=0.2587 train_acc=90.03% | val_loss=0.3153 val_acc=87.16% | lr=3.000000e-05
Saved new best model to /tmp/bow_mlp_imdb_yw5cpv9w.pt
Epoch 29/301 | train_loss=0.2542 train_acc=90.27% | val_loss=0.3143 val_acc=86.96% | lr=3.000000e-05
Epoch 30/301 | train_loss=0.2547 train_acc=90.23% | val_loss=0.3146 val_acc=87.12% | lr=3.000000e-05
Epoch 31/301 | train_loss=0.2506 train_acc=90.35% | val_loss=0.3141 val_acc=87.00% | lr=3.000000e-05
Epoch 32/301 | train_loss=0.2472 train_acc=90.73% | val_loss=0.3154 val_acc=86.92% | lr=3.000000e-05
Epoch 33/301 | train_loss=0.2442 train_acc=90.83% | val_loss=0.3149 val_acc=87.00% | lr=3.000000e-05
Epoch 34/301 | train_loss=0.2408 train_acc=90.61% | val_loss=0.3150 val_acc=87.06% | lr=3.000000e-05
Epoch 35/301 | train_loss=0.2385 train_acc=90.82% | val_loss=0.3145 val_acc=86.90% | lr=3.000000e-05
Epoch 36/301 | train_loss=0.2380 train_acc=90.94% | val_loss=0.3159 val_acc=87.02% | lr=3.000000e-05
Epoch 37/301 | train_loss=0.2339 train_acc=90.97% | val_loss=0.3162 val_acc=87.00% | lr=3.000000e-05
Epoch 38/301 | train_loss=0.2317 train_acc=91.24% | val_loss=0.3175 val_acc=87.00% | lr=3.000000e-05
Epoch 39/301 | train_loss=0.2288 train_acc=91.22% | val_loss=0.3172 val_acc=86.94% | lr=3.000000e-05
Validation loss has not improved for 8 epochs. Stopping training.
Test loss=0.3172 | Test accuracy=86.94%
