Loading IMDb dataset from local disk: /home/daniel/l/masteruppsats/np-reg/language/data/imdb_hf
Using device: cuda
BoW vocab size: 3125
Epoch 1/301 | train_loss=70.2725 train_acc=49.41% | val_loss=0.7703 val_acc=49.80% | lr=3.000000e-05
Saved new best model to /tmp/bow_mlp_imdb_rt8bt2bf.pt
Epoch 2/301 | train_loss=38.0919 train_acc=50.06% | val_loss=0.7082 val_acc=50.00% | lr=3.000000e-05
Saved new best model to /tmp/bow_mlp_imdb_rt8bt2bf.pt
Epoch 3/301 | train_loss=19.7657 train_acc=48.73% | val_loss=0.6969 val_acc=49.26% | lr=3.000000e-05
Epoch 4/301 | train_loss=9.9372 train_acc=49.67% | val_loss=0.6936 val_acc=51.24% | lr=3.000000e-05
Saved new best model to /tmp/bow_mlp_imdb_rt8bt2bf.pt
Epoch 5/301 | train_loss=5.1982 train_acc=52.15% | val_loss=0.6889 val_acc=54.24% | lr=3.000000e-05
Saved new best model to /tmp/bow_mlp_imdb_rt8bt2bf.pt
Epoch 6/301 | train_loss=3.2103 train_acc=54.95% | val_loss=0.6828 val_acc=58.22% | lr=3.000000e-05
Saved new best model to /tmp/bow_mlp_imdb_rt8bt2bf.pt
Epoch 7/301 | train_loss=2.5111 train_acc=59.01% | val_loss=0.6756 val_acc=62.48% | lr=3.000000e-05
Saved new best model to /tmp/bow_mlp_imdb_rt8bt2bf.pt
Epoch 8/301 | train_loss=2.2965 train_acc=63.39% | val_loss=0.6668 val_acc=66.56% | lr=3.000000e-05
Saved new best model to /tmp/bow_mlp_imdb_rt8bt2bf.pt
Epoch 9/301 | train_loss=2.2189 train_acc=67.64% | val_loss=0.6565 val_acc=69.90% | lr=3.000000e-05
Saved new best model to /tmp/bow_mlp_imdb_rt8bt2bf.pt
Epoch 10/301 | train_loss=2.1674 train_acc=71.33% | val_loss=0.6458 val_acc=71.78% | lr=3.000000e-05
Saved new best model to /tmp/bow_mlp_imdb_rt8bt2bf.pt
Epoch 11/301 | train_loss=2.1182 train_acc=74.41% | val_loss=0.6341 val_acc=75.36% | lr=3.000000e-05
Saved new best model to /tmp/bow_mlp_imdb_rt8bt2bf.pt
Epoch 12/301 | train_loss=2.0664 train_acc=76.70% | val_loss=0.6222 val_acc=77.34% | lr=3.000000e-05
Saved new best model to /tmp/bow_mlp_imdb_rt8bt2bf.pt
Epoch 13/301 | train_loss=2.0121 train_acc=78.53% | val_loss=0.6093 val_acc=78.82% | lr=3.000000e-05
Saved new best model to /tmp/bow_mlp_imdb_rt8bt2bf.pt
Epoch 14/301 | train_loss=1.9555 train_acc=79.78% | val_loss=0.5968 val_acc=79.46% | lr=3.000000e-05
Saved new best model to /tmp/bow_mlp_imdb_rt8bt2bf.pt
Epoch 15/301 | train_loss=1.8980 train_acc=80.63% | val_loss=0.5835 val_acc=80.32% | lr=3.000000e-05
Saved new best model to /tmp/bow_mlp_imdb_rt8bt2bf.pt
Epoch 16/301 | train_loss=1.8394 train_acc=81.41% | val_loss=0.5701 val_acc=81.52% | lr=3.000000e-05
Saved new best model to /tmp/bow_mlp_imdb_rt8bt2bf.pt
Epoch 17/301 | train_loss=1.7809 train_acc=82.11% | val_loss=0.5571 val_acc=81.98% | lr=3.000000e-05
Saved new best model to /tmp/bow_mlp_imdb_rt8bt2bf.pt
Epoch 18/301 | train_loss=1.7230 train_acc=82.72% | val_loss=0.5442 val_acc=82.42% | lr=3.000000e-05
Saved new best model to /tmp/bow_mlp_imdb_rt8bt2bf.pt
Epoch 19/301 | train_loss=1.6657 train_acc=83.12% | val_loss=0.5318 val_acc=83.18% | lr=3.000000e-05
Saved new best model to /tmp/bow_mlp_imdb_rt8bt2bf.pt
Epoch 20/301 | train_loss=1.6104 train_acc=83.69% | val_loss=0.5194 val_acc=83.64% | lr=3.000000e-05
Saved new best model to /tmp/bow_mlp_imdb_rt8bt2bf.pt
Epoch 21/301 | train_loss=1.5566 train_acc=84.06% | val_loss=0.5075 val_acc=83.94% | lr=3.000000e-05
Saved new best model to /tmp/bow_mlp_imdb_rt8bt2bf.pt
Epoch 22/301 | train_loss=1.5055 train_acc=84.55% | val_loss=0.4959 val_acc=84.44% | lr=3.000000e-05
Saved new best model to /tmp/bow_mlp_imdb_rt8bt2bf.pt
Epoch 23/301 | train_loss=1.4565 train_acc=84.85% | val_loss=0.4851 val_acc=84.62% | lr=3.000000e-05
Saved new best model to /tmp/bow_mlp_imdb_rt8bt2bf.pt
Epoch 24/301 | train_loss=1.4114 train_acc=85.11% | val_loss=0.4749 val_acc=84.94% | lr=3.000000e-05
Saved new best model to /tmp/bow_mlp_imdb_rt8bt2bf.pt
Epoch 25/301 | train_loss=1.3682 train_acc=85.41% | val_loss=0.4647 val_acc=85.16% | lr=3.000000e-05
Saved new best model to /tmp/bow_mlp_imdb_rt8bt2bf.pt
Epoch 26/301 | train_loss=1.3283 train_acc=85.78% | val_loss=0.4556 val_acc=85.20% | lr=3.000000e-05
Saved new best model to /tmp/bow_mlp_imdb_rt8bt2bf.pt
Epoch 27/301 | train_loss=1.2914 train_acc=86.04% | val_loss=0.4467 val_acc=85.50% | lr=3.000000e-05
Saved new best model to /tmp/bow_mlp_imdb_rt8bt2bf.pt
Epoch 28/301 | train_loss=1.2566 train_acc=86.28% | val_loss=0.4385 val_acc=85.66% | lr=3.000000e-05
Saved new best model to /tmp/bow_mlp_imdb_rt8bt2bf.pt
Epoch 29/301 | train_loss=1.2246 train_acc=86.34% | val_loss=0.4307 val_acc=85.80% | lr=3.000000e-05
Saved new best model to /tmp/bow_mlp_imdb_rt8bt2bf.pt
Epoch 30/301 | train_loss=1.1945 train_acc=86.59% | val_loss=0.4239 val_acc=85.90% | lr=3.000000e-05
Saved new best model to /tmp/bow_mlp_imdb_rt8bt2bf.pt
Epoch 31/301 | train_loss=1.1670 train_acc=86.81% | val_loss=0.4166 val_acc=85.86% | lr=3.000000e-05
Epoch 32/301 | train_loss=1.1413 train_acc=86.92% | val_loss=0.4106 val_acc=86.00% | lr=3.000000e-05
Saved new best model to /tmp/bow_mlp_imdb_rt8bt2bf.pt
Epoch 33/301 | train_loss=1.1179 train_acc=87.03% | val_loss=0.4042 val_acc=85.84% | lr=3.000000e-05
Epoch 34/301 | train_loss=1.0957 train_acc=87.17% | val_loss=0.3986 val_acc=85.94% | lr=3.000000e-05
Epoch 35/301 | train_loss=1.0750 train_acc=87.16% | val_loss=0.3935 val_acc=86.16% | lr=3.000000e-05
Saved new best model to /tmp/bow_mlp_imdb_rt8bt2bf.pt
Epoch 36/301 | train_loss=1.0557 train_acc=87.35% | val_loss=0.3884 val_acc=86.06% | lr=3.000000e-05
Epoch 37/301 | train_loss=1.0377 train_acc=87.48% | val_loss=0.3838 val_acc=86.24% | lr=3.000000e-05
Saved new best model to /tmp/bow_mlp_imdb_rt8bt2bf.pt
Epoch 38/301 | train_loss=1.0202 train_acc=87.69% | val_loss=0.3797 val_acc=86.38% | lr=3.000000e-05
Saved new best model to /tmp/bow_mlp_imdb_rt8bt2bf.pt
Epoch 39/301 | train_loss=1.0040 train_acc=87.71% | val_loss=0.3754 val_acc=86.26% | lr=3.000000e-05
Epoch 40/301 | train_loss=0.9891 train_acc=87.85% | val_loss=0.3716 val_acc=86.22% | lr=3.000000e-05
Epoch 41/301 | train_loss=0.9747 train_acc=88.04% | val_loss=0.3688 val_acc=86.42% | lr=3.000000e-05
Saved new best model to /tmp/bow_mlp_imdb_rt8bt2bf.pt
Epoch 42/301 | train_loss=0.9613 train_acc=88.09% | val_loss=0.3648 val_acc=86.36% | lr=3.000000e-05
Epoch 43/301 | train_loss=0.9482 train_acc=88.13% | val_loss=0.3616 val_acc=86.38% | lr=3.000000e-05
Epoch 44/301 | train_loss=0.9362 train_acc=88.24% | val_loss=0.3586 val_acc=86.28% | lr=3.000000e-05
Epoch 45/301 | train_loss=0.9244 train_acc=88.36% | val_loss=0.3560 val_acc=86.28% | lr=3.000000e-05
Epoch 46/301 | train_loss=0.9130 train_acc=88.42% | val_loss=0.3532 val_acc=86.50% | lr=3.000000e-05
Saved new best model to /tmp/bow_mlp_imdb_rt8bt2bf.pt
Epoch 47/301 | train_loss=0.9023 train_acc=88.51% | val_loss=0.3509 val_acc=86.56% | lr=3.000000e-05
Saved new best model to /tmp/bow_mlp_imdb_rt8bt2bf.pt
Epoch 48/301 | train_loss=0.8918 train_acc=88.62% | val_loss=0.3484 val_acc=86.46% | lr=3.000000e-05
Epoch 49/301 | train_loss=0.8819 train_acc=88.62% | val_loss=0.3462 val_acc=86.50% | lr=3.000000e-05
Epoch 50/301 | train_loss=0.8724 train_acc=88.67% | val_loss=0.3442 val_acc=86.60% | lr=3.000000e-05
Saved new best model to /tmp/bow_mlp_imdb_rt8bt2bf.pt
Epoch 51/301 | train_loss=0.8633 train_acc=88.78% | val_loss=0.3422 val_acc=86.64% | lr=3.000000e-05
Saved new best model to /tmp/bow_mlp_imdb_rt8bt2bf.pt
Epoch 52/301 | train_loss=0.8545 train_acc=88.81% | val_loss=0.3403 val_acc=86.62% | lr=3.000000e-05
Epoch 53/301 | train_loss=0.8457 train_acc=88.92% | val_loss=0.3388 val_acc=86.82% | lr=3.000000e-05
Saved new best model to /tmp/bow_mlp_imdb_rt8bt2bf.pt
Epoch 54/301 | train_loss=0.8375 train_acc=89.03% | val_loss=0.3370 val_acc=86.78% | lr=3.000000e-05
Epoch 55/301 | train_loss=0.8296 train_acc=89.11% | val_loss=0.3358 val_acc=87.00% | lr=3.000000e-05
Saved new best model to /tmp/bow_mlp_imdb_rt8bt2bf.pt
Epoch 56/301 | train_loss=0.8218 train_acc=89.16% | val_loss=0.3345 val_acc=87.00% | lr=3.000000e-05
Epoch 57/301 | train_loss=0.8143 train_acc=89.14% | val_loss=0.3325 val_acc=86.80% | lr=3.000000e-05
Epoch 58/301 | train_loss=0.8069 train_acc=89.20% | val_loss=0.3313 val_acc=86.94% | lr=3.000000e-05
Epoch 59/301 | train_loss=0.7996 train_acc=89.28% | val_loss=0.3300 val_acc=86.90% | lr=3.000000e-05
Epoch 60/301 | train_loss=0.7930 train_acc=89.31% | val_loss=0.3297 val_acc=87.06% | lr=3.000000e-05
Saved new best model to /tmp/bow_mlp_imdb_rt8bt2bf.pt
Epoch 61/301 | train_loss=0.7865 train_acc=89.28% | val_loss=0.3277 val_acc=86.96% | lr=3.000000e-05
Epoch 62/301 | train_loss=0.7797 train_acc=89.37% | val_loss=0.3267 val_acc=86.84% | lr=3.000000e-05
Epoch 63/301 | train_loss=0.7731 train_acc=89.53% | val_loss=0.3257 val_acc=87.14% | lr=3.000000e-05
Saved new best model to /tmp/bow_mlp_imdb_rt8bt2bf.pt
Epoch 64/301 | train_loss=0.7672 train_acc=89.46% | val_loss=0.3247 val_acc=86.92% | lr=3.000000e-05
Epoch 65/301 | train_loss=0.7612 train_acc=89.53% | val_loss=0.3238 val_acc=87.08% | lr=3.000000e-05
Epoch 66/301 | train_loss=0.7551 train_acc=89.59% | val_loss=0.3230 val_acc=86.86% | lr=3.000000e-05
Epoch 67/301 | train_loss=0.7495 train_acc=89.68% | val_loss=0.3223 val_acc=86.92% | lr=3.000000e-05
Epoch 68/301 | train_loss=0.7438 train_acc=89.63% | val_loss=0.3214 val_acc=86.98% | lr=3.000000e-05
Epoch 69/301 | train_loss=0.7383 train_acc=89.71% | val_loss=0.3209 val_acc=87.00% | lr=3.000000e-05
Epoch 70/301 | train_loss=0.7331 train_acc=89.74% | val_loss=0.3201 val_acc=87.10% | lr=3.000000e-05
Epoch 71/301 | train_loss=0.7279 train_acc=89.77% | val_loss=0.3195 val_acc=87.08% | lr=3.000000e-05
Epoch 72/301 | train_loss=0.7227 train_acc=89.86% | val_loss=0.3191 val_acc=87.12% | lr=3.000000e-05
Epoch 73/301 | train_loss=0.7179 train_acc=89.90% | val_loss=0.3184 val_acc=87.14% | lr=3.000000e-05
Epoch 74/301 | train_loss=0.7132 train_acc=89.97% | val_loss=0.3182 val_acc=87.10% | lr=3.000000e-05
Epoch 75/301 | train_loss=0.7080 train_acc=90.06% | val_loss=0.3174 val_acc=87.14% | lr=3.000000e-05
Epoch 76/301 | train_loss=0.7035 train_acc=90.00% | val_loss=0.3170 val_acc=87.18% | lr=3.000000e-05
Saved new best model to /tmp/bow_mlp_imdb_rt8bt2bf.pt
Epoch 77/301 | train_loss=0.6990 train_acc=90.14% | val_loss=0.3166 val_acc=87.18% | lr=3.000000e-05
Epoch 78/301 | train_loss=0.6944 train_acc=90.06% | val_loss=0.3165 val_acc=87.08% | lr=3.000000e-05
Epoch 79/301 | train_loss=0.6898 train_acc=90.12% | val_loss=0.3160 val_acc=87.08% | lr=3.000000e-05
Epoch 80/301 | train_loss=0.6856 train_acc=90.12% | val_loss=0.3163 val_acc=87.24% | lr=3.000000e-05
Saved new best model to /tmp/bow_mlp_imdb_rt8bt2bf.pt
Epoch 81/301 | train_loss=0.6815 train_acc=90.20% | val_loss=0.3154 val_acc=87.24% | lr=3.000000e-05
Epoch 82/301 | train_loss=0.6771 train_acc=90.22% | val_loss=0.3149 val_acc=87.10% | lr=3.000000e-05
Epoch 83/301 | train_loss=0.6732 train_acc=90.25% | val_loss=0.3147 val_acc=87.04% | lr=3.000000e-05
Epoch 84/301 | train_loss=0.6692 train_acc=90.25% | val_loss=0.3148 val_acc=87.36% | lr=3.000000e-05
Saved new best model to /tmp/bow_mlp_imdb_rt8bt2bf.pt
Epoch 85/301 | train_loss=0.6654 train_acc=90.34% | val_loss=0.3142 val_acc=87.16% | lr=3.000000e-05
Epoch 86/301 | train_loss=0.6615 train_acc=90.32% | val_loss=0.3141 val_acc=87.04% | lr=3.000000e-05
Epoch 87/301 | train_loss=0.6575 train_acc=90.33% | val_loss=0.3140 val_acc=87.24% | lr=3.000000e-05
Epoch 88/301 | train_loss=0.6539 train_acc=90.42% | val_loss=0.3138 val_acc=87.26% | lr=3.000000e-05
Epoch 89/301 | train_loss=0.6502 train_acc=90.35% | val_loss=0.3137 val_acc=87.10% | lr=3.000000e-05
Epoch 90/301 | train_loss=0.6466 train_acc=90.42% | val_loss=0.3141 val_acc=87.20% | lr=3.000000e-05
Epoch 91/301 | train_loss=0.6433 train_acc=90.44% | val_loss=0.3137 val_acc=87.26% | lr=3.000000e-05
Epoch 92/301 | train_loss=0.6397 train_acc=90.49% | val_loss=0.3134 val_acc=87.10% | lr=3.000000e-05
Epoch 93/301 | train_loss=0.6364 train_acc=90.48% | val_loss=0.3133 val_acc=87.08% | lr=3.000000e-05
Epoch 94/301 | train_loss=0.6331 train_acc=90.53% | val_loss=0.3133 val_acc=87.14% | lr=3.000000e-05
Epoch 95/301 | train_loss=0.6297 train_acc=90.59% | val_loss=0.3133 val_acc=87.16% | lr=3.000000e-05
Epoch 96/301 | train_loss=0.6265 train_acc=90.62% | val_loss=0.3135 val_acc=87.24% | lr=3.000000e-05
Epoch 97/301 | train_loss=0.6235 train_acc=90.66% | val_loss=0.3134 val_acc=87.22% | lr=3.000000e-05
Epoch 98/301 | train_loss=0.6201 train_acc=90.67% | val_loss=0.3133 val_acc=87.10% | lr=3.000000e-05
Epoch 99/301 | train_loss=0.6172 train_acc=90.66% | val_loss=0.3133 val_acc=87.08% | lr=3.000000e-05
Epoch 100/301 | train_loss=0.6141 train_acc=90.80% | val_loss=0.3146 val_acc=87.20% | lr=3.000000e-05
Epoch 101/301 | train_loss=0.6113 train_acc=90.80% | val_loss=0.3134 val_acc=87.16% | lr=3.000000e-05
Epoch 102/301 | train_loss=0.6081 train_acc=90.75% | val_loss=0.3135 val_acc=87.12% | lr=3.000000e-05
Validation loss has not improved for 8 epochs. Stopping training.
Test loss=0.3174 | Test accuracy=87.14%
