Loading IMDb dataset from local disk: /home/daniel/l/masteruppsats/np-reg/language/data/imdb_hf
Using device: cuda
BoW vocab size: 3125
W0421 02:09:57.477000 2276434 site-packages/torch/_inductor/utils.py:1679] [0/0] Not enough SMs to use max_autotune_gemm mode
Epoch 1/301 | train_loss=0.7070 train_acc=49.49% | val_loss=0.6998 val_acc=51.58% | lr=3.000000e-06
Saved new best model to /tmp/bow_mlp_imdb_pje23lzb.pt
Epoch 2/301 | train_loss=0.6965 train_acc=52.05% | val_loss=0.6903 val_acc=54.24% | lr=3.000000e-06
Saved new best model to /tmp/bow_mlp_imdb_pje23lzb.pt
Epoch 3/301 | train_loss=0.6873 train_acc=54.60% | val_loss=0.6817 val_acc=56.98% | lr=3.000000e-06
Saved new best model to /tmp/bow_mlp_imdb_pje23lzb.pt
Epoch 4/301 | train_loss=0.6788 train_acc=57.44% | val_loss=0.6735 val_acc=59.62% | lr=3.000000e-06
Saved new best model to /tmp/bow_mlp_imdb_pje23lzb.pt
Epoch 5/301 | train_loss=0.6703 train_acc=59.95% | val_loss=0.6653 val_acc=62.00% | lr=3.000000e-06
Saved new best model to /tmp/bow_mlp_imdb_pje23lzb.pt
Epoch 6/301 | train_loss=0.6617 train_acc=62.17% | val_loss=0.6571 val_acc=63.64% | lr=3.000000e-06
Saved new best model to /tmp/bow_mlp_imdb_pje23lzb.pt
Epoch 7/301 | train_loss=0.6531 train_acc=64.28% | val_loss=0.6488 val_acc=65.50% | lr=3.000000e-06
Saved new best model to /tmp/bow_mlp_imdb_pje23lzb.pt
Epoch 8/301 | train_loss=0.6443 train_acc=66.30% | val_loss=0.6404 val_acc=66.70% | lr=3.000000e-06
Saved new best model to /tmp/bow_mlp_imdb_pje23lzb.pt
Epoch 9/301 | train_loss=0.6355 train_acc=67.80% | val_loss=0.6319 val_acc=68.10% | lr=3.000000e-06
Saved new best model to /tmp/bow_mlp_imdb_pje23lzb.pt
Epoch 10/301 | train_loss=0.6265 train_acc=69.27% | val_loss=0.6235 val_acc=69.56% | lr=3.000000e-06
Saved new best model to /tmp/bow_mlp_imdb_pje23lzb.pt
Epoch 11/301 | train_loss=0.6177 train_acc=70.47% | val_loss=0.6151 val_acc=70.82% | lr=3.000000e-06
Saved new best model to /tmp/bow_mlp_imdb_pje23lzb.pt
Epoch 12/301 | train_loss=0.6088 train_acc=71.69% | val_loss=0.6069 val_acc=71.62% | lr=3.000000e-06
Saved new best model to /tmp/bow_mlp_imdb_pje23lzb.pt
Epoch 13/301 | train_loss=0.5999 train_acc=72.81% | val_loss=0.5987 val_acc=72.24% | lr=3.000000e-06
Saved new best model to /tmp/bow_mlp_imdb_pje23lzb.pt
Epoch 14/301 | train_loss=0.5912 train_acc=73.81% | val_loss=0.5908 val_acc=73.02% | lr=3.000000e-06
Saved new best model to /tmp/bow_mlp_imdb_pje23lzb.pt
Epoch 15/301 | train_loss=0.5826 train_acc=74.67% | val_loss=0.5833 val_acc=73.90% | lr=3.000000e-06
Saved new best model to /tmp/bow_mlp_imdb_pje23lzb.pt
Epoch 16/301 | train_loss=0.5744 train_acc=75.44% | val_loss=0.5759 val_acc=74.44% | lr=3.000000e-06
Saved new best model to /tmp/bow_mlp_imdb_pje23lzb.pt
Epoch 17/301 | train_loss=0.5664 train_acc=76.34% | val_loss=0.5689 val_acc=74.92% | lr=3.000000e-06
Saved new best model to /tmp/bow_mlp_imdb_pje23lzb.pt
Epoch 18/301 | train_loss=0.5588 train_acc=76.92% | val_loss=0.5622 val_acc=75.30% | lr=3.000000e-06
Saved new best model to /tmp/bow_mlp_imdb_pje23lzb.pt
Epoch 19/301 | train_loss=0.5517 train_acc=77.47% | val_loss=0.5560 val_acc=76.00% | lr=3.000000e-06
Saved new best model to /tmp/bow_mlp_imdb_pje23lzb.pt
Epoch 20/301 | train_loss=0.5449 train_acc=77.92% | val_loss=0.5501 val_acc=76.40% | lr=3.000000e-06
Saved new best model to /tmp/bow_mlp_imdb_pje23lzb.pt
Epoch 21/301 | train_loss=0.5384 train_acc=78.51% | val_loss=0.5445 val_acc=76.80% | lr=3.000000e-06
Saved new best model to /tmp/bow_mlp_imdb_pje23lzb.pt
Epoch 22/301 | train_loss=0.5322 train_acc=78.92% | val_loss=0.5390 val_acc=77.44% | lr=3.000000e-06
Saved new best model to /tmp/bow_mlp_imdb_pje23lzb.pt
Epoch 23/301 | train_loss=0.5262 train_acc=79.30% | val_loss=0.5339 val_acc=77.82% | lr=3.000000e-06
Saved new best model to /tmp/bow_mlp_imdb_pje23lzb.pt
Epoch 24/301 | train_loss=0.5205 train_acc=79.62% | val_loss=0.5288 val_acc=78.18% | lr=3.000000e-06
Saved new best model to /tmp/bow_mlp_imdb_pje23lzb.pt
Epoch 25/301 | train_loss=0.5149 train_acc=80.09% | val_loss=0.5241 val_acc=78.48% | lr=3.000000e-06
Saved new best model to /tmp/bow_mlp_imdb_pje23lzb.pt
Epoch 26/301 | train_loss=0.5096 train_acc=80.41% | val_loss=0.5194 val_acc=78.82% | lr=3.000000e-06
Saved new best model to /tmp/bow_mlp_imdb_pje23lzb.pt
Epoch 27/301 | train_loss=0.5044 train_acc=80.73% | val_loss=0.5148 val_acc=79.12% | lr=3.000000e-06
Saved new best model to /tmp/bow_mlp_imdb_pje23lzb.pt
Epoch 28/301 | train_loss=0.4995 train_acc=81.03% | val_loss=0.5105 val_acc=79.42% | lr=3.000000e-06
Saved new best model to /tmp/bow_mlp_imdb_pje23lzb.pt
Epoch 29/301 | train_loss=0.4946 train_acc=81.36% | val_loss=0.5062 val_acc=79.66% | lr=3.000000e-06
Saved new best model to /tmp/bow_mlp_imdb_pje23lzb.pt
Epoch 30/301 | train_loss=0.4899 train_acc=81.64% | val_loss=0.5022 val_acc=79.82% | lr=3.000000e-06
Saved new best model to /tmp/bow_mlp_imdb_pje23lzb.pt
Epoch 31/301 | train_loss=0.4853 train_acc=81.94% | val_loss=0.4983 val_acc=80.16% | lr=3.000000e-06
Saved new best model to /tmp/bow_mlp_imdb_pje23lzb.pt
Epoch 32/301 | train_loss=0.4808 train_acc=82.21% | val_loss=0.4946 val_acc=80.38% | lr=3.000000e-06
Saved new best model to /tmp/bow_mlp_imdb_pje23lzb.pt
Epoch 33/301 | train_loss=0.4765 train_acc=82.45% | val_loss=0.4909 val_acc=80.68% | lr=3.000000e-06
Saved new best model to /tmp/bow_mlp_imdb_pje23lzb.pt
Epoch 34/301 | train_loss=0.4722 train_acc=82.69% | val_loss=0.4873 val_acc=81.02% | lr=3.000000e-06
Saved new best model to /tmp/bow_mlp_imdb_pje23lzb.pt
Epoch 35/301 | train_loss=0.4681 train_acc=82.91% | val_loss=0.4838 val_acc=81.36% | lr=3.000000e-06
Saved new best model to /tmp/bow_mlp_imdb_pje23lzb.pt
Epoch 36/301 | train_loss=0.4641 train_acc=83.17% | val_loss=0.4804 val_acc=81.56% | lr=3.000000e-06
Saved new best model to /tmp/bow_mlp_imdb_pje23lzb.pt
Epoch 37/301 | train_loss=0.4601 train_acc=83.36% | val_loss=0.4769 val_acc=81.76% | lr=3.000000e-06
Saved new best model to /tmp/bow_mlp_imdb_pje23lzb.pt
Epoch 38/301 | train_loss=0.4563 train_acc=83.58% | val_loss=0.4738 val_acc=81.86% | lr=3.000000e-06
Saved new best model to /tmp/bow_mlp_imdb_pje23lzb.pt
Epoch 39/301 | train_loss=0.4524 train_acc=83.77% | val_loss=0.4707 val_acc=81.98% | lr=3.000000e-06
Saved new best model to /tmp/bow_mlp_imdb_pje23lzb.pt
Epoch 40/301 | train_loss=0.4487 train_acc=83.98% | val_loss=0.4676 val_acc=82.02% | lr=3.000000e-06
Saved new best model to /tmp/bow_mlp_imdb_pje23lzb.pt
Epoch 41/301 | train_loss=0.4451 train_acc=84.14% | val_loss=0.4647 val_acc=82.16% | lr=3.000000e-06
Saved new best model to /tmp/bow_mlp_imdb_pje23lzb.pt
Epoch 42/301 | train_loss=0.4415 train_acc=84.30% | val_loss=0.4617 val_acc=82.24% | lr=3.000000e-06
Saved new best model to /tmp/bow_mlp_imdb_pje23lzb.pt
Epoch 43/301 | train_loss=0.4381 train_acc=84.50% | val_loss=0.4588 val_acc=82.38% | lr=3.000000e-06
Saved new best model to /tmp/bow_mlp_imdb_pje23lzb.pt
Epoch 44/301 | train_loss=0.4346 train_acc=84.66% | val_loss=0.4561 val_acc=82.52% | lr=3.000000e-06
Saved new best model to /tmp/bow_mlp_imdb_pje23lzb.pt
Epoch 45/301 | train_loss=0.4312 train_acc=84.84% | val_loss=0.4534 val_acc=82.66% | lr=3.000000e-06
Saved new best model to /tmp/bow_mlp_imdb_pje23lzb.pt
Epoch 46/301 | train_loss=0.4279 train_acc=84.98% | val_loss=0.4508 val_acc=82.74% | lr=3.000000e-06
Saved new best model to /tmp/bow_mlp_imdb_pje23lzb.pt
Epoch 47/301 | train_loss=0.4247 train_acc=85.12% | val_loss=0.4481 val_acc=82.86% | lr=3.000000e-06
Saved new best model to /tmp/bow_mlp_imdb_pje23lzb.pt
Epoch 48/301 | train_loss=0.4215 train_acc=85.19% | val_loss=0.4456 val_acc=83.00% | lr=3.000000e-06
Saved new best model to /tmp/bow_mlp_imdb_pje23lzb.pt
Epoch 49/301 | train_loss=0.4184 train_acc=85.34% | val_loss=0.4431 val_acc=83.16% | lr=3.000000e-06
Saved new best model to /tmp/bow_mlp_imdb_pje23lzb.pt
Epoch 50/301 | train_loss=0.4153 train_acc=85.56% | val_loss=0.4407 val_acc=83.14% | lr=3.000000e-06
Epoch 51/301 | train_loss=0.4123 train_acc=85.64% | val_loss=0.4384 val_acc=83.16% | lr=3.000000e-06
Epoch 52/301 | train_loss=0.4093 train_acc=85.84% | val_loss=0.4360 val_acc=83.30% | lr=3.000000e-06
Saved new best model to /tmp/bow_mlp_imdb_pje23lzb.pt
Epoch 53/301 | train_loss=0.4064 train_acc=86.03% | val_loss=0.4338 val_acc=83.32% | lr=3.000000e-06
Saved new best model to /tmp/bow_mlp_imdb_pje23lzb.pt
Epoch 54/301 | train_loss=0.4035 train_acc=86.08% | val_loss=0.4316 val_acc=83.42% | lr=3.000000e-06
Saved new best model to /tmp/bow_mlp_imdb_pje23lzb.pt
Epoch 55/301 | train_loss=0.4007 train_acc=86.22% | val_loss=0.4294 val_acc=83.60% | lr=3.000000e-06
Saved new best model to /tmp/bow_mlp_imdb_pje23lzb.pt
Epoch 56/301 | train_loss=0.3979 train_acc=86.39% | val_loss=0.4272 val_acc=83.70% | lr=3.000000e-06
Saved new best model to /tmp/bow_mlp_imdb_pje23lzb.pt
Epoch 57/301 | train_loss=0.3951 train_acc=86.49% | val_loss=0.4250 val_acc=83.76% | lr=3.000000e-06
Saved new best model to /tmp/bow_mlp_imdb_pje23lzb.pt
Epoch 58/301 | train_loss=0.3924 train_acc=86.61% | val_loss=0.4230 val_acc=83.86% | lr=3.000000e-06
Saved new best model to /tmp/bow_mlp_imdb_pje23lzb.pt
Epoch 59/301 | train_loss=0.3897 train_acc=86.74% | val_loss=0.4211 val_acc=83.98% | lr=3.000000e-06
Saved new best model to /tmp/bow_mlp_imdb_pje23lzb.pt
Epoch 60/301 | train_loss=0.3871 train_acc=86.86% | val_loss=0.4190 val_acc=83.90% | lr=3.000000e-06
Epoch 61/301 | train_loss=0.3844 train_acc=86.95% | val_loss=0.4171 val_acc=84.06% | lr=3.000000e-06
Saved new best model to /tmp/bow_mlp_imdb_pje23lzb.pt
Epoch 62/301 | train_loss=0.3819 train_acc=87.16% | val_loss=0.4151 val_acc=84.18% | lr=3.000000e-06
Saved new best model to /tmp/bow_mlp_imdb_pje23lzb.pt
Epoch 63/301 | train_loss=0.3793 train_acc=87.33% | val_loss=0.4133 val_acc=84.24% | lr=3.000000e-06
Saved new best model to /tmp/bow_mlp_imdb_pje23lzb.pt
Epoch 64/301 | train_loss=0.3768 train_acc=87.38% | val_loss=0.4114 val_acc=84.20% | lr=3.000000e-06
Epoch 65/301 | train_loss=0.3744 train_acc=87.52% | val_loss=0.4096 val_acc=84.22% | lr=3.000000e-06
Epoch 66/301 | train_loss=0.3720 train_acc=87.60% | val_loss=0.4078 val_acc=84.40% | lr=3.000000e-06
Saved new best model to /tmp/bow_mlp_imdb_pje23lzb.pt
Epoch 67/301 | train_loss=0.3695 train_acc=87.67% | val_loss=0.4061 val_acc=84.46% | lr=3.000000e-06
Saved new best model to /tmp/bow_mlp_imdb_pje23lzb.pt
Epoch 68/301 | train_loss=0.3672 train_acc=87.80% | val_loss=0.4043 val_acc=84.44% | lr=3.000000e-06
Epoch 69/301 | train_loss=0.3648 train_acc=87.91% | val_loss=0.4027 val_acc=84.54% | lr=3.000000e-06
Saved new best model to /tmp/bow_mlp_imdb_pje23lzb.pt
Epoch 70/301 | train_loss=0.3625 train_acc=88.02% | val_loss=0.4010 val_acc=84.58% | lr=3.000000e-06
Saved new best model to /tmp/bow_mlp_imdb_pje23lzb.pt
Epoch 71/301 | train_loss=0.3602 train_acc=88.06% | val_loss=0.3995 val_acc=84.68% | lr=3.000000e-06
Saved new best model to /tmp/bow_mlp_imdb_pje23lzb.pt
Epoch 72/301 | train_loss=0.3580 train_acc=88.15% | val_loss=0.3979 val_acc=84.58% | lr=3.000000e-06
Epoch 73/301 | train_loss=0.3557 train_acc=88.24% | val_loss=0.3963 val_acc=84.56% | lr=3.000000e-06
Epoch 74/301 | train_loss=0.3535 train_acc=88.36% | val_loss=0.3948 val_acc=84.62% | lr=3.000000e-06
Epoch 75/301 | train_loss=0.3514 train_acc=88.43% | val_loss=0.3933 val_acc=84.64% | lr=3.000000e-06
Epoch 76/301 | train_loss=0.3492 train_acc=88.52% | val_loss=0.3917 val_acc=84.68% | lr=3.000000e-06
Epoch 77/301 | train_loss=0.3471 train_acc=88.66% | val_loss=0.3904 val_acc=84.82% | lr=3.000000e-06
Saved new best model to /tmp/bow_mlp_imdb_pje23lzb.pt
Epoch 78/301 | train_loss=0.3449 train_acc=88.78% | val_loss=0.3888 val_acc=84.88% | lr=3.000000e-06
Saved new best model to /tmp/bow_mlp_imdb_pje23lzb.pt
Epoch 79/301 | train_loss=0.3429 train_acc=88.88% | val_loss=0.3873 val_acc=84.84% | lr=3.000000e-06
Epoch 80/301 | train_loss=0.3408 train_acc=88.89% | val_loss=0.3862 val_acc=84.92% | lr=3.000000e-06
Saved new best model to /tmp/bow_mlp_imdb_pje23lzb.pt
Epoch 81/301 | train_loss=0.3388 train_acc=89.01% | val_loss=0.3847 val_acc=84.92% | lr=3.000000e-06
Epoch 82/301 | train_loss=0.3368 train_acc=89.11% | val_loss=0.3834 val_acc=85.04% | lr=3.000000e-06
Saved new best model to /tmp/bow_mlp_imdb_pje23lzb.pt
Epoch 83/301 | train_loss=0.3348 train_acc=89.17% | val_loss=0.3820 val_acc=85.12% | lr=3.000000e-06
Saved new best model to /tmp/bow_mlp_imdb_pje23lzb.pt
Epoch 84/301 | train_loss=0.3328 train_acc=89.24% | val_loss=0.3807 val_acc=85.12% | lr=3.000000e-06
Epoch 85/301 | train_loss=0.3308 train_acc=89.31% | val_loss=0.3794 val_acc=85.12% | lr=3.000000e-06
Epoch 86/301 | train_loss=0.3289 train_acc=89.48% | val_loss=0.3781 val_acc=85.18% | lr=3.000000e-06
Saved new best model to /tmp/bow_mlp_imdb_pje23lzb.pt
Epoch 87/301 | train_loss=0.3270 train_acc=89.55% | val_loss=0.3770 val_acc=85.18% | lr=3.000000e-06
Epoch 88/301 | train_loss=0.3251 train_acc=89.59% | val_loss=0.3757 val_acc=85.24% | lr=3.000000e-06
Saved new best model to /tmp/bow_mlp_imdb_pje23lzb.pt
Epoch 89/301 | train_loss=0.3232 train_acc=89.66% | val_loss=0.3745 val_acc=85.24% | lr=3.000000e-06
Epoch 90/301 | train_loss=0.3213 train_acc=89.73% | val_loss=0.3734 val_acc=85.40% | lr=3.000000e-06
Saved new best model to /tmp/bow_mlp_imdb_pje23lzb.pt
Epoch 91/301 | train_loss=0.3195 train_acc=89.80% | val_loss=0.3723 val_acc=85.42% | lr=3.000000e-06
Saved new best model to /tmp/bow_mlp_imdb_pje23lzb.pt
Epoch 92/301 | train_loss=0.3177 train_acc=89.89% | val_loss=0.3710 val_acc=85.42% | lr=3.000000e-06
Epoch 93/301 | train_loss=0.3159 train_acc=89.92% | val_loss=0.3699 val_acc=85.38% | lr=3.000000e-06
Epoch 94/301 | train_loss=0.3141 train_acc=89.98% | val_loss=0.3688 val_acc=85.38% | lr=3.000000e-06
Epoch 95/301 | train_loss=0.3123 train_acc=90.05% | val_loss=0.3677 val_acc=85.42% | lr=3.000000e-06
Epoch 96/301 | train_loss=0.3106 train_acc=90.14% | val_loss=0.3666 val_acc=85.42% | lr=3.000000e-06
Epoch 97/301 | train_loss=0.3088 train_acc=90.16% | val_loss=0.3656 val_acc=85.56% | lr=3.000000e-06
Saved new best model to /tmp/bow_mlp_imdb_pje23lzb.pt
Epoch 98/301 | train_loss=0.3071 train_acc=90.22% | val_loss=0.3645 val_acc=85.54% | lr=3.000000e-06
Epoch 99/301 | train_loss=0.3054 train_acc=90.29% | val_loss=0.3636 val_acc=85.54% | lr=3.000000e-06
Epoch 100/301 | train_loss=0.3037 train_acc=90.41% | val_loss=0.3627 val_acc=85.54% | lr=3.000000e-06
Epoch 101/301 | train_loss=0.3020 train_acc=90.42% | val_loss=0.3615 val_acc=85.60% | lr=3.000000e-06
Saved new best model to /tmp/bow_mlp_imdb_pje23lzb.pt
Epoch 102/301 | train_loss=0.3004 train_acc=90.47% | val_loss=0.3607 val_acc=85.62% | lr=3.000000e-06
Saved new best model to /tmp/bow_mlp_imdb_pje23lzb.pt
Epoch 103/301 | train_loss=0.2987 train_acc=90.53% | val_loss=0.3597 val_acc=85.60% | lr=3.000000e-06
Epoch 104/301 | train_loss=0.2971 train_acc=90.57% | val_loss=0.3589 val_acc=85.68% | lr=3.000000e-06
Saved new best model to /tmp/bow_mlp_imdb_pje23lzb.pt
Epoch 105/301 | train_loss=0.2954 train_acc=90.61% | val_loss=0.3578 val_acc=85.66% | lr=3.000000e-06
Epoch 106/301 | train_loss=0.2939 train_acc=90.71% | val_loss=0.3569 val_acc=85.70% | lr=3.000000e-06
Saved new best model to /tmp/bow_mlp_imdb_pje23lzb.pt
Epoch 107/301 | train_loss=0.2923 train_acc=90.77% | val_loss=0.3561 val_acc=85.66% | lr=3.000000e-06
Epoch 108/301 | train_loss=0.2907 train_acc=90.81% | val_loss=0.3552 val_acc=85.68% | lr=3.000000e-06
Epoch 109/301 | train_loss=0.2891 train_acc=90.84% | val_loss=0.3543 val_acc=85.70% | lr=3.000000e-06
Epoch 110/301 | train_loss=0.2876 train_acc=90.92% | val_loss=0.3535 val_acc=85.76% | lr=3.000000e-06
Saved new best model to /tmp/bow_mlp_imdb_pje23lzb.pt
Epoch 111/301 | train_loss=0.2860 train_acc=90.96% | val_loss=0.3528 val_acc=85.72% | lr=3.000000e-06
Epoch 112/301 | train_loss=0.2845 train_acc=91.02% | val_loss=0.3517 val_acc=85.88% | lr=3.000000e-06
Saved new best model to /tmp/bow_mlp_imdb_pje23lzb.pt
Epoch 113/301 | train_loss=0.2830 train_acc=91.10% | val_loss=0.3510 val_acc=85.76% | lr=3.000000e-06
Epoch 114/301 | train_loss=0.2815 train_acc=91.12% | val_loss=0.3503 val_acc=85.88% | lr=3.000000e-06
Epoch 115/301 | train_loss=0.2800 train_acc=91.20% | val_loss=0.3495 val_acc=85.86% | lr=3.000000e-06
Epoch 116/301 | train_loss=0.2785 train_acc=91.28% | val_loss=0.3486 val_acc=85.94% | lr=3.000000e-06
Saved new best model to /tmp/bow_mlp_imdb_pje23lzb.pt
Epoch 117/301 | train_loss=0.2771 train_acc=91.33% | val_loss=0.3480 val_acc=85.98% | lr=3.000000e-06
Saved new best model to /tmp/bow_mlp_imdb_pje23lzb.pt
Epoch 118/301 | train_loss=0.2756 train_acc=91.39% | val_loss=0.3472 val_acc=86.04% | lr=3.000000e-06
Saved new best model to /tmp/bow_mlp_imdb_pje23lzb.pt
Epoch 119/301 | train_loss=0.2741 train_acc=91.49% | val_loss=0.3464 val_acc=86.00% | lr=3.000000e-06
Epoch 120/301 | train_loss=0.2727 train_acc=91.49% | val_loss=0.3459 val_acc=85.94% | lr=3.000000e-06
Epoch 121/301 | train_loss=0.2713 train_acc=91.56% | val_loss=0.3450 val_acc=86.04% | lr=3.000000e-06
Epoch 122/301 | train_loss=0.2699 train_acc=91.59% | val_loss=0.3444 val_acc=85.98% | lr=3.000000e-06
Epoch 123/301 | train_loss=0.2684 train_acc=91.64% | val_loss=0.3436 val_acc=86.06% | lr=3.000000e-06
Saved new best model to /tmp/bow_mlp_imdb_pje23lzb.pt
Epoch 124/301 | train_loss=0.2671 train_acc=91.72% | val_loss=0.3431 val_acc=86.04% | lr=3.000000e-06
Epoch 125/301 | train_loss=0.2657 train_acc=91.75% | val_loss=0.3424 val_acc=86.06% | lr=3.000000e-06
Epoch 126/301 | train_loss=0.2643 train_acc=91.80% | val_loss=0.3417 val_acc=86.04% | lr=3.000000e-06
Epoch 127/301 | train_loss=0.2629 train_acc=91.86% | val_loss=0.3411 val_acc=86.18% | lr=3.000000e-06
Saved new best model to /tmp/bow_mlp_imdb_pje23lzb.pt
Epoch 128/301 | train_loss=0.2615 train_acc=91.91% | val_loss=0.3407 val_acc=86.14% | lr=3.000000e-06
Epoch 129/301 | train_loss=0.2602 train_acc=91.94% | val_loss=0.3399 val_acc=86.18% | lr=3.000000e-06
Epoch 130/301 | train_loss=0.2589 train_acc=91.99% | val_loss=0.3392 val_acc=86.28% | lr=3.000000e-06
Saved new best model to /tmp/bow_mlp_imdb_pje23lzb.pt
Epoch 131/301 | train_loss=0.2576 train_acc=92.02% | val_loss=0.3386 val_acc=86.30% | lr=3.000000e-06
Saved new best model to /tmp/bow_mlp_imdb_pje23lzb.pt
Epoch 132/301 | train_loss=0.2562 train_acc=92.06% | val_loss=0.3380 val_acc=86.32% | lr=3.000000e-06
Saved new best model to /tmp/bow_mlp_imdb_pje23lzb.pt
Epoch 133/301 | train_loss=0.2550 train_acc=92.12% | val_loss=0.3374 val_acc=86.30% | lr=3.000000e-06
Epoch 134/301 | train_loss=0.2537 train_acc=92.19% | val_loss=0.3369 val_acc=86.34% | lr=3.000000e-06
Saved new best model to /tmp/bow_mlp_imdb_pje23lzb.pt
Epoch 135/301 | train_loss=0.2523 train_acc=92.20% | val_loss=0.3365 val_acc=86.36% | lr=3.000000e-06
Saved new best model to /tmp/bow_mlp_imdb_pje23lzb.pt
Epoch 136/301 | train_loss=0.2510 train_acc=92.30% | val_loss=0.3358 val_acc=86.38% | lr=3.000000e-06
Saved new best model to /tmp/bow_mlp_imdb_pje23lzb.pt
Epoch 137/301 | train_loss=0.2498 train_acc=92.33% | val_loss=0.3354 val_acc=86.42% | lr=3.000000e-06
Saved new best model to /tmp/bow_mlp_imdb_pje23lzb.pt
Epoch 138/301 | train_loss=0.2486 train_acc=92.36% | val_loss=0.3347 val_acc=86.50% | lr=3.000000e-06
Saved new best model to /tmp/bow_mlp_imdb_pje23lzb.pt
Epoch 139/301 | train_loss=0.2473 train_acc=92.40% | val_loss=0.3342 val_acc=86.42% | lr=3.000000e-06
Epoch 140/301 | train_loss=0.2460 train_acc=92.42% | val_loss=0.3337 val_acc=86.44% | lr=3.000000e-06
Epoch 141/301 | train_loss=0.2448 train_acc=92.45% | val_loss=0.3333 val_acc=86.44% | lr=3.000000e-06
Epoch 142/301 | train_loss=0.2436 train_acc=92.49% | val_loss=0.3328 val_acc=86.46% | lr=3.000000e-06
Epoch 143/301 | train_loss=0.2423 train_acc=92.58% | val_loss=0.3324 val_acc=86.46% | lr=3.000000e-06
Epoch 144/301 | train_loss=0.2412 train_acc=92.61% | val_loss=0.3320 val_acc=86.46% | lr=3.000000e-06
Epoch 145/301 | train_loss=0.2399 train_acc=92.70% | val_loss=0.3314 val_acc=86.50% | lr=3.000000e-06
Epoch 146/301 | train_loss=0.2388 train_acc=92.70% | val_loss=0.3312 val_acc=86.52% | lr=3.000000e-06
Saved new best model to /tmp/bow_mlp_imdb_pje23lzb.pt
Epoch 147/301 | train_loss=0.2376 train_acc=92.79% | val_loss=0.3307 val_acc=86.54% | lr=3.000000e-06
Saved new best model to /tmp/bow_mlp_imdb_pje23lzb.pt
Epoch 148/301 | train_loss=0.2364 train_acc=92.83% | val_loss=0.3301 val_acc=86.52% | lr=3.000000e-06
Epoch 149/301 | train_loss=0.2352 train_acc=92.91% | val_loss=0.3298 val_acc=86.52% | lr=3.000000e-06
Epoch 150/301 | train_loss=0.2340 train_acc=92.93% | val_loss=0.3294 val_acc=86.66% | lr=3.000000e-06
Saved new best model to /tmp/bow_mlp_imdb_pje23lzb.pt
Epoch 151/301 | train_loss=0.2329 train_acc=92.97% | val_loss=0.3289 val_acc=86.50% | lr=3.000000e-06
Epoch 152/301 | train_loss=0.2317 train_acc=92.99% | val_loss=0.3284 val_acc=86.56% | lr=3.000000e-06
Epoch 153/301 | train_loss=0.2306 train_acc=93.06% | val_loss=0.3281 val_acc=86.52% | lr=3.000000e-06
Epoch 154/301 | train_loss=0.2294 train_acc=93.14% | val_loss=0.3278 val_acc=86.56% | lr=3.000000e-06
Epoch 155/301 | train_loss=0.2283 train_acc=93.19% | val_loss=0.3274 val_acc=86.62% | lr=3.000000e-06
Epoch 156/301 | train_loss=0.2272 train_acc=93.20% | val_loss=0.3270 val_acc=86.58% | lr=3.000000e-06
Epoch 157/301 | train_loss=0.2261 train_acc=93.27% | val_loss=0.3268 val_acc=86.64% | lr=3.000000e-06
Epoch 158/301 | train_loss=0.2250 train_acc=93.31% | val_loss=0.3264 val_acc=86.70% | lr=3.000000e-06
Saved new best model to /tmp/bow_mlp_imdb_pje23lzb.pt
Epoch 159/301 | train_loss=0.2239 train_acc=93.34% | val_loss=0.3260 val_acc=86.68% | lr=3.000000e-06
Epoch 160/301 | train_loss=0.2228 train_acc=93.34% | val_loss=0.3258 val_acc=86.68% | lr=3.000000e-06
Epoch 161/301 | train_loss=0.2217 train_acc=93.41% | val_loss=0.3252 val_acc=86.66% | lr=3.000000e-06
Epoch 162/301 | train_loss=0.2206 train_acc=93.45% | val_loss=0.3251 val_acc=86.62% | lr=3.000000e-06
Epoch 163/301 | train_loss=0.2196 train_acc=93.45% | val_loss=0.3246 val_acc=86.60% | lr=3.000000e-06
Epoch 164/301 | train_loss=0.2185 train_acc=93.51% | val_loss=0.3243 val_acc=86.58% | lr=3.000000e-06
Epoch 165/301 | train_loss=0.2174 train_acc=93.55% | val_loss=0.3240 val_acc=86.50% | lr=3.000000e-06
Epoch 166/301 | train_loss=0.2164 train_acc=93.56% | val_loss=0.3239 val_acc=86.64% | lr=3.000000e-06
Epoch 167/301 | train_loss=0.2153 train_acc=93.59% | val_loss=0.3234 val_acc=86.52% | lr=3.000000e-06
Epoch 168/301 | train_loss=0.2143 train_acc=93.62% | val_loss=0.3232 val_acc=86.52% | lr=3.000000e-06
Epoch 169/301 | train_loss=0.2132 train_acc=93.67% | val_loss=0.3232 val_acc=86.70% | lr=3.000000e-06
Epoch 170/301 | train_loss=0.2122 train_acc=93.68% | val_loss=0.3227 val_acc=86.50% | lr=3.000000e-06
Epoch 171/301 | train_loss=0.2112 train_acc=93.73% | val_loss=0.3224 val_acc=86.52% | lr=3.000000e-06
Epoch 172/301 | train_loss=0.2102 train_acc=93.76% | val_loss=0.3222 val_acc=86.62% | lr=3.000000e-06
Epoch 173/301 | train_loss=0.2092 train_acc=93.78% | val_loss=0.3219 val_acc=86.56% | lr=3.000000e-06
Epoch 174/301 | train_loss=0.2082 train_acc=93.80% | val_loss=0.3216 val_acc=86.54% | lr=3.000000e-06
Epoch 175/301 | train_loss=0.2072 train_acc=93.84% | val_loss=0.3215 val_acc=86.64% | lr=3.000000e-06
Epoch 176/301 | train_loss=0.2062 train_acc=93.90% | val_loss=0.3211 val_acc=86.56% | lr=3.000000e-06
Epoch 177/301 | train_loss=0.2052 train_acc=93.92% | val_loss=0.3210 val_acc=86.62% | lr=3.000000e-06
Epoch 178/301 | train_loss=0.2042 train_acc=93.95% | val_loss=0.3207 val_acc=86.60% | lr=3.000000e-06
Epoch 179/301 | train_loss=0.2032 train_acc=93.99% | val_loss=0.3206 val_acc=86.62% | lr=3.000000e-06
Epoch 180/301 | train_loss=0.2022 train_acc=93.98% | val_loss=0.3203 val_acc=86.62% | lr=3.000000e-06
Epoch 181/301 | train_loss=0.2013 train_acc=94.02% | val_loss=0.3203 val_acc=86.72% | lr=3.000000e-06
Saved new best model to /tmp/bow_mlp_imdb_pje23lzb.pt
Epoch 182/301 | train_loss=0.2003 train_acc=94.09% | val_loss=0.3199 val_acc=86.62% | lr=3.000000e-06
Epoch 183/301 | train_loss=0.1994 train_acc=94.09% | val_loss=0.3199 val_acc=86.74% | lr=3.000000e-06
Saved new best model to /tmp/bow_mlp_imdb_pje23lzb.pt
Epoch 184/301 | train_loss=0.1984 train_acc=94.14% | val_loss=0.3196 val_acc=86.66% | lr=3.000000e-06
Epoch 185/301 | train_loss=0.1975 train_acc=94.14% | val_loss=0.3194 val_acc=86.68% | lr=3.000000e-06
Epoch 186/301 | train_loss=0.1966 train_acc=94.21% | val_loss=0.3192 val_acc=86.64% | lr=3.000000e-06
Epoch 187/301 | train_loss=0.1956 train_acc=94.22% | val_loss=0.3191 val_acc=86.68% | lr=3.000000e-06
Epoch 188/301 | train_loss=0.1947 train_acc=94.28% | val_loss=0.3190 val_acc=86.70% | lr=3.000000e-06
Epoch 189/301 | train_loss=0.1939 train_acc=94.35% | val_loss=0.3188 val_acc=86.68% | lr=3.000000e-06
Epoch 190/301 | train_loss=0.1929 train_acc=94.38% | val_loss=0.3186 val_acc=86.68% | lr=3.000000e-06
Epoch 191/301 | train_loss=0.1920 train_acc=94.44% | val_loss=0.3187 val_acc=86.76% | lr=3.000000e-06
Saved new best model to /tmp/bow_mlp_imdb_pje23lzb.pt
Epoch 192/301 | train_loss=0.1911 train_acc=94.43% | val_loss=0.3184 val_acc=86.74% | lr=3.000000e-06
Epoch 193/301 | train_loss=0.1902 train_acc=94.50% | val_loss=0.3186 val_acc=86.72% | lr=3.000000e-06
Epoch 194/301 | train_loss=0.1893 train_acc=94.47% | val_loss=0.3181 val_acc=86.72% | lr=3.000000e-06
Epoch 195/301 | train_loss=0.1884 train_acc=94.54% | val_loss=0.3181 val_acc=86.70% | lr=3.000000e-06
Epoch 196/301 | train_loss=0.1876 train_acc=94.58% | val_loss=0.3180 val_acc=86.78% | lr=3.000000e-06
Saved new best model to /tmp/bow_mlp_imdb_pje23lzb.pt
Epoch 197/301 | train_loss=0.1867 train_acc=94.62% | val_loss=0.3178 val_acc=86.70% | lr=3.000000e-06
Epoch 198/301 | train_loss=0.1858 train_acc=94.65% | val_loss=0.3177 val_acc=86.74% | lr=3.000000e-06
Epoch 199/301 | train_loss=0.1849 train_acc=94.67% | val_loss=0.3177 val_acc=86.80% | lr=3.000000e-06
Saved new best model to /tmp/bow_mlp_imdb_pje23lzb.pt
Epoch 200/301 | train_loss=0.1841 train_acc=94.73% | val_loss=0.3176 val_acc=86.82% | lr=3.000000e-06
Saved new best model to /tmp/bow_mlp_imdb_pje23lzb.pt
Epoch 201/301 | train_loss=0.1832 train_acc=94.76% | val_loss=0.3177 val_acc=86.78% | lr=3.000000e-06
Epoch 202/301 | train_loss=0.1824 train_acc=94.77% | val_loss=0.3175 val_acc=86.80% | lr=3.000000e-06
Epoch 203/301 | train_loss=0.1815 train_acc=94.80% | val_loss=0.3176 val_acc=86.76% | lr=3.000000e-06
Epoch 204/301 | train_loss=0.1807 train_acc=94.86% | val_loss=0.3175 val_acc=86.72% | lr=3.000000e-06
Epoch 205/301 | train_loss=0.1799 train_acc=94.89% | val_loss=0.3173 val_acc=86.78% | lr=3.000000e-06
Epoch 206/301 | train_loss=0.1790 train_acc=94.89% | val_loss=0.3172 val_acc=86.72% | lr=3.000000e-06
Epoch 207/301 | train_loss=0.1782 train_acc=94.95% | val_loss=0.3172 val_acc=86.72% | lr=3.000000e-06
Epoch 208/301 | train_loss=0.1773 train_acc=94.98% | val_loss=0.3172 val_acc=86.70% | lr=3.000000e-06
Epoch 209/301 | train_loss=0.1765 train_acc=95.01% | val_loss=0.3171 val_acc=86.72% | lr=3.000000e-06
Epoch 210/301 | train_loss=0.1757 train_acc=95.03% | val_loss=0.3175 val_acc=86.70% | lr=3.000000e-06
Epoch 211/301 | train_loss=0.1749 train_acc=95.06% | val_loss=0.3171 val_acc=86.76% | lr=3.000000e-06
Epoch 212/301 | train_loss=0.1741 train_acc=95.14% | val_loss=0.3171 val_acc=86.74% | lr=3.000000e-06
Epoch 213/301 | train_loss=0.1733 train_acc=95.12% | val_loss=0.3171 val_acc=86.68% | lr=3.000000e-06
Epoch 214/301 | train_loss=0.1725 train_acc=95.19% | val_loss=0.3170 val_acc=86.70% | lr=3.000000e-06
Epoch 215/301 | train_loss=0.1717 train_acc=95.22% | val_loss=0.3168 val_acc=86.72% | lr=3.000000e-06
Epoch 216/301 | train_loss=0.1709 train_acc=95.27% | val_loss=0.3170 val_acc=86.72% | lr=3.000000e-06
Epoch 217/301 | train_loss=0.1701 train_acc=95.33% | val_loss=0.3169 val_acc=86.70% | lr=3.000000e-06
Epoch 218/301 | train_loss=0.1693 train_acc=95.34% | val_loss=0.3169 val_acc=86.66% | lr=3.000000e-06
Epoch 219/301 | train_loss=0.1686 train_acc=95.37% | val_loss=0.3169 val_acc=86.62% | lr=3.000000e-06
Epoch 220/301 | train_loss=0.1678 train_acc=95.41% | val_loss=0.3170 val_acc=86.64% | lr=3.000000e-06
Epoch 221/301 | train_loss=0.1670 train_acc=95.44% | val_loss=0.3171 val_acc=86.72% | lr=3.000000e-06
Epoch 222/301 | train_loss=0.1663 train_acc=95.46% | val_loss=0.3170 val_acc=86.66% | lr=3.000000e-06
Epoch 223/301 | train_loss=0.1655 train_acc=95.50% | val_loss=0.3171 val_acc=86.62% | lr=3.000000e-06
Validation loss has not improved for 8 epochs. Stopping training.
Test loss=0.3228 | Test accuracy=86.45%
