Loading IMDb dataset from local disk: /home/daniel/l/masteruppsats/np-reg/language/data/imdb_hf
Using device: cuda
BoW vocab size: 3125
Epoch 1/301 | train_loss=9.2807 train_acc=49.24% | val_loss=0.6980 val_acc=49.76% | lr=3.000000e-06
Saved new best model to /tmp/bow_mlp_imdb_dswbdmfn.pt
Epoch 2/301 | train_loss=8.6410 train_acc=49.76% | val_loss=0.6941 val_acc=50.36% | lr=3.000000e-06
Saved new best model to /tmp/bow_mlp_imdb_dswbdmfn.pt
Epoch 3/301 | train_loss=7.9766 train_acc=50.50% | val_loss=0.6924 val_acc=51.06% | lr=3.000000e-06
Saved new best model to /tmp/bow_mlp_imdb_dswbdmfn.pt
Epoch 4/301 | train_loss=7.3536 train_acc=51.07% | val_loss=0.6917 val_acc=51.66% | lr=3.000000e-06
Saved new best model to /tmp/bow_mlp_imdb_dswbdmfn.pt
Epoch 5/301 | train_loss=6.7727 train_acc=51.53% | val_loss=0.6906 val_acc=52.38% | lr=3.000000e-06
Saved new best model to /tmp/bow_mlp_imdb_dswbdmfn.pt
Epoch 6/301 | train_loss=6.2250 train_acc=52.72% | val_loss=0.6873 val_acc=54.28% | lr=3.000000e-06
Saved new best model to /tmp/bow_mlp_imdb_dswbdmfn.pt
Epoch 7/301 | train_loss=5.7019 train_acc=56.57% | val_loss=0.6807 val_acc=59.42% | lr=3.000000e-06
Saved new best model to /tmp/bow_mlp_imdb_dswbdmfn.pt
Epoch 8/301 | train_loss=5.2066 train_acc=61.07% | val_loss=0.6757 val_acc=63.38% | lr=3.000000e-06
Saved new best model to /tmp/bow_mlp_imdb_dswbdmfn.pt
Epoch 9/301 | train_loss=4.7417 train_acc=63.80% | val_loss=0.6704 val_acc=64.76% | lr=3.000000e-06
Saved new best model to /tmp/bow_mlp_imdb_dswbdmfn.pt
Epoch 10/301 | train_loss=4.3041 train_acc=66.00% | val_loss=0.6648 val_acc=66.68% | lr=3.000000e-06
Saved new best model to /tmp/bow_mlp_imdb_dswbdmfn.pt
Epoch 11/301 | train_loss=3.8929 train_acc=68.00% | val_loss=0.6595 val_acc=68.48% | lr=3.000000e-06
Saved new best model to /tmp/bow_mlp_imdb_dswbdmfn.pt
Epoch 12/301 | train_loss=3.5100 train_acc=69.77% | val_loss=0.6545 val_acc=69.86% | lr=3.000000e-06
Saved new best model to /tmp/bow_mlp_imdb_dswbdmfn.pt
Epoch 13/301 | train_loss=3.1544 train_acc=71.14% | val_loss=0.6494 val_acc=71.22% | lr=3.000000e-06
Saved new best model to /tmp/bow_mlp_imdb_dswbdmfn.pt
Epoch 14/301 | train_loss=2.8273 train_acc=72.56% | val_loss=0.6445 val_acc=72.38% | lr=3.000000e-06
Saved new best model to /tmp/bow_mlp_imdb_dswbdmfn.pt
Epoch 15/301 | train_loss=2.5278 train_acc=73.45% | val_loss=0.6394 val_acc=74.06% | lr=3.000000e-06
Saved new best model to /tmp/bow_mlp_imdb_dswbdmfn.pt
Epoch 16/301 | train_loss=2.2550 train_acc=74.57% | val_loss=0.6343 val_acc=74.94% | lr=3.000000e-06
Saved new best model to /tmp/bow_mlp_imdb_dswbdmfn.pt
Epoch 17/301 | train_loss=2.0085 train_acc=75.41% | val_loss=0.6292 val_acc=75.70% | lr=3.000000e-06
Saved new best model to /tmp/bow_mlp_imdb_dswbdmfn.pt
Epoch 18/301 | train_loss=1.7877 train_acc=76.47% | val_loss=0.6242 val_acc=76.28% | lr=3.000000e-06
Saved new best model to /tmp/bow_mlp_imdb_dswbdmfn.pt
Epoch 19/301 | train_loss=1.5924 train_acc=77.11% | val_loss=0.6190 val_acc=76.78% | lr=3.000000e-06
Saved new best model to /tmp/bow_mlp_imdb_dswbdmfn.pt
Epoch 20/301 | train_loss=1.4210 train_acc=77.77% | val_loss=0.6138 val_acc=77.48% | lr=3.000000e-06
Saved new best model to /tmp/bow_mlp_imdb_dswbdmfn.pt
Epoch 21/301 | train_loss=1.2729 train_acc=78.33% | val_loss=0.6084 val_acc=77.92% | lr=3.000000e-06
Saved new best model to /tmp/bow_mlp_imdb_dswbdmfn.pt
Epoch 22/301 | train_loss=1.1472 train_acc=78.61% | val_loss=0.6028 val_acc=78.50% | lr=3.000000e-06
Saved new best model to /tmp/bow_mlp_imdb_dswbdmfn.pt
Epoch 23/301 | train_loss=1.0427 train_acc=79.40% | val_loss=0.5974 val_acc=78.96% | lr=3.000000e-06
Saved new best model to /tmp/bow_mlp_imdb_dswbdmfn.pt
Epoch 24/301 | train_loss=0.9569 train_acc=79.68% | val_loss=0.5916 val_acc=79.30% | lr=3.000000e-06
Saved new best model to /tmp/bow_mlp_imdb_dswbdmfn.pt
Epoch 25/301 | train_loss=0.8879 train_acc=80.12% | val_loss=0.5859 val_acc=79.72% | lr=3.000000e-06
Saved new best model to /tmp/bow_mlp_imdb_dswbdmfn.pt
Epoch 26/301 | train_loss=0.8344 train_acc=80.42% | val_loss=0.5802 val_acc=80.08% | lr=3.000000e-06
Saved new best model to /tmp/bow_mlp_imdb_dswbdmfn.pt
Epoch 27/301 | train_loss=0.7936 train_acc=80.84% | val_loss=0.5741 val_acc=80.70% | lr=3.000000e-06
Saved new best model to /tmp/bow_mlp_imdb_dswbdmfn.pt
Epoch 28/301 | train_loss=0.7631 train_acc=81.13% | val_loss=0.5683 val_acc=81.02% | lr=3.000000e-06
Saved new best model to /tmp/bow_mlp_imdb_dswbdmfn.pt
Epoch 29/301 | train_loss=0.7408 train_acc=81.38% | val_loss=0.5624 val_acc=81.58% | lr=3.000000e-06
Saved new best model to /tmp/bow_mlp_imdb_dswbdmfn.pt
Epoch 30/301 | train_loss=0.7244 train_acc=81.66% | val_loss=0.5567 val_acc=81.60% | lr=3.000000e-06
Saved new best model to /tmp/bow_mlp_imdb_dswbdmfn.pt
Epoch 31/301 | train_loss=0.7120 train_acc=81.99% | val_loss=0.5510 val_acc=81.96% | lr=3.000000e-06
Saved new best model to /tmp/bow_mlp_imdb_dswbdmfn.pt
Epoch 32/301 | train_loss=0.7021 train_acc=82.28% | val_loss=0.5456 val_acc=82.20% | lr=3.000000e-06
Saved new best model to /tmp/bow_mlp_imdb_dswbdmfn.pt
Epoch 33/301 | train_loss=0.6939 train_acc=82.54% | val_loss=0.5402 val_acc=82.36% | lr=3.000000e-06
Saved new best model to /tmp/bow_mlp_imdb_dswbdmfn.pt
Epoch 34/301 | train_loss=0.6866 train_acc=82.62% | val_loss=0.5351 val_acc=82.56% | lr=3.000000e-06
Saved new best model to /tmp/bow_mlp_imdb_dswbdmfn.pt
Epoch 35/301 | train_loss=0.6798 train_acc=82.83% | val_loss=0.5302 val_acc=82.56% | lr=3.000000e-06
Epoch 36/301 | train_loss=0.6734 train_acc=82.96% | val_loss=0.5254 val_acc=82.62% | lr=3.000000e-06
Saved new best model to /tmp/bow_mlp_imdb_dswbdmfn.pt
Epoch 37/301 | train_loss=0.6673 train_acc=83.17% | val_loss=0.5208 val_acc=82.88% | lr=3.000000e-06
Saved new best model to /tmp/bow_mlp_imdb_dswbdmfn.pt
Epoch 38/301 | train_loss=0.6613 train_acc=83.41% | val_loss=0.5163 val_acc=83.18% | lr=3.000000e-06
Saved new best model to /tmp/bow_mlp_imdb_dswbdmfn.pt
Epoch 39/301 | train_loss=0.6557 train_acc=83.53% | val_loss=0.5120 val_acc=83.30% | lr=3.000000e-06
Saved new best model to /tmp/bow_mlp_imdb_dswbdmfn.pt
Epoch 40/301 | train_loss=0.6501 train_acc=83.68% | val_loss=0.5078 val_acc=83.38% | lr=3.000000e-06
Saved new best model to /tmp/bow_mlp_imdb_dswbdmfn.pt
Epoch 41/301 | train_loss=0.6447 train_acc=83.84% | val_loss=0.5039 val_acc=83.38% | lr=3.000000e-06
Epoch 42/301 | train_loss=0.6394 train_acc=84.00% | val_loss=0.4998 val_acc=83.54% | lr=3.000000e-06
Saved new best model to /tmp/bow_mlp_imdb_dswbdmfn.pt
Epoch 43/301 | train_loss=0.6343 train_acc=84.02% | val_loss=0.4961 val_acc=83.56% | lr=3.000000e-06
Saved new best model to /tmp/bow_mlp_imdb_dswbdmfn.pt
Epoch 44/301 | train_loss=0.6294 train_acc=84.26% | val_loss=0.4924 val_acc=83.64% | lr=3.000000e-06
Saved new best model to /tmp/bow_mlp_imdb_dswbdmfn.pt
Epoch 45/301 | train_loss=0.6246 train_acc=84.29% | val_loss=0.4889 val_acc=83.84% | lr=3.000000e-06
Saved new best model to /tmp/bow_mlp_imdb_dswbdmfn.pt
Epoch 46/301 | train_loss=0.6198 train_acc=84.47% | val_loss=0.4854 val_acc=83.96% | lr=3.000000e-06
Saved new best model to /tmp/bow_mlp_imdb_dswbdmfn.pt
Epoch 47/301 | train_loss=0.6152 train_acc=84.56% | val_loss=0.4821 val_acc=83.98% | lr=3.000000e-06
Saved new best model to /tmp/bow_mlp_imdb_dswbdmfn.pt
Epoch 48/301 | train_loss=0.6107 train_acc=84.65% | val_loss=0.4788 val_acc=84.08% | lr=3.000000e-06
Saved new best model to /tmp/bow_mlp_imdb_dswbdmfn.pt
Epoch 49/301 | train_loss=0.6063 train_acc=84.76% | val_loss=0.4755 val_acc=84.02% | lr=3.000000e-06
Epoch 50/301 | train_loss=0.6020 train_acc=84.89% | val_loss=0.4725 val_acc=84.14% | lr=3.000000e-06
Saved new best model to /tmp/bow_mlp_imdb_dswbdmfn.pt
Epoch 51/301 | train_loss=0.5979 train_acc=84.91% | val_loss=0.4695 val_acc=84.24% | lr=3.000000e-06
Saved new best model to /tmp/bow_mlp_imdb_dswbdmfn.pt
Epoch 52/301 | train_loss=0.5938 train_acc=84.99% | val_loss=0.4665 val_acc=84.20% | lr=3.000000e-06
Epoch 53/301 | train_loss=0.5898 train_acc=85.10% | val_loss=0.4637 val_acc=84.32% | lr=3.000000e-06
Saved new best model to /tmp/bow_mlp_imdb_dswbdmfn.pt
Epoch 54/301 | train_loss=0.5859 train_acc=85.22% | val_loss=0.4609 val_acc=84.36% | lr=3.000000e-06
Saved new best model to /tmp/bow_mlp_imdb_dswbdmfn.pt
Epoch 55/301 | train_loss=0.5821 train_acc=85.34% | val_loss=0.4583 val_acc=84.42% | lr=3.000000e-06
Saved new best model to /tmp/bow_mlp_imdb_dswbdmfn.pt
Epoch 56/301 | train_loss=0.5783 train_acc=85.39% | val_loss=0.4556 val_acc=84.52% | lr=3.000000e-06
Saved new best model to /tmp/bow_mlp_imdb_dswbdmfn.pt
Epoch 57/301 | train_loss=0.5747 train_acc=85.43% | val_loss=0.4529 val_acc=84.52% | lr=3.000000e-06
Epoch 58/301 | train_loss=0.5711 train_acc=85.52% | val_loss=0.4505 val_acc=84.64% | lr=3.000000e-06
Saved new best model to /tmp/bow_mlp_imdb_dswbdmfn.pt
Epoch 59/301 | train_loss=0.5677 train_acc=85.62% | val_loss=0.4481 val_acc=84.64% | lr=3.000000e-06
Epoch 60/301 | train_loss=0.5642 train_acc=85.70% | val_loss=0.4458 val_acc=84.68% | lr=3.000000e-06
Saved new best model to /tmp/bow_mlp_imdb_dswbdmfn.pt
Epoch 61/301 | train_loss=0.5609 train_acc=85.69% | val_loss=0.4434 val_acc=84.72% | lr=3.000000e-06
Saved new best model to /tmp/bow_mlp_imdb_dswbdmfn.pt
Epoch 62/301 | train_loss=0.5576 train_acc=85.83% | val_loss=0.4411 val_acc=84.72% | lr=3.000000e-06
Epoch 63/301 | train_loss=0.5544 train_acc=85.97% | val_loss=0.4389 val_acc=84.84% | lr=3.000000e-06
Saved new best model to /tmp/bow_mlp_imdb_dswbdmfn.pt
Epoch 64/301 | train_loss=0.5513 train_acc=86.05% | val_loss=0.4367 val_acc=84.90% | lr=3.000000e-06
Saved new best model to /tmp/bow_mlp_imdb_dswbdmfn.pt
Epoch 65/301 | train_loss=0.5483 train_acc=86.06% | val_loss=0.4346 val_acc=84.98% | lr=3.000000e-06
Saved new best model to /tmp/bow_mlp_imdb_dswbdmfn.pt
Epoch 66/301 | train_loss=0.5453 train_acc=86.15% | val_loss=0.4326 val_acc=85.04% | lr=3.000000e-06
Saved new best model to /tmp/bow_mlp_imdb_dswbdmfn.pt
Epoch 67/301 | train_loss=0.5423 train_acc=86.18% | val_loss=0.4306 val_acc=85.14% | lr=3.000000e-06
Saved new best model to /tmp/bow_mlp_imdb_dswbdmfn.pt
Epoch 68/301 | train_loss=0.5394 train_acc=86.20% | val_loss=0.4286 val_acc=85.18% | lr=3.000000e-06
Saved new best model to /tmp/bow_mlp_imdb_dswbdmfn.pt
Epoch 69/301 | train_loss=0.5366 train_acc=86.30% | val_loss=0.4267 val_acc=85.22% | lr=3.000000e-06
Saved new best model to /tmp/bow_mlp_imdb_dswbdmfn.pt
Epoch 70/301 | train_loss=0.5338 train_acc=86.33% | val_loss=0.4248 val_acc=85.24% | lr=3.000000e-06
Saved new best model to /tmp/bow_mlp_imdb_dswbdmfn.pt
Epoch 71/301 | train_loss=0.5311 train_acc=86.36% | val_loss=0.4230 val_acc=85.26% | lr=3.000000e-06
Saved new best model to /tmp/bow_mlp_imdb_dswbdmfn.pt
Epoch 72/301 | train_loss=0.5284 train_acc=86.44% | val_loss=0.4212 val_acc=85.34% | lr=3.000000e-06
Saved new best model to /tmp/bow_mlp_imdb_dswbdmfn.pt
Epoch 73/301 | train_loss=0.5258 train_acc=86.48% | val_loss=0.4194 val_acc=85.44% | lr=3.000000e-06
Saved new best model to /tmp/bow_mlp_imdb_dswbdmfn.pt
Epoch 74/301 | train_loss=0.5232 train_acc=86.48% | val_loss=0.4177 val_acc=85.54% | lr=3.000000e-06
Saved new best model to /tmp/bow_mlp_imdb_dswbdmfn.pt
Epoch 75/301 | train_loss=0.5207 train_acc=86.55% | val_loss=0.4160 val_acc=85.54% | lr=3.000000e-06
Epoch 76/301 | train_loss=0.5182 train_acc=86.63% | val_loss=0.4143 val_acc=85.44% | lr=3.000000e-06
Epoch 77/301 | train_loss=0.5158 train_acc=86.63% | val_loss=0.4128 val_acc=85.54% | lr=3.000000e-06
Epoch 78/301 | train_loss=0.5133 train_acc=86.68% | val_loss=0.4111 val_acc=85.54% | lr=3.000000e-06
Epoch 79/301 | train_loss=0.5110 train_acc=86.76% | val_loss=0.4096 val_acc=85.54% | lr=3.000000e-06
Epoch 80/301 | train_loss=0.5086 train_acc=86.75% | val_loss=0.4082 val_acc=85.62% | lr=3.000000e-06
Saved new best model to /tmp/bow_mlp_imdb_dswbdmfn.pt
Epoch 81/301 | train_loss=0.5064 train_acc=86.83% | val_loss=0.4066 val_acc=85.70% | lr=3.000000e-06
Saved new best model to /tmp/bow_mlp_imdb_dswbdmfn.pt
Epoch 82/301 | train_loss=0.5042 train_acc=86.83% | val_loss=0.4051 val_acc=85.72% | lr=3.000000e-06
Saved new best model to /tmp/bow_mlp_imdb_dswbdmfn.pt
Epoch 83/301 | train_loss=0.5020 train_acc=86.87% | val_loss=0.4037 val_acc=85.80% | lr=3.000000e-06
Saved new best model to /tmp/bow_mlp_imdb_dswbdmfn.pt
Epoch 84/301 | train_loss=0.4998 train_acc=86.89% | val_loss=0.4023 val_acc=85.84% | lr=3.000000e-06
Saved new best model to /tmp/bow_mlp_imdb_dswbdmfn.pt
Epoch 85/301 | train_loss=0.4977 train_acc=86.94% | val_loss=0.4009 val_acc=85.82% | lr=3.000000e-06
Epoch 86/301 | train_loss=0.4956 train_acc=86.94% | val_loss=0.3996 val_acc=85.66% | lr=3.000000e-06
Epoch 87/301 | train_loss=0.4935 train_acc=87.00% | val_loss=0.3983 val_acc=85.78% | lr=3.000000e-06
Epoch 88/301 | train_loss=0.4915 train_acc=87.02% | val_loss=0.3969 val_acc=85.82% | lr=3.000000e-06
Epoch 89/301 | train_loss=0.4895 train_acc=87.05% | val_loss=0.3957 val_acc=85.66% | lr=3.000000e-06
Epoch 90/301 | train_loss=0.4875 train_acc=87.04% | val_loss=0.3945 val_acc=85.84% | lr=3.000000e-06
Epoch 91/301 | train_loss=0.4856 train_acc=87.10% | val_loss=0.3933 val_acc=85.74% | lr=3.000000e-06
Epoch 92/301 | train_loss=0.4837 train_acc=87.14% | val_loss=0.3920 val_acc=85.84% | lr=3.000000e-06
Epoch 93/301 | train_loss=0.4819 train_acc=87.22% | val_loss=0.3908 val_acc=85.88% | lr=3.000000e-06
Saved new best model to /tmp/bow_mlp_imdb_dswbdmfn.pt
Epoch 94/301 | train_loss=0.4800 train_acc=87.25% | val_loss=0.3896 val_acc=85.84% | lr=3.000000e-06
Epoch 95/301 | train_loss=0.4782 train_acc=87.28% | val_loss=0.3885 val_acc=85.86% | lr=3.000000e-06
Epoch 96/301 | train_loss=0.4764 train_acc=87.30% | val_loss=0.3874 val_acc=85.84% | lr=3.000000e-06
Epoch 97/301 | train_loss=0.4746 train_acc=87.31% | val_loss=0.3863 val_acc=85.82% | lr=3.000000e-06
Epoch 98/301 | train_loss=0.4729 train_acc=87.39% | val_loss=0.3852 val_acc=85.90% | lr=3.000000e-06
Saved new best model to /tmp/bow_mlp_imdb_dswbdmfn.pt
Epoch 99/301 | train_loss=0.4712 train_acc=87.38% | val_loss=0.3842 val_acc=85.90% | lr=3.000000e-06
Epoch 100/301 | train_loss=0.4695 train_acc=87.45% | val_loss=0.3832 val_acc=85.88% | lr=3.000000e-06
Epoch 101/301 | train_loss=0.4678 train_acc=87.48% | val_loss=0.3821 val_acc=85.84% | lr=3.000000e-06
Epoch 102/301 | train_loss=0.4662 train_acc=87.48% | val_loss=0.3811 val_acc=85.94% | lr=3.000000e-06
Saved new best model to /tmp/bow_mlp_imdb_dswbdmfn.pt
Epoch 103/301 | train_loss=0.4646 train_acc=87.52% | val_loss=0.3801 val_acc=85.98% | lr=3.000000e-06
Saved new best model to /tmp/bow_mlp_imdb_dswbdmfn.pt
Epoch 104/301 | train_loss=0.4630 train_acc=87.53% | val_loss=0.3793 val_acc=85.98% | lr=3.000000e-06
Epoch 105/301 | train_loss=0.4614 train_acc=87.59% | val_loss=0.3782 val_acc=85.96% | lr=3.000000e-06
Epoch 106/301 | train_loss=0.4599 train_acc=87.57% | val_loss=0.3773 val_acc=85.98% | lr=3.000000e-06
Epoch 107/301 | train_loss=0.4583 train_acc=87.57% | val_loss=0.3763 val_acc=86.02% | lr=3.000000e-06
Saved new best model to /tmp/bow_mlp_imdb_dswbdmfn.pt
Epoch 108/301 | train_loss=0.4568 train_acc=87.65% | val_loss=0.3755 val_acc=86.02% | lr=3.000000e-06
Epoch 109/301 | train_loss=0.4553 train_acc=87.69% | val_loss=0.3746 val_acc=86.08% | lr=3.000000e-06
Saved new best model to /tmp/bow_mlp_imdb_dswbdmfn.pt
Epoch 110/301 | train_loss=0.4539 train_acc=87.73% | val_loss=0.3737 val_acc=86.12% | lr=3.000000e-06
Saved new best model to /tmp/bow_mlp_imdb_dswbdmfn.pt
Epoch 111/301 | train_loss=0.4524 train_acc=87.78% | val_loss=0.3729 val_acc=86.04% | lr=3.000000e-06
Epoch 112/301 | train_loss=0.4510 train_acc=87.81% | val_loss=0.3719 val_acc=86.16% | lr=3.000000e-06
Saved new best model to /tmp/bow_mlp_imdb_dswbdmfn.pt
Epoch 113/301 | train_loss=0.4496 train_acc=87.85% | val_loss=0.3711 val_acc=86.26% | lr=3.000000e-06
Saved new best model to /tmp/bow_mlp_imdb_dswbdmfn.pt
Epoch 114/301 | train_loss=0.4482 train_acc=87.87% | val_loss=0.3704 val_acc=86.16% | lr=3.000000e-06
Epoch 115/301 | train_loss=0.4468 train_acc=87.89% | val_loss=0.3696 val_acc=86.12% | lr=3.000000e-06
Epoch 116/301 | train_loss=0.4455 train_acc=87.91% | val_loss=0.3687 val_acc=86.28% | lr=3.000000e-06
Saved new best model to /tmp/bow_mlp_imdb_dswbdmfn.pt
Epoch 117/301 | train_loss=0.4442 train_acc=87.92% | val_loss=0.3680 val_acc=86.22% | lr=3.000000e-06
Epoch 118/301 | train_loss=0.4428 train_acc=88.00% | val_loss=0.3671 val_acc=86.16% | lr=3.000000e-06
Epoch 119/301 | train_loss=0.4416 train_acc=87.99% | val_loss=0.3664 val_acc=86.22% | lr=3.000000e-06
Epoch 120/301 | train_loss=0.4403 train_acc=88.06% | val_loss=0.3657 val_acc=86.22% | lr=3.000000e-06
Epoch 121/301 | train_loss=0.4390 train_acc=88.05% | val_loss=0.3649 val_acc=86.24% | lr=3.000000e-06
Epoch 122/301 | train_loss=0.4377 train_acc=88.06% | val_loss=0.3642 val_acc=86.24% | lr=3.000000e-06
Epoch 123/301 | train_loss=0.4365 train_acc=88.09% | val_loss=0.3635 val_acc=86.24% | lr=3.000000e-06
Epoch 124/301 | train_loss=0.4353 train_acc=88.12% | val_loss=0.3628 val_acc=86.24% | lr=3.000000e-06
Epoch 125/301 | train_loss=0.4341 train_acc=88.17% | val_loss=0.3621 val_acc=86.28% | lr=3.000000e-06
Epoch 126/301 | train_loss=0.4329 train_acc=88.19% | val_loss=0.3615 val_acc=86.22% | lr=3.000000e-06
Epoch 127/301 | train_loss=0.4317 train_acc=88.19% | val_loss=0.3607 val_acc=86.26% | lr=3.000000e-06
Epoch 128/301 | train_loss=0.4305 train_acc=88.24% | val_loss=0.3602 val_acc=86.28% | lr=3.000000e-06
Epoch 129/301 | train_loss=0.4294 train_acc=88.29% | val_loss=0.3595 val_acc=86.34% | lr=3.000000e-06
Saved new best model to /tmp/bow_mlp_imdb_dswbdmfn.pt
Epoch 130/301 | train_loss=0.4282 train_acc=88.23% | val_loss=0.3588 val_acc=86.30% | lr=3.000000e-06
Epoch 131/301 | train_loss=0.4271 train_acc=88.24% | val_loss=0.3582 val_acc=86.26% | lr=3.000000e-06
Epoch 132/301 | train_loss=0.4260 train_acc=88.27% | val_loss=0.3576 val_acc=86.28% | lr=3.000000e-06
Epoch 133/301 | train_loss=0.4249 train_acc=88.30% | val_loss=0.3570 val_acc=86.34% | lr=3.000000e-06
Epoch 134/301 | train_loss=0.4238 train_acc=88.28% | val_loss=0.3564 val_acc=86.36% | lr=3.000000e-06
Saved new best model to /tmp/bow_mlp_imdb_dswbdmfn.pt
Epoch 135/301 | train_loss=0.4227 train_acc=88.31% | val_loss=0.3557 val_acc=86.44% | lr=3.000000e-06
Saved new best model to /tmp/bow_mlp_imdb_dswbdmfn.pt
Epoch 136/301 | train_loss=0.4216 train_acc=88.33% | val_loss=0.3551 val_acc=86.38% | lr=3.000000e-06
Epoch 137/301 | train_loss=0.4206 train_acc=88.33% | val_loss=0.3546 val_acc=86.40% | lr=3.000000e-06
Epoch 138/301 | train_loss=0.4195 train_acc=88.36% | val_loss=0.3540 val_acc=86.40% | lr=3.000000e-06
Epoch 139/301 | train_loss=0.4185 train_acc=88.34% | val_loss=0.3534 val_acc=86.38% | lr=3.000000e-06
Epoch 140/301 | train_loss=0.4175 train_acc=88.42% | val_loss=0.3529 val_acc=86.42% | lr=3.000000e-06
Epoch 141/301 | train_loss=0.4164 train_acc=88.41% | val_loss=0.3523 val_acc=86.40% | lr=3.000000e-06
Epoch 142/301 | train_loss=0.4154 train_acc=88.37% | val_loss=0.3518 val_acc=86.42% | lr=3.000000e-06
Epoch 143/301 | train_loss=0.4144 train_acc=88.43% | val_loss=0.3513 val_acc=86.42% | lr=3.000000e-06
Epoch 144/301 | train_loss=0.4135 train_acc=88.47% | val_loss=0.3507 val_acc=86.44% | lr=3.000000e-06
Epoch 145/301 | train_loss=0.4125 train_acc=88.48% | val_loss=0.3502 val_acc=86.38% | lr=3.000000e-06
Epoch 146/301 | train_loss=0.4115 train_acc=88.51% | val_loss=0.3498 val_acc=86.44% | lr=3.000000e-06
Epoch 147/301 | train_loss=0.4106 train_acc=88.53% | val_loss=0.3492 val_acc=86.40% | lr=3.000000e-06
Epoch 148/301 | train_loss=0.4096 train_acc=88.55% | val_loss=0.3487 val_acc=86.40% | lr=3.000000e-06
Epoch 149/301 | train_loss=0.4087 train_acc=88.56% | val_loss=0.3483 val_acc=86.44% | lr=3.000000e-06
Epoch 150/301 | train_loss=0.4078 train_acc=88.52% | val_loss=0.3478 val_acc=86.46% | lr=3.000000e-06
Saved new best model to /tmp/bow_mlp_imdb_dswbdmfn.pt
Epoch 151/301 | train_loss=0.4069 train_acc=88.56% | val_loss=0.3472 val_acc=86.36% | lr=3.000000e-06
Epoch 152/301 | train_loss=0.4060 train_acc=88.59% | val_loss=0.3468 val_acc=86.36% | lr=3.000000e-06
Epoch 153/301 | train_loss=0.4051 train_acc=88.58% | val_loss=0.3463 val_acc=86.40% | lr=3.000000e-06
Epoch 154/301 | train_loss=0.4042 train_acc=88.59% | val_loss=0.3459 val_acc=86.34% | lr=3.000000e-06
Epoch 155/301 | train_loss=0.4033 train_acc=88.62% | val_loss=0.3454 val_acc=86.34% | lr=3.000000e-06
Epoch 156/301 | train_loss=0.4024 train_acc=88.61% | val_loss=0.3449 val_acc=86.36% | lr=3.000000e-06
Epoch 157/301 | train_loss=0.4016 train_acc=88.69% | val_loss=0.3445 val_acc=86.36% | lr=3.000000e-06
Epoch 158/301 | train_loss=0.4007 train_acc=88.68% | val_loss=0.3441 val_acc=86.42% | lr=3.000000e-06
Epoch 159/301 | train_loss=0.3999 train_acc=88.69% | val_loss=0.3437 val_acc=86.40% | lr=3.000000e-06
Epoch 160/301 | train_loss=0.3990 train_acc=88.68% | val_loss=0.3433 val_acc=86.42% | lr=3.000000e-06
Epoch 161/301 | train_loss=0.3982 train_acc=88.70% | val_loss=0.3428 val_acc=86.44% | lr=3.000000e-06
Epoch 162/301 | train_loss=0.3974 train_acc=88.73% | val_loss=0.3424 val_acc=86.38% | lr=3.000000e-06
Epoch 163/301 | train_loss=0.3966 train_acc=88.70% | val_loss=0.3420 val_acc=86.48% | lr=3.000000e-06
Saved new best model to /tmp/bow_mlp_imdb_dswbdmfn.pt
Epoch 164/301 | train_loss=0.3957 train_acc=88.74% | val_loss=0.3416 val_acc=86.50% | lr=3.000000e-06
Saved new best model to /tmp/bow_mlp_imdb_dswbdmfn.pt
Epoch 165/301 | train_loss=0.3950 train_acc=88.75% | val_loss=0.3412 val_acc=86.48% | lr=3.000000e-06
Epoch 166/301 | train_loss=0.3941 train_acc=88.78% | val_loss=0.3409 val_acc=86.44% | lr=3.000000e-06
Epoch 167/301 | train_loss=0.3934 train_acc=88.77% | val_loss=0.3404 val_acc=86.40% | lr=3.000000e-06
Epoch 168/301 | train_loss=0.3926 train_acc=88.78% | val_loss=0.3400 val_acc=86.38% | lr=3.000000e-06
Epoch 169/301 | train_loss=0.3918 train_acc=88.84% | val_loss=0.3398 val_acc=86.52% | lr=3.000000e-06
Saved new best model to /tmp/bow_mlp_imdb_dswbdmfn.pt
Epoch 170/301 | train_loss=0.3911 train_acc=88.81% | val_loss=0.3394 val_acc=86.42% | lr=3.000000e-06
Epoch 171/301 | train_loss=0.3903 train_acc=88.83% | val_loss=0.3390 val_acc=86.44% | lr=3.000000e-06
Epoch 172/301 | train_loss=0.3896 train_acc=88.84% | val_loss=0.3386 val_acc=86.42% | lr=3.000000e-06
Epoch 173/301 | train_loss=0.3888 train_acc=88.85% | val_loss=0.3382 val_acc=86.42% | lr=3.000000e-06
Epoch 174/301 | train_loss=0.3880 train_acc=88.89% | val_loss=0.3378 val_acc=86.58% | lr=3.000000e-06
Saved new best model to /tmp/bow_mlp_imdb_dswbdmfn.pt
Epoch 175/301 | train_loss=0.3873 train_acc=88.97% | val_loss=0.3376 val_acc=86.42% | lr=3.000000e-06
Epoch 176/301 | train_loss=0.3866 train_acc=88.96% | val_loss=0.3372 val_acc=86.46% | lr=3.000000e-06
Epoch 177/301 | train_loss=0.3859 train_acc=88.94% | val_loss=0.3368 val_acc=86.50% | lr=3.000000e-06
Epoch 178/301 | train_loss=0.3852 train_acc=88.94% | val_loss=0.3365 val_acc=86.42% | lr=3.000000e-06
Epoch 179/301 | train_loss=0.3845 train_acc=89.02% | val_loss=0.3361 val_acc=86.48% | lr=3.000000e-06
Epoch 180/301 | train_loss=0.3838 train_acc=88.99% | val_loss=0.3358 val_acc=86.56% | lr=3.000000e-06
Epoch 181/301 | train_loss=0.3831 train_acc=89.02% | val_loss=0.3355 val_acc=86.56% | lr=3.000000e-06
Epoch 182/301 | train_loss=0.3824 train_acc=89.03% | val_loss=0.3351 val_acc=86.58% | lr=3.000000e-06
Epoch 183/301 | train_loss=0.3817 train_acc=89.01% | val_loss=0.3349 val_acc=86.52% | lr=3.000000e-06
Epoch 184/301 | train_loss=0.3810 train_acc=89.05% | val_loss=0.3345 val_acc=86.60% | lr=3.000000e-06
Saved new best model to /tmp/bow_mlp_imdb_dswbdmfn.pt
Epoch 185/301 | train_loss=0.3804 train_acc=89.03% | val_loss=0.3343 val_acc=86.56% | lr=3.000000e-06
Epoch 186/301 | train_loss=0.3797 train_acc=89.05% | val_loss=0.3339 val_acc=86.62% | lr=3.000000e-06
Saved new best model to /tmp/bow_mlp_imdb_dswbdmfn.pt
Epoch 187/301 | train_loss=0.3790 train_acc=89.08% | val_loss=0.3336 val_acc=86.66% | lr=3.000000e-06
Saved new best model to /tmp/bow_mlp_imdb_dswbdmfn.pt
Epoch 188/301 | train_loss=0.3784 train_acc=89.09% | val_loss=0.3333 val_acc=86.68% | lr=3.000000e-06
Saved new best model to /tmp/bow_mlp_imdb_dswbdmfn.pt
Epoch 189/301 | train_loss=0.3777 train_acc=89.10% | val_loss=0.3330 val_acc=86.62% | lr=3.000000e-06
Epoch 190/301 | train_loss=0.3771 train_acc=89.12% | val_loss=0.3327 val_acc=86.64% | lr=3.000000e-06
Epoch 191/301 | train_loss=0.3764 train_acc=89.18% | val_loss=0.3325 val_acc=86.68% | lr=3.000000e-06
Epoch 192/301 | train_loss=0.3758 train_acc=89.11% | val_loss=0.3321 val_acc=86.64% | lr=3.000000e-06
Epoch 193/301 | train_loss=0.3752 train_acc=89.20% | val_loss=0.3319 val_acc=86.66% | lr=3.000000e-06
Epoch 194/301 | train_loss=0.3745 train_acc=89.19% | val_loss=0.3316 val_acc=86.72% | lr=3.000000e-06
Saved new best model to /tmp/bow_mlp_imdb_dswbdmfn.pt
Epoch 195/301 | train_loss=0.3739 train_acc=89.22% | val_loss=0.3314 val_acc=86.64% | lr=3.000000e-06
Epoch 196/301 | train_loss=0.3733 train_acc=89.22% | val_loss=0.3311 val_acc=86.72% | lr=3.000000e-06
Epoch 197/301 | train_loss=0.3727 train_acc=89.23% | val_loss=0.3308 val_acc=86.72% | lr=3.000000e-06
Epoch 198/301 | train_loss=0.3721 train_acc=89.23% | val_loss=0.3305 val_acc=86.68% | lr=3.000000e-06
Epoch 199/301 | train_loss=0.3715 train_acc=89.25% | val_loss=0.3302 val_acc=86.70% | lr=3.000000e-06
Epoch 200/301 | train_loss=0.3709 train_acc=89.28% | val_loss=0.3300 val_acc=86.68% | lr=3.000000e-06
Epoch 201/301 | train_loss=0.3702 train_acc=89.34% | val_loss=0.3299 val_acc=86.74% | lr=3.000000e-06
Saved new best model to /tmp/bow_mlp_imdb_dswbdmfn.pt
Epoch 202/301 | train_loss=0.3697 train_acc=89.28% | val_loss=0.3295 val_acc=86.74% | lr=3.000000e-06
Epoch 203/301 | train_loss=0.3691 train_acc=89.28% | val_loss=0.3294 val_acc=86.80% | lr=3.000000e-06
Saved new best model to /tmp/bow_mlp_imdb_dswbdmfn.pt
Epoch 204/301 | train_loss=0.3685 train_acc=89.31% | val_loss=0.3291 val_acc=86.84% | lr=3.000000e-06
Saved new best model to /tmp/bow_mlp_imdb_dswbdmfn.pt
Epoch 205/301 | train_loss=0.3680 train_acc=89.33% | val_loss=0.3288 val_acc=86.76% | lr=3.000000e-06
Epoch 206/301 | train_loss=0.3674 train_acc=89.35% | val_loss=0.3285 val_acc=86.74% | lr=3.000000e-06
Epoch 207/301 | train_loss=0.3668 train_acc=89.36% | val_loss=0.3283 val_acc=86.74% | lr=3.000000e-06
Epoch 208/301 | train_loss=0.3662 train_acc=89.33% | val_loss=0.3281 val_acc=86.76% | lr=3.000000e-06
Epoch 209/301 | train_loss=0.3657 train_acc=89.33% | val_loss=0.3278 val_acc=86.76% | lr=3.000000e-06
Epoch 210/301 | train_loss=0.3651 train_acc=89.42% | val_loss=0.3278 val_acc=86.88% | lr=3.000000e-06
Saved new best model to /tmp/bow_mlp_imdb_dswbdmfn.pt
Epoch 211/301 | train_loss=0.3646 train_acc=89.41% | val_loss=0.3274 val_acc=86.82% | lr=3.000000e-06
Epoch 212/301 | train_loss=0.3640 train_acc=89.41% | val_loss=0.3271 val_acc=86.80% | lr=3.000000e-06
Epoch 213/301 | train_loss=0.3635 train_acc=89.41% | val_loss=0.3269 val_acc=86.82% | lr=3.000000e-06
Epoch 214/301 | train_loss=0.3629 train_acc=89.39% | val_loss=0.3267 val_acc=86.76% | lr=3.000000e-06
Epoch 215/301 | train_loss=0.3624 train_acc=89.41% | val_loss=0.3265 val_acc=86.80% | lr=3.000000e-06
Epoch 216/301 | train_loss=0.3618 train_acc=89.39% | val_loss=0.3263 val_acc=86.84% | lr=3.000000e-06
Epoch 217/301 | train_loss=0.3613 train_acc=89.43% | val_loss=0.3261 val_acc=86.84% | lr=3.000000e-06
Epoch 218/301 | train_loss=0.3608 train_acc=89.44% | val_loss=0.3259 val_acc=86.80% | lr=3.000000e-06
Epoch 219/301 | train_loss=0.3603 train_acc=89.45% | val_loss=0.3257 val_acc=86.84% | lr=3.000000e-06
Epoch 220/301 | train_loss=0.3598 train_acc=89.47% | val_loss=0.3255 val_acc=86.90% | lr=3.000000e-06
Saved new best model to /tmp/bow_mlp_imdb_dswbdmfn.pt
Epoch 221/301 | train_loss=0.3592 train_acc=89.48% | val_loss=0.3253 val_acc=86.86% | lr=3.000000e-06
Epoch 222/301 | train_loss=0.3587 train_acc=89.47% | val_loss=0.3251 val_acc=86.86% | lr=3.000000e-06
Epoch 223/301 | train_loss=0.3582 train_acc=89.52% | val_loss=0.3249 val_acc=86.86% | lr=3.000000e-06
Epoch 224/301 | train_loss=0.3577 train_acc=89.48% | val_loss=0.3247 val_acc=86.88% | lr=3.000000e-06
Epoch 225/301 | train_loss=0.3572 train_acc=89.47% | val_loss=0.3245 val_acc=86.88% | lr=3.000000e-06
Epoch 226/301 | train_loss=0.3567 train_acc=89.55% | val_loss=0.3243 val_acc=86.92% | lr=3.000000e-06
Saved new best model to /tmp/bow_mlp_imdb_dswbdmfn.pt
Epoch 227/301 | train_loss=0.3562 train_acc=89.52% | val_loss=0.3241 val_acc=86.98% | lr=3.000000e-06
Saved new best model to /tmp/bow_mlp_imdb_dswbdmfn.pt
Epoch 228/301 | train_loss=0.3557 train_acc=89.53% | val_loss=0.3239 val_acc=86.98% | lr=3.000000e-06
Epoch 229/301 | train_loss=0.3552 train_acc=89.58% | val_loss=0.3238 val_acc=86.86% | lr=3.000000e-06
Epoch 230/301 | train_loss=0.3548 train_acc=89.59% | val_loss=0.3236 val_acc=86.88% | lr=3.000000e-06
Epoch 231/301 | train_loss=0.3543 train_acc=89.57% | val_loss=0.3234 val_acc=86.90% | lr=3.000000e-06
Epoch 232/301 | train_loss=0.3538 train_acc=89.58% | val_loss=0.3232 val_acc=86.98% | lr=3.000000e-06
Epoch 233/301 | train_loss=0.3533 train_acc=89.59% | val_loss=0.3231 val_acc=86.90% | lr=3.000000e-06
Epoch 234/301 | train_loss=0.3528 train_acc=89.61% | val_loss=0.3229 val_acc=86.90% | lr=3.000000e-06
Epoch 235/301 | train_loss=0.3524 train_acc=89.61% | val_loss=0.3227 val_acc=86.90% | lr=3.000000e-06
Epoch 236/301 | train_loss=0.3519 train_acc=89.61% | val_loss=0.3225 val_acc=86.92% | lr=3.000000e-06
Epoch 237/301 | train_loss=0.3514 train_acc=89.65% | val_loss=0.3223 val_acc=87.04% | lr=3.000000e-06
Saved new best model to /tmp/bow_mlp_imdb_dswbdmfn.pt
Epoch 238/301 | train_loss=0.3510 train_acc=89.66% | val_loss=0.3222 val_acc=87.02% | lr=3.000000e-06
Epoch 239/301 | train_loss=0.3505 train_acc=89.65% | val_loss=0.3220 val_acc=86.96% | lr=3.000000e-06
Epoch 240/301 | train_loss=0.3500 train_acc=89.72% | val_loss=0.3220 val_acc=86.94% | lr=3.000000e-06
Epoch 241/301 | train_loss=0.3496 train_acc=89.69% | val_loss=0.3218 val_acc=86.96% | lr=3.000000e-06
Epoch 242/301 | train_loss=0.3491 train_acc=89.71% | val_loss=0.3216 val_acc=87.02% | lr=3.000000e-06
Epoch 243/301 | train_loss=0.3487 train_acc=89.74% | val_loss=0.3214 val_acc=86.98% | lr=3.000000e-06
Epoch 244/301 | train_loss=0.3482 train_acc=89.69% | val_loss=0.3212 val_acc=87.02% | lr=3.000000e-06
Epoch 245/301 | train_loss=0.3478 train_acc=89.75% | val_loss=0.3211 val_acc=87.04% | lr=3.000000e-06
Epoch 246/301 | train_loss=0.3474 train_acc=89.78% | val_loss=0.3211 val_acc=86.94% | lr=3.000000e-06
Epoch 247/301 | train_loss=0.3469 train_acc=89.77% | val_loss=0.3208 val_acc=87.02% | lr=3.000000e-06
Epoch 248/301 | train_loss=0.3465 train_acc=89.78% | val_loss=0.3207 val_acc=87.02% | lr=3.000000e-06
Epoch 249/301 | train_loss=0.3461 train_acc=89.81% | val_loss=0.3206 val_acc=87.06% | lr=3.000000e-06
Saved new best model to /tmp/bow_mlp_imdb_dswbdmfn.pt
Epoch 250/301 | train_loss=0.3456 train_acc=89.81% | val_loss=0.3205 val_acc=86.98% | lr=3.000000e-06
Epoch 251/301 | train_loss=0.3452 train_acc=89.82% | val_loss=0.3203 val_acc=87.00% | lr=3.000000e-06
Epoch 252/301 | train_loss=0.3448 train_acc=89.81% | val_loss=0.3202 val_acc=87.04% | lr=3.000000e-06
Epoch 253/301 | train_loss=0.3444 train_acc=89.84% | val_loss=0.3200 val_acc=87.02% | lr=3.000000e-06
Epoch 254/301 | train_loss=0.3439 train_acc=89.83% | val_loss=0.3199 val_acc=87.04% | lr=3.000000e-06
Epoch 255/301 | train_loss=0.3435 train_acc=89.85% | val_loss=0.3198 val_acc=87.00% | lr=3.000000e-06
Epoch 256/301 | train_loss=0.3431 train_acc=89.85% | val_loss=0.3196 val_acc=87.04% | lr=3.000000e-06
Epoch 257/301 | train_loss=0.3427 train_acc=89.85% | val_loss=0.3194 val_acc=86.94% | lr=3.000000e-06
Epoch 258/301 | train_loss=0.3423 train_acc=89.88% | val_loss=0.3193 val_acc=87.02% | lr=3.000000e-06
Epoch 259/301 | train_loss=0.3419 train_acc=89.86% | val_loss=0.3192 val_acc=87.02% | lr=3.000000e-06
Epoch 260/301 | train_loss=0.3415 train_acc=89.90% | val_loss=0.3191 val_acc=87.00% | lr=3.000000e-06
Epoch 261/301 | train_loss=0.3411 train_acc=89.94% | val_loss=0.3190 val_acc=87.04% | lr=3.000000e-06
Epoch 262/301 | train_loss=0.3406 train_acc=89.92% | val_loss=0.3188 val_acc=87.00% | lr=3.000000e-06
Epoch 263/301 | train_loss=0.3403 train_acc=89.93% | val_loss=0.3188 val_acc=87.06% | lr=3.000000e-06
Epoch 264/301 | train_loss=0.3398 train_acc=89.97% | val_loss=0.3186 val_acc=86.96% | lr=3.000000e-06
Epoch 265/301 | train_loss=0.3395 train_acc=89.92% | val_loss=0.3185 val_acc=87.02% | lr=3.000000e-06
Epoch 266/301 | train_loss=0.3391 train_acc=89.96% | val_loss=0.3184 val_acc=87.04% | lr=3.000000e-06
Epoch 267/301 | train_loss=0.3387 train_acc=89.94% | val_loss=0.3182 val_acc=87.00% | lr=3.000000e-06
Epoch 268/301 | train_loss=0.3383 train_acc=90.00% | val_loss=0.3182 val_acc=87.06% | lr=3.000000e-06
Epoch 269/301 | train_loss=0.3379 train_acc=89.96% | val_loss=0.3181 val_acc=87.04% | lr=3.000000e-06
Epoch 270/301 | train_loss=0.3375 train_acc=90.01% | val_loss=0.3179 val_acc=86.96% | lr=3.000000e-06
Epoch 271/301 | train_loss=0.3371 train_acc=90.02% | val_loss=0.3178 val_acc=87.04% | lr=3.000000e-06
Epoch 272/301 | train_loss=0.3368 train_acc=90.00% | val_loss=0.3177 val_acc=87.04% | lr=3.000000e-06
Epoch 273/301 | train_loss=0.3364 train_acc=90.04% | val_loss=0.3176 val_acc=87.06% | lr=3.000000e-06
Epoch 274/301 | train_loss=0.3360 train_acc=90.04% | val_loss=0.3175 val_acc=87.02% | lr=3.000000e-06
Epoch 275/301 | train_loss=0.3356 train_acc=90.05% | val_loss=0.3174 val_acc=87.04% | lr=3.000000e-06
Epoch 276/301 | train_loss=0.3353 train_acc=90.05% | val_loss=0.3173 val_acc=87.08% | lr=3.000000e-06
Saved new best model to /tmp/bow_mlp_imdb_dswbdmfn.pt
Epoch 277/301 | train_loss=0.3349 train_acc=90.12% | val_loss=0.3172 val_acc=87.04% | lr=3.000000e-06
Epoch 278/301 | train_loss=0.3345 train_acc=90.05% | val_loss=0.3171 val_acc=87.06% | lr=3.000000e-06
Epoch 279/301 | train_loss=0.3342 train_acc=90.10% | val_loss=0.3170 val_acc=87.06% | lr=3.000000e-06
Epoch 280/301 | train_loss=0.3338 train_acc=90.11% | val_loss=0.3169 val_acc=87.08% | lr=3.000000e-06
Epoch 281/301 | train_loss=0.3334 train_acc=90.11% | val_loss=0.3168 val_acc=87.08% | lr=3.000000e-06
Epoch 282/301 | train_loss=0.3331 train_acc=90.10% | val_loss=0.3167 val_acc=87.10% | lr=3.000000e-06
Saved new best model to /tmp/bow_mlp_imdb_dswbdmfn.pt
Epoch 283/301 | train_loss=0.3327 train_acc=90.12% | val_loss=0.3168 val_acc=87.02% | lr=3.000000e-06
Epoch 284/301 | train_loss=0.3324 train_acc=90.08% | val_loss=0.3167 val_acc=87.02% | lr=3.000000e-06
Epoch 285/301 | train_loss=0.3320 train_acc=90.09% | val_loss=0.3165 val_acc=87.08% | lr=3.000000e-06
Epoch 286/301 | train_loss=0.3317 train_acc=90.12% | val_loss=0.3164 val_acc=87.14% | lr=3.000000e-06
Saved new best model to /tmp/bow_mlp_imdb_dswbdmfn.pt
Epoch 287/301 | train_loss=0.3313 train_acc=90.12% | val_loss=0.3163 val_acc=87.14% | lr=3.000000e-06
Epoch 288/301 | train_loss=0.3310 train_acc=90.14% | val_loss=0.3163 val_acc=87.08% | lr=3.000000e-06
Epoch 289/301 | train_loss=0.3306 train_acc=90.15% | val_loss=0.3161 val_acc=87.18% | lr=3.000000e-06
Saved new best model to /tmp/bow_mlp_imdb_dswbdmfn.pt
Epoch 290/301 | train_loss=0.3303 train_acc=90.15% | val_loss=0.3161 val_acc=87.16% | lr=3.000000e-06
Epoch 291/301 | train_loss=0.3299 train_acc=90.16% | val_loss=0.3160 val_acc=87.10% | lr=3.000000e-06
Epoch 292/301 | train_loss=0.3296 train_acc=90.16% | val_loss=0.3159 val_acc=87.12% | lr=3.000000e-06
Epoch 293/301 | train_loss=0.3293 train_acc=90.19% | val_loss=0.3159 val_acc=87.12% | lr=3.000000e-06
Epoch 294/301 | train_loss=0.3289 train_acc=90.15% | val_loss=0.3157 val_acc=87.18% | lr=3.000000e-06
Epoch 295/301 | train_loss=0.3286 train_acc=90.19% | val_loss=0.3156 val_acc=87.20% | lr=3.000000e-06
Saved new best model to /tmp/bow_mlp_imdb_dswbdmfn.pt
Epoch 296/301 | train_loss=0.3282 train_acc=90.20% | val_loss=0.3156 val_acc=87.16% | lr=3.000000e-06
Epoch 297/301 | train_loss=0.3279 train_acc=90.22% | val_loss=0.3155 val_acc=87.22% | lr=3.000000e-06
Saved new best model to /tmp/bow_mlp_imdb_dswbdmfn.pt
Epoch 298/301 | train_loss=0.3276 train_acc=90.20% | val_loss=0.3155 val_acc=87.12% | lr=3.000000e-06
Epoch 299/301 | train_loss=0.3272 train_acc=90.19% | val_loss=0.3154 val_acc=87.16% | lr=3.000000e-06
Epoch 300/301 | train_loss=0.3269 train_acc=90.22% | val_loss=0.3154 val_acc=87.16% | lr=3.000000e-06
Epoch 301/301 | train_loss=0.3266 train_acc=90.22% | val_loss=0.3152 val_acc=87.22% | lr=3.000000e-06
Epoch 302/301 | train_loss=0.3263 train_acc=90.23% | val_loss=0.3152 val_acc=87.12% | lr=3.000000e-06
Epoch 303/301 | train_loss=0.3259 train_acc=90.20% | val_loss=0.3151 val_acc=87.16% | lr=3.000000e-06
Epoch 304/301 | train_loss=0.3256 train_acc=90.24% | val_loss=0.3150 val_acc=87.12% | lr=3.000000e-06
Epoch 305/301 | train_loss=0.3253 train_acc=90.25% | val_loss=0.3149 val_acc=87.12% | lr=3.000000e-06
Epoch 306/301 | train_loss=0.3250 train_acc=90.23% | val_loss=0.3149 val_acc=87.16% | lr=3.000000e-06
Epoch 307/301 | train_loss=0.3247 train_acc=90.27% | val_loss=0.3148 val_acc=87.10% | lr=3.000000e-06
Epoch 308/301 | train_loss=0.3243 train_acc=90.27% | val_loss=0.3148 val_acc=87.16% | lr=3.000000e-06
Epoch 309/301 | train_loss=0.3240 train_acc=90.28% | val_loss=0.3147 val_acc=87.16% | lr=3.000000e-06
Epoch 310/301 | train_loss=0.3237 train_acc=90.31% | val_loss=0.3146 val_acc=87.10% | lr=3.000000e-06
Epoch 311/301 | train_loss=0.3234 train_acc=90.29% | val_loss=0.3146 val_acc=87.16% | lr=3.000000e-06
Epoch 312/301 | train_loss=0.3231 train_acc=90.28% | val_loss=0.3145 val_acc=87.14% | lr=3.000000e-06
Epoch 313/301 | train_loss=0.3228 train_acc=90.30% | val_loss=0.3144 val_acc=87.14% | lr=3.000000e-06
Epoch 314/301 | train_loss=0.3225 train_acc=90.34% | val_loss=0.3144 val_acc=87.18% | lr=3.000000e-06
Epoch 315/301 | train_loss=0.3222 train_acc=90.35% | val_loss=0.3143 val_acc=87.18% | lr=3.000000e-06
Epoch 316/301 | train_loss=0.3219 train_acc=90.35% | val_loss=0.3143 val_acc=87.22% | lr=3.000000e-06
Epoch 317/301 | train_loss=0.3216 train_acc=90.31% | val_loss=0.3142 val_acc=87.24% | lr=3.000000e-06
Saved new best model to /tmp/bow_mlp_imdb_dswbdmfn.pt
Epoch 318/301 | train_loss=0.3212 train_acc=90.31% | val_loss=0.3141 val_acc=87.10% | lr=3.000000e-06
Epoch 319/301 | train_loss=0.3210 train_acc=90.36% | val_loss=0.3141 val_acc=87.10% | lr=3.000000e-06
Epoch 320/301 | train_loss=0.3207 train_acc=90.35% | val_loss=0.3141 val_acc=87.22% | lr=3.000000e-06
Epoch 321/301 | train_loss=0.3204 train_acc=90.39% | val_loss=0.3140 val_acc=87.20% | lr=3.000000e-06
Epoch 322/301 | train_loss=0.3201 train_acc=90.37% | val_loss=0.3140 val_acc=87.30% | lr=3.000000e-06
Saved new best model to /tmp/bow_mlp_imdb_dswbdmfn.pt
Epoch 323/301 | train_loss=0.3198 train_acc=90.41% | val_loss=0.3140 val_acc=87.28% | lr=3.000000e-06
Epoch 324/301 | train_loss=0.3195 train_acc=90.39% | val_loss=0.3139 val_acc=87.32% | lr=3.000000e-06
Saved new best model to /tmp/bow_mlp_imdb_dswbdmfn.pt
Epoch 325/301 | train_loss=0.3192 train_acc=90.41% | val_loss=0.3138 val_acc=87.32% | lr=3.000000e-06
Epoch 326/301 | train_loss=0.3189 train_acc=90.38% | val_loss=0.3138 val_acc=87.30% | lr=3.000000e-06
Epoch 327/301 | train_loss=0.3186 train_acc=90.42% | val_loss=0.3138 val_acc=87.30% | lr=3.000000e-06
Epoch 328/301 | train_loss=0.3183 train_acc=90.44% | val_loss=0.3137 val_acc=87.20% | lr=3.000000e-06
Epoch 329/301 | train_loss=0.3180 train_acc=90.41% | val_loss=0.3137 val_acc=87.36% | lr=3.000000e-06
Saved new best model to /tmp/bow_mlp_imdb_dswbdmfn.pt
Epoch 330/301 | train_loss=0.3178 train_acc=90.43% | val_loss=0.3136 val_acc=87.28% | lr=3.000000e-06
Epoch 331/301 | train_loss=0.3175 train_acc=90.44% | val_loss=0.3136 val_acc=87.36% | lr=3.000000e-06
Epoch 332/301 | train_loss=0.3172 train_acc=90.42% | val_loss=0.3135 val_acc=87.34% | lr=3.000000e-06
Epoch 333/301 | train_loss=0.3169 train_acc=90.44% | val_loss=0.3135 val_acc=87.12% | lr=3.000000e-06
Epoch 334/301 | train_loss=0.3166 train_acc=90.42% | val_loss=0.3135 val_acc=87.34% | lr=3.000000e-06
Epoch 335/301 | train_loss=0.3164 train_acc=90.44% | val_loss=0.3134 val_acc=87.26% | lr=3.000000e-06
Epoch 336/301 | train_loss=0.3161 train_acc=90.42% | val_loss=0.3135 val_acc=87.28% | lr=3.000000e-06
Epoch 337/301 | train_loss=0.3158 train_acc=90.44% | val_loss=0.3134 val_acc=87.38% | lr=3.000000e-06
Saved new best model to /tmp/bow_mlp_imdb_dswbdmfn.pt
Epoch 338/301 | train_loss=0.3155 train_acc=90.46% | val_loss=0.3133 val_acc=87.36% | lr=3.000000e-06
Epoch 339/301 | train_loss=0.3152 train_acc=90.48% | val_loss=0.3133 val_acc=87.36% | lr=3.000000e-06
Epoch 340/301 | train_loss=0.3150 train_acc=90.46% | val_loss=0.3133 val_acc=87.34% | lr=3.000000e-06
Epoch 341/301 | train_loss=0.3147 train_acc=90.50% | val_loss=0.3132 val_acc=87.34% | lr=3.000000e-06
Epoch 342/301 | train_loss=0.3144 train_acc=90.48% | val_loss=0.3132 val_acc=87.28% | lr=3.000000e-06
Epoch 343/301 | train_loss=0.3142 train_acc=90.46% | val_loss=0.3131 val_acc=87.20% | lr=3.000000e-06
Epoch 344/301 | train_loss=0.3139 train_acc=90.51% | val_loss=0.3131 val_acc=87.34% | lr=3.000000e-06
Epoch 345/301 | train_loss=0.3136 train_acc=90.51% | val_loss=0.3131 val_acc=87.32% | lr=3.000000e-06
Epoch 346/301 | train_loss=0.3134 train_acc=90.52% | val_loss=0.3131 val_acc=87.32% | lr=3.000000e-06
Epoch 347/301 | train_loss=0.3131 train_acc=90.50% | val_loss=0.3130 val_acc=87.28% | lr=3.000000e-06
Epoch 348/301 | train_loss=0.3128 train_acc=90.50% | val_loss=0.3130 val_acc=87.32% | lr=3.000000e-06
Epoch 349/301 | train_loss=0.3126 train_acc=90.53% | val_loss=0.3130 val_acc=87.26% | lr=3.000000e-06
Epoch 350/301 | train_loss=0.3123 train_acc=90.53% | val_loss=0.3130 val_acc=87.26% | lr=3.000000e-06
Epoch 351/301 | train_loss=0.3121 train_acc=90.53% | val_loss=0.3129 val_acc=87.26% | lr=3.000000e-06
Epoch 352/301 | train_loss=0.3118 train_acc=90.52% | val_loss=0.3130 val_acc=87.32% | lr=3.000000e-06
Epoch 353/301 | train_loss=0.3115 train_acc=90.53% | val_loss=0.3128 val_acc=87.28% | lr=3.000000e-06
Epoch 354/301 | train_loss=0.3113 train_acc=90.53% | val_loss=0.3129 val_acc=87.24% | lr=3.000000e-06
Epoch 355/301 | train_loss=0.3110 train_acc=90.55% | val_loss=0.3128 val_acc=87.26% | lr=3.000000e-06
Epoch 356/301 | train_loss=0.3108 train_acc=90.58% | val_loss=0.3128 val_acc=87.20% | lr=3.000000e-06
Epoch 357/301 | train_loss=0.3105 train_acc=90.59% | val_loss=0.3128 val_acc=87.26% | lr=3.000000e-06
Epoch 358/301 | train_loss=0.3103 train_acc=90.59% | val_loss=0.3128 val_acc=87.28% | lr=3.000000e-06
Epoch 359/301 | train_loss=0.3100 train_acc=90.57% | val_loss=0.3128 val_acc=87.22% | lr=3.000000e-06
Epoch 360/301 | train_loss=0.3097 train_acc=90.56% | val_loss=0.3129 val_acc=87.28% | lr=3.000000e-06
Epoch 361/301 | train_loss=0.3095 train_acc=90.58% | val_loss=0.3128 val_acc=87.30% | lr=3.000000e-06
Epoch 362/301 | train_loss=0.3093 train_acc=90.61% | val_loss=0.3127 val_acc=87.22% | lr=3.000000e-06
Epoch 363/301 | train_loss=0.3090 train_acc=90.62% | val_loss=0.3126 val_acc=87.24% | lr=3.000000e-06
Epoch 364/301 | train_loss=0.3088 train_acc=90.59% | val_loss=0.3126 val_acc=87.22% | lr=3.000000e-06
Epoch 365/301 | train_loss=0.3085 train_acc=90.63% | val_loss=0.3126 val_acc=87.24% | lr=3.000000e-06
Epoch 366/301 | train_loss=0.3083 train_acc=90.61% | val_loss=0.3127 val_acc=87.30% | lr=3.000000e-06
Epoch 367/301 | train_loss=0.3080 train_acc=90.62% | val_loss=0.3126 val_acc=87.20% | lr=3.000000e-06
Epoch 368/301 | train_loss=0.3078 train_acc=90.64% | val_loss=0.3126 val_acc=87.18% | lr=3.000000e-06
Epoch 369/301 | train_loss=0.3075 train_acc=90.59% | val_loss=0.3126 val_acc=87.30% | lr=3.000000e-06
Epoch 370/301 | train_loss=0.3073 train_acc=90.64% | val_loss=0.3125 val_acc=87.16% | lr=3.000000e-06
Epoch 371/301 | train_loss=0.3070 train_acc=90.59% | val_loss=0.3127 val_acc=87.32% | lr=3.000000e-06
Epoch 372/301 | train_loss=0.3068 train_acc=90.66% | val_loss=0.3126 val_acc=87.24% | lr=3.000000e-06
Epoch 373/301 | train_loss=0.3066 train_acc=90.63% | val_loss=0.3125 val_acc=87.12% | lr=3.000000e-06
Epoch 374/301 | train_loss=0.3064 train_acc=90.64% | val_loss=0.3125 val_acc=87.20% | lr=3.000000e-06
Epoch 375/301 | train_loss=0.3061 train_acc=90.64% | val_loss=0.3125 val_acc=87.20% | lr=3.000000e-06
Epoch 376/301 | train_loss=0.3059 train_acc=90.66% | val_loss=0.3125 val_acc=87.24% | lr=3.000000e-06
Epoch 377/301 | train_loss=0.3056 train_acc=90.66% | val_loss=0.3125 val_acc=87.22% | lr=3.000000e-06
Epoch 378/301 | train_loss=0.3054 train_acc=90.72% | val_loss=0.3125 val_acc=87.16% | lr=3.000000e-06
Epoch 379/301 | train_loss=0.3052 train_acc=90.64% | val_loss=0.3125 val_acc=87.24% | lr=3.000000e-06
Epoch 380/301 | train_loss=0.3050 train_acc=90.69% | val_loss=0.3124 val_acc=87.24% | lr=3.000000e-06
Epoch 381/301 | train_loss=0.3047 train_acc=90.70% | val_loss=0.3125 val_acc=87.26% | lr=3.000000e-06
Epoch 382/301 | train_loss=0.3045 train_acc=90.70% | val_loss=0.3125 val_acc=87.28% | lr=3.000000e-06
Epoch 383/301 | train_loss=0.3043 train_acc=90.68% | val_loss=0.3126 val_acc=87.26% | lr=3.000000e-06
Epoch 384/301 | train_loss=0.3041 train_acc=90.69% | val_loss=0.3125 val_acc=87.24% | lr=3.000000e-06
Epoch 385/301 | train_loss=0.3038 train_acc=90.69% | val_loss=0.3125 val_acc=87.26% | lr=3.000000e-06
Epoch 386/301 | train_loss=0.3036 train_acc=90.70% | val_loss=0.3125 val_acc=87.26% | lr=3.000000e-06
Epoch 387/301 | train_loss=0.3034 train_acc=90.70% | val_loss=0.3125 val_acc=87.26% | lr=3.000000e-06
Epoch 388/301 | train_loss=0.3031 train_acc=90.73% | val_loss=0.3125 val_acc=87.26% | lr=3.000000e-06
Validation loss has not improved for 8 epochs. Stopping training.
Test loss=0.3171 | Test accuracy=87.07%
