Loading IMDb dataset from local disk: /home/daniel/l/masteruppsats/np-reg/language/data/imdb_hf
Using device: cuda
BoW vocab size: 3125
Epoch 1/301 | train_loss=0.6771 train_acc=60.62% | val_loss=0.6528 val_acc=73.88% | lr=3.000000e-05
Saved new best model to /tmp/bow_mlp_imdb_2mhmp0lk.pt
Epoch 2/301 | train_loss=0.6259 train_acc=74.70% | val_loss=0.5974 val_acc=78.36% | lr=3.000000e-05
Saved new best model to /tmp/bow_mlp_imdb_2mhmp0lk.pt
Epoch 3/301 | train_loss=0.5719 train_acc=78.38% | val_loss=0.5441 val_acc=81.18% | lr=3.000000e-05
Saved new best model to /tmp/bow_mlp_imdb_2mhmp0lk.pt
Epoch 4/301 | train_loss=0.5244 train_acc=80.99% | val_loss=0.5027 val_acc=82.90% | lr=3.000000e-05
Saved new best model to /tmp/bow_mlp_imdb_2mhmp0lk.pt
Epoch 5/301 | train_loss=0.4853 train_acc=82.83% | val_loss=0.4695 val_acc=83.66% | lr=3.000000e-05
Saved new best model to /tmp/bow_mlp_imdb_2mhmp0lk.pt
Epoch 6/301 | train_loss=0.4527 train_acc=84.25% | val_loss=0.4443 val_acc=84.36% | lr=3.000000e-05
Saved new best model to /tmp/bow_mlp_imdb_2mhmp0lk.pt
Epoch 7/301 | train_loss=0.4286 train_acc=84.86% | val_loss=0.4245 val_acc=84.62% | lr=3.000000e-05
Saved new best model to /tmp/bow_mlp_imdb_2mhmp0lk.pt
Epoch 8/301 | train_loss=0.4106 train_acc=85.49% | val_loss=0.4084 val_acc=85.04% | lr=3.000000e-05
Saved new best model to /tmp/bow_mlp_imdb_2mhmp0lk.pt
Epoch 9/301 | train_loss=0.3948 train_acc=85.94% | val_loss=0.3951 val_acc=85.40% | lr=3.000000e-05
Saved new best model to /tmp/bow_mlp_imdb_2mhmp0lk.pt
Epoch 10/301 | train_loss=0.3803 train_acc=86.28% | val_loss=0.3841 val_acc=85.60% | lr=3.000000e-05
Saved new best model to /tmp/bow_mlp_imdb_2mhmp0lk.pt
Epoch 11/301 | train_loss=0.3684 train_acc=86.69% | val_loss=0.3745 val_acc=85.86% | lr=3.000000e-05
Saved new best model to /tmp/bow_mlp_imdb_2mhmp0lk.pt
Epoch 12/301 | train_loss=0.3593 train_acc=86.94% | val_loss=0.3666 val_acc=85.96% | lr=3.000000e-05
Saved new best model to /tmp/bow_mlp_imdb_2mhmp0lk.pt
Epoch 13/301 | train_loss=0.3489 train_acc=87.11% | val_loss=0.3597 val_acc=86.12% | lr=3.000000e-05
Saved new best model to /tmp/bow_mlp_imdb_2mhmp0lk.pt
Epoch 14/301 | train_loss=0.3417 train_acc=87.34% | val_loss=0.3542 val_acc=86.14% | lr=3.000000e-05
Saved new best model to /tmp/bow_mlp_imdb_2mhmp0lk.pt
Epoch 15/301 | train_loss=0.3332 train_acc=87.79% | val_loss=0.3488 val_acc=86.40% | lr=3.000000e-05
Saved new best model to /tmp/bow_mlp_imdb_2mhmp0lk.pt
Epoch 16/301 | train_loss=0.3275 train_acc=87.91% | val_loss=0.3443 val_acc=86.42% | lr=3.000000e-05
Saved new best model to /tmp/bow_mlp_imdb_2mhmp0lk.pt
Epoch 17/301 | train_loss=0.3206 train_acc=88.19% | val_loss=0.3402 val_acc=86.48% | lr=3.000000e-05
Saved new best model to /tmp/bow_mlp_imdb_2mhmp0lk.pt
Epoch 18/301 | train_loss=0.3128 train_acc=88.60% | val_loss=0.3366 val_acc=86.56% | lr=3.000000e-05
Saved new best model to /tmp/bow_mlp_imdb_2mhmp0lk.pt
Epoch 19/301 | train_loss=0.3092 train_acc=88.59% | val_loss=0.3338 val_acc=86.70% | lr=3.000000e-05
Saved new best model to /tmp/bow_mlp_imdb_2mhmp0lk.pt
Epoch 20/301 | train_loss=0.3041 train_acc=88.72% | val_loss=0.3311 val_acc=86.86% | lr=3.000000e-05
Saved new best model to /tmp/bow_mlp_imdb_2mhmp0lk.pt
Epoch 21/301 | train_loss=0.3003 train_acc=88.94% | val_loss=0.3284 val_acc=86.76% | lr=3.000000e-05
Epoch 22/301 | train_loss=0.2969 train_acc=88.88% | val_loss=0.3269 val_acc=86.74% | lr=3.000000e-05
Epoch 23/301 | train_loss=0.2912 train_acc=89.29% | val_loss=0.3245 val_acc=86.70% | lr=3.000000e-05
Epoch 24/301 | train_loss=0.2881 train_acc=89.07% | val_loss=0.3233 val_acc=86.84% | lr=3.000000e-05
Epoch 25/301 | train_loss=0.2844 train_acc=89.19% | val_loss=0.3215 val_acc=86.84% | lr=3.000000e-05
Epoch 26/301 | train_loss=0.2820 train_acc=89.37% | val_loss=0.3203 val_acc=86.86% | lr=3.000000e-05
Epoch 27/301 | train_loss=0.2759 train_acc=89.75% | val_loss=0.3192 val_acc=86.90% | lr=3.000000e-05
Saved new best model to /tmp/bow_mlp_imdb_2mhmp0lk.pt
Epoch 28/301 | train_loss=0.2745 train_acc=89.53% | val_loss=0.3183 val_acc=86.96% | lr=3.000000e-05
Saved new best model to /tmp/bow_mlp_imdb_2mhmp0lk.pt
Epoch 29/301 | train_loss=0.2714 train_acc=89.61% | val_loss=0.3175 val_acc=86.88% | lr=3.000000e-05
Epoch 30/301 | train_loss=0.2701 train_acc=89.75% | val_loss=0.3181 val_acc=87.04% | lr=3.000000e-05
Saved new best model to /tmp/bow_mlp_imdb_2mhmp0lk.pt
Epoch 31/301 | train_loss=0.2653 train_acc=89.98% | val_loss=0.3164 val_acc=87.10% | lr=3.000000e-05
Saved new best model to /tmp/bow_mlp_imdb_2mhmp0lk.pt
Epoch 32/301 | train_loss=0.2628 train_acc=89.96% | val_loss=0.3169 val_acc=87.02% | lr=3.000000e-05
Epoch 33/301 | train_loss=0.2601 train_acc=90.20% | val_loss=0.3158 val_acc=87.06% | lr=3.000000e-05
Epoch 34/301 | train_loss=0.2586 train_acc=90.16% | val_loss=0.3154 val_acc=87.04% | lr=3.000000e-05
Epoch 35/301 | train_loss=0.2558 train_acc=90.29% | val_loss=0.3154 val_acc=87.14% | lr=3.000000e-05
Saved new best model to /tmp/bow_mlp_imdb_2mhmp0lk.pt
Epoch 36/301 | train_loss=0.2543 train_acc=90.11% | val_loss=0.3152 val_acc=87.10% | lr=3.000000e-05
Epoch 37/301 | train_loss=0.2523 train_acc=90.31% | val_loss=0.3150 val_acc=87.02% | lr=3.000000e-05
Epoch 38/301 | train_loss=0.2501 train_acc=90.39% | val_loss=0.3158 val_acc=87.16% | lr=3.000000e-05
Saved new best model to /tmp/bow_mlp_imdb_2mhmp0lk.pt
Epoch 39/301 | train_loss=0.2481 train_acc=90.33% | val_loss=0.3152 val_acc=87.08% | lr=3.000000e-05
Epoch 40/301 | train_loss=0.2467 train_acc=90.55% | val_loss=0.3154 val_acc=87.00% | lr=3.000000e-05
Epoch 41/301 | train_loss=0.2441 train_acc=90.55% | val_loss=0.3158 val_acc=87.16% | lr=3.000000e-05
Epoch 42/301 | train_loss=0.2440 train_acc=90.66% | val_loss=0.3160 val_acc=87.08% | lr=3.000000e-05
Epoch 43/301 | train_loss=0.2420 train_acc=90.64% | val_loss=0.3164 val_acc=87.04% | lr=3.000000e-05
Epoch 44/301 | train_loss=0.2396 train_acc=90.71% | val_loss=0.3169 val_acc=87.04% | lr=3.000000e-05
Epoch 45/301 | train_loss=0.2372 train_acc=90.66% | val_loss=0.3176 val_acc=86.94% | lr=3.000000e-05
Validation loss has not improved for 8 epochs. Stopping training.
Test loss=0.3205 | Test accuracy=86.96%
