Loading IMDb dataset from local disk: /home/daniel/l/masteruppsats/np-reg/language/data/imdb_hf
Using device: cuda
BoW vocab size: 3125
Epoch 1/301 | train_loss=0.6913 train_acc=52.95% | val_loss=0.6819 val_acc=61.50% | lr=1.000000e-05
Saved new best model to /tmp/bow_mlp_imdb_ea3wn_h5.pt
Epoch 2/301 | train_loss=0.6758 train_acc=62.39% | val_loss=0.6677 val_acc=68.98% | lr=1.000000e-05
Saved new best model to /tmp/bow_mlp_imdb_ea3wn_h5.pt
Epoch 3/301 | train_loss=0.6612 train_acc=68.62% | val_loss=0.6524 val_acc=73.96% | lr=1.000000e-05
Saved new best model to /tmp/bow_mlp_imdb_ea3wn_h5.pt
Epoch 4/301 | train_loss=0.6443 train_acc=72.53% | val_loss=0.6330 val_acc=75.96% | lr=1.000000e-05
Saved new best model to /tmp/bow_mlp_imdb_ea3wn_h5.pt
Epoch 5/301 | train_loss=0.6240 train_acc=75.01% | val_loss=0.6136 val_acc=77.44% | lr=1.000000e-05
Saved new best model to /tmp/bow_mlp_imdb_ea3wn_h5.pt
Epoch 6/301 | train_loss=0.6045 train_acc=77.13% | val_loss=0.5950 val_acc=78.98% | lr=1.000000e-05
Saved new best model to /tmp/bow_mlp_imdb_ea3wn_h5.pt
Epoch 7/301 | train_loss=0.5853 train_acc=77.95% | val_loss=0.5758 val_acc=79.70% | lr=1.000000e-05
Saved new best model to /tmp/bow_mlp_imdb_ea3wn_h5.pt
Epoch 8/301 | train_loss=0.5679 train_acc=78.69% | val_loss=0.5598 val_acc=80.44% | lr=1.000000e-05
Saved new best model to /tmp/bow_mlp_imdb_ea3wn_h5.pt
Epoch 9/301 | train_loss=0.5526 train_acc=79.83% | val_loss=0.5453 val_acc=81.00% | lr=1.000000e-05
Saved new best model to /tmp/bow_mlp_imdb_ea3wn_h5.pt
Epoch 10/301 | train_loss=0.5382 train_acc=80.45% | val_loss=0.5316 val_acc=82.00% | lr=1.000000e-05
Saved new best model to /tmp/bow_mlp_imdb_ea3wn_h5.pt
Epoch 11/301 | train_loss=0.5235 train_acc=81.36% | val_loss=0.5174 val_acc=82.52% | lr=1.000000e-05
Saved new best model to /tmp/bow_mlp_imdb_ea3wn_h5.pt
Epoch 12/301 | train_loss=0.5111 train_acc=81.77% | val_loss=0.5050 val_acc=82.92% | lr=1.000000e-05
Saved new best model to /tmp/bow_mlp_imdb_ea3wn_h5.pt
Epoch 13/301 | train_loss=0.4976 train_acc=82.42% | val_loss=0.4936 val_acc=83.50% | lr=1.000000e-05
Saved new best model to /tmp/bow_mlp_imdb_ea3wn_h5.pt
Epoch 14/301 | train_loss=0.4872 train_acc=82.58% | val_loss=0.4834 val_acc=83.58% | lr=1.000000e-05
Saved new best model to /tmp/bow_mlp_imdb_ea3wn_h5.pt
Epoch 15/301 | train_loss=0.4763 train_acc=83.19% | val_loss=0.4741 val_acc=83.74% | lr=1.000000e-05
Saved new best model to /tmp/bow_mlp_imdb_ea3wn_h5.pt
Epoch 16/301 | train_loss=0.4675 train_acc=83.58% | val_loss=0.4651 val_acc=83.92% | lr=1.000000e-05
Saved new best model to /tmp/bow_mlp_imdb_ea3wn_h5.pt
Epoch 17/301 | train_loss=0.4581 train_acc=83.85% | val_loss=0.4569 val_acc=84.10% | lr=1.000000e-05
Saved new best model to /tmp/bow_mlp_imdb_ea3wn_h5.pt
Epoch 18/301 | train_loss=0.4487 train_acc=84.57% | val_loss=0.4492 val_acc=84.24% | lr=1.000000e-05
Saved new best model to /tmp/bow_mlp_imdb_ea3wn_h5.pt
Epoch 19/301 | train_loss=0.4423 train_acc=84.50% | val_loss=0.4421 val_acc=84.28% | lr=1.000000e-05
Saved new best model to /tmp/bow_mlp_imdb_ea3wn_h5.pt
Epoch 20/301 | train_loss=0.4340 train_acc=84.81% | val_loss=0.4354 val_acc=84.42% | lr=1.000000e-05
Saved new best model to /tmp/bow_mlp_imdb_ea3wn_h5.pt
Epoch 21/301 | train_loss=0.4277 train_acc=85.05% | val_loss=0.4294 val_acc=84.50% | lr=1.000000e-05
Saved new best model to /tmp/bow_mlp_imdb_ea3wn_h5.pt
Epoch 22/301 | train_loss=0.4220 train_acc=85.14% | val_loss=0.4233 val_acc=84.72% | lr=1.000000e-05
Saved new best model to /tmp/bow_mlp_imdb_ea3wn_h5.pt
Epoch 23/301 | train_loss=0.4145 train_acc=85.39% | val_loss=0.4179 val_acc=84.78% | lr=1.000000e-05
Saved new best model to /tmp/bow_mlp_imdb_ea3wn_h5.pt
Epoch 24/301 | train_loss=0.4092 train_acc=85.59% | val_loss=0.4128 val_acc=84.92% | lr=1.000000e-05
Saved new best model to /tmp/bow_mlp_imdb_ea3wn_h5.pt
Epoch 25/301 | train_loss=0.4040 train_acc=85.69% | val_loss=0.4079 val_acc=85.18% | lr=1.000000e-05
Saved new best model to /tmp/bow_mlp_imdb_ea3wn_h5.pt
Epoch 26/301 | train_loss=0.3997 train_acc=85.86% | val_loss=0.4035 val_acc=85.14% | lr=1.000000e-05
Epoch 27/301 | train_loss=0.3917 train_acc=86.18% | val_loss=0.3990 val_acc=85.26% | lr=1.000000e-05
Saved new best model to /tmp/bow_mlp_imdb_ea3wn_h5.pt
Epoch 28/301 | train_loss=0.3887 train_acc=86.09% | val_loss=0.3949 val_acc=85.38% | lr=1.000000e-05
Saved new best model to /tmp/bow_mlp_imdb_ea3wn_h5.pt
Epoch 29/301 | train_loss=0.3834 train_acc=86.27% | val_loss=0.3910 val_acc=85.50% | lr=1.000000e-05
Saved new best model to /tmp/bow_mlp_imdb_ea3wn_h5.pt
Epoch 30/301 | train_loss=0.3812 train_acc=86.48% | val_loss=0.3876 val_acc=85.52% | lr=1.000000e-05
Saved new best model to /tmp/bow_mlp_imdb_ea3wn_h5.pt
Epoch 31/301 | train_loss=0.3751 train_acc=86.42% | val_loss=0.3839 val_acc=85.64% | lr=1.000000e-05
Saved new best model to /tmp/bow_mlp_imdb_ea3wn_h5.pt
Epoch 32/301 | train_loss=0.3712 train_acc=86.59% | val_loss=0.3808 val_acc=85.66% | lr=1.000000e-05
Saved new best model to /tmp/bow_mlp_imdb_ea3wn_h5.pt
Epoch 33/301 | train_loss=0.3675 train_acc=86.82% | val_loss=0.3775 val_acc=85.78% | lr=1.000000e-05
Saved new best model to /tmp/bow_mlp_imdb_ea3wn_h5.pt
Epoch 34/301 | train_loss=0.3640 train_acc=86.83% | val_loss=0.3745 val_acc=85.94% | lr=1.000000e-05
Saved new best model to /tmp/bow_mlp_imdb_ea3wn_h5.pt
Epoch 35/301 | train_loss=0.3599 train_acc=87.10% | val_loss=0.3718 val_acc=85.80% | lr=1.000000e-05
Epoch 36/301 | train_loss=0.3570 train_acc=87.05% | val_loss=0.3690 val_acc=85.94% | lr=1.000000e-05
Epoch 37/301 | train_loss=0.3535 train_acc=87.21% | val_loss=0.3664 val_acc=86.10% | lr=1.000000e-05
Saved new best model to /tmp/bow_mlp_imdb_ea3wn_h5.pt
Epoch 38/301 | train_loss=0.3519 train_acc=86.95% | val_loss=0.3640 val_acc=85.98% | lr=1.000000e-05
Epoch 39/301 | train_loss=0.3479 train_acc=87.39% | val_loss=0.3617 val_acc=86.02% | lr=1.000000e-05
Epoch 40/301 | train_loss=0.3459 train_acc=87.34% | val_loss=0.3596 val_acc=86.16% | lr=1.000000e-05
Saved new best model to /tmp/bow_mlp_imdb_ea3wn_h5.pt
Epoch 41/301 | train_loss=0.3416 train_acc=87.50% | val_loss=0.3578 val_acc=86.08% | lr=1.000000e-05
Epoch 42/301 | train_loss=0.3406 train_acc=87.63% | val_loss=0.3555 val_acc=86.28% | lr=1.000000e-05
Saved new best model to /tmp/bow_mlp_imdb_ea3wn_h5.pt
Epoch 43/301 | train_loss=0.3380 train_acc=87.58% | val_loss=0.3536 val_acc=86.38% | lr=1.000000e-05
Saved new best model to /tmp/bow_mlp_imdb_ea3wn_h5.pt
Epoch 44/301 | train_loss=0.3346 train_acc=87.70% | val_loss=0.3518 val_acc=86.36% | lr=1.000000e-05
Epoch 45/301 | train_loss=0.3309 train_acc=87.96% | val_loss=0.3502 val_acc=86.26% | lr=1.000000e-05
Epoch 46/301 | train_loss=0.3289 train_acc=87.97% | val_loss=0.3483 val_acc=86.42% | lr=1.000000e-05
Saved new best model to /tmp/bow_mlp_imdb_ea3wn_h5.pt
Epoch 47/301 | train_loss=0.3281 train_acc=87.84% | val_loss=0.3468 val_acc=86.44% | lr=1.000000e-05
Saved new best model to /tmp/bow_mlp_imdb_ea3wn_h5.pt
Epoch 48/301 | train_loss=0.3236 train_acc=88.24% | val_loss=0.3452 val_acc=86.48% | lr=1.000000e-05
Saved new best model to /tmp/bow_mlp_imdb_ea3wn_h5.pt
Epoch 49/301 | train_loss=0.3233 train_acc=87.96% | val_loss=0.3438 val_acc=86.48% | lr=1.000000e-05
Epoch 50/301 | train_loss=0.3201 train_acc=88.10% | val_loss=0.3423 val_acc=86.50% | lr=1.000000e-05
Saved new best model to /tmp/bow_mlp_imdb_ea3wn_h5.pt
Epoch 51/301 | train_loss=0.3194 train_acc=88.09% | val_loss=0.3410 val_acc=86.56% | lr=1.000000e-05
Saved new best model to /tmp/bow_mlp_imdb_ea3wn_h5.pt
Epoch 52/301 | train_loss=0.3160 train_acc=88.32% | val_loss=0.3397 val_acc=86.58% | lr=1.000000e-05
Saved new best model to /tmp/bow_mlp_imdb_ea3wn_h5.pt
Epoch 53/301 | train_loss=0.3143 train_acc=88.59% | val_loss=0.3385 val_acc=86.50% | lr=1.000000e-05
Epoch 54/301 | train_loss=0.3141 train_acc=88.55% | val_loss=0.3374 val_acc=86.56% | lr=1.000000e-05
Epoch 55/301 | train_loss=0.3103 train_acc=88.63% | val_loss=0.3363 val_acc=86.62% | lr=1.000000e-05
Saved new best model to /tmp/bow_mlp_imdb_ea3wn_h5.pt
Epoch 56/301 | train_loss=0.3105 train_acc=88.34% | val_loss=0.3353 val_acc=86.64% | lr=1.000000e-05
Saved new best model to /tmp/bow_mlp_imdb_ea3wn_h5.pt
Epoch 57/301 | train_loss=0.3078 train_acc=88.67% | val_loss=0.3341 val_acc=86.50% | lr=1.000000e-05
Epoch 58/301 | train_loss=0.3055 train_acc=88.75% | val_loss=0.3331 val_acc=86.64% | lr=1.000000e-05
Epoch 59/301 | train_loss=0.3038 train_acc=88.46% | val_loss=0.3323 val_acc=86.76% | lr=1.000000e-05
Saved new best model to /tmp/bow_mlp_imdb_ea3wn_h5.pt
Epoch 60/301 | train_loss=0.3021 train_acc=88.83% | val_loss=0.3318 val_acc=86.72% | lr=1.000000e-05
Epoch 61/301 | train_loss=0.2998 train_acc=88.83% | val_loss=0.3304 val_acc=86.72% | lr=1.000000e-05
Epoch 62/301 | train_loss=0.2985 train_acc=88.89% | val_loss=0.3295 val_acc=86.64% | lr=1.000000e-05
Epoch 63/301 | train_loss=0.2986 train_acc=88.87% | val_loss=0.3289 val_acc=86.78% | lr=1.000000e-05
Saved new best model to /tmp/bow_mlp_imdb_ea3wn_h5.pt
Epoch 64/301 | train_loss=0.2964 train_acc=88.99% | val_loss=0.3279 val_acc=86.74% | lr=1.000000e-05
Epoch 65/301 | train_loss=0.2944 train_acc=88.92% | val_loss=0.3272 val_acc=86.72% | lr=1.000000e-05
Epoch 66/301 | train_loss=0.2935 train_acc=89.10% | val_loss=0.3265 val_acc=86.76% | lr=1.000000e-05
Epoch 67/301 | train_loss=0.2919 train_acc=89.16% | val_loss=0.3259 val_acc=86.76% | lr=1.000000e-05
Epoch 68/301 | train_loss=0.2904 train_acc=88.89% | val_loss=0.3251 val_acc=86.74% | lr=1.000000e-05
Epoch 69/301 | train_loss=0.2897 train_acc=89.23% | val_loss=0.3248 val_acc=86.82% | lr=1.000000e-05
Saved new best model to /tmp/bow_mlp_imdb_ea3wn_h5.pt
Epoch 70/301 | train_loss=0.2896 train_acc=89.15% | val_loss=0.3240 val_acc=86.76% | lr=1.000000e-05
Epoch 71/301 | train_loss=0.2880 train_acc=89.25% | val_loss=0.3235 val_acc=86.74% | lr=1.000000e-05
Epoch 72/301 | train_loss=0.2858 train_acc=89.22% | val_loss=0.3232 val_acc=86.86% | lr=1.000000e-05
Saved new best model to /tmp/bow_mlp_imdb_ea3wn_h5.pt
Epoch 73/301 | train_loss=0.2858 train_acc=89.35% | val_loss=0.3224 val_acc=86.86% | lr=1.000000e-05
Epoch 74/301 | train_loss=0.2851 train_acc=89.19% | val_loss=0.3222 val_acc=86.94% | lr=1.000000e-05
Saved new best model to /tmp/bow_mlp_imdb_ea3wn_h5.pt
Epoch 75/301 | train_loss=0.2824 train_acc=89.38% | val_loss=0.3216 val_acc=86.94% | lr=1.000000e-05
Epoch 76/301 | train_loss=0.2818 train_acc=89.50% | val_loss=0.3211 val_acc=86.90% | lr=1.000000e-05
Epoch 77/301 | train_loss=0.2796 train_acc=89.44% | val_loss=0.3208 val_acc=87.04% | lr=1.000000e-05
Saved new best model to /tmp/bow_mlp_imdb_ea3wn_h5.pt
Epoch 78/301 | train_loss=0.2797 train_acc=89.58% | val_loss=0.3204 val_acc=87.00% | lr=1.000000e-05
Epoch 79/301 | train_loss=0.2777 train_acc=89.56% | val_loss=0.3198 val_acc=86.86% | lr=1.000000e-05
Epoch 80/301 | train_loss=0.2765 train_acc=89.51% | val_loss=0.3197 val_acc=87.00% | lr=1.000000e-05
Epoch 81/301 | train_loss=0.2768 train_acc=89.68% | val_loss=0.3191 val_acc=86.92% | lr=1.000000e-05
Epoch 82/301 | train_loss=0.2741 train_acc=89.70% | val_loss=0.3187 val_acc=86.96% | lr=1.000000e-05
Epoch 83/301 | train_loss=0.2746 train_acc=89.62% | val_loss=0.3184 val_acc=86.96% | lr=1.000000e-05
Epoch 84/301 | train_loss=0.2721 train_acc=89.63% | val_loss=0.3183 val_acc=87.00% | lr=1.000000e-05
Epoch 85/301 | train_loss=0.2706 train_acc=89.70% | val_loss=0.3178 val_acc=87.00% | lr=1.000000e-05
Epoch 86/301 | train_loss=0.2714 train_acc=89.78% | val_loss=0.3176 val_acc=86.98% | lr=1.000000e-05
Epoch 87/301 | train_loss=0.2702 train_acc=89.80% | val_loss=0.3174 val_acc=87.00% | lr=1.000000e-05
Epoch 88/301 | train_loss=0.2685 train_acc=89.79% | val_loss=0.3172 val_acc=86.98% | lr=1.000000e-05
Epoch 89/301 | train_loss=0.2667 train_acc=89.99% | val_loss=0.3169 val_acc=86.92% | lr=1.000000e-05
Epoch 90/301 | train_loss=0.2685 train_acc=89.84% | val_loss=0.3168 val_acc=87.04% | lr=1.000000e-05
Epoch 91/301 | train_loss=0.2655 train_acc=89.87% | val_loss=0.3167 val_acc=87.00% | lr=1.000000e-05
Epoch 92/301 | train_loss=0.2652 train_acc=89.66% | val_loss=0.3163 val_acc=87.00% | lr=1.000000e-05
Epoch 93/301 | train_loss=0.2643 train_acc=90.00% | val_loss=0.3161 val_acc=87.00% | lr=1.000000e-05
Epoch 94/301 | train_loss=0.2632 train_acc=90.03% | val_loss=0.3160 val_acc=87.08% | lr=1.000000e-05
Saved new best model to /tmp/bow_mlp_imdb_ea3wn_h5.pt
Epoch 95/301 | train_loss=0.2647 train_acc=89.85% | val_loss=0.3159 val_acc=87.08% | lr=1.000000e-05
Epoch 96/301 | train_loss=0.2606 train_acc=89.95% | val_loss=0.3158 val_acc=87.06% | lr=1.000000e-05
Epoch 97/301 | train_loss=0.2612 train_acc=90.10% | val_loss=0.3156 val_acc=87.14% | lr=1.000000e-05
Saved new best model to /tmp/bow_mlp_imdb_ea3wn_h5.pt
Epoch 98/301 | train_loss=0.2609 train_acc=89.95% | val_loss=0.3155 val_acc=87.16% | lr=1.000000e-05
Saved new best model to /tmp/bow_mlp_imdb_ea3wn_h5.pt
Epoch 99/301 | train_loss=0.2599 train_acc=90.06% | val_loss=0.3154 val_acc=87.10% | lr=1.000000e-05
Epoch 100/301 | train_loss=0.2584 train_acc=90.19% | val_loss=0.3158 val_acc=87.12% | lr=1.000000e-05
Epoch 101/301 | train_loss=0.2580 train_acc=90.16% | val_loss=0.3152 val_acc=87.12% | lr=1.000000e-05
Epoch 102/301 | train_loss=0.2572 train_acc=90.18% | val_loss=0.3153 val_acc=87.08% | lr=1.000000e-05
Epoch 103/301 | train_loss=0.2569 train_acc=90.26% | val_loss=0.3152 val_acc=87.02% | lr=1.000000e-05
Epoch 104/301 | train_loss=0.2547 train_acc=90.22% | val_loss=0.3155 val_acc=87.24% | lr=1.000000e-05
Saved new best model to /tmp/bow_mlp_imdb_ea3wn_h5.pt
Epoch 105/301 | train_loss=0.2554 train_acc=90.33% | val_loss=0.3151 val_acc=87.02% | lr=1.000000e-05
Epoch 106/301 | train_loss=0.2534 train_acc=90.53% | val_loss=0.3151 val_acc=87.08% | lr=1.000000e-05
Epoch 107/301 | train_loss=0.2538 train_acc=90.33% | val_loss=0.3151 val_acc=87.12% | lr=1.000000e-05
Epoch 108/301 | train_loss=0.2518 train_acc=90.29% | val_loss=0.3153 val_acc=87.20% | lr=1.000000e-05
Epoch 109/301 | train_loss=0.2512 train_acc=90.41% | val_loss=0.3151 val_acc=87.14% | lr=1.000000e-05
Epoch 110/301 | train_loss=0.2508 train_acc=90.32% | val_loss=0.3151 val_acc=87.04% | lr=1.000000e-05
Epoch 111/301 | train_loss=0.2500 train_acc=90.28% | val_loss=0.3158 val_acc=87.06% | lr=1.000000e-05
Epoch 112/301 | train_loss=0.2491 train_acc=90.39% | val_loss=0.3151 val_acc=86.98% | lr=1.000000e-05
Epoch 113/301 | train_loss=0.2494 train_acc=90.32% | val_loss=0.3151 val_acc=87.00% | lr=1.000000e-05
Epoch 114/301 | train_loss=0.2478 train_acc=90.41% | val_loss=0.3154 val_acc=87.10% | lr=1.000000e-05
Epoch 115/301 | train_loss=0.2479 train_acc=90.40% | val_loss=0.3155 val_acc=87.14% | lr=1.000000e-05
Epoch 116/301 | train_loss=0.2477 train_acc=90.50% | val_loss=0.3152 val_acc=87.10% | lr=1.000000e-05
Epoch 117/301 | train_loss=0.2469 train_acc=90.49% | val_loss=0.3154 val_acc=87.14% | lr=1.000000e-05
Epoch 118/301 | train_loss=0.2470 train_acc=90.54% | val_loss=0.3156 val_acc=86.98% | lr=1.000000e-05
Validation loss has not improved for 8 epochs. Stopping training.
Test loss=0.3195 | Test accuracy=86.98%
