Loading IMDb dataset from local disk: /home/daniel/l/masteruppsats/np-reg/language/data/imdb_hf
Using device: cuda
BoW vocab size: 3125
Epoch 1/301 | train_loss=56.1475 train_acc=49.78% | val_loss=0.7188 val_acc=50.10% | lr=3.000000e-05
Saved new best model to /tmp/bow_mlp_imdb_4yokotsa.pt
Epoch 2/301 | train_loss=16.9181 train_acc=49.28% | val_loss=0.6954 val_acc=50.98% | lr=3.000000e-05
Saved new best model to /tmp/bow_mlp_imdb_4yokotsa.pt
Epoch 3/301 | train_loss=4.9818 train_acc=52.26% | val_loss=0.6862 val_acc=55.90% | lr=3.000000e-05
Saved new best model to /tmp/bow_mlp_imdb_4yokotsa.pt
Epoch 4/301 | train_loss=2.5356 train_acc=58.54% | val_loss=0.6729 val_acc=63.40% | lr=3.000000e-05
Saved new best model to /tmp/bow_mlp_imdb_4yokotsa.pt
Epoch 5/301 | train_loss=2.2205 train_acc=66.25% | val_loss=0.6556 val_acc=69.70% | lr=3.000000e-05
Saved new best model to /tmp/bow_mlp_imdb_4yokotsa.pt
Epoch 6/301 | train_loss=2.1224 train_acc=72.78% | val_loss=0.6353 val_acc=75.16% | lr=3.000000e-05
Saved new best model to /tmp/bow_mlp_imdb_4yokotsa.pt
Epoch 7/301 | train_loss=2.0247 train_acc=76.77% | val_loss=0.6137 val_acc=77.98% | lr=3.000000e-05
Saved new best model to /tmp/bow_mlp_imdb_4yokotsa.pt
Epoch 8/301 | train_loss=1.9216 train_acc=79.27% | val_loss=0.5907 val_acc=79.72% | lr=3.000000e-05
Saved new best model to /tmp/bow_mlp_imdb_4yokotsa.pt
Epoch 9/301 | train_loss=1.8165 train_acc=80.88% | val_loss=0.5680 val_acc=81.18% | lr=3.000000e-05
Saved new best model to /tmp/bow_mlp_imdb_4yokotsa.pt
Epoch 10/301 | train_loss=1.7131 train_acc=81.98% | val_loss=0.5464 val_acc=82.04% | lr=3.000000e-05
Saved new best model to /tmp/bow_mlp_imdb_4yokotsa.pt
Epoch 11/301 | train_loss=1.6159 train_acc=82.86% | val_loss=0.5257 val_acc=83.30% | lr=3.000000e-05
Saved new best model to /tmp/bow_mlp_imdb_4yokotsa.pt
Epoch 12/301 | train_loss=1.5261 train_acc=83.69% | val_loss=0.5069 val_acc=83.98% | lr=3.000000e-05
Saved new best model to /tmp/bow_mlp_imdb_4yokotsa.pt
Epoch 13/301 | train_loss=1.4455 train_acc=84.36% | val_loss=0.4889 val_acc=83.86% | lr=3.000000e-05
Epoch 14/301 | train_loss=1.3735 train_acc=84.84% | val_loss=0.4742 val_acc=84.60% | lr=3.000000e-05
Saved new best model to /tmp/bow_mlp_imdb_4yokotsa.pt
Epoch 15/301 | train_loss=1.3102 train_acc=85.17% | val_loss=0.4583 val_acc=84.68% | lr=3.000000e-05
Saved new best model to /tmp/bow_mlp_imdb_4yokotsa.pt
Epoch 16/301 | train_loss=1.2548 train_acc=85.67% | val_loss=0.4451 val_acc=85.24% | lr=3.000000e-05
Saved new best model to /tmp/bow_mlp_imdb_4yokotsa.pt
Epoch 17/301 | train_loss=1.2057 train_acc=86.00% | val_loss=0.4331 val_acc=85.50% | lr=3.000000e-05
Saved new best model to /tmp/bow_mlp_imdb_4yokotsa.pt
Epoch 18/301 | train_loss=1.1623 train_acc=86.32% | val_loss=0.4222 val_acc=85.66% | lr=3.000000e-05
Saved new best model to /tmp/bow_mlp_imdb_4yokotsa.pt
Epoch 19/301 | train_loss=1.1239 train_acc=86.58% | val_loss=0.4130 val_acc=85.86% | lr=3.000000e-05
Saved new best model to /tmp/bow_mlp_imdb_4yokotsa.pt
Epoch 20/301 | train_loss=1.0899 train_acc=86.73% | val_loss=0.4038 val_acc=85.94% | lr=3.000000e-05
Saved new best model to /tmp/bow_mlp_imdb_4yokotsa.pt
Epoch 21/301 | train_loss=1.0592 train_acc=86.95% | val_loss=0.3957 val_acc=85.98% | lr=3.000000e-05
Saved new best model to /tmp/bow_mlp_imdb_4yokotsa.pt
Epoch 22/301 | train_loss=1.0311 train_acc=87.11% | val_loss=0.3886 val_acc=86.12% | lr=3.000000e-05
Saved new best model to /tmp/bow_mlp_imdb_4yokotsa.pt
Epoch 23/301 | train_loss=1.0056 train_acc=87.31% | val_loss=0.3821 val_acc=86.22% | lr=3.000000e-05
Saved new best model to /tmp/bow_mlp_imdb_4yokotsa.pt
Epoch 24/301 | train_loss=0.9833 train_acc=87.50% | val_loss=0.3767 val_acc=86.20% | lr=3.000000e-05
Epoch 25/301 | train_loss=0.9624 train_acc=87.76% | val_loss=0.3708 val_acc=86.20% | lr=3.000000e-05
Epoch 26/301 | train_loss=0.9430 train_acc=87.93% | val_loss=0.3658 val_acc=86.18% | lr=3.000000e-05
Epoch 27/301 | train_loss=0.9251 train_acc=88.05% | val_loss=0.3613 val_acc=86.26% | lr=3.000000e-05
Saved new best model to /tmp/bow_mlp_imdb_4yokotsa.pt
Epoch 28/301 | train_loss=0.9080 train_acc=88.17% | val_loss=0.3574 val_acc=86.28% | lr=3.000000e-05
Saved new best model to /tmp/bow_mlp_imdb_4yokotsa.pt
Epoch 29/301 | train_loss=0.8922 train_acc=88.34% | val_loss=0.3535 val_acc=86.34% | lr=3.000000e-05
Saved new best model to /tmp/bow_mlp_imdb_4yokotsa.pt
Epoch 30/301 | train_loss=0.8773 train_acc=88.35% | val_loss=0.3506 val_acc=86.54% | lr=3.000000e-05
Saved new best model to /tmp/bow_mlp_imdb_4yokotsa.pt
Epoch 31/301 | train_loss=0.8636 train_acc=88.57% | val_loss=0.3468 val_acc=86.44% | lr=3.000000e-05
Epoch 32/301 | train_loss=0.8504 train_acc=88.69% | val_loss=0.3449 val_acc=86.74% | lr=3.000000e-05
Saved new best model to /tmp/bow_mlp_imdb_4yokotsa.pt
Epoch 33/301 | train_loss=0.8384 train_acc=88.73% | val_loss=0.3413 val_acc=86.38% | lr=3.000000e-05
Epoch 34/301 | train_loss=0.8266 train_acc=88.81% | val_loss=0.3387 val_acc=86.56% | lr=3.000000e-05
Epoch 35/301 | train_loss=0.8153 train_acc=88.91% | val_loss=0.3367 val_acc=86.84% | lr=3.000000e-05
Saved new best model to /tmp/bow_mlp_imdb_4yokotsa.pt
Epoch 36/301 | train_loss=0.8050 train_acc=88.98% | val_loss=0.3343 val_acc=86.80% | lr=3.000000e-05
Epoch 37/301 | train_loss=0.7950 train_acc=89.16% | val_loss=0.3325 val_acc=86.84% | lr=3.000000e-05
Epoch 38/301 | train_loss=0.7849 train_acc=89.21% | val_loss=0.3309 val_acc=86.90% | lr=3.000000e-05
Saved new best model to /tmp/bow_mlp_imdb_4yokotsa.pt
Epoch 39/301 | train_loss=0.7758 train_acc=89.21% | val_loss=0.3289 val_acc=86.70% | lr=3.000000e-05
Epoch 40/301 | train_loss=0.7672 train_acc=89.34% | val_loss=0.3273 val_acc=86.80% | lr=3.000000e-05
Epoch 41/301 | train_loss=0.7586 train_acc=89.39% | val_loss=0.3264 val_acc=86.96% | lr=3.000000e-05
Saved new best model to /tmp/bow_mlp_imdb_4yokotsa.pt
Epoch 42/301 | train_loss=0.7507 train_acc=89.53% | val_loss=0.3247 val_acc=86.88% | lr=3.000000e-05
Epoch 43/301 | train_loss=0.7430 train_acc=89.48% | val_loss=0.3234 val_acc=86.92% | lr=3.000000e-05
Epoch 44/301 | train_loss=0.7352 train_acc=89.55% | val_loss=0.3223 val_acc=87.08% | lr=3.000000e-05
Saved new best model to /tmp/bow_mlp_imdb_4yokotsa.pt
Epoch 45/301 | train_loss=0.7283 train_acc=89.60% | val_loss=0.3213 val_acc=87.08% | lr=3.000000e-05
Epoch 46/301 | train_loss=0.7213 train_acc=89.75% | val_loss=0.3204 val_acc=87.08% | lr=3.000000e-05
Epoch 47/301 | train_loss=0.7147 train_acc=89.77% | val_loss=0.3195 val_acc=87.06% | lr=3.000000e-05
Epoch 48/301 | train_loss=0.7081 train_acc=89.88% | val_loss=0.3187 val_acc=87.02% | lr=3.000000e-05
Epoch 49/301 | train_loss=0.7018 train_acc=89.91% | val_loss=0.3180 val_acc=87.02% | lr=3.000000e-05
Epoch 50/301 | train_loss=0.6957 train_acc=89.98% | val_loss=0.3173 val_acc=87.10% | lr=3.000000e-05
Saved new best model to /tmp/bow_mlp_imdb_4yokotsa.pt
Epoch 51/301 | train_loss=0.6901 train_acc=90.03% | val_loss=0.3167 val_acc=87.12% | lr=3.000000e-05
Saved new best model to /tmp/bow_mlp_imdb_4yokotsa.pt
Epoch 52/301 | train_loss=0.6844 train_acc=90.03% | val_loss=0.3163 val_acc=87.10% | lr=3.000000e-05
Epoch 53/301 | train_loss=0.6786 train_acc=90.15% | val_loss=0.3160 val_acc=87.22% | lr=3.000000e-05
Saved new best model to /tmp/bow_mlp_imdb_4yokotsa.pt
Epoch 54/301 | train_loss=0.6734 train_acc=90.15% | val_loss=0.3153 val_acc=87.12% | lr=3.000000e-05
Epoch 55/301 | train_loss=0.6683 train_acc=90.14% | val_loss=0.3154 val_acc=87.40% | lr=3.000000e-05
Saved new best model to /tmp/bow_mlp_imdb_4yokotsa.pt
Epoch 56/301 | train_loss=0.6632 train_acc=90.30% | val_loss=0.3156 val_acc=87.26% | lr=3.000000e-05
Epoch 57/301 | train_loss=0.6584 train_acc=90.25% | val_loss=0.3143 val_acc=87.16% | lr=3.000000e-05
Epoch 58/301 | train_loss=0.6534 train_acc=90.32% | val_loss=0.3145 val_acc=87.24% | lr=3.000000e-05
Epoch 59/301 | train_loss=0.6487 train_acc=90.34% | val_loss=0.3139 val_acc=87.16% | lr=3.000000e-05
Epoch 60/301 | train_loss=0.6445 train_acc=90.44% | val_loss=0.3143 val_acc=87.16% | lr=3.000000e-05
Epoch 61/301 | train_loss=0.6401 train_acc=90.50% | val_loss=0.3137 val_acc=87.22% | lr=3.000000e-05
Epoch 62/301 | train_loss=0.6357 train_acc=90.48% | val_loss=0.3138 val_acc=87.08% | lr=3.000000e-05
Epoch 63/301 | train_loss=0.6314 train_acc=90.52% | val_loss=0.3136 val_acc=87.24% | lr=3.000000e-05
Epoch 64/301 | train_loss=0.6275 train_acc=90.53% | val_loss=0.3136 val_acc=87.20% | lr=3.000000e-05
Epoch 65/301 | train_loss=0.6235 train_acc=90.66% | val_loss=0.3136 val_acc=87.20% | lr=3.000000e-05
Epoch 66/301 | train_loss=0.6195 train_acc=90.62% | val_loss=0.3138 val_acc=87.12% | lr=3.000000e-05
Epoch 67/301 | train_loss=0.6158 train_acc=90.72% | val_loss=0.3137 val_acc=87.22% | lr=3.000000e-05
Epoch 68/301 | train_loss=0.6122 train_acc=90.69% | val_loss=0.3137 val_acc=87.08% | lr=3.000000e-05
Epoch 69/301 | train_loss=0.6085 train_acc=90.72% | val_loss=0.3140 val_acc=87.08% | lr=3.000000e-05
Epoch 70/301 | train_loss=0.6050 train_acc=90.85% | val_loss=0.3140 val_acc=87.04% | lr=3.000000e-05
Epoch 71/301 | train_loss=0.6015 train_acc=90.77% | val_loss=0.3143 val_acc=87.00% | lr=3.000000e-05
Epoch 72/301 | train_loss=0.5983 train_acc=90.81% | val_loss=0.3145 val_acc=87.14% | lr=3.000000e-05
Epoch 73/301 | train_loss=0.5949 train_acc=90.89% | val_loss=0.3146 val_acc=87.06% | lr=3.000000e-05
Validation loss has not improved for 8 epochs. Stopping training.
Test loss=0.3177 | Test accuracy=87.14%
