Loading IMDb dataset from local disk: /home/daniel/l/masteruppsats/np-reg/language/data/imdb_hf
Using device: cuda
BoW vocab size: 3125
Epoch 1/301 | train_loss=0.6748 train_acc=63.17% | val_loss=0.6499 val_acc=74.44% | lr=3.000000e-05
Saved new best model to /tmp/bow_mlp_imdb_c4odp5c0.pt
Epoch 2/301 | train_loss=0.6196 train_acc=76.70% | val_loss=0.5918 val_acc=78.34% | lr=3.000000e-05
Saved new best model to /tmp/bow_mlp_imdb_c4odp5c0.pt
Epoch 3/301 | train_loss=0.5627 train_acc=80.25% | val_loss=0.5373 val_acc=81.50% | lr=3.000000e-05
Saved new best model to /tmp/bow_mlp_imdb_c4odp5c0.pt
Epoch 4/301 | train_loss=0.5112 train_acc=82.56% | val_loss=0.4932 val_acc=83.12% | lr=3.000000e-05
Saved new best model to /tmp/bow_mlp_imdb_c4odp5c0.pt
Epoch 5/301 | train_loss=0.4701 train_acc=84.15% | val_loss=0.4607 val_acc=83.94% | lr=3.000000e-05
Saved new best model to /tmp/bow_mlp_imdb_c4odp5c0.pt
Epoch 6/301 | train_loss=0.4394 train_acc=85.12% | val_loss=0.4361 val_acc=84.32% | lr=3.000000e-05
Saved new best model to /tmp/bow_mlp_imdb_c4odp5c0.pt
Epoch 7/301 | train_loss=0.4152 train_acc=86.05% | val_loss=0.4170 val_acc=84.72% | lr=3.000000e-05
Saved new best model to /tmp/bow_mlp_imdb_c4odp5c0.pt
Epoch 8/301 | train_loss=0.3957 train_acc=86.46% | val_loss=0.4012 val_acc=85.18% | lr=3.000000e-05
Saved new best model to /tmp/bow_mlp_imdb_c4odp5c0.pt
Epoch 9/301 | train_loss=0.3793 train_acc=86.82% | val_loss=0.3881 val_acc=85.42% | lr=3.000000e-05
Saved new best model to /tmp/bow_mlp_imdb_c4odp5c0.pt
Epoch 10/301 | train_loss=0.3654 train_acc=87.28% | val_loss=0.3777 val_acc=85.64% | lr=3.000000e-05
Saved new best model to /tmp/bow_mlp_imdb_c4odp5c0.pt
Epoch 11/301 | train_loss=0.3537 train_acc=87.59% | val_loss=0.3682 val_acc=85.94% | lr=3.000000e-05
Saved new best model to /tmp/bow_mlp_imdb_c4odp5c0.pt
Epoch 12/301 | train_loss=0.3431 train_acc=87.96% | val_loss=0.3606 val_acc=86.00% | lr=3.000000e-05
Saved new best model to /tmp/bow_mlp_imdb_c4odp5c0.pt
Epoch 13/301 | train_loss=0.3340 train_acc=88.06% | val_loss=0.3540 val_acc=86.24% | lr=3.000000e-05
Saved new best model to /tmp/bow_mlp_imdb_c4odp5c0.pt
Epoch 14/301 | train_loss=0.3260 train_acc=88.24% | val_loss=0.3491 val_acc=86.22% | lr=3.000000e-05
Epoch 15/301 | train_loss=0.3187 train_acc=88.44% | val_loss=0.3436 val_acc=86.40% | lr=3.000000e-05
Saved new best model to /tmp/bow_mlp_imdb_c4odp5c0.pt
Epoch 16/301 | train_loss=0.3120 train_acc=88.55% | val_loss=0.3392 val_acc=86.40% | lr=3.000000e-05
Epoch 17/301 | train_loss=0.3061 train_acc=88.81% | val_loss=0.3355 val_acc=86.46% | lr=3.000000e-05
Saved new best model to /tmp/bow_mlp_imdb_c4odp5c0.pt
Epoch 18/301 | train_loss=0.3004 train_acc=89.00% | val_loss=0.3323 val_acc=86.54% | lr=3.000000e-05
Saved new best model to /tmp/bow_mlp_imdb_c4odp5c0.pt
Epoch 19/301 | train_loss=0.2955 train_acc=89.14% | val_loss=0.3299 val_acc=86.74% | lr=3.000000e-05
Saved new best model to /tmp/bow_mlp_imdb_c4odp5c0.pt
Epoch 20/301 | train_loss=0.2910 train_acc=89.20% | val_loss=0.3275 val_acc=86.74% | lr=3.000000e-05
Epoch 21/301 | train_loss=0.2867 train_acc=89.42% | val_loss=0.3248 val_acc=86.70% | lr=3.000000e-05
Epoch 22/301 | train_loss=0.2825 train_acc=89.58% | val_loss=0.3236 val_acc=86.82% | lr=3.000000e-05
Saved new best model to /tmp/bow_mlp_imdb_c4odp5c0.pt
Epoch 23/301 | train_loss=0.2788 train_acc=89.60% | val_loss=0.3215 val_acc=86.84% | lr=3.000000e-05
Saved new best model to /tmp/bow_mlp_imdb_c4odp5c0.pt
Epoch 24/301 | train_loss=0.2754 train_acc=89.79% | val_loss=0.3206 val_acc=86.82% | lr=3.000000e-05
Epoch 25/301 | train_loss=0.2720 train_acc=89.89% | val_loss=0.3186 val_acc=86.76% | lr=3.000000e-05
Epoch 26/301 | train_loss=0.2692 train_acc=89.99% | val_loss=0.3175 val_acc=86.84% | lr=3.000000e-05
Epoch 27/301 | train_loss=0.2662 train_acc=90.05% | val_loss=0.3166 val_acc=86.88% | lr=3.000000e-05
Saved new best model to /tmp/bow_mlp_imdb_c4odp5c0.pt
Epoch 28/301 | train_loss=0.2635 train_acc=90.16% | val_loss=0.3160 val_acc=86.90% | lr=3.000000e-05
Saved new best model to /tmp/bow_mlp_imdb_c4odp5c0.pt
Epoch 29/301 | train_loss=0.2609 train_acc=90.15% | val_loss=0.3153 val_acc=86.96% | lr=3.000000e-05
Saved new best model to /tmp/bow_mlp_imdb_c4odp5c0.pt
Epoch 30/301 | train_loss=0.2585 train_acc=90.25% | val_loss=0.3158 val_acc=87.10% | lr=3.000000e-05
Saved new best model to /tmp/bow_mlp_imdb_c4odp5c0.pt
Epoch 31/301 | train_loss=0.2562 train_acc=90.31% | val_loss=0.3143 val_acc=87.02% | lr=3.000000e-05
Epoch 32/301 | train_loss=0.2539 train_acc=90.42% | val_loss=0.3150 val_acc=87.10% | lr=3.000000e-05
Epoch 33/301 | train_loss=0.2519 train_acc=90.43% | val_loss=0.3140 val_acc=86.96% | lr=3.000000e-05
Epoch 34/301 | train_loss=0.2499 train_acc=90.56% | val_loss=0.3136 val_acc=87.10% | lr=3.000000e-05
Epoch 35/301 | train_loss=0.2479 train_acc=90.62% | val_loss=0.3137 val_acc=87.14% | lr=3.000000e-05
Saved new best model to /tmp/bow_mlp_imdb_c4odp5c0.pt
Epoch 36/301 | train_loss=0.2462 train_acc=90.70% | val_loss=0.3135 val_acc=87.14% | lr=3.000000e-05
Epoch 37/301 | train_loss=0.2446 train_acc=90.70% | val_loss=0.3135 val_acc=87.16% | lr=3.000000e-05
Saved new best model to /tmp/bow_mlp_imdb_c4odp5c0.pt
Epoch 38/301 | train_loss=0.2425 train_acc=90.77% | val_loss=0.3144 val_acc=86.96% | lr=3.000000e-05
Epoch 39/301 | train_loss=0.2410 train_acc=90.76% | val_loss=0.3138 val_acc=87.06% | lr=3.000000e-05
Epoch 40/301 | train_loss=0.2395 train_acc=90.85% | val_loss=0.3140 val_acc=87.08% | lr=3.000000e-05
Epoch 41/301 | train_loss=0.2381 train_acc=90.89% | val_loss=0.3146 val_acc=86.98% | lr=3.000000e-05
Epoch 42/301 | train_loss=0.2366 train_acc=90.85% | val_loss=0.3146 val_acc=87.08% | lr=3.000000e-05
Epoch 43/301 | train_loss=0.2354 train_acc=90.95% | val_loss=0.3150 val_acc=87.00% | lr=3.000000e-05
Epoch 44/301 | train_loss=0.2341 train_acc=90.97% | val_loss=0.3153 val_acc=86.92% | lr=3.000000e-05
Validation loss has not improved for 8 epochs. Stopping training.
Test loss=0.3185 | Test accuracy=86.96%
