Loading IMDb dataset from local disk: /home/daniel/l/masteruppsats/np-reg/language/data/imdb_hf
Using device: cuda
BoW vocab size: 3125
W0421 01:29:13.522000 2121434 site-packages/torch/_inductor/utils.py:1679] [0/0] Not enough SMs to use max_autotune_gemm mode
Epoch 1/301 | train_loss=0.7023 train_acc=49.63% | val_loss=0.6916 val_acc=53.60% | lr=3.000000e-06
Saved new best model to /tmp/bow_mlp_imdb_wln1k9tx.pt
Epoch 2/301 | train_loss=0.6947 train_acc=52.35% | val_loss=0.6866 val_acc=58.06% | lr=3.000000e-06
Saved new best model to /tmp/bow_mlp_imdb_wln1k9tx.pt
Epoch 3/301 | train_loss=0.6908 train_acc=53.31% | val_loss=0.6820 val_acc=61.68% | lr=3.000000e-06
Saved new best model to /tmp/bow_mlp_imdb_wln1k9tx.pt
Epoch 4/301 | train_loss=0.6849 train_acc=55.74% | val_loss=0.6778 val_acc=64.84% | lr=3.000000e-06
Saved new best model to /tmp/bow_mlp_imdb_wln1k9tx.pt
Epoch 5/301 | train_loss=0.6796 train_acc=58.04% | val_loss=0.6735 val_acc=67.22% | lr=3.000000e-06
Saved new best model to /tmp/bow_mlp_imdb_wln1k9tx.pt
Epoch 6/301 | train_loss=0.6751 train_acc=59.75% | val_loss=0.6693 val_acc=69.24% | lr=3.000000e-06
Saved new best model to /tmp/bow_mlp_imdb_wln1k9tx.pt
Epoch 7/301 | train_loss=0.6704 train_acc=61.27% | val_loss=0.6649 val_acc=71.22% | lr=3.000000e-06
Saved new best model to /tmp/bow_mlp_imdb_wln1k9tx.pt
Epoch 8/301 | train_loss=0.6665 train_acc=62.89% | val_loss=0.6604 val_acc=72.56% | lr=3.000000e-06
Saved new best model to /tmp/bow_mlp_imdb_wln1k9tx.pt
Epoch 9/301 | train_loss=0.6627 train_acc=64.30% | val_loss=0.6561 val_acc=73.72% | lr=3.000000e-06
Saved new best model to /tmp/bow_mlp_imdb_wln1k9tx.pt
Epoch 10/301 | train_loss=0.6574 train_acc=65.55% | val_loss=0.6513 val_acc=74.48% | lr=3.000000e-06
Saved new best model to /tmp/bow_mlp_imdb_wln1k9tx.pt
Epoch 11/301 | train_loss=0.6524 train_acc=67.01% | val_loss=0.6464 val_acc=75.34% | lr=3.000000e-06
Saved new best model to /tmp/bow_mlp_imdb_wln1k9tx.pt
Epoch 12/301 | train_loss=0.6489 train_acc=67.47% | val_loss=0.6413 val_acc=76.14% | lr=3.000000e-06
Saved new best model to /tmp/bow_mlp_imdb_wln1k9tx.pt
Epoch 13/301 | train_loss=0.6437 train_acc=68.90% | val_loss=0.6361 val_acc=76.82% | lr=3.000000e-06
Saved new best model to /tmp/bow_mlp_imdb_wln1k9tx.pt
Epoch 14/301 | train_loss=0.6384 train_acc=69.41% | val_loss=0.6303 val_acc=77.18% | lr=3.000000e-06
Saved new best model to /tmp/bow_mlp_imdb_wln1k9tx.pt
Epoch 15/301 | train_loss=0.6315 train_acc=70.71% | val_loss=0.6243 val_acc=77.42% | lr=3.000000e-06
Saved new best model to /tmp/bow_mlp_imdb_wln1k9tx.pt
Epoch 16/301 | train_loss=0.6281 train_acc=70.64% | val_loss=0.6189 val_acc=77.78% | lr=3.000000e-06
Saved new best model to /tmp/bow_mlp_imdb_wln1k9tx.pt
Epoch 17/301 | train_loss=0.6219 train_acc=71.51% | val_loss=0.6135 val_acc=78.26% | lr=3.000000e-06
Saved new best model to /tmp/bow_mlp_imdb_wln1k9tx.pt
Epoch 18/301 | train_loss=0.6183 train_acc=71.65% | val_loss=0.6084 val_acc=78.60% | lr=3.000000e-06
Saved new best model to /tmp/bow_mlp_imdb_wln1k9tx.pt
Epoch 19/301 | train_loss=0.6126 train_acc=72.76% | val_loss=0.6032 val_acc=79.04% | lr=3.000000e-06
Saved new best model to /tmp/bow_mlp_imdb_wln1k9tx.pt
Epoch 20/301 | train_loss=0.6092 train_acc=72.81% | val_loss=0.5983 val_acc=79.38% | lr=3.000000e-06
Saved new best model to /tmp/bow_mlp_imdb_wln1k9tx.pt
Epoch 21/301 | train_loss=0.6044 train_acc=73.52% | val_loss=0.5932 val_acc=79.68% | lr=3.000000e-06
Saved new best model to /tmp/bow_mlp_imdb_wln1k9tx.pt
Epoch 22/301 | train_loss=0.5991 train_acc=73.43% | val_loss=0.5880 val_acc=79.78% | lr=3.000000e-06
Saved new best model to /tmp/bow_mlp_imdb_wln1k9tx.pt
Epoch 23/301 | train_loss=0.5949 train_acc=74.31% | val_loss=0.5828 val_acc=80.04% | lr=3.000000e-06
Saved new best model to /tmp/bow_mlp_imdb_wln1k9tx.pt
Epoch 24/301 | train_loss=0.5891 train_acc=74.83% | val_loss=0.5776 val_acc=80.44% | lr=3.000000e-06
Saved new best model to /tmp/bow_mlp_imdb_wln1k9tx.pt
Epoch 25/301 | train_loss=0.5832 train_acc=75.39% | val_loss=0.5724 val_acc=80.64% | lr=3.000000e-06
Saved new best model to /tmp/bow_mlp_imdb_wln1k9tx.pt
Epoch 26/301 | train_loss=0.5789 train_acc=75.87% | val_loss=0.5677 val_acc=80.82% | lr=3.000000e-06
Saved new best model to /tmp/bow_mlp_imdb_wln1k9tx.pt
Epoch 27/301 | train_loss=0.5746 train_acc=75.61% | val_loss=0.5626 val_acc=80.90% | lr=3.000000e-06
Saved new best model to /tmp/bow_mlp_imdb_wln1k9tx.pt
Epoch 28/301 | train_loss=0.5712 train_acc=76.03% | val_loss=0.5578 val_acc=81.00% | lr=3.000000e-06
Saved new best model to /tmp/bow_mlp_imdb_wln1k9tx.pt
Epoch 29/301 | train_loss=0.5664 train_acc=76.30% | val_loss=0.5530 val_acc=81.24% | lr=3.000000e-06
Saved new best model to /tmp/bow_mlp_imdb_wln1k9tx.pt
Epoch 30/301 | train_loss=0.5650 train_acc=76.43% | val_loss=0.5487 val_acc=81.28% | lr=3.000000e-06
Saved new best model to /tmp/bow_mlp_imdb_wln1k9tx.pt
Epoch 31/301 | train_loss=0.5585 train_acc=77.11% | val_loss=0.5443 val_acc=81.62% | lr=3.000000e-06
Saved new best model to /tmp/bow_mlp_imdb_wln1k9tx.pt
Epoch 32/301 | train_loss=0.5529 train_acc=77.33% | val_loss=0.5397 val_acc=81.62% | lr=3.000000e-06
Epoch 33/301 | train_loss=0.5491 train_acc=77.64% | val_loss=0.5353 val_acc=81.84% | lr=3.000000e-06
Saved new best model to /tmp/bow_mlp_imdb_wln1k9tx.pt
Epoch 34/301 | train_loss=0.5460 train_acc=77.83% | val_loss=0.5312 val_acc=82.26% | lr=3.000000e-06
Saved new best model to /tmp/bow_mlp_imdb_wln1k9tx.pt
Epoch 35/301 | train_loss=0.5406 train_acc=78.23% | val_loss=0.5270 val_acc=82.48% | lr=3.000000e-06
Saved new best model to /tmp/bow_mlp_imdb_wln1k9tx.pt
Epoch 36/301 | train_loss=0.5383 train_acc=78.40% | val_loss=0.5231 val_acc=82.50% | lr=3.000000e-06
Saved new best model to /tmp/bow_mlp_imdb_wln1k9tx.pt
Epoch 37/301 | train_loss=0.5323 train_acc=78.83% | val_loss=0.5190 val_acc=82.64% | lr=3.000000e-06
Saved new best model to /tmp/bow_mlp_imdb_wln1k9tx.pt
Epoch 38/301 | train_loss=0.5288 train_acc=79.22% | val_loss=0.5151 val_acc=82.82% | lr=3.000000e-06
Saved new best model to /tmp/bow_mlp_imdb_wln1k9tx.pt
Epoch 39/301 | train_loss=0.5267 train_acc=79.09% | val_loss=0.5116 val_acc=82.88% | lr=3.000000e-06
Saved new best model to /tmp/bow_mlp_imdb_wln1k9tx.pt
Epoch 40/301 | train_loss=0.5231 train_acc=79.51% | val_loss=0.5081 val_acc=83.14% | lr=3.000000e-06
Saved new best model to /tmp/bow_mlp_imdb_wln1k9tx.pt
Epoch 41/301 | train_loss=0.5190 train_acc=79.67% | val_loss=0.5046 val_acc=83.28% | lr=3.000000e-06
Saved new best model to /tmp/bow_mlp_imdb_wln1k9tx.pt
Epoch 42/301 | train_loss=0.5164 train_acc=80.11% | val_loss=0.5011 val_acc=83.28% | lr=3.000000e-06
Epoch 43/301 | train_loss=0.5101 train_acc=80.57% | val_loss=0.4976 val_acc=83.42% | lr=3.000000e-06
Saved new best model to /tmp/bow_mlp_imdb_wln1k9tx.pt
Epoch 44/301 | train_loss=0.5094 train_acc=80.27% | val_loss=0.4943 val_acc=83.38% | lr=3.000000e-06
Epoch 45/301 | train_loss=0.5074 train_acc=80.03% | val_loss=0.4912 val_acc=83.54% | lr=3.000000e-06
Saved new best model to /tmp/bow_mlp_imdb_wln1k9tx.pt
Epoch 46/301 | train_loss=0.5037 train_acc=80.63% | val_loss=0.4881 val_acc=83.58% | lr=3.000000e-06
Saved new best model to /tmp/bow_mlp_imdb_wln1k9tx.pt
Epoch 47/301 | train_loss=0.5014 train_acc=80.61% | val_loss=0.4851 val_acc=83.66% | lr=3.000000e-06
Saved new best model to /tmp/bow_mlp_imdb_wln1k9tx.pt
Epoch 48/301 | train_loss=0.4946 train_acc=81.21% | val_loss=0.4820 val_acc=83.68% | lr=3.000000e-06
Saved new best model to /tmp/bow_mlp_imdb_wln1k9tx.pt
Epoch 49/301 | train_loss=0.4927 train_acc=81.06% | val_loss=0.4789 val_acc=83.90% | lr=3.000000e-06
Saved new best model to /tmp/bow_mlp_imdb_wln1k9tx.pt
Epoch 50/301 | train_loss=0.4904 train_acc=81.31% | val_loss=0.4760 val_acc=83.82% | lr=3.000000e-06
Epoch 51/301 | train_loss=0.4885 train_acc=81.19% | val_loss=0.4733 val_acc=83.94% | lr=3.000000e-06
Saved new best model to /tmp/bow_mlp_imdb_wln1k9tx.pt
Epoch 52/301 | train_loss=0.4867 train_acc=81.53% | val_loss=0.4706 val_acc=84.02% | lr=3.000000e-06
Saved new best model to /tmp/bow_mlp_imdb_wln1k9tx.pt
Epoch 53/301 | train_loss=0.4841 train_acc=81.64% | val_loss=0.4679 val_acc=84.20% | lr=3.000000e-06
Saved new best model to /tmp/bow_mlp_imdb_wln1k9tx.pt
Epoch 54/301 | train_loss=0.4814 train_acc=81.53% | val_loss=0.4652 val_acc=84.18% | lr=3.000000e-06
Epoch 55/301 | train_loss=0.4772 train_acc=81.83% | val_loss=0.4625 val_acc=84.40% | lr=3.000000e-06
Saved new best model to /tmp/bow_mlp_imdb_wln1k9tx.pt
Epoch 56/301 | train_loss=0.4747 train_acc=82.28% | val_loss=0.4599 val_acc=84.46% | lr=3.000000e-06
Saved new best model to /tmp/bow_mlp_imdb_wln1k9tx.pt
Epoch 57/301 | train_loss=0.4715 train_acc=82.13% | val_loss=0.4572 val_acc=84.44% | lr=3.000000e-06
Epoch 58/301 | train_loss=0.4697 train_acc=82.26% | val_loss=0.4549 val_acc=84.46% | lr=3.000000e-06
Epoch 59/301 | train_loss=0.4667 train_acc=82.27% | val_loss=0.4525 val_acc=84.46% | lr=3.000000e-06
Epoch 60/301 | train_loss=0.4658 train_acc=82.32% | val_loss=0.4500 val_acc=84.52% | lr=3.000000e-06
Saved new best model to /tmp/bow_mlp_imdb_wln1k9tx.pt
Epoch 61/301 | train_loss=0.4645 train_acc=82.64% | val_loss=0.4479 val_acc=84.58% | lr=3.000000e-06
Saved new best model to /tmp/bow_mlp_imdb_wln1k9tx.pt
Epoch 62/301 | train_loss=0.4597 train_acc=82.81% | val_loss=0.4456 val_acc=84.62% | lr=3.000000e-06
Saved new best model to /tmp/bow_mlp_imdb_wln1k9tx.pt
Epoch 63/301 | train_loss=0.4579 train_acc=82.73% | val_loss=0.4434 val_acc=84.68% | lr=3.000000e-06
Saved new best model to /tmp/bow_mlp_imdb_wln1k9tx.pt
Epoch 64/301 | train_loss=0.4531 train_acc=83.14% | val_loss=0.4411 val_acc=84.70% | lr=3.000000e-06
Saved new best model to /tmp/bow_mlp_imdb_wln1k9tx.pt
Epoch 65/301 | train_loss=0.4535 train_acc=82.70% | val_loss=0.4390 val_acc=84.74% | lr=3.000000e-06
Saved new best model to /tmp/bow_mlp_imdb_wln1k9tx.pt
Epoch 66/301 | train_loss=0.4518 train_acc=82.60% | val_loss=0.4370 val_acc=84.80% | lr=3.000000e-06
Saved new best model to /tmp/bow_mlp_imdb_wln1k9tx.pt
Epoch 67/301 | train_loss=0.4489 train_acc=83.22% | val_loss=0.4350 val_acc=84.88% | lr=3.000000e-06
Saved new best model to /tmp/bow_mlp_imdb_wln1k9tx.pt
Epoch 68/301 | train_loss=0.4483 train_acc=82.91% | val_loss=0.4332 val_acc=84.94% | lr=3.000000e-06
Saved new best model to /tmp/bow_mlp_imdb_wln1k9tx.pt
Epoch 69/301 | train_loss=0.4455 train_acc=83.48% | val_loss=0.4313 val_acc=85.00% | lr=3.000000e-06
Saved new best model to /tmp/bow_mlp_imdb_wln1k9tx.pt
Epoch 70/301 | train_loss=0.4450 train_acc=83.30% | val_loss=0.4295 val_acc=85.04% | lr=3.000000e-06
Saved new best model to /tmp/bow_mlp_imdb_wln1k9tx.pt
Epoch 71/301 | train_loss=0.4384 train_acc=83.78% | val_loss=0.4274 val_acc=84.98% | lr=3.000000e-06
Epoch 72/301 | train_loss=0.4396 train_acc=83.45% | val_loss=0.4256 val_acc=85.04% | lr=3.000000e-06
Epoch 73/301 | train_loss=0.4369 train_acc=84.03% | val_loss=0.4238 val_acc=85.08% | lr=3.000000e-06
Saved new best model to /tmp/bow_mlp_imdb_wln1k9tx.pt
Epoch 74/301 | train_loss=0.4349 train_acc=83.71% | val_loss=0.4220 val_acc=85.14% | lr=3.000000e-06
Saved new best model to /tmp/bow_mlp_imdb_wln1k9tx.pt
Epoch 75/301 | train_loss=0.4325 train_acc=84.00% | val_loss=0.4202 val_acc=85.20% | lr=3.000000e-06
Saved new best model to /tmp/bow_mlp_imdb_wln1k9tx.pt
Epoch 76/301 | train_loss=0.4314 train_acc=83.99% | val_loss=0.4185 val_acc=85.36% | lr=3.000000e-06
Saved new best model to /tmp/bow_mlp_imdb_wln1k9tx.pt
Epoch 77/301 | train_loss=0.4312 train_acc=83.72% | val_loss=0.4170 val_acc=85.34% | lr=3.000000e-06
Epoch 78/301 | train_loss=0.4273 train_acc=84.29% | val_loss=0.4152 val_acc=85.44% | lr=3.000000e-06
Saved new best model to /tmp/bow_mlp_imdb_wln1k9tx.pt
Epoch 79/301 | train_loss=0.4246 train_acc=84.12% | val_loss=0.4134 val_acc=85.46% | lr=3.000000e-06
Saved new best model to /tmp/bow_mlp_imdb_wln1k9tx.pt
Epoch 80/301 | train_loss=0.4258 train_acc=83.89% | val_loss=0.4120 val_acc=85.44% | lr=3.000000e-06
Epoch 81/301 | train_loss=0.4245 train_acc=84.15% | val_loss=0.4105 val_acc=85.50% | lr=3.000000e-06
Saved new best model to /tmp/bow_mlp_imdb_wln1k9tx.pt
Epoch 82/301 | train_loss=0.4210 train_acc=84.62% | val_loss=0.4089 val_acc=85.52% | lr=3.000000e-06
Saved new best model to /tmp/bow_mlp_imdb_wln1k9tx.pt
Epoch 83/301 | train_loss=0.4165 train_acc=84.39% | val_loss=0.4071 val_acc=85.52% | lr=3.000000e-06
Epoch 84/301 | train_loss=0.4178 train_acc=84.40% | val_loss=0.4058 val_acc=85.54% | lr=3.000000e-06
Saved new best model to /tmp/bow_mlp_imdb_wln1k9tx.pt
Epoch 85/301 | train_loss=0.4129 train_acc=84.89% | val_loss=0.4040 val_acc=85.54% | lr=3.000000e-06
Epoch 86/301 | train_loss=0.4147 train_acc=84.46% | val_loss=0.4027 val_acc=85.58% | lr=3.000000e-06
Saved new best model to /tmp/bow_mlp_imdb_wln1k9tx.pt
Epoch 87/301 | train_loss=0.4113 train_acc=84.50% | val_loss=0.4013 val_acc=85.52% | lr=3.000000e-06
Epoch 88/301 | train_loss=0.4107 train_acc=84.80% | val_loss=0.4001 val_acc=85.56% | lr=3.000000e-06
Epoch 89/301 | train_loss=0.4083 train_acc=84.80% | val_loss=0.3987 val_acc=85.56% | lr=3.000000e-06
Epoch 90/301 | train_loss=0.4100 train_acc=84.54% | val_loss=0.3975 val_acc=85.56% | lr=3.000000e-06
Epoch 91/301 | train_loss=0.4084 train_acc=84.73% | val_loss=0.3962 val_acc=85.66% | lr=3.000000e-06
Saved new best model to /tmp/bow_mlp_imdb_wln1k9tx.pt
Epoch 92/301 | train_loss=0.4041 train_acc=84.86% | val_loss=0.3946 val_acc=85.68% | lr=3.000000e-06
Saved new best model to /tmp/bow_mlp_imdb_wln1k9tx.pt
Epoch 93/301 | train_loss=0.4045 train_acc=84.89% | val_loss=0.3935 val_acc=85.66% | lr=3.000000e-06
Epoch 94/301 | train_loss=0.4016 train_acc=84.90% | val_loss=0.3924 val_acc=85.64% | lr=3.000000e-06
Epoch 95/301 | train_loss=0.4009 train_acc=85.08% | val_loss=0.3912 val_acc=85.72% | lr=3.000000e-06
Saved new best model to /tmp/bow_mlp_imdb_wln1k9tx.pt
Epoch 96/301 | train_loss=0.4027 train_acc=84.88% | val_loss=0.3902 val_acc=85.78% | lr=3.000000e-06
Saved new best model to /tmp/bow_mlp_imdb_wln1k9tx.pt
Epoch 97/301 | train_loss=0.3993 train_acc=85.23% | val_loss=0.3892 val_acc=85.78% | lr=3.000000e-06
Epoch 98/301 | train_loss=0.3964 train_acc=85.61% | val_loss=0.3879 val_acc=85.80% | lr=3.000000e-06
Saved new best model to /tmp/bow_mlp_imdb_wln1k9tx.pt
Epoch 99/301 | train_loss=0.3962 train_acc=85.38% | val_loss=0.3868 val_acc=85.80% | lr=3.000000e-06
Epoch 100/301 | train_loss=0.3960 train_acc=85.36% | val_loss=0.3857 val_acc=85.86% | lr=3.000000e-06
Saved new best model to /tmp/bow_mlp_imdb_wln1k9tx.pt
Epoch 101/301 | train_loss=0.3947 train_acc=85.33% | val_loss=0.3846 val_acc=85.86% | lr=3.000000e-06
Epoch 102/301 | train_loss=0.3930 train_acc=85.48% | val_loss=0.3835 val_acc=85.92% | lr=3.000000e-06
Saved new best model to /tmp/bow_mlp_imdb_wln1k9tx.pt
Epoch 103/301 | train_loss=0.3907 train_acc=85.51% | val_loss=0.3825 val_acc=85.88% | lr=3.000000e-06
Epoch 104/301 | train_loss=0.3889 train_acc=85.52% | val_loss=0.3815 val_acc=85.90% | lr=3.000000e-06
Epoch 105/301 | train_loss=0.3909 train_acc=85.64% | val_loss=0.3805 val_acc=85.96% | lr=3.000000e-06
Saved new best model to /tmp/bow_mlp_imdb_wln1k9tx.pt
Epoch 106/301 | train_loss=0.3897 train_acc=85.46% | val_loss=0.3795 val_acc=85.98% | lr=3.000000e-06
Saved new best model to /tmp/bow_mlp_imdb_wln1k9tx.pt
Epoch 107/301 | train_loss=0.3887 train_acc=85.59% | val_loss=0.3785 val_acc=85.94% | lr=3.000000e-06
Epoch 108/301 | train_loss=0.3839 train_acc=85.72% | val_loss=0.3772 val_acc=85.94% | lr=3.000000e-06
Epoch 109/301 | train_loss=0.3829 train_acc=85.70% | val_loss=0.3763 val_acc=86.00% | lr=3.000000e-06
Saved new best model to /tmp/bow_mlp_imdb_wln1k9tx.pt
Epoch 110/301 | train_loss=0.3838 train_acc=85.86% | val_loss=0.3755 val_acc=85.92% | lr=3.000000e-06
Epoch 111/301 | train_loss=0.3817 train_acc=86.01% | val_loss=0.3745 val_acc=85.98% | lr=3.000000e-06
Epoch 112/301 | train_loss=0.3786 train_acc=86.27% | val_loss=0.3735 val_acc=85.94% | lr=3.000000e-06
Epoch 113/301 | train_loss=0.3779 train_acc=85.81% | val_loss=0.3726 val_acc=85.92% | lr=3.000000e-06
Epoch 114/301 | train_loss=0.3789 train_acc=86.03% | val_loss=0.3719 val_acc=86.06% | lr=3.000000e-06
Saved new best model to /tmp/bow_mlp_imdb_wln1k9tx.pt
Epoch 115/301 | train_loss=0.3748 train_acc=86.11% | val_loss=0.3707 val_acc=86.08% | lr=3.000000e-06
Saved new best model to /tmp/bow_mlp_imdb_wln1k9tx.pt
Epoch 116/301 | train_loss=0.3780 train_acc=86.33% | val_loss=0.3700 val_acc=85.96% | lr=3.000000e-06
Epoch 117/301 | train_loss=0.3775 train_acc=85.99% | val_loss=0.3693 val_acc=86.00% | lr=3.000000e-06
Epoch 118/301 | train_loss=0.3746 train_acc=86.17% | val_loss=0.3685 val_acc=86.04% | lr=3.000000e-06
Epoch 119/301 | train_loss=0.3743 train_acc=86.13% | val_loss=0.3678 val_acc=86.04% | lr=3.000000e-06
Epoch 120/301 | train_loss=0.3734 train_acc=86.26% | val_loss=0.3670 val_acc=86.06% | lr=3.000000e-06
Epoch 121/301 | train_loss=0.3710 train_acc=86.36% | val_loss=0.3661 val_acc=86.08% | lr=3.000000e-06
Epoch 122/301 | train_loss=0.3705 train_acc=86.19% | val_loss=0.3653 val_acc=86.04% | lr=3.000000e-06
Epoch 123/301 | train_loss=0.3678 train_acc=86.77% | val_loss=0.3645 val_acc=86.06% | lr=3.000000e-06
Epoch 124/301 | train_loss=0.3665 train_acc=86.77% | val_loss=0.3636 val_acc=86.04% | lr=3.000000e-06
Epoch 125/301 | train_loss=0.3675 train_acc=86.48% | val_loss=0.3629 val_acc=86.04% | lr=3.000000e-06
Epoch 126/301 | train_loss=0.3670 train_acc=86.05% | val_loss=0.3622 val_acc=86.04% | lr=3.000000e-06
Epoch 127/301 | train_loss=0.3662 train_acc=86.64% | val_loss=0.3614 val_acc=86.12% | lr=3.000000e-06
Saved new best model to /tmp/bow_mlp_imdb_wln1k9tx.pt
Epoch 128/301 | train_loss=0.3615 train_acc=86.62% | val_loss=0.3604 val_acc=86.10% | lr=3.000000e-06
Epoch 129/301 | train_loss=0.3651 train_acc=86.50% | val_loss=0.3600 val_acc=86.12% | lr=3.000000e-06
Epoch 130/301 | train_loss=0.3624 train_acc=86.56% | val_loss=0.3591 val_acc=86.16% | lr=3.000000e-06
Saved new best model to /tmp/bow_mlp_imdb_wln1k9tx.pt
Epoch 131/301 | train_loss=0.3576 train_acc=87.02% | val_loss=0.3583 val_acc=86.18% | lr=3.000000e-06
Saved new best model to /tmp/bow_mlp_imdb_wln1k9tx.pt
Epoch 132/301 | train_loss=0.3617 train_acc=86.50% | val_loss=0.3578 val_acc=86.12% | lr=3.000000e-06
Epoch 133/301 | train_loss=0.3596 train_acc=86.52% | val_loss=0.3574 val_acc=86.18% | lr=3.000000e-06
Epoch 134/301 | train_loss=0.3600 train_acc=86.45% | val_loss=0.3568 val_acc=86.14% | lr=3.000000e-06
Epoch 135/301 | train_loss=0.3573 train_acc=86.70% | val_loss=0.3561 val_acc=86.20% | lr=3.000000e-06
Saved new best model to /tmp/bow_mlp_imdb_wln1k9tx.pt
Epoch 136/301 | train_loss=0.3562 train_acc=86.61% | val_loss=0.3554 val_acc=86.18% | lr=3.000000e-06
Epoch 137/301 | train_loss=0.3562 train_acc=86.91% | val_loss=0.3548 val_acc=86.18% | lr=3.000000e-06
Epoch 138/301 | train_loss=0.3574 train_acc=87.09% | val_loss=0.3541 val_acc=86.22% | lr=3.000000e-06
Saved new best model to /tmp/bow_mlp_imdb_wln1k9tx.pt
Epoch 139/301 | train_loss=0.3570 train_acc=86.78% | val_loss=0.3535 val_acc=86.34% | lr=3.000000e-06
Saved new best model to /tmp/bow_mlp_imdb_wln1k9tx.pt
Epoch 140/301 | train_loss=0.3528 train_acc=86.97% | val_loss=0.3528 val_acc=86.34% | lr=3.000000e-06
Epoch 141/301 | train_loss=0.3540 train_acc=87.08% | val_loss=0.3521 val_acc=86.32% | lr=3.000000e-06
Epoch 142/301 | train_loss=0.3520 train_acc=87.02% | val_loss=0.3516 val_acc=86.28% | lr=3.000000e-06
Epoch 143/301 | train_loss=0.3524 train_acc=87.20% | val_loss=0.3511 val_acc=86.28% | lr=3.000000e-06
Epoch 144/301 | train_loss=0.3501 train_acc=86.97% | val_loss=0.3505 val_acc=86.32% | lr=3.000000e-06
Epoch 145/301 | train_loss=0.3513 train_acc=86.93% | val_loss=0.3500 val_acc=86.38% | lr=3.000000e-06
Saved new best model to /tmp/bow_mlp_imdb_wln1k9tx.pt
Epoch 146/301 | train_loss=0.3499 train_acc=87.27% | val_loss=0.3495 val_acc=86.36% | lr=3.000000e-06
Epoch 147/301 | train_loss=0.3470 train_acc=87.17% | val_loss=0.3488 val_acc=86.36% | lr=3.000000e-06
Epoch 148/301 | train_loss=0.3486 train_acc=87.09% | val_loss=0.3484 val_acc=86.38% | lr=3.000000e-06
Epoch 149/301 | train_loss=0.3446 train_acc=87.14% | val_loss=0.3477 val_acc=86.40% | lr=3.000000e-06
Saved new best model to /tmp/bow_mlp_imdb_wln1k9tx.pt
Epoch 150/301 | train_loss=0.3485 train_acc=87.12% | val_loss=0.3474 val_acc=86.42% | lr=3.000000e-06
Saved new best model to /tmp/bow_mlp_imdb_wln1k9tx.pt
Epoch 151/301 | train_loss=0.3442 train_acc=87.30% | val_loss=0.3467 val_acc=86.42% | lr=3.000000e-06
Epoch 152/301 | train_loss=0.3442 train_acc=87.34% | val_loss=0.3463 val_acc=86.42% | lr=3.000000e-06
Epoch 153/301 | train_loss=0.3452 train_acc=87.33% | val_loss=0.3459 val_acc=86.42% | lr=3.000000e-06
Epoch 154/301 | train_loss=0.3422 train_acc=87.22% | val_loss=0.3455 val_acc=86.42% | lr=3.000000e-06
Epoch 155/301 | train_loss=0.3428 train_acc=87.40% | val_loss=0.3449 val_acc=86.42% | lr=3.000000e-06
Epoch 156/301 | train_loss=0.3424 train_acc=87.33% | val_loss=0.3445 val_acc=86.42% | lr=3.000000e-06
Epoch 157/301 | train_loss=0.3403 train_acc=87.56% | val_loss=0.3441 val_acc=86.48% | lr=3.000000e-06
Saved new best model to /tmp/bow_mlp_imdb_wln1k9tx.pt
Epoch 158/301 | train_loss=0.3409 train_acc=87.12% | val_loss=0.3437 val_acc=86.40% | lr=3.000000e-06
Epoch 159/301 | train_loss=0.3397 train_acc=87.48% | val_loss=0.3432 val_acc=86.46% | lr=3.000000e-06
Epoch 160/301 | train_loss=0.3374 train_acc=87.53% | val_loss=0.3426 val_acc=86.48% | lr=3.000000e-06
Epoch 161/301 | train_loss=0.3355 train_acc=87.76% | val_loss=0.3420 val_acc=86.40% | lr=3.000000e-06
Epoch 162/301 | train_loss=0.3354 train_acc=87.59% | val_loss=0.3415 val_acc=86.42% | lr=3.000000e-06
Epoch 163/301 | train_loss=0.3358 train_acc=87.59% | val_loss=0.3411 val_acc=86.44% | lr=3.000000e-06
Epoch 164/301 | train_loss=0.3337 train_acc=87.67% | val_loss=0.3405 val_acc=86.44% | lr=3.000000e-06
Epoch 165/301 | train_loss=0.3374 train_acc=87.39% | val_loss=0.3402 val_acc=86.46% | lr=3.000000e-06
Epoch 166/301 | train_loss=0.3331 train_acc=87.59% | val_loss=0.3398 val_acc=86.52% | lr=3.000000e-06
Saved new best model to /tmp/bow_mlp_imdb_wln1k9tx.pt
Epoch 167/301 | train_loss=0.3312 train_acc=87.68% | val_loss=0.3393 val_acc=86.50% | lr=3.000000e-06
Epoch 168/301 | train_loss=0.3347 train_acc=87.66% | val_loss=0.3390 val_acc=86.52% | lr=3.000000e-06
Epoch 169/301 | train_loss=0.3316 train_acc=87.80% | val_loss=0.3388 val_acc=86.54% | lr=3.000000e-06
Saved new best model to /tmp/bow_mlp_imdb_wln1k9tx.pt
Epoch 170/301 | train_loss=0.3332 train_acc=87.47% | val_loss=0.3384 val_acc=86.54% | lr=3.000000e-06
Epoch 171/301 | train_loss=0.3311 train_acc=87.78% | val_loss=0.3378 val_acc=86.50% | lr=3.000000e-06
Epoch 172/301 | train_loss=0.3350 train_acc=87.51% | val_loss=0.3376 val_acc=86.46% | lr=3.000000e-06
Epoch 173/301 | train_loss=0.3293 train_acc=87.82% | val_loss=0.3372 val_acc=86.46% | lr=3.000000e-06
Epoch 174/301 | train_loss=0.3295 train_acc=87.78% | val_loss=0.3367 val_acc=86.46% | lr=3.000000e-06
Epoch 175/301 | train_loss=0.3317 train_acc=87.78% | val_loss=0.3365 val_acc=86.48% | lr=3.000000e-06
Epoch 176/301 | train_loss=0.3286 train_acc=87.80% | val_loss=0.3361 val_acc=86.52% | lr=3.000000e-06
Epoch 177/301 | train_loss=0.3286 train_acc=87.85% | val_loss=0.3357 val_acc=86.48% | lr=3.000000e-06
Epoch 178/301 | train_loss=0.3253 train_acc=88.13% | val_loss=0.3352 val_acc=86.50% | lr=3.000000e-06
Epoch 179/301 | train_loss=0.3256 train_acc=88.02% | val_loss=0.3349 val_acc=86.50% | lr=3.000000e-06
Epoch 180/301 | train_loss=0.3256 train_acc=88.19% | val_loss=0.3345 val_acc=86.56% | lr=3.000000e-06
Saved new best model to /tmp/bow_mlp_imdb_wln1k9tx.pt
Epoch 181/301 | train_loss=0.3254 train_acc=88.03% | val_loss=0.3341 val_acc=86.56% | lr=3.000000e-06
Epoch 182/301 | train_loss=0.3232 train_acc=87.90% | val_loss=0.3336 val_acc=86.54% | lr=3.000000e-06
Epoch 183/301 | train_loss=0.3246 train_acc=87.98% | val_loss=0.3334 val_acc=86.54% | lr=3.000000e-06
Epoch 184/301 | train_loss=0.3242 train_acc=88.00% | val_loss=0.3331 val_acc=86.64% | lr=3.000000e-06
Saved new best model to /tmp/bow_mlp_imdb_wln1k9tx.pt
Epoch 185/301 | train_loss=0.3237 train_acc=88.13% | val_loss=0.3328 val_acc=86.58% | lr=3.000000e-06
Epoch 186/301 | train_loss=0.3223 train_acc=88.04% | val_loss=0.3325 val_acc=86.66% | lr=3.000000e-06
Saved new best model to /tmp/bow_mlp_imdb_wln1k9tx.pt
Epoch 187/301 | train_loss=0.3225 train_acc=88.23% | val_loss=0.3323 val_acc=86.60% | lr=3.000000e-06
Epoch 188/301 | train_loss=0.3195 train_acc=88.19% | val_loss=0.3318 val_acc=86.58% | lr=3.000000e-06
Epoch 189/301 | train_loss=0.3189 train_acc=88.11% | val_loss=0.3315 val_acc=86.62% | lr=3.000000e-06
Epoch 190/301 | train_loss=0.3182 train_acc=88.20% | val_loss=0.3311 val_acc=86.66% | lr=3.000000e-06
Epoch 191/301 | train_loss=0.3170 train_acc=88.41% | val_loss=0.3308 val_acc=86.64% | lr=3.000000e-06
Epoch 192/301 | train_loss=0.3201 train_acc=88.34% | val_loss=0.3305 val_acc=86.72% | lr=3.000000e-06
Saved new best model to /tmp/bow_mlp_imdb_wln1k9tx.pt
Epoch 193/301 | train_loss=0.3205 train_acc=88.08% | val_loss=0.3304 val_acc=86.68% | lr=3.000000e-06
Epoch 194/301 | train_loss=0.3159 train_acc=88.31% | val_loss=0.3299 val_acc=86.70% | lr=3.000000e-06
Epoch 195/301 | train_loss=0.3182 train_acc=87.97% | val_loss=0.3297 val_acc=86.68% | lr=3.000000e-06
Epoch 196/301 | train_loss=0.3162 train_acc=88.42% | val_loss=0.3294 val_acc=86.74% | lr=3.000000e-06
Saved new best model to /tmp/bow_mlp_imdb_wln1k9tx.pt
Epoch 197/301 | train_loss=0.3139 train_acc=88.43% | val_loss=0.3291 val_acc=86.68% | lr=3.000000e-06
Epoch 198/301 | train_loss=0.3166 train_acc=88.22% | val_loss=0.3287 val_acc=86.70% | lr=3.000000e-06
Epoch 199/301 | train_loss=0.3142 train_acc=88.33% | val_loss=0.3284 val_acc=86.70% | lr=3.000000e-06
Epoch 200/301 | train_loss=0.3146 train_acc=88.45% | val_loss=0.3281 val_acc=86.64% | lr=3.000000e-06
Epoch 201/301 | train_loss=0.3151 train_acc=88.39% | val_loss=0.3281 val_acc=86.74% | lr=3.000000e-06
Epoch 202/301 | train_loss=0.3119 train_acc=88.48% | val_loss=0.3276 val_acc=86.76% | lr=3.000000e-06
Saved new best model to /tmp/bow_mlp_imdb_wln1k9tx.pt
Epoch 203/301 | train_loss=0.3117 train_acc=88.66% | val_loss=0.3273 val_acc=86.74% | lr=3.000000e-06
Epoch 204/301 | train_loss=0.3133 train_acc=88.42% | val_loss=0.3273 val_acc=86.76% | lr=3.000000e-06
Epoch 205/301 | train_loss=0.3124 train_acc=88.25% | val_loss=0.3268 val_acc=86.70% | lr=3.000000e-06
Epoch 206/301 | train_loss=0.3074 train_acc=88.64% | val_loss=0.3265 val_acc=86.74% | lr=3.000000e-06
Epoch 207/301 | train_loss=0.3102 train_acc=88.31% | val_loss=0.3263 val_acc=86.72% | lr=3.000000e-06
Epoch 208/301 | train_loss=0.3089 train_acc=88.51% | val_loss=0.3261 val_acc=86.74% | lr=3.000000e-06
Epoch 209/301 | train_loss=0.3070 train_acc=88.62% | val_loss=0.3258 val_acc=86.80% | lr=3.000000e-06
Saved new best model to /tmp/bow_mlp_imdb_wln1k9tx.pt
Epoch 210/301 | train_loss=0.3093 train_acc=88.67% | val_loss=0.3257 val_acc=86.76% | lr=3.000000e-06
Epoch 211/301 | train_loss=0.3087 train_acc=88.72% | val_loss=0.3255 val_acc=86.74% | lr=3.000000e-06
Epoch 212/301 | train_loss=0.3059 train_acc=88.72% | val_loss=0.3251 val_acc=86.70% | lr=3.000000e-06
Epoch 213/301 | train_loss=0.3074 train_acc=88.83% | val_loss=0.3249 val_acc=86.74% | lr=3.000000e-06
Epoch 214/301 | train_loss=0.3092 train_acc=88.38% | val_loss=0.3248 val_acc=86.78% | lr=3.000000e-06
Epoch 215/301 | train_loss=0.3058 train_acc=88.85% | val_loss=0.3245 val_acc=86.74% | lr=3.000000e-06
Epoch 216/301 | train_loss=0.3039 train_acc=88.67% | val_loss=0.3242 val_acc=86.78% | lr=3.000000e-06
Epoch 217/301 | train_loss=0.3036 train_acc=88.70% | val_loss=0.3240 val_acc=86.78% | lr=3.000000e-06
Epoch 218/301 | train_loss=0.3042 train_acc=88.67% | val_loss=0.3237 val_acc=86.80% | lr=3.000000e-06
Epoch 219/301 | train_loss=0.3035 train_acc=88.67% | val_loss=0.3235 val_acc=86.86% | lr=3.000000e-06
Saved new best model to /tmp/bow_mlp_imdb_wln1k9tx.pt
Epoch 220/301 | train_loss=0.3052 train_acc=88.83% | val_loss=0.3233 val_acc=86.82% | lr=3.000000e-06
Epoch 221/301 | train_loss=0.3026 train_acc=88.52% | val_loss=0.3232 val_acc=86.88% | lr=3.000000e-06
Saved new best model to /tmp/bow_mlp_imdb_wln1k9tx.pt
Epoch 222/301 | train_loss=0.3001 train_acc=88.94% | val_loss=0.3231 val_acc=86.84% | lr=3.000000e-06
Epoch 223/301 | train_loss=0.3002 train_acc=88.88% | val_loss=0.3226 val_acc=86.88% | lr=3.000000e-06
Epoch 224/301 | train_loss=0.3026 train_acc=88.83% | val_loss=0.3224 val_acc=86.78% | lr=3.000000e-06
Epoch 225/301 | train_loss=0.2999 train_acc=88.95% | val_loss=0.3222 val_acc=86.90% | lr=3.000000e-06
Saved new best model to /tmp/bow_mlp_imdb_wln1k9tx.pt
Epoch 226/301 | train_loss=0.3003 train_acc=88.89% | val_loss=0.3220 val_acc=86.78% | lr=3.000000e-06
Epoch 227/301 | train_loss=0.3008 train_acc=89.07% | val_loss=0.3218 val_acc=86.86% | lr=3.000000e-06
Epoch 228/301 | train_loss=0.2986 train_acc=88.72% | val_loss=0.3216 val_acc=86.96% | lr=3.000000e-06
Saved new best model to /tmp/bow_mlp_imdb_wln1k9tx.pt
Epoch 229/301 | train_loss=0.3005 train_acc=88.89% | val_loss=0.3216 val_acc=86.98% | lr=3.000000e-06
Saved new best model to /tmp/bow_mlp_imdb_wln1k9tx.pt
Epoch 230/301 | train_loss=0.2981 train_acc=88.89% | val_loss=0.3213 val_acc=86.96% | lr=3.000000e-06
Epoch 231/301 | train_loss=0.2999 train_acc=88.81% | val_loss=0.3211 val_acc=86.96% | lr=3.000000e-06
Epoch 232/301 | train_loss=0.2995 train_acc=89.19% | val_loss=0.3210 val_acc=86.90% | lr=3.000000e-06
Epoch 233/301 | train_loss=0.2988 train_acc=88.98% | val_loss=0.3208 val_acc=86.92% | lr=3.000000e-06
Epoch 234/301 | train_loss=0.2999 train_acc=88.84% | val_loss=0.3207 val_acc=87.00% | lr=3.000000e-06
Saved new best model to /tmp/bow_mlp_imdb_wln1k9tx.pt
Epoch 235/301 | train_loss=0.2952 train_acc=89.18% | val_loss=0.3204 val_acc=86.98% | lr=3.000000e-06
Epoch 236/301 | train_loss=0.2941 train_acc=89.23% | val_loss=0.3202 val_acc=87.02% | lr=3.000000e-06
Saved new best model to /tmp/bow_mlp_imdb_wln1k9tx.pt
Epoch 237/301 | train_loss=0.2961 train_acc=88.87% | val_loss=0.3199 val_acc=86.84% | lr=3.000000e-06
Epoch 238/301 | train_loss=0.2966 train_acc=89.07% | val_loss=0.3198 val_acc=86.96% | lr=3.000000e-06
Epoch 239/301 | train_loss=0.2959 train_acc=89.21% | val_loss=0.3197 val_acc=87.02% | lr=3.000000e-06
Epoch 240/301 | train_loss=0.2968 train_acc=89.18% | val_loss=0.3196 val_acc=86.98% | lr=3.000000e-06
Epoch 241/301 | train_loss=0.2956 train_acc=88.97% | val_loss=0.3194 val_acc=86.96% | lr=3.000000e-06
Epoch 242/301 | train_loss=0.2898 train_acc=89.21% | val_loss=0.3191 val_acc=86.96% | lr=3.000000e-06
Epoch 243/301 | train_loss=0.2929 train_acc=89.22% | val_loss=0.3190 val_acc=86.98% | lr=3.000000e-06
Epoch 244/301 | train_loss=0.2930 train_acc=89.20% | val_loss=0.3189 val_acc=86.98% | lr=3.000000e-06
Epoch 245/301 | train_loss=0.2919 train_acc=89.13% | val_loss=0.3187 val_acc=86.98% | lr=3.000000e-06
Epoch 246/301 | train_loss=0.2928 train_acc=89.10% | val_loss=0.3186 val_acc=86.96% | lr=3.000000e-06
Epoch 247/301 | train_loss=0.2929 train_acc=89.12% | val_loss=0.3185 val_acc=86.96% | lr=3.000000e-06
Epoch 248/301 | train_loss=0.2925 train_acc=89.31% | val_loss=0.3183 val_acc=86.90% | lr=3.000000e-06
Epoch 249/301 | train_loss=0.2916 train_acc=89.17% | val_loss=0.3181 val_acc=86.96% | lr=3.000000e-06
Epoch 250/301 | train_loss=0.2910 train_acc=89.18% | val_loss=0.3180 val_acc=86.96% | lr=3.000000e-06
Epoch 251/301 | train_loss=0.2888 train_acc=89.30% | val_loss=0.3178 val_acc=86.94% | lr=3.000000e-06
Epoch 252/301 | train_loss=0.2891 train_acc=89.33% | val_loss=0.3177 val_acc=86.94% | lr=3.000000e-06
Epoch 253/301 | train_loss=0.2912 train_acc=89.26% | val_loss=0.3176 val_acc=86.96% | lr=3.000000e-06
Epoch 254/301 | train_loss=0.2870 train_acc=89.40% | val_loss=0.3174 val_acc=86.92% | lr=3.000000e-06
Epoch 255/301 | train_loss=0.2874 train_acc=89.29% | val_loss=0.3173 val_acc=86.94% | lr=3.000000e-06
Epoch 256/301 | train_loss=0.2859 train_acc=89.15% | val_loss=0.3171 val_acc=86.92% | lr=3.000000e-06
Epoch 257/301 | train_loss=0.2874 train_acc=89.42% | val_loss=0.3169 val_acc=86.92% | lr=3.000000e-06
Epoch 258/301 | train_loss=0.2886 train_acc=89.27% | val_loss=0.3168 val_acc=86.90% | lr=3.000000e-06
Epoch 259/301 | train_loss=0.2858 train_acc=89.55% | val_loss=0.3168 val_acc=86.92% | lr=3.000000e-06
Epoch 260/301 | train_loss=0.2870 train_acc=89.39% | val_loss=0.3166 val_acc=86.90% | lr=3.000000e-06
Epoch 261/301 | train_loss=0.2860 train_acc=89.28% | val_loss=0.3166 val_acc=86.92% | lr=3.000000e-06
Epoch 262/301 | train_loss=0.2848 train_acc=89.47% | val_loss=0.3164 val_acc=86.84% | lr=3.000000e-06
Epoch 263/301 | train_loss=0.2877 train_acc=89.43% | val_loss=0.3163 val_acc=86.86% | lr=3.000000e-06
Epoch 264/301 | train_loss=0.2858 train_acc=89.39% | val_loss=0.3161 val_acc=86.86% | lr=3.000000e-06
Epoch 265/301 | train_loss=0.2854 train_acc=89.45% | val_loss=0.3161 val_acc=86.88% | lr=3.000000e-06
Epoch 266/301 | train_loss=0.2845 train_acc=89.34% | val_loss=0.3161 val_acc=86.94% | lr=3.000000e-06
Epoch 267/301 | train_loss=0.2843 train_acc=89.45% | val_loss=0.3159 val_acc=86.84% | lr=3.000000e-06
Epoch 268/301 | train_loss=0.2832 train_acc=89.46% | val_loss=0.3158 val_acc=86.88% | lr=3.000000e-06
Epoch 269/301 | train_loss=0.2826 train_acc=89.34% | val_loss=0.3156 val_acc=86.88% | lr=3.000000e-06
Epoch 270/301 | train_loss=0.2805 train_acc=89.56% | val_loss=0.3155 val_acc=86.84% | lr=3.000000e-06
Epoch 271/301 | train_loss=0.2832 train_acc=89.58% | val_loss=0.3155 val_acc=86.88% | lr=3.000000e-06
Epoch 272/301 | train_loss=0.2813 train_acc=89.49% | val_loss=0.3153 val_acc=86.94% | lr=3.000000e-06
Epoch 273/301 | train_loss=0.2805 train_acc=89.70% | val_loss=0.3153 val_acc=86.90% | lr=3.000000e-06
Epoch 274/301 | train_loss=0.2800 train_acc=89.49% | val_loss=0.3151 val_acc=86.92% | lr=3.000000e-06
Epoch 275/301 | train_loss=0.2830 train_acc=89.50% | val_loss=0.3150 val_acc=86.94% | lr=3.000000e-06
Epoch 276/301 | train_loss=0.2825 train_acc=89.60% | val_loss=0.3149 val_acc=86.90% | lr=3.000000e-06
Epoch 277/301 | train_loss=0.2808 train_acc=89.50% | val_loss=0.3148 val_acc=86.94% | lr=3.000000e-06
Epoch 278/301 | train_loss=0.2803 train_acc=89.70% | val_loss=0.3147 val_acc=86.92% | lr=3.000000e-06
Epoch 279/301 | train_loss=0.2803 train_acc=89.38% | val_loss=0.3147 val_acc=86.90% | lr=3.000000e-06
Epoch 280/301 | train_loss=0.2796 train_acc=89.48% | val_loss=0.3145 val_acc=86.92% | lr=3.000000e-06
Epoch 281/301 | train_loss=0.2762 train_acc=89.85% | val_loss=0.3145 val_acc=86.88% | lr=3.000000e-06
Epoch 282/301 | train_loss=0.2771 train_acc=89.70% | val_loss=0.3144 val_acc=86.94% | lr=3.000000e-06
Epoch 283/301 | train_loss=0.2798 train_acc=89.70% | val_loss=0.3145 val_acc=86.92% | lr=3.000000e-06
Epoch 284/301 | train_loss=0.2785 train_acc=89.77% | val_loss=0.3143 val_acc=86.90% | lr=3.000000e-06
Epoch 285/301 | train_loss=0.2782 train_acc=89.74% | val_loss=0.3142 val_acc=86.88% | lr=3.000000e-06
Epoch 286/301 | train_loss=0.2748 train_acc=89.77% | val_loss=0.3141 val_acc=86.90% | lr=3.000000e-06
Epoch 287/301 | train_loss=0.2771 train_acc=89.64% | val_loss=0.3141 val_acc=86.88% | lr=3.000000e-06
Epoch 288/301 | train_loss=0.2736 train_acc=90.03% | val_loss=0.3139 val_acc=86.94% | lr=3.000000e-06
Epoch 289/301 | train_loss=0.2757 train_acc=89.69% | val_loss=0.3139 val_acc=86.96% | lr=3.000000e-06
Epoch 290/301 | train_loss=0.2768 train_acc=89.80% | val_loss=0.3138 val_acc=86.92% | lr=3.000000e-06
Epoch 291/301 | train_loss=0.2771 train_acc=89.70% | val_loss=0.3138 val_acc=86.88% | lr=3.000000e-06
Epoch 292/301 | train_loss=0.2733 train_acc=89.81% | val_loss=0.3138 val_acc=86.90% | lr=3.000000e-06
Epoch 293/301 | train_loss=0.2744 train_acc=89.83% | val_loss=0.3138 val_acc=86.88% | lr=3.000000e-06
Epoch 294/301 | train_loss=0.2736 train_acc=89.70% | val_loss=0.3136 val_acc=86.88% | lr=3.000000e-06
Epoch 295/301 | train_loss=0.2757 train_acc=89.84% | val_loss=0.3135 val_acc=86.88% | lr=3.000000e-06
Epoch 296/301 | train_loss=0.2732 train_acc=90.00% | val_loss=0.3134 val_acc=86.86% | lr=3.000000e-06
Epoch 297/301 | train_loss=0.2761 train_acc=89.72% | val_loss=0.3133 val_acc=86.90% | lr=3.000000e-06
Epoch 298/301 | train_loss=0.2748 train_acc=89.77% | val_loss=0.3133 val_acc=86.90% | lr=3.000000e-06
Epoch 299/301 | train_loss=0.2741 train_acc=89.73% | val_loss=0.3132 val_acc=86.88% | lr=3.000000e-06
Epoch 300/301 | train_loss=0.2730 train_acc=89.66% | val_loss=0.3132 val_acc=86.90% | lr=3.000000e-06
Epoch 301/301 | train_loss=0.2697 train_acc=89.95% | val_loss=0.3132 val_acc=86.90% | lr=3.000000e-06
Epoch 302/301 | train_loss=0.2707 train_acc=90.05% | val_loss=0.3131 val_acc=86.94% | lr=3.000000e-06
Epoch 303/301 | train_loss=0.2703 train_acc=89.92% | val_loss=0.3131 val_acc=86.90% | lr=3.000000e-06
Epoch 304/301 | train_loss=0.2703 train_acc=89.80% | val_loss=0.3130 val_acc=86.94% | lr=3.000000e-06
Epoch 305/301 | train_loss=0.2702 train_acc=90.15% | val_loss=0.3129 val_acc=86.88% | lr=3.000000e-06
Epoch 306/301 | train_loss=0.2713 train_acc=89.92% | val_loss=0.3129 val_acc=86.92% | lr=3.000000e-06
Epoch 307/301 | train_loss=0.2680 train_acc=90.16% | val_loss=0.3128 val_acc=86.88% | lr=3.000000e-06
Epoch 308/301 | train_loss=0.2713 train_acc=89.88% | val_loss=0.3128 val_acc=86.86% | lr=3.000000e-06
Epoch 309/301 | train_loss=0.2671 train_acc=90.11% | val_loss=0.3128 val_acc=86.86% | lr=3.000000e-06
Epoch 310/301 | train_loss=0.2697 train_acc=89.83% | val_loss=0.3126 val_acc=86.90% | lr=3.000000e-06
Epoch 311/301 | train_loss=0.2664 train_acc=89.94% | val_loss=0.3127 val_acc=86.84% | lr=3.000000e-06
Epoch 312/301 | train_loss=0.2703 train_acc=89.81% | val_loss=0.3125 val_acc=86.88% | lr=3.000000e-06
Epoch 313/301 | train_loss=0.2687 train_acc=90.14% | val_loss=0.3125 val_acc=86.92% | lr=3.000000e-06
Epoch 314/301 | train_loss=0.2694 train_acc=89.83% | val_loss=0.3125 val_acc=86.86% | lr=3.000000e-06
Epoch 315/301 | train_loss=0.2669 train_acc=90.00% | val_loss=0.3124 val_acc=86.88% | lr=3.000000e-06
Epoch 316/301 | train_loss=0.2672 train_acc=90.00% | val_loss=0.3124 val_acc=86.90% | lr=3.000000e-06
Epoch 317/301 | train_loss=0.2671 train_acc=90.03% | val_loss=0.3125 val_acc=86.84% | lr=3.000000e-06
Epoch 318/301 | train_loss=0.2683 train_acc=90.16% | val_loss=0.3123 val_acc=86.88% | lr=3.000000e-06
Epoch 319/301 | train_loss=0.2675 train_acc=89.99% | val_loss=0.3122 val_acc=86.92% | lr=3.000000e-06
Epoch 320/301 | train_loss=0.2684 train_acc=90.05% | val_loss=0.3123 val_acc=86.86% | lr=3.000000e-06
Epoch 321/301 | train_loss=0.2659 train_acc=90.11% | val_loss=0.3122 val_acc=86.92% | lr=3.000000e-06
Epoch 322/301 | train_loss=0.2642 train_acc=90.22% | val_loss=0.3122 val_acc=86.84% | lr=3.000000e-06
Epoch 323/301 | train_loss=0.2639 train_acc=90.08% | val_loss=0.3122 val_acc=86.86% | lr=3.000000e-06
Epoch 324/301 | train_loss=0.2634 train_acc=90.19% | val_loss=0.3122 val_acc=86.84% | lr=3.000000e-06
Epoch 325/301 | train_loss=0.2652 train_acc=90.10% | val_loss=0.3121 val_acc=86.92% | lr=3.000000e-06
Epoch 326/301 | train_loss=0.2640 train_acc=90.03% | val_loss=0.3121 val_acc=86.94% | lr=3.000000e-06
Epoch 327/301 | train_loss=0.2619 train_acc=90.22% | val_loss=0.3122 val_acc=86.86% | lr=3.000000e-06
Epoch 328/301 | train_loss=0.2644 train_acc=90.15% | val_loss=0.3120 val_acc=86.94% | lr=3.000000e-06
Epoch 329/301 | train_loss=0.2628 train_acc=90.27% | val_loss=0.3121 val_acc=86.86% | lr=3.000000e-06
Epoch 330/301 | train_loss=0.2629 train_acc=90.08% | val_loss=0.3119 val_acc=86.88% | lr=3.000000e-06
Epoch 331/301 | train_loss=0.2629 train_acc=90.18% | val_loss=0.3119 val_acc=86.88% | lr=3.000000e-06
Epoch 332/301 | train_loss=0.2631 train_acc=90.23% | val_loss=0.3118 val_acc=86.90% | lr=3.000000e-06
Epoch 333/301 | train_loss=0.2595 train_acc=90.30% | val_loss=0.3118 val_acc=86.92% | lr=3.000000e-06
Epoch 334/301 | train_loss=0.2628 train_acc=90.34% | val_loss=0.3119 val_acc=86.94% | lr=3.000000e-06
Epoch 335/301 | train_loss=0.2604 train_acc=90.34% | val_loss=0.3119 val_acc=86.92% | lr=3.000000e-06
Epoch 336/301 | train_loss=0.2621 train_acc=90.30% | val_loss=0.3120 val_acc=86.88% | lr=3.000000e-06
Epoch 337/301 | train_loss=0.2597 train_acc=90.22% | val_loss=0.3119 val_acc=86.90% | lr=3.000000e-06
Epoch 338/301 | train_loss=0.2612 train_acc=90.30% | val_loss=0.3118 val_acc=86.92% | lr=3.000000e-06
Epoch 339/301 | train_loss=0.2588 train_acc=90.50% | val_loss=0.3119 val_acc=86.90% | lr=3.000000e-06
Epoch 340/301 | train_loss=0.2602 train_acc=90.27% | val_loss=0.3118 val_acc=86.90% | lr=3.000000e-06
Epoch 341/301 | train_loss=0.2590 train_acc=90.29% | val_loss=0.3117 val_acc=86.94% | lr=3.000000e-06
Epoch 342/301 | train_loss=0.2583 train_acc=90.58% | val_loss=0.3116 val_acc=86.92% | lr=3.000000e-06
Epoch 343/301 | train_loss=0.2575 train_acc=90.38% | val_loss=0.3117 val_acc=86.84% | lr=3.000000e-06
Epoch 344/301 | train_loss=0.2594 train_acc=90.44% | val_loss=0.3116 val_acc=86.94% | lr=3.000000e-06
Epoch 345/301 | train_loss=0.2595 train_acc=90.36% | val_loss=0.3117 val_acc=86.92% | lr=3.000000e-06
Epoch 346/301 | train_loss=0.2575 train_acc=90.29% | val_loss=0.3117 val_acc=86.90% | lr=3.000000e-06
Epoch 347/301 | train_loss=0.2568 train_acc=90.32% | val_loss=0.3117 val_acc=86.90% | lr=3.000000e-06
Epoch 348/301 | train_loss=0.2547 train_acc=90.52% | val_loss=0.3117 val_acc=86.90% | lr=3.000000e-06
Epoch 349/301 | train_loss=0.2560 train_acc=90.53% | val_loss=0.3117 val_acc=86.88% | lr=3.000000e-06
Epoch 350/301 | train_loss=0.2566 train_acc=90.27% | val_loss=0.3117 val_acc=86.88% | lr=3.000000e-06
Validation loss has not improved for 8 epochs. Stopping training.
Test loss=0.3206 | Test accuracy=87.04%
