Loading IMDb dataset from local disk: /home/daniel/l/masteruppsats/np-reg/language/data/imdb_hf
Using device: cuda
BoW vocab size: 50000
W0422 02:50:28.585000 2351301 site-packages/torch/_inductor/utils.py:1679] [0/0] Not enough SMs to use max_autotune_gemm mode
Epoch 1/301 | train_loss=0.6831 train_acc=59.20% | val_loss=0.6684 val_acc=68.96% | lr=3.000000e-06
Saved new best model to /tmp/bow_mlp_imdb_px2edpj0.pt
Epoch 2/301 | train_loss=0.6455 train_acc=73.83% | val_loss=0.6277 val_acc=77.04% | lr=3.000000e-06
Saved new best model to /tmp/bow_mlp_imdb_px2edpj0.pt
Epoch 3/301 | train_loss=0.6016 train_acc=79.67% | val_loss=0.5889 val_acc=80.22% | lr=3.000000e-06
Saved new best model to /tmp/bow_mlp_imdb_px2edpj0.pt
Epoch 4/301 | train_loss=0.5609 train_acc=82.79% | val_loss=0.5541 val_acc=82.48% | lr=3.000000e-06
Saved new best model to /tmp/bow_mlp_imdb_px2edpj0.pt
Epoch 5/301 | train_loss=0.5242 train_acc=84.62% | val_loss=0.5229 val_acc=83.90% | lr=3.000000e-06
Saved new best model to /tmp/bow_mlp_imdb_px2edpj0.pt
Epoch 6/301 | train_loss=0.4908 train_acc=86.17% | val_loss=0.4957 val_acc=85.06% | lr=3.000000e-06
Saved new best model to /tmp/bow_mlp_imdb_px2edpj0.pt
Epoch 7/301 | train_loss=0.4617 train_acc=87.26% | val_loss=0.4724 val_acc=85.50% | lr=3.000000e-06
Saved new best model to /tmp/bow_mlp_imdb_px2edpj0.pt
Epoch 8/301 | train_loss=0.4352 train_acc=88.10% | val_loss=0.4512 val_acc=86.34% | lr=3.000000e-06
Saved new best model to /tmp/bow_mlp_imdb_px2edpj0.pt
Epoch 9/301 | train_loss=0.4116 train_acc=88.81% | val_loss=0.4328 val_acc=86.76% | lr=3.000000e-06
Saved new best model to /tmp/bow_mlp_imdb_px2edpj0.pt
Epoch 10/301 | train_loss=0.3907 train_acc=89.31% | val_loss=0.4166 val_acc=86.88% | lr=3.000000e-06
Saved new best model to /tmp/bow_mlp_imdb_px2edpj0.pt
Epoch 11/301 | train_loss=0.3715 train_acc=89.77% | val_loss=0.4023 val_acc=87.28% | lr=3.000000e-06
Saved new best model to /tmp/bow_mlp_imdb_px2edpj0.pt
Epoch 12/301 | train_loss=0.3541 train_acc=90.40% | val_loss=0.3892 val_acc=87.42% | lr=3.000000e-06
Saved new best model to /tmp/bow_mlp_imdb_px2edpj0.pt
Epoch 13/301 | train_loss=0.3384 train_acc=90.75% | val_loss=0.3777 val_acc=87.56% | lr=3.000000e-06
Saved new best model to /tmp/bow_mlp_imdb_px2edpj0.pt
Epoch 14/301 | train_loss=0.3237 train_acc=91.10% | val_loss=0.3674 val_acc=87.78% | lr=3.000000e-06
Saved new best model to /tmp/bow_mlp_imdb_px2edpj0.pt
Epoch 15/301 | train_loss=0.3105 train_acc=91.44% | val_loss=0.3581 val_acc=88.02% | lr=3.000000e-06
Saved new best model to /tmp/bow_mlp_imdb_px2edpj0.pt
Epoch 16/301 | train_loss=0.2979 train_acc=91.80% | val_loss=0.3499 val_acc=87.90% | lr=3.000000e-06
Epoch 17/301 | train_loss=0.2862 train_acc=92.14% | val_loss=0.3419 val_acc=88.28% | lr=3.000000e-06
Saved new best model to /tmp/bow_mlp_imdb_px2edpj0.pt
Epoch 18/301 | train_loss=0.2753 train_acc=92.55% | val_loss=0.3349 val_acc=88.42% | lr=3.000000e-06
Saved new best model to /tmp/bow_mlp_imdb_px2edpj0.pt
Epoch 19/301 | train_loss=0.2650 train_acc=92.87% | val_loss=0.3285 val_acc=88.64% | lr=3.000000e-06
Saved new best model to /tmp/bow_mlp_imdb_px2edpj0.pt
Epoch 20/301 | train_loss=0.2551 train_acc=93.22% | val_loss=0.3226 val_acc=88.70% | lr=3.000000e-06
Saved new best model to /tmp/bow_mlp_imdb_px2edpj0.pt
Epoch 21/301 | train_loss=0.2461 train_acc=93.38% | val_loss=0.3172 val_acc=88.84% | lr=3.000000e-06
Saved new best model to /tmp/bow_mlp_imdb_px2edpj0.pt
Epoch 22/301 | train_loss=0.2373 train_acc=93.66% | val_loss=0.3125 val_acc=88.86% | lr=3.000000e-06
Saved new best model to /tmp/bow_mlp_imdb_px2edpj0.pt
Epoch 23/301 | train_loss=0.2291 train_acc=94.00% | val_loss=0.3076 val_acc=89.06% | lr=3.000000e-06
Saved new best model to /tmp/bow_mlp_imdb_px2edpj0.pt
Epoch 24/301 | train_loss=0.2216 train_acc=94.15% | val_loss=0.3036 val_acc=89.12% | lr=3.000000e-06
Saved new best model to /tmp/bow_mlp_imdb_px2edpj0.pt
Epoch 25/301 | train_loss=0.2138 train_acc=94.49% | val_loss=0.2995 val_acc=89.20% | lr=3.000000e-06
Saved new best model to /tmp/bow_mlp_imdb_px2edpj0.pt
Epoch 26/301 | train_loss=0.2067 train_acc=94.58% | val_loss=0.2959 val_acc=89.34% | lr=3.000000e-06
Saved new best model to /tmp/bow_mlp_imdb_px2edpj0.pt
Epoch 27/301 | train_loss=0.1997 train_acc=94.83% | val_loss=0.2926 val_acc=89.44% | lr=3.000000e-06
Saved new best model to /tmp/bow_mlp_imdb_px2edpj0.pt
Epoch 28/301 | train_loss=0.1935 train_acc=95.08% | val_loss=0.2895 val_acc=89.50% | lr=3.000000e-06
Saved new best model to /tmp/bow_mlp_imdb_px2edpj0.pt
Epoch 29/301 | train_loss=0.1869 train_acc=95.23% | val_loss=0.2866 val_acc=89.54% | lr=3.000000e-06
Saved new best model to /tmp/bow_mlp_imdb_px2edpj0.pt
Epoch 30/301 | train_loss=0.1813 train_acc=95.41% | val_loss=0.2843 val_acc=89.46% | lr=3.000000e-06
Epoch 31/301 | train_loss=0.1755 train_acc=95.59% | val_loss=0.2814 val_acc=89.56% | lr=3.000000e-06
Saved new best model to /tmp/bow_mlp_imdb_px2edpj0.pt
Epoch 32/301 | train_loss=0.1696 train_acc=95.80% | val_loss=0.2792 val_acc=89.58% | lr=3.000000e-06
Saved new best model to /tmp/bow_mlp_imdb_px2edpj0.pt
Epoch 33/301 | train_loss=0.1643 train_acc=95.95% | val_loss=0.2774 val_acc=89.70% | lr=3.000000e-06
Saved new best model to /tmp/bow_mlp_imdb_px2edpj0.pt
Epoch 34/301 | train_loss=0.1591 train_acc=96.11% | val_loss=0.2750 val_acc=89.66% | lr=3.000000e-06
Epoch 35/301 | train_loss=0.1540 train_acc=96.27% | val_loss=0.2732 val_acc=89.76% | lr=3.000000e-06
Saved new best model to /tmp/bow_mlp_imdb_px2edpj0.pt
Epoch 36/301 | train_loss=0.1492 train_acc=96.41% | val_loss=0.2715 val_acc=89.68% | lr=3.000000e-06
Epoch 37/301 | train_loss=0.1442 train_acc=96.61% | val_loss=0.2699 val_acc=89.74% | lr=3.000000e-06
Epoch 38/301 | train_loss=0.1400 train_acc=96.65% | val_loss=0.2685 val_acc=89.82% | lr=3.000000e-06
Saved new best model to /tmp/bow_mlp_imdb_px2edpj0.pt
Epoch 39/301 | train_loss=0.1354 train_acc=96.92% | val_loss=0.2676 val_acc=90.00% | lr=3.000000e-06
Saved new best model to /tmp/bow_mlp_imdb_px2edpj0.pt
Epoch 40/301 | train_loss=0.1313 train_acc=96.95% | val_loss=0.2659 val_acc=89.96% | lr=3.000000e-06
Epoch 41/301 | train_loss=0.1270 train_acc=97.13% | val_loss=0.2648 val_acc=90.06% | lr=3.000000e-06
Saved new best model to /tmp/bow_mlp_imdb_px2edpj0.pt
Epoch 42/301 | train_loss=0.1235 train_acc=97.22% | val_loss=0.2637 val_acc=90.00% | lr=3.000000e-06
Epoch 43/301 | train_loss=0.1193 train_acc=97.30% | val_loss=0.2629 val_acc=90.16% | lr=3.000000e-06
Saved new best model to /tmp/bow_mlp_imdb_px2edpj0.pt
Epoch 44/301 | train_loss=0.1155 train_acc=97.45% | val_loss=0.2623 val_acc=90.12% | lr=3.000000e-06
Epoch 45/301 | train_loss=0.1119 train_acc=97.56% | val_loss=0.2612 val_acc=90.18% | lr=3.000000e-06
Saved new best model to /tmp/bow_mlp_imdb_px2edpj0.pt
Epoch 46/301 | train_loss=0.1081 train_acc=97.76% | val_loss=0.2609 val_acc=90.10% | lr=3.000000e-06
Epoch 47/301 | train_loss=0.1048 train_acc=97.82% | val_loss=0.2601 val_acc=90.22% | lr=3.000000e-06
Saved new best model to /tmp/bow_mlp_imdb_px2edpj0.pt
Epoch 48/301 | train_loss=0.1015 train_acc=97.89% | val_loss=0.2595 val_acc=90.22% | lr=3.000000e-06
Epoch 49/301 | train_loss=0.0983 train_acc=97.91% | val_loss=0.2592 val_acc=90.24% | lr=3.000000e-06
Saved new best model to /tmp/bow_mlp_imdb_px2edpj0.pt
Epoch 50/301 | train_loss=0.0951 train_acc=98.01% | val_loss=0.2588 val_acc=90.24% | lr=3.000000e-06
Epoch 51/301 | train_loss=0.0918 train_acc=98.19% | val_loss=0.2586 val_acc=90.24% | lr=3.000000e-06
Epoch 52/301 | train_loss=0.0888 train_acc=98.28% | val_loss=0.2584 val_acc=90.24% | lr=3.000000e-06
Epoch 53/301 | train_loss=0.0861 train_acc=98.27% | val_loss=0.2583 val_acc=90.18% | lr=3.000000e-06
Epoch 54/301 | train_loss=0.0834 train_acc=98.39% | val_loss=0.2583 val_acc=90.28% | lr=3.000000e-06
Saved new best model to /tmp/bow_mlp_imdb_px2edpj0.pt
Epoch 55/301 | train_loss=0.0805 train_acc=98.52% | val_loss=0.2583 val_acc=90.28% | lr=3.000000e-06
Epoch 56/301 | train_loss=0.0781 train_acc=98.56% | val_loss=0.2584 val_acc=90.24% | lr=3.000000e-06
Epoch 57/301 | train_loss=0.0755 train_acc=98.61% | val_loss=0.2586 val_acc=90.16% | lr=3.000000e-06
Epoch 58/301 | train_loss=0.0728 train_acc=98.73% | val_loss=0.2589 val_acc=90.14% | lr=3.000000e-06
Epoch 59/301 | train_loss=0.0706 train_acc=98.78% | val_loss=0.2600 val_acc=90.24% | lr=3.000000e-06
Epoch 60/301 | train_loss=0.0680 train_acc=98.80% | val_loss=0.2597 val_acc=90.16% | lr=3.000000e-06
Epoch 61/301 | train_loss=0.0658 train_acc=98.92% | val_loss=0.2603 val_acc=90.14% | lr=3.000000e-06
Validation loss has not improved for 8 epochs. Stopping training.
Test loss=0.2958 | Test accuracy=88.49%
