Loading IMDb dataset from local disk: /home/daniel/l/masteruppsats/np-reg/language/data/imdb_hf
Using device: cuda
BoW vocab size: 50000
Epoch 1/301 | train_loss=0.6619 train_acc=67.00% | val_loss=0.6189 val_acc=77.52% | lr=1.000000e-05
Saved new best model to /tmp/bow_mlp_imdb_xelzjkoc.pt
Epoch 2/301 | train_loss=0.5699 train_acc=81.51% | val_loss=0.5377 val_acc=83.18% | lr=1.000000e-05
Saved new best model to /tmp/bow_mlp_imdb_xelzjkoc.pt
Epoch 3/301 | train_loss=0.4888 train_acc=86.03% | val_loss=0.4756 val_acc=85.84% | lr=1.000000e-05
Saved new best model to /tmp/bow_mlp_imdb_xelzjkoc.pt
Epoch 4/301 | train_loss=0.4253 train_acc=88.17% | val_loss=0.4302 val_acc=86.80% | lr=1.000000e-05
Saved new best model to /tmp/bow_mlp_imdb_xelzjkoc.pt
Epoch 5/301 | train_loss=0.3769 train_acc=89.71% | val_loss=0.3965 val_acc=87.12% | lr=1.000000e-05
Saved new best model to /tmp/bow_mlp_imdb_xelzjkoc.pt
Epoch 6/301 | train_loss=0.3384 train_acc=90.83% | val_loss=0.3709 val_acc=87.76% | lr=1.000000e-05
Saved new best model to /tmp/bow_mlp_imdb_xelzjkoc.pt
Epoch 7/301 | train_loss=0.3072 train_acc=91.75% | val_loss=0.3510 val_acc=88.16% | lr=1.000000e-05
Saved new best model to /tmp/bow_mlp_imdb_xelzjkoc.pt
Epoch 8/301 | train_loss=0.2808 train_acc=92.47% | val_loss=0.3347 val_acc=88.58% | lr=1.000000e-05
Saved new best model to /tmp/bow_mlp_imdb_xelzjkoc.pt
Epoch 9/301 | train_loss=0.2581 train_acc=93.14% | val_loss=0.3216 val_acc=88.82% | lr=1.000000e-05
Saved new best model to /tmp/bow_mlp_imdb_xelzjkoc.pt
Epoch 10/301 | train_loss=0.2383 train_acc=93.87% | val_loss=0.3110 val_acc=89.04% | lr=1.000000e-05
Saved new best model to /tmp/bow_mlp_imdb_xelzjkoc.pt
Epoch 11/301 | train_loss=0.2211 train_acc=94.22% | val_loss=0.3021 val_acc=89.24% | lr=1.000000e-05
Saved new best model to /tmp/bow_mlp_imdb_xelzjkoc.pt
Epoch 12/301 | train_loss=0.2054 train_acc=94.80% | val_loss=0.2940 val_acc=89.30% | lr=1.000000e-05
Saved new best model to /tmp/bow_mlp_imdb_xelzjkoc.pt
Epoch 13/301 | train_loss=0.1909 train_acc=95.19% | val_loss=0.2876 val_acc=89.50% | lr=1.000000e-05
Saved new best model to /tmp/bow_mlp_imdb_xelzjkoc.pt
Epoch 14/301 | train_loss=0.1775 train_acc=95.68% | val_loss=0.2820 val_acc=89.34% | lr=1.000000e-05
Epoch 15/301 | train_loss=0.1654 train_acc=96.03% | val_loss=0.2780 val_acc=89.64% | lr=1.000000e-05
Saved new best model to /tmp/bow_mlp_imdb_xelzjkoc.pt
Epoch 16/301 | train_loss=0.1543 train_acc=96.36% | val_loss=0.2735 val_acc=89.68% | lr=1.000000e-05
Saved new best model to /tmp/bow_mlp_imdb_xelzjkoc.pt
Epoch 17/301 | train_loss=0.1439 train_acc=96.75% | val_loss=0.2701 val_acc=89.66% | lr=1.000000e-05
Epoch 18/301 | train_loss=0.1345 train_acc=97.04% | val_loss=0.2673 val_acc=89.64% | lr=1.000000e-05
Epoch 19/301 | train_loss=0.1260 train_acc=97.22% | val_loss=0.2653 val_acc=90.06% | lr=1.000000e-05
Saved new best model to /tmp/bow_mlp_imdb_xelzjkoc.pt
Epoch 20/301 | train_loss=0.1176 train_acc=97.50% | val_loss=0.2631 val_acc=90.08% | lr=1.000000e-05
Saved new best model to /tmp/bow_mlp_imdb_xelzjkoc.pt
Epoch 21/301 | train_loss=0.1097 train_acc=97.77% | val_loss=0.2615 val_acc=89.78% | lr=1.000000e-05
Epoch 22/301 | train_loss=0.1021 train_acc=97.92% | val_loss=0.2615 val_acc=90.14% | lr=1.000000e-05
Saved new best model to /tmp/bow_mlp_imdb_xelzjkoc.pt
Epoch 23/301 | train_loss=0.0955 train_acc=98.17% | val_loss=0.2599 val_acc=89.98% | lr=1.000000e-05
Epoch 24/301 | train_loss=0.0893 train_acc=98.31% | val_loss=0.2595 val_acc=89.98% | lr=1.000000e-05
Epoch 25/301 | train_loss=0.0836 train_acc=98.48% | val_loss=0.2590 val_acc=90.04% | lr=1.000000e-05
Epoch 26/301 | train_loss=0.0779 train_acc=98.67% | val_loss=0.2596 val_acc=90.02% | lr=1.000000e-05
Epoch 27/301 | train_loss=0.0725 train_acc=98.77% | val_loss=0.2599 val_acc=90.04% | lr=1.000000e-05
Epoch 28/301 | train_loss=0.0677 train_acc=98.91% | val_loss=0.2605 val_acc=89.98% | lr=1.000000e-05
Epoch 29/301 | train_loss=0.0630 train_acc=99.03% | val_loss=0.2613 val_acc=89.98% | lr=1.000000e-05
Epoch 30/301 | train_loss=0.0588 train_acc=99.13% | val_loss=0.2627 val_acc=89.88% | lr=1.000000e-05
Epoch 31/301 | train_loss=0.0547 train_acc=99.22% | val_loss=0.2643 val_acc=89.80% | lr=1.000000e-05
Epoch 32/301 | train_loss=0.0509 train_acc=99.30% | val_loss=0.2660 val_acc=89.82% | lr=1.000000e-05
Epoch 33/301 | train_loss=0.0473 train_acc=99.38% | val_loss=0.2689 val_acc=89.86% | lr=1.000000e-05
Validation loss has not improved for 8 epochs. Stopping training.
Test loss=0.2952 | Test accuracy=88.44%
