Loading IMDb dataset from local disk: /home/daniel/l/masteruppsats/np-reg/language/data/imdb_hf
Using device: cuda
BoW vocab size: 50000
Epoch 1/301 | train_loss=0.6581 train_acc=66.84% | val_loss=0.6096 val_acc=78.72% | lr=1.000000e-05
Saved new best model to /tmp/bow_mlp_imdb_617kiqrr.pt
Epoch 2/301 | train_loss=0.5577 train_acc=81.69% | val_loss=0.5217 val_acc=83.88% | lr=1.000000e-05
Saved new best model to /tmp/bow_mlp_imdb_617kiqrr.pt
Epoch 3/301 | train_loss=0.4733 train_acc=85.76% | val_loss=0.4568 val_acc=86.18% | lr=1.000000e-05
Saved new best model to /tmp/bow_mlp_imdb_617kiqrr.pt
Epoch 4/301 | train_loss=0.4090 train_acc=88.06% | val_loss=0.4113 val_acc=86.86% | lr=1.000000e-05
Saved new best model to /tmp/bow_mlp_imdb_617kiqrr.pt
Epoch 5/301 | train_loss=0.3622 train_acc=89.42% | val_loss=0.3790 val_acc=87.30% | lr=1.000000e-05
Saved new best model to /tmp/bow_mlp_imdb_617kiqrr.pt
Epoch 6/301 | train_loss=0.3259 train_acc=90.33% | val_loss=0.3547 val_acc=88.00% | lr=1.000000e-05
Saved new best model to /tmp/bow_mlp_imdb_617kiqrr.pt
Epoch 7/301 | train_loss=0.2952 train_acc=91.56% | val_loss=0.3361 val_acc=88.24% | lr=1.000000e-05
Saved new best model to /tmp/bow_mlp_imdb_617kiqrr.pt
Epoch 8/301 | train_loss=0.2705 train_acc=92.01% | val_loss=0.3212 val_acc=88.86% | lr=1.000000e-05
Saved new best model to /tmp/bow_mlp_imdb_617kiqrr.pt
Epoch 9/301 | train_loss=0.2475 train_acc=92.83% | val_loss=0.3098 val_acc=88.94% | lr=1.000000e-05
Saved new best model to /tmp/bow_mlp_imdb_617kiqrr.pt
Epoch 10/301 | train_loss=0.2292 train_acc=93.50% | val_loss=0.2999 val_acc=89.30% | lr=1.000000e-05
Saved new best model to /tmp/bow_mlp_imdb_617kiqrr.pt
Epoch 11/301 | train_loss=0.2124 train_acc=94.09% | val_loss=0.2917 val_acc=89.42% | lr=1.000000e-05
Saved new best model to /tmp/bow_mlp_imdb_617kiqrr.pt
Epoch 12/301 | train_loss=0.1960 train_acc=94.52% | val_loss=0.2846 val_acc=89.52% | lr=1.000000e-05
Saved new best model to /tmp/bow_mlp_imdb_617kiqrr.pt
Epoch 13/301 | train_loss=0.1822 train_acc=95.08% | val_loss=0.2789 val_acc=89.56% | lr=1.000000e-05
Saved new best model to /tmp/bow_mlp_imdb_617kiqrr.pt
Epoch 14/301 | train_loss=0.1687 train_acc=95.41% | val_loss=0.2740 val_acc=89.68% | lr=1.000000e-05
Saved new best model to /tmp/bow_mlp_imdb_617kiqrr.pt
Epoch 15/301 | train_loss=0.1566 train_acc=96.03% | val_loss=0.2707 val_acc=89.84% | lr=1.000000e-05
Saved new best model to /tmp/bow_mlp_imdb_617kiqrr.pt
Epoch 16/301 | train_loss=0.1458 train_acc=96.35% | val_loss=0.2672 val_acc=90.04% | lr=1.000000e-05
Saved new best model to /tmp/bow_mlp_imdb_617kiqrr.pt
Epoch 17/301 | train_loss=0.1356 train_acc=96.67% | val_loss=0.2644 val_acc=90.02% | lr=1.000000e-05
Epoch 18/301 | train_loss=0.1262 train_acc=97.00% | val_loss=0.2624 val_acc=89.80% | lr=1.000000e-05
Epoch 19/301 | train_loss=0.1168 train_acc=97.27% | val_loss=0.2605 val_acc=90.08% | lr=1.000000e-05
Saved new best model to /tmp/bow_mlp_imdb_617kiqrr.pt
Epoch 20/301 | train_loss=0.1081 train_acc=97.54% | val_loss=0.2597 val_acc=90.08% | lr=1.000000e-05
Epoch 21/301 | train_loss=0.1007 train_acc=97.69% | val_loss=0.2588 val_acc=90.10% | lr=1.000000e-05
Saved new best model to /tmp/bow_mlp_imdb_617kiqrr.pt
Epoch 22/301 | train_loss=0.0935 train_acc=97.95% | val_loss=0.2598 val_acc=90.10% | lr=1.000000e-05
Epoch 23/301 | train_loss=0.0864 train_acc=98.12% | val_loss=0.2591 val_acc=90.26% | lr=1.000000e-05
Saved new best model to /tmp/bow_mlp_imdb_617kiqrr.pt
Epoch 24/301 | train_loss=0.0805 train_acc=98.26% | val_loss=0.2606 val_acc=89.94% | lr=1.000000e-05
Epoch 25/301 | train_loss=0.0742 train_acc=98.47% | val_loss=0.2607 val_acc=90.06% | lr=1.000000e-05
Epoch 26/301 | train_loss=0.0687 train_acc=98.71% | val_loss=0.2624 val_acc=90.12% | lr=1.000000e-05
Epoch 27/301 | train_loss=0.0632 train_acc=98.80% | val_loss=0.2645 val_acc=90.16% | lr=1.000000e-05
Epoch 28/301 | train_loss=0.0582 train_acc=98.99% | val_loss=0.2659 val_acc=90.04% | lr=1.000000e-05
Epoch 29/301 | train_loss=0.0540 train_acc=99.03% | val_loss=0.2679 val_acc=90.10% | lr=1.000000e-05
Validation loss has not improved for 8 epochs. Stopping training.
Test loss=0.2974 | Test accuracy=88.48%
