Loading IMDb dataset from local disk: /home/daniel/l/masteruppsats/np-reg/language/data/imdb_hf
Using device: cuda
BoW vocab size: 50000
Epoch 1/301 | train_loss=878.0578 train_acc=50.03% | val_loss=0.7121 val_acc=49.88% | lr=3.000000e-06
Saved new best model to /tmp/bow_mlp_imdb_vh2a_jce.pt
Epoch 2/301 | train_loss=692.6315 train_acc=50.03% | val_loss=0.7156 val_acc=49.88% | lr=3.000000e-06
Epoch 3/301 | train_loss=540.1023 train_acc=50.03% | val_loss=0.7025 val_acc=49.88% | lr=3.000000e-06
Epoch 4/301 | train_loss=419.8836 train_acc=50.00% | val_loss=0.6958 val_acc=49.46% | lr=3.000000e-06
Epoch 5/301 | train_loss=322.6636 train_acc=49.40% | val_loss=0.6946 val_acc=47.64% | lr=3.000000e-06
Epoch 6/301 | train_loss=244.0320 train_acc=48.52% | val_loss=0.6945 val_acc=47.90% | lr=3.000000e-06
Epoch 7/301 | train_loss=181.2657 train_acc=48.54% | val_loss=0.6944 val_acc=48.12% | lr=3.000000e-06
Epoch 8/301 | train_loss=132.2703 train_acc=48.73% | val_loss=0.6942 val_acc=48.64% | lr=3.000000e-06
Epoch 9/301 | train_loss=94.9056 train_acc=49.29% | val_loss=0.6942 val_acc=48.68% | lr=3.000000e-06
Epoch 10/301 | train_loss=67.3728 train_acc=49.63% | val_loss=0.6938 val_acc=49.20% | lr=3.000000e-06
Epoch 11/301 | train_loss=47.8954 train_acc=49.98% | val_loss=0.6937 val_acc=49.38% | lr=3.000000e-06
Epoch 12/301 | train_loss=34.8603 train_acc=50.54% | val_loss=0.6933 val_acc=50.12% | lr=3.000000e-06
Saved new best model to /tmp/bow_mlp_imdb_vh2a_jce.pt
Epoch 13/301 | train_loss=26.6836 train_acc=50.88% | val_loss=0.6929 val_acc=50.42% | lr=3.000000e-06
Saved new best model to /tmp/bow_mlp_imdb_vh2a_jce.pt
Epoch 14/301 | train_loss=21.9275 train_acc=51.58% | val_loss=0.6924 val_acc=51.32% | lr=3.000000e-06
Saved new best model to /tmp/bow_mlp_imdb_vh2a_jce.pt
Epoch 15/301 | train_loss=19.3568 train_acc=52.45% | val_loss=0.6919 val_acc=52.02% | lr=3.000000e-06
Saved new best model to /tmp/bow_mlp_imdb_vh2a_jce.pt
Epoch 16/301 | train_loss=18.0555 train_acc=53.62% | val_loss=0.6912 val_acc=53.22% | lr=3.000000e-06
Saved new best model to /tmp/bow_mlp_imdb_vh2a_jce.pt
Epoch 17/301 | train_loss=17.3889 train_acc=54.60% | val_loss=0.6905 val_acc=54.38% | lr=3.000000e-06
Saved new best model to /tmp/bow_mlp_imdb_vh2a_jce.pt
Epoch 18/301 | train_loss=16.9932 train_acc=56.27% | val_loss=0.6897 val_acc=55.74% | lr=3.000000e-06
Saved new best model to /tmp/bow_mlp_imdb_vh2a_jce.pt
Epoch 19/301 | train_loss=16.6852 train_acc=57.44% | val_loss=0.6887 val_acc=57.18% | lr=3.000000e-06
Saved new best model to /tmp/bow_mlp_imdb_vh2a_jce.pt
Epoch 20/301 | train_loss=16.3912 train_acc=59.21% | val_loss=0.6877 val_acc=58.32% | lr=3.000000e-06
Saved new best model to /tmp/bow_mlp_imdb_vh2a_jce.pt
Epoch 21/301 | train_loss=16.0845 train_acc=61.09% | val_loss=0.6865 val_acc=59.92% | lr=3.000000e-06
Saved new best model to /tmp/bow_mlp_imdb_vh2a_jce.pt
Epoch 22/301 | train_loss=15.7643 train_acc=62.84% | val_loss=0.6852 val_acc=62.24% | lr=3.000000e-06
Saved new best model to /tmp/bow_mlp_imdb_vh2a_jce.pt
Epoch 23/301 | train_loss=15.4293 train_acc=63.95% | val_loss=0.6838 val_acc=63.74% | lr=3.000000e-06
Saved new best model to /tmp/bow_mlp_imdb_vh2a_jce.pt
Epoch 24/301 | train_loss=15.0864 train_acc=66.25% | val_loss=0.6823 val_acc=65.74% | lr=3.000000e-06
Saved new best model to /tmp/bow_mlp_imdb_vh2a_jce.pt
Epoch 25/301 | train_loss=14.7347 train_acc=67.62% | val_loss=0.6808 val_acc=66.54% | lr=3.000000e-06
Saved new best model to /tmp/bow_mlp_imdb_vh2a_jce.pt
Epoch 26/301 | train_loss=14.3778 train_acc=68.89% | val_loss=0.6791 val_acc=68.08% | lr=3.000000e-06
Saved new best model to /tmp/bow_mlp_imdb_vh2a_jce.pt
Epoch 27/301 | train_loss=14.0202 train_acc=70.21% | val_loss=0.6774 val_acc=69.56% | lr=3.000000e-06
Saved new best model to /tmp/bow_mlp_imdb_vh2a_jce.pt
Epoch 28/301 | train_loss=13.6678 train_acc=71.60% | val_loss=0.6756 val_acc=70.56% | lr=3.000000e-06
Saved new best model to /tmp/bow_mlp_imdb_vh2a_jce.pt
Epoch 29/301 | train_loss=13.3212 train_acc=72.33% | val_loss=0.6737 val_acc=71.68% | lr=3.000000e-06
Saved new best model to /tmp/bow_mlp_imdb_vh2a_jce.pt
Epoch 30/301 | train_loss=12.9794 train_acc=73.69% | val_loss=0.6718 val_acc=72.80% | lr=3.000000e-06
Saved new best model to /tmp/bow_mlp_imdb_vh2a_jce.pt
Epoch 31/301 | train_loss=12.6506 train_acc=74.47% | val_loss=0.6699 val_acc=73.76% | lr=3.000000e-06
Saved new best model to /tmp/bow_mlp_imdb_vh2a_jce.pt
Epoch 32/301 | train_loss=12.3296 train_acc=75.52% | val_loss=0.6679 val_acc=74.12% | lr=3.000000e-06
Saved new best model to /tmp/bow_mlp_imdb_vh2a_jce.pt
Epoch 33/301 | train_loss=12.0193 train_acc=75.97% | val_loss=0.6659 val_acc=73.70% | lr=3.000000e-06
Epoch 34/301 | train_loss=11.7209 train_acc=76.35% | val_loss=0.6637 val_acc=75.08% | lr=3.000000e-06
Saved new best model to /tmp/bow_mlp_imdb_vh2a_jce.pt
Epoch 35/301 | train_loss=11.4347 train_acc=76.95% | val_loss=0.6615 val_acc=75.66% | lr=3.000000e-06
Saved new best model to /tmp/bow_mlp_imdb_vh2a_jce.pt
Epoch 36/301 | train_loss=11.1623 train_acc=77.37% | val_loss=0.6594 val_acc=75.70% | lr=3.000000e-06
Saved new best model to /tmp/bow_mlp_imdb_vh2a_jce.pt
Epoch 37/301 | train_loss=10.8985 train_acc=77.70% | val_loss=0.6570 val_acc=76.54% | lr=3.000000e-06
Saved new best model to /tmp/bow_mlp_imdb_vh2a_jce.pt
Epoch 38/301 | train_loss=10.6544 train_acc=78.55% | val_loss=0.6549 val_acc=76.26% | lr=3.000000e-06
Epoch 39/301 | train_loss=10.4185 train_acc=78.25% | val_loss=0.6525 val_acc=77.18% | lr=3.000000e-06
Saved new best model to /tmp/bow_mlp_imdb_vh2a_jce.pt
Epoch 40/301 | train_loss=10.1930 train_acc=79.12% | val_loss=0.6503 val_acc=77.12% | lr=3.000000e-06
Epoch 41/301 | train_loss=9.9804 train_acc=78.95% | val_loss=0.6478 val_acc=77.66% | lr=3.000000e-06
Saved new best model to /tmp/bow_mlp_imdb_vh2a_jce.pt
Epoch 42/301 | train_loss=9.7762 train_acc=79.48% | val_loss=0.6454 val_acc=77.96% | lr=3.000000e-06
Saved new best model to /tmp/bow_mlp_imdb_vh2a_jce.pt
Epoch 43/301 | train_loss=9.5834 train_acc=79.94% | val_loss=0.6431 val_acc=77.88% | lr=3.000000e-06
Epoch 44/301 | train_loss=9.3963 train_acc=79.78% | val_loss=0.6406 val_acc=78.22% | lr=3.000000e-06
Saved new best model to /tmp/bow_mlp_imdb_vh2a_jce.pt
Epoch 45/301 | train_loss=9.2212 train_acc=80.15% | val_loss=0.6382 val_acc=78.38% | lr=3.000000e-06
Saved new best model to /tmp/bow_mlp_imdb_vh2a_jce.pt
Epoch 46/301 | train_loss=9.0535 train_acc=80.53% | val_loss=0.6357 val_acc=78.52% | lr=3.000000e-06
Saved new best model to /tmp/bow_mlp_imdb_vh2a_jce.pt
Epoch 47/301 | train_loss=8.8942 train_acc=80.42% | val_loss=0.6331 val_acc=78.96% | lr=3.000000e-06
Saved new best model to /tmp/bow_mlp_imdb_vh2a_jce.pt
Epoch 48/301 | train_loss=8.7408 train_acc=80.69% | val_loss=0.6306 val_acc=79.12% | lr=3.000000e-06
Saved new best model to /tmp/bow_mlp_imdb_vh2a_jce.pt
Epoch 49/301 | train_loss=8.5939 train_acc=80.97% | val_loss=0.6283 val_acc=78.86% | lr=3.000000e-06
Epoch 50/301 | train_loss=8.4556 train_acc=80.96% | val_loss=0.6256 val_acc=79.46% | lr=3.000000e-06
Saved new best model to /tmp/bow_mlp_imdb_vh2a_jce.pt
Epoch 51/301 | train_loss=8.3221 train_acc=81.09% | val_loss=0.6230 val_acc=79.66% | lr=3.000000e-06
Saved new best model to /tmp/bow_mlp_imdb_vh2a_jce.pt
Epoch 52/301 | train_loss=8.1935 train_acc=81.45% | val_loss=0.6206 val_acc=79.32% | lr=3.000000e-06
Epoch 53/301 | train_loss=8.0708 train_acc=81.30% | val_loss=0.6178 val_acc=79.92% | lr=3.000000e-06
Saved new best model to /tmp/bow_mlp_imdb_vh2a_jce.pt
Epoch 54/301 | train_loss=7.9539 train_acc=81.67% | val_loss=0.6153 val_acc=79.78% | lr=3.000000e-06
Epoch 55/301 | train_loss=7.8415 train_acc=81.69% | val_loss=0.6126 val_acc=80.36% | lr=3.000000e-06
Saved new best model to /tmp/bow_mlp_imdb_vh2a_jce.pt
Epoch 56/301 | train_loss=7.7333 train_acc=81.92% | val_loss=0.6100 val_acc=80.48% | lr=3.000000e-06
Saved new best model to /tmp/bow_mlp_imdb_vh2a_jce.pt
Epoch 57/301 | train_loss=7.6299 train_acc=82.09% | val_loss=0.6074 val_acc=80.46% | lr=3.000000e-06
Epoch 58/301 | train_loss=7.5301 train_acc=82.20% | val_loss=0.6048 val_acc=80.32% | lr=3.000000e-06
Epoch 59/301 | train_loss=7.4329 train_acc=82.38% | val_loss=0.6024 val_acc=80.20% | lr=3.000000e-06
Epoch 60/301 | train_loss=7.3411 train_acc=82.36% | val_loss=0.5996 val_acc=80.48% | lr=3.000000e-06
Epoch 61/301 | train_loss=7.2522 train_acc=82.49% | val_loss=0.5968 val_acc=80.90% | lr=3.000000e-06
Saved new best model to /tmp/bow_mlp_imdb_vh2a_jce.pt
Epoch 62/301 | train_loss=7.1648 train_acc=82.67% | val_loss=0.5942 val_acc=80.72% | lr=3.000000e-06
Epoch 63/301 | train_loss=7.0821 train_acc=82.78% | val_loss=0.5915 val_acc=81.06% | lr=3.000000e-06
Saved new best model to /tmp/bow_mlp_imdb_vh2a_jce.pt
Epoch 64/301 | train_loss=7.0008 train_acc=82.86% | val_loss=0.5888 val_acc=81.56% | lr=3.000000e-06
Saved new best model to /tmp/bow_mlp_imdb_vh2a_jce.pt
Epoch 65/301 | train_loss=6.9229 train_acc=83.05% | val_loss=0.5861 val_acc=81.70% | lr=3.000000e-06
Saved new best model to /tmp/bow_mlp_imdb_vh2a_jce.pt
Epoch 66/301 | train_loss=6.8473 train_acc=83.17% | val_loss=0.5835 val_acc=81.36% | lr=3.000000e-06
Epoch 67/301 | train_loss=6.7736 train_acc=83.21% | val_loss=0.5808 val_acc=81.50% | lr=3.000000e-06
Epoch 68/301 | train_loss=6.7027 train_acc=83.30% | val_loss=0.5781 val_acc=81.56% | lr=3.000000e-06
Epoch 69/301 | train_loss=6.6331 train_acc=83.43% | val_loss=0.5755 val_acc=81.48% | lr=3.000000e-06
Epoch 70/301 | train_loss=6.5669 train_acc=83.55% | val_loss=0.5727 val_acc=81.84% | lr=3.000000e-06
Saved new best model to /tmp/bow_mlp_imdb_vh2a_jce.pt
Epoch 71/301 | train_loss=6.5019 train_acc=83.61% | val_loss=0.5701 val_acc=81.98% | lr=3.000000e-06
Saved new best model to /tmp/bow_mlp_imdb_vh2a_jce.pt
Epoch 72/301 | train_loss=6.4381 train_acc=83.66% | val_loss=0.5674 val_acc=81.98% | lr=3.000000e-06
Epoch 73/301 | train_loss=6.3779 train_acc=83.81% | val_loss=0.5647 val_acc=82.02% | lr=3.000000e-06
Saved new best model to /tmp/bow_mlp_imdb_vh2a_jce.pt
Epoch 74/301 | train_loss=6.3159 train_acc=83.92% | val_loss=0.5620 val_acc=82.12% | lr=3.000000e-06
Saved new best model to /tmp/bow_mlp_imdb_vh2a_jce.pt
Epoch 75/301 | train_loss=6.2581 train_acc=84.12% | val_loss=0.5594 val_acc=82.22% | lr=3.000000e-06
Saved new best model to /tmp/bow_mlp_imdb_vh2a_jce.pt
Epoch 76/301 | train_loss=6.2011 train_acc=84.25% | val_loss=0.5568 val_acc=82.30% | lr=3.000000e-06
Saved new best model to /tmp/bow_mlp_imdb_vh2a_jce.pt
Epoch 77/301 | train_loss=6.1449 train_acc=84.28% | val_loss=0.5540 val_acc=82.36% | lr=3.000000e-06
Saved new best model to /tmp/bow_mlp_imdb_vh2a_jce.pt
Epoch 78/301 | train_loss=6.0905 train_acc=84.41% | val_loss=0.5515 val_acc=82.40% | lr=3.000000e-06
Saved new best model to /tmp/bow_mlp_imdb_vh2a_jce.pt
Epoch 79/301 | train_loss=6.0370 train_acc=84.58% | val_loss=0.5487 val_acc=82.72% | lr=3.000000e-06
Saved new best model to /tmp/bow_mlp_imdb_vh2a_jce.pt
Epoch 80/301 | train_loss=5.9854 train_acc=84.63% | val_loss=0.5461 val_acc=82.68% | lr=3.000000e-06
Epoch 81/301 | train_loss=5.9346 train_acc=84.72% | val_loss=0.5434 val_acc=83.08% | lr=3.000000e-06
Saved new best model to /tmp/bow_mlp_imdb_vh2a_jce.pt
Epoch 82/301 | train_loss=5.8841 train_acc=84.89% | val_loss=0.5408 val_acc=83.16% | lr=3.000000e-06
Saved new best model to /tmp/bow_mlp_imdb_vh2a_jce.pt
Epoch 83/301 | train_loss=5.8362 train_acc=85.06% | val_loss=0.5382 val_acc=83.12% | lr=3.000000e-06
Epoch 84/301 | train_loss=5.7881 train_acc=85.16% | val_loss=0.5355 val_acc=83.28% | lr=3.000000e-06
Saved new best model to /tmp/bow_mlp_imdb_vh2a_jce.pt
Epoch 85/301 | train_loss=5.7406 train_acc=85.24% | val_loss=0.5329 val_acc=83.52% | lr=3.000000e-06
Saved new best model to /tmp/bow_mlp_imdb_vh2a_jce.pt
Epoch 86/301 | train_loss=5.6949 train_acc=85.37% | val_loss=0.5303 val_acc=83.54% | lr=3.000000e-06
Saved new best model to /tmp/bow_mlp_imdb_vh2a_jce.pt
Epoch 87/301 | train_loss=5.6496 train_acc=85.50% | val_loss=0.5278 val_acc=83.52% | lr=3.000000e-06
Epoch 88/301 | train_loss=5.6056 train_acc=85.52% | val_loss=0.5250 val_acc=83.68% | lr=3.000000e-06
Saved new best model to /tmp/bow_mlp_imdb_vh2a_jce.pt
Epoch 89/301 | train_loss=5.5618 train_acc=85.63% | val_loss=0.5224 val_acc=83.82% | lr=3.000000e-06
Saved new best model to /tmp/bow_mlp_imdb_vh2a_jce.pt
Epoch 90/301 | train_loss=5.5197 train_acc=85.81% | val_loss=0.5198 val_acc=83.92% | lr=3.000000e-06
Saved new best model to /tmp/bow_mlp_imdb_vh2a_jce.pt
Epoch 91/301 | train_loss=5.4775 train_acc=85.84% | val_loss=0.5173 val_acc=83.98% | lr=3.000000e-06
Saved new best model to /tmp/bow_mlp_imdb_vh2a_jce.pt
Epoch 92/301 | train_loss=5.4370 train_acc=85.94% | val_loss=0.5147 val_acc=84.18% | lr=3.000000e-06
Saved new best model to /tmp/bow_mlp_imdb_vh2a_jce.pt
Epoch 93/301 | train_loss=5.3967 train_acc=86.05% | val_loss=0.5121 val_acc=84.20% | lr=3.000000e-06
Saved new best model to /tmp/bow_mlp_imdb_vh2a_jce.pt
Epoch 94/301 | train_loss=5.3570 train_acc=86.16% | val_loss=0.5095 val_acc=84.22% | lr=3.000000e-06
Saved new best model to /tmp/bow_mlp_imdb_vh2a_jce.pt
Epoch 95/301 | train_loss=5.3186 train_acc=86.14% | val_loss=0.5070 val_acc=84.44% | lr=3.000000e-06
Saved new best model to /tmp/bow_mlp_imdb_vh2a_jce.pt
Epoch 96/301 | train_loss=5.2792 train_acc=86.35% | val_loss=0.5045 val_acc=84.42% | lr=3.000000e-06
Epoch 97/301 | train_loss=5.2414 train_acc=86.41% | val_loss=0.5020 val_acc=84.48% | lr=3.000000e-06
Saved new best model to /tmp/bow_mlp_imdb_vh2a_jce.pt
Epoch 98/301 | train_loss=5.2044 train_acc=86.58% | val_loss=0.4992 val_acc=84.66% | lr=3.000000e-06
Saved new best model to /tmp/bow_mlp_imdb_vh2a_jce.pt
Epoch 99/301 | train_loss=5.1678 train_acc=86.67% | val_loss=0.4967 val_acc=84.74% | lr=3.000000e-06
Saved new best model to /tmp/bow_mlp_imdb_vh2a_jce.pt
Epoch 100/301 | train_loss=5.1323 train_acc=86.77% | val_loss=0.4942 val_acc=84.82% | lr=3.000000e-06
Saved new best model to /tmp/bow_mlp_imdb_vh2a_jce.pt
Epoch 101/301 | train_loss=5.0969 train_acc=86.81% | val_loss=0.4917 val_acc=84.90% | lr=3.000000e-06
Saved new best model to /tmp/bow_mlp_imdb_vh2a_jce.pt
Epoch 102/301 | train_loss=5.0621 train_acc=86.91% | val_loss=0.4892 val_acc=84.98% | lr=3.000000e-06
Saved new best model to /tmp/bow_mlp_imdb_vh2a_jce.pt
Epoch 103/301 | train_loss=5.0286 train_acc=87.00% | val_loss=0.4867 val_acc=85.20% | lr=3.000000e-06
Saved new best model to /tmp/bow_mlp_imdb_vh2a_jce.pt
Epoch 104/301 | train_loss=4.9945 train_acc=87.09% | val_loss=0.4843 val_acc=84.96% | lr=3.000000e-06
Epoch 105/301 | train_loss=4.9621 train_acc=87.14% | val_loss=0.4818 val_acc=85.32% | lr=3.000000e-06
Saved new best model to /tmp/bow_mlp_imdb_vh2a_jce.pt
Epoch 106/301 | train_loss=4.9294 train_acc=87.22% | val_loss=0.4793 val_acc=85.34% | lr=3.000000e-06
Saved new best model to /tmp/bow_mlp_imdb_vh2a_jce.pt
Epoch 107/301 | train_loss=4.8970 train_acc=87.30% | val_loss=0.4769 val_acc=85.22% | lr=3.000000e-06
Epoch 108/301 | train_loss=4.8650 train_acc=87.39% | val_loss=0.4745 val_acc=85.64% | lr=3.000000e-06
Saved new best model to /tmp/bow_mlp_imdb_vh2a_jce.pt
Epoch 109/301 | train_loss=4.8337 train_acc=87.48% | val_loss=0.4722 val_acc=85.58% | lr=3.000000e-06
Epoch 110/301 | train_loss=4.8029 train_acc=87.60% | val_loss=0.4696 val_acc=85.60% | lr=3.000000e-06
Epoch 111/301 | train_loss=4.7727 train_acc=87.63% | val_loss=0.4672 val_acc=85.82% | lr=3.000000e-06
Saved new best model to /tmp/bow_mlp_imdb_vh2a_jce.pt
Epoch 112/301 | train_loss=4.7431 train_acc=87.74% | val_loss=0.4648 val_acc=85.86% | lr=3.000000e-06
Saved new best model to /tmp/bow_mlp_imdb_vh2a_jce.pt
Epoch 113/301 | train_loss=4.7143 train_acc=87.87% | val_loss=0.4625 val_acc=85.80% | lr=3.000000e-06
Epoch 114/301 | train_loss=4.6852 train_acc=88.00% | val_loss=0.4602 val_acc=85.96% | lr=3.000000e-06
Saved new best model to /tmp/bow_mlp_imdb_vh2a_jce.pt
Epoch 115/301 | train_loss=4.6567 train_acc=88.11% | val_loss=0.4578 val_acc=86.08% | lr=3.000000e-06
Saved new best model to /tmp/bow_mlp_imdb_vh2a_jce.pt
Epoch 116/301 | train_loss=4.6288 train_acc=88.22% | val_loss=0.4556 val_acc=86.08% | lr=3.000000e-06
Epoch 117/301 | train_loss=4.6005 train_acc=88.25% | val_loss=0.4532 val_acc=86.16% | lr=3.000000e-06
Saved new best model to /tmp/bow_mlp_imdb_vh2a_jce.pt
Epoch 118/301 | train_loss=4.5734 train_acc=88.41% | val_loss=0.4510 val_acc=86.20% | lr=3.000000e-06
Saved new best model to /tmp/bow_mlp_imdb_vh2a_jce.pt
Epoch 119/301 | train_loss=4.5460 train_acc=88.44% | val_loss=0.4486 val_acc=86.30% | lr=3.000000e-06
Saved new best model to /tmp/bow_mlp_imdb_vh2a_jce.pt
Epoch 120/301 | train_loss=4.5202 train_acc=88.59% | val_loss=0.4464 val_acc=86.34% | lr=3.000000e-06
Saved new best model to /tmp/bow_mlp_imdb_vh2a_jce.pt
Epoch 121/301 | train_loss=4.4934 train_acc=88.68% | val_loss=0.4441 val_acc=86.34% | lr=3.000000e-06
Epoch 122/301 | train_loss=4.4670 train_acc=88.80% | val_loss=0.4419 val_acc=86.32% | lr=3.000000e-06
Epoch 123/301 | train_loss=4.4419 train_acc=88.89% | val_loss=0.4398 val_acc=86.54% | lr=3.000000e-06
Saved new best model to /tmp/bow_mlp_imdb_vh2a_jce.pt
Epoch 124/301 | train_loss=4.4168 train_acc=88.92% | val_loss=0.4376 val_acc=86.62% | lr=3.000000e-06
Saved new best model to /tmp/bow_mlp_imdb_vh2a_jce.pt
Epoch 125/301 | train_loss=4.3919 train_acc=89.04% | val_loss=0.4354 val_acc=86.64% | lr=3.000000e-06
Saved new best model to /tmp/bow_mlp_imdb_vh2a_jce.pt
Epoch 126/301 | train_loss=4.3675 train_acc=89.09% | val_loss=0.4333 val_acc=86.66% | lr=3.000000e-06
Saved new best model to /tmp/bow_mlp_imdb_vh2a_jce.pt
Epoch 127/301 | train_loss=4.3427 train_acc=89.19% | val_loss=0.4311 val_acc=86.82% | lr=3.000000e-06
Saved new best model to /tmp/bow_mlp_imdb_vh2a_jce.pt
Epoch 128/301 | train_loss=4.3193 train_acc=89.25% | val_loss=0.4290 val_acc=86.82% | lr=3.000000e-06
Epoch 129/301 | train_loss=4.2951 train_acc=89.35% | val_loss=0.4268 val_acc=86.90% | lr=3.000000e-06
Saved new best model to /tmp/bow_mlp_imdb_vh2a_jce.pt
Epoch 130/301 | train_loss=4.2718 train_acc=89.41% | val_loss=0.4248 val_acc=86.90% | lr=3.000000e-06
Epoch 131/301 | train_loss=4.2488 train_acc=89.52% | val_loss=0.4227 val_acc=87.06% | lr=3.000000e-06
Saved new best model to /tmp/bow_mlp_imdb_vh2a_jce.pt
Epoch 132/301 | train_loss=4.2264 train_acc=89.62% | val_loss=0.4206 val_acc=87.06% | lr=3.000000e-06
Epoch 133/301 | train_loss=4.2038 train_acc=89.63% | val_loss=0.4186 val_acc=87.02% | lr=3.000000e-06
Epoch 134/301 | train_loss=4.1813 train_acc=89.75% | val_loss=0.4166 val_acc=87.10% | lr=3.000000e-06
Saved new best model to /tmp/bow_mlp_imdb_vh2a_jce.pt
Epoch 135/301 | train_loss=4.1595 train_acc=89.86% | val_loss=0.4146 val_acc=87.16% | lr=3.000000e-06
Saved new best model to /tmp/bow_mlp_imdb_vh2a_jce.pt
Epoch 136/301 | train_loss=4.1378 train_acc=89.89% | val_loss=0.4127 val_acc=87.20% | lr=3.000000e-06
Saved new best model to /tmp/bow_mlp_imdb_vh2a_jce.pt
Epoch 137/301 | train_loss=4.1165 train_acc=90.02% | val_loss=0.4107 val_acc=87.20% | lr=3.000000e-06
Epoch 138/301 | train_loss=4.0958 train_acc=90.06% | val_loss=0.4088 val_acc=87.26% | lr=3.000000e-06
Saved new best model to /tmp/bow_mlp_imdb_vh2a_jce.pt
Epoch 139/301 | train_loss=4.0747 train_acc=90.08% | val_loss=0.4068 val_acc=87.20% | lr=3.000000e-06
Epoch 140/301 | train_loss=4.0545 train_acc=90.22% | val_loss=0.4049 val_acc=87.26% | lr=3.000000e-06
Epoch 141/301 | train_loss=4.0345 train_acc=90.28% | val_loss=0.4031 val_acc=87.24% | lr=3.000000e-06
Epoch 142/301 | train_loss=4.0142 train_acc=90.40% | val_loss=0.4012 val_acc=87.26% | lr=3.000000e-06
Epoch 143/301 | train_loss=3.9944 train_acc=90.44% | val_loss=0.3993 val_acc=87.32% | lr=3.000000e-06
Saved new best model to /tmp/bow_mlp_imdb_vh2a_jce.pt
Epoch 144/301 | train_loss=3.9747 train_acc=90.52% | val_loss=0.3975 val_acc=87.32% | lr=3.000000e-06
Epoch 145/301 | train_loss=3.9554 train_acc=90.55% | val_loss=0.3957 val_acc=87.30% | lr=3.000000e-06
Epoch 146/301 | train_loss=3.9359 train_acc=90.73% | val_loss=0.3939 val_acc=87.42% | lr=3.000000e-06
Saved new best model to /tmp/bow_mlp_imdb_vh2a_jce.pt
Epoch 147/301 | train_loss=3.9167 train_acc=90.81% | val_loss=0.3922 val_acc=87.46% | lr=3.000000e-06
Saved new best model to /tmp/bow_mlp_imdb_vh2a_jce.pt
Epoch 148/301 | train_loss=3.8978 train_acc=90.81% | val_loss=0.3905 val_acc=87.52% | lr=3.000000e-06
Saved new best model to /tmp/bow_mlp_imdb_vh2a_jce.pt
Epoch 149/301 | train_loss=3.8796 train_acc=90.97% | val_loss=0.3886 val_acc=87.58% | lr=3.000000e-06
Saved new best model to /tmp/bow_mlp_imdb_vh2a_jce.pt
Epoch 150/301 | train_loss=3.8617 train_acc=90.98% | val_loss=0.3869 val_acc=87.60% | lr=3.000000e-06
Saved new best model to /tmp/bow_mlp_imdb_vh2a_jce.pt
Epoch 151/301 | train_loss=3.8431 train_acc=91.05% | val_loss=0.3852 val_acc=87.58% | lr=3.000000e-06
Epoch 152/301 | train_loss=3.8258 train_acc=91.11% | val_loss=0.3834 val_acc=87.68% | lr=3.000000e-06
Saved new best model to /tmp/bow_mlp_imdb_vh2a_jce.pt
Epoch 153/301 | train_loss=3.8082 train_acc=91.23% | val_loss=0.3818 val_acc=87.64% | lr=3.000000e-06
Epoch 154/301 | train_loss=3.7910 train_acc=91.27% | val_loss=0.3801 val_acc=87.72% | lr=3.000000e-06
Saved new best model to /tmp/bow_mlp_imdb_vh2a_jce.pt
Epoch 155/301 | train_loss=3.7738 train_acc=91.32% | val_loss=0.3785 val_acc=87.74% | lr=3.000000e-06
Saved new best model to /tmp/bow_mlp_imdb_vh2a_jce.pt
Epoch 156/301 | train_loss=3.7567 train_acc=91.42% | val_loss=0.3769 val_acc=87.78% | lr=3.000000e-06
Saved new best model to /tmp/bow_mlp_imdb_vh2a_jce.pt
Epoch 157/301 | train_loss=3.7398 train_acc=91.47% | val_loss=0.3753 val_acc=87.68% | lr=3.000000e-06
Epoch 158/301 | train_loss=3.7233 train_acc=91.56% | val_loss=0.3737 val_acc=87.78% | lr=3.000000e-06
Epoch 159/301 | train_loss=3.7066 train_acc=91.64% | val_loss=0.3723 val_acc=87.78% | lr=3.000000e-06
Epoch 160/301 | train_loss=3.6905 train_acc=91.72% | val_loss=0.3707 val_acc=87.86% | lr=3.000000e-06
Saved new best model to /tmp/bow_mlp_imdb_vh2a_jce.pt
Epoch 161/301 | train_loss=3.6742 train_acc=91.75% | val_loss=0.3692 val_acc=87.86% | lr=3.000000e-06
Epoch 162/301 | train_loss=3.6582 train_acc=91.83% | val_loss=0.3677 val_acc=87.80% | lr=3.000000e-06
Epoch 163/301 | train_loss=3.6428 train_acc=91.90% | val_loss=0.3663 val_acc=87.92% | lr=3.000000e-06
Saved new best model to /tmp/bow_mlp_imdb_vh2a_jce.pt
Epoch 164/301 | train_loss=3.6272 train_acc=91.93% | val_loss=0.3648 val_acc=87.94% | lr=3.000000e-06
Saved new best model to /tmp/bow_mlp_imdb_vh2a_jce.pt
Epoch 165/301 | train_loss=3.6120 train_acc=92.02% | val_loss=0.3632 val_acc=87.90% | lr=3.000000e-06
Epoch 166/301 | train_loss=3.5966 train_acc=92.03% | val_loss=0.3618 val_acc=88.04% | lr=3.000000e-06
Saved new best model to /tmp/bow_mlp_imdb_vh2a_jce.pt
Epoch 167/301 | train_loss=3.5812 train_acc=92.12% | val_loss=0.3603 val_acc=88.02% | lr=3.000000e-06
Epoch 168/301 | train_loss=3.5659 train_acc=92.21% | val_loss=0.3590 val_acc=87.92% | lr=3.000000e-06
Epoch 169/301 | train_loss=3.5515 train_acc=92.23% | val_loss=0.3576 val_acc=88.08% | lr=3.000000e-06
Saved new best model to /tmp/bow_mlp_imdb_vh2a_jce.pt
Epoch 170/301 | train_loss=3.5370 train_acc=92.34% | val_loss=0.3562 val_acc=88.16% | lr=3.000000e-06
Saved new best model to /tmp/bow_mlp_imdb_vh2a_jce.pt
Epoch 171/301 | train_loss=3.5225 train_acc=92.37% | val_loss=0.3548 val_acc=88.10% | lr=3.000000e-06
Epoch 172/301 | train_loss=3.5080 train_acc=92.38% | val_loss=0.3534 val_acc=88.08% | lr=3.000000e-06
Epoch 173/301 | train_loss=3.4937 train_acc=92.51% | val_loss=0.3521 val_acc=88.16% | lr=3.000000e-06
Epoch 174/301 | train_loss=3.4792 train_acc=92.55% | val_loss=0.3508 val_acc=88.18% | lr=3.000000e-06
Saved new best model to /tmp/bow_mlp_imdb_vh2a_jce.pt
Epoch 175/301 | train_loss=3.4650 train_acc=92.62% | val_loss=0.3494 val_acc=88.20% | lr=3.000000e-06
Saved new best model to /tmp/bow_mlp_imdb_vh2a_jce.pt
Epoch 176/301 | train_loss=3.4512 train_acc=92.71% | val_loss=0.3481 val_acc=88.26% | lr=3.000000e-06
Saved new best model to /tmp/bow_mlp_imdb_vh2a_jce.pt
Epoch 177/301 | train_loss=3.4375 train_acc=92.76% | val_loss=0.3469 val_acc=88.24% | lr=3.000000e-06
Epoch 178/301 | train_loss=3.4245 train_acc=92.84% | val_loss=0.3456 val_acc=88.20% | lr=3.000000e-06
Epoch 179/301 | train_loss=3.4110 train_acc=92.88% | val_loss=0.3444 val_acc=88.22% | lr=3.000000e-06
Epoch 180/301 | train_loss=3.3974 train_acc=92.93% | val_loss=0.3431 val_acc=88.28% | lr=3.000000e-06
Saved new best model to /tmp/bow_mlp_imdb_vh2a_jce.pt
Epoch 181/301 | train_loss=3.3842 train_acc=93.00% | val_loss=0.3419 val_acc=88.22% | lr=3.000000e-06
Epoch 182/301 | train_loss=3.3709 train_acc=93.07% | val_loss=0.3408 val_acc=88.30% | lr=3.000000e-06
Saved new best model to /tmp/bow_mlp_imdb_vh2a_jce.pt
Epoch 183/301 | train_loss=3.3580 train_acc=93.12% | val_loss=0.3395 val_acc=88.26% | lr=3.000000e-06
Epoch 184/301 | train_loss=3.3456 train_acc=93.17% | val_loss=0.3383 val_acc=88.30% | lr=3.000000e-06
Epoch 185/301 | train_loss=3.3330 train_acc=93.19% | val_loss=0.3372 val_acc=88.36% | lr=3.000000e-06
Saved new best model to /tmp/bow_mlp_imdb_vh2a_jce.pt
Epoch 186/301 | train_loss=3.3199 train_acc=93.26% | val_loss=0.3360 val_acc=88.30% | lr=3.000000e-06
Epoch 187/301 | train_loss=3.3082 train_acc=93.27% | val_loss=0.3348 val_acc=88.36% | lr=3.000000e-06
Epoch 188/301 | train_loss=3.2953 train_acc=93.34% | val_loss=0.3337 val_acc=88.42% | lr=3.000000e-06
Saved new best model to /tmp/bow_mlp_imdb_vh2a_jce.pt
Epoch 189/301 | train_loss=3.2832 train_acc=93.43% | val_loss=0.3326 val_acc=88.44% | lr=3.000000e-06
Saved new best model to /tmp/bow_mlp_imdb_vh2a_jce.pt
Epoch 190/301 | train_loss=3.2708 train_acc=93.49% | val_loss=0.3315 val_acc=88.46% | lr=3.000000e-06
Saved new best model to /tmp/bow_mlp_imdb_vh2a_jce.pt
Epoch 191/301 | train_loss=3.2586 train_acc=93.55% | val_loss=0.3304 val_acc=88.48% | lr=3.000000e-06
Saved new best model to /tmp/bow_mlp_imdb_vh2a_jce.pt
Epoch 192/301 | train_loss=3.2463 train_acc=93.58% | val_loss=0.3294 val_acc=88.42% | lr=3.000000e-06
Epoch 193/301 | train_loss=3.2342 train_acc=93.58% | val_loss=0.3283 val_acc=88.56% | lr=3.000000e-06
Saved new best model to /tmp/bow_mlp_imdb_vh2a_jce.pt
Epoch 194/301 | train_loss=3.2225 train_acc=93.62% | val_loss=0.3273 val_acc=88.46% | lr=3.000000e-06
Epoch 195/301 | train_loss=3.2105 train_acc=93.73% | val_loss=0.3264 val_acc=88.50% | lr=3.000000e-06
Epoch 196/301 | train_loss=3.1991 train_acc=93.81% | val_loss=0.3253 val_acc=88.44% | lr=3.000000e-06
Epoch 197/301 | train_loss=3.1877 train_acc=93.86% | val_loss=0.3242 val_acc=88.52% | lr=3.000000e-06
Epoch 198/301 | train_loss=3.1765 train_acc=93.91% | val_loss=0.3231 val_acc=88.52% | lr=3.000000e-06
Epoch 199/301 | train_loss=3.1654 train_acc=93.94% | val_loss=0.3222 val_acc=88.50% | lr=3.000000e-06
Epoch 200/301 | train_loss=3.1542 train_acc=94.02% | val_loss=0.3212 val_acc=88.56% | lr=3.000000e-06
Epoch 201/301 | train_loss=3.1428 train_acc=94.08% | val_loss=0.3203 val_acc=88.52% | lr=3.000000e-06
Epoch 202/301 | train_loss=3.1315 train_acc=94.09% | val_loss=0.3192 val_acc=88.56% | lr=3.000000e-06
Epoch 203/301 | train_loss=3.1204 train_acc=94.16% | val_loss=0.3183 val_acc=88.60% | lr=3.000000e-06
Saved new best model to /tmp/bow_mlp_imdb_vh2a_jce.pt
Epoch 204/301 | train_loss=3.1092 train_acc=94.23% | val_loss=0.3175 val_acc=88.56% | lr=3.000000e-06
Epoch 205/301 | train_loss=3.0986 train_acc=94.30% | val_loss=0.3166 val_acc=88.64% | lr=3.000000e-06
Saved new best model to /tmp/bow_mlp_imdb_vh2a_jce.pt
Epoch 206/301 | train_loss=3.0875 train_acc=94.37% | val_loss=0.3155 val_acc=88.56% | lr=3.000000e-06
Epoch 207/301 | train_loss=3.0768 train_acc=94.39% | val_loss=0.3146 val_acc=88.58% | lr=3.000000e-06
Epoch 208/301 | train_loss=3.0661 train_acc=94.47% | val_loss=0.3139 val_acc=88.64% | lr=3.000000e-06
Epoch 209/301 | train_loss=3.0559 train_acc=94.48% | val_loss=0.3130 val_acc=88.68% | lr=3.000000e-06
Saved new best model to /tmp/bow_mlp_imdb_vh2a_jce.pt
Epoch 210/301 | train_loss=3.0456 train_acc=94.55% | val_loss=0.3120 val_acc=88.68% | lr=3.000000e-06
Epoch 211/301 | train_loss=3.0353 train_acc=94.61% | val_loss=0.3113 val_acc=88.66% | lr=3.000000e-06
Epoch 212/301 | train_loss=3.0249 train_acc=94.65% | val_loss=0.3104 val_acc=88.66% | lr=3.000000e-06
Epoch 213/301 | train_loss=3.0144 train_acc=94.72% | val_loss=0.3095 val_acc=88.68% | lr=3.000000e-06
Epoch 214/301 | train_loss=3.0039 train_acc=94.73% | val_loss=0.3087 val_acc=88.74% | lr=3.000000e-06
Saved new best model to /tmp/bow_mlp_imdb_vh2a_jce.pt
Epoch 215/301 | train_loss=2.9936 train_acc=94.79% | val_loss=0.3080 val_acc=88.84% | lr=3.000000e-06
Saved new best model to /tmp/bow_mlp_imdb_vh2a_jce.pt
Epoch 216/301 | train_loss=2.9835 train_acc=94.84% | val_loss=0.3071 val_acc=88.76% | lr=3.000000e-06
Epoch 217/301 | train_loss=2.9737 train_acc=94.87% | val_loss=0.3063 val_acc=88.74% | lr=3.000000e-06
Epoch 218/301 | train_loss=2.9641 train_acc=94.95% | val_loss=0.3055 val_acc=88.80% | lr=3.000000e-06
Epoch 219/301 | train_loss=2.9543 train_acc=94.99% | val_loss=0.3047 val_acc=88.80% | lr=3.000000e-06
Epoch 220/301 | train_loss=2.9442 train_acc=95.02% | val_loss=0.3040 val_acc=88.88% | lr=3.000000e-06
Saved new best model to /tmp/bow_mlp_imdb_vh2a_jce.pt
Epoch 221/301 | train_loss=2.9342 train_acc=95.12% | val_loss=0.3033 val_acc=88.88% | lr=3.000000e-06
Epoch 222/301 | train_loss=2.9247 train_acc=95.16% | val_loss=0.3025 val_acc=88.88% | lr=3.000000e-06
Epoch 223/301 | train_loss=2.9151 train_acc=95.23% | val_loss=0.3017 val_acc=88.86% | lr=3.000000e-06
Epoch 224/301 | train_loss=2.9054 train_acc=95.23% | val_loss=0.3010 val_acc=88.92% | lr=3.000000e-06
Saved new best model to /tmp/bow_mlp_imdb_vh2a_jce.pt
Epoch 225/301 | train_loss=2.8962 train_acc=95.30% | val_loss=0.3003 val_acc=88.92% | lr=3.000000e-06
Epoch 226/301 | train_loss=2.8866 train_acc=95.34% | val_loss=0.2996 val_acc=88.96% | lr=3.000000e-06
Saved new best model to /tmp/bow_mlp_imdb_vh2a_jce.pt
Epoch 227/301 | train_loss=2.8772 train_acc=95.36% | val_loss=0.2989 val_acc=88.90% | lr=3.000000e-06
Epoch 228/301 | train_loss=2.8679 train_acc=95.44% | val_loss=0.2984 val_acc=89.04% | lr=3.000000e-06
Saved new best model to /tmp/bow_mlp_imdb_vh2a_jce.pt
Epoch 229/301 | train_loss=2.8585 train_acc=95.47% | val_loss=0.2975 val_acc=89.08% | lr=3.000000e-06
Saved new best model to /tmp/bow_mlp_imdb_vh2a_jce.pt
Epoch 230/301 | train_loss=2.8490 train_acc=95.52% | val_loss=0.2969 val_acc=89.10% | lr=3.000000e-06
Saved new best model to /tmp/bow_mlp_imdb_vh2a_jce.pt
Epoch 231/301 | train_loss=2.8396 train_acc=95.55% | val_loss=0.2962 val_acc=89.08% | lr=3.000000e-06
Epoch 232/301 | train_loss=2.8305 train_acc=95.61% | val_loss=0.2955 val_acc=89.18% | lr=3.000000e-06
Saved new best model to /tmp/bow_mlp_imdb_vh2a_jce.pt
Epoch 233/301 | train_loss=2.8214 train_acc=95.66% | val_loss=0.2949 val_acc=89.18% | lr=3.000000e-06
Epoch 234/301 | train_loss=2.8124 train_acc=95.69% | val_loss=0.2944 val_acc=89.12% | lr=3.000000e-06
Epoch 235/301 | train_loss=2.8034 train_acc=95.78% | val_loss=0.2936 val_acc=89.26% | lr=3.000000e-06
Saved new best model to /tmp/bow_mlp_imdb_vh2a_jce.pt
Epoch 236/301 | train_loss=2.7943 train_acc=95.81% | val_loss=0.2930 val_acc=89.24% | lr=3.000000e-06
Epoch 237/301 | train_loss=2.7852 train_acc=95.85% | val_loss=0.2924 val_acc=89.22% | lr=3.000000e-06
Epoch 238/301 | train_loss=2.7766 train_acc=95.94% | val_loss=0.2918 val_acc=89.20% | lr=3.000000e-06
Epoch 239/301 | train_loss=2.7676 train_acc=95.98% | val_loss=0.2912 val_acc=89.16% | lr=3.000000e-06
Epoch 240/301 | train_loss=2.7586 train_acc=96.02% | val_loss=0.2905 val_acc=89.14% | lr=3.000000e-06
Epoch 241/301 | train_loss=2.7498 train_acc=96.05% | val_loss=0.2900 val_acc=89.14% | lr=3.000000e-06
Epoch 242/301 | train_loss=2.7415 train_acc=96.06% | val_loss=0.2894 val_acc=89.18% | lr=3.000000e-06
Epoch 243/301 | train_loss=2.7328 train_acc=96.14% | val_loss=0.2888 val_acc=89.24% | lr=3.000000e-06
Epoch 244/301 | train_loss=2.7240 train_acc=96.14% | val_loss=0.2884 val_acc=89.20% | lr=3.000000e-06
Epoch 245/301 | train_loss=2.7157 train_acc=96.19% | val_loss=0.2878 val_acc=89.18% | lr=3.000000e-06
Epoch 246/301 | train_loss=2.7069 train_acc=96.24% | val_loss=0.2874 val_acc=89.10% | lr=3.000000e-06
Epoch 247/301 | train_loss=2.6984 train_acc=96.29% | val_loss=0.2868 val_acc=89.14% | lr=3.000000e-06
Epoch 248/301 | train_loss=2.6903 train_acc=96.32% | val_loss=0.2862 val_acc=89.16% | lr=3.000000e-06
Epoch 249/301 | train_loss=2.6820 train_acc=96.34% | val_loss=0.2858 val_acc=89.12% | lr=3.000000e-06
Epoch 250/301 | train_loss=2.6738 train_acc=96.37% | val_loss=0.2851 val_acc=89.14% | lr=3.000000e-06
Epoch 251/301 | train_loss=2.6653 train_acc=96.41% | val_loss=0.2847 val_acc=89.14% | lr=3.000000e-06
Epoch 252/301 | train_loss=2.6568 train_acc=96.45% | val_loss=0.2841 val_acc=89.18% | lr=3.000000e-06
Epoch 253/301 | train_loss=2.6488 train_acc=96.47% | val_loss=0.2836 val_acc=89.20% | lr=3.000000e-06
Epoch 254/301 | train_loss=2.6406 train_acc=96.49% | val_loss=0.2832 val_acc=89.18% | lr=3.000000e-06
Epoch 255/301 | train_loss=2.6325 train_acc=96.58% | val_loss=0.2827 val_acc=89.12% | lr=3.000000e-06
Epoch 256/301 | train_loss=2.6244 train_acc=96.61% | val_loss=0.2823 val_acc=89.28% | lr=3.000000e-06
Saved new best model to /tmp/bow_mlp_imdb_vh2a_jce.pt
Epoch 257/301 | train_loss=2.6165 train_acc=96.62% | val_loss=0.2818 val_acc=89.24% | lr=3.000000e-06
Epoch 258/301 | train_loss=2.6084 train_acc=96.67% | val_loss=0.2813 val_acc=89.24% | lr=3.000000e-06
Epoch 259/301 | train_loss=2.6004 train_acc=96.72% | val_loss=0.2809 val_acc=89.24% | lr=3.000000e-06
Epoch 260/301 | train_loss=2.5923 train_acc=96.79% | val_loss=0.2805 val_acc=89.32% | lr=3.000000e-06
Saved new best model to /tmp/bow_mlp_imdb_vh2a_jce.pt
Epoch 261/301 | train_loss=2.5845 train_acc=96.81% | val_loss=0.2800 val_acc=89.22% | lr=3.000000e-06
Epoch 262/301 | train_loss=2.5764 train_acc=96.86% | val_loss=0.2796 val_acc=89.26% | lr=3.000000e-06
Epoch 263/301 | train_loss=2.5685 train_acc=96.90% | val_loss=0.2792 val_acc=89.32% | lr=3.000000e-06
Epoch 264/301 | train_loss=2.5610 train_acc=96.95% | val_loss=0.2788 val_acc=89.36% | lr=3.000000e-06
Saved new best model to /tmp/bow_mlp_imdb_vh2a_jce.pt
Epoch 265/301 | train_loss=2.5531 train_acc=96.95% | val_loss=0.2783 val_acc=89.20% | lr=3.000000e-06
Epoch 266/301 | train_loss=2.5453 train_acc=96.99% | val_loss=0.2779 val_acc=89.20% | lr=3.000000e-06
Epoch 267/301 | train_loss=2.5378 train_acc=97.01% | val_loss=0.2776 val_acc=89.26% | lr=3.000000e-06
Epoch 268/301 | train_loss=2.5301 train_acc=97.05% | val_loss=0.2772 val_acc=89.26% | lr=3.000000e-06
Epoch 269/301 | train_loss=2.5224 train_acc=97.09% | val_loss=0.2769 val_acc=89.36% | lr=3.000000e-06
Epoch 270/301 | train_loss=2.5146 train_acc=97.14% | val_loss=0.2764 val_acc=89.26% | lr=3.000000e-06
Epoch 271/301 | train_loss=2.5069 train_acc=97.15% | val_loss=0.2763 val_acc=89.36% | lr=3.000000e-06
Epoch 272/301 | train_loss=2.4993 train_acc=97.15% | val_loss=0.2757 val_acc=89.24% | lr=3.000000e-06
Epoch 273/301 | train_loss=2.4922 train_acc=97.20% | val_loss=0.2754 val_acc=89.24% | lr=3.000000e-06
Epoch 274/301 | train_loss=2.4845 train_acc=97.23% | val_loss=0.2752 val_acc=89.26% | lr=3.000000e-06
Epoch 275/301 | train_loss=2.4771 train_acc=97.29% | val_loss=0.2747 val_acc=89.26% | lr=3.000000e-06
Epoch 276/301 | train_loss=2.4696 train_acc=97.31% | val_loss=0.2744 val_acc=89.26% | lr=3.000000e-06
Epoch 277/301 | train_loss=2.4622 train_acc=97.36% | val_loss=0.2740 val_acc=89.22% | lr=3.000000e-06
Epoch 278/301 | train_loss=2.4547 train_acc=97.36% | val_loss=0.2739 val_acc=89.26% | lr=3.000000e-06
Epoch 279/301 | train_loss=2.4474 train_acc=97.40% | val_loss=0.2734 val_acc=89.22% | lr=3.000000e-06
Epoch 280/301 | train_loss=2.4400 train_acc=97.42% | val_loss=0.2733 val_acc=89.22% | lr=3.000000e-06
Epoch 281/301 | train_loss=2.4327 train_acc=97.48% | val_loss=0.2729 val_acc=89.22% | lr=3.000000e-06
Epoch 282/301 | train_loss=2.4254 train_acc=97.48% | val_loss=0.2726 val_acc=89.26% | lr=3.000000e-06
Epoch 283/301 | train_loss=2.4185 train_acc=97.51% | val_loss=0.2723 val_acc=89.24% | lr=3.000000e-06
Epoch 284/301 | train_loss=2.4111 train_acc=97.53% | val_loss=0.2720 val_acc=89.24% | lr=3.000000e-06
Epoch 285/301 | train_loss=2.4039 train_acc=97.57% | val_loss=0.2717 val_acc=89.26% | lr=3.000000e-06
Epoch 286/301 | train_loss=2.3968 train_acc=97.59% | val_loss=0.2715 val_acc=89.26% | lr=3.000000e-06
Epoch 287/301 | train_loss=2.3896 train_acc=97.61% | val_loss=0.2715 val_acc=89.24% | lr=3.000000e-06
Epoch 288/301 | train_loss=2.3828 train_acc=97.67% | val_loss=0.2710 val_acc=89.20% | lr=3.000000e-06
Epoch 289/301 | train_loss=2.3759 train_acc=97.72% | val_loss=0.2707 val_acc=89.18% | lr=3.000000e-06
Epoch 290/301 | train_loss=2.3688 train_acc=97.73% | val_loss=0.2705 val_acc=89.20% | lr=3.000000e-06
Epoch 291/301 | train_loss=2.3617 train_acc=97.78% | val_loss=0.2702 val_acc=89.16% | lr=3.000000e-06
Epoch 292/301 | train_loss=2.3546 train_acc=97.81% | val_loss=0.2700 val_acc=89.18% | lr=3.000000e-06
Epoch 293/301 | train_loss=2.3476 train_acc=97.82% | val_loss=0.2698 val_acc=89.16% | lr=3.000000e-06
Epoch 294/301 | train_loss=2.3410 train_acc=97.87% | val_loss=0.2696 val_acc=89.10% | lr=3.000000e-06
Epoch 295/301 | train_loss=2.3344 train_acc=97.91% | val_loss=0.2694 val_acc=89.22% | lr=3.000000e-06
Epoch 296/301 | train_loss=2.3276 train_acc=97.92% | val_loss=0.2692 val_acc=89.14% | lr=3.000000e-06
Epoch 297/301 | train_loss=2.3207 train_acc=97.96% | val_loss=0.2691 val_acc=89.30% | lr=3.000000e-06
Epoch 298/301 | train_loss=2.3139 train_acc=98.00% | val_loss=0.2689 val_acc=89.30% | lr=3.000000e-06
Epoch 299/301 | train_loss=2.3069 train_acc=98.02% | val_loss=0.2687 val_acc=89.26% | lr=3.000000e-06
Epoch 300/301 | train_loss=2.3002 train_acc=98.06% | val_loss=0.2685 val_acc=89.32% | lr=3.000000e-06
Epoch 301/301 | train_loss=2.2934 train_acc=98.09% | val_loss=0.2683 val_acc=89.22% | lr=3.000000e-06
Epoch 302/301 | train_loss=2.2866 train_acc=98.13% | val_loss=0.2681 val_acc=89.14% | lr=3.000000e-06
Epoch 303/301 | train_loss=2.2801 train_acc=98.17% | val_loss=0.2680 val_acc=89.26% | lr=3.000000e-06
Epoch 304/301 | train_loss=2.2733 train_acc=98.19% | val_loss=0.2677 val_acc=89.12% | lr=3.000000e-06
Epoch 305/301 | train_loss=2.2667 train_acc=98.20% | val_loss=0.2677 val_acc=89.26% | lr=3.000000e-06
Epoch 306/301 | train_loss=2.2600 train_acc=98.22% | val_loss=0.2674 val_acc=89.12% | lr=3.000000e-06
Epoch 307/301 | train_loss=2.2535 train_acc=98.25% | val_loss=0.2673 val_acc=89.14% | lr=3.000000e-06
Epoch 308/301 | train_loss=2.2469 train_acc=98.27% | val_loss=0.2672 val_acc=89.12% | lr=3.000000e-06
Epoch 309/301 | train_loss=2.2401 train_acc=98.27% | val_loss=0.2671 val_acc=89.18% | lr=3.000000e-06
Epoch 310/301 | train_loss=2.2338 train_acc=98.32% | val_loss=0.2669 val_acc=89.10% | lr=3.000000e-06
Epoch 311/301 | train_loss=2.2271 train_acc=98.31% | val_loss=0.2668 val_acc=89.06% | lr=3.000000e-06
Epoch 312/301 | train_loss=2.2205 train_acc=98.33% | val_loss=0.2668 val_acc=89.22% | lr=3.000000e-06
Epoch 313/301 | train_loss=2.2142 train_acc=98.34% | val_loss=0.2667 val_acc=89.22% | lr=3.000000e-06
Epoch 314/301 | train_loss=2.2078 train_acc=98.36% | val_loss=0.2667 val_acc=89.30% | lr=3.000000e-06
Epoch 315/301 | train_loss=2.2015 train_acc=98.38% | val_loss=0.2664 val_acc=89.14% | lr=3.000000e-06
Epoch 316/301 | train_loss=2.1952 train_acc=98.43% | val_loss=0.2663 val_acc=89.12% | lr=3.000000e-06
Epoch 317/301 | train_loss=2.1888 train_acc=98.41% | val_loss=0.2664 val_acc=89.26% | lr=3.000000e-06
Epoch 318/301 | train_loss=2.1825 train_acc=98.47% | val_loss=0.2662 val_acc=89.22% | lr=3.000000e-06
Epoch 319/301 | train_loss=2.1763 train_acc=98.49% | val_loss=0.2660 val_acc=89.12% | lr=3.000000e-06
Epoch 320/301 | train_loss=2.1700 train_acc=98.51% | val_loss=0.2662 val_acc=89.24% | lr=3.000000e-06
Epoch 321/301 | train_loss=2.1637 train_acc=98.53% | val_loss=0.2660 val_acc=89.20% | lr=3.000000e-06
Epoch 322/301 | train_loss=2.1574 train_acc=98.57% | val_loss=0.2661 val_acc=89.30% | lr=3.000000e-06
Epoch 323/301 | train_loss=2.1511 train_acc=98.57% | val_loss=0.2661 val_acc=89.24% | lr=3.000000e-06
Epoch 324/301 | train_loss=2.1446 train_acc=98.59% | val_loss=0.2657 val_acc=89.18% | lr=3.000000e-06
Epoch 325/301 | train_loss=2.1384 train_acc=98.63% | val_loss=0.2661 val_acc=89.32% | lr=3.000000e-06
Epoch 326/301 | train_loss=2.1323 train_acc=98.63% | val_loss=0.2658 val_acc=89.26% | lr=3.000000e-06
Epoch 327/301 | train_loss=2.1261 train_acc=98.67% | val_loss=0.2656 val_acc=89.20% | lr=3.000000e-06
Epoch 328/301 | train_loss=2.1197 train_acc=98.68% | val_loss=0.2657 val_acc=89.22% | lr=3.000000e-06
Epoch 329/301 | train_loss=2.1138 train_acc=98.70% | val_loss=0.2660 val_acc=89.32% | lr=3.000000e-06
Epoch 330/301 | train_loss=2.1076 train_acc=98.72% | val_loss=0.2657 val_acc=89.30% | lr=3.000000e-06
Epoch 331/301 | train_loss=2.1017 train_acc=98.72% | val_loss=0.2658 val_acc=89.32% | lr=3.000000e-06
Epoch 332/301 | train_loss=2.0957 train_acc=98.75% | val_loss=0.2658 val_acc=89.32% | lr=3.000000e-06
Epoch 333/301 | train_loss=2.0894 train_acc=98.75% | val_loss=0.2656 val_acc=89.26% | lr=3.000000e-06
Epoch 334/301 | train_loss=2.0832 train_acc=98.76% | val_loss=0.2656 val_acc=89.30% | lr=3.000000e-06
Epoch 335/301 | train_loss=2.0774 train_acc=98.78% | val_loss=0.2656 val_acc=89.32% | lr=3.000000e-06
Epoch 336/301 | train_loss=2.0714 train_acc=98.81% | val_loss=0.2661 val_acc=89.36% | lr=3.000000e-06
Epoch 337/301 | train_loss=2.0655 train_acc=98.81% | val_loss=0.2655 val_acc=89.16% | lr=3.000000e-06
Epoch 338/301 | train_loss=2.0597 train_acc=98.83% | val_loss=0.2658 val_acc=89.42% | lr=3.000000e-06
Saved new best model to /tmp/bow_mlp_imdb_vh2a_jce.pt
Epoch 339/301 | train_loss=2.0535 train_acc=98.86% | val_loss=0.2657 val_acc=89.34% | lr=3.000000e-06
Epoch 340/301 | train_loss=2.0475 train_acc=98.86% | val_loss=0.2658 val_acc=89.44% | lr=3.000000e-06
Saved new best model to /tmp/bow_mlp_imdb_vh2a_jce.pt
Epoch 341/301 | train_loss=2.0418 train_acc=98.87% | val_loss=0.2659 val_acc=89.46% | lr=3.000000e-06
Saved new best model to /tmp/bow_mlp_imdb_vh2a_jce.pt
Epoch 342/301 | train_loss=2.0359 train_acc=98.91% | val_loss=0.2659 val_acc=89.34% | lr=3.000000e-06
Epoch 343/301 | train_loss=2.0299 train_acc=98.92% | val_loss=0.2658 val_acc=89.22% | lr=3.000000e-06
Epoch 344/301 | train_loss=2.0241 train_acc=98.93% | val_loss=0.2662 val_acc=89.40% | lr=3.000000e-06
Epoch 345/301 | train_loss=2.0182 train_acc=98.95% | val_loss=0.2659 val_acc=89.26% | lr=3.000000e-06
Validation loss has not improved for 8 epochs. Stopping training.
Test loss=0.3013 | Test accuracy=88.23%
