Loading IMDb dataset from local disk: /home/daniel/l/masteruppsats/np-reg/language/data/imdb_hf
Using device: cuda
BoW vocab size: 50000
Epoch 1/301 | train_loss=685.4766 train_acc=50.03% | val_loss=0.6992 val_acc=49.88% | lr=1.000000e-05
Saved new best model to /tmp/bow_mlp_imdb_x17g2aiu.pt
Epoch 2/301 | train_loss=285.9900 train_acc=49.11% | val_loss=0.6945 val_acc=48.18% | lr=1.000000e-05
Epoch 3/301 | train_loss=110.0355 train_acc=49.31% | val_loss=0.6940 val_acc=48.94% | lr=1.000000e-05
Epoch 4/301 | train_loss=42.9367 train_acc=50.40% | val_loss=0.6931 val_acc=50.22% | lr=1.000000e-05
Saved new best model to /tmp/bow_mlp_imdb_x17g2aiu.pt
Epoch 5/301 | train_loss=22.7469 train_acc=51.76% | val_loss=0.6921 val_acc=51.36% | lr=1.000000e-05
Saved new best model to /tmp/bow_mlp_imdb_x17g2aiu.pt
Epoch 6/301 | train_loss=18.0192 train_acc=53.16% | val_loss=0.6910 val_acc=52.72% | lr=1.000000e-05
Saved new best model to /tmp/bow_mlp_imdb_x17g2aiu.pt
Epoch 7/301 | train_loss=16.9235 train_acc=55.99% | val_loss=0.6891 val_acc=56.62% | lr=1.000000e-05
Saved new best model to /tmp/bow_mlp_imdb_x17g2aiu.pt
Epoch 8/301 | train_loss=16.3604 train_acc=58.17% | val_loss=0.6873 val_acc=59.06% | lr=1.000000e-05
Saved new best model to /tmp/bow_mlp_imdb_x17g2aiu.pt
Epoch 9/301 | train_loss=15.8132 train_acc=61.11% | val_loss=0.6856 val_acc=56.86% | lr=1.000000e-05
Epoch 10/301 | train_loss=15.2389 train_acc=65.09% | val_loss=0.6829 val_acc=60.82% | lr=1.000000e-05
Saved new best model to /tmp/bow_mlp_imdb_x17g2aiu.pt
Epoch 11/301 | train_loss=14.6416 train_acc=65.98% | val_loss=0.6799 val_acc=65.92% | lr=1.000000e-05
Saved new best model to /tmp/bow_mlp_imdb_x17g2aiu.pt
Epoch 12/301 | train_loss=14.0279 train_acc=69.91% | val_loss=0.6765 val_acc=70.78% | lr=1.000000e-05
Saved new best model to /tmp/bow_mlp_imdb_x17g2aiu.pt
Epoch 13/301 | train_loss=13.4055 train_acc=72.20% | val_loss=0.6731 val_acc=72.12% | lr=1.000000e-05
Saved new best model to /tmp/bow_mlp_imdb_x17g2aiu.pt
Epoch 14/301 | train_loss=12.7939 train_acc=73.76% | val_loss=0.6693 val_acc=72.74% | lr=1.000000e-05
Saved new best model to /tmp/bow_mlp_imdb_x17g2aiu.pt
Epoch 15/301 | train_loss=12.1799 train_acc=75.83% | val_loss=0.6651 val_acc=75.18% | lr=1.000000e-05
Saved new best model to /tmp/bow_mlp_imdb_x17g2aiu.pt
Epoch 16/301 | train_loss=11.5870 train_acc=77.85% | val_loss=0.6604 val_acc=76.86% | lr=1.000000e-05
Saved new best model to /tmp/bow_mlp_imdb_x17g2aiu.pt
Epoch 17/301 | train_loss=11.0117 train_acc=78.95% | val_loss=0.6555 val_acc=77.90% | lr=1.000000e-05
Saved new best model to /tmp/bow_mlp_imdb_x17g2aiu.pt
Epoch 18/301 | train_loss=10.4704 train_acc=80.19% | val_loss=0.6502 val_acc=78.54% | lr=1.000000e-05
Saved new best model to /tmp/bow_mlp_imdb_x17g2aiu.pt
Epoch 19/301 | train_loss=9.9557 train_acc=80.64% | val_loss=0.6445 val_acc=79.42% | lr=1.000000e-05
Saved new best model to /tmp/bow_mlp_imdb_x17g2aiu.pt
Epoch 20/301 | train_loss=9.4718 train_acc=81.46% | val_loss=0.6385 val_acc=79.62% | lr=1.000000e-05
Saved new best model to /tmp/bow_mlp_imdb_x17g2aiu.pt
Epoch 21/301 | train_loss=9.0284 train_acc=81.88% | val_loss=0.6321 val_acc=80.22% | lr=1.000000e-05
Saved new best model to /tmp/bow_mlp_imdb_x17g2aiu.pt
Epoch 22/301 | train_loss=8.6193 train_acc=82.66% | val_loss=0.6255 val_acc=80.48% | lr=1.000000e-05
Saved new best model to /tmp/bow_mlp_imdb_x17g2aiu.pt
Epoch 23/301 | train_loss=8.2399 train_acc=82.80% | val_loss=0.6185 val_acc=81.08% | lr=1.000000e-05
Saved new best model to /tmp/bow_mlp_imdb_x17g2aiu.pt
Epoch 24/301 | train_loss=7.8941 train_acc=83.23% | val_loss=0.6114 val_acc=81.58% | lr=1.000000e-05
Saved new best model to /tmp/bow_mlp_imdb_x17g2aiu.pt
Epoch 25/301 | train_loss=7.5777 train_acc=83.47% | val_loss=0.6039 val_acc=81.76% | lr=1.000000e-05
Saved new best model to /tmp/bow_mlp_imdb_x17g2aiu.pt
Epoch 26/301 | train_loss=7.2882 train_acc=83.89% | val_loss=0.5963 val_acc=82.08% | lr=1.000000e-05
Saved new best model to /tmp/bow_mlp_imdb_x17g2aiu.pt
Epoch 27/301 | train_loss=7.0236 train_acc=83.95% | val_loss=0.5887 val_acc=82.08% | lr=1.000000e-05
Epoch 28/301 | train_loss=6.7827 train_acc=84.39% | val_loss=0.5806 val_acc=82.60% | lr=1.000000e-05
Saved new best model to /tmp/bow_mlp_imdb_x17g2aiu.pt
Epoch 29/301 | train_loss=6.5596 train_acc=84.61% | val_loss=0.5725 val_acc=83.02% | lr=1.000000e-05
Saved new best model to /tmp/bow_mlp_imdb_x17g2aiu.pt
Epoch 30/301 | train_loss=6.3562 train_acc=84.95% | val_loss=0.5645 val_acc=82.98% | lr=1.000000e-05
Epoch 31/301 | train_loss=6.1665 train_acc=85.09% | val_loss=0.5564 val_acc=83.14% | lr=1.000000e-05
Saved new best model to /tmp/bow_mlp_imdb_x17g2aiu.pt
Epoch 32/301 | train_loss=5.9901 train_acc=85.47% | val_loss=0.5480 val_acc=83.56% | lr=1.000000e-05
Saved new best model to /tmp/bow_mlp_imdb_x17g2aiu.pt
Epoch 33/301 | train_loss=5.8255 train_acc=85.73% | val_loss=0.5405 val_acc=83.44% | lr=1.000000e-05
Epoch 34/301 | train_loss=5.6734 train_acc=85.95% | val_loss=0.5313 val_acc=84.24% | lr=1.000000e-05
Saved new best model to /tmp/bow_mlp_imdb_x17g2aiu.pt
Epoch 35/301 | train_loss=5.5278 train_acc=86.33% | val_loss=0.5232 val_acc=84.32% | lr=1.000000e-05
Saved new best model to /tmp/bow_mlp_imdb_x17g2aiu.pt
Epoch 36/301 | train_loss=5.3917 train_acc=86.61% | val_loss=0.5151 val_acc=84.50% | lr=1.000000e-05
Saved new best model to /tmp/bow_mlp_imdb_x17g2aiu.pt
Epoch 37/301 | train_loss=5.2621 train_acc=86.66% | val_loss=0.5067 val_acc=84.82% | lr=1.000000e-05
Saved new best model to /tmp/bow_mlp_imdb_x17g2aiu.pt
Epoch 38/301 | train_loss=5.1387 train_acc=87.03% | val_loss=0.4988 val_acc=85.14% | lr=1.000000e-05
Saved new best model to /tmp/bow_mlp_imdb_x17g2aiu.pt
Epoch 39/301 | train_loss=5.0242 train_acc=87.23% | val_loss=0.4906 val_acc=85.40% | lr=1.000000e-05
Saved new best model to /tmp/bow_mlp_imdb_x17g2aiu.pt
Epoch 40/301 | train_loss=4.9154 train_acc=87.50% | val_loss=0.4832 val_acc=85.54% | lr=1.000000e-05
Saved new best model to /tmp/bow_mlp_imdb_x17g2aiu.pt
Epoch 41/301 | train_loss=4.8121 train_acc=87.74% | val_loss=0.4750 val_acc=86.06% | lr=1.000000e-05
Saved new best model to /tmp/bow_mlp_imdb_x17g2aiu.pt
Epoch 42/301 | train_loss=4.7088 train_acc=88.04% | val_loss=0.4673 val_acc=86.04% | lr=1.000000e-05
Epoch 43/301 | train_loss=4.6124 train_acc=88.30% | val_loss=0.4598 val_acc=86.28% | lr=1.000000e-05
Saved new best model to /tmp/bow_mlp_imdb_x17g2aiu.pt
Epoch 44/301 | train_loss=4.5217 train_acc=88.62% | val_loss=0.4524 val_acc=86.44% | lr=1.000000e-05
Saved new best model to /tmp/bow_mlp_imdb_x17g2aiu.pt
Epoch 45/301 | train_loss=4.4327 train_acc=88.98% | val_loss=0.4453 val_acc=86.60% | lr=1.000000e-05
Saved new best model to /tmp/bow_mlp_imdb_x17g2aiu.pt
Epoch 46/301 | train_loss=4.3489 train_acc=89.22% | val_loss=0.4383 val_acc=86.82% | lr=1.000000e-05
Saved new best model to /tmp/bow_mlp_imdb_x17g2aiu.pt
Epoch 47/301 | train_loss=4.2684 train_acc=89.43% | val_loss=0.4312 val_acc=87.08% | lr=1.000000e-05
Saved new best model to /tmp/bow_mlp_imdb_x17g2aiu.pt
Epoch 48/301 | train_loss=4.1913 train_acc=89.74% | val_loss=0.4245 val_acc=87.12% | lr=1.000000e-05
Saved new best model to /tmp/bow_mlp_imdb_x17g2aiu.pt
Epoch 49/301 | train_loss=4.1159 train_acc=89.89% | val_loss=0.4182 val_acc=87.42% | lr=1.000000e-05
Saved new best model to /tmp/bow_mlp_imdb_x17g2aiu.pt
Epoch 50/301 | train_loss=4.0449 train_acc=90.22% | val_loss=0.4117 val_acc=87.48% | lr=1.000000e-05
Saved new best model to /tmp/bow_mlp_imdb_x17g2aiu.pt
Epoch 51/301 | train_loss=3.9757 train_acc=90.31% | val_loss=0.4055 val_acc=87.60% | lr=1.000000e-05
Saved new best model to /tmp/bow_mlp_imdb_x17g2aiu.pt
Epoch 52/301 | train_loss=3.9090 train_acc=90.56% | val_loss=0.3995 val_acc=87.66% | lr=1.000000e-05
Saved new best model to /tmp/bow_mlp_imdb_x17g2aiu.pt
Epoch 53/301 | train_loss=3.8444 train_acc=90.83% | val_loss=0.3937 val_acc=87.58% | lr=1.000000e-05
Epoch 54/301 | train_loss=3.7830 train_acc=91.13% | val_loss=0.3882 val_acc=87.80% | lr=1.000000e-05
Saved new best model to /tmp/bow_mlp_imdb_x17g2aiu.pt
Epoch 55/301 | train_loss=3.7237 train_acc=91.21% | val_loss=0.3828 val_acc=87.80% | lr=1.000000e-05
Epoch 56/301 | train_loss=3.6667 train_acc=91.40% | val_loss=0.3776 val_acc=87.92% | lr=1.000000e-05
Saved new best model to /tmp/bow_mlp_imdb_x17g2aiu.pt
Epoch 57/301 | train_loss=3.6122 train_acc=91.65% | val_loss=0.3726 val_acc=87.92% | lr=1.000000e-05
Epoch 58/301 | train_loss=3.5601 train_acc=91.81% | val_loss=0.3677 val_acc=88.00% | lr=1.000000e-05
Saved new best model to /tmp/bow_mlp_imdb_x17g2aiu.pt
Epoch 59/301 | train_loss=3.5081 train_acc=92.00% | val_loss=0.3634 val_acc=88.10% | lr=1.000000e-05
Saved new best model to /tmp/bow_mlp_imdb_x17g2aiu.pt
Epoch 60/301 | train_loss=3.4574 train_acc=92.21% | val_loss=0.3586 val_acc=88.18% | lr=1.000000e-05
Saved new best model to /tmp/bow_mlp_imdb_x17g2aiu.pt
Epoch 61/301 | train_loss=3.4091 train_acc=92.41% | val_loss=0.3541 val_acc=88.18% | lr=1.000000e-05
Epoch 62/301 | train_loss=3.3616 train_acc=92.60% | val_loss=0.3502 val_acc=88.38% | lr=1.000000e-05
Saved new best model to /tmp/bow_mlp_imdb_x17g2aiu.pt
Epoch 63/301 | train_loss=3.3169 train_acc=92.73% | val_loss=0.3459 val_acc=88.32% | lr=1.000000e-05
Epoch 64/301 | train_loss=3.2734 train_acc=92.97% | val_loss=0.3421 val_acc=88.26% | lr=1.000000e-05
Epoch 65/301 | train_loss=3.2303 train_acc=93.14% | val_loss=0.3381 val_acc=88.44% | lr=1.000000e-05
Saved new best model to /tmp/bow_mlp_imdb_x17g2aiu.pt
Epoch 66/301 | train_loss=3.1890 train_acc=93.31% | val_loss=0.3346 val_acc=88.48% | lr=1.000000e-05
Saved new best model to /tmp/bow_mlp_imdb_x17g2aiu.pt
Epoch 67/301 | train_loss=3.1482 train_acc=93.42% | val_loss=0.3310 val_acc=88.46% | lr=1.000000e-05
Epoch 68/301 | train_loss=3.1094 train_acc=93.58% | val_loss=0.3276 val_acc=88.54% | lr=1.000000e-05
Saved new best model to /tmp/bow_mlp_imdb_x17g2aiu.pt
Epoch 69/301 | train_loss=3.0706 train_acc=93.77% | val_loss=0.3244 val_acc=88.48% | lr=1.000000e-05
Epoch 70/301 | train_loss=3.0335 train_acc=93.95% | val_loss=0.3212 val_acc=88.64% | lr=1.000000e-05
Saved new best model to /tmp/bow_mlp_imdb_x17g2aiu.pt
Epoch 71/301 | train_loss=2.9977 train_acc=94.06% | val_loss=0.3182 val_acc=88.64% | lr=1.000000e-05
Epoch 72/301 | train_loss=2.9621 train_acc=94.26% | val_loss=0.3156 val_acc=88.74% | lr=1.000000e-05
Saved new best model to /tmp/bow_mlp_imdb_x17g2aiu.pt
Epoch 73/301 | train_loss=2.9284 train_acc=94.44% | val_loss=0.3126 val_acc=88.70% | lr=1.000000e-05
Epoch 74/301 | train_loss=2.8932 train_acc=94.59% | val_loss=0.3103 val_acc=88.62% | lr=1.000000e-05
Epoch 75/301 | train_loss=2.8602 train_acc=94.75% | val_loss=0.3072 val_acc=88.84% | lr=1.000000e-05
Saved new best model to /tmp/bow_mlp_imdb_x17g2aiu.pt
Epoch 76/301 | train_loss=2.8277 train_acc=94.89% | val_loss=0.3048 val_acc=88.86% | lr=1.000000e-05
Saved new best model to /tmp/bow_mlp_imdb_x17g2aiu.pt
Epoch 77/301 | train_loss=2.7966 train_acc=95.04% | val_loss=0.3024 val_acc=88.94% | lr=1.000000e-05
Saved new best model to /tmp/bow_mlp_imdb_x17g2aiu.pt
Epoch 78/301 | train_loss=2.7658 train_acc=95.16% | val_loss=0.3008 val_acc=89.08% | lr=1.000000e-05
Saved new best model to /tmp/bow_mlp_imdb_x17g2aiu.pt
Epoch 79/301 | train_loss=2.7339 train_acc=95.41% | val_loss=0.2979 val_acc=89.08% | lr=1.000000e-05
Epoch 80/301 | train_loss=2.7046 train_acc=95.47% | val_loss=0.2959 val_acc=89.18% | lr=1.000000e-05
Saved new best model to /tmp/bow_mlp_imdb_x17g2aiu.pt
Epoch 81/301 | train_loss=2.6760 train_acc=95.67% | val_loss=0.2938 val_acc=89.18% | lr=1.000000e-05
Epoch 82/301 | train_loss=2.6470 train_acc=95.79% | val_loss=0.2920 val_acc=89.10% | lr=1.000000e-05
Epoch 83/301 | train_loss=2.6191 train_acc=95.91% | val_loss=0.2902 val_acc=89.24% | lr=1.000000e-05
Saved new best model to /tmp/bow_mlp_imdb_x17g2aiu.pt
Epoch 84/301 | train_loss=2.5899 train_acc=96.01% | val_loss=0.2885 val_acc=89.28% | lr=1.000000e-05
Saved new best model to /tmp/bow_mlp_imdb_x17g2aiu.pt
Epoch 85/301 | train_loss=2.5626 train_acc=96.16% | val_loss=0.2867 val_acc=89.12% | lr=1.000000e-05
Epoch 86/301 | train_loss=2.5358 train_acc=96.33% | val_loss=0.2853 val_acc=89.30% | lr=1.000000e-05
Saved new best model to /tmp/bow_mlp_imdb_x17g2aiu.pt
Epoch 87/301 | train_loss=2.5089 train_acc=96.47% | val_loss=0.2835 val_acc=89.22% | lr=1.000000e-05
Epoch 88/301 | train_loss=2.4834 train_acc=96.59% | val_loss=0.2821 val_acc=89.28% | lr=1.000000e-05
Epoch 89/301 | train_loss=2.4572 train_acc=96.72% | val_loss=0.2807 val_acc=89.28% | lr=1.000000e-05
Epoch 90/301 | train_loss=2.4317 train_acc=96.84% | val_loss=0.2793 val_acc=89.18% | lr=1.000000e-05
Epoch 91/301 | train_loss=2.4073 train_acc=96.92% | val_loss=0.2781 val_acc=89.30% | lr=1.000000e-05
Epoch 92/301 | train_loss=2.3836 train_acc=96.98% | val_loss=0.2769 val_acc=89.28% | lr=1.000000e-05
Epoch 93/301 | train_loss=2.3593 train_acc=97.13% | val_loss=0.2758 val_acc=89.30% | lr=1.000000e-05
Epoch 94/301 | train_loss=2.3353 train_acc=97.20% | val_loss=0.2747 val_acc=89.24% | lr=1.000000e-05
Epoch 95/301 | train_loss=2.3121 train_acc=97.30% | val_loss=0.2736 val_acc=89.20% | lr=1.000000e-05
Epoch 96/301 | train_loss=2.2880 train_acc=97.41% | val_loss=0.2728 val_acc=89.28% | lr=1.000000e-05
Epoch 97/301 | train_loss=2.2641 train_acc=97.52% | val_loss=0.2724 val_acc=89.44% | lr=1.000000e-05
Saved new best model to /tmp/bow_mlp_imdb_x17g2aiu.pt
Epoch 98/301 | train_loss=2.2409 train_acc=97.60% | val_loss=0.2710 val_acc=89.08% | lr=1.000000e-05
Epoch 99/301 | train_loss=2.2194 train_acc=97.72% | val_loss=0.2703 val_acc=89.20% | lr=1.000000e-05
Epoch 100/301 | train_loss=2.1975 train_acc=97.82% | val_loss=0.2696 val_acc=89.12% | lr=1.000000e-05
Epoch 101/301 | train_loss=2.1763 train_acc=97.87% | val_loss=0.2690 val_acc=89.22% | lr=1.000000e-05
Epoch 102/301 | train_loss=2.1544 train_acc=97.97% | val_loss=0.2684 val_acc=89.32% | lr=1.000000e-05
Epoch 103/301 | train_loss=2.1336 train_acc=98.08% | val_loss=0.2679 val_acc=89.32% | lr=1.000000e-05
Epoch 104/301 | train_loss=2.1118 train_acc=98.15% | val_loss=0.2677 val_acc=89.26% | lr=1.000000e-05
Epoch 105/301 | train_loss=2.0918 train_acc=98.25% | val_loss=0.2672 val_acc=89.16% | lr=1.000000e-05
Epoch 106/301 | train_loss=2.0713 train_acc=98.29% | val_loss=0.2665 val_acc=89.32% | lr=1.000000e-05
Epoch 107/301 | train_loss=2.0507 train_acc=98.38% | val_loss=0.2662 val_acc=89.24% | lr=1.000000e-05
Epoch 108/301 | train_loss=2.0303 train_acc=98.42% | val_loss=0.2662 val_acc=89.20% | lr=1.000000e-05
Epoch 109/301 | train_loss=2.0103 train_acc=98.50% | val_loss=0.2660 val_acc=89.22% | lr=1.000000e-05
Epoch 110/301 | train_loss=1.9910 train_acc=98.58% | val_loss=0.2660 val_acc=89.26% | lr=1.000000e-05
Epoch 111/301 | train_loss=1.9714 train_acc=98.63% | val_loss=0.2656 val_acc=89.24% | lr=1.000000e-05
Epoch 112/301 | train_loss=1.9523 train_acc=98.68% | val_loss=0.2655 val_acc=89.28% | lr=1.000000e-05
Epoch 113/301 | train_loss=1.9340 train_acc=98.73% | val_loss=0.2666 val_acc=89.36% | lr=1.000000e-05
Epoch 114/301 | train_loss=1.9153 train_acc=98.78% | val_loss=0.2654 val_acc=89.12% | lr=1.000000e-05
Epoch 115/301 | train_loss=1.8968 train_acc=98.86% | val_loss=0.2658 val_acc=89.40% | lr=1.000000e-05
Epoch 116/301 | train_loss=1.8789 train_acc=98.91% | val_loss=0.2667 val_acc=89.42% | lr=1.000000e-05
Epoch 117/301 | train_loss=1.8598 train_acc=98.96% | val_loss=0.2660 val_acc=89.34% | lr=1.000000e-05
Epoch 118/301 | train_loss=1.8416 train_acc=98.98% | val_loss=0.2665 val_acc=89.38% | lr=1.000000e-05
Epoch 119/301 | train_loss=1.8243 train_acc=99.06% | val_loss=0.2667 val_acc=89.38% | lr=1.000000e-05
Epoch 120/301 | train_loss=1.8071 train_acc=99.11% | val_loss=0.2666 val_acc=89.20% | lr=1.000000e-05
Epoch 121/301 | train_loss=1.7888 train_acc=99.15% | val_loss=0.2667 val_acc=89.18% | lr=1.000000e-05
Epoch 122/301 | train_loss=1.7713 train_acc=99.22% | val_loss=0.2675 val_acc=89.24% | lr=1.000000e-05
Validation loss has not improved for 8 epochs. Stopping training.
Test loss=0.2983 | Test accuracy=88.34%
