Loading IMDb dataset from local disk: /home/daniel/l/masteruppsats/np-reg/language/data/imdb_hf
Using device: cuda
BoW vocab size: 50000
Epoch 1/301 | train_loss=562.2569 train_acc=49.53% | val_loss=0.6947 val_acc=48.24% | lr=3.000000e-05
Saved new best model to /tmp/bow_mlp_imdb_xnvxx28c.pt
Epoch 2/301 | train_loss=121.9037 train_acc=48.88% | val_loss=0.6937 val_acc=49.56% | lr=3.000000e-05
Saved new best model to /tmp/bow_mlp_imdb_xnvxx28c.pt
Epoch 3/301 | train_loss=29.5272 train_acc=51.20% | val_loss=0.6924 val_acc=51.62% | lr=3.000000e-05
Saved new best model to /tmp/bow_mlp_imdb_xnvxx28c.pt
Epoch 4/301 | train_loss=17.9446 train_acc=53.32% | val_loss=0.6903 val_acc=55.04% | lr=3.000000e-05
Saved new best model to /tmp/bow_mlp_imdb_xnvxx28c.pt
Epoch 5/301 | train_loss=16.5810 train_acc=57.06% | val_loss=0.6882 val_acc=56.88% | lr=3.000000e-05
Saved new best model to /tmp/bow_mlp_imdb_xnvxx28c.pt
Epoch 6/301 | train_loss=15.8557 train_acc=59.21% | val_loss=0.6868 val_acc=54.42% | lr=3.000000e-05
Epoch 7/301 | train_loss=15.1353 train_acc=62.61% | val_loss=0.6824 val_acc=65.50% | lr=3.000000e-05
Saved new best model to /tmp/bow_mlp_imdb_xnvxx28c.pt
Epoch 8/301 | train_loss=14.4189 train_acc=66.54% | val_loss=0.6794 val_acc=67.12% | lr=3.000000e-05
Saved new best model to /tmp/bow_mlp_imdb_xnvxx28c.pt
Epoch 9/301 | train_loss=13.7108 train_acc=69.14% | val_loss=0.6767 val_acc=60.84% | lr=3.000000e-05
Epoch 10/301 | train_loss=13.0223 train_acc=73.16% | val_loss=0.6726 val_acc=65.82% | lr=3.000000e-05
Epoch 11/301 | train_loss=12.3564 train_acc=73.84% | val_loss=0.6679 val_acc=73.34% | lr=3.000000e-05
Saved new best model to /tmp/bow_mlp_imdb_xnvxx28c.pt
Epoch 12/301 | train_loss=11.7171 train_acc=76.89% | val_loss=0.6631 val_acc=77.24% | lr=3.000000e-05
Saved new best model to /tmp/bow_mlp_imdb_xnvxx28c.pt
Epoch 13/301 | train_loss=11.1090 train_acc=78.92% | val_loss=0.6583 val_acc=78.30% | lr=3.000000e-05
Saved new best model to /tmp/bow_mlp_imdb_xnvxx28c.pt
Epoch 14/301 | train_loss=10.5413 train_acc=79.68% | val_loss=0.6535 val_acc=77.66% | lr=3.000000e-05
Epoch 15/301 | train_loss=9.9959 train_acc=80.61% | val_loss=0.6478 val_acc=78.72% | lr=3.000000e-05
Saved new best model to /tmp/bow_mlp_imdb_xnvxx28c.pt
Epoch 16/301 | train_loss=9.4898 train_acc=82.82% | val_loss=0.6418 val_acc=79.84% | lr=3.000000e-05
Saved new best model to /tmp/bow_mlp_imdb_xnvxx28c.pt
Epoch 17/301 | train_loss=9.0124 train_acc=83.15% | val_loss=0.6353 val_acc=81.00% | lr=3.000000e-05
Saved new best model to /tmp/bow_mlp_imdb_xnvxx28c.pt
Epoch 18/301 | train_loss=8.5767 train_acc=84.24% | val_loss=0.6287 val_acc=81.54% | lr=3.000000e-05
Saved new best model to /tmp/bow_mlp_imdb_xnvxx28c.pt
Epoch 19/301 | train_loss=8.1655 train_acc=84.25% | val_loss=0.6219 val_acc=82.28% | lr=3.000000e-05
Saved new best model to /tmp/bow_mlp_imdb_xnvxx28c.pt
Epoch 20/301 | train_loss=7.7817 train_acc=84.80% | val_loss=0.6142 val_acc=82.42% | lr=3.000000e-05
Saved new best model to /tmp/bow_mlp_imdb_xnvxx28c.pt
Epoch 21/301 | train_loss=7.4288 train_acc=85.06% | val_loss=0.6063 val_acc=83.68% | lr=3.000000e-05
Saved new best model to /tmp/bow_mlp_imdb_xnvxx28c.pt
Epoch 22/301 | train_loss=7.1016 train_acc=86.20% | val_loss=0.5980 val_acc=83.76% | lr=3.000000e-05
Saved new best model to /tmp/bow_mlp_imdb_xnvxx28c.pt
Epoch 23/301 | train_loss=6.7945 train_acc=86.33% | val_loss=0.5895 val_acc=83.82% | lr=3.000000e-05
Saved new best model to /tmp/bow_mlp_imdb_xnvxx28c.pt
Epoch 24/301 | train_loss=6.5099 train_acc=86.59% | val_loss=0.5806 val_acc=84.48% | lr=3.000000e-05
Saved new best model to /tmp/bow_mlp_imdb_xnvxx28c.pt
Epoch 25/301 | train_loss=6.2428 train_acc=87.02% | val_loss=0.5712 val_acc=84.66% | lr=3.000000e-05
Saved new best model to /tmp/bow_mlp_imdb_xnvxx28c.pt
Epoch 26/301 | train_loss=5.9951 train_acc=87.37% | val_loss=0.5615 val_acc=84.86% | lr=3.000000e-05
Saved new best model to /tmp/bow_mlp_imdb_xnvxx28c.pt
Epoch 27/301 | train_loss=5.7606 train_acc=87.70% | val_loss=0.5522 val_acc=84.52% | lr=3.000000e-05
Epoch 28/301 | train_loss=5.5422 train_acc=87.94% | val_loss=0.5414 val_acc=85.56% | lr=3.000000e-05
Saved new best model to /tmp/bow_mlp_imdb_xnvxx28c.pt
Epoch 29/301 | train_loss=5.3363 train_acc=88.24% | val_loss=0.5309 val_acc=85.78% | lr=3.000000e-05
Saved new best model to /tmp/bow_mlp_imdb_xnvxx28c.pt
Epoch 30/301 | train_loss=5.1429 train_acc=88.81% | val_loss=0.5203 val_acc=86.06% | lr=3.000000e-05
Saved new best model to /tmp/bow_mlp_imdb_xnvxx28c.pt
Epoch 31/301 | train_loss=4.9594 train_acc=88.97% | val_loss=0.5098 val_acc=86.66% | lr=3.000000e-05
Saved new best model to /tmp/bow_mlp_imdb_xnvxx28c.pt
Epoch 32/301 | train_loss=4.7853 train_acc=89.32% | val_loss=0.4984 val_acc=86.60% | lr=3.000000e-05
Epoch 33/301 | train_loss=4.6217 train_acc=89.66% | val_loss=0.4884 val_acc=86.56% | lr=3.000000e-05
Epoch 34/301 | train_loss=4.4650 train_acc=89.95% | val_loss=0.4763 val_acc=87.22% | lr=3.000000e-05
Saved new best model to /tmp/bow_mlp_imdb_xnvxx28c.pt
Epoch 35/301 | train_loss=4.3158 train_acc=90.35% | val_loss=0.4655 val_acc=87.46% | lr=3.000000e-05
Saved new best model to /tmp/bow_mlp_imdb_xnvxx28c.pt
Epoch 36/301 | train_loss=4.1731 train_acc=90.52% | val_loss=0.4544 val_acc=87.68% | lr=3.000000e-05
Saved new best model to /tmp/bow_mlp_imdb_xnvxx28c.pt
Epoch 37/301 | train_loss=4.0369 train_acc=90.87% | val_loss=0.4433 val_acc=87.94% | lr=3.000000e-05
Saved new best model to /tmp/bow_mlp_imdb_xnvxx28c.pt
Epoch 38/301 | train_loss=3.9057 train_acc=91.21% | val_loss=0.4329 val_acc=87.98% | lr=3.000000e-05
Saved new best model to /tmp/bow_mlp_imdb_xnvxx28c.pt
Epoch 39/301 | train_loss=3.7815 train_acc=91.39% | val_loss=0.4222 val_acc=88.20% | lr=3.000000e-05
Saved new best model to /tmp/bow_mlp_imdb_xnvxx28c.pt
Epoch 40/301 | train_loss=3.6634 train_acc=91.79% | val_loss=0.4124 val_acc=88.38% | lr=3.000000e-05
Saved new best model to /tmp/bow_mlp_imdb_xnvxx28c.pt
Epoch 41/301 | train_loss=3.5502 train_acc=92.07% | val_loss=0.4024 val_acc=88.46% | lr=3.000000e-05
Saved new best model to /tmp/bow_mlp_imdb_xnvxx28c.pt
Epoch 42/301 | train_loss=3.4394 train_acc=92.34% | val_loss=0.3925 val_acc=88.64% | lr=3.000000e-05
Saved new best model to /tmp/bow_mlp_imdb_xnvxx28c.pt
Epoch 43/301 | train_loss=3.3342 train_acc=92.64% | val_loss=0.3831 val_acc=88.86% | lr=3.000000e-05
Saved new best model to /tmp/bow_mlp_imdb_xnvxx28c.pt
Epoch 44/301 | train_loss=3.2338 train_acc=92.92% | val_loss=0.3743 val_acc=89.02% | lr=3.000000e-05
Saved new best model to /tmp/bow_mlp_imdb_xnvxx28c.pt
Epoch 45/301 | train_loss=3.1373 train_acc=93.18% | val_loss=0.3659 val_acc=89.06% | lr=3.000000e-05
Saved new best model to /tmp/bow_mlp_imdb_xnvxx28c.pt
Epoch 46/301 | train_loss=3.0440 train_acc=93.53% | val_loss=0.3579 val_acc=89.20% | lr=3.000000e-05
Saved new best model to /tmp/bow_mlp_imdb_xnvxx28c.pt
Epoch 47/301 | train_loss=2.9549 train_acc=93.68% | val_loss=0.3501 val_acc=89.18% | lr=3.000000e-05
Epoch 48/301 | train_loss=2.8702 train_acc=93.88% | val_loss=0.3429 val_acc=89.30% | lr=3.000000e-05
Saved new best model to /tmp/bow_mlp_imdb_xnvxx28c.pt
Epoch 49/301 | train_loss=2.7875 train_acc=94.11% | val_loss=0.3361 val_acc=89.46% | lr=3.000000e-05
Saved new best model to /tmp/bow_mlp_imdb_xnvxx28c.pt
Epoch 50/301 | train_loss=2.7088 train_acc=94.37% | val_loss=0.3295 val_acc=89.36% | lr=3.000000e-05
Epoch 51/301 | train_loss=2.6326 train_acc=94.53% | val_loss=0.3235 val_acc=89.64% | lr=3.000000e-05
Saved new best model to /tmp/bow_mlp_imdb_xnvxx28c.pt
Epoch 52/301 | train_loss=2.5592 train_acc=94.81% | val_loss=0.3177 val_acc=89.46% | lr=3.000000e-05
Epoch 53/301 | train_loss=2.4881 train_acc=94.99% | val_loss=0.3123 val_acc=89.48% | lr=3.000000e-05
Epoch 54/301 | train_loss=2.4195 train_acc=95.24% | val_loss=0.3073 val_acc=89.76% | lr=3.000000e-05
Saved new best model to /tmp/bow_mlp_imdb_xnvxx28c.pt
Epoch 55/301 | train_loss=2.3540 train_acc=95.41% | val_loss=0.3025 val_acc=89.48% | lr=3.000000e-05
Epoch 56/301 | train_loss=2.2907 train_acc=95.58% | val_loss=0.2983 val_acc=89.78% | lr=3.000000e-05
Saved new best model to /tmp/bow_mlp_imdb_xnvxx28c.pt
Epoch 57/301 | train_loss=2.2299 train_acc=95.78% | val_loss=0.2945 val_acc=89.48% | lr=3.000000e-05
Epoch 58/301 | train_loss=2.1719 train_acc=95.99% | val_loss=0.2904 val_acc=89.92% | lr=3.000000e-05
Saved new best model to /tmp/bow_mlp_imdb_xnvxx28c.pt
Epoch 59/301 | train_loss=2.1144 train_acc=96.21% | val_loss=0.2873 val_acc=89.86% | lr=3.000000e-05
Epoch 60/301 | train_loss=2.0588 train_acc=96.44% | val_loss=0.2837 val_acc=89.96% | lr=3.000000e-05
Saved new best model to /tmp/bow_mlp_imdb_xnvxx28c.pt
Epoch 61/301 | train_loss=2.0054 train_acc=96.59% | val_loss=0.2805 val_acc=89.80% | lr=3.000000e-05
Epoch 62/301 | train_loss=1.9531 train_acc=96.79% | val_loss=0.2780 val_acc=89.94% | lr=3.000000e-05
Epoch 63/301 | train_loss=1.9033 train_acc=96.94% | val_loss=0.2753 val_acc=90.02% | lr=3.000000e-05
Saved new best model to /tmp/bow_mlp_imdb_xnvxx28c.pt
Epoch 64/301 | train_loss=1.8553 train_acc=97.16% | val_loss=0.2731 val_acc=89.68% | lr=3.000000e-05
Epoch 65/301 | train_loss=1.8080 train_acc=97.25% | val_loss=0.2708 val_acc=89.92% | lr=3.000000e-05
Epoch 66/301 | train_loss=1.7627 train_acc=97.45% | val_loss=0.2690 val_acc=90.00% | lr=3.000000e-05
Epoch 67/301 | train_loss=1.7205 train_acc=97.56% | val_loss=0.2669 val_acc=89.90% | lr=3.000000e-05
Epoch 68/301 | train_loss=1.6767 train_acc=97.71% | val_loss=0.2654 val_acc=89.94% | lr=3.000000e-05
Epoch 69/301 | train_loss=1.6340 train_acc=97.86% | val_loss=0.2640 val_acc=90.00% | lr=3.000000e-05
Epoch 70/301 | train_loss=1.5925 train_acc=98.01% | val_loss=0.2626 val_acc=89.92% | lr=3.000000e-05
Epoch 71/301 | train_loss=1.5535 train_acc=98.12% | val_loss=0.2616 val_acc=90.04% | lr=3.000000e-05
Saved new best model to /tmp/bow_mlp_imdb_xnvxx28c.pt
Epoch 72/301 | train_loss=1.5145 train_acc=98.28% | val_loss=0.2609 val_acc=89.90% | lr=3.000000e-05
Epoch 73/301 | train_loss=1.4776 train_acc=98.37% | val_loss=0.2599 val_acc=90.00% | lr=3.000000e-05
Epoch 74/301 | train_loss=1.4402 train_acc=98.48% | val_loss=0.2592 val_acc=89.72% | lr=3.000000e-05
Epoch 75/301 | train_loss=1.4046 train_acc=98.61% | val_loss=0.2586 val_acc=89.86% | lr=3.000000e-05
Epoch 76/301 | train_loss=1.3697 train_acc=98.69% | val_loss=0.2582 val_acc=89.92% | lr=3.000000e-05
Epoch 77/301 | train_loss=1.3361 train_acc=98.78% | val_loss=0.2580 val_acc=89.84% | lr=3.000000e-05
Epoch 78/301 | train_loss=1.3030 train_acc=98.91% | val_loss=0.2593 val_acc=89.94% | lr=3.000000e-05
Epoch 79/301 | train_loss=1.2709 train_acc=98.98% | val_loss=0.2582 val_acc=89.86% | lr=3.000000e-05
Epoch 80/301 | train_loss=1.2388 train_acc=99.05% | val_loss=0.2584 val_acc=89.92% | lr=3.000000e-05
Epoch 81/301 | train_loss=1.2086 train_acc=99.11% | val_loss=0.2582 val_acc=89.70% | lr=3.000000e-05
Epoch 82/301 | train_loss=1.1784 train_acc=99.24% | val_loss=0.2586 val_acc=89.60% | lr=3.000000e-05
Epoch 83/301 | train_loss=1.1494 train_acc=99.27% | val_loss=0.2594 val_acc=89.72% | lr=3.000000e-05
Epoch 84/301 | train_loss=1.1203 train_acc=99.35% | val_loss=0.2600 val_acc=89.72% | lr=3.000000e-05
Epoch 85/301 | train_loss=1.0920 train_acc=99.43% | val_loss=0.2600 val_acc=89.70% | lr=3.000000e-05
Validation loss has not improved for 8 epochs. Stopping training.
Test loss=0.2904 | Test accuracy=88.73%
