Loading IMDb dataset from local disk: /home/daniel/l/masteruppsats/np-reg/language/data/imdb_hf
Using device: cuda
BoW vocab size: 50000
Epoch 1/301 | train_loss=0.6823 train_acc=59.77% | val_loss=0.6665 val_acc=69.72% | lr=3.000000e-06
Saved new best model to /tmp/bow_mlp_imdb_b68kp0fg.pt
Epoch 2/301 | train_loss=0.6423 train_acc=74.71% | val_loss=0.6236 val_acc=77.42% | lr=3.000000e-06
Saved new best model to /tmp/bow_mlp_imdb_b68kp0fg.pt
Epoch 3/301 | train_loss=0.5962 train_acc=80.26% | val_loss=0.5834 val_acc=80.66% | lr=3.000000e-06
Saved new best model to /tmp/bow_mlp_imdb_b68kp0fg.pt
Epoch 4/301 | train_loss=0.5542 train_acc=83.21% | val_loss=0.5479 val_acc=82.84% | lr=3.000000e-06
Saved new best model to /tmp/bow_mlp_imdb_b68kp0fg.pt
Epoch 5/301 | train_loss=0.5162 train_acc=85.27% | val_loss=0.5160 val_acc=84.18% | lr=3.000000e-06
Saved new best model to /tmp/bow_mlp_imdb_b68kp0fg.pt
Epoch 6/301 | train_loss=0.4822 train_acc=86.53% | val_loss=0.4885 val_acc=85.42% | lr=3.000000e-06
Saved new best model to /tmp/bow_mlp_imdb_b68kp0fg.pt
Epoch 7/301 | train_loss=0.4523 train_acc=87.68% | val_loss=0.4650 val_acc=86.06% | lr=3.000000e-06
Saved new best model to /tmp/bow_mlp_imdb_b68kp0fg.pt
Epoch 8/301 | train_loss=0.4258 train_acc=88.51% | val_loss=0.4438 val_acc=86.48% | lr=3.000000e-06
Saved new best model to /tmp/bow_mlp_imdb_b68kp0fg.pt
Epoch 9/301 | train_loss=0.4021 train_acc=89.06% | val_loss=0.4255 val_acc=86.84% | lr=3.000000e-06
Saved new best model to /tmp/bow_mlp_imdb_b68kp0fg.pt
Epoch 10/301 | train_loss=0.3808 train_acc=89.72% | val_loss=0.4094 val_acc=87.08% | lr=3.000000e-06
Saved new best model to /tmp/bow_mlp_imdb_b68kp0fg.pt
Epoch 11/301 | train_loss=0.3615 train_acc=90.31% | val_loss=0.3953 val_acc=87.42% | lr=3.000000e-06
Saved new best model to /tmp/bow_mlp_imdb_b68kp0fg.pt
Epoch 12/301 | train_loss=0.3442 train_acc=90.80% | val_loss=0.3823 val_acc=87.54% | lr=3.000000e-06
Saved new best model to /tmp/bow_mlp_imdb_b68kp0fg.pt
Epoch 13/301 | train_loss=0.3283 train_acc=91.16% | val_loss=0.3711 val_acc=87.76% | lr=3.000000e-06
Saved new best model to /tmp/bow_mlp_imdb_b68kp0fg.pt
Epoch 14/301 | train_loss=0.3138 train_acc=91.50% | val_loss=0.3610 val_acc=87.92% | lr=3.000000e-06
Saved new best model to /tmp/bow_mlp_imdb_b68kp0fg.pt
Epoch 15/301 | train_loss=0.3004 train_acc=91.90% | val_loss=0.3519 val_acc=88.12% | lr=3.000000e-06
Saved new best model to /tmp/bow_mlp_imdb_b68kp0fg.pt
Epoch 16/301 | train_loss=0.2879 train_acc=92.19% | val_loss=0.3439 val_acc=88.06% | lr=3.000000e-06
Epoch 17/301 | train_loss=0.2763 train_acc=92.54% | val_loss=0.3361 val_acc=88.32% | lr=3.000000e-06
Saved new best model to /tmp/bow_mlp_imdb_b68kp0fg.pt
Epoch 18/301 | train_loss=0.2654 train_acc=92.85% | val_loss=0.3293 val_acc=88.66% | lr=3.000000e-06
Saved new best model to /tmp/bow_mlp_imdb_b68kp0fg.pt
Epoch 19/301 | train_loss=0.2552 train_acc=93.17% | val_loss=0.3231 val_acc=88.78% | lr=3.000000e-06
Saved new best model to /tmp/bow_mlp_imdb_b68kp0fg.pt
Epoch 20/301 | train_loss=0.2454 train_acc=93.47% | val_loss=0.3175 val_acc=88.84% | lr=3.000000e-06
Saved new best model to /tmp/bow_mlp_imdb_b68kp0fg.pt
Epoch 21/301 | train_loss=0.2364 train_acc=93.75% | val_loss=0.3122 val_acc=89.00% | lr=3.000000e-06
Saved new best model to /tmp/bow_mlp_imdb_b68kp0fg.pt
Epoch 22/301 | train_loss=0.2277 train_acc=94.02% | val_loss=0.3078 val_acc=89.12% | lr=3.000000e-06
Saved new best model to /tmp/bow_mlp_imdb_b68kp0fg.pt
Epoch 23/301 | train_loss=0.2195 train_acc=94.34% | val_loss=0.3029 val_acc=89.10% | lr=3.000000e-06
Epoch 24/301 | train_loss=0.2115 train_acc=94.61% | val_loss=0.2991 val_acc=89.22% | lr=3.000000e-06
Saved new best model to /tmp/bow_mlp_imdb_b68kp0fg.pt
Epoch 25/301 | train_loss=0.2042 train_acc=94.79% | val_loss=0.2952 val_acc=89.32% | lr=3.000000e-06
Saved new best model to /tmp/bow_mlp_imdb_b68kp0fg.pt
Epoch 26/301 | train_loss=0.1971 train_acc=95.06% | val_loss=0.2917 val_acc=89.48% | lr=3.000000e-06
Saved new best model to /tmp/bow_mlp_imdb_b68kp0fg.pt
Epoch 27/301 | train_loss=0.1903 train_acc=95.24% | val_loss=0.2886 val_acc=89.56% | lr=3.000000e-06
Saved new best model to /tmp/bow_mlp_imdb_b68kp0fg.pt
Epoch 28/301 | train_loss=0.1837 train_acc=95.44% | val_loss=0.2856 val_acc=89.48% | lr=3.000000e-06
Epoch 29/301 | train_loss=0.1775 train_acc=95.56% | val_loss=0.2828 val_acc=89.56% | lr=3.000000e-06
Epoch 30/301 | train_loss=0.1715 train_acc=95.82% | val_loss=0.2806 val_acc=89.48% | lr=3.000000e-06
Epoch 31/301 | train_loss=0.1657 train_acc=95.97% | val_loss=0.2780 val_acc=89.50% | lr=3.000000e-06
Epoch 32/301 | train_loss=0.1601 train_acc=96.14% | val_loss=0.2759 val_acc=89.68% | lr=3.000000e-06
Saved new best model to /tmp/bow_mlp_imdb_b68kp0fg.pt
Epoch 33/301 | train_loss=0.1547 train_acc=96.34% | val_loss=0.2743 val_acc=89.78% | lr=3.000000e-06
Saved new best model to /tmp/bow_mlp_imdb_b68kp0fg.pt
Epoch 34/301 | train_loss=0.1496 train_acc=96.52% | val_loss=0.2720 val_acc=89.68% | lr=3.000000e-06
Epoch 35/301 | train_loss=0.1445 train_acc=96.64% | val_loss=0.2704 val_acc=89.78% | lr=3.000000e-06
Epoch 36/301 | train_loss=0.1397 train_acc=96.78% | val_loss=0.2687 val_acc=89.76% | lr=3.000000e-06
Epoch 37/301 | train_loss=0.1350 train_acc=96.90% | val_loss=0.2674 val_acc=89.76% | lr=3.000000e-06
Epoch 38/301 | train_loss=0.1305 train_acc=96.99% | val_loss=0.2661 val_acc=89.88% | lr=3.000000e-06
Saved new best model to /tmp/bow_mlp_imdb_b68kp0fg.pt
Epoch 39/301 | train_loss=0.1262 train_acc=97.10% | val_loss=0.2654 val_acc=89.98% | lr=3.000000e-06
Saved new best model to /tmp/bow_mlp_imdb_b68kp0fg.pt
Epoch 40/301 | train_loss=0.1220 train_acc=97.25% | val_loss=0.2639 val_acc=90.06% | lr=3.000000e-06
Saved new best model to /tmp/bow_mlp_imdb_b68kp0fg.pt
Epoch 41/301 | train_loss=0.1179 train_acc=97.37% | val_loss=0.2629 val_acc=90.10% | lr=3.000000e-06
Saved new best model to /tmp/bow_mlp_imdb_b68kp0fg.pt
Epoch 42/301 | train_loss=0.1140 train_acc=97.50% | val_loss=0.2619 val_acc=90.06% | lr=3.000000e-06
Epoch 43/301 | train_loss=0.1101 train_acc=97.67% | val_loss=0.2613 val_acc=90.14% | lr=3.000000e-06
Saved new best model to /tmp/bow_mlp_imdb_b68kp0fg.pt
Epoch 44/301 | train_loss=0.1064 train_acc=97.80% | val_loss=0.2609 val_acc=90.08% | lr=3.000000e-06
Epoch 45/301 | train_loss=0.1029 train_acc=97.91% | val_loss=0.2600 val_acc=90.16% | lr=3.000000e-06
Saved new best model to /tmp/bow_mlp_imdb_b68kp0fg.pt
Epoch 46/301 | train_loss=0.0994 train_acc=98.00% | val_loss=0.2599 val_acc=90.14% | lr=3.000000e-06
Epoch 47/301 | train_loss=0.0960 train_acc=98.09% | val_loss=0.2592 val_acc=90.18% | lr=3.000000e-06
Saved new best model to /tmp/bow_mlp_imdb_b68kp0fg.pt
Epoch 48/301 | train_loss=0.0928 train_acc=98.17% | val_loss=0.2588 val_acc=90.20% | lr=3.000000e-06
Saved new best model to /tmp/bow_mlp_imdb_b68kp0fg.pt
Epoch 49/301 | train_loss=0.0896 train_acc=98.22% | val_loss=0.2587 val_acc=90.16% | lr=3.000000e-06
Epoch 50/301 | train_loss=0.0866 train_acc=98.32% | val_loss=0.2584 val_acc=90.24% | lr=3.000000e-06
Saved new best model to /tmp/bow_mlp_imdb_b68kp0fg.pt
Epoch 51/301 | train_loss=0.0836 train_acc=98.43% | val_loss=0.2585 val_acc=90.24% | lr=3.000000e-06
Epoch 52/301 | train_loss=0.0807 train_acc=98.53% | val_loss=0.2585 val_acc=90.22% | lr=3.000000e-06
Epoch 53/301 | train_loss=0.0780 train_acc=98.59% | val_loss=0.2585 val_acc=90.16% | lr=3.000000e-06
Epoch 54/301 | train_loss=0.0752 train_acc=98.66% | val_loss=0.2587 val_acc=90.26% | lr=3.000000e-06
Saved new best model to /tmp/bow_mlp_imdb_b68kp0fg.pt
Epoch 55/301 | train_loss=0.0726 train_acc=98.73% | val_loss=0.2590 val_acc=90.18% | lr=3.000000e-06
Epoch 56/301 | train_loss=0.0701 train_acc=98.81% | val_loss=0.2593 val_acc=90.12% | lr=3.000000e-06
Epoch 57/301 | train_loss=0.0676 train_acc=98.90% | val_loss=0.2597 val_acc=90.08% | lr=3.000000e-06
Epoch 58/301 | train_loss=0.0653 train_acc=98.94% | val_loss=0.2602 val_acc=90.08% | lr=3.000000e-06
Validation loss has not improved for 8 epochs. Stopping training.
Test loss=0.2981 | Test accuracy=88.48%
