Loading IMDb dataset from local disk: /home/daniel/l/masteruppsats/np-reg/language/data/imdb_hf
Using device: cuda
BoW vocab size: 50000
Epoch 1/301 | train_loss=917.2134 train_acc=50.03% | val_loss=0.7016 val_acc=49.88% | lr=3.000000e-06
Saved new best model to /tmp/bow_mlp_imdb_mbpwhyuf.pt
Epoch 2/301 | train_loss=820.5517 train_acc=50.03% | val_loss=0.7130 val_acc=49.88% | lr=3.000000e-06
Epoch 3/301 | train_loss=716.4145 train_acc=50.03% | val_loss=0.7165 val_acc=49.88% | lr=3.000000e-06
Epoch 4/301 | train_loss=626.8156 train_acc=50.03% | val_loss=0.7119 val_acc=49.88% | lr=3.000000e-06
Epoch 5/301 | train_loss=549.1719 train_acc=50.03% | val_loss=0.7043 val_acc=49.88% | lr=3.000000e-06
Epoch 6/301 | train_loss=480.5133 train_acc=50.03% | val_loss=0.6985 val_acc=49.88% | lr=3.000000e-06
Epoch 7/301 | train_loss=419.2323 train_acc=49.98% | val_loss=0.6957 val_acc=49.22% | lr=3.000000e-06
Epoch 8/301 | train_loss=364.6943 train_acc=49.27% | val_loss=0.6948 val_acc=47.92% | lr=3.000000e-06
Epoch 9/301 | train_loss=315.9646 train_acc=48.80% | val_loss=0.6946 val_acc=48.26% | lr=3.000000e-06
Epoch 10/301 | train_loss=272.5372 train_acc=48.63% | val_loss=0.6945 val_acc=47.92% | lr=3.000000e-06
Epoch 11/301 | train_loss=233.8858 train_acc=48.75% | val_loss=0.6945 val_acc=48.30% | lr=3.000000e-06
Epoch 12/301 | train_loss=199.6814 train_acc=49.04% | val_loss=0.6944 val_acc=47.90% | lr=3.000000e-06
Epoch 13/301 | train_loss=169.6320 train_acc=48.94% | val_loss=0.6942 val_acc=48.50% | lr=3.000000e-06
Epoch 14/301 | train_loss=143.3763 train_acc=48.95% | val_loss=0.6942 val_acc=48.64% | lr=3.000000e-06
Epoch 15/301 | train_loss=120.6096 train_acc=49.21% | val_loss=0.6941 val_acc=48.72% | lr=3.000000e-06
Epoch 16/301 | train_loss=101.0096 train_acc=49.41% | val_loss=0.6940 val_acc=48.74% | lr=3.000000e-06
Epoch 17/301 | train_loss=84.2910 train_acc=49.53% | val_loss=0.6939 val_acc=49.08% | lr=3.000000e-06
Epoch 18/301 | train_loss=70.2146 train_acc=49.90% | val_loss=0.6938 val_acc=49.20% | lr=3.000000e-06
Epoch 19/301 | train_loss=58.5026 train_acc=50.30% | val_loss=0.6936 val_acc=49.42% | lr=3.000000e-06
Epoch 20/301 | train_loss=48.8608 train_acc=50.12% | val_loss=0.6936 val_acc=50.06% | lr=3.000000e-06
Saved new best model to /tmp/bow_mlp_imdb_mbpwhyuf.pt
Epoch 21/301 | train_loss=41.0588 train_acc=50.41% | val_loss=0.6934 val_acc=50.28% | lr=3.000000e-06
Saved new best model to /tmp/bow_mlp_imdb_mbpwhyuf.pt
Epoch 22/301 | train_loss=34.8672 train_acc=50.92% | val_loss=0.6932 val_acc=50.18% | lr=3.000000e-06
Epoch 23/301 | train_loss=30.0284 train_acc=51.13% | val_loss=0.6930 val_acc=50.40% | lr=3.000000e-06
Saved new best model to /tmp/bow_mlp_imdb_mbpwhyuf.pt
Epoch 24/301 | train_loss=26.3220 train_acc=51.59% | val_loss=0.6927 val_acc=50.84% | lr=3.000000e-06
Saved new best model to /tmp/bow_mlp_imdb_mbpwhyuf.pt
Epoch 25/301 | train_loss=23.5353 train_acc=51.70% | val_loss=0.6926 val_acc=51.24% | lr=3.000000e-06
Saved new best model to /tmp/bow_mlp_imdb_mbpwhyuf.pt
Epoch 26/301 | train_loss=21.4968 train_acc=52.38% | val_loss=0.6923 val_acc=51.74% | lr=3.000000e-06
Saved new best model to /tmp/bow_mlp_imdb_mbpwhyuf.pt
Epoch 27/301 | train_loss=20.0227 train_acc=52.88% | val_loss=0.6920 val_acc=52.12% | lr=3.000000e-06
Saved new best model to /tmp/bow_mlp_imdb_mbpwhyuf.pt
Epoch 28/301 | train_loss=18.9795 train_acc=53.36% | val_loss=0.6917 val_acc=52.44% | lr=3.000000e-06
Saved new best model to /tmp/bow_mlp_imdb_mbpwhyuf.pt
Epoch 29/301 | train_loss=18.2557 train_acc=53.73% | val_loss=0.6913 val_acc=53.06% | lr=3.000000e-06
Saved new best model to /tmp/bow_mlp_imdb_mbpwhyuf.pt
Epoch 30/301 | train_loss=17.7505 train_acc=54.57% | val_loss=0.6910 val_acc=53.64% | lr=3.000000e-06
Saved new best model to /tmp/bow_mlp_imdb_mbpwhyuf.pt
Epoch 31/301 | train_loss=17.3954 train_acc=55.20% | val_loss=0.6905 val_acc=54.34% | lr=3.000000e-06
Saved new best model to /tmp/bow_mlp_imdb_mbpwhyuf.pt
Epoch 32/301 | train_loss=17.1297 train_acc=56.03% | val_loss=0.6902 val_acc=54.86% | lr=3.000000e-06
Saved new best model to /tmp/bow_mlp_imdb_mbpwhyuf.pt
Epoch 33/301 | train_loss=16.9221 train_acc=56.73% | val_loss=0.6897 val_acc=55.26% | lr=3.000000e-06
Saved new best model to /tmp/bow_mlp_imdb_mbpwhyuf.pt
Epoch 34/301 | train_loss=16.7448 train_acc=57.43% | val_loss=0.6892 val_acc=56.52% | lr=3.000000e-06
Saved new best model to /tmp/bow_mlp_imdb_mbpwhyuf.pt
Epoch 35/301 | train_loss=16.5817 train_acc=58.48% | val_loss=0.6886 val_acc=57.62% | lr=3.000000e-06
Saved new best model to /tmp/bow_mlp_imdb_mbpwhyuf.pt
Epoch 36/301 | train_loss=16.4225 train_acc=59.45% | val_loss=0.6881 val_acc=57.80% | lr=3.000000e-06
Saved new best model to /tmp/bow_mlp_imdb_mbpwhyuf.pt
Epoch 37/301 | train_loss=16.2631 train_acc=60.21% | val_loss=0.6874 val_acc=59.34% | lr=3.000000e-06
Saved new best model to /tmp/bow_mlp_imdb_mbpwhyuf.pt
Epoch 38/301 | train_loss=16.1012 train_acc=61.31% | val_loss=0.6869 val_acc=59.46% | lr=3.000000e-06
Saved new best model to /tmp/bow_mlp_imdb_mbpwhyuf.pt
Epoch 39/301 | train_loss=15.9348 train_acc=61.88% | val_loss=0.6862 val_acc=60.90% | lr=3.000000e-06
Saved new best model to /tmp/bow_mlp_imdb_mbpwhyuf.pt
Epoch 40/301 | train_loss=15.7646 train_acc=63.19% | val_loss=0.6855 val_acc=61.54% | lr=3.000000e-06
Saved new best model to /tmp/bow_mlp_imdb_mbpwhyuf.pt
Epoch 41/301 | train_loss=15.5892 train_acc=64.03% | val_loss=0.6847 val_acc=62.34% | lr=3.000000e-06
Saved new best model to /tmp/bow_mlp_imdb_mbpwhyuf.pt
Epoch 42/301 | train_loss=15.4105 train_acc=65.03% | val_loss=0.6840 val_acc=63.28% | lr=3.000000e-06
Saved new best model to /tmp/bow_mlp_imdb_mbpwhyuf.pt
Epoch 43/301 | train_loss=15.2274 train_acc=66.27% | val_loss=0.6832 val_acc=64.02% | lr=3.000000e-06
Saved new best model to /tmp/bow_mlp_imdb_mbpwhyuf.pt
Epoch 44/301 | train_loss=15.0399 train_acc=66.77% | val_loss=0.6823 val_acc=65.40% | lr=3.000000e-06
Saved new best model to /tmp/bow_mlp_imdb_mbpwhyuf.pt
Epoch 45/301 | train_loss=14.8513 train_acc=67.95% | val_loss=0.6814 val_acc=66.04% | lr=3.000000e-06
Saved new best model to /tmp/bow_mlp_imdb_mbpwhyuf.pt
Epoch 46/301 | train_loss=14.6567 train_acc=69.01% | val_loss=0.6805 val_acc=67.22% | lr=3.000000e-06
Saved new best model to /tmp/bow_mlp_imdb_mbpwhyuf.pt
Epoch 47/301 | train_loss=14.4621 train_acc=69.34% | val_loss=0.6796 val_acc=68.20% | lr=3.000000e-06
Saved new best model to /tmp/bow_mlp_imdb_mbpwhyuf.pt
Epoch 48/301 | train_loss=14.2655 train_acc=70.37% | val_loss=0.6786 val_acc=69.08% | lr=3.000000e-06
Saved new best model to /tmp/bow_mlp_imdb_mbpwhyuf.pt
Epoch 49/301 | train_loss=14.0664 train_acc=71.24% | val_loss=0.6777 val_acc=69.08% | lr=3.000000e-06
Epoch 50/301 | train_loss=13.8686 train_acc=71.68% | val_loss=0.6765 val_acc=70.32% | lr=3.000000e-06
Saved new best model to /tmp/bow_mlp_imdb_mbpwhyuf.pt
Epoch 51/301 | train_loss=13.6688 train_acc=72.32% | val_loss=0.6755 val_acc=71.28% | lr=3.000000e-06
Saved new best model to /tmp/bow_mlp_imdb_mbpwhyuf.pt
Epoch 52/301 | train_loss=13.4689 train_acc=73.54% | val_loss=0.6745 val_acc=71.08% | lr=3.000000e-06
Epoch 53/301 | train_loss=13.2704 train_acc=73.05% | val_loss=0.6732 val_acc=72.54% | lr=3.000000e-06
Saved new best model to /tmp/bow_mlp_imdb_mbpwhyuf.pt
Epoch 54/301 | train_loss=13.0715 train_acc=74.33% | val_loss=0.6722 val_acc=72.46% | lr=3.000000e-06
Epoch 55/301 | train_loss=12.8748 train_acc=74.90% | val_loss=0.6709 val_acc=73.70% | lr=3.000000e-06
Saved new best model to /tmp/bow_mlp_imdb_mbpwhyuf.pt
Epoch 56/301 | train_loss=12.6796 train_acc=75.59% | val_loss=0.6697 val_acc=74.20% | lr=3.000000e-06
Saved new best model to /tmp/bow_mlp_imdb_mbpwhyuf.pt
Epoch 57/301 | train_loss=12.4876 train_acc=76.30% | val_loss=0.6685 val_acc=74.36% | lr=3.000000e-06
Saved new best model to /tmp/bow_mlp_imdb_mbpwhyuf.pt
Epoch 58/301 | train_loss=12.2946 train_acc=76.58% | val_loss=0.6672 val_acc=74.68% | lr=3.000000e-06
Saved new best model to /tmp/bow_mlp_imdb_mbpwhyuf.pt
Epoch 59/301 | train_loss=12.1100 train_acc=76.96% | val_loss=0.6660 val_acc=74.76% | lr=3.000000e-06
Saved new best model to /tmp/bow_mlp_imdb_mbpwhyuf.pt
Epoch 60/301 | train_loss=11.9308 train_acc=77.36% | val_loss=0.6647 val_acc=75.20% | lr=3.000000e-06
Saved new best model to /tmp/bow_mlp_imdb_mbpwhyuf.pt
Epoch 61/301 | train_loss=11.7549 train_acc=77.61% | val_loss=0.6633 val_acc=75.84% | lr=3.000000e-06
Saved new best model to /tmp/bow_mlp_imdb_mbpwhyuf.pt
Epoch 62/301 | train_loss=11.5811 train_acc=78.09% | val_loss=0.6619 val_acc=76.10% | lr=3.000000e-06
Saved new best model to /tmp/bow_mlp_imdb_mbpwhyuf.pt
Epoch 63/301 | train_loss=11.4090 train_acc=78.21% | val_loss=0.6605 val_acc=76.70% | lr=3.000000e-06
Saved new best model to /tmp/bow_mlp_imdb_mbpwhyuf.pt
Epoch 64/301 | train_loss=11.2412 train_acc=78.42% | val_loss=0.6591 val_acc=76.90% | lr=3.000000e-06
Saved new best model to /tmp/bow_mlp_imdb_mbpwhyuf.pt
Epoch 65/301 | train_loss=11.0768 train_acc=78.92% | val_loss=0.6577 val_acc=77.02% | lr=3.000000e-06
Saved new best model to /tmp/bow_mlp_imdb_mbpwhyuf.pt
Epoch 66/301 | train_loss=10.9143 train_acc=79.28% | val_loss=0.6563 val_acc=77.44% | lr=3.000000e-06
Saved new best model to /tmp/bow_mlp_imdb_mbpwhyuf.pt
Epoch 67/301 | train_loss=10.7566 train_acc=79.31% | val_loss=0.6548 val_acc=77.60% | lr=3.000000e-06
Saved new best model to /tmp/bow_mlp_imdb_mbpwhyuf.pt
Epoch 68/301 | train_loss=10.6029 train_acc=79.64% | val_loss=0.6533 val_acc=77.78% | lr=3.000000e-06
Saved new best model to /tmp/bow_mlp_imdb_mbpwhyuf.pt
Epoch 69/301 | train_loss=10.4526 train_acc=79.99% | val_loss=0.6519 val_acc=77.84% | lr=3.000000e-06
Saved new best model to /tmp/bow_mlp_imdb_mbpwhyuf.pt
Epoch 70/301 | train_loss=10.3056 train_acc=80.03% | val_loss=0.6503 val_acc=78.14% | lr=3.000000e-06
Saved new best model to /tmp/bow_mlp_imdb_mbpwhyuf.pt
Epoch 71/301 | train_loss=10.1638 train_acc=80.20% | val_loss=0.6488 val_acc=78.22% | lr=3.000000e-06
Saved new best model to /tmp/bow_mlp_imdb_mbpwhyuf.pt
Epoch 72/301 | train_loss=10.0258 train_acc=80.42% | val_loss=0.6472 val_acc=78.20% | lr=3.000000e-06
Epoch 73/301 | train_loss=9.8933 train_acc=80.49% | val_loss=0.6457 val_acc=78.34% | lr=3.000000e-06
Saved new best model to /tmp/bow_mlp_imdb_mbpwhyuf.pt
Epoch 74/301 | train_loss=9.7609 train_acc=80.52% | val_loss=0.6440 val_acc=78.72% | lr=3.000000e-06
Saved new best model to /tmp/bow_mlp_imdb_mbpwhyuf.pt
Epoch 75/301 | train_loss=9.6352 train_acc=81.06% | val_loss=0.6425 val_acc=78.60% | lr=3.000000e-06
Epoch 76/301 | train_loss=9.5138 train_acc=81.23% | val_loss=0.6410 val_acc=78.58% | lr=3.000000e-06
Epoch 77/301 | train_loss=9.3945 train_acc=80.99% | val_loss=0.6392 val_acc=79.00% | lr=3.000000e-06
Saved new best model to /tmp/bow_mlp_imdb_mbpwhyuf.pt
Epoch 78/301 | train_loss=9.2786 train_acc=81.51% | val_loss=0.6377 val_acc=78.94% | lr=3.000000e-06
Epoch 79/301 | train_loss=9.1649 train_acc=81.08% | val_loss=0.6360 val_acc=79.44% | lr=3.000000e-06
Saved new best model to /tmp/bow_mlp_imdb_mbpwhyuf.pt
Epoch 80/301 | train_loss=9.0553 train_acc=81.56% | val_loss=0.6343 val_acc=79.32% | lr=3.000000e-06
Epoch 81/301 | train_loss=8.9497 train_acc=81.49% | val_loss=0.6326 val_acc=79.58% | lr=3.000000e-06
Saved new best model to /tmp/bow_mlp_imdb_mbpwhyuf.pt
Epoch 82/301 | train_loss=8.8472 train_acc=81.66% | val_loss=0.6310 val_acc=79.60% | lr=3.000000e-06
Saved new best model to /tmp/bow_mlp_imdb_mbpwhyuf.pt
Epoch 83/301 | train_loss=8.7474 train_acc=81.83% | val_loss=0.6293 val_acc=79.70% | lr=3.000000e-06
Saved new best model to /tmp/bow_mlp_imdb_mbpwhyuf.pt
Epoch 84/301 | train_loss=8.6491 train_acc=81.71% | val_loss=0.6276 val_acc=79.90% | lr=3.000000e-06
Saved new best model to /tmp/bow_mlp_imdb_mbpwhyuf.pt
Epoch 85/301 | train_loss=8.5544 train_acc=81.87% | val_loss=0.6259 val_acc=79.98% | lr=3.000000e-06
Saved new best model to /tmp/bow_mlp_imdb_mbpwhyuf.pt
Epoch 86/301 | train_loss=8.4625 train_acc=82.08% | val_loss=0.6242 val_acc=79.78% | lr=3.000000e-06
Epoch 87/301 | train_loss=8.3726 train_acc=82.07% | val_loss=0.6225 val_acc=79.86% | lr=3.000000e-06
Epoch 88/301 | train_loss=8.2858 train_acc=82.08% | val_loss=0.6207 val_acc=80.04% | lr=3.000000e-06
Saved new best model to /tmp/bow_mlp_imdb_mbpwhyuf.pt
Epoch 89/301 | train_loss=8.2008 train_acc=82.27% | val_loss=0.6189 val_acc=80.28% | lr=3.000000e-06
Saved new best model to /tmp/bow_mlp_imdb_mbpwhyuf.pt
Epoch 90/301 | train_loss=8.1191 train_acc=82.43% | val_loss=0.6172 val_acc=80.14% | lr=3.000000e-06
Epoch 91/301 | train_loss=8.0386 train_acc=82.42% | val_loss=0.6155 val_acc=80.10% | lr=3.000000e-06
Epoch 92/301 | train_loss=7.9609 train_acc=82.41% | val_loss=0.6137 val_acc=80.24% | lr=3.000000e-06
Epoch 93/301 | train_loss=7.8845 train_acc=82.59% | val_loss=0.6120 val_acc=80.38% | lr=3.000000e-06
Saved new best model to /tmp/bow_mlp_imdb_mbpwhyuf.pt
Epoch 94/301 | train_loss=7.8122 train_acc=82.60% | val_loss=0.6101 val_acc=80.70% | lr=3.000000e-06
Saved new best model to /tmp/bow_mlp_imdb_mbpwhyuf.pt
Epoch 95/301 | train_loss=7.7408 train_acc=82.86% | val_loss=0.6085 val_acc=80.40% | lr=3.000000e-06
Epoch 96/301 | train_loss=7.6694 train_acc=82.81% | val_loss=0.6066 val_acc=80.68% | lr=3.000000e-06
Epoch 97/301 | train_loss=7.6027 train_acc=82.83% | val_loss=0.6049 val_acc=80.54% | lr=3.000000e-06
Epoch 98/301 | train_loss=7.5355 train_acc=82.86% | val_loss=0.6029 val_acc=81.10% | lr=3.000000e-06
Saved new best model to /tmp/bow_mlp_imdb_mbpwhyuf.pt
Epoch 99/301 | train_loss=7.4709 train_acc=82.86% | val_loss=0.6011 val_acc=81.30% | lr=3.000000e-06
Saved new best model to /tmp/bow_mlp_imdb_mbpwhyuf.pt
Epoch 100/301 | train_loss=7.4066 train_acc=83.11% | val_loss=0.5993 val_acc=81.24% | lr=3.000000e-06
Epoch 101/301 | train_loss=7.3454 train_acc=83.06% | val_loss=0.5975 val_acc=81.26% | lr=3.000000e-06
Epoch 102/301 | train_loss=7.2850 train_acc=83.17% | val_loss=0.5957 val_acc=81.32% | lr=3.000000e-06
Saved new best model to /tmp/bow_mlp_imdb_mbpwhyuf.pt
Epoch 103/301 | train_loss=7.2262 train_acc=83.25% | val_loss=0.5939 val_acc=81.36% | lr=3.000000e-06
Saved new best model to /tmp/bow_mlp_imdb_mbpwhyuf.pt
Epoch 104/301 | train_loss=7.1691 train_acc=83.20% | val_loss=0.5920 val_acc=81.70% | lr=3.000000e-06
Saved new best model to /tmp/bow_mlp_imdb_mbpwhyuf.pt
Epoch 105/301 | train_loss=7.1133 train_acc=83.43% | val_loss=0.5902 val_acc=81.46% | lr=3.000000e-06
Epoch 106/301 | train_loss=7.0585 train_acc=83.38% | val_loss=0.5884 val_acc=81.48% | lr=3.000000e-06
Epoch 107/301 | train_loss=7.0049 train_acc=83.41% | val_loss=0.5865 val_acc=81.82% | lr=3.000000e-06
Saved new best model to /tmp/bow_mlp_imdb_mbpwhyuf.pt
Epoch 108/301 | train_loss=6.9521 train_acc=83.54% | val_loss=0.5847 val_acc=81.70% | lr=3.000000e-06
Epoch 109/301 | train_loss=6.9015 train_acc=83.49% | val_loss=0.5830 val_acc=81.48% | lr=3.000000e-06
Epoch 110/301 | train_loss=6.8500 train_acc=83.58% | val_loss=0.5810 val_acc=82.02% | lr=3.000000e-06
Saved new best model to /tmp/bow_mlp_imdb_mbpwhyuf.pt
Epoch 111/301 | train_loss=6.8017 train_acc=83.62% | val_loss=0.5793 val_acc=81.94% | lr=3.000000e-06
Epoch 112/301 | train_loss=6.7543 train_acc=83.69% | val_loss=0.5774 val_acc=82.08% | lr=3.000000e-06
Saved new best model to /tmp/bow_mlp_imdb_mbpwhyuf.pt
Epoch 113/301 | train_loss=6.7074 train_acc=83.77% | val_loss=0.5756 val_acc=82.16% | lr=3.000000e-06
Saved new best model to /tmp/bow_mlp_imdb_mbpwhyuf.pt
Epoch 114/301 | train_loss=6.6606 train_acc=83.80% | val_loss=0.5738 val_acc=82.22% | lr=3.000000e-06
Saved new best model to /tmp/bow_mlp_imdb_mbpwhyuf.pt
Epoch 115/301 | train_loss=6.6150 train_acc=83.93% | val_loss=0.5720 val_acc=82.22% | lr=3.000000e-06
Epoch 116/301 | train_loss=6.5713 train_acc=84.04% | val_loss=0.5702 val_acc=82.28% | lr=3.000000e-06
Saved new best model to /tmp/bow_mlp_imdb_mbpwhyuf.pt
Epoch 117/301 | train_loss=6.5276 train_acc=84.01% | val_loss=0.5683 val_acc=82.32% | lr=3.000000e-06
Saved new best model to /tmp/bow_mlp_imdb_mbpwhyuf.pt
Epoch 118/301 | train_loss=6.4850 train_acc=84.13% | val_loss=0.5666 val_acc=82.28% | lr=3.000000e-06
Epoch 119/301 | train_loss=6.4430 train_acc=84.15% | val_loss=0.5647 val_acc=82.34% | lr=3.000000e-06
Saved new best model to /tmp/bow_mlp_imdb_mbpwhyuf.pt
Epoch 120/301 | train_loss=6.4026 train_acc=84.28% | val_loss=0.5629 val_acc=82.40% | lr=3.000000e-06
Saved new best model to /tmp/bow_mlp_imdb_mbpwhyuf.pt
Epoch 121/301 | train_loss=6.3613 train_acc=84.34% | val_loss=0.5611 val_acc=82.48% | lr=3.000000e-06
Saved new best model to /tmp/bow_mlp_imdb_mbpwhyuf.pt
Epoch 122/301 | train_loss=6.3222 train_acc=84.42% | val_loss=0.5592 val_acc=82.52% | lr=3.000000e-06
Saved new best model to /tmp/bow_mlp_imdb_mbpwhyuf.pt
Epoch 123/301 | train_loss=6.2829 train_acc=84.47% | val_loss=0.5575 val_acc=82.40% | lr=3.000000e-06
Epoch 124/301 | train_loss=6.2441 train_acc=84.55% | val_loss=0.5556 val_acc=82.66% | lr=3.000000e-06
Saved new best model to /tmp/bow_mlp_imdb_mbpwhyuf.pt
Epoch 125/301 | train_loss=6.2064 train_acc=84.56% | val_loss=0.5538 val_acc=82.78% | lr=3.000000e-06
Saved new best model to /tmp/bow_mlp_imdb_mbpwhyuf.pt
Epoch 126/301 | train_loss=6.1687 train_acc=84.84% | val_loss=0.5520 val_acc=82.64% | lr=3.000000e-06
Epoch 127/301 | train_loss=6.1320 train_acc=84.80% | val_loss=0.5501 val_acc=82.80% | lr=3.000000e-06
Saved new best model to /tmp/bow_mlp_imdb_mbpwhyuf.pt
Epoch 128/301 | train_loss=6.0960 train_acc=84.87% | val_loss=0.5483 val_acc=82.98% | lr=3.000000e-06
Saved new best model to /tmp/bow_mlp_imdb_mbpwhyuf.pt
Epoch 129/301 | train_loss=6.0600 train_acc=84.91% | val_loss=0.5465 val_acc=83.10% | lr=3.000000e-06
Saved new best model to /tmp/bow_mlp_imdb_mbpwhyuf.pt
Epoch 130/301 | train_loss=6.0253 train_acc=85.06% | val_loss=0.5447 val_acc=83.12% | lr=3.000000e-06
Saved new best model to /tmp/bow_mlp_imdb_mbpwhyuf.pt
Epoch 131/301 | train_loss=5.9905 train_acc=85.08% | val_loss=0.5429 val_acc=83.16% | lr=3.000000e-06
Saved new best model to /tmp/bow_mlp_imdb_mbpwhyuf.pt
Epoch 132/301 | train_loss=5.9568 train_acc=85.20% | val_loss=0.5410 val_acc=83.34% | lr=3.000000e-06
Saved new best model to /tmp/bow_mlp_imdb_mbpwhyuf.pt
Epoch 133/301 | train_loss=5.9230 train_acc=85.27% | val_loss=0.5393 val_acc=83.30% | lr=3.000000e-06
Epoch 134/301 | train_loss=5.8895 train_acc=85.37% | val_loss=0.5375 val_acc=83.38% | lr=3.000000e-06
Saved new best model to /tmp/bow_mlp_imdb_mbpwhyuf.pt
Epoch 135/301 | train_loss=5.8568 train_acc=85.42% | val_loss=0.5357 val_acc=83.40% | lr=3.000000e-06
Saved new best model to /tmp/bow_mlp_imdb_mbpwhyuf.pt
Epoch 136/301 | train_loss=5.8242 train_acc=85.52% | val_loss=0.5339 val_acc=83.54% | lr=3.000000e-06
Saved new best model to /tmp/bow_mlp_imdb_mbpwhyuf.pt
Epoch 137/301 | train_loss=5.7933 train_acc=85.52% | val_loss=0.5321 val_acc=83.64% | lr=3.000000e-06
Saved new best model to /tmp/bow_mlp_imdb_mbpwhyuf.pt
Epoch 138/301 | train_loss=5.7618 train_acc=85.70% | val_loss=0.5303 val_acc=83.76% | lr=3.000000e-06
Saved new best model to /tmp/bow_mlp_imdb_mbpwhyuf.pt
Epoch 139/301 | train_loss=5.7306 train_acc=85.72% | val_loss=0.5285 val_acc=83.70% | lr=3.000000e-06
Epoch 140/301 | train_loss=5.6995 train_acc=85.78% | val_loss=0.5267 val_acc=83.84% | lr=3.000000e-06
Saved new best model to /tmp/bow_mlp_imdb_mbpwhyuf.pt
Epoch 141/301 | train_loss=5.6699 train_acc=85.84% | val_loss=0.5249 val_acc=83.92% | lr=3.000000e-06
Saved new best model to /tmp/bow_mlp_imdb_mbpwhyuf.pt
Epoch 142/301 | train_loss=5.6400 train_acc=85.89% | val_loss=0.5231 val_acc=83.90% | lr=3.000000e-06
Epoch 143/301 | train_loss=5.6103 train_acc=85.98% | val_loss=0.5213 val_acc=84.00% | lr=3.000000e-06
Saved new best model to /tmp/bow_mlp_imdb_mbpwhyuf.pt
Epoch 144/301 | train_loss=5.5812 train_acc=86.00% | val_loss=0.5196 val_acc=84.08% | lr=3.000000e-06
Saved new best model to /tmp/bow_mlp_imdb_mbpwhyuf.pt
Epoch 145/301 | train_loss=5.5526 train_acc=86.12% | val_loss=0.5178 val_acc=84.18% | lr=3.000000e-06
Saved new best model to /tmp/bow_mlp_imdb_mbpwhyuf.pt
Epoch 146/301 | train_loss=5.5235 train_acc=86.17% | val_loss=0.5160 val_acc=84.08% | lr=3.000000e-06
Epoch 147/301 | train_loss=5.4954 train_acc=86.13% | val_loss=0.5142 val_acc=84.18% | lr=3.000000e-06
Epoch 148/301 | train_loss=5.4676 train_acc=86.28% | val_loss=0.5126 val_acc=84.34% | lr=3.000000e-06
Saved new best model to /tmp/bow_mlp_imdb_mbpwhyuf.pt
Epoch 149/301 | train_loss=5.4397 train_acc=86.34% | val_loss=0.5107 val_acc=84.24% | lr=3.000000e-06
Epoch 150/301 | train_loss=5.4127 train_acc=86.35% | val_loss=0.5090 val_acc=84.44% | lr=3.000000e-06
Saved new best model to /tmp/bow_mlp_imdb_mbpwhyuf.pt
Epoch 151/301 | train_loss=5.3860 train_acc=86.39% | val_loss=0.5072 val_acc=84.52% | lr=3.000000e-06
Saved new best model to /tmp/bow_mlp_imdb_mbpwhyuf.pt
Epoch 152/301 | train_loss=5.3595 train_acc=86.50% | val_loss=0.5055 val_acc=84.54% | lr=3.000000e-06
Saved new best model to /tmp/bow_mlp_imdb_mbpwhyuf.pt
Epoch 153/301 | train_loss=5.3331 train_acc=86.50% | val_loss=0.5037 val_acc=84.68% | lr=3.000000e-06
Saved new best model to /tmp/bow_mlp_imdb_mbpwhyuf.pt
Epoch 154/301 | train_loss=5.3068 train_acc=86.61% | val_loss=0.5020 val_acc=84.64% | lr=3.000000e-06
Epoch 155/301 | train_loss=5.2814 train_acc=86.69% | val_loss=0.5003 val_acc=84.72% | lr=3.000000e-06
Saved new best model to /tmp/bow_mlp_imdb_mbpwhyuf.pt
Epoch 156/301 | train_loss=5.2556 train_acc=86.71% | val_loss=0.4985 val_acc=84.76% | lr=3.000000e-06
Saved new best model to /tmp/bow_mlp_imdb_mbpwhyuf.pt
Epoch 157/301 | train_loss=5.2303 train_acc=86.81% | val_loss=0.4968 val_acc=84.84% | lr=3.000000e-06
Saved new best model to /tmp/bow_mlp_imdb_mbpwhyuf.pt
Epoch 158/301 | train_loss=5.2054 train_acc=86.88% | val_loss=0.4951 val_acc=84.92% | lr=3.000000e-06
Saved new best model to /tmp/bow_mlp_imdb_mbpwhyuf.pt
Epoch 159/301 | train_loss=5.1812 train_acc=86.91% | val_loss=0.4935 val_acc=84.90% | lr=3.000000e-06
Epoch 160/301 | train_loss=5.1563 train_acc=87.03% | val_loss=0.4918 val_acc=85.04% | lr=3.000000e-06
Saved new best model to /tmp/bow_mlp_imdb_mbpwhyuf.pt
Epoch 161/301 | train_loss=5.1321 train_acc=87.06% | val_loss=0.4901 val_acc=85.02% | lr=3.000000e-06
Epoch 162/301 | train_loss=5.1085 train_acc=87.13% | val_loss=0.4884 val_acc=85.06% | lr=3.000000e-06
Saved new best model to /tmp/bow_mlp_imdb_mbpwhyuf.pt
Epoch 163/301 | train_loss=5.0846 train_acc=87.19% | val_loss=0.4868 val_acc=85.12% | lr=3.000000e-06
Saved new best model to /tmp/bow_mlp_imdb_mbpwhyuf.pt
Epoch 164/301 | train_loss=5.0610 train_acc=87.22% | val_loss=0.4851 val_acc=85.28% | lr=3.000000e-06
Saved new best model to /tmp/bow_mlp_imdb_mbpwhyuf.pt
Epoch 165/301 | train_loss=5.0376 train_acc=87.23% | val_loss=0.4834 val_acc=85.44% | lr=3.000000e-06
Saved new best model to /tmp/bow_mlp_imdb_mbpwhyuf.pt
Epoch 166/301 | train_loss=5.0148 train_acc=87.36% | val_loss=0.4818 val_acc=85.38% | lr=3.000000e-06
Epoch 167/301 | train_loss=4.9919 train_acc=87.42% | val_loss=0.4801 val_acc=85.48% | lr=3.000000e-06
Saved new best model to /tmp/bow_mlp_imdb_mbpwhyuf.pt
Epoch 168/301 | train_loss=4.9689 train_acc=87.45% | val_loss=0.4784 val_acc=85.40% | lr=3.000000e-06
Epoch 169/301 | train_loss=4.9469 train_acc=87.47% | val_loss=0.4768 val_acc=85.60% | lr=3.000000e-06
Saved new best model to /tmp/bow_mlp_imdb_mbpwhyuf.pt
Epoch 170/301 | train_loss=4.9253 train_acc=87.54% | val_loss=0.4752 val_acc=85.58% | lr=3.000000e-06
Epoch 171/301 | train_loss=4.9029 train_acc=87.64% | val_loss=0.4735 val_acc=85.64% | lr=3.000000e-06
Saved new best model to /tmp/bow_mlp_imdb_mbpwhyuf.pt
Epoch 172/301 | train_loss=4.8816 train_acc=87.72% | val_loss=0.4719 val_acc=85.74% | lr=3.000000e-06
Saved new best model to /tmp/bow_mlp_imdb_mbpwhyuf.pt
Epoch 173/301 | train_loss=4.8597 train_acc=87.71% | val_loss=0.4703 val_acc=85.80% | lr=3.000000e-06
Saved new best model to /tmp/bow_mlp_imdb_mbpwhyuf.pt
Epoch 174/301 | train_loss=4.8383 train_acc=87.79% | val_loss=0.4687 val_acc=85.82% | lr=3.000000e-06
Saved new best model to /tmp/bow_mlp_imdb_mbpwhyuf.pt
Epoch 175/301 | train_loss=4.8167 train_acc=87.86% | val_loss=0.4671 val_acc=85.92% | lr=3.000000e-06
Saved new best model to /tmp/bow_mlp_imdb_mbpwhyuf.pt
Epoch 176/301 | train_loss=4.7959 train_acc=87.92% | val_loss=0.4655 val_acc=85.96% | lr=3.000000e-06
Saved new best model to /tmp/bow_mlp_imdb_mbpwhyuf.pt
Epoch 177/301 | train_loss=4.7749 train_acc=88.00% | val_loss=0.4639 val_acc=86.04% | lr=3.000000e-06
Saved new best model to /tmp/bow_mlp_imdb_mbpwhyuf.pt
Epoch 178/301 | train_loss=4.7546 train_acc=88.03% | val_loss=0.4623 val_acc=86.00% | lr=3.000000e-06
Epoch 179/301 | train_loss=4.7339 train_acc=88.14% | val_loss=0.4608 val_acc=85.96% | lr=3.000000e-06
Epoch 180/301 | train_loss=4.7140 train_acc=88.23% | val_loss=0.4592 val_acc=86.14% | lr=3.000000e-06
Saved new best model to /tmp/bow_mlp_imdb_mbpwhyuf.pt
Epoch 181/301 | train_loss=4.6936 train_acc=88.27% | val_loss=0.4576 val_acc=86.18% | lr=3.000000e-06
Saved new best model to /tmp/bow_mlp_imdb_mbpwhyuf.pt
Epoch 182/301 | train_loss=4.6736 train_acc=88.29% | val_loss=0.4561 val_acc=86.04% | lr=3.000000e-06
Epoch 183/301 | train_loss=4.6539 train_acc=88.44% | val_loss=0.4545 val_acc=86.22% | lr=3.000000e-06
Saved new best model to /tmp/bow_mlp_imdb_mbpwhyuf.pt
Epoch 184/301 | train_loss=4.6347 train_acc=88.43% | val_loss=0.4529 val_acc=86.18% | lr=3.000000e-06
Epoch 185/301 | train_loss=4.6155 train_acc=88.47% | val_loss=0.4514 val_acc=86.22% | lr=3.000000e-06
Epoch 186/301 | train_loss=4.5958 train_acc=88.58% | val_loss=0.4499 val_acc=86.28% | lr=3.000000e-06
Saved new best model to /tmp/bow_mlp_imdb_mbpwhyuf.pt
Epoch 187/301 | train_loss=4.5786 train_acc=88.62% | val_loss=0.4483 val_acc=86.30% | lr=3.000000e-06
Saved new best model to /tmp/bow_mlp_imdb_mbpwhyuf.pt
Epoch 188/301 | train_loss=4.5580 train_acc=88.70% | val_loss=0.4468 val_acc=86.38% | lr=3.000000e-06
Saved new best model to /tmp/bow_mlp_imdb_mbpwhyuf.pt
Epoch 189/301 | train_loss=4.5405 train_acc=88.80% | val_loss=0.4453 val_acc=86.38% | lr=3.000000e-06
Epoch 190/301 | train_loss=4.5210 train_acc=88.80% | val_loss=0.4438 val_acc=86.42% | lr=3.000000e-06
Saved new best model to /tmp/bow_mlp_imdb_mbpwhyuf.pt
Epoch 191/301 | train_loss=4.5023 train_acc=88.88% | val_loss=0.4423 val_acc=86.46% | lr=3.000000e-06
Saved new best model to /tmp/bow_mlp_imdb_mbpwhyuf.pt
Epoch 192/301 | train_loss=4.4838 train_acc=88.90% | val_loss=0.4408 val_acc=86.54% | lr=3.000000e-06
Saved new best model to /tmp/bow_mlp_imdb_mbpwhyuf.pt
Epoch 193/301 | train_loss=4.4657 train_acc=89.00% | val_loss=0.4393 val_acc=86.50% | lr=3.000000e-06
Epoch 194/301 | train_loss=4.4477 train_acc=89.05% | val_loss=0.4380 val_acc=86.62% | lr=3.000000e-06
Saved new best model to /tmp/bow_mlp_imdb_mbpwhyuf.pt
Epoch 195/301 | train_loss=4.4297 train_acc=89.13% | val_loss=0.4365 val_acc=86.62% | lr=3.000000e-06
Epoch 196/301 | train_loss=4.4122 train_acc=89.14% | val_loss=0.4350 val_acc=86.68% | lr=3.000000e-06
Saved new best model to /tmp/bow_mlp_imdb_mbpwhyuf.pt
Epoch 197/301 | train_loss=4.3948 train_acc=89.20% | val_loss=0.4335 val_acc=86.68% | lr=3.000000e-06
Epoch 198/301 | train_loss=4.3777 train_acc=89.30% | val_loss=0.4321 val_acc=86.70% | lr=3.000000e-06
Saved new best model to /tmp/bow_mlp_imdb_mbpwhyuf.pt
Epoch 199/301 | train_loss=4.3604 train_acc=89.34% | val_loss=0.4306 val_acc=86.76% | lr=3.000000e-06
Saved new best model to /tmp/bow_mlp_imdb_mbpwhyuf.pt
Epoch 200/301 | train_loss=4.3434 train_acc=89.37% | val_loss=0.4292 val_acc=86.86% | lr=3.000000e-06
Saved new best model to /tmp/bow_mlp_imdb_mbpwhyuf.pt
Epoch 201/301 | train_loss=4.3263 train_acc=89.41% | val_loss=0.4278 val_acc=86.84% | lr=3.000000e-06
Epoch 202/301 | train_loss=4.3095 train_acc=89.51% | val_loss=0.4264 val_acc=86.92% | lr=3.000000e-06
Saved new best model to /tmp/bow_mlp_imdb_mbpwhyuf.pt
Epoch 203/301 | train_loss=4.2925 train_acc=89.57% | val_loss=0.4250 val_acc=87.02% | lr=3.000000e-06
Saved new best model to /tmp/bow_mlp_imdb_mbpwhyuf.pt
Epoch 204/301 | train_loss=4.2759 train_acc=89.58% | val_loss=0.4236 val_acc=86.94% | lr=3.000000e-06
Epoch 205/301 | train_loss=4.2595 train_acc=89.58% | val_loss=0.4222 val_acc=87.02% | lr=3.000000e-06
Epoch 206/301 | train_loss=4.2432 train_acc=89.68% | val_loss=0.4208 val_acc=87.08% | lr=3.000000e-06
Saved new best model to /tmp/bow_mlp_imdb_mbpwhyuf.pt
Epoch 207/301 | train_loss=4.2269 train_acc=89.65% | val_loss=0.4195 val_acc=87.10% | lr=3.000000e-06
Saved new best model to /tmp/bow_mlp_imdb_mbpwhyuf.pt
Epoch 208/301 | train_loss=4.2107 train_acc=89.73% | val_loss=0.4181 val_acc=87.22% | lr=3.000000e-06
Saved new best model to /tmp/bow_mlp_imdb_mbpwhyuf.pt
Epoch 209/301 | train_loss=4.1950 train_acc=89.83% | val_loss=0.4168 val_acc=87.28% | lr=3.000000e-06
Saved new best model to /tmp/bow_mlp_imdb_mbpwhyuf.pt
Epoch 210/301 | train_loss=4.1792 train_acc=89.88% | val_loss=0.4154 val_acc=87.28% | lr=3.000000e-06
Epoch 211/301 | train_loss=4.1635 train_acc=89.93% | val_loss=0.4141 val_acc=87.26% | lr=3.000000e-06
Epoch 212/301 | train_loss=4.1481 train_acc=90.02% | val_loss=0.4128 val_acc=87.28% | lr=3.000000e-06
Epoch 213/301 | train_loss=4.1325 train_acc=90.03% | val_loss=0.4115 val_acc=87.22% | lr=3.000000e-06
Epoch 214/301 | train_loss=4.1170 train_acc=90.09% | val_loss=0.4101 val_acc=87.10% | lr=3.000000e-06
Epoch 215/301 | train_loss=4.1017 train_acc=90.15% | val_loss=0.4089 val_acc=87.24% | lr=3.000000e-06
Epoch 216/301 | train_loss=4.0865 train_acc=90.21% | val_loss=0.4076 val_acc=87.18% | lr=3.000000e-06
Epoch 217/301 | train_loss=4.0716 train_acc=90.24% | val_loss=0.4063 val_acc=87.20% | lr=3.000000e-06
Epoch 218/301 | train_loss=4.0567 train_acc=90.29% | val_loss=0.4050 val_acc=87.20% | lr=3.000000e-06
Epoch 219/301 | train_loss=4.0423 train_acc=90.38% | val_loss=0.4037 val_acc=87.28% | lr=3.000000e-06
Epoch 220/301 | train_loss=4.0273 train_acc=90.39% | val_loss=0.4025 val_acc=87.32% | lr=3.000000e-06
Saved new best model to /tmp/bow_mlp_imdb_mbpwhyuf.pt
Epoch 221/301 | train_loss=4.0127 train_acc=90.50% | val_loss=0.4012 val_acc=87.30% | lr=3.000000e-06
Epoch 222/301 | train_loss=3.9982 train_acc=90.51% | val_loss=0.4000 val_acc=87.30% | lr=3.000000e-06
Epoch 223/301 | train_loss=3.9840 train_acc=90.55% | val_loss=0.3987 val_acc=87.28% | lr=3.000000e-06
Epoch 224/301 | train_loss=3.9696 train_acc=90.61% | val_loss=0.3975 val_acc=87.32% | lr=3.000000e-06
Epoch 225/301 | train_loss=3.9557 train_acc=90.64% | val_loss=0.3963 val_acc=87.30% | lr=3.000000e-06
Epoch 226/301 | train_loss=3.9415 train_acc=90.70% | val_loss=0.3950 val_acc=87.32% | lr=3.000000e-06
Epoch 227/301 | train_loss=3.9278 train_acc=90.80% | val_loss=0.3939 val_acc=87.48% | lr=3.000000e-06
Saved new best model to /tmp/bow_mlp_imdb_mbpwhyuf.pt
Epoch 228/301 | train_loss=3.9139 train_acc=90.83% | val_loss=0.3927 val_acc=87.50% | lr=3.000000e-06
Saved new best model to /tmp/bow_mlp_imdb_mbpwhyuf.pt
Epoch 229/301 | train_loss=3.9001 train_acc=90.85% | val_loss=0.3915 val_acc=87.48% | lr=3.000000e-06
Epoch 230/301 | train_loss=3.8866 train_acc=90.96% | val_loss=0.3903 val_acc=87.60% | lr=3.000000e-06
Saved new best model to /tmp/bow_mlp_imdb_mbpwhyuf.pt
Epoch 231/301 | train_loss=3.8728 train_acc=91.03% | val_loss=0.3891 val_acc=87.64% | lr=3.000000e-06
Saved new best model to /tmp/bow_mlp_imdb_mbpwhyuf.pt
Epoch 232/301 | train_loss=3.8593 train_acc=91.03% | val_loss=0.3880 val_acc=87.68% | lr=3.000000e-06
Saved new best model to /tmp/bow_mlp_imdb_mbpwhyuf.pt
Epoch 233/301 | train_loss=3.8460 train_acc=91.07% | val_loss=0.3868 val_acc=87.68% | lr=3.000000e-06
Epoch 234/301 | train_loss=3.8328 train_acc=91.08% | val_loss=0.3857 val_acc=87.62% | lr=3.000000e-06
Epoch 235/301 | train_loss=3.8196 train_acc=91.16% | val_loss=0.3845 val_acc=87.70% | lr=3.000000e-06
Saved new best model to /tmp/bow_mlp_imdb_mbpwhyuf.pt
Epoch 236/301 | train_loss=3.8064 train_acc=91.20% | val_loss=0.3834 val_acc=87.70% | lr=3.000000e-06
Epoch 237/301 | train_loss=3.7937 train_acc=91.27% | val_loss=0.3822 val_acc=87.74% | lr=3.000000e-06
Saved new best model to /tmp/bow_mlp_imdb_mbpwhyuf.pt
Epoch 238/301 | train_loss=3.7805 train_acc=91.33% | val_loss=0.3811 val_acc=87.72% | lr=3.000000e-06
Epoch 239/301 | train_loss=3.7679 train_acc=91.34% | val_loss=0.3800 val_acc=87.72% | lr=3.000000e-06
Epoch 240/301 | train_loss=3.7548 train_acc=91.42% | val_loss=0.3789 val_acc=87.74% | lr=3.000000e-06
Epoch 241/301 | train_loss=3.7422 train_acc=91.46% | val_loss=0.3778 val_acc=87.76% | lr=3.000000e-06
Saved new best model to /tmp/bow_mlp_imdb_mbpwhyuf.pt
Epoch 242/301 | train_loss=3.7298 train_acc=91.50% | val_loss=0.3767 val_acc=87.78% | lr=3.000000e-06
Saved new best model to /tmp/bow_mlp_imdb_mbpwhyuf.pt
Epoch 243/301 | train_loss=3.7175 train_acc=91.55% | val_loss=0.3756 val_acc=87.74% | lr=3.000000e-06
Epoch 244/301 | train_loss=3.7049 train_acc=91.56% | val_loss=0.3746 val_acc=87.76% | lr=3.000000e-06
Epoch 245/301 | train_loss=3.6927 train_acc=91.64% | val_loss=0.3735 val_acc=87.78% | lr=3.000000e-06
Epoch 246/301 | train_loss=3.6804 train_acc=91.64% | val_loss=0.3725 val_acc=87.78% | lr=3.000000e-06
Epoch 247/301 | train_loss=3.6682 train_acc=91.68% | val_loss=0.3714 val_acc=87.82% | lr=3.000000e-06
Saved new best model to /tmp/bow_mlp_imdb_mbpwhyuf.pt
Epoch 248/301 | train_loss=3.6563 train_acc=91.75% | val_loss=0.3704 val_acc=87.82% | lr=3.000000e-06
Epoch 249/301 | train_loss=3.6445 train_acc=91.80% | val_loss=0.3694 val_acc=87.90% | lr=3.000000e-06
Saved new best model to /tmp/bow_mlp_imdb_mbpwhyuf.pt
Epoch 250/301 | train_loss=3.6325 train_acc=91.86% | val_loss=0.3684 val_acc=87.82% | lr=3.000000e-06
Epoch 251/301 | train_loss=3.6208 train_acc=91.90% | val_loss=0.3674 val_acc=87.90% | lr=3.000000e-06
Epoch 252/301 | train_loss=3.6089 train_acc=91.97% | val_loss=0.3663 val_acc=87.86% | lr=3.000000e-06
Epoch 253/301 | train_loss=3.5973 train_acc=92.01% | val_loss=0.3653 val_acc=87.84% | lr=3.000000e-06
Epoch 254/301 | train_loss=3.5858 train_acc=92.02% | val_loss=0.3644 val_acc=87.94% | lr=3.000000e-06
Saved new best model to /tmp/bow_mlp_imdb_mbpwhyuf.pt
Epoch 255/301 | train_loss=3.5744 train_acc=92.12% | val_loss=0.3634 val_acc=87.82% | lr=3.000000e-06
Epoch 256/301 | train_loss=3.5631 train_acc=92.12% | val_loss=0.3624 val_acc=87.96% | lr=3.000000e-06
Saved new best model to /tmp/bow_mlp_imdb_mbpwhyuf.pt
Epoch 257/301 | train_loss=3.5518 train_acc=92.17% | val_loss=0.3615 val_acc=87.96% | lr=3.000000e-06
Epoch 258/301 | train_loss=3.5406 train_acc=92.21% | val_loss=0.3605 val_acc=87.98% | lr=3.000000e-06
Saved new best model to /tmp/bow_mlp_imdb_mbpwhyuf.pt
Epoch 259/301 | train_loss=3.5293 train_acc=92.20% | val_loss=0.3596 val_acc=88.04% | lr=3.000000e-06
Saved new best model to /tmp/bow_mlp_imdb_mbpwhyuf.pt
Epoch 260/301 | train_loss=3.5182 train_acc=92.29% | val_loss=0.3586 val_acc=88.08% | lr=3.000000e-06
Saved new best model to /tmp/bow_mlp_imdb_mbpwhyuf.pt
Epoch 261/301 | train_loss=3.5072 train_acc=92.33% | val_loss=0.3576 val_acc=88.06% | lr=3.000000e-06
Epoch 262/301 | train_loss=3.4960 train_acc=92.33% | val_loss=0.3567 val_acc=88.06% | lr=3.000000e-06
Epoch 263/301 | train_loss=3.4852 train_acc=92.38% | val_loss=0.3558 val_acc=88.14% | lr=3.000000e-06
Saved new best model to /tmp/bow_mlp_imdb_mbpwhyuf.pt
Epoch 264/301 | train_loss=3.4744 train_acc=92.43% | val_loss=0.3549 val_acc=88.14% | lr=3.000000e-06
Epoch 265/301 | train_loss=3.4636 train_acc=92.47% | val_loss=0.3539 val_acc=88.04% | lr=3.000000e-06
Epoch 266/301 | train_loss=3.4529 train_acc=92.54% | val_loss=0.3530 val_acc=88.16% | lr=3.000000e-06
Saved new best model to /tmp/bow_mlp_imdb_mbpwhyuf.pt
Epoch 267/301 | train_loss=3.4424 train_acc=92.53% | val_loss=0.3522 val_acc=88.16% | lr=3.000000e-06
Epoch 268/301 | train_loss=3.4317 train_acc=92.58% | val_loss=0.3513 val_acc=88.18% | lr=3.000000e-06
Saved new best model to /tmp/bow_mlp_imdb_mbpwhyuf.pt
Epoch 269/301 | train_loss=3.4214 train_acc=92.59% | val_loss=0.3504 val_acc=88.24% | lr=3.000000e-06
Saved new best model to /tmp/bow_mlp_imdb_mbpwhyuf.pt
Epoch 270/301 | train_loss=3.4106 train_acc=92.68% | val_loss=0.3495 val_acc=88.16% | lr=3.000000e-06
Epoch 271/301 | train_loss=3.4003 train_acc=92.70% | val_loss=0.3487 val_acc=88.16% | lr=3.000000e-06
Epoch 272/301 | train_loss=3.3898 train_acc=92.74% | val_loss=0.3478 val_acc=88.20% | lr=3.000000e-06
Epoch 273/301 | train_loss=3.3800 train_acc=92.77% | val_loss=0.3469 val_acc=88.26% | lr=3.000000e-06
Saved new best model to /tmp/bow_mlp_imdb_mbpwhyuf.pt
Epoch 274/301 | train_loss=3.3697 train_acc=92.83% | val_loss=0.3461 val_acc=88.18% | lr=3.000000e-06
Epoch 275/301 | train_loss=3.3596 train_acc=92.89% | val_loss=0.3452 val_acc=88.26% | lr=3.000000e-06
Epoch 276/301 | train_loss=3.3494 train_acc=92.89% | val_loss=0.3444 val_acc=88.24% | lr=3.000000e-06
Epoch 277/301 | train_loss=3.3395 train_acc=92.90% | val_loss=0.3435 val_acc=88.24% | lr=3.000000e-06
Epoch 278/301 | train_loss=3.3295 train_acc=92.97% | val_loss=0.3428 val_acc=88.26% | lr=3.000000e-06
Epoch 279/301 | train_loss=3.3199 train_acc=92.98% | val_loss=0.3419 val_acc=88.24% | lr=3.000000e-06
Epoch 280/301 | train_loss=3.3096 train_acc=93.06% | val_loss=0.3411 val_acc=88.24% | lr=3.000000e-06
Epoch 281/301 | train_loss=3.2998 train_acc=93.08% | val_loss=0.3403 val_acc=88.30% | lr=3.000000e-06
Saved new best model to /tmp/bow_mlp_imdb_mbpwhyuf.pt
Epoch 282/301 | train_loss=3.2903 train_acc=93.12% | val_loss=0.3395 val_acc=88.24% | lr=3.000000e-06
Epoch 283/301 | train_loss=3.2807 train_acc=93.12% | val_loss=0.3387 val_acc=88.24% | lr=3.000000e-06
Epoch 284/301 | train_loss=3.2710 train_acc=93.17% | val_loss=0.3379 val_acc=88.28% | lr=3.000000e-06
Epoch 285/301 | train_loss=3.2613 train_acc=93.21% | val_loss=0.3371 val_acc=88.32% | lr=3.000000e-06
Saved new best model to /tmp/bow_mlp_imdb_mbpwhyuf.pt
Epoch 286/301 | train_loss=3.2519 train_acc=93.26% | val_loss=0.3363 val_acc=88.38% | lr=3.000000e-06
Saved new best model to /tmp/bow_mlp_imdb_mbpwhyuf.pt
Epoch 287/301 | train_loss=3.2425 train_acc=93.27% | val_loss=0.3356 val_acc=88.36% | lr=3.000000e-06
Epoch 288/301 | train_loss=3.2332 train_acc=93.34% | val_loss=0.3348 val_acc=88.34% | lr=3.000000e-06
Epoch 289/301 | train_loss=3.2240 train_acc=93.38% | val_loss=0.3340 val_acc=88.34% | lr=3.000000e-06
Epoch 290/301 | train_loss=3.2148 train_acc=93.41% | val_loss=0.3333 val_acc=88.34% | lr=3.000000e-06
Epoch 291/301 | train_loss=3.2055 train_acc=93.41% | val_loss=0.3325 val_acc=88.42% | lr=3.000000e-06
Saved new best model to /tmp/bow_mlp_imdb_mbpwhyuf.pt
Epoch 292/301 | train_loss=3.1963 train_acc=93.47% | val_loss=0.3318 val_acc=88.42% | lr=3.000000e-06
Epoch 293/301 | train_loss=3.1872 train_acc=93.52% | val_loss=0.3311 val_acc=88.42% | lr=3.000000e-06
Epoch 294/301 | train_loss=3.1782 train_acc=93.57% | val_loss=0.3304 val_acc=88.40% | lr=3.000000e-06
Epoch 295/301 | train_loss=3.1695 train_acc=93.57% | val_loss=0.3296 val_acc=88.42% | lr=3.000000e-06
Epoch 296/301 | train_loss=3.1605 train_acc=93.56% | val_loss=0.3289 val_acc=88.44% | lr=3.000000e-06
Saved new best model to /tmp/bow_mlp_imdb_mbpwhyuf.pt
Epoch 297/301 | train_loss=3.1515 train_acc=93.63% | val_loss=0.3282 val_acc=88.48% | lr=3.000000e-06
Saved new best model to /tmp/bow_mlp_imdb_mbpwhyuf.pt
Epoch 298/301 | train_loss=3.1427 train_acc=93.66% | val_loss=0.3276 val_acc=88.36% | lr=3.000000e-06
Epoch 299/301 | train_loss=3.1339 train_acc=93.73% | val_loss=0.3269 val_acc=88.40% | lr=3.000000e-06
Epoch 300/301 | train_loss=3.1252 train_acc=93.77% | val_loss=0.3261 val_acc=88.46% | lr=3.000000e-06
Epoch 301/301 | train_loss=3.1164 train_acc=93.77% | val_loss=0.3254 val_acc=88.46% | lr=3.000000e-06
Epoch 302/301 | train_loss=3.1077 train_acc=93.84% | val_loss=0.3247 val_acc=88.56% | lr=3.000000e-06
Saved new best model to /tmp/bow_mlp_imdb_mbpwhyuf.pt
Epoch 303/301 | train_loss=3.0993 train_acc=93.86% | val_loss=0.3241 val_acc=88.44% | lr=3.000000e-06
Epoch 304/301 | train_loss=3.0906 train_acc=93.93% | val_loss=0.3234 val_acc=88.46% | lr=3.000000e-06
Epoch 305/301 | train_loss=3.0821 train_acc=93.93% | val_loss=0.3228 val_acc=88.52% | lr=3.000000e-06
Epoch 306/301 | train_loss=3.0735 train_acc=94.02% | val_loss=0.3221 val_acc=88.50% | lr=3.000000e-06
Epoch 307/301 | train_loss=3.0652 train_acc=94.04% | val_loss=0.3214 val_acc=88.48% | lr=3.000000e-06
Epoch 308/301 | train_loss=3.0568 train_acc=94.10% | val_loss=0.3208 val_acc=88.54% | lr=3.000000e-06
Epoch 309/301 | train_loss=3.0483 train_acc=94.14% | val_loss=0.3201 val_acc=88.52% | lr=3.000000e-06
Epoch 310/301 | train_loss=3.0400 train_acc=94.16% | val_loss=0.3194 val_acc=88.52% | lr=3.000000e-06
Epoch 311/301 | train_loss=3.0318 train_acc=94.21% | val_loss=0.3188 val_acc=88.54% | lr=3.000000e-06
Epoch 312/301 | train_loss=3.0235 train_acc=94.23% | val_loss=0.3182 val_acc=88.58% | lr=3.000000e-06
Saved new best model to /tmp/bow_mlp_imdb_mbpwhyuf.pt
Epoch 313/301 | train_loss=3.0154 train_acc=94.28% | val_loss=0.3176 val_acc=88.56% | lr=3.000000e-06
Epoch 314/301 | train_loss=3.0072 train_acc=94.31% | val_loss=0.3170 val_acc=88.56% | lr=3.000000e-06
Epoch 315/301 | train_loss=2.9992 train_acc=94.31% | val_loss=0.3163 val_acc=88.60% | lr=3.000000e-06
Saved new best model to /tmp/bow_mlp_imdb_mbpwhyuf.pt
Epoch 316/301 | train_loss=2.9912 train_acc=94.33% | val_loss=0.3157 val_acc=88.62% | lr=3.000000e-06
Saved new best model to /tmp/bow_mlp_imdb_mbpwhyuf.pt
Epoch 317/301 | train_loss=2.9833 train_acc=94.38% | val_loss=0.3152 val_acc=88.54% | lr=3.000000e-06
Epoch 318/301 | train_loss=2.9752 train_acc=94.39% | val_loss=0.3145 val_acc=88.50% | lr=3.000000e-06
Epoch 319/301 | train_loss=2.9674 train_acc=94.42% | val_loss=0.3140 val_acc=88.56% | lr=3.000000e-06
Epoch 320/301 | train_loss=2.9595 train_acc=94.47% | val_loss=0.3134 val_acc=88.56% | lr=3.000000e-06
Epoch 321/301 | train_loss=2.9517 train_acc=94.52% | val_loss=0.3128 val_acc=88.54% | lr=3.000000e-06
Epoch 322/301 | train_loss=2.9439 train_acc=94.54% | val_loss=0.3122 val_acc=88.62% | lr=3.000000e-06
Epoch 323/301 | train_loss=2.9361 train_acc=94.58% | val_loss=0.3117 val_acc=88.58% | lr=3.000000e-06
Epoch 324/301 | train_loss=2.9282 train_acc=94.60% | val_loss=0.3110 val_acc=88.58% | lr=3.000000e-06
Epoch 325/301 | train_loss=2.9205 train_acc=94.66% | val_loss=0.3106 val_acc=88.70% | lr=3.000000e-06
Saved new best model to /tmp/bow_mlp_imdb_mbpwhyuf.pt
Epoch 326/301 | train_loss=2.9129 train_acc=94.67% | val_loss=0.3099 val_acc=88.58% | lr=3.000000e-06
Epoch 327/301 | train_loss=2.9051 train_acc=94.71% | val_loss=0.3094 val_acc=88.60% | lr=3.000000e-06
Epoch 328/301 | train_loss=2.8974 train_acc=94.74% | val_loss=0.3088 val_acc=88.64% | lr=3.000000e-06
Epoch 329/301 | train_loss=2.8900 train_acc=94.78% | val_loss=0.3084 val_acc=88.78% | lr=3.000000e-06
Saved new best model to /tmp/bow_mlp_imdb_mbpwhyuf.pt
Epoch 330/301 | train_loss=2.8824 train_acc=94.83% | val_loss=0.3077 val_acc=88.66% | lr=3.000000e-06
Epoch 331/301 | train_loss=2.8750 train_acc=94.86% | val_loss=0.3072 val_acc=88.78% | lr=3.000000e-06
Epoch 332/301 | train_loss=2.8676 train_acc=94.88% | val_loss=0.3067 val_acc=88.80% | lr=3.000000e-06
Saved new best model to /tmp/bow_mlp_imdb_mbpwhyuf.pt
Epoch 333/301 | train_loss=2.8600 train_acc=94.92% | val_loss=0.3061 val_acc=88.78% | lr=3.000000e-06
Epoch 334/301 | train_loss=2.8525 train_acc=94.96% | val_loss=0.3056 val_acc=88.76% | lr=3.000000e-06
Epoch 335/301 | train_loss=2.8452 train_acc=94.99% | val_loss=0.3050 val_acc=88.74% | lr=3.000000e-06
Epoch 336/301 | train_loss=2.8380 train_acc=95.03% | val_loss=0.3047 val_acc=88.88% | lr=3.000000e-06
Saved new best model to /tmp/bow_mlp_imdb_mbpwhyuf.pt
Epoch 337/301 | train_loss=2.8306 train_acc=95.08% | val_loss=0.3040 val_acc=88.78% | lr=3.000000e-06
Epoch 338/301 | train_loss=2.8235 train_acc=95.08% | val_loss=0.3036 val_acc=88.86% | lr=3.000000e-06
Epoch 339/301 | train_loss=2.8161 train_acc=95.12% | val_loss=0.3030 val_acc=88.80% | lr=3.000000e-06
Epoch 340/301 | train_loss=2.8089 train_acc=95.17% | val_loss=0.3026 val_acc=88.84% | lr=3.000000e-06
Epoch 341/301 | train_loss=2.8018 train_acc=95.21% | val_loss=0.3020 val_acc=88.88% | lr=3.000000e-06
Epoch 342/301 | train_loss=2.7947 train_acc=95.27% | val_loss=0.3015 val_acc=88.80% | lr=3.000000e-06
Epoch 343/301 | train_loss=2.7875 train_acc=95.30% | val_loss=0.3010 val_acc=88.84% | lr=3.000000e-06
Epoch 344/301 | train_loss=2.7804 train_acc=95.33% | val_loss=0.3006 val_acc=88.90% | lr=3.000000e-06
Saved new best model to /tmp/bow_mlp_imdb_mbpwhyuf.pt
Epoch 345/301 | train_loss=2.7734 train_acc=95.36% | val_loss=0.3000 val_acc=88.96% | lr=3.000000e-06
Saved new best model to /tmp/bow_mlp_imdb_mbpwhyuf.pt
Epoch 346/301 | train_loss=2.7664 train_acc=95.38% | val_loss=0.2995 val_acc=88.84% | lr=3.000000e-06
Epoch 347/301 | train_loss=2.7602 train_acc=95.42% | val_loss=0.2991 val_acc=89.04% | lr=3.000000e-06
Saved new best model to /tmp/bow_mlp_imdb_mbpwhyuf.pt
Epoch 348/301 | train_loss=2.7525 train_acc=95.45% | val_loss=0.2986 val_acc=89.00% | lr=3.000000e-06
Epoch 349/301 | train_loss=2.7457 train_acc=95.47% | val_loss=0.2982 val_acc=88.94% | lr=3.000000e-06
Epoch 350/301 | train_loss=2.7388 train_acc=95.52% | val_loss=0.2978 val_acc=89.10% | lr=3.000000e-06
Saved new best model to /tmp/bow_mlp_imdb_mbpwhyuf.pt
Epoch 351/301 | train_loss=2.7321 train_acc=95.52% | val_loss=0.2972 val_acc=88.92% | lr=3.000000e-06
Epoch 352/301 | train_loss=2.7251 train_acc=95.56% | val_loss=0.2969 val_acc=89.08% | lr=3.000000e-06
Epoch 353/301 | train_loss=2.7182 train_acc=95.58% | val_loss=0.2964 val_acc=89.10% | lr=3.000000e-06
Epoch 354/301 | train_loss=2.7116 train_acc=95.59% | val_loss=0.2960 val_acc=89.08% | lr=3.000000e-06
Epoch 355/301 | train_loss=2.7049 train_acc=95.64% | val_loss=0.2955 val_acc=89.02% | lr=3.000000e-06
Epoch 356/301 | train_loss=2.6982 train_acc=95.67% | val_loss=0.2951 val_acc=89.12% | lr=3.000000e-06
Saved new best model to /tmp/bow_mlp_imdb_mbpwhyuf.pt
Epoch 357/301 | train_loss=2.6915 train_acc=95.71% | val_loss=0.2946 val_acc=89.14% | lr=3.000000e-06
Saved new best model to /tmp/bow_mlp_imdb_mbpwhyuf.pt
Epoch 358/301 | train_loss=2.6849 train_acc=95.78% | val_loss=0.2942 val_acc=89.20% | lr=3.000000e-06
Saved new best model to /tmp/bow_mlp_imdb_mbpwhyuf.pt
Epoch 359/301 | train_loss=2.6781 train_acc=95.77% | val_loss=0.2938 val_acc=89.24% | lr=3.000000e-06
Saved new best model to /tmp/bow_mlp_imdb_mbpwhyuf.pt
Epoch 360/301 | train_loss=2.6715 train_acc=95.83% | val_loss=0.2934 val_acc=89.14% | lr=3.000000e-06
Epoch 361/301 | train_loss=2.6650 train_acc=95.86% | val_loss=0.2930 val_acc=89.20% | lr=3.000000e-06
Epoch 362/301 | train_loss=2.6584 train_acc=95.88% | val_loss=0.2926 val_acc=89.18% | lr=3.000000e-06
Epoch 363/301 | train_loss=2.6520 train_acc=95.91% | val_loss=0.2921 val_acc=89.18% | lr=3.000000e-06
Epoch 364/301 | train_loss=2.6453 train_acc=95.93% | val_loss=0.2917 val_acc=89.16% | lr=3.000000e-06
Epoch 365/301 | train_loss=2.6389 train_acc=95.97% | val_loss=0.2913 val_acc=89.22% | lr=3.000000e-06
Epoch 366/301 | train_loss=2.6325 train_acc=96.02% | val_loss=0.2910 val_acc=89.18% | lr=3.000000e-06
Epoch 367/301 | train_loss=2.6260 train_acc=96.04% | val_loss=0.2905 val_acc=89.18% | lr=3.000000e-06
Epoch 368/301 | train_loss=2.6195 train_acc=96.04% | val_loss=0.2901 val_acc=89.18% | lr=3.000000e-06
Epoch 369/301 | train_loss=2.6133 train_acc=96.10% | val_loss=0.2897 val_acc=89.18% | lr=3.000000e-06
Epoch 370/301 | train_loss=2.6070 train_acc=96.11% | val_loss=0.2893 val_acc=89.24% | lr=3.000000e-06
Epoch 371/301 | train_loss=2.6007 train_acc=96.14% | val_loss=0.2890 val_acc=89.20% | lr=3.000000e-06
Epoch 372/301 | train_loss=2.5944 train_acc=96.16% | val_loss=0.2886 val_acc=89.24% | lr=3.000000e-06
Epoch 373/301 | train_loss=2.5879 train_acc=96.19% | val_loss=0.2883 val_acc=89.14% | lr=3.000000e-06
Epoch 374/301 | train_loss=2.5817 train_acc=96.23% | val_loss=0.2879 val_acc=89.12% | lr=3.000000e-06
Epoch 375/301 | train_loss=2.5755 train_acc=96.28% | val_loss=0.2875 val_acc=89.18% | lr=3.000000e-06
Epoch 376/301 | train_loss=2.5693 train_acc=96.29% | val_loss=0.2872 val_acc=89.16% | lr=3.000000e-06
Epoch 377/301 | train_loss=2.5631 train_acc=96.33% | val_loss=0.2868 val_acc=89.14% | lr=3.000000e-06
Epoch 378/301 | train_loss=2.5570 train_acc=96.35% | val_loss=0.2865 val_acc=89.20% | lr=3.000000e-06
Epoch 379/301 | train_loss=2.5508 train_acc=96.36% | val_loss=0.2861 val_acc=89.12% | lr=3.000000e-06
Epoch 380/301 | train_loss=2.5447 train_acc=96.40% | val_loss=0.2857 val_acc=89.14% | lr=3.000000e-06
Epoch 381/301 | train_loss=2.5386 train_acc=96.40% | val_loss=0.2853 val_acc=89.16% | lr=3.000000e-06
Epoch 382/301 | train_loss=2.5327 train_acc=96.44% | val_loss=0.2851 val_acc=89.18% | lr=3.000000e-06
Epoch 383/301 | train_loss=2.5267 train_acc=96.45% | val_loss=0.2846 val_acc=89.18% | lr=3.000000e-06
Epoch 384/301 | train_loss=2.5206 train_acc=96.48% | val_loss=0.2844 val_acc=89.20% | lr=3.000000e-06
Epoch 385/301 | train_loss=2.5146 train_acc=96.51% | val_loss=0.2841 val_acc=89.20% | lr=3.000000e-06
Epoch 386/301 | train_loss=2.5085 train_acc=96.53% | val_loss=0.2837 val_acc=89.20% | lr=3.000000e-06
Epoch 387/301 | train_loss=2.5026 train_acc=96.55% | val_loss=0.2834 val_acc=89.22% | lr=3.000000e-06
Epoch 388/301 | train_loss=2.4967 train_acc=96.60% | val_loss=0.2830 val_acc=89.22% | lr=3.000000e-06
Epoch 389/301 | train_loss=2.4907 train_acc=96.62% | val_loss=0.2827 val_acc=89.20% | lr=3.000000e-06
Epoch 390/301 | train_loss=2.4847 train_acc=96.66% | val_loss=0.2824 val_acc=89.18% | lr=3.000000e-06
Epoch 391/301 | train_loss=2.4790 train_acc=96.67% | val_loss=0.2821 val_acc=89.22% | lr=3.000000e-06
Epoch 392/301 | train_loss=2.4732 train_acc=96.67% | val_loss=0.2818 val_acc=89.24% | lr=3.000000e-06
Epoch 393/301 | train_loss=2.4673 train_acc=96.71% | val_loss=0.2815 val_acc=89.22% | lr=3.000000e-06
Epoch 394/301 | train_loss=2.4615 train_acc=96.77% | val_loss=0.2811 val_acc=89.26% | lr=3.000000e-06
Saved new best model to /tmp/bow_mlp_imdb_mbpwhyuf.pt
Epoch 395/301 | train_loss=2.4558 train_acc=96.79% | val_loss=0.2809 val_acc=89.28% | lr=3.000000e-06
Saved new best model to /tmp/bow_mlp_imdb_mbpwhyuf.pt
Epoch 396/301 | train_loss=2.4500 train_acc=96.86% | val_loss=0.2805 val_acc=89.20% | lr=3.000000e-06
Epoch 397/301 | train_loss=2.4443 train_acc=96.86% | val_loss=0.2802 val_acc=89.26% | lr=3.000000e-06
Epoch 398/301 | train_loss=2.4384 train_acc=96.86% | val_loss=0.2800 val_acc=89.30% | lr=3.000000e-06
Saved new best model to /tmp/bow_mlp_imdb_mbpwhyuf.pt
Epoch 399/301 | train_loss=2.4328 train_acc=96.90% | val_loss=0.2797 val_acc=89.30% | lr=3.000000e-06
Epoch 400/301 | train_loss=2.4271 train_acc=96.91% | val_loss=0.2794 val_acc=89.28% | lr=3.000000e-06
Test loss=0.3035 | Test accuracy=88.35%
