Loading IMDb dataset from local disk: /home/daniel/l/masteruppsats/np-reg/language/data/imdb_hf
Using device: cuda
BoW vocab size: 50000
W0422 05:44:42.941000 2713671 site-packages/torch/_inductor/utils.py:1679] [0/0] Not enough SMs to use max_autotune_gemm mode
Epoch 1/301 | train_loss=0.7153 train_acc=53.96% | val_loss=0.6545 val_acc=58.70% | lr=3.000000e-06
Saved new best model to /tmp/bow_mlp_imdb_oi9a9wz_.pt
Epoch 2/301 | train_loss=0.5825 train_acc=65.79% | val_loss=0.5768 val_acc=66.86% | lr=3.000000e-06
Saved new best model to /tmp/bow_mlp_imdb_oi9a9wz_.pt
Epoch 3/301 | train_loss=0.4965 train_acc=76.35% | val_loss=0.5123 val_acc=75.70% | lr=3.000000e-06
Saved new best model to /tmp/bow_mlp_imdb_oi9a9wz_.pt
Epoch 4/301 | train_loss=0.4315 train_acc=83.48% | val_loss=0.4674 val_acc=79.80% | lr=3.000000e-06
Saved new best model to /tmp/bow_mlp_imdb_oi9a9wz_.pt
Epoch 5/301 | train_loss=0.3822 train_acc=87.44% | val_loss=0.4365 val_acc=82.38% | lr=3.000000e-06
Saved new best model to /tmp/bow_mlp_imdb_oi9a9wz_.pt
Epoch 6/301 | train_loss=0.3413 train_acc=90.00% | val_loss=0.4181 val_acc=83.60% | lr=3.000000e-06
Saved new best model to /tmp/bow_mlp_imdb_oi9a9wz_.pt
Epoch 7/301 | train_loss=0.3096 train_acc=91.83% | val_loss=0.3897 val_acc=85.44% | lr=3.000000e-06
Saved new best model to /tmp/bow_mlp_imdb_oi9a9wz_.pt
Epoch 8/301 | train_loss=0.2831 train_acc=92.92% | val_loss=0.3709 val_acc=86.62% | lr=3.000000e-06
Saved new best model to /tmp/bow_mlp_imdb_oi9a9wz_.pt
Epoch 9/301 | train_loss=0.2603 train_acc=93.98% | val_loss=0.3575 val_acc=87.18% | lr=3.000000e-06
Saved new best model to /tmp/bow_mlp_imdb_oi9a9wz_.pt
Epoch 10/301 | train_loss=0.2397 train_acc=94.97% | val_loss=0.3454 val_acc=87.84% | lr=3.000000e-06
Saved new best model to /tmp/bow_mlp_imdb_oi9a9wz_.pt
Epoch 11/301 | train_loss=0.2234 train_acc=95.53% | val_loss=0.3392 val_acc=87.96% | lr=3.000000e-06
Saved new best model to /tmp/bow_mlp_imdb_oi9a9wz_.pt
Epoch 12/301 | train_loss=0.2065 train_acc=96.16% | val_loss=0.3267 val_acc=88.34% | lr=3.000000e-06
Saved new best model to /tmp/bow_mlp_imdb_oi9a9wz_.pt
Epoch 13/301 | train_loss=0.1927 train_acc=96.78% | val_loss=0.3213 val_acc=88.26% | lr=3.000000e-06
Epoch 14/301 | train_loss=0.1795 train_acc=97.22% | val_loss=0.3183 val_acc=88.26% | lr=3.000000e-06
Epoch 15/301 | train_loss=0.1676 train_acc=97.40% | val_loss=0.3053 val_acc=88.88% | lr=3.000000e-06
Saved new best model to /tmp/bow_mlp_imdb_oi9a9wz_.pt
Epoch 16/301 | train_loss=0.1555 train_acc=97.78% | val_loss=0.3010 val_acc=89.02% | lr=3.000000e-06
Saved new best model to /tmp/bow_mlp_imdb_oi9a9wz_.pt
Epoch 17/301 | train_loss=0.1458 train_acc=98.06% | val_loss=0.2971 val_acc=88.88% | lr=3.000000e-06
Epoch 18/301 | train_loss=0.1358 train_acc=98.33% | val_loss=0.2908 val_acc=89.18% | lr=3.000000e-06
Saved new best model to /tmp/bow_mlp_imdb_oi9a9wz_.pt
Epoch 19/301 | train_loss=0.1263 train_acc=98.61% | val_loss=0.2930 val_acc=88.68% | lr=3.000000e-06
Epoch 20/301 | train_loss=0.1190 train_acc=98.74% | val_loss=0.2842 val_acc=89.32% | lr=3.000000e-06
Saved new best model to /tmp/bow_mlp_imdb_oi9a9wz_.pt
Epoch 21/301 | train_loss=0.1113 train_acc=98.83% | val_loss=0.2816 val_acc=89.24% | lr=3.000000e-06
Epoch 22/301 | train_loss=0.1033 train_acc=99.00% | val_loss=0.2780 val_acc=89.36% | lr=3.000000e-06
Saved new best model to /tmp/bow_mlp_imdb_oi9a9wz_.pt
Epoch 23/301 | train_loss=0.0964 train_acc=99.13% | val_loss=0.2804 val_acc=89.28% | lr=3.000000e-06
Epoch 24/301 | train_loss=0.0911 train_acc=99.20% | val_loss=0.2752 val_acc=89.36% | lr=3.000000e-06
Epoch 25/301 | train_loss=0.0839 train_acc=99.41% | val_loss=0.2733 val_acc=89.44% | lr=3.000000e-06
Saved new best model to /tmp/bow_mlp_imdb_oi9a9wz_.pt
Epoch 26/301 | train_loss=0.0788 train_acc=99.45% | val_loss=0.2703 val_acc=89.52% | lr=3.000000e-06
Saved new best model to /tmp/bow_mlp_imdb_oi9a9wz_.pt
Epoch 27/301 | train_loss=0.0738 train_acc=99.44% | val_loss=0.2677 val_acc=89.58% | lr=3.000000e-06
Saved new best model to /tmp/bow_mlp_imdb_oi9a9wz_.pt
Epoch 28/301 | train_loss=0.0687 train_acc=99.57% | val_loss=0.2648 val_acc=89.58% | lr=3.000000e-06
Epoch 29/301 | train_loss=0.0643 train_acc=99.63% | val_loss=0.2695 val_acc=89.32% | lr=3.000000e-06
Epoch 30/301 | train_loss=0.0609 train_acc=99.66% | val_loss=0.2628 val_acc=89.44% | lr=3.000000e-06
Epoch 31/301 | train_loss=0.0560 train_acc=99.70% | val_loss=0.2635 val_acc=89.52% | lr=3.000000e-06
Epoch 32/301 | train_loss=0.0523 train_acc=99.76% | val_loss=0.2619 val_acc=89.66% | lr=3.000000e-06
Saved new best model to /tmp/bow_mlp_imdb_oi9a9wz_.pt
Epoch 33/301 | train_loss=0.0495 train_acc=99.76% | val_loss=0.2612 val_acc=89.44% | lr=3.000000e-06
Epoch 34/301 | train_loss=0.0460 train_acc=99.81% | val_loss=0.2604 val_acc=89.56% | lr=3.000000e-06
Epoch 35/301 | train_loss=0.0420 train_acc=99.86% | val_loss=0.2611 val_acc=89.12% | lr=3.000000e-06
Epoch 36/301 | train_loss=0.0396 train_acc=99.84% | val_loss=0.2607 val_acc=89.44% | lr=3.000000e-06
Epoch 37/301 | train_loss=0.0370 train_acc=99.89% | val_loss=0.2608 val_acc=89.34% | lr=3.000000e-06
Epoch 38/301 | train_loss=0.0345 train_acc=99.88% | val_loss=0.2629 val_acc=88.92% | lr=3.000000e-06
Epoch 39/301 | train_loss=0.0325 train_acc=99.91% | val_loss=0.2609 val_acc=89.22% | lr=3.000000e-06
Epoch 40/301 | train_loss=0.0304 train_acc=99.90% | val_loss=0.2604 val_acc=89.30% | lr=3.000000e-06
Epoch 41/301 | train_loss=0.0282 train_acc=99.89% | val_loss=0.2627 val_acc=88.90% | lr=3.000000e-06
Epoch 42/301 | train_loss=0.0264 train_acc=99.92% | val_loss=0.2669 val_acc=89.18% | lr=3.000000e-06
Epoch 43/301 | train_loss=0.0246 train_acc=99.95% | val_loss=0.2618 val_acc=89.34% | lr=3.000000e-06
Epoch 44/301 | train_loss=0.0229 train_acc=99.95% | val_loss=0.2683 val_acc=89.10% | lr=3.000000e-06
Epoch 45/301 | train_loss=0.0214 train_acc=99.95% | val_loss=0.2777 val_acc=88.52% | lr=3.000000e-06
Epoch 46/301 | train_loss=0.0199 train_acc=99.97% | val_loss=0.2643 val_acc=88.94% | lr=3.000000e-06
Epoch 47/301 | train_loss=0.0188 train_acc=99.97% | val_loss=0.2723 val_acc=88.70% | lr=3.000000e-06
Epoch 48/301 | train_loss=0.0180 train_acc=99.95% | val_loss=0.2666 val_acc=89.22% | lr=3.000000e-06
Validation loss has not improved for 8 epochs. Stopping training.
Test loss=0.2892 | Test accuracy=88.04%
