Loading IMDb dataset from local disk: /home/daniel/l/masteruppsats/np-reg/language/data/imdb_hf
Using device: cuda
BoW vocab size: 50000
Epoch 1/301 | train_loss=0.6902 train_acc=52.73% | val_loss=0.6847 val_acc=57.80% | lr=3.000000e-06
Saved new best model to /tmp/bow_mlp_imdb_1_o2ihun.pt
Epoch 2/301 | train_loss=0.6763 train_acc=65.05% | val_loss=0.6705 val_acc=68.90% | lr=3.000000e-06
Saved new best model to /tmp/bow_mlp_imdb_1_o2ihun.pt
Epoch 3/301 | train_loss=0.6584 train_acc=72.55% | val_loss=0.6521 val_acc=73.06% | lr=3.000000e-06
Saved new best model to /tmp/bow_mlp_imdb_1_o2ihun.pt
Epoch 4/301 | train_loss=0.6373 train_acc=75.88% | val_loss=0.6324 val_acc=76.02% | lr=3.000000e-06
Saved new best model to /tmp/bow_mlp_imdb_1_o2ihun.pt
Epoch 5/301 | train_loss=0.6159 train_acc=78.51% | val_loss=0.6134 val_acc=78.32% | lr=3.000000e-06
Saved new best model to /tmp/bow_mlp_imdb_1_o2ihun.pt
Epoch 6/301 | train_loss=0.5955 train_acc=80.64% | val_loss=0.5956 val_acc=79.80% | lr=3.000000e-06
Saved new best model to /tmp/bow_mlp_imdb_1_o2ihun.pt
Epoch 7/301 | train_loss=0.5760 train_acc=82.34% | val_loss=0.5788 val_acc=80.84% | lr=3.000000e-06
Saved new best model to /tmp/bow_mlp_imdb_1_o2ihun.pt
Epoch 8/301 | train_loss=0.5572 train_acc=83.44% | val_loss=0.5624 val_acc=82.02% | lr=3.000000e-06
Saved new best model to /tmp/bow_mlp_imdb_1_o2ihun.pt
Epoch 9/301 | train_loss=0.5392 train_acc=84.52% | val_loss=0.5473 val_acc=82.76% | lr=3.000000e-06
Saved new best model to /tmp/bow_mlp_imdb_1_o2ihun.pt
Epoch 10/301 | train_loss=0.5224 train_acc=85.52% | val_loss=0.5330 val_acc=83.76% | lr=3.000000e-06
Saved new best model to /tmp/bow_mlp_imdb_1_o2ihun.pt
Epoch 11/301 | train_loss=0.5065 train_acc=86.14% | val_loss=0.5201 val_acc=84.00% | lr=3.000000e-06
Saved new best model to /tmp/bow_mlp_imdb_1_o2ihun.pt
Epoch 12/301 | train_loss=0.4917 train_acc=86.72% | val_loss=0.5075 val_acc=84.56% | lr=3.000000e-06
Saved new best model to /tmp/bow_mlp_imdb_1_o2ihun.pt
Epoch 13/301 | train_loss=0.4777 train_acc=87.24% | val_loss=0.4960 val_acc=85.16% | lr=3.000000e-06
Saved new best model to /tmp/bow_mlp_imdb_1_o2ihun.pt
Epoch 14/301 | train_loss=0.4647 train_acc=87.74% | val_loss=0.4854 val_acc=85.34% | lr=3.000000e-06
Saved new best model to /tmp/bow_mlp_imdb_1_o2ihun.pt
Epoch 15/301 | train_loss=0.4523 train_acc=88.19% | val_loss=0.4753 val_acc=85.74% | lr=3.000000e-06
Saved new best model to /tmp/bow_mlp_imdb_1_o2ihun.pt
Epoch 16/301 | train_loss=0.4405 train_acc=88.50% | val_loss=0.4658 val_acc=86.04% | lr=3.000000e-06
Saved new best model to /tmp/bow_mlp_imdb_1_o2ihun.pt
Epoch 17/301 | train_loss=0.4294 train_acc=88.81% | val_loss=0.4567 val_acc=86.20% | lr=3.000000e-06
Saved new best model to /tmp/bow_mlp_imdb_1_o2ihun.pt
Epoch 18/301 | train_loss=0.4187 train_acc=89.12% | val_loss=0.4483 val_acc=86.34% | lr=3.000000e-06
Saved new best model to /tmp/bow_mlp_imdb_1_o2ihun.pt
Epoch 19/301 | train_loss=0.4086 train_acc=89.42% | val_loss=0.4403 val_acc=86.58% | lr=3.000000e-06
Saved new best model to /tmp/bow_mlp_imdb_1_o2ihun.pt
Epoch 20/301 | train_loss=0.3989 train_acc=89.81% | val_loss=0.4328 val_acc=86.62% | lr=3.000000e-06
Saved new best model to /tmp/bow_mlp_imdb_1_o2ihun.pt
Epoch 21/301 | train_loss=0.3897 train_acc=89.98% | val_loss=0.4254 val_acc=86.96% | lr=3.000000e-06
Saved new best model to /tmp/bow_mlp_imdb_1_o2ihun.pt
Epoch 22/301 | train_loss=0.3808 train_acc=90.25% | val_loss=0.4186 val_acc=87.08% | lr=3.000000e-06
Saved new best model to /tmp/bow_mlp_imdb_1_o2ihun.pt
Epoch 23/301 | train_loss=0.3723 train_acc=90.50% | val_loss=0.4120 val_acc=87.22% | lr=3.000000e-06
Saved new best model to /tmp/bow_mlp_imdb_1_o2ihun.pt
Epoch 24/301 | train_loss=0.3641 train_acc=90.70% | val_loss=0.4058 val_acc=87.26% | lr=3.000000e-06
Saved new best model to /tmp/bow_mlp_imdb_1_o2ihun.pt
Epoch 25/301 | train_loss=0.3563 train_acc=90.92% | val_loss=0.3999 val_acc=87.22% | lr=3.000000e-06
Epoch 26/301 | train_loss=0.3487 train_acc=91.12% | val_loss=0.3943 val_acc=87.50% | lr=3.000000e-06
Saved new best model to /tmp/bow_mlp_imdb_1_o2ihun.pt
Epoch 27/301 | train_loss=0.3415 train_acc=91.28% | val_loss=0.3888 val_acc=87.48% | lr=3.000000e-06
Epoch 28/301 | train_loss=0.3344 train_acc=91.51% | val_loss=0.3837 val_acc=87.50% | lr=3.000000e-06
Epoch 29/301 | train_loss=0.3277 train_acc=91.69% | val_loss=0.3788 val_acc=87.60% | lr=3.000000e-06
Saved new best model to /tmp/bow_mlp_imdb_1_o2ihun.pt
Epoch 30/301 | train_loss=0.3211 train_acc=91.89% | val_loss=0.3742 val_acc=87.90% | lr=3.000000e-06
Saved new best model to /tmp/bow_mlp_imdb_1_o2ihun.pt
Epoch 31/301 | train_loss=0.3148 train_acc=92.03% | val_loss=0.3696 val_acc=87.84% | lr=3.000000e-06
Epoch 32/301 | train_loss=0.3087 train_acc=92.22% | val_loss=0.3654 val_acc=87.96% | lr=3.000000e-06
Saved new best model to /tmp/bow_mlp_imdb_1_o2ihun.pt
Epoch 33/301 | train_loss=0.3027 train_acc=92.36% | val_loss=0.3612 val_acc=88.02% | lr=3.000000e-06
Saved new best model to /tmp/bow_mlp_imdb_1_o2ihun.pt
Epoch 34/301 | train_loss=0.2970 train_acc=92.52% | val_loss=0.3572 val_acc=88.10% | lr=3.000000e-06
Saved new best model to /tmp/bow_mlp_imdb_1_o2ihun.pt
Epoch 35/301 | train_loss=0.2915 train_acc=92.62% | val_loss=0.3535 val_acc=88.16% | lr=3.000000e-06
Saved new best model to /tmp/bow_mlp_imdb_1_o2ihun.pt
Epoch 36/301 | train_loss=0.2860 train_acc=92.80% | val_loss=0.3498 val_acc=88.24% | lr=3.000000e-06
Saved new best model to /tmp/bow_mlp_imdb_1_o2ihun.pt
Epoch 37/301 | train_loss=0.2808 train_acc=92.92% | val_loss=0.3462 val_acc=88.24% | lr=3.000000e-06
Epoch 38/301 | train_loss=0.2757 train_acc=93.09% | val_loss=0.3430 val_acc=88.36% | lr=3.000000e-06
Saved new best model to /tmp/bow_mlp_imdb_1_o2ihun.pt
Epoch 39/301 | train_loss=0.2708 train_acc=93.19% | val_loss=0.3397 val_acc=88.42% | lr=3.000000e-06
Saved new best model to /tmp/bow_mlp_imdb_1_o2ihun.pt
Epoch 40/301 | train_loss=0.2659 train_acc=93.36% | val_loss=0.3366 val_acc=88.50% | lr=3.000000e-06
Saved new best model to /tmp/bow_mlp_imdb_1_o2ihun.pt
Epoch 41/301 | train_loss=0.2612 train_acc=93.49% | val_loss=0.3335 val_acc=88.58% | lr=3.000000e-06
Saved new best model to /tmp/bow_mlp_imdb_1_o2ihun.pt
Epoch 42/301 | train_loss=0.2567 train_acc=93.57% | val_loss=0.3307 val_acc=88.54% | lr=3.000000e-06
Epoch 43/301 | train_loss=0.2522 train_acc=93.69% | val_loss=0.3279 val_acc=88.64% | lr=3.000000e-06
Saved new best model to /tmp/bow_mlp_imdb_1_o2ihun.pt
Epoch 44/301 | train_loss=0.2478 train_acc=93.77% | val_loss=0.3253 val_acc=88.78% | lr=3.000000e-06
Saved new best model to /tmp/bow_mlp_imdb_1_o2ihun.pt
Epoch 45/301 | train_loss=0.2436 train_acc=93.91% | val_loss=0.3227 val_acc=88.92% | lr=3.000000e-06
Saved new best model to /tmp/bow_mlp_imdb_1_o2ihun.pt
Epoch 46/301 | train_loss=0.2395 train_acc=94.00% | val_loss=0.3202 val_acc=88.96% | lr=3.000000e-06
Saved new best model to /tmp/bow_mlp_imdb_1_o2ihun.pt
Epoch 47/301 | train_loss=0.2354 train_acc=94.16% | val_loss=0.3178 val_acc=89.04% | lr=3.000000e-06
Saved new best model to /tmp/bow_mlp_imdb_1_o2ihun.pt
Epoch 48/301 | train_loss=0.2315 train_acc=94.25% | val_loss=0.3155 val_acc=89.04% | lr=3.000000e-06
Epoch 49/301 | train_loss=0.2276 train_acc=94.41% | val_loss=0.3134 val_acc=89.08% | lr=3.000000e-06
Saved new best model to /tmp/bow_mlp_imdb_1_o2ihun.pt
Epoch 50/301 | train_loss=0.2239 train_acc=94.59% | val_loss=0.3111 val_acc=89.16% | lr=3.000000e-06
Saved new best model to /tmp/bow_mlp_imdb_1_o2ihun.pt
Epoch 51/301 | train_loss=0.2202 train_acc=94.64% | val_loss=0.3091 val_acc=89.22% | lr=3.000000e-06
Saved new best model to /tmp/bow_mlp_imdb_1_o2ihun.pt
Epoch 52/301 | train_loss=0.2166 train_acc=94.78% | val_loss=0.3071 val_acc=89.20% | lr=3.000000e-06
Epoch 53/301 | train_loss=0.2130 train_acc=94.87% | val_loss=0.3051 val_acc=89.28% | lr=3.000000e-06
Saved new best model to /tmp/bow_mlp_imdb_1_o2ihun.pt
Epoch 54/301 | train_loss=0.2096 train_acc=94.95% | val_loss=0.3035 val_acc=89.36% | lr=3.000000e-06
Saved new best model to /tmp/bow_mlp_imdb_1_o2ihun.pt
Epoch 55/301 | train_loss=0.2062 train_acc=95.04% | val_loss=0.3015 val_acc=89.42% | lr=3.000000e-06
Saved new best model to /tmp/bow_mlp_imdb_1_o2ihun.pt
Epoch 56/301 | train_loss=0.2029 train_acc=95.11% | val_loss=0.2997 val_acc=89.30% | lr=3.000000e-06
Epoch 57/301 | train_loss=0.1996 train_acc=95.27% | val_loss=0.2980 val_acc=89.32% | lr=3.000000e-06
Epoch 58/301 | train_loss=0.1964 train_acc=95.36% | val_loss=0.2965 val_acc=89.50% | lr=3.000000e-06
Saved new best model to /tmp/bow_mlp_imdb_1_o2ihun.pt
Epoch 59/301 | train_loss=0.1933 train_acc=95.46% | val_loss=0.2951 val_acc=89.56% | lr=3.000000e-06
Saved new best model to /tmp/bow_mlp_imdb_1_o2ihun.pt
Epoch 60/301 | train_loss=0.1902 train_acc=95.47% | val_loss=0.2933 val_acc=89.46% | lr=3.000000e-06
Epoch 61/301 | train_loss=0.1871 train_acc=95.58% | val_loss=0.2918 val_acc=89.46% | lr=3.000000e-06
Epoch 62/301 | train_loss=0.1842 train_acc=95.67% | val_loss=0.2905 val_acc=89.56% | lr=3.000000e-06
Epoch 63/301 | train_loss=0.1813 train_acc=95.71% | val_loss=0.2891 val_acc=89.58% | lr=3.000000e-06
Saved new best model to /tmp/bow_mlp_imdb_1_o2ihun.pt
Epoch 64/301 | train_loss=0.1784 train_acc=95.79% | val_loss=0.2878 val_acc=89.56% | lr=3.000000e-06
Epoch 65/301 | train_loss=0.1756 train_acc=95.89% | val_loss=0.2864 val_acc=89.56% | lr=3.000000e-06
Epoch 66/301 | train_loss=0.1728 train_acc=95.96% | val_loss=0.2853 val_acc=89.64% | lr=3.000000e-06
Saved new best model to /tmp/bow_mlp_imdb_1_o2ihun.pt
Epoch 67/301 | train_loss=0.1701 train_acc=96.06% | val_loss=0.2839 val_acc=89.44% | lr=3.000000e-06
Epoch 68/301 | train_loss=0.1675 train_acc=96.14% | val_loss=0.2828 val_acc=89.46% | lr=3.000000e-06
Epoch 69/301 | train_loss=0.1648 train_acc=96.21% | val_loss=0.2818 val_acc=89.66% | lr=3.000000e-06
Saved new best model to /tmp/bow_mlp_imdb_1_o2ihun.pt
Epoch 70/301 | train_loss=0.1622 train_acc=96.28% | val_loss=0.2805 val_acc=89.52% | lr=3.000000e-06
Epoch 71/301 | train_loss=0.1597 train_acc=96.41% | val_loss=0.2795 val_acc=89.56% | lr=3.000000e-06
Epoch 72/301 | train_loss=0.1572 train_acc=96.45% | val_loss=0.2785 val_acc=89.62% | lr=3.000000e-06
Epoch 73/301 | train_loss=0.1547 train_acc=96.55% | val_loss=0.2774 val_acc=89.64% | lr=3.000000e-06
Epoch 74/301 | train_loss=0.1523 train_acc=96.62% | val_loss=0.2765 val_acc=89.68% | lr=3.000000e-06
Saved new best model to /tmp/bow_mlp_imdb_1_o2ihun.pt
Epoch 75/301 | train_loss=0.1500 train_acc=96.69% | val_loss=0.2756 val_acc=89.74% | lr=3.000000e-06
Saved new best model to /tmp/bow_mlp_imdb_1_o2ihun.pt
Epoch 76/301 | train_loss=0.1476 train_acc=96.79% | val_loss=0.2747 val_acc=89.80% | lr=3.000000e-06
Saved new best model to /tmp/bow_mlp_imdb_1_o2ihun.pt
Epoch 77/301 | train_loss=0.1453 train_acc=96.84% | val_loss=0.2739 val_acc=89.74% | lr=3.000000e-06
Epoch 78/301 | train_loss=0.1430 train_acc=96.91% | val_loss=0.2732 val_acc=89.84% | lr=3.000000e-06
Saved new best model to /tmp/bow_mlp_imdb_1_o2ihun.pt
Epoch 79/301 | train_loss=0.1408 train_acc=96.96% | val_loss=0.2722 val_acc=89.74% | lr=3.000000e-06
Epoch 80/301 | train_loss=0.1386 train_acc=97.02% | val_loss=0.2715 val_acc=89.80% | lr=3.000000e-06
Epoch 81/301 | train_loss=0.1365 train_acc=97.08% | val_loss=0.2707 val_acc=89.78% | lr=3.000000e-06
Epoch 82/301 | train_loss=0.1344 train_acc=97.09% | val_loss=0.2700 val_acc=89.78% | lr=3.000000e-06
Epoch 83/301 | train_loss=0.1323 train_acc=97.16% | val_loss=0.2695 val_acc=89.94% | lr=3.000000e-06
Saved new best model to /tmp/bow_mlp_imdb_1_o2ihun.pt
Epoch 84/301 | train_loss=0.1302 train_acc=97.22% | val_loss=0.2687 val_acc=89.80% | lr=3.000000e-06
Epoch 85/301 | train_loss=0.1282 train_acc=97.27% | val_loss=0.2681 val_acc=89.70% | lr=3.000000e-06
Epoch 86/301 | train_loss=0.1262 train_acc=97.28% | val_loss=0.2676 val_acc=89.90% | lr=3.000000e-06
Epoch 87/301 | train_loss=0.1243 train_acc=97.36% | val_loss=0.2670 val_acc=89.90% | lr=3.000000e-06
Epoch 88/301 | train_loss=0.1223 train_acc=97.44% | val_loss=0.2663 val_acc=89.92% | lr=3.000000e-06
Epoch 89/301 | train_loss=0.1204 train_acc=97.47% | val_loss=0.2658 val_acc=89.84% | lr=3.000000e-06
Epoch 90/301 | train_loss=0.1186 train_acc=97.54% | val_loss=0.2653 val_acc=89.92% | lr=3.000000e-06
Epoch 91/301 | train_loss=0.1167 train_acc=97.60% | val_loss=0.2649 val_acc=89.92% | lr=3.000000e-06
Epoch 92/301 | train_loss=0.1149 train_acc=97.64% | val_loss=0.2645 val_acc=89.92% | lr=3.000000e-06
Epoch 93/301 | train_loss=0.1131 train_acc=97.69% | val_loss=0.2640 val_acc=89.88% | lr=3.000000e-06
Epoch 94/301 | train_loss=0.1113 train_acc=97.76% | val_loss=0.2635 val_acc=89.90% | lr=3.000000e-06
Epoch 95/301 | train_loss=0.1096 train_acc=97.82% | val_loss=0.2631 val_acc=89.96% | lr=3.000000e-06
Saved new best model to /tmp/bow_mlp_imdb_1_o2ihun.pt
Epoch 96/301 | train_loss=0.1079 train_acc=97.90% | val_loss=0.2628 val_acc=89.98% | lr=3.000000e-06
Saved new best model to /tmp/bow_mlp_imdb_1_o2ihun.pt
Epoch 97/301 | train_loss=0.1062 train_acc=97.95% | val_loss=0.2628 val_acc=89.96% | lr=3.000000e-06
Epoch 98/301 | train_loss=0.1046 train_acc=97.96% | val_loss=0.2621 val_acc=89.98% | lr=3.000000e-06
Epoch 99/301 | train_loss=0.1029 train_acc=98.02% | val_loss=0.2617 val_acc=90.00% | lr=3.000000e-06
Saved new best model to /tmp/bow_mlp_imdb_1_o2ihun.pt
Epoch 100/301 | train_loss=0.1013 train_acc=98.05% | val_loss=0.2615 val_acc=90.06% | lr=3.000000e-06
Saved new best model to /tmp/bow_mlp_imdb_1_o2ihun.pt
Epoch 101/301 | train_loss=0.0997 train_acc=98.07% | val_loss=0.2612 val_acc=90.04% | lr=3.000000e-06
Epoch 102/301 | train_loss=0.0981 train_acc=98.12% | val_loss=0.2610 val_acc=90.02% | lr=3.000000e-06
Epoch 103/301 | train_loss=0.0966 train_acc=98.18% | val_loss=0.2607 val_acc=90.00% | lr=3.000000e-06
Epoch 104/301 | train_loss=0.0951 train_acc=98.23% | val_loss=0.2606 val_acc=89.98% | lr=3.000000e-06
Epoch 105/301 | train_loss=0.0936 train_acc=98.27% | val_loss=0.2604 val_acc=90.00% | lr=3.000000e-06
Epoch 106/301 | train_loss=0.0921 train_acc=98.32% | val_loss=0.2601 val_acc=90.00% | lr=3.000000e-06
Epoch 107/301 | train_loss=0.0907 train_acc=98.37% | val_loss=0.2599 val_acc=90.06% | lr=3.000000e-06
Epoch 108/301 | train_loss=0.0892 train_acc=98.40% | val_loss=0.2601 val_acc=90.00% | lr=3.000000e-06
Epoch 109/301 | train_loss=0.0878 train_acc=98.47% | val_loss=0.2598 val_acc=90.02% | lr=3.000000e-06
Epoch 110/301 | train_loss=0.0864 train_acc=98.50% | val_loss=0.2596 val_acc=90.06% | lr=3.000000e-06
Epoch 111/301 | train_loss=0.0851 train_acc=98.54% | val_loss=0.2595 val_acc=90.04% | lr=3.000000e-06
Epoch 112/301 | train_loss=0.0837 train_acc=98.58% | val_loss=0.2596 val_acc=90.02% | lr=3.000000e-06
Epoch 113/301 | train_loss=0.0824 train_acc=98.59% | val_loss=0.2597 val_acc=90.02% | lr=3.000000e-06
Epoch 114/301 | train_loss=0.0811 train_acc=98.63% | val_loss=0.2594 val_acc=90.06% | lr=3.000000e-06
Epoch 115/301 | train_loss=0.0798 train_acc=98.68% | val_loss=0.2594 val_acc=90.06% | lr=3.000000e-06
Epoch 116/301 | train_loss=0.0785 train_acc=98.69% | val_loss=0.2596 val_acc=90.04% | lr=3.000000e-06
Epoch 117/301 | train_loss=0.0772 train_acc=98.73% | val_loss=0.2594 val_acc=90.06% | lr=3.000000e-06
Epoch 118/301 | train_loss=0.0760 train_acc=98.74% | val_loss=0.2595 val_acc=90.06% | lr=3.000000e-06
Epoch 119/301 | train_loss=0.0748 train_acc=98.79% | val_loss=0.2596 val_acc=90.12% | lr=3.000000e-06
Saved new best model to /tmp/bow_mlp_imdb_1_o2ihun.pt
Epoch 120/301 | train_loss=0.0736 train_acc=98.79% | val_loss=0.2595 val_acc=90.08% | lr=3.000000e-06
Epoch 121/301 | train_loss=0.0724 train_acc=98.86% | val_loss=0.2595 val_acc=90.08% | lr=3.000000e-06
Epoch 122/301 | train_loss=0.0712 train_acc=98.88% | val_loss=0.2597 val_acc=90.10% | lr=3.000000e-06
Validation loss has not improved for 8 epochs. Stopping training.
Test loss=0.2991 | Test accuracy=88.38%
