Loading IMDb dataset from local disk: /home/daniel/l/masteruppsats/np-reg/language/data/imdb_hf
Using device: cuda
BoW vocab size: 50000
W0422 04:00:38.926000 2496402 site-packages/torch/_inductor/utils.py:1679] [0/0] Not enough SMs to use max_autotune_gemm mode
Epoch 1/301 | train_loss=0.6912 train_acc=52.09% | val_loss=0.6862 val_acc=56.34% | lr=3.000000e-06
Saved new best model to /tmp/bow_mlp_imdb_p6nssk1d.pt
Epoch 2/301 | train_loss=0.6795 train_acc=62.20% | val_loss=0.6746 val_acc=67.08% | lr=3.000000e-06
Saved new best model to /tmp/bow_mlp_imdb_p6nssk1d.pt
Epoch 3/301 | train_loss=0.6647 train_acc=70.44% | val_loss=0.6597 val_acc=71.94% | lr=3.000000e-06
Saved new best model to /tmp/bow_mlp_imdb_p6nssk1d.pt
Epoch 4/301 | train_loss=0.6474 train_acc=73.73% | val_loss=0.6427 val_acc=74.54% | lr=3.000000e-06
Saved new best model to /tmp/bow_mlp_imdb_p6nssk1d.pt
Epoch 5/301 | train_loss=0.6288 train_acc=76.42% | val_loss=0.6256 val_acc=77.08% | lr=3.000000e-06
Saved new best model to /tmp/bow_mlp_imdb_p6nssk1d.pt
Epoch 6/301 | train_loss=0.6106 train_acc=78.57% | val_loss=0.6094 val_acc=78.30% | lr=3.000000e-06
Saved new best model to /tmp/bow_mlp_imdb_p6nssk1d.pt
Epoch 7/301 | train_loss=0.5924 train_acc=80.48% | val_loss=0.5940 val_acc=79.74% | lr=3.000000e-06
Saved new best model to /tmp/bow_mlp_imdb_p6nssk1d.pt
Epoch 8/301 | train_loss=0.5760 train_acc=81.81% | val_loss=0.5793 val_acc=80.96% | lr=3.000000e-06
Saved new best model to /tmp/bow_mlp_imdb_p6nssk1d.pt
Epoch 9/301 | train_loss=0.5600 train_acc=82.85% | val_loss=0.5652 val_acc=81.86% | lr=3.000000e-06
Saved new best model to /tmp/bow_mlp_imdb_p6nssk1d.pt
Epoch 10/301 | train_loss=0.5445 train_acc=83.85% | val_loss=0.5515 val_acc=82.68% | lr=3.000000e-06
Saved new best model to /tmp/bow_mlp_imdb_p6nssk1d.pt
Epoch 11/301 | train_loss=0.5293 train_acc=84.84% | val_loss=0.5389 val_acc=83.20% | lr=3.000000e-06
Saved new best model to /tmp/bow_mlp_imdb_p6nssk1d.pt
Epoch 12/301 | train_loss=0.5154 train_acc=85.44% | val_loss=0.5265 val_acc=83.90% | lr=3.000000e-06
Saved new best model to /tmp/bow_mlp_imdb_p6nssk1d.pt
Epoch 13/301 | train_loss=0.5017 train_acc=85.84% | val_loss=0.5153 val_acc=84.20% | lr=3.000000e-06
Saved new best model to /tmp/bow_mlp_imdb_p6nssk1d.pt
Epoch 14/301 | train_loss=0.4893 train_acc=86.50% | val_loss=0.5047 val_acc=84.52% | lr=3.000000e-06
Saved new best model to /tmp/bow_mlp_imdb_p6nssk1d.pt
Epoch 15/301 | train_loss=0.4768 train_acc=86.99% | val_loss=0.4946 val_acc=84.96% | lr=3.000000e-06
Saved new best model to /tmp/bow_mlp_imdb_p6nssk1d.pt
Epoch 16/301 | train_loss=0.4663 train_acc=87.41% | val_loss=0.4853 val_acc=85.38% | lr=3.000000e-06
Saved new best model to /tmp/bow_mlp_imdb_p6nssk1d.pt
Epoch 17/301 | train_loss=0.4553 train_acc=87.76% | val_loss=0.4763 val_acc=85.80% | lr=3.000000e-06
Saved new best model to /tmp/bow_mlp_imdb_p6nssk1d.pt
Epoch 18/301 | train_loss=0.4449 train_acc=87.98% | val_loss=0.4678 val_acc=86.00% | lr=3.000000e-06
Saved new best model to /tmp/bow_mlp_imdb_p6nssk1d.pt
Epoch 19/301 | train_loss=0.4353 train_acc=88.37% | val_loss=0.4597 val_acc=86.16% | lr=3.000000e-06
Saved new best model to /tmp/bow_mlp_imdb_p6nssk1d.pt
Epoch 20/301 | train_loss=0.4263 train_acc=88.56% | val_loss=0.4521 val_acc=86.30% | lr=3.000000e-06
Saved new best model to /tmp/bow_mlp_imdb_p6nssk1d.pt
Epoch 21/301 | train_loss=0.4167 train_acc=88.87% | val_loss=0.4447 val_acc=86.42% | lr=3.000000e-06
Saved new best model to /tmp/bow_mlp_imdb_p6nssk1d.pt
Epoch 22/301 | train_loss=0.4080 train_acc=89.13% | val_loss=0.4378 val_acc=86.64% | lr=3.000000e-06
Saved new best model to /tmp/bow_mlp_imdb_p6nssk1d.pt
Epoch 23/301 | train_loss=0.4001 train_acc=89.24% | val_loss=0.4311 val_acc=86.78% | lr=3.000000e-06
Saved new best model to /tmp/bow_mlp_imdb_p6nssk1d.pt
Epoch 24/301 | train_loss=0.3912 train_acc=89.54% | val_loss=0.4248 val_acc=86.86% | lr=3.000000e-06
Saved new best model to /tmp/bow_mlp_imdb_p6nssk1d.pt
Epoch 25/301 | train_loss=0.3835 train_acc=89.81% | val_loss=0.4187 val_acc=87.02% | lr=3.000000e-06
Saved new best model to /tmp/bow_mlp_imdb_p6nssk1d.pt
Epoch 26/301 | train_loss=0.3760 train_acc=90.02% | val_loss=0.4129 val_acc=87.12% | lr=3.000000e-06
Saved new best model to /tmp/bow_mlp_imdb_p6nssk1d.pt
Epoch 27/301 | train_loss=0.3689 train_acc=90.28% | val_loss=0.4073 val_acc=87.08% | lr=3.000000e-06
Epoch 28/301 | train_loss=0.3617 train_acc=90.38% | val_loss=0.4020 val_acc=87.18% | lr=3.000000e-06
Saved new best model to /tmp/bow_mlp_imdb_p6nssk1d.pt
Epoch 29/301 | train_loss=0.3559 train_acc=90.42% | val_loss=0.3969 val_acc=87.38% | lr=3.000000e-06
Saved new best model to /tmp/bow_mlp_imdb_p6nssk1d.pt
Epoch 30/301 | train_loss=0.3495 train_acc=90.55% | val_loss=0.3921 val_acc=87.60% | lr=3.000000e-06
Saved new best model to /tmp/bow_mlp_imdb_p6nssk1d.pt
Epoch 31/301 | train_loss=0.3424 train_acc=90.91% | val_loss=0.3873 val_acc=87.54% | lr=3.000000e-06
Epoch 32/301 | train_loss=0.3364 train_acc=91.11% | val_loss=0.3829 val_acc=87.62% | lr=3.000000e-06
Saved new best model to /tmp/bow_mlp_imdb_p6nssk1d.pt
Epoch 33/301 | train_loss=0.3310 train_acc=91.21% | val_loss=0.3786 val_acc=87.70% | lr=3.000000e-06
Saved new best model to /tmp/bow_mlp_imdb_p6nssk1d.pt
Epoch 34/301 | train_loss=0.3248 train_acc=91.39% | val_loss=0.3744 val_acc=87.78% | lr=3.000000e-06
Saved new best model to /tmp/bow_mlp_imdb_p6nssk1d.pt
Epoch 35/301 | train_loss=0.3191 train_acc=91.50% | val_loss=0.3704 val_acc=87.88% | lr=3.000000e-06
Saved new best model to /tmp/bow_mlp_imdb_p6nssk1d.pt
Epoch 36/301 | train_loss=0.3136 train_acc=91.64% | val_loss=0.3665 val_acc=87.96% | lr=3.000000e-06
Saved new best model to /tmp/bow_mlp_imdb_p6nssk1d.pt
Epoch 37/301 | train_loss=0.3092 train_acc=91.86% | val_loss=0.3628 val_acc=87.88% | lr=3.000000e-06
Epoch 38/301 | train_loss=0.3039 train_acc=91.90% | val_loss=0.3592 val_acc=87.98% | lr=3.000000e-06
Saved new best model to /tmp/bow_mlp_imdb_p6nssk1d.pt
Epoch 39/301 | train_loss=0.2982 train_acc=92.25% | val_loss=0.3558 val_acc=88.00% | lr=3.000000e-06
Saved new best model to /tmp/bow_mlp_imdb_p6nssk1d.pt
Epoch 40/301 | train_loss=0.2943 train_acc=92.27% | val_loss=0.3525 val_acc=88.12% | lr=3.000000e-06
Saved new best model to /tmp/bow_mlp_imdb_p6nssk1d.pt
Epoch 41/301 | train_loss=0.2894 train_acc=92.34% | val_loss=0.3493 val_acc=88.12% | lr=3.000000e-06
Epoch 42/301 | train_loss=0.2851 train_acc=92.38% | val_loss=0.3462 val_acc=88.22% | lr=3.000000e-06
Saved new best model to /tmp/bow_mlp_imdb_p6nssk1d.pt
Epoch 43/301 | train_loss=0.2805 train_acc=92.53% | val_loss=0.3433 val_acc=88.28% | lr=3.000000e-06
Saved new best model to /tmp/bow_mlp_imdb_p6nssk1d.pt
Epoch 44/301 | train_loss=0.2767 train_acc=92.75% | val_loss=0.3405 val_acc=88.32% | lr=3.000000e-06
Saved new best model to /tmp/bow_mlp_imdb_p6nssk1d.pt
Epoch 45/301 | train_loss=0.2721 train_acc=92.77% | val_loss=0.3377 val_acc=88.38% | lr=3.000000e-06
Saved new best model to /tmp/bow_mlp_imdb_p6nssk1d.pt
Epoch 46/301 | train_loss=0.2674 train_acc=93.03% | val_loss=0.3349 val_acc=88.62% | lr=3.000000e-06
Saved new best model to /tmp/bow_mlp_imdb_p6nssk1d.pt
Epoch 47/301 | train_loss=0.2636 train_acc=93.07% | val_loss=0.3324 val_acc=88.66% | lr=3.000000e-06
Saved new best model to /tmp/bow_mlp_imdb_p6nssk1d.pt
Epoch 48/301 | train_loss=0.2603 train_acc=93.11% | val_loss=0.3299 val_acc=88.76% | lr=3.000000e-06
Saved new best model to /tmp/bow_mlp_imdb_p6nssk1d.pt
Epoch 49/301 | train_loss=0.2564 train_acc=93.24% | val_loss=0.3276 val_acc=88.78% | lr=3.000000e-06
Saved new best model to /tmp/bow_mlp_imdb_p6nssk1d.pt
Epoch 50/301 | train_loss=0.2517 train_acc=93.51% | val_loss=0.3251 val_acc=88.80% | lr=3.000000e-06
Saved new best model to /tmp/bow_mlp_imdb_p6nssk1d.pt
Epoch 51/301 | train_loss=0.2484 train_acc=93.53% | val_loss=0.3229 val_acc=88.88% | lr=3.000000e-06
Saved new best model to /tmp/bow_mlp_imdb_p6nssk1d.pt
Epoch 52/301 | train_loss=0.2447 train_acc=93.59% | val_loss=0.3208 val_acc=88.90% | lr=3.000000e-06
Saved new best model to /tmp/bow_mlp_imdb_p6nssk1d.pt
Epoch 53/301 | train_loss=0.2414 train_acc=93.82% | val_loss=0.3186 val_acc=89.02% | lr=3.000000e-06
Saved new best model to /tmp/bow_mlp_imdb_p6nssk1d.pt
Epoch 54/301 | train_loss=0.2379 train_acc=93.94% | val_loss=0.3167 val_acc=89.08% | lr=3.000000e-06
Saved new best model to /tmp/bow_mlp_imdb_p6nssk1d.pt
Epoch 55/301 | train_loss=0.2342 train_acc=94.01% | val_loss=0.3146 val_acc=89.16% | lr=3.000000e-06
Saved new best model to /tmp/bow_mlp_imdb_p6nssk1d.pt
Epoch 56/301 | train_loss=0.2309 train_acc=94.08% | val_loss=0.3126 val_acc=89.08% | lr=3.000000e-06
Epoch 57/301 | train_loss=0.2275 train_acc=94.16% | val_loss=0.3107 val_acc=89.10% | lr=3.000000e-06
Epoch 58/301 | train_loss=0.2239 train_acc=94.20% | val_loss=0.3091 val_acc=89.16% | lr=3.000000e-06
Epoch 59/301 | train_loss=0.2216 train_acc=94.38% | val_loss=0.3074 val_acc=89.20% | lr=3.000000e-06
Saved new best model to /tmp/bow_mlp_imdb_p6nssk1d.pt
Epoch 60/301 | train_loss=0.2183 train_acc=94.50% | val_loss=0.3055 val_acc=89.14% | lr=3.000000e-06
Epoch 61/301 | train_loss=0.2149 train_acc=94.62% | val_loss=0.3038 val_acc=89.24% | lr=3.000000e-06
Saved new best model to /tmp/bow_mlp_imdb_p6nssk1d.pt
Epoch 62/301 | train_loss=0.2128 train_acc=94.50% | val_loss=0.3023 val_acc=89.18% | lr=3.000000e-06
Epoch 63/301 | train_loss=0.2096 train_acc=94.75% | val_loss=0.3006 val_acc=89.30% | lr=3.000000e-06
Saved new best model to /tmp/bow_mlp_imdb_p6nssk1d.pt
Epoch 64/301 | train_loss=0.2062 train_acc=94.87% | val_loss=0.2992 val_acc=89.30% | lr=3.000000e-06
Epoch 65/301 | train_loss=0.2037 train_acc=94.93% | val_loss=0.2977 val_acc=89.34% | lr=3.000000e-06
Saved new best model to /tmp/bow_mlp_imdb_p6nssk1d.pt
Epoch 66/301 | train_loss=0.2002 train_acc=95.05% | val_loss=0.2963 val_acc=89.40% | lr=3.000000e-06
Saved new best model to /tmp/bow_mlp_imdb_p6nssk1d.pt
Epoch 67/301 | train_loss=0.1976 train_acc=95.06% | val_loss=0.2948 val_acc=89.44% | lr=3.000000e-06
Saved new best model to /tmp/bow_mlp_imdb_p6nssk1d.pt
Epoch 68/301 | train_loss=0.1943 train_acc=95.14% | val_loss=0.2934 val_acc=89.46% | lr=3.000000e-06
Saved new best model to /tmp/bow_mlp_imdb_p6nssk1d.pt
Epoch 69/301 | train_loss=0.1930 train_acc=95.12% | val_loss=0.2923 val_acc=89.58% | lr=3.000000e-06
Saved new best model to /tmp/bow_mlp_imdb_p6nssk1d.pt
Epoch 70/301 | train_loss=0.1892 train_acc=95.42% | val_loss=0.2908 val_acc=89.48% | lr=3.000000e-06
Epoch 71/301 | train_loss=0.1882 train_acc=95.36% | val_loss=0.2896 val_acc=89.60% | lr=3.000000e-06
Saved new best model to /tmp/bow_mlp_imdb_p6nssk1d.pt
Epoch 72/301 | train_loss=0.1852 train_acc=95.55% | val_loss=0.2885 val_acc=89.68% | lr=3.000000e-06
Saved new best model to /tmp/bow_mlp_imdb_p6nssk1d.pt
Epoch 73/301 | train_loss=0.1825 train_acc=95.44% | val_loss=0.2873 val_acc=89.62% | lr=3.000000e-06
Epoch 74/301 | train_loss=0.1796 train_acc=95.70% | val_loss=0.2861 val_acc=89.54% | lr=3.000000e-06
Epoch 75/301 | train_loss=0.1773 train_acc=95.67% | val_loss=0.2850 val_acc=89.54% | lr=3.000000e-06
Epoch 76/301 | train_loss=0.1747 train_acc=95.86% | val_loss=0.2840 val_acc=89.66% | lr=3.000000e-06
Epoch 77/301 | train_loss=0.1730 train_acc=95.81% | val_loss=0.2830 val_acc=89.64% | lr=3.000000e-06
Epoch 78/301 | train_loss=0.1705 train_acc=95.88% | val_loss=0.2821 val_acc=89.60% | lr=3.000000e-06
Epoch 79/301 | train_loss=0.1683 train_acc=95.95% | val_loss=0.2810 val_acc=89.62% | lr=3.000000e-06
Epoch 80/301 | train_loss=0.1659 train_acc=96.08% | val_loss=0.2801 val_acc=89.58% | lr=3.000000e-06
Epoch 81/301 | train_loss=0.1639 train_acc=96.16% | val_loss=0.2791 val_acc=89.56% | lr=3.000000e-06
Epoch 82/301 | train_loss=0.1616 train_acc=96.12% | val_loss=0.2782 val_acc=89.60% | lr=3.000000e-06
Epoch 83/301 | train_loss=0.1587 train_acc=96.30% | val_loss=0.2776 val_acc=89.66% | lr=3.000000e-06
Epoch 84/301 | train_loss=0.1566 train_acc=96.39% | val_loss=0.2766 val_acc=89.64% | lr=3.000000e-06
Epoch 85/301 | train_loss=0.1551 train_acc=96.29% | val_loss=0.2758 val_acc=89.54% | lr=3.000000e-06
Epoch 86/301 | train_loss=0.1529 train_acc=96.48% | val_loss=0.2751 val_acc=89.76% | lr=3.000000e-06
Saved new best model to /tmp/bow_mlp_imdb_p6nssk1d.pt
Epoch 87/301 | train_loss=0.1510 train_acc=96.53% | val_loss=0.2743 val_acc=89.74% | lr=3.000000e-06
Epoch 88/301 | train_loss=0.1486 train_acc=96.58% | val_loss=0.2735 val_acc=89.74% | lr=3.000000e-06
Epoch 89/301 | train_loss=0.1470 train_acc=96.64% | val_loss=0.2728 val_acc=89.72% | lr=3.000000e-06
Epoch 90/301 | train_loss=0.1449 train_acc=96.74% | val_loss=0.2722 val_acc=89.78% | lr=3.000000e-06
Saved new best model to /tmp/bow_mlp_imdb_p6nssk1d.pt
Epoch 91/301 | train_loss=0.1430 train_acc=96.75% | val_loss=0.2715 val_acc=89.78% | lr=3.000000e-06
Epoch 92/301 | train_loss=0.1406 train_acc=96.81% | val_loss=0.2709 val_acc=89.80% | lr=3.000000e-06
Saved new best model to /tmp/bow_mlp_imdb_p6nssk1d.pt
Epoch 93/301 | train_loss=0.1388 train_acc=96.88% | val_loss=0.2702 val_acc=89.70% | lr=3.000000e-06
Epoch 94/301 | train_loss=0.1371 train_acc=96.88% | val_loss=0.2696 val_acc=89.82% | lr=3.000000e-06
Saved new best model to /tmp/bow_mlp_imdb_p6nssk1d.pt
Epoch 95/301 | train_loss=0.1356 train_acc=96.91% | val_loss=0.2689 val_acc=89.74% | lr=3.000000e-06
Epoch 96/301 | train_loss=0.1333 train_acc=97.00% | val_loss=0.2684 val_acc=89.78% | lr=3.000000e-06
Epoch 97/301 | train_loss=0.1315 train_acc=97.05% | val_loss=0.2682 val_acc=89.96% | lr=3.000000e-06
Saved new best model to /tmp/bow_mlp_imdb_p6nssk1d.pt
Epoch 98/301 | train_loss=0.1300 train_acc=97.15% | val_loss=0.2673 val_acc=89.86% | lr=3.000000e-06
Epoch 99/301 | train_loss=0.1286 train_acc=97.21% | val_loss=0.2668 val_acc=89.80% | lr=3.000000e-06
Epoch 100/301 | train_loss=0.1273 train_acc=97.22% | val_loss=0.2663 val_acc=89.84% | lr=3.000000e-06
Epoch 101/301 | train_loss=0.1254 train_acc=97.13% | val_loss=0.2658 val_acc=89.92% | lr=3.000000e-06
Epoch 102/301 | train_loss=0.1233 train_acc=97.34% | val_loss=0.2654 val_acc=89.98% | lr=3.000000e-06
Saved new best model to /tmp/bow_mlp_imdb_p6nssk1d.pt
Epoch 103/301 | train_loss=0.1213 train_acc=97.41% | val_loss=0.2650 val_acc=90.04% | lr=3.000000e-06
Saved new best model to /tmp/bow_mlp_imdb_p6nssk1d.pt
Epoch 104/301 | train_loss=0.1202 train_acc=97.32% | val_loss=0.2645 val_acc=90.02% | lr=3.000000e-06
Epoch 105/301 | train_loss=0.1183 train_acc=97.47% | val_loss=0.2642 val_acc=90.02% | lr=3.000000e-06
Epoch 106/301 | train_loss=0.1172 train_acc=97.45% | val_loss=0.2637 val_acc=90.04% | lr=3.000000e-06
Epoch 107/301 | train_loss=0.1159 train_acc=97.52% | val_loss=0.2633 val_acc=90.08% | lr=3.000000e-06
Saved new best model to /tmp/bow_mlp_imdb_p6nssk1d.pt
Epoch 108/301 | train_loss=0.1138 train_acc=97.53% | val_loss=0.2632 val_acc=89.98% | lr=3.000000e-06
Epoch 109/301 | train_loss=0.1130 train_acc=97.59% | val_loss=0.2627 val_acc=90.08% | lr=3.000000e-06
Epoch 110/301 | train_loss=0.1105 train_acc=97.67% | val_loss=0.2623 val_acc=90.08% | lr=3.000000e-06
Epoch 111/301 | train_loss=0.1090 train_acc=97.81% | val_loss=0.2620 val_acc=90.08% | lr=3.000000e-06
Epoch 112/301 | train_loss=0.1079 train_acc=97.79% | val_loss=0.2618 val_acc=90.04% | lr=3.000000e-06
Epoch 113/301 | train_loss=0.1061 train_acc=97.84% | val_loss=0.2617 val_acc=90.04% | lr=3.000000e-06
Epoch 114/301 | train_loss=0.1049 train_acc=97.83% | val_loss=0.2613 val_acc=90.08% | lr=3.000000e-06
Epoch 115/301 | train_loss=0.1036 train_acc=97.97% | val_loss=0.2610 val_acc=90.10% | lr=3.000000e-06
Saved new best model to /tmp/bow_mlp_imdb_p6nssk1d.pt
Epoch 116/301 | train_loss=0.1026 train_acc=97.91% | val_loss=0.2609 val_acc=90.14% | lr=3.000000e-06
Saved new best model to /tmp/bow_mlp_imdb_p6nssk1d.pt
Epoch 117/301 | train_loss=0.1004 train_acc=98.00% | val_loss=0.2606 val_acc=90.06% | lr=3.000000e-06
Epoch 118/301 | train_loss=0.0995 train_acc=98.06% | val_loss=0.2604 val_acc=90.06% | lr=3.000000e-06
Epoch 119/301 | train_loss=0.0981 train_acc=98.02% | val_loss=0.2603 val_acc=90.06% | lr=3.000000e-06
Epoch 120/301 | train_loss=0.0972 train_acc=98.08% | val_loss=0.2600 val_acc=90.06% | lr=3.000000e-06
Epoch 121/301 | train_loss=0.0954 train_acc=98.13% | val_loss=0.2598 val_acc=90.06% | lr=3.000000e-06
Epoch 122/301 | train_loss=0.0935 train_acc=98.25% | val_loss=0.2597 val_acc=90.08% | lr=3.000000e-06
Epoch 123/301 | train_loss=0.0931 train_acc=98.19% | val_loss=0.2597 val_acc=90.10% | lr=3.000000e-06
Epoch 124/301 | train_loss=0.0916 train_acc=98.29% | val_loss=0.2595 val_acc=90.08% | lr=3.000000e-06
Epoch 125/301 | train_loss=0.0901 train_acc=98.34% | val_loss=0.2594 val_acc=90.10% | lr=3.000000e-06
Epoch 126/301 | train_loss=0.0888 train_acc=98.33% | val_loss=0.2596 val_acc=90.10% | lr=3.000000e-06
Epoch 127/301 | train_loss=0.0881 train_acc=98.33% | val_loss=0.2592 val_acc=90.08% | lr=3.000000e-06
Epoch 128/301 | train_loss=0.0861 train_acc=98.50% | val_loss=0.2592 val_acc=90.14% | lr=3.000000e-06
Epoch 129/301 | train_loss=0.0855 train_acc=98.41% | val_loss=0.2593 val_acc=90.10% | lr=3.000000e-06
Epoch 130/301 | train_loss=0.0841 train_acc=98.52% | val_loss=0.2592 val_acc=90.12% | lr=3.000000e-06
Epoch 131/301 | train_loss=0.0829 train_acc=98.51% | val_loss=0.2593 val_acc=90.08% | lr=3.000000e-06
Epoch 132/301 | train_loss=0.0820 train_acc=98.43% | val_loss=0.2592 val_acc=90.16% | lr=3.000000e-06
Saved new best model to /tmp/bow_mlp_imdb_p6nssk1d.pt
Epoch 133/301 | train_loss=0.0813 train_acc=98.56% | val_loss=0.2592 val_acc=90.16% | lr=3.000000e-06
Epoch 134/301 | train_loss=0.0796 train_acc=98.59% | val_loss=0.2591 val_acc=90.16% | lr=3.000000e-06
Epoch 135/301 | train_loss=0.0783 train_acc=98.56% | val_loss=0.2595 val_acc=90.14% | lr=3.000000e-06
Epoch 136/301 | train_loss=0.0774 train_acc=98.67% | val_loss=0.2593 val_acc=90.16% | lr=3.000000e-06
Epoch 137/301 | train_loss=0.0761 train_acc=98.66% | val_loss=0.2594 val_acc=90.16% | lr=3.000000e-06
Epoch 138/301 | train_loss=0.0755 train_acc=98.66% | val_loss=0.2593 val_acc=90.10% | lr=3.000000e-06
Epoch 139/301 | train_loss=0.0741 train_acc=98.72% | val_loss=0.2593 val_acc=90.18% | lr=3.000000e-06
Saved new best model to /tmp/bow_mlp_imdb_p6nssk1d.pt
Epoch 140/301 | train_loss=0.0732 train_acc=98.70% | val_loss=0.2596 val_acc=90.14% | lr=3.000000e-06
Epoch 141/301 | train_loss=0.0719 train_acc=98.79% | val_loss=0.2597 val_acc=90.14% | lr=3.000000e-06
Epoch 142/301 | train_loss=0.0712 train_acc=98.80% | val_loss=0.2599 val_acc=90.14% | lr=3.000000e-06
Validation loss has not improved for 8 epochs. Stopping training.
Test loss=0.2987 | Test accuracy=88.43%
