Loading IMDb dataset from local disk: /home/daniel/l/masteruppsats/np-reg/language/data/imdb_hf
Using device: cuda
BoW vocab size: 50000
W0422 03:16:11.357000 2403451 site-packages/torch/_inductor/utils.py:1679] [0/0] Not enough SMs to use max_autotune_gemm mode
Epoch 1/301 | train_loss=0.6905 train_acc=52.48% | val_loss=0.6851 val_acc=57.38% | lr=3.000000e-06
Saved new best model to /tmp/bow_mlp_imdb_nffw98r5.pt
Epoch 2/301 | train_loss=0.6773 train_acc=64.12% | val_loss=0.6717 val_acc=68.44% | lr=3.000000e-06
Saved new best model to /tmp/bow_mlp_imdb_nffw98r5.pt
Epoch 3/301 | train_loss=0.6603 train_acc=71.98% | val_loss=0.6544 val_acc=72.72% | lr=3.000000e-06
Saved new best model to /tmp/bow_mlp_imdb_nffw98r5.pt
Epoch 4/301 | train_loss=0.6403 train_acc=75.28% | val_loss=0.6354 val_acc=75.52% | lr=3.000000e-06
Saved new best model to /tmp/bow_mlp_imdb_nffw98r5.pt
Epoch 5/301 | train_loss=0.6196 train_acc=77.87% | val_loss=0.6170 val_acc=78.10% | lr=3.000000e-06
Saved new best model to /tmp/bow_mlp_imdb_nffw98r5.pt
Epoch 6/301 | train_loss=0.5999 train_acc=80.14% | val_loss=0.5997 val_acc=79.38% | lr=3.000000e-06
Saved new best model to /tmp/bow_mlp_imdb_nffw98r5.pt
Epoch 7/301 | train_loss=0.5809 train_acc=81.82% | val_loss=0.5834 val_acc=80.58% | lr=3.000000e-06
Saved new best model to /tmp/bow_mlp_imdb_nffw98r5.pt
Epoch 8/301 | train_loss=0.5630 train_acc=83.12% | val_loss=0.5675 val_acc=81.74% | lr=3.000000e-06
Saved new best model to /tmp/bow_mlp_imdb_nffw98r5.pt
Epoch 9/301 | train_loss=0.5454 train_acc=83.97% | val_loss=0.5525 val_acc=82.42% | lr=3.000000e-06
Saved new best model to /tmp/bow_mlp_imdb_nffw98r5.pt
Epoch 10/301 | train_loss=0.5288 train_acc=84.92% | val_loss=0.5383 val_acc=83.50% | lr=3.000000e-06
Saved new best model to /tmp/bow_mlp_imdb_nffw98r5.pt
Epoch 11/301 | train_loss=0.5132 train_acc=85.86% | val_loss=0.5254 val_acc=83.82% | lr=3.000000e-06
Saved new best model to /tmp/bow_mlp_imdb_nffw98r5.pt
Epoch 12/301 | train_loss=0.4986 train_acc=86.52% | val_loss=0.5130 val_acc=84.44% | lr=3.000000e-06
Saved new best model to /tmp/bow_mlp_imdb_nffw98r5.pt
Epoch 13/301 | train_loss=0.4848 train_acc=86.76% | val_loss=0.5016 val_acc=84.82% | lr=3.000000e-06
Saved new best model to /tmp/bow_mlp_imdb_nffw98r5.pt
Epoch 14/301 | train_loss=0.4720 train_acc=87.26% | val_loss=0.4909 val_acc=85.18% | lr=3.000000e-06
Saved new best model to /tmp/bow_mlp_imdb_nffw98r5.pt
Epoch 15/301 | train_loss=0.4594 train_acc=87.91% | val_loss=0.4808 val_acc=85.58% | lr=3.000000e-06
Saved new best model to /tmp/bow_mlp_imdb_nffw98r5.pt
Epoch 16/301 | train_loss=0.4480 train_acc=88.28% | val_loss=0.4714 val_acc=85.82% | lr=3.000000e-06
Saved new best model to /tmp/bow_mlp_imdb_nffw98r5.pt
Epoch 17/301 | train_loss=0.4370 train_acc=88.48% | val_loss=0.4624 val_acc=85.98% | lr=3.000000e-06
Saved new best model to /tmp/bow_mlp_imdb_nffw98r5.pt
Epoch 18/301 | train_loss=0.4263 train_acc=88.83% | val_loss=0.4539 val_acc=86.32% | lr=3.000000e-06
Saved new best model to /tmp/bow_mlp_imdb_nffw98r5.pt
Epoch 19/301 | train_loss=0.4162 train_acc=89.10% | val_loss=0.4458 val_acc=86.40% | lr=3.000000e-06
Saved new best model to /tmp/bow_mlp_imdb_nffw98r5.pt
Epoch 20/301 | train_loss=0.4066 train_acc=89.41% | val_loss=0.4383 val_acc=86.50% | lr=3.000000e-06
Saved new best model to /tmp/bow_mlp_imdb_nffw98r5.pt
Epoch 21/301 | train_loss=0.3978 train_acc=89.55% | val_loss=0.4309 val_acc=86.90% | lr=3.000000e-06
Saved new best model to /tmp/bow_mlp_imdb_nffw98r5.pt
Epoch 22/301 | train_loss=0.3886 train_acc=89.89% | val_loss=0.4240 val_acc=86.98% | lr=3.000000e-06
Saved new best model to /tmp/bow_mlp_imdb_nffw98r5.pt
Epoch 23/301 | train_loss=0.3802 train_acc=90.16% | val_loss=0.4174 val_acc=87.14% | lr=3.000000e-06
Saved new best model to /tmp/bow_mlp_imdb_nffw98r5.pt
Epoch 24/301 | train_loss=0.3719 train_acc=90.42% | val_loss=0.4112 val_acc=87.12% | lr=3.000000e-06
Epoch 25/301 | train_loss=0.3643 train_acc=90.53% | val_loss=0.4052 val_acc=87.20% | lr=3.000000e-06
Saved new best model to /tmp/bow_mlp_imdb_nffw98r5.pt
Epoch 26/301 | train_loss=0.3566 train_acc=90.83% | val_loss=0.3996 val_acc=87.44% | lr=3.000000e-06
Saved new best model to /tmp/bow_mlp_imdb_nffw98r5.pt
Epoch 27/301 | train_loss=0.3496 train_acc=90.95% | val_loss=0.3941 val_acc=87.30% | lr=3.000000e-06
Epoch 28/301 | train_loss=0.3422 train_acc=91.22% | val_loss=0.3889 val_acc=87.44% | lr=3.000000e-06
Epoch 29/301 | train_loss=0.3360 train_acc=91.36% | val_loss=0.3839 val_acc=87.52% | lr=3.000000e-06
Saved new best model to /tmp/bow_mlp_imdb_nffw98r5.pt
Epoch 30/301 | train_loss=0.3291 train_acc=91.48% | val_loss=0.3792 val_acc=87.78% | lr=3.000000e-06
Saved new best model to /tmp/bow_mlp_imdb_nffw98r5.pt
Epoch 31/301 | train_loss=0.3233 train_acc=91.62% | val_loss=0.3746 val_acc=87.68% | lr=3.000000e-06
Epoch 32/301 | train_loss=0.3168 train_acc=91.93% | val_loss=0.3703 val_acc=87.86% | lr=3.000000e-06
Saved new best model to /tmp/bow_mlp_imdb_nffw98r5.pt
Epoch 33/301 | train_loss=0.3109 train_acc=91.98% | val_loss=0.3661 val_acc=87.96% | lr=3.000000e-06
Saved new best model to /tmp/bow_mlp_imdb_nffw98r5.pt
Epoch 34/301 | train_loss=0.3052 train_acc=92.14% | val_loss=0.3620 val_acc=88.00% | lr=3.000000e-06
Saved new best model to /tmp/bow_mlp_imdb_nffw98r5.pt
Epoch 35/301 | train_loss=0.2994 train_acc=92.30% | val_loss=0.3582 val_acc=88.02% | lr=3.000000e-06
Saved new best model to /tmp/bow_mlp_imdb_nffw98r5.pt
Epoch 36/301 | train_loss=0.2939 train_acc=92.55% | val_loss=0.3545 val_acc=88.10% | lr=3.000000e-06
Saved new best model to /tmp/bow_mlp_imdb_nffw98r5.pt
Epoch 37/301 | train_loss=0.2892 train_acc=92.52% | val_loss=0.3509 val_acc=88.10% | lr=3.000000e-06
Epoch 38/301 | train_loss=0.2839 train_acc=92.74% | val_loss=0.3475 val_acc=88.20% | lr=3.000000e-06
Saved new best model to /tmp/bow_mlp_imdb_nffw98r5.pt
Epoch 39/301 | train_loss=0.2789 train_acc=92.90% | val_loss=0.3442 val_acc=88.32% | lr=3.000000e-06
Saved new best model to /tmp/bow_mlp_imdb_nffw98r5.pt
Epoch 40/301 | train_loss=0.2741 train_acc=93.03% | val_loss=0.3411 val_acc=88.36% | lr=3.000000e-06
Saved new best model to /tmp/bow_mlp_imdb_nffw98r5.pt
Epoch 41/301 | train_loss=0.2693 train_acc=93.16% | val_loss=0.3379 val_acc=88.42% | lr=3.000000e-06
Saved new best model to /tmp/bow_mlp_imdb_nffw98r5.pt
Epoch 42/301 | train_loss=0.2651 train_acc=93.22% | val_loss=0.3350 val_acc=88.54% | lr=3.000000e-06
Saved new best model to /tmp/bow_mlp_imdb_nffw98r5.pt
Epoch 43/301 | train_loss=0.2607 train_acc=93.34% | val_loss=0.3322 val_acc=88.62% | lr=3.000000e-06
Saved new best model to /tmp/bow_mlp_imdb_nffw98r5.pt
Epoch 44/301 | train_loss=0.2561 train_acc=93.45% | val_loss=0.3296 val_acc=88.56% | lr=3.000000e-06
Epoch 45/301 | train_loss=0.2519 train_acc=93.64% | val_loss=0.3269 val_acc=88.66% | lr=3.000000e-06
Saved new best model to /tmp/bow_mlp_imdb_nffw98r5.pt
Epoch 46/301 | train_loss=0.2475 train_acc=93.78% | val_loss=0.3243 val_acc=88.80% | lr=3.000000e-06
Saved new best model to /tmp/bow_mlp_imdb_nffw98r5.pt
Epoch 47/301 | train_loss=0.2437 train_acc=93.84% | val_loss=0.3219 val_acc=88.84% | lr=3.000000e-06
Saved new best model to /tmp/bow_mlp_imdb_nffw98r5.pt
Epoch 48/301 | train_loss=0.2401 train_acc=93.95% | val_loss=0.3195 val_acc=88.94% | lr=3.000000e-06
Saved new best model to /tmp/bow_mlp_imdb_nffw98r5.pt
Epoch 49/301 | train_loss=0.2360 train_acc=93.98% | val_loss=0.3173 val_acc=89.06% | lr=3.000000e-06
Saved new best model to /tmp/bow_mlp_imdb_nffw98r5.pt
Epoch 50/301 | train_loss=0.2322 train_acc=94.21% | val_loss=0.3150 val_acc=89.10% | lr=3.000000e-06
Saved new best model to /tmp/bow_mlp_imdb_nffw98r5.pt
Epoch 51/301 | train_loss=0.2285 train_acc=94.30% | val_loss=0.3129 val_acc=89.12% | lr=3.000000e-06
Saved new best model to /tmp/bow_mlp_imdb_nffw98r5.pt
Epoch 52/301 | train_loss=0.2248 train_acc=94.43% | val_loss=0.3109 val_acc=89.06% | lr=3.000000e-06
Epoch 53/301 | train_loss=0.2212 train_acc=94.53% | val_loss=0.3089 val_acc=89.28% | lr=3.000000e-06
Saved new best model to /tmp/bow_mlp_imdb_nffw98r5.pt
Epoch 54/301 | train_loss=0.2178 train_acc=94.63% | val_loss=0.3071 val_acc=89.20% | lr=3.000000e-06
Epoch 55/301 | train_loss=0.2146 train_acc=94.78% | val_loss=0.3051 val_acc=89.32% | lr=3.000000e-06
Saved new best model to /tmp/bow_mlp_imdb_nffw98r5.pt
Epoch 56/301 | train_loss=0.2109 train_acc=94.89% | val_loss=0.3033 val_acc=89.24% | lr=3.000000e-06
Epoch 57/301 | train_loss=0.2079 train_acc=94.91% | val_loss=0.3015 val_acc=89.30% | lr=3.000000e-06
Epoch 58/301 | train_loss=0.2045 train_acc=94.97% | val_loss=0.3000 val_acc=89.40% | lr=3.000000e-06
Saved new best model to /tmp/bow_mlp_imdb_nffw98r5.pt
Epoch 59/301 | train_loss=0.2013 train_acc=95.14% | val_loss=0.2985 val_acc=89.46% | lr=3.000000e-06
Saved new best model to /tmp/bow_mlp_imdb_nffw98r5.pt
Epoch 60/301 | train_loss=0.1982 train_acc=95.14% | val_loss=0.2967 val_acc=89.42% | lr=3.000000e-06
Epoch 61/301 | train_loss=0.1952 train_acc=95.30% | val_loss=0.2951 val_acc=89.40% | lr=3.000000e-06
Epoch 62/301 | train_loss=0.1925 train_acc=95.38% | val_loss=0.2937 val_acc=89.44% | lr=3.000000e-06
Epoch 63/301 | train_loss=0.1896 train_acc=95.48% | val_loss=0.2922 val_acc=89.52% | lr=3.000000e-06
Saved new best model to /tmp/bow_mlp_imdb_nffw98r5.pt
Epoch 64/301 | train_loss=0.1867 train_acc=95.45% | val_loss=0.2909 val_acc=89.58% | lr=3.000000e-06
Saved new best model to /tmp/bow_mlp_imdb_nffw98r5.pt
Epoch 65/301 | train_loss=0.1838 train_acc=95.64% | val_loss=0.2895 val_acc=89.60% | lr=3.000000e-06
Saved new best model to /tmp/bow_mlp_imdb_nffw98r5.pt
Epoch 66/301 | train_loss=0.1810 train_acc=95.78% | val_loss=0.2883 val_acc=89.58% | lr=3.000000e-06
Epoch 67/301 | train_loss=0.1782 train_acc=95.81% | val_loss=0.2869 val_acc=89.44% | lr=3.000000e-06
Epoch 68/301 | train_loss=0.1752 train_acc=95.86% | val_loss=0.2856 val_acc=89.48% | lr=3.000000e-06
Epoch 69/301 | train_loss=0.1731 train_acc=95.94% | val_loss=0.2846 val_acc=89.70% | lr=3.000000e-06
Saved new best model to /tmp/bow_mlp_imdb_nffw98r5.pt
Epoch 70/301 | train_loss=0.1702 train_acc=96.01% | val_loss=0.2833 val_acc=89.58% | lr=3.000000e-06
Epoch 71/301 | train_loss=0.1681 train_acc=96.04% | val_loss=0.2822 val_acc=89.56% | lr=3.000000e-06
Epoch 72/301 | train_loss=0.1655 train_acc=96.23% | val_loss=0.2812 val_acc=89.64% | lr=3.000000e-06
Epoch 73/301 | train_loss=0.1628 train_acc=96.25% | val_loss=0.2801 val_acc=89.58% | lr=3.000000e-06
Epoch 74/301 | train_loss=0.1602 train_acc=96.36% | val_loss=0.2790 val_acc=89.56% | lr=3.000000e-06
Epoch 75/301 | train_loss=0.1582 train_acc=96.33% | val_loss=0.2781 val_acc=89.66% | lr=3.000000e-06
Epoch 76/301 | train_loss=0.1554 train_acc=96.42% | val_loss=0.2772 val_acc=89.70% | lr=3.000000e-06
Epoch 77/301 | train_loss=0.1532 train_acc=96.53% | val_loss=0.2762 val_acc=89.74% | lr=3.000000e-06
Saved new best model to /tmp/bow_mlp_imdb_nffw98r5.pt
Epoch 78/301 | train_loss=0.1510 train_acc=96.59% | val_loss=0.2755 val_acc=89.74% | lr=3.000000e-06
Epoch 79/301 | train_loss=0.1488 train_acc=96.73% | val_loss=0.2745 val_acc=89.74% | lr=3.000000e-06
Epoch 80/301 | train_loss=0.1466 train_acc=96.69% | val_loss=0.2737 val_acc=89.78% | lr=3.000000e-06
Saved new best model to /tmp/bow_mlp_imdb_nffw98r5.pt
Epoch 81/301 | train_loss=0.1443 train_acc=96.80% | val_loss=0.2729 val_acc=89.80% | lr=3.000000e-06
Saved new best model to /tmp/bow_mlp_imdb_nffw98r5.pt
Epoch 82/301 | train_loss=0.1421 train_acc=96.86% | val_loss=0.2721 val_acc=89.76% | lr=3.000000e-06
Epoch 83/301 | train_loss=0.1399 train_acc=96.91% | val_loss=0.2716 val_acc=89.78% | lr=3.000000e-06
Epoch 84/301 | train_loss=0.1381 train_acc=96.94% | val_loss=0.2707 val_acc=89.76% | lr=3.000000e-06
Epoch 85/301 | train_loss=0.1361 train_acc=97.11% | val_loss=0.2700 val_acc=89.72% | lr=3.000000e-06
Epoch 86/301 | train_loss=0.1338 train_acc=97.09% | val_loss=0.2695 val_acc=89.90% | lr=3.000000e-06
Saved new best model to /tmp/bow_mlp_imdb_nffw98r5.pt
Epoch 87/301 | train_loss=0.1320 train_acc=97.09% | val_loss=0.2688 val_acc=89.90% | lr=3.000000e-06
Epoch 88/301 | train_loss=0.1299 train_acc=97.24% | val_loss=0.2681 val_acc=89.82% | lr=3.000000e-06
Epoch 89/301 | train_loss=0.1282 train_acc=97.23% | val_loss=0.2676 val_acc=89.80% | lr=3.000000e-06
Epoch 90/301 | train_loss=0.1263 train_acc=97.36% | val_loss=0.2670 val_acc=89.92% | lr=3.000000e-06
Saved new best model to /tmp/bow_mlp_imdb_nffw98r5.pt
Epoch 91/301 | train_loss=0.1241 train_acc=97.33% | val_loss=0.2665 val_acc=89.84% | lr=3.000000e-06
Epoch 92/301 | train_loss=0.1223 train_acc=97.41% | val_loss=0.2661 val_acc=89.98% | lr=3.000000e-06
Saved new best model to /tmp/bow_mlp_imdb_nffw98r5.pt
Epoch 93/301 | train_loss=0.1207 train_acc=97.45% | val_loss=0.2655 val_acc=89.92% | lr=3.000000e-06
Epoch 94/301 | train_loss=0.1186 train_acc=97.51% | val_loss=0.2650 val_acc=89.92% | lr=3.000000e-06
Epoch 95/301 | train_loss=0.1170 train_acc=97.63% | val_loss=0.2645 val_acc=89.92% | lr=3.000000e-06
Epoch 96/301 | train_loss=0.1154 train_acc=97.65% | val_loss=0.2641 val_acc=89.90% | lr=3.000000e-06
Epoch 97/301 | train_loss=0.1138 train_acc=97.69% | val_loss=0.2641 val_acc=90.02% | lr=3.000000e-06
Saved new best model to /tmp/bow_mlp_imdb_nffw98r5.pt
Epoch 98/301 | train_loss=0.1117 train_acc=97.72% | val_loss=0.2633 val_acc=89.96% | lr=3.000000e-06
Epoch 99/301 | train_loss=0.1103 train_acc=97.77% | val_loss=0.2629 val_acc=90.00% | lr=3.000000e-06
Epoch 100/301 | train_loss=0.1090 train_acc=97.84% | val_loss=0.2626 val_acc=90.02% | lr=3.000000e-06
Epoch 101/301 | train_loss=0.1067 train_acc=97.87% | val_loss=0.2622 val_acc=90.02% | lr=3.000000e-06
Epoch 102/301 | train_loss=0.1054 train_acc=97.91% | val_loss=0.2619 val_acc=90.06% | lr=3.000000e-06
Saved new best model to /tmp/bow_mlp_imdb_nffw98r5.pt
Epoch 103/301 | train_loss=0.1040 train_acc=97.95% | val_loss=0.2616 val_acc=90.08% | lr=3.000000e-06
Saved new best model to /tmp/bow_mlp_imdb_nffw98r5.pt
Epoch 104/301 | train_loss=0.1023 train_acc=98.01% | val_loss=0.2613 val_acc=90.06% | lr=3.000000e-06
Epoch 105/301 | train_loss=0.1008 train_acc=98.08% | val_loss=0.2611 val_acc=90.04% | lr=3.000000e-06
Epoch 106/301 | train_loss=0.0995 train_acc=98.08% | val_loss=0.2608 val_acc=90.04% | lr=3.000000e-06
Epoch 107/301 | train_loss=0.0978 train_acc=98.13% | val_loss=0.2606 val_acc=90.04% | lr=3.000000e-06
Epoch 108/301 | train_loss=0.0963 train_acc=98.19% | val_loss=0.2606 val_acc=90.06% | lr=3.000000e-06
Epoch 109/301 | train_loss=0.0951 train_acc=98.20% | val_loss=0.2603 val_acc=89.96% | lr=3.000000e-06
Epoch 110/301 | train_loss=0.0934 train_acc=98.22% | val_loss=0.2600 val_acc=90.02% | lr=3.000000e-06
Epoch 111/301 | train_loss=0.0921 train_acc=98.37% | val_loss=0.2599 val_acc=90.02% | lr=3.000000e-06
Epoch 112/301 | train_loss=0.0905 train_acc=98.30% | val_loss=0.2599 val_acc=90.02% | lr=3.000000e-06
Epoch 113/301 | train_loss=0.0893 train_acc=98.39% | val_loss=0.2599 val_acc=90.00% | lr=3.000000e-06
Epoch 114/301 | train_loss=0.0876 train_acc=98.39% | val_loss=0.2596 val_acc=90.02% | lr=3.000000e-06
Epoch 115/301 | train_loss=0.0865 train_acc=98.48% | val_loss=0.2595 val_acc=90.04% | lr=3.000000e-06
Epoch 116/301 | train_loss=0.0853 train_acc=98.44% | val_loss=0.2596 val_acc=90.06% | lr=3.000000e-06
Epoch 117/301 | train_loss=0.0839 train_acc=98.52% | val_loss=0.2594 val_acc=90.08% | lr=3.000000e-06
Epoch 118/301 | train_loss=0.0827 train_acc=98.57% | val_loss=0.2594 val_acc=90.06% | lr=3.000000e-06
Epoch 119/301 | train_loss=0.0812 train_acc=98.62% | val_loss=0.2595 val_acc=90.02% | lr=3.000000e-06
Epoch 120/301 | train_loss=0.0802 train_acc=98.69% | val_loss=0.2593 val_acc=90.08% | lr=3.000000e-06
Epoch 121/301 | train_loss=0.0790 train_acc=98.70% | val_loss=0.2592 val_acc=90.12% | lr=3.000000e-06
Saved new best model to /tmp/bow_mlp_imdb_nffw98r5.pt
Epoch 122/301 | train_loss=0.0778 train_acc=98.67% | val_loss=0.2593 val_acc=90.14% | lr=3.000000e-06
Saved new best model to /tmp/bow_mlp_imdb_nffw98r5.pt
Epoch 123/301 | train_loss=0.0769 train_acc=98.72% | val_loss=0.2594 val_acc=90.08% | lr=3.000000e-06
Epoch 124/301 | train_loss=0.0754 train_acc=98.76% | val_loss=0.2594 val_acc=90.14% | lr=3.000000e-06
Epoch 125/301 | train_loss=0.0742 train_acc=98.79% | val_loss=0.2593 val_acc=90.14% | lr=3.000000e-06
Epoch 126/301 | train_loss=0.0729 train_acc=98.80% | val_loss=0.2598 val_acc=90.10% | lr=3.000000e-06
Epoch 127/301 | train_loss=0.0720 train_acc=98.81% | val_loss=0.2595 val_acc=90.12% | lr=3.000000e-06
Epoch 128/301 | train_loss=0.0707 train_acc=98.91% | val_loss=0.2596 val_acc=90.14% | lr=3.000000e-06
Epoch 129/301 | train_loss=0.0696 train_acc=98.91% | val_loss=0.2600 val_acc=90.16% | lr=3.000000e-06
Validation loss has not improved for 8 epochs. Stopping training.
Test loss=0.2978 | Test accuracy=88.45%
