Loading IMDb dataset from local disk: /home/daniel/l/masteruppsats/np-reg/language/data/imdb_hf
Using device: cuda
BoW vocab size: 50000
W0422 05:37:35.182000 2699154 site-packages/torch/_inductor/utils.py:1679] [0/0] Not enough SMs to use max_autotune_gemm mode
Epoch 1/301 | train_loss=0.6842 train_acc=56.59% | val_loss=0.6016 val_acc=64.60% | lr=3.000000e-06
Saved new best model to /tmp/bow_mlp_imdb_zv6ron1b.pt
Epoch 2/301 | train_loss=0.5226 train_acc=73.47% | val_loss=0.5150 val_acc=75.64% | lr=3.000000e-06
Saved new best model to /tmp/bow_mlp_imdb_zv6ron1b.pt
Epoch 3/301 | train_loss=0.4262 train_acc=83.94% | val_loss=0.4490 val_acc=81.82% | lr=3.000000e-06
Saved new best model to /tmp/bow_mlp_imdb_zv6ron1b.pt
Epoch 4/301 | train_loss=0.3601 train_acc=88.67% | val_loss=0.4088 val_acc=85.06% | lr=3.000000e-06
Saved new best model to /tmp/bow_mlp_imdb_zv6ron1b.pt
Epoch 5/301 | train_loss=0.3137 train_acc=91.17% | val_loss=0.3824 val_acc=86.06% | lr=3.000000e-06
Saved new best model to /tmp/bow_mlp_imdb_zv6ron1b.pt
Epoch 6/301 | train_loss=0.2764 train_acc=92.94% | val_loss=0.3651 val_acc=87.02% | lr=3.000000e-06
Saved new best model to /tmp/bow_mlp_imdb_zv6ron1b.pt
Epoch 7/301 | train_loss=0.2465 train_acc=94.12% | val_loss=0.3421 val_acc=87.70% | lr=3.000000e-06
Saved new best model to /tmp/bow_mlp_imdb_zv6ron1b.pt
Epoch 8/301 | train_loss=0.2218 train_acc=95.10% | val_loss=0.3255 val_acc=88.52% | lr=3.000000e-06
Saved new best model to /tmp/bow_mlp_imdb_zv6ron1b.pt
Epoch 9/301 | train_loss=0.1994 train_acc=95.88% | val_loss=0.3174 val_acc=88.54% | lr=3.000000e-06
Saved new best model to /tmp/bow_mlp_imdb_zv6ron1b.pt
Epoch 10/301 | train_loss=0.1796 train_acc=96.72% | val_loss=0.3071 val_acc=88.98% | lr=3.000000e-06
Saved new best model to /tmp/bow_mlp_imdb_zv6ron1b.pt
Epoch 11/301 | train_loss=0.1633 train_acc=97.26% | val_loss=0.3022 val_acc=88.80% | lr=3.000000e-06
Epoch 12/301 | train_loss=0.1462 train_acc=97.82% | val_loss=0.2917 val_acc=89.08% | lr=3.000000e-06
Saved new best model to /tmp/bow_mlp_imdb_zv6ron1b.pt
Epoch 13/301 | train_loss=0.1345 train_acc=98.04% | val_loss=0.2877 val_acc=88.90% | lr=3.000000e-06
Epoch 14/301 | train_loss=0.1212 train_acc=98.40% | val_loss=0.2853 val_acc=89.14% | lr=3.000000e-06
Saved new best model to /tmp/bow_mlp_imdb_zv6ron1b.pt
Epoch 15/301 | train_loss=0.1101 train_acc=98.62% | val_loss=0.2759 val_acc=89.30% | lr=3.000000e-06
Saved new best model to /tmp/bow_mlp_imdb_zv6ron1b.pt
Epoch 16/301 | train_loss=0.0988 train_acc=98.84% | val_loss=0.2734 val_acc=89.32% | lr=3.000000e-06
Saved new best model to /tmp/bow_mlp_imdb_zv6ron1b.pt
Epoch 17/301 | train_loss=0.0893 train_acc=99.00% | val_loss=0.2708 val_acc=89.60% | lr=3.000000e-06
Saved new best model to /tmp/bow_mlp_imdb_zv6ron1b.pt
Epoch 18/301 | train_loss=0.0806 train_acc=99.22% | val_loss=0.2652 val_acc=89.44% | lr=3.000000e-06
Epoch 19/301 | train_loss=0.0724 train_acc=99.39% | val_loss=0.2711 val_acc=89.20% | lr=3.000000e-06
Epoch 20/301 | train_loss=0.0663 train_acc=99.45% | val_loss=0.2628 val_acc=89.56% | lr=3.000000e-06
Epoch 21/301 | train_loss=0.0593 train_acc=99.56% | val_loss=0.2627 val_acc=89.46% | lr=3.000000e-06
Epoch 22/301 | train_loss=0.0523 train_acc=99.63% | val_loss=0.2618 val_acc=89.38% | lr=3.000000e-06
Epoch 23/301 | train_loss=0.0480 train_acc=99.69% | val_loss=0.2624 val_acc=89.36% | lr=3.000000e-06
Epoch 24/301 | train_loss=0.0447 train_acc=99.71% | val_loss=0.2606 val_acc=89.52% | lr=3.000000e-06
Epoch 25/301 | train_loss=0.0394 train_acc=99.78% | val_loss=0.2616 val_acc=89.20% | lr=3.000000e-06
Epoch 26/301 | train_loss=0.0353 train_acc=99.81% | val_loss=0.2605 val_acc=89.20% | lr=3.000000e-06
Epoch 27/301 | train_loss=0.0330 train_acc=99.79% | val_loss=0.2611 val_acc=89.24% | lr=3.000000e-06
Epoch 28/301 | train_loss=0.0300 train_acc=99.86% | val_loss=0.2621 val_acc=89.22% | lr=3.000000e-06
Epoch 29/301 | train_loss=0.0261 train_acc=99.89% | val_loss=0.2690 val_acc=88.86% | lr=3.000000e-06
Epoch 30/301 | train_loss=0.0239 train_acc=99.89% | val_loss=0.2658 val_acc=88.74% | lr=3.000000e-06
Epoch 31/301 | train_loss=0.0212 train_acc=99.92% | val_loss=0.2664 val_acc=88.88% | lr=3.000000e-06
Epoch 32/301 | train_loss=0.0196 train_acc=99.92% | val_loss=0.2683 val_acc=88.90% | lr=3.000000e-06
Epoch 33/301 | train_loss=0.0179 train_acc=99.95% | val_loss=0.2697 val_acc=89.02% | lr=3.000000e-06
Epoch 34/301 | train_loss=0.0167 train_acc=99.92% | val_loss=0.2713 val_acc=88.76% | lr=3.000000e-06
Validation loss has not improved for 8 epochs. Stopping training.
Test loss=0.2941 | Test accuracy=88.14%
