Loading IMDb dataset from local disk: /home/daniel/l/masteruppsats/np-reg/language/data/imdb_hf
Using device: cuda
BoW vocab size: 50000
Epoch 1/301 | train_loss=804.3804 train_acc=50.03% | val_loss=0.7199 val_acc=49.88% | lr=3.000000e-06
Saved new best model to /tmp/bow_mlp_imdb_jw8yc9wk.pt
Epoch 2/301 | train_loss=512.6114 train_acc=50.03% | val_loss=0.6983 val_acc=49.88% | lr=3.000000e-06
Epoch 3/301 | train_loss=318.3692 train_acc=49.31% | val_loss=0.6947 val_acc=48.00% | lr=3.000000e-06
Epoch 4/301 | train_loss=187.8788 train_acc=48.87% | val_loss=0.6944 val_acc=47.92% | lr=3.000000e-06
Epoch 5/301 | train_loss=103.9927 train_acc=49.09% | val_loss=0.6941 val_acc=48.40% | lr=3.000000e-06
Epoch 6/301 | train_loss=55.0403 train_acc=49.45% | val_loss=0.6937 val_acc=49.32% | lr=3.000000e-06
Epoch 7/301 | train_loss=30.6386 train_acc=50.03% | val_loss=0.6932 val_acc=50.26% | lr=3.000000e-06
Saved new best model to /tmp/bow_mlp_imdb_jw8yc9wk.pt
Epoch 8/301 | train_loss=20.9174 train_acc=51.59% | val_loss=0.6924 val_acc=51.50% | lr=3.000000e-06
Saved new best model to /tmp/bow_mlp_imdb_jw8yc9wk.pt
Epoch 9/301 | train_loss=17.9250 train_acc=53.34% | val_loss=0.6914 val_acc=52.48% | lr=3.000000e-06
Saved new best model to /tmp/bow_mlp_imdb_jw8yc9wk.pt
Epoch 10/301 | train_loss=17.0278 train_acc=55.36% | val_loss=0.6898 val_acc=55.14% | lr=3.000000e-06
Saved new best model to /tmp/bow_mlp_imdb_jw8yc9wk.pt
Epoch 11/301 | train_loss=16.4734 train_acc=57.73% | val_loss=0.6879 val_acc=57.48% | lr=3.000000e-06
Saved new best model to /tmp/bow_mlp_imdb_jw8yc9wk.pt
Epoch 12/301 | train_loss=15.9032 train_acc=60.92% | val_loss=0.6857 val_acc=61.32% | lr=3.000000e-06
Saved new best model to /tmp/bow_mlp_imdb_jw8yc9wk.pt
Epoch 13/301 | train_loss=15.2969 train_acc=63.57% | val_loss=0.6833 val_acc=64.04% | lr=3.000000e-06
Saved new best model to /tmp/bow_mlp_imdb_jw8yc9wk.pt
Epoch 14/301 | train_loss=14.6885 train_acc=65.73% | val_loss=0.6807 val_acc=67.00% | lr=3.000000e-06
Saved new best model to /tmp/bow_mlp_imdb_jw8yc9wk.pt
Epoch 15/301 | train_loss=14.0812 train_acc=68.47% | val_loss=0.6781 val_acc=68.40% | lr=3.000000e-06
Saved new best model to /tmp/bow_mlp_imdb_jw8yc9wk.pt
Epoch 16/301 | train_loss=13.4947 train_acc=70.99% | val_loss=0.6752 val_acc=70.50% | lr=3.000000e-06
Saved new best model to /tmp/bow_mlp_imdb_jw8yc9wk.pt
Epoch 17/301 | train_loss=12.9346 train_acc=72.36% | val_loss=0.6722 val_acc=72.32% | lr=3.000000e-06
Saved new best model to /tmp/bow_mlp_imdb_jw8yc9wk.pt
Epoch 18/301 | train_loss=12.4143 train_acc=73.61% | val_loss=0.6692 val_acc=73.34% | lr=3.000000e-06
Saved new best model to /tmp/bow_mlp_imdb_jw8yc9wk.pt
Epoch 19/301 | train_loss=11.9276 train_acc=74.50% | val_loss=0.6660 val_acc=74.14% | lr=3.000000e-06
Saved new best model to /tmp/bow_mlp_imdb_jw8yc9wk.pt
Epoch 20/301 | train_loss=11.4787 train_acc=75.81% | val_loss=0.6629 val_acc=75.04% | lr=3.000000e-06
Saved new best model to /tmp/bow_mlp_imdb_jw8yc9wk.pt
Epoch 21/301 | train_loss=11.0645 train_acc=76.55% | val_loss=0.6596 val_acc=75.90% | lr=3.000000e-06
Saved new best model to /tmp/bow_mlp_imdb_jw8yc9wk.pt
Epoch 22/301 | train_loss=10.6811 train_acc=77.42% | val_loss=0.6562 val_acc=76.54% | lr=3.000000e-06
Saved new best model to /tmp/bow_mlp_imdb_jw8yc9wk.pt
Epoch 23/301 | train_loss=10.3242 train_acc=77.70% | val_loss=0.6528 val_acc=76.86% | lr=3.000000e-06
Saved new best model to /tmp/bow_mlp_imdb_jw8yc9wk.pt
Epoch 24/301 | train_loss=9.9947 train_acc=78.27% | val_loss=0.6494 val_acc=77.18% | lr=3.000000e-06
Saved new best model to /tmp/bow_mlp_imdb_jw8yc9wk.pt
Epoch 25/301 | train_loss=9.6905 train_acc=78.82% | val_loss=0.6459 val_acc=77.58% | lr=3.000000e-06
Saved new best model to /tmp/bow_mlp_imdb_jw8yc9wk.pt
Epoch 26/301 | train_loss=9.4051 train_acc=79.13% | val_loss=0.6424 val_acc=77.96% | lr=3.000000e-06
Saved new best model to /tmp/bow_mlp_imdb_jw8yc9wk.pt
Epoch 27/301 | train_loss=9.1400 train_acc=79.57% | val_loss=0.6388 val_acc=77.96% | lr=3.000000e-06
Epoch 28/301 | train_loss=8.8971 train_acc=79.81% | val_loss=0.6351 val_acc=78.52% | lr=3.000000e-06
Saved new best model to /tmp/bow_mlp_imdb_jw8yc9wk.pt
Epoch 29/301 | train_loss=8.6699 train_acc=79.99% | val_loss=0.6315 val_acc=78.88% | lr=3.000000e-06
Saved new best model to /tmp/bow_mlp_imdb_jw8yc9wk.pt
Epoch 30/301 | train_loss=8.4555 train_acc=80.47% | val_loss=0.6278 val_acc=79.14% | lr=3.000000e-06
Saved new best model to /tmp/bow_mlp_imdb_jw8yc9wk.pt
Epoch 31/301 | train_loss=8.2562 train_acc=80.51% | val_loss=0.6240 val_acc=79.24% | lr=3.000000e-06
Saved new best model to /tmp/bow_mlp_imdb_jw8yc9wk.pt
Epoch 32/301 | train_loss=8.0698 train_acc=81.07% | val_loss=0.6204 val_acc=79.40% | lr=3.000000e-06
Saved new best model to /tmp/bow_mlp_imdb_jw8yc9wk.pt
Epoch 33/301 | train_loss=7.8916 train_acc=81.30% | val_loss=0.6169 val_acc=79.08% | lr=3.000000e-06
Epoch 34/301 | train_loss=7.7271 train_acc=81.18% | val_loss=0.6127 val_acc=80.04% | lr=3.000000e-06
Saved new best model to /tmp/bow_mlp_imdb_jw8yc9wk.pt
Epoch 35/301 | train_loss=7.5685 train_acc=81.59% | val_loss=0.6089 val_acc=80.20% | lr=3.000000e-06
Saved new best model to /tmp/bow_mlp_imdb_jw8yc9wk.pt
Epoch 36/301 | train_loss=7.4216 train_acc=81.77% | val_loss=0.6052 val_acc=79.90% | lr=3.000000e-06
Epoch 37/301 | train_loss=7.2786 train_acc=81.89% | val_loss=0.6011 val_acc=80.70% | lr=3.000000e-06
Saved new best model to /tmp/bow_mlp_imdb_jw8yc9wk.pt
Epoch 38/301 | train_loss=7.1472 train_acc=82.21% | val_loss=0.5975 val_acc=80.36% | lr=3.000000e-06
Epoch 39/301 | train_loss=7.0233 train_acc=82.42% | val_loss=0.5934 val_acc=80.86% | lr=3.000000e-06
Saved new best model to /tmp/bow_mlp_imdb_jw8yc9wk.pt
Epoch 40/301 | train_loss=6.9048 train_acc=82.62% | val_loss=0.5898 val_acc=80.64% | lr=3.000000e-06
Epoch 41/301 | train_loss=6.7919 train_acc=82.70% | val_loss=0.5856 val_acc=81.26% | lr=3.000000e-06
Saved new best model to /tmp/bow_mlp_imdb_jw8yc9wk.pt
Epoch 42/301 | train_loss=6.6817 train_acc=82.98% | val_loss=0.5817 val_acc=81.32% | lr=3.000000e-06
Saved new best model to /tmp/bow_mlp_imdb_jw8yc9wk.pt
Epoch 43/301 | train_loss=6.5781 train_acc=83.16% | val_loss=0.5779 val_acc=81.16% | lr=3.000000e-06
Epoch 44/301 | train_loss=6.4786 train_acc=83.23% | val_loss=0.5739 val_acc=81.76% | lr=3.000000e-06
Saved new best model to /tmp/bow_mlp_imdb_jw8yc9wk.pt
Epoch 45/301 | train_loss=6.3825 train_acc=83.38% | val_loss=0.5700 val_acc=81.76% | lr=3.000000e-06
Epoch 46/301 | train_loss=6.2924 train_acc=83.65% | val_loss=0.5661 val_acc=81.84% | lr=3.000000e-06
Saved new best model to /tmp/bow_mlp_imdb_jw8yc9wk.pt
Epoch 47/301 | train_loss=6.2052 train_acc=83.73% | val_loss=0.5621 val_acc=82.04% | lr=3.000000e-06
Saved new best model to /tmp/bow_mlp_imdb_jw8yc9wk.pt
Epoch 48/301 | train_loss=6.1206 train_acc=83.93% | val_loss=0.5581 val_acc=82.28% | lr=3.000000e-06
Saved new best model to /tmp/bow_mlp_imdb_jw8yc9wk.pt
Epoch 49/301 | train_loss=6.0384 train_acc=84.20% | val_loss=0.5545 val_acc=82.32% | lr=3.000000e-06
Saved new best model to /tmp/bow_mlp_imdb_jw8yc9wk.pt
Epoch 50/301 | train_loss=5.9602 train_acc=84.31% | val_loss=0.5503 val_acc=82.52% | lr=3.000000e-06
Saved new best model to /tmp/bow_mlp_imdb_jw8yc9wk.pt
Epoch 51/301 | train_loss=5.8844 train_acc=84.47% | val_loss=0.5464 val_acc=82.68% | lr=3.000000e-06
Saved new best model to /tmp/bow_mlp_imdb_jw8yc9wk.pt
Epoch 52/301 | train_loss=5.8110 train_acc=84.73% | val_loss=0.5427 val_acc=82.78% | lr=3.000000e-06
Saved new best model to /tmp/bow_mlp_imdb_jw8yc9wk.pt
Epoch 53/301 | train_loss=5.7388 train_acc=84.81% | val_loss=0.5386 val_acc=83.24% | lr=3.000000e-06
Saved new best model to /tmp/bow_mlp_imdb_jw8yc9wk.pt
Epoch 54/301 | train_loss=5.6718 train_acc=84.95% | val_loss=0.5348 val_acc=83.18% | lr=3.000000e-06
Epoch 55/301 | train_loss=5.6054 train_acc=85.14% | val_loss=0.5309 val_acc=83.56% | lr=3.000000e-06
Saved new best model to /tmp/bow_mlp_imdb_jw8yc9wk.pt
Epoch 56/301 | train_loss=5.5417 train_acc=85.24% | val_loss=0.5270 val_acc=83.68% | lr=3.000000e-06
Saved new best model to /tmp/bow_mlp_imdb_jw8yc9wk.pt
Epoch 57/301 | train_loss=5.4803 train_acc=85.44% | val_loss=0.5232 val_acc=83.80% | lr=3.000000e-06
Saved new best model to /tmp/bow_mlp_imdb_jw8yc9wk.pt
Epoch 58/301 | train_loss=5.4203 train_acc=85.65% | val_loss=0.5195 val_acc=83.84% | lr=3.000000e-06
Saved new best model to /tmp/bow_mlp_imdb_jw8yc9wk.pt
Epoch 59/301 | train_loss=5.3610 train_acc=85.76% | val_loss=0.5159 val_acc=83.88% | lr=3.000000e-06
Saved new best model to /tmp/bow_mlp_imdb_jw8yc9wk.pt
Epoch 60/301 | train_loss=5.3032 train_acc=85.91% | val_loss=0.5119 val_acc=84.24% | lr=3.000000e-06
Saved new best model to /tmp/bow_mlp_imdb_jw8yc9wk.pt
Epoch 61/301 | train_loss=5.2477 train_acc=86.06% | val_loss=0.5080 val_acc=84.36% | lr=3.000000e-06
Saved new best model to /tmp/bow_mlp_imdb_jw8yc9wk.pt
Epoch 62/301 | train_loss=5.1932 train_acc=86.19% | val_loss=0.5044 val_acc=84.46% | lr=3.000000e-06
Saved new best model to /tmp/bow_mlp_imdb_jw8yc9wk.pt
Epoch 63/301 | train_loss=5.1414 train_acc=86.37% | val_loss=0.5005 val_acc=84.66% | lr=3.000000e-06
Saved new best model to /tmp/bow_mlp_imdb_jw8yc9wk.pt
Epoch 64/301 | train_loss=5.0906 train_acc=86.59% | val_loss=0.4968 val_acc=84.54% | lr=3.000000e-06
Epoch 65/301 | train_loss=5.0405 train_acc=86.72% | val_loss=0.4930 val_acc=84.78% | lr=3.000000e-06
Saved new best model to /tmp/bow_mlp_imdb_jw8yc9wk.pt
Epoch 66/301 | train_loss=4.9918 train_acc=86.84% | val_loss=0.4893 val_acc=84.88% | lr=3.000000e-06
Saved new best model to /tmp/bow_mlp_imdb_jw8yc9wk.pt
Epoch 67/301 | train_loss=4.9449 train_acc=86.95% | val_loss=0.4856 val_acc=85.12% | lr=3.000000e-06
Saved new best model to /tmp/bow_mlp_imdb_jw8yc9wk.pt
Epoch 68/301 | train_loss=4.8991 train_acc=87.03% | val_loss=0.4820 val_acc=85.22% | lr=3.000000e-06
Saved new best model to /tmp/bow_mlp_imdb_jw8yc9wk.pt
Epoch 69/301 | train_loss=4.8536 train_acc=87.20% | val_loss=0.4785 val_acc=85.34% | lr=3.000000e-06
Saved new best model to /tmp/bow_mlp_imdb_jw8yc9wk.pt
Epoch 70/301 | train_loss=4.8105 train_acc=87.31% | val_loss=0.4748 val_acc=85.40% | lr=3.000000e-06
Saved new best model to /tmp/bow_mlp_imdb_jw8yc9wk.pt
Epoch 71/301 | train_loss=4.7679 train_acc=87.41% | val_loss=0.4713 val_acc=85.58% | lr=3.000000e-06
Saved new best model to /tmp/bow_mlp_imdb_jw8yc9wk.pt
Epoch 72/301 | train_loss=4.7265 train_acc=87.61% | val_loss=0.4679 val_acc=85.78% | lr=3.000000e-06
Saved new best model to /tmp/bow_mlp_imdb_jw8yc9wk.pt
Epoch 73/301 | train_loss=4.6863 train_acc=87.69% | val_loss=0.4643 val_acc=85.92% | lr=3.000000e-06
Saved new best model to /tmp/bow_mlp_imdb_jw8yc9wk.pt
Epoch 74/301 | train_loss=4.6451 train_acc=87.87% | val_loss=0.4609 val_acc=85.76% | lr=3.000000e-06
Epoch 75/301 | train_loss=4.6068 train_acc=88.03% | val_loss=0.4574 val_acc=86.02% | lr=3.000000e-06
Saved new best model to /tmp/bow_mlp_imdb_jw8yc9wk.pt
Epoch 76/301 | train_loss=4.5689 train_acc=88.16% | val_loss=0.4540 val_acc=86.14% | lr=3.000000e-06
Saved new best model to /tmp/bow_mlp_imdb_jw8yc9wk.pt
Epoch 77/301 | train_loss=4.5324 train_acc=88.31% | val_loss=0.4506 val_acc=86.40% | lr=3.000000e-06
Saved new best model to /tmp/bow_mlp_imdb_jw8yc9wk.pt
Epoch 78/301 | train_loss=4.4960 train_acc=88.41% | val_loss=0.4474 val_acc=86.34% | lr=3.000000e-06
Epoch 79/301 | train_loss=4.4593 train_acc=88.66% | val_loss=0.4440 val_acc=86.48% | lr=3.000000e-06
Saved new best model to /tmp/bow_mlp_imdb_jw8yc9wk.pt
Epoch 80/301 | train_loss=4.4256 train_acc=88.72% | val_loss=0.4408 val_acc=86.56% | lr=3.000000e-06
Saved new best model to /tmp/bow_mlp_imdb_jw8yc9wk.pt
Epoch 81/301 | train_loss=4.3920 train_acc=88.91% | val_loss=0.4376 val_acc=86.52% | lr=3.000000e-06
Epoch 82/301 | train_loss=4.3588 train_acc=88.92% | val_loss=0.4344 val_acc=86.70% | lr=3.000000e-06
Saved new best model to /tmp/bow_mlp_imdb_jw8yc9wk.pt
Epoch 83/301 | train_loss=4.3262 train_acc=89.13% | val_loss=0.4313 val_acc=86.76% | lr=3.000000e-06
Saved new best model to /tmp/bow_mlp_imdb_jw8yc9wk.pt
Epoch 84/301 | train_loss=4.2935 train_acc=89.25% | val_loss=0.4281 val_acc=86.86% | lr=3.000000e-06
Saved new best model to /tmp/bow_mlp_imdb_jw8yc9wk.pt
Epoch 85/301 | train_loss=4.2623 train_acc=89.38% | val_loss=0.4251 val_acc=86.90% | lr=3.000000e-06
Saved new best model to /tmp/bow_mlp_imdb_jw8yc9wk.pt
Epoch 86/301 | train_loss=4.2319 train_acc=89.53% | val_loss=0.4220 val_acc=87.00% | lr=3.000000e-06
Saved new best model to /tmp/bow_mlp_imdb_jw8yc9wk.pt
Epoch 87/301 | train_loss=4.2019 train_acc=89.70% | val_loss=0.4191 val_acc=87.04% | lr=3.000000e-06
Saved new best model to /tmp/bow_mlp_imdb_jw8yc9wk.pt
Epoch 88/301 | train_loss=4.1730 train_acc=89.80% | val_loss=0.4160 val_acc=87.16% | lr=3.000000e-06
Saved new best model to /tmp/bow_mlp_imdb_jw8yc9wk.pt
Epoch 89/301 | train_loss=4.1436 train_acc=89.88% | val_loss=0.4130 val_acc=87.06% | lr=3.000000e-06
Epoch 90/301 | train_loss=4.1156 train_acc=89.96% | val_loss=0.4102 val_acc=87.20% | lr=3.000000e-06
Saved new best model to /tmp/bow_mlp_imdb_jw8yc9wk.pt
Epoch 91/301 | train_loss=4.0883 train_acc=90.07% | val_loss=0.4073 val_acc=87.28% | lr=3.000000e-06
Saved new best model to /tmp/bow_mlp_imdb_jw8yc9wk.pt
Epoch 92/301 | train_loss=4.0621 train_acc=90.22% | val_loss=0.4045 val_acc=87.28% | lr=3.000000e-06
Epoch 93/301 | train_loss=4.0354 train_acc=90.31% | val_loss=0.4018 val_acc=87.34% | lr=3.000000e-06
Saved new best model to /tmp/bow_mlp_imdb_jw8yc9wk.pt
Epoch 94/301 | train_loss=4.0092 train_acc=90.44% | val_loss=0.3990 val_acc=87.24% | lr=3.000000e-06
Epoch 95/301 | train_loss=3.9835 train_acc=90.62% | val_loss=0.3963 val_acc=87.40% | lr=3.000000e-06
Saved new best model to /tmp/bow_mlp_imdb_jw8yc9wk.pt
Epoch 96/301 | train_loss=3.9578 train_acc=90.66% | val_loss=0.3937 val_acc=87.46% | lr=3.000000e-06
Saved new best model to /tmp/bow_mlp_imdb_jw8yc9wk.pt
Epoch 97/301 | train_loss=3.9322 train_acc=90.77% | val_loss=0.3912 val_acc=87.50% | lr=3.000000e-06
Saved new best model to /tmp/bow_mlp_imdb_jw8yc9wk.pt
Epoch 98/301 | train_loss=3.9079 train_acc=90.84% | val_loss=0.3884 val_acc=87.48% | lr=3.000000e-06
Epoch 99/301 | train_loss=3.8849 train_acc=90.97% | val_loss=0.3859 val_acc=87.60% | lr=3.000000e-06
Saved new best model to /tmp/bow_mlp_imdb_jw8yc9wk.pt
Epoch 100/301 | train_loss=3.8620 train_acc=91.11% | val_loss=0.3835 val_acc=87.58% | lr=3.000000e-06
Epoch 101/301 | train_loss=3.8394 train_acc=91.18% | val_loss=0.3810 val_acc=87.70% | lr=3.000000e-06
Saved new best model to /tmp/bow_mlp_imdb_jw8yc9wk.pt
Epoch 102/301 | train_loss=3.8167 train_acc=91.32% | val_loss=0.3786 val_acc=87.76% | lr=3.000000e-06
Saved new best model to /tmp/bow_mlp_imdb_jw8yc9wk.pt
Epoch 103/301 | train_loss=3.7949 train_acc=91.35% | val_loss=0.3762 val_acc=87.76% | lr=3.000000e-06
Epoch 104/301 | train_loss=3.7723 train_acc=91.56% | val_loss=0.3739 val_acc=87.72% | lr=3.000000e-06
Epoch 105/301 | train_loss=3.7516 train_acc=91.59% | val_loss=0.3716 val_acc=87.84% | lr=3.000000e-06
Saved new best model to /tmp/bow_mlp_imdb_jw8yc9wk.pt
Epoch 106/301 | train_loss=3.7305 train_acc=91.70% | val_loss=0.3694 val_acc=87.76% | lr=3.000000e-06
Epoch 107/301 | train_loss=3.7095 train_acc=91.75% | val_loss=0.3671 val_acc=87.84% | lr=3.000000e-06
Epoch 108/301 | train_loss=3.6887 train_acc=91.90% | val_loss=0.3650 val_acc=88.04% | lr=3.000000e-06
Saved new best model to /tmp/bow_mlp_imdb_jw8yc9wk.pt
Epoch 109/301 | train_loss=3.6684 train_acc=92.00% | val_loss=0.3629 val_acc=88.02% | lr=3.000000e-06
Epoch 110/301 | train_loss=3.6488 train_acc=92.03% | val_loss=0.3606 val_acc=88.02% | lr=3.000000e-06
Epoch 111/301 | train_loss=3.6293 train_acc=92.11% | val_loss=0.3585 val_acc=88.06% | lr=3.000000e-06
Saved new best model to /tmp/bow_mlp_imdb_jw8yc9wk.pt
Epoch 112/301 | train_loss=3.6103 train_acc=92.24% | val_loss=0.3565 val_acc=88.08% | lr=3.000000e-06
Saved new best model to /tmp/bow_mlp_imdb_jw8yc9wk.pt
Epoch 113/301 | train_loss=3.5919 train_acc=92.32% | val_loss=0.3548 val_acc=88.06% | lr=3.000000e-06
Epoch 114/301 | train_loss=3.5732 train_acc=92.44% | val_loss=0.3526 val_acc=87.96% | lr=3.000000e-06
Epoch 115/301 | train_loss=3.5550 train_acc=92.52% | val_loss=0.3506 val_acc=88.20% | lr=3.000000e-06
Saved new best model to /tmp/bow_mlp_imdb_jw8yc9wk.pt
Epoch 116/301 | train_loss=3.5369 train_acc=92.62% | val_loss=0.3488 val_acc=88.16% | lr=3.000000e-06
Epoch 117/301 | train_loss=3.5180 train_acc=92.71% | val_loss=0.3468 val_acc=88.14% | lr=3.000000e-06
Epoch 118/301 | train_loss=3.5004 train_acc=92.78% | val_loss=0.3450 val_acc=88.24% | lr=3.000000e-06
Saved new best model to /tmp/bow_mlp_imdb_jw8yc9wk.pt
Epoch 119/301 | train_loss=3.4836 train_acc=92.87% | val_loss=0.3432 val_acc=88.30% | lr=3.000000e-06
Saved new best model to /tmp/bow_mlp_imdb_jw8yc9wk.pt
Epoch 120/301 | train_loss=3.4665 train_acc=92.98% | val_loss=0.3413 val_acc=88.26% | lr=3.000000e-06
Epoch 121/301 | train_loss=3.4488 train_acc=93.03% | val_loss=0.3396 val_acc=88.28% | lr=3.000000e-06
Epoch 122/301 | train_loss=3.4318 train_acc=93.10% | val_loss=0.3379 val_acc=88.40% | lr=3.000000e-06
Saved new best model to /tmp/bow_mlp_imdb_jw8yc9wk.pt
Epoch 123/301 | train_loss=3.4150 train_acc=93.20% | val_loss=0.3362 val_acc=88.48% | lr=3.000000e-06
Saved new best model to /tmp/bow_mlp_imdb_jw8yc9wk.pt
Epoch 124/301 | train_loss=3.3992 train_acc=93.25% | val_loss=0.3346 val_acc=88.38% | lr=3.000000e-06
Epoch 125/301 | train_loss=3.3831 train_acc=93.32% | val_loss=0.3329 val_acc=88.44% | lr=3.000000e-06
Epoch 126/301 | train_loss=3.3675 train_acc=93.41% | val_loss=0.3315 val_acc=88.36% | lr=3.000000e-06
Epoch 127/301 | train_loss=3.3510 train_acc=93.48% | val_loss=0.3297 val_acc=88.60% | lr=3.000000e-06
Saved new best model to /tmp/bow_mlp_imdb_jw8yc9wk.pt
Epoch 128/301 | train_loss=3.3359 train_acc=93.51% | val_loss=0.3282 val_acc=88.54% | lr=3.000000e-06
Epoch 129/301 | train_loss=3.3196 train_acc=93.67% | val_loss=0.3267 val_acc=88.56% | lr=3.000000e-06
Epoch 130/301 | train_loss=3.3040 train_acc=93.70% | val_loss=0.3252 val_acc=88.54% | lr=3.000000e-06
Epoch 131/301 | train_loss=3.2894 train_acc=93.78% | val_loss=0.3237 val_acc=88.58% | lr=3.000000e-06
Epoch 132/301 | train_loss=3.2747 train_acc=93.92% | val_loss=0.3222 val_acc=88.60% | lr=3.000000e-06
Epoch 133/301 | train_loss=3.2595 train_acc=93.95% | val_loss=0.3208 val_acc=88.60% | lr=3.000000e-06
Epoch 134/301 | train_loss=3.2446 train_acc=94.06% | val_loss=0.3195 val_acc=88.62% | lr=3.000000e-06
Saved new best model to /tmp/bow_mlp_imdb_jw8yc9wk.pt
Epoch 135/301 | train_loss=3.2304 train_acc=94.14% | val_loss=0.3182 val_acc=88.60% | lr=3.000000e-06
Epoch 136/301 | train_loss=3.2155 train_acc=94.20% | val_loss=0.3168 val_acc=88.62% | lr=3.000000e-06
Epoch 137/301 | train_loss=3.2016 train_acc=94.31% | val_loss=0.3155 val_acc=88.68% | lr=3.000000e-06
Saved new best model to /tmp/bow_mlp_imdb_jw8yc9wk.pt
Epoch 138/301 | train_loss=3.1878 train_acc=94.36% | val_loss=0.3142 val_acc=88.68% | lr=3.000000e-06
Epoch 139/301 | train_loss=3.1732 train_acc=94.48% | val_loss=0.3129 val_acc=88.74% | lr=3.000000e-06
Saved new best model to /tmp/bow_mlp_imdb_jw8yc9wk.pt
Epoch 140/301 | train_loss=3.1599 train_acc=94.49% | val_loss=0.3118 val_acc=88.76% | lr=3.000000e-06
Saved new best model to /tmp/bow_mlp_imdb_jw8yc9wk.pt
Epoch 141/301 | train_loss=3.1465 train_acc=94.58% | val_loss=0.3105 val_acc=88.76% | lr=3.000000e-06
Epoch 142/301 | train_loss=3.1326 train_acc=94.67% | val_loss=0.3092 val_acc=88.78% | lr=3.000000e-06
Saved new best model to /tmp/bow_mlp_imdb_jw8yc9wk.pt
Epoch 143/301 | train_loss=3.1192 train_acc=94.73% | val_loss=0.3081 val_acc=88.82% | lr=3.000000e-06
Saved new best model to /tmp/bow_mlp_imdb_jw8yc9wk.pt
Epoch 144/301 | train_loss=3.1050 train_acc=94.80% | val_loss=0.3068 val_acc=88.86% | lr=3.000000e-06
Saved new best model to /tmp/bow_mlp_imdb_jw8yc9wk.pt
Epoch 145/301 | train_loss=3.0919 train_acc=94.88% | val_loss=0.3057 val_acc=88.84% | lr=3.000000e-06
Epoch 146/301 | train_loss=3.0785 train_acc=94.97% | val_loss=0.3046 val_acc=88.90% | lr=3.000000e-06
Saved new best model to /tmp/bow_mlp_imdb_jw8yc9wk.pt
Epoch 147/301 | train_loss=3.0652 train_acc=95.02% | val_loss=0.3035 val_acc=88.86% | lr=3.000000e-06
Epoch 148/301 | train_loss=3.0521 train_acc=95.07% | val_loss=0.3027 val_acc=89.02% | lr=3.000000e-06
Saved new best model to /tmp/bow_mlp_imdb_jw8yc9wk.pt
Epoch 149/301 | train_loss=3.0396 train_acc=95.15% | val_loss=0.3013 val_acc=88.98% | lr=3.000000e-06
Epoch 150/301 | train_loss=3.0273 train_acc=95.23% | val_loss=0.3003 val_acc=89.04% | lr=3.000000e-06
Saved new best model to /tmp/bow_mlp_imdb_jw8yc9wk.pt
Epoch 151/301 | train_loss=3.0141 train_acc=95.27% | val_loss=0.2993 val_acc=89.02% | lr=3.000000e-06
Epoch 152/301 | train_loss=3.0021 train_acc=95.37% | val_loss=0.2983 val_acc=89.08% | lr=3.000000e-06
Saved new best model to /tmp/bow_mlp_imdb_jw8yc9wk.pt
Epoch 153/301 | train_loss=2.9894 train_acc=95.45% | val_loss=0.2973 val_acc=89.12% | lr=3.000000e-06
Saved new best model to /tmp/bow_mlp_imdb_jw8yc9wk.pt
Epoch 154/301 | train_loss=2.9775 train_acc=95.48% | val_loss=0.2963 val_acc=89.10% | lr=3.000000e-06
Epoch 155/301 | train_loss=2.9653 train_acc=95.55% | val_loss=0.2954 val_acc=89.18% | lr=3.000000e-06
Saved new best model to /tmp/bow_mlp_imdb_jw8yc9wk.pt
Epoch 156/301 | train_loss=2.9526 train_acc=95.62% | val_loss=0.2944 val_acc=89.14% | lr=3.000000e-06
Epoch 157/301 | train_loss=2.9406 train_acc=95.65% | val_loss=0.2936 val_acc=89.20% | lr=3.000000e-06
Saved new best model to /tmp/bow_mlp_imdb_jw8yc9wk.pt
Epoch 158/301 | train_loss=2.9290 train_acc=95.75% | val_loss=0.2926 val_acc=89.10% | lr=3.000000e-06
Epoch 159/301 | train_loss=2.9166 train_acc=95.82% | val_loss=0.2918 val_acc=89.22% | lr=3.000000e-06
Saved new best model to /tmp/bow_mlp_imdb_jw8yc9wk.pt
Epoch 160/301 | train_loss=2.9052 train_acc=95.93% | val_loss=0.2909 val_acc=89.18% | lr=3.000000e-06
Epoch 161/301 | train_loss=2.8932 train_acc=95.97% | val_loss=0.2901 val_acc=89.18% | lr=3.000000e-06
Epoch 162/301 | train_loss=2.8813 train_acc=96.03% | val_loss=0.2892 val_acc=89.12% | lr=3.000000e-06
Epoch 163/301 | train_loss=2.8704 train_acc=96.08% | val_loss=0.2886 val_acc=89.24% | lr=3.000000e-06
Saved new best model to /tmp/bow_mlp_imdb_jw8yc9wk.pt
Epoch 164/301 | train_loss=2.8591 train_acc=96.14% | val_loss=0.2878 val_acc=89.26% | lr=3.000000e-06
Saved new best model to /tmp/bow_mlp_imdb_jw8yc9wk.pt
Epoch 165/301 | train_loss=2.8481 train_acc=96.19% | val_loss=0.2868 val_acc=89.04% | lr=3.000000e-06
Epoch 166/301 | train_loss=2.8363 train_acc=96.23% | val_loss=0.2862 val_acc=89.24% | lr=3.000000e-06
Epoch 167/301 | train_loss=2.8248 train_acc=96.29% | val_loss=0.2854 val_acc=89.18% | lr=3.000000e-06
Epoch 168/301 | train_loss=2.8131 train_acc=96.38% | val_loss=0.2846 val_acc=89.10% | lr=3.000000e-06
Epoch 169/301 | train_loss=2.8024 train_acc=96.37% | val_loss=0.2840 val_acc=89.26% | lr=3.000000e-06
Epoch 170/301 | train_loss=2.7920 train_acc=96.44% | val_loss=0.2832 val_acc=89.16% | lr=3.000000e-06
Epoch 171/301 | train_loss=2.7810 train_acc=96.49% | val_loss=0.2825 val_acc=89.10% | lr=3.000000e-06
Epoch 172/301 | train_loss=2.7699 train_acc=96.54% | val_loss=0.2820 val_acc=89.30% | lr=3.000000e-06
Saved new best model to /tmp/bow_mlp_imdb_jw8yc9wk.pt
Epoch 173/301 | train_loss=2.7587 train_acc=96.61% | val_loss=0.2815 val_acc=89.48% | lr=3.000000e-06
Saved new best model to /tmp/bow_mlp_imdb_jw8yc9wk.pt
Epoch 174/301 | train_loss=2.7475 train_acc=96.69% | val_loss=0.2806 val_acc=89.12% | lr=3.000000e-06
Epoch 175/301 | train_loss=2.7366 train_acc=96.69% | val_loss=0.2799 val_acc=89.18% | lr=3.000000e-06
Epoch 176/301 | train_loss=2.7260 train_acc=96.78% | val_loss=0.2793 val_acc=89.14% | lr=3.000000e-06
Epoch 177/301 | train_loss=2.7157 train_acc=96.85% | val_loss=0.2788 val_acc=89.34% | lr=3.000000e-06
Epoch 178/301 | train_loss=2.7060 train_acc=96.89% | val_loss=0.2783 val_acc=89.36% | lr=3.000000e-06
Epoch 179/301 | train_loss=2.6957 train_acc=96.97% | val_loss=0.2775 val_acc=89.16% | lr=3.000000e-06
Epoch 180/301 | train_loss=2.6846 train_acc=97.00% | val_loss=0.2770 val_acc=89.18% | lr=3.000000e-06
Epoch 181/301 | train_loss=2.6744 train_acc=97.05% | val_loss=0.2765 val_acc=89.28% | lr=3.000000e-06
Epoch 182/301 | train_loss=2.6638 train_acc=97.12% | val_loss=0.2761 val_acc=89.32% | lr=3.000000e-06
Epoch 183/301 | train_loss=2.6539 train_acc=97.16% | val_loss=0.2754 val_acc=89.18% | lr=3.000000e-06
Epoch 184/301 | train_loss=2.6442 train_acc=97.17% | val_loss=0.2749 val_acc=89.18% | lr=3.000000e-06
Epoch 185/301 | train_loss=2.6345 train_acc=97.26% | val_loss=0.2747 val_acc=89.36% | lr=3.000000e-06
Epoch 186/301 | train_loss=2.6237 train_acc=97.28% | val_loss=0.2741 val_acc=89.34% | lr=3.000000e-06
Epoch 187/301 | train_loss=2.6135 train_acc=97.32% | val_loss=0.2736 val_acc=89.36% | lr=3.000000e-06
Epoch 188/301 | train_loss=2.6043 train_acc=97.36% | val_loss=0.2731 val_acc=89.18% | lr=3.000000e-06
Epoch 189/301 | train_loss=2.5939 train_acc=97.40% | val_loss=0.2727 val_acc=89.24% | lr=3.000000e-06
Epoch 190/301 | train_loss=2.5847 train_acc=97.45% | val_loss=0.2722 val_acc=89.16% | lr=3.000000e-06
Epoch 191/301 | train_loss=2.5747 train_acc=97.46% | val_loss=0.2719 val_acc=89.24% | lr=3.000000e-06
Epoch 192/301 | train_loss=2.5645 train_acc=97.50% | val_loss=0.2717 val_acc=89.44% | lr=3.000000e-06
Epoch 193/301 | train_loss=2.5546 train_acc=97.56% | val_loss=0.2711 val_acc=89.24% | lr=3.000000e-06
Epoch 194/301 | train_loss=2.5452 train_acc=97.59% | val_loss=0.2709 val_acc=89.36% | lr=3.000000e-06
Epoch 195/301 | train_loss=2.5353 train_acc=97.61% | val_loss=0.2709 val_acc=89.54% | lr=3.000000e-06
Saved new best model to /tmp/bow_mlp_imdb_jw8yc9wk.pt
Epoch 196/301 | train_loss=2.5261 train_acc=97.72% | val_loss=0.2701 val_acc=89.28% | lr=3.000000e-06
Epoch 197/301 | train_loss=2.5170 train_acc=97.73% | val_loss=0.2698 val_acc=89.30% | lr=3.000000e-06
Epoch 198/301 | train_loss=2.5078 train_acc=97.80% | val_loss=0.2693 val_acc=89.12% | lr=3.000000e-06
Epoch 199/301 | train_loss=2.4986 train_acc=97.83% | val_loss=0.2694 val_acc=89.44% | lr=3.000000e-06
Epoch 200/301 | train_loss=2.4896 train_acc=97.89% | val_loss=0.2688 val_acc=89.26% | lr=3.000000e-06
Epoch 201/301 | train_loss=2.4799 train_acc=97.91% | val_loss=0.2690 val_acc=89.40% | lr=3.000000e-06
Epoch 202/301 | train_loss=2.4702 train_acc=97.95% | val_loss=0.2682 val_acc=89.20% | lr=3.000000e-06
Epoch 203/301 | train_loss=2.4610 train_acc=97.99% | val_loss=0.2680 val_acc=89.28% | lr=3.000000e-06
Epoch 204/301 | train_loss=2.4515 train_acc=98.04% | val_loss=0.2678 val_acc=89.28% | lr=3.000000e-06
Epoch 205/301 | train_loss=2.4429 train_acc=98.08% | val_loss=0.2678 val_acc=89.26% | lr=3.000000e-06
Epoch 206/301 | train_loss=2.4334 train_acc=98.11% | val_loss=0.2673 val_acc=89.24% | lr=3.000000e-06
Epoch 207/301 | train_loss=2.4243 train_acc=98.16% | val_loss=0.2671 val_acc=89.22% | lr=3.000000e-06
Epoch 208/301 | train_loss=2.4154 train_acc=98.17% | val_loss=0.2674 val_acc=89.34% | lr=3.000000e-06
Epoch 209/301 | train_loss=2.4071 train_acc=98.19% | val_loss=0.2669 val_acc=89.26% | lr=3.000000e-06
Epoch 210/301 | train_loss=2.3984 train_acc=98.25% | val_loss=0.2665 val_acc=89.16% | lr=3.000000e-06
Epoch 211/301 | train_loss=2.3897 train_acc=98.27% | val_loss=0.2667 val_acc=89.32% | lr=3.000000e-06
Epoch 212/301 | train_loss=2.3808 train_acc=98.31% | val_loss=0.2663 val_acc=89.20% | lr=3.000000e-06
Epoch 213/301 | train_loss=2.3715 train_acc=98.32% | val_loss=0.2661 val_acc=89.20% | lr=3.000000e-06
Epoch 214/301 | train_loss=2.3625 train_acc=98.36% | val_loss=0.2659 val_acc=89.18% | lr=3.000000e-06
Epoch 215/301 | train_loss=2.3536 train_acc=98.38% | val_loss=0.2663 val_acc=89.36% | lr=3.000000e-06
Epoch 216/301 | train_loss=2.3452 train_acc=98.39% | val_loss=0.2657 val_acc=89.18% | lr=3.000000e-06
Epoch 217/301 | train_loss=2.3367 train_acc=98.45% | val_loss=0.2656 val_acc=89.20% | lr=3.000000e-06
Epoch 218/301 | train_loss=2.3287 train_acc=98.49% | val_loss=0.2657 val_acc=89.20% | lr=3.000000e-06
Epoch 219/301 | train_loss=2.3203 train_acc=98.53% | val_loss=0.2654 val_acc=89.22% | lr=3.000000e-06
Epoch 220/301 | train_loss=2.3113 train_acc=98.57% | val_loss=0.2655 val_acc=89.26% | lr=3.000000e-06
Epoch 221/301 | train_loss=2.3024 train_acc=98.58% | val_loss=0.2654 val_acc=89.22% | lr=3.000000e-06
Epoch 222/301 | train_loss=2.2945 train_acc=98.59% | val_loss=0.2653 val_acc=89.20% | lr=3.000000e-06
Epoch 223/301 | train_loss=2.2863 train_acc=98.63% | val_loss=0.2652 val_acc=89.24% | lr=3.000000e-06
Epoch 224/301 | train_loss=2.2777 train_acc=98.66% | val_loss=0.2652 val_acc=89.26% | lr=3.000000e-06
Epoch 225/301 | train_loss=2.2698 train_acc=98.69% | val_loss=0.2653 val_acc=89.26% | lr=3.000000e-06
Epoch 226/301 | train_loss=2.2614 train_acc=98.72% | val_loss=0.2655 val_acc=89.30% | lr=3.000000e-06
Epoch 227/301 | train_loss=2.2531 train_acc=98.76% | val_loss=0.2653 val_acc=89.30% | lr=3.000000e-06
Epoch 228/301 | train_loss=2.2450 train_acc=98.76% | val_loss=0.2658 val_acc=89.36% | lr=3.000000e-06
Epoch 229/301 | train_loss=2.2367 train_acc=98.78% | val_loss=0.2654 val_acc=89.38% | lr=3.000000e-06
Epoch 230/301 | train_loss=2.2281 train_acc=98.79% | val_loss=0.2656 val_acc=89.38% | lr=3.000000e-06
Epoch 231/301 | train_loss=2.2199 train_acc=98.83% | val_loss=0.2656 val_acc=89.40% | lr=3.000000e-06
Validation loss has not improved for 8 epochs. Stopping training.
Test loss=0.2984 | Test accuracy=88.29%
