Loading IMDb dataset from local disk: /home/daniel/l/masteruppsats/np-reg/language/data/imdb_hf
Using device: cuda
BoW vocab size: 50000
Epoch 1/301 | train_loss=6.4435 train_acc=58.45% | val_loss=0.6519 val_acc=75.56% | lr=3.000000e-05
Saved new best model to /tmp/bow_mlp_imdb_iizurzj3.pt
Epoch 2/301 | train_loss=1.9399 train_acc=83.20% | val_loss=0.5883 val_acc=84.46% | lr=3.000000e-05
Saved new best model to /tmp/bow_mlp_imdb_iizurzj3.pt
Epoch 3/301 | train_loss=0.8585 train_acc=88.02% | val_loss=0.5278 val_acc=86.04% | lr=3.000000e-05
Saved new best model to /tmp/bow_mlp_imdb_iizurzj3.pt
Epoch 4/301 | train_loss=0.6528 train_acc=89.79% | val_loss=0.4771 val_acc=87.58% | lr=3.000000e-05
Saved new best model to /tmp/bow_mlp_imdb_iizurzj3.pt
Epoch 5/301 | train_loss=0.5820 train_acc=90.94% | val_loss=0.4374 val_acc=88.26% | lr=3.000000e-05
Saved new best model to /tmp/bow_mlp_imdb_iizurzj3.pt
Epoch 6/301 | train_loss=0.5313 train_acc=91.94% | val_loss=0.4057 val_acc=88.66% | lr=3.000000e-05
Saved new best model to /tmp/bow_mlp_imdb_iizurzj3.pt
Epoch 7/301 | train_loss=0.4884 train_acc=92.70% | val_loss=0.3802 val_acc=89.18% | lr=3.000000e-05
Saved new best model to /tmp/bow_mlp_imdb_iizurzj3.pt
Epoch 8/301 | train_loss=0.4512 train_acc=93.31% | val_loss=0.3589 val_acc=89.32% | lr=3.000000e-05
Saved new best model to /tmp/bow_mlp_imdb_iizurzj3.pt
Epoch 9/301 | train_loss=0.4184 train_acc=93.89% | val_loss=0.3416 val_acc=89.56% | lr=3.000000e-05
Saved new best model to /tmp/bow_mlp_imdb_iizurzj3.pt
Epoch 10/301 | train_loss=0.3890 train_acc=94.42% | val_loss=0.3271 val_acc=89.62% | lr=3.000000e-05
Saved new best model to /tmp/bow_mlp_imdb_iizurzj3.pt
Epoch 11/301 | train_loss=0.3625 train_acc=94.88% | val_loss=0.3152 val_acc=89.68% | lr=3.000000e-05
Saved new best model to /tmp/bow_mlp_imdb_iizurzj3.pt
Epoch 12/301 | train_loss=0.3385 train_acc=95.34% | val_loss=0.3045 val_acc=89.94% | lr=3.000000e-05
Saved new best model to /tmp/bow_mlp_imdb_iizurzj3.pt
Epoch 13/301 | train_loss=0.3163 train_acc=95.78% | val_loss=0.2958 val_acc=90.00% | lr=3.000000e-05
Saved new best model to /tmp/bow_mlp_imdb_iizurzj3.pt
Epoch 14/301 | train_loss=0.2961 train_acc=96.05% | val_loss=0.2884 val_acc=89.98% | lr=3.000000e-05
Epoch 15/301 | train_loss=0.2773 train_acc=96.43% | val_loss=0.2827 val_acc=89.98% | lr=3.000000e-05
Epoch 16/301 | train_loss=0.2600 train_acc=96.69% | val_loss=0.2766 val_acc=90.12% | lr=3.000000e-05
Saved new best model to /tmp/bow_mlp_imdb_iizurzj3.pt
Epoch 17/301 | train_loss=0.2439 train_acc=96.93% | val_loss=0.2720 val_acc=90.12% | lr=3.000000e-05
Epoch 18/301 | train_loss=0.2291 train_acc=97.28% | val_loss=0.2681 val_acc=89.94% | lr=3.000000e-05
Epoch 19/301 | train_loss=0.2153 train_acc=97.50% | val_loss=0.2647 val_acc=89.88% | lr=3.000000e-05
Epoch 20/301 | train_loss=0.2022 train_acc=97.79% | val_loss=0.2621 val_acc=90.02% | lr=3.000000e-05
Epoch 21/301 | train_loss=0.1903 train_acc=98.02% | val_loss=0.2596 val_acc=89.94% | lr=3.000000e-05
Epoch 22/301 | train_loss=0.1791 train_acc=98.22% | val_loss=0.2588 val_acc=90.24% | lr=3.000000e-05
Saved new best model to /tmp/bow_mlp_imdb_iizurzj3.pt
Epoch 23/301 | train_loss=0.1688 train_acc=98.37% | val_loss=0.2565 val_acc=89.96% | lr=3.000000e-05
Epoch 24/301 | train_loss=0.1589 train_acc=98.61% | val_loss=0.2555 val_acc=89.80% | lr=3.000000e-05
Epoch 25/301 | train_loss=0.1498 train_acc=98.73% | val_loss=0.2546 val_acc=89.86% | lr=3.000000e-05
Epoch 26/301 | train_loss=0.1414 train_acc=98.88% | val_loss=0.2546 val_acc=90.10% | lr=3.000000e-05
Epoch 27/301 | train_loss=0.1334 train_acc=99.04% | val_loss=0.2543 val_acc=90.00% | lr=3.000000e-05
Epoch 28/301 | train_loss=0.1260 train_acc=99.15% | val_loss=0.2546 val_acc=90.04% | lr=3.000000e-05
Epoch 29/301 | train_loss=0.1191 train_acc=99.21% | val_loss=0.2550 val_acc=90.08% | lr=3.000000e-05
Epoch 30/301 | train_loss=0.1126 train_acc=99.28% | val_loss=0.2559 val_acc=90.12% | lr=3.000000e-05
Epoch 31/301 | train_loss=0.1065 train_acc=99.38% | val_loss=0.2572 val_acc=89.94% | lr=3.000000e-05
Epoch 32/301 | train_loss=0.1008 train_acc=99.44% | val_loss=0.2584 val_acc=89.98% | lr=3.000000e-05
Epoch 33/301 | train_loss=0.0955 train_acc=99.50% | val_loss=0.2605 val_acc=90.10% | lr=3.000000e-05
Epoch 34/301 | train_loss=0.0905 train_acc=99.55% | val_loss=0.2617 val_acc=90.06% | lr=3.000000e-05
Epoch 35/301 | train_loss=0.0858 train_acc=99.63% | val_loss=0.2639 val_acc=90.08% | lr=3.000000e-05
Validation loss has not improved for 8 epochs. Stopping training.
Test loss=0.2905 | Test accuracy=88.67%
