Loading IMDb dataset from local disk: /home/daniel/l/masteruppsats/np-reg/language/data/imdb_hf
Using device: cuda
BoW vocab size: 50000
Epoch 1/301 | train_loss=9.8736 train_acc=50.03% | val_loss=0.6969 val_acc=49.88% | lr=3.000000e-06
Saved new best model to /tmp/bow_mlp_imdb_9h1jlmtt.pt
Epoch 2/301 | train_loss=8.9697 train_acc=50.03% | val_loss=0.6926 val_acc=49.88% | lr=3.000000e-06
Epoch 3/301 | train_loss=7.9785 train_acc=50.03% | val_loss=0.6876 val_acc=49.92% | lr=3.000000e-06
Saved new best model to /tmp/bow_mlp_imdb_9h1jlmtt.pt
Epoch 4/301 | train_loss=7.0986 train_acc=50.42% | val_loss=0.6824 val_acc=50.94% | lr=3.000000e-06
Saved new best model to /tmp/bow_mlp_imdb_9h1jlmtt.pt
Epoch 5/301 | train_loss=6.3228 train_acc=52.98% | val_loss=0.6764 val_acc=55.70% | lr=3.000000e-06
Saved new best model to /tmp/bow_mlp_imdb_9h1jlmtt.pt
Epoch 6/301 | train_loss=5.6311 train_acc=60.95% | val_loss=0.6708 val_acc=60.66% | lr=3.000000e-06
Saved new best model to /tmp/bow_mlp_imdb_9h1jlmtt.pt
Epoch 7/301 | train_loss=5.0101 train_acc=67.81% | val_loss=0.6651 val_acc=66.02% | lr=3.000000e-06
Saved new best model to /tmp/bow_mlp_imdb_9h1jlmtt.pt
Epoch 8/301 | train_loss=4.4549 train_acc=73.14% | val_loss=0.6597 val_acc=70.48% | lr=3.000000e-06
Saved new best model to /tmp/bow_mlp_imdb_9h1jlmtt.pt
Epoch 9/301 | train_loss=3.9563 train_acc=77.61% | val_loss=0.6537 val_acc=73.22% | lr=3.000000e-06
Saved new best model to /tmp/bow_mlp_imdb_9h1jlmtt.pt
Epoch 10/301 | train_loss=3.5094 train_acc=80.47% | val_loss=0.6475 val_acc=76.94% | lr=3.000000e-06
Saved new best model to /tmp/bow_mlp_imdb_9h1jlmtt.pt
Epoch 11/301 | train_loss=3.1098 train_acc=82.30% | val_loss=0.6421 val_acc=77.02% | lr=3.000000e-06
Saved new best model to /tmp/bow_mlp_imdb_9h1jlmtt.pt
Epoch 12/301 | train_loss=2.7544 train_acc=82.98% | val_loss=0.6361 val_acc=79.74% | lr=3.000000e-06
Saved new best model to /tmp/bow_mlp_imdb_9h1jlmtt.pt
Epoch 13/301 | train_loss=2.4401 train_acc=84.14% | val_loss=0.6301 val_acc=81.66% | lr=3.000000e-06
Saved new best model to /tmp/bow_mlp_imdb_9h1jlmtt.pt
Epoch 14/301 | train_loss=2.1632 train_acc=85.39% | val_loss=0.6244 val_acc=81.52% | lr=3.000000e-06
Epoch 15/301 | train_loss=1.9207 train_acc=86.15% | val_loss=0.6182 val_acc=82.58% | lr=3.000000e-06
Saved new best model to /tmp/bow_mlp_imdb_9h1jlmtt.pt
Epoch 16/301 | train_loss=1.7093 train_acc=86.59% | val_loss=0.6120 val_acc=82.98% | lr=3.000000e-06
Saved new best model to /tmp/bow_mlp_imdb_9h1jlmtt.pt
Epoch 17/301 | train_loss=1.5262 train_acc=86.77% | val_loss=0.6056 val_acc=83.62% | lr=3.000000e-06
Saved new best model to /tmp/bow_mlp_imdb_9h1jlmtt.pt
Epoch 18/301 | train_loss=1.3693 train_acc=87.52% | val_loss=0.5992 val_acc=83.68% | lr=3.000000e-06
Saved new best model to /tmp/bow_mlp_imdb_9h1jlmtt.pt
Epoch 19/301 | train_loss=1.2357 train_acc=87.76% | val_loss=0.5926 val_acc=84.32% | lr=3.000000e-06
Saved new best model to /tmp/bow_mlp_imdb_9h1jlmtt.pt
Epoch 20/301 | train_loss=1.1227 train_acc=88.20% | val_loss=0.5861 val_acc=84.14% | lr=3.000000e-06
Epoch 21/301 | train_loss=1.0281 train_acc=88.40% | val_loss=0.5791 val_acc=84.64% | lr=3.000000e-06
Saved new best model to /tmp/bow_mlp_imdb_9h1jlmtt.pt
Epoch 22/301 | train_loss=0.9498 train_acc=88.56% | val_loss=0.5721 val_acc=84.94% | lr=3.000000e-06
Saved new best model to /tmp/bow_mlp_imdb_9h1jlmtt.pt
Epoch 23/301 | train_loss=0.8853 train_acc=88.88% | val_loss=0.5651 val_acc=85.48% | lr=3.000000e-06
Saved new best model to /tmp/bow_mlp_imdb_9h1jlmtt.pt
Epoch 24/301 | train_loss=0.8327 train_acc=89.17% | val_loss=0.5581 val_acc=85.66% | lr=3.000000e-06
Saved new best model to /tmp/bow_mlp_imdb_9h1jlmtt.pt
Epoch 25/301 | train_loss=0.7899 train_acc=89.28% | val_loss=0.5510 val_acc=85.84% | lr=3.000000e-06
Saved new best model to /tmp/bow_mlp_imdb_9h1jlmtt.pt
Epoch 26/301 | train_loss=0.7554 train_acc=89.48% | val_loss=0.5439 val_acc=86.00% | lr=3.000000e-06
Saved new best model to /tmp/bow_mlp_imdb_9h1jlmtt.pt
Epoch 27/301 | train_loss=0.7274 train_acc=89.61% | val_loss=0.5369 val_acc=86.24% | lr=3.000000e-06
Saved new best model to /tmp/bow_mlp_imdb_9h1jlmtt.pt
Epoch 28/301 | train_loss=0.7045 train_acc=89.66% | val_loss=0.5299 val_acc=86.44% | lr=3.000000e-06
Saved new best model to /tmp/bow_mlp_imdb_9h1jlmtt.pt
Epoch 29/301 | train_loss=0.6858 train_acc=89.89% | val_loss=0.5229 val_acc=86.56% | lr=3.000000e-06
Saved new best model to /tmp/bow_mlp_imdb_9h1jlmtt.pt
Epoch 30/301 | train_loss=0.6702 train_acc=89.89% | val_loss=0.5162 val_acc=86.64% | lr=3.000000e-06
Saved new best model to /tmp/bow_mlp_imdb_9h1jlmtt.pt
Epoch 31/301 | train_loss=0.6568 train_acc=90.03% | val_loss=0.5094 val_acc=86.94% | lr=3.000000e-06
Saved new best model to /tmp/bow_mlp_imdb_9h1jlmtt.pt
Epoch 32/301 | train_loss=0.6451 train_acc=90.20% | val_loss=0.5029 val_acc=86.94% | lr=3.000000e-06
Epoch 33/301 | train_loss=0.6346 train_acc=90.30% | val_loss=0.4964 val_acc=87.16% | lr=3.000000e-06
Saved new best model to /tmp/bow_mlp_imdb_9h1jlmtt.pt
Epoch 34/301 | train_loss=0.6250 train_acc=90.38% | val_loss=0.4900 val_acc=87.40% | lr=3.000000e-06
Saved new best model to /tmp/bow_mlp_imdb_9h1jlmtt.pt
Epoch 35/301 | train_loss=0.6158 train_acc=90.60% | val_loss=0.4838 val_acc=87.40% | lr=3.000000e-06
Epoch 36/301 | train_loss=0.6071 train_acc=90.67% | val_loss=0.4778 val_acc=87.38% | lr=3.000000e-06
Epoch 37/301 | train_loss=0.5986 train_acc=90.80% | val_loss=0.4718 val_acc=87.70% | lr=3.000000e-06
Saved new best model to /tmp/bow_mlp_imdb_9h1jlmtt.pt
Epoch 38/301 | train_loss=0.5904 train_acc=90.83% | val_loss=0.4662 val_acc=87.60% | lr=3.000000e-06
Epoch 39/301 | train_loss=0.5824 train_acc=90.98% | val_loss=0.4605 val_acc=87.80% | lr=3.000000e-06
Saved new best model to /tmp/bow_mlp_imdb_9h1jlmtt.pt
Epoch 40/301 | train_loss=0.5745 train_acc=91.21% | val_loss=0.4552 val_acc=87.82% | lr=3.000000e-06
Saved new best model to /tmp/bow_mlp_imdb_9h1jlmtt.pt
Epoch 41/301 | train_loss=0.5668 train_acc=91.19% | val_loss=0.4498 val_acc=87.86% | lr=3.000000e-06
Saved new best model to /tmp/bow_mlp_imdb_9h1jlmtt.pt
Epoch 42/301 | train_loss=0.5593 train_acc=91.29% | val_loss=0.4447 val_acc=88.00% | lr=3.000000e-06
Saved new best model to /tmp/bow_mlp_imdb_9h1jlmtt.pt
Epoch 43/301 | train_loss=0.5518 train_acc=91.42% | val_loss=0.4398 val_acc=88.00% | lr=3.000000e-06
Epoch 44/301 | train_loss=0.5445 train_acc=91.54% | val_loss=0.4349 val_acc=88.18% | lr=3.000000e-06
Saved new best model to /tmp/bow_mlp_imdb_9h1jlmtt.pt
Epoch 45/301 | train_loss=0.5373 train_acc=91.64% | val_loss=0.4303 val_acc=88.18% | lr=3.000000e-06
Epoch 46/301 | train_loss=0.5302 train_acc=91.73% | val_loss=0.4256 val_acc=88.32% | lr=3.000000e-06
Saved new best model to /tmp/bow_mlp_imdb_9h1jlmtt.pt
Epoch 47/301 | train_loss=0.5232 train_acc=91.86% | val_loss=0.4212 val_acc=88.32% | lr=3.000000e-06
Epoch 48/301 | train_loss=0.5164 train_acc=91.93% | val_loss=0.4170 val_acc=88.30% | lr=3.000000e-06
Epoch 49/301 | train_loss=0.5096 train_acc=91.95% | val_loss=0.4129 val_acc=88.58% | lr=3.000000e-06
Saved new best model to /tmp/bow_mlp_imdb_9h1jlmtt.pt
Epoch 50/301 | train_loss=0.5030 train_acc=92.03% | val_loss=0.4087 val_acc=88.52% | lr=3.000000e-06
Epoch 51/301 | train_loss=0.4965 train_acc=92.11% | val_loss=0.4048 val_acc=88.48% | lr=3.000000e-06
Epoch 52/301 | train_loss=0.4901 train_acc=92.17% | val_loss=0.4011 val_acc=88.68% | lr=3.000000e-06
Saved new best model to /tmp/bow_mlp_imdb_9h1jlmtt.pt
Epoch 53/301 | train_loss=0.4838 train_acc=92.30% | val_loss=0.3973 val_acc=88.48% | lr=3.000000e-06
Epoch 54/301 | train_loss=0.4776 train_acc=92.36% | val_loss=0.3939 val_acc=88.70% | lr=3.000000e-06
Saved new best model to /tmp/bow_mlp_imdb_9h1jlmtt.pt
Epoch 55/301 | train_loss=0.4716 train_acc=92.44% | val_loss=0.3902 val_acc=88.54% | lr=3.000000e-06
Epoch 56/301 | train_loss=0.4657 train_acc=92.56% | val_loss=0.3868 val_acc=88.64% | lr=3.000000e-06
Epoch 57/301 | train_loss=0.4598 train_acc=92.61% | val_loss=0.3835 val_acc=88.72% | lr=3.000000e-06
Saved new best model to /tmp/bow_mlp_imdb_9h1jlmtt.pt
Epoch 58/301 | train_loss=0.4540 train_acc=92.75% | val_loss=0.3804 val_acc=88.80% | lr=3.000000e-06
Saved new best model to /tmp/bow_mlp_imdb_9h1jlmtt.pt
Epoch 59/301 | train_loss=0.4485 train_acc=92.86% | val_loss=0.3775 val_acc=88.84% | lr=3.000000e-06
Saved new best model to /tmp/bow_mlp_imdb_9h1jlmtt.pt
Epoch 60/301 | train_loss=0.4430 train_acc=92.93% | val_loss=0.3742 val_acc=88.82% | lr=3.000000e-06
Epoch 61/301 | train_loss=0.4376 train_acc=92.98% | val_loss=0.3713 val_acc=88.86% | lr=3.000000e-06
Saved new best model to /tmp/bow_mlp_imdb_9h1jlmtt.pt
Epoch 62/301 | train_loss=0.4324 train_acc=93.05% | val_loss=0.3685 val_acc=88.88% | lr=3.000000e-06
Saved new best model to /tmp/bow_mlp_imdb_9h1jlmtt.pt
Epoch 63/301 | train_loss=0.4272 train_acc=93.11% | val_loss=0.3657 val_acc=88.98% | lr=3.000000e-06
Saved new best model to /tmp/bow_mlp_imdb_9h1jlmtt.pt
Epoch 64/301 | train_loss=0.4221 train_acc=93.20% | val_loss=0.3630 val_acc=89.10% | lr=3.000000e-06
Saved new best model to /tmp/bow_mlp_imdb_9h1jlmtt.pt
Epoch 65/301 | train_loss=0.4171 train_acc=93.28% | val_loss=0.3603 val_acc=89.08% | lr=3.000000e-06
Epoch 66/301 | train_loss=0.4122 train_acc=93.31% | val_loss=0.3578 val_acc=89.14% | lr=3.000000e-06
Saved new best model to /tmp/bow_mlp_imdb_9h1jlmtt.pt
Epoch 67/301 | train_loss=0.4074 train_acc=93.39% | val_loss=0.3552 val_acc=88.98% | lr=3.000000e-06
Epoch 68/301 | train_loss=0.4027 train_acc=93.45% | val_loss=0.3528 val_acc=89.06% | lr=3.000000e-06
Epoch 69/301 | train_loss=0.3980 train_acc=93.50% | val_loss=0.3506 val_acc=88.96% | lr=3.000000e-06
Epoch 70/301 | train_loss=0.3934 train_acc=93.60% | val_loss=0.3481 val_acc=89.06% | lr=3.000000e-06
Epoch 71/301 | train_loss=0.3890 train_acc=93.64% | val_loss=0.3458 val_acc=89.08% | lr=3.000000e-06
Epoch 72/301 | train_loss=0.3845 train_acc=93.73% | val_loss=0.3437 val_acc=89.08% | lr=3.000000e-06
Epoch 73/301 | train_loss=0.3803 train_acc=93.84% | val_loss=0.3414 val_acc=89.06% | lr=3.000000e-06
Epoch 74/301 | train_loss=0.3760 train_acc=93.88% | val_loss=0.3394 val_acc=89.02% | lr=3.000000e-06
Epoch 75/301 | train_loss=0.3719 train_acc=93.92% | val_loss=0.3374 val_acc=89.10% | lr=3.000000e-06
Epoch 76/301 | train_loss=0.3678 train_acc=93.99% | val_loss=0.3354 val_acc=89.10% | lr=3.000000e-06
Epoch 77/301 | train_loss=0.3638 train_acc=94.08% | val_loss=0.3334 val_acc=89.14% | lr=3.000000e-06
Epoch 78/301 | train_loss=0.3599 train_acc=94.15% | val_loss=0.3316 val_acc=89.18% | lr=3.000000e-06
Saved new best model to /tmp/bow_mlp_imdb_9h1jlmtt.pt
Epoch 79/301 | train_loss=0.3561 train_acc=94.20% | val_loss=0.3297 val_acc=89.12% | lr=3.000000e-06
Epoch 80/301 | train_loss=0.3523 train_acc=94.27% | val_loss=0.3279 val_acc=89.16% | lr=3.000000e-06
Epoch 81/301 | train_loss=0.3486 train_acc=94.35% | val_loss=0.3261 val_acc=89.18% | lr=3.000000e-06
Epoch 82/301 | train_loss=0.3449 train_acc=94.40% | val_loss=0.3244 val_acc=89.18% | lr=3.000000e-06
Epoch 83/301 | train_loss=0.3413 train_acc=94.47% | val_loss=0.3229 val_acc=89.28% | lr=3.000000e-06
Saved new best model to /tmp/bow_mlp_imdb_9h1jlmtt.pt
Epoch 84/301 | train_loss=0.3378 train_acc=94.53% | val_loss=0.3211 val_acc=89.32% | lr=3.000000e-06
Saved new best model to /tmp/bow_mlp_imdb_9h1jlmtt.pt
Epoch 85/301 | train_loss=0.3343 train_acc=94.59% | val_loss=0.3195 val_acc=89.24% | lr=3.000000e-06
Epoch 86/301 | train_loss=0.3309 train_acc=94.70% | val_loss=0.3180 val_acc=89.42% | lr=3.000000e-06
Saved new best model to /tmp/bow_mlp_imdb_9h1jlmtt.pt
Epoch 87/301 | train_loss=0.3276 train_acc=94.75% | val_loss=0.3165 val_acc=89.46% | lr=3.000000e-06
Saved new best model to /tmp/bow_mlp_imdb_9h1jlmtt.pt
Epoch 88/301 | train_loss=0.3242 train_acc=94.80% | val_loss=0.3149 val_acc=89.34% | lr=3.000000e-06
Epoch 89/301 | train_loss=0.3210 train_acc=94.85% | val_loss=0.3135 val_acc=89.44% | lr=3.000000e-06
Epoch 90/301 | train_loss=0.3178 train_acc=94.92% | val_loss=0.3121 val_acc=89.46% | lr=3.000000e-06
Epoch 91/301 | train_loss=0.3147 train_acc=94.95% | val_loss=0.3107 val_acc=89.54% | lr=3.000000e-06
Saved new best model to /tmp/bow_mlp_imdb_9h1jlmtt.pt
Epoch 92/301 | train_loss=0.3115 train_acc=95.03% | val_loss=0.3093 val_acc=89.54% | lr=3.000000e-06
Epoch 93/301 | train_loss=0.3085 train_acc=95.06% | val_loss=0.3079 val_acc=89.50% | lr=3.000000e-06
Epoch 94/301 | train_loss=0.3055 train_acc=95.10% | val_loss=0.3066 val_acc=89.58% | lr=3.000000e-06
Saved new best model to /tmp/bow_mlp_imdb_9h1jlmtt.pt
Epoch 95/301 | train_loss=0.3025 train_acc=95.17% | val_loss=0.3054 val_acc=89.60% | lr=3.000000e-06
Saved new best model to /tmp/bow_mlp_imdb_9h1jlmtt.pt
Epoch 96/301 | train_loss=0.2996 train_acc=95.23% | val_loss=0.3041 val_acc=89.62% | lr=3.000000e-06
Saved new best model to /tmp/bow_mlp_imdb_9h1jlmtt.pt
Epoch 97/301 | train_loss=0.2967 train_acc=95.28% | val_loss=0.3031 val_acc=89.58% | lr=3.000000e-06
Epoch 98/301 | train_loss=0.2939 train_acc=95.34% | val_loss=0.3017 val_acc=89.58% | lr=3.000000e-06
Epoch 99/301 | train_loss=0.2911 train_acc=95.43% | val_loss=0.3005 val_acc=89.60% | lr=3.000000e-06
Epoch 100/301 | train_loss=0.2883 train_acc=95.43% | val_loss=0.2994 val_acc=89.66% | lr=3.000000e-06
Saved new best model to /tmp/bow_mlp_imdb_9h1jlmtt.pt
Epoch 101/301 | train_loss=0.2856 train_acc=95.53% | val_loss=0.2982 val_acc=89.68% | lr=3.000000e-06
Saved new best model to /tmp/bow_mlp_imdb_9h1jlmtt.pt
Epoch 102/301 | train_loss=0.2829 train_acc=95.57% | val_loss=0.2971 val_acc=89.68% | lr=3.000000e-06
Epoch 103/301 | train_loss=0.2803 train_acc=95.58% | val_loss=0.2960 val_acc=89.68% | lr=3.000000e-06
Epoch 104/301 | train_loss=0.2777 train_acc=95.64% | val_loss=0.2949 val_acc=89.70% | lr=3.000000e-06
Saved new best model to /tmp/bow_mlp_imdb_9h1jlmtt.pt
Epoch 105/301 | train_loss=0.2751 train_acc=95.70% | val_loss=0.2940 val_acc=89.76% | lr=3.000000e-06
Saved new best model to /tmp/bow_mlp_imdb_9h1jlmtt.pt
Epoch 106/301 | train_loss=0.2726 train_acc=95.73% | val_loss=0.2929 val_acc=89.68% | lr=3.000000e-06
Epoch 107/301 | train_loss=0.2701 train_acc=95.78% | val_loss=0.2919 val_acc=89.68% | lr=3.000000e-06
Epoch 108/301 | train_loss=0.2676 train_acc=95.81% | val_loss=0.2911 val_acc=89.78% | lr=3.000000e-06
Saved new best model to /tmp/bow_mlp_imdb_9h1jlmtt.pt
Epoch 109/301 | train_loss=0.2652 train_acc=95.86% | val_loss=0.2902 val_acc=89.82% | lr=3.000000e-06
Saved new best model to /tmp/bow_mlp_imdb_9h1jlmtt.pt
Epoch 110/301 | train_loss=0.2628 train_acc=95.90% | val_loss=0.2891 val_acc=89.74% | lr=3.000000e-06
Epoch 111/301 | train_loss=0.2604 train_acc=95.93% | val_loss=0.2882 val_acc=89.72% | lr=3.000000e-06
Epoch 112/301 | train_loss=0.2581 train_acc=95.94% | val_loss=0.2873 val_acc=89.80% | lr=3.000000e-06
Epoch 113/301 | train_loss=0.2557 train_acc=96.01% | val_loss=0.2866 val_acc=89.80% | lr=3.000000e-06
Epoch 114/301 | train_loss=0.2535 train_acc=96.06% | val_loss=0.2855 val_acc=89.78% | lr=3.000000e-06
Epoch 115/301 | train_loss=0.2512 train_acc=96.11% | val_loss=0.2847 val_acc=89.80% | lr=3.000000e-06
Epoch 116/301 | train_loss=0.2490 train_acc=96.17% | val_loss=0.2840 val_acc=89.86% | lr=3.000000e-06
Saved new best model to /tmp/bow_mlp_imdb_9h1jlmtt.pt
Epoch 117/301 | train_loss=0.2468 train_acc=96.22% | val_loss=0.2831 val_acc=89.86% | lr=3.000000e-06
Epoch 118/301 | train_loss=0.2446 train_acc=96.27% | val_loss=0.2823 val_acc=89.84% | lr=3.000000e-06
Epoch 119/301 | train_loss=0.2425 train_acc=96.30% | val_loss=0.2816 val_acc=89.88% | lr=3.000000e-06
Saved new best model to /tmp/bow_mlp_imdb_9h1jlmtt.pt
Epoch 120/301 | train_loss=0.2404 train_acc=96.35% | val_loss=0.2807 val_acc=89.92% | lr=3.000000e-06
Saved new best model to /tmp/bow_mlp_imdb_9h1jlmtt.pt
Epoch 121/301 | train_loss=0.2382 train_acc=96.41% | val_loss=0.2800 val_acc=89.88% | lr=3.000000e-06
Epoch 122/301 | train_loss=0.2362 train_acc=96.47% | val_loss=0.2793 val_acc=89.90% | lr=3.000000e-06
Epoch 123/301 | train_loss=0.2341 train_acc=96.51% | val_loss=0.2786 val_acc=89.88% | lr=3.000000e-06
Epoch 124/301 | train_loss=0.2321 train_acc=96.53% | val_loss=0.2778 val_acc=89.88% | lr=3.000000e-06
Epoch 125/301 | train_loss=0.2301 train_acc=96.56% | val_loss=0.2772 val_acc=89.94% | lr=3.000000e-06
Saved new best model to /tmp/bow_mlp_imdb_9h1jlmtt.pt
Epoch 126/301 | train_loss=0.2281 train_acc=96.64% | val_loss=0.2768 val_acc=90.04% | lr=3.000000e-06
Saved new best model to /tmp/bow_mlp_imdb_9h1jlmtt.pt
Epoch 127/301 | train_loss=0.2262 train_acc=96.66% | val_loss=0.2759 val_acc=89.98% | lr=3.000000e-06
Epoch 128/301 | train_loss=0.2243 train_acc=96.75% | val_loss=0.2752 val_acc=89.98% | lr=3.000000e-06
Epoch 129/301 | train_loss=0.2224 train_acc=96.75% | val_loss=0.2747 val_acc=89.98% | lr=3.000000e-06
Epoch 130/301 | train_loss=0.2205 train_acc=96.81% | val_loss=0.2740 val_acc=90.00% | lr=3.000000e-06
Epoch 131/301 | train_loss=0.2186 train_acc=96.86% | val_loss=0.2735 val_acc=89.98% | lr=3.000000e-06
Epoch 132/301 | train_loss=0.2168 train_acc=96.90% | val_loss=0.2729 val_acc=89.96% | lr=3.000000e-06
Epoch 133/301 | train_loss=0.2149 train_acc=96.92% | val_loss=0.2723 val_acc=89.98% | lr=3.000000e-06
Epoch 134/301 | train_loss=0.2131 train_acc=96.95% | val_loss=0.2717 val_acc=89.98% | lr=3.000000e-06
Epoch 135/301 | train_loss=0.2113 train_acc=97.01% | val_loss=0.2713 val_acc=90.00% | lr=3.000000e-06
Epoch 136/301 | train_loss=0.2096 train_acc=97.02% | val_loss=0.2706 val_acc=89.98% | lr=3.000000e-06
Epoch 137/301 | train_loss=0.2078 train_acc=97.08% | val_loss=0.2702 val_acc=90.00% | lr=3.000000e-06
Epoch 138/301 | train_loss=0.2061 train_acc=97.11% | val_loss=0.2696 val_acc=90.04% | lr=3.000000e-06
Epoch 139/301 | train_loss=0.2043 train_acc=97.17% | val_loss=0.2691 val_acc=89.88% | lr=3.000000e-06
Epoch 140/301 | train_loss=0.2026 train_acc=97.19% | val_loss=0.2687 val_acc=90.04% | lr=3.000000e-06
Epoch 141/301 | train_loss=0.2010 train_acc=97.23% | val_loss=0.2682 val_acc=90.06% | lr=3.000000e-06
Saved new best model to /tmp/bow_mlp_imdb_9h1jlmtt.pt
Epoch 142/301 | train_loss=0.1993 train_acc=97.26% | val_loss=0.2677 val_acc=90.02% | lr=3.000000e-06
Epoch 143/301 | train_loss=0.1976 train_acc=97.30% | val_loss=0.2673 val_acc=90.02% | lr=3.000000e-06
Epoch 144/301 | train_loss=0.1960 train_acc=97.33% | val_loss=0.2668 val_acc=90.02% | lr=3.000000e-06
Epoch 145/301 | train_loss=0.1944 train_acc=97.38% | val_loss=0.2663 val_acc=89.92% | lr=3.000000e-06
Epoch 146/301 | train_loss=0.1927 train_acc=97.40% | val_loss=0.2660 val_acc=90.00% | lr=3.000000e-06
Epoch 147/301 | train_loss=0.1911 train_acc=97.45% | val_loss=0.2654 val_acc=89.94% | lr=3.000000e-06
Epoch 148/301 | train_loss=0.1896 train_acc=97.47% | val_loss=0.2653 val_acc=90.08% | lr=3.000000e-06
Saved new best model to /tmp/bow_mlp_imdb_9h1jlmtt.pt
Epoch 149/301 | train_loss=0.1880 train_acc=97.50% | val_loss=0.2647 val_acc=89.94% | lr=3.000000e-06
Epoch 150/301 | train_loss=0.1865 train_acc=97.55% | val_loss=0.2643 val_acc=89.96% | lr=3.000000e-06
Epoch 151/301 | train_loss=0.1850 train_acc=97.56% | val_loss=0.2640 val_acc=90.04% | lr=3.000000e-06
Epoch 152/301 | train_loss=0.1834 train_acc=97.60% | val_loss=0.2636 val_acc=90.04% | lr=3.000000e-06
Epoch 153/301 | train_loss=0.1819 train_acc=97.64% | val_loss=0.2633 val_acc=90.00% | lr=3.000000e-06
Epoch 154/301 | train_loss=0.1805 train_acc=97.68% | val_loss=0.2629 val_acc=89.98% | lr=3.000000e-06
Epoch 155/301 | train_loss=0.1790 train_acc=97.73% | val_loss=0.2627 val_acc=90.02% | lr=3.000000e-06
Epoch 156/301 | train_loss=0.1775 train_acc=97.76% | val_loss=0.2622 val_acc=89.92% | lr=3.000000e-06
Epoch 157/301 | train_loss=0.1761 train_acc=97.79% | val_loss=0.2619 val_acc=89.96% | lr=3.000000e-06
Epoch 158/301 | train_loss=0.1746 train_acc=97.83% | val_loss=0.2615 val_acc=89.90% | lr=3.000000e-06
Epoch 159/301 | train_loss=0.1733 train_acc=97.88% | val_loss=0.2614 val_acc=90.06% | lr=3.000000e-06
Epoch 160/301 | train_loss=0.1719 train_acc=97.89% | val_loss=0.2611 val_acc=90.04% | lr=3.000000e-06
Epoch 161/301 | train_loss=0.1705 train_acc=97.91% | val_loss=0.2608 val_acc=90.06% | lr=3.000000e-06
Epoch 162/301 | train_loss=0.1691 train_acc=97.94% | val_loss=0.2604 val_acc=89.96% | lr=3.000000e-06
Epoch 163/301 | train_loss=0.1677 train_acc=97.96% | val_loss=0.2605 val_acc=90.08% | lr=3.000000e-06
Epoch 164/301 | train_loss=0.1664 train_acc=97.98% | val_loss=0.2601 val_acc=90.12% | lr=3.000000e-06
Saved new best model to /tmp/bow_mlp_imdb_9h1jlmtt.pt
Epoch 165/301 | train_loss=0.1651 train_acc=98.02% | val_loss=0.2597 val_acc=89.94% | lr=3.000000e-06
Epoch 166/301 | train_loss=0.1637 train_acc=98.03% | val_loss=0.2596 val_acc=90.10% | lr=3.000000e-06
Epoch 167/301 | train_loss=0.1624 train_acc=98.08% | val_loss=0.2594 val_acc=90.12% | lr=3.000000e-06
Epoch 168/301 | train_loss=0.1611 train_acc=98.11% | val_loss=0.2590 val_acc=89.94% | lr=3.000000e-06
Epoch 169/301 | train_loss=0.1598 train_acc=98.14% | val_loss=0.2589 val_acc=90.06% | lr=3.000000e-06
Epoch 170/301 | train_loss=0.1586 train_acc=98.19% | val_loss=0.2587 val_acc=90.04% | lr=3.000000e-06
Epoch 171/301 | train_loss=0.1573 train_acc=98.20% | val_loss=0.2584 val_acc=89.98% | lr=3.000000e-06
Epoch 172/301 | train_loss=0.1560 train_acc=98.20% | val_loss=0.2584 val_acc=90.10% | lr=3.000000e-06
Epoch 173/301 | train_loss=0.1548 train_acc=98.24% | val_loss=0.2582 val_acc=90.08% | lr=3.000000e-06
Epoch 174/301 | train_loss=0.1536 train_acc=98.28% | val_loss=0.2579 val_acc=90.04% | lr=3.000000e-06
Epoch 175/301 | train_loss=0.1523 train_acc=98.28% | val_loss=0.2578 val_acc=90.06% | lr=3.000000e-06
Epoch 176/301 | train_loss=0.1511 train_acc=98.30% | val_loss=0.2576 val_acc=90.00% | lr=3.000000e-06
Epoch 177/301 | train_loss=0.1499 train_acc=98.34% | val_loss=0.2575 val_acc=90.08% | lr=3.000000e-06
Epoch 178/301 | train_loss=0.1487 train_acc=98.35% | val_loss=0.2573 val_acc=90.12% | lr=3.000000e-06
Epoch 179/301 | train_loss=0.1476 train_acc=98.39% | val_loss=0.2571 val_acc=89.98% | lr=3.000000e-06
Epoch 180/301 | train_loss=0.1464 train_acc=98.39% | val_loss=0.2571 val_acc=90.10% | lr=3.000000e-06
Epoch 181/301 | train_loss=0.1452 train_acc=98.41% | val_loss=0.2570 val_acc=90.12% | lr=3.000000e-06
Epoch 182/301 | train_loss=0.1441 train_acc=98.45% | val_loss=0.2571 val_acc=90.14% | lr=3.000000e-06
Saved new best model to /tmp/bow_mlp_imdb_9h1jlmtt.pt
Epoch 183/301 | train_loss=0.1429 train_acc=98.47% | val_loss=0.2567 val_acc=89.98% | lr=3.000000e-06
Epoch 184/301 | train_loss=0.1418 train_acc=98.50% | val_loss=0.2567 val_acc=90.12% | lr=3.000000e-06
Epoch 185/301 | train_loss=0.1407 train_acc=98.55% | val_loss=0.2567 val_acc=90.12% | lr=3.000000e-06
Epoch 186/301 | train_loss=0.1396 train_acc=98.58% | val_loss=0.2566 val_acc=90.10% | lr=3.000000e-06
Epoch 187/301 | train_loss=0.1385 train_acc=98.59% | val_loss=0.2565 val_acc=90.10% | lr=3.000000e-06
Epoch 188/301 | train_loss=0.1374 train_acc=98.61% | val_loss=0.2563 val_acc=90.08% | lr=3.000000e-06
Epoch 189/301 | train_loss=0.1363 train_acc=98.62% | val_loss=0.2563 val_acc=90.06% | lr=3.000000e-06
Epoch 190/301 | train_loss=0.1353 train_acc=98.65% | val_loss=0.2561 val_acc=90.04% | lr=3.000000e-06
Epoch 191/301 | train_loss=0.1342 train_acc=98.69% | val_loss=0.2563 val_acc=90.04% | lr=3.000000e-06
Epoch 192/301 | train_loss=0.1331 train_acc=98.70% | val_loss=0.2562 val_acc=90.04% | lr=3.000000e-06
Epoch 193/301 | train_loss=0.1321 train_acc=98.73% | val_loss=0.2561 val_acc=90.12% | lr=3.000000e-06
Epoch 194/301 | train_loss=0.1311 train_acc=98.74% | val_loss=0.2563 val_acc=90.06% | lr=3.000000e-06
Epoch 195/301 | train_loss=0.1300 train_acc=98.77% | val_loss=0.2565 val_acc=90.14% | lr=3.000000e-06
Epoch 196/301 | train_loss=0.1290 train_acc=98.76% | val_loss=0.2560 val_acc=90.14% | lr=3.000000e-06
Epoch 197/301 | train_loss=0.1280 train_acc=98.78% | val_loss=0.2563 val_acc=90.10% | lr=3.000000e-06
Epoch 198/301 | train_loss=0.1270 train_acc=98.80% | val_loss=0.2560 val_acc=90.14% | lr=3.000000e-06
Epoch 199/301 | train_loss=0.1260 train_acc=98.86% | val_loss=0.2563 val_acc=90.16% | lr=3.000000e-06
Saved new best model to /tmp/bow_mlp_imdb_9h1jlmtt.pt
Epoch 200/301 | train_loss=0.1251 train_acc=98.84% | val_loss=0.2561 val_acc=90.16% | lr=3.000000e-06
Epoch 201/301 | train_loss=0.1241 train_acc=98.87% | val_loss=0.2565 val_acc=90.18% | lr=3.000000e-06
Saved new best model to /tmp/bow_mlp_imdb_9h1jlmtt.pt
Epoch 202/301 | train_loss=0.1231 train_acc=98.89% | val_loss=0.2562 val_acc=90.18% | lr=3.000000e-06
Epoch 203/301 | train_loss=0.1222 train_acc=98.91% | val_loss=0.2562 val_acc=90.16% | lr=3.000000e-06
Epoch 204/301 | train_loss=0.1212 train_acc=98.92% | val_loss=0.2563 val_acc=90.16% | lr=3.000000e-06
Epoch 205/301 | train_loss=0.1203 train_acc=98.97% | val_loss=0.2564 val_acc=90.18% | lr=3.000000e-06
Epoch 206/301 | train_loss=0.1193 train_acc=98.98% | val_loss=0.2562 val_acc=90.20% | lr=3.000000e-06
Validation loss has not improved for 8 epochs. Stopping training.
Test loss=0.2954 | Test accuracy=88.55%
