Loading IMDb dataset from local disk: /home/daniel/l/masteruppsats/np-reg/language/data/imdb_hf
Using device: cuda
BoW vocab size: 50000
Epoch 1/301 | train_loss=0.5582 train_acc=73.10% | val_loss=0.4277 val_acc=83.76% | lr=1.000000e-05
Saved new best model to /tmp/bow_mlp_imdb_9essfcin.pt
Epoch 2/301 | train_loss=0.3248 train_acc=89.63% | val_loss=0.3393 val_acc=87.12% | lr=1.000000e-05
Saved new best model to /tmp/bow_mlp_imdb_9essfcin.pt
Epoch 3/301 | train_loss=0.2199 train_acc=94.21% | val_loss=0.3033 val_acc=88.54% | lr=1.000000e-05
Saved new best model to /tmp/bow_mlp_imdb_9essfcin.pt
Epoch 4/301 | train_loss=0.1566 train_acc=96.88% | val_loss=0.2835 val_acc=88.96% | lr=1.000000e-05
Saved new best model to /tmp/bow_mlp_imdb_9essfcin.pt
Epoch 5/301 | train_loss=0.1132 train_acc=98.38% | val_loss=0.2709 val_acc=89.32% | lr=1.000000e-05
Saved new best model to /tmp/bow_mlp_imdb_9essfcin.pt
Epoch 6/301 | train_loss=0.0827 train_acc=99.22% | val_loss=0.2638 val_acc=89.50% | lr=1.000000e-05
Saved new best model to /tmp/bow_mlp_imdb_9essfcin.pt
Epoch 7/301 | train_loss=0.0613 train_acc=99.58% | val_loss=0.2590 val_acc=89.72% | lr=1.000000e-05
Saved new best model to /tmp/bow_mlp_imdb_9essfcin.pt
Epoch 8/301 | train_loss=0.0459 train_acc=99.82% | val_loss=0.2562 val_acc=89.60% | lr=1.000000e-05
Epoch 9/301 | train_loss=0.0351 train_acc=99.93% | val_loss=0.2545 val_acc=89.58% | lr=1.000000e-05
Epoch 10/301 | train_loss=0.0274 train_acc=99.96% | val_loss=0.2541 val_acc=89.62% | lr=1.000000e-05
Epoch 11/301 | train_loss=0.0217 train_acc=99.97% | val_loss=0.2555 val_acc=89.82% | lr=1.000000e-05
Saved new best model to /tmp/bow_mlp_imdb_9essfcin.pt
Epoch 12/301 | train_loss=0.0174 train_acc=99.98% | val_loss=0.2551 val_acc=89.64% | lr=1.000000e-05
Epoch 13/301 | train_loss=0.0142 train_acc=99.99% | val_loss=0.2562 val_acc=89.70% | lr=1.000000e-05
Epoch 14/301 | train_loss=0.0118 train_acc=100.00% | val_loss=0.2577 val_acc=89.72% | lr=1.000000e-05
Epoch 15/301 | train_loss=0.0099 train_acc=100.00% | val_loss=0.2607 val_acc=89.64% | lr=1.000000e-05
Epoch 16/301 | train_loss=0.0083 train_acc=100.00% | val_loss=0.2617 val_acc=89.70% | lr=1.000000e-05
Epoch 17/301 | train_loss=0.0071 train_acc=100.00% | val_loss=0.2635 val_acc=89.68% | lr=1.000000e-05
Epoch 18/301 | train_loss=0.0061 train_acc=100.00% | val_loss=0.2656 val_acc=89.62% | lr=1.000000e-05
Validation loss has not improved for 8 epochs. Stopping training.
Test loss=0.2869 | Test accuracy=87.81%
