Loading IMDb dataset from local disk: /home/daniel/l/masteruppsats/np-reg/language/data/imdb_hf
Using device: cuda
BoW vocab size: 50000
Epoch 1/301 | train_loss=0.6761 train_acc=62.82% | val_loss=0.6507 val_acc=72.64% | lr=1.000000e-05
Saved new best model to /tmp/bow_mlp_imdb_564oj0h1.pt
Epoch 2/301 | train_loss=0.6159 train_acc=77.73% | val_loss=0.5911 val_acc=80.26% | lr=1.000000e-05
Saved new best model to /tmp/bow_mlp_imdb_564oj0h1.pt
Epoch 3/301 | train_loss=0.5540 train_acc=83.21% | val_loss=0.5403 val_acc=83.32% | lr=1.000000e-05
Saved new best model to /tmp/bow_mlp_imdb_564oj0h1.pt
Epoch 4/301 | train_loss=0.5002 train_acc=86.01% | val_loss=0.4972 val_acc=84.92% | lr=1.000000e-05
Saved new best model to /tmp/bow_mlp_imdb_564oj0h1.pt
Epoch 5/301 | train_loss=0.4549 train_acc=87.80% | val_loss=0.4628 val_acc=86.16% | lr=1.000000e-05
Saved new best model to /tmp/bow_mlp_imdb_564oj0h1.pt
Epoch 6/301 | train_loss=0.4175 train_acc=88.85% | val_loss=0.4351 val_acc=86.74% | lr=1.000000e-05
Saved new best model to /tmp/bow_mlp_imdb_564oj0h1.pt
Epoch 7/301 | train_loss=0.3859 train_acc=89.84% | val_loss=0.4125 val_acc=87.12% | lr=1.000000e-05
Saved new best model to /tmp/bow_mlp_imdb_564oj0h1.pt
Epoch 8/301 | train_loss=0.3588 train_acc=90.53% | val_loss=0.3926 val_acc=87.44% | lr=1.000000e-05
Saved new best model to /tmp/bow_mlp_imdb_564oj0h1.pt
Epoch 9/301 | train_loss=0.3352 train_acc=91.19% | val_loss=0.3765 val_acc=87.80% | lr=1.000000e-05
Saved new best model to /tmp/bow_mlp_imdb_564oj0h1.pt
Epoch 10/301 | train_loss=0.3141 train_acc=91.92% | val_loss=0.3622 val_acc=88.06% | lr=1.000000e-05
Saved new best model to /tmp/bow_mlp_imdb_564oj0h1.pt
Epoch 11/301 | train_loss=0.2958 train_acc=92.27% | val_loss=0.3505 val_acc=88.12% | lr=1.000000e-05
Saved new best model to /tmp/bow_mlp_imdb_564oj0h1.pt
Epoch 12/301 | train_loss=0.2791 train_acc=92.86% | val_loss=0.3395 val_acc=88.48% | lr=1.000000e-05
Saved new best model to /tmp/bow_mlp_imdb_564oj0h1.pt
Epoch 13/301 | train_loss=0.2634 train_acc=93.34% | val_loss=0.3302 val_acc=88.66% | lr=1.000000e-05
Saved new best model to /tmp/bow_mlp_imdb_564oj0h1.pt
Epoch 14/301 | train_loss=0.2495 train_acc=93.72% | val_loss=0.3221 val_acc=88.92% | lr=1.000000e-05
Saved new best model to /tmp/bow_mlp_imdb_564oj0h1.pt
Epoch 15/301 | train_loss=0.2367 train_acc=94.01% | val_loss=0.3150 val_acc=89.02% | lr=1.000000e-05
Saved new best model to /tmp/bow_mlp_imdb_564oj0h1.pt
Epoch 16/301 | train_loss=0.2249 train_acc=94.36% | val_loss=0.3086 val_acc=89.26% | lr=1.000000e-05
Saved new best model to /tmp/bow_mlp_imdb_564oj0h1.pt
Epoch 17/301 | train_loss=0.2142 train_acc=94.72% | val_loss=0.3027 val_acc=89.32% | lr=1.000000e-05
Saved new best model to /tmp/bow_mlp_imdb_564oj0h1.pt
Epoch 18/301 | train_loss=0.2037 train_acc=94.94% | val_loss=0.2975 val_acc=89.40% | lr=1.000000e-05
Saved new best model to /tmp/bow_mlp_imdb_564oj0h1.pt
Epoch 19/301 | train_loss=0.1941 train_acc=95.28% | val_loss=0.2928 val_acc=89.44% | lr=1.000000e-05
Saved new best model to /tmp/bow_mlp_imdb_564oj0h1.pt
Epoch 20/301 | train_loss=0.1849 train_acc=95.60% | val_loss=0.2888 val_acc=89.54% | lr=1.000000e-05
Saved new best model to /tmp/bow_mlp_imdb_564oj0h1.pt
Epoch 21/301 | train_loss=0.1766 train_acc=95.83% | val_loss=0.2848 val_acc=89.46% | lr=1.000000e-05
Epoch 22/301 | train_loss=0.1685 train_acc=96.06% | val_loss=0.2820 val_acc=89.52% | lr=1.000000e-05
Epoch 23/301 | train_loss=0.1606 train_acc=96.27% | val_loss=0.2785 val_acc=89.54% | lr=1.000000e-05
Epoch 24/301 | train_loss=0.1534 train_acc=96.58% | val_loss=0.2760 val_acc=89.48% | lr=1.000000e-05
Epoch 25/301 | train_loss=0.1468 train_acc=96.80% | val_loss=0.2733 val_acc=89.62% | lr=1.000000e-05
Saved new best model to /tmp/bow_mlp_imdb_564oj0h1.pt
Epoch 26/301 | train_loss=0.1402 train_acc=96.97% | val_loss=0.2713 val_acc=89.80% | lr=1.000000e-05
Saved new best model to /tmp/bow_mlp_imdb_564oj0h1.pt
Epoch 27/301 | train_loss=0.1340 train_acc=97.17% | val_loss=0.2692 val_acc=89.54% | lr=1.000000e-05
Epoch 28/301 | train_loss=0.1278 train_acc=97.30% | val_loss=0.2675 val_acc=89.66% | lr=1.000000e-05
Epoch 29/301 | train_loss=0.1225 train_acc=97.48% | val_loss=0.2659 val_acc=89.72% | lr=1.000000e-05
Epoch 30/301 | train_loss=0.1171 train_acc=97.69% | val_loss=0.2647 val_acc=89.76% | lr=1.000000e-05
Epoch 31/301 | train_loss=0.1121 train_acc=97.80% | val_loss=0.2636 val_acc=89.76% | lr=1.000000e-05
Epoch 32/301 | train_loss=0.1071 train_acc=97.91% | val_loss=0.2630 val_acc=89.96% | lr=1.000000e-05
Saved new best model to /tmp/bow_mlp_imdb_564oj0h1.pt
Epoch 33/301 | train_loss=0.1024 train_acc=98.10% | val_loss=0.2624 val_acc=89.98% | lr=1.000000e-05
Saved new best model to /tmp/bow_mlp_imdb_564oj0h1.pt
Epoch 34/301 | train_loss=0.0979 train_acc=98.21% | val_loss=0.2614 val_acc=89.94% | lr=1.000000e-05
Epoch 35/301 | train_loss=0.0938 train_acc=98.32% | val_loss=0.2610 val_acc=89.86% | lr=1.000000e-05
Epoch 36/301 | train_loss=0.0895 train_acc=98.39% | val_loss=0.2604 val_acc=89.92% | lr=1.000000e-05
Epoch 37/301 | train_loss=0.0859 train_acc=98.53% | val_loss=0.2602 val_acc=89.90% | lr=1.000000e-05
Epoch 38/301 | train_loss=0.0819 train_acc=98.67% | val_loss=0.2604 val_acc=89.88% | lr=1.000000e-05
Epoch 39/301 | train_loss=0.0784 train_acc=98.69% | val_loss=0.2606 val_acc=89.90% | lr=1.000000e-05
Epoch 40/301 | train_loss=0.0750 train_acc=98.83% | val_loss=0.2603 val_acc=90.00% | lr=1.000000e-05
Saved new best model to /tmp/bow_mlp_imdb_564oj0h1.pt
Epoch 41/301 | train_loss=0.0714 train_acc=98.94% | val_loss=0.2605 val_acc=89.98% | lr=1.000000e-05
Epoch 42/301 | train_loss=0.0685 train_acc=99.00% | val_loss=0.2607 val_acc=89.92% | lr=1.000000e-05
Epoch 43/301 | train_loss=0.0655 train_acc=99.06% | val_loss=0.2616 val_acc=90.08% | lr=1.000000e-05
Saved new best model to /tmp/bow_mlp_imdb_564oj0h1.pt
Epoch 44/301 | train_loss=0.0626 train_acc=99.12% | val_loss=0.2628 val_acc=90.06% | lr=1.000000e-05
Epoch 45/301 | train_loss=0.0598 train_acc=99.16% | val_loss=0.2626 val_acc=90.06% | lr=1.000000e-05
Validation loss has not improved for 8 epochs. Stopping training.
Test loss=0.3033 | Test accuracy=88.33%
