Loading IMDb dataset from local disk: /home/daniel/l/masteruppsats/np-reg/language/data/imdb_hf
Using device: cuda
BoW vocab size: 50000
Epoch 1/301 | train_loss=0.6386 train_acc=71.23% | val_loss=0.5715 val_acc=81.36% | lr=1.000000e-05
Saved new best model to /tmp/bow_mlp_imdb_f49fzdjk.pt
Epoch 2/301 | train_loss=0.5062 train_acc=84.79% | val_loss=0.4707 val_acc=85.70% | lr=1.000000e-05
Saved new best model to /tmp/bow_mlp_imdb_f49fzdjk.pt
Epoch 3/301 | train_loss=0.4097 train_acc=88.45% | val_loss=0.4062 val_acc=87.18% | lr=1.000000e-05
Saved new best model to /tmp/bow_mlp_imdb_f49fzdjk.pt
Epoch 4/301 | train_loss=0.3440 train_acc=90.29% | val_loss=0.3652 val_acc=87.92% | lr=1.000000e-05
Saved new best model to /tmp/bow_mlp_imdb_f49fzdjk.pt
Epoch 5/301 | train_loss=0.2967 train_acc=91.72% | val_loss=0.3372 val_acc=88.42% | lr=1.000000e-05
Saved new best model to /tmp/bow_mlp_imdb_f49fzdjk.pt
Epoch 6/301 | train_loss=0.2603 train_acc=92.81% | val_loss=0.3170 val_acc=88.84% | lr=1.000000e-05
Saved new best model to /tmp/bow_mlp_imdb_f49fzdjk.pt
Epoch 7/301 | train_loss=0.2308 train_acc=93.84% | val_loss=0.3019 val_acc=89.16% | lr=1.000000e-05
Saved new best model to /tmp/bow_mlp_imdb_f49fzdjk.pt
Epoch 8/301 | train_loss=0.2058 train_acc=94.60% | val_loss=0.2904 val_acc=89.32% | lr=1.000000e-05
Saved new best model to /tmp/bow_mlp_imdb_f49fzdjk.pt
Epoch 9/301 | train_loss=0.1843 train_acc=95.25% | val_loss=0.2828 val_acc=89.28% | lr=1.000000e-05
Epoch 10/301 | train_loss=0.1655 train_acc=95.92% | val_loss=0.2753 val_acc=89.72% | lr=1.000000e-05
Saved new best model to /tmp/bow_mlp_imdb_f49fzdjk.pt
Epoch 11/301 | train_loss=0.1490 train_acc=96.44% | val_loss=0.2695 val_acc=89.78% | lr=1.000000e-05
Saved new best model to /tmp/bow_mlp_imdb_f49fzdjk.pt
Epoch 12/301 | train_loss=0.1342 train_acc=96.89% | val_loss=0.2658 val_acc=90.02% | lr=1.000000e-05
Saved new best model to /tmp/bow_mlp_imdb_f49fzdjk.pt
Epoch 13/301 | train_loss=0.1210 train_acc=97.30% | val_loss=0.2622 val_acc=90.06% | lr=1.000000e-05
Saved new best model to /tmp/bow_mlp_imdb_f49fzdjk.pt
Epoch 14/301 | train_loss=0.1091 train_acc=97.70% | val_loss=0.2601 val_acc=90.04% | lr=1.000000e-05
Epoch 15/301 | train_loss=0.0982 train_acc=97.99% | val_loss=0.2597 val_acc=90.24% | lr=1.000000e-05
Saved new best model to /tmp/bow_mlp_imdb_f49fzdjk.pt
Epoch 16/301 | train_loss=0.0885 train_acc=98.32% | val_loss=0.2600 val_acc=90.26% | lr=1.000000e-05
Saved new best model to /tmp/bow_mlp_imdb_f49fzdjk.pt
Epoch 17/301 | train_loss=0.0797 train_acc=98.55% | val_loss=0.2592 val_acc=90.12% | lr=1.000000e-05
Epoch 18/301 | train_loss=0.0715 train_acc=98.75% | val_loss=0.2600 val_acc=90.12% | lr=1.000000e-05
Epoch 19/301 | train_loss=0.0641 train_acc=98.98% | val_loss=0.2616 val_acc=89.94% | lr=1.000000e-05
Epoch 20/301 | train_loss=0.0575 train_acc=99.11% | val_loss=0.2638 val_acc=89.98% | lr=1.000000e-05
Epoch 21/301 | train_loss=0.0515 train_acc=99.23% | val_loss=0.2668 val_acc=89.88% | lr=1.000000e-05
Epoch 22/301 | train_loss=0.0460 train_acc=99.38% | val_loss=0.2714 val_acc=89.84% | lr=1.000000e-05
Epoch 23/301 | train_loss=0.0411 train_acc=99.45% | val_loss=0.2737 val_acc=89.76% | lr=1.000000e-05
Epoch 24/301 | train_loss=0.0366 train_acc=99.50% | val_loss=0.2776 val_acc=89.70% | lr=1.000000e-05
Epoch 25/301 | train_loss=0.0326 train_acc=99.59% | val_loss=0.2817 val_acc=89.60% | lr=1.000000e-05
Validation loss has not improved for 8 epochs. Stopping training.
Test loss=0.2977 | Test accuracy=88.36%
