Loading IMDb dataset from local disk: /home/daniel/l/masteruppsats/np-reg/language/data/imdb_hf
Using device: cuda
BoW vocab size: 50000
Epoch 1/301 | train_loss=0.6236 train_acc=72.94% | val_loss=0.5422 val_acc=82.84% | lr=3.000000e-05
Saved new best model to /tmp/bow_mlp_imdb_aph7xcv8.pt
Epoch 2/301 | train_loss=0.4675 train_acc=86.46% | val_loss=0.4349 val_acc=86.50% | lr=3.000000e-05
Saved new best model to /tmp/bow_mlp_imdb_aph7xcv8.pt
Epoch 3/301 | train_loss=0.3640 train_acc=89.97% | val_loss=0.3731 val_acc=87.98% | lr=3.000000e-05
Saved new best model to /tmp/bow_mlp_imdb_aph7xcv8.pt
Epoch 4/301 | train_loss=0.2974 train_acc=91.88% | val_loss=0.3360 val_acc=88.48% | lr=3.000000e-05
Saved new best model to /tmp/bow_mlp_imdb_aph7xcv8.pt
Epoch 5/301 | train_loss=0.2501 train_acc=93.38% | val_loss=0.3118 val_acc=89.06% | lr=3.000000e-05
Saved new best model to /tmp/bow_mlp_imdb_aph7xcv8.pt
Epoch 6/301 | train_loss=0.2141 train_acc=94.56% | val_loss=0.2953 val_acc=89.42% | lr=3.000000e-05
Saved new best model to /tmp/bow_mlp_imdb_aph7xcv8.pt
Epoch 7/301 | train_loss=0.1851 train_acc=95.47% | val_loss=0.2836 val_acc=89.58% | lr=3.000000e-05
Saved new best model to /tmp/bow_mlp_imdb_aph7xcv8.pt
Epoch 8/301 | train_loss=0.1611 train_acc=96.34% | val_loss=0.2750 val_acc=89.50% | lr=3.000000e-05
Epoch 9/301 | train_loss=0.1408 train_acc=96.94% | val_loss=0.2692 val_acc=89.38% | lr=3.000000e-05
Epoch 10/301 | train_loss=0.1240 train_acc=97.41% | val_loss=0.2649 val_acc=89.64% | lr=3.000000e-05
Saved new best model to /tmp/bow_mlp_imdb_aph7xcv8.pt
Epoch 11/301 | train_loss=0.1093 train_acc=97.89% | val_loss=0.2630 val_acc=89.98% | lr=3.000000e-05
Saved new best model to /tmp/bow_mlp_imdb_aph7xcv8.pt
Epoch 12/301 | train_loss=0.0968 train_acc=98.22% | val_loss=0.2607 val_acc=89.78% | lr=3.000000e-05
Epoch 13/301 | train_loss=0.0857 train_acc=98.55% | val_loss=0.2605 val_acc=89.92% | lr=3.000000e-05
Epoch 14/301 | train_loss=0.0762 train_acc=98.80% | val_loss=0.2606 val_acc=89.92% | lr=3.000000e-05
Epoch 15/301 | train_loss=0.0677 train_acc=99.07% | val_loss=0.2634 val_acc=89.92% | lr=3.000000e-05
Epoch 16/301 | train_loss=0.0604 train_acc=99.20% | val_loss=0.2636 val_acc=89.94% | lr=3.000000e-05
Epoch 17/301 | train_loss=0.0539 train_acc=99.35% | val_loss=0.2661 val_acc=89.80% | lr=3.000000e-05
Epoch 18/301 | train_loss=0.0481 train_acc=99.45% | val_loss=0.2683 val_acc=89.64% | lr=3.000000e-05
Epoch 19/301 | train_loss=0.0430 train_acc=99.52% | val_loss=0.2712 val_acc=89.54% | lr=3.000000e-05
Epoch 20/301 | train_loss=0.0384 train_acc=99.61% | val_loss=0.2741 val_acc=89.68% | lr=3.000000e-05
Epoch 21/301 | train_loss=0.0345 train_acc=99.72% | val_loss=0.2771 val_acc=89.44% | lr=3.000000e-05
Validation loss has not improved for 8 epochs. Stopping training.
Test loss=0.2958 | Test accuracy=88.42%
