Loading IMDb dataset from local disk: /home/daniel/l/masteruppsats/np-reg/language/data/imdb_hf
Using device: cuda
BoW vocab size: 50000
Epoch 1/301 | train_loss=7.6834 train_acc=51.64% | val_loss=0.6728 val_acc=60.54% | lr=1.000000e-05
Saved new best model to /tmp/bow_mlp_imdb_akwa0ua0.pt
Epoch 2/301 | train_loss=3.7022 train_acc=74.31% | val_loss=0.6400 val_acc=80.02% | lr=1.000000e-05
Saved new best model to /tmp/bow_mlp_imdb_akwa0ua0.pt
Epoch 3/301 | train_loss=1.8311 train_acc=84.24% | val_loss=0.6023 val_acc=83.04% | lr=1.000000e-05
Saved new best model to /tmp/bow_mlp_imdb_akwa0ua0.pt
Epoch 4/301 | train_loss=1.0549 train_acc=86.52% | val_loss=0.5657 val_acc=84.82% | lr=1.000000e-05
Saved new best model to /tmp/bow_mlp_imdb_akwa0ua0.pt
Epoch 5/301 | train_loss=0.7743 train_acc=87.84% | val_loss=0.5317 val_acc=86.04% | lr=1.000000e-05
Saved new best model to /tmp/bow_mlp_imdb_akwa0ua0.pt
Epoch 6/301 | train_loss=0.6735 train_acc=88.91% | val_loss=0.5012 val_acc=86.90% | lr=1.000000e-05
Saved new best model to /tmp/bow_mlp_imdb_akwa0ua0.pt
Epoch 7/301 | train_loss=0.6246 train_acc=89.62% | val_loss=0.4745 val_acc=87.22% | lr=1.000000e-05
Saved new best model to /tmp/bow_mlp_imdb_akwa0ua0.pt
Epoch 8/301 | train_loss=0.5887 train_acc=90.21% | val_loss=0.4503 val_acc=87.74% | lr=1.000000e-05
Saved new best model to /tmp/bow_mlp_imdb_akwa0ua0.pt
Epoch 9/301 | train_loss=0.5571 train_acc=90.83% | val_loss=0.4294 val_acc=88.00% | lr=1.000000e-05
Saved new best model to /tmp/bow_mlp_imdb_akwa0ua0.pt
Epoch 10/301 | train_loss=0.5280 train_acc=91.34% | val_loss=0.4111 val_acc=88.32% | lr=1.000000e-05
Saved new best model to /tmp/bow_mlp_imdb_akwa0ua0.pt
Epoch 11/301 | train_loss=0.5013 train_acc=91.84% | val_loss=0.3947 val_acc=88.70% | lr=1.000000e-05
Saved new best model to /tmp/bow_mlp_imdb_akwa0ua0.pt
Epoch 12/301 | train_loss=0.4763 train_acc=92.21% | val_loss=0.3799 val_acc=88.80% | lr=1.000000e-05
Saved new best model to /tmp/bow_mlp_imdb_akwa0ua0.pt
Epoch 13/301 | train_loss=0.4531 train_acc=92.55% | val_loss=0.3671 val_acc=88.92% | lr=1.000000e-05
Saved new best model to /tmp/bow_mlp_imdb_akwa0ua0.pt
Epoch 14/301 | train_loss=0.4315 train_acc=92.92% | val_loss=0.3556 val_acc=88.88% | lr=1.000000e-05
Epoch 15/301 | train_loss=0.4110 train_acc=93.26% | val_loss=0.3454 val_acc=89.02% | lr=1.000000e-05
Saved new best model to /tmp/bow_mlp_imdb_akwa0ua0.pt
Epoch 16/301 | train_loss=0.3918 train_acc=93.58% | val_loss=0.3364 val_acc=89.26% | lr=1.000000e-05
Saved new best model to /tmp/bow_mlp_imdb_akwa0ua0.pt
Epoch 17/301 | train_loss=0.3739 train_acc=93.92% | val_loss=0.3277 val_acc=89.18% | lr=1.000000e-05
Epoch 18/301 | train_loss=0.3570 train_acc=94.19% | val_loss=0.3202 val_acc=89.14% | lr=1.000000e-05
Epoch 19/301 | train_loss=0.3411 train_acc=94.49% | val_loss=0.3135 val_acc=89.44% | lr=1.000000e-05
Saved new best model to /tmp/bow_mlp_imdb_akwa0ua0.pt
Epoch 20/301 | train_loss=0.3260 train_acc=94.73% | val_loss=0.3075 val_acc=89.44% | lr=1.000000e-05
Epoch 21/301 | train_loss=0.3120 train_acc=94.97% | val_loss=0.3018 val_acc=89.56% | lr=1.000000e-05
Saved new best model to /tmp/bow_mlp_imdb_akwa0ua0.pt
Epoch 22/301 | train_loss=0.2986 train_acc=95.28% | val_loss=0.2975 val_acc=89.60% | lr=1.000000e-05
Saved new best model to /tmp/bow_mlp_imdb_akwa0ua0.pt
Epoch 23/301 | train_loss=0.2862 train_acc=95.48% | val_loss=0.2921 val_acc=89.66% | lr=1.000000e-05
Saved new best model to /tmp/bow_mlp_imdb_akwa0ua0.pt
Epoch 24/301 | train_loss=0.2742 train_acc=95.70% | val_loss=0.2883 val_acc=89.62% | lr=1.000000e-05
Epoch 25/301 | train_loss=0.2631 train_acc=95.99% | val_loss=0.2841 val_acc=89.78% | lr=1.000000e-05
Saved new best model to /tmp/bow_mlp_imdb_akwa0ua0.pt
Epoch 26/301 | train_loss=0.2525 train_acc=96.16% | val_loss=0.2807 val_acc=89.80% | lr=1.000000e-05
Saved new best model to /tmp/bow_mlp_imdb_akwa0ua0.pt
Epoch 27/301 | train_loss=0.2425 train_acc=96.38% | val_loss=0.2778 val_acc=89.82% | lr=1.000000e-05
Saved new best model to /tmp/bow_mlp_imdb_akwa0ua0.pt
Epoch 28/301 | train_loss=0.2330 train_acc=96.55% | val_loss=0.2747 val_acc=89.84% | lr=1.000000e-05
Saved new best model to /tmp/bow_mlp_imdb_akwa0ua0.pt
Epoch 29/301 | train_loss=0.2242 train_acc=96.76% | val_loss=0.2720 val_acc=89.90% | lr=1.000000e-05
Saved new best model to /tmp/bow_mlp_imdb_akwa0ua0.pt
Epoch 30/301 | train_loss=0.2155 train_acc=96.94% | val_loss=0.2701 val_acc=89.98% | lr=1.000000e-05
Saved new best model to /tmp/bow_mlp_imdb_akwa0ua0.pt
Epoch 31/301 | train_loss=0.2075 train_acc=97.08% | val_loss=0.2676 val_acc=89.90% | lr=1.000000e-05
Epoch 32/301 | train_loss=0.1997 train_acc=97.22% | val_loss=0.2658 val_acc=89.94% | lr=1.000000e-05
Epoch 33/301 | train_loss=0.1923 train_acc=97.43% | val_loss=0.2651 val_acc=90.16% | lr=1.000000e-05
Saved new best model to /tmp/bow_mlp_imdb_akwa0ua0.pt
Epoch 34/301 | train_loss=0.1854 train_acc=97.54% | val_loss=0.2626 val_acc=89.92% | lr=1.000000e-05
Epoch 35/301 | train_loss=0.1785 train_acc=97.72% | val_loss=0.2616 val_acc=90.10% | lr=1.000000e-05
Epoch 36/301 | train_loss=0.1721 train_acc=97.84% | val_loss=0.2600 val_acc=89.98% | lr=1.000000e-05
Epoch 37/301 | train_loss=0.1659 train_acc=97.99% | val_loss=0.2591 val_acc=89.90% | lr=1.000000e-05
Epoch 38/301 | train_loss=0.1599 train_acc=98.17% | val_loss=0.2585 val_acc=90.06% | lr=1.000000e-05
Epoch 39/301 | train_loss=0.1542 train_acc=98.27% | val_loss=0.2591 val_acc=90.10% | lr=1.000000e-05
Epoch 40/301 | train_loss=0.1489 train_acc=98.32% | val_loss=0.2570 val_acc=90.04% | lr=1.000000e-05
Epoch 41/301 | train_loss=0.1436 train_acc=98.49% | val_loss=0.2570 val_acc=90.06% | lr=1.000000e-05
Epoch 42/301 | train_loss=0.1387 train_acc=98.53% | val_loss=0.2562 val_acc=90.18% | lr=1.000000e-05
Saved new best model to /tmp/bow_mlp_imdb_akwa0ua0.pt
Epoch 43/301 | train_loss=0.1338 train_acc=98.67% | val_loss=0.2564 val_acc=90.12% | lr=1.000000e-05
Epoch 44/301 | train_loss=0.1292 train_acc=98.75% | val_loss=0.2569 val_acc=90.20% | lr=1.000000e-05
Saved new best model to /tmp/bow_mlp_imdb_akwa0ua0.pt
Epoch 45/301 | train_loss=0.1248 train_acc=98.83% | val_loss=0.2565 val_acc=90.20% | lr=1.000000e-05
Epoch 46/301 | train_loss=0.1205 train_acc=98.91% | val_loss=0.2575 val_acc=90.12% | lr=1.000000e-05
Epoch 47/301 | train_loss=0.1164 train_acc=99.00% | val_loss=0.2572 val_acc=90.12% | lr=1.000000e-05
Epoch 48/301 | train_loss=0.1125 train_acc=99.09% | val_loss=0.2573 val_acc=90.18% | lr=1.000000e-05
Epoch 49/301 | train_loss=0.1087 train_acc=99.13% | val_loss=0.2580 val_acc=90.18% | lr=1.000000e-05
Epoch 50/301 | train_loss=0.1050 train_acc=99.17% | val_loss=0.2586 val_acc=90.14% | lr=1.000000e-05
Validation loss has not improved for 8 epochs. Stopping training.
Test loss=0.2947 | Test accuracy=88.58%
