Loading IMDb dataset from local disk: /home/daniel/l/masteruppsats/np-reg/language/data/imdb_hf
Using device: cuda
BoW vocab size: 50000
Epoch 1/301 | train_loss=0.5588 train_acc=77.68% | val_loss=0.4349 val_acc=86.48% | lr=3.000000e-05
Saved new best model to /tmp/bow_mlp_imdb_v8ltekal.pt
Epoch 2/301 | train_loss=0.3502 train_acc=89.28% | val_loss=0.3369 val_acc=88.44% | lr=3.000000e-05
Saved new best model to /tmp/bow_mlp_imdb_v8ltekal.pt
Epoch 3/301 | train_loss=0.2572 train_acc=92.22% | val_loss=0.2986 val_acc=89.38% | lr=3.000000e-05
Saved new best model to /tmp/bow_mlp_imdb_v8ltekal.pt
Epoch 4/301 | train_loss=0.1981 train_acc=94.41% | val_loss=0.2770 val_acc=89.62% | lr=3.000000e-05
Saved new best model to /tmp/bow_mlp_imdb_v8ltekal.pt
Epoch 5/301 | train_loss=0.1579 train_acc=95.81% | val_loss=0.2666 val_acc=89.54% | lr=3.000000e-05
Epoch 6/301 | train_loss=0.1257 train_acc=96.83% | val_loss=0.2611 val_acc=89.80% | lr=3.000000e-05
Saved new best model to /tmp/bow_mlp_imdb_v8ltekal.pt
Epoch 7/301 | train_loss=0.1001 train_acc=97.75% | val_loss=0.2591 val_acc=90.02% | lr=3.000000e-05
Saved new best model to /tmp/bow_mlp_imdb_v8ltekal.pt
Epoch 8/301 | train_loss=0.0807 train_acc=98.40% | val_loss=0.2622 val_acc=90.00% | lr=3.000000e-05
Epoch 9/301 | train_loss=0.0642 train_acc=98.86% | val_loss=0.2674 val_acc=89.64% | lr=3.000000e-05
Epoch 10/301 | train_loss=0.0511 train_acc=99.19% | val_loss=0.2720 val_acc=89.68% | lr=3.000000e-05
Epoch 11/301 | train_loss=0.0407 train_acc=99.39% | val_loss=0.2819 val_acc=89.46% | lr=3.000000e-05
Epoch 12/301 | train_loss=0.0322 train_acc=99.58% | val_loss=0.2944 val_acc=89.36% | lr=3.000000e-05
Epoch 13/301 | train_loss=0.0250 train_acc=99.74% | val_loss=0.3019 val_acc=89.28% | lr=3.000000e-05
Epoch 14/301 | train_loss=0.0198 train_acc=99.80% | val_loss=0.3148 val_acc=89.10% | lr=3.000000e-05
Epoch 15/301 | train_loss=0.0154 train_acc=99.87% | val_loss=0.3273 val_acc=89.14% | lr=3.000000e-05
Validation loss has not improved for 8 epochs. Stopping training.
Test loss=0.2950 | Test accuracy=88.46%
