Loading IMDb dataset from local disk: /home/daniel/l/masteruppsats/np-reg/language/data/imdb_hf
Using device: cuda
BoW vocab size: 50000
Epoch 1/301 | train_loss=0.5879 train_acc=76.11% | val_loss=0.4835 val_acc=85.18% | lr=3.000000e-05
Saved new best model to /tmp/bow_mlp_imdb_w8db8ank.pt
Epoch 2/301 | train_loss=0.3971 train_acc=88.29% | val_loss=0.3740 val_acc=87.56% | lr=3.000000e-05
Saved new best model to /tmp/bow_mlp_imdb_w8db8ank.pt
Epoch 3/301 | train_loss=0.2957 train_acc=91.52% | val_loss=0.3232 val_acc=88.90% | lr=3.000000e-05
Saved new best model to /tmp/bow_mlp_imdb_w8db8ank.pt
Epoch 4/301 | train_loss=0.2339 train_acc=93.40% | val_loss=0.2966 val_acc=89.36% | lr=3.000000e-05
Saved new best model to /tmp/bow_mlp_imdb_w8db8ank.pt
Epoch 5/301 | train_loss=0.1900 train_acc=94.99% | val_loss=0.2793 val_acc=89.52% | lr=3.000000e-05
Saved new best model to /tmp/bow_mlp_imdb_w8db8ank.pt
Epoch 6/301 | train_loss=0.1564 train_acc=96.09% | val_loss=0.2695 val_acc=89.64% | lr=3.000000e-05
Saved new best model to /tmp/bow_mlp_imdb_w8db8ank.pt
Epoch 7/301 | train_loss=0.1301 train_acc=97.03% | val_loss=0.2632 val_acc=89.76% | lr=3.000000e-05
Saved new best model to /tmp/bow_mlp_imdb_w8db8ank.pt
Epoch 8/301 | train_loss=0.1088 train_acc=97.69% | val_loss=0.2602 val_acc=89.82% | lr=3.000000e-05
Saved new best model to /tmp/bow_mlp_imdb_w8db8ank.pt
Epoch 9/301 | train_loss=0.0911 train_acc=98.31% | val_loss=0.2618 val_acc=89.60% | lr=3.000000e-05
Epoch 10/301 | train_loss=0.0768 train_acc=98.70% | val_loss=0.2610 val_acc=90.04% | lr=3.000000e-05
Saved new best model to /tmp/bow_mlp_imdb_w8db8ank.pt
Epoch 11/301 | train_loss=0.0649 train_acc=99.04% | val_loss=0.2637 val_acc=89.94% | lr=3.000000e-05
Epoch 12/301 | train_loss=0.0549 train_acc=99.26% | val_loss=0.2684 val_acc=89.82% | lr=3.000000e-05
Epoch 13/301 | train_loss=0.0461 train_acc=99.39% | val_loss=0.2711 val_acc=89.56% | lr=3.000000e-05
Epoch 14/301 | train_loss=0.0388 train_acc=99.54% | val_loss=0.2762 val_acc=89.54% | lr=3.000000e-05
Epoch 15/301 | train_loss=0.0326 train_acc=99.69% | val_loss=0.2827 val_acc=89.40% | lr=3.000000e-05
Epoch 16/301 | train_loss=0.0277 train_acc=99.76% | val_loss=0.2912 val_acc=89.30% | lr=3.000000e-05
Validation loss has not improved for 8 epochs. Stopping training.
Test loss=0.3018 | Test accuracy=88.35%
