Loading IMDb dataset from local disk: /home/daniel/l/masteruppsats/np-reg/language/data/imdb_hf
Using device: cuda
BoW vocab size: 50000
Epoch 1/301 | train_loss=0.6662 train_acc=65.74% | val_loss=0.6282 val_acc=76.56% | lr=1.000000e-05
Saved new best model to /tmp/bow_mlp_imdb_87ivrm9y.pt
Epoch 2/301 | train_loss=0.5834 train_acc=80.27% | val_loss=0.5520 val_acc=82.54% | lr=1.000000e-05
Saved new best model to /tmp/bow_mlp_imdb_87ivrm9y.pt
Epoch 3/301 | train_loss=0.5075 train_acc=85.02% | val_loss=0.4916 val_acc=85.12% | lr=1.000000e-05
Saved new best model to /tmp/bow_mlp_imdb_87ivrm9y.pt
Epoch 4/301 | train_loss=0.4454 train_acc=87.50% | val_loss=0.4460 val_acc=86.54% | lr=1.000000e-05
Saved new best model to /tmp/bow_mlp_imdb_87ivrm9y.pt
Epoch 5/301 | train_loss=0.3976 train_acc=88.92% | val_loss=0.4114 val_acc=86.98% | lr=1.000000e-05
Saved new best model to /tmp/bow_mlp_imdb_87ivrm9y.pt
Epoch 6/301 | train_loss=0.3599 train_acc=89.89% | val_loss=0.3850 val_acc=87.36% | lr=1.000000e-05
Saved new best model to /tmp/bow_mlp_imdb_87ivrm9y.pt
Epoch 7/301 | train_loss=0.3281 train_acc=90.77% | val_loss=0.3642 val_acc=87.96% | lr=1.000000e-05
Saved new best model to /tmp/bow_mlp_imdb_87ivrm9y.pt
Epoch 8/301 | train_loss=0.3021 train_acc=91.72% | val_loss=0.3468 val_acc=88.14% | lr=1.000000e-05
Saved new best model to /tmp/bow_mlp_imdb_87ivrm9y.pt
Epoch 9/301 | train_loss=0.2787 train_acc=92.34% | val_loss=0.3329 val_acc=88.64% | lr=1.000000e-05
Saved new best model to /tmp/bow_mlp_imdb_87ivrm9y.pt
Epoch 10/301 | train_loss=0.2589 train_acc=92.93% | val_loss=0.3213 val_acc=88.82% | lr=1.000000e-05
Saved new best model to /tmp/bow_mlp_imdb_87ivrm9y.pt
Epoch 11/301 | train_loss=0.2422 train_acc=93.39% | val_loss=0.3119 val_acc=88.94% | lr=1.000000e-05
Saved new best model to /tmp/bow_mlp_imdb_87ivrm9y.pt
Epoch 12/301 | train_loss=0.2265 train_acc=93.99% | val_loss=0.3031 val_acc=89.22% | lr=1.000000e-05
Saved new best model to /tmp/bow_mlp_imdb_87ivrm9y.pt
Epoch 13/301 | train_loss=0.2114 train_acc=94.46% | val_loss=0.2960 val_acc=89.32% | lr=1.000000e-05
Saved new best model to /tmp/bow_mlp_imdb_87ivrm9y.pt
Epoch 14/301 | train_loss=0.1980 train_acc=94.94% | val_loss=0.2897 val_acc=89.32% | lr=1.000000e-05
Epoch 15/301 | train_loss=0.1857 train_acc=95.20% | val_loss=0.2853 val_acc=89.42% | lr=1.000000e-05
Saved new best model to /tmp/bow_mlp_imdb_87ivrm9y.pt
Epoch 16/301 | train_loss=0.1746 train_acc=95.60% | val_loss=0.2799 val_acc=89.58% | lr=1.000000e-05
Saved new best model to /tmp/bow_mlp_imdb_87ivrm9y.pt
Epoch 17/301 | train_loss=0.1638 train_acc=95.99% | val_loss=0.2758 val_acc=89.46% | lr=1.000000e-05
Epoch 18/301 | train_loss=0.1541 train_acc=96.34% | val_loss=0.2725 val_acc=89.54% | lr=1.000000e-05
Epoch 19/301 | train_loss=0.1454 train_acc=96.54% | val_loss=0.2696 val_acc=89.82% | lr=1.000000e-05
Saved new best model to /tmp/bow_mlp_imdb_87ivrm9y.pt
Epoch 20/301 | train_loss=0.1363 train_acc=96.83% | val_loss=0.2672 val_acc=89.88% | lr=1.000000e-05
Saved new best model to /tmp/bow_mlp_imdb_87ivrm9y.pt
Epoch 21/301 | train_loss=0.1289 train_acc=97.08% | val_loss=0.2649 val_acc=89.64% | lr=1.000000e-05
Epoch 22/301 | train_loss=0.1202 train_acc=97.27% | val_loss=0.2641 val_acc=90.02% | lr=1.000000e-05
Saved new best model to /tmp/bow_mlp_imdb_87ivrm9y.pt
Epoch 23/301 | train_loss=0.1131 train_acc=97.57% | val_loss=0.2620 val_acc=90.10% | lr=1.000000e-05
Saved new best model to /tmp/bow_mlp_imdb_87ivrm9y.pt
Epoch 24/301 | train_loss=0.1069 train_acc=97.79% | val_loss=0.2610 val_acc=89.70% | lr=1.000000e-05
Epoch 25/301 | train_loss=0.1005 train_acc=97.94% | val_loss=0.2598 val_acc=89.96% | lr=1.000000e-05
Epoch 26/301 | train_loss=0.0948 train_acc=98.06% | val_loss=0.2596 val_acc=90.16% | lr=1.000000e-05
Saved new best model to /tmp/bow_mlp_imdb_87ivrm9y.pt
Epoch 27/301 | train_loss=0.0889 train_acc=98.27% | val_loss=0.2592 val_acc=90.02% | lr=1.000000e-05
Epoch 28/301 | train_loss=0.0832 train_acc=98.38% | val_loss=0.2591 val_acc=90.04% | lr=1.000000e-05
Epoch 29/301 | train_loss=0.0782 train_acc=98.51% | val_loss=0.2594 val_acc=90.10% | lr=1.000000e-05
Epoch 30/301 | train_loss=0.0738 train_acc=98.72% | val_loss=0.2600 val_acc=90.06% | lr=1.000000e-05
Epoch 31/301 | train_loss=0.0689 train_acc=98.86% | val_loss=0.2605 val_acc=89.98% | lr=1.000000e-05
Epoch 32/301 | train_loss=0.0649 train_acc=98.96% | val_loss=0.2615 val_acc=89.96% | lr=1.000000e-05
Epoch 33/301 | train_loss=0.0611 train_acc=99.02% | val_loss=0.2634 val_acc=90.12% | lr=1.000000e-05
Epoch 34/301 | train_loss=0.0573 train_acc=99.09% | val_loss=0.2643 val_acc=89.94% | lr=1.000000e-05
Epoch 35/301 | train_loss=0.0529 train_acc=99.24% | val_loss=0.2660 val_acc=89.84% | lr=1.000000e-05
Epoch 36/301 | train_loss=0.0501 train_acc=99.25% | val_loss=0.2671 val_acc=89.92% | lr=1.000000e-05
Validation loss has not improved for 8 epochs. Stopping training.
Test loss=0.2950 | Test accuracy=88.51%
