Loading IMDb dataset from local disk: /home/daniel/l/masteruppsats/np-reg/language/data/imdb_hf
Using device: cuda
BoW vocab size: 50000
Epoch 1/301 | train_loss=8.8493 train_acc=50.03% | val_loss=0.6877 val_acc=49.90% | lr=3.000000e-06
Saved new best model to /tmp/bow_mlp_imdb_yxy2hz07.pt
Epoch 2/301 | train_loss=6.0647 train_acc=55.30% | val_loss=0.6718 val_acc=64.44% | lr=3.000000e-06
Saved new best model to /tmp/bow_mlp_imdb_yxy2hz07.pt
Epoch 3/301 | train_loss=4.1121 train_acc=73.31% | val_loss=0.6559 val_acc=74.00% | lr=3.000000e-06
Saved new best model to /tmp/bow_mlp_imdb_yxy2hz07.pt
Epoch 4/301 | train_loss=2.7559 train_acc=79.59% | val_loss=0.6377 val_acc=79.48% | lr=3.000000e-06
Saved new best model to /tmp/bow_mlp_imdb_yxy2hz07.pt
Epoch 5/301 | train_loss=1.8486 train_acc=83.10% | val_loss=0.6185 val_acc=82.86% | lr=3.000000e-06
Saved new best model to /tmp/bow_mlp_imdb_yxy2hz07.pt
Epoch 6/301 | train_loss=1.2796 train_acc=85.14% | val_loss=0.5980 val_acc=83.76% | lr=3.000000e-06
Saved new best model to /tmp/bow_mlp_imdb_yxy2hz07.pt
Epoch 7/301 | train_loss=0.9564 train_acc=86.32% | val_loss=0.5778 val_acc=83.62% | lr=3.000000e-06
Epoch 8/301 | train_loss=0.7926 train_acc=86.72% | val_loss=0.5572 val_acc=84.44% | lr=3.000000e-06
Saved new best model to /tmp/bow_mlp_imdb_yxy2hz07.pt
Epoch 9/301 | train_loss=0.7155 train_acc=87.22% | val_loss=0.5374 val_acc=85.20% | lr=3.000000e-06
Saved new best model to /tmp/bow_mlp_imdb_yxy2hz07.pt
Epoch 10/301 | train_loss=0.6761 train_acc=87.70% | val_loss=0.5188 val_acc=85.56% | lr=3.000000e-06
Saved new best model to /tmp/bow_mlp_imdb_yxy2hz07.pt
Epoch 11/301 | train_loss=0.6492 train_acc=88.05% | val_loss=0.5013 val_acc=86.14% | lr=3.000000e-06
Saved new best model to /tmp/bow_mlp_imdb_yxy2hz07.pt
Epoch 12/301 | train_loss=0.6258 train_acc=88.54% | val_loss=0.4853 val_acc=86.82% | lr=3.000000e-06
Saved new best model to /tmp/bow_mlp_imdb_yxy2hz07.pt
Epoch 13/301 | train_loss=0.6039 train_acc=88.92% | val_loss=0.4708 val_acc=86.88% | lr=3.000000e-06
Saved new best model to /tmp/bow_mlp_imdb_yxy2hz07.pt
Epoch 14/301 | train_loss=0.5833 train_acc=89.33% | val_loss=0.4576 val_acc=87.00% | lr=3.000000e-06
Saved new best model to /tmp/bow_mlp_imdb_yxy2hz07.pt
Epoch 15/301 | train_loss=0.5640 train_acc=89.63% | val_loss=0.4454 val_acc=87.28% | lr=3.000000e-06
Saved new best model to /tmp/bow_mlp_imdb_yxy2hz07.pt
Epoch 16/301 | train_loss=0.5456 train_acc=89.89% | val_loss=0.4344 val_acc=87.34% | lr=3.000000e-06
Saved new best model to /tmp/bow_mlp_imdb_yxy2hz07.pt
Epoch 17/301 | train_loss=0.5284 train_acc=90.18% | val_loss=0.4239 val_acc=87.48% | lr=3.000000e-06
Saved new best model to /tmp/bow_mlp_imdb_yxy2hz07.pt
Epoch 18/301 | train_loss=0.5123 train_acc=90.50% | val_loss=0.4143 val_acc=87.70% | lr=3.000000e-06
Saved new best model to /tmp/bow_mlp_imdb_yxy2hz07.pt
Epoch 19/301 | train_loss=0.4970 train_acc=90.81% | val_loss=0.4055 val_acc=87.70% | lr=3.000000e-06
Epoch 20/301 | train_loss=0.4826 train_acc=91.05% | val_loss=0.3974 val_acc=87.84% | lr=3.000000e-06
Saved new best model to /tmp/bow_mlp_imdb_yxy2hz07.pt
Epoch 21/301 | train_loss=0.4691 train_acc=91.26% | val_loss=0.3897 val_acc=87.98% | lr=3.000000e-06
Saved new best model to /tmp/bow_mlp_imdb_yxy2hz07.pt
Epoch 22/301 | train_loss=0.4563 train_acc=91.46% | val_loss=0.3827 val_acc=88.24% | lr=3.000000e-06
Saved new best model to /tmp/bow_mlp_imdb_yxy2hz07.pt
Epoch 23/301 | train_loss=0.4442 train_acc=91.70% | val_loss=0.3758 val_acc=88.18% | lr=3.000000e-06
Epoch 24/301 | train_loss=0.4326 train_acc=91.89% | val_loss=0.3697 val_acc=88.12% | lr=3.000000e-06
Epoch 25/301 | train_loss=0.4217 train_acc=92.11% | val_loss=0.3637 val_acc=88.18% | lr=3.000000e-06
Epoch 26/301 | train_loss=0.4113 train_acc=92.21% | val_loss=0.3582 val_acc=88.32% | lr=3.000000e-06
Saved new best model to /tmp/bow_mlp_imdb_yxy2hz07.pt
Epoch 27/301 | train_loss=0.4013 train_acc=92.36% | val_loss=0.3532 val_acc=88.32% | lr=3.000000e-06
Epoch 28/301 | train_loss=0.3919 train_acc=92.59% | val_loss=0.3482 val_acc=88.48% | lr=3.000000e-06
Saved new best model to /tmp/bow_mlp_imdb_yxy2hz07.pt
Epoch 29/301 | train_loss=0.3829 train_acc=92.77% | val_loss=0.3436 val_acc=88.60% | lr=3.000000e-06
Saved new best model to /tmp/bow_mlp_imdb_yxy2hz07.pt
Epoch 30/301 | train_loss=0.3742 train_acc=92.94% | val_loss=0.3396 val_acc=88.60% | lr=3.000000e-06
Epoch 31/301 | train_loss=0.3659 train_acc=93.15% | val_loss=0.3351 val_acc=88.80% | lr=3.000000e-06
Saved new best model to /tmp/bow_mlp_imdb_yxy2hz07.pt
Epoch 32/301 | train_loss=0.3578 train_acc=93.32% | val_loss=0.3313 val_acc=88.80% | lr=3.000000e-06
Epoch 33/301 | train_loss=0.3501 train_acc=93.43% | val_loss=0.3279 val_acc=88.82% | lr=3.000000e-06
Saved new best model to /tmp/bow_mlp_imdb_yxy2hz07.pt
Epoch 34/301 | train_loss=0.3427 train_acc=93.62% | val_loss=0.3240 val_acc=88.92% | lr=3.000000e-06
Saved new best model to /tmp/bow_mlp_imdb_yxy2hz07.pt
Epoch 35/301 | train_loss=0.3356 train_acc=93.81% | val_loss=0.3207 val_acc=88.92% | lr=3.000000e-06
Epoch 36/301 | train_loss=0.3287 train_acc=93.94% | val_loss=0.3175 val_acc=89.04% | lr=3.000000e-06
Saved new best model to /tmp/bow_mlp_imdb_yxy2hz07.pt
Epoch 37/301 | train_loss=0.3219 train_acc=94.12% | val_loss=0.3144 val_acc=89.14% | lr=3.000000e-06
Saved new best model to /tmp/bow_mlp_imdb_yxy2hz07.pt
Epoch 38/301 | train_loss=0.3156 train_acc=94.25% | val_loss=0.3116 val_acc=89.16% | lr=3.000000e-06
Saved new best model to /tmp/bow_mlp_imdb_yxy2hz07.pt
Epoch 39/301 | train_loss=0.3094 train_acc=94.41% | val_loss=0.3091 val_acc=89.14% | lr=3.000000e-06
Epoch 40/301 | train_loss=0.3034 train_acc=94.51% | val_loss=0.3063 val_acc=89.24% | lr=3.000000e-06
Saved new best model to /tmp/bow_mlp_imdb_yxy2hz07.pt
Epoch 41/301 | train_loss=0.2975 train_acc=94.63% | val_loss=0.3037 val_acc=89.36% | lr=3.000000e-06
Saved new best model to /tmp/bow_mlp_imdb_yxy2hz07.pt
Epoch 42/301 | train_loss=0.2919 train_acc=94.84% | val_loss=0.3012 val_acc=89.36% | lr=3.000000e-06
Epoch 43/301 | train_loss=0.2863 train_acc=94.97% | val_loss=0.2989 val_acc=89.38% | lr=3.000000e-06
Saved new best model to /tmp/bow_mlp_imdb_yxy2hz07.pt
Epoch 44/301 | train_loss=0.2810 train_acc=95.06% | val_loss=0.2969 val_acc=89.42% | lr=3.000000e-06
Saved new best model to /tmp/bow_mlp_imdb_yxy2hz07.pt
Epoch 45/301 | train_loss=0.2758 train_acc=95.17% | val_loss=0.2946 val_acc=89.54% | lr=3.000000e-06
Saved new best model to /tmp/bow_mlp_imdb_yxy2hz07.pt
Epoch 46/301 | train_loss=0.2707 train_acc=95.29% | val_loss=0.2927 val_acc=89.52% | lr=3.000000e-06
Epoch 47/301 | train_loss=0.2657 train_acc=95.41% | val_loss=0.2906 val_acc=89.52% | lr=3.000000e-06
Epoch 48/301 | train_loss=0.2610 train_acc=95.45% | val_loss=0.2887 val_acc=89.58% | lr=3.000000e-06
Saved new best model to /tmp/bow_mlp_imdb_yxy2hz07.pt
Epoch 49/301 | train_loss=0.2562 train_acc=95.61% | val_loss=0.2871 val_acc=89.62% | lr=3.000000e-06
Saved new best model to /tmp/bow_mlp_imdb_yxy2hz07.pt
Epoch 50/301 | train_loss=0.2517 train_acc=95.67% | val_loss=0.2853 val_acc=89.62% | lr=3.000000e-06
Epoch 51/301 | train_loss=0.2472 train_acc=95.82% | val_loss=0.2837 val_acc=89.72% | lr=3.000000e-06
Saved new best model to /tmp/bow_mlp_imdb_yxy2hz07.pt
Epoch 52/301 | train_loss=0.2429 train_acc=95.95% | val_loss=0.2821 val_acc=89.70% | lr=3.000000e-06
Epoch 53/301 | train_loss=0.2386 train_acc=95.98% | val_loss=0.2806 val_acc=89.66% | lr=3.000000e-06
Epoch 54/301 | train_loss=0.2344 train_acc=96.09% | val_loss=0.2792 val_acc=89.72% | lr=3.000000e-06
Epoch 55/301 | train_loss=0.2304 train_acc=96.16% | val_loss=0.2778 val_acc=89.68% | lr=3.000000e-06
Epoch 56/301 | train_loss=0.2264 train_acc=96.33% | val_loss=0.2765 val_acc=89.66% | lr=3.000000e-06
Epoch 57/301 | train_loss=0.2225 train_acc=96.39% | val_loss=0.2753 val_acc=89.80% | lr=3.000000e-06
Saved new best model to /tmp/bow_mlp_imdb_yxy2hz07.pt
Epoch 58/301 | train_loss=0.2187 train_acc=96.53% | val_loss=0.2741 val_acc=89.76% | lr=3.000000e-06
Epoch 59/301 | train_loss=0.2150 train_acc=96.56% | val_loss=0.2734 val_acc=89.86% | lr=3.000000e-06
Saved new best model to /tmp/bow_mlp_imdb_yxy2hz07.pt
Epoch 60/301 | train_loss=0.2114 train_acc=96.70% | val_loss=0.2719 val_acc=89.82% | lr=3.000000e-06
Epoch 61/301 | train_loss=0.2078 train_acc=96.78% | val_loss=0.2708 val_acc=89.78% | lr=3.000000e-06
Epoch 62/301 | train_loss=0.2042 train_acc=96.83% | val_loss=0.2701 val_acc=89.92% | lr=3.000000e-06
Saved new best model to /tmp/bow_mlp_imdb_yxy2hz07.pt
Epoch 63/301 | train_loss=0.2008 train_acc=96.93% | val_loss=0.2688 val_acc=89.76% | lr=3.000000e-06
Epoch 64/301 | train_loss=0.1975 train_acc=97.02% | val_loss=0.2678 val_acc=89.86% | lr=3.000000e-06
Epoch 65/301 | train_loss=0.1942 train_acc=97.06% | val_loss=0.2671 val_acc=89.92% | lr=3.000000e-06
Epoch 66/301 | train_loss=0.1910 train_acc=97.12% | val_loss=0.2664 val_acc=89.98% | lr=3.000000e-06
Saved new best model to /tmp/bow_mlp_imdb_yxy2hz07.pt
Epoch 67/301 | train_loss=0.1878 train_acc=97.17% | val_loss=0.2654 val_acc=89.92% | lr=3.000000e-06
Epoch 68/301 | train_loss=0.1847 train_acc=97.30% | val_loss=0.2647 val_acc=89.96% | lr=3.000000e-06
Epoch 69/301 | train_loss=0.1817 train_acc=97.39% | val_loss=0.2641 val_acc=90.12% | lr=3.000000e-06
Saved new best model to /tmp/bow_mlp_imdb_yxy2hz07.pt
Epoch 70/301 | train_loss=0.1787 train_acc=97.42% | val_loss=0.2633 val_acc=90.06% | lr=3.000000e-06
Epoch 71/301 | train_loss=0.1758 train_acc=97.54% | val_loss=0.2628 val_acc=90.18% | lr=3.000000e-06
Saved new best model to /tmp/bow_mlp_imdb_yxy2hz07.pt
Epoch 72/301 | train_loss=0.1729 train_acc=97.57% | val_loss=0.2622 val_acc=90.14% | lr=3.000000e-06
Epoch 73/301 | train_loss=0.1701 train_acc=97.64% | val_loss=0.2617 val_acc=90.18% | lr=3.000000e-06
Epoch 74/301 | train_loss=0.1673 train_acc=97.78% | val_loss=0.2611 val_acc=90.00% | lr=3.000000e-06
Epoch 75/301 | train_loss=0.1646 train_acc=97.84% | val_loss=0.2606 val_acc=90.08% | lr=3.000000e-06
Epoch 76/301 | train_loss=0.1620 train_acc=97.88% | val_loss=0.2602 val_acc=90.08% | lr=3.000000e-06
Epoch 77/301 | train_loss=0.1594 train_acc=97.93% | val_loss=0.2598 val_acc=90.18% | lr=3.000000e-06
Epoch 78/301 | train_loss=0.1568 train_acc=97.98% | val_loss=0.2602 val_acc=90.10% | lr=3.000000e-06
Epoch 79/301 | train_loss=0.1543 train_acc=98.06% | val_loss=0.2591 val_acc=90.12% | lr=3.000000e-06
Epoch 80/301 | train_loss=0.1518 train_acc=98.08% | val_loss=0.2589 val_acc=90.18% | lr=3.000000e-06
Epoch 81/301 | train_loss=0.1494 train_acc=98.13% | val_loss=0.2585 val_acc=90.14% | lr=3.000000e-06
Epoch 82/301 | train_loss=0.1470 train_acc=98.18% | val_loss=0.2582 val_acc=90.14% | lr=3.000000e-06
Epoch 83/301 | train_loss=0.1446 train_acc=98.24% | val_loss=0.2584 val_acc=90.10% | lr=3.000000e-06
Epoch 84/301 | train_loss=0.1423 train_acc=98.28% | val_loss=0.2580 val_acc=90.22% | lr=3.000000e-06
Saved new best model to /tmp/bow_mlp_imdb_yxy2hz07.pt
Epoch 85/301 | train_loss=0.1401 train_acc=98.35% | val_loss=0.2577 val_acc=90.24% | lr=3.000000e-06
Saved new best model to /tmp/bow_mlp_imdb_yxy2hz07.pt
Epoch 86/301 | train_loss=0.1378 train_acc=98.39% | val_loss=0.2580 val_acc=90.12% | lr=3.000000e-06
Epoch 87/301 | train_loss=0.1357 train_acc=98.45% | val_loss=0.2576 val_acc=90.16% | lr=3.000000e-06
Epoch 88/301 | train_loss=0.1335 train_acc=98.50% | val_loss=0.2576 val_acc=90.14% | lr=3.000000e-06
Epoch 89/301 | train_loss=0.1314 train_acc=98.56% | val_loss=0.2575 val_acc=90.20% | lr=3.000000e-06
Epoch 90/301 | train_loss=0.1293 train_acc=98.59% | val_loss=0.2574 val_acc=90.22% | lr=3.000000e-06
Epoch 91/301 | train_loss=0.1273 train_acc=98.64% | val_loss=0.2577 val_acc=90.16% | lr=3.000000e-06
Epoch 92/301 | train_loss=0.1253 train_acc=98.69% | val_loss=0.2578 val_acc=90.18% | lr=3.000000e-06
Epoch 93/301 | train_loss=0.1233 train_acc=98.71% | val_loss=0.2577 val_acc=90.18% | lr=3.000000e-06
Epoch 94/301 | train_loss=0.1214 train_acc=98.75% | val_loss=0.2577 val_acc=90.20% | lr=3.000000e-06
Epoch 95/301 | train_loss=0.1195 train_acc=98.81% | val_loss=0.2579 val_acc=90.18% | lr=3.000000e-06
Epoch 96/301 | train_loss=0.1176 train_acc=98.85% | val_loss=0.2581 val_acc=90.18% | lr=3.000000e-06
Epoch 97/301 | train_loss=0.1157 train_acc=98.90% | val_loss=0.2589 val_acc=90.24% | lr=3.000000e-06
Epoch 98/301 | train_loss=0.1140 train_acc=98.94% | val_loss=0.2584 val_acc=90.16% | lr=3.000000e-06
Validation loss has not improved for 8 epochs. Stopping training.
Test loss=0.2916 | Test accuracy=88.59%
