Loading IMDb dataset from local disk: /home/daniel/l/masteruppsats/np-reg/language/data/imdb_hf
Using device: cuda
BoW vocab size: 6250
Epoch 1/301 | train_loss=0.6905 train_acc=51.74% | val_loss=0.6823 val_acc=56.16% | lr=1.000000e-05
Saved new best model to /tmp/bow_mlp_imdb_6pidx_j8.pt
Epoch 2/301 | train_loss=0.6756 train_acc=59.97% | val_loss=0.6672 val_acc=64.56% | lr=1.000000e-05
Saved new best model to /tmp/bow_mlp_imdb_6pidx_j8.pt
Epoch 3/301 | train_loss=0.6595 train_acc=66.32% | val_loss=0.6506 val_acc=70.88% | lr=1.000000e-05
Saved new best model to /tmp/bow_mlp_imdb_6pidx_j8.pt
Epoch 4/301 | train_loss=0.6421 train_acc=70.58% | val_loss=0.6334 val_acc=73.88% | lr=1.000000e-05
Saved new best model to /tmp/bow_mlp_imdb_6pidx_j8.pt
Epoch 5/301 | train_loss=0.6240 train_acc=74.16% | val_loss=0.6167 val_acc=75.90% | lr=1.000000e-05
Saved new best model to /tmp/bow_mlp_imdb_6pidx_j8.pt
Epoch 6/301 | train_loss=0.6075 train_acc=76.14% | val_loss=0.6008 val_acc=77.46% | lr=1.000000e-05
Saved new best model to /tmp/bow_mlp_imdb_6pidx_j8.pt
Epoch 7/301 | train_loss=0.5908 train_acc=78.20% | val_loss=0.5845 val_acc=79.36% | lr=1.000000e-05
Saved new best model to /tmp/bow_mlp_imdb_6pidx_j8.pt
Epoch 8/301 | train_loss=0.5743 train_acc=79.65% | val_loss=0.5692 val_acc=80.72% | lr=1.000000e-05
Saved new best model to /tmp/bow_mlp_imdb_6pidx_j8.pt
Epoch 9/301 | train_loss=0.5593 train_acc=80.83% | val_loss=0.5551 val_acc=81.64% | lr=1.000000e-05
Saved new best model to /tmp/bow_mlp_imdb_6pidx_j8.pt
Epoch 10/301 | train_loss=0.5447 train_acc=81.81% | val_loss=0.5420 val_acc=82.38% | lr=1.000000e-05
Saved new best model to /tmp/bow_mlp_imdb_6pidx_j8.pt
Epoch 11/301 | train_loss=0.5312 train_acc=82.45% | val_loss=0.5298 val_acc=82.76% | lr=1.000000e-05
Saved new best model to /tmp/bow_mlp_imdb_6pidx_j8.pt
Epoch 12/301 | train_loss=0.5191 train_acc=83.00% | val_loss=0.5181 val_acc=83.50% | lr=1.000000e-05
Saved new best model to /tmp/bow_mlp_imdb_6pidx_j8.pt
Epoch 13/301 | train_loss=0.5065 train_acc=83.60% | val_loss=0.5055 val_acc=83.82% | lr=1.000000e-05
Saved new best model to /tmp/bow_mlp_imdb_6pidx_j8.pt
Epoch 14/301 | train_loss=0.4939 train_acc=84.15% | val_loss=0.4939 val_acc=84.34% | lr=1.000000e-05
Saved new best model to /tmp/bow_mlp_imdb_6pidx_j8.pt
Epoch 15/301 | train_loss=0.4817 train_acc=84.42% | val_loss=0.4833 val_acc=84.62% | lr=1.000000e-05
Saved new best model to /tmp/bow_mlp_imdb_6pidx_j8.pt
Epoch 16/301 | train_loss=0.4709 train_acc=84.86% | val_loss=0.4737 val_acc=84.86% | lr=1.000000e-05
Saved new best model to /tmp/bow_mlp_imdb_6pidx_j8.pt
Epoch 17/301 | train_loss=0.4609 train_acc=85.19% | val_loss=0.4647 val_acc=84.96% | lr=1.000000e-05
Saved new best model to /tmp/bow_mlp_imdb_6pidx_j8.pt
Epoch 18/301 | train_loss=0.4518 train_acc=85.38% | val_loss=0.4564 val_acc=85.14% | lr=1.000000e-05
Saved new best model to /tmp/bow_mlp_imdb_6pidx_j8.pt
Epoch 19/301 | train_loss=0.4423 train_acc=85.86% | val_loss=0.4486 val_acc=85.36% | lr=1.000000e-05
Saved new best model to /tmp/bow_mlp_imdb_6pidx_j8.pt
Epoch 20/301 | train_loss=0.4333 train_acc=86.12% | val_loss=0.4412 val_acc=85.48% | lr=1.000000e-05
Saved new best model to /tmp/bow_mlp_imdb_6pidx_j8.pt
Epoch 21/301 | train_loss=0.4253 train_acc=86.24% | val_loss=0.4342 val_acc=85.64% | lr=1.000000e-05
Saved new best model to /tmp/bow_mlp_imdb_6pidx_j8.pt
Epoch 22/301 | train_loss=0.4171 train_acc=86.70% | val_loss=0.4276 val_acc=86.04% | lr=1.000000e-05
Saved new best model to /tmp/bow_mlp_imdb_6pidx_j8.pt
Epoch 23/301 | train_loss=0.4116 train_acc=86.52% | val_loss=0.4215 val_acc=86.14% | lr=1.000000e-05
Saved new best model to /tmp/bow_mlp_imdb_6pidx_j8.pt
Epoch 24/301 | train_loss=0.4053 train_acc=86.81% | val_loss=0.4157 val_acc=86.24% | lr=1.000000e-05
Saved new best model to /tmp/bow_mlp_imdb_6pidx_j8.pt
Epoch 25/301 | train_loss=0.3982 train_acc=86.98% | val_loss=0.4101 val_acc=86.14% | lr=1.000000e-05
Epoch 26/301 | train_loss=0.3915 train_acc=87.13% | val_loss=0.4050 val_acc=86.30% | lr=1.000000e-05
Saved new best model to /tmp/bow_mlp_imdb_6pidx_j8.pt
Epoch 27/301 | train_loss=0.3866 train_acc=87.34% | val_loss=0.3999 val_acc=86.22% | lr=1.000000e-05
Epoch 28/301 | train_loss=0.3809 train_acc=87.32% | val_loss=0.3952 val_acc=86.28% | lr=1.000000e-05
Epoch 29/301 | train_loss=0.3750 train_acc=87.64% | val_loss=0.3908 val_acc=86.36% | lr=1.000000e-05
Saved new best model to /tmp/bow_mlp_imdb_6pidx_j8.pt
Epoch 30/301 | train_loss=0.3696 train_acc=87.72% | val_loss=0.3864 val_acc=86.58% | lr=1.000000e-05
Saved new best model to /tmp/bow_mlp_imdb_6pidx_j8.pt
Epoch 31/301 | train_loss=0.3648 train_acc=87.85% | val_loss=0.3825 val_acc=86.46% | lr=1.000000e-05
Epoch 32/301 | train_loss=0.3602 train_acc=88.17% | val_loss=0.3785 val_acc=86.64% | lr=1.000000e-05
Saved new best model to /tmp/bow_mlp_imdb_6pidx_j8.pt
Epoch 33/301 | train_loss=0.3554 train_acc=88.24% | val_loss=0.3749 val_acc=86.70% | lr=1.000000e-05
Saved new best model to /tmp/bow_mlp_imdb_6pidx_j8.pt
Epoch 34/301 | train_loss=0.3512 train_acc=88.15% | val_loss=0.3713 val_acc=86.80% | lr=1.000000e-05
Saved new best model to /tmp/bow_mlp_imdb_6pidx_j8.pt
Epoch 35/301 | train_loss=0.3467 train_acc=88.48% | val_loss=0.3680 val_acc=86.78% | lr=1.000000e-05
Epoch 36/301 | train_loss=0.3422 train_acc=88.64% | val_loss=0.3648 val_acc=86.80% | lr=1.000000e-05
Epoch 37/301 | train_loss=0.3390 train_acc=88.63% | val_loss=0.3616 val_acc=87.22% | lr=1.000000e-05
Saved new best model to /tmp/bow_mlp_imdb_6pidx_j8.pt
Epoch 38/301 | train_loss=0.3351 train_acc=88.66% | val_loss=0.3586 val_acc=87.32% | lr=1.000000e-05
Saved new best model to /tmp/bow_mlp_imdb_6pidx_j8.pt
Epoch 39/301 | train_loss=0.3311 train_acc=89.02% | val_loss=0.3558 val_acc=87.46% | lr=1.000000e-05
Saved new best model to /tmp/bow_mlp_imdb_6pidx_j8.pt
Epoch 40/301 | train_loss=0.3278 train_acc=88.78% | val_loss=0.3531 val_acc=87.44% | lr=1.000000e-05
Epoch 41/301 | train_loss=0.3233 train_acc=88.98% | val_loss=0.3506 val_acc=87.26% | lr=1.000000e-05
Epoch 42/301 | train_loss=0.3218 train_acc=89.09% | val_loss=0.3481 val_acc=87.34% | lr=1.000000e-05
Epoch 43/301 | train_loss=0.3178 train_acc=89.16% | val_loss=0.3458 val_acc=87.40% | lr=1.000000e-05
Epoch 44/301 | train_loss=0.3143 train_acc=89.28% | val_loss=0.3436 val_acc=87.44% | lr=1.000000e-05
Epoch 45/301 | train_loss=0.3113 train_acc=89.60% | val_loss=0.3413 val_acc=87.44% | lr=1.000000e-05
Epoch 46/301 | train_loss=0.3084 train_acc=89.59% | val_loss=0.3393 val_acc=87.46% | lr=1.000000e-05
Epoch 47/301 | train_loss=0.3044 train_acc=89.59% | val_loss=0.3373 val_acc=87.52% | lr=1.000000e-05
Saved new best model to /tmp/bow_mlp_imdb_6pidx_j8.pt
Epoch 48/301 | train_loss=0.3012 train_acc=89.83% | val_loss=0.3353 val_acc=87.56% | lr=1.000000e-05
Saved new best model to /tmp/bow_mlp_imdb_6pidx_j8.pt
Epoch 49/301 | train_loss=0.2999 train_acc=89.70% | val_loss=0.3335 val_acc=87.62% | lr=1.000000e-05
Saved new best model to /tmp/bow_mlp_imdb_6pidx_j8.pt
Epoch 50/301 | train_loss=0.2969 train_acc=89.77% | val_loss=0.3320 val_acc=87.82% | lr=1.000000e-05
Saved new best model to /tmp/bow_mlp_imdb_6pidx_j8.pt
Epoch 51/301 | train_loss=0.2943 train_acc=89.83% | val_loss=0.3300 val_acc=87.72% | lr=1.000000e-05
Epoch 52/301 | train_loss=0.2925 train_acc=89.92% | val_loss=0.3284 val_acc=87.88% | lr=1.000000e-05
Saved new best model to /tmp/bow_mlp_imdb_6pidx_j8.pt
Epoch 53/301 | train_loss=0.2897 train_acc=89.99% | val_loss=0.3268 val_acc=87.88% | lr=1.000000e-05
Epoch 54/301 | train_loss=0.2859 train_acc=90.18% | val_loss=0.3253 val_acc=88.00% | lr=1.000000e-05
Saved new best model to /tmp/bow_mlp_imdb_6pidx_j8.pt
Epoch 55/301 | train_loss=0.2859 train_acc=90.05% | val_loss=0.3238 val_acc=87.90% | lr=1.000000e-05
Epoch 56/301 | train_loss=0.2810 train_acc=90.42% | val_loss=0.3224 val_acc=87.94% | lr=1.000000e-05
Epoch 57/301 | train_loss=0.2793 train_acc=90.33% | val_loss=0.3212 val_acc=88.04% | lr=1.000000e-05
Saved new best model to /tmp/bow_mlp_imdb_6pidx_j8.pt
Epoch 58/301 | train_loss=0.2784 train_acc=90.44% | val_loss=0.3198 val_acc=87.96% | lr=1.000000e-05
Epoch 59/301 | train_loss=0.2756 train_acc=90.40% | val_loss=0.3188 val_acc=88.02% | lr=1.000000e-05
Epoch 60/301 | train_loss=0.2735 train_acc=90.62% | val_loss=0.3175 val_acc=88.08% | lr=1.000000e-05
Saved new best model to /tmp/bow_mlp_imdb_6pidx_j8.pt
Epoch 61/301 | train_loss=0.2717 train_acc=90.53% | val_loss=0.3163 val_acc=88.08% | lr=1.000000e-05
Epoch 62/301 | train_loss=0.2687 train_acc=90.72% | val_loss=0.3152 val_acc=88.08% | lr=1.000000e-05
Epoch 63/301 | train_loss=0.2684 train_acc=90.70% | val_loss=0.3143 val_acc=88.10% | lr=1.000000e-05
Saved new best model to /tmp/bow_mlp_imdb_6pidx_j8.pt
Epoch 64/301 | train_loss=0.2644 train_acc=90.96% | val_loss=0.3132 val_acc=88.12% | lr=1.000000e-05
Saved new best model to /tmp/bow_mlp_imdb_6pidx_j8.pt
Epoch 65/301 | train_loss=0.2642 train_acc=90.77% | val_loss=0.3120 val_acc=88.12% | lr=1.000000e-05
Epoch 66/301 | train_loss=0.2612 train_acc=90.94% | val_loss=0.3116 val_acc=88.06% | lr=1.000000e-05
Epoch 67/301 | train_loss=0.2591 train_acc=90.91% | val_loss=0.3101 val_acc=88.14% | lr=1.000000e-05
Saved new best model to /tmp/bow_mlp_imdb_6pidx_j8.pt
Epoch 68/301 | train_loss=0.2580 train_acc=90.94% | val_loss=0.3093 val_acc=88.14% | lr=1.000000e-05
Epoch 69/301 | train_loss=0.2564 train_acc=90.90% | val_loss=0.3084 val_acc=88.22% | lr=1.000000e-05
Saved new best model to /tmp/bow_mlp_imdb_6pidx_j8.pt
Epoch 70/301 | train_loss=0.2524 train_acc=91.20% | val_loss=0.3078 val_acc=88.16% | lr=1.000000e-05
Epoch 71/301 | train_loss=0.2527 train_acc=91.19% | val_loss=0.3069 val_acc=88.26% | lr=1.000000e-05
Saved new best model to /tmp/bow_mlp_imdb_6pidx_j8.pt
Epoch 72/301 | train_loss=0.2521 train_acc=91.22% | val_loss=0.3062 val_acc=88.30% | lr=1.000000e-05
Saved new best model to /tmp/bow_mlp_imdb_6pidx_j8.pt
Epoch 73/301 | train_loss=0.2498 train_acc=91.34% | val_loss=0.3055 val_acc=88.26% | lr=1.000000e-05
Epoch 74/301 | train_loss=0.2462 train_acc=91.36% | val_loss=0.3050 val_acc=88.16% | lr=1.000000e-05
Epoch 75/301 | train_loss=0.2453 train_acc=91.45% | val_loss=0.3040 val_acc=88.32% | lr=1.000000e-05
Saved new best model to /tmp/bow_mlp_imdb_6pidx_j8.pt
Epoch 76/301 | train_loss=0.2434 train_acc=91.45% | val_loss=0.3034 val_acc=88.28% | lr=1.000000e-05
Epoch 77/301 | train_loss=0.2420 train_acc=91.47% | val_loss=0.3027 val_acc=88.36% | lr=1.000000e-05
Saved new best model to /tmp/bow_mlp_imdb_6pidx_j8.pt
Epoch 78/301 | train_loss=0.2417 train_acc=91.57% | val_loss=0.3022 val_acc=88.38% | lr=1.000000e-05
Saved new best model to /tmp/bow_mlp_imdb_6pidx_j8.pt
Epoch 79/301 | train_loss=0.2385 train_acc=91.62% | val_loss=0.3017 val_acc=88.36% | lr=1.000000e-05
Epoch 80/301 | train_loss=0.2394 train_acc=91.62% | val_loss=0.3012 val_acc=88.32% | lr=1.000000e-05
Epoch 81/301 | train_loss=0.2369 train_acc=91.65% | val_loss=0.3011 val_acc=88.26% | lr=1.000000e-05
Epoch 82/301 | train_loss=0.2348 train_acc=91.69% | val_loss=0.3001 val_acc=88.20% | lr=1.000000e-05
Epoch 83/301 | train_loss=0.2330 train_acc=91.68% | val_loss=0.2998 val_acc=88.20% | lr=1.000000e-05
Epoch 84/301 | train_loss=0.2319 train_acc=91.75% | val_loss=0.2993 val_acc=88.20% | lr=1.000000e-05
Epoch 85/301 | train_loss=0.2305 train_acc=91.94% | val_loss=0.2989 val_acc=88.20% | lr=1.000000e-05
Epoch 86/301 | train_loss=0.2294 train_acc=91.88% | val_loss=0.2984 val_acc=88.16% | lr=1.000000e-05
Epoch 87/301 | train_loss=0.2283 train_acc=92.04% | val_loss=0.2981 val_acc=88.12% | lr=1.000000e-05
Epoch 88/301 | train_loss=0.2275 train_acc=92.02% | val_loss=0.2976 val_acc=88.24% | lr=1.000000e-05
Epoch 89/301 | train_loss=0.2266 train_acc=92.02% | val_loss=0.2973 val_acc=88.20% | lr=1.000000e-05
Epoch 90/301 | train_loss=0.2242 train_acc=92.16% | val_loss=0.2970 val_acc=88.22% | lr=1.000000e-05
Epoch 91/301 | train_loss=0.2226 train_acc=92.07% | val_loss=0.2968 val_acc=88.20% | lr=1.000000e-05
Epoch 92/301 | train_loss=0.2208 train_acc=92.22% | val_loss=0.2964 val_acc=88.30% | lr=1.000000e-05
Epoch 93/301 | train_loss=0.2199 train_acc=92.18% | val_loss=0.2962 val_acc=88.22% | lr=1.000000e-05
Epoch 94/301 | train_loss=0.2191 train_acc=92.34% | val_loss=0.2960 val_acc=88.20% | lr=1.000000e-05
Epoch 95/301 | train_loss=0.2179 train_acc=92.38% | val_loss=0.2956 val_acc=88.32% | lr=1.000000e-05
Epoch 96/301 | train_loss=0.2164 train_acc=92.36% | val_loss=0.2955 val_acc=88.30% | lr=1.000000e-05
Epoch 97/301 | train_loss=0.2149 train_acc=92.50% | val_loss=0.2952 val_acc=88.34% | lr=1.000000e-05
Epoch 98/301 | train_loss=0.2129 train_acc=92.52% | val_loss=0.2950 val_acc=88.32% | lr=1.000000e-05
Epoch 99/301 | train_loss=0.2115 train_acc=92.63% | val_loss=0.2954 val_acc=88.16% | lr=1.000000e-05
Epoch 100/301 | train_loss=0.2124 train_acc=92.45% | val_loss=0.2949 val_acc=88.32% | lr=1.000000e-05
Epoch 101/301 | train_loss=0.2113 train_acc=92.68% | val_loss=0.2944 val_acc=88.34% | lr=1.000000e-05
Epoch 102/301 | train_loss=0.2088 train_acc=92.84% | val_loss=0.2948 val_acc=88.28% | lr=1.000000e-05
Epoch 103/301 | train_loss=0.2083 train_acc=92.77% | val_loss=0.2943 val_acc=88.38% | lr=1.000000e-05
Epoch 104/301 | train_loss=0.2068 train_acc=92.65% | val_loss=0.2941 val_acc=88.40% | lr=1.000000e-05
Saved new best model to /tmp/bow_mlp_imdb_6pidx_j8.pt
Epoch 105/301 | train_loss=0.2064 train_acc=92.66% | val_loss=0.2942 val_acc=88.38% | lr=1.000000e-05
Epoch 106/301 | train_loss=0.2056 train_acc=92.59% | val_loss=0.2939 val_acc=88.40% | lr=1.000000e-05
Epoch 107/301 | train_loss=0.2034 train_acc=92.94% | val_loss=0.2940 val_acc=88.38% | lr=1.000000e-05
Epoch 108/301 | train_loss=0.2014 train_acc=92.86% | val_loss=0.2939 val_acc=88.32% | lr=1.000000e-05
Epoch 109/301 | train_loss=0.2014 train_acc=92.96% | val_loss=0.2939 val_acc=88.32% | lr=1.000000e-05
Epoch 110/301 | train_loss=0.2008 train_acc=93.01% | val_loss=0.2938 val_acc=88.36% | lr=1.000000e-05
Epoch 111/301 | train_loss=0.2004 train_acc=92.94% | val_loss=0.2941 val_acc=88.28% | lr=1.000000e-05
Epoch 112/301 | train_loss=0.1986 train_acc=93.00% | val_loss=0.2938 val_acc=88.38% | lr=1.000000e-05
Epoch 113/301 | train_loss=0.1973 train_acc=93.05% | val_loss=0.2939 val_acc=88.30% | lr=1.000000e-05
Epoch 114/301 | train_loss=0.1958 train_acc=93.16% | val_loss=0.2939 val_acc=88.24% | lr=1.000000e-05
Epoch 115/301 | train_loss=0.1966 train_acc=92.90% | val_loss=0.2938 val_acc=88.34% | lr=1.000000e-05
Epoch 116/301 | train_loss=0.1953 train_acc=93.12% | val_loss=0.2941 val_acc=88.20% | lr=1.000000e-05
Epoch 117/301 | train_loss=0.1937 train_acc=93.25% | val_loss=0.2939 val_acc=88.32% | lr=1.000000e-05
Epoch 118/301 | train_loss=0.1930 train_acc=93.05% | val_loss=0.2941 val_acc=88.32% | lr=1.000000e-05
Epoch 119/301 | train_loss=0.1906 train_acc=93.38% | val_loss=0.2941 val_acc=88.22% | lr=1.000000e-05
Epoch 120/301 | train_loss=0.1899 train_acc=93.46% | val_loss=0.2942 val_acc=88.22% | lr=1.000000e-05
Validation loss has not improved for 8 epochs. Stopping training.
Test loss=0.3046 | Test accuracy=87.80%
