Loading IMDb dataset from local disk: /home/daniel/l/masteruppsats/np-reg/language/data/imdb_hf
Using device: cuda
BoW vocab size: 6250
W0421 05:35:05.090000 3015371 site-packages/torch/_inductor/utils.py:1679] [0/0] Not enough SMs to use max_autotune_gemm mode
Epoch 1/301 | train_loss=0.6929 train_acc=50.62% | val_loss=0.6868 val_acc=52.08% | lr=3.000000e-06
Saved new best model to /tmp/bow_mlp_imdb_09gj8xww.pt
Epoch 2/301 | train_loss=0.6824 train_acc=55.67% | val_loss=0.6768 val_acc=59.86% | lr=3.000000e-06
Saved new best model to /tmp/bow_mlp_imdb_09gj8xww.pt
Epoch 3/301 | train_loss=0.6720 train_acc=61.70% | val_loss=0.6663 val_acc=65.20% | lr=3.000000e-06
Saved new best model to /tmp/bow_mlp_imdb_09gj8xww.pt
Epoch 4/301 | train_loss=0.6612 train_acc=65.75% | val_loss=0.6555 val_acc=69.52% | lr=3.000000e-06
Saved new best model to /tmp/bow_mlp_imdb_09gj8xww.pt
Epoch 5/301 | train_loss=0.6501 train_acc=69.14% | val_loss=0.6446 val_acc=71.66% | lr=3.000000e-06
Saved new best model to /tmp/bow_mlp_imdb_09gj8xww.pt
Epoch 6/301 | train_loss=0.6393 train_acc=71.16% | val_loss=0.6336 val_acc=73.44% | lr=3.000000e-06
Saved new best model to /tmp/bow_mlp_imdb_09gj8xww.pt
Epoch 7/301 | train_loss=0.6279 train_acc=73.39% | val_loss=0.6227 val_acc=75.08% | lr=3.000000e-06
Saved new best model to /tmp/bow_mlp_imdb_09gj8xww.pt
Epoch 8/301 | train_loss=0.6166 train_acc=75.03% | val_loss=0.6122 val_acc=76.38% | lr=3.000000e-06
Saved new best model to /tmp/bow_mlp_imdb_09gj8xww.pt
Epoch 9/301 | train_loss=0.6061 train_acc=76.11% | val_loss=0.6018 val_acc=77.86% | lr=3.000000e-06
Saved new best model to /tmp/bow_mlp_imdb_09gj8xww.pt
Epoch 10/301 | train_loss=0.5956 train_acc=77.46% | val_loss=0.5915 val_acc=78.72% | lr=3.000000e-06
Saved new best model to /tmp/bow_mlp_imdb_09gj8xww.pt
Epoch 11/301 | train_loss=0.5855 train_acc=78.44% | val_loss=0.5816 val_acc=79.38% | lr=3.000000e-06
Saved new best model to /tmp/bow_mlp_imdb_09gj8xww.pt
Epoch 12/301 | train_loss=0.5748 train_acc=79.51% | val_loss=0.5719 val_acc=80.56% | lr=3.000000e-06
Saved new best model to /tmp/bow_mlp_imdb_09gj8xww.pt
Epoch 13/301 | train_loss=0.5650 train_acc=80.48% | val_loss=0.5624 val_acc=81.24% | lr=3.000000e-06
Saved new best model to /tmp/bow_mlp_imdb_09gj8xww.pt
Epoch 14/301 | train_loss=0.5554 train_acc=81.10% | val_loss=0.5534 val_acc=81.66% | lr=3.000000e-06
Saved new best model to /tmp/bow_mlp_imdb_09gj8xww.pt
Epoch 15/301 | train_loss=0.5459 train_acc=81.66% | val_loss=0.5446 val_acc=82.12% | lr=3.000000e-06
Saved new best model to /tmp/bow_mlp_imdb_09gj8xww.pt
Epoch 16/301 | train_loss=0.5367 train_acc=82.29% | val_loss=0.5363 val_acc=82.68% | lr=3.000000e-06
Saved new best model to /tmp/bow_mlp_imdb_09gj8xww.pt
Epoch 17/301 | train_loss=0.5276 train_acc=82.52% | val_loss=0.5281 val_acc=82.92% | lr=3.000000e-06
Saved new best model to /tmp/bow_mlp_imdb_09gj8xww.pt
Epoch 18/301 | train_loss=0.5203 train_acc=82.82% | val_loss=0.5202 val_acc=83.30% | lr=3.000000e-06
Saved new best model to /tmp/bow_mlp_imdb_09gj8xww.pt
Epoch 19/301 | train_loss=0.5114 train_acc=83.26% | val_loss=0.5126 val_acc=83.72% | lr=3.000000e-06
Saved new best model to /tmp/bow_mlp_imdb_09gj8xww.pt
Epoch 20/301 | train_loss=0.5041 train_acc=83.53% | val_loss=0.5052 val_acc=83.98% | lr=3.000000e-06
Saved new best model to /tmp/bow_mlp_imdb_09gj8xww.pt
Epoch 21/301 | train_loss=0.4963 train_acc=83.79% | val_loss=0.4981 val_acc=84.18% | lr=3.000000e-06
Saved new best model to /tmp/bow_mlp_imdb_09gj8xww.pt
Epoch 22/301 | train_loss=0.4882 train_acc=84.34% | val_loss=0.4912 val_acc=84.34% | lr=3.000000e-06
Saved new best model to /tmp/bow_mlp_imdb_09gj8xww.pt
Epoch 23/301 | train_loss=0.4815 train_acc=84.27% | val_loss=0.4845 val_acc=84.50% | lr=3.000000e-06
Saved new best model to /tmp/bow_mlp_imdb_09gj8xww.pt
Epoch 24/301 | train_loss=0.4741 train_acc=84.63% | val_loss=0.4781 val_acc=84.74% | lr=3.000000e-06
Saved new best model to /tmp/bow_mlp_imdb_09gj8xww.pt
Epoch 25/301 | train_loss=0.4674 train_acc=85.05% | val_loss=0.4717 val_acc=84.82% | lr=3.000000e-06
Saved new best model to /tmp/bow_mlp_imdb_09gj8xww.pt
Epoch 26/301 | train_loss=0.4608 train_acc=84.98% | val_loss=0.4655 val_acc=85.02% | lr=3.000000e-06
Saved new best model to /tmp/bow_mlp_imdb_09gj8xww.pt
Epoch 27/301 | train_loss=0.4547 train_acc=85.27% | val_loss=0.4594 val_acc=85.12% | lr=3.000000e-06
Saved new best model to /tmp/bow_mlp_imdb_09gj8xww.pt
Epoch 28/301 | train_loss=0.4483 train_acc=85.61% | val_loss=0.4535 val_acc=85.40% | lr=3.000000e-06
Saved new best model to /tmp/bow_mlp_imdb_09gj8xww.pt
Epoch 29/301 | train_loss=0.4428 train_acc=85.64% | val_loss=0.4480 val_acc=85.58% | lr=3.000000e-06
Saved new best model to /tmp/bow_mlp_imdb_09gj8xww.pt
Epoch 30/301 | train_loss=0.4363 train_acc=85.69% | val_loss=0.4427 val_acc=85.84% | lr=3.000000e-06
Saved new best model to /tmp/bow_mlp_imdb_09gj8xww.pt
Epoch 31/301 | train_loss=0.4303 train_acc=86.13% | val_loss=0.4377 val_acc=86.02% | lr=3.000000e-06
Saved new best model to /tmp/bow_mlp_imdb_09gj8xww.pt
Epoch 32/301 | train_loss=0.4257 train_acc=86.19% | val_loss=0.4328 val_acc=86.00% | lr=3.000000e-06
Epoch 33/301 | train_loss=0.4202 train_acc=86.22% | val_loss=0.4282 val_acc=86.10% | lr=3.000000e-06
Saved new best model to /tmp/bow_mlp_imdb_09gj8xww.pt
Epoch 34/301 | train_loss=0.4140 train_acc=86.50% | val_loss=0.4237 val_acc=86.16% | lr=3.000000e-06
Saved new best model to /tmp/bow_mlp_imdb_09gj8xww.pt
Epoch 35/301 | train_loss=0.4105 train_acc=86.56% | val_loss=0.4194 val_acc=86.26% | lr=3.000000e-06
Saved new best model to /tmp/bow_mlp_imdb_09gj8xww.pt
Epoch 36/301 | train_loss=0.4057 train_acc=86.65% | val_loss=0.4154 val_acc=86.34% | lr=3.000000e-06
Saved new best model to /tmp/bow_mlp_imdb_09gj8xww.pt
Epoch 37/301 | train_loss=0.4012 train_acc=86.82% | val_loss=0.4113 val_acc=86.12% | lr=3.000000e-06
Epoch 38/301 | train_loss=0.3961 train_acc=86.83% | val_loss=0.4075 val_acc=86.18% | lr=3.000000e-06
Epoch 39/301 | train_loss=0.3923 train_acc=87.08% | val_loss=0.4038 val_acc=86.10% | lr=3.000000e-06
Epoch 40/301 | train_loss=0.3878 train_acc=87.10% | val_loss=0.4002 val_acc=86.16% | lr=3.000000e-06
Epoch 41/301 | train_loss=0.3840 train_acc=87.40% | val_loss=0.3969 val_acc=86.26% | lr=3.000000e-06
Epoch 42/301 | train_loss=0.3802 train_acc=87.39% | val_loss=0.3935 val_acc=86.28% | lr=3.000000e-06
Epoch 43/301 | train_loss=0.3757 train_acc=87.41% | val_loss=0.3904 val_acc=86.28% | lr=3.000000e-06
Epoch 44/301 | train_loss=0.3730 train_acc=87.64% | val_loss=0.3874 val_acc=86.36% | lr=3.000000e-06
Saved new best model to /tmp/bow_mlp_imdb_09gj8xww.pt
Epoch 45/301 | train_loss=0.3703 train_acc=87.63% | val_loss=0.3843 val_acc=86.48% | lr=3.000000e-06
Saved new best model to /tmp/bow_mlp_imdb_09gj8xww.pt
Epoch 46/301 | train_loss=0.3652 train_acc=87.65% | val_loss=0.3815 val_acc=86.52% | lr=3.000000e-06
Saved new best model to /tmp/bow_mlp_imdb_09gj8xww.pt
Epoch 47/301 | train_loss=0.3624 train_acc=87.87% | val_loss=0.3788 val_acc=86.68% | lr=3.000000e-06
Saved new best model to /tmp/bow_mlp_imdb_09gj8xww.pt
Epoch 48/301 | train_loss=0.3590 train_acc=87.88% | val_loss=0.3761 val_acc=86.68% | lr=3.000000e-06
Epoch 49/301 | train_loss=0.3559 train_acc=87.94% | val_loss=0.3736 val_acc=86.76% | lr=3.000000e-06
Saved new best model to /tmp/bow_mlp_imdb_09gj8xww.pt
Epoch 50/301 | train_loss=0.3534 train_acc=88.14% | val_loss=0.3714 val_acc=86.82% | lr=3.000000e-06
Saved new best model to /tmp/bow_mlp_imdb_09gj8xww.pt
Epoch 51/301 | train_loss=0.3504 train_acc=88.12% | val_loss=0.3688 val_acc=86.88% | lr=3.000000e-06
Saved new best model to /tmp/bow_mlp_imdb_09gj8xww.pt
Epoch 52/301 | train_loss=0.3473 train_acc=88.33% | val_loss=0.3665 val_acc=86.90% | lr=3.000000e-06
Saved new best model to /tmp/bow_mlp_imdb_09gj8xww.pt
Epoch 53/301 | train_loss=0.3441 train_acc=88.27% | val_loss=0.3643 val_acc=87.02% | lr=3.000000e-06
Saved new best model to /tmp/bow_mlp_imdb_09gj8xww.pt
Epoch 54/301 | train_loss=0.3420 train_acc=88.39% | val_loss=0.3621 val_acc=87.02% | lr=3.000000e-06
Epoch 55/301 | train_loss=0.3390 train_acc=88.47% | val_loss=0.3600 val_acc=86.98% | lr=3.000000e-06
Epoch 56/301 | train_loss=0.3367 train_acc=88.51% | val_loss=0.3580 val_acc=87.08% | lr=3.000000e-06
Saved new best model to /tmp/bow_mlp_imdb_09gj8xww.pt
Epoch 57/301 | train_loss=0.3345 train_acc=88.76% | val_loss=0.3561 val_acc=87.08% | lr=3.000000e-06
Epoch 58/301 | train_loss=0.3306 train_acc=88.68% | val_loss=0.3542 val_acc=87.06% | lr=3.000000e-06
Epoch 59/301 | train_loss=0.3287 train_acc=88.80% | val_loss=0.3525 val_acc=87.14% | lr=3.000000e-06
Saved new best model to /tmp/bow_mlp_imdb_09gj8xww.pt
Epoch 60/301 | train_loss=0.3272 train_acc=88.83% | val_loss=0.3507 val_acc=87.22% | lr=3.000000e-06
Saved new best model to /tmp/bow_mlp_imdb_09gj8xww.pt
Epoch 61/301 | train_loss=0.3246 train_acc=89.02% | val_loss=0.3489 val_acc=87.24% | lr=3.000000e-06
Saved new best model to /tmp/bow_mlp_imdb_09gj8xww.pt
Epoch 62/301 | train_loss=0.3222 train_acc=88.94% | val_loss=0.3474 val_acc=87.30% | lr=3.000000e-06
Saved new best model to /tmp/bow_mlp_imdb_09gj8xww.pt
Epoch 63/301 | train_loss=0.3196 train_acc=88.91% | val_loss=0.3459 val_acc=87.26% | lr=3.000000e-06
Epoch 64/301 | train_loss=0.3177 train_acc=89.26% | val_loss=0.3443 val_acc=87.36% | lr=3.000000e-06
Saved new best model to /tmp/bow_mlp_imdb_09gj8xww.pt
Epoch 65/301 | train_loss=0.3162 train_acc=89.13% | val_loss=0.3426 val_acc=87.32% | lr=3.000000e-06
Epoch 66/301 | train_loss=0.3139 train_acc=89.13% | val_loss=0.3416 val_acc=87.34% | lr=3.000000e-06
Epoch 67/301 | train_loss=0.3114 train_acc=89.25% | val_loss=0.3397 val_acc=87.42% | lr=3.000000e-06
Saved new best model to /tmp/bow_mlp_imdb_09gj8xww.pt
Epoch 68/301 | train_loss=0.3104 train_acc=89.19% | val_loss=0.3384 val_acc=87.46% | lr=3.000000e-06
Saved new best model to /tmp/bow_mlp_imdb_09gj8xww.pt
Epoch 69/301 | train_loss=0.3078 train_acc=89.44% | val_loss=0.3370 val_acc=87.42% | lr=3.000000e-06
Epoch 70/301 | train_loss=0.3056 train_acc=89.67% | val_loss=0.3358 val_acc=87.48% | lr=3.000000e-06
Saved new best model to /tmp/bow_mlp_imdb_09gj8xww.pt
Epoch 71/301 | train_loss=0.3050 train_acc=89.44% | val_loss=0.3344 val_acc=87.48% | lr=3.000000e-06
Epoch 72/301 | train_loss=0.3031 train_acc=89.33% | val_loss=0.3332 val_acc=87.52% | lr=3.000000e-06
Saved new best model to /tmp/bow_mlp_imdb_09gj8xww.pt
Epoch 73/301 | train_loss=0.3009 train_acc=89.52% | val_loss=0.3321 val_acc=87.60% | lr=3.000000e-06
Saved new best model to /tmp/bow_mlp_imdb_09gj8xww.pt
Epoch 74/301 | train_loss=0.2985 train_acc=89.63% | val_loss=0.3309 val_acc=87.66% | lr=3.000000e-06
Saved new best model to /tmp/bow_mlp_imdb_09gj8xww.pt
Epoch 75/301 | train_loss=0.2966 train_acc=89.70% | val_loss=0.3297 val_acc=87.58% | lr=3.000000e-06
Epoch 76/301 | train_loss=0.2959 train_acc=89.71% | val_loss=0.3286 val_acc=87.56% | lr=3.000000e-06
Epoch 77/301 | train_loss=0.2929 train_acc=89.78% | val_loss=0.3275 val_acc=87.68% | lr=3.000000e-06
Saved new best model to /tmp/bow_mlp_imdb_09gj8xww.pt
Epoch 78/301 | train_loss=0.2916 train_acc=89.80% | val_loss=0.3265 val_acc=87.76% | lr=3.000000e-06
Saved new best model to /tmp/bow_mlp_imdb_09gj8xww.pt
Epoch 79/301 | train_loss=0.2907 train_acc=89.95% | val_loss=0.3255 val_acc=87.78% | lr=3.000000e-06
Saved new best model to /tmp/bow_mlp_imdb_09gj8xww.pt
Epoch 80/301 | train_loss=0.2878 train_acc=90.02% | val_loss=0.3245 val_acc=87.82% | lr=3.000000e-06
Saved new best model to /tmp/bow_mlp_imdb_09gj8xww.pt
Epoch 81/301 | train_loss=0.2872 train_acc=90.07% | val_loss=0.3237 val_acc=87.92% | lr=3.000000e-06
Saved new best model to /tmp/bow_mlp_imdb_09gj8xww.pt
Epoch 82/301 | train_loss=0.2855 train_acc=90.03% | val_loss=0.3225 val_acc=87.86% | lr=3.000000e-06
Epoch 83/301 | train_loss=0.2849 train_acc=90.12% | val_loss=0.3217 val_acc=88.00% | lr=3.000000e-06
Saved new best model to /tmp/bow_mlp_imdb_09gj8xww.pt
Epoch 84/301 | train_loss=0.2831 train_acc=90.14% | val_loss=0.3209 val_acc=88.04% | lr=3.000000e-06
Saved new best model to /tmp/bow_mlp_imdb_09gj8xww.pt
Epoch 85/301 | train_loss=0.2811 train_acc=90.20% | val_loss=0.3200 val_acc=87.98% | lr=3.000000e-06
Epoch 86/301 | train_loss=0.2796 train_acc=90.25% | val_loss=0.3192 val_acc=88.02% | lr=3.000000e-06
Epoch 87/301 | train_loss=0.2785 train_acc=90.37% | val_loss=0.3183 val_acc=88.08% | lr=3.000000e-06
Saved new best model to /tmp/bow_mlp_imdb_09gj8xww.pt
Epoch 88/301 | train_loss=0.2766 train_acc=90.42% | val_loss=0.3174 val_acc=87.98% | lr=3.000000e-06
Epoch 89/301 | train_loss=0.2757 train_acc=90.20% | val_loss=0.3167 val_acc=88.02% | lr=3.000000e-06
Epoch 90/301 | train_loss=0.2740 train_acc=90.48% | val_loss=0.3159 val_acc=88.06% | lr=3.000000e-06
Epoch 91/301 | train_loss=0.2734 train_acc=90.42% | val_loss=0.3152 val_acc=88.04% | lr=3.000000e-06
Epoch 92/301 | train_loss=0.2711 train_acc=90.45% | val_loss=0.3145 val_acc=88.06% | lr=3.000000e-06
Epoch 93/301 | train_loss=0.2698 train_acc=90.53% | val_loss=0.3139 val_acc=88.20% | lr=3.000000e-06
Saved new best model to /tmp/bow_mlp_imdb_09gj8xww.pt
Epoch 94/301 | train_loss=0.2690 train_acc=90.63% | val_loss=0.3132 val_acc=88.18% | lr=3.000000e-06
Epoch 95/301 | train_loss=0.2669 train_acc=90.70% | val_loss=0.3124 val_acc=88.06% | lr=3.000000e-06
Epoch 96/301 | train_loss=0.2654 train_acc=90.71% | val_loss=0.3119 val_acc=88.20% | lr=3.000000e-06
Epoch 97/301 | train_loss=0.2637 train_acc=90.68% | val_loss=0.3112 val_acc=88.22% | lr=3.000000e-06
Saved new best model to /tmp/bow_mlp_imdb_09gj8xww.pt
Epoch 98/301 | train_loss=0.2642 train_acc=90.76% | val_loss=0.3105 val_acc=88.10% | lr=3.000000e-06
Epoch 99/301 | train_loss=0.2624 train_acc=90.73% | val_loss=0.3100 val_acc=88.26% | lr=3.000000e-06
Saved new best model to /tmp/bow_mlp_imdb_09gj8xww.pt
Epoch 100/301 | train_loss=0.2608 train_acc=90.85% | val_loss=0.3095 val_acc=88.24% | lr=3.000000e-06
Epoch 101/301 | train_loss=0.2601 train_acc=90.79% | val_loss=0.3087 val_acc=88.24% | lr=3.000000e-06
Epoch 102/301 | train_loss=0.2581 train_acc=90.87% | val_loss=0.3083 val_acc=88.18% | lr=3.000000e-06
Epoch 103/301 | train_loss=0.2583 train_acc=90.83% | val_loss=0.3077 val_acc=88.24% | lr=3.000000e-06
Epoch 104/301 | train_loss=0.2567 train_acc=90.88% | val_loss=0.3071 val_acc=88.30% | lr=3.000000e-06
Saved new best model to /tmp/bow_mlp_imdb_09gj8xww.pt
Epoch 105/301 | train_loss=0.2556 train_acc=91.14% | val_loss=0.3066 val_acc=88.30% | lr=3.000000e-06
Epoch 106/301 | train_loss=0.2539 train_acc=91.10% | val_loss=0.3061 val_acc=88.36% | lr=3.000000e-06
Saved new best model to /tmp/bow_mlp_imdb_09gj8xww.pt
Epoch 107/301 | train_loss=0.2536 train_acc=91.07% | val_loss=0.3056 val_acc=88.34% | lr=3.000000e-06
Epoch 108/301 | train_loss=0.2504 train_acc=91.32% | val_loss=0.3052 val_acc=88.28% | lr=3.000000e-06
Epoch 109/301 | train_loss=0.2511 train_acc=91.16% | val_loss=0.3048 val_acc=88.38% | lr=3.000000e-06
Saved new best model to /tmp/bow_mlp_imdb_09gj8xww.pt
Epoch 110/301 | train_loss=0.2511 train_acc=91.07% | val_loss=0.3042 val_acc=88.40% | lr=3.000000e-06
Saved new best model to /tmp/bow_mlp_imdb_09gj8xww.pt
Epoch 111/301 | train_loss=0.2493 train_acc=91.30% | val_loss=0.3039 val_acc=88.46% | lr=3.000000e-06
Saved new best model to /tmp/bow_mlp_imdb_09gj8xww.pt
Epoch 112/301 | train_loss=0.2470 train_acc=91.36% | val_loss=0.3033 val_acc=88.38% | lr=3.000000e-06
Epoch 113/301 | train_loss=0.2471 train_acc=91.30% | val_loss=0.3030 val_acc=88.50% | lr=3.000000e-06
Saved new best model to /tmp/bow_mlp_imdb_09gj8xww.pt
Epoch 114/301 | train_loss=0.2457 train_acc=91.35% | val_loss=0.3026 val_acc=88.44% | lr=3.000000e-06
Epoch 115/301 | train_loss=0.2440 train_acc=91.47% | val_loss=0.3022 val_acc=88.38% | lr=3.000000e-06
Epoch 116/301 | train_loss=0.2435 train_acc=91.38% | val_loss=0.3019 val_acc=88.46% | lr=3.000000e-06
Epoch 117/301 | train_loss=0.2428 train_acc=91.41% | val_loss=0.3015 val_acc=88.48% | lr=3.000000e-06
Epoch 118/301 | train_loss=0.2407 train_acc=91.46% | val_loss=0.3011 val_acc=88.44% | lr=3.000000e-06
Epoch 119/301 | train_loss=0.2407 train_acc=91.59% | val_loss=0.3008 val_acc=88.42% | lr=3.000000e-06
Epoch 120/301 | train_loss=0.2398 train_acc=91.56% | val_loss=0.3004 val_acc=88.50% | lr=3.000000e-06
Epoch 121/301 | train_loss=0.2381 train_acc=91.62% | val_loss=0.3001 val_acc=88.46% | lr=3.000000e-06
Epoch 122/301 | train_loss=0.2390 train_acc=91.47% | val_loss=0.2997 val_acc=88.44% | lr=3.000000e-06
Epoch 123/301 | train_loss=0.2379 train_acc=91.54% | val_loss=0.2994 val_acc=88.42% | lr=3.000000e-06
Epoch 124/301 | train_loss=0.2355 train_acc=91.81% | val_loss=0.2991 val_acc=88.42% | lr=3.000000e-06
Epoch 125/301 | train_loss=0.2364 train_acc=91.61% | val_loss=0.2989 val_acc=88.28% | lr=3.000000e-06
Epoch 126/301 | train_loss=0.2339 train_acc=91.67% | val_loss=0.2985 val_acc=88.46% | lr=3.000000e-06
Epoch 127/301 | train_loss=0.2338 train_acc=91.70% | val_loss=0.2983 val_acc=88.32% | lr=3.000000e-06
Epoch 128/301 | train_loss=0.2315 train_acc=91.80% | val_loss=0.2980 val_acc=88.40% | lr=3.000000e-06
Epoch 129/301 | train_loss=0.2328 train_acc=91.70% | val_loss=0.2977 val_acc=88.44% | lr=3.000000e-06
Epoch 130/301 | train_loss=0.2313 train_acc=91.82% | val_loss=0.2975 val_acc=88.40% | lr=3.000000e-06
Epoch 131/301 | train_loss=0.2290 train_acc=92.04% | val_loss=0.2974 val_acc=88.26% | lr=3.000000e-06
Epoch 132/301 | train_loss=0.2288 train_acc=91.77% | val_loss=0.2971 val_acc=88.32% | lr=3.000000e-06
Epoch 133/301 | train_loss=0.2281 train_acc=91.92% | val_loss=0.2969 val_acc=88.28% | lr=3.000000e-06
Epoch 134/301 | train_loss=0.2278 train_acc=92.03% | val_loss=0.2966 val_acc=88.44% | lr=3.000000e-06
Epoch 135/301 | train_loss=0.2258 train_acc=91.97% | val_loss=0.2964 val_acc=88.36% | lr=3.000000e-06
Epoch 136/301 | train_loss=0.2251 train_acc=92.11% | val_loss=0.2962 val_acc=88.38% | lr=3.000000e-06
Epoch 137/301 | train_loss=0.2236 train_acc=92.13% | val_loss=0.2961 val_acc=88.30% | lr=3.000000e-06
Epoch 138/301 | train_loss=0.2235 train_acc=92.14% | val_loss=0.2958 val_acc=88.32% | lr=3.000000e-06
Epoch 139/301 | train_loss=0.2233 train_acc=92.12% | val_loss=0.2960 val_acc=88.16% | lr=3.000000e-06
Epoch 140/301 | train_loss=0.2228 train_acc=92.20% | val_loss=0.2955 val_acc=88.28% | lr=3.000000e-06
Epoch 141/301 | train_loss=0.2211 train_acc=92.16% | val_loss=0.2953 val_acc=88.30% | lr=3.000000e-06
Epoch 142/301 | train_loss=0.2205 train_acc=92.23% | val_loss=0.2953 val_acc=88.24% | lr=3.000000e-06
Epoch 143/301 | train_loss=0.2204 train_acc=92.14% | val_loss=0.2950 val_acc=88.42% | lr=3.000000e-06
Epoch 144/301 | train_loss=0.2189 train_acc=92.34% | val_loss=0.2951 val_acc=88.28% | lr=3.000000e-06
Epoch 145/301 | train_loss=0.2183 train_acc=92.33% | val_loss=0.2947 val_acc=88.30% | lr=3.000000e-06
Epoch 146/301 | train_loss=0.2167 train_acc=92.20% | val_loss=0.2945 val_acc=88.36% | lr=3.000000e-06
Epoch 147/301 | train_loss=0.2159 train_acc=92.45% | val_loss=0.2944 val_acc=88.32% | lr=3.000000e-06
Epoch 148/301 | train_loss=0.2147 train_acc=92.55% | val_loss=0.2943 val_acc=88.32% | lr=3.000000e-06
Epoch 149/301 | train_loss=0.2156 train_acc=92.44% | val_loss=0.2942 val_acc=88.36% | lr=3.000000e-06
Epoch 150/301 | train_loss=0.2144 train_acc=92.43% | val_loss=0.2942 val_acc=88.28% | lr=3.000000e-06
Epoch 151/301 | train_loss=0.2143 train_acc=92.42% | val_loss=0.2940 val_acc=88.42% | lr=3.000000e-06
Epoch 152/301 | train_loss=0.2123 train_acc=92.54% | val_loss=0.2940 val_acc=88.34% | lr=3.000000e-06
Epoch 153/301 | train_loss=0.2125 train_acc=92.50% | val_loss=0.2938 val_acc=88.44% | lr=3.000000e-06
Epoch 154/301 | train_loss=0.2123 train_acc=92.48% | val_loss=0.2937 val_acc=88.38% | lr=3.000000e-06
Epoch 155/301 | train_loss=0.2098 train_acc=92.61% | val_loss=0.2938 val_acc=88.34% | lr=3.000000e-06
Epoch 156/301 | train_loss=0.2094 train_acc=92.75% | val_loss=0.2936 val_acc=88.40% | lr=3.000000e-06
Epoch 157/301 | train_loss=0.2091 train_acc=92.66% | val_loss=0.2935 val_acc=88.42% | lr=3.000000e-06
Epoch 158/301 | train_loss=0.2084 train_acc=92.60% | val_loss=0.2935 val_acc=88.44% | lr=3.000000e-06
Epoch 159/301 | train_loss=0.2083 train_acc=92.67% | val_loss=0.2933 val_acc=88.42% | lr=3.000000e-06
Epoch 160/301 | train_loss=0.2071 train_acc=92.79% | val_loss=0.2934 val_acc=88.44% | lr=3.000000e-06
Epoch 161/301 | train_loss=0.2066 train_acc=92.73% | val_loss=0.2933 val_acc=88.44% | lr=3.000000e-06
Epoch 162/301 | train_loss=0.2050 train_acc=92.79% | val_loss=0.2932 val_acc=88.44% | lr=3.000000e-06
Epoch 163/301 | train_loss=0.2055 train_acc=92.72% | val_loss=0.2932 val_acc=88.44% | lr=3.000000e-06
Epoch 164/301 | train_loss=0.2047 train_acc=92.62% | val_loss=0.2933 val_acc=88.46% | lr=3.000000e-06
Epoch 165/301 | train_loss=0.2032 train_acc=92.70% | val_loss=0.2931 val_acc=88.40% | lr=3.000000e-06
Epoch 166/301 | train_loss=0.2020 train_acc=92.83% | val_loss=0.2933 val_acc=88.40% | lr=3.000000e-06
Epoch 167/301 | train_loss=0.2021 train_acc=92.92% | val_loss=0.2932 val_acc=88.48% | lr=3.000000e-06
Epoch 168/301 | train_loss=0.2009 train_acc=92.90% | val_loss=0.2932 val_acc=88.48% | lr=3.000000e-06
Epoch 169/301 | train_loss=0.2006 train_acc=92.91% | val_loss=0.2931 val_acc=88.46% | lr=3.000000e-06
Epoch 170/301 | train_loss=0.2008 train_acc=92.78% | val_loss=0.2931 val_acc=88.38% | lr=3.000000e-06
Epoch 171/301 | train_loss=0.2004 train_acc=92.80% | val_loss=0.2930 val_acc=88.38% | lr=3.000000e-06
Epoch 172/301 | train_loss=0.1985 train_acc=93.02% | val_loss=0.2931 val_acc=88.38% | lr=3.000000e-06
Epoch 173/301 | train_loss=0.1986 train_acc=92.98% | val_loss=0.2931 val_acc=88.38% | lr=3.000000e-06
Epoch 174/301 | train_loss=0.1982 train_acc=93.11% | val_loss=0.2931 val_acc=88.36% | lr=3.000000e-06
Epoch 175/301 | train_loss=0.1975 train_acc=93.02% | val_loss=0.2932 val_acc=88.36% | lr=3.000000e-06
Epoch 176/301 | train_loss=0.1969 train_acc=93.06% | val_loss=0.2932 val_acc=88.34% | lr=3.000000e-06
Epoch 177/301 | train_loss=0.1948 train_acc=93.08% | val_loss=0.2932 val_acc=88.34% | lr=3.000000e-06
Epoch 178/301 | train_loss=0.1961 train_acc=93.08% | val_loss=0.2932 val_acc=88.28% | lr=3.000000e-06
Epoch 179/301 | train_loss=0.1944 train_acc=93.19% | val_loss=0.2932 val_acc=88.30% | lr=3.000000e-06
Validation loss has not improved for 8 epochs. Stopping training.
Test loss=0.3099 | Test accuracy=87.85%
