Loading IMDb dataset from local disk: /home/daniel/l/masteruppsats/np-reg/language/data/imdb_hf
Using device: cuda
BoW vocab size: 6250
Epoch 1/301 | train_loss=0.6962 train_acc=50.07% | val_loss=0.6930 val_acc=50.04% | lr=3.000000e-06
Saved new best model to /tmp/bow_mlp_imdb_rdi3tp7l.pt
Epoch 2/301 | train_loss=0.6907 train_acc=50.59% | val_loss=0.6880 val_acc=51.14% | lr=3.000000e-06
Saved new best model to /tmp/bow_mlp_imdb_rdi3tp7l.pt
Epoch 3/301 | train_loss=0.6858 train_acc=52.83% | val_loss=0.6833 val_acc=54.94% | lr=3.000000e-06
Saved new best model to /tmp/bow_mlp_imdb_rdi3tp7l.pt
Epoch 4/301 | train_loss=0.6811 train_acc=56.33% | val_loss=0.6786 val_acc=58.44% | lr=3.000000e-06
Saved new best model to /tmp/bow_mlp_imdb_rdi3tp7l.pt
Epoch 5/301 | train_loss=0.6763 train_acc=59.69% | val_loss=0.6739 val_acc=61.58% | lr=3.000000e-06
Saved new best model to /tmp/bow_mlp_imdb_rdi3tp7l.pt
Epoch 6/301 | train_loss=0.6713 train_acc=62.26% | val_loss=0.6689 val_acc=63.94% | lr=3.000000e-06
Saved new best model to /tmp/bow_mlp_imdb_rdi3tp7l.pt
Epoch 7/301 | train_loss=0.6662 train_acc=64.70% | val_loss=0.6639 val_acc=66.06% | lr=3.000000e-06
Saved new best model to /tmp/bow_mlp_imdb_rdi3tp7l.pt
Epoch 8/301 | train_loss=0.6610 train_acc=66.52% | val_loss=0.6588 val_acc=68.14% | lr=3.000000e-06
Saved new best model to /tmp/bow_mlp_imdb_rdi3tp7l.pt
Epoch 9/301 | train_loss=0.6557 train_acc=68.23% | val_loss=0.6537 val_acc=69.94% | lr=3.000000e-06
Saved new best model to /tmp/bow_mlp_imdb_rdi3tp7l.pt
Epoch 10/301 | train_loss=0.6504 train_acc=69.94% | val_loss=0.6485 val_acc=71.28% | lr=3.000000e-06
Saved new best model to /tmp/bow_mlp_imdb_rdi3tp7l.pt
Epoch 11/301 | train_loss=0.6450 train_acc=71.19% | val_loss=0.6433 val_acc=71.92% | lr=3.000000e-06
Saved new best model to /tmp/bow_mlp_imdb_rdi3tp7l.pt
Epoch 12/301 | train_loss=0.6396 train_acc=72.14% | val_loss=0.6381 val_acc=72.94% | lr=3.000000e-06
Saved new best model to /tmp/bow_mlp_imdb_rdi3tp7l.pt
Epoch 13/301 | train_loss=0.6343 train_acc=72.97% | val_loss=0.6329 val_acc=73.62% | lr=3.000000e-06
Saved new best model to /tmp/bow_mlp_imdb_rdi3tp7l.pt
Epoch 14/301 | train_loss=0.6290 train_acc=73.75% | val_loss=0.6278 val_acc=74.40% | lr=3.000000e-06
Saved new best model to /tmp/bow_mlp_imdb_rdi3tp7l.pt
Epoch 15/301 | train_loss=0.6238 train_acc=74.70% | val_loss=0.6229 val_acc=75.04% | lr=3.000000e-06
Saved new best model to /tmp/bow_mlp_imdb_rdi3tp7l.pt
Epoch 16/301 | train_loss=0.6187 train_acc=75.44% | val_loss=0.6181 val_acc=75.88% | lr=3.000000e-06
Saved new best model to /tmp/bow_mlp_imdb_rdi3tp7l.pt
Epoch 17/301 | train_loss=0.6137 train_acc=76.06% | val_loss=0.6133 val_acc=76.28% | lr=3.000000e-06
Saved new best model to /tmp/bow_mlp_imdb_rdi3tp7l.pt
Epoch 18/301 | train_loss=0.6087 train_acc=76.62% | val_loss=0.6085 val_acc=76.86% | lr=3.000000e-06
Saved new best model to /tmp/bow_mlp_imdb_rdi3tp7l.pt
Epoch 19/301 | train_loss=0.6037 train_acc=77.31% | val_loss=0.6037 val_acc=77.14% | lr=3.000000e-06
Saved new best model to /tmp/bow_mlp_imdb_rdi3tp7l.pt
Epoch 20/301 | train_loss=0.5987 train_acc=77.85% | val_loss=0.5989 val_acc=77.76% | lr=3.000000e-06
Saved new best model to /tmp/bow_mlp_imdb_rdi3tp7l.pt
Epoch 21/301 | train_loss=0.5937 train_acc=78.41% | val_loss=0.5942 val_acc=78.46% | lr=3.000000e-06
Saved new best model to /tmp/bow_mlp_imdb_rdi3tp7l.pt
Epoch 22/301 | train_loss=0.5888 train_acc=78.97% | val_loss=0.5896 val_acc=78.76% | lr=3.000000e-06
Saved new best model to /tmp/bow_mlp_imdb_rdi3tp7l.pt
Epoch 23/301 | train_loss=0.5840 train_acc=79.33% | val_loss=0.5850 val_acc=79.28% | lr=3.000000e-06
Saved new best model to /tmp/bow_mlp_imdb_rdi3tp7l.pt
Epoch 24/301 | train_loss=0.5793 train_acc=79.83% | val_loss=0.5806 val_acc=79.72% | lr=3.000000e-06
Saved new best model to /tmp/bow_mlp_imdb_rdi3tp7l.pt
Epoch 25/301 | train_loss=0.5747 train_acc=80.15% | val_loss=0.5763 val_acc=80.02% | lr=3.000000e-06
Saved new best model to /tmp/bow_mlp_imdb_rdi3tp7l.pt
Epoch 26/301 | train_loss=0.5701 train_acc=80.55% | val_loss=0.5720 val_acc=80.32% | lr=3.000000e-06
Saved new best model to /tmp/bow_mlp_imdb_rdi3tp7l.pt
Epoch 27/301 | train_loss=0.5657 train_acc=80.73% | val_loss=0.5679 val_acc=80.94% | lr=3.000000e-06
Saved new best model to /tmp/bow_mlp_imdb_rdi3tp7l.pt
Epoch 28/301 | train_loss=0.5614 train_acc=81.24% | val_loss=0.5638 val_acc=81.08% | lr=3.000000e-06
Saved new best model to /tmp/bow_mlp_imdb_rdi3tp7l.pt
Epoch 29/301 | train_loss=0.5571 train_acc=81.50% | val_loss=0.5598 val_acc=81.30% | lr=3.000000e-06
Saved new best model to /tmp/bow_mlp_imdb_rdi3tp7l.pt
Epoch 30/301 | train_loss=0.5529 train_acc=81.72% | val_loss=0.5559 val_acc=81.46% | lr=3.000000e-06
Saved new best model to /tmp/bow_mlp_imdb_rdi3tp7l.pt
Epoch 31/301 | train_loss=0.5487 train_acc=82.09% | val_loss=0.5520 val_acc=81.72% | lr=3.000000e-06
Saved new best model to /tmp/bow_mlp_imdb_rdi3tp7l.pt
Epoch 32/301 | train_loss=0.5446 train_acc=82.29% | val_loss=0.5482 val_acc=81.96% | lr=3.000000e-06
Saved new best model to /tmp/bow_mlp_imdb_rdi3tp7l.pt
Epoch 33/301 | train_loss=0.5406 train_acc=82.48% | val_loss=0.5445 val_acc=82.08% | lr=3.000000e-06
Saved new best model to /tmp/bow_mlp_imdb_rdi3tp7l.pt
Epoch 34/301 | train_loss=0.5367 train_acc=82.73% | val_loss=0.5408 val_acc=82.28% | lr=3.000000e-06
Saved new best model to /tmp/bow_mlp_imdb_rdi3tp7l.pt
Epoch 35/301 | train_loss=0.5328 train_acc=82.95% | val_loss=0.5373 val_acc=82.34% | lr=3.000000e-06
Saved new best model to /tmp/bow_mlp_imdb_rdi3tp7l.pt
Epoch 36/301 | train_loss=0.5289 train_acc=83.06% | val_loss=0.5337 val_acc=82.64% | lr=3.000000e-06
Saved new best model to /tmp/bow_mlp_imdb_rdi3tp7l.pt
Epoch 37/301 | train_loss=0.5251 train_acc=83.31% | val_loss=0.5301 val_acc=82.88% | lr=3.000000e-06
Saved new best model to /tmp/bow_mlp_imdb_rdi3tp7l.pt
Epoch 38/301 | train_loss=0.5214 train_acc=83.49% | val_loss=0.5267 val_acc=83.08% | lr=3.000000e-06
Saved new best model to /tmp/bow_mlp_imdb_rdi3tp7l.pt
Epoch 39/301 | train_loss=0.5177 train_acc=83.64% | val_loss=0.5232 val_acc=83.12% | lr=3.000000e-06
Saved new best model to /tmp/bow_mlp_imdb_rdi3tp7l.pt
Epoch 40/301 | train_loss=0.5140 train_acc=83.73% | val_loss=0.5199 val_acc=83.32% | lr=3.000000e-06
Saved new best model to /tmp/bow_mlp_imdb_rdi3tp7l.pt
Epoch 41/301 | train_loss=0.5104 train_acc=83.85% | val_loss=0.5166 val_acc=83.42% | lr=3.000000e-06
Saved new best model to /tmp/bow_mlp_imdb_rdi3tp7l.pt
Epoch 42/301 | train_loss=0.5068 train_acc=84.00% | val_loss=0.5132 val_acc=83.62% | lr=3.000000e-06
Saved new best model to /tmp/bow_mlp_imdb_rdi3tp7l.pt
Epoch 43/301 | train_loss=0.5033 train_acc=84.15% | val_loss=0.5099 val_acc=83.74% | lr=3.000000e-06
Saved new best model to /tmp/bow_mlp_imdb_rdi3tp7l.pt
Epoch 44/301 | train_loss=0.4996 train_acc=84.36% | val_loss=0.5065 val_acc=83.94% | lr=3.000000e-06
Saved new best model to /tmp/bow_mlp_imdb_rdi3tp7l.pt
Epoch 45/301 | train_loss=0.4960 train_acc=84.50% | val_loss=0.5030 val_acc=84.02% | lr=3.000000e-06
Saved new best model to /tmp/bow_mlp_imdb_rdi3tp7l.pt
Epoch 46/301 | train_loss=0.4923 train_acc=84.68% | val_loss=0.4996 val_acc=84.08% | lr=3.000000e-06
Saved new best model to /tmp/bow_mlp_imdb_rdi3tp7l.pt
Epoch 47/301 | train_loss=0.4887 train_acc=84.78% | val_loss=0.4962 val_acc=84.22% | lr=3.000000e-06
Saved new best model to /tmp/bow_mlp_imdb_rdi3tp7l.pt
Epoch 48/301 | train_loss=0.4851 train_acc=84.88% | val_loss=0.4929 val_acc=84.38% | lr=3.000000e-06
Saved new best model to /tmp/bow_mlp_imdb_rdi3tp7l.pt
Epoch 49/301 | train_loss=0.4816 train_acc=85.04% | val_loss=0.4898 val_acc=84.44% | lr=3.000000e-06
Saved new best model to /tmp/bow_mlp_imdb_rdi3tp7l.pt
Epoch 50/301 | train_loss=0.4783 train_acc=85.17% | val_loss=0.4868 val_acc=84.46% | lr=3.000000e-06
Saved new best model to /tmp/bow_mlp_imdb_rdi3tp7l.pt
Epoch 51/301 | train_loss=0.4750 train_acc=85.22% | val_loss=0.4837 val_acc=84.60% | lr=3.000000e-06
Saved new best model to /tmp/bow_mlp_imdb_rdi3tp7l.pt
Epoch 52/301 | train_loss=0.4717 train_acc=85.30% | val_loss=0.4808 val_acc=84.60% | lr=3.000000e-06
Epoch 53/301 | train_loss=0.4685 train_acc=85.36% | val_loss=0.4779 val_acc=84.70% | lr=3.000000e-06
Saved new best model to /tmp/bow_mlp_imdb_rdi3tp7l.pt
Epoch 54/301 | train_loss=0.4654 train_acc=85.44% | val_loss=0.4751 val_acc=84.76% | lr=3.000000e-06
Saved new best model to /tmp/bow_mlp_imdb_rdi3tp7l.pt
Epoch 55/301 | train_loss=0.4624 train_acc=85.56% | val_loss=0.4723 val_acc=84.82% | lr=3.000000e-06
Saved new best model to /tmp/bow_mlp_imdb_rdi3tp7l.pt
Epoch 56/301 | train_loss=0.4593 train_acc=85.64% | val_loss=0.4696 val_acc=84.84% | lr=3.000000e-06
Saved new best model to /tmp/bow_mlp_imdb_rdi3tp7l.pt
Epoch 57/301 | train_loss=0.4564 train_acc=85.73% | val_loss=0.4670 val_acc=84.88% | lr=3.000000e-06
Saved new best model to /tmp/bow_mlp_imdb_rdi3tp7l.pt
Epoch 58/301 | train_loss=0.4535 train_acc=85.85% | val_loss=0.4644 val_acc=84.92% | lr=3.000000e-06
Saved new best model to /tmp/bow_mlp_imdb_rdi3tp7l.pt
Epoch 59/301 | train_loss=0.4506 train_acc=85.92% | val_loss=0.4618 val_acc=84.98% | lr=3.000000e-06
Saved new best model to /tmp/bow_mlp_imdb_rdi3tp7l.pt
Epoch 60/301 | train_loss=0.4478 train_acc=86.02% | val_loss=0.4593 val_acc=85.14% | lr=3.000000e-06
Saved new best model to /tmp/bow_mlp_imdb_rdi3tp7l.pt
Epoch 61/301 | train_loss=0.4451 train_acc=86.12% | val_loss=0.4568 val_acc=85.22% | lr=3.000000e-06
Saved new best model to /tmp/bow_mlp_imdb_rdi3tp7l.pt
Epoch 62/301 | train_loss=0.4423 train_acc=86.16% | val_loss=0.4544 val_acc=85.20% | lr=3.000000e-06
Epoch 63/301 | train_loss=0.4397 train_acc=86.26% | val_loss=0.4520 val_acc=85.20% | lr=3.000000e-06
Epoch 64/301 | train_loss=0.4370 train_acc=86.34% | val_loss=0.4497 val_acc=85.24% | lr=3.000000e-06
Saved new best model to /tmp/bow_mlp_imdb_rdi3tp7l.pt
Epoch 65/301 | train_loss=0.4344 train_acc=86.38% | val_loss=0.4473 val_acc=85.32% | lr=3.000000e-06
Saved new best model to /tmp/bow_mlp_imdb_rdi3tp7l.pt
Epoch 66/301 | train_loss=0.4319 train_acc=86.54% | val_loss=0.4451 val_acc=85.44% | lr=3.000000e-06
Saved new best model to /tmp/bow_mlp_imdb_rdi3tp7l.pt
Epoch 67/301 | train_loss=0.4294 train_acc=86.53% | val_loss=0.4429 val_acc=85.50% | lr=3.000000e-06
Saved new best model to /tmp/bow_mlp_imdb_rdi3tp7l.pt
Epoch 68/301 | train_loss=0.4269 train_acc=86.62% | val_loss=0.4406 val_acc=85.50% | lr=3.000000e-06
Epoch 69/301 | train_loss=0.4244 train_acc=86.67% | val_loss=0.4384 val_acc=85.52% | lr=3.000000e-06
Saved new best model to /tmp/bow_mlp_imdb_rdi3tp7l.pt
Epoch 70/301 | train_loss=0.4220 train_acc=86.76% | val_loss=0.4364 val_acc=85.62% | lr=3.000000e-06
Saved new best model to /tmp/bow_mlp_imdb_rdi3tp7l.pt
Epoch 71/301 | train_loss=0.4196 train_acc=86.81% | val_loss=0.4343 val_acc=85.64% | lr=3.000000e-06
Saved new best model to /tmp/bow_mlp_imdb_rdi3tp7l.pt
Epoch 72/301 | train_loss=0.4173 train_acc=86.88% | val_loss=0.4322 val_acc=85.74% | lr=3.000000e-06
Saved new best model to /tmp/bow_mlp_imdb_rdi3tp7l.pt
Epoch 73/301 | train_loss=0.4150 train_acc=86.97% | val_loss=0.4302 val_acc=85.82% | lr=3.000000e-06
Saved new best model to /tmp/bow_mlp_imdb_rdi3tp7l.pt
Epoch 74/301 | train_loss=0.4127 train_acc=87.02% | val_loss=0.4282 val_acc=85.98% | lr=3.000000e-06
Saved new best model to /tmp/bow_mlp_imdb_rdi3tp7l.pt
Epoch 75/301 | train_loss=0.4104 train_acc=87.08% | val_loss=0.4262 val_acc=86.04% | lr=3.000000e-06
Saved new best model to /tmp/bow_mlp_imdb_rdi3tp7l.pt
Epoch 76/301 | train_loss=0.4082 train_acc=87.14% | val_loss=0.4243 val_acc=86.08% | lr=3.000000e-06
Saved new best model to /tmp/bow_mlp_imdb_rdi3tp7l.pt
Epoch 77/301 | train_loss=0.4061 train_acc=87.20% | val_loss=0.4224 val_acc=86.08% | lr=3.000000e-06
Epoch 78/301 | train_loss=0.4039 train_acc=87.29% | val_loss=0.4205 val_acc=86.06% | lr=3.000000e-06
Epoch 79/301 | train_loss=0.4018 train_acc=87.34% | val_loss=0.4187 val_acc=86.06% | lr=3.000000e-06
Epoch 80/301 | train_loss=0.3997 train_acc=87.36% | val_loss=0.4169 val_acc=86.14% | lr=3.000000e-06
Saved new best model to /tmp/bow_mlp_imdb_rdi3tp7l.pt
Epoch 81/301 | train_loss=0.3976 train_acc=87.44% | val_loss=0.4151 val_acc=86.14% | lr=3.000000e-06
Epoch 82/301 | train_loss=0.3956 train_acc=87.48% | val_loss=0.4134 val_acc=86.14% | lr=3.000000e-06
Epoch 83/301 | train_loss=0.3936 train_acc=87.55% | val_loss=0.4116 val_acc=86.12% | lr=3.000000e-06
Epoch 84/301 | train_loss=0.3916 train_acc=87.55% | val_loss=0.4099 val_acc=86.08% | lr=3.000000e-06
Epoch 85/301 | train_loss=0.3897 train_acc=87.61% | val_loss=0.4083 val_acc=86.10% | lr=3.000000e-06
Epoch 86/301 | train_loss=0.3877 train_acc=87.68% | val_loss=0.4066 val_acc=86.12% | lr=3.000000e-06
Epoch 87/301 | train_loss=0.3858 train_acc=87.72% | val_loss=0.4050 val_acc=86.16% | lr=3.000000e-06
Saved new best model to /tmp/bow_mlp_imdb_rdi3tp7l.pt
Epoch 88/301 | train_loss=0.3840 train_acc=87.78% | val_loss=0.4034 val_acc=86.20% | lr=3.000000e-06
Saved new best model to /tmp/bow_mlp_imdb_rdi3tp7l.pt
Epoch 89/301 | train_loss=0.3821 train_acc=87.81% | val_loss=0.4018 val_acc=86.26% | lr=3.000000e-06
Saved new best model to /tmp/bow_mlp_imdb_rdi3tp7l.pt
Epoch 90/301 | train_loss=0.3803 train_acc=87.83% | val_loss=0.4003 val_acc=86.28% | lr=3.000000e-06
Saved new best model to /tmp/bow_mlp_imdb_rdi3tp7l.pt
Epoch 91/301 | train_loss=0.3785 train_acc=87.86% | val_loss=0.3988 val_acc=86.28% | lr=3.000000e-06
Epoch 92/301 | train_loss=0.3767 train_acc=87.94% | val_loss=0.3973 val_acc=86.32% | lr=3.000000e-06
Saved new best model to /tmp/bow_mlp_imdb_rdi3tp7l.pt
Epoch 93/301 | train_loss=0.3750 train_acc=87.98% | val_loss=0.3958 val_acc=86.36% | lr=3.000000e-06
Saved new best model to /tmp/bow_mlp_imdb_rdi3tp7l.pt
Epoch 94/301 | train_loss=0.3732 train_acc=88.00% | val_loss=0.3944 val_acc=86.36% | lr=3.000000e-06
Epoch 95/301 | train_loss=0.3715 train_acc=88.06% | val_loss=0.3929 val_acc=86.38% | lr=3.000000e-06
Saved new best model to /tmp/bow_mlp_imdb_rdi3tp7l.pt
Epoch 96/301 | train_loss=0.3698 train_acc=88.06% | val_loss=0.3915 val_acc=86.38% | lr=3.000000e-06
Epoch 97/301 | train_loss=0.3681 train_acc=88.17% | val_loss=0.3901 val_acc=86.42% | lr=3.000000e-06
Saved new best model to /tmp/bow_mlp_imdb_rdi3tp7l.pt
Epoch 98/301 | train_loss=0.3665 train_acc=88.17% | val_loss=0.3887 val_acc=86.46% | lr=3.000000e-06
Saved new best model to /tmp/bow_mlp_imdb_rdi3tp7l.pt
Epoch 99/301 | train_loss=0.3648 train_acc=88.26% | val_loss=0.3874 val_acc=86.34% | lr=3.000000e-06
Epoch 100/301 | train_loss=0.3632 train_acc=88.27% | val_loss=0.3861 val_acc=86.36% | lr=3.000000e-06
Epoch 101/301 | train_loss=0.3616 train_acc=88.28% | val_loss=0.3847 val_acc=86.48% | lr=3.000000e-06
Saved new best model to /tmp/bow_mlp_imdb_rdi3tp7l.pt
Epoch 102/301 | train_loss=0.3601 train_acc=88.33% | val_loss=0.3834 val_acc=86.38% | lr=3.000000e-06
Epoch 103/301 | train_loss=0.3585 train_acc=88.42% | val_loss=0.3822 val_acc=86.46% | lr=3.000000e-06
Epoch 104/301 | train_loss=0.3570 train_acc=88.43% | val_loss=0.3809 val_acc=86.46% | lr=3.000000e-06
Epoch 105/301 | train_loss=0.3555 train_acc=88.47% | val_loss=0.3797 val_acc=86.50% | lr=3.000000e-06
Saved new best model to /tmp/bow_mlp_imdb_rdi3tp7l.pt
Epoch 106/301 | train_loss=0.3540 train_acc=88.50% | val_loss=0.3785 val_acc=86.52% | lr=3.000000e-06
Saved new best model to /tmp/bow_mlp_imdb_rdi3tp7l.pt
Epoch 107/301 | train_loss=0.3525 train_acc=88.52% | val_loss=0.3772 val_acc=86.60% | lr=3.000000e-06
Saved new best model to /tmp/bow_mlp_imdb_rdi3tp7l.pt
Epoch 108/301 | train_loss=0.3510 train_acc=88.61% | val_loss=0.3761 val_acc=86.66% | lr=3.000000e-06
Saved new best model to /tmp/bow_mlp_imdb_rdi3tp7l.pt
Epoch 109/301 | train_loss=0.3496 train_acc=88.63% | val_loss=0.3749 val_acc=86.72% | lr=3.000000e-06
Saved new best model to /tmp/bow_mlp_imdb_rdi3tp7l.pt
Epoch 110/301 | train_loss=0.3482 train_acc=88.67% | val_loss=0.3737 val_acc=86.80% | lr=3.000000e-06
Saved new best model to /tmp/bow_mlp_imdb_rdi3tp7l.pt
Epoch 111/301 | train_loss=0.3468 train_acc=88.72% | val_loss=0.3726 val_acc=86.82% | lr=3.000000e-06
Saved new best model to /tmp/bow_mlp_imdb_rdi3tp7l.pt
Epoch 112/301 | train_loss=0.3454 train_acc=88.77% | val_loss=0.3715 val_acc=86.84% | lr=3.000000e-06
Saved new best model to /tmp/bow_mlp_imdb_rdi3tp7l.pt
Epoch 113/301 | train_loss=0.3440 train_acc=88.77% | val_loss=0.3704 val_acc=86.76% | lr=3.000000e-06
Epoch 114/301 | train_loss=0.3427 train_acc=88.81% | val_loss=0.3693 val_acc=86.80% | lr=3.000000e-06
Epoch 115/301 | train_loss=0.3413 train_acc=88.84% | val_loss=0.3683 val_acc=86.88% | lr=3.000000e-06
Saved new best model to /tmp/bow_mlp_imdb_rdi3tp7l.pt
Epoch 116/301 | train_loss=0.3400 train_acc=88.90% | val_loss=0.3672 val_acc=86.82% | lr=3.000000e-06
Epoch 117/301 | train_loss=0.3387 train_acc=88.92% | val_loss=0.3662 val_acc=86.82% | lr=3.000000e-06
Epoch 118/301 | train_loss=0.3374 train_acc=88.94% | val_loss=0.3652 val_acc=86.88% | lr=3.000000e-06
Epoch 119/301 | train_loss=0.3361 train_acc=89.01% | val_loss=0.3642 val_acc=86.94% | lr=3.000000e-06
Saved new best model to /tmp/bow_mlp_imdb_rdi3tp7l.pt
Epoch 120/301 | train_loss=0.3348 train_acc=89.02% | val_loss=0.3632 val_acc=87.00% | lr=3.000000e-06
Saved new best model to /tmp/bow_mlp_imdb_rdi3tp7l.pt
Epoch 121/301 | train_loss=0.3336 train_acc=89.03% | val_loss=0.3622 val_acc=87.04% | lr=3.000000e-06
Saved new best model to /tmp/bow_mlp_imdb_rdi3tp7l.pt
Epoch 122/301 | train_loss=0.3324 train_acc=89.03% | val_loss=0.3613 val_acc=87.00% | lr=3.000000e-06
Epoch 123/301 | train_loss=0.3311 train_acc=89.09% | val_loss=0.3604 val_acc=87.08% | lr=3.000000e-06
Saved new best model to /tmp/bow_mlp_imdb_rdi3tp7l.pt
Epoch 124/301 | train_loss=0.3299 train_acc=89.11% | val_loss=0.3594 val_acc=87.14% | lr=3.000000e-06
Saved new best model to /tmp/bow_mlp_imdb_rdi3tp7l.pt
Epoch 125/301 | train_loss=0.3287 train_acc=89.12% | val_loss=0.3585 val_acc=86.98% | lr=3.000000e-06
Epoch 126/301 | train_loss=0.3275 train_acc=89.16% | val_loss=0.3576 val_acc=87.26% | lr=3.000000e-06
Saved new best model to /tmp/bow_mlp_imdb_rdi3tp7l.pt
Epoch 127/301 | train_loss=0.3264 train_acc=89.22% | val_loss=0.3567 val_acc=87.26% | lr=3.000000e-06
Epoch 128/301 | train_loss=0.3252 train_acc=89.22% | val_loss=0.3558 val_acc=87.28% | lr=3.000000e-06
Saved new best model to /tmp/bow_mlp_imdb_rdi3tp7l.pt
Epoch 129/301 | train_loss=0.3241 train_acc=89.26% | val_loss=0.3550 val_acc=87.30% | lr=3.000000e-06
Saved new best model to /tmp/bow_mlp_imdb_rdi3tp7l.pt
Epoch 130/301 | train_loss=0.3229 train_acc=89.26% | val_loss=0.3541 val_acc=87.34% | lr=3.000000e-06
Saved new best model to /tmp/bow_mlp_imdb_rdi3tp7l.pt
Epoch 131/301 | train_loss=0.3218 train_acc=89.31% | val_loss=0.3533 val_acc=87.18% | lr=3.000000e-06
Epoch 132/301 | train_loss=0.3207 train_acc=89.35% | val_loss=0.3524 val_acc=87.26% | lr=3.000000e-06
Epoch 133/301 | train_loss=0.3196 train_acc=89.39% | val_loss=0.3517 val_acc=87.26% | lr=3.000000e-06
Epoch 134/301 | train_loss=0.3185 train_acc=89.41% | val_loss=0.3508 val_acc=87.30% | lr=3.000000e-06
Epoch 135/301 | train_loss=0.3174 train_acc=89.44% | val_loss=0.3500 val_acc=87.34% | lr=3.000000e-06
Epoch 136/301 | train_loss=0.3164 train_acc=89.51% | val_loss=0.3492 val_acc=87.34% | lr=3.000000e-06
Epoch 137/301 | train_loss=0.3153 train_acc=89.54% | val_loss=0.3485 val_acc=87.36% | lr=3.000000e-06
Saved new best model to /tmp/bow_mlp_imdb_rdi3tp7l.pt
Epoch 138/301 | train_loss=0.3143 train_acc=89.55% | val_loss=0.3477 val_acc=87.36% | lr=3.000000e-06
Epoch 139/301 | train_loss=0.3132 train_acc=89.61% | val_loss=0.3470 val_acc=87.38% | lr=3.000000e-06
Saved new best model to /tmp/bow_mlp_imdb_rdi3tp7l.pt
Epoch 140/301 | train_loss=0.3122 train_acc=89.58% | val_loss=0.3462 val_acc=87.40% | lr=3.000000e-06
Saved new best model to /tmp/bow_mlp_imdb_rdi3tp7l.pt
Epoch 141/301 | train_loss=0.3112 train_acc=89.64% | val_loss=0.3454 val_acc=87.38% | lr=3.000000e-06
Epoch 142/301 | train_loss=0.3101 train_acc=89.62% | val_loss=0.3448 val_acc=87.42% | lr=3.000000e-06
Saved new best model to /tmp/bow_mlp_imdb_rdi3tp7l.pt
Epoch 143/301 | train_loss=0.3091 train_acc=89.67% | val_loss=0.3440 val_acc=87.40% | lr=3.000000e-06
Epoch 144/301 | train_loss=0.3081 train_acc=89.73% | val_loss=0.3434 val_acc=87.42% | lr=3.000000e-06
Epoch 145/301 | train_loss=0.3072 train_acc=89.70% | val_loss=0.3426 val_acc=87.46% | lr=3.000000e-06
Saved new best model to /tmp/bow_mlp_imdb_rdi3tp7l.pt
Epoch 146/301 | train_loss=0.3062 train_acc=89.72% | val_loss=0.3419 val_acc=87.46% | lr=3.000000e-06
Epoch 147/301 | train_loss=0.3052 train_acc=89.73% | val_loss=0.3412 val_acc=87.46% | lr=3.000000e-06
Epoch 148/301 | train_loss=0.3043 train_acc=89.74% | val_loss=0.3405 val_acc=87.46% | lr=3.000000e-06
Epoch 149/301 | train_loss=0.3033 train_acc=89.76% | val_loss=0.3399 val_acc=87.48% | lr=3.000000e-06
Saved new best model to /tmp/bow_mlp_imdb_rdi3tp7l.pt
Epoch 150/301 | train_loss=0.3024 train_acc=89.81% | val_loss=0.3393 val_acc=87.44% | lr=3.000000e-06
Epoch 151/301 | train_loss=0.3015 train_acc=89.82% | val_loss=0.3386 val_acc=87.46% | lr=3.000000e-06
Epoch 152/301 | train_loss=0.3005 train_acc=89.85% | val_loss=0.3380 val_acc=87.50% | lr=3.000000e-06
Saved new best model to /tmp/bow_mlp_imdb_rdi3tp7l.pt
Epoch 153/301 | train_loss=0.2996 train_acc=89.84% | val_loss=0.3373 val_acc=87.54% | lr=3.000000e-06
Saved new best model to /tmp/bow_mlp_imdb_rdi3tp7l.pt
Epoch 154/301 | train_loss=0.2987 train_acc=89.94% | val_loss=0.3367 val_acc=87.50% | lr=3.000000e-06
Epoch 155/301 | train_loss=0.2978 train_acc=89.92% | val_loss=0.3361 val_acc=87.50% | lr=3.000000e-06
Epoch 156/301 | train_loss=0.2969 train_acc=89.94% | val_loss=0.3355 val_acc=87.48% | lr=3.000000e-06
Epoch 157/301 | train_loss=0.2960 train_acc=89.97% | val_loss=0.3349 val_acc=87.48% | lr=3.000000e-06
Epoch 158/301 | train_loss=0.2952 train_acc=90.03% | val_loss=0.3343 val_acc=87.56% | lr=3.000000e-06
Saved new best model to /tmp/bow_mlp_imdb_rdi3tp7l.pt
Epoch 159/301 | train_loss=0.2943 train_acc=90.00% | val_loss=0.3337 val_acc=87.60% | lr=3.000000e-06
Saved new best model to /tmp/bow_mlp_imdb_rdi3tp7l.pt
Epoch 160/301 | train_loss=0.2934 train_acc=90.06% | val_loss=0.3331 val_acc=87.54% | lr=3.000000e-06
Epoch 161/301 | train_loss=0.2926 train_acc=90.09% | val_loss=0.3326 val_acc=87.56% | lr=3.000000e-06
Epoch 162/301 | train_loss=0.2917 train_acc=90.12% | val_loss=0.3320 val_acc=87.66% | lr=3.000000e-06
Saved new best model to /tmp/bow_mlp_imdb_rdi3tp7l.pt
Epoch 163/301 | train_loss=0.2909 train_acc=90.16% | val_loss=0.3314 val_acc=87.64% | lr=3.000000e-06
Epoch 164/301 | train_loss=0.2900 train_acc=90.14% | val_loss=0.3309 val_acc=87.66% | lr=3.000000e-06
Epoch 165/301 | train_loss=0.2892 train_acc=90.20% | val_loss=0.3304 val_acc=87.70% | lr=3.000000e-06
Saved new best model to /tmp/bow_mlp_imdb_rdi3tp7l.pt
Epoch 166/301 | train_loss=0.2884 train_acc=90.20% | val_loss=0.3298 val_acc=87.72% | lr=3.000000e-06
Saved new best model to /tmp/bow_mlp_imdb_rdi3tp7l.pt
Epoch 167/301 | train_loss=0.2876 train_acc=90.22% | val_loss=0.3293 val_acc=87.68% | lr=3.000000e-06
Epoch 168/301 | train_loss=0.2867 train_acc=90.25% | val_loss=0.3288 val_acc=87.74% | lr=3.000000e-06
Saved new best model to /tmp/bow_mlp_imdb_rdi3tp7l.pt
Epoch 169/301 | train_loss=0.2860 train_acc=90.26% | val_loss=0.3283 val_acc=87.72% | lr=3.000000e-06
Epoch 170/301 | train_loss=0.2852 train_acc=90.29% | val_loss=0.3277 val_acc=87.72% | lr=3.000000e-06
Epoch 171/301 | train_loss=0.2844 train_acc=90.30% | val_loss=0.3273 val_acc=87.78% | lr=3.000000e-06
Saved new best model to /tmp/bow_mlp_imdb_rdi3tp7l.pt
Epoch 172/301 | train_loss=0.2836 train_acc=90.33% | val_loss=0.3268 val_acc=87.80% | lr=3.000000e-06
Saved new best model to /tmp/bow_mlp_imdb_rdi3tp7l.pt
Epoch 173/301 | train_loss=0.2828 train_acc=90.35% | val_loss=0.3263 val_acc=87.82% | lr=3.000000e-06
Saved new best model to /tmp/bow_mlp_imdb_rdi3tp7l.pt
Epoch 174/301 | train_loss=0.2821 train_acc=90.40% | val_loss=0.3258 val_acc=87.84% | lr=3.000000e-06
Saved new best model to /tmp/bow_mlp_imdb_rdi3tp7l.pt
Epoch 175/301 | train_loss=0.2813 train_acc=90.41% | val_loss=0.3253 val_acc=87.86% | lr=3.000000e-06
Saved new best model to /tmp/bow_mlp_imdb_rdi3tp7l.pt
Epoch 176/301 | train_loss=0.2805 train_acc=90.45% | val_loss=0.3248 val_acc=87.88% | lr=3.000000e-06
Saved new best model to /tmp/bow_mlp_imdb_rdi3tp7l.pt
Epoch 177/301 | train_loss=0.2798 train_acc=90.48% | val_loss=0.3244 val_acc=87.92% | lr=3.000000e-06
Saved new best model to /tmp/bow_mlp_imdb_rdi3tp7l.pt
Epoch 178/301 | train_loss=0.2790 train_acc=90.48% | val_loss=0.3239 val_acc=87.92% | lr=3.000000e-06
Epoch 179/301 | train_loss=0.2783 train_acc=90.48% | val_loss=0.3235 val_acc=87.96% | lr=3.000000e-06
Saved new best model to /tmp/bow_mlp_imdb_rdi3tp7l.pt
Epoch 180/301 | train_loss=0.2776 train_acc=90.55% | val_loss=0.3230 val_acc=87.92% | lr=3.000000e-06
Epoch 181/301 | train_loss=0.2768 train_acc=90.53% | val_loss=0.3226 val_acc=87.98% | lr=3.000000e-06
Saved new best model to /tmp/bow_mlp_imdb_rdi3tp7l.pt
Epoch 182/301 | train_loss=0.2761 train_acc=90.53% | val_loss=0.3221 val_acc=87.98% | lr=3.000000e-06
Epoch 183/301 | train_loss=0.2754 train_acc=90.61% | val_loss=0.3217 val_acc=88.02% | lr=3.000000e-06
Saved new best model to /tmp/bow_mlp_imdb_rdi3tp7l.pt
Epoch 184/301 | train_loss=0.2747 train_acc=90.61% | val_loss=0.3213 val_acc=87.98% | lr=3.000000e-06
Epoch 185/301 | train_loss=0.2740 train_acc=90.61% | val_loss=0.3209 val_acc=88.04% | lr=3.000000e-06
Saved new best model to /tmp/bow_mlp_imdb_rdi3tp7l.pt
Epoch 186/301 | train_loss=0.2733 train_acc=90.64% | val_loss=0.3204 val_acc=88.00% | lr=3.000000e-06
Epoch 187/301 | train_loss=0.2725 train_acc=90.67% | val_loss=0.3201 val_acc=88.04% | lr=3.000000e-06
Epoch 188/301 | train_loss=0.2719 train_acc=90.68% | val_loss=0.3197 val_acc=88.06% | lr=3.000000e-06
Saved new best model to /tmp/bow_mlp_imdb_rdi3tp7l.pt
Epoch 189/301 | train_loss=0.2712 train_acc=90.72% | val_loss=0.3193 val_acc=88.04% | lr=3.000000e-06
Epoch 190/301 | train_loss=0.2705 train_acc=90.70% | val_loss=0.3189 val_acc=88.04% | lr=3.000000e-06
Epoch 191/301 | train_loss=0.2698 train_acc=90.73% | val_loss=0.3185 val_acc=88.06% | lr=3.000000e-06
Epoch 192/301 | train_loss=0.2691 train_acc=90.73% | val_loss=0.3181 val_acc=88.00% | lr=3.000000e-06
Epoch 193/301 | train_loss=0.2685 train_acc=90.75% | val_loss=0.3177 val_acc=87.94% | lr=3.000000e-06
Epoch 194/301 | train_loss=0.2678 train_acc=90.76% | val_loss=0.3173 val_acc=87.96% | lr=3.000000e-06
Epoch 195/301 | train_loss=0.2672 train_acc=90.80% | val_loss=0.3170 val_acc=87.90% | lr=3.000000e-06
Epoch 196/301 | train_loss=0.2665 train_acc=90.80% | val_loss=0.3166 val_acc=88.00% | lr=3.000000e-06
Epoch 197/301 | train_loss=0.2658 train_acc=90.85% | val_loss=0.3162 val_acc=87.96% | lr=3.000000e-06
Epoch 198/301 | train_loss=0.2652 train_acc=90.86% | val_loss=0.3159 val_acc=88.00% | lr=3.000000e-06
Epoch 199/301 | train_loss=0.2646 train_acc=90.92% | val_loss=0.3155 val_acc=88.02% | lr=3.000000e-06
Epoch 200/301 | train_loss=0.2639 train_acc=90.92% | val_loss=0.3152 val_acc=88.02% | lr=3.000000e-06
Epoch 201/301 | train_loss=0.2633 train_acc=90.94% | val_loss=0.3148 val_acc=88.08% | lr=3.000000e-06
Saved new best model to /tmp/bow_mlp_imdb_rdi3tp7l.pt
Epoch 202/301 | train_loss=0.2627 train_acc=90.95% | val_loss=0.3145 val_acc=88.10% | lr=3.000000e-06
Saved new best model to /tmp/bow_mlp_imdb_rdi3tp7l.pt
Epoch 203/301 | train_loss=0.2620 train_acc=91.00% | val_loss=0.3142 val_acc=88.06% | lr=3.000000e-06
Epoch 204/301 | train_loss=0.2614 train_acc=91.00% | val_loss=0.3138 val_acc=88.08% | lr=3.000000e-06
Epoch 205/301 | train_loss=0.2608 train_acc=91.02% | val_loss=0.3135 val_acc=88.06% | lr=3.000000e-06
Epoch 206/301 | train_loss=0.2602 train_acc=91.07% | val_loss=0.3132 val_acc=88.04% | lr=3.000000e-06
Epoch 207/301 | train_loss=0.2596 train_acc=91.03% | val_loss=0.3129 val_acc=88.12% | lr=3.000000e-06
Saved new best model to /tmp/bow_mlp_imdb_rdi3tp7l.pt
Epoch 208/301 | train_loss=0.2590 train_acc=91.13% | val_loss=0.3125 val_acc=88.08% | lr=3.000000e-06
Epoch 209/301 | train_loss=0.2584 train_acc=91.11% | val_loss=0.3122 val_acc=88.12% | lr=3.000000e-06
Epoch 210/301 | train_loss=0.2578 train_acc=91.14% | val_loss=0.3119 val_acc=88.12% | lr=3.000000e-06
Epoch 211/301 | train_loss=0.2572 train_acc=91.17% | val_loss=0.3116 val_acc=88.16% | lr=3.000000e-06
Saved new best model to /tmp/bow_mlp_imdb_rdi3tp7l.pt
Epoch 212/301 | train_loss=0.2566 train_acc=91.17% | val_loss=0.3114 val_acc=88.08% | lr=3.000000e-06
Epoch 213/301 | train_loss=0.2560 train_acc=91.21% | val_loss=0.3110 val_acc=88.12% | lr=3.000000e-06
Epoch 214/301 | train_loss=0.2554 train_acc=91.20% | val_loss=0.3108 val_acc=88.10% | lr=3.000000e-06
Epoch 215/301 | train_loss=0.2548 train_acc=91.23% | val_loss=0.3105 val_acc=88.08% | lr=3.000000e-06
Epoch 216/301 | train_loss=0.2543 train_acc=91.27% | val_loss=0.3102 val_acc=88.22% | lr=3.000000e-06
Saved new best model to /tmp/bow_mlp_imdb_rdi3tp7l.pt
Epoch 217/301 | train_loss=0.2537 train_acc=91.22% | val_loss=0.3099 val_acc=88.16% | lr=3.000000e-06
Epoch 218/301 | train_loss=0.2531 train_acc=91.27% | val_loss=0.3096 val_acc=88.18% | lr=3.000000e-06
Epoch 219/301 | train_loss=0.2526 train_acc=91.26% | val_loss=0.3094 val_acc=88.18% | lr=3.000000e-06
Epoch 220/301 | train_loss=0.2520 train_acc=91.32% | val_loss=0.3091 val_acc=88.20% | lr=3.000000e-06
Epoch 221/301 | train_loss=0.2515 train_acc=91.31% | val_loss=0.3089 val_acc=88.14% | lr=3.000000e-06
Epoch 222/301 | train_loss=0.2509 train_acc=91.34% | val_loss=0.3086 val_acc=88.18% | lr=3.000000e-06
Epoch 223/301 | train_loss=0.2503 train_acc=91.36% | val_loss=0.3083 val_acc=88.16% | lr=3.000000e-06
Epoch 224/301 | train_loss=0.2498 train_acc=91.43% | val_loss=0.3080 val_acc=88.22% | lr=3.000000e-06
Epoch 225/301 | train_loss=0.2493 train_acc=91.42% | val_loss=0.3078 val_acc=88.14% | lr=3.000000e-06
Epoch 226/301 | train_loss=0.2487 train_acc=91.42% | val_loss=0.3076 val_acc=88.14% | lr=3.000000e-06
Epoch 227/301 | train_loss=0.2482 train_acc=91.45% | val_loss=0.3073 val_acc=88.16% | lr=3.000000e-06
Epoch 228/301 | train_loss=0.2476 train_acc=91.47% | val_loss=0.3070 val_acc=88.28% | lr=3.000000e-06
Saved new best model to /tmp/bow_mlp_imdb_rdi3tp7l.pt
Epoch 229/301 | train_loss=0.2471 train_acc=91.49% | val_loss=0.3069 val_acc=88.24% | lr=3.000000e-06
Epoch 230/301 | train_loss=0.2466 train_acc=91.53% | val_loss=0.3066 val_acc=88.24% | lr=3.000000e-06
Epoch 231/301 | train_loss=0.2460 train_acc=91.52% | val_loss=0.3064 val_acc=88.16% | lr=3.000000e-06
Epoch 232/301 | train_loss=0.2455 train_acc=91.56% | val_loss=0.3061 val_acc=88.28% | lr=3.000000e-06
Epoch 233/301 | train_loss=0.2450 train_acc=91.55% | val_loss=0.3059 val_acc=88.28% | lr=3.000000e-06
Epoch 234/301 | train_loss=0.2445 train_acc=91.56% | val_loss=0.3057 val_acc=88.30% | lr=3.000000e-06
Saved new best model to /tmp/bow_mlp_imdb_rdi3tp7l.pt
Epoch 235/301 | train_loss=0.2440 train_acc=91.59% | val_loss=0.3055 val_acc=88.28% | lr=3.000000e-06
Epoch 236/301 | train_loss=0.2435 train_acc=91.61% | val_loss=0.3052 val_acc=88.32% | lr=3.000000e-06
Saved new best model to /tmp/bow_mlp_imdb_rdi3tp7l.pt
Epoch 237/301 | train_loss=0.2430 train_acc=91.64% | val_loss=0.3050 val_acc=88.30% | lr=3.000000e-06
Epoch 238/301 | train_loss=0.2425 train_acc=91.65% | val_loss=0.3048 val_acc=88.30% | lr=3.000000e-06
Epoch 239/301 | train_loss=0.2420 train_acc=91.68% | val_loss=0.3046 val_acc=88.26% | lr=3.000000e-06
Epoch 240/301 | train_loss=0.2414 train_acc=91.65% | val_loss=0.3044 val_acc=88.28% | lr=3.000000e-06
Epoch 241/301 | train_loss=0.2410 train_acc=91.71% | val_loss=0.3042 val_acc=88.30% | lr=3.000000e-06
Epoch 242/301 | train_loss=0.2405 train_acc=91.72% | val_loss=0.3040 val_acc=88.32% | lr=3.000000e-06
Epoch 243/301 | train_loss=0.2400 train_acc=91.75% | val_loss=0.3038 val_acc=88.30% | lr=3.000000e-06
Epoch 244/301 | train_loss=0.2395 train_acc=91.77% | val_loss=0.3036 val_acc=88.34% | lr=3.000000e-06
Saved new best model to /tmp/bow_mlp_imdb_rdi3tp7l.pt
Epoch 245/301 | train_loss=0.2390 train_acc=91.80% | val_loss=0.3034 val_acc=88.32% | lr=3.000000e-06
Epoch 246/301 | train_loss=0.2385 train_acc=91.78% | val_loss=0.3032 val_acc=88.36% | lr=3.000000e-06
Saved new best model to /tmp/bow_mlp_imdb_rdi3tp7l.pt
Epoch 247/301 | train_loss=0.2380 train_acc=91.81% | val_loss=0.3030 val_acc=88.32% | lr=3.000000e-06
Epoch 248/301 | train_loss=0.2375 train_acc=91.85% | val_loss=0.3028 val_acc=88.32% | lr=3.000000e-06
Epoch 249/301 | train_loss=0.2370 train_acc=91.86% | val_loss=0.3026 val_acc=88.34% | lr=3.000000e-06
Epoch 250/301 | train_loss=0.2366 train_acc=91.86% | val_loss=0.3024 val_acc=88.30% | lr=3.000000e-06
Epoch 251/301 | train_loss=0.2361 train_acc=91.91% | val_loss=0.3022 val_acc=88.30% | lr=3.000000e-06
Epoch 252/301 | train_loss=0.2356 train_acc=91.93% | val_loss=0.3020 val_acc=88.30% | lr=3.000000e-06
Epoch 253/301 | train_loss=0.2352 train_acc=91.95% | val_loss=0.3019 val_acc=88.28% | lr=3.000000e-06
Epoch 254/301 | train_loss=0.2347 train_acc=91.94% | val_loss=0.3017 val_acc=88.30% | lr=3.000000e-06
Epoch 255/301 | train_loss=0.2343 train_acc=91.97% | val_loss=0.3015 val_acc=88.28% | lr=3.000000e-06
Epoch 256/301 | train_loss=0.2338 train_acc=92.02% | val_loss=0.3014 val_acc=88.24% | lr=3.000000e-06
Epoch 257/301 | train_loss=0.2333 train_acc=92.04% | val_loss=0.3012 val_acc=88.28% | lr=3.000000e-06
Epoch 258/301 | train_loss=0.2329 train_acc=92.01% | val_loss=0.3011 val_acc=88.22% | lr=3.000000e-06
Epoch 259/301 | train_loss=0.2324 train_acc=92.06% | val_loss=0.3009 val_acc=88.22% | lr=3.000000e-06
Epoch 260/301 | train_loss=0.2320 train_acc=92.06% | val_loss=0.3007 val_acc=88.22% | lr=3.000000e-06
Epoch 261/301 | train_loss=0.2315 train_acc=92.08% | val_loss=0.3006 val_acc=88.22% | lr=3.000000e-06
Epoch 262/301 | train_loss=0.2311 train_acc=92.12% | val_loss=0.3004 val_acc=88.20% | lr=3.000000e-06
Epoch 263/301 | train_loss=0.2306 train_acc=92.14% | val_loss=0.3003 val_acc=88.18% | lr=3.000000e-06
Epoch 264/301 | train_loss=0.2302 train_acc=92.12% | val_loss=0.3001 val_acc=88.20% | lr=3.000000e-06
Epoch 265/301 | train_loss=0.2297 train_acc=92.13% | val_loss=0.3000 val_acc=88.18% | lr=3.000000e-06
Epoch 266/301 | train_loss=0.2293 train_acc=92.18% | val_loss=0.2998 val_acc=88.20% | lr=3.000000e-06
Epoch 267/301 | train_loss=0.2289 train_acc=92.20% | val_loss=0.2996 val_acc=88.16% | lr=3.000000e-06
Epoch 268/301 | train_loss=0.2284 train_acc=92.20% | val_loss=0.2995 val_acc=88.14% | lr=3.000000e-06
Epoch 269/301 | train_loss=0.2280 train_acc=92.22% | val_loss=0.2993 val_acc=88.18% | lr=3.000000e-06
Epoch 270/301 | train_loss=0.2276 train_acc=92.23% | val_loss=0.2992 val_acc=88.20% | lr=3.000000e-06
Epoch 271/301 | train_loss=0.2271 train_acc=92.23% | val_loss=0.2990 val_acc=88.20% | lr=3.000000e-06
Epoch 272/301 | train_loss=0.2267 train_acc=92.18% | val_loss=0.2990 val_acc=88.16% | lr=3.000000e-06
Epoch 273/301 | train_loss=0.2263 train_acc=92.26% | val_loss=0.2989 val_acc=88.14% | lr=3.000000e-06
Epoch 274/301 | train_loss=0.2259 train_acc=92.25% | val_loss=0.2987 val_acc=88.10% | lr=3.000000e-06
Epoch 275/301 | train_loss=0.2255 train_acc=92.27% | val_loss=0.2986 val_acc=88.06% | lr=3.000000e-06
Epoch 276/301 | train_loss=0.2250 train_acc=92.31% | val_loss=0.2985 val_acc=88.08% | lr=3.000000e-06
Epoch 277/301 | train_loss=0.2246 train_acc=92.31% | val_loss=0.2983 val_acc=88.16% | lr=3.000000e-06
Epoch 278/301 | train_loss=0.2242 train_acc=92.31% | val_loss=0.2982 val_acc=88.14% | lr=3.000000e-06
Epoch 279/301 | train_loss=0.2238 train_acc=92.30% | val_loss=0.2980 val_acc=88.18% | lr=3.000000e-06
Epoch 280/301 | train_loss=0.2234 train_acc=92.29% | val_loss=0.2979 val_acc=88.16% | lr=3.000000e-06
Epoch 281/301 | train_loss=0.2230 train_acc=92.33% | val_loss=0.2978 val_acc=88.14% | lr=3.000000e-06
Epoch 282/301 | train_loss=0.2226 train_acc=92.33% | val_loss=0.2977 val_acc=88.12% | lr=3.000000e-06
Epoch 283/301 | train_loss=0.2222 train_acc=92.38% | val_loss=0.2976 val_acc=88.16% | lr=3.000000e-06
Epoch 284/301 | train_loss=0.2218 train_acc=92.36% | val_loss=0.2975 val_acc=88.16% | lr=3.000000e-06
Epoch 285/301 | train_loss=0.2214 train_acc=92.36% | val_loss=0.2974 val_acc=88.12% | lr=3.000000e-06
Epoch 286/301 | train_loss=0.2210 train_acc=92.41% | val_loss=0.2972 val_acc=88.14% | lr=3.000000e-06
Epoch 287/301 | train_loss=0.2206 train_acc=92.36% | val_loss=0.2972 val_acc=88.16% | lr=3.000000e-06
Epoch 288/301 | train_loss=0.2202 train_acc=92.40% | val_loss=0.2970 val_acc=88.12% | lr=3.000000e-06
Epoch 289/301 | train_loss=0.2198 train_acc=92.40% | val_loss=0.2969 val_acc=88.12% | lr=3.000000e-06
Epoch 290/301 | train_loss=0.2194 train_acc=92.43% | val_loss=0.2969 val_acc=88.14% | lr=3.000000e-06
Epoch 291/301 | train_loss=0.2190 train_acc=92.43% | val_loss=0.2967 val_acc=88.14% | lr=3.000000e-06
Epoch 292/301 | train_loss=0.2186 train_acc=92.42% | val_loss=0.2967 val_acc=88.18% | lr=3.000000e-06
Epoch 293/301 | train_loss=0.2182 train_acc=92.47% | val_loss=0.2966 val_acc=88.18% | lr=3.000000e-06
Epoch 294/301 | train_loss=0.2178 train_acc=92.50% | val_loss=0.2964 val_acc=88.16% | lr=3.000000e-06
Epoch 295/301 | train_loss=0.2175 train_acc=92.50% | val_loss=0.2963 val_acc=88.18% | lr=3.000000e-06
Epoch 296/301 | train_loss=0.2171 train_acc=92.49% | val_loss=0.2963 val_acc=88.20% | lr=3.000000e-06
Epoch 297/301 | train_loss=0.2167 train_acc=92.55% | val_loss=0.2963 val_acc=88.18% | lr=3.000000e-06
Epoch 298/301 | train_loss=0.2163 train_acc=92.54% | val_loss=0.2962 val_acc=88.20% | lr=3.000000e-06
Epoch 299/301 | train_loss=0.2160 train_acc=92.56% | val_loss=0.2960 val_acc=88.22% | lr=3.000000e-06
Epoch 300/301 | train_loss=0.2156 train_acc=92.59% | val_loss=0.2959 val_acc=88.24% | lr=3.000000e-06
Epoch 301/301 | train_loss=0.2152 train_acc=92.55% | val_loss=0.2958 val_acc=88.26% | lr=3.000000e-06
Epoch 302/301 | train_loss=0.2148 train_acc=92.62% | val_loss=0.2958 val_acc=88.26% | lr=3.000000e-06
Epoch 303/301 | train_loss=0.2144 train_acc=92.62% | val_loss=0.2958 val_acc=88.24% | lr=3.000000e-06
Epoch 304/301 | train_loss=0.2141 train_acc=92.66% | val_loss=0.2956 val_acc=88.32% | lr=3.000000e-06
Epoch 305/301 | train_loss=0.2137 train_acc=92.64% | val_loss=0.2955 val_acc=88.30% | lr=3.000000e-06
Epoch 306/301 | train_loss=0.2134 train_acc=92.66% | val_loss=0.2955 val_acc=88.30% | lr=3.000000e-06
Epoch 307/301 | train_loss=0.2130 train_acc=92.70% | val_loss=0.2954 val_acc=88.32% | lr=3.000000e-06
Epoch 308/301 | train_loss=0.2126 train_acc=92.71% | val_loss=0.2953 val_acc=88.32% | lr=3.000000e-06
Epoch 309/301 | train_loss=0.2123 train_acc=92.71% | val_loss=0.2953 val_acc=88.30% | lr=3.000000e-06
Epoch 310/301 | train_loss=0.2119 train_acc=92.75% | val_loss=0.2952 val_acc=88.30% | lr=3.000000e-06
Epoch 311/301 | train_loss=0.2115 train_acc=92.75% | val_loss=0.2951 val_acc=88.32% | lr=3.000000e-06
Epoch 312/301 | train_loss=0.2112 train_acc=92.81% | val_loss=0.2950 val_acc=88.32% | lr=3.000000e-06
Epoch 313/301 | train_loss=0.2108 train_acc=92.83% | val_loss=0.2950 val_acc=88.30% | lr=3.000000e-06
Epoch 314/301 | train_loss=0.2105 train_acc=92.80% | val_loss=0.2950 val_acc=88.26% | lr=3.000000e-06
Epoch 315/301 | train_loss=0.2101 train_acc=92.85% | val_loss=0.2950 val_acc=88.26% | lr=3.000000e-06
Epoch 316/301 | train_loss=0.2097 train_acc=92.84% | val_loss=0.2949 val_acc=88.28% | lr=3.000000e-06
Epoch 317/301 | train_loss=0.2094 train_acc=92.86% | val_loss=0.2948 val_acc=88.28% | lr=3.000000e-06
Epoch 318/301 | train_loss=0.2090 train_acc=92.84% | val_loss=0.2947 val_acc=88.28% | lr=3.000000e-06
Epoch 319/301 | train_loss=0.2087 train_acc=92.88% | val_loss=0.2946 val_acc=88.28% | lr=3.000000e-06
Epoch 320/301 | train_loss=0.2083 train_acc=92.89% | val_loss=0.2946 val_acc=88.28% | lr=3.000000e-06
Epoch 321/301 | train_loss=0.2080 train_acc=92.90% | val_loss=0.2945 val_acc=88.28% | lr=3.000000e-06
Epoch 322/301 | train_loss=0.2077 train_acc=92.94% | val_loss=0.2945 val_acc=88.28% | lr=3.000000e-06
Epoch 323/301 | train_loss=0.2073 train_acc=92.92% | val_loss=0.2944 val_acc=88.32% | lr=3.000000e-06
Epoch 324/301 | train_loss=0.2070 train_acc=92.92% | val_loss=0.2944 val_acc=88.34% | lr=3.000000e-06
Epoch 325/301 | train_loss=0.2066 train_acc=92.94% | val_loss=0.2943 val_acc=88.34% | lr=3.000000e-06
Epoch 326/301 | train_loss=0.2063 train_acc=92.94% | val_loss=0.2943 val_acc=88.34% | lr=3.000000e-06
Epoch 327/301 | train_loss=0.2059 train_acc=92.94% | val_loss=0.2942 val_acc=88.34% | lr=3.000000e-06
Epoch 328/301 | train_loss=0.2056 train_acc=92.97% | val_loss=0.2942 val_acc=88.36% | lr=3.000000e-06
Epoch 329/301 | train_loss=0.2053 train_acc=92.96% | val_loss=0.2942 val_acc=88.32% | lr=3.000000e-06
Epoch 330/301 | train_loss=0.2049 train_acc=92.97% | val_loss=0.2941 val_acc=88.34% | lr=3.000000e-06
Epoch 331/301 | train_loss=0.2046 train_acc=92.99% | val_loss=0.2940 val_acc=88.34% | lr=3.000000e-06
Epoch 332/301 | train_loss=0.2043 train_acc=93.01% | val_loss=0.2940 val_acc=88.36% | lr=3.000000e-06
Epoch 333/301 | train_loss=0.2040 train_acc=93.01% | val_loss=0.2939 val_acc=88.28% | lr=3.000000e-06
Epoch 334/301 | train_loss=0.2036 train_acc=93.03% | val_loss=0.2939 val_acc=88.32% | lr=3.000000e-06
Epoch 335/301 | train_loss=0.2033 train_acc=93.03% | val_loss=0.2939 val_acc=88.32% | lr=3.000000e-06
Epoch 336/301 | train_loss=0.2030 train_acc=93.05% | val_loss=0.2939 val_acc=88.30% | lr=3.000000e-06
Epoch 337/301 | train_loss=0.2026 train_acc=93.06% | val_loss=0.2939 val_acc=88.30% | lr=3.000000e-06
Epoch 338/301 | train_loss=0.2023 train_acc=93.07% | val_loss=0.2939 val_acc=88.32% | lr=3.000000e-06
Epoch 339/301 | train_loss=0.2020 train_acc=93.08% | val_loss=0.2938 val_acc=88.32% | lr=3.000000e-06
Epoch 340/301 | train_loss=0.2017 train_acc=93.10% | val_loss=0.2938 val_acc=88.30% | lr=3.000000e-06
Epoch 341/301 | train_loss=0.2014 train_acc=93.12% | val_loss=0.2937 val_acc=88.28% | lr=3.000000e-06
Epoch 342/301 | train_loss=0.2010 train_acc=93.11% | val_loss=0.2937 val_acc=88.30% | lr=3.000000e-06
Epoch 343/301 | train_loss=0.2007 train_acc=93.09% | val_loss=0.2936 val_acc=88.32% | lr=3.000000e-06
Epoch 344/301 | train_loss=0.2004 train_acc=93.13% | val_loss=0.2936 val_acc=88.30% | lr=3.000000e-06
Epoch 345/301 | train_loss=0.2001 train_acc=93.14% | val_loss=0.2936 val_acc=88.28% | lr=3.000000e-06
Epoch 346/301 | train_loss=0.1998 train_acc=93.13% | val_loss=0.2937 val_acc=88.30% | lr=3.000000e-06
Epoch 347/301 | train_loss=0.1995 train_acc=93.14% | val_loss=0.2936 val_acc=88.30% | lr=3.000000e-06
Epoch 348/301 | train_loss=0.1991 train_acc=93.14% | val_loss=0.2936 val_acc=88.26% | lr=3.000000e-06
Epoch 349/301 | train_loss=0.1988 train_acc=93.17% | val_loss=0.2935 val_acc=88.28% | lr=3.000000e-06
Epoch 350/301 | train_loss=0.1985 train_acc=93.23% | val_loss=0.2936 val_acc=88.32% | lr=3.000000e-06
Epoch 351/301 | train_loss=0.1982 train_acc=93.22% | val_loss=0.2935 val_acc=88.28% | lr=3.000000e-06
Epoch 352/301 | train_loss=0.1979 train_acc=93.22% | val_loss=0.2935 val_acc=88.30% | lr=3.000000e-06
Epoch 353/301 | train_loss=0.1976 train_acc=93.20% | val_loss=0.2935 val_acc=88.30% | lr=3.000000e-06
Epoch 354/301 | train_loss=0.1973 train_acc=93.28% | val_loss=0.2935 val_acc=88.28% | lr=3.000000e-06
Epoch 355/301 | train_loss=0.1970 train_acc=93.27% | val_loss=0.2934 val_acc=88.32% | lr=3.000000e-06
Epoch 356/301 | train_loss=0.1967 train_acc=93.25% | val_loss=0.2934 val_acc=88.32% | lr=3.000000e-06
Epoch 357/301 | train_loss=0.1964 train_acc=93.31% | val_loss=0.2934 val_acc=88.32% | lr=3.000000e-06
Epoch 358/301 | train_loss=0.1961 train_acc=93.32% | val_loss=0.2934 val_acc=88.34% | lr=3.000000e-06
Epoch 359/301 | train_loss=0.1958 train_acc=93.31% | val_loss=0.2934 val_acc=88.36% | lr=3.000000e-06
Epoch 360/301 | train_loss=0.1955 train_acc=93.34% | val_loss=0.2934 val_acc=88.38% | lr=3.000000e-06
Saved new best model to /tmp/bow_mlp_imdb_rdi3tp7l.pt
Epoch 361/301 | train_loss=0.1952 train_acc=93.34% | val_loss=0.2934 val_acc=88.34% | lr=3.000000e-06
Epoch 362/301 | train_loss=0.1949 train_acc=93.36% | val_loss=0.2934 val_acc=88.36% | lr=3.000000e-06
Epoch 363/301 | train_loss=0.1946 train_acc=93.36% | val_loss=0.2934 val_acc=88.32% | lr=3.000000e-06
Epoch 364/301 | train_loss=0.1943 train_acc=93.37% | val_loss=0.2933 val_acc=88.34% | lr=3.000000e-06
Epoch 365/301 | train_loss=0.1940 train_acc=93.40% | val_loss=0.2933 val_acc=88.30% | lr=3.000000e-06
Epoch 366/301 | train_loss=0.1937 train_acc=93.42% | val_loss=0.2933 val_acc=88.38% | lr=3.000000e-06
Epoch 367/301 | train_loss=0.1934 train_acc=93.44% | val_loss=0.2933 val_acc=88.38% | lr=3.000000e-06
Epoch 368/301 | train_loss=0.1931 train_acc=93.47% | val_loss=0.2934 val_acc=88.30% | lr=3.000000e-06
Epoch 369/301 | train_loss=0.1928 train_acc=93.45% | val_loss=0.2934 val_acc=88.28% | lr=3.000000e-06
Epoch 370/301 | train_loss=0.1926 train_acc=93.44% | val_loss=0.2934 val_acc=88.32% | lr=3.000000e-06
Epoch 371/301 | train_loss=0.1923 train_acc=93.47% | val_loss=0.2934 val_acc=88.34% | lr=3.000000e-06
Epoch 372/301 | train_loss=0.1920 train_acc=93.49% | val_loss=0.2935 val_acc=88.32% | lr=3.000000e-06
Epoch 373/301 | train_loss=0.1917 train_acc=93.49% | val_loss=0.2934 val_acc=88.34% | lr=3.000000e-06
Epoch 374/301 | train_loss=0.1914 train_acc=93.51% | val_loss=0.2934 val_acc=88.34% | lr=3.000000e-06
Validation loss has not improved for 8 epochs. Stopping training.
Test loss=0.3044 | Test accuracy=87.80%
