Loading IMDb dataset from local disk: /home/daniel/l/masteruppsats/np-reg/language/data/imdb_hf
Using device: cuda
BoW vocab size: 6250
Epoch 1/301 | train_loss=64.7731 train_acc=49.47% | val_loss=0.7097 val_acc=49.20% | lr=3.000000e-05
Saved new best model to /tmp/bow_mlp_imdb_y7p13qqf.pt
Epoch 2/301 | train_loss=26.2297 train_acc=50.16% | val_loss=0.6913 val_acc=52.32% | lr=3.000000e-05
Saved new best model to /tmp/bow_mlp_imdb_y7p13qqf.pt
Epoch 3/301 | train_loss=9.9299 train_acc=52.54% | val_loss=0.6884 val_acc=54.06% | lr=3.000000e-05
Saved new best model to /tmp/bow_mlp_imdb_y7p13qqf.pt
Epoch 4/301 | train_loss=4.1848 train_acc=55.38% | val_loss=0.6829 val_acc=59.36% | lr=3.000000e-05
Saved new best model to /tmp/bow_mlp_imdb_y7p13qqf.pt
Epoch 5/301 | train_loss=2.6294 train_acc=59.24% | val_loss=0.6754 val_acc=63.78% | lr=3.000000e-05
Saved new best model to /tmp/bow_mlp_imdb_y7p13qqf.pt
Epoch 6/301 | train_loss=2.3023 train_acc=64.20% | val_loss=0.6660 val_acc=66.76% | lr=3.000000e-05
Saved new best model to /tmp/bow_mlp_imdb_y7p13qqf.pt
Epoch 7/301 | train_loss=2.2138 train_acc=68.91% | val_loss=0.6551 val_acc=72.88% | lr=3.000000e-05
Saved new best model to /tmp/bow_mlp_imdb_y7p13qqf.pt
Epoch 8/301 | train_loss=2.1540 train_acc=73.08% | val_loss=0.6435 val_acc=74.26% | lr=3.000000e-05
Saved new best model to /tmp/bow_mlp_imdb_y7p13qqf.pt
Epoch 9/301 | train_loss=2.0931 train_acc=75.81% | val_loss=0.6306 val_acc=77.96% | lr=3.000000e-05
Saved new best model to /tmp/bow_mlp_imdb_y7p13qqf.pt
Epoch 10/301 | train_loss=2.0286 train_acc=78.65% | val_loss=0.6173 val_acc=79.16% | lr=3.000000e-05
Saved new best model to /tmp/bow_mlp_imdb_y7p13qqf.pt
Epoch 11/301 | train_loss=1.9623 train_acc=80.17% | val_loss=0.6034 val_acc=80.60% | lr=3.000000e-05
Saved new best model to /tmp/bow_mlp_imdb_y7p13qqf.pt
Epoch 12/301 | train_loss=1.8938 train_acc=81.52% | val_loss=0.5892 val_acc=81.34% | lr=3.000000e-05
Saved new best model to /tmp/bow_mlp_imdb_y7p13qqf.pt
Epoch 13/301 | train_loss=1.8253 train_acc=82.64% | val_loss=0.5743 val_acc=82.76% | lr=3.000000e-05
Saved new best model to /tmp/bow_mlp_imdb_y7p13qqf.pt
Epoch 14/301 | train_loss=1.7559 train_acc=83.62% | val_loss=0.5596 val_acc=83.56% | lr=3.000000e-05
Saved new best model to /tmp/bow_mlp_imdb_y7p13qqf.pt
Epoch 15/301 | train_loss=1.6876 train_acc=84.09% | val_loss=0.5446 val_acc=84.10% | lr=3.000000e-05
Saved new best model to /tmp/bow_mlp_imdb_y7p13qqf.pt
Epoch 16/301 | train_loss=1.6208 train_acc=84.67% | val_loss=0.5301 val_acc=84.64% | lr=3.000000e-05
Saved new best model to /tmp/bow_mlp_imdb_y7p13qqf.pt
Epoch 17/301 | train_loss=1.5555 train_acc=85.17% | val_loss=0.5152 val_acc=85.30% | lr=3.000000e-05
Saved new best model to /tmp/bow_mlp_imdb_y7p13qqf.pt
Epoch 18/301 | train_loss=1.4928 train_acc=85.67% | val_loss=0.5010 val_acc=85.54% | lr=3.000000e-05
Saved new best model to /tmp/bow_mlp_imdb_y7p13qqf.pt
Epoch 19/301 | train_loss=1.4332 train_acc=86.07% | val_loss=0.4876 val_acc=85.82% | lr=3.000000e-05
Saved new best model to /tmp/bow_mlp_imdb_y7p13qqf.pt
Epoch 20/301 | train_loss=1.3766 train_acc=86.52% | val_loss=0.4738 val_acc=86.16% | lr=3.000000e-05
Saved new best model to /tmp/bow_mlp_imdb_y7p13qqf.pt
Epoch 21/301 | train_loss=1.3235 train_acc=86.81% | val_loss=0.4612 val_acc=86.42% | lr=3.000000e-05
Saved new best model to /tmp/bow_mlp_imdb_y7p13qqf.pt
Epoch 22/301 | train_loss=1.2742 train_acc=87.06% | val_loss=0.4488 val_acc=86.78% | lr=3.000000e-05
Saved new best model to /tmp/bow_mlp_imdb_y7p13qqf.pt
Epoch 23/301 | train_loss=1.2279 train_acc=87.50% | val_loss=0.4377 val_acc=86.80% | lr=3.000000e-05
Saved new best model to /tmp/bow_mlp_imdb_y7p13qqf.pt
Epoch 24/301 | train_loss=1.1856 train_acc=87.75% | val_loss=0.4266 val_acc=87.18% | lr=3.000000e-05
Saved new best model to /tmp/bow_mlp_imdb_y7p13qqf.pt
Epoch 25/301 | train_loss=1.1459 train_acc=87.94% | val_loss=0.4162 val_acc=87.34% | lr=3.000000e-05
Saved new best model to /tmp/bow_mlp_imdb_y7p13qqf.pt
Epoch 26/301 | train_loss=1.1101 train_acc=88.22% | val_loss=0.4067 val_acc=87.54% | lr=3.000000e-05
Saved new best model to /tmp/bow_mlp_imdb_y7p13qqf.pt
Epoch 27/301 | train_loss=1.0764 train_acc=88.48% | val_loss=0.3979 val_acc=87.48% | lr=3.000000e-05
Epoch 28/301 | train_loss=1.0464 train_acc=88.52% | val_loss=0.3897 val_acc=87.46% | lr=3.000000e-05
Epoch 29/301 | train_loss=1.0177 train_acc=88.70% | val_loss=0.3823 val_acc=87.42% | lr=3.000000e-05
Epoch 30/301 | train_loss=0.9912 train_acc=88.95% | val_loss=0.3754 val_acc=87.66% | lr=3.000000e-05
Saved new best model to /tmp/bow_mlp_imdb_y7p13qqf.pt
Epoch 31/301 | train_loss=0.9669 train_acc=88.94% | val_loss=0.3699 val_acc=87.32% | lr=3.000000e-05
Epoch 32/301 | train_loss=0.9444 train_acc=89.11% | val_loss=0.3628 val_acc=87.70% | lr=3.000000e-05
Saved new best model to /tmp/bow_mlp_imdb_y7p13qqf.pt
Epoch 33/301 | train_loss=0.9232 train_acc=89.25% | val_loss=0.3573 val_acc=87.78% | lr=3.000000e-05
Saved new best model to /tmp/bow_mlp_imdb_y7p13qqf.pt
Epoch 34/301 | train_loss=0.9033 train_acc=89.50% | val_loss=0.3524 val_acc=87.56% | lr=3.000000e-05
Epoch 35/301 | train_loss=0.8848 train_acc=89.58% | val_loss=0.3474 val_acc=87.86% | lr=3.000000e-05
Saved new best model to /tmp/bow_mlp_imdb_y7p13qqf.pt
Epoch 36/301 | train_loss=0.8676 train_acc=89.72% | val_loss=0.3440 val_acc=87.64% | lr=3.000000e-05
Epoch 37/301 | train_loss=0.8512 train_acc=89.91% | val_loss=0.3391 val_acc=87.88% | lr=3.000000e-05
Saved new best model to /tmp/bow_mlp_imdb_y7p13qqf.pt
Epoch 38/301 | train_loss=0.8355 train_acc=90.00% | val_loss=0.3354 val_acc=87.90% | lr=3.000000e-05
Saved new best model to /tmp/bow_mlp_imdb_y7p13qqf.pt
Epoch 39/301 | train_loss=0.8209 train_acc=90.14% | val_loss=0.3318 val_acc=87.94% | lr=3.000000e-05
Saved new best model to /tmp/bow_mlp_imdb_y7p13qqf.pt
Epoch 40/301 | train_loss=0.8069 train_acc=90.22% | val_loss=0.3287 val_acc=88.02% | lr=3.000000e-05
Saved new best model to /tmp/bow_mlp_imdb_y7p13qqf.pt
Epoch 41/301 | train_loss=0.7934 train_acc=90.38% | val_loss=0.3260 val_acc=88.08% | lr=3.000000e-05
Saved new best model to /tmp/bow_mlp_imdb_y7p13qqf.pt
Epoch 42/301 | train_loss=0.7808 train_acc=90.49% | val_loss=0.3236 val_acc=88.00% | lr=3.000000e-05
Epoch 43/301 | train_loss=0.7682 train_acc=90.59% | val_loss=0.3209 val_acc=88.00% | lr=3.000000e-05
Epoch 44/301 | train_loss=0.7564 train_acc=90.69% | val_loss=0.3180 val_acc=88.26% | lr=3.000000e-05
Saved new best model to /tmp/bow_mlp_imdb_y7p13qqf.pt
Epoch 45/301 | train_loss=0.7451 train_acc=90.94% | val_loss=0.3157 val_acc=88.28% | lr=3.000000e-05
Saved new best model to /tmp/bow_mlp_imdb_y7p13qqf.pt
Epoch 46/301 | train_loss=0.7343 train_acc=90.95% | val_loss=0.3137 val_acc=88.30% | lr=3.000000e-05
Saved new best model to /tmp/bow_mlp_imdb_y7p13qqf.pt
Epoch 47/301 | train_loss=0.7239 train_acc=91.06% | val_loss=0.3117 val_acc=88.40% | lr=3.000000e-05
Saved new best model to /tmp/bow_mlp_imdb_y7p13qqf.pt
Epoch 48/301 | train_loss=0.7136 train_acc=91.16% | val_loss=0.3101 val_acc=88.36% | lr=3.000000e-05
Epoch 49/301 | train_loss=0.7039 train_acc=91.28% | val_loss=0.3082 val_acc=88.42% | lr=3.000000e-05
Saved new best model to /tmp/bow_mlp_imdb_y7p13qqf.pt
Epoch 50/301 | train_loss=0.6944 train_acc=91.42% | val_loss=0.3075 val_acc=88.36% | lr=3.000000e-05
Epoch 51/301 | train_loss=0.6853 train_acc=91.48% | val_loss=0.3052 val_acc=88.40% | lr=3.000000e-05
Epoch 52/301 | train_loss=0.6765 train_acc=91.55% | val_loss=0.3048 val_acc=88.40% | lr=3.000000e-05
Epoch 53/301 | train_loss=0.6682 train_acc=91.66% | val_loss=0.3026 val_acc=88.48% | lr=3.000000e-05
Saved new best model to /tmp/bow_mlp_imdb_y7p13qqf.pt
Epoch 54/301 | train_loss=0.6595 train_acc=91.72% | val_loss=0.3018 val_acc=88.52% | lr=3.000000e-05
Saved new best model to /tmp/bow_mlp_imdb_y7p13qqf.pt
Epoch 55/301 | train_loss=0.6514 train_acc=91.83% | val_loss=0.3009 val_acc=88.44% | lr=3.000000e-05
Epoch 56/301 | train_loss=0.6435 train_acc=91.94% | val_loss=0.2995 val_acc=88.50% | lr=3.000000e-05
Epoch 57/301 | train_loss=0.6359 train_acc=92.03% | val_loss=0.2987 val_acc=88.38% | lr=3.000000e-05
Epoch 58/301 | train_loss=0.6285 train_acc=92.13% | val_loss=0.2978 val_acc=88.48% | lr=3.000000e-05
Epoch 59/301 | train_loss=0.6212 train_acc=92.26% | val_loss=0.2976 val_acc=88.40% | lr=3.000000e-05
Epoch 60/301 | train_loss=0.6141 train_acc=92.34% | val_loss=0.2966 val_acc=88.44% | lr=3.000000e-05
Epoch 61/301 | train_loss=0.6075 train_acc=92.42% | val_loss=0.2959 val_acc=88.46% | lr=3.000000e-05
Epoch 62/301 | train_loss=0.6007 train_acc=92.58% | val_loss=0.2962 val_acc=88.34% | lr=3.000000e-05
Epoch 63/301 | train_loss=0.5944 train_acc=92.65% | val_loss=0.2957 val_acc=88.30% | lr=3.000000e-05
Epoch 64/301 | train_loss=0.5879 train_acc=92.71% | val_loss=0.2954 val_acc=88.30% | lr=3.000000e-05
Epoch 65/301 | train_loss=0.5818 train_acc=92.86% | val_loss=0.2941 val_acc=88.28% | lr=3.000000e-05
Epoch 66/301 | train_loss=0.5756 train_acc=92.97% | val_loss=0.2950 val_acc=88.26% | lr=3.000000e-05
Epoch 67/301 | train_loss=0.5698 train_acc=93.01% | val_loss=0.2948 val_acc=88.20% | lr=3.000000e-05
Epoch 68/301 | train_loss=0.5642 train_acc=93.06% | val_loss=0.2934 val_acc=88.36% | lr=3.000000e-05
Epoch 69/301 | train_loss=0.5586 train_acc=93.11% | val_loss=0.2932 val_acc=88.26% | lr=3.000000e-05
Epoch 70/301 | train_loss=0.5533 train_acc=93.22% | val_loss=0.2935 val_acc=88.24% | lr=3.000000e-05
Epoch 71/301 | train_loss=0.5477 train_acc=93.31% | val_loss=0.2928 val_acc=88.36% | lr=3.000000e-05
Epoch 72/301 | train_loss=0.5426 train_acc=93.36% | val_loss=0.2930 val_acc=88.34% | lr=3.000000e-05
Epoch 73/301 | train_loss=0.5373 train_acc=93.38% | val_loss=0.2929 val_acc=88.26% | lr=3.000000e-05
Epoch 74/301 | train_loss=0.5322 train_acc=93.50% | val_loss=0.2950 val_acc=88.08% | lr=3.000000e-05
Epoch 75/301 | train_loss=0.5274 train_acc=93.53% | val_loss=0.2932 val_acc=88.36% | lr=3.000000e-05
Epoch 76/301 | train_loss=0.5226 train_acc=93.63% | val_loss=0.2932 val_acc=88.30% | lr=3.000000e-05
Epoch 77/301 | train_loss=0.5178 train_acc=93.65% | val_loss=0.2933 val_acc=88.24% | lr=3.000000e-05
Epoch 78/301 | train_loss=0.5133 train_acc=93.73% | val_loss=0.2941 val_acc=88.10% | lr=3.000000e-05
Epoch 79/301 | train_loss=0.5090 train_acc=93.80% | val_loss=0.2938 val_acc=88.08% | lr=3.000000e-05
Validation loss has not improved for 8 epochs. Stopping training.
Test loss=0.3079 | Test accuracy=88.06%
