Loading IMDb dataset from local disk: /home/daniel/l/masteruppsats/np-reg/language/data/imdb_hf
Using device: cuda
BoW vocab size: 6250
W0421 05:43:11.884000 3040284 site-packages/torch/_inductor/utils.py:1679] [0/0] Not enough SMs to use max_autotune_gemm mode
Epoch 1/301 | train_loss=0.6946 train_acc=50.25% | val_loss=0.6905 val_acc=50.32% | lr=3.000000e-06
Saved new best model to /tmp/bow_mlp_imdb_2s2xl2xr.pt
Epoch 2/301 | train_loss=0.6873 train_acc=52.46% | val_loss=0.6834 val_acc=54.90% | lr=3.000000e-06
Saved new best model to /tmp/bow_mlp_imdb_2s2xl2xr.pt
Epoch 3/301 | train_loss=0.6806 train_acc=56.73% | val_loss=0.6766 val_acc=60.32% | lr=3.000000e-06
Saved new best model to /tmp/bow_mlp_imdb_2s2xl2xr.pt
Epoch 4/301 | train_loss=0.6734 train_acc=60.97% | val_loss=0.6695 val_acc=64.02% | lr=3.000000e-06
Saved new best model to /tmp/bow_mlp_imdb_2s2xl2xr.pt
Epoch 5/301 | train_loss=0.6658 train_acc=64.63% | val_loss=0.6623 val_acc=66.90% | lr=3.000000e-06
Saved new best model to /tmp/bow_mlp_imdb_2s2xl2xr.pt
Epoch 6/301 | train_loss=0.6586 train_acc=66.72% | val_loss=0.6549 val_acc=69.40% | lr=3.000000e-06
Saved new best model to /tmp/bow_mlp_imdb_2s2xl2xr.pt
Epoch 7/301 | train_loss=0.6505 train_acc=68.76% | val_loss=0.6473 val_acc=71.44% | lr=3.000000e-06
Saved new best model to /tmp/bow_mlp_imdb_2s2xl2xr.pt
Epoch 8/301 | train_loss=0.6432 train_acc=70.55% | val_loss=0.6397 val_acc=72.68% | lr=3.000000e-06
Saved new best model to /tmp/bow_mlp_imdb_2s2xl2xr.pt
Epoch 9/301 | train_loss=0.6356 train_acc=71.89% | val_loss=0.6322 val_acc=73.84% | lr=3.000000e-06
Saved new best model to /tmp/bow_mlp_imdb_2s2xl2xr.pt
Epoch 10/301 | train_loss=0.6280 train_acc=73.48% | val_loss=0.6248 val_acc=74.96% | lr=3.000000e-06
Saved new best model to /tmp/bow_mlp_imdb_2s2xl2xr.pt
Epoch 11/301 | train_loss=0.6205 train_acc=74.52% | val_loss=0.6177 val_acc=75.78% | lr=3.000000e-06
Saved new best model to /tmp/bow_mlp_imdb_2s2xl2xr.pt
Epoch 12/301 | train_loss=0.6131 train_acc=75.50% | val_loss=0.6107 val_acc=76.48% | lr=3.000000e-06
Saved new best model to /tmp/bow_mlp_imdb_2s2xl2xr.pt
Epoch 13/301 | train_loss=0.6055 train_acc=76.19% | val_loss=0.6037 val_acc=77.28% | lr=3.000000e-06
Saved new best model to /tmp/bow_mlp_imdb_2s2xl2xr.pt
Epoch 14/301 | train_loss=0.5985 train_acc=77.11% | val_loss=0.5967 val_acc=78.20% | lr=3.000000e-06
Saved new best model to /tmp/bow_mlp_imdb_2s2xl2xr.pt
Epoch 15/301 | train_loss=0.5919 train_acc=77.92% | val_loss=0.5898 val_acc=78.82% | lr=3.000000e-06
Saved new best model to /tmp/bow_mlp_imdb_2s2xl2xr.pt
Epoch 16/301 | train_loss=0.5843 train_acc=78.68% | val_loss=0.5831 val_acc=79.36% | lr=3.000000e-06
Saved new best model to /tmp/bow_mlp_imdb_2s2xl2xr.pt
Epoch 17/301 | train_loss=0.5773 train_acc=79.40% | val_loss=0.5765 val_acc=80.16% | lr=3.000000e-06
Saved new best model to /tmp/bow_mlp_imdb_2s2xl2xr.pt
Epoch 18/301 | train_loss=0.5712 train_acc=79.98% | val_loss=0.5701 val_acc=80.80% | lr=3.000000e-06
Saved new best model to /tmp/bow_mlp_imdb_2s2xl2xr.pt
Epoch 19/301 | train_loss=0.5644 train_acc=80.25% | val_loss=0.5640 val_acc=81.08% | lr=3.000000e-06
Saved new best model to /tmp/bow_mlp_imdb_2s2xl2xr.pt
Epoch 20/301 | train_loss=0.5585 train_acc=80.64% | val_loss=0.5580 val_acc=81.36% | lr=3.000000e-06
Saved new best model to /tmp/bow_mlp_imdb_2s2xl2xr.pt
Epoch 21/301 | train_loss=0.5521 train_acc=81.36% | val_loss=0.5521 val_acc=81.74% | lr=3.000000e-06
Saved new best model to /tmp/bow_mlp_imdb_2s2xl2xr.pt
Epoch 22/301 | train_loss=0.5454 train_acc=81.72% | val_loss=0.5464 val_acc=82.00% | lr=3.000000e-06
Saved new best model to /tmp/bow_mlp_imdb_2s2xl2xr.pt
Epoch 23/301 | train_loss=0.5395 train_acc=81.89% | val_loss=0.5408 val_acc=82.26% | lr=3.000000e-06
Saved new best model to /tmp/bow_mlp_imdb_2s2xl2xr.pt
Epoch 24/301 | train_loss=0.5338 train_acc=82.37% | val_loss=0.5353 val_acc=82.64% | lr=3.000000e-06
Saved new best model to /tmp/bow_mlp_imdb_2s2xl2xr.pt
Epoch 25/301 | train_loss=0.5283 train_acc=82.34% | val_loss=0.5299 val_acc=82.88% | lr=3.000000e-06
Saved new best model to /tmp/bow_mlp_imdb_2s2xl2xr.pt
Epoch 26/301 | train_loss=0.5229 train_acc=82.72% | val_loss=0.5247 val_acc=83.20% | lr=3.000000e-06
Saved new best model to /tmp/bow_mlp_imdb_2s2xl2xr.pt
Epoch 27/301 | train_loss=0.5173 train_acc=82.97% | val_loss=0.5196 val_acc=83.42% | lr=3.000000e-06
Saved new best model to /tmp/bow_mlp_imdb_2s2xl2xr.pt
Epoch 28/301 | train_loss=0.5116 train_acc=83.34% | val_loss=0.5146 val_acc=83.64% | lr=3.000000e-06
Saved new best model to /tmp/bow_mlp_imdb_2s2xl2xr.pt
Epoch 29/301 | train_loss=0.5070 train_acc=83.40% | val_loss=0.5097 val_acc=83.86% | lr=3.000000e-06
Saved new best model to /tmp/bow_mlp_imdb_2s2xl2xr.pt
Epoch 30/301 | train_loss=0.5020 train_acc=83.62% | val_loss=0.5049 val_acc=83.94% | lr=3.000000e-06
Saved new best model to /tmp/bow_mlp_imdb_2s2xl2xr.pt
Epoch 31/301 | train_loss=0.4967 train_acc=84.12% | val_loss=0.5003 val_acc=84.20% | lr=3.000000e-06
Saved new best model to /tmp/bow_mlp_imdb_2s2xl2xr.pt
Epoch 32/301 | train_loss=0.4916 train_acc=84.20% | val_loss=0.4957 val_acc=84.42% | lr=3.000000e-06
Saved new best model to /tmp/bow_mlp_imdb_2s2xl2xr.pt
Epoch 33/301 | train_loss=0.4860 train_acc=84.38% | val_loss=0.4911 val_acc=84.44% | lr=3.000000e-06
Saved new best model to /tmp/bow_mlp_imdb_2s2xl2xr.pt
Epoch 34/301 | train_loss=0.4826 train_acc=84.45% | val_loss=0.4865 val_acc=84.40% | lr=3.000000e-06
Epoch 35/301 | train_loss=0.4771 train_acc=84.67% | val_loss=0.4819 val_acc=84.68% | lr=3.000000e-06
Saved new best model to /tmp/bow_mlp_imdb_2s2xl2xr.pt
Epoch 36/301 | train_loss=0.4723 train_acc=84.70% | val_loss=0.4774 val_acc=84.80% | lr=3.000000e-06
Saved new best model to /tmp/bow_mlp_imdb_2s2xl2xr.pt
Epoch 37/301 | train_loss=0.4674 train_acc=85.12% | val_loss=0.4730 val_acc=84.90% | lr=3.000000e-06
Saved new best model to /tmp/bow_mlp_imdb_2s2xl2xr.pt
Epoch 38/301 | train_loss=0.4627 train_acc=85.17% | val_loss=0.4688 val_acc=84.90% | lr=3.000000e-06
Epoch 39/301 | train_loss=0.4582 train_acc=85.33% | val_loss=0.4647 val_acc=85.02% | lr=3.000000e-06
Saved new best model to /tmp/bow_mlp_imdb_2s2xl2xr.pt
Epoch 40/301 | train_loss=0.4542 train_acc=85.44% | val_loss=0.4608 val_acc=85.04% | lr=3.000000e-06
Saved new best model to /tmp/bow_mlp_imdb_2s2xl2xr.pt
Epoch 41/301 | train_loss=0.4498 train_acc=85.56% | val_loss=0.4570 val_acc=85.16% | lr=3.000000e-06
Saved new best model to /tmp/bow_mlp_imdb_2s2xl2xr.pt
Epoch 42/301 | train_loss=0.4460 train_acc=85.70% | val_loss=0.4533 val_acc=85.32% | lr=3.000000e-06
Saved new best model to /tmp/bow_mlp_imdb_2s2xl2xr.pt
Epoch 43/301 | train_loss=0.4427 train_acc=86.02% | val_loss=0.4497 val_acc=85.40% | lr=3.000000e-06
Saved new best model to /tmp/bow_mlp_imdb_2s2xl2xr.pt
Epoch 44/301 | train_loss=0.4389 train_acc=85.91% | val_loss=0.4462 val_acc=85.58% | lr=3.000000e-06
Saved new best model to /tmp/bow_mlp_imdb_2s2xl2xr.pt
Epoch 45/301 | train_loss=0.4342 train_acc=86.08% | val_loss=0.4427 val_acc=85.58% | lr=3.000000e-06
Epoch 46/301 | train_loss=0.4303 train_acc=86.06% | val_loss=0.4394 val_acc=85.80% | lr=3.000000e-06
Saved new best model to /tmp/bow_mlp_imdb_2s2xl2xr.pt
Epoch 47/301 | train_loss=0.4269 train_acc=86.21% | val_loss=0.4361 val_acc=85.78% | lr=3.000000e-06
Epoch 48/301 | train_loss=0.4230 train_acc=86.33% | val_loss=0.4329 val_acc=85.92% | lr=3.000000e-06
Saved new best model to /tmp/bow_mlp_imdb_2s2xl2xr.pt
Epoch 49/301 | train_loss=0.4202 train_acc=86.50% | val_loss=0.4299 val_acc=86.06% | lr=3.000000e-06
Saved new best model to /tmp/bow_mlp_imdb_2s2xl2xr.pt
Epoch 50/301 | train_loss=0.4170 train_acc=86.36% | val_loss=0.4270 val_acc=86.16% | lr=3.000000e-06
Saved new best model to /tmp/bow_mlp_imdb_2s2xl2xr.pt
Epoch 51/301 | train_loss=0.4134 train_acc=86.55% | val_loss=0.4239 val_acc=86.10% | lr=3.000000e-06
Epoch 52/301 | train_loss=0.4099 train_acc=86.53% | val_loss=0.4210 val_acc=86.14% | lr=3.000000e-06
Epoch 53/301 | train_loss=0.4069 train_acc=86.70% | val_loss=0.4183 val_acc=86.28% | lr=3.000000e-06
Saved new best model to /tmp/bow_mlp_imdb_2s2xl2xr.pt
Epoch 54/301 | train_loss=0.4039 train_acc=86.80% | val_loss=0.4156 val_acc=86.30% | lr=3.000000e-06
Saved new best model to /tmp/bow_mlp_imdb_2s2xl2xr.pt
Epoch 55/301 | train_loss=0.4011 train_acc=86.76% | val_loss=0.4129 val_acc=86.12% | lr=3.000000e-06
Epoch 56/301 | train_loss=0.3978 train_acc=86.95% | val_loss=0.4103 val_acc=86.22% | lr=3.000000e-06
Epoch 57/301 | train_loss=0.3953 train_acc=87.13% | val_loss=0.4078 val_acc=86.16% | lr=3.000000e-06
Epoch 58/301 | train_loss=0.3931 train_acc=87.12% | val_loss=0.4053 val_acc=86.14% | lr=3.000000e-06
Epoch 59/301 | train_loss=0.3894 train_acc=87.19% | val_loss=0.4030 val_acc=86.22% | lr=3.000000e-06
Epoch 60/301 | train_loss=0.3862 train_acc=87.29% | val_loss=0.4006 val_acc=86.20% | lr=3.000000e-06
Epoch 61/301 | train_loss=0.3835 train_acc=87.42% | val_loss=0.3983 val_acc=86.26% | lr=3.000000e-06
Epoch 62/301 | train_loss=0.3823 train_acc=87.32% | val_loss=0.3961 val_acc=86.20% | lr=3.000000e-06
Epoch 63/301 | train_loss=0.3791 train_acc=87.20% | val_loss=0.3940 val_acc=86.30% | lr=3.000000e-06
Epoch 64/301 | train_loss=0.3753 train_acc=87.56% | val_loss=0.3918 val_acc=86.36% | lr=3.000000e-06
Saved new best model to /tmp/bow_mlp_imdb_2s2xl2xr.pt
Epoch 65/301 | train_loss=0.3742 train_acc=87.39% | val_loss=0.3897 val_acc=86.38% | lr=3.000000e-06
Saved new best model to /tmp/bow_mlp_imdb_2s2xl2xr.pt
Epoch 66/301 | train_loss=0.3714 train_acc=87.89% | val_loss=0.3878 val_acc=86.40% | lr=3.000000e-06
Saved new best model to /tmp/bow_mlp_imdb_2s2xl2xr.pt
Epoch 67/301 | train_loss=0.3694 train_acc=87.59% | val_loss=0.3857 val_acc=86.44% | lr=3.000000e-06
Saved new best model to /tmp/bow_mlp_imdb_2s2xl2xr.pt
Epoch 68/301 | train_loss=0.3669 train_acc=87.83% | val_loss=0.3838 val_acc=86.54% | lr=3.000000e-06
Saved new best model to /tmp/bow_mlp_imdb_2s2xl2xr.pt
Epoch 69/301 | train_loss=0.3636 train_acc=87.97% | val_loss=0.3818 val_acc=86.58% | lr=3.000000e-06
Saved new best model to /tmp/bow_mlp_imdb_2s2xl2xr.pt
Epoch 70/301 | train_loss=0.3627 train_acc=87.79% | val_loss=0.3801 val_acc=86.68% | lr=3.000000e-06
Saved new best model to /tmp/bow_mlp_imdb_2s2xl2xr.pt
Epoch 71/301 | train_loss=0.3606 train_acc=87.91% | val_loss=0.3782 val_acc=86.70% | lr=3.000000e-06
Saved new best model to /tmp/bow_mlp_imdb_2s2xl2xr.pt
Epoch 72/301 | train_loss=0.3580 train_acc=88.09% | val_loss=0.3765 val_acc=86.76% | lr=3.000000e-06
Saved new best model to /tmp/bow_mlp_imdb_2s2xl2xr.pt
Epoch 73/301 | train_loss=0.3554 train_acc=87.94% | val_loss=0.3748 val_acc=86.76% | lr=3.000000e-06
Epoch 74/301 | train_loss=0.3540 train_acc=88.03% | val_loss=0.3731 val_acc=86.84% | lr=3.000000e-06
Saved new best model to /tmp/bow_mlp_imdb_2s2xl2xr.pt
Epoch 75/301 | train_loss=0.3520 train_acc=88.17% | val_loss=0.3714 val_acc=86.86% | lr=3.000000e-06
Saved new best model to /tmp/bow_mlp_imdb_2s2xl2xr.pt
Epoch 76/301 | train_loss=0.3496 train_acc=88.20% | val_loss=0.3698 val_acc=86.92% | lr=3.000000e-06
Saved new best model to /tmp/bow_mlp_imdb_2s2xl2xr.pt
Epoch 77/301 | train_loss=0.3480 train_acc=88.35% | val_loss=0.3682 val_acc=86.94% | lr=3.000000e-06
Saved new best model to /tmp/bow_mlp_imdb_2s2xl2xr.pt
Epoch 78/301 | train_loss=0.3462 train_acc=88.35% | val_loss=0.3667 val_acc=86.94% | lr=3.000000e-06
Epoch 79/301 | train_loss=0.3437 train_acc=88.51% | val_loss=0.3652 val_acc=86.96% | lr=3.000000e-06
Saved new best model to /tmp/bow_mlp_imdb_2s2xl2xr.pt
Epoch 80/301 | train_loss=0.3421 train_acc=88.57% | val_loss=0.3638 val_acc=87.02% | lr=3.000000e-06
Saved new best model to /tmp/bow_mlp_imdb_2s2xl2xr.pt
Epoch 81/301 | train_loss=0.3405 train_acc=88.59% | val_loss=0.3623 val_acc=87.04% | lr=3.000000e-06
Saved new best model to /tmp/bow_mlp_imdb_2s2xl2xr.pt
Epoch 82/301 | train_loss=0.3382 train_acc=88.62% | val_loss=0.3609 val_acc=87.12% | lr=3.000000e-06
Saved new best model to /tmp/bow_mlp_imdb_2s2xl2xr.pt
Epoch 83/301 | train_loss=0.3367 train_acc=88.63% | val_loss=0.3596 val_acc=87.08% | lr=3.000000e-06
Epoch 84/301 | train_loss=0.3353 train_acc=88.64% | val_loss=0.3582 val_acc=87.12% | lr=3.000000e-06
Epoch 85/301 | train_loss=0.3325 train_acc=88.80% | val_loss=0.3569 val_acc=87.12% | lr=3.000000e-06
Epoch 86/301 | train_loss=0.3309 train_acc=88.78% | val_loss=0.3556 val_acc=87.18% | lr=3.000000e-06
Saved new best model to /tmp/bow_mlp_imdb_2s2xl2xr.pt
Epoch 87/301 | train_loss=0.3312 train_acc=88.62% | val_loss=0.3544 val_acc=87.22% | lr=3.000000e-06
Saved new best model to /tmp/bow_mlp_imdb_2s2xl2xr.pt
Epoch 88/301 | train_loss=0.3283 train_acc=89.03% | val_loss=0.3531 val_acc=87.28% | lr=3.000000e-06
Saved new best model to /tmp/bow_mlp_imdb_2s2xl2xr.pt
Epoch 89/301 | train_loss=0.3276 train_acc=88.76% | val_loss=0.3519 val_acc=87.26% | lr=3.000000e-06
Epoch 90/301 | train_loss=0.3254 train_acc=89.03% | val_loss=0.3507 val_acc=87.26% | lr=3.000000e-06
Epoch 91/301 | train_loss=0.3234 train_acc=88.98% | val_loss=0.3495 val_acc=87.30% | lr=3.000000e-06
Saved new best model to /tmp/bow_mlp_imdb_2s2xl2xr.pt
Epoch 92/301 | train_loss=0.3224 train_acc=89.20% | val_loss=0.3484 val_acc=87.38% | lr=3.000000e-06
Saved new best model to /tmp/bow_mlp_imdb_2s2xl2xr.pt
Epoch 93/301 | train_loss=0.3208 train_acc=89.13% | val_loss=0.3473 val_acc=87.34% | lr=3.000000e-06
Epoch 94/301 | train_loss=0.3186 train_acc=89.12% | val_loss=0.3462 val_acc=87.46% | lr=3.000000e-06
Saved new best model to /tmp/bow_mlp_imdb_2s2xl2xr.pt
Epoch 95/301 | train_loss=0.3179 train_acc=89.00% | val_loss=0.3451 val_acc=87.50% | lr=3.000000e-06
Saved new best model to /tmp/bow_mlp_imdb_2s2xl2xr.pt
Epoch 96/301 | train_loss=0.3160 train_acc=89.19% | val_loss=0.3441 val_acc=87.50% | lr=3.000000e-06
Epoch 97/301 | train_loss=0.3135 train_acc=89.26% | val_loss=0.3430 val_acc=87.48% | lr=3.000000e-06
Epoch 98/301 | train_loss=0.3125 train_acc=89.24% | val_loss=0.3419 val_acc=87.46% | lr=3.000000e-06
Epoch 99/301 | train_loss=0.3116 train_acc=89.36% | val_loss=0.3410 val_acc=87.54% | lr=3.000000e-06
Saved new best model to /tmp/bow_mlp_imdb_2s2xl2xr.pt
Epoch 100/301 | train_loss=0.3104 train_acc=89.34% | val_loss=0.3400 val_acc=87.62% | lr=3.000000e-06
Saved new best model to /tmp/bow_mlp_imdb_2s2xl2xr.pt
Epoch 101/301 | train_loss=0.3098 train_acc=89.28% | val_loss=0.3390 val_acc=87.56% | lr=3.000000e-06
Epoch 102/301 | train_loss=0.3078 train_acc=89.42% | val_loss=0.3382 val_acc=87.56% | lr=3.000000e-06
Epoch 103/301 | train_loss=0.3062 train_acc=89.59% | val_loss=0.3372 val_acc=87.62% | lr=3.000000e-06
Epoch 104/301 | train_loss=0.3047 train_acc=89.59% | val_loss=0.3362 val_acc=87.56% | lr=3.000000e-06
Epoch 105/301 | train_loss=0.3038 train_acc=89.55% | val_loss=0.3354 val_acc=87.64% | lr=3.000000e-06
Saved new best model to /tmp/bow_mlp_imdb_2s2xl2xr.pt
Epoch 106/301 | train_loss=0.3025 train_acc=89.61% | val_loss=0.3345 val_acc=87.66% | lr=3.000000e-06
Saved new best model to /tmp/bow_mlp_imdb_2s2xl2xr.pt
Epoch 107/301 | train_loss=0.3013 train_acc=89.61% | val_loss=0.3336 val_acc=87.60% | lr=3.000000e-06
Epoch 108/301 | train_loss=0.3009 train_acc=89.58% | val_loss=0.3329 val_acc=87.62% | lr=3.000000e-06
Epoch 109/301 | train_loss=0.2989 train_acc=89.69% | val_loss=0.3321 val_acc=87.60% | lr=3.000000e-06
Epoch 110/301 | train_loss=0.2982 train_acc=89.65% | val_loss=0.3312 val_acc=87.58% | lr=3.000000e-06
Epoch 111/301 | train_loss=0.2964 train_acc=89.92% | val_loss=0.3304 val_acc=87.62% | lr=3.000000e-06
Epoch 112/301 | train_loss=0.2960 train_acc=89.80% | val_loss=0.3296 val_acc=87.62% | lr=3.000000e-06
Epoch 113/301 | train_loss=0.2935 train_acc=89.82% | val_loss=0.3289 val_acc=87.70% | lr=3.000000e-06
Saved new best model to /tmp/bow_mlp_imdb_2s2xl2xr.pt
Epoch 114/301 | train_loss=0.2936 train_acc=89.80% | val_loss=0.3282 val_acc=87.74% | lr=3.000000e-06
Saved new best model to /tmp/bow_mlp_imdb_2s2xl2xr.pt
Epoch 115/301 | train_loss=0.2915 train_acc=89.97% | val_loss=0.3274 val_acc=87.72% | lr=3.000000e-06
Epoch 116/301 | train_loss=0.2905 train_acc=89.84% | val_loss=0.3268 val_acc=87.76% | lr=3.000000e-06
Saved new best model to /tmp/bow_mlp_imdb_2s2xl2xr.pt
Epoch 117/301 | train_loss=0.2895 train_acc=90.00% | val_loss=0.3260 val_acc=87.78% | lr=3.000000e-06
Saved new best model to /tmp/bow_mlp_imdb_2s2xl2xr.pt
Epoch 118/301 | train_loss=0.2897 train_acc=90.05% | val_loss=0.3253 val_acc=87.82% | lr=3.000000e-06
Saved new best model to /tmp/bow_mlp_imdb_2s2xl2xr.pt
Epoch 119/301 | train_loss=0.2875 train_acc=90.09% | val_loss=0.3248 val_acc=87.90% | lr=3.000000e-06
Saved new best model to /tmp/bow_mlp_imdb_2s2xl2xr.pt
Epoch 120/301 | train_loss=0.2868 train_acc=90.10% | val_loss=0.3240 val_acc=87.88% | lr=3.000000e-06
Epoch 121/301 | train_loss=0.2860 train_acc=90.17% | val_loss=0.3233 val_acc=87.96% | lr=3.000000e-06
Saved new best model to /tmp/bow_mlp_imdb_2s2xl2xr.pt
Epoch 122/301 | train_loss=0.2845 train_acc=90.00% | val_loss=0.3227 val_acc=87.96% | lr=3.000000e-06
Epoch 123/301 | train_loss=0.2845 train_acc=89.96% | val_loss=0.3221 val_acc=88.06% | lr=3.000000e-06
Saved new best model to /tmp/bow_mlp_imdb_2s2xl2xr.pt
Epoch 124/301 | train_loss=0.2817 train_acc=90.34% | val_loss=0.3215 val_acc=88.02% | lr=3.000000e-06
Epoch 125/301 | train_loss=0.2808 train_acc=90.26% | val_loss=0.3209 val_acc=88.08% | lr=3.000000e-06
Saved new best model to /tmp/bow_mlp_imdb_2s2xl2xr.pt
Epoch 126/301 | train_loss=0.2801 train_acc=90.20% | val_loss=0.3203 val_acc=88.02% | lr=3.000000e-06
Epoch 127/301 | train_loss=0.2801 train_acc=90.25% | val_loss=0.3197 val_acc=88.04% | lr=3.000000e-06
Epoch 128/301 | train_loss=0.2789 train_acc=90.25% | val_loss=0.3191 val_acc=88.04% | lr=3.000000e-06
Epoch 129/301 | train_loss=0.2782 train_acc=90.32% | val_loss=0.3186 val_acc=88.10% | lr=3.000000e-06
Saved new best model to /tmp/bow_mlp_imdb_2s2xl2xr.pt
Epoch 130/301 | train_loss=0.2773 train_acc=90.46% | val_loss=0.3180 val_acc=88.06% | lr=3.000000e-06
Epoch 131/301 | train_loss=0.2758 train_acc=90.25% | val_loss=0.3176 val_acc=88.08% | lr=3.000000e-06
Epoch 132/301 | train_loss=0.2741 train_acc=90.48% | val_loss=0.3170 val_acc=88.10% | lr=3.000000e-06
Epoch 133/301 | train_loss=0.2731 train_acc=90.46% | val_loss=0.3165 val_acc=88.16% | lr=3.000000e-06
Saved new best model to /tmp/bow_mlp_imdb_2s2xl2xr.pt
Epoch 134/301 | train_loss=0.2722 train_acc=90.48% | val_loss=0.3159 val_acc=88.08% | lr=3.000000e-06
Epoch 135/301 | train_loss=0.2716 train_acc=90.59% | val_loss=0.3154 val_acc=88.06% | lr=3.000000e-06
Epoch 136/301 | train_loss=0.2701 train_acc=90.59% | val_loss=0.3150 val_acc=88.16% | lr=3.000000e-06
Epoch 137/301 | train_loss=0.2707 train_acc=90.58% | val_loss=0.3145 val_acc=88.16% | lr=3.000000e-06
Epoch 138/301 | train_loss=0.2693 train_acc=90.56% | val_loss=0.3140 val_acc=88.10% | lr=3.000000e-06
Epoch 139/301 | train_loss=0.2684 train_acc=90.66% | val_loss=0.3136 val_acc=88.18% | lr=3.000000e-06
Saved new best model to /tmp/bow_mlp_imdb_2s2xl2xr.pt
Epoch 140/301 | train_loss=0.2678 train_acc=90.55% | val_loss=0.3131 val_acc=88.16% | lr=3.000000e-06
Epoch 141/301 | train_loss=0.2654 train_acc=90.64% | val_loss=0.3126 val_acc=88.20% | lr=3.000000e-06
Saved new best model to /tmp/bow_mlp_imdb_2s2xl2xr.pt
Epoch 142/301 | train_loss=0.2658 train_acc=90.71% | val_loss=0.3122 val_acc=88.18% | lr=3.000000e-06
Epoch 143/301 | train_loss=0.2641 train_acc=90.75% | val_loss=0.3117 val_acc=88.24% | lr=3.000000e-06
Saved new best model to /tmp/bow_mlp_imdb_2s2xl2xr.pt
Epoch 144/301 | train_loss=0.2641 train_acc=90.88% | val_loss=0.3114 val_acc=88.18% | lr=3.000000e-06
Epoch 145/301 | train_loss=0.2624 train_acc=90.85% | val_loss=0.3108 val_acc=88.34% | lr=3.000000e-06
Saved new best model to /tmp/bow_mlp_imdb_2s2xl2xr.pt
Epoch 146/301 | train_loss=0.2610 train_acc=90.92% | val_loss=0.3104 val_acc=88.34% | lr=3.000000e-06
Epoch 147/301 | train_loss=0.2612 train_acc=90.82% | val_loss=0.3100 val_acc=88.18% | lr=3.000000e-06
Epoch 148/301 | train_loss=0.2602 train_acc=90.81% | val_loss=0.3096 val_acc=88.18% | lr=3.000000e-06
Epoch 149/301 | train_loss=0.2582 train_acc=91.09% | val_loss=0.3092 val_acc=88.18% | lr=3.000000e-06
Epoch 150/301 | train_loss=0.2582 train_acc=90.99% | val_loss=0.3089 val_acc=88.22% | lr=3.000000e-06
Epoch 151/301 | train_loss=0.2572 train_acc=91.08% | val_loss=0.3084 val_acc=88.26% | lr=3.000000e-06
Epoch 152/301 | train_loss=0.2571 train_acc=91.02% | val_loss=0.3080 val_acc=88.26% | lr=3.000000e-06
Epoch 153/301 | train_loss=0.2571 train_acc=90.83% | val_loss=0.3077 val_acc=88.24% | lr=3.000000e-06
Epoch 154/301 | train_loss=0.2555 train_acc=91.05% | val_loss=0.3073 val_acc=88.22% | lr=3.000000e-06
Epoch 155/301 | train_loss=0.2549 train_acc=90.95% | val_loss=0.3070 val_acc=88.22% | lr=3.000000e-06
Epoch 156/301 | train_loss=0.2539 train_acc=91.07% | val_loss=0.3066 val_acc=88.24% | lr=3.000000e-06
Epoch 157/301 | train_loss=0.2533 train_acc=91.14% | val_loss=0.3063 val_acc=88.30% | lr=3.000000e-06
Epoch 158/301 | train_loss=0.2519 train_acc=91.16% | val_loss=0.3059 val_acc=88.30% | lr=3.000000e-06
Epoch 159/301 | train_loss=0.2516 train_acc=91.26% | val_loss=0.3056 val_acc=88.32% | lr=3.000000e-06
Epoch 160/301 | train_loss=0.2507 train_acc=91.09% | val_loss=0.3053 val_acc=88.36% | lr=3.000000e-06
Saved new best model to /tmp/bow_mlp_imdb_2s2xl2xr.pt
Epoch 161/301 | train_loss=0.2514 train_acc=91.12% | val_loss=0.3050 val_acc=88.38% | lr=3.000000e-06
Saved new best model to /tmp/bow_mlp_imdb_2s2xl2xr.pt
Epoch 162/301 | train_loss=0.2501 train_acc=91.17% | val_loss=0.3046 val_acc=88.34% | lr=3.000000e-06
Epoch 163/301 | train_loss=0.2488 train_acc=91.37% | val_loss=0.3044 val_acc=88.38% | lr=3.000000e-06
Epoch 164/301 | train_loss=0.2481 train_acc=91.38% | val_loss=0.3041 val_acc=88.36% | lr=3.000000e-06
Epoch 165/301 | train_loss=0.2478 train_acc=91.14% | val_loss=0.3038 val_acc=88.34% | lr=3.000000e-06
Epoch 166/301 | train_loss=0.2455 train_acc=91.48% | val_loss=0.3035 val_acc=88.34% | lr=3.000000e-06
Epoch 167/301 | train_loss=0.2456 train_acc=91.29% | val_loss=0.3032 val_acc=88.38% | lr=3.000000e-06
Epoch 168/301 | train_loss=0.2450 train_acc=91.33% | val_loss=0.3029 val_acc=88.36% | lr=3.000000e-06
Epoch 169/301 | train_loss=0.2432 train_acc=91.44% | val_loss=0.3026 val_acc=88.34% | lr=3.000000e-06
Epoch 170/301 | train_loss=0.2437 train_acc=91.53% | val_loss=0.3023 val_acc=88.42% | lr=3.000000e-06
Saved new best model to /tmp/bow_mlp_imdb_2s2xl2xr.pt
Epoch 171/301 | train_loss=0.2426 train_acc=91.40% | val_loss=0.3021 val_acc=88.38% | lr=3.000000e-06
Epoch 172/301 | train_loss=0.2427 train_acc=91.40% | val_loss=0.3018 val_acc=88.38% | lr=3.000000e-06
Epoch 173/301 | train_loss=0.2418 train_acc=91.48% | val_loss=0.3016 val_acc=88.38% | lr=3.000000e-06
Epoch 174/301 | train_loss=0.2405 train_acc=91.62% | val_loss=0.3014 val_acc=88.36% | lr=3.000000e-06
Epoch 175/301 | train_loss=0.2401 train_acc=91.52% | val_loss=0.3011 val_acc=88.36% | lr=3.000000e-06
Epoch 176/301 | train_loss=0.2393 train_acc=91.59% | val_loss=0.3009 val_acc=88.38% | lr=3.000000e-06
Epoch 177/301 | train_loss=0.2391 train_acc=91.56% | val_loss=0.3007 val_acc=88.36% | lr=3.000000e-06
Epoch 178/301 | train_loss=0.2377 train_acc=91.61% | val_loss=0.3004 val_acc=88.38% | lr=3.000000e-06
Epoch 179/301 | train_loss=0.2371 train_acc=91.57% | val_loss=0.3002 val_acc=88.32% | lr=3.000000e-06
Epoch 180/301 | train_loss=0.2372 train_acc=91.69% | val_loss=0.3000 val_acc=88.30% | lr=3.000000e-06
Epoch 181/301 | train_loss=0.2364 train_acc=91.74% | val_loss=0.2998 val_acc=88.26% | lr=3.000000e-06
Epoch 182/301 | train_loss=0.2352 train_acc=91.80% | val_loss=0.2995 val_acc=88.34% | lr=3.000000e-06
Epoch 183/301 | train_loss=0.2343 train_acc=91.67% | val_loss=0.2993 val_acc=88.28% | lr=3.000000e-06
Epoch 184/301 | train_loss=0.2333 train_acc=91.82% | val_loss=0.2991 val_acc=88.28% | lr=3.000000e-06
Epoch 185/301 | train_loss=0.2332 train_acc=91.86% | val_loss=0.2990 val_acc=88.26% | lr=3.000000e-06
Epoch 186/301 | train_loss=0.2316 train_acc=91.85% | val_loss=0.2987 val_acc=88.32% | lr=3.000000e-06
Epoch 187/301 | train_loss=0.2317 train_acc=91.87% | val_loss=0.2985 val_acc=88.24% | lr=3.000000e-06
Epoch 188/301 | train_loss=0.2318 train_acc=91.80% | val_loss=0.2983 val_acc=88.26% | lr=3.000000e-06
Epoch 189/301 | train_loss=0.2313 train_acc=91.90% | val_loss=0.2981 val_acc=88.30% | lr=3.000000e-06
Epoch 190/301 | train_loss=0.2304 train_acc=91.94% | val_loss=0.2980 val_acc=88.26% | lr=3.000000e-06
Epoch 191/301 | train_loss=0.2298 train_acc=91.92% | val_loss=0.2978 val_acc=88.32% | lr=3.000000e-06
Epoch 192/301 | train_loss=0.2296 train_acc=91.89% | val_loss=0.2976 val_acc=88.32% | lr=3.000000e-06
Epoch 193/301 | train_loss=0.2285 train_acc=91.96% | val_loss=0.2974 val_acc=88.26% | lr=3.000000e-06
Epoch 194/301 | train_loss=0.2280 train_acc=91.94% | val_loss=0.2972 val_acc=88.26% | lr=3.000000e-06
Epoch 195/301 | train_loss=0.2270 train_acc=92.03% | val_loss=0.2971 val_acc=88.34% | lr=3.000000e-06
Epoch 196/301 | train_loss=0.2261 train_acc=91.96% | val_loss=0.2970 val_acc=88.26% | lr=3.000000e-06
Epoch 197/301 | train_loss=0.2255 train_acc=92.03% | val_loss=0.2968 val_acc=88.30% | lr=3.000000e-06
Epoch 198/301 | train_loss=0.2260 train_acc=91.95% | val_loss=0.2967 val_acc=88.28% | lr=3.000000e-06
Epoch 199/301 | train_loss=0.2248 train_acc=92.14% | val_loss=0.2965 val_acc=88.30% | lr=3.000000e-06
Epoch 200/301 | train_loss=0.2246 train_acc=92.05% | val_loss=0.2964 val_acc=88.26% | lr=3.000000e-06
Epoch 201/301 | train_loss=0.2234 train_acc=92.07% | val_loss=0.2962 val_acc=88.26% | lr=3.000000e-06
Epoch 202/301 | train_loss=0.2225 train_acc=92.11% | val_loss=0.2961 val_acc=88.28% | lr=3.000000e-06
Epoch 203/301 | train_loss=0.2223 train_acc=92.26% | val_loss=0.2960 val_acc=88.24% | lr=3.000000e-06
Epoch 204/301 | train_loss=0.2222 train_acc=92.23% | val_loss=0.2959 val_acc=88.18% | lr=3.000000e-06
Epoch 205/301 | train_loss=0.2224 train_acc=92.20% | val_loss=0.2957 val_acc=88.28% | lr=3.000000e-06
Epoch 206/301 | train_loss=0.2210 train_acc=92.26% | val_loss=0.2957 val_acc=88.18% | lr=3.000000e-06
Epoch 207/301 | train_loss=0.2210 train_acc=92.25% | val_loss=0.2955 val_acc=88.22% | lr=3.000000e-06
Epoch 208/301 | train_loss=0.2199 train_acc=92.30% | val_loss=0.2954 val_acc=88.28% | lr=3.000000e-06
Epoch 209/301 | train_loss=0.2194 train_acc=92.22% | val_loss=0.2953 val_acc=88.24% | lr=3.000000e-06
Epoch 210/301 | train_loss=0.2183 train_acc=92.29% | val_loss=0.2952 val_acc=88.24% | lr=3.000000e-06
Epoch 211/301 | train_loss=0.2177 train_acc=92.39% | val_loss=0.2951 val_acc=88.26% | lr=3.000000e-06
Epoch 212/301 | train_loss=0.2180 train_acc=92.21% | val_loss=0.2951 val_acc=88.20% | lr=3.000000e-06
Epoch 213/301 | train_loss=0.2180 train_acc=92.33% | val_loss=0.2949 val_acc=88.30% | lr=3.000000e-06
Epoch 214/301 | train_loss=0.2168 train_acc=92.36% | val_loss=0.2948 val_acc=88.20% | lr=3.000000e-06
Epoch 215/301 | train_loss=0.2170 train_acc=92.31% | val_loss=0.2949 val_acc=88.28% | lr=3.000000e-06
Epoch 216/301 | train_loss=0.2145 train_acc=92.56% | val_loss=0.2946 val_acc=88.30% | lr=3.000000e-06
Epoch 217/301 | train_loss=0.2146 train_acc=92.50% | val_loss=0.2947 val_acc=88.32% | lr=3.000000e-06
Epoch 218/301 | train_loss=0.2147 train_acc=92.36% | val_loss=0.2944 val_acc=88.28% | lr=3.000000e-06
Epoch 219/301 | train_loss=0.2135 train_acc=92.53% | val_loss=0.2944 val_acc=88.28% | lr=3.000000e-06
Epoch 220/301 | train_loss=0.2132 train_acc=92.47% | val_loss=0.2944 val_acc=88.34% | lr=3.000000e-06
Epoch 221/301 | train_loss=0.2133 train_acc=92.45% | val_loss=0.2943 val_acc=88.34% | lr=3.000000e-06
Epoch 222/301 | train_loss=0.2117 train_acc=92.75% | val_loss=0.2942 val_acc=88.38% | lr=3.000000e-06
Epoch 223/301 | train_loss=0.2117 train_acc=92.46% | val_loss=0.2942 val_acc=88.40% | lr=3.000000e-06
Epoch 224/301 | train_loss=0.2132 train_acc=92.42% | val_loss=0.2941 val_acc=88.44% | lr=3.000000e-06
Saved new best model to /tmp/bow_mlp_imdb_2s2xl2xr.pt
Epoch 225/301 | train_loss=0.2103 train_acc=92.64% | val_loss=0.2941 val_acc=88.36% | lr=3.000000e-06
Epoch 226/301 | train_loss=0.2103 train_acc=92.54% | val_loss=0.2941 val_acc=88.36% | lr=3.000000e-06
Epoch 227/301 | train_loss=0.2100 train_acc=92.53% | val_loss=0.2939 val_acc=88.44% | lr=3.000000e-06
Epoch 228/301 | train_loss=0.2100 train_acc=92.61% | val_loss=0.2938 val_acc=88.42% | lr=3.000000e-06
Epoch 229/301 | train_loss=0.2087 train_acc=92.66% | val_loss=0.2939 val_acc=88.46% | lr=3.000000e-06
Saved new best model to /tmp/bow_mlp_imdb_2s2xl2xr.pt
Epoch 230/301 | train_loss=0.2087 train_acc=92.80% | val_loss=0.2938 val_acc=88.44% | lr=3.000000e-06
Epoch 231/301 | train_loss=0.2084 train_acc=92.66% | val_loss=0.2938 val_acc=88.42% | lr=3.000000e-06
Epoch 232/301 | train_loss=0.2084 train_acc=92.59% | val_loss=0.2937 val_acc=88.44% | lr=3.000000e-06
Epoch 233/301 | train_loss=0.2070 train_acc=92.67% | val_loss=0.2936 val_acc=88.46% | lr=3.000000e-06
Epoch 234/301 | train_loss=0.2067 train_acc=92.66% | val_loss=0.2936 val_acc=88.42% | lr=3.000000e-06
Epoch 235/301 | train_loss=0.2067 train_acc=92.73% | val_loss=0.2936 val_acc=88.42% | lr=3.000000e-06
Epoch 236/301 | train_loss=0.2064 train_acc=92.66% | val_loss=0.2935 val_acc=88.46% | lr=3.000000e-06
Epoch 237/301 | train_loss=0.2049 train_acc=92.83% | val_loss=0.2935 val_acc=88.44% | lr=3.000000e-06
Epoch 238/301 | train_loss=0.2040 train_acc=92.88% | val_loss=0.2934 val_acc=88.44% | lr=3.000000e-06
Epoch 239/301 | train_loss=0.2036 train_acc=92.84% | val_loss=0.2934 val_acc=88.42% | lr=3.000000e-06
Epoch 240/301 | train_loss=0.2039 train_acc=92.92% | val_loss=0.2934 val_acc=88.46% | lr=3.000000e-06
Epoch 241/301 | train_loss=0.2038 train_acc=92.77% | val_loss=0.2934 val_acc=88.46% | lr=3.000000e-06
Epoch 242/301 | train_loss=0.2027 train_acc=92.92% | val_loss=0.2934 val_acc=88.44% | lr=3.000000e-06
Epoch 243/301 | train_loss=0.2021 train_acc=92.90% | val_loss=0.2934 val_acc=88.46% | lr=3.000000e-06
Epoch 244/301 | train_loss=0.2011 train_acc=92.90% | val_loss=0.2934 val_acc=88.44% | lr=3.000000e-06
Epoch 245/301 | train_loss=0.2006 train_acc=93.01% | val_loss=0.2933 val_acc=88.46% | lr=3.000000e-06
Epoch 246/301 | train_loss=0.2012 train_acc=92.92% | val_loss=0.2933 val_acc=88.46% | lr=3.000000e-06
Epoch 247/301 | train_loss=0.2002 train_acc=93.08% | val_loss=0.2934 val_acc=88.42% | lr=3.000000e-06
Epoch 248/301 | train_loss=0.2005 train_acc=92.94% | val_loss=0.2933 val_acc=88.42% | lr=3.000000e-06
Epoch 249/301 | train_loss=0.1986 train_acc=93.04% | val_loss=0.2932 val_acc=88.40% | lr=3.000000e-06
Epoch 250/301 | train_loss=0.1983 train_acc=93.05% | val_loss=0.2933 val_acc=88.38% | lr=3.000000e-06
Epoch 251/301 | train_loss=0.1987 train_acc=93.04% | val_loss=0.2933 val_acc=88.36% | lr=3.000000e-06
Epoch 252/301 | train_loss=0.1978 train_acc=93.02% | val_loss=0.2933 val_acc=88.36% | lr=3.000000e-06
Epoch 253/301 | train_loss=0.1982 train_acc=93.08% | val_loss=0.2933 val_acc=88.34% | lr=3.000000e-06
Epoch 254/301 | train_loss=0.1967 train_acc=93.08% | val_loss=0.2933 val_acc=88.36% | lr=3.000000e-06
Epoch 255/301 | train_loss=0.1968 train_acc=93.05% | val_loss=0.2933 val_acc=88.32% | lr=3.000000e-06
Epoch 256/301 | train_loss=0.1971 train_acc=93.01% | val_loss=0.2934 val_acc=88.32% | lr=3.000000e-06
Epoch 257/301 | train_loss=0.1961 train_acc=93.12% | val_loss=0.2933 val_acc=88.32% | lr=3.000000e-06
Validation loss has not improved for 8 epochs. Stopping training.
Test loss=0.3037 | Test accuracy=87.84%
