Loading IMDb dataset from local disk: /home/daniel/l/masteruppsats/np-reg/language/data/imdb_hf
Using device: cuda
BoW vocab size: 6250
W0421 06:09:58.911000 3133673 site-packages/torch/_inductor/utils.py:1679] [0/0] Not enough SMs to use max_autotune_gemm mode
Epoch 1/301 | train_loss=0.6956 train_acc=50.36% | val_loss=0.6912 val_acc=50.26% | lr=3.000000e-06
Saved new best model to /tmp/bow_mlp_imdb_653y814q.pt
Epoch 2/301 | train_loss=0.6884 train_acc=52.52% | val_loss=0.6849 val_acc=53.58% | lr=3.000000e-06
Saved new best model to /tmp/bow_mlp_imdb_653y814q.pt
Epoch 3/301 | train_loss=0.6829 train_acc=55.39% | val_loss=0.6790 val_acc=58.28% | lr=3.000000e-06
Saved new best model to /tmp/bow_mlp_imdb_653y814q.pt
Epoch 4/301 | train_loss=0.6765 train_acc=58.62% | val_loss=0.6728 val_acc=62.52% | lr=3.000000e-06
Saved new best model to /tmp/bow_mlp_imdb_653y814q.pt
Epoch 5/301 | train_loss=0.6700 train_acc=62.21% | val_loss=0.6665 val_acc=65.16% | lr=3.000000e-06
Saved new best model to /tmp/bow_mlp_imdb_653y814q.pt
Epoch 6/301 | train_loss=0.6644 train_acc=63.91% | val_loss=0.6601 val_acc=67.84% | lr=3.000000e-06
Saved new best model to /tmp/bow_mlp_imdb_653y814q.pt
Epoch 7/301 | train_loss=0.6568 train_acc=65.98% | val_loss=0.6534 val_acc=69.96% | lr=3.000000e-06
Saved new best model to /tmp/bow_mlp_imdb_653y814q.pt
Epoch 8/301 | train_loss=0.6508 train_acc=67.41% | val_loss=0.6468 val_acc=71.48% | lr=3.000000e-06
Saved new best model to /tmp/bow_mlp_imdb_653y814q.pt
Epoch 9/301 | train_loss=0.6446 train_acc=68.62% | val_loss=0.6402 val_acc=72.76% | lr=3.000000e-06
Saved new best model to /tmp/bow_mlp_imdb_653y814q.pt
Epoch 10/301 | train_loss=0.6381 train_acc=70.38% | val_loss=0.6335 val_acc=73.58% | lr=3.000000e-06
Saved new best model to /tmp/bow_mlp_imdb_653y814q.pt
Epoch 11/301 | train_loss=0.6312 train_acc=71.50% | val_loss=0.6271 val_acc=74.32% | lr=3.000000e-06
Saved new best model to /tmp/bow_mlp_imdb_653y814q.pt
Epoch 12/301 | train_loss=0.6241 train_acc=72.82% | val_loss=0.6206 val_acc=75.36% | lr=3.000000e-06
Saved new best model to /tmp/bow_mlp_imdb_653y814q.pt
Epoch 13/301 | train_loss=0.6180 train_acc=73.70% | val_loss=0.6143 val_acc=76.34% | lr=3.000000e-06
Saved new best model to /tmp/bow_mlp_imdb_653y814q.pt
Epoch 14/301 | train_loss=0.6122 train_acc=74.20% | val_loss=0.6081 val_acc=77.00% | lr=3.000000e-06
Saved new best model to /tmp/bow_mlp_imdb_653y814q.pt
Epoch 15/301 | train_loss=0.6064 train_acc=74.95% | val_loss=0.6020 val_acc=77.68% | lr=3.000000e-06
Saved new best model to /tmp/bow_mlp_imdb_653y814q.pt
Epoch 16/301 | train_loss=0.5991 train_acc=76.28% | val_loss=0.5959 val_acc=78.22% | lr=3.000000e-06
Saved new best model to /tmp/bow_mlp_imdb_653y814q.pt
Epoch 17/301 | train_loss=0.5933 train_acc=76.66% | val_loss=0.5898 val_acc=79.00% | lr=3.000000e-06
Saved new best model to /tmp/bow_mlp_imdb_653y814q.pt
Epoch 18/301 | train_loss=0.5874 train_acc=77.31% | val_loss=0.5839 val_acc=79.64% | lr=3.000000e-06
Saved new best model to /tmp/bow_mlp_imdb_653y814q.pt
Epoch 19/301 | train_loss=0.5820 train_acc=77.78% | val_loss=0.5780 val_acc=80.26% | lr=3.000000e-06
Saved new best model to /tmp/bow_mlp_imdb_653y814q.pt
Epoch 20/301 | train_loss=0.5757 train_acc=78.41% | val_loss=0.5723 val_acc=80.80% | lr=3.000000e-06
Saved new best model to /tmp/bow_mlp_imdb_653y814q.pt
Epoch 21/301 | train_loss=0.5706 train_acc=79.25% | val_loss=0.5668 val_acc=81.06% | lr=3.000000e-06
Saved new best model to /tmp/bow_mlp_imdb_653y814q.pt
Epoch 22/301 | train_loss=0.5633 train_acc=79.66% | val_loss=0.5613 val_acc=81.26% | lr=3.000000e-06
Saved new best model to /tmp/bow_mlp_imdb_653y814q.pt
Epoch 23/301 | train_loss=0.5587 train_acc=79.50% | val_loss=0.5560 val_acc=81.56% | lr=3.000000e-06
Saved new best model to /tmp/bow_mlp_imdb_653y814q.pt
Epoch 24/301 | train_loss=0.5537 train_acc=80.20% | val_loss=0.5508 val_acc=81.86% | lr=3.000000e-06
Saved new best model to /tmp/bow_mlp_imdb_653y814q.pt
Epoch 25/301 | train_loss=0.5483 train_acc=80.44% | val_loss=0.5458 val_acc=82.22% | lr=3.000000e-06
Saved new best model to /tmp/bow_mlp_imdb_653y814q.pt
Epoch 26/301 | train_loss=0.5429 train_acc=80.73% | val_loss=0.5408 val_acc=82.56% | lr=3.000000e-06
Saved new best model to /tmp/bow_mlp_imdb_653y814q.pt
Epoch 27/301 | train_loss=0.5371 train_acc=81.01% | val_loss=0.5358 val_acc=82.72% | lr=3.000000e-06
Saved new best model to /tmp/bow_mlp_imdb_653y814q.pt
Epoch 28/301 | train_loss=0.5323 train_acc=81.41% | val_loss=0.5311 val_acc=82.92% | lr=3.000000e-06
Saved new best model to /tmp/bow_mlp_imdb_653y814q.pt
Epoch 29/301 | train_loss=0.5286 train_acc=81.36% | val_loss=0.5264 val_acc=83.20% | lr=3.000000e-06
Saved new best model to /tmp/bow_mlp_imdb_653y814q.pt
Epoch 30/301 | train_loss=0.5235 train_acc=81.81% | val_loss=0.5218 val_acc=83.48% | lr=3.000000e-06
Saved new best model to /tmp/bow_mlp_imdb_653y814q.pt
Epoch 31/301 | train_loss=0.5195 train_acc=82.19% | val_loss=0.5174 val_acc=83.62% | lr=3.000000e-06
Saved new best model to /tmp/bow_mlp_imdb_653y814q.pt
Epoch 32/301 | train_loss=0.5148 train_acc=82.53% | val_loss=0.5131 val_acc=83.68% | lr=3.000000e-06
Saved new best model to /tmp/bow_mlp_imdb_653y814q.pt
Epoch 33/301 | train_loss=0.5087 train_acc=83.03% | val_loss=0.5087 val_acc=84.10% | lr=3.000000e-06
Saved new best model to /tmp/bow_mlp_imdb_653y814q.pt
Epoch 34/301 | train_loss=0.5052 train_acc=82.84% | val_loss=0.5046 val_acc=84.08% | lr=3.000000e-06
Epoch 35/301 | train_loss=0.5002 train_acc=83.18% | val_loss=0.5005 val_acc=84.24% | lr=3.000000e-06
Saved new best model to /tmp/bow_mlp_imdb_653y814q.pt
Epoch 36/301 | train_loss=0.4963 train_acc=83.19% | val_loss=0.4964 val_acc=84.34% | lr=3.000000e-06
Saved new best model to /tmp/bow_mlp_imdb_653y814q.pt
Epoch 37/301 | train_loss=0.4918 train_acc=83.36% | val_loss=0.4924 val_acc=84.42% | lr=3.000000e-06
Saved new best model to /tmp/bow_mlp_imdb_653y814q.pt
Epoch 38/301 | train_loss=0.4882 train_acc=83.43% | val_loss=0.4884 val_acc=84.46% | lr=3.000000e-06
Saved new best model to /tmp/bow_mlp_imdb_653y814q.pt
Epoch 39/301 | train_loss=0.4836 train_acc=83.77% | val_loss=0.4846 val_acc=84.50% | lr=3.000000e-06
Saved new best model to /tmp/bow_mlp_imdb_653y814q.pt
Epoch 40/301 | train_loss=0.4805 train_acc=83.93% | val_loss=0.4808 val_acc=84.64% | lr=3.000000e-06
Saved new best model to /tmp/bow_mlp_imdb_653y814q.pt
Epoch 41/301 | train_loss=0.4758 train_acc=84.06% | val_loss=0.4770 val_acc=84.78% | lr=3.000000e-06
Saved new best model to /tmp/bow_mlp_imdb_653y814q.pt
Epoch 42/301 | train_loss=0.4718 train_acc=84.39% | val_loss=0.4731 val_acc=84.88% | lr=3.000000e-06
Saved new best model to /tmp/bow_mlp_imdb_653y814q.pt
Epoch 43/301 | train_loss=0.4691 train_acc=84.20% | val_loss=0.4694 val_acc=84.94% | lr=3.000000e-06
Saved new best model to /tmp/bow_mlp_imdb_653y814q.pt
Epoch 44/301 | train_loss=0.4650 train_acc=84.20% | val_loss=0.4658 val_acc=85.04% | lr=3.000000e-06
Saved new best model to /tmp/bow_mlp_imdb_653y814q.pt
Epoch 45/301 | train_loss=0.4607 train_acc=84.57% | val_loss=0.4622 val_acc=85.14% | lr=3.000000e-06
Saved new best model to /tmp/bow_mlp_imdb_653y814q.pt
Epoch 46/301 | train_loss=0.4555 train_acc=84.76% | val_loss=0.4587 val_acc=85.26% | lr=3.000000e-06
Saved new best model to /tmp/bow_mlp_imdb_653y814q.pt
Epoch 47/301 | train_loss=0.4533 train_acc=85.02% | val_loss=0.4553 val_acc=85.42% | lr=3.000000e-06
Saved new best model to /tmp/bow_mlp_imdb_653y814q.pt
Epoch 48/301 | train_loss=0.4484 train_acc=84.95% | val_loss=0.4520 val_acc=85.40% | lr=3.000000e-06
Epoch 49/301 | train_loss=0.4464 train_acc=85.03% | val_loss=0.4488 val_acc=85.56% | lr=3.000000e-06
Saved new best model to /tmp/bow_mlp_imdb_653y814q.pt
Epoch 50/301 | train_loss=0.4439 train_acc=84.88% | val_loss=0.4459 val_acc=85.64% | lr=3.000000e-06
Saved new best model to /tmp/bow_mlp_imdb_653y814q.pt
Epoch 51/301 | train_loss=0.4409 train_acc=85.18% | val_loss=0.4427 val_acc=85.78% | lr=3.000000e-06
Saved new best model to /tmp/bow_mlp_imdb_653y814q.pt
Epoch 52/301 | train_loss=0.4361 train_acc=85.52% | val_loss=0.4397 val_acc=85.80% | lr=3.000000e-06
Saved new best model to /tmp/bow_mlp_imdb_653y814q.pt
Epoch 53/301 | train_loss=0.4334 train_acc=85.50% | val_loss=0.4369 val_acc=86.00% | lr=3.000000e-06
Saved new best model to /tmp/bow_mlp_imdb_653y814q.pt
Epoch 54/301 | train_loss=0.4309 train_acc=85.58% | val_loss=0.4340 val_acc=85.98% | lr=3.000000e-06
Epoch 55/301 | train_loss=0.4266 train_acc=85.79% | val_loss=0.4312 val_acc=86.04% | lr=3.000000e-06
Saved new best model to /tmp/bow_mlp_imdb_653y814q.pt
Epoch 56/301 | train_loss=0.4244 train_acc=85.98% | val_loss=0.4286 val_acc=86.20% | lr=3.000000e-06
Saved new best model to /tmp/bow_mlp_imdb_653y814q.pt
Epoch 57/301 | train_loss=0.4225 train_acc=85.89% | val_loss=0.4259 val_acc=86.18% | lr=3.000000e-06
Epoch 58/301 | train_loss=0.4202 train_acc=85.72% | val_loss=0.4234 val_acc=86.22% | lr=3.000000e-06
Saved new best model to /tmp/bow_mlp_imdb_653y814q.pt
Epoch 59/301 | train_loss=0.4162 train_acc=86.00% | val_loss=0.4209 val_acc=86.32% | lr=3.000000e-06
Saved new best model to /tmp/bow_mlp_imdb_653y814q.pt
Epoch 60/301 | train_loss=0.4118 train_acc=86.50% | val_loss=0.4184 val_acc=86.28% | lr=3.000000e-06
Epoch 61/301 | train_loss=0.4092 train_acc=86.40% | val_loss=0.4160 val_acc=86.30% | lr=3.000000e-06
Epoch 62/301 | train_loss=0.4085 train_acc=86.20% | val_loss=0.4137 val_acc=86.32% | lr=3.000000e-06
Epoch 63/301 | train_loss=0.4055 train_acc=85.97% | val_loss=0.4113 val_acc=86.20% | lr=3.000000e-06
Epoch 64/301 | train_loss=0.4026 train_acc=86.36% | val_loss=0.4090 val_acc=86.18% | lr=3.000000e-06
Epoch 65/301 | train_loss=0.4000 train_acc=86.34% | val_loss=0.4068 val_acc=86.10% | lr=3.000000e-06
Epoch 66/301 | train_loss=0.3984 train_acc=86.75% | val_loss=0.4049 val_acc=86.32% | lr=3.000000e-06
Epoch 67/301 | train_loss=0.3954 train_acc=86.44% | val_loss=0.4026 val_acc=86.14% | lr=3.000000e-06
Epoch 68/301 | train_loss=0.3938 train_acc=86.78% | val_loss=0.4006 val_acc=86.16% | lr=3.000000e-06
Epoch 69/301 | train_loss=0.3885 train_acc=86.98% | val_loss=0.3985 val_acc=86.38% | lr=3.000000e-06
Saved new best model to /tmp/bow_mlp_imdb_653y814q.pt
Epoch 70/301 | train_loss=0.3892 train_acc=86.73% | val_loss=0.3966 val_acc=86.26% | lr=3.000000e-06
Epoch 71/301 | train_loss=0.3869 train_acc=86.87% | val_loss=0.3946 val_acc=86.30% | lr=3.000000e-06
Epoch 72/301 | train_loss=0.3829 train_acc=87.02% | val_loss=0.3927 val_acc=86.32% | lr=3.000000e-06
Epoch 73/301 | train_loss=0.3808 train_acc=87.04% | val_loss=0.3909 val_acc=86.40% | lr=3.000000e-06
Saved new best model to /tmp/bow_mlp_imdb_653y814q.pt
Epoch 74/301 | train_loss=0.3785 train_acc=87.19% | val_loss=0.3890 val_acc=86.34% | lr=3.000000e-06
Epoch 75/301 | train_loss=0.3766 train_acc=87.28% | val_loss=0.3872 val_acc=86.38% | lr=3.000000e-06
Epoch 76/301 | train_loss=0.3760 train_acc=87.04% | val_loss=0.3854 val_acc=86.46% | lr=3.000000e-06
Saved new best model to /tmp/bow_mlp_imdb_653y814q.pt
Epoch 77/301 | train_loss=0.3726 train_acc=87.39% | val_loss=0.3837 val_acc=86.50% | lr=3.000000e-06
Saved new best model to /tmp/bow_mlp_imdb_653y814q.pt
Epoch 78/301 | train_loss=0.3714 train_acc=87.34% | val_loss=0.3821 val_acc=86.56% | lr=3.000000e-06
Saved new best model to /tmp/bow_mlp_imdb_653y814q.pt
Epoch 79/301 | train_loss=0.3687 train_acc=87.44% | val_loss=0.3805 val_acc=86.60% | lr=3.000000e-06
Saved new best model to /tmp/bow_mlp_imdb_653y814q.pt
Epoch 80/301 | train_loss=0.3679 train_acc=87.48% | val_loss=0.3789 val_acc=86.64% | lr=3.000000e-06
Saved new best model to /tmp/bow_mlp_imdb_653y814q.pt
Epoch 81/301 | train_loss=0.3654 train_acc=87.55% | val_loss=0.3773 val_acc=86.68% | lr=3.000000e-06
Saved new best model to /tmp/bow_mlp_imdb_653y814q.pt
Epoch 82/301 | train_loss=0.3631 train_acc=87.44% | val_loss=0.3757 val_acc=86.74% | lr=3.000000e-06
Saved new best model to /tmp/bow_mlp_imdb_653y814q.pt
Epoch 83/301 | train_loss=0.3621 train_acc=87.73% | val_loss=0.3743 val_acc=86.70% | lr=3.000000e-06
Epoch 84/301 | train_loss=0.3602 train_acc=87.53% | val_loss=0.3728 val_acc=86.86% | lr=3.000000e-06
Saved new best model to /tmp/bow_mlp_imdb_653y814q.pt
Epoch 85/301 | train_loss=0.3582 train_acc=87.73% | val_loss=0.3714 val_acc=86.92% | lr=3.000000e-06
Saved new best model to /tmp/bow_mlp_imdb_653y814q.pt
Epoch 86/301 | train_loss=0.3555 train_acc=87.74% | val_loss=0.3699 val_acc=87.02% | lr=3.000000e-06
Saved new best model to /tmp/bow_mlp_imdb_653y814q.pt
Epoch 87/301 | train_loss=0.3556 train_acc=87.63% | val_loss=0.3686 val_acc=86.98% | lr=3.000000e-06
Epoch 88/301 | train_loss=0.3512 train_acc=88.11% | val_loss=0.3671 val_acc=86.98% | lr=3.000000e-06
Epoch 89/301 | train_loss=0.3519 train_acc=87.82% | val_loss=0.3658 val_acc=87.04% | lr=3.000000e-06
Saved new best model to /tmp/bow_mlp_imdb_653y814q.pt
Epoch 90/301 | train_loss=0.3500 train_acc=88.05% | val_loss=0.3645 val_acc=87.06% | lr=3.000000e-06
Saved new best model to /tmp/bow_mlp_imdb_653y814q.pt
Epoch 91/301 | train_loss=0.3478 train_acc=87.99% | val_loss=0.3632 val_acc=87.06% | lr=3.000000e-06
Epoch 92/301 | train_loss=0.3475 train_acc=87.98% | val_loss=0.3620 val_acc=87.06% | lr=3.000000e-06
Epoch 93/301 | train_loss=0.3450 train_acc=88.13% | val_loss=0.3608 val_acc=87.06% | lr=3.000000e-06
Epoch 94/301 | train_loss=0.3427 train_acc=88.20% | val_loss=0.3596 val_acc=87.14% | lr=3.000000e-06
Saved new best model to /tmp/bow_mlp_imdb_653y814q.pt
Epoch 95/301 | train_loss=0.3424 train_acc=87.98% | val_loss=0.3583 val_acc=87.16% | lr=3.000000e-06
Saved new best model to /tmp/bow_mlp_imdb_653y814q.pt
Epoch 96/301 | train_loss=0.3387 train_acc=88.28% | val_loss=0.3571 val_acc=87.16% | lr=3.000000e-06
Epoch 97/301 | train_loss=0.3380 train_acc=88.35% | val_loss=0.3559 val_acc=87.12% | lr=3.000000e-06
Epoch 98/301 | train_loss=0.3364 train_acc=88.47% | val_loss=0.3548 val_acc=87.22% | lr=3.000000e-06
Saved new best model to /tmp/bow_mlp_imdb_653y814q.pt
Epoch 99/301 | train_loss=0.3352 train_acc=88.45% | val_loss=0.3537 val_acc=87.32% | lr=3.000000e-06
Saved new best model to /tmp/bow_mlp_imdb_653y814q.pt
Epoch 100/301 | train_loss=0.3338 train_acc=88.34% | val_loss=0.3526 val_acc=87.32% | lr=3.000000e-06
Epoch 101/301 | train_loss=0.3328 train_acc=88.48% | val_loss=0.3515 val_acc=87.32% | lr=3.000000e-06
Epoch 102/301 | train_loss=0.3322 train_acc=88.52% | val_loss=0.3506 val_acc=87.34% | lr=3.000000e-06
Saved new best model to /tmp/bow_mlp_imdb_653y814q.pt
Epoch 103/301 | train_loss=0.3287 train_acc=88.72% | val_loss=0.3495 val_acc=87.34% | lr=3.000000e-06
Epoch 104/301 | train_loss=0.3294 train_acc=88.70% | val_loss=0.3485 val_acc=87.36% | lr=3.000000e-06
Saved new best model to /tmp/bow_mlp_imdb_653y814q.pt
Epoch 105/301 | train_loss=0.3265 train_acc=88.80% | val_loss=0.3475 val_acc=87.34% | lr=3.000000e-06
Epoch 106/301 | train_loss=0.3251 train_acc=88.81% | val_loss=0.3465 val_acc=87.32% | lr=3.000000e-06
Epoch 107/301 | train_loss=0.3239 train_acc=88.48% | val_loss=0.3455 val_acc=87.44% | lr=3.000000e-06
Saved new best model to /tmp/bow_mlp_imdb_653y814q.pt
Epoch 108/301 | train_loss=0.3233 train_acc=88.88% | val_loss=0.3446 val_acc=87.40% | lr=3.000000e-06
Epoch 109/301 | train_loss=0.3208 train_acc=88.84% | val_loss=0.3437 val_acc=87.46% | lr=3.000000e-06
Saved new best model to /tmp/bow_mlp_imdb_653y814q.pt
Epoch 110/301 | train_loss=0.3209 train_acc=88.72% | val_loss=0.3427 val_acc=87.46% | lr=3.000000e-06
Epoch 111/301 | train_loss=0.3196 train_acc=88.84% | val_loss=0.3418 val_acc=87.48% | lr=3.000000e-06
Saved new best model to /tmp/bow_mlp_imdb_653y814q.pt
Epoch 112/301 | train_loss=0.3190 train_acc=88.97% | val_loss=0.3410 val_acc=87.44% | lr=3.000000e-06
Epoch 113/301 | train_loss=0.3164 train_acc=89.01% | val_loss=0.3402 val_acc=87.48% | lr=3.000000e-06
Epoch 114/301 | train_loss=0.3153 train_acc=89.14% | val_loss=0.3393 val_acc=87.48% | lr=3.000000e-06
Epoch 115/301 | train_loss=0.3142 train_acc=89.05% | val_loss=0.3384 val_acc=87.48% | lr=3.000000e-06
Epoch 116/301 | train_loss=0.3122 train_acc=88.93% | val_loss=0.3376 val_acc=87.54% | lr=3.000000e-06
Saved new best model to /tmp/bow_mlp_imdb_653y814q.pt
Epoch 117/301 | train_loss=0.3119 train_acc=89.03% | val_loss=0.3368 val_acc=87.52% | lr=3.000000e-06
Epoch 118/301 | train_loss=0.3114 train_acc=89.20% | val_loss=0.3361 val_acc=87.60% | lr=3.000000e-06
Saved new best model to /tmp/bow_mlp_imdb_653y814q.pt
Epoch 119/301 | train_loss=0.3097 train_acc=89.14% | val_loss=0.3353 val_acc=87.62% | lr=3.000000e-06
Saved new best model to /tmp/bow_mlp_imdb_653y814q.pt
Epoch 120/301 | train_loss=0.3094 train_acc=89.34% | val_loss=0.3345 val_acc=87.60% | lr=3.000000e-06
Epoch 121/301 | train_loss=0.3078 train_acc=89.33% | val_loss=0.3337 val_acc=87.62% | lr=3.000000e-06
Epoch 122/301 | train_loss=0.3063 train_acc=89.11% | val_loss=0.3331 val_acc=87.62% | lr=3.000000e-06
Epoch 123/301 | train_loss=0.3050 train_acc=89.28% | val_loss=0.3323 val_acc=87.62% | lr=3.000000e-06
Epoch 124/301 | train_loss=0.3026 train_acc=89.49% | val_loss=0.3316 val_acc=87.62% | lr=3.000000e-06
Epoch 125/301 | train_loss=0.3012 train_acc=89.54% | val_loss=0.3309 val_acc=87.66% | lr=3.000000e-06
Saved new best model to /tmp/bow_mlp_imdb_653y814q.pt
Epoch 126/301 | train_loss=0.3004 train_acc=89.53% | val_loss=0.3301 val_acc=87.58% | lr=3.000000e-06
Epoch 127/301 | train_loss=0.3004 train_acc=89.49% | val_loss=0.3294 val_acc=87.58% | lr=3.000000e-06
Epoch 128/301 | train_loss=0.3010 train_acc=89.46% | val_loss=0.3288 val_acc=87.66% | lr=3.000000e-06
Epoch 129/301 | train_loss=0.2989 train_acc=89.57% | val_loss=0.3281 val_acc=87.76% | lr=3.000000e-06
Saved new best model to /tmp/bow_mlp_imdb_653y814q.pt
Epoch 130/301 | train_loss=0.2977 train_acc=89.54% | val_loss=0.3275 val_acc=87.72% | lr=3.000000e-06
Epoch 131/301 | train_loss=0.2969 train_acc=89.61% | val_loss=0.3269 val_acc=87.82% | lr=3.000000e-06
Saved new best model to /tmp/bow_mlp_imdb_653y814q.pt
Epoch 132/301 | train_loss=0.2963 train_acc=89.48% | val_loss=0.3264 val_acc=87.84% | lr=3.000000e-06
Saved new best model to /tmp/bow_mlp_imdb_653y814q.pt
Epoch 133/301 | train_loss=0.2943 train_acc=89.70% | val_loss=0.3257 val_acc=87.88% | lr=3.000000e-06
Saved new best model to /tmp/bow_mlp_imdb_653y814q.pt
Epoch 134/301 | train_loss=0.2931 train_acc=89.75% | val_loss=0.3251 val_acc=87.92% | lr=3.000000e-06
Saved new best model to /tmp/bow_mlp_imdb_653y814q.pt
Epoch 135/301 | train_loss=0.2918 train_acc=89.81% | val_loss=0.3245 val_acc=87.94% | lr=3.000000e-06
Saved new best model to /tmp/bow_mlp_imdb_653y814q.pt
Epoch 136/301 | train_loss=0.2915 train_acc=89.74% | val_loss=0.3239 val_acc=87.98% | lr=3.000000e-06
Saved new best model to /tmp/bow_mlp_imdb_653y814q.pt
Epoch 137/301 | train_loss=0.2921 train_acc=89.91% | val_loss=0.3234 val_acc=87.90% | lr=3.000000e-06
Epoch 138/301 | train_loss=0.2907 train_acc=89.75% | val_loss=0.3228 val_acc=87.96% | lr=3.000000e-06
Epoch 139/301 | train_loss=0.2890 train_acc=90.00% | val_loss=0.3223 val_acc=88.02% | lr=3.000000e-06
Saved new best model to /tmp/bow_mlp_imdb_653y814q.pt
Epoch 140/301 | train_loss=0.2873 train_acc=89.94% | val_loss=0.3217 val_acc=87.94% | lr=3.000000e-06
Epoch 141/301 | train_loss=0.2872 train_acc=90.11% | val_loss=0.3212 val_acc=87.94% | lr=3.000000e-06
Epoch 142/301 | train_loss=0.2867 train_acc=89.89% | val_loss=0.3207 val_acc=88.06% | lr=3.000000e-06
Saved new best model to /tmp/bow_mlp_imdb_653y814q.pt
Epoch 143/301 | train_loss=0.2832 train_acc=90.02% | val_loss=0.3200 val_acc=87.90% | lr=3.000000e-06
Epoch 144/301 | train_loss=0.2845 train_acc=90.05% | val_loss=0.3196 val_acc=88.06% | lr=3.000000e-06
Epoch 145/301 | train_loss=0.2827 train_acc=90.02% | val_loss=0.3190 val_acc=88.02% | lr=3.000000e-06
Epoch 146/301 | train_loss=0.2827 train_acc=90.03% | val_loss=0.3185 val_acc=88.00% | lr=3.000000e-06
Epoch 147/301 | train_loss=0.2832 train_acc=90.03% | val_loss=0.3181 val_acc=88.04% | lr=3.000000e-06
Epoch 148/301 | train_loss=0.2798 train_acc=89.98% | val_loss=0.3176 val_acc=88.08% | lr=3.000000e-06
Saved new best model to /tmp/bow_mlp_imdb_653y814q.pt
Epoch 149/301 | train_loss=0.2769 train_acc=90.52% | val_loss=0.3170 val_acc=88.12% | lr=3.000000e-06
Saved new best model to /tmp/bow_mlp_imdb_653y814q.pt
Epoch 150/301 | train_loss=0.2779 train_acc=90.50% | val_loss=0.3166 val_acc=88.10% | lr=3.000000e-06
Epoch 151/301 | train_loss=0.2773 train_acc=90.36% | val_loss=0.3161 val_acc=88.12% | lr=3.000000e-06
Epoch 152/301 | train_loss=0.2759 train_acc=90.41% | val_loss=0.3156 val_acc=88.14% | lr=3.000000e-06
Saved new best model to /tmp/bow_mlp_imdb_653y814q.pt
Epoch 153/301 | train_loss=0.2754 train_acc=90.40% | val_loss=0.3152 val_acc=88.12% | lr=3.000000e-06
Epoch 154/301 | train_loss=0.2743 train_acc=90.34% | val_loss=0.3148 val_acc=88.14% | lr=3.000000e-06
Epoch 155/301 | train_loss=0.2742 train_acc=90.31% | val_loss=0.3145 val_acc=88.14% | lr=3.000000e-06
Epoch 156/301 | train_loss=0.2726 train_acc=90.45% | val_loss=0.3139 val_acc=88.12% | lr=3.000000e-06
Epoch 157/301 | train_loss=0.2721 train_acc=90.53% | val_loss=0.3134 val_acc=88.16% | lr=3.000000e-06
Saved new best model to /tmp/bow_mlp_imdb_653y814q.pt
Epoch 158/301 | train_loss=0.2725 train_acc=90.52% | val_loss=0.3130 val_acc=88.18% | lr=3.000000e-06
Saved new best model to /tmp/bow_mlp_imdb_653y814q.pt
Epoch 159/301 | train_loss=0.2708 train_acc=90.31% | val_loss=0.3127 val_acc=88.12% | lr=3.000000e-06
Epoch 160/301 | train_loss=0.2700 train_acc=90.56% | val_loss=0.3123 val_acc=88.18% | lr=3.000000e-06
Epoch 161/301 | train_loss=0.2714 train_acc=90.42% | val_loss=0.3119 val_acc=88.20% | lr=3.000000e-06
Saved new best model to /tmp/bow_mlp_imdb_653y814q.pt
Epoch 162/301 | train_loss=0.2686 train_acc=90.40% | val_loss=0.3115 val_acc=88.18% | lr=3.000000e-06
Epoch 163/301 | train_loss=0.2680 train_acc=90.58% | val_loss=0.3112 val_acc=88.16% | lr=3.000000e-06
Epoch 164/301 | train_loss=0.2680 train_acc=90.55% | val_loss=0.3108 val_acc=88.18% | lr=3.000000e-06
Epoch 165/301 | train_loss=0.2663 train_acc=90.56% | val_loss=0.3104 val_acc=88.18% | lr=3.000000e-06
Epoch 166/301 | train_loss=0.2642 train_acc=90.75% | val_loss=0.3101 val_acc=88.20% | lr=3.000000e-06
Epoch 167/301 | train_loss=0.2643 train_acc=90.70% | val_loss=0.3097 val_acc=88.20% | lr=3.000000e-06
Epoch 168/301 | train_loss=0.2640 train_acc=90.84% | val_loss=0.3093 val_acc=88.20% | lr=3.000000e-06
Epoch 169/301 | train_loss=0.2616 train_acc=90.69% | val_loss=0.3090 val_acc=88.22% | lr=3.000000e-06
Saved new best model to /tmp/bow_mlp_imdb_653y814q.pt
Epoch 170/301 | train_loss=0.2636 train_acc=90.76% | val_loss=0.3086 val_acc=88.26% | lr=3.000000e-06
Saved new best model to /tmp/bow_mlp_imdb_653y814q.pt
Epoch 171/301 | train_loss=0.2622 train_acc=90.80% | val_loss=0.3083 val_acc=88.26% | lr=3.000000e-06
Epoch 172/301 | train_loss=0.2610 train_acc=90.80% | val_loss=0.3080 val_acc=88.26% | lr=3.000000e-06
Epoch 173/301 | train_loss=0.2603 train_acc=90.81% | val_loss=0.3077 val_acc=88.26% | lr=3.000000e-06
Epoch 174/301 | train_loss=0.2586 train_acc=90.97% | val_loss=0.3073 val_acc=88.24% | lr=3.000000e-06
Epoch 175/301 | train_loss=0.2587 train_acc=90.66% | val_loss=0.3070 val_acc=88.26% | lr=3.000000e-06
Epoch 176/301 | train_loss=0.2578 train_acc=90.91% | val_loss=0.3067 val_acc=88.30% | lr=3.000000e-06
Saved new best model to /tmp/bow_mlp_imdb_653y814q.pt
Epoch 177/301 | train_loss=0.2557 train_acc=90.98% | val_loss=0.3063 val_acc=88.28% | lr=3.000000e-06
Epoch 178/301 | train_loss=0.2560 train_acc=90.88% | val_loss=0.3060 val_acc=88.28% | lr=3.000000e-06
Epoch 179/301 | train_loss=0.2551 train_acc=90.98% | val_loss=0.3057 val_acc=88.32% | lr=3.000000e-06
Saved new best model to /tmp/bow_mlp_imdb_653y814q.pt
Epoch 180/301 | train_loss=0.2549 train_acc=91.03% | val_loss=0.3055 val_acc=88.34% | lr=3.000000e-06
Saved new best model to /tmp/bow_mlp_imdb_653y814q.pt
Epoch 181/301 | train_loss=0.2556 train_acc=90.92% | val_loss=0.3052 val_acc=88.34% | lr=3.000000e-06
Epoch 182/301 | train_loss=0.2538 train_acc=91.12% | val_loss=0.3049 val_acc=88.34% | lr=3.000000e-06
Epoch 183/301 | train_loss=0.2531 train_acc=91.09% | val_loss=0.3046 val_acc=88.32% | lr=3.000000e-06
Epoch 184/301 | train_loss=0.2527 train_acc=91.02% | val_loss=0.3044 val_acc=88.34% | lr=3.000000e-06
Epoch 185/301 | train_loss=0.2521 train_acc=91.09% | val_loss=0.3041 val_acc=88.36% | lr=3.000000e-06
Saved new best model to /tmp/bow_mlp_imdb_653y814q.pt
Epoch 186/301 | train_loss=0.2503 train_acc=91.20% | val_loss=0.3038 val_acc=88.38% | lr=3.000000e-06
Saved new best model to /tmp/bow_mlp_imdb_653y814q.pt
Epoch 187/301 | train_loss=0.2503 train_acc=91.09% | val_loss=0.3035 val_acc=88.40% | lr=3.000000e-06
Saved new best model to /tmp/bow_mlp_imdb_653y814q.pt
Epoch 188/301 | train_loss=0.2498 train_acc=91.17% | val_loss=0.3033 val_acc=88.36% | lr=3.000000e-06
Epoch 189/301 | train_loss=0.2498 train_acc=91.25% | val_loss=0.3031 val_acc=88.40% | lr=3.000000e-06
Epoch 190/301 | train_loss=0.2481 train_acc=91.24% | val_loss=0.3028 val_acc=88.42% | lr=3.000000e-06
Saved new best model to /tmp/bow_mlp_imdb_653y814q.pt
Epoch 191/301 | train_loss=0.2475 train_acc=91.17% | val_loss=0.3025 val_acc=88.38% | lr=3.000000e-06
Epoch 192/301 | train_loss=0.2466 train_acc=91.34% | val_loss=0.3023 val_acc=88.32% | lr=3.000000e-06
Epoch 193/301 | train_loss=0.2462 train_acc=91.27% | val_loss=0.3020 val_acc=88.48% | lr=3.000000e-06
Saved new best model to /tmp/bow_mlp_imdb_653y814q.pt
Epoch 194/301 | train_loss=0.2463 train_acc=91.20% | val_loss=0.3018 val_acc=88.42% | lr=3.000000e-06
Epoch 195/301 | train_loss=0.2451 train_acc=91.27% | val_loss=0.3016 val_acc=88.44% | lr=3.000000e-06
Epoch 196/301 | train_loss=0.2438 train_acc=91.31% | val_loss=0.3014 val_acc=88.34% | lr=3.000000e-06
Epoch 197/301 | train_loss=0.2429 train_acc=91.32% | val_loss=0.3012 val_acc=88.36% | lr=3.000000e-06
Epoch 198/301 | train_loss=0.2430 train_acc=91.29% | val_loss=0.3010 val_acc=88.36% | lr=3.000000e-06
Epoch 199/301 | train_loss=0.2423 train_acc=91.31% | val_loss=0.3007 val_acc=88.36% | lr=3.000000e-06
Epoch 200/301 | train_loss=0.2439 train_acc=91.23% | val_loss=0.3006 val_acc=88.36% | lr=3.000000e-06
Epoch 201/301 | train_loss=0.2407 train_acc=91.51% | val_loss=0.3004 val_acc=88.36% | lr=3.000000e-06
Epoch 202/301 | train_loss=0.2394 train_acc=91.51% | val_loss=0.3001 val_acc=88.38% | lr=3.000000e-06
Epoch 203/301 | train_loss=0.2397 train_acc=91.45% | val_loss=0.2999 val_acc=88.32% | lr=3.000000e-06
Epoch 204/301 | train_loss=0.2392 train_acc=91.66% | val_loss=0.2998 val_acc=88.40% | lr=3.000000e-06
Epoch 205/301 | train_loss=0.2400 train_acc=91.57% | val_loss=0.2996 val_acc=88.36% | lr=3.000000e-06
Epoch 206/301 | train_loss=0.2390 train_acc=91.50% | val_loss=0.2994 val_acc=88.38% | lr=3.000000e-06
Epoch 207/301 | train_loss=0.2387 train_acc=91.37% | val_loss=0.2992 val_acc=88.36% | lr=3.000000e-06
Epoch 208/301 | train_loss=0.2356 train_acc=91.67% | val_loss=0.2990 val_acc=88.38% | lr=3.000000e-06
Epoch 209/301 | train_loss=0.2370 train_acc=91.57% | val_loss=0.2989 val_acc=88.40% | lr=3.000000e-06
Epoch 210/301 | train_loss=0.2343 train_acc=91.70% | val_loss=0.2987 val_acc=88.44% | lr=3.000000e-06
Epoch 211/301 | train_loss=0.2338 train_acc=91.77% | val_loss=0.2985 val_acc=88.40% | lr=3.000000e-06
Epoch 212/301 | train_loss=0.2358 train_acc=91.53% | val_loss=0.2984 val_acc=88.30% | lr=3.000000e-06
Epoch 213/301 | train_loss=0.2340 train_acc=91.70% | val_loss=0.2982 val_acc=88.50% | lr=3.000000e-06
Saved new best model to /tmp/bow_mlp_imdb_653y814q.pt
Epoch 214/301 | train_loss=0.2329 train_acc=91.70% | val_loss=0.2981 val_acc=88.42% | lr=3.000000e-06
Epoch 215/301 | train_loss=0.2325 train_acc=91.67% | val_loss=0.2981 val_acc=88.22% | lr=3.000000e-06
Epoch 216/301 | train_loss=0.2306 train_acc=91.80% | val_loss=0.2977 val_acc=88.46% | lr=3.000000e-06
Epoch 217/301 | train_loss=0.2315 train_acc=91.89% | val_loss=0.2976 val_acc=88.32% | lr=3.000000e-06
Epoch 218/301 | train_loss=0.2302 train_acc=91.78% | val_loss=0.2974 val_acc=88.46% | lr=3.000000e-06
Epoch 219/301 | train_loss=0.2297 train_acc=91.86% | val_loss=0.2973 val_acc=88.42% | lr=3.000000e-06
Epoch 220/301 | train_loss=0.2276 train_acc=91.92% | val_loss=0.2972 val_acc=88.40% | lr=3.000000e-06
Epoch 221/301 | train_loss=0.2299 train_acc=91.87% | val_loss=0.2971 val_acc=88.28% | lr=3.000000e-06
Epoch 222/301 | train_loss=0.2281 train_acc=91.85% | val_loss=0.2969 val_acc=88.40% | lr=3.000000e-06
Epoch 223/301 | train_loss=0.2287 train_acc=91.83% | val_loss=0.2968 val_acc=88.40% | lr=3.000000e-06
Epoch 224/301 | train_loss=0.2299 train_acc=91.79% | val_loss=0.2967 val_acc=88.40% | lr=3.000000e-06
Epoch 225/301 | train_loss=0.2264 train_acc=91.92% | val_loss=0.2966 val_acc=88.32% | lr=3.000000e-06
Epoch 226/301 | train_loss=0.2255 train_acc=91.88% | val_loss=0.2965 val_acc=88.24% | lr=3.000000e-06
Epoch 227/301 | train_loss=0.2254 train_acc=91.93% | val_loss=0.2963 val_acc=88.40% | lr=3.000000e-06
Epoch 228/301 | train_loss=0.2261 train_acc=92.02% | val_loss=0.2961 val_acc=88.36% | lr=3.000000e-06
Epoch 229/301 | train_loss=0.2247 train_acc=92.03% | val_loss=0.2961 val_acc=88.36% | lr=3.000000e-06
Epoch 230/301 | train_loss=0.2245 train_acc=91.95% | val_loss=0.2960 val_acc=88.36% | lr=3.000000e-06
Epoch 231/301 | train_loss=0.2241 train_acc=92.18% | val_loss=0.2960 val_acc=88.34% | lr=3.000000e-06
Epoch 232/301 | train_loss=0.2253 train_acc=92.14% | val_loss=0.2958 val_acc=88.42% | lr=3.000000e-06
Epoch 233/301 | train_loss=0.2228 train_acc=92.11% | val_loss=0.2957 val_acc=88.38% | lr=3.000000e-06
Epoch 234/301 | train_loss=0.2226 train_acc=92.12% | val_loss=0.2956 val_acc=88.40% | lr=3.000000e-06
Epoch 235/301 | train_loss=0.2237 train_acc=92.27% | val_loss=0.2956 val_acc=88.32% | lr=3.000000e-06
Epoch 236/301 | train_loss=0.2222 train_acc=92.11% | val_loss=0.2954 val_acc=88.36% | lr=3.000000e-06
Epoch 237/301 | train_loss=0.2209 train_acc=92.20% | val_loss=0.2953 val_acc=88.36% | lr=3.000000e-06
Epoch 238/301 | train_loss=0.2202 train_acc=92.01% | val_loss=0.2952 val_acc=88.36% | lr=3.000000e-06
Epoch 239/301 | train_loss=0.2193 train_acc=92.33% | val_loss=0.2951 val_acc=88.34% | lr=3.000000e-06
Epoch 240/301 | train_loss=0.2169 train_acc=92.28% | val_loss=0.2951 val_acc=88.26% | lr=3.000000e-06
Epoch 241/301 | train_loss=0.2179 train_acc=92.27% | val_loss=0.2950 val_acc=88.28% | lr=3.000000e-06
Epoch 242/301 | train_loss=0.2189 train_acc=92.27% | val_loss=0.2949 val_acc=88.32% | lr=3.000000e-06
Epoch 243/301 | train_loss=0.2174 train_acc=92.29% | val_loss=0.2948 val_acc=88.34% | lr=3.000000e-06
Epoch 244/301 | train_loss=0.2176 train_acc=92.27% | val_loss=0.2948 val_acc=88.30% | lr=3.000000e-06
Epoch 245/301 | train_loss=0.2160 train_acc=92.36% | val_loss=0.2946 val_acc=88.38% | lr=3.000000e-06
Epoch 246/301 | train_loss=0.2164 train_acc=92.34% | val_loss=0.2946 val_acc=88.34% | lr=3.000000e-06
Epoch 247/301 | train_loss=0.2164 train_acc=92.44% | val_loss=0.2947 val_acc=88.34% | lr=3.000000e-06
Epoch 248/301 | train_loss=0.2155 train_acc=92.44% | val_loss=0.2945 val_acc=88.32% | lr=3.000000e-06
Epoch 249/301 | train_loss=0.2128 train_acc=92.54% | val_loss=0.2944 val_acc=88.36% | lr=3.000000e-06
Epoch 250/301 | train_loss=0.2146 train_acc=92.40% | val_loss=0.2944 val_acc=88.34% | lr=3.000000e-06
Epoch 251/301 | train_loss=0.2140 train_acc=92.31% | val_loss=0.2943 val_acc=88.32% | lr=3.000000e-06
Epoch 252/301 | train_loss=0.2124 train_acc=92.45% | val_loss=0.2942 val_acc=88.32% | lr=3.000000e-06
Epoch 253/301 | train_loss=0.2120 train_acc=92.49% | val_loss=0.2942 val_acc=88.38% | lr=3.000000e-06
Epoch 254/301 | train_loss=0.2126 train_acc=92.48% | val_loss=0.2942 val_acc=88.40% | lr=3.000000e-06
Epoch 255/301 | train_loss=0.2126 train_acc=92.53% | val_loss=0.2942 val_acc=88.36% | lr=3.000000e-06
Epoch 256/301 | train_loss=0.2103 train_acc=92.58% | val_loss=0.2940 val_acc=88.42% | lr=3.000000e-06
Epoch 257/301 | train_loss=0.2107 train_acc=92.53% | val_loss=0.2940 val_acc=88.44% | lr=3.000000e-06
Epoch 258/301 | train_loss=0.2105 train_acc=92.53% | val_loss=0.2940 val_acc=88.42% | lr=3.000000e-06
Epoch 259/301 | train_loss=0.2109 train_acc=92.53% | val_loss=0.2939 val_acc=88.40% | lr=3.000000e-06
Epoch 260/301 | train_loss=0.2094 train_acc=92.59% | val_loss=0.2939 val_acc=88.38% | lr=3.000000e-06
Epoch 261/301 | train_loss=0.2081 train_acc=92.56% | val_loss=0.2939 val_acc=88.42% | lr=3.000000e-06
Epoch 262/301 | train_loss=0.2084 train_acc=92.69% | val_loss=0.2939 val_acc=88.38% | lr=3.000000e-06
Epoch 263/301 | train_loss=0.2083 train_acc=92.55% | val_loss=0.2938 val_acc=88.42% | lr=3.000000e-06
Epoch 264/301 | train_loss=0.2073 train_acc=92.64% | val_loss=0.2937 val_acc=88.38% | lr=3.000000e-06
Epoch 265/301 | train_loss=0.2074 train_acc=92.65% | val_loss=0.2938 val_acc=88.42% | lr=3.000000e-06
Epoch 266/301 | train_loss=0.2063 train_acc=92.64% | val_loss=0.2937 val_acc=88.38% | lr=3.000000e-06
Epoch 267/301 | train_loss=0.2069 train_acc=92.79% | val_loss=0.2936 val_acc=88.36% | lr=3.000000e-06
Epoch 268/301 | train_loss=0.2049 train_acc=92.77% | val_loss=0.2937 val_acc=88.40% | lr=3.000000e-06
Epoch 269/301 | train_loss=0.2050 train_acc=92.72% | val_loss=0.2936 val_acc=88.38% | lr=3.000000e-06
Epoch 270/301 | train_loss=0.2044 train_acc=92.67% | val_loss=0.2936 val_acc=88.36% | lr=3.000000e-06
Epoch 271/301 | train_loss=0.2025 train_acc=92.91% | val_loss=0.2936 val_acc=88.38% | lr=3.000000e-06
Epoch 272/301 | train_loss=0.2057 train_acc=92.73% | val_loss=0.2937 val_acc=88.46% | lr=3.000000e-06
Epoch 273/301 | train_loss=0.2033 train_acc=92.92% | val_loss=0.2936 val_acc=88.40% | lr=3.000000e-06
Epoch 274/301 | train_loss=0.2025 train_acc=92.88% | val_loss=0.2937 val_acc=88.40% | lr=3.000000e-06
Epoch 275/301 | train_loss=0.2028 train_acc=92.88% | val_loss=0.2937 val_acc=88.36% | lr=3.000000e-06
Epoch 276/301 | train_loss=0.2013 train_acc=92.99% | val_loss=0.2937 val_acc=88.38% | lr=3.000000e-06
Epoch 277/301 | train_loss=0.2011 train_acc=92.88% | val_loss=0.2936 val_acc=88.42% | lr=3.000000e-06
Epoch 278/301 | train_loss=0.2018 train_acc=92.72% | val_loss=0.2936 val_acc=88.40% | lr=3.000000e-06
Epoch 279/301 | train_loss=0.2017 train_acc=92.77% | val_loss=0.2936 val_acc=88.40% | lr=3.000000e-06
Epoch 280/301 | train_loss=0.2007 train_acc=92.88% | val_loss=0.2936 val_acc=88.36% | lr=3.000000e-06
Epoch 281/301 | train_loss=0.2007 train_acc=92.81% | val_loss=0.2936 val_acc=88.34% | lr=3.000000e-06
Epoch 282/301 | train_loss=0.1998 train_acc=93.09% | val_loss=0.2937 val_acc=88.34% | lr=3.000000e-06
Epoch 283/301 | train_loss=0.1980 train_acc=93.12% | val_loss=0.2936 val_acc=88.38% | lr=3.000000e-06
Epoch 284/301 | train_loss=0.1982 train_acc=92.99% | val_loss=0.2936 val_acc=88.38% | lr=3.000000e-06
Epoch 285/301 | train_loss=0.1991 train_acc=93.01% | val_loss=0.2937 val_acc=88.32% | lr=3.000000e-06
Epoch 286/301 | train_loss=0.1979 train_acc=93.03% | val_loss=0.2936 val_acc=88.30% | lr=3.000000e-06
Epoch 287/301 | train_loss=0.1978 train_acc=93.06% | val_loss=0.2936 val_acc=88.34% | lr=3.000000e-06
Validation loss has not improved for 8 epochs. Stopping training.
Test loss=0.3056 | Test accuracy=87.87%
