Loading IMDb dataset from local disk: /home/daniel/l/masteruppsats/np-reg/language/data/imdb_hf
Using device: cuda
BoW vocab size: 6250
Epoch 1/301 | train_loss=0.6460 train_acc=63.41% | val_loss=0.5740 val_acc=74.02% | lr=1.000000e-05
Saved new best model to /tmp/bow_mlp_imdb_4je0rfav.pt
Epoch 2/301 | train_loss=0.5279 train_acc=78.07% | val_loss=0.4928 val_acc=80.58% | lr=1.000000e-05
Saved new best model to /tmp/bow_mlp_imdb_4je0rfav.pt
Epoch 3/301 | train_loss=0.4557 train_acc=83.25% | val_loss=0.4428 val_acc=83.24% | lr=1.000000e-05
Saved new best model to /tmp/bow_mlp_imdb_4je0rfav.pt
Epoch 4/301 | train_loss=0.4043 train_acc=86.02% | val_loss=0.4069 val_acc=84.44% | lr=1.000000e-05
Saved new best model to /tmp/bow_mlp_imdb_4je0rfav.pt
Epoch 5/301 | train_loss=0.3639 train_acc=87.63% | val_loss=0.3803 val_acc=85.32% | lr=1.000000e-05
Saved new best model to /tmp/bow_mlp_imdb_4je0rfav.pt
Epoch 6/301 | train_loss=0.3307 train_acc=88.94% | val_loss=0.3596 val_acc=86.00% | lr=1.000000e-05
Saved new best model to /tmp/bow_mlp_imdb_4je0rfav.pt
Epoch 7/301 | train_loss=0.3025 train_acc=90.20% | val_loss=0.3448 val_acc=86.76% | lr=1.000000e-05
Saved new best model to /tmp/bow_mlp_imdb_4je0rfav.pt
Epoch 8/301 | train_loss=0.2777 train_acc=91.13% | val_loss=0.3307 val_acc=86.82% | lr=1.000000e-05
Saved new best model to /tmp/bow_mlp_imdb_4je0rfav.pt
Epoch 9/301 | train_loss=0.2556 train_acc=92.04% | val_loss=0.3205 val_acc=87.44% | lr=1.000000e-05
Saved new best model to /tmp/bow_mlp_imdb_4je0rfav.pt
Epoch 10/301 | train_loss=0.2358 train_acc=92.80% | val_loss=0.3124 val_acc=87.66% | lr=1.000000e-05
Saved new best model to /tmp/bow_mlp_imdb_4je0rfav.pt
Epoch 11/301 | train_loss=0.2175 train_acc=93.42% | val_loss=0.3054 val_acc=87.80% | lr=1.000000e-05
Saved new best model to /tmp/bow_mlp_imdb_4je0rfav.pt
Epoch 12/301 | train_loss=0.2008 train_acc=94.06% | val_loss=0.3001 val_acc=87.98% | lr=1.000000e-05
Saved new best model to /tmp/bow_mlp_imdb_4je0rfav.pt
Epoch 13/301 | train_loss=0.1852 train_acc=94.65% | val_loss=0.2964 val_acc=87.94% | lr=1.000000e-05
Epoch 14/301 | train_loss=0.1707 train_acc=95.23% | val_loss=0.2932 val_acc=88.06% | lr=1.000000e-05
Saved new best model to /tmp/bow_mlp_imdb_4je0rfav.pt
Epoch 15/301 | train_loss=0.1571 train_acc=95.75% | val_loss=0.2913 val_acc=88.18% | lr=1.000000e-05
Saved new best model to /tmp/bow_mlp_imdb_4je0rfav.pt
Epoch 16/301 | train_loss=0.1448 train_acc=96.29% | val_loss=0.2915 val_acc=88.16% | lr=1.000000e-05
Epoch 17/301 | train_loss=0.1330 train_acc=96.70% | val_loss=0.2898 val_acc=88.06% | lr=1.000000e-05
Epoch 18/301 | train_loss=0.1220 train_acc=97.17% | val_loss=0.2895 val_acc=88.02% | lr=1.000000e-05
Epoch 19/301 | train_loss=0.1117 train_acc=97.52% | val_loss=0.2904 val_acc=87.90% | lr=1.000000e-05
Epoch 20/301 | train_loss=0.1021 train_acc=97.80% | val_loss=0.2918 val_acc=87.88% | lr=1.000000e-05
Epoch 21/301 | train_loss=0.0932 train_acc=98.08% | val_loss=0.2934 val_acc=87.92% | lr=1.000000e-05
Epoch 22/301 | train_loss=0.0849 train_acc=98.31% | val_loss=0.2952 val_acc=87.74% | lr=1.000000e-05
Epoch 23/301 | train_loss=0.0774 train_acc=98.54% | val_loss=0.2989 val_acc=87.66% | lr=1.000000e-05
Epoch 24/301 | train_loss=0.0702 train_acc=98.81% | val_loss=0.3016 val_acc=87.68% | lr=1.000000e-05
Epoch 25/301 | train_loss=0.0636 train_acc=99.01% | val_loss=0.3057 val_acc=87.46% | lr=1.000000e-05
Epoch 26/301 | train_loss=0.0576 train_acc=99.15% | val_loss=0.3092 val_acc=87.52% | lr=1.000000e-05
Validation loss has not improved for 8 epochs. Stopping training.
Test loss=0.2988 | Test accuracy=87.44%
