Loading IMDb dataset from local disk: /home/daniel/l/masteruppsats/np-reg/language/data/imdb_hf
Using device: cuda
BoW vocab size: 6250
W0421 06:29:09.298000 3204405 site-packages/torch/_inductor/utils.py:1679] [0/0] Not enough SMs to use max_autotune_gemm mode
Epoch 1/301 | train_loss=0.6953 train_acc=50.62% | val_loss=0.6893 val_acc=50.82% | lr=3.000000e-06
Saved new best model to /tmp/bow_mlp_imdb_hc8nc2p9.pt
Epoch 2/301 | train_loss=0.6871 train_acc=53.18% | val_loss=0.6820 val_acc=56.00% | lr=3.000000e-06
Saved new best model to /tmp/bow_mlp_imdb_hc8nc2p9.pt
Epoch 3/301 | train_loss=0.6800 train_acc=56.89% | val_loss=0.6748 val_acc=61.22% | lr=3.000000e-06
Saved new best model to /tmp/bow_mlp_imdb_hc8nc2p9.pt
Epoch 4/301 | train_loss=0.6734 train_acc=59.40% | val_loss=0.6674 val_acc=64.54% | lr=3.000000e-06
Saved new best model to /tmp/bow_mlp_imdb_hc8nc2p9.pt
Epoch 5/301 | train_loss=0.6659 train_acc=62.07% | val_loss=0.6597 val_acc=67.52% | lr=3.000000e-06
Saved new best model to /tmp/bow_mlp_imdb_hc8nc2p9.pt
Epoch 6/301 | train_loss=0.6581 train_acc=64.14% | val_loss=0.6518 val_acc=69.96% | lr=3.000000e-06
Saved new best model to /tmp/bow_mlp_imdb_hc8nc2p9.pt
Epoch 7/301 | train_loss=0.6502 train_acc=66.56% | val_loss=0.6438 val_acc=71.98% | lr=3.000000e-06
Saved new best model to /tmp/bow_mlp_imdb_hc8nc2p9.pt
Epoch 8/301 | train_loss=0.6421 train_acc=68.29% | val_loss=0.6357 val_acc=73.22% | lr=3.000000e-06
Saved new best model to /tmp/bow_mlp_imdb_hc8nc2p9.pt
Epoch 9/301 | train_loss=0.6351 train_acc=69.48% | val_loss=0.6278 val_acc=74.78% | lr=3.000000e-06
Saved new best model to /tmp/bow_mlp_imdb_hc8nc2p9.pt
Epoch 10/301 | train_loss=0.6283 train_acc=70.84% | val_loss=0.6202 val_acc=75.68% | lr=3.000000e-06
Saved new best model to /tmp/bow_mlp_imdb_hc8nc2p9.pt
Epoch 11/301 | train_loss=0.6203 train_acc=72.05% | val_loss=0.6127 val_acc=76.42% | lr=3.000000e-06
Saved new best model to /tmp/bow_mlp_imdb_hc8nc2p9.pt
Epoch 12/301 | train_loss=0.6120 train_acc=73.38% | val_loss=0.6053 val_acc=77.36% | lr=3.000000e-06
Saved new best model to /tmp/bow_mlp_imdb_hc8nc2p9.pt
Epoch 13/301 | train_loss=0.6053 train_acc=73.94% | val_loss=0.5979 val_acc=78.44% | lr=3.000000e-06
Saved new best model to /tmp/bow_mlp_imdb_hc8nc2p9.pt
Epoch 14/301 | train_loss=0.5978 train_acc=75.09% | val_loss=0.5906 val_acc=79.22% | lr=3.000000e-06
Saved new best model to /tmp/bow_mlp_imdb_hc8nc2p9.pt
Epoch 15/301 | train_loss=0.5907 train_acc=76.00% | val_loss=0.5833 val_acc=79.74% | lr=3.000000e-06
Saved new best model to /tmp/bow_mlp_imdb_hc8nc2p9.pt
Epoch 16/301 | train_loss=0.5836 train_acc=76.28% | val_loss=0.5762 val_acc=80.64% | lr=3.000000e-06
Saved new best model to /tmp/bow_mlp_imdb_hc8nc2p9.pt
Epoch 17/301 | train_loss=0.5756 train_acc=77.08% | val_loss=0.5690 val_acc=81.34% | lr=3.000000e-06
Saved new best model to /tmp/bow_mlp_imdb_hc8nc2p9.pt
Epoch 18/301 | train_loss=0.5698 train_acc=77.82% | val_loss=0.5621 val_acc=81.72% | lr=3.000000e-06
Saved new best model to /tmp/bow_mlp_imdb_hc8nc2p9.pt
Epoch 19/301 | train_loss=0.5620 train_acc=78.44% | val_loss=0.5554 val_acc=81.86% | lr=3.000000e-06
Saved new best model to /tmp/bow_mlp_imdb_hc8nc2p9.pt
Epoch 20/301 | train_loss=0.5561 train_acc=78.90% | val_loss=0.5488 val_acc=82.26% | lr=3.000000e-06
Saved new best model to /tmp/bow_mlp_imdb_hc8nc2p9.pt
Epoch 21/301 | train_loss=0.5503 train_acc=79.22% | val_loss=0.5425 val_acc=82.54% | lr=3.000000e-06
Saved new best model to /tmp/bow_mlp_imdb_hc8nc2p9.pt
Epoch 22/301 | train_loss=0.5445 train_acc=79.53% | val_loss=0.5364 val_acc=82.82% | lr=3.000000e-06
Saved new best model to /tmp/bow_mlp_imdb_hc8nc2p9.pt
Epoch 23/301 | train_loss=0.5378 train_acc=80.20% | val_loss=0.5304 val_acc=83.04% | lr=3.000000e-06
Saved new best model to /tmp/bow_mlp_imdb_hc8nc2p9.pt
Epoch 24/301 | train_loss=0.5319 train_acc=80.64% | val_loss=0.5245 val_acc=83.44% | lr=3.000000e-06
Saved new best model to /tmp/bow_mlp_imdb_hc8nc2p9.pt
Epoch 25/301 | train_loss=0.5257 train_acc=81.11% | val_loss=0.5189 val_acc=83.78% | lr=3.000000e-06
Saved new best model to /tmp/bow_mlp_imdb_hc8nc2p9.pt
Epoch 26/301 | train_loss=0.5217 train_acc=80.97% | val_loss=0.5135 val_acc=83.82% | lr=3.000000e-06
Saved new best model to /tmp/bow_mlp_imdb_hc8nc2p9.pt
Epoch 27/301 | train_loss=0.5155 train_acc=81.69% | val_loss=0.5079 val_acc=84.14% | lr=3.000000e-06
Saved new best model to /tmp/bow_mlp_imdb_hc8nc2p9.pt
Epoch 28/301 | train_loss=0.5090 train_acc=81.99% | val_loss=0.5026 val_acc=84.24% | lr=3.000000e-06
Saved new best model to /tmp/bow_mlp_imdb_hc8nc2p9.pt
Epoch 29/301 | train_loss=0.5036 train_acc=82.23% | val_loss=0.4973 val_acc=84.44% | lr=3.000000e-06
Saved new best model to /tmp/bow_mlp_imdb_hc8nc2p9.pt
Epoch 30/301 | train_loss=0.4992 train_acc=82.51% | val_loss=0.4922 val_acc=84.58% | lr=3.000000e-06
Saved new best model to /tmp/bow_mlp_imdb_hc8nc2p9.pt
Epoch 31/301 | train_loss=0.4942 train_acc=82.24% | val_loss=0.4875 val_acc=84.76% | lr=3.000000e-06
Saved new best model to /tmp/bow_mlp_imdb_hc8nc2p9.pt
Epoch 32/301 | train_loss=0.4901 train_acc=82.80% | val_loss=0.4827 val_acc=84.84% | lr=3.000000e-06
Saved new best model to /tmp/bow_mlp_imdb_hc8nc2p9.pt
Epoch 33/301 | train_loss=0.4851 train_acc=82.95% | val_loss=0.4781 val_acc=84.98% | lr=3.000000e-06
Saved new best model to /tmp/bow_mlp_imdb_hc8nc2p9.pt
Epoch 34/301 | train_loss=0.4792 train_acc=83.23% | val_loss=0.4735 val_acc=85.06% | lr=3.000000e-06
Saved new best model to /tmp/bow_mlp_imdb_hc8nc2p9.pt
Epoch 35/301 | train_loss=0.4758 train_acc=83.30% | val_loss=0.4691 val_acc=85.18% | lr=3.000000e-06
Saved new best model to /tmp/bow_mlp_imdb_hc8nc2p9.pt
Epoch 36/301 | train_loss=0.4699 train_acc=83.80% | val_loss=0.4645 val_acc=85.32% | lr=3.000000e-06
Saved new best model to /tmp/bow_mlp_imdb_hc8nc2p9.pt
Epoch 37/301 | train_loss=0.4666 train_acc=83.58% | val_loss=0.4602 val_acc=85.48% | lr=3.000000e-06
Saved new best model to /tmp/bow_mlp_imdb_hc8nc2p9.pt
Epoch 38/301 | train_loss=0.4611 train_acc=84.03% | val_loss=0.4558 val_acc=85.66% | lr=3.000000e-06
Saved new best model to /tmp/bow_mlp_imdb_hc8nc2p9.pt
Epoch 39/301 | train_loss=0.4571 train_acc=84.12% | val_loss=0.4516 val_acc=85.72% | lr=3.000000e-06
Saved new best model to /tmp/bow_mlp_imdb_hc8nc2p9.pt
Epoch 40/301 | train_loss=0.4516 train_acc=84.56% | val_loss=0.4475 val_acc=85.90% | lr=3.000000e-06
Saved new best model to /tmp/bow_mlp_imdb_hc8nc2p9.pt
Epoch 41/301 | train_loss=0.4464 train_acc=84.34% | val_loss=0.4435 val_acc=86.00% | lr=3.000000e-06
Saved new best model to /tmp/bow_mlp_imdb_hc8nc2p9.pt
Epoch 42/301 | train_loss=0.4448 train_acc=84.50% | val_loss=0.4399 val_acc=86.12% | lr=3.000000e-06
Saved new best model to /tmp/bow_mlp_imdb_hc8nc2p9.pt
Epoch 43/301 | train_loss=0.4412 train_acc=84.44% | val_loss=0.4364 val_acc=86.18% | lr=3.000000e-06
Saved new best model to /tmp/bow_mlp_imdb_hc8nc2p9.pt
Epoch 44/301 | train_loss=0.4389 train_acc=84.63% | val_loss=0.4329 val_acc=86.16% | lr=3.000000e-06
Epoch 45/301 | train_loss=0.4347 train_acc=85.04% | val_loss=0.4295 val_acc=86.20% | lr=3.000000e-06
Saved new best model to /tmp/bow_mlp_imdb_hc8nc2p9.pt
Epoch 46/301 | train_loss=0.4298 train_acc=85.28% | val_loss=0.4262 val_acc=86.28% | lr=3.000000e-06
Saved new best model to /tmp/bow_mlp_imdb_hc8nc2p9.pt
Epoch 47/301 | train_loss=0.4254 train_acc=85.28% | val_loss=0.4228 val_acc=86.14% | lr=3.000000e-06
Epoch 48/301 | train_loss=0.4213 train_acc=85.28% | val_loss=0.4195 val_acc=86.12% | lr=3.000000e-06
Epoch 49/301 | train_loss=0.4177 train_acc=85.50% | val_loss=0.4163 val_acc=86.10% | lr=3.000000e-06
Epoch 50/301 | train_loss=0.4147 train_acc=85.66% | val_loss=0.4134 val_acc=86.36% | lr=3.000000e-06
Saved new best model to /tmp/bow_mlp_imdb_hc8nc2p9.pt
Epoch 51/301 | train_loss=0.4112 train_acc=85.86% | val_loss=0.4103 val_acc=86.26% | lr=3.000000e-06
Epoch 52/301 | train_loss=0.4090 train_acc=85.69% | val_loss=0.4076 val_acc=86.34% | lr=3.000000e-06
Epoch 53/301 | train_loss=0.4069 train_acc=85.77% | val_loss=0.4050 val_acc=86.34% | lr=3.000000e-06
Epoch 54/301 | train_loss=0.4035 train_acc=86.00% | val_loss=0.4024 val_acc=86.24% | lr=3.000000e-06
Epoch 55/301 | train_loss=0.4006 train_acc=85.92% | val_loss=0.3999 val_acc=86.26% | lr=3.000000e-06
Epoch 56/301 | train_loss=0.3946 train_acc=86.50% | val_loss=0.3972 val_acc=86.28% | lr=3.000000e-06
Epoch 57/301 | train_loss=0.3947 train_acc=86.40% | val_loss=0.3949 val_acc=86.40% | lr=3.000000e-06
Saved new best model to /tmp/bow_mlp_imdb_hc8nc2p9.pt
Epoch 58/301 | train_loss=0.3909 train_acc=86.67% | val_loss=0.3924 val_acc=86.36% | lr=3.000000e-06
Epoch 59/301 | train_loss=0.3875 train_acc=86.56% | val_loss=0.3902 val_acc=86.44% | lr=3.000000e-06
Saved new best model to /tmp/bow_mlp_imdb_hc8nc2p9.pt
Epoch 60/301 | train_loss=0.3857 train_acc=86.59% | val_loss=0.3879 val_acc=86.46% | lr=3.000000e-06
Saved new best model to /tmp/bow_mlp_imdb_hc8nc2p9.pt
Epoch 61/301 | train_loss=0.3844 train_acc=86.44% | val_loss=0.3858 val_acc=86.48% | lr=3.000000e-06
Saved new best model to /tmp/bow_mlp_imdb_hc8nc2p9.pt
Epoch 62/301 | train_loss=0.3826 train_acc=86.72% | val_loss=0.3837 val_acc=86.60% | lr=3.000000e-06
Saved new best model to /tmp/bow_mlp_imdb_hc8nc2p9.pt
Epoch 63/301 | train_loss=0.3795 train_acc=86.52% | val_loss=0.3817 val_acc=86.68% | lr=3.000000e-06
Saved new best model to /tmp/bow_mlp_imdb_hc8nc2p9.pt
Epoch 64/301 | train_loss=0.3772 train_acc=86.82% | val_loss=0.3798 val_acc=86.78% | lr=3.000000e-06
Saved new best model to /tmp/bow_mlp_imdb_hc8nc2p9.pt
Epoch 65/301 | train_loss=0.3720 train_acc=87.14% | val_loss=0.3775 val_acc=86.78% | lr=3.000000e-06
Epoch 66/301 | train_loss=0.3717 train_acc=87.06% | val_loss=0.3758 val_acc=86.82% | lr=3.000000e-06
Saved new best model to /tmp/bow_mlp_imdb_hc8nc2p9.pt
Epoch 67/301 | train_loss=0.3676 train_acc=87.09% | val_loss=0.3737 val_acc=86.86% | lr=3.000000e-06
Saved new best model to /tmp/bow_mlp_imdb_hc8nc2p9.pt
Epoch 68/301 | train_loss=0.3676 train_acc=87.19% | val_loss=0.3719 val_acc=86.94% | lr=3.000000e-06
Saved new best model to /tmp/bow_mlp_imdb_hc8nc2p9.pt
Epoch 69/301 | train_loss=0.3655 train_acc=87.26% | val_loss=0.3701 val_acc=86.80% | lr=3.000000e-06
Epoch 70/301 | train_loss=0.3613 train_acc=87.54% | val_loss=0.3684 val_acc=86.96% | lr=3.000000e-06
Saved new best model to /tmp/bow_mlp_imdb_hc8nc2p9.pt
Epoch 71/301 | train_loss=0.3624 train_acc=87.14% | val_loss=0.3667 val_acc=86.96% | lr=3.000000e-06
Epoch 72/301 | train_loss=0.3585 train_acc=87.38% | val_loss=0.3651 val_acc=86.96% | lr=3.000000e-06
Epoch 73/301 | train_loss=0.3579 train_acc=87.63% | val_loss=0.3637 val_acc=86.98% | lr=3.000000e-06
Saved new best model to /tmp/bow_mlp_imdb_hc8nc2p9.pt
Epoch 74/301 | train_loss=0.3534 train_acc=87.76% | val_loss=0.3620 val_acc=87.02% | lr=3.000000e-06
Saved new best model to /tmp/bow_mlp_imdb_hc8nc2p9.pt
Epoch 75/301 | train_loss=0.3509 train_acc=87.49% | val_loss=0.3603 val_acc=87.00% | lr=3.000000e-06
Epoch 76/301 | train_loss=0.3503 train_acc=87.52% | val_loss=0.3589 val_acc=86.96% | lr=3.000000e-06
Epoch 77/301 | train_loss=0.3493 train_acc=87.81% | val_loss=0.3575 val_acc=87.06% | lr=3.000000e-06
Saved new best model to /tmp/bow_mlp_imdb_hc8nc2p9.pt
Epoch 78/301 | train_loss=0.3452 train_acc=87.69% | val_loss=0.3560 val_acc=87.06% | lr=3.000000e-06
Epoch 79/301 | train_loss=0.3453 train_acc=87.77% | val_loss=0.3546 val_acc=87.10% | lr=3.000000e-06
Saved new best model to /tmp/bow_mlp_imdb_hc8nc2p9.pt
Epoch 80/301 | train_loss=0.3418 train_acc=88.08% | val_loss=0.3531 val_acc=87.12% | lr=3.000000e-06
Saved new best model to /tmp/bow_mlp_imdb_hc8nc2p9.pt
Epoch 81/301 | train_loss=0.3421 train_acc=87.98% | val_loss=0.3519 val_acc=87.20% | lr=3.000000e-06
Saved new best model to /tmp/bow_mlp_imdb_hc8nc2p9.pt
Epoch 82/301 | train_loss=0.3404 train_acc=88.11% | val_loss=0.3506 val_acc=87.14% | lr=3.000000e-06
Epoch 83/301 | train_loss=0.3381 train_acc=88.09% | val_loss=0.3494 val_acc=87.24% | lr=3.000000e-06
Saved new best model to /tmp/bow_mlp_imdb_hc8nc2p9.pt
Epoch 84/301 | train_loss=0.3356 train_acc=88.12% | val_loss=0.3481 val_acc=87.28% | lr=3.000000e-06
Saved new best model to /tmp/bow_mlp_imdb_hc8nc2p9.pt
Epoch 85/301 | train_loss=0.3346 train_acc=88.35% | val_loss=0.3468 val_acc=87.28% | lr=3.000000e-06
Epoch 86/301 | train_loss=0.3341 train_acc=88.31% | val_loss=0.3457 val_acc=87.38% | lr=3.000000e-06
Saved new best model to /tmp/bow_mlp_imdb_hc8nc2p9.pt
Epoch 87/301 | train_loss=0.3301 train_acc=88.34% | val_loss=0.3445 val_acc=87.36% | lr=3.000000e-06
Epoch 88/301 | train_loss=0.3289 train_acc=88.24% | val_loss=0.3433 val_acc=87.36% | lr=3.000000e-06
Epoch 89/301 | train_loss=0.3271 train_acc=88.38% | val_loss=0.3422 val_acc=87.38% | lr=3.000000e-06
Epoch 90/301 | train_loss=0.3265 train_acc=88.36% | val_loss=0.3411 val_acc=87.42% | lr=3.000000e-06
Saved new best model to /tmp/bow_mlp_imdb_hc8nc2p9.pt
Epoch 91/301 | train_loss=0.3256 train_acc=88.69% | val_loss=0.3401 val_acc=87.44% | lr=3.000000e-06
Saved new best model to /tmp/bow_mlp_imdb_hc8nc2p9.pt
Epoch 92/301 | train_loss=0.3243 train_acc=88.52% | val_loss=0.3392 val_acc=87.48% | lr=3.000000e-06
Saved new best model to /tmp/bow_mlp_imdb_hc8nc2p9.pt
Epoch 93/301 | train_loss=0.3203 train_acc=88.72% | val_loss=0.3381 val_acc=87.56% | lr=3.000000e-06
Saved new best model to /tmp/bow_mlp_imdb_hc8nc2p9.pt
Epoch 94/301 | train_loss=0.3216 train_acc=88.77% | val_loss=0.3373 val_acc=87.66% | lr=3.000000e-06
Saved new best model to /tmp/bow_mlp_imdb_hc8nc2p9.pt
Epoch 95/301 | train_loss=0.3176 train_acc=88.83% | val_loss=0.3361 val_acc=87.60% | lr=3.000000e-06
Epoch 96/301 | train_loss=0.3187 train_acc=88.71% | val_loss=0.3352 val_acc=87.60% | lr=3.000000e-06
Epoch 97/301 | train_loss=0.3129 train_acc=88.98% | val_loss=0.3340 val_acc=87.52% | lr=3.000000e-06
Epoch 98/301 | train_loss=0.3151 train_acc=88.90% | val_loss=0.3331 val_acc=87.56% | lr=3.000000e-06
Epoch 99/301 | train_loss=0.3115 train_acc=89.27% | val_loss=0.3321 val_acc=87.72% | lr=3.000000e-06
Saved new best model to /tmp/bow_mlp_imdb_hc8nc2p9.pt
Epoch 100/301 | train_loss=0.3114 train_acc=89.05% | val_loss=0.3313 val_acc=87.74% | lr=3.000000e-06
Saved new best model to /tmp/bow_mlp_imdb_hc8nc2p9.pt
Epoch 101/301 | train_loss=0.3096 train_acc=89.16% | val_loss=0.3303 val_acc=87.72% | lr=3.000000e-06
Epoch 102/301 | train_loss=0.3098 train_acc=89.19% | val_loss=0.3297 val_acc=87.72% | lr=3.000000e-06
Epoch 103/301 | train_loss=0.3068 train_acc=89.24% | val_loss=0.3287 val_acc=87.78% | lr=3.000000e-06
Saved new best model to /tmp/bow_mlp_imdb_hc8nc2p9.pt
Epoch 104/301 | train_loss=0.3057 train_acc=89.19% | val_loss=0.3280 val_acc=87.74% | lr=3.000000e-06
Epoch 105/301 | train_loss=0.3048 train_acc=89.31% | val_loss=0.3271 val_acc=87.78% | lr=3.000000e-06
Epoch 106/301 | train_loss=0.3017 train_acc=89.43% | val_loss=0.3262 val_acc=87.78% | lr=3.000000e-06
Epoch 107/301 | train_loss=0.3024 train_acc=89.44% | val_loss=0.3255 val_acc=87.86% | lr=3.000000e-06
Saved new best model to /tmp/bow_mlp_imdb_hc8nc2p9.pt
Epoch 108/301 | train_loss=0.3014 train_acc=89.66% | val_loss=0.3248 val_acc=87.90% | lr=3.000000e-06
Saved new best model to /tmp/bow_mlp_imdb_hc8nc2p9.pt
Epoch 109/301 | train_loss=0.2998 train_acc=89.34% | val_loss=0.3241 val_acc=87.92% | lr=3.000000e-06
Saved new best model to /tmp/bow_mlp_imdb_hc8nc2p9.pt
Epoch 110/301 | train_loss=0.2985 train_acc=89.37% | val_loss=0.3232 val_acc=87.84% | lr=3.000000e-06
Epoch 111/301 | train_loss=0.2956 train_acc=89.55% | val_loss=0.3225 val_acc=87.92% | lr=3.000000e-06
Epoch 112/301 | train_loss=0.2933 train_acc=89.55% | val_loss=0.3217 val_acc=87.86% | lr=3.000000e-06
Epoch 113/301 | train_loss=0.2946 train_acc=89.66% | val_loss=0.3211 val_acc=87.96% | lr=3.000000e-06
Saved new best model to /tmp/bow_mlp_imdb_hc8nc2p9.pt
Epoch 114/301 | train_loss=0.2915 train_acc=89.70% | val_loss=0.3204 val_acc=87.88% | lr=3.000000e-06
Epoch 115/301 | train_loss=0.2908 train_acc=89.85% | val_loss=0.3196 val_acc=87.82% | lr=3.000000e-06
Epoch 116/301 | train_loss=0.2917 train_acc=89.70% | val_loss=0.3191 val_acc=87.96% | lr=3.000000e-06
Epoch 117/301 | train_loss=0.2887 train_acc=89.83% | val_loss=0.3184 val_acc=87.94% | lr=3.000000e-06
Epoch 118/301 | train_loss=0.2871 train_acc=89.83% | val_loss=0.3177 val_acc=87.90% | lr=3.000000e-06
Epoch 119/301 | train_loss=0.2885 train_acc=89.75% | val_loss=0.3172 val_acc=88.08% | lr=3.000000e-06
Saved new best model to /tmp/bow_mlp_imdb_hc8nc2p9.pt
Epoch 120/301 | train_loss=0.2856 train_acc=89.95% | val_loss=0.3166 val_acc=87.92% | lr=3.000000e-06
Epoch 121/301 | train_loss=0.2850 train_acc=89.83% | val_loss=0.3161 val_acc=88.00% | lr=3.000000e-06
Epoch 122/301 | train_loss=0.2836 train_acc=89.85% | val_loss=0.3155 val_acc=88.10% | lr=3.000000e-06
Saved new best model to /tmp/bow_mlp_imdb_hc8nc2p9.pt
Epoch 123/301 | train_loss=0.2845 train_acc=89.94% | val_loss=0.3151 val_acc=88.04% | lr=3.000000e-06
Epoch 124/301 | train_loss=0.2822 train_acc=89.89% | val_loss=0.3146 val_acc=88.12% | lr=3.000000e-06
Saved new best model to /tmp/bow_mlp_imdb_hc8nc2p9.pt
Epoch 125/301 | train_loss=0.2813 train_acc=90.12% | val_loss=0.3141 val_acc=88.06% | lr=3.000000e-06
Epoch 126/301 | train_loss=0.2787 train_acc=90.25% | val_loss=0.3134 val_acc=87.98% | lr=3.000000e-06
Epoch 127/301 | train_loss=0.2798 train_acc=90.28% | val_loss=0.3129 val_acc=88.04% | lr=3.000000e-06
Epoch 128/301 | train_loss=0.2771 train_acc=90.23% | val_loss=0.3122 val_acc=88.02% | lr=3.000000e-06
Epoch 129/301 | train_loss=0.2775 train_acc=90.31% | val_loss=0.3118 val_acc=88.02% | lr=3.000000e-06
Epoch 130/301 | train_loss=0.2769 train_acc=90.17% | val_loss=0.3113 val_acc=88.04% | lr=3.000000e-06
Epoch 131/301 | train_loss=0.2743 train_acc=90.20% | val_loss=0.3110 val_acc=88.08% | lr=3.000000e-06
Epoch 132/301 | train_loss=0.2731 train_acc=90.34% | val_loss=0.3105 val_acc=88.06% | lr=3.000000e-06
Epoch 133/301 | train_loss=0.2710 train_acc=90.39% | val_loss=0.3100 val_acc=88.10% | lr=3.000000e-06
Epoch 134/301 | train_loss=0.2705 train_acc=90.72% | val_loss=0.3094 val_acc=88.00% | lr=3.000000e-06
Epoch 135/301 | train_loss=0.2699 train_acc=90.66% | val_loss=0.3090 val_acc=87.96% | lr=3.000000e-06
Epoch 136/301 | train_loss=0.2685 train_acc=90.48% | val_loss=0.3085 val_acc=88.04% | lr=3.000000e-06
Epoch 137/301 | train_loss=0.2672 train_acc=90.48% | val_loss=0.3081 val_acc=88.14% | lr=3.000000e-06
Saved new best model to /tmp/bow_mlp_imdb_hc8nc2p9.pt
Epoch 138/301 | train_loss=0.2654 train_acc=90.62% | val_loss=0.3076 val_acc=88.14% | lr=3.000000e-06
Epoch 139/301 | train_loss=0.2678 train_acc=90.67% | val_loss=0.3075 val_acc=88.30% | lr=3.000000e-06
Saved new best model to /tmp/bow_mlp_imdb_hc8nc2p9.pt
Epoch 140/301 | train_loss=0.2635 train_acc=90.86% | val_loss=0.3068 val_acc=88.02% | lr=3.000000e-06
Epoch 141/301 | train_loss=0.2662 train_acc=90.55% | val_loss=0.3066 val_acc=88.06% | lr=3.000000e-06
Epoch 142/301 | train_loss=0.2629 train_acc=90.78% | val_loss=0.3063 val_acc=88.20% | lr=3.000000e-06
Epoch 143/301 | train_loss=0.2626 train_acc=90.84% | val_loss=0.3058 val_acc=88.12% | lr=3.000000e-06
Epoch 144/301 | train_loss=0.2612 train_acc=90.72% | val_loss=0.3055 val_acc=88.24% | lr=3.000000e-06
Epoch 145/301 | train_loss=0.2606 train_acc=90.77% | val_loss=0.3050 val_acc=88.20% | lr=3.000000e-06
Epoch 146/301 | train_loss=0.2583 train_acc=90.72% | val_loss=0.3046 val_acc=88.26% | lr=3.000000e-06
Epoch 147/301 | train_loss=0.2569 train_acc=90.94% | val_loss=0.3042 val_acc=88.28% | lr=3.000000e-06
Epoch 148/301 | train_loss=0.2603 train_acc=90.80% | val_loss=0.3040 val_acc=88.28% | lr=3.000000e-06
Epoch 149/301 | train_loss=0.2583 train_acc=90.90% | val_loss=0.3036 val_acc=88.30% | lr=3.000000e-06
Epoch 150/301 | train_loss=0.2586 train_acc=90.96% | val_loss=0.3035 val_acc=88.24% | lr=3.000000e-06
Epoch 151/301 | train_loss=0.2570 train_acc=90.85% | val_loss=0.3031 val_acc=88.30% | lr=3.000000e-06
Epoch 152/301 | train_loss=0.2540 train_acc=91.05% | val_loss=0.3028 val_acc=88.30% | lr=3.000000e-06
Epoch 153/301 | train_loss=0.2563 train_acc=90.81% | val_loss=0.3025 val_acc=88.32% | lr=3.000000e-06
Saved new best model to /tmp/bow_mlp_imdb_hc8nc2p9.pt
Epoch 154/301 | train_loss=0.2535 train_acc=90.98% | val_loss=0.3021 val_acc=88.30% | lr=3.000000e-06
Epoch 155/301 | train_loss=0.2514 train_acc=91.29% | val_loss=0.3018 val_acc=88.28% | lr=3.000000e-06
Epoch 156/301 | train_loss=0.2526 train_acc=91.22% | val_loss=0.3015 val_acc=88.32% | lr=3.000000e-06
Epoch 157/301 | train_loss=0.2490 train_acc=91.44% | val_loss=0.3011 val_acc=88.24% | lr=3.000000e-06
Epoch 158/301 | train_loss=0.2501 train_acc=91.29% | val_loss=0.3009 val_acc=88.22% | lr=3.000000e-06
Epoch 159/301 | train_loss=0.2512 train_acc=90.97% | val_loss=0.3007 val_acc=88.26% | lr=3.000000e-06
Epoch 160/301 | train_loss=0.2490 train_acc=91.27% | val_loss=0.3005 val_acc=88.24% | lr=3.000000e-06
Epoch 161/301 | train_loss=0.2474 train_acc=91.25% | val_loss=0.3001 val_acc=88.28% | lr=3.000000e-06
Epoch 162/301 | train_loss=0.2453 train_acc=91.41% | val_loss=0.2998 val_acc=88.28% | lr=3.000000e-06
Epoch 163/301 | train_loss=0.2470 train_acc=91.37% | val_loss=0.2996 val_acc=88.24% | lr=3.000000e-06
Epoch 164/301 | train_loss=0.2462 train_acc=91.27% | val_loss=0.2995 val_acc=88.18% | lr=3.000000e-06
Epoch 165/301 | train_loss=0.2438 train_acc=91.36% | val_loss=0.2991 val_acc=88.28% | lr=3.000000e-06
Epoch 166/301 | train_loss=0.2418 train_acc=91.44% | val_loss=0.2989 val_acc=88.14% | lr=3.000000e-06
Epoch 167/301 | train_loss=0.2434 train_acc=91.53% | val_loss=0.2987 val_acc=88.10% | lr=3.000000e-06
Epoch 168/301 | train_loss=0.2404 train_acc=91.52% | val_loss=0.2984 val_acc=88.14% | lr=3.000000e-06
Epoch 169/301 | train_loss=0.2424 train_acc=91.41% | val_loss=0.2982 val_acc=88.12% | lr=3.000000e-06
Epoch 170/301 | train_loss=0.2392 train_acc=91.47% | val_loss=0.2980 val_acc=88.30% | lr=3.000000e-06
Epoch 171/301 | train_loss=0.2401 train_acc=91.51% | val_loss=0.2978 val_acc=88.28% | lr=3.000000e-06
Epoch 172/301 | train_loss=0.2388 train_acc=91.39% | val_loss=0.2976 val_acc=88.14% | lr=3.000000e-06
Epoch 173/301 | train_loss=0.2378 train_acc=91.77% | val_loss=0.2974 val_acc=88.22% | lr=3.000000e-06
Epoch 174/301 | train_loss=0.2374 train_acc=91.67% | val_loss=0.2972 val_acc=88.16% | lr=3.000000e-06
Epoch 175/301 | train_loss=0.2373 train_acc=91.64% | val_loss=0.2971 val_acc=88.24% | lr=3.000000e-06
Epoch 176/301 | train_loss=0.2357 train_acc=91.72% | val_loss=0.2969 val_acc=88.22% | lr=3.000000e-06
Epoch 177/301 | train_loss=0.2366 train_acc=91.69% | val_loss=0.2968 val_acc=88.22% | lr=3.000000e-06
Epoch 178/301 | train_loss=0.2347 train_acc=91.85% | val_loss=0.2965 val_acc=88.30% | lr=3.000000e-06
Epoch 179/301 | train_loss=0.2332 train_acc=91.69% | val_loss=0.2963 val_acc=88.26% | lr=3.000000e-06
Epoch 180/301 | train_loss=0.2325 train_acc=91.70% | val_loss=0.2962 val_acc=88.22% | lr=3.000000e-06
Epoch 181/301 | train_loss=0.2323 train_acc=91.91% | val_loss=0.2960 val_acc=88.26% | lr=3.000000e-06
Epoch 182/301 | train_loss=0.2307 train_acc=91.84% | val_loss=0.2958 val_acc=88.30% | lr=3.000000e-06
Epoch 183/301 | train_loss=0.2307 train_acc=91.73% | val_loss=0.2956 val_acc=88.26% | lr=3.000000e-06
Epoch 184/301 | train_loss=0.2311 train_acc=91.73% | val_loss=0.2955 val_acc=88.26% | lr=3.000000e-06
Epoch 185/301 | train_loss=0.2296 train_acc=91.97% | val_loss=0.2954 val_acc=88.24% | lr=3.000000e-06
Epoch 186/301 | train_loss=0.2286 train_acc=91.87% | val_loss=0.2953 val_acc=88.20% | lr=3.000000e-06
Epoch 187/301 | train_loss=0.2276 train_acc=91.92% | val_loss=0.2952 val_acc=88.26% | lr=3.000000e-06
Epoch 188/301 | train_loss=0.2281 train_acc=91.90% | val_loss=0.2950 val_acc=88.22% | lr=3.000000e-06
Epoch 189/301 | train_loss=0.2273 train_acc=91.95% | val_loss=0.2948 val_acc=88.22% | lr=3.000000e-06
Epoch 190/301 | train_loss=0.2273 train_acc=91.98% | val_loss=0.2948 val_acc=88.20% | lr=3.000000e-06
Epoch 191/301 | train_loss=0.2251 train_acc=92.12% | val_loss=0.2946 val_acc=88.28% | lr=3.000000e-06
Epoch 192/301 | train_loss=0.2241 train_acc=92.04% | val_loss=0.2945 val_acc=88.22% | lr=3.000000e-06
Epoch 193/301 | train_loss=0.2255 train_acc=92.13% | val_loss=0.2944 val_acc=88.38% | lr=3.000000e-06
Saved new best model to /tmp/bow_mlp_imdb_hc8nc2p9.pt
Epoch 194/301 | train_loss=0.2214 train_acc=92.20% | val_loss=0.2942 val_acc=88.34% | lr=3.000000e-06
Epoch 195/301 | train_loss=0.2228 train_acc=92.11% | val_loss=0.2942 val_acc=88.34% | lr=3.000000e-06
Epoch 196/301 | train_loss=0.2203 train_acc=92.36% | val_loss=0.2941 val_acc=88.30% | lr=3.000000e-06
Epoch 197/301 | train_loss=0.2208 train_acc=92.17% | val_loss=0.2940 val_acc=88.30% | lr=3.000000e-06
Epoch 198/301 | train_loss=0.2211 train_acc=92.30% | val_loss=0.2939 val_acc=88.34% | lr=3.000000e-06
Epoch 199/301 | train_loss=0.2207 train_acc=92.21% | val_loss=0.2938 val_acc=88.32% | lr=3.000000e-06
Epoch 200/301 | train_loss=0.2184 train_acc=92.12% | val_loss=0.2938 val_acc=88.28% | lr=3.000000e-06
Epoch 201/301 | train_loss=0.2188 train_acc=92.28% | val_loss=0.2936 val_acc=88.32% | lr=3.000000e-06
Epoch 202/301 | train_loss=0.2187 train_acc=92.41% | val_loss=0.2936 val_acc=88.30% | lr=3.000000e-06
Epoch 203/301 | train_loss=0.2178 train_acc=92.27% | val_loss=0.2935 val_acc=88.30% | lr=3.000000e-06
Epoch 204/301 | train_loss=0.2169 train_acc=92.28% | val_loss=0.2935 val_acc=88.28% | lr=3.000000e-06
Epoch 205/301 | train_loss=0.2180 train_acc=92.64% | val_loss=0.2934 val_acc=88.30% | lr=3.000000e-06
Epoch 206/301 | train_loss=0.2162 train_acc=92.46% | val_loss=0.2934 val_acc=88.28% | lr=3.000000e-06
Epoch 207/301 | train_loss=0.2138 train_acc=92.47% | val_loss=0.2933 val_acc=88.24% | lr=3.000000e-06
Epoch 208/301 | train_loss=0.2160 train_acc=92.29% | val_loss=0.2932 val_acc=88.32% | lr=3.000000e-06
Epoch 209/301 | train_loss=0.2137 train_acc=92.37% | val_loss=0.2931 val_acc=88.34% | lr=3.000000e-06
Epoch 210/301 | train_loss=0.2126 train_acc=92.71% | val_loss=0.2931 val_acc=88.26% | lr=3.000000e-06
Epoch 211/301 | train_loss=0.2127 train_acc=92.53% | val_loss=0.2930 val_acc=88.32% | lr=3.000000e-06
Epoch 212/301 | train_loss=0.2148 train_acc=92.34% | val_loss=0.2930 val_acc=88.32% | lr=3.000000e-06
Epoch 213/301 | train_loss=0.2100 train_acc=92.64% | val_loss=0.2929 val_acc=88.32% | lr=3.000000e-06
Epoch 214/301 | train_loss=0.2110 train_acc=92.64% | val_loss=0.2930 val_acc=88.34% | lr=3.000000e-06
Epoch 215/301 | train_loss=0.2081 train_acc=92.75% | val_loss=0.2930 val_acc=88.36% | lr=3.000000e-06
Epoch 216/301 | train_loss=0.2110 train_acc=92.55% | val_loss=0.2928 val_acc=88.28% | lr=3.000000e-06
Epoch 217/301 | train_loss=0.2081 train_acc=92.58% | val_loss=0.2930 val_acc=88.24% | lr=3.000000e-06
Epoch 218/301 | train_loss=0.2087 train_acc=92.79% | val_loss=0.2928 val_acc=88.32% | lr=3.000000e-06
Epoch 219/301 | train_loss=0.2073 train_acc=92.67% | val_loss=0.2928 val_acc=88.34% | lr=3.000000e-06
Epoch 220/301 | train_loss=0.2071 train_acc=92.87% | val_loss=0.2929 val_acc=88.34% | lr=3.000000e-06
Epoch 221/301 | train_loss=0.2079 train_acc=92.70% | val_loss=0.2928 val_acc=88.32% | lr=3.000000e-06
Epoch 222/301 | train_loss=0.2057 train_acc=92.70% | val_loss=0.2927 val_acc=88.34% | lr=3.000000e-06
Epoch 223/301 | train_loss=0.2044 train_acc=92.75% | val_loss=0.2927 val_acc=88.32% | lr=3.000000e-06
Epoch 224/301 | train_loss=0.2058 train_acc=92.73% | val_loss=0.2927 val_acc=88.36% | lr=3.000000e-06
Epoch 225/301 | train_loss=0.2050 train_acc=92.85% | val_loss=0.2928 val_acc=88.34% | lr=3.000000e-06
Epoch 226/301 | train_loss=0.2023 train_acc=92.87% | val_loss=0.2928 val_acc=88.36% | lr=3.000000e-06
Epoch 227/301 | train_loss=0.2017 train_acc=92.86% | val_loss=0.2927 val_acc=88.28% | lr=3.000000e-06
Epoch 228/301 | train_loss=0.2036 train_acc=92.90% | val_loss=0.2926 val_acc=88.34% | lr=3.000000e-06
Epoch 229/301 | train_loss=0.2020 train_acc=92.93% | val_loss=0.2927 val_acc=88.32% | lr=3.000000e-06
Epoch 230/301 | train_loss=0.2016 train_acc=92.88% | val_loss=0.2927 val_acc=88.28% | lr=3.000000e-06
Epoch 231/301 | train_loss=0.2017 train_acc=92.77% | val_loss=0.2927 val_acc=88.28% | lr=3.000000e-06
Epoch 232/301 | train_loss=0.2008 train_acc=93.03% | val_loss=0.2927 val_acc=88.20% | lr=3.000000e-06
Epoch 233/301 | train_loss=0.2005 train_acc=93.08% | val_loss=0.2927 val_acc=88.30% | lr=3.000000e-06
Epoch 234/301 | train_loss=0.1997 train_acc=93.04% | val_loss=0.2929 val_acc=88.28% | lr=3.000000e-06
Epoch 235/301 | train_loss=0.1970 train_acc=93.05% | val_loss=0.2928 val_acc=88.22% | lr=3.000000e-06
Epoch 236/301 | train_loss=0.1985 train_acc=93.16% | val_loss=0.2928 val_acc=88.20% | lr=3.000000e-06
Validation loss has not improved for 8 epochs. Stopping training.
Test loss=0.3017 | Test accuracy=87.90%
