Loading IMDb dataset from local disk: /home/daniel/l/masteruppsats/np-reg/language/data/imdb_hf
Using device: cuda
BoW vocab size: 6250
Epoch 1/301 | train_loss=7.1746 train_acc=53.63% | val_loss=0.6809 val_acc=60.90% | lr=3.000000e-05
Saved new best model to /tmp/bow_mlp_imdb_uxvdckdv.pt
Epoch 2/301 | train_loss=3.3764 train_acc=64.39% | val_loss=0.6634 val_acc=69.08% | lr=3.000000e-05
Saved new best model to /tmp/bow_mlp_imdb_uxvdckdv.pt
Epoch 3/301 | train_loss=1.6860 train_acc=72.82% | val_loss=0.6398 val_acc=74.40% | lr=3.000000e-05
Saved new best model to /tmp/bow_mlp_imdb_uxvdckdv.pt
Epoch 4/301 | train_loss=1.0181 train_acc=79.11% | val_loss=0.5940 val_acc=81.74% | lr=3.000000e-05
Saved new best model to /tmp/bow_mlp_imdb_uxvdckdv.pt
Epoch 5/301 | train_loss=0.7837 train_acc=82.75% | val_loss=0.5579 val_acc=83.74% | lr=3.000000e-05
Saved new best model to /tmp/bow_mlp_imdb_uxvdckdv.pt
Epoch 6/301 | train_loss=0.7034 train_acc=84.47% | val_loss=0.5268 val_acc=84.82% | lr=3.000000e-05
Saved new best model to /tmp/bow_mlp_imdb_uxvdckdv.pt
Epoch 7/301 | train_loss=0.6619 train_acc=85.19% | val_loss=0.5001 val_acc=85.58% | lr=3.000000e-05
Saved new best model to /tmp/bow_mlp_imdb_uxvdckdv.pt
Epoch 8/301 | train_loss=0.6300 train_acc=86.13% | val_loss=0.4764 val_acc=86.22% | lr=3.000000e-05
Saved new best model to /tmp/bow_mlp_imdb_uxvdckdv.pt
Epoch 9/301 | train_loss=0.6016 train_acc=86.73% | val_loss=0.4557 val_acc=86.70% | lr=3.000000e-05
Saved new best model to /tmp/bow_mlp_imdb_uxvdckdv.pt
Epoch 10/301 | train_loss=0.5757 train_acc=87.26% | val_loss=0.4374 val_acc=86.84% | lr=3.000000e-05
Saved new best model to /tmp/bow_mlp_imdb_uxvdckdv.pt
Epoch 11/301 | train_loss=0.5521 train_acc=87.78% | val_loss=0.4213 val_acc=87.06% | lr=3.000000e-05
Saved new best model to /tmp/bow_mlp_imdb_uxvdckdv.pt
Epoch 12/301 | train_loss=0.5304 train_acc=88.00% | val_loss=0.4070 val_acc=87.42% | lr=3.000000e-05
Saved new best model to /tmp/bow_mlp_imdb_uxvdckdv.pt
Epoch 13/301 | train_loss=0.5104 train_acc=88.61% | val_loss=0.3944 val_acc=87.44% | lr=3.000000e-05
Saved new best model to /tmp/bow_mlp_imdb_uxvdckdv.pt
Epoch 14/301 | train_loss=0.4918 train_acc=88.76% | val_loss=0.3832 val_acc=87.62% | lr=3.000000e-05
Saved new best model to /tmp/bow_mlp_imdb_uxvdckdv.pt
Epoch 15/301 | train_loss=0.4746 train_acc=89.01% | val_loss=0.3734 val_acc=87.54% | lr=3.000000e-05
Epoch 16/301 | train_loss=0.4589 train_acc=89.23% | val_loss=0.3646 val_acc=87.62% | lr=3.000000e-05
Epoch 17/301 | train_loss=0.4440 train_acc=89.45% | val_loss=0.3567 val_acc=87.74% | lr=3.000000e-05
Saved new best model to /tmp/bow_mlp_imdb_uxvdckdv.pt
Epoch 18/301 | train_loss=0.4305 train_acc=89.66% | val_loss=0.3496 val_acc=87.80% | lr=3.000000e-05
Saved new best model to /tmp/bow_mlp_imdb_uxvdckdv.pt
Epoch 19/301 | train_loss=0.4177 train_acc=89.84% | val_loss=0.3439 val_acc=87.94% | lr=3.000000e-05
Saved new best model to /tmp/bow_mlp_imdb_uxvdckdv.pt
Epoch 20/301 | train_loss=0.4058 train_acc=90.02% | val_loss=0.3378 val_acc=87.94% | lr=3.000000e-05
Epoch 21/301 | train_loss=0.3948 train_acc=90.25% | val_loss=0.3330 val_acc=87.98% | lr=3.000000e-05
Saved new best model to /tmp/bow_mlp_imdb_uxvdckdv.pt
Epoch 22/301 | train_loss=0.3845 train_acc=90.30% | val_loss=0.3280 val_acc=88.02% | lr=3.000000e-05
Saved new best model to /tmp/bow_mlp_imdb_uxvdckdv.pt
Epoch 23/301 | train_loss=0.3749 train_acc=90.53% | val_loss=0.3247 val_acc=88.14% | lr=3.000000e-05
Saved new best model to /tmp/bow_mlp_imdb_uxvdckdv.pt
Epoch 24/301 | train_loss=0.3660 train_acc=90.72% | val_loss=0.3204 val_acc=88.26% | lr=3.000000e-05
Saved new best model to /tmp/bow_mlp_imdb_uxvdckdv.pt
Epoch 25/301 | train_loss=0.3576 train_acc=90.85% | val_loss=0.3169 val_acc=88.20% | lr=3.000000e-05
Epoch 26/301 | train_loss=0.3497 train_acc=91.07% | val_loss=0.3138 val_acc=88.30% | lr=3.000000e-05
Saved new best model to /tmp/bow_mlp_imdb_uxvdckdv.pt
Epoch 27/301 | train_loss=0.3421 train_acc=91.19% | val_loss=0.3111 val_acc=88.44% | lr=3.000000e-05
Saved new best model to /tmp/bow_mlp_imdb_uxvdckdv.pt
Epoch 28/301 | train_loss=0.3354 train_acc=91.29% | val_loss=0.3086 val_acc=88.48% | lr=3.000000e-05
Saved new best model to /tmp/bow_mlp_imdb_uxvdckdv.pt
Epoch 29/301 | train_loss=0.3288 train_acc=91.42% | val_loss=0.3068 val_acc=88.28% | lr=3.000000e-05
Epoch 30/301 | train_loss=0.3226 train_acc=91.58% | val_loss=0.3045 val_acc=88.50% | lr=3.000000e-05
Saved new best model to /tmp/bow_mlp_imdb_uxvdckdv.pt
Epoch 31/301 | train_loss=0.3168 train_acc=91.61% | val_loss=0.3043 val_acc=88.28% | lr=3.000000e-05
Epoch 32/301 | train_loss=0.3111 train_acc=91.81% | val_loss=0.3009 val_acc=88.62% | lr=3.000000e-05
Saved new best model to /tmp/bow_mlp_imdb_uxvdckdv.pt
Epoch 33/301 | train_loss=0.3057 train_acc=91.94% | val_loss=0.2995 val_acc=88.66% | lr=3.000000e-05
Saved new best model to /tmp/bow_mlp_imdb_uxvdckdv.pt
Epoch 34/301 | train_loss=0.3007 train_acc=92.02% | val_loss=0.2982 val_acc=88.46% | lr=3.000000e-05
Epoch 35/301 | train_loss=0.2959 train_acc=92.12% | val_loss=0.2970 val_acc=88.46% | lr=3.000000e-05
Epoch 36/301 | train_loss=0.2912 train_acc=92.34% | val_loss=0.2966 val_acc=88.48% | lr=3.000000e-05
Epoch 37/301 | train_loss=0.2869 train_acc=92.44% | val_loss=0.2952 val_acc=88.50% | lr=3.000000e-05
Epoch 38/301 | train_loss=0.2824 train_acc=92.44% | val_loss=0.2943 val_acc=88.52% | lr=3.000000e-05
Epoch 39/301 | train_loss=0.2786 train_acc=92.58% | val_loss=0.2936 val_acc=88.56% | lr=3.000000e-05
Epoch 40/301 | train_loss=0.2745 train_acc=92.67% | val_loss=0.2931 val_acc=88.54% | lr=3.000000e-05
Epoch 41/301 | train_loss=0.2707 train_acc=92.73% | val_loss=0.2929 val_acc=88.46% | lr=3.000000e-05
Epoch 42/301 | train_loss=0.2672 train_acc=92.82% | val_loss=0.2930 val_acc=88.48% | lr=3.000000e-05
Epoch 43/301 | train_loss=0.2634 train_acc=93.06% | val_loss=0.2926 val_acc=88.46% | lr=3.000000e-05
Epoch 44/301 | train_loss=0.2601 train_acc=93.06% | val_loss=0.2915 val_acc=88.58% | lr=3.000000e-05
Epoch 45/301 | train_loss=0.2566 train_acc=93.19% | val_loss=0.2912 val_acc=88.50% | lr=3.000000e-05
Epoch 46/301 | train_loss=0.2535 train_acc=93.36% | val_loss=0.2917 val_acc=88.44% | lr=3.000000e-05
Epoch 47/301 | train_loss=0.2503 train_acc=93.39% | val_loss=0.2914 val_acc=88.48% | lr=3.000000e-05
Epoch 48/301 | train_loss=0.2473 train_acc=93.51% | val_loss=0.2918 val_acc=88.32% | lr=3.000000e-05
Epoch 49/301 | train_loss=0.2444 train_acc=93.56% | val_loss=0.2914 val_acc=88.34% | lr=3.000000e-05
Epoch 50/301 | train_loss=0.2414 train_acc=93.64% | val_loss=0.2919 val_acc=88.28% | lr=3.000000e-05
Epoch 51/301 | train_loss=0.2386 train_acc=93.68% | val_loss=0.2916 val_acc=88.32% | lr=3.000000e-05
Epoch 52/301 | train_loss=0.2358 train_acc=93.78% | val_loss=0.2930 val_acc=88.08% | lr=3.000000e-05
Epoch 53/301 | train_loss=0.2334 train_acc=93.88% | val_loss=0.2922 val_acc=88.30% | lr=3.000000e-05
Validation loss has not improved for 8 epochs. Stopping training.
Test loss=0.3068 | Test accuracy=88.04%
