Loading IMDb dataset from local disk: /home/daniel/l/masteruppsats/np-reg/language/data/imdb_hf
Using device: cuda
BoW vocab size: 6250
Epoch 1/301 | train_loss=5.5197 train_acc=58.26% | val_loss=0.6674 val_acc=63.50% | lr=3.000000e-05
Saved new best model to /tmp/bow_mlp_imdb_zg6hh_gn.pt
Epoch 2/301 | train_loss=1.5314 train_acc=72.88% | val_loss=0.6253 val_acc=77.46% | lr=3.000000e-05
Saved new best model to /tmp/bow_mlp_imdb_zg6hh_gn.pt
Epoch 3/301 | train_loss=0.8114 train_acc=80.66% | val_loss=0.5639 val_acc=82.80% | lr=3.000000e-05
Saved new best model to /tmp/bow_mlp_imdb_zg6hh_gn.pt
Epoch 4/301 | train_loss=0.6891 train_acc=83.89% | val_loss=0.5133 val_acc=84.78% | lr=3.000000e-05
Saved new best model to /tmp/bow_mlp_imdb_zg6hh_gn.pt
Epoch 5/301 | train_loss=0.6330 train_acc=85.61% | val_loss=0.4745 val_acc=85.92% | lr=3.000000e-05
Saved new best model to /tmp/bow_mlp_imdb_zg6hh_gn.pt
Epoch 6/301 | train_loss=0.5873 train_acc=86.66% | val_loss=0.4432 val_acc=86.54% | lr=3.000000e-05
Saved new best model to /tmp/bow_mlp_imdb_zg6hh_gn.pt
Epoch 7/301 | train_loss=0.5480 train_acc=87.33% | val_loss=0.4189 val_acc=86.74% | lr=3.000000e-05
Saved new best model to /tmp/bow_mlp_imdb_zg6hh_gn.pt
Epoch 8/301 | train_loss=0.5139 train_acc=87.89% | val_loss=0.3975 val_acc=87.22% | lr=3.000000e-05
Saved new best model to /tmp/bow_mlp_imdb_zg6hh_gn.pt
Epoch 9/301 | train_loss=0.4845 train_acc=88.43% | val_loss=0.3808 val_acc=87.38% | lr=3.000000e-05
Saved new best model to /tmp/bow_mlp_imdb_zg6hh_gn.pt
Epoch 10/301 | train_loss=0.4589 train_acc=88.95% | val_loss=0.3669 val_acc=87.42% | lr=3.000000e-05
Saved new best model to /tmp/bow_mlp_imdb_zg6hh_gn.pt
Epoch 11/301 | train_loss=0.4364 train_acc=89.15% | val_loss=0.3551 val_acc=87.54% | lr=3.000000e-05
Saved new best model to /tmp/bow_mlp_imdb_zg6hh_gn.pt
Epoch 12/301 | train_loss=0.4170 train_acc=89.40% | val_loss=0.3453 val_acc=87.74% | lr=3.000000e-05
Saved new best model to /tmp/bow_mlp_imdb_zg6hh_gn.pt
Epoch 13/301 | train_loss=0.3997 train_acc=89.87% | val_loss=0.3371 val_acc=87.88% | lr=3.000000e-05
Saved new best model to /tmp/bow_mlp_imdb_zg6hh_gn.pt
Epoch 14/301 | train_loss=0.3845 train_acc=90.03% | val_loss=0.3301 val_acc=87.86% | lr=3.000000e-05
Epoch 15/301 | train_loss=0.3707 train_acc=90.33% | val_loss=0.3243 val_acc=87.94% | lr=3.000000e-05
Saved new best model to /tmp/bow_mlp_imdb_zg6hh_gn.pt
Epoch 16/301 | train_loss=0.3587 train_acc=90.53% | val_loss=0.3199 val_acc=88.12% | lr=3.000000e-05
Saved new best model to /tmp/bow_mlp_imdb_zg6hh_gn.pt
Epoch 17/301 | train_loss=0.3474 train_acc=90.77% | val_loss=0.3149 val_acc=88.38% | lr=3.000000e-05
Saved new best model to /tmp/bow_mlp_imdb_zg6hh_gn.pt
Epoch 18/301 | train_loss=0.3376 train_acc=90.99% | val_loss=0.3107 val_acc=88.14% | lr=3.000000e-05
Epoch 19/301 | train_loss=0.3282 train_acc=91.33% | val_loss=0.3081 val_acc=88.22% | lr=3.000000e-05
Epoch 20/301 | train_loss=0.3195 train_acc=91.38% | val_loss=0.3045 val_acc=88.36% | lr=3.000000e-05
Epoch 21/301 | train_loss=0.3115 train_acc=91.53% | val_loss=0.3025 val_acc=88.46% | lr=3.000000e-05
Saved new best model to /tmp/bow_mlp_imdb_zg6hh_gn.pt
Epoch 22/301 | train_loss=0.3042 train_acc=91.72% | val_loss=0.2998 val_acc=88.48% | lr=3.000000e-05
Saved new best model to /tmp/bow_mlp_imdb_zg6hh_gn.pt
Epoch 23/301 | train_loss=0.2972 train_acc=91.87% | val_loss=0.2987 val_acc=88.40% | lr=3.000000e-05
Epoch 24/301 | train_loss=0.2908 train_acc=92.13% | val_loss=0.2964 val_acc=88.40% | lr=3.000000e-05
Epoch 25/301 | train_loss=0.2844 train_acc=92.24% | val_loss=0.2965 val_acc=88.32% | lr=3.000000e-05
Epoch 26/301 | train_loss=0.2786 train_acc=92.41% | val_loss=0.2940 val_acc=88.40% | lr=3.000000e-05
Epoch 27/301 | train_loss=0.2728 train_acc=92.62% | val_loss=0.2934 val_acc=88.42% | lr=3.000000e-05
Epoch 28/301 | train_loss=0.2679 train_acc=92.64% | val_loss=0.2927 val_acc=88.56% | lr=3.000000e-05
Saved new best model to /tmp/bow_mlp_imdb_zg6hh_gn.pt
Epoch 29/301 | train_loss=0.2627 train_acc=92.84% | val_loss=0.2935 val_acc=88.30% | lr=3.000000e-05
Epoch 30/301 | train_loss=0.2581 train_acc=93.03% | val_loss=0.2916 val_acc=88.40% | lr=3.000000e-05
Epoch 31/301 | train_loss=0.2533 train_acc=93.19% | val_loss=0.2937 val_acc=88.20% | lr=3.000000e-05
Epoch 32/301 | train_loss=0.2489 train_acc=93.28% | val_loss=0.2917 val_acc=88.42% | lr=3.000000e-05
Epoch 33/301 | train_loss=0.2447 train_acc=93.42% | val_loss=0.2919 val_acc=88.26% | lr=3.000000e-05
Epoch 34/301 | train_loss=0.2407 train_acc=93.52% | val_loss=0.2924 val_acc=88.22% | lr=3.000000e-05
Epoch 35/301 | train_loss=0.2366 train_acc=93.66% | val_loss=0.2923 val_acc=88.18% | lr=3.000000e-05
Epoch 36/301 | train_loss=0.2330 train_acc=93.79% | val_loss=0.2927 val_acc=88.12% | lr=3.000000e-05
Epoch 37/301 | train_loss=0.2292 train_acc=93.88% | val_loss=0.2933 val_acc=88.12% | lr=3.000000e-05
Epoch 38/301 | train_loss=0.2257 train_acc=94.02% | val_loss=0.2941 val_acc=88.00% | lr=3.000000e-05
Validation loss has not improved for 8 epochs. Stopping training.
Test loss=0.3013 | Test accuracy=87.91%
