Loading IMDb dataset from local disk: /home/daniel/l/masteruppsats/np-reg/language/data/imdb_hf
Using device: cuda
BoW vocab size: 6250
Epoch 1/301 | train_loss=90.9218 train_acc=50.02% | val_loss=0.7001 val_acc=49.90% | lr=3.000000e-06
Saved new best model to /tmp/bow_mlp_imdb_u8g_1_3e.pt
Epoch 2/301 | train_loss=88.3604 train_acc=50.03% | val_loss=0.6995 val_acc=49.86% | lr=3.000000e-06
Epoch 3/301 | train_loss=85.2487 train_acc=50.01% | val_loss=0.6975 val_acc=49.86% | lr=3.000000e-06
Epoch 4/301 | train_loss=81.8612 train_acc=49.81% | val_loss=0.6950 val_acc=50.12% | lr=3.000000e-06
Saved new best model to /tmp/bow_mlp_imdb_u8g_1_3e.pt
Epoch 5/301 | train_loss=78.4100 train_acc=49.50% | val_loss=0.6938 val_acc=49.90% | lr=3.000000e-06
Epoch 6/301 | train_loss=75.0819 train_acc=49.41% | val_loss=0.6937 val_acc=51.02% | lr=3.000000e-06
Saved new best model to /tmp/bow_mlp_imdb_u8g_1_3e.pt
Epoch 7/301 | train_loss=71.9168 train_acc=48.67% | val_loss=0.6955 val_acc=49.50% | lr=3.000000e-06
Epoch 8/301 | train_loss=68.8472 train_acc=48.23% | val_loss=0.6999 val_acc=49.26% | lr=3.000000e-06
Epoch 9/301 | train_loss=65.8763 train_acc=48.72% | val_loss=0.7037 val_acc=48.90% | lr=3.000000e-06
Epoch 10/301 | train_loss=63.0247 train_acc=49.02% | val_loss=0.7063 val_acc=48.82% | lr=3.000000e-06
Epoch 11/301 | train_loss=60.3007 train_acc=49.09% | val_loss=0.7077 val_acc=48.98% | lr=3.000000e-06
Epoch 12/301 | train_loss=57.6779 train_acc=49.09% | val_loss=0.7082 val_acc=49.02% | lr=3.000000e-06
Epoch 13/301 | train_loss=55.1455 train_acc=49.11% | val_loss=0.7079 val_acc=48.96% | lr=3.000000e-06
Epoch 14/301 | train_loss=52.7069 train_acc=49.10% | val_loss=0.7070 val_acc=48.92% | lr=3.000000e-06
Validation loss has not improved for 8 epochs. Stopping training.
Test loss=0.6951 | Test accuracy=48.69%
