Loading IMDb dataset from local disk: /home/daniel/l/masteruppsats/np-reg/language/data/imdb_hf
Using device: cuda
BoW vocab size: 6250
Epoch 1/301 | train_loss=8.9587 train_acc=50.30% | val_loss=0.6900 val_acc=52.36% | lr=1.000000e-05
Saved new best model to /tmp/bow_mlp_imdb_qfe63ro9.pt
Epoch 2/301 | train_loss=7.0444 train_acc=54.63% | val_loss=0.6858 val_acc=56.68% | lr=1.000000e-05
Saved new best model to /tmp/bow_mlp_imdb_qfe63ro9.pt
Epoch 3/301 | train_loss=5.4918 train_acc=57.92% | val_loss=0.6811 val_acc=60.76% | lr=1.000000e-05
Saved new best model to /tmp/bow_mlp_imdb_qfe63ro9.pt
Epoch 4/301 | train_loss=4.2817 train_acc=61.49% | val_loss=0.6758 val_acc=64.08% | lr=1.000000e-05
Saved new best model to /tmp/bow_mlp_imdb_qfe63ro9.pt
Epoch 5/301 | train_loss=3.3304 train_acc=64.87% | val_loss=0.6699 val_acc=67.14% | lr=1.000000e-05
Saved new best model to /tmp/bow_mlp_imdb_qfe63ro9.pt
Epoch 6/301 | train_loss=2.5898 train_acc=68.05% | val_loss=0.6632 val_acc=68.82% | lr=1.000000e-05
Saved new best model to /tmp/bow_mlp_imdb_qfe63ro9.pt
Epoch 7/301 | train_loss=2.0242 train_acc=70.67% | val_loss=0.6556 val_acc=72.76% | lr=1.000000e-05
Saved new best model to /tmp/bow_mlp_imdb_qfe63ro9.pt
Epoch 8/301 | train_loss=1.6024 train_acc=73.40% | val_loss=0.6472 val_acc=74.54% | lr=1.000000e-05
Saved new best model to /tmp/bow_mlp_imdb_qfe63ro9.pt
Epoch 9/301 | train_loss=1.2982 train_acc=75.64% | val_loss=0.6365 val_acc=78.02% | lr=1.000000e-05
Saved new best model to /tmp/bow_mlp_imdb_qfe63ro9.pt
Epoch 10/301 | train_loss=1.0814 train_acc=79.06% | val_loss=0.6189 val_acc=79.38% | lr=1.000000e-05
Saved new best model to /tmp/bow_mlp_imdb_qfe63ro9.pt
Epoch 11/301 | train_loss=0.9346 train_acc=80.63% | val_loss=0.6044 val_acc=80.86% | lr=1.000000e-05
Saved new best model to /tmp/bow_mlp_imdb_qfe63ro9.pt
Epoch 12/301 | train_loss=0.8403 train_acc=81.63% | val_loss=0.5907 val_acc=81.76% | lr=1.000000e-05
Saved new best model to /tmp/bow_mlp_imdb_qfe63ro9.pt
Epoch 13/301 | train_loss=0.7811 train_acc=82.60% | val_loss=0.5771 val_acc=82.98% | lr=1.000000e-05
Saved new best model to /tmp/bow_mlp_imdb_qfe63ro9.pt
Epoch 14/301 | train_loss=0.7436 train_acc=83.53% | val_loss=0.5642 val_acc=83.56% | lr=1.000000e-05
Saved new best model to /tmp/bow_mlp_imdb_qfe63ro9.pt
Epoch 15/301 | train_loss=0.7184 train_acc=83.81% | val_loss=0.5516 val_acc=83.90% | lr=1.000000e-05
Saved new best model to /tmp/bow_mlp_imdb_qfe63ro9.pt
Epoch 16/301 | train_loss=0.6995 train_acc=84.36% | val_loss=0.5398 val_acc=84.46% | lr=1.000000e-05
Saved new best model to /tmp/bow_mlp_imdb_qfe63ro9.pt
Epoch 17/301 | train_loss=0.6836 train_acc=84.73% | val_loss=0.5281 val_acc=84.92% | lr=1.000000e-05
Saved new best model to /tmp/bow_mlp_imdb_qfe63ro9.pt
Epoch 18/301 | train_loss=0.6690 train_acc=85.10% | val_loss=0.5171 val_acc=85.20% | lr=1.000000e-05
Saved new best model to /tmp/bow_mlp_imdb_qfe63ro9.pt
Epoch 19/301 | train_loss=0.6552 train_acc=85.47% | val_loss=0.5068 val_acc=85.58% | lr=1.000000e-05
Saved new best model to /tmp/bow_mlp_imdb_qfe63ro9.pt
Epoch 20/301 | train_loss=0.6419 train_acc=85.81% | val_loss=0.4968 val_acc=85.56% | lr=1.000000e-05
Epoch 21/301 | train_loss=0.6290 train_acc=86.07% | val_loss=0.4873 val_acc=85.76% | lr=1.000000e-05
Saved new best model to /tmp/bow_mlp_imdb_qfe63ro9.pt
Epoch 22/301 | train_loss=0.6165 train_acc=86.30% | val_loss=0.4782 val_acc=85.92% | lr=1.000000e-05
Saved new best model to /tmp/bow_mlp_imdb_qfe63ro9.pt
Epoch 23/301 | train_loss=0.6044 train_acc=86.52% | val_loss=0.4699 val_acc=86.06% | lr=1.000000e-05
Saved new best model to /tmp/bow_mlp_imdb_qfe63ro9.pt
Epoch 24/301 | train_loss=0.5928 train_acc=86.69% | val_loss=0.4617 val_acc=86.06% | lr=1.000000e-05
Epoch 25/301 | train_loss=0.5815 train_acc=86.91% | val_loss=0.4540 val_acc=86.46% | lr=1.000000e-05
Saved new best model to /tmp/bow_mlp_imdb_qfe63ro9.pt
Epoch 26/301 | train_loss=0.5706 train_acc=87.09% | val_loss=0.4467 val_acc=86.54% | lr=1.000000e-05
Saved new best model to /tmp/bow_mlp_imdb_qfe63ro9.pt
Epoch 27/301 | train_loss=0.5602 train_acc=87.23% | val_loss=0.4399 val_acc=86.60% | lr=1.000000e-05
Saved new best model to /tmp/bow_mlp_imdb_qfe63ro9.pt
Epoch 28/301 | train_loss=0.5503 train_acc=87.36% | val_loss=0.4334 val_acc=86.60% | lr=1.000000e-05
Epoch 29/301 | train_loss=0.5407 train_acc=87.56% | val_loss=0.4272 val_acc=86.80% | lr=1.000000e-05
Saved new best model to /tmp/bow_mlp_imdb_qfe63ro9.pt
Epoch 30/301 | train_loss=0.5314 train_acc=87.81% | val_loss=0.4214 val_acc=86.68% | lr=1.000000e-05
Epoch 31/301 | train_loss=0.5227 train_acc=87.81% | val_loss=0.4161 val_acc=86.96% | lr=1.000000e-05
Saved new best model to /tmp/bow_mlp_imdb_qfe63ro9.pt
Epoch 32/301 | train_loss=0.5142 train_acc=87.97% | val_loss=0.4105 val_acc=86.88% | lr=1.000000e-05
Epoch 33/301 | train_loss=0.5062 train_acc=88.16% | val_loss=0.4056 val_acc=87.06% | lr=1.000000e-05
Saved new best model to /tmp/bow_mlp_imdb_qfe63ro9.pt
Epoch 34/301 | train_loss=0.4984 train_acc=88.33% | val_loss=0.4009 val_acc=87.12% | lr=1.000000e-05
Saved new best model to /tmp/bow_mlp_imdb_qfe63ro9.pt
Epoch 35/301 | train_loss=0.4911 train_acc=88.29% | val_loss=0.3963 val_acc=87.24% | lr=1.000000e-05
Saved new best model to /tmp/bow_mlp_imdb_qfe63ro9.pt
Epoch 36/301 | train_loss=0.4839 train_acc=88.48% | val_loss=0.3924 val_acc=87.14% | lr=1.000000e-05
Epoch 37/301 | train_loss=0.4772 train_acc=88.62% | val_loss=0.3879 val_acc=87.36% | lr=1.000000e-05
Saved new best model to /tmp/bow_mlp_imdb_qfe63ro9.pt
Epoch 38/301 | train_loss=0.4705 train_acc=88.61% | val_loss=0.3840 val_acc=87.44% | lr=1.000000e-05
Saved new best model to /tmp/bow_mlp_imdb_qfe63ro9.pt
Epoch 39/301 | train_loss=0.4643 train_acc=88.77% | val_loss=0.3803 val_acc=87.42% | lr=1.000000e-05
Epoch 40/301 | train_loss=0.4583 train_acc=88.98% | val_loss=0.3766 val_acc=87.50% | lr=1.000000e-05
Saved new best model to /tmp/bow_mlp_imdb_qfe63ro9.pt
Epoch 41/301 | train_loss=0.4524 train_acc=88.92% | val_loss=0.3733 val_acc=87.36% | lr=1.000000e-05
Epoch 42/301 | train_loss=0.4469 train_acc=89.09% | val_loss=0.3701 val_acc=87.42% | lr=1.000000e-05
Epoch 43/301 | train_loss=0.4415 train_acc=89.14% | val_loss=0.3670 val_acc=87.48% | lr=1.000000e-05
Epoch 44/301 | train_loss=0.4363 train_acc=89.22% | val_loss=0.3640 val_acc=87.50% | lr=1.000000e-05
Epoch 45/301 | train_loss=0.4312 train_acc=89.34% | val_loss=0.3611 val_acc=87.62% | lr=1.000000e-05
Saved new best model to /tmp/bow_mlp_imdb_qfe63ro9.pt
Epoch 46/301 | train_loss=0.4264 train_acc=89.36% | val_loss=0.3584 val_acc=87.64% | lr=1.000000e-05
Saved new best model to /tmp/bow_mlp_imdb_qfe63ro9.pt
Epoch 47/301 | train_loss=0.4217 train_acc=89.46% | val_loss=0.3557 val_acc=87.74% | lr=1.000000e-05
Saved new best model to /tmp/bow_mlp_imdb_qfe63ro9.pt
Epoch 48/301 | train_loss=0.4171 train_acc=89.50% | val_loss=0.3532 val_acc=87.62% | lr=1.000000e-05
Epoch 49/301 | train_loss=0.4128 train_acc=89.56% | val_loss=0.3508 val_acc=87.76% | lr=1.000000e-05
Saved new best model to /tmp/bow_mlp_imdb_qfe63ro9.pt
Epoch 50/301 | train_loss=0.4084 train_acc=89.68% | val_loss=0.3489 val_acc=87.60% | lr=1.000000e-05
Epoch 51/301 | train_loss=0.4044 train_acc=89.73% | val_loss=0.3462 val_acc=87.90% | lr=1.000000e-05
Saved new best model to /tmp/bow_mlp_imdb_qfe63ro9.pt
Epoch 52/301 | train_loss=0.4004 train_acc=89.77% | val_loss=0.3443 val_acc=87.68% | lr=1.000000e-05
Epoch 53/301 | train_loss=0.3966 train_acc=89.83% | val_loss=0.3421 val_acc=87.70% | lr=1.000000e-05
Epoch 54/301 | train_loss=0.3929 train_acc=89.88% | val_loss=0.3401 val_acc=87.80% | lr=1.000000e-05
Epoch 55/301 | train_loss=0.3892 train_acc=89.98% | val_loss=0.3382 val_acc=87.82% | lr=1.000000e-05
Epoch 56/301 | train_loss=0.3857 train_acc=90.06% | val_loss=0.3364 val_acc=87.88% | lr=1.000000e-05
Epoch 57/301 | train_loss=0.3823 train_acc=90.11% | val_loss=0.3347 val_acc=87.88% | lr=1.000000e-05
Epoch 58/301 | train_loss=0.3789 train_acc=90.16% | val_loss=0.3329 val_acc=87.86% | lr=1.000000e-05
Epoch 59/301 | train_loss=0.3757 train_acc=90.28% | val_loss=0.3316 val_acc=87.88% | lr=1.000000e-05
Epoch 60/301 | train_loss=0.3725 train_acc=90.34% | val_loss=0.3299 val_acc=87.94% | lr=1.000000e-05
Saved new best model to /tmp/bow_mlp_imdb_qfe63ro9.pt
Epoch 61/301 | train_loss=0.3694 train_acc=90.32% | val_loss=0.3282 val_acc=87.92% | lr=1.000000e-05
Epoch 62/301 | train_loss=0.3664 train_acc=90.42% | val_loss=0.3270 val_acc=87.96% | lr=1.000000e-05
Saved new best model to /tmp/bow_mlp_imdb_qfe63ro9.pt
Epoch 63/301 | train_loss=0.3635 train_acc=90.48% | val_loss=0.3256 val_acc=87.96% | lr=1.000000e-05
Epoch 64/301 | train_loss=0.3606 train_acc=90.57% | val_loss=0.3245 val_acc=88.06% | lr=1.000000e-05
Saved new best model to /tmp/bow_mlp_imdb_qfe63ro9.pt
Epoch 65/301 | train_loss=0.3579 train_acc=90.59% | val_loss=0.3227 val_acc=88.08% | lr=1.000000e-05
Saved new best model to /tmp/bow_mlp_imdb_qfe63ro9.pt
Epoch 66/301 | train_loss=0.3550 train_acc=90.70% | val_loss=0.3222 val_acc=88.08% | lr=1.000000e-05
Epoch 67/301 | train_loss=0.3525 train_acc=90.70% | val_loss=0.3204 val_acc=88.10% | lr=1.000000e-05
Saved new best model to /tmp/bow_mlp_imdb_qfe63ro9.pt
Epoch 68/301 | train_loss=0.3499 train_acc=90.77% | val_loss=0.3191 val_acc=88.08% | lr=1.000000e-05
Epoch 69/301 | train_loss=0.3473 train_acc=90.81% | val_loss=0.3179 val_acc=88.02% | lr=1.000000e-05
Epoch 70/301 | train_loss=0.3448 train_acc=90.88% | val_loss=0.3170 val_acc=88.22% | lr=1.000000e-05
Saved new best model to /tmp/bow_mlp_imdb_qfe63ro9.pt
Epoch 71/301 | train_loss=0.3424 train_acc=90.99% | val_loss=0.3157 val_acc=88.14% | lr=1.000000e-05
Epoch 72/301 | train_loss=0.3400 train_acc=91.05% | val_loss=0.3147 val_acc=88.12% | lr=1.000000e-05
Epoch 73/301 | train_loss=0.3376 train_acc=91.08% | val_loss=0.3137 val_acc=88.16% | lr=1.000000e-05
Epoch 74/301 | train_loss=0.3353 train_acc=91.16% | val_loss=0.3133 val_acc=88.34% | lr=1.000000e-05
Saved new best model to /tmp/bow_mlp_imdb_qfe63ro9.pt
Epoch 75/301 | train_loss=0.3331 train_acc=91.17% | val_loss=0.3119 val_acc=88.18% | lr=1.000000e-05
Epoch 76/301 | train_loss=0.3309 train_acc=91.25% | val_loss=0.3110 val_acc=88.18% | lr=1.000000e-05
Epoch 77/301 | train_loss=0.3287 train_acc=91.31% | val_loss=0.3101 val_acc=88.32% | lr=1.000000e-05
Epoch 78/301 | train_loss=0.3266 train_acc=91.34% | val_loss=0.3094 val_acc=88.32% | lr=1.000000e-05
Epoch 79/301 | train_loss=0.3246 train_acc=91.39% | val_loss=0.3085 val_acc=88.36% | lr=1.000000e-05
Saved new best model to /tmp/bow_mlp_imdb_qfe63ro9.pt
Epoch 80/301 | train_loss=0.3225 train_acc=91.38% | val_loss=0.3078 val_acc=88.40% | lr=1.000000e-05
Saved new best model to /tmp/bow_mlp_imdb_qfe63ro9.pt
Epoch 81/301 | train_loss=0.3204 train_acc=91.48% | val_loss=0.3076 val_acc=88.30% | lr=1.000000e-05
Epoch 82/301 | train_loss=0.3186 train_acc=91.44% | val_loss=0.3062 val_acc=88.46% | lr=1.000000e-05
Saved new best model to /tmp/bow_mlp_imdb_qfe63ro9.pt
Epoch 83/301 | train_loss=0.3166 train_acc=91.57% | val_loss=0.3058 val_acc=88.42% | lr=1.000000e-05
Epoch 84/301 | train_loss=0.3147 train_acc=91.53% | val_loss=0.3050 val_acc=88.42% | lr=1.000000e-05
Epoch 85/301 | train_loss=0.3128 train_acc=91.62% | val_loss=0.3043 val_acc=88.40% | lr=1.000000e-05
Epoch 86/301 | train_loss=0.3110 train_acc=91.63% | val_loss=0.3036 val_acc=88.40% | lr=1.000000e-05
Epoch 87/301 | train_loss=0.3091 train_acc=91.73% | val_loss=0.3030 val_acc=88.58% | lr=1.000000e-05
Saved new best model to /tmp/bow_mlp_imdb_qfe63ro9.pt
Epoch 88/301 | train_loss=0.3074 train_acc=91.74% | val_loss=0.3024 val_acc=88.64% | lr=1.000000e-05
Saved new best model to /tmp/bow_mlp_imdb_qfe63ro9.pt
Epoch 89/301 | train_loss=0.3056 train_acc=91.80% | val_loss=0.3018 val_acc=88.66% | lr=1.000000e-05
Saved new best model to /tmp/bow_mlp_imdb_qfe63ro9.pt
Epoch 90/301 | train_loss=0.3038 train_acc=91.88% | val_loss=0.3013 val_acc=88.56% | lr=1.000000e-05
Epoch 91/301 | train_loss=0.3022 train_acc=91.94% | val_loss=0.3008 val_acc=88.50% | lr=1.000000e-05
Epoch 92/301 | train_loss=0.3005 train_acc=91.97% | val_loss=0.3003 val_acc=88.56% | lr=1.000000e-05
Epoch 93/301 | train_loss=0.2988 train_acc=91.98% | val_loss=0.3000 val_acc=88.50% | lr=1.000000e-05
Epoch 94/301 | train_loss=0.2972 train_acc=92.05% | val_loss=0.2995 val_acc=88.40% | lr=1.000000e-05
Epoch 95/301 | train_loss=0.2955 train_acc=92.09% | val_loss=0.2988 val_acc=88.62% | lr=1.000000e-05
Epoch 96/301 | train_loss=0.2940 train_acc=92.14% | val_loss=0.2986 val_acc=88.40% | lr=1.000000e-05
Epoch 97/301 | train_loss=0.2924 train_acc=92.20% | val_loss=0.2980 val_acc=88.38% | lr=1.000000e-05
Epoch 98/301 | train_loss=0.2909 train_acc=92.23% | val_loss=0.2976 val_acc=88.46% | lr=1.000000e-05
Epoch 99/301 | train_loss=0.2893 train_acc=92.24% | val_loss=0.2975 val_acc=88.38% | lr=1.000000e-05
Epoch 100/301 | train_loss=0.2878 train_acc=92.27% | val_loss=0.2973 val_acc=88.40% | lr=1.000000e-05
Epoch 101/301 | train_loss=0.2863 train_acc=92.29% | val_loss=0.2965 val_acc=88.46% | lr=1.000000e-05
Epoch 102/301 | train_loss=0.2848 train_acc=92.36% | val_loss=0.2966 val_acc=88.38% | lr=1.000000e-05
Epoch 103/301 | train_loss=0.2834 train_acc=92.33% | val_loss=0.2960 val_acc=88.34% | lr=1.000000e-05
Epoch 104/301 | train_loss=0.2819 train_acc=92.41% | val_loss=0.2955 val_acc=88.34% | lr=1.000000e-05
Epoch 105/301 | train_loss=0.2806 train_acc=92.44% | val_loss=0.2952 val_acc=88.34% | lr=1.000000e-05
Epoch 106/301 | train_loss=0.2791 train_acc=92.55% | val_loss=0.2949 val_acc=88.42% | lr=1.000000e-05
Epoch 107/301 | train_loss=0.2778 train_acc=92.55% | val_loss=0.2948 val_acc=88.40% | lr=1.000000e-05
Epoch 108/301 | train_loss=0.2764 train_acc=92.53% | val_loss=0.2945 val_acc=88.46% | lr=1.000000e-05
Epoch 109/301 | train_loss=0.2751 train_acc=92.56% | val_loss=0.2943 val_acc=88.46% | lr=1.000000e-05
Epoch 110/301 | train_loss=0.2738 train_acc=92.66% | val_loss=0.2939 val_acc=88.38% | lr=1.000000e-05
Epoch 111/301 | train_loss=0.2725 train_acc=92.61% | val_loss=0.2940 val_acc=88.46% | lr=1.000000e-05
Epoch 112/301 | train_loss=0.2711 train_acc=92.75% | val_loss=0.2935 val_acc=88.48% | lr=1.000000e-05
Epoch 113/301 | train_loss=0.2699 train_acc=92.78% | val_loss=0.2934 val_acc=88.44% | lr=1.000000e-05
Epoch 114/301 | train_loss=0.2686 train_acc=92.81% | val_loss=0.2933 val_acc=88.40% | lr=1.000000e-05
Epoch 115/301 | train_loss=0.2674 train_acc=92.84% | val_loss=0.2929 val_acc=88.48% | lr=1.000000e-05
Epoch 116/301 | train_loss=0.2662 train_acc=92.86% | val_loss=0.2931 val_acc=88.50% | lr=1.000000e-05
Epoch 117/301 | train_loss=0.2650 train_acc=92.86% | val_loss=0.2926 val_acc=88.54% | lr=1.000000e-05
Epoch 118/301 | train_loss=0.2637 train_acc=92.93% | val_loss=0.2925 val_acc=88.52% | lr=1.000000e-05
Epoch 119/301 | train_loss=0.2625 train_acc=92.96% | val_loss=0.2924 val_acc=88.46% | lr=1.000000e-05
Epoch 120/301 | train_loss=0.2614 train_acc=93.03% | val_loss=0.2924 val_acc=88.56% | lr=1.000000e-05
Epoch 121/301 | train_loss=0.2602 train_acc=93.05% | val_loss=0.2921 val_acc=88.48% | lr=1.000000e-05
Epoch 122/301 | train_loss=0.2590 train_acc=93.06% | val_loss=0.2922 val_acc=88.48% | lr=1.000000e-05
Epoch 123/301 | train_loss=0.2579 train_acc=93.13% | val_loss=0.2920 val_acc=88.52% | lr=1.000000e-05
Epoch 124/301 | train_loss=0.2567 train_acc=93.14% | val_loss=0.2919 val_acc=88.52% | lr=1.000000e-05
Epoch 125/301 | train_loss=0.2556 train_acc=93.19% | val_loss=0.2923 val_acc=88.36% | lr=1.000000e-05
Epoch 126/301 | train_loss=0.2546 train_acc=93.16% | val_loss=0.2918 val_acc=88.48% | lr=1.000000e-05
Epoch 127/301 | train_loss=0.2535 train_acc=93.25% | val_loss=0.2918 val_acc=88.58% | lr=1.000000e-05
Epoch 128/301 | train_loss=0.2524 train_acc=93.25% | val_loss=0.2917 val_acc=88.54% | lr=1.000000e-05
Epoch 129/301 | train_loss=0.2514 train_acc=93.34% | val_loss=0.2916 val_acc=88.48% | lr=1.000000e-05
Epoch 130/301 | train_loss=0.2503 train_acc=93.37% | val_loss=0.2916 val_acc=88.48% | lr=1.000000e-05
Epoch 131/301 | train_loss=0.2493 train_acc=93.34% | val_loss=0.2916 val_acc=88.48% | lr=1.000000e-05
Epoch 132/301 | train_loss=0.2482 train_acc=93.44% | val_loss=0.2917 val_acc=88.46% | lr=1.000000e-05
Epoch 133/301 | train_loss=0.2472 train_acc=93.41% | val_loss=0.2920 val_acc=88.42% | lr=1.000000e-05
Epoch 134/301 | train_loss=0.2462 train_acc=93.49% | val_loss=0.2916 val_acc=88.42% | lr=1.000000e-05
Epoch 135/301 | train_loss=0.2452 train_acc=93.53% | val_loss=0.2917 val_acc=88.38% | lr=1.000000e-05
Epoch 136/301 | train_loss=0.2442 train_acc=93.55% | val_loss=0.2917 val_acc=88.36% | lr=1.000000e-05
Epoch 137/301 | train_loss=0.2432 train_acc=93.58% | val_loss=0.2919 val_acc=88.40% | lr=1.000000e-05
Epoch 138/301 | train_loss=0.2422 train_acc=93.59% | val_loss=0.2918 val_acc=88.38% | lr=1.000000e-05
Epoch 139/301 | train_loss=0.2412 train_acc=93.62% | val_loss=0.2921 val_acc=88.36% | lr=1.000000e-05
Epoch 140/301 | train_loss=0.2403 train_acc=93.64% | val_loss=0.2918 val_acc=88.28% | lr=1.000000e-05
Epoch 141/301 | train_loss=0.2393 train_acc=93.66% | val_loss=0.2918 val_acc=88.32% | lr=1.000000e-05
Epoch 142/301 | train_loss=0.2383 train_acc=93.72% | val_loss=0.2920 val_acc=88.26% | lr=1.000000e-05
Validation loss has not improved for 8 epochs. Stopping training.
Test loss=0.3086 | Test accuracy=88.02%
