Loading IMDb dataset from local disk: /home/daniel/l/masteruppsats/np-reg/language/data/imdb_hf
Using device: cuda
BoW vocab size: 6250
Epoch 1/301 | train_loss=0.6432 train_acc=67.81% | val_loss=0.5851 val_acc=77.48% | lr=3.000000e-05
Saved new best model to /tmp/bow_mlp_imdb_hrbaxyfp.pt
Epoch 2/301 | train_loss=0.5289 train_acc=82.21% | val_loss=0.4861 val_acc=84.56% | lr=3.000000e-05
Saved new best model to /tmp/bow_mlp_imdb_hrbaxyfp.pt
Epoch 3/301 | train_loss=0.4428 train_acc=85.79% | val_loss=0.4216 val_acc=86.24% | lr=3.000000e-05
Saved new best model to /tmp/bow_mlp_imdb_hrbaxyfp.pt
Epoch 4/301 | train_loss=0.3857 train_acc=87.33% | val_loss=0.3829 val_acc=86.62% | lr=3.000000e-05
Saved new best model to /tmp/bow_mlp_imdb_hrbaxyfp.pt
Epoch 5/301 | train_loss=0.3481 train_acc=88.30% | val_loss=0.3574 val_acc=87.20% | lr=3.000000e-05
Saved new best model to /tmp/bow_mlp_imdb_hrbaxyfp.pt
Epoch 6/301 | train_loss=0.3209 train_acc=89.15% | val_loss=0.3398 val_acc=87.40% | lr=3.000000e-05
Saved new best model to /tmp/bow_mlp_imdb_hrbaxyfp.pt
Epoch 7/301 | train_loss=0.2998 train_acc=89.67% | val_loss=0.3291 val_acc=87.84% | lr=3.000000e-05
Saved new best model to /tmp/bow_mlp_imdb_hrbaxyfp.pt
Epoch 8/301 | train_loss=0.2826 train_acc=90.23% | val_loss=0.3179 val_acc=87.98% | lr=3.000000e-05
Saved new best model to /tmp/bow_mlp_imdb_hrbaxyfp.pt
Epoch 9/301 | train_loss=0.2681 train_acc=90.76% | val_loss=0.3111 val_acc=88.12% | lr=3.000000e-05
Saved new best model to /tmp/bow_mlp_imdb_hrbaxyfp.pt
Epoch 10/301 | train_loss=0.2559 train_acc=91.09% | val_loss=0.3053 val_acc=88.44% | lr=3.000000e-05
Saved new best model to /tmp/bow_mlp_imdb_hrbaxyfp.pt
Epoch 11/301 | train_loss=0.2449 train_acc=91.43% | val_loss=0.3012 val_acc=88.30% | lr=3.000000e-05
Epoch 12/301 | train_loss=0.2355 train_acc=91.75% | val_loss=0.2982 val_acc=88.42% | lr=3.000000e-05
Epoch 13/301 | train_loss=0.2267 train_acc=92.06% | val_loss=0.2959 val_acc=88.22% | lr=3.000000e-05
Epoch 14/301 | train_loss=0.2189 train_acc=92.40% | val_loss=0.2944 val_acc=88.40% | lr=3.000000e-05
Epoch 15/301 | train_loss=0.2115 train_acc=92.60% | val_loss=0.2937 val_acc=88.44% | lr=3.000000e-05
Epoch 16/301 | train_loss=0.2051 train_acc=92.97% | val_loss=0.2942 val_acc=88.28% | lr=3.000000e-05
Epoch 17/301 | train_loss=0.1989 train_acc=93.03% | val_loss=0.2935 val_acc=88.40% | lr=3.000000e-05
Epoch 18/301 | train_loss=0.1934 train_acc=93.33% | val_loss=0.2933 val_acc=88.20% | lr=3.000000e-05
Epoch 19/301 | train_loss=0.1879 train_acc=93.59% | val_loss=0.2945 val_acc=88.14% | lr=3.000000e-05
Epoch 20/301 | train_loss=0.1829 train_acc=93.69% | val_loss=0.2949 val_acc=88.00% | lr=3.000000e-05
Epoch 21/301 | train_loss=0.1780 train_acc=93.96% | val_loss=0.2973 val_acc=87.90% | lr=3.000000e-05
Epoch 22/301 | train_loss=0.1736 train_acc=94.13% | val_loss=0.2978 val_acc=87.98% | lr=3.000000e-05
Epoch 23/301 | train_loss=0.1695 train_acc=94.28% | val_loss=0.3003 val_acc=87.84% | lr=3.000000e-05
Epoch 24/301 | train_loss=0.1655 train_acc=94.42% | val_loss=0.3015 val_acc=87.66% | lr=3.000000e-05
Epoch 25/301 | train_loss=0.1614 train_acc=94.53% | val_loss=0.3063 val_acc=87.76% | lr=3.000000e-05
Epoch 26/301 | train_loss=0.1578 train_acc=94.68% | val_loss=0.3060 val_acc=87.72% | lr=3.000000e-05
Validation loss has not improved for 8 epochs. Stopping training.
Test loss=0.3117 | Test accuracy=87.90%
