Loading IMDb dataset from local disk: /home/daniel/l/masteruppsats/np-reg/language/data/imdb_hf
Using device: cuda
BoW vocab size: 6250
Epoch 1/301 | train_loss=739.6958 train_acc=49.30% | val_loss=0.7219 val_acc=49.20% | lr=1.000000e-05
Saved new best model to /tmp/bow_mlp_imdb_fc7qxxhf.pt
Epoch 2/301 | train_loss=436.8296 train_acc=49.21% | val_loss=0.7011 val_acc=48.50% | lr=1.000000e-05
Epoch 3/301 | train_loss=246.5531 train_acc=47.72% | val_loss=0.6956 val_acc=49.26% | lr=1.000000e-05
Saved new best model to /tmp/bow_mlp_imdb_fc7qxxhf.pt
Epoch 4/301 | train_loss=129.2287 train_acc=48.53% | val_loss=0.6955 val_acc=49.16% | lr=1.000000e-05
Epoch 5/301 | train_loss=63.5070 train_acc=48.75% | val_loss=0.6953 val_acc=49.14% | lr=1.000000e-05
Epoch 6/301 | train_loss=32.2150 train_acc=48.63% | val_loss=0.6952 val_acc=50.06% | lr=1.000000e-05
Saved new best model to /tmp/bow_mlp_imdb_fc7qxxhf.pt
Epoch 7/301 | train_loss=20.4720 train_acc=49.13% | val_loss=0.6945 val_acc=49.92% | lr=1.000000e-05
Epoch 8/301 | train_loss=17.2115 train_acc=49.49% | val_loss=0.6939 val_acc=50.72% | lr=1.000000e-05
Saved new best model to /tmp/bow_mlp_imdb_fc7qxxhf.pt
Epoch 9/301 | train_loss=16.3447 train_acc=50.21% | val_loss=0.6927 val_acc=51.80% | lr=1.000000e-05
Saved new best model to /tmp/bow_mlp_imdb_fc7qxxhf.pt
Epoch 10/301 | train_loss=15.8125 train_acc=50.74% | val_loss=0.6917 val_acc=52.02% | lr=1.000000e-05
Saved new best model to /tmp/bow_mlp_imdb_fc7qxxhf.pt
Epoch 11/301 | train_loss=15.2667 train_acc=51.90% | val_loss=0.6902 val_acc=52.88% | lr=1.000000e-05
Saved new best model to /tmp/bow_mlp_imdb_fc7qxxhf.pt
Epoch 12/301 | train_loss=14.6768 train_acc=53.09% | val_loss=0.6888 val_acc=53.40% | lr=1.000000e-05
Saved new best model to /tmp/bow_mlp_imdb_fc7qxxhf.pt
Epoch 13/301 | train_loss=14.0783 train_acc=54.09% | val_loss=0.6867 val_acc=56.50% | lr=1.000000e-05
Saved new best model to /tmp/bow_mlp_imdb_fc7qxxhf.pt
Epoch 14/301 | train_loss=13.4856 train_acc=55.41% | val_loss=0.6848 val_acc=57.56% | lr=1.000000e-05
Saved new best model to /tmp/bow_mlp_imdb_fc7qxxhf.pt
Epoch 15/301 | train_loss=12.9188 train_acc=56.77% | val_loss=0.6826 val_acc=59.20% | lr=1.000000e-05
Saved new best model to /tmp/bow_mlp_imdb_fc7qxxhf.pt
Epoch 16/301 | train_loss=12.3884 train_acc=58.31% | val_loss=0.6805 val_acc=59.36% | lr=1.000000e-05
Saved new best model to /tmp/bow_mlp_imdb_fc7qxxhf.pt
Epoch 17/301 | train_loss=11.8936 train_acc=59.55% | val_loss=0.6778 val_acc=61.86% | lr=1.000000e-05
Saved new best model to /tmp/bow_mlp_imdb_fc7qxxhf.pt
Epoch 18/301 | train_loss=11.4358 train_acc=60.95% | val_loss=0.6752 val_acc=63.30% | lr=1.000000e-05
Saved new best model to /tmp/bow_mlp_imdb_fc7qxxhf.pt
Epoch 19/301 | train_loss=11.0192 train_acc=62.51% | val_loss=0.6727 val_acc=63.30% | lr=1.000000e-05
Epoch 20/301 | train_loss=10.6381 train_acc=63.52% | val_loss=0.6700 val_acc=63.70% | lr=1.000000e-05
Saved new best model to /tmp/bow_mlp_imdb_fc7qxxhf.pt
Epoch 21/301 | train_loss=10.2853 train_acc=64.78% | val_loss=0.6668 val_acc=66.12% | lr=1.000000e-05
Saved new best model to /tmp/bow_mlp_imdb_fc7qxxhf.pt
Epoch 22/301 | train_loss=9.9664 train_acc=65.75% | val_loss=0.6637 val_acc=68.70% | lr=1.000000e-05
Saved new best model to /tmp/bow_mlp_imdb_fc7qxxhf.pt
Epoch 23/301 | train_loss=9.6694 train_acc=67.53% | val_loss=0.6607 val_acc=68.44% | lr=1.000000e-05
Epoch 24/301 | train_loss=9.4001 train_acc=68.64% | val_loss=0.6576 val_acc=68.96% | lr=1.000000e-05
Saved new best model to /tmp/bow_mlp_imdb_fc7qxxhf.pt
Epoch 25/301 | train_loss=9.1499 train_acc=69.05% | val_loss=0.6542 val_acc=71.10% | lr=1.000000e-05
Saved new best model to /tmp/bow_mlp_imdb_fc7qxxhf.pt
Epoch 26/301 | train_loss=8.9218 train_acc=70.32% | val_loss=0.6509 val_acc=71.74% | lr=1.000000e-05
Saved new best model to /tmp/bow_mlp_imdb_fc7qxxhf.pt
Epoch 27/301 | train_loss=8.7040 train_acc=70.98% | val_loss=0.6475 val_acc=72.92% | lr=1.000000e-05
Saved new best model to /tmp/bow_mlp_imdb_fc7qxxhf.pt
Epoch 28/301 | train_loss=8.5104 train_acc=71.82% | val_loss=0.6441 val_acc=73.02% | lr=1.000000e-05
Saved new best model to /tmp/bow_mlp_imdb_fc7qxxhf.pt
Epoch 29/301 | train_loss=8.3202 train_acc=72.61% | val_loss=0.6407 val_acc=73.20% | lr=1.000000e-05
Saved new best model to /tmp/bow_mlp_imdb_fc7qxxhf.pt
Epoch 30/301 | train_loss=8.1441 train_acc=72.70% | val_loss=0.6371 val_acc=74.70% | lr=1.000000e-05
Saved new best model to /tmp/bow_mlp_imdb_fc7qxxhf.pt
Epoch 31/301 | train_loss=7.9827 train_acc=74.17% | val_loss=0.6338 val_acc=74.18% | lr=1.000000e-05
Epoch 32/301 | train_loss=7.8319 train_acc=74.47% | val_loss=0.6300 val_acc=75.54% | lr=1.000000e-05
Saved new best model to /tmp/bow_mlp_imdb_fc7qxxhf.pt
Epoch 33/301 | train_loss=7.6914 train_acc=75.22% | val_loss=0.6266 val_acc=75.66% | lr=1.000000e-05
Saved new best model to /tmp/bow_mlp_imdb_fc7qxxhf.pt
Epoch 34/301 | train_loss=7.5578 train_acc=75.80% | val_loss=0.6231 val_acc=76.00% | lr=1.000000e-05
Saved new best model to /tmp/bow_mlp_imdb_fc7qxxhf.pt
Epoch 35/301 | train_loss=7.4343 train_acc=75.97% | val_loss=0.6193 val_acc=76.56% | lr=1.000000e-05
Saved new best model to /tmp/bow_mlp_imdb_fc7qxxhf.pt
Epoch 36/301 | train_loss=7.3171 train_acc=76.75% | val_loss=0.6160 val_acc=76.32% | lr=1.000000e-05
Epoch 37/301 | train_loss=7.2054 train_acc=76.81% | val_loss=0.6121 val_acc=77.84% | lr=1.000000e-05
Saved new best model to /tmp/bow_mlp_imdb_fc7qxxhf.pt
Epoch 38/301 | train_loss=7.0985 train_acc=77.41% | val_loss=0.6085 val_acc=77.58% | lr=1.000000e-05
Epoch 39/301 | train_loss=6.9978 train_acc=77.66% | val_loss=0.6049 val_acc=78.54% | lr=1.000000e-05
Saved new best model to /tmp/bow_mlp_imdb_fc7qxxhf.pt
Epoch 40/301 | train_loss=6.9031 train_acc=78.01% | val_loss=0.6012 val_acc=78.58% | lr=1.000000e-05
Saved new best model to /tmp/bow_mlp_imdb_fc7qxxhf.pt
Epoch 41/301 | train_loss=6.8102 train_acc=78.20% | val_loss=0.5976 val_acc=78.36% | lr=1.000000e-05
Epoch 42/301 | train_loss=6.7235 train_acc=78.64% | val_loss=0.5942 val_acc=78.42% | lr=1.000000e-05
Epoch 43/301 | train_loss=6.6371 train_acc=78.87% | val_loss=0.5904 val_acc=78.70% | lr=1.000000e-05
Saved new best model to /tmp/bow_mlp_imdb_fc7qxxhf.pt
Epoch 44/301 | train_loss=6.5570 train_acc=79.13% | val_loss=0.5867 val_acc=78.90% | lr=1.000000e-05
Saved new best model to /tmp/bow_mlp_imdb_fc7qxxhf.pt
Epoch 45/301 | train_loss=6.4802 train_acc=79.34% | val_loss=0.5831 val_acc=79.46% | lr=1.000000e-05
Saved new best model to /tmp/bow_mlp_imdb_fc7qxxhf.pt
Epoch 46/301 | train_loss=6.4065 train_acc=79.79% | val_loss=0.5795 val_acc=79.58% | lr=1.000000e-05
Saved new best model to /tmp/bow_mlp_imdb_fc7qxxhf.pt
Epoch 47/301 | train_loss=6.3370 train_acc=79.84% | val_loss=0.5759 val_acc=80.02% | lr=1.000000e-05
Saved new best model to /tmp/bow_mlp_imdb_fc7qxxhf.pt
Epoch 48/301 | train_loss=6.2680 train_acc=80.25% | val_loss=0.5724 val_acc=80.04% | lr=1.000000e-05
Saved new best model to /tmp/bow_mlp_imdb_fc7qxxhf.pt
Epoch 49/301 | train_loss=6.2022 train_acc=80.34% | val_loss=0.5688 val_acc=80.28% | lr=1.000000e-05
Saved new best model to /tmp/bow_mlp_imdb_fc7qxxhf.pt
Epoch 50/301 | train_loss=6.1386 train_acc=80.54% | val_loss=0.5655 val_acc=80.24% | lr=1.000000e-05
Epoch 51/301 | train_loss=6.0776 train_acc=80.64% | val_loss=0.5617 val_acc=80.78% | lr=1.000000e-05
Saved new best model to /tmp/bow_mlp_imdb_fc7qxxhf.pt
Epoch 52/301 | train_loss=6.0175 train_acc=81.09% | val_loss=0.5583 val_acc=80.80% | lr=1.000000e-05
Saved new best model to /tmp/bow_mlp_imdb_fc7qxxhf.pt
Epoch 53/301 | train_loss=5.9590 train_acc=81.05% | val_loss=0.5548 val_acc=80.94% | lr=1.000000e-05
Saved new best model to /tmp/bow_mlp_imdb_fc7qxxhf.pt
Epoch 54/301 | train_loss=5.9007 train_acc=81.33% | val_loss=0.5513 val_acc=81.12% | lr=1.000000e-05
Saved new best model to /tmp/bow_mlp_imdb_fc7qxxhf.pt
Epoch 55/301 | train_loss=5.8453 train_acc=81.41% | val_loss=0.5477 val_acc=81.36% | lr=1.000000e-05
Saved new best model to /tmp/bow_mlp_imdb_fc7qxxhf.pt
Epoch 56/301 | train_loss=5.7917 train_acc=81.69% | val_loss=0.5444 val_acc=81.56% | lr=1.000000e-05
Saved new best model to /tmp/bow_mlp_imdb_fc7qxxhf.pt
Epoch 57/301 | train_loss=5.7406 train_acc=81.81% | val_loss=0.5408 val_acc=81.58% | lr=1.000000e-05
Saved new best model to /tmp/bow_mlp_imdb_fc7qxxhf.pt
Epoch 58/301 | train_loss=5.6900 train_acc=81.92% | val_loss=0.5374 val_acc=81.64% | lr=1.000000e-05
Saved new best model to /tmp/bow_mlp_imdb_fc7qxxhf.pt
Epoch 59/301 | train_loss=5.6404 train_acc=82.16% | val_loss=0.5342 val_acc=81.98% | lr=1.000000e-05
Saved new best model to /tmp/bow_mlp_imdb_fc7qxxhf.pt
Epoch 60/301 | train_loss=5.5923 train_acc=82.25% | val_loss=0.5307 val_acc=81.98% | lr=1.000000e-05
Epoch 61/301 | train_loss=5.5465 train_acc=82.45% | val_loss=0.5273 val_acc=82.24% | lr=1.000000e-05
Saved new best model to /tmp/bow_mlp_imdb_fc7qxxhf.pt
Epoch 62/301 | train_loss=5.5010 train_acc=82.52% | val_loss=0.5242 val_acc=82.14% | lr=1.000000e-05
Epoch 63/301 | train_loss=5.4574 train_acc=82.75% | val_loss=0.5208 val_acc=82.48% | lr=1.000000e-05
Saved new best model to /tmp/bow_mlp_imdb_fc7qxxhf.pt
Epoch 64/301 | train_loss=5.4140 train_acc=82.80% | val_loss=0.5176 val_acc=82.30% | lr=1.000000e-05
Epoch 65/301 | train_loss=5.3695 train_acc=82.98% | val_loss=0.5140 val_acc=83.02% | lr=1.000000e-05
Saved new best model to /tmp/bow_mlp_imdb_fc7qxxhf.pt
Epoch 66/301 | train_loss=5.3302 train_acc=83.24% | val_loss=0.5112 val_acc=82.80% | lr=1.000000e-05
Epoch 67/301 | train_loss=5.2884 train_acc=83.28% | val_loss=0.5077 val_acc=83.36% | lr=1.000000e-05
Saved new best model to /tmp/bow_mlp_imdb_fc7qxxhf.pt
Epoch 68/301 | train_loss=5.2508 train_acc=83.38% | val_loss=0.5043 val_acc=83.50% | lr=1.000000e-05
Saved new best model to /tmp/bow_mlp_imdb_fc7qxxhf.pt
Epoch 69/301 | train_loss=5.2115 train_acc=83.47% | val_loss=0.5011 val_acc=83.58% | lr=1.000000e-05
Saved new best model to /tmp/bow_mlp_imdb_fc7qxxhf.pt
Epoch 70/301 | train_loss=5.1751 train_acc=83.64% | val_loss=0.4983 val_acc=83.48% | lr=1.000000e-05
Epoch 71/301 | train_loss=5.1370 train_acc=83.81% | val_loss=0.4948 val_acc=83.72% | lr=1.000000e-05
Saved new best model to /tmp/bow_mlp_imdb_fc7qxxhf.pt
Epoch 72/301 | train_loss=5.0999 train_acc=83.94% | val_loss=0.4917 val_acc=83.70% | lr=1.000000e-05
Epoch 73/301 | train_loss=5.0644 train_acc=84.06% | val_loss=0.4886 val_acc=83.90% | lr=1.000000e-05
Saved new best model to /tmp/bow_mlp_imdb_fc7qxxhf.pt
Epoch 74/301 | train_loss=5.0282 train_acc=84.08% | val_loss=0.4857 val_acc=84.06% | lr=1.000000e-05
Saved new best model to /tmp/bow_mlp_imdb_fc7qxxhf.pt
Epoch 75/301 | train_loss=4.9944 train_acc=84.22% | val_loss=0.4826 val_acc=84.14% | lr=1.000000e-05
Saved new best model to /tmp/bow_mlp_imdb_fc7qxxhf.pt
Epoch 76/301 | train_loss=4.9619 train_acc=84.36% | val_loss=0.4797 val_acc=84.40% | lr=1.000000e-05
Saved new best model to /tmp/bow_mlp_imdb_fc7qxxhf.pt
Epoch 77/301 | train_loss=4.9291 train_acc=84.47% | val_loss=0.4767 val_acc=84.44% | lr=1.000000e-05
Saved new best model to /tmp/bow_mlp_imdb_fc7qxxhf.pt
Epoch 78/301 | train_loss=4.8982 train_acc=84.59% | val_loss=0.4739 val_acc=84.60% | lr=1.000000e-05
Saved new best model to /tmp/bow_mlp_imdb_fc7qxxhf.pt
Epoch 79/301 | train_loss=4.8673 train_acc=84.66% | val_loss=0.4708 val_acc=84.42% | lr=1.000000e-05
Epoch 80/301 | train_loss=4.8357 train_acc=84.69% | val_loss=0.4680 val_acc=84.62% | lr=1.000000e-05
Saved new best model to /tmp/bow_mlp_imdb_fc7qxxhf.pt
Epoch 81/301 | train_loss=4.8057 train_acc=84.84% | val_loss=0.4655 val_acc=84.68% | lr=1.000000e-05
Saved new best model to /tmp/bow_mlp_imdb_fc7qxxhf.pt
Epoch 82/301 | train_loss=4.7756 train_acc=85.00% | val_loss=0.4624 val_acc=84.82% | lr=1.000000e-05
Saved new best model to /tmp/bow_mlp_imdb_fc7qxxhf.pt
Epoch 83/301 | train_loss=4.7458 train_acc=85.09% | val_loss=0.4600 val_acc=84.90% | lr=1.000000e-05
Saved new best model to /tmp/bow_mlp_imdb_fc7qxxhf.pt
Epoch 84/301 | train_loss=4.7183 train_acc=85.18% | val_loss=0.4570 val_acc=85.02% | lr=1.000000e-05
Saved new best model to /tmp/bow_mlp_imdb_fc7qxxhf.pt
Epoch 85/301 | train_loss=4.6908 train_acc=85.25% | val_loss=0.4542 val_acc=85.06% | lr=1.000000e-05
Saved new best model to /tmp/bow_mlp_imdb_fc7qxxhf.pt
Epoch 86/301 | train_loss=4.6622 train_acc=85.44% | val_loss=0.4516 val_acc=85.10% | lr=1.000000e-05
Saved new best model to /tmp/bow_mlp_imdb_fc7qxxhf.pt
Epoch 87/301 | train_loss=4.6364 train_acc=85.38% | val_loss=0.4489 val_acc=85.12% | lr=1.000000e-05
Saved new best model to /tmp/bow_mlp_imdb_fc7qxxhf.pt
Epoch 88/301 | train_loss=4.6095 train_acc=85.56% | val_loss=0.4462 val_acc=85.22% | lr=1.000000e-05
Saved new best model to /tmp/bow_mlp_imdb_fc7qxxhf.pt
Epoch 89/301 | train_loss=4.5831 train_acc=85.66% | val_loss=0.4437 val_acc=85.26% | lr=1.000000e-05
Saved new best model to /tmp/bow_mlp_imdb_fc7qxxhf.pt
Epoch 90/301 | train_loss=4.5582 train_acc=85.75% | val_loss=0.4411 val_acc=85.32% | lr=1.000000e-05
Saved new best model to /tmp/bow_mlp_imdb_fc7qxxhf.pt
Epoch 91/301 | train_loss=4.5330 train_acc=85.87% | val_loss=0.4386 val_acc=85.46% | lr=1.000000e-05
Saved new best model to /tmp/bow_mlp_imdb_fc7qxxhf.pt
Epoch 92/301 | train_loss=4.5084 train_acc=85.91% | val_loss=0.4362 val_acc=85.62% | lr=1.000000e-05
Saved new best model to /tmp/bow_mlp_imdb_fc7qxxhf.pt
Epoch 93/301 | train_loss=4.4841 train_acc=85.97% | val_loss=0.4341 val_acc=85.60% | lr=1.000000e-05
Epoch 94/301 | train_loss=4.4596 train_acc=86.06% | val_loss=0.4316 val_acc=85.78% | lr=1.000000e-05
Saved new best model to /tmp/bow_mlp_imdb_fc7qxxhf.pt
Epoch 95/301 | train_loss=4.4371 train_acc=86.11% | val_loss=0.4290 val_acc=85.66% | lr=1.000000e-05
Epoch 96/301 | train_loss=4.4147 train_acc=86.26% | val_loss=0.4270 val_acc=85.90% | lr=1.000000e-05
Saved new best model to /tmp/bow_mlp_imdb_fc7qxxhf.pt
Epoch 97/301 | train_loss=4.3919 train_acc=86.33% | val_loss=0.4244 val_acc=85.72% | lr=1.000000e-05
Epoch 98/301 | train_loss=4.3686 train_acc=86.30% | val_loss=0.4222 val_acc=85.64% | lr=1.000000e-05
Epoch 99/301 | train_loss=4.3458 train_acc=86.47% | val_loss=0.4203 val_acc=85.98% | lr=1.000000e-05
Saved new best model to /tmp/bow_mlp_imdb_fc7qxxhf.pt
Epoch 100/301 | train_loss=4.3250 train_acc=86.48% | val_loss=0.4182 val_acc=86.06% | lr=1.000000e-05
Saved new best model to /tmp/bow_mlp_imdb_fc7qxxhf.pt
Epoch 101/301 | train_loss=4.3039 train_acc=86.63% | val_loss=0.4156 val_acc=85.94% | lr=1.000000e-05
Epoch 102/301 | train_loss=4.2833 train_acc=86.66% | val_loss=0.4138 val_acc=86.02% | lr=1.000000e-05
Epoch 103/301 | train_loss=4.2628 train_acc=86.66% | val_loss=0.4116 val_acc=86.12% | lr=1.000000e-05
Saved new best model to /tmp/bow_mlp_imdb_fc7qxxhf.pt
Epoch 104/301 | train_loss=4.2442 train_acc=86.80% | val_loss=0.4095 val_acc=86.04% | lr=1.000000e-05
Epoch 105/301 | train_loss=4.2236 train_acc=86.89% | val_loss=0.4074 val_acc=86.14% | lr=1.000000e-05
Saved new best model to /tmp/bow_mlp_imdb_fc7qxxhf.pt
Epoch 106/301 | train_loss=4.2044 train_acc=87.01% | val_loss=0.4054 val_acc=86.16% | lr=1.000000e-05
Saved new best model to /tmp/bow_mlp_imdb_fc7qxxhf.pt
Epoch 107/301 | train_loss=4.1851 train_acc=87.02% | val_loss=0.4034 val_acc=86.20% | lr=1.000000e-05
Saved new best model to /tmp/bow_mlp_imdb_fc7qxxhf.pt
Epoch 108/301 | train_loss=4.1657 train_acc=87.17% | val_loss=0.4015 val_acc=86.22% | lr=1.000000e-05
Saved new best model to /tmp/bow_mlp_imdb_fc7qxxhf.pt
Epoch 109/301 | train_loss=4.1452 train_acc=87.18% | val_loss=0.3998 val_acc=86.14% | lr=1.000000e-05
Epoch 110/301 | train_loss=4.1275 train_acc=87.27% | val_loss=0.3977 val_acc=86.12% | lr=1.000000e-05
Epoch 111/301 | train_loss=4.1096 train_acc=87.30% | val_loss=0.3961 val_acc=86.34% | lr=1.000000e-05
Saved new best model to /tmp/bow_mlp_imdb_fc7qxxhf.pt
Epoch 112/301 | train_loss=4.0896 train_acc=87.31% | val_loss=0.3942 val_acc=86.02% | lr=1.000000e-05
Epoch 113/301 | train_loss=4.0713 train_acc=87.44% | val_loss=0.3925 val_acc=86.46% | lr=1.000000e-05
Saved new best model to /tmp/bow_mlp_imdb_fc7qxxhf.pt
Epoch 114/301 | train_loss=4.0540 train_acc=87.49% | val_loss=0.3908 val_acc=86.36% | lr=1.000000e-05
Epoch 115/301 | train_loss=4.0369 train_acc=87.56% | val_loss=0.3890 val_acc=86.18% | lr=1.000000e-05
Epoch 116/301 | train_loss=4.0203 train_acc=87.59% | val_loss=0.3874 val_acc=86.34% | lr=1.000000e-05
Epoch 117/301 | train_loss=4.0039 train_acc=87.61% | val_loss=0.3857 val_acc=86.42% | lr=1.000000e-05
Epoch 118/301 | train_loss=3.9871 train_acc=87.72% | val_loss=0.3841 val_acc=86.44% | lr=1.000000e-05
Epoch 119/301 | train_loss=3.9709 train_acc=87.76% | val_loss=0.3826 val_acc=86.38% | lr=1.000000e-05
Epoch 120/301 | train_loss=3.9547 train_acc=87.80% | val_loss=0.3810 val_acc=86.44% | lr=1.000000e-05
Epoch 121/301 | train_loss=3.9376 train_acc=87.86% | val_loss=0.3794 val_acc=86.46% | lr=1.000000e-05
Epoch 122/301 | train_loss=3.9210 train_acc=87.85% | val_loss=0.3780 val_acc=86.48% | lr=1.000000e-05
Saved new best model to /tmp/bow_mlp_imdb_fc7qxxhf.pt
Epoch 123/301 | train_loss=3.9052 train_acc=87.96% | val_loss=0.3765 val_acc=86.46% | lr=1.000000e-05
Epoch 124/301 | train_loss=3.8885 train_acc=88.06% | val_loss=0.3750 val_acc=86.48% | lr=1.000000e-05
Epoch 125/301 | train_loss=3.8728 train_acc=88.14% | val_loss=0.3738 val_acc=86.62% | lr=1.000000e-05
Saved new best model to /tmp/bow_mlp_imdb_fc7qxxhf.pt
Epoch 126/301 | train_loss=3.8587 train_acc=88.17% | val_loss=0.3723 val_acc=86.56% | lr=1.000000e-05
Epoch 127/301 | train_loss=3.8438 train_acc=88.27% | val_loss=0.3710 val_acc=86.56% | lr=1.000000e-05
Epoch 128/301 | train_loss=3.8292 train_acc=88.28% | val_loss=0.3696 val_acc=86.66% | lr=1.000000e-05
Saved new best model to /tmp/bow_mlp_imdb_fc7qxxhf.pt
Epoch 129/301 | train_loss=3.8147 train_acc=88.28% | val_loss=0.3682 val_acc=86.78% | lr=1.000000e-05
Saved new best model to /tmp/bow_mlp_imdb_fc7qxxhf.pt
Epoch 130/301 | train_loss=3.8000 train_acc=88.35% | val_loss=0.3670 val_acc=86.68% | lr=1.000000e-05
Epoch 131/301 | train_loss=3.7851 train_acc=88.39% | val_loss=0.3658 val_acc=86.70% | lr=1.000000e-05
Epoch 132/301 | train_loss=3.7716 train_acc=88.48% | val_loss=0.3646 val_acc=86.74% | lr=1.000000e-05
Epoch 133/301 | train_loss=3.7582 train_acc=88.48% | val_loss=0.3635 val_acc=86.68% | lr=1.000000e-05
Epoch 134/301 | train_loss=3.7442 train_acc=88.55% | val_loss=0.3620 val_acc=86.84% | lr=1.000000e-05
Saved new best model to /tmp/bow_mlp_imdb_fc7qxxhf.pt
Epoch 135/301 | train_loss=3.7297 train_acc=88.51% | val_loss=0.3610 val_acc=86.88% | lr=1.000000e-05
Saved new best model to /tmp/bow_mlp_imdb_fc7qxxhf.pt
Epoch 136/301 | train_loss=3.7156 train_acc=88.66% | val_loss=0.3598 val_acc=86.86% | lr=1.000000e-05
Epoch 137/301 | train_loss=3.7027 train_acc=88.74% | val_loss=0.3588 val_acc=86.84% | lr=1.000000e-05
Epoch 138/301 | train_loss=3.6889 train_acc=88.75% | val_loss=0.3575 val_acc=86.90% | lr=1.000000e-05
Saved new best model to /tmp/bow_mlp_imdb_fc7qxxhf.pt
Epoch 139/301 | train_loss=3.6761 train_acc=88.83% | val_loss=0.3565 val_acc=86.96% | lr=1.000000e-05
Saved new best model to /tmp/bow_mlp_imdb_fc7qxxhf.pt
Epoch 140/301 | train_loss=3.6623 train_acc=88.83% | val_loss=0.3553 val_acc=87.00% | lr=1.000000e-05
Saved new best model to /tmp/bow_mlp_imdb_fc7qxxhf.pt
Epoch 141/301 | train_loss=3.6490 train_acc=88.94% | val_loss=0.3542 val_acc=87.00% | lr=1.000000e-05
Epoch 142/301 | train_loss=3.6363 train_acc=88.90% | val_loss=0.3534 val_acc=86.98% | lr=1.000000e-05
Epoch 143/301 | train_loss=3.6223 train_acc=88.97% | val_loss=0.3521 val_acc=87.02% | lr=1.000000e-05
Saved new best model to /tmp/bow_mlp_imdb_fc7qxxhf.pt
Epoch 144/301 | train_loss=3.6089 train_acc=88.97% | val_loss=0.3513 val_acc=87.02% | lr=1.000000e-05
Epoch 145/301 | train_loss=3.5969 train_acc=89.00% | val_loss=0.3501 val_acc=87.04% | lr=1.000000e-05
Saved new best model to /tmp/bow_mlp_imdb_fc7qxxhf.pt
Epoch 146/301 | train_loss=3.5839 train_acc=89.14% | val_loss=0.3491 val_acc=87.04% | lr=1.000000e-05
Epoch 147/301 | train_loss=3.5713 train_acc=89.14% | val_loss=0.3481 val_acc=87.10% | lr=1.000000e-05
Saved new best model to /tmp/bow_mlp_imdb_fc7qxxhf.pt
Epoch 148/301 | train_loss=3.5591 train_acc=89.20% | val_loss=0.3473 val_acc=87.12% | lr=1.000000e-05
Saved new best model to /tmp/bow_mlp_imdb_fc7qxxhf.pt
Epoch 149/301 | train_loss=3.5462 train_acc=89.20% | val_loss=0.3463 val_acc=87.12% | lr=1.000000e-05
Epoch 150/301 | train_loss=3.5335 train_acc=89.28% | val_loss=0.3455 val_acc=87.20% | lr=1.000000e-05
Saved new best model to /tmp/bow_mlp_imdb_fc7qxxhf.pt
Epoch 151/301 | train_loss=3.5206 train_acc=89.33% | val_loss=0.3445 val_acc=87.14% | lr=1.000000e-05
Epoch 152/301 | train_loss=3.5080 train_acc=89.37% | val_loss=0.3436 val_acc=87.14% | lr=1.000000e-05
Epoch 153/301 | train_loss=3.4958 train_acc=89.41% | val_loss=0.3429 val_acc=87.20% | lr=1.000000e-05
Epoch 154/301 | train_loss=3.4839 train_acc=89.52% | val_loss=0.3419 val_acc=87.20% | lr=1.000000e-05
Epoch 155/301 | train_loss=3.4725 train_acc=89.52% | val_loss=0.3411 val_acc=87.26% | lr=1.000000e-05
Saved new best model to /tmp/bow_mlp_imdb_fc7qxxhf.pt
Epoch 156/301 | train_loss=3.4604 train_acc=89.55% | val_loss=0.3402 val_acc=87.32% | lr=1.000000e-05
Saved new best model to /tmp/bow_mlp_imdb_fc7qxxhf.pt
Epoch 157/301 | train_loss=3.4479 train_acc=89.53% | val_loss=0.3393 val_acc=87.38% | lr=1.000000e-05
Saved new best model to /tmp/bow_mlp_imdb_fc7qxxhf.pt
Epoch 158/301 | train_loss=3.4366 train_acc=89.59% | val_loss=0.3386 val_acc=87.38% | lr=1.000000e-05
Epoch 159/301 | train_loss=3.4252 train_acc=89.63% | val_loss=0.3378 val_acc=87.40% | lr=1.000000e-05
Saved new best model to /tmp/bow_mlp_imdb_fc7qxxhf.pt
Epoch 160/301 | train_loss=3.4133 train_acc=89.60% | val_loss=0.3371 val_acc=87.38% | lr=1.000000e-05
Epoch 161/301 | train_loss=3.4015 train_acc=89.71% | val_loss=0.3362 val_acc=87.38% | lr=1.000000e-05
Epoch 162/301 | train_loss=3.3895 train_acc=89.73% | val_loss=0.3355 val_acc=87.42% | lr=1.000000e-05
Saved new best model to /tmp/bow_mlp_imdb_fc7qxxhf.pt
Epoch 163/301 | train_loss=3.3769 train_acc=89.74% | val_loss=0.3347 val_acc=87.42% | lr=1.000000e-05
Epoch 164/301 | train_loss=3.3659 train_acc=89.70% | val_loss=0.3342 val_acc=87.46% | lr=1.000000e-05
Saved new best model to /tmp/bow_mlp_imdb_fc7qxxhf.pt
Epoch 165/301 | train_loss=3.3544 train_acc=89.80% | val_loss=0.3333 val_acc=87.44% | lr=1.000000e-05
Epoch 166/301 | train_loss=3.3425 train_acc=89.82% | val_loss=0.3330 val_acc=87.46% | lr=1.000000e-05
Epoch 167/301 | train_loss=3.3307 train_acc=89.89% | val_loss=0.3320 val_acc=87.56% | lr=1.000000e-05
Saved new best model to /tmp/bow_mlp_imdb_fc7qxxhf.pt
Epoch 168/301 | train_loss=3.3198 train_acc=89.91% | val_loss=0.3313 val_acc=87.60% | lr=1.000000e-05
Saved new best model to /tmp/bow_mlp_imdb_fc7qxxhf.pt
Epoch 169/301 | train_loss=3.3092 train_acc=89.89% | val_loss=0.3306 val_acc=87.64% | lr=1.000000e-05
Saved new best model to /tmp/bow_mlp_imdb_fc7qxxhf.pt
Epoch 170/301 | train_loss=3.2974 train_acc=89.92% | val_loss=0.3299 val_acc=87.64% | lr=1.000000e-05
Epoch 171/301 | train_loss=3.2858 train_acc=89.98% | val_loss=0.3293 val_acc=87.62% | lr=1.000000e-05
Epoch 172/301 | train_loss=3.2739 train_acc=90.03% | val_loss=0.3286 val_acc=87.62% | lr=1.000000e-05
Epoch 173/301 | train_loss=3.2628 train_acc=90.03% | val_loss=0.3280 val_acc=87.60% | lr=1.000000e-05
Epoch 174/301 | train_loss=3.2514 train_acc=90.09% | val_loss=0.3274 val_acc=87.58% | lr=1.000000e-05
Epoch 175/301 | train_loss=3.2402 train_acc=90.11% | val_loss=0.3270 val_acc=87.68% | lr=1.000000e-05
Saved new best model to /tmp/bow_mlp_imdb_fc7qxxhf.pt
Epoch 176/301 | train_loss=3.2298 train_acc=90.11% | val_loss=0.3262 val_acc=87.72% | lr=1.000000e-05
Saved new best model to /tmp/bow_mlp_imdb_fc7qxxhf.pt
Epoch 177/301 | train_loss=3.2180 train_acc=90.19% | val_loss=0.3257 val_acc=87.66% | lr=1.000000e-05
Epoch 178/301 | train_loss=3.2068 train_acc=90.19% | val_loss=0.3250 val_acc=87.76% | lr=1.000000e-05
Saved new best model to /tmp/bow_mlp_imdb_fc7qxxhf.pt
Epoch 179/301 | train_loss=3.1958 train_acc=90.28% | val_loss=0.3247 val_acc=87.64% | lr=1.000000e-05
Epoch 180/301 | train_loss=3.1843 train_acc=90.22% | val_loss=0.3244 val_acc=87.70% | lr=1.000000e-05
Epoch 181/301 | train_loss=3.1732 train_acc=90.28% | val_loss=0.3234 val_acc=87.78% | lr=1.000000e-05
Saved new best model to /tmp/bow_mlp_imdb_fc7qxxhf.pt
Epoch 182/301 | train_loss=3.1626 train_acc=90.35% | val_loss=0.3228 val_acc=87.72% | lr=1.000000e-05
Epoch 183/301 | train_loss=3.1514 train_acc=90.36% | val_loss=0.3224 val_acc=87.82% | lr=1.000000e-05
Saved new best model to /tmp/bow_mlp_imdb_fc7qxxhf.pt
Epoch 184/301 | train_loss=3.1401 train_acc=90.42% | val_loss=0.3219 val_acc=87.82% | lr=1.000000e-05
Epoch 185/301 | train_loss=3.1301 train_acc=90.38% | val_loss=0.3215 val_acc=87.74% | lr=1.000000e-05
Epoch 186/301 | train_loss=3.1181 train_acc=90.47% | val_loss=0.3208 val_acc=87.82% | lr=1.000000e-05
Epoch 187/301 | train_loss=3.1085 train_acc=90.52% | val_loss=0.3203 val_acc=87.74% | lr=1.000000e-05
Epoch 188/301 | train_loss=3.0967 train_acc=90.52% | val_loss=0.3200 val_acc=87.82% | lr=1.000000e-05
Epoch 189/301 | train_loss=3.0867 train_acc=90.58% | val_loss=0.3194 val_acc=87.82% | lr=1.000000e-05
Epoch 190/301 | train_loss=3.0761 train_acc=90.59% | val_loss=0.3189 val_acc=87.80% | lr=1.000000e-05
Epoch 191/301 | train_loss=3.0653 train_acc=90.62% | val_loss=0.3184 val_acc=87.78% | lr=1.000000e-05
Epoch 192/301 | train_loss=3.0543 train_acc=90.64% | val_loss=0.3179 val_acc=87.82% | lr=1.000000e-05
Epoch 193/301 | train_loss=3.0434 train_acc=90.73% | val_loss=0.3175 val_acc=87.86% | lr=1.000000e-05
Saved new best model to /tmp/bow_mlp_imdb_fc7qxxhf.pt
Epoch 194/301 | train_loss=3.0324 train_acc=90.70% | val_loss=0.3170 val_acc=87.88% | lr=1.000000e-05
Saved new best model to /tmp/bow_mlp_imdb_fc7qxxhf.pt
Epoch 195/301 | train_loss=3.0221 train_acc=90.67% | val_loss=0.3166 val_acc=87.84% | lr=1.000000e-05
Epoch 196/301 | train_loss=3.0115 train_acc=90.75% | val_loss=0.3162 val_acc=87.92% | lr=1.000000e-05
Saved new best model to /tmp/bow_mlp_imdb_fc7qxxhf.pt
Epoch 197/301 | train_loss=3.0007 train_acc=90.77% | val_loss=0.3158 val_acc=87.86% | lr=1.000000e-05
Epoch 198/301 | train_loss=2.9904 train_acc=90.83% | val_loss=0.3156 val_acc=87.92% | lr=1.000000e-05
Epoch 199/301 | train_loss=2.9796 train_acc=90.83% | val_loss=0.3150 val_acc=87.88% | lr=1.000000e-05
Epoch 200/301 | train_loss=2.9691 train_acc=90.90% | val_loss=0.3146 val_acc=87.90% | lr=1.000000e-05
Epoch 201/301 | train_loss=2.9598 train_acc=90.89% | val_loss=0.3141 val_acc=87.88% | lr=1.000000e-05
Epoch 202/301 | train_loss=2.9483 train_acc=90.97% | val_loss=0.3138 val_acc=87.94% | lr=1.000000e-05
Saved new best model to /tmp/bow_mlp_imdb_fc7qxxhf.pt
Epoch 203/301 | train_loss=2.9389 train_acc=90.98% | val_loss=0.3135 val_acc=87.98% | lr=1.000000e-05
Saved new best model to /tmp/bow_mlp_imdb_fc7qxxhf.pt
Epoch 204/301 | train_loss=2.9291 train_acc=90.92% | val_loss=0.3134 val_acc=87.96% | lr=1.000000e-05
Epoch 205/301 | train_loss=2.9181 train_acc=91.03% | val_loss=0.3128 val_acc=88.00% | lr=1.000000e-05
Saved new best model to /tmp/bow_mlp_imdb_fc7qxxhf.pt
Epoch 206/301 | train_loss=2.9075 train_acc=91.07% | val_loss=0.3125 val_acc=87.96% | lr=1.000000e-05
Epoch 207/301 | train_loss=2.8978 train_acc=91.09% | val_loss=0.3119 val_acc=88.02% | lr=1.000000e-05
Saved new best model to /tmp/bow_mlp_imdb_fc7qxxhf.pt
Epoch 208/301 | train_loss=2.8880 train_acc=91.07% | val_loss=0.3116 val_acc=87.92% | lr=1.000000e-05
Epoch 209/301 | train_loss=2.8774 train_acc=91.14% | val_loss=0.3112 val_acc=87.92% | lr=1.000000e-05
Epoch 210/301 | train_loss=2.8673 train_acc=91.17% | val_loss=0.3110 val_acc=88.04% | lr=1.000000e-05
Saved new best model to /tmp/bow_mlp_imdb_fc7qxxhf.pt
Epoch 211/301 | train_loss=2.8576 train_acc=91.23% | val_loss=0.3105 val_acc=87.92% | lr=1.000000e-05
Epoch 212/301 | train_loss=2.8476 train_acc=91.19% | val_loss=0.3106 val_acc=87.98% | lr=1.000000e-05
Epoch 213/301 | train_loss=2.8383 train_acc=91.33% | val_loss=0.3099 val_acc=87.92% | lr=1.000000e-05
Epoch 214/301 | train_loss=2.8282 train_acc=91.25% | val_loss=0.3100 val_acc=87.96% | lr=1.000000e-05
Epoch 215/301 | train_loss=2.8185 train_acc=91.34% | val_loss=0.3097 val_acc=87.96% | lr=1.000000e-05
Epoch 216/301 | train_loss=2.8085 train_acc=91.38% | val_loss=0.3089 val_acc=87.94% | lr=1.000000e-05
Epoch 217/301 | train_loss=2.7993 train_acc=91.31% | val_loss=0.3093 val_acc=87.92% | lr=1.000000e-05
Epoch 218/301 | train_loss=2.7893 train_acc=91.30% | val_loss=0.3083 val_acc=87.90% | lr=1.000000e-05
Epoch 219/301 | train_loss=2.7793 train_acc=91.38% | val_loss=0.3082 val_acc=87.98% | lr=1.000000e-05
Epoch 220/301 | train_loss=2.7690 train_acc=91.45% | val_loss=0.3081 val_acc=87.94% | lr=1.000000e-05
Epoch 221/301 | train_loss=2.7600 train_acc=91.45% | val_loss=0.3076 val_acc=87.98% | lr=1.000000e-05
Epoch 222/301 | train_loss=2.7502 train_acc=91.44% | val_loss=0.3072 val_acc=87.96% | lr=1.000000e-05
Epoch 223/301 | train_loss=2.7411 train_acc=91.47% | val_loss=0.3071 val_acc=88.00% | lr=1.000000e-05
Epoch 224/301 | train_loss=2.7323 train_acc=91.53% | val_loss=0.3067 val_acc=87.94% | lr=1.000000e-05
Epoch 225/301 | train_loss=2.7225 train_acc=91.51% | val_loss=0.3068 val_acc=88.02% | lr=1.000000e-05
Epoch 226/301 | train_loss=2.7136 train_acc=91.56% | val_loss=0.3064 val_acc=87.98% | lr=1.000000e-05
Epoch 227/301 | train_loss=2.7040 train_acc=91.61% | val_loss=0.3059 val_acc=87.94% | lr=1.000000e-05
Epoch 228/301 | train_loss=2.6949 train_acc=91.62% | val_loss=0.3056 val_acc=87.88% | lr=1.000000e-05
Epoch 229/301 | train_loss=2.6858 train_acc=91.62% | val_loss=0.3059 val_acc=87.98% | lr=1.000000e-05
Epoch 230/301 | train_loss=2.6764 train_acc=91.64% | val_loss=0.3053 val_acc=87.98% | lr=1.000000e-05
Epoch 231/301 | train_loss=2.6670 train_acc=91.68% | val_loss=0.3051 val_acc=87.98% | lr=1.000000e-05
Epoch 232/301 | train_loss=2.6584 train_acc=91.70% | val_loss=0.3047 val_acc=87.98% | lr=1.000000e-05
Epoch 233/301 | train_loss=2.6488 train_acc=91.72% | val_loss=0.3045 val_acc=87.98% | lr=1.000000e-05
Epoch 234/301 | train_loss=2.6396 train_acc=91.74% | val_loss=0.3046 val_acc=87.98% | lr=1.000000e-05
Epoch 235/301 | train_loss=2.6312 train_acc=91.73% | val_loss=0.3041 val_acc=87.96% | lr=1.000000e-05
Epoch 236/301 | train_loss=2.6217 train_acc=91.81% | val_loss=0.3041 val_acc=87.88% | lr=1.000000e-05
Epoch 237/301 | train_loss=2.6136 train_acc=91.79% | val_loss=0.3036 val_acc=88.04% | lr=1.000000e-05
Epoch 238/301 | train_loss=2.6044 train_acc=91.84% | val_loss=0.3034 val_acc=87.98% | lr=1.000000e-05
Epoch 239/301 | train_loss=2.5956 train_acc=91.83% | val_loss=0.3032 val_acc=87.98% | lr=1.000000e-05
Epoch 240/301 | train_loss=2.5873 train_acc=91.90% | val_loss=0.3032 val_acc=87.86% | lr=1.000000e-05
Epoch 241/301 | train_loss=2.5786 train_acc=91.91% | val_loss=0.3031 val_acc=87.90% | lr=1.000000e-05
Epoch 242/301 | train_loss=2.5701 train_acc=91.91% | val_loss=0.3029 val_acc=87.84% | lr=1.000000e-05
Epoch 243/301 | train_loss=2.5615 train_acc=91.91% | val_loss=0.3026 val_acc=87.90% | lr=1.000000e-05
Epoch 244/301 | train_loss=2.5524 train_acc=91.93% | val_loss=0.3025 val_acc=87.96% | lr=1.000000e-05
Epoch 245/301 | train_loss=2.5441 train_acc=91.99% | val_loss=0.3021 val_acc=87.96% | lr=1.000000e-05
Epoch 246/301 | train_loss=2.5354 train_acc=91.97% | val_loss=0.3021 val_acc=87.96% | lr=1.000000e-05
Epoch 247/301 | train_loss=2.5266 train_acc=92.00% | val_loss=0.3019 val_acc=87.96% | lr=1.000000e-05
Epoch 248/301 | train_loss=2.5181 train_acc=92.02% | val_loss=0.3016 val_acc=87.98% | lr=1.000000e-05
Epoch 249/301 | train_loss=2.5092 train_acc=92.05% | val_loss=0.3015 val_acc=87.98% | lr=1.000000e-05
Epoch 250/301 | train_loss=2.5002 train_acc=92.05% | val_loss=0.3015 val_acc=88.00% | lr=1.000000e-05
Epoch 251/301 | train_loss=2.4925 train_acc=92.06% | val_loss=0.3012 val_acc=87.94% | lr=1.000000e-05
Epoch 252/301 | train_loss=2.4842 train_acc=92.13% | val_loss=0.3010 val_acc=87.96% | lr=1.000000e-05
Epoch 253/301 | train_loss=2.4759 train_acc=92.08% | val_loss=0.3009 val_acc=87.96% | lr=1.000000e-05
Epoch 254/301 | train_loss=2.4675 train_acc=92.12% | val_loss=0.3011 val_acc=88.00% | lr=1.000000e-05
Epoch 255/301 | train_loss=2.4596 train_acc=92.18% | val_loss=0.3011 val_acc=87.96% | lr=1.000000e-05
Epoch 256/301 | train_loss=2.4517 train_acc=92.18% | val_loss=0.3005 val_acc=88.00% | lr=1.000000e-05
Epoch 257/301 | train_loss=2.4436 train_acc=92.18% | val_loss=0.3003 val_acc=88.00% | lr=1.000000e-05
Epoch 258/301 | train_loss=2.4355 train_acc=92.25% | val_loss=0.3003 val_acc=88.02% | lr=1.000000e-05
Epoch 259/301 | train_loss=2.4267 train_acc=92.27% | val_loss=0.3001 val_acc=88.04% | lr=1.000000e-05
Epoch 260/301 | train_loss=2.4187 train_acc=92.27% | val_loss=0.3000 val_acc=88.06% | lr=1.000000e-05
Saved new best model to /tmp/bow_mlp_imdb_fc7qxxhf.pt
Epoch 261/301 | train_loss=2.4107 train_acc=92.31% | val_loss=0.3001 val_acc=88.04% | lr=1.000000e-05
Epoch 262/301 | train_loss=2.4028 train_acc=92.34% | val_loss=0.2999 val_acc=88.02% | lr=1.000000e-05
Epoch 263/301 | train_loss=2.3941 train_acc=92.38% | val_loss=0.2998 val_acc=88.06% | lr=1.000000e-05
Epoch 264/301 | train_loss=2.3866 train_acc=92.35% | val_loss=0.2998 val_acc=88.06% | lr=1.000000e-05
Epoch 265/301 | train_loss=2.3783 train_acc=92.39% | val_loss=0.3000 val_acc=88.04% | lr=1.000000e-05
Epoch 266/301 | train_loss=2.3706 train_acc=92.40% | val_loss=0.2994 val_acc=88.00% | lr=1.000000e-05
Epoch 267/301 | train_loss=2.3624 train_acc=92.44% | val_loss=0.2993 val_acc=87.96% | lr=1.000000e-05
Epoch 268/301 | train_loss=2.3548 train_acc=92.47% | val_loss=0.2992 val_acc=88.04% | lr=1.000000e-05
Epoch 269/301 | train_loss=2.3468 train_acc=92.45% | val_loss=0.2991 val_acc=88.02% | lr=1.000000e-05
Epoch 270/301 | train_loss=2.3383 train_acc=92.47% | val_loss=0.2990 val_acc=88.02% | lr=1.000000e-05
Epoch 271/301 | train_loss=2.3306 train_acc=92.53% | val_loss=0.2990 val_acc=87.98% | lr=1.000000e-05
Epoch 272/301 | train_loss=2.3233 train_acc=92.54% | val_loss=0.2994 val_acc=88.14% | lr=1.000000e-05
Saved new best model to /tmp/bow_mlp_imdb_fc7qxxhf.pt
Epoch 273/301 | train_loss=2.3158 train_acc=92.56% | val_loss=0.2991 val_acc=88.06% | lr=1.000000e-05
Epoch 274/301 | train_loss=2.3078 train_acc=92.58% | val_loss=0.2990 val_acc=88.08% | lr=1.000000e-05
Epoch 275/301 | train_loss=2.3002 train_acc=92.64% | val_loss=0.2991 val_acc=88.10% | lr=1.000000e-05
Epoch 276/301 | train_loss=2.2921 train_acc=92.60% | val_loss=0.2989 val_acc=88.10% | lr=1.000000e-05
Epoch 277/301 | train_loss=2.2847 train_acc=92.67% | val_loss=0.2987 val_acc=88.14% | lr=1.000000e-05
Epoch 278/301 | train_loss=2.2770 train_acc=92.63% | val_loss=0.2986 val_acc=88.06% | lr=1.000000e-05
Epoch 279/301 | train_loss=2.2699 train_acc=92.67% | val_loss=0.2984 val_acc=87.94% | lr=1.000000e-05
Epoch 280/301 | train_loss=2.2618 train_acc=92.71% | val_loss=0.2987 val_acc=88.08% | lr=1.000000e-05
Epoch 281/301 | train_loss=2.2547 train_acc=92.77% | val_loss=0.2986 val_acc=88.10% | lr=1.000000e-05
Epoch 282/301 | train_loss=2.2469 train_acc=92.77% | val_loss=0.2989 val_acc=88.02% | lr=1.000000e-05
Epoch 283/301 | train_loss=2.2394 train_acc=92.81% | val_loss=0.2982 val_acc=87.94% | lr=1.000000e-05
Epoch 284/301 | train_loss=2.2315 train_acc=92.81% | val_loss=0.2985 val_acc=88.12% | lr=1.000000e-05
Epoch 285/301 | train_loss=2.2242 train_acc=92.85% | val_loss=0.2985 val_acc=88.10% | lr=1.000000e-05
Epoch 286/301 | train_loss=2.2165 train_acc=92.84% | val_loss=0.2981 val_acc=87.98% | lr=1.000000e-05
Epoch 287/301 | train_loss=2.2089 train_acc=92.86% | val_loss=0.2981 val_acc=87.98% | lr=1.000000e-05
Epoch 288/301 | train_loss=2.2013 train_acc=92.87% | val_loss=0.2981 val_acc=88.06% | lr=1.000000e-05
Epoch 289/301 | train_loss=2.1941 train_acc=92.92% | val_loss=0.2981 val_acc=88.04% | lr=1.000000e-05
Epoch 290/301 | train_loss=2.1861 train_acc=92.97% | val_loss=0.2980 val_acc=88.02% | lr=1.000000e-05
Epoch 291/301 | train_loss=2.1786 train_acc=92.92% | val_loss=0.2980 val_acc=88.00% | lr=1.000000e-05
Epoch 292/301 | train_loss=2.1714 train_acc=92.96% | val_loss=0.2983 val_acc=88.10% | lr=1.000000e-05
Epoch 293/301 | train_loss=2.1639 train_acc=93.02% | val_loss=0.2981 val_acc=88.02% | lr=1.000000e-05
Epoch 294/301 | train_loss=2.1568 train_acc=93.05% | val_loss=0.2980 val_acc=88.04% | lr=1.000000e-05
Epoch 295/301 | train_loss=2.1493 train_acc=93.03% | val_loss=0.2980 val_acc=88.04% | lr=1.000000e-05
Epoch 296/301 | train_loss=2.1421 train_acc=93.04% | val_loss=0.2985 val_acc=88.06% | lr=1.000000e-05
Epoch 297/301 | train_loss=2.1345 train_acc=93.06% | val_loss=0.2983 val_acc=88.02% | lr=1.000000e-05
Epoch 298/301 | train_loss=2.1275 train_acc=93.09% | val_loss=0.2981 val_acc=87.96% | lr=1.000000e-05
Epoch 299/301 | train_loss=2.1198 train_acc=93.11% | val_loss=0.2979 val_acc=88.02% | lr=1.000000e-05
Epoch 300/301 | train_loss=2.1131 train_acc=93.10% | val_loss=0.2980 val_acc=88.02% | lr=1.000000e-05
Epoch 301/301 | train_loss=2.1058 train_acc=93.11% | val_loss=0.2980 val_acc=87.98% | lr=1.000000e-05
Epoch 302/301 | train_loss=2.0986 train_acc=93.14% | val_loss=0.2981 val_acc=88.00% | lr=1.000000e-05
Epoch 303/301 | train_loss=2.0908 train_acc=93.17% | val_loss=0.2984 val_acc=87.96% | lr=1.000000e-05
Epoch 304/301 | train_loss=2.0838 train_acc=93.14% | val_loss=0.2980 val_acc=87.98% | lr=1.000000e-05
Epoch 305/301 | train_loss=2.0772 train_acc=93.19% | val_loss=0.2980 val_acc=88.00% | lr=1.000000e-05
Epoch 306/301 | train_loss=2.0702 train_acc=93.20% | val_loss=0.2983 val_acc=87.92% | lr=1.000000e-05
Epoch 307/301 | train_loss=2.0625 train_acc=93.30% | val_loss=0.2980 val_acc=87.94% | lr=1.000000e-05
Validation loss has not improved for 8 epochs. Stopping training.
Test loss=0.3066 | Test accuracy=87.70%
