Loading IMDb dataset from local disk: /home/daniel/l/masteruppsats/np-reg/language/data/imdb_hf
Using device: cuda
BoW vocab size: 6250
Epoch 1/301 | train_loss=0.6815 train_acc=56.08% | val_loss=0.6626 val_acc=67.48% | lr=3.000000e-05
Saved new best model to /tmp/bow_mlp_imdb_mjwyijgq.pt
Epoch 2/301 | train_loss=0.6476 train_acc=66.31% | val_loss=0.6251 val_acc=74.52% | lr=3.000000e-05
Saved new best model to /tmp/bow_mlp_imdb_mjwyijgq.pt
Epoch 3/301 | train_loss=0.6100 train_acc=73.02% | val_loss=0.5868 val_acc=78.86% | lr=3.000000e-05
Saved new best model to /tmp/bow_mlp_imdb_mjwyijgq.pt
Epoch 4/301 | train_loss=0.5734 train_acc=77.31% | val_loss=0.5509 val_acc=81.98% | lr=3.000000e-05
Saved new best model to /tmp/bow_mlp_imdb_mjwyijgq.pt
Epoch 5/301 | train_loss=0.5408 train_acc=80.05% | val_loss=0.5209 val_acc=83.70% | lr=3.000000e-05
Saved new best model to /tmp/bow_mlp_imdb_mjwyijgq.pt
Epoch 6/301 | train_loss=0.5117 train_acc=81.89% | val_loss=0.4945 val_acc=84.64% | lr=3.000000e-05
Saved new best model to /tmp/bow_mlp_imdb_mjwyijgq.pt
Epoch 7/301 | train_loss=0.4859 train_acc=83.12% | val_loss=0.4698 val_acc=85.00% | lr=3.000000e-05
Saved new best model to /tmp/bow_mlp_imdb_mjwyijgq.pt
Epoch 8/301 | train_loss=0.4631 train_acc=83.95% | val_loss=0.4489 val_acc=85.54% | lr=3.000000e-05
Saved new best model to /tmp/bow_mlp_imdb_mjwyijgq.pt
Epoch 9/301 | train_loss=0.4407 train_acc=85.07% | val_loss=0.4310 val_acc=86.08% | lr=3.000000e-05
Saved new best model to /tmp/bow_mlp_imdb_mjwyijgq.pt
Epoch 10/301 | train_loss=0.4256 train_acc=85.47% | val_loss=0.4168 val_acc=86.26% | lr=3.000000e-05
Saved new best model to /tmp/bow_mlp_imdb_mjwyijgq.pt
Epoch 11/301 | train_loss=0.4095 train_acc=85.75% | val_loss=0.4035 val_acc=86.30% | lr=3.000000e-05
Saved new best model to /tmp/bow_mlp_imdb_mjwyijgq.pt
Epoch 12/301 | train_loss=0.3951 train_acc=86.35% | val_loss=0.3926 val_acc=86.40% | lr=3.000000e-05
Saved new best model to /tmp/bow_mlp_imdb_mjwyijgq.pt
Epoch 13/301 | train_loss=0.3843 train_acc=86.63% | val_loss=0.3834 val_acc=86.72% | lr=3.000000e-05
Saved new best model to /tmp/bow_mlp_imdb_mjwyijgq.pt
Epoch 14/301 | train_loss=0.3742 train_acc=87.05% | val_loss=0.3749 val_acc=86.80% | lr=3.000000e-05
Saved new best model to /tmp/bow_mlp_imdb_mjwyijgq.pt
Epoch 15/301 | train_loss=0.3607 train_acc=87.59% | val_loss=0.3663 val_acc=87.26% | lr=3.000000e-05
Saved new best model to /tmp/bow_mlp_imdb_mjwyijgq.pt
Epoch 16/301 | train_loss=0.3532 train_acc=87.69% | val_loss=0.3594 val_acc=87.44% | lr=3.000000e-05
Saved new best model to /tmp/bow_mlp_imdb_mjwyijgq.pt
Epoch 17/301 | train_loss=0.3459 train_acc=88.06% | val_loss=0.3537 val_acc=87.34% | lr=3.000000e-05
Epoch 18/301 | train_loss=0.3380 train_acc=88.27% | val_loss=0.3480 val_acc=87.60% | lr=3.000000e-05
Saved new best model to /tmp/bow_mlp_imdb_mjwyijgq.pt
Epoch 19/301 | train_loss=0.3275 train_acc=88.75% | val_loss=0.3425 val_acc=87.60% | lr=3.000000e-05
Epoch 20/301 | train_loss=0.3222 train_acc=88.62% | val_loss=0.3381 val_acc=87.70% | lr=3.000000e-05
Saved new best model to /tmp/bow_mlp_imdb_mjwyijgq.pt
Epoch 21/301 | train_loss=0.3137 train_acc=89.09% | val_loss=0.3338 val_acc=87.82% | lr=3.000000e-05
Saved new best model to /tmp/bow_mlp_imdb_mjwyijgq.pt
Epoch 22/301 | train_loss=0.3074 train_acc=89.31% | val_loss=0.3297 val_acc=87.94% | lr=3.000000e-05
Saved new best model to /tmp/bow_mlp_imdb_mjwyijgq.pt
Epoch 23/301 | train_loss=0.3041 train_acc=89.44% | val_loss=0.3269 val_acc=87.92% | lr=3.000000e-05
Epoch 24/301 | train_loss=0.2990 train_acc=89.66% | val_loss=0.3235 val_acc=87.94% | lr=3.000000e-05
Epoch 25/301 | train_loss=0.2918 train_acc=90.05% | val_loss=0.3200 val_acc=88.10% | lr=3.000000e-05
Saved new best model to /tmp/bow_mlp_imdb_mjwyijgq.pt
Epoch 26/301 | train_loss=0.2865 train_acc=89.96% | val_loss=0.3172 val_acc=88.14% | lr=3.000000e-05
Saved new best model to /tmp/bow_mlp_imdb_mjwyijgq.pt
Epoch 27/301 | train_loss=0.2825 train_acc=90.11% | val_loss=0.3149 val_acc=88.06% | lr=3.000000e-05
Epoch 28/301 | train_loss=0.2759 train_acc=90.32% | val_loss=0.3123 val_acc=88.16% | lr=3.000000e-05
Saved new best model to /tmp/bow_mlp_imdb_mjwyijgq.pt
Epoch 29/301 | train_loss=0.2725 train_acc=90.52% | val_loss=0.3106 val_acc=88.10% | lr=3.000000e-05
Epoch 30/301 | train_loss=0.2670 train_acc=90.64% | val_loss=0.3085 val_acc=88.22% | lr=3.000000e-05
Saved new best model to /tmp/bow_mlp_imdb_mjwyijgq.pt
Epoch 31/301 | train_loss=0.2628 train_acc=90.76% | val_loss=0.3068 val_acc=88.16% | lr=3.000000e-05
Epoch 32/301 | train_loss=0.2566 train_acc=91.11% | val_loss=0.3048 val_acc=88.30% | lr=3.000000e-05
Saved new best model to /tmp/bow_mlp_imdb_mjwyijgq.pt
Epoch 33/301 | train_loss=0.2546 train_acc=91.11% | val_loss=0.3035 val_acc=88.32% | lr=3.000000e-05
Saved new best model to /tmp/bow_mlp_imdb_mjwyijgq.pt
Epoch 34/301 | train_loss=0.2517 train_acc=91.09% | val_loss=0.3021 val_acc=88.30% | lr=3.000000e-05
Epoch 35/301 | train_loss=0.2480 train_acc=91.34% | val_loss=0.3010 val_acc=88.30% | lr=3.000000e-05
Epoch 36/301 | train_loss=0.2439 train_acc=91.45% | val_loss=0.3005 val_acc=88.28% | lr=3.000000e-05
Epoch 37/301 | train_loss=0.2410 train_acc=91.59% | val_loss=0.2988 val_acc=88.22% | lr=3.000000e-05
Epoch 38/301 | train_loss=0.2386 train_acc=91.50% | val_loss=0.2982 val_acc=88.22% | lr=3.000000e-05
Epoch 39/301 | train_loss=0.2358 train_acc=91.67% | val_loss=0.2974 val_acc=88.20% | lr=3.000000e-05
Epoch 40/301 | train_loss=0.2325 train_acc=91.81% | val_loss=0.2967 val_acc=88.10% | lr=3.000000e-05
Epoch 41/301 | train_loss=0.2262 train_acc=92.14% | val_loss=0.2958 val_acc=88.20% | lr=3.000000e-05
Epoch 42/301 | train_loss=0.2252 train_acc=92.18% | val_loss=0.2957 val_acc=88.22% | lr=3.000000e-05
Epoch 43/301 | train_loss=0.2215 train_acc=92.25% | val_loss=0.2950 val_acc=88.26% | lr=3.000000e-05
Epoch 44/301 | train_loss=0.2201 train_acc=92.27% | val_loss=0.2946 val_acc=88.24% | lr=3.000000e-05
Epoch 45/301 | train_loss=0.2159 train_acc=92.44% | val_loss=0.2942 val_acc=88.30% | lr=3.000000e-05
Epoch 46/301 | train_loss=0.2120 train_acc=92.51% | val_loss=0.2940 val_acc=88.32% | lr=3.000000e-05
Epoch 47/301 | train_loss=0.2106 train_acc=92.66% | val_loss=0.2939 val_acc=88.32% | lr=3.000000e-05
Epoch 48/301 | train_loss=0.2057 train_acc=92.86% | val_loss=0.2940 val_acc=88.30% | lr=3.000000e-05
Epoch 49/301 | train_loss=0.2042 train_acc=92.90% | val_loss=0.2937 val_acc=88.24% | lr=3.000000e-05
Epoch 50/301 | train_loss=0.2005 train_acc=92.95% | val_loss=0.2942 val_acc=88.28% | lr=3.000000e-05
Epoch 51/301 | train_loss=0.1998 train_acc=92.98% | val_loss=0.2937 val_acc=88.24% | lr=3.000000e-05
Epoch 52/301 | train_loss=0.1961 train_acc=93.06% | val_loss=0.2939 val_acc=88.28% | lr=3.000000e-05
Epoch 53/301 | train_loss=0.1920 train_acc=93.27% | val_loss=0.2944 val_acc=88.22% | lr=3.000000e-05
Epoch 54/301 | train_loss=0.1929 train_acc=93.33% | val_loss=0.2943 val_acc=88.16% | lr=3.000000e-05
Epoch 55/301 | train_loss=0.1900 train_acc=93.31% | val_loss=0.2948 val_acc=88.12% | lr=3.000000e-05
Epoch 56/301 | train_loss=0.1885 train_acc=93.44% | val_loss=0.2946 val_acc=88.14% | lr=3.000000e-05
Epoch 57/301 | train_loss=0.1843 train_acc=93.77% | val_loss=0.2949 val_acc=88.16% | lr=3.000000e-05
Epoch 58/301 | train_loss=0.1822 train_acc=93.69% | val_loss=0.2956 val_acc=88.10% | lr=3.000000e-05
Epoch 59/301 | train_loss=0.1809 train_acc=93.69% | val_loss=0.2964 val_acc=88.10% | lr=3.000000e-05
Validation loss has not improved for 8 epochs. Stopping training.
Test loss=0.3102 | Test accuracy=87.84%
