Loading IMDb dataset from local disk: /home/daniel/l/masteruppsats/np-reg/language/data/imdb_hf
Using device: cuda
BoW vocab size: 6250
Epoch 1/301 | train_loss=0.5534 train_acc=73.41% | val_loss=0.4452 val_acc=82.84% | lr=3.000000e-05
Saved new best model to /tmp/bow_mlp_imdb_uywlo81g.pt
Epoch 2/301 | train_loss=0.3794 train_acc=86.47% | val_loss=0.3610 val_acc=86.26% | lr=3.000000e-05
Saved new best model to /tmp/bow_mlp_imdb_uywlo81g.pt
Epoch 3/301 | train_loss=0.2941 train_acc=90.03% | val_loss=0.3233 val_acc=87.44% | lr=3.000000e-05
Saved new best model to /tmp/bow_mlp_imdb_uywlo81g.pt
Epoch 4/301 | train_loss=0.2360 train_acc=92.42% | val_loss=0.3022 val_acc=87.94% | lr=3.000000e-05
Saved new best model to /tmp/bow_mlp_imdb_uywlo81g.pt
Epoch 5/301 | train_loss=0.1909 train_acc=94.13% | val_loss=0.2925 val_acc=88.02% | lr=3.000000e-05
Saved new best model to /tmp/bow_mlp_imdb_uywlo81g.pt
Epoch 6/301 | train_loss=0.1542 train_acc=95.70% | val_loss=0.2897 val_acc=87.82% | lr=3.000000e-05
Epoch 7/301 | train_loss=0.1238 train_acc=96.90% | val_loss=0.2909 val_acc=87.64% | lr=3.000000e-05
Epoch 8/301 | train_loss=0.0984 train_acc=97.80% | val_loss=0.3009 val_acc=87.46% | lr=3.000000e-05
Epoch 9/301 | train_loss=0.0775 train_acc=98.47% | val_loss=0.3063 val_acc=87.38% | lr=3.000000e-05
Epoch 10/301 | train_loss=0.0610 train_acc=98.95% | val_loss=0.3168 val_acc=87.54% | lr=3.000000e-05
Epoch 11/301 | train_loss=0.0478 train_acc=99.28% | val_loss=0.3262 val_acc=87.34% | lr=3.000000e-05
Epoch 12/301 | train_loss=0.0371 train_acc=99.50% | val_loss=0.3383 val_acc=87.26% | lr=3.000000e-05
Epoch 13/301 | train_loss=0.0287 train_acc=99.70% | val_loss=0.3523 val_acc=87.20% | lr=3.000000e-05
Epoch 14/301 | train_loss=0.0222 train_acc=99.80% | val_loss=0.3718 val_acc=86.98% | lr=3.000000e-05
Validation loss has not improved for 8 epochs. Stopping training.
Test loss=0.2993 | Test accuracy=87.44%
