Loading IMDb dataset from local disk: /home/daniel/l/masteruppsats/np-reg/language/data/imdb_hf
Using device: cuda
BoW vocab size: 6250
Epoch 1/301 | train_loss=0.6863 train_acc=55.52% | val_loss=0.6530 val_acc=62.62% | lr=1.000000e-05
Saved new best model to /tmp/bow_mlp_imdb_petl7f1b.pt
Epoch 2/301 | train_loss=0.6335 train_acc=66.02% | val_loss=0.6136 val_acc=69.84% | lr=1.000000e-05
Saved new best model to /tmp/bow_mlp_imdb_petl7f1b.pt
Epoch 3/301 | train_loss=0.5934 train_acc=72.39% | val_loss=0.5784 val_acc=74.50% | lr=1.000000e-05
Saved new best model to /tmp/bow_mlp_imdb_petl7f1b.pt
Epoch 4/301 | train_loss=0.5570 train_acc=76.52% | val_loss=0.5474 val_acc=77.60% | lr=1.000000e-05
Saved new best model to /tmp/bow_mlp_imdb_petl7f1b.pt
Epoch 5/301 | train_loss=0.5249 train_acc=79.50% | val_loss=0.5240 val_acc=79.94% | lr=1.000000e-05
Saved new best model to /tmp/bow_mlp_imdb_petl7f1b.pt
Epoch 6/301 | train_loss=0.4961 train_acc=81.71% | val_loss=0.4933 val_acc=81.50% | lr=1.000000e-05
Saved new best model to /tmp/bow_mlp_imdb_petl7f1b.pt
Epoch 7/301 | train_loss=0.4727 train_acc=83.59% | val_loss=0.4789 val_acc=82.82% | lr=1.000000e-05
Saved new best model to /tmp/bow_mlp_imdb_petl7f1b.pt
Epoch 8/301 | train_loss=0.4523 train_acc=84.91% | val_loss=0.4601 val_acc=83.46% | lr=1.000000e-05
Saved new best model to /tmp/bow_mlp_imdb_petl7f1b.pt
Epoch 9/301 | train_loss=0.4339 train_acc=85.97% | val_loss=0.4466 val_acc=84.36% | lr=1.000000e-05
Saved new best model to /tmp/bow_mlp_imdb_petl7f1b.pt
Epoch 10/301 | train_loss=0.4175 train_acc=86.72% | val_loss=0.4329 val_acc=84.82% | lr=1.000000e-05
Saved new best model to /tmp/bow_mlp_imdb_petl7f1b.pt
Epoch 11/301 | train_loss=0.4026 train_acc=87.68% | val_loss=0.4228 val_acc=85.24% | lr=1.000000e-05
Saved new best model to /tmp/bow_mlp_imdb_petl7f1b.pt
Epoch 12/301 | train_loss=0.3889 train_acc=88.33% | val_loss=0.4176 val_acc=85.62% | lr=1.000000e-05
Saved new best model to /tmp/bow_mlp_imdb_petl7f1b.pt
Epoch 13/301 | train_loss=0.3767 train_acc=88.61% | val_loss=0.4050 val_acc=85.80% | lr=1.000000e-05
Saved new best model to /tmp/bow_mlp_imdb_petl7f1b.pt
Epoch 14/301 | train_loss=0.3634 train_acc=89.55% | val_loss=0.3948 val_acc=85.92% | lr=1.000000e-05
Saved new best model to /tmp/bow_mlp_imdb_petl7f1b.pt
Epoch 15/301 | train_loss=0.3522 train_acc=89.91% | val_loss=0.3884 val_acc=86.46% | lr=1.000000e-05
Saved new best model to /tmp/bow_mlp_imdb_petl7f1b.pt
Epoch 16/301 | train_loss=0.3426 train_acc=90.22% | val_loss=0.3791 val_acc=86.58% | lr=1.000000e-05
Saved new best model to /tmp/bow_mlp_imdb_petl7f1b.pt
Epoch 17/301 | train_loss=0.3319 train_acc=90.54% | val_loss=0.3706 val_acc=87.00% | lr=1.000000e-05
Saved new best model to /tmp/bow_mlp_imdb_petl7f1b.pt
Epoch 18/301 | train_loss=0.3227 train_acc=91.03% | val_loss=0.3676 val_acc=86.88% | lr=1.000000e-05
Epoch 19/301 | train_loss=0.3140 train_acc=91.41% | val_loss=0.3618 val_acc=87.12% | lr=1.000000e-05
Saved new best model to /tmp/bow_mlp_imdb_petl7f1b.pt
Epoch 20/301 | train_loss=0.3048 train_acc=91.79% | val_loss=0.3570 val_acc=87.18% | lr=1.000000e-05
Saved new best model to /tmp/bow_mlp_imdb_petl7f1b.pt
Epoch 21/301 | train_loss=0.2969 train_acc=92.07% | val_loss=0.3481 val_acc=87.32% | lr=1.000000e-05
Saved new best model to /tmp/bow_mlp_imdb_petl7f1b.pt
Epoch 22/301 | train_loss=0.2886 train_acc=92.40% | val_loss=0.3459 val_acc=87.52% | lr=1.000000e-05
Saved new best model to /tmp/bow_mlp_imdb_petl7f1b.pt
Epoch 23/301 | train_loss=0.2812 train_acc=92.67% | val_loss=0.3435 val_acc=87.70% | lr=1.000000e-05
Saved new best model to /tmp/bow_mlp_imdb_petl7f1b.pt
Epoch 24/301 | train_loss=0.2741 train_acc=92.76% | val_loss=0.3396 val_acc=87.74% | lr=1.000000e-05
Saved new best model to /tmp/bow_mlp_imdb_petl7f1b.pt
Epoch 25/301 | train_loss=0.2659 train_acc=93.24% | val_loss=0.3365 val_acc=87.78% | lr=1.000000e-05
Saved new best model to /tmp/bow_mlp_imdb_petl7f1b.pt
Epoch 26/301 | train_loss=0.2594 train_acc=93.58% | val_loss=0.3302 val_acc=87.84% | lr=1.000000e-05
Saved new best model to /tmp/bow_mlp_imdb_petl7f1b.pt
Epoch 27/301 | train_loss=0.2536 train_acc=93.62% | val_loss=0.3298 val_acc=87.94% | lr=1.000000e-05
Saved new best model to /tmp/bow_mlp_imdb_petl7f1b.pt
Epoch 28/301 | train_loss=0.2461 train_acc=93.98% | val_loss=0.3292 val_acc=87.78% | lr=1.000000e-05
Epoch 29/301 | train_loss=0.2397 train_acc=94.33% | val_loss=0.3247 val_acc=87.84% | lr=1.000000e-05
Epoch 30/301 | train_loss=0.2340 train_acc=94.53% | val_loss=0.3184 val_acc=87.86% | lr=1.000000e-05
Epoch 31/301 | train_loss=0.2277 train_acc=94.73% | val_loss=0.3184 val_acc=87.72% | lr=1.000000e-05
Epoch 32/301 | train_loss=0.2218 train_acc=94.94% | val_loss=0.3182 val_acc=88.12% | lr=1.000000e-05
Saved new best model to /tmp/bow_mlp_imdb_petl7f1b.pt
Epoch 33/301 | train_loss=0.2165 train_acc=95.17% | val_loss=0.3135 val_acc=87.74% | lr=1.000000e-05
Epoch 34/301 | train_loss=0.2115 train_acc=95.31% | val_loss=0.3173 val_acc=87.96% | lr=1.000000e-05
Epoch 35/301 | train_loss=0.2068 train_acc=95.46% | val_loss=0.3124 val_acc=88.08% | lr=1.000000e-05
Epoch 36/301 | train_loss=0.2019 train_acc=95.60% | val_loss=0.3102 val_acc=87.88% | lr=1.000000e-05
Epoch 37/301 | train_loss=0.1952 train_acc=95.89% | val_loss=0.3059 val_acc=87.96% | lr=1.000000e-05
Epoch 38/301 | train_loss=0.1909 train_acc=96.00% | val_loss=0.3065 val_acc=87.94% | lr=1.000000e-05
Epoch 39/301 | train_loss=0.1862 train_acc=96.25% | val_loss=0.3027 val_acc=88.10% | lr=1.000000e-05
Epoch 40/301 | train_loss=0.1832 train_acc=96.27% | val_loss=0.3038 val_acc=88.02% | lr=1.000000e-05
Epoch 41/301 | train_loss=0.1772 train_acc=96.51% | val_loss=0.3023 val_acc=87.90% | lr=1.000000e-05
Epoch 42/301 | train_loss=0.1743 train_acc=96.64% | val_loss=0.3018 val_acc=87.76% | lr=1.000000e-05
Epoch 43/301 | train_loss=0.1679 train_acc=96.89% | val_loss=0.3014 val_acc=87.84% | lr=1.000000e-05
Epoch 44/301 | train_loss=0.1649 train_acc=97.01% | val_loss=0.3006 val_acc=88.08% | lr=1.000000e-05
Epoch 45/301 | train_loss=0.1603 train_acc=97.10% | val_loss=0.2983 val_acc=88.04% | lr=1.000000e-05
Epoch 46/301 | train_loss=0.1565 train_acc=97.26% | val_loss=0.3001 val_acc=87.72% | lr=1.000000e-05
Epoch 47/301 | train_loss=0.1524 train_acc=97.32% | val_loss=0.2990 val_acc=87.84% | lr=1.000000e-05
Epoch 48/301 | train_loss=0.1501 train_acc=97.39% | val_loss=0.2983 val_acc=87.92% | lr=1.000000e-05
Epoch 49/301 | train_loss=0.1458 train_acc=97.53% | val_loss=0.2989 val_acc=87.96% | lr=1.000000e-05
Epoch 50/301 | train_loss=0.1427 train_acc=97.58% | val_loss=0.2989 val_acc=87.88% | lr=1.000000e-05
Epoch 51/301 | train_loss=0.1394 train_acc=97.69% | val_loss=0.2984 val_acc=87.88% | lr=1.000000e-05
Epoch 52/301 | train_loss=0.1354 train_acc=97.86% | val_loss=0.2990 val_acc=87.70% | lr=1.000000e-05
Epoch 53/301 | train_loss=0.1328 train_acc=97.84% | val_loss=0.2989 val_acc=87.68% | lr=1.000000e-05
Epoch 54/301 | train_loss=0.1289 train_acc=98.01% | val_loss=0.3002 val_acc=87.74% | lr=1.000000e-05
Epoch 55/301 | train_loss=0.1261 train_acc=98.16% | val_loss=0.3006 val_acc=87.46% | lr=1.000000e-05
Epoch 56/301 | train_loss=0.1230 train_acc=98.16% | val_loss=0.2991 val_acc=87.62% | lr=1.000000e-05
Validation loss has not improved for 8 epochs. Stopping training.
Test loss=0.3252 | Test accuracy=87.36%
