Loading IMDb dataset from local disk: /home/daniel/l/masteruppsats/np-reg/language/data/imdb_hf
Using device: cuda
BoW vocab size: 6250
Epoch 1/301 | train_loss=0.6862 train_acc=55.34% | val_loss=0.6534 val_acc=63.02% | lr=1.000000e-05
Saved new best model to /tmp/bow_mlp_imdb_e1cpoezw.pt
Epoch 2/301 | train_loss=0.6245 train_acc=68.25% | val_loss=0.5910 val_acc=72.50% | lr=1.000000e-05
Saved new best model to /tmp/bow_mlp_imdb_e1cpoezw.pt
Epoch 3/301 | train_loss=0.5636 train_acc=75.38% | val_loss=0.5419 val_acc=76.80% | lr=1.000000e-05
Saved new best model to /tmp/bow_mlp_imdb_e1cpoezw.pt
Epoch 4/301 | train_loss=0.5178 train_acc=79.30% | val_loss=0.5068 val_acc=79.62% | lr=1.000000e-05
Saved new best model to /tmp/bow_mlp_imdb_e1cpoezw.pt
Epoch 5/301 | train_loss=0.4819 train_acc=82.03% | val_loss=0.4790 val_acc=81.32% | lr=1.000000e-05
Saved new best model to /tmp/bow_mlp_imdb_e1cpoezw.pt
Epoch 6/301 | train_loss=0.4519 train_acc=83.91% | val_loss=0.4561 val_acc=82.60% | lr=1.000000e-05
Saved new best model to /tmp/bow_mlp_imdb_e1cpoezw.pt
Epoch 7/301 | train_loss=0.4261 train_acc=85.23% | val_loss=0.4365 val_acc=83.38% | lr=1.000000e-05
Saved new best model to /tmp/bow_mlp_imdb_e1cpoezw.pt
Epoch 8/301 | train_loss=0.4034 train_acc=86.26% | val_loss=0.4197 val_acc=83.96% | lr=1.000000e-05
Saved new best model to /tmp/bow_mlp_imdb_e1cpoezw.pt
Epoch 9/301 | train_loss=0.3831 train_acc=87.28% | val_loss=0.4050 val_acc=84.60% | lr=1.000000e-05
Saved new best model to /tmp/bow_mlp_imdb_e1cpoezw.pt
Epoch 10/301 | train_loss=0.3646 train_acc=87.95% | val_loss=0.3926 val_acc=85.14% | lr=1.000000e-05
Saved new best model to /tmp/bow_mlp_imdb_e1cpoezw.pt
Epoch 11/301 | train_loss=0.3480 train_acc=88.70% | val_loss=0.3809 val_acc=85.36% | lr=1.000000e-05
Saved new best model to /tmp/bow_mlp_imdb_e1cpoezw.pt
Epoch 12/301 | train_loss=0.3328 train_acc=89.34% | val_loss=0.3711 val_acc=85.58% | lr=1.000000e-05
Saved new best model to /tmp/bow_mlp_imdb_e1cpoezw.pt
Epoch 13/301 | train_loss=0.3188 train_acc=89.98% | val_loss=0.3627 val_acc=86.04% | lr=1.000000e-05
Saved new best model to /tmp/bow_mlp_imdb_e1cpoezw.pt
Epoch 14/301 | train_loss=0.3058 train_acc=90.55% | val_loss=0.3545 val_acc=86.26% | lr=1.000000e-05
Saved new best model to /tmp/bow_mlp_imdb_e1cpoezw.pt
Epoch 15/301 | train_loss=0.2937 train_acc=91.03% | val_loss=0.3476 val_acc=86.38% | lr=1.000000e-05
Saved new best model to /tmp/bow_mlp_imdb_e1cpoezw.pt
Epoch 16/301 | train_loss=0.2824 train_acc=91.47% | val_loss=0.3417 val_acc=86.90% | lr=1.000000e-05
Saved new best model to /tmp/bow_mlp_imdb_e1cpoezw.pt
Epoch 17/301 | train_loss=0.2716 train_acc=91.83% | val_loss=0.3360 val_acc=87.10% | lr=1.000000e-05
Saved new best model to /tmp/bow_mlp_imdb_e1cpoezw.pt
Epoch 18/301 | train_loss=0.2614 train_acc=92.22% | val_loss=0.3304 val_acc=87.28% | lr=1.000000e-05
Saved new best model to /tmp/bow_mlp_imdb_e1cpoezw.pt
Epoch 19/301 | train_loss=0.2518 train_acc=92.59% | val_loss=0.3262 val_acc=87.46% | lr=1.000000e-05
Saved new best model to /tmp/bow_mlp_imdb_e1cpoezw.pt
Epoch 20/301 | train_loss=0.2426 train_acc=92.88% | val_loss=0.3218 val_acc=87.56% | lr=1.000000e-05
Saved new best model to /tmp/bow_mlp_imdb_e1cpoezw.pt
Epoch 21/301 | train_loss=0.2338 train_acc=93.23% | val_loss=0.3185 val_acc=87.50% | lr=1.000000e-05
Epoch 22/301 | train_loss=0.2253 train_acc=93.52% | val_loss=0.3147 val_acc=87.56% | lr=1.000000e-05
Epoch 23/301 | train_loss=0.2172 train_acc=93.88% | val_loss=0.3126 val_acc=87.84% | lr=1.000000e-05
Saved new best model to /tmp/bow_mlp_imdb_e1cpoezw.pt
Epoch 24/301 | train_loss=0.2096 train_acc=94.11% | val_loss=0.3093 val_acc=87.80% | lr=1.000000e-05
Epoch 25/301 | train_loss=0.2020 train_acc=94.42% | val_loss=0.3062 val_acc=87.90% | lr=1.000000e-05
Saved new best model to /tmp/bow_mlp_imdb_e1cpoezw.pt
Epoch 26/301 | train_loss=0.1948 train_acc=94.78% | val_loss=0.3038 val_acc=87.92% | lr=1.000000e-05
Saved new best model to /tmp/bow_mlp_imdb_e1cpoezw.pt
Epoch 27/301 | train_loss=0.1878 train_acc=95.07% | val_loss=0.3016 val_acc=87.92% | lr=1.000000e-05
Epoch 28/301 | train_loss=0.1811 train_acc=95.30% | val_loss=0.2999 val_acc=88.00% | lr=1.000000e-05
Saved new best model to /tmp/bow_mlp_imdb_e1cpoezw.pt
Epoch 29/301 | train_loss=0.1746 train_acc=95.58% | val_loss=0.2985 val_acc=88.06% | lr=1.000000e-05
Saved new best model to /tmp/bow_mlp_imdb_e1cpoezw.pt
Epoch 30/301 | train_loss=0.1684 train_acc=95.79% | val_loss=0.2966 val_acc=88.02% | lr=1.000000e-05
Epoch 31/301 | train_loss=0.1624 train_acc=96.09% | val_loss=0.2962 val_acc=88.14% | lr=1.000000e-05
Saved new best model to /tmp/bow_mlp_imdb_e1cpoezw.pt
Epoch 32/301 | train_loss=0.1564 train_acc=96.33% | val_loss=0.2947 val_acc=88.24% | lr=1.000000e-05
Saved new best model to /tmp/bow_mlp_imdb_e1cpoezw.pt
Epoch 33/301 | train_loss=0.1507 train_acc=96.58% | val_loss=0.2938 val_acc=88.16% | lr=1.000000e-05
Epoch 34/301 | train_loss=0.1453 train_acc=96.80% | val_loss=0.2928 val_acc=88.26% | lr=1.000000e-05
Saved new best model to /tmp/bow_mlp_imdb_e1cpoezw.pt
Epoch 35/301 | train_loss=0.1400 train_acc=96.97% | val_loss=0.2923 val_acc=88.16% | lr=1.000000e-05
Epoch 36/301 | train_loss=0.1348 train_acc=97.17% | val_loss=0.2924 val_acc=88.14% | lr=1.000000e-05
Epoch 37/301 | train_loss=0.1300 train_acc=97.25% | val_loss=0.2914 val_acc=88.10% | lr=1.000000e-05
Epoch 38/301 | train_loss=0.1251 train_acc=97.47% | val_loss=0.2912 val_acc=88.08% | lr=1.000000e-05
Epoch 39/301 | train_loss=0.1205 train_acc=97.55% | val_loss=0.2909 val_acc=88.08% | lr=1.000000e-05
Epoch 40/301 | train_loss=0.1160 train_acc=97.67% | val_loss=0.2908 val_acc=88.22% | lr=1.000000e-05
Epoch 41/301 | train_loss=0.1116 train_acc=97.79% | val_loss=0.2911 val_acc=88.08% | lr=1.000000e-05
Epoch 42/301 | train_loss=0.1074 train_acc=97.94% | val_loss=0.2914 val_acc=87.98% | lr=1.000000e-05
Epoch 43/301 | train_loss=0.1034 train_acc=98.02% | val_loss=0.2918 val_acc=87.98% | lr=1.000000e-05
Epoch 44/301 | train_loss=0.0994 train_acc=98.15% | val_loss=0.2917 val_acc=87.86% | lr=1.000000e-05
Epoch 45/301 | train_loss=0.0955 train_acc=98.28% | val_loss=0.2922 val_acc=87.86% | lr=1.000000e-05
Epoch 46/301 | train_loss=0.0919 train_acc=98.45% | val_loss=0.2936 val_acc=87.74% | lr=1.000000e-05
Epoch 47/301 | train_loss=0.0883 train_acc=98.53% | val_loss=0.2937 val_acc=87.76% | lr=1.000000e-05
Epoch 48/301 | train_loss=0.0849 train_acc=98.62% | val_loss=0.2947 val_acc=87.70% | lr=1.000000e-05
Validation loss has not improved for 8 epochs. Stopping training.
Test loss=0.3015 | Test accuracy=87.36%
