Loading IMDb dataset from local disk: /home/daniel/l/masteruppsats/np-reg/language/data/imdb_hf
Using device: cuda
BoW vocab size: 6250
Epoch 1/301 | train_loss=0.6544 train_acc=64.25% | val_loss=0.6036 val_acc=75.62% | lr=3.000000e-05
Saved new best model to /tmp/bow_mlp_imdb_rvf8npgu.pt
Epoch 2/301 | train_loss=0.5592 train_acc=78.93% | val_loss=0.5131 val_acc=83.68% | lr=3.000000e-05
Saved new best model to /tmp/bow_mlp_imdb_rvf8npgu.pt
Epoch 3/301 | train_loss=0.4821 train_acc=83.56% | val_loss=0.4509 val_acc=85.42% | lr=3.000000e-05
Saved new best model to /tmp/bow_mlp_imdb_rvf8npgu.pt
Epoch 4/301 | train_loss=0.4249 train_acc=85.68% | val_loss=0.4078 val_acc=86.12% | lr=3.000000e-05
Saved new best model to /tmp/bow_mlp_imdb_rvf8npgu.pt
Epoch 5/301 | train_loss=0.3876 train_acc=86.45% | val_loss=0.3796 val_acc=86.70% | lr=3.000000e-05
Saved new best model to /tmp/bow_mlp_imdb_rvf8npgu.pt
Epoch 6/301 | train_loss=0.3569 train_acc=87.75% | val_loss=0.3590 val_acc=86.96% | lr=3.000000e-05
Saved new best model to /tmp/bow_mlp_imdb_rvf8npgu.pt
Epoch 7/301 | train_loss=0.3357 train_acc=88.44% | val_loss=0.3452 val_acc=87.34% | lr=3.000000e-05
Saved new best model to /tmp/bow_mlp_imdb_rvf8npgu.pt
Epoch 8/301 | train_loss=0.3151 train_acc=89.12% | val_loss=0.3323 val_acc=87.78% | lr=3.000000e-05
Saved new best model to /tmp/bow_mlp_imdb_rvf8npgu.pt
Epoch 9/301 | train_loss=0.3011 train_acc=89.48% | val_loss=0.3236 val_acc=87.94% | lr=3.000000e-05
Saved new best model to /tmp/bow_mlp_imdb_rvf8npgu.pt
Epoch 10/301 | train_loss=0.2861 train_acc=89.85% | val_loss=0.3157 val_acc=87.94% | lr=3.000000e-05
Epoch 11/301 | train_loss=0.2755 train_acc=90.20% | val_loss=0.3105 val_acc=88.04% | lr=3.000000e-05
Saved new best model to /tmp/bow_mlp_imdb_rvf8npgu.pt
Epoch 12/301 | train_loss=0.2633 train_acc=90.66% | val_loss=0.3059 val_acc=88.30% | lr=3.000000e-05
Saved new best model to /tmp/bow_mlp_imdb_rvf8npgu.pt
Epoch 13/301 | train_loss=0.2531 train_acc=90.94% | val_loss=0.3022 val_acc=88.34% | lr=3.000000e-05
Saved new best model to /tmp/bow_mlp_imdb_rvf8npgu.pt
Epoch 14/301 | train_loss=0.2440 train_acc=91.32% | val_loss=0.2995 val_acc=88.40% | lr=3.000000e-05
Saved new best model to /tmp/bow_mlp_imdb_rvf8npgu.pt
Epoch 15/301 | train_loss=0.2380 train_acc=91.42% | val_loss=0.2980 val_acc=88.42% | lr=3.000000e-05
Saved new best model to /tmp/bow_mlp_imdb_rvf8npgu.pt
Epoch 16/301 | train_loss=0.2285 train_acc=91.90% | val_loss=0.2964 val_acc=88.24% | lr=3.000000e-05
Epoch 17/301 | train_loss=0.2212 train_acc=92.15% | val_loss=0.2953 val_acc=88.14% | lr=3.000000e-05
Epoch 18/301 | train_loss=0.2145 train_acc=92.42% | val_loss=0.2943 val_acc=88.34% | lr=3.000000e-05
Epoch 19/301 | train_loss=0.2088 train_acc=92.58% | val_loss=0.2943 val_acc=88.34% | lr=3.000000e-05
Epoch 20/301 | train_loss=0.2028 train_acc=92.73% | val_loss=0.2942 val_acc=88.28% | lr=3.000000e-05
Epoch 21/301 | train_loss=0.1949 train_acc=93.06% | val_loss=0.2953 val_acc=88.06% | lr=3.000000e-05
Epoch 22/301 | train_loss=0.1917 train_acc=93.09% | val_loss=0.2954 val_acc=87.92% | lr=3.000000e-05
Epoch 23/301 | train_loss=0.1851 train_acc=93.44% | val_loss=0.2973 val_acc=88.02% | lr=3.000000e-05
Epoch 24/301 | train_loss=0.1816 train_acc=93.62% | val_loss=0.2981 val_acc=87.86% | lr=3.000000e-05
Epoch 25/301 | train_loss=0.1751 train_acc=93.89% | val_loss=0.3011 val_acc=87.90% | lr=3.000000e-05
Epoch 26/301 | train_loss=0.1714 train_acc=93.94% | val_loss=0.3012 val_acc=87.88% | lr=3.000000e-05
Epoch 27/301 | train_loss=0.1658 train_acc=94.18% | val_loss=0.3039 val_acc=87.70% | lr=3.000000e-05
Epoch 28/301 | train_loss=0.1638 train_acc=94.22% | val_loss=0.3056 val_acc=87.84% | lr=3.000000e-05
Validation loss has not improved for 8 epochs. Stopping training.
Test loss=0.3047 | Test accuracy=87.94%
