Loading IMDb dataset from local disk: /home/daniel/l/masteruppsats/np-reg/language/data/imdb_hf
Using device: cuda
BoW vocab size: 6250
Epoch 1/301 | train_loss=0.6841 train_acc=55.33% | val_loss=0.6676 val_acc=64.12% | lr=1.000000e-05
Saved new best model to /tmp/bow_mlp_imdb_rqyhyzkh.pt
Epoch 2/301 | train_loss=0.6529 train_acc=66.64% | val_loss=0.6343 val_acc=73.18% | lr=1.000000e-05
Saved new best model to /tmp/bow_mlp_imdb_rqyhyzkh.pt
Epoch 3/301 | train_loss=0.6197 train_acc=73.27% | val_loss=0.6014 val_acc=77.50% | lr=1.000000e-05
Saved new best model to /tmp/bow_mlp_imdb_rqyhyzkh.pt
Epoch 4/301 | train_loss=0.5870 train_acc=77.08% | val_loss=0.5696 val_acc=81.16% | lr=1.000000e-05
Saved new best model to /tmp/bow_mlp_imdb_rqyhyzkh.pt
Epoch 5/301 | train_loss=0.5565 train_acc=79.94% | val_loss=0.5414 val_acc=82.50% | lr=1.000000e-05
Saved new best model to /tmp/bow_mlp_imdb_rqyhyzkh.pt
Epoch 6/301 | train_loss=0.5290 train_acc=81.58% | val_loss=0.5164 val_acc=83.58% | lr=1.000000e-05
Saved new best model to /tmp/bow_mlp_imdb_rqyhyzkh.pt
Epoch 7/301 | train_loss=0.5058 train_acc=82.78% | val_loss=0.4947 val_acc=84.42% | lr=1.000000e-05
Saved new best model to /tmp/bow_mlp_imdb_rqyhyzkh.pt
Epoch 8/301 | train_loss=0.4824 train_acc=83.70% | val_loss=0.4748 val_acc=84.96% | lr=1.000000e-05
Saved new best model to /tmp/bow_mlp_imdb_rqyhyzkh.pt
Epoch 9/301 | train_loss=0.4644 train_acc=84.30% | val_loss=0.4564 val_acc=85.58% | lr=1.000000e-05
Saved new best model to /tmp/bow_mlp_imdb_rqyhyzkh.pt
Epoch 10/301 | train_loss=0.4449 train_acc=85.32% | val_loss=0.4398 val_acc=85.88% | lr=1.000000e-05
Saved new best model to /tmp/bow_mlp_imdb_rqyhyzkh.pt
Epoch 11/301 | train_loss=0.4299 train_acc=85.52% | val_loss=0.4259 val_acc=86.20% | lr=1.000000e-05
Saved new best model to /tmp/bow_mlp_imdb_rqyhyzkh.pt
Epoch 12/301 | train_loss=0.4138 train_acc=86.00% | val_loss=0.4133 val_acc=86.26% | lr=1.000000e-05
Saved new best model to /tmp/bow_mlp_imdb_rqyhyzkh.pt
Epoch 13/301 | train_loss=0.4001 train_acc=86.39% | val_loss=0.4021 val_acc=86.22% | lr=1.000000e-05
Epoch 14/301 | train_loss=0.3886 train_acc=86.99% | val_loss=0.3921 val_acc=86.30% | lr=1.000000e-05
Saved new best model to /tmp/bow_mlp_imdb_rqyhyzkh.pt
Epoch 15/301 | train_loss=0.3800 train_acc=86.69% | val_loss=0.3836 val_acc=86.58% | lr=1.000000e-05
Saved new best model to /tmp/bow_mlp_imdb_rqyhyzkh.pt
Epoch 16/301 | train_loss=0.3687 train_acc=87.44% | val_loss=0.3758 val_acc=86.70% | lr=1.000000e-05
Saved new best model to /tmp/bow_mlp_imdb_rqyhyzkh.pt
Epoch 17/301 | train_loss=0.3584 train_acc=87.84% | val_loss=0.3685 val_acc=86.92% | lr=1.000000e-05
Saved new best model to /tmp/bow_mlp_imdb_rqyhyzkh.pt
Epoch 18/301 | train_loss=0.3510 train_acc=87.73% | val_loss=0.3619 val_acc=86.90% | lr=1.000000e-05
Epoch 19/301 | train_loss=0.3434 train_acc=88.19% | val_loss=0.3561 val_acc=87.02% | lr=1.000000e-05
Saved new best model to /tmp/bow_mlp_imdb_rqyhyzkh.pt
Epoch 20/301 | train_loss=0.3360 train_acc=88.43% | val_loss=0.3507 val_acc=87.28% | lr=1.000000e-05
Saved new best model to /tmp/bow_mlp_imdb_rqyhyzkh.pt
Epoch 21/301 | train_loss=0.3287 train_acc=88.59% | val_loss=0.3460 val_acc=87.30% | lr=1.000000e-05
Saved new best model to /tmp/bow_mlp_imdb_rqyhyzkh.pt
Epoch 22/301 | train_loss=0.3244 train_acc=88.51% | val_loss=0.3417 val_acc=87.34% | lr=1.000000e-05
Saved new best model to /tmp/bow_mlp_imdb_rqyhyzkh.pt
Epoch 23/301 | train_loss=0.3165 train_acc=89.00% | val_loss=0.3379 val_acc=87.52% | lr=1.000000e-05
Saved new best model to /tmp/bow_mlp_imdb_rqyhyzkh.pt
Epoch 24/301 | train_loss=0.3113 train_acc=89.14% | val_loss=0.3338 val_acc=87.60% | lr=1.000000e-05
Saved new best model to /tmp/bow_mlp_imdb_rqyhyzkh.pt
Epoch 25/301 | train_loss=0.3055 train_acc=89.36% | val_loss=0.3305 val_acc=87.68% | lr=1.000000e-05
Saved new best model to /tmp/bow_mlp_imdb_rqyhyzkh.pt
Epoch 26/301 | train_loss=0.3007 train_acc=89.28% | val_loss=0.3272 val_acc=87.88% | lr=1.000000e-05
Saved new best model to /tmp/bow_mlp_imdb_rqyhyzkh.pt
Epoch 27/301 | train_loss=0.2953 train_acc=89.59% | val_loss=0.3241 val_acc=87.78% | lr=1.000000e-05
Epoch 28/301 | train_loss=0.2924 train_acc=89.69% | val_loss=0.3215 val_acc=87.94% | lr=1.000000e-05
Saved new best model to /tmp/bow_mlp_imdb_rqyhyzkh.pt
Epoch 29/301 | train_loss=0.2866 train_acc=89.84% | val_loss=0.3193 val_acc=88.10% | lr=1.000000e-05
Saved new best model to /tmp/bow_mlp_imdb_rqyhyzkh.pt
Epoch 30/301 | train_loss=0.2820 train_acc=90.11% | val_loss=0.3167 val_acc=87.80% | lr=1.000000e-05
Epoch 31/301 | train_loss=0.2780 train_acc=90.14% | val_loss=0.3154 val_acc=88.16% | lr=1.000000e-05
Saved new best model to /tmp/bow_mlp_imdb_rqyhyzkh.pt
Epoch 32/301 | train_loss=0.2748 train_acc=90.34% | val_loss=0.3127 val_acc=88.04% | lr=1.000000e-05
Epoch 33/301 | train_loss=0.2723 train_acc=90.48% | val_loss=0.3109 val_acc=88.12% | lr=1.000000e-05
Epoch 34/301 | train_loss=0.2651 train_acc=90.65% | val_loss=0.3090 val_acc=88.22% | lr=1.000000e-05
Saved new best model to /tmp/bow_mlp_imdb_rqyhyzkh.pt
Epoch 35/301 | train_loss=0.2633 train_acc=90.77% | val_loss=0.3075 val_acc=88.28% | lr=1.000000e-05
Saved new best model to /tmp/bow_mlp_imdb_rqyhyzkh.pt
Epoch 36/301 | train_loss=0.2597 train_acc=90.82% | val_loss=0.3064 val_acc=88.26% | lr=1.000000e-05
Epoch 37/301 | train_loss=0.2564 train_acc=90.88% | val_loss=0.3046 val_acc=88.30% | lr=1.000000e-05
Saved new best model to /tmp/bow_mlp_imdb_rqyhyzkh.pt
Epoch 38/301 | train_loss=0.2509 train_acc=91.22% | val_loss=0.3032 val_acc=88.42% | lr=1.000000e-05
Saved new best model to /tmp/bow_mlp_imdb_rqyhyzkh.pt
Epoch 39/301 | train_loss=0.2493 train_acc=91.16% | val_loss=0.3020 val_acc=88.36% | lr=1.000000e-05
Epoch 40/301 | train_loss=0.2459 train_acc=91.41% | val_loss=0.3010 val_acc=88.34% | lr=1.000000e-05
Epoch 41/301 | train_loss=0.2424 train_acc=91.33% | val_loss=0.3000 val_acc=88.34% | lr=1.000000e-05
Epoch 42/301 | train_loss=0.2408 train_acc=91.62% | val_loss=0.2995 val_acc=88.36% | lr=1.000000e-05
Epoch 43/301 | train_loss=0.2376 train_acc=91.68% | val_loss=0.2987 val_acc=88.30% | lr=1.000000e-05
Epoch 44/301 | train_loss=0.2356 train_acc=91.66% | val_loss=0.2977 val_acc=88.18% | lr=1.000000e-05
Epoch 45/301 | train_loss=0.2329 train_acc=91.81% | val_loss=0.2970 val_acc=88.34% | lr=1.000000e-05
Epoch 46/301 | train_loss=0.2287 train_acc=91.83% | val_loss=0.2963 val_acc=88.22% | lr=1.000000e-05
Epoch 47/301 | train_loss=0.2252 train_acc=91.98% | val_loss=0.2957 val_acc=88.40% | lr=1.000000e-05
Epoch 48/301 | train_loss=0.2235 train_acc=91.97% | val_loss=0.2954 val_acc=88.32% | lr=1.000000e-05
Epoch 49/301 | train_loss=0.2214 train_acc=92.05% | val_loss=0.2949 val_acc=88.40% | lr=1.000000e-05
Epoch 50/301 | train_loss=0.2175 train_acc=92.33% | val_loss=0.2948 val_acc=88.30% | lr=1.000000e-05
Epoch 51/301 | train_loss=0.2154 train_acc=92.38% | val_loss=0.2941 val_acc=88.48% | lr=1.000000e-05
Saved new best model to /tmp/bow_mlp_imdb_rqyhyzkh.pt
Epoch 52/301 | train_loss=0.2137 train_acc=92.38% | val_loss=0.2945 val_acc=88.30% | lr=1.000000e-05
Epoch 53/301 | train_loss=0.2129 train_acc=92.55% | val_loss=0.2938 val_acc=88.38% | lr=1.000000e-05
Epoch 54/301 | train_loss=0.2104 train_acc=92.70% | val_loss=0.2938 val_acc=88.30% | lr=1.000000e-05
Epoch 55/301 | train_loss=0.2083 train_acc=92.48% | val_loss=0.2937 val_acc=88.40% | lr=1.000000e-05
Epoch 56/301 | train_loss=0.2054 train_acc=92.66% | val_loss=0.2934 val_acc=88.40% | lr=1.000000e-05
Epoch 57/301 | train_loss=0.2041 train_acc=92.91% | val_loss=0.2935 val_acc=88.40% | lr=1.000000e-05
Epoch 58/301 | train_loss=0.1995 train_acc=92.92% | val_loss=0.2934 val_acc=88.36% | lr=1.000000e-05
Epoch 59/301 | train_loss=0.1979 train_acc=93.08% | val_loss=0.2937 val_acc=88.36% | lr=1.000000e-05
Epoch 60/301 | train_loss=0.1959 train_acc=93.01% | val_loss=0.2939 val_acc=88.26% | lr=1.000000e-05
Epoch 61/301 | train_loss=0.1948 train_acc=93.13% | val_loss=0.2939 val_acc=88.26% | lr=1.000000e-05
Epoch 62/301 | train_loss=0.1935 train_acc=93.10% | val_loss=0.2944 val_acc=88.24% | lr=1.000000e-05
Epoch 63/301 | train_loss=0.1901 train_acc=93.39% | val_loss=0.2950 val_acc=88.22% | lr=1.000000e-05
Epoch 64/301 | train_loss=0.1885 train_acc=93.31% | val_loss=0.2954 val_acc=88.20% | lr=1.000000e-05
Validation loss has not improved for 8 epochs. Stopping training.
Test loss=0.3028 | Test accuracy=87.93%
