Loading IMDb dataset from local disk: /home/daniel/l/masteruppsats/np-reg/language/data/imdb_hf
Using device: cuda
BoW vocab size: 6250
Epoch 1/301 | train_loss=0.6750 train_acc=58.35% | val_loss=0.6456 val_acc=70.94% | lr=3.000000e-05
Saved new best model to /tmp/bow_mlp_imdb_104al5b7.pt
Epoch 2/301 | train_loss=0.6190 train_acc=72.05% | val_loss=0.5865 val_acc=79.12% | lr=3.000000e-05
Saved new best model to /tmp/bow_mlp_imdb_104al5b7.pt
Epoch 3/301 | train_loss=0.5664 train_acc=77.79% | val_loss=0.5351 val_acc=82.38% | lr=3.000000e-05
Saved new best model to /tmp/bow_mlp_imdb_104al5b7.pt
Epoch 4/301 | train_loss=0.5181 train_acc=81.12% | val_loss=0.4927 val_acc=84.48% | lr=3.000000e-05
Saved new best model to /tmp/bow_mlp_imdb_104al5b7.pt
Epoch 5/301 | train_loss=0.4784 train_acc=83.45% | val_loss=0.4568 val_acc=85.32% | lr=3.000000e-05
Saved new best model to /tmp/bow_mlp_imdb_104al5b7.pt
Epoch 6/301 | train_loss=0.4473 train_acc=84.40% | val_loss=0.4292 val_acc=86.08% | lr=3.000000e-05
Saved new best model to /tmp/bow_mlp_imdb_104al5b7.pt
Epoch 7/301 | train_loss=0.4192 train_acc=85.26% | val_loss=0.4078 val_acc=86.34% | lr=3.000000e-05
Saved new best model to /tmp/bow_mlp_imdb_104al5b7.pt
Epoch 8/301 | train_loss=0.3990 train_acc=86.20% | val_loss=0.3905 val_acc=86.54% | lr=3.000000e-05
Saved new best model to /tmp/bow_mlp_imdb_104al5b7.pt
Epoch 9/301 | train_loss=0.3794 train_acc=86.56% | val_loss=0.3758 val_acc=86.82% | lr=3.000000e-05
Saved new best model to /tmp/bow_mlp_imdb_104al5b7.pt
Epoch 10/301 | train_loss=0.3632 train_acc=87.24% | val_loss=0.3635 val_acc=86.98% | lr=3.000000e-05
Saved new best model to /tmp/bow_mlp_imdb_104al5b7.pt
Epoch 11/301 | train_loss=0.3487 train_acc=87.88% | val_loss=0.3538 val_acc=87.22% | lr=3.000000e-05
Saved new best model to /tmp/bow_mlp_imdb_104al5b7.pt
Epoch 12/301 | train_loss=0.3391 train_acc=88.11% | val_loss=0.3458 val_acc=87.42% | lr=3.000000e-05
Saved new best model to /tmp/bow_mlp_imdb_104al5b7.pt
Epoch 13/301 | train_loss=0.3279 train_acc=88.52% | val_loss=0.3386 val_acc=87.52% | lr=3.000000e-05
Saved new best model to /tmp/bow_mlp_imdb_104al5b7.pt
Epoch 14/301 | train_loss=0.3185 train_acc=88.89% | val_loss=0.3324 val_acc=87.54% | lr=3.000000e-05
Saved new best model to /tmp/bow_mlp_imdb_104al5b7.pt
Epoch 15/301 | train_loss=0.3087 train_acc=89.17% | val_loss=0.3268 val_acc=87.84% | lr=3.000000e-05
Saved new best model to /tmp/bow_mlp_imdb_104al5b7.pt
Epoch 16/301 | train_loss=0.2994 train_acc=89.56% | val_loss=0.3219 val_acc=87.98% | lr=3.000000e-05
Saved new best model to /tmp/bow_mlp_imdb_104al5b7.pt
Epoch 17/301 | train_loss=0.2903 train_acc=90.03% | val_loss=0.3176 val_acc=88.16% | lr=3.000000e-05
Saved new best model to /tmp/bow_mlp_imdb_104al5b7.pt
Epoch 18/301 | train_loss=0.2827 train_acc=90.12% | val_loss=0.3133 val_acc=88.08% | lr=3.000000e-05
Epoch 19/301 | train_loss=0.2772 train_acc=90.17% | val_loss=0.3107 val_acc=88.20% | lr=3.000000e-05
Saved new best model to /tmp/bow_mlp_imdb_104al5b7.pt
Epoch 20/301 | train_loss=0.2715 train_acc=90.46% | val_loss=0.3076 val_acc=88.14% | lr=3.000000e-05
Epoch 21/301 | train_loss=0.2635 train_acc=90.72% | val_loss=0.3054 val_acc=88.22% | lr=3.000000e-05
Saved new best model to /tmp/bow_mlp_imdb_104al5b7.pt
Epoch 22/301 | train_loss=0.2564 train_acc=91.05% | val_loss=0.3023 val_acc=88.30% | lr=3.000000e-05
Saved new best model to /tmp/bow_mlp_imdb_104al5b7.pt
Epoch 23/301 | train_loss=0.2513 train_acc=91.04% | val_loss=0.3016 val_acc=88.36% | lr=3.000000e-05
Saved new best model to /tmp/bow_mlp_imdb_104al5b7.pt
Epoch 24/301 | train_loss=0.2464 train_acc=91.36% | val_loss=0.2990 val_acc=88.34% | lr=3.000000e-05
Epoch 25/301 | train_loss=0.2417 train_acc=91.51% | val_loss=0.2977 val_acc=88.24% | lr=3.000000e-05
Epoch 26/301 | train_loss=0.2350 train_acc=91.66% | val_loss=0.2964 val_acc=88.28% | lr=3.000000e-05
Epoch 27/301 | train_loss=0.2311 train_acc=91.88% | val_loss=0.2953 val_acc=88.38% | lr=3.000000e-05
Saved new best model to /tmp/bow_mlp_imdb_104al5b7.pt
Epoch 28/301 | train_loss=0.2259 train_acc=92.16% | val_loss=0.2946 val_acc=88.30% | lr=3.000000e-05
Epoch 29/301 | train_loss=0.2208 train_acc=92.14% | val_loss=0.2941 val_acc=88.34% | lr=3.000000e-05
Epoch 30/301 | train_loss=0.2175 train_acc=92.40% | val_loss=0.2937 val_acc=88.30% | lr=3.000000e-05
Epoch 31/301 | train_loss=0.2138 train_acc=92.51% | val_loss=0.2944 val_acc=88.20% | lr=3.000000e-05
Epoch 32/301 | train_loss=0.2099 train_acc=92.64% | val_loss=0.2928 val_acc=88.30% | lr=3.000000e-05
Epoch 33/301 | train_loss=0.2051 train_acc=92.81% | val_loss=0.2928 val_acc=88.30% | lr=3.000000e-05
Epoch 34/301 | train_loss=0.2028 train_acc=92.92% | val_loss=0.2928 val_acc=88.24% | lr=3.000000e-05
Epoch 35/301 | train_loss=0.1981 train_acc=92.85% | val_loss=0.2930 val_acc=88.26% | lr=3.000000e-05
Epoch 36/301 | train_loss=0.1954 train_acc=93.12% | val_loss=0.2939 val_acc=88.12% | lr=3.000000e-05
Epoch 37/301 | train_loss=0.1900 train_acc=93.36% | val_loss=0.2938 val_acc=88.16% | lr=3.000000e-05
Epoch 38/301 | train_loss=0.1875 train_acc=93.52% | val_loss=0.2944 val_acc=88.12% | lr=3.000000e-05
Epoch 39/301 | train_loss=0.1837 train_acc=93.66% | val_loss=0.2949 val_acc=88.14% | lr=3.000000e-05
Epoch 40/301 | train_loss=0.1821 train_acc=93.67% | val_loss=0.2952 val_acc=87.96% | lr=3.000000e-05
Epoch 41/301 | train_loss=0.1775 train_acc=93.88% | val_loss=0.2965 val_acc=87.98% | lr=3.000000e-05
Validation loss has not improved for 8 epochs. Stopping training.
Test loss=0.3032 | Test accuracy=87.85%
