Loading IMDb dataset from local disk: /home/daniel/l/masteruppsats/np-reg/language/data/imdb_hf
Using device: cuda
BoW vocab size: 6250
Epoch 1/301 | train_loss=9.4021 train_acc=50.05% | val_loss=0.6965 val_acc=49.88% | lr=3.000000e-06
Saved new best model to /tmp/bow_mlp_imdb__4_bti5n.pt
Epoch 2/301 | train_loss=8.3606 train_acc=50.52% | val_loss=0.6901 val_acc=52.32% | lr=3.000000e-06
Saved new best model to /tmp/bow_mlp_imdb__4_bti5n.pt
Epoch 3/301 | train_loss=7.3429 train_acc=53.42% | val_loss=0.6866 val_acc=56.58% | lr=3.000000e-06
Saved new best model to /tmp/bow_mlp_imdb__4_bti5n.pt
Epoch 4/301 | train_loss=6.4292 train_acc=56.17% | val_loss=0.6847 val_acc=57.06% | lr=3.000000e-06
Saved new best model to /tmp/bow_mlp_imdb__4_bti5n.pt
Epoch 5/301 | train_loss=5.6149 train_acc=57.89% | val_loss=0.6823 val_acc=59.18% | lr=3.000000e-06
Saved new best model to /tmp/bow_mlp_imdb__4_bti5n.pt
Epoch 6/301 | train_loss=4.8860 train_acc=59.89% | val_loss=0.6797 val_acc=61.68% | lr=3.000000e-06
Saved new best model to /tmp/bow_mlp_imdb__4_bti5n.pt
Epoch 7/301 | train_loss=4.2329 train_acc=61.76% | val_loss=0.6769 val_acc=63.24% | lr=3.000000e-06
Saved new best model to /tmp/bow_mlp_imdb__4_bti5n.pt
Epoch 8/301 | train_loss=3.6479 train_acc=63.53% | val_loss=0.6739 val_acc=65.10% | lr=3.000000e-06
Saved new best model to /tmp/bow_mlp_imdb__4_bti5n.pt
Epoch 9/301 | train_loss=3.1281 train_acc=65.00% | val_loss=0.6707 val_acc=67.16% | lr=3.000000e-06
Saved new best model to /tmp/bow_mlp_imdb__4_bti5n.pt
Epoch 10/301 | train_loss=2.6705 train_acc=66.80% | val_loss=0.6671 val_acc=68.56% | lr=3.000000e-06
Saved new best model to /tmp/bow_mlp_imdb__4_bti5n.pt
Epoch 11/301 | train_loss=2.2731 train_acc=68.38% | val_loss=0.6633 val_acc=69.16% | lr=3.000000e-06
Saved new best model to /tmp/bow_mlp_imdb__4_bti5n.pt
Epoch 12/301 | train_loss=1.9315 train_acc=69.72% | val_loss=0.6591 val_acc=70.46% | lr=3.000000e-06
Saved new best model to /tmp/bow_mlp_imdb__4_bti5n.pt
Epoch 13/301 | train_loss=1.6434 train_acc=71.03% | val_loss=0.6543 val_acc=72.66% | lr=3.000000e-06
Saved new best model to /tmp/bow_mlp_imdb__4_bti5n.pt
Epoch 14/301 | train_loss=1.4068 train_acc=72.68% | val_loss=0.6492 val_acc=74.22% | lr=3.000000e-06
Saved new best model to /tmp/bow_mlp_imdb__4_bti5n.pt
Epoch 15/301 | train_loss=1.2176 train_acc=74.27% | val_loss=0.6436 val_acc=75.14% | lr=3.000000e-06
Saved new best model to /tmp/bow_mlp_imdb__4_bti5n.pt
Epoch 16/301 | train_loss=1.0708 train_acc=75.80% | val_loss=0.6376 val_acc=75.72% | lr=3.000000e-06
Saved new best model to /tmp/bow_mlp_imdb__4_bti5n.pt
Epoch 17/301 | train_loss=0.9616 train_acc=76.88% | val_loss=0.6309 val_acc=77.20% | lr=3.000000e-06
Saved new best model to /tmp/bow_mlp_imdb__4_bti5n.pt
Epoch 18/301 | train_loss=0.8837 train_acc=77.98% | val_loss=0.6239 val_acc=78.44% | lr=3.000000e-06
Saved new best model to /tmp/bow_mlp_imdb__4_bti5n.pt
Epoch 19/301 | train_loss=0.8307 train_acc=78.90% | val_loss=0.6166 val_acc=78.56% | lr=3.000000e-06
Saved new best model to /tmp/bow_mlp_imdb__4_bti5n.pt
Epoch 20/301 | train_loss=0.7958 train_acc=79.80% | val_loss=0.6090 val_acc=79.18% | lr=3.000000e-06
Saved new best model to /tmp/bow_mlp_imdb__4_bti5n.pt
Epoch 21/301 | train_loss=0.7729 train_acc=80.47% | val_loss=0.6012 val_acc=80.24% | lr=3.000000e-06
Saved new best model to /tmp/bow_mlp_imdb__4_bti5n.pt
Epoch 22/301 | train_loss=0.7572 train_acc=81.01% | val_loss=0.5934 val_acc=81.06% | lr=3.000000e-06
Saved new best model to /tmp/bow_mlp_imdb__4_bti5n.pt
Epoch 23/301 | train_loss=0.7447 train_acc=81.90% | val_loss=0.5853 val_acc=81.72% | lr=3.000000e-06
Saved new best model to /tmp/bow_mlp_imdb__4_bti5n.pt
Epoch 24/301 | train_loss=0.7334 train_acc=82.20% | val_loss=0.5768 val_acc=82.44% | lr=3.000000e-06
Saved new best model to /tmp/bow_mlp_imdb__4_bti5n.pt
Epoch 25/301 | train_loss=0.7230 train_acc=82.42% | val_loss=0.5689 val_acc=82.62% | lr=3.000000e-06
Saved new best model to /tmp/bow_mlp_imdb__4_bti5n.pt
Epoch 26/301 | train_loss=0.7132 train_acc=82.84% | val_loss=0.5616 val_acc=82.88% | lr=3.000000e-06
Saved new best model to /tmp/bow_mlp_imdb__4_bti5n.pt
Epoch 27/301 | train_loss=0.7039 train_acc=83.10% | val_loss=0.5546 val_acc=83.10% | lr=3.000000e-06
Saved new best model to /tmp/bow_mlp_imdb__4_bti5n.pt
Epoch 28/301 | train_loss=0.6951 train_acc=83.41% | val_loss=0.5480 val_acc=83.50% | lr=3.000000e-06
Saved new best model to /tmp/bow_mlp_imdb__4_bti5n.pt
Epoch 29/301 | train_loss=0.6865 train_acc=83.66% | val_loss=0.5417 val_acc=83.62% | lr=3.000000e-06
Saved new best model to /tmp/bow_mlp_imdb__4_bti5n.pt
Epoch 30/301 | train_loss=0.6782 train_acc=83.92% | val_loss=0.5356 val_acc=83.80% | lr=3.000000e-06
Saved new best model to /tmp/bow_mlp_imdb__4_bti5n.pt
Epoch 31/301 | train_loss=0.6703 train_acc=84.06% | val_loss=0.5298 val_acc=83.96% | lr=3.000000e-06
Saved new best model to /tmp/bow_mlp_imdb__4_bti5n.pt
Epoch 32/301 | train_loss=0.6627 train_acc=84.23% | val_loss=0.5241 val_acc=84.44% | lr=3.000000e-06
Saved new best model to /tmp/bow_mlp_imdb__4_bti5n.pt
Epoch 33/301 | train_loss=0.6552 train_acc=84.48% | val_loss=0.5187 val_acc=84.52% | lr=3.000000e-06
Saved new best model to /tmp/bow_mlp_imdb__4_bti5n.pt
Epoch 34/301 | train_loss=0.6480 train_acc=84.66% | val_loss=0.5135 val_acc=84.52% | lr=3.000000e-06
Epoch 35/301 | train_loss=0.6410 train_acc=84.84% | val_loss=0.5084 val_acc=84.68% | lr=3.000000e-06
Saved new best model to /tmp/bow_mlp_imdb__4_bti5n.pt
Epoch 36/301 | train_loss=0.6342 train_acc=85.09% | val_loss=0.5036 val_acc=84.86% | lr=3.000000e-06
Saved new best model to /tmp/bow_mlp_imdb__4_bti5n.pt
Epoch 37/301 | train_loss=0.6276 train_acc=85.22% | val_loss=0.4987 val_acc=84.98% | lr=3.000000e-06
Saved new best model to /tmp/bow_mlp_imdb__4_bti5n.pt
Epoch 38/301 | train_loss=0.6212 train_acc=85.28% | val_loss=0.4941 val_acc=85.16% | lr=3.000000e-06
Saved new best model to /tmp/bow_mlp_imdb__4_bti5n.pt
Epoch 39/301 | train_loss=0.6149 train_acc=85.45% | val_loss=0.4896 val_acc=85.20% | lr=3.000000e-06
Saved new best model to /tmp/bow_mlp_imdb__4_bti5n.pt
Epoch 40/301 | train_loss=0.6088 train_acc=85.62% | val_loss=0.4853 val_acc=85.28% | lr=3.000000e-06
Saved new best model to /tmp/bow_mlp_imdb__4_bti5n.pt
Epoch 41/301 | train_loss=0.6029 train_acc=85.75% | val_loss=0.4811 val_acc=85.40% | lr=3.000000e-06
Saved new best model to /tmp/bow_mlp_imdb__4_bti5n.pt
Epoch 42/301 | train_loss=0.5971 train_acc=85.87% | val_loss=0.4771 val_acc=85.62% | lr=3.000000e-06
Saved new best model to /tmp/bow_mlp_imdb__4_bti5n.pt
Epoch 43/301 | train_loss=0.5915 train_acc=86.02% | val_loss=0.4731 val_acc=85.64% | lr=3.000000e-06
Saved new best model to /tmp/bow_mlp_imdb__4_bti5n.pt
Epoch 44/301 | train_loss=0.5860 train_acc=86.15% | val_loss=0.4692 val_acc=85.72% | lr=3.000000e-06
Saved new best model to /tmp/bow_mlp_imdb__4_bti5n.pt
Epoch 45/301 | train_loss=0.5807 train_acc=86.20% | val_loss=0.4654 val_acc=85.76% | lr=3.000000e-06
Saved new best model to /tmp/bow_mlp_imdb__4_bti5n.pt
Epoch 46/301 | train_loss=0.5755 train_acc=86.31% | val_loss=0.4618 val_acc=85.98% | lr=3.000000e-06
Saved new best model to /tmp/bow_mlp_imdb__4_bti5n.pt
Epoch 47/301 | train_loss=0.5704 train_acc=86.48% | val_loss=0.4582 val_acc=85.86% | lr=3.000000e-06
Epoch 48/301 | train_loss=0.5654 train_acc=86.55% | val_loss=0.4548 val_acc=86.14% | lr=3.000000e-06
Saved new best model to /tmp/bow_mlp_imdb__4_bti5n.pt
Epoch 49/301 | train_loss=0.5606 train_acc=86.67% | val_loss=0.4514 val_acc=86.18% | lr=3.000000e-06
Saved new best model to /tmp/bow_mlp_imdb__4_bti5n.pt
Epoch 50/301 | train_loss=0.5558 train_acc=86.67% | val_loss=0.4484 val_acc=86.06% | lr=3.000000e-06
Epoch 51/301 | train_loss=0.5513 train_acc=86.83% | val_loss=0.4450 val_acc=86.32% | lr=3.000000e-06
Saved new best model to /tmp/bow_mlp_imdb__4_bti5n.pt
Epoch 52/301 | train_loss=0.5467 train_acc=86.92% | val_loss=0.4419 val_acc=86.34% | lr=3.000000e-06
Saved new best model to /tmp/bow_mlp_imdb__4_bti5n.pt
Epoch 53/301 | train_loss=0.5424 train_acc=86.98% | val_loss=0.4389 val_acc=86.32% | lr=3.000000e-06
Epoch 54/301 | train_loss=0.5381 train_acc=87.05% | val_loss=0.4359 val_acc=86.36% | lr=3.000000e-06
Saved new best model to /tmp/bow_mlp_imdb__4_bti5n.pt
Epoch 55/301 | train_loss=0.5338 train_acc=87.14% | val_loss=0.4330 val_acc=86.46% | lr=3.000000e-06
Saved new best model to /tmp/bow_mlp_imdb__4_bti5n.pt
Epoch 56/301 | train_loss=0.5297 train_acc=87.19% | val_loss=0.4303 val_acc=86.42% | lr=3.000000e-06
Epoch 57/301 | train_loss=0.5257 train_acc=87.24% | val_loss=0.4275 val_acc=86.56% | lr=3.000000e-06
Saved new best model to /tmp/bow_mlp_imdb__4_bti5n.pt
Epoch 58/301 | train_loss=0.5218 train_acc=87.32% | val_loss=0.4249 val_acc=86.60% | lr=3.000000e-06
Saved new best model to /tmp/bow_mlp_imdb__4_bti5n.pt
Epoch 59/301 | train_loss=0.5179 train_acc=87.34% | val_loss=0.4224 val_acc=86.58% | lr=3.000000e-06
Epoch 60/301 | train_loss=0.5142 train_acc=87.41% | val_loss=0.4198 val_acc=86.64% | lr=3.000000e-06
Saved new best model to /tmp/bow_mlp_imdb__4_bti5n.pt
Epoch 61/301 | train_loss=0.5105 train_acc=87.52% | val_loss=0.4173 val_acc=86.50% | lr=3.000000e-06
Epoch 62/301 | train_loss=0.5069 train_acc=87.57% | val_loss=0.4149 val_acc=86.58% | lr=3.000000e-06
Epoch 63/301 | train_loss=0.5034 train_acc=87.61% | val_loss=0.4126 val_acc=86.56% | lr=3.000000e-06
Epoch 64/301 | train_loss=0.4999 train_acc=87.72% | val_loss=0.4103 val_acc=86.58% | lr=3.000000e-06
Epoch 65/301 | train_loss=0.4966 train_acc=87.78% | val_loss=0.4080 val_acc=86.60% | lr=3.000000e-06
Epoch 66/301 | train_loss=0.4932 train_acc=87.89% | val_loss=0.4060 val_acc=86.68% | lr=3.000000e-06
Saved new best model to /tmp/bow_mlp_imdb__4_bti5n.pt
Epoch 67/301 | train_loss=0.4901 train_acc=87.88% | val_loss=0.4036 val_acc=86.66% | lr=3.000000e-06
Epoch 68/301 | train_loss=0.4869 train_acc=87.99% | val_loss=0.4016 val_acc=86.64% | lr=3.000000e-06
Epoch 69/301 | train_loss=0.4837 train_acc=88.06% | val_loss=0.3995 val_acc=86.64% | lr=3.000000e-06
Epoch 70/301 | train_loss=0.4806 train_acc=88.09% | val_loss=0.3976 val_acc=86.74% | lr=3.000000e-06
Saved new best model to /tmp/bow_mlp_imdb__4_bti5n.pt
Epoch 71/301 | train_loss=0.4776 train_acc=88.17% | val_loss=0.3955 val_acc=86.66% | lr=3.000000e-06
Epoch 72/301 | train_loss=0.4747 train_acc=88.22% | val_loss=0.3936 val_acc=86.80% | lr=3.000000e-06
Saved new best model to /tmp/bow_mlp_imdb__4_bti5n.pt
Epoch 73/301 | train_loss=0.4718 train_acc=88.30% | val_loss=0.3918 val_acc=86.76% | lr=3.000000e-06
Epoch 74/301 | train_loss=0.4690 train_acc=88.30% | val_loss=0.3900 val_acc=86.84% | lr=3.000000e-06
Saved new best model to /tmp/bow_mlp_imdb__4_bti5n.pt
Epoch 75/301 | train_loss=0.4662 train_acc=88.41% | val_loss=0.3881 val_acc=86.82% | lr=3.000000e-06
Epoch 76/301 | train_loss=0.4634 train_acc=88.44% | val_loss=0.3864 val_acc=86.90% | lr=3.000000e-06
Saved new best model to /tmp/bow_mlp_imdb__4_bti5n.pt
Epoch 77/301 | train_loss=0.4608 train_acc=88.47% | val_loss=0.3846 val_acc=86.96% | lr=3.000000e-06
Saved new best model to /tmp/bow_mlp_imdb__4_bti5n.pt
Epoch 78/301 | train_loss=0.4581 train_acc=88.48% | val_loss=0.3830 val_acc=86.98% | lr=3.000000e-06
Saved new best model to /tmp/bow_mlp_imdb__4_bti5n.pt
Epoch 79/301 | train_loss=0.4555 train_acc=88.52% | val_loss=0.3813 val_acc=86.98% | lr=3.000000e-06
Epoch 80/301 | train_loss=0.4530 train_acc=88.54% | val_loss=0.3797 val_acc=87.04% | lr=3.000000e-06
Saved new best model to /tmp/bow_mlp_imdb__4_bti5n.pt
Epoch 81/301 | train_loss=0.4505 train_acc=88.61% | val_loss=0.3783 val_acc=86.98% | lr=3.000000e-06
Epoch 82/301 | train_loss=0.4481 train_acc=88.70% | val_loss=0.3766 val_acc=87.10% | lr=3.000000e-06
Saved new best model to /tmp/bow_mlp_imdb__4_bti5n.pt
Epoch 83/301 | train_loss=0.4456 train_acc=88.71% | val_loss=0.3752 val_acc=87.12% | lr=3.000000e-06
Saved new best model to /tmp/bow_mlp_imdb__4_bti5n.pt
Epoch 84/301 | train_loss=0.4433 train_acc=88.77% | val_loss=0.3736 val_acc=87.12% | lr=3.000000e-06
Epoch 85/301 | train_loss=0.4409 train_acc=88.82% | val_loss=0.3722 val_acc=87.08% | lr=3.000000e-06
Epoch 86/301 | train_loss=0.4386 train_acc=88.83% | val_loss=0.3708 val_acc=87.06% | lr=3.000000e-06
Epoch 87/301 | train_loss=0.4364 train_acc=88.92% | val_loss=0.3693 val_acc=87.08% | lr=3.000000e-06
Epoch 88/301 | train_loss=0.4341 train_acc=88.96% | val_loss=0.3679 val_acc=87.18% | lr=3.000000e-06
Saved new best model to /tmp/bow_mlp_imdb__4_bti5n.pt
Epoch 89/301 | train_loss=0.4319 train_acc=89.00% | val_loss=0.3666 val_acc=87.22% | lr=3.000000e-06
Saved new best model to /tmp/bow_mlp_imdb__4_bti5n.pt
Epoch 90/301 | train_loss=0.4298 train_acc=89.00% | val_loss=0.3653 val_acc=87.20% | lr=3.000000e-06
Epoch 91/301 | train_loss=0.4277 train_acc=89.05% | val_loss=0.3640 val_acc=87.20% | lr=3.000000e-06
Epoch 92/301 | train_loss=0.4256 train_acc=89.13% | val_loss=0.3627 val_acc=87.28% | lr=3.000000e-06
Saved new best model to /tmp/bow_mlp_imdb__4_bti5n.pt
Epoch 93/301 | train_loss=0.4235 train_acc=89.18% | val_loss=0.3616 val_acc=87.24% | lr=3.000000e-06
Epoch 94/301 | train_loss=0.4215 train_acc=89.20% | val_loss=0.3604 val_acc=87.30% | lr=3.000000e-06
Saved new best model to /tmp/bow_mlp_imdb__4_bti5n.pt
Epoch 95/301 | train_loss=0.4195 train_acc=89.20% | val_loss=0.3591 val_acc=87.36% | lr=3.000000e-06
Saved new best model to /tmp/bow_mlp_imdb__4_bti5n.pt
Epoch 96/301 | train_loss=0.4176 train_acc=89.27% | val_loss=0.3580 val_acc=87.36% | lr=3.000000e-06
Epoch 97/301 | train_loss=0.4156 train_acc=89.31% | val_loss=0.3567 val_acc=87.42% | lr=3.000000e-06
Saved new best model to /tmp/bow_mlp_imdb__4_bti5n.pt
Epoch 98/301 | train_loss=0.4137 train_acc=89.30% | val_loss=0.3556 val_acc=87.40% | lr=3.000000e-06
Epoch 99/301 | train_loss=0.4118 train_acc=89.37% | val_loss=0.3547 val_acc=87.38% | lr=3.000000e-06
Epoch 100/301 | train_loss=0.4100 train_acc=89.37% | val_loss=0.3536 val_acc=87.42% | lr=3.000000e-06
Epoch 101/301 | train_loss=0.4081 train_acc=89.44% | val_loss=0.3523 val_acc=87.46% | lr=3.000000e-06
Saved new best model to /tmp/bow_mlp_imdb__4_bti5n.pt
Epoch 102/301 | train_loss=0.4063 train_acc=89.52% | val_loss=0.3515 val_acc=87.42% | lr=3.000000e-06
Epoch 103/301 | train_loss=0.4046 train_acc=89.51% | val_loss=0.3504 val_acc=87.52% | lr=3.000000e-06
Saved new best model to /tmp/bow_mlp_imdb__4_bti5n.pt
Epoch 104/301 | train_loss=0.4028 train_acc=89.50% | val_loss=0.3492 val_acc=87.54% | lr=3.000000e-06
Saved new best model to /tmp/bow_mlp_imdb__4_bti5n.pt
Epoch 105/301 | train_loss=0.4011 train_acc=89.62% | val_loss=0.3483 val_acc=87.52% | lr=3.000000e-06
Epoch 106/301 | train_loss=0.3994 train_acc=89.61% | val_loss=0.3473 val_acc=87.60% | lr=3.000000e-06
Saved new best model to /tmp/bow_mlp_imdb__4_bti5n.pt
Epoch 107/301 | train_loss=0.3977 train_acc=89.64% | val_loss=0.3463 val_acc=87.60% | lr=3.000000e-06
Epoch 108/301 | train_loss=0.3960 train_acc=89.66% | val_loss=0.3454 val_acc=87.64% | lr=3.000000e-06
Saved new best model to /tmp/bow_mlp_imdb__4_bti5n.pt
Epoch 109/301 | train_loss=0.3944 train_acc=89.64% | val_loss=0.3445 val_acc=87.64% | lr=3.000000e-06
Epoch 110/301 | train_loss=0.3928 train_acc=89.74% | val_loss=0.3435 val_acc=87.70% | lr=3.000000e-06
Saved new best model to /tmp/bow_mlp_imdb__4_bti5n.pt
Epoch 111/301 | train_loss=0.3912 train_acc=89.81% | val_loss=0.3426 val_acc=87.66% | lr=3.000000e-06
Epoch 112/301 | train_loss=0.3896 train_acc=89.82% | val_loss=0.3417 val_acc=87.64% | lr=3.000000e-06
Epoch 113/301 | train_loss=0.3881 train_acc=89.83% | val_loss=0.3409 val_acc=87.68% | lr=3.000000e-06
Epoch 114/301 | train_loss=0.3866 train_acc=89.86% | val_loss=0.3401 val_acc=87.68% | lr=3.000000e-06
Epoch 115/301 | train_loss=0.3850 train_acc=89.86% | val_loss=0.3392 val_acc=87.72% | lr=3.000000e-06
Saved new best model to /tmp/bow_mlp_imdb__4_bti5n.pt
Epoch 116/301 | train_loss=0.3836 train_acc=89.94% | val_loss=0.3384 val_acc=87.68% | lr=3.000000e-06
Epoch 117/301 | train_loss=0.3821 train_acc=89.92% | val_loss=0.3376 val_acc=87.68% | lr=3.000000e-06
Epoch 118/301 | train_loss=0.3806 train_acc=89.97% | val_loss=0.3368 val_acc=87.72% | lr=3.000000e-06
Epoch 119/301 | train_loss=0.3792 train_acc=90.02% | val_loss=0.3361 val_acc=87.68% | lr=3.000000e-06
Epoch 120/301 | train_loss=0.3778 train_acc=90.07% | val_loss=0.3353 val_acc=87.76% | lr=3.000000e-06
Saved new best model to /tmp/bow_mlp_imdb__4_bti5n.pt
Epoch 121/301 | train_loss=0.3763 train_acc=90.08% | val_loss=0.3345 val_acc=87.78% | lr=3.000000e-06
Saved new best model to /tmp/bow_mlp_imdb__4_bti5n.pt
Epoch 122/301 | train_loss=0.3750 train_acc=90.12% | val_loss=0.3338 val_acc=87.76% | lr=3.000000e-06
Epoch 123/301 | train_loss=0.3736 train_acc=90.11% | val_loss=0.3331 val_acc=87.78% | lr=3.000000e-06
Epoch 124/301 | train_loss=0.3722 train_acc=90.14% | val_loss=0.3323 val_acc=87.78% | lr=3.000000e-06
Epoch 125/301 | train_loss=0.3709 train_acc=90.21% | val_loss=0.3317 val_acc=87.82% | lr=3.000000e-06
Saved new best model to /tmp/bow_mlp_imdb__4_bti5n.pt
Epoch 126/301 | train_loss=0.3696 train_acc=90.21% | val_loss=0.3309 val_acc=87.86% | lr=3.000000e-06
Saved new best model to /tmp/bow_mlp_imdb__4_bti5n.pt
Epoch 127/301 | train_loss=0.3683 train_acc=90.22% | val_loss=0.3303 val_acc=87.84% | lr=3.000000e-06
Epoch 128/301 | train_loss=0.3670 train_acc=90.29% | val_loss=0.3296 val_acc=87.84% | lr=3.000000e-06
Epoch 129/301 | train_loss=0.3657 train_acc=90.28% | val_loss=0.3290 val_acc=87.82% | lr=3.000000e-06
Epoch 130/301 | train_loss=0.3645 train_acc=90.28% | val_loss=0.3283 val_acc=87.82% | lr=3.000000e-06
Epoch 131/301 | train_loss=0.3632 train_acc=90.31% | val_loss=0.3277 val_acc=87.92% | lr=3.000000e-06
Saved new best model to /tmp/bow_mlp_imdb__4_bti5n.pt
Epoch 132/301 | train_loss=0.3620 train_acc=90.34% | val_loss=0.3271 val_acc=87.92% | lr=3.000000e-06
Epoch 133/301 | train_loss=0.3608 train_acc=90.36% | val_loss=0.3266 val_acc=87.98% | lr=3.000000e-06
Saved new best model to /tmp/bow_mlp_imdb__4_bti5n.pt
Epoch 134/301 | train_loss=0.3595 train_acc=90.39% | val_loss=0.3258 val_acc=87.84% | lr=3.000000e-06
Epoch 135/301 | train_loss=0.3583 train_acc=90.39% | val_loss=0.3252 val_acc=87.90% | lr=3.000000e-06
Epoch 136/301 | train_loss=0.3572 train_acc=90.45% | val_loss=0.3247 val_acc=87.92% | lr=3.000000e-06
Epoch 137/301 | train_loss=0.3560 train_acc=90.48% | val_loss=0.3242 val_acc=88.00% | lr=3.000000e-06
Saved new best model to /tmp/bow_mlp_imdb__4_bti5n.pt
Epoch 138/301 | train_loss=0.3548 train_acc=90.50% | val_loss=0.3235 val_acc=87.92% | lr=3.000000e-06
Epoch 139/301 | train_loss=0.3537 train_acc=90.53% | val_loss=0.3231 val_acc=88.06% | lr=3.000000e-06
Saved new best model to /tmp/bow_mlp_imdb__4_bti5n.pt
Epoch 140/301 | train_loss=0.3525 train_acc=90.55% | val_loss=0.3224 val_acc=87.96% | lr=3.000000e-06
Epoch 141/301 | train_loss=0.3514 train_acc=90.57% | val_loss=0.3218 val_acc=88.04% | lr=3.000000e-06
Epoch 142/301 | train_loss=0.3502 train_acc=90.57% | val_loss=0.3214 val_acc=88.14% | lr=3.000000e-06
Saved new best model to /tmp/bow_mlp_imdb__4_bti5n.pt
Epoch 143/301 | train_loss=0.3491 train_acc=90.64% | val_loss=0.3207 val_acc=88.00% | lr=3.000000e-06
Epoch 144/301 | train_loss=0.3480 train_acc=90.67% | val_loss=0.3204 val_acc=88.12% | lr=3.000000e-06
Epoch 145/301 | train_loss=0.3469 train_acc=90.72% | val_loss=0.3197 val_acc=88.14% | lr=3.000000e-06
Epoch 146/301 | train_loss=0.3459 train_acc=90.73% | val_loss=0.3192 val_acc=88.18% | lr=3.000000e-06
Saved new best model to /tmp/bow_mlp_imdb__4_bti5n.pt
Epoch 147/301 | train_loss=0.3448 train_acc=90.75% | val_loss=0.3188 val_acc=88.16% | lr=3.000000e-06
Epoch 148/301 | train_loss=0.3437 train_acc=90.75% | val_loss=0.3183 val_acc=88.20% | lr=3.000000e-06
Saved new best model to /tmp/bow_mlp_imdb__4_bti5n.pt
Epoch 149/301 | train_loss=0.3427 train_acc=90.79% | val_loss=0.3178 val_acc=88.20% | lr=3.000000e-06
Epoch 150/301 | train_loss=0.3416 train_acc=90.81% | val_loss=0.3174 val_acc=88.16% | lr=3.000000e-06
Epoch 151/301 | train_loss=0.3406 train_acc=90.81% | val_loss=0.3168 val_acc=88.22% | lr=3.000000e-06
Saved new best model to /tmp/bow_mlp_imdb__4_bti5n.pt
Epoch 152/301 | train_loss=0.3396 train_acc=90.88% | val_loss=0.3164 val_acc=88.16% | lr=3.000000e-06
Epoch 153/301 | train_loss=0.3386 train_acc=90.87% | val_loss=0.3160 val_acc=88.20% | lr=3.000000e-06
Epoch 154/301 | train_loss=0.3376 train_acc=90.88% | val_loss=0.3155 val_acc=88.18% | lr=3.000000e-06
Epoch 155/301 | train_loss=0.3366 train_acc=90.92% | val_loss=0.3151 val_acc=88.22% | lr=3.000000e-06
Epoch 156/301 | train_loss=0.3356 train_acc=90.96% | val_loss=0.3146 val_acc=88.16% | lr=3.000000e-06
Epoch 157/301 | train_loss=0.3346 train_acc=90.98% | val_loss=0.3142 val_acc=88.14% | lr=3.000000e-06
Epoch 158/301 | train_loss=0.3336 train_acc=91.01% | val_loss=0.3137 val_acc=88.12% | lr=3.000000e-06
Epoch 159/301 | train_loss=0.3326 train_acc=91.00% | val_loss=0.3133 val_acc=88.10% | lr=3.000000e-06
Epoch 160/301 | train_loss=0.3317 train_acc=91.05% | val_loss=0.3130 val_acc=88.20% | lr=3.000000e-06
Epoch 161/301 | train_loss=0.3307 train_acc=91.06% | val_loss=0.3125 val_acc=88.16% | lr=3.000000e-06
Epoch 162/301 | train_loss=0.3298 train_acc=91.11% | val_loss=0.3121 val_acc=88.16% | lr=3.000000e-06
Epoch 163/301 | train_loss=0.3289 train_acc=91.12% | val_loss=0.3117 val_acc=88.12% | lr=3.000000e-06
Epoch 164/301 | train_loss=0.3280 train_acc=91.11% | val_loss=0.3114 val_acc=88.28% | lr=3.000000e-06
Saved new best model to /tmp/bow_mlp_imdb__4_bti5n.pt
Epoch 165/301 | train_loss=0.3270 train_acc=91.15% | val_loss=0.3110 val_acc=88.20% | lr=3.000000e-06
Epoch 166/301 | train_loss=0.3261 train_acc=91.18% | val_loss=0.3107 val_acc=88.30% | lr=3.000000e-06
Saved new best model to /tmp/bow_mlp_imdb__4_bti5n.pt
Epoch 167/301 | train_loss=0.3252 train_acc=91.19% | val_loss=0.3103 val_acc=88.22% | lr=3.000000e-06
Epoch 168/301 | train_loss=0.3243 train_acc=91.23% | val_loss=0.3099 val_acc=88.26% | lr=3.000000e-06
Epoch 169/301 | train_loss=0.3234 train_acc=91.20% | val_loss=0.3096 val_acc=88.26% | lr=3.000000e-06
Epoch 170/301 | train_loss=0.3225 train_acc=91.27% | val_loss=0.3092 val_acc=88.22% | lr=3.000000e-06
Epoch 171/301 | train_loss=0.3217 train_acc=91.33% | val_loss=0.3088 val_acc=88.26% | lr=3.000000e-06
Epoch 172/301 | train_loss=0.3208 train_acc=91.31% | val_loss=0.3085 val_acc=88.26% | lr=3.000000e-06
Epoch 173/301 | train_loss=0.3200 train_acc=91.35% | val_loss=0.3082 val_acc=88.36% | lr=3.000000e-06
Saved new best model to /tmp/bow_mlp_imdb__4_bti5n.pt
Epoch 174/301 | train_loss=0.3191 train_acc=91.36% | val_loss=0.3078 val_acc=88.32% | lr=3.000000e-06
Epoch 175/301 | train_loss=0.3183 train_acc=91.37% | val_loss=0.3076 val_acc=88.36% | lr=3.000000e-06
Epoch 176/301 | train_loss=0.3174 train_acc=91.38% | val_loss=0.3072 val_acc=88.36% | lr=3.000000e-06
Epoch 177/301 | train_loss=0.3166 train_acc=91.37% | val_loss=0.3069 val_acc=88.42% | lr=3.000000e-06
Saved new best model to /tmp/bow_mlp_imdb__4_bti5n.pt
Epoch 178/301 | train_loss=0.3158 train_acc=91.42% | val_loss=0.3065 val_acc=88.36% | lr=3.000000e-06
Epoch 179/301 | train_loss=0.3150 train_acc=91.41% | val_loss=0.3063 val_acc=88.42% | lr=3.000000e-06
Epoch 180/301 | train_loss=0.3141 train_acc=91.43% | val_loss=0.3061 val_acc=88.32% | lr=3.000000e-06
Epoch 181/301 | train_loss=0.3133 train_acc=91.44% | val_loss=0.3057 val_acc=88.44% | lr=3.000000e-06
Saved new best model to /tmp/bow_mlp_imdb__4_bti5n.pt
Epoch 182/301 | train_loss=0.3125 train_acc=91.47% | val_loss=0.3053 val_acc=88.42% | lr=3.000000e-06
Epoch 183/301 | train_loss=0.3117 train_acc=91.47% | val_loss=0.3051 val_acc=88.48% | lr=3.000000e-06
Saved new best model to /tmp/bow_mlp_imdb__4_bti5n.pt
Epoch 184/301 | train_loss=0.3109 train_acc=91.52% | val_loss=0.3048 val_acc=88.42% | lr=3.000000e-06
Epoch 185/301 | train_loss=0.3101 train_acc=91.55% | val_loss=0.3046 val_acc=88.36% | lr=3.000000e-06
Epoch 186/301 | train_loss=0.3093 train_acc=91.55% | val_loss=0.3042 val_acc=88.40% | lr=3.000000e-06
Epoch 187/301 | train_loss=0.3086 train_acc=91.56% | val_loss=0.3040 val_acc=88.40% | lr=3.000000e-06
Epoch 188/301 | train_loss=0.3078 train_acc=91.56% | val_loss=0.3038 val_acc=88.42% | lr=3.000000e-06
Epoch 189/301 | train_loss=0.3071 train_acc=91.62% | val_loss=0.3035 val_acc=88.42% | lr=3.000000e-06
Epoch 190/301 | train_loss=0.3063 train_acc=91.59% | val_loss=0.3032 val_acc=88.38% | lr=3.000000e-06
Epoch 191/301 | train_loss=0.3056 train_acc=91.67% | val_loss=0.3030 val_acc=88.40% | lr=3.000000e-06
Epoch 192/301 | train_loss=0.3048 train_acc=91.67% | val_loss=0.3027 val_acc=88.40% | lr=3.000000e-06
Epoch 193/301 | train_loss=0.3040 train_acc=91.70% | val_loss=0.3024 val_acc=88.46% | lr=3.000000e-06
Epoch 194/301 | train_loss=0.3033 train_acc=91.75% | val_loss=0.3022 val_acc=88.46% | lr=3.000000e-06
Epoch 195/301 | train_loss=0.3026 train_acc=91.73% | val_loss=0.3019 val_acc=88.48% | lr=3.000000e-06
Epoch 196/301 | train_loss=0.3018 train_acc=91.77% | val_loss=0.3018 val_acc=88.48% | lr=3.000000e-06
Epoch 197/301 | train_loss=0.3011 train_acc=91.81% | val_loss=0.3015 val_acc=88.46% | lr=3.000000e-06
Epoch 198/301 | train_loss=0.3004 train_acc=91.81% | val_loss=0.3014 val_acc=88.44% | lr=3.000000e-06
Epoch 199/301 | train_loss=0.2997 train_acc=91.83% | val_loss=0.3011 val_acc=88.54% | lr=3.000000e-06
Saved new best model to /tmp/bow_mlp_imdb__4_bti5n.pt
Epoch 200/301 | train_loss=0.2990 train_acc=91.84% | val_loss=0.3008 val_acc=88.56% | lr=3.000000e-06
Saved new best model to /tmp/bow_mlp_imdb__4_bti5n.pt
Epoch 201/301 | train_loss=0.2982 train_acc=91.90% | val_loss=0.3006 val_acc=88.56% | lr=3.000000e-06
Epoch 202/301 | train_loss=0.2976 train_acc=91.88% | val_loss=0.3004 val_acc=88.54% | lr=3.000000e-06
Epoch 203/301 | train_loss=0.2969 train_acc=91.91% | val_loss=0.3002 val_acc=88.54% | lr=3.000000e-06
Epoch 204/301 | train_loss=0.2962 train_acc=91.95% | val_loss=0.3001 val_acc=88.36% | lr=3.000000e-06
Epoch 205/301 | train_loss=0.2955 train_acc=91.95% | val_loss=0.2998 val_acc=88.46% | lr=3.000000e-06
Epoch 206/301 | train_loss=0.2948 train_acc=91.99% | val_loss=0.2997 val_acc=88.38% | lr=3.000000e-06
Epoch 207/301 | train_loss=0.2941 train_acc=91.98% | val_loss=0.2994 val_acc=88.50% | lr=3.000000e-06
Epoch 208/301 | train_loss=0.2934 train_acc=92.00% | val_loss=0.2992 val_acc=88.44% | lr=3.000000e-06
Epoch 209/301 | train_loss=0.2928 train_acc=92.03% | val_loss=0.2990 val_acc=88.44% | lr=3.000000e-06
Epoch 210/301 | train_loss=0.2921 train_acc=92.02% | val_loss=0.2988 val_acc=88.42% | lr=3.000000e-06
Epoch 211/301 | train_loss=0.2914 train_acc=92.12% | val_loss=0.2986 val_acc=88.42% | lr=3.000000e-06
Epoch 212/301 | train_loss=0.2908 train_acc=92.06% | val_loss=0.2986 val_acc=88.42% | lr=3.000000e-06
Epoch 213/301 | train_loss=0.2901 train_acc=92.12% | val_loss=0.2983 val_acc=88.38% | lr=3.000000e-06
Epoch 214/301 | train_loss=0.2895 train_acc=92.09% | val_loss=0.2982 val_acc=88.40% | lr=3.000000e-06
Epoch 215/301 | train_loss=0.2888 train_acc=92.12% | val_loss=0.2981 val_acc=88.40% | lr=3.000000e-06
Epoch 216/301 | train_loss=0.2881 train_acc=92.15% | val_loss=0.2977 val_acc=88.36% | lr=3.000000e-06
Epoch 217/301 | train_loss=0.2875 train_acc=92.16% | val_loss=0.2978 val_acc=88.40% | lr=3.000000e-06
Epoch 218/301 | train_loss=0.2868 train_acc=92.17% | val_loss=0.2974 val_acc=88.36% | lr=3.000000e-06
Epoch 219/301 | train_loss=0.2862 train_acc=92.22% | val_loss=0.2974 val_acc=88.34% | lr=3.000000e-06
Epoch 220/301 | train_loss=0.2856 train_acc=92.24% | val_loss=0.2972 val_acc=88.38% | lr=3.000000e-06
Epoch 221/301 | train_loss=0.2850 train_acc=92.26% | val_loss=0.2971 val_acc=88.34% | lr=3.000000e-06
Epoch 222/301 | train_loss=0.2844 train_acc=92.27% | val_loss=0.2968 val_acc=88.36% | lr=3.000000e-06
Epoch 223/301 | train_loss=0.2837 train_acc=92.27% | val_loss=0.2967 val_acc=88.34% | lr=3.000000e-06
Epoch 224/301 | train_loss=0.2831 train_acc=92.31% | val_loss=0.2965 val_acc=88.38% | lr=3.000000e-06
Epoch 225/301 | train_loss=0.2825 train_acc=92.33% | val_loss=0.2966 val_acc=88.32% | lr=3.000000e-06
Epoch 226/301 | train_loss=0.2819 train_acc=92.31% | val_loss=0.2964 val_acc=88.34% | lr=3.000000e-06
Epoch 227/301 | train_loss=0.2813 train_acc=92.35% | val_loss=0.2961 val_acc=88.38% | lr=3.000000e-06
Epoch 228/301 | train_loss=0.2807 train_acc=92.36% | val_loss=0.2960 val_acc=88.40% | lr=3.000000e-06
Epoch 229/301 | train_loss=0.2801 train_acc=92.37% | val_loss=0.2960 val_acc=88.34% | lr=3.000000e-06
Epoch 230/301 | train_loss=0.2795 train_acc=92.35% | val_loss=0.2958 val_acc=88.36% | lr=3.000000e-06
Epoch 231/301 | train_loss=0.2789 train_acc=92.41% | val_loss=0.2957 val_acc=88.34% | lr=3.000000e-06
Epoch 232/301 | train_loss=0.2783 train_acc=92.40% | val_loss=0.2955 val_acc=88.36% | lr=3.000000e-06
Epoch 233/301 | train_loss=0.2777 train_acc=92.38% | val_loss=0.2954 val_acc=88.36% | lr=3.000000e-06
Epoch 234/301 | train_loss=0.2771 train_acc=92.47% | val_loss=0.2953 val_acc=88.42% | lr=3.000000e-06
Epoch 235/301 | train_loss=0.2766 train_acc=92.44% | val_loss=0.2951 val_acc=88.38% | lr=3.000000e-06
Epoch 236/301 | train_loss=0.2760 train_acc=92.50% | val_loss=0.2951 val_acc=88.46% | lr=3.000000e-06
Epoch 237/301 | train_loss=0.2754 train_acc=92.51% | val_loss=0.2949 val_acc=88.36% | lr=3.000000e-06
Epoch 238/301 | train_loss=0.2748 train_acc=92.54% | val_loss=0.2948 val_acc=88.44% | lr=3.000000e-06
Epoch 239/301 | train_loss=0.2743 train_acc=92.55% | val_loss=0.2947 val_acc=88.40% | lr=3.000000e-06
Epoch 240/301 | train_loss=0.2737 train_acc=92.58% | val_loss=0.2946 val_acc=88.44% | lr=3.000000e-06
Epoch 241/301 | train_loss=0.2732 train_acc=92.56% | val_loss=0.2946 val_acc=88.44% | lr=3.000000e-06
Epoch 242/301 | train_loss=0.2726 train_acc=92.61% | val_loss=0.2945 val_acc=88.46% | lr=3.000000e-06
Epoch 243/301 | train_loss=0.2721 train_acc=92.57% | val_loss=0.2943 val_acc=88.48% | lr=3.000000e-06
Epoch 244/301 | train_loss=0.2715 train_acc=92.64% | val_loss=0.2943 val_acc=88.48% | lr=3.000000e-06
Epoch 245/301 | train_loss=0.2710 train_acc=92.62% | val_loss=0.2941 val_acc=88.44% | lr=3.000000e-06
Epoch 246/301 | train_loss=0.2704 train_acc=92.66% | val_loss=0.2941 val_acc=88.50% | lr=3.000000e-06
Epoch 247/301 | train_loss=0.2698 train_acc=92.66% | val_loss=0.2940 val_acc=88.48% | lr=3.000000e-06
Epoch 248/301 | train_loss=0.2693 train_acc=92.69% | val_loss=0.2938 val_acc=88.44% | lr=3.000000e-06
Epoch 249/301 | train_loss=0.2688 train_acc=92.70% | val_loss=0.2937 val_acc=88.40% | lr=3.000000e-06
Epoch 250/301 | train_loss=0.2682 train_acc=92.72% | val_loss=0.2937 val_acc=88.38% | lr=3.000000e-06
Epoch 251/301 | train_loss=0.2677 train_acc=92.77% | val_loss=0.2936 val_acc=88.40% | lr=3.000000e-06
Epoch 252/301 | train_loss=0.2672 train_acc=92.77% | val_loss=0.2935 val_acc=88.44% | lr=3.000000e-06
Epoch 253/301 | train_loss=0.2666 train_acc=92.79% | val_loss=0.2934 val_acc=88.42% | lr=3.000000e-06
Epoch 254/301 | train_loss=0.2661 train_acc=92.83% | val_loss=0.2935 val_acc=88.34% | lr=3.000000e-06
Epoch 255/301 | train_loss=0.2656 train_acc=92.78% | val_loss=0.2934 val_acc=88.32% | lr=3.000000e-06
Epoch 256/301 | train_loss=0.2651 train_acc=92.86% | val_loss=0.2932 val_acc=88.42% | lr=3.000000e-06
Epoch 257/301 | train_loss=0.2645 train_acc=92.85% | val_loss=0.2931 val_acc=88.48% | lr=3.000000e-06
Epoch 258/301 | train_loss=0.2640 train_acc=92.88% | val_loss=0.2931 val_acc=88.42% | lr=3.000000e-06
Epoch 259/301 | train_loss=0.2635 train_acc=92.90% | val_loss=0.2930 val_acc=88.48% | lr=3.000000e-06
Epoch 260/301 | train_loss=0.2630 train_acc=92.87% | val_loss=0.2929 val_acc=88.48% | lr=3.000000e-06
Epoch 261/301 | train_loss=0.2625 train_acc=92.88% | val_loss=0.2930 val_acc=88.42% | lr=3.000000e-06
Epoch 262/301 | train_loss=0.2620 train_acc=92.94% | val_loss=0.2929 val_acc=88.40% | lr=3.000000e-06
Epoch 263/301 | train_loss=0.2615 train_acc=92.95% | val_loss=0.2929 val_acc=88.40% | lr=3.000000e-06
Epoch 264/301 | train_loss=0.2609 train_acc=92.97% | val_loss=0.2928 val_acc=88.42% | lr=3.000000e-06
Epoch 265/301 | train_loss=0.2604 train_acc=93.02% | val_loss=0.2929 val_acc=88.36% | lr=3.000000e-06
Epoch 266/301 | train_loss=0.2600 train_acc=92.99% | val_loss=0.2926 val_acc=88.50% | lr=3.000000e-06
Epoch 267/301 | train_loss=0.2595 train_acc=93.00% | val_loss=0.2925 val_acc=88.48% | lr=3.000000e-06
Epoch 268/301 | train_loss=0.2590 train_acc=93.01% | val_loss=0.2925 val_acc=88.44% | lr=3.000000e-06
Epoch 269/301 | train_loss=0.2585 train_acc=93.07% | val_loss=0.2925 val_acc=88.46% | lr=3.000000e-06
Epoch 270/301 | train_loss=0.2580 train_acc=93.06% | val_loss=0.2924 val_acc=88.46% | lr=3.000000e-06
Epoch 271/301 | train_loss=0.2575 train_acc=93.09% | val_loss=0.2924 val_acc=88.46% | lr=3.000000e-06
Epoch 272/301 | train_loss=0.2570 train_acc=93.08% | val_loss=0.2926 val_acc=88.42% | lr=3.000000e-06
Epoch 273/301 | train_loss=0.2565 train_acc=93.14% | val_loss=0.2924 val_acc=88.44% | lr=3.000000e-06
Epoch 274/301 | train_loss=0.2560 train_acc=93.12% | val_loss=0.2925 val_acc=88.44% | lr=3.000000e-06
Epoch 275/301 | train_loss=0.2555 train_acc=93.16% | val_loss=0.2924 val_acc=88.44% | lr=3.000000e-06
Epoch 276/301 | train_loss=0.2551 train_acc=93.17% | val_loss=0.2924 val_acc=88.44% | lr=3.000000e-06
Epoch 277/301 | train_loss=0.2546 train_acc=93.16% | val_loss=0.2922 val_acc=88.44% | lr=3.000000e-06
Epoch 278/301 | train_loss=0.2542 train_acc=93.19% | val_loss=0.2922 val_acc=88.42% | lr=3.000000e-06
Epoch 279/301 | train_loss=0.2536 train_acc=93.22% | val_loss=0.2921 val_acc=88.46% | lr=3.000000e-06
Epoch 280/301 | train_loss=0.2532 train_acc=93.20% | val_loss=0.2922 val_acc=88.46% | lr=3.000000e-06
Epoch 281/301 | train_loss=0.2527 train_acc=93.27% | val_loss=0.2922 val_acc=88.48% | lr=3.000000e-06
Epoch 282/301 | train_loss=0.2523 train_acc=93.26% | val_loss=0.2923 val_acc=88.42% | lr=3.000000e-06
Epoch 283/301 | train_loss=0.2518 train_acc=93.29% | val_loss=0.2920 val_acc=88.44% | lr=3.000000e-06
Epoch 284/301 | train_loss=0.2514 train_acc=93.27% | val_loss=0.2921 val_acc=88.48% | lr=3.000000e-06
Epoch 285/301 | train_loss=0.2509 train_acc=93.34% | val_loss=0.2922 val_acc=88.48% | lr=3.000000e-06
Epoch 286/301 | train_loss=0.2504 train_acc=93.28% | val_loss=0.2920 val_acc=88.40% | lr=3.000000e-06
Epoch 287/301 | train_loss=0.2500 train_acc=93.38% | val_loss=0.2920 val_acc=88.40% | lr=3.000000e-06
Epoch 288/301 | train_loss=0.2495 train_acc=93.31% | val_loss=0.2920 val_acc=88.40% | lr=3.000000e-06
Epoch 289/301 | train_loss=0.2491 train_acc=93.38% | val_loss=0.2920 val_acc=88.42% | lr=3.000000e-06
Epoch 290/301 | train_loss=0.2486 train_acc=93.37% | val_loss=0.2919 val_acc=88.38% | lr=3.000000e-06
Epoch 291/301 | train_loss=0.2482 train_acc=93.41% | val_loss=0.2919 val_acc=88.36% | lr=3.000000e-06
Epoch 292/301 | train_loss=0.2477 train_acc=93.36% | val_loss=0.2921 val_acc=88.50% | lr=3.000000e-06
Epoch 293/301 | train_loss=0.2473 train_acc=93.41% | val_loss=0.2920 val_acc=88.50% | lr=3.000000e-06
Epoch 294/301 | train_loss=0.2468 train_acc=93.42% | val_loss=0.2919 val_acc=88.38% | lr=3.000000e-06
Epoch 295/301 | train_loss=0.2464 train_acc=93.41% | val_loss=0.2919 val_acc=88.40% | lr=3.000000e-06
Epoch 296/301 | train_loss=0.2459 train_acc=93.45% | val_loss=0.2922 val_acc=88.44% | lr=3.000000e-06
Epoch 297/301 | train_loss=0.2455 train_acc=93.47% | val_loss=0.2921 val_acc=88.48% | lr=3.000000e-06
Epoch 298/301 | train_loss=0.2451 train_acc=93.46% | val_loss=0.2920 val_acc=88.42% | lr=3.000000e-06
Epoch 299/301 | train_loss=0.2447 train_acc=93.46% | val_loss=0.2919 val_acc=88.40% | lr=3.000000e-06
Epoch 300/301 | train_loss=0.2442 train_acc=93.45% | val_loss=0.2920 val_acc=88.40% | lr=3.000000e-06
Epoch 301/301 | train_loss=0.2438 train_acc=93.44% | val_loss=0.2920 val_acc=88.38% | lr=3.000000e-06
Epoch 302/301 | train_loss=0.2434 train_acc=93.50% | val_loss=0.2920 val_acc=88.40% | lr=3.000000e-06
Epoch 303/301 | train_loss=0.2429 train_acc=93.48% | val_loss=0.2922 val_acc=88.44% | lr=3.000000e-06
Validation loss has not improved for 8 epochs. Stopping training.
Test loss=0.3075 | Test accuracy=87.98%
