Loading IMDb dataset from local disk: /home/daniel/l/masteruppsats/np-reg/language/data/imdb_hf
Using device: cuda
BoW vocab size: 6250
W0421 07:20:00.010000 3382939 site-packages/torch/_inductor/utils.py:1679] [0/0] Not enough SMs to use max_autotune_gemm mode
Epoch 1/301 | train_loss=0.7112 train_acc=51.12% | val_loss=0.6935 val_acc=53.96% | lr=3.000000e-06
Saved new best model to /tmp/bow_mlp_imdb_c62k6aib.pt
Epoch 2/301 | train_loss=0.6857 train_acc=55.44% | val_loss=0.6741 val_acc=57.34% | lr=3.000000e-06
Saved new best model to /tmp/bow_mlp_imdb_c62k6aib.pt
Epoch 3/301 | train_loss=0.6674 train_acc=59.00% | val_loss=0.6585 val_acc=61.34% | lr=3.000000e-06
Saved new best model to /tmp/bow_mlp_imdb_c62k6aib.pt
Epoch 4/301 | train_loss=0.6521 train_acc=62.62% | val_loss=0.6457 val_acc=64.22% | lr=3.000000e-06
Saved new best model to /tmp/bow_mlp_imdb_c62k6aib.pt
Epoch 5/301 | train_loss=0.6387 train_acc=65.41% | val_loss=0.6348 val_acc=66.82% | lr=3.000000e-06
Saved new best model to /tmp/bow_mlp_imdb_c62k6aib.pt
Epoch 6/301 | train_loss=0.6256 train_acc=67.75% | val_loss=0.6204 val_acc=68.70% | lr=3.000000e-06
Saved new best model to /tmp/bow_mlp_imdb_c62k6aib.pt
Epoch 7/301 | train_loss=0.6133 train_acc=69.69% | val_loss=0.6118 val_acc=70.72% | lr=3.000000e-06
Saved new best model to /tmp/bow_mlp_imdb_c62k6aib.pt
Epoch 8/301 | train_loss=0.6016 train_acc=71.59% | val_loss=0.5981 val_acc=72.06% | lr=3.000000e-06
Saved new best model to /tmp/bow_mlp_imdb_c62k6aib.pt
Epoch 9/301 | train_loss=0.5894 train_acc=73.13% | val_loss=0.5871 val_acc=73.54% | lr=3.000000e-06
Saved new best model to /tmp/bow_mlp_imdb_c62k6aib.pt
Epoch 10/301 | train_loss=0.5780 train_acc=74.70% | val_loss=0.5754 val_acc=74.58% | lr=3.000000e-06
Saved new best model to /tmp/bow_mlp_imdb_c62k6aib.pt
Epoch 11/301 | train_loss=0.5674 train_acc=75.78% | val_loss=0.5671 val_acc=75.46% | lr=3.000000e-06
Saved new best model to /tmp/bow_mlp_imdb_c62k6aib.pt
Epoch 12/301 | train_loss=0.5565 train_acc=76.80% | val_loss=0.5580 val_acc=76.34% | lr=3.000000e-06
Saved new best model to /tmp/bow_mlp_imdb_c62k6aib.pt
Epoch 13/301 | train_loss=0.5465 train_acc=77.82% | val_loss=0.5493 val_acc=77.48% | lr=3.000000e-06
Saved new best model to /tmp/bow_mlp_imdb_c62k6aib.pt
Epoch 14/301 | train_loss=0.5360 train_acc=79.05% | val_loss=0.5388 val_acc=77.96% | lr=3.000000e-06
Saved new best model to /tmp/bow_mlp_imdb_c62k6aib.pt
Epoch 15/301 | train_loss=0.5263 train_acc=79.77% | val_loss=0.5311 val_acc=78.84% | lr=3.000000e-06
Saved new best model to /tmp/bow_mlp_imdb_c62k6aib.pt
Epoch 16/301 | train_loss=0.5175 train_acc=80.28% | val_loss=0.5214 val_acc=79.30% | lr=3.000000e-06
Saved new best model to /tmp/bow_mlp_imdb_c62k6aib.pt
Epoch 17/301 | train_loss=0.5087 train_acc=81.13% | val_loss=0.5133 val_acc=80.14% | lr=3.000000e-06
Saved new best model to /tmp/bow_mlp_imdb_c62k6aib.pt
Epoch 18/301 | train_loss=0.5003 train_acc=81.77% | val_loss=0.5090 val_acc=80.38% | lr=3.000000e-06
Saved new best model to /tmp/bow_mlp_imdb_c62k6aib.pt
Epoch 19/301 | train_loss=0.4930 train_acc=82.17% | val_loss=0.5008 val_acc=81.18% | lr=3.000000e-06
Saved new best model to /tmp/bow_mlp_imdb_c62k6aib.pt
Epoch 20/301 | train_loss=0.4853 train_acc=82.75% | val_loss=0.4950 val_acc=81.42% | lr=3.000000e-06
Saved new best model to /tmp/bow_mlp_imdb_c62k6aib.pt
Epoch 21/301 | train_loss=0.4786 train_acc=83.19% | val_loss=0.4864 val_acc=81.70% | lr=3.000000e-06
Saved new best model to /tmp/bow_mlp_imdb_c62k6aib.pt
Epoch 22/301 | train_loss=0.4717 train_acc=83.64% | val_loss=0.4822 val_acc=82.30% | lr=3.000000e-06
Saved new best model to /tmp/bow_mlp_imdb_c62k6aib.pt
Epoch 23/301 | train_loss=0.4657 train_acc=84.00% | val_loss=0.4772 val_acc=82.72% | lr=3.000000e-06
Saved new best model to /tmp/bow_mlp_imdb_c62k6aib.pt
Epoch 24/301 | train_loss=0.4594 train_acc=84.33% | val_loss=0.4739 val_acc=83.08% | lr=3.000000e-06
Saved new best model to /tmp/bow_mlp_imdb_c62k6aib.pt
Epoch 25/301 | train_loss=0.4529 train_acc=85.12% | val_loss=0.4686 val_acc=83.40% | lr=3.000000e-06
Saved new best model to /tmp/bow_mlp_imdb_c62k6aib.pt
Epoch 26/301 | train_loss=0.4475 train_acc=85.57% | val_loss=0.4612 val_acc=83.68% | lr=3.000000e-06
Saved new best model to /tmp/bow_mlp_imdb_c62k6aib.pt
Epoch 27/301 | train_loss=0.4424 train_acc=85.41% | val_loss=0.4587 val_acc=83.82% | lr=3.000000e-06
Saved new best model to /tmp/bow_mlp_imdb_c62k6aib.pt
Epoch 28/301 | train_loss=0.4361 train_acc=85.94% | val_loss=0.4602 val_acc=83.76% | lr=3.000000e-06
Epoch 29/301 | train_loss=0.4309 train_acc=86.24% | val_loss=0.4523 val_acc=83.82% | lr=3.000000e-06
Epoch 30/301 | train_loss=0.4260 train_acc=86.43% | val_loss=0.4457 val_acc=84.40% | lr=3.000000e-06
Saved new best model to /tmp/bow_mlp_imdb_c62k6aib.pt
Epoch 31/301 | train_loss=0.4208 train_acc=86.81% | val_loss=0.4411 val_acc=84.40% | lr=3.000000e-06
Epoch 32/301 | train_loss=0.4160 train_acc=87.06% | val_loss=0.4409 val_acc=84.76% | lr=3.000000e-06
Saved new best model to /tmp/bow_mlp_imdb_c62k6aib.pt
Epoch 33/301 | train_loss=0.4117 train_acc=87.33% | val_loss=0.4358 val_acc=84.66% | lr=3.000000e-06
Epoch 34/301 | train_loss=0.4071 train_acc=87.46% | val_loss=0.4404 val_acc=84.84% | lr=3.000000e-06
Saved new best model to /tmp/bow_mlp_imdb_c62k6aib.pt
Epoch 35/301 | train_loss=0.4031 train_acc=87.70% | val_loss=0.4301 val_acc=85.20% | lr=3.000000e-06
Saved new best model to /tmp/bow_mlp_imdb_c62k6aib.pt
Epoch 36/301 | train_loss=0.3989 train_acc=87.81% | val_loss=0.4261 val_acc=85.22% | lr=3.000000e-06
Saved new best model to /tmp/bow_mlp_imdb_c62k6aib.pt
Epoch 37/301 | train_loss=0.3936 train_acc=88.12% | val_loss=0.4210 val_acc=85.24% | lr=3.000000e-06
Saved new best model to /tmp/bow_mlp_imdb_c62k6aib.pt
Epoch 38/301 | train_loss=0.3899 train_acc=88.35% | val_loss=0.4196 val_acc=85.24% | lr=3.000000e-06
Epoch 39/301 | train_loss=0.3861 train_acc=88.50% | val_loss=0.4117 val_acc=85.38% | lr=3.000000e-06
Saved new best model to /tmp/bow_mlp_imdb_c62k6aib.pt
Epoch 40/301 | train_loss=0.3829 train_acc=88.52% | val_loss=0.4111 val_acc=85.78% | lr=3.000000e-06
Saved new best model to /tmp/bow_mlp_imdb_c62k6aib.pt
Epoch 41/301 | train_loss=0.3783 train_acc=88.94% | val_loss=0.4111 val_acc=85.66% | lr=3.000000e-06
Epoch 42/301 | train_loss=0.3751 train_acc=88.95% | val_loss=0.4063 val_acc=85.60% | lr=3.000000e-06
Epoch 43/301 | train_loss=0.3702 train_acc=89.27% | val_loss=0.4065 val_acc=85.92% | lr=3.000000e-06
Saved new best model to /tmp/bow_mlp_imdb_c62k6aib.pt
Epoch 44/301 | train_loss=0.3674 train_acc=89.38% | val_loss=0.4014 val_acc=85.94% | lr=3.000000e-06
Saved new best model to /tmp/bow_mlp_imdb_c62k6aib.pt
Epoch 45/301 | train_loss=0.3636 train_acc=89.50% | val_loss=0.3977 val_acc=86.14% | lr=3.000000e-06
Saved new best model to /tmp/bow_mlp_imdb_c62k6aib.pt
Epoch 46/301 | train_loss=0.3598 train_acc=89.72% | val_loss=0.3961 val_acc=86.08% | lr=3.000000e-06
Epoch 47/301 | train_loss=0.3563 train_acc=89.81% | val_loss=0.3932 val_acc=86.30% | lr=3.000000e-06
Saved new best model to /tmp/bow_mlp_imdb_c62k6aib.pt
Epoch 48/301 | train_loss=0.3541 train_acc=89.89% | val_loss=0.3909 val_acc=86.16% | lr=3.000000e-06
Epoch 49/301 | train_loss=0.3502 train_acc=90.06% | val_loss=0.3913 val_acc=86.42% | lr=3.000000e-06
Saved new best model to /tmp/bow_mlp_imdb_c62k6aib.pt
Epoch 50/301 | train_loss=0.3475 train_acc=90.04% | val_loss=0.3895 val_acc=86.58% | lr=3.000000e-06
Saved new best model to /tmp/bow_mlp_imdb_c62k6aib.pt
Epoch 51/301 | train_loss=0.3439 train_acc=90.28% | val_loss=0.3838 val_acc=86.28% | lr=3.000000e-06
Epoch 52/301 | train_loss=0.3409 train_acc=90.56% | val_loss=0.3824 val_acc=86.52% | lr=3.000000e-06
Epoch 53/301 | train_loss=0.3380 train_acc=90.65% | val_loss=0.3809 val_acc=86.66% | lr=3.000000e-06
Saved new best model to /tmp/bow_mlp_imdb_c62k6aib.pt
Epoch 54/301 | train_loss=0.3344 train_acc=90.83% | val_loss=0.3788 val_acc=86.56% | lr=3.000000e-06
Epoch 55/301 | train_loss=0.3315 train_acc=90.81% | val_loss=0.3828 val_acc=86.72% | lr=3.000000e-06
Saved new best model to /tmp/bow_mlp_imdb_c62k6aib.pt
Epoch 56/301 | train_loss=0.3287 train_acc=90.96% | val_loss=0.3744 val_acc=86.92% | lr=3.000000e-06
Saved new best model to /tmp/bow_mlp_imdb_c62k6aib.pt
Epoch 57/301 | train_loss=0.3264 train_acc=91.00% | val_loss=0.3736 val_acc=86.96% | lr=3.000000e-06
Saved new best model to /tmp/bow_mlp_imdb_c62k6aib.pt
Epoch 58/301 | train_loss=0.3225 train_acc=91.30% | val_loss=0.3770 val_acc=86.96% | lr=3.000000e-06
Epoch 59/301 | train_loss=0.3206 train_acc=91.16% | val_loss=0.3708 val_acc=86.96% | lr=3.000000e-06
Epoch 60/301 | train_loss=0.3177 train_acc=91.40% | val_loss=0.3683 val_acc=87.10% | lr=3.000000e-06
Saved new best model to /tmp/bow_mlp_imdb_c62k6aib.pt
Epoch 61/301 | train_loss=0.3145 train_acc=91.50% | val_loss=0.3657 val_acc=87.14% | lr=3.000000e-06
Saved new best model to /tmp/bow_mlp_imdb_c62k6aib.pt
Epoch 62/301 | train_loss=0.3125 train_acc=91.47% | val_loss=0.3694 val_acc=87.16% | lr=3.000000e-06
Saved new best model to /tmp/bow_mlp_imdb_c62k6aib.pt
Epoch 63/301 | train_loss=0.3089 train_acc=91.66% | val_loss=0.3644 val_acc=87.32% | lr=3.000000e-06
Saved new best model to /tmp/bow_mlp_imdb_c62k6aib.pt
Epoch 64/301 | train_loss=0.3070 train_acc=91.87% | val_loss=0.3589 val_acc=87.28% | lr=3.000000e-06
Epoch 65/301 | train_loss=0.3040 train_acc=91.84% | val_loss=0.3575 val_acc=87.38% | lr=3.000000e-06
Saved new best model to /tmp/bow_mlp_imdb_c62k6aib.pt
Epoch 66/301 | train_loss=0.3017 train_acc=91.95% | val_loss=0.3586 val_acc=87.34% | lr=3.000000e-06
Epoch 67/301 | train_loss=0.2990 train_acc=92.04% | val_loss=0.3542 val_acc=87.34% | lr=3.000000e-06
Epoch 68/301 | train_loss=0.2958 train_acc=92.23% | val_loss=0.3499 val_acc=87.38% | lr=3.000000e-06
Epoch 69/301 | train_loss=0.2945 train_acc=92.16% | val_loss=0.3548 val_acc=87.36% | lr=3.000000e-06
Epoch 70/301 | train_loss=0.2909 train_acc=92.48% | val_loss=0.3530 val_acc=87.34% | lr=3.000000e-06
Epoch 71/301 | train_loss=0.2888 train_acc=92.61% | val_loss=0.3503 val_acc=87.62% | lr=3.000000e-06
Saved new best model to /tmp/bow_mlp_imdb_c62k6aib.pt
Epoch 72/301 | train_loss=0.2862 train_acc=92.53% | val_loss=0.3509 val_acc=87.50% | lr=3.000000e-06
Epoch 73/301 | train_loss=0.2848 train_acc=92.66% | val_loss=0.3473 val_acc=87.58% | lr=3.000000e-06
Epoch 74/301 | train_loss=0.2818 train_acc=92.83% | val_loss=0.3462 val_acc=87.40% | lr=3.000000e-06
Epoch 75/301 | train_loss=0.2799 train_acc=92.99% | val_loss=0.3463 val_acc=87.60% | lr=3.000000e-06
Epoch 76/301 | train_loss=0.2769 train_acc=92.92% | val_loss=0.3435 val_acc=87.62% | lr=3.000000e-06
Epoch 77/301 | train_loss=0.2747 train_acc=93.03% | val_loss=0.3409 val_acc=87.56% | lr=3.000000e-06
Epoch 78/301 | train_loss=0.2740 train_acc=92.92% | val_loss=0.3402 val_acc=87.62% | lr=3.000000e-06
Epoch 79/301 | train_loss=0.2708 train_acc=93.06% | val_loss=0.3380 val_acc=87.68% | lr=3.000000e-06
Saved new best model to /tmp/bow_mlp_imdb_c62k6aib.pt
Epoch 80/301 | train_loss=0.2689 train_acc=93.41% | val_loss=0.3366 val_acc=87.62% | lr=3.000000e-06
Epoch 81/301 | train_loss=0.2671 train_acc=93.31% | val_loss=0.3378 val_acc=87.80% | lr=3.000000e-06
Saved new best model to /tmp/bow_mlp_imdb_c62k6aib.pt
Epoch 82/301 | train_loss=0.2638 train_acc=93.42% | val_loss=0.3387 val_acc=87.68% | lr=3.000000e-06
Epoch 83/301 | train_loss=0.2620 train_acc=93.46% | val_loss=0.3325 val_acc=87.76% | lr=3.000000e-06
Epoch 84/301 | train_loss=0.2612 train_acc=93.49% | val_loss=0.3357 val_acc=87.50% | lr=3.000000e-06
Epoch 85/301 | train_loss=0.2592 train_acc=93.52% | val_loss=0.3320 val_acc=87.72% | lr=3.000000e-06
Epoch 86/301 | train_loss=0.2555 train_acc=93.78% | val_loss=0.3302 val_acc=87.86% | lr=3.000000e-06
Saved new best model to /tmp/bow_mlp_imdb_c62k6aib.pt
Epoch 87/301 | train_loss=0.2548 train_acc=93.61% | val_loss=0.3284 val_acc=87.68% | lr=3.000000e-06
Epoch 88/301 | train_loss=0.2510 train_acc=93.84% | val_loss=0.3327 val_acc=87.86% | lr=3.000000e-06
Epoch 89/301 | train_loss=0.2494 train_acc=93.97% | val_loss=0.3272 val_acc=87.86% | lr=3.000000e-06
Epoch 90/301 | train_loss=0.2481 train_acc=94.05% | val_loss=0.3303 val_acc=88.00% | lr=3.000000e-06
Saved new best model to /tmp/bow_mlp_imdb_c62k6aib.pt
Epoch 91/301 | train_loss=0.2461 train_acc=94.03% | val_loss=0.3267 val_acc=87.82% | lr=3.000000e-06
Epoch 92/301 | train_loss=0.2444 train_acc=94.05% | val_loss=0.3242 val_acc=87.96% | lr=3.000000e-06
Epoch 93/301 | train_loss=0.2420 train_acc=94.25% | val_loss=0.3267 val_acc=87.76% | lr=3.000000e-06
Epoch 94/301 | train_loss=0.2405 train_acc=94.19% | val_loss=0.3223 val_acc=87.90% | lr=3.000000e-06
Epoch 95/301 | train_loss=0.2391 train_acc=94.31% | val_loss=0.3232 val_acc=87.90% | lr=3.000000e-06
Epoch 96/301 | train_loss=0.2363 train_acc=94.53% | val_loss=0.3232 val_acc=87.94% | lr=3.000000e-06
Epoch 97/301 | train_loss=0.2352 train_acc=94.45% | val_loss=0.3217 val_acc=87.90% | lr=3.000000e-06
Epoch 98/301 | train_loss=0.2325 train_acc=94.59% | val_loss=0.3222 val_acc=87.88% | lr=3.000000e-06
Epoch 99/301 | train_loss=0.2318 train_acc=94.64% | val_loss=0.3191 val_acc=87.82% | lr=3.000000e-06
Epoch 100/301 | train_loss=0.2297 train_acc=94.77% | val_loss=0.3180 val_acc=87.98% | lr=3.000000e-06
Epoch 101/301 | train_loss=0.2271 train_acc=94.83% | val_loss=0.3181 val_acc=87.76% | lr=3.000000e-06
Epoch 102/301 | train_loss=0.2249 train_acc=94.91% | val_loss=0.3170 val_acc=87.90% | lr=3.000000e-06
Epoch 103/301 | train_loss=0.2230 train_acc=94.92% | val_loss=0.3149 val_acc=87.94% | lr=3.000000e-06
Epoch 104/301 | train_loss=0.2221 train_acc=94.68% | val_loss=0.3162 val_acc=87.98% | lr=3.000000e-06
Epoch 105/301 | train_loss=0.2198 train_acc=95.07% | val_loss=0.3166 val_acc=87.94% | lr=3.000000e-06
Epoch 106/301 | train_loss=0.2179 train_acc=95.08% | val_loss=0.3172 val_acc=88.00% | lr=3.000000e-06
Epoch 107/301 | train_loss=0.2162 train_acc=95.18% | val_loss=0.3131 val_acc=88.02% | lr=3.000000e-06
Saved new best model to /tmp/bow_mlp_imdb_c62k6aib.pt
Epoch 108/301 | train_loss=0.2161 train_acc=95.06% | val_loss=0.3149 val_acc=87.94% | lr=3.000000e-06
Epoch 109/301 | train_loss=0.2137 train_acc=95.22% | val_loss=0.3127 val_acc=88.04% | lr=3.000000e-06
Saved new best model to /tmp/bow_mlp_imdb_c62k6aib.pt
Epoch 110/301 | train_loss=0.2119 train_acc=95.10% | val_loss=0.3138 val_acc=88.06% | lr=3.000000e-06
Saved new best model to /tmp/bow_mlp_imdb_c62k6aib.pt
Epoch 111/301 | train_loss=0.2111 train_acc=95.27% | val_loss=0.3122 val_acc=87.96% | lr=3.000000e-06
Epoch 112/301 | train_loss=0.2084 train_acc=95.34% | val_loss=0.3102 val_acc=88.06% | lr=3.000000e-06
Epoch 113/301 | train_loss=0.2068 train_acc=95.37% | val_loss=0.3118 val_acc=87.94% | lr=3.000000e-06
Epoch 114/301 | train_loss=0.2053 train_acc=95.67% | val_loss=0.3110 val_acc=88.00% | lr=3.000000e-06
Epoch 115/301 | train_loss=0.2040 train_acc=95.53% | val_loss=0.3090 val_acc=87.92% | lr=3.000000e-06
Epoch 116/301 | train_loss=0.2014 train_acc=95.76% | val_loss=0.3089 val_acc=88.04% | lr=3.000000e-06
Epoch 117/301 | train_loss=0.2009 train_acc=95.58% | val_loss=0.3091 val_acc=87.94% | lr=3.000000e-06
Epoch 118/301 | train_loss=0.1989 train_acc=95.70% | val_loss=0.3082 val_acc=87.98% | lr=3.000000e-06
Epoch 119/301 | train_loss=0.1983 train_acc=95.89% | val_loss=0.3070 val_acc=88.00% | lr=3.000000e-06
Epoch 120/301 | train_loss=0.1968 train_acc=95.86% | val_loss=0.3091 val_acc=88.08% | lr=3.000000e-06
Saved new best model to /tmp/bow_mlp_imdb_c62k6aib.pt
Epoch 121/301 | train_loss=0.1941 train_acc=95.92% | val_loss=0.3074 val_acc=88.00% | lr=3.000000e-06
Epoch 122/301 | train_loss=0.1931 train_acc=96.02% | val_loss=0.3063 val_acc=87.90% | lr=3.000000e-06
Epoch 123/301 | train_loss=0.1926 train_acc=95.93% | val_loss=0.3181 val_acc=87.90% | lr=3.000000e-06
Epoch 124/301 | train_loss=0.1911 train_acc=95.95% | val_loss=0.3083 val_acc=87.88% | lr=3.000000e-06
Epoch 125/301 | train_loss=0.1884 train_acc=96.15% | val_loss=0.3049 val_acc=87.82% | lr=3.000000e-06
Epoch 126/301 | train_loss=0.1876 train_acc=96.14% | val_loss=0.3047 val_acc=87.96% | lr=3.000000e-06
Epoch 127/301 | train_loss=0.1866 train_acc=96.11% | val_loss=0.3050 val_acc=87.90% | lr=3.000000e-06
Epoch 128/301 | train_loss=0.1847 train_acc=96.24% | val_loss=0.3046 val_acc=87.86% | lr=3.000000e-06
Epoch 129/301 | train_loss=0.1836 train_acc=96.18% | val_loss=0.3047 val_acc=88.20% | lr=3.000000e-06
Saved new best model to /tmp/bow_mlp_imdb_c62k6aib.pt
Epoch 130/301 | train_loss=0.1819 train_acc=96.36% | val_loss=0.3016 val_acc=87.94% | lr=3.000000e-06
Epoch 131/301 | train_loss=0.1799 train_acc=96.56% | val_loss=0.3028 val_acc=87.88% | lr=3.000000e-06
Epoch 132/301 | train_loss=0.1787 train_acc=96.49% | val_loss=0.3023 val_acc=87.94% | lr=3.000000e-06
Epoch 133/301 | train_loss=0.1770 train_acc=96.56% | val_loss=0.3028 val_acc=87.96% | lr=3.000000e-06
Epoch 134/301 | train_loss=0.1767 train_acc=96.54% | val_loss=0.3014 val_acc=87.88% | lr=3.000000e-06
Epoch 135/301 | train_loss=0.1741 train_acc=96.78% | val_loss=0.3012 val_acc=88.08% | lr=3.000000e-06
Epoch 136/301 | train_loss=0.1725 train_acc=96.84% | val_loss=0.3005 val_acc=87.92% | lr=3.000000e-06
Epoch 137/301 | train_loss=0.1733 train_acc=96.60% | val_loss=0.3005 val_acc=87.94% | lr=3.000000e-06
Epoch 138/301 | train_loss=0.1720 train_acc=96.65% | val_loss=0.3013 val_acc=87.96% | lr=3.000000e-06
Epoch 139/301 | train_loss=0.1697 train_acc=96.80% | val_loss=0.3006 val_acc=87.90% | lr=3.000000e-06
Epoch 140/301 | train_loss=0.1676 train_acc=96.84% | val_loss=0.3018 val_acc=87.98% | lr=3.000000e-06
Epoch 141/301 | train_loss=0.1676 train_acc=96.84% | val_loss=0.3010 val_acc=88.04% | lr=3.000000e-06
Epoch 142/301 | train_loss=0.1654 train_acc=97.00% | val_loss=0.2994 val_acc=88.00% | lr=3.000000e-06
Epoch 143/301 | train_loss=0.1641 train_acc=97.02% | val_loss=0.3013 val_acc=88.00% | lr=3.000000e-06
Epoch 144/301 | train_loss=0.1634 train_acc=96.95% | val_loss=0.2991 val_acc=87.96% | lr=3.000000e-06
Epoch 145/301 | train_loss=0.1618 train_acc=97.04% | val_loss=0.3007 val_acc=87.86% | lr=3.000000e-06
Epoch 146/301 | train_loss=0.1615 train_acc=97.12% | val_loss=0.2992 val_acc=87.94% | lr=3.000000e-06
Epoch 147/301 | train_loss=0.1600 train_acc=97.11% | val_loss=0.2983 val_acc=87.98% | lr=3.000000e-06
Epoch 148/301 | train_loss=0.1578 train_acc=97.13% | val_loss=0.2992 val_acc=87.92% | lr=3.000000e-06
Epoch 149/301 | train_loss=0.1565 train_acc=97.25% | val_loss=0.2992 val_acc=87.96% | lr=3.000000e-06
Epoch 150/301 | train_loss=0.1563 train_acc=97.14% | val_loss=0.2979 val_acc=87.86% | lr=3.000000e-06
Epoch 151/301 | train_loss=0.1545 train_acc=97.26% | val_loss=0.3001 val_acc=87.92% | lr=3.000000e-06
Epoch 152/301 | train_loss=0.1536 train_acc=97.22% | val_loss=0.2994 val_acc=88.14% | lr=3.000000e-06
Epoch 153/301 | train_loss=0.1517 train_acc=97.34% | val_loss=0.2981 val_acc=88.08% | lr=3.000000e-06
Epoch 154/301 | train_loss=0.1521 train_acc=97.22% | val_loss=0.2971 val_acc=87.94% | lr=3.000000e-06
Epoch 155/301 | train_loss=0.1483 train_acc=97.52% | val_loss=0.2987 val_acc=87.80% | lr=3.000000e-06
Epoch 156/301 | train_loss=0.1487 train_acc=97.52% | val_loss=0.2998 val_acc=87.76% | lr=3.000000e-06
Epoch 157/301 | train_loss=0.1469 train_acc=97.54% | val_loss=0.2985 val_acc=87.74% | lr=3.000000e-06
Epoch 158/301 | train_loss=0.1463 train_acc=97.56% | val_loss=0.2984 val_acc=88.02% | lr=3.000000e-06
Epoch 159/301 | train_loss=0.1445 train_acc=97.63% | val_loss=0.2988 val_acc=87.94% | lr=3.000000e-06
Epoch 160/301 | train_loss=0.1437 train_acc=97.71% | val_loss=0.2987 val_acc=88.00% | lr=3.000000e-06
Epoch 161/301 | train_loss=0.1423 train_acc=97.64% | val_loss=0.2985 val_acc=87.96% | lr=3.000000e-06
Epoch 162/301 | train_loss=0.1421 train_acc=97.65% | val_loss=0.2983 val_acc=87.76% | lr=3.000000e-06
Validation loss has not improved for 8 epochs. Stopping training.
Test loss=0.3135 | Test accuracy=87.44%
