Loading IMDb dataset from local disk: /home/daniel/l/masteruppsats/np-reg/language/data/imdb_hf
Using device: cuda
BoW vocab size: 6250
Epoch 1/301 | train_loss=9.4133 train_acc=50.06% | val_loss=0.6960 val_acc=49.96% | lr=1.000000e-05
Saved new best model to /tmp/bow_mlp_imdb_uca1py0v.pt
Epoch 2/301 | train_loss=8.3571 train_acc=51.07% | val_loss=0.6893 val_acc=53.50% | lr=1.000000e-05
Saved new best model to /tmp/bow_mlp_imdb_uca1py0v.pt
Epoch 3/301 | train_loss=7.3044 train_acc=53.70% | val_loss=0.6878 val_acc=55.30% | lr=1.000000e-05
Saved new best model to /tmp/bow_mlp_imdb_uca1py0v.pt
Epoch 4/301 | train_loss=6.3930 train_acc=55.54% | val_loss=0.6855 val_acc=56.80% | lr=1.000000e-05
Saved new best model to /tmp/bow_mlp_imdb_uca1py0v.pt
Epoch 5/301 | train_loss=5.5999 train_acc=57.44% | val_loss=0.6830 val_acc=59.50% | lr=1.000000e-05
Saved new best model to /tmp/bow_mlp_imdb_uca1py0v.pt
Epoch 6/301 | train_loss=4.9051 train_acc=59.31% | val_loss=0.6804 val_acc=61.30% | lr=1.000000e-05
Saved new best model to /tmp/bow_mlp_imdb_uca1py0v.pt
Epoch 7/301 | train_loss=4.2937 train_acc=61.27% | val_loss=0.6776 val_acc=63.06% | lr=1.000000e-05
Saved new best model to /tmp/bow_mlp_imdb_uca1py0v.pt
Epoch 8/301 | train_loss=3.7546 train_acc=63.18% | val_loss=0.6746 val_acc=64.64% | lr=1.000000e-05
Saved new best model to /tmp/bow_mlp_imdb_uca1py0v.pt
Epoch 9/301 | train_loss=3.2833 train_acc=64.66% | val_loss=0.6713 val_acc=66.58% | lr=1.000000e-05
Saved new best model to /tmp/bow_mlp_imdb_uca1py0v.pt
Epoch 10/301 | train_loss=2.8703 train_acc=67.09% | val_loss=0.6677 val_acc=67.94% | lr=1.000000e-05
Saved new best model to /tmp/bow_mlp_imdb_uca1py0v.pt
Epoch 11/301 | train_loss=2.5119 train_acc=68.42% | val_loss=0.6640 val_acc=68.30% | lr=1.000000e-05
Saved new best model to /tmp/bow_mlp_imdb_uca1py0v.pt
Epoch 12/301 | train_loss=2.2008 train_acc=70.42% | val_loss=0.6582 val_acc=71.86% | lr=1.000000e-05
Saved new best model to /tmp/bow_mlp_imdb_uca1py0v.pt
Epoch 13/301 | train_loss=1.9284 train_acc=73.77% | val_loss=0.6469 val_acc=75.44% | lr=1.000000e-05
Saved new best model to /tmp/bow_mlp_imdb_uca1py0v.pt
Epoch 14/301 | train_loss=1.6951 train_acc=75.86% | val_loss=0.6383 val_acc=77.16% | lr=1.000000e-05
Saved new best model to /tmp/bow_mlp_imdb_uca1py0v.pt
Epoch 15/301 | train_loss=1.4993 train_acc=77.42% | val_loss=0.6303 val_acc=78.06% | lr=1.000000e-05
Saved new best model to /tmp/bow_mlp_imdb_uca1py0v.pt
Epoch 16/301 | train_loss=1.3356 train_acc=78.97% | val_loss=0.6227 val_acc=78.84% | lr=1.000000e-05
Saved new best model to /tmp/bow_mlp_imdb_uca1py0v.pt
Epoch 17/301 | train_loss=1.2002 train_acc=79.80% | val_loss=0.6153 val_acc=79.92% | lr=1.000000e-05
Saved new best model to /tmp/bow_mlp_imdb_uca1py0v.pt
Epoch 18/301 | train_loss=1.0893 train_acc=80.63% | val_loss=0.6079 val_acc=80.74% | lr=1.000000e-05
Saved new best model to /tmp/bow_mlp_imdb_uca1py0v.pt
Epoch 19/301 | train_loss=0.9995 train_acc=81.35% | val_loss=0.6006 val_acc=81.40% | lr=1.000000e-05
Saved new best model to /tmp/bow_mlp_imdb_uca1py0v.pt
Epoch 20/301 | train_loss=0.9274 train_acc=81.98% | val_loss=0.5933 val_acc=81.92% | lr=1.000000e-05
Saved new best model to /tmp/bow_mlp_imdb_uca1py0v.pt
Epoch 21/301 | train_loss=0.8701 train_acc=82.48% | val_loss=0.5858 val_acc=82.62% | lr=1.000000e-05
Saved new best model to /tmp/bow_mlp_imdb_uca1py0v.pt
Epoch 22/301 | train_loss=0.8252 train_acc=83.00% | val_loss=0.5785 val_acc=83.02% | lr=1.000000e-05
Saved new best model to /tmp/bow_mlp_imdb_uca1py0v.pt
Epoch 23/301 | train_loss=0.7899 train_acc=83.52% | val_loss=0.5712 val_acc=83.32% | lr=1.000000e-05
Saved new best model to /tmp/bow_mlp_imdb_uca1py0v.pt
Epoch 24/301 | train_loss=0.7622 train_acc=83.83% | val_loss=0.5640 val_acc=83.62% | lr=1.000000e-05
Saved new best model to /tmp/bow_mlp_imdb_uca1py0v.pt
Epoch 25/301 | train_loss=0.7405 train_acc=84.08% | val_loss=0.5568 val_acc=84.06% | lr=1.000000e-05
Saved new best model to /tmp/bow_mlp_imdb_uca1py0v.pt
Epoch 26/301 | train_loss=0.7230 train_acc=84.50% | val_loss=0.5497 val_acc=84.36% | lr=1.000000e-05
Saved new best model to /tmp/bow_mlp_imdb_uca1py0v.pt
Epoch 27/301 | train_loss=0.7087 train_acc=84.73% | val_loss=0.5426 val_acc=84.54% | lr=1.000000e-05
Saved new best model to /tmp/bow_mlp_imdb_uca1py0v.pt
Epoch 28/301 | train_loss=0.6966 train_acc=84.98% | val_loss=0.5358 val_acc=84.84% | lr=1.000000e-05
Saved new best model to /tmp/bow_mlp_imdb_uca1py0v.pt
Epoch 29/301 | train_loss=0.6860 train_acc=85.20% | val_loss=0.5290 val_acc=85.20% | lr=1.000000e-05
Saved new best model to /tmp/bow_mlp_imdb_uca1py0v.pt
Epoch 30/301 | train_loss=0.6764 train_acc=85.32% | val_loss=0.5223 val_acc=85.10% | lr=1.000000e-05
Epoch 31/301 | train_loss=0.6676 train_acc=85.61% | val_loss=0.5159 val_acc=85.60% | lr=1.000000e-05
Saved new best model to /tmp/bow_mlp_imdb_uca1py0v.pt
Epoch 32/301 | train_loss=0.6591 train_acc=85.77% | val_loss=0.5095 val_acc=85.76% | lr=1.000000e-05
Saved new best model to /tmp/bow_mlp_imdb_uca1py0v.pt
Epoch 33/301 | train_loss=0.6510 train_acc=85.97% | val_loss=0.5034 val_acc=85.74% | lr=1.000000e-05
Epoch 34/301 | train_loss=0.6431 train_acc=86.14% | val_loss=0.4974 val_acc=85.90% | lr=1.000000e-05
Saved new best model to /tmp/bow_mlp_imdb_uca1py0v.pt
Epoch 35/301 | train_loss=0.6355 train_acc=86.35% | val_loss=0.4915 val_acc=86.00% | lr=1.000000e-05
Saved new best model to /tmp/bow_mlp_imdb_uca1py0v.pt
Epoch 36/301 | train_loss=0.6279 train_acc=86.50% | val_loss=0.4858 val_acc=86.06% | lr=1.000000e-05
Saved new best model to /tmp/bow_mlp_imdb_uca1py0v.pt
Epoch 37/301 | train_loss=0.6205 train_acc=86.53% | val_loss=0.4801 val_acc=86.28% | lr=1.000000e-05
Saved new best model to /tmp/bow_mlp_imdb_uca1py0v.pt
Epoch 38/301 | train_loss=0.6132 train_acc=86.77% | val_loss=0.4747 val_acc=86.28% | lr=1.000000e-05
Epoch 39/301 | train_loss=0.6060 train_acc=86.77% | val_loss=0.4695 val_acc=86.24% | lr=1.000000e-05
Epoch 40/301 | train_loss=0.5990 train_acc=87.00% | val_loss=0.4643 val_acc=86.40% | lr=1.000000e-05
Saved new best model to /tmp/bow_mlp_imdb_uca1py0v.pt
Epoch 41/301 | train_loss=0.5920 train_acc=87.19% | val_loss=0.4594 val_acc=86.50% | lr=1.000000e-05
Saved new best model to /tmp/bow_mlp_imdb_uca1py0v.pt
Epoch 42/301 | train_loss=0.5852 train_acc=87.24% | val_loss=0.4545 val_acc=86.60% | lr=1.000000e-05
Saved new best model to /tmp/bow_mlp_imdb_uca1py0v.pt
Epoch 43/301 | train_loss=0.5786 train_acc=87.34% | val_loss=0.4498 val_acc=86.72% | lr=1.000000e-05
Saved new best model to /tmp/bow_mlp_imdb_uca1py0v.pt
Epoch 44/301 | train_loss=0.5719 train_acc=87.51% | val_loss=0.4454 val_acc=86.74% | lr=1.000000e-05
Saved new best model to /tmp/bow_mlp_imdb_uca1py0v.pt
Epoch 45/301 | train_loss=0.5654 train_acc=87.58% | val_loss=0.4409 val_acc=86.86% | lr=1.000000e-05
Saved new best model to /tmp/bow_mlp_imdb_uca1py0v.pt
Epoch 46/301 | train_loss=0.5591 train_acc=87.72% | val_loss=0.4367 val_acc=86.90% | lr=1.000000e-05
Saved new best model to /tmp/bow_mlp_imdb_uca1py0v.pt
Epoch 47/301 | train_loss=0.5529 train_acc=87.80% | val_loss=0.4325 val_acc=86.90% | lr=1.000000e-05
Epoch 48/301 | train_loss=0.5469 train_acc=87.81% | val_loss=0.4285 val_acc=87.04% | lr=1.000000e-05
Saved new best model to /tmp/bow_mlp_imdb_uca1py0v.pt
Epoch 49/301 | train_loss=0.5409 train_acc=87.94% | val_loss=0.4246 val_acc=87.04% | lr=1.000000e-05
Epoch 50/301 | train_loss=0.5350 train_acc=88.02% | val_loss=0.4210 val_acc=87.10% | lr=1.000000e-05
Saved new best model to /tmp/bow_mlp_imdb_uca1py0v.pt
Epoch 51/301 | train_loss=0.5293 train_acc=88.13% | val_loss=0.4171 val_acc=87.16% | lr=1.000000e-05
Saved new best model to /tmp/bow_mlp_imdb_uca1py0v.pt
Epoch 52/301 | train_loss=0.5237 train_acc=88.28% | val_loss=0.4136 val_acc=87.14% | lr=1.000000e-05
Epoch 53/301 | train_loss=0.5183 train_acc=88.29% | val_loss=0.4102 val_acc=87.20% | lr=1.000000e-05
Saved new best model to /tmp/bow_mlp_imdb_uca1py0v.pt
Epoch 54/301 | train_loss=0.5129 train_acc=88.42% | val_loss=0.4068 val_acc=87.30% | lr=1.000000e-05
Saved new best model to /tmp/bow_mlp_imdb_uca1py0v.pt
Epoch 55/301 | train_loss=0.5076 train_acc=88.49% | val_loss=0.4036 val_acc=87.38% | lr=1.000000e-05
Saved new best model to /tmp/bow_mlp_imdb_uca1py0v.pt
Epoch 56/301 | train_loss=0.5025 train_acc=88.59% | val_loss=0.4005 val_acc=87.36% | lr=1.000000e-05
Epoch 57/301 | train_loss=0.4976 train_acc=88.68% | val_loss=0.3975 val_acc=87.36% | lr=1.000000e-05
Epoch 58/301 | train_loss=0.4927 train_acc=88.76% | val_loss=0.3945 val_acc=87.46% | lr=1.000000e-05
Saved new best model to /tmp/bow_mlp_imdb_uca1py0v.pt
Epoch 59/301 | train_loss=0.4879 train_acc=88.78% | val_loss=0.3918 val_acc=87.52% | lr=1.000000e-05
Saved new best model to /tmp/bow_mlp_imdb_uca1py0v.pt
Epoch 60/301 | train_loss=0.4833 train_acc=88.87% | val_loss=0.3889 val_acc=87.62% | lr=1.000000e-05
Saved new best model to /tmp/bow_mlp_imdb_uca1py0v.pt
Epoch 61/301 | train_loss=0.4787 train_acc=88.91% | val_loss=0.3862 val_acc=87.60% | lr=1.000000e-05
Epoch 62/301 | train_loss=0.4742 train_acc=88.98% | val_loss=0.3838 val_acc=87.56% | lr=1.000000e-05
Epoch 63/301 | train_loss=0.4699 train_acc=89.05% | val_loss=0.3812 val_acc=87.58% | lr=1.000000e-05
Epoch 64/301 | train_loss=0.4657 train_acc=89.11% | val_loss=0.3789 val_acc=87.54% | lr=1.000000e-05
Epoch 65/301 | train_loss=0.4616 train_acc=89.12% | val_loss=0.3763 val_acc=87.74% | lr=1.000000e-05
Saved new best model to /tmp/bow_mlp_imdb_uca1py0v.pt
Epoch 66/301 | train_loss=0.4575 train_acc=89.22% | val_loss=0.3745 val_acc=87.52% | lr=1.000000e-05
Epoch 67/301 | train_loss=0.4537 train_acc=89.28% | val_loss=0.3718 val_acc=87.78% | lr=1.000000e-05
Saved new best model to /tmp/bow_mlp_imdb_uca1py0v.pt
Epoch 68/301 | train_loss=0.4498 train_acc=89.31% | val_loss=0.3696 val_acc=87.66% | lr=1.000000e-05
Epoch 69/301 | train_loss=0.4460 train_acc=89.37% | val_loss=0.3675 val_acc=87.74% | lr=1.000000e-05
Epoch 70/301 | train_loss=0.4423 train_acc=89.42% | val_loss=0.3655 val_acc=87.64% | lr=1.000000e-05
Epoch 71/301 | train_loss=0.4387 train_acc=89.41% | val_loss=0.3634 val_acc=87.74% | lr=1.000000e-05
Epoch 72/301 | train_loss=0.4352 train_acc=89.45% | val_loss=0.3615 val_acc=87.74% | lr=1.000000e-05
Epoch 73/301 | train_loss=0.4318 train_acc=89.48% | val_loss=0.3597 val_acc=87.84% | lr=1.000000e-05
Saved new best model to /tmp/bow_mlp_imdb_uca1py0v.pt
Epoch 74/301 | train_loss=0.4285 train_acc=89.55% | val_loss=0.3579 val_acc=87.74% | lr=1.000000e-05
Epoch 75/301 | train_loss=0.4252 train_acc=89.58% | val_loss=0.3560 val_acc=87.80% | lr=1.000000e-05
Epoch 76/301 | train_loss=0.4220 train_acc=89.62% | val_loss=0.3543 val_acc=87.84% | lr=1.000000e-05
Epoch 77/301 | train_loss=0.4189 train_acc=89.67% | val_loss=0.3526 val_acc=87.84% | lr=1.000000e-05
Epoch 78/301 | train_loss=0.4158 train_acc=89.74% | val_loss=0.3509 val_acc=87.84% | lr=1.000000e-05
Epoch 79/301 | train_loss=0.4128 train_acc=89.79% | val_loss=0.3493 val_acc=87.88% | lr=1.000000e-05
Saved new best model to /tmp/bow_mlp_imdb_uca1py0v.pt
Epoch 80/301 | train_loss=0.4099 train_acc=89.80% | val_loss=0.3478 val_acc=87.98% | lr=1.000000e-05
Saved new best model to /tmp/bow_mlp_imdb_uca1py0v.pt
Epoch 81/301 | train_loss=0.4070 train_acc=89.91% | val_loss=0.3465 val_acc=87.88% | lr=1.000000e-05
Epoch 82/301 | train_loss=0.4043 train_acc=89.89% | val_loss=0.3448 val_acc=87.92% | lr=1.000000e-05
Epoch 83/301 | train_loss=0.4015 train_acc=89.93% | val_loss=0.3435 val_acc=87.98% | lr=1.000000e-05
Epoch 84/301 | train_loss=0.3988 train_acc=89.98% | val_loss=0.3420 val_acc=87.92% | lr=1.000000e-05
Epoch 85/301 | train_loss=0.3961 train_acc=90.05% | val_loss=0.3406 val_acc=87.96% | lr=1.000000e-05
Epoch 86/301 | train_loss=0.3935 train_acc=90.05% | val_loss=0.3393 val_acc=87.88% | lr=1.000000e-05
Epoch 87/301 | train_loss=0.3909 train_acc=90.09% | val_loss=0.3380 val_acc=87.92% | lr=1.000000e-05
Epoch 88/301 | train_loss=0.3885 train_acc=90.16% | val_loss=0.3367 val_acc=88.00% | lr=1.000000e-05
Saved new best model to /tmp/bow_mlp_imdb_uca1py0v.pt
Epoch 89/301 | train_loss=0.3860 train_acc=90.25% | val_loss=0.3355 val_acc=87.96% | lr=1.000000e-05
Epoch 90/301 | train_loss=0.3836 train_acc=90.25% | val_loss=0.3343 val_acc=87.90% | lr=1.000000e-05
Epoch 91/301 | train_loss=0.3813 train_acc=90.25% | val_loss=0.3332 val_acc=87.86% | lr=1.000000e-05
Epoch 92/301 | train_loss=0.3790 train_acc=90.35% | val_loss=0.3320 val_acc=87.88% | lr=1.000000e-05
Epoch 93/301 | train_loss=0.3767 train_acc=90.39% | val_loss=0.3310 val_acc=88.12% | lr=1.000000e-05
Saved new best model to /tmp/bow_mlp_imdb_uca1py0v.pt
Epoch 94/301 | train_loss=0.3745 train_acc=90.43% | val_loss=0.3299 val_acc=88.10% | lr=1.000000e-05
Epoch 95/301 | train_loss=0.3723 train_acc=90.49% | val_loss=0.3287 val_acc=87.94% | lr=1.000000e-05
Epoch 96/301 | train_loss=0.3701 train_acc=90.56% | val_loss=0.3278 val_acc=88.04% | lr=1.000000e-05
Epoch 97/301 | train_loss=0.3680 train_acc=90.59% | val_loss=0.3267 val_acc=88.02% | lr=1.000000e-05
Epoch 98/301 | train_loss=0.3659 train_acc=90.59% | val_loss=0.3257 val_acc=88.02% | lr=1.000000e-05
Epoch 99/301 | train_loss=0.3638 train_acc=90.64% | val_loss=0.3251 val_acc=88.12% | lr=1.000000e-05
Epoch 100/301 | train_loss=0.3618 train_acc=90.75% | val_loss=0.3240 val_acc=88.18% | lr=1.000000e-05
Saved new best model to /tmp/bow_mlp_imdb_uca1py0v.pt
Epoch 101/301 | train_loss=0.3598 train_acc=90.75% | val_loss=0.3229 val_acc=88.04% | lr=1.000000e-05
Epoch 102/301 | train_loss=0.3578 train_acc=90.74% | val_loss=0.3223 val_acc=88.16% | lr=1.000000e-05
Epoch 103/301 | train_loss=0.3560 train_acc=90.84% | val_loss=0.3212 val_acc=88.22% | lr=1.000000e-05
Saved new best model to /tmp/bow_mlp_imdb_uca1py0v.pt
Epoch 104/301 | train_loss=0.3540 train_acc=90.85% | val_loss=0.3203 val_acc=88.16% | lr=1.000000e-05
Epoch 105/301 | train_loss=0.3522 train_acc=90.86% | val_loss=0.3195 val_acc=88.20% | lr=1.000000e-05
Epoch 106/301 | train_loss=0.3504 train_acc=90.91% | val_loss=0.3186 val_acc=88.12% | lr=1.000000e-05
Epoch 107/301 | train_loss=0.3486 train_acc=90.93% | val_loss=0.3178 val_acc=88.14% | lr=1.000000e-05
Epoch 108/301 | train_loss=0.3468 train_acc=90.98% | val_loss=0.3172 val_acc=88.28% | lr=1.000000e-05
Saved new best model to /tmp/bow_mlp_imdb_uca1py0v.pt
Epoch 109/301 | train_loss=0.3451 train_acc=91.00% | val_loss=0.3164 val_acc=88.28% | lr=1.000000e-05
Epoch 110/301 | train_loss=0.3434 train_acc=91.04% | val_loss=0.3156 val_acc=88.18% | lr=1.000000e-05
Epoch 111/301 | train_loss=0.3417 train_acc=91.07% | val_loss=0.3149 val_acc=88.32% | lr=1.000000e-05
Saved new best model to /tmp/bow_mlp_imdb_uca1py0v.pt
Epoch 112/301 | train_loss=0.3399 train_acc=91.16% | val_loss=0.3142 val_acc=88.22% | lr=1.000000e-05
Epoch 113/301 | train_loss=0.3384 train_acc=91.17% | val_loss=0.3135 val_acc=88.34% | lr=1.000000e-05
Saved new best model to /tmp/bow_mlp_imdb_uca1py0v.pt
Epoch 114/301 | train_loss=0.3368 train_acc=91.20% | val_loss=0.3128 val_acc=88.24% | lr=1.000000e-05
Epoch 115/301 | train_loss=0.3351 train_acc=91.25% | val_loss=0.3122 val_acc=88.16% | lr=1.000000e-05
Epoch 116/301 | train_loss=0.3336 train_acc=91.27% | val_loss=0.3117 val_acc=88.32% | lr=1.000000e-05
Epoch 117/301 | train_loss=0.3320 train_acc=91.33% | val_loss=0.3109 val_acc=88.40% | lr=1.000000e-05
Saved new best model to /tmp/bow_mlp_imdb_uca1py0v.pt
Epoch 118/301 | train_loss=0.3305 train_acc=91.38% | val_loss=0.3103 val_acc=88.40% | lr=1.000000e-05
Epoch 119/301 | train_loss=0.3290 train_acc=91.40% | val_loss=0.3098 val_acc=88.48% | lr=1.000000e-05
Saved new best model to /tmp/bow_mlp_imdb_uca1py0v.pt
Epoch 120/301 | train_loss=0.3275 train_acc=91.44% | val_loss=0.3092 val_acc=88.32% | lr=1.000000e-05
Epoch 121/301 | train_loss=0.3260 train_acc=91.48% | val_loss=0.3086 val_acc=88.36% | lr=1.000000e-05
Epoch 122/301 | train_loss=0.3246 train_acc=91.48% | val_loss=0.3081 val_acc=88.46% | lr=1.000000e-05
Epoch 123/301 | train_loss=0.3231 train_acc=91.51% | val_loss=0.3075 val_acc=88.38% | lr=1.000000e-05
Epoch 124/301 | train_loss=0.3217 train_acc=91.55% | val_loss=0.3070 val_acc=88.46% | lr=1.000000e-05
Epoch 125/301 | train_loss=0.3203 train_acc=91.60% | val_loss=0.3068 val_acc=88.46% | lr=1.000000e-05
Epoch 126/301 | train_loss=0.3189 train_acc=91.55% | val_loss=0.3060 val_acc=88.46% | lr=1.000000e-05
Epoch 127/301 | train_loss=0.3176 train_acc=91.62% | val_loss=0.3056 val_acc=88.50% | lr=1.000000e-05
Saved new best model to /tmp/bow_mlp_imdb_uca1py0v.pt
Epoch 128/301 | train_loss=0.3163 train_acc=91.69% | val_loss=0.3050 val_acc=88.44% | lr=1.000000e-05
Epoch 129/301 | train_loss=0.3150 train_acc=91.72% | val_loss=0.3046 val_acc=88.54% | lr=1.000000e-05
Saved new best model to /tmp/bow_mlp_imdb_uca1py0v.pt
Epoch 130/301 | train_loss=0.3137 train_acc=91.75% | val_loss=0.3042 val_acc=88.52% | lr=1.000000e-05
Epoch 131/301 | train_loss=0.3124 train_acc=91.77% | val_loss=0.3038 val_acc=88.52% | lr=1.000000e-05
Epoch 132/301 | train_loss=0.3111 train_acc=91.81% | val_loss=0.3033 val_acc=88.52% | lr=1.000000e-05
Epoch 133/301 | train_loss=0.3099 train_acc=91.88% | val_loss=0.3031 val_acc=88.46% | lr=1.000000e-05
Epoch 134/301 | train_loss=0.3086 train_acc=91.88% | val_loss=0.3025 val_acc=88.60% | lr=1.000000e-05
Saved new best model to /tmp/bow_mlp_imdb_uca1py0v.pt
Epoch 135/301 | train_loss=0.3074 train_acc=91.83% | val_loss=0.3021 val_acc=88.52% | lr=1.000000e-05
Epoch 136/301 | train_loss=0.3062 train_acc=91.94% | val_loss=0.3018 val_acc=88.50% | lr=1.000000e-05
Epoch 137/301 | train_loss=0.3050 train_acc=91.96% | val_loss=0.3014 val_acc=88.56% | lr=1.000000e-05
Epoch 138/301 | train_loss=0.3038 train_acc=92.00% | val_loss=0.3010 val_acc=88.54% | lr=1.000000e-05
Epoch 139/301 | train_loss=0.3026 train_acc=92.02% | val_loss=0.3009 val_acc=88.44% | lr=1.000000e-05
Epoch 140/301 | train_loss=0.3014 train_acc=92.07% | val_loss=0.3002 val_acc=88.54% | lr=1.000000e-05
Epoch 141/301 | train_loss=0.3003 train_acc=92.08% | val_loss=0.2999 val_acc=88.48% | lr=1.000000e-05
Epoch 142/301 | train_loss=0.2991 train_acc=92.07% | val_loss=0.2998 val_acc=88.46% | lr=1.000000e-05
Epoch 143/301 | train_loss=0.2979 train_acc=92.17% | val_loss=0.2992 val_acc=88.58% | lr=1.000000e-05
Epoch 144/301 | train_loss=0.2967 train_acc=92.20% | val_loss=0.2992 val_acc=88.40% | lr=1.000000e-05
Epoch 145/301 | train_loss=0.2956 train_acc=92.21% | val_loss=0.2986 val_acc=88.48% | lr=1.000000e-05
Epoch 146/301 | train_loss=0.2946 train_acc=92.25% | val_loss=0.2983 val_acc=88.42% | lr=1.000000e-05
Epoch 147/301 | train_loss=0.2935 train_acc=92.28% | val_loss=0.2981 val_acc=88.50% | lr=1.000000e-05
Epoch 148/301 | train_loss=0.2924 train_acc=92.26% | val_loss=0.2978 val_acc=88.46% | lr=1.000000e-05
Epoch 149/301 | train_loss=0.2913 train_acc=92.32% | val_loss=0.2975 val_acc=88.44% | lr=1.000000e-05
Epoch 150/301 | train_loss=0.2902 train_acc=92.39% | val_loss=0.2974 val_acc=88.40% | lr=1.000000e-05
Epoch 151/301 | train_loss=0.2892 train_acc=92.40% | val_loss=0.2970 val_acc=88.36% | lr=1.000000e-05
Epoch 152/301 | train_loss=0.2881 train_acc=92.38% | val_loss=0.2968 val_acc=88.32% | lr=1.000000e-05
Epoch 153/301 | train_loss=0.2871 train_acc=92.38% | val_loss=0.2965 val_acc=88.32% | lr=1.000000e-05
Epoch 154/301 | train_loss=0.2861 train_acc=92.45% | val_loss=0.2963 val_acc=88.30% | lr=1.000000e-05
Epoch 155/301 | train_loss=0.2850 train_acc=92.47% | val_loss=0.2961 val_acc=88.34% | lr=1.000000e-05
Epoch 156/301 | train_loss=0.2840 train_acc=92.48% | val_loss=0.2958 val_acc=88.36% | lr=1.000000e-05
Epoch 157/301 | train_loss=0.2830 train_acc=92.49% | val_loss=0.2955 val_acc=88.34% | lr=1.000000e-05
Epoch 158/301 | train_loss=0.2820 train_acc=92.50% | val_loss=0.2953 val_acc=88.40% | lr=1.000000e-05
Epoch 159/301 | train_loss=0.2810 train_acc=92.58% | val_loss=0.2951 val_acc=88.38% | lr=1.000000e-05
Epoch 160/301 | train_loss=0.2801 train_acc=92.60% | val_loss=0.2950 val_acc=88.42% | lr=1.000000e-05
Epoch 161/301 | train_loss=0.2791 train_acc=92.60% | val_loss=0.2947 val_acc=88.42% | lr=1.000000e-05
Epoch 162/301 | train_loss=0.2781 train_acc=92.66% | val_loss=0.2945 val_acc=88.46% | lr=1.000000e-05
Epoch 163/301 | train_loss=0.2772 train_acc=92.66% | val_loss=0.2944 val_acc=88.40% | lr=1.000000e-05
Epoch 164/301 | train_loss=0.2762 train_acc=92.71% | val_loss=0.2943 val_acc=88.50% | lr=1.000000e-05
Epoch 165/301 | train_loss=0.2753 train_acc=92.70% | val_loss=0.2940 val_acc=88.40% | lr=1.000000e-05
Epoch 166/301 | train_loss=0.2743 train_acc=92.73% | val_loss=0.2940 val_acc=88.52% | lr=1.000000e-05
Epoch 167/301 | train_loss=0.2734 train_acc=92.81% | val_loss=0.2937 val_acc=88.42% | lr=1.000000e-05
Epoch 168/301 | train_loss=0.2725 train_acc=92.80% | val_loss=0.2936 val_acc=88.46% | lr=1.000000e-05
Epoch 169/301 | train_loss=0.2716 train_acc=92.79% | val_loss=0.2934 val_acc=88.42% | lr=1.000000e-05
Epoch 170/301 | train_loss=0.2707 train_acc=92.87% | val_loss=0.2932 val_acc=88.46% | lr=1.000000e-05
Epoch 171/301 | train_loss=0.2698 train_acc=92.86% | val_loss=0.2932 val_acc=88.42% | lr=1.000000e-05
Epoch 172/301 | train_loss=0.2689 train_acc=92.92% | val_loss=0.2930 val_acc=88.48% | lr=1.000000e-05
Epoch 173/301 | train_loss=0.2681 train_acc=92.91% | val_loss=0.2930 val_acc=88.42% | lr=1.000000e-05
Epoch 174/301 | train_loss=0.2672 train_acc=92.94% | val_loss=0.2928 val_acc=88.54% | lr=1.000000e-05
Epoch 175/301 | train_loss=0.2663 train_acc=93.00% | val_loss=0.2928 val_acc=88.52% | lr=1.000000e-05
Epoch 176/301 | train_loss=0.2655 train_acc=92.98% | val_loss=0.2926 val_acc=88.54% | lr=1.000000e-05
Epoch 177/301 | train_loss=0.2647 train_acc=93.01% | val_loss=0.2925 val_acc=88.56% | lr=1.000000e-05
Epoch 178/301 | train_loss=0.2638 train_acc=93.03% | val_loss=0.2923 val_acc=88.50% | lr=1.000000e-05
Epoch 179/301 | train_loss=0.2630 train_acc=93.06% | val_loss=0.2923 val_acc=88.48% | lr=1.000000e-05
Epoch 180/301 | train_loss=0.2621 train_acc=93.08% | val_loss=0.2923 val_acc=88.50% | lr=1.000000e-05
Epoch 181/301 | train_loss=0.2613 train_acc=93.08% | val_loss=0.2921 val_acc=88.48% | lr=1.000000e-05
Epoch 182/301 | train_loss=0.2605 train_acc=93.15% | val_loss=0.2920 val_acc=88.50% | lr=1.000000e-05
Epoch 183/301 | train_loss=0.2597 train_acc=93.12% | val_loss=0.2920 val_acc=88.54% | lr=1.000000e-05
Epoch 184/301 | train_loss=0.2589 train_acc=93.17% | val_loss=0.2920 val_acc=88.46% | lr=1.000000e-05
Epoch 185/301 | train_loss=0.2581 train_acc=93.21% | val_loss=0.2920 val_acc=88.46% | lr=1.000000e-05
Epoch 186/301 | train_loss=0.2573 train_acc=93.21% | val_loss=0.2918 val_acc=88.52% | lr=1.000000e-05
Epoch 187/301 | train_loss=0.2565 train_acc=93.28% | val_loss=0.2917 val_acc=88.52% | lr=1.000000e-05
Epoch 188/301 | train_loss=0.2557 train_acc=93.32% | val_loss=0.2919 val_acc=88.48% | lr=1.000000e-05
Epoch 189/301 | train_loss=0.2550 train_acc=93.31% | val_loss=0.2917 val_acc=88.56% | lr=1.000000e-05
Epoch 190/301 | train_loss=0.2542 train_acc=93.31% | val_loss=0.2917 val_acc=88.48% | lr=1.000000e-05
Epoch 191/301 | train_loss=0.2534 train_acc=93.34% | val_loss=0.2917 val_acc=88.50% | lr=1.000000e-05
Epoch 192/301 | train_loss=0.2527 train_acc=93.36% | val_loss=0.2915 val_acc=88.50% | lr=1.000000e-05
Epoch 193/301 | train_loss=0.2519 train_acc=93.36% | val_loss=0.2915 val_acc=88.46% | lr=1.000000e-05
Epoch 194/301 | train_loss=0.2512 train_acc=93.42% | val_loss=0.2915 val_acc=88.42% | lr=1.000000e-05
Epoch 195/301 | train_loss=0.2504 train_acc=93.44% | val_loss=0.2914 val_acc=88.44% | lr=1.000000e-05
Epoch 196/301 | train_loss=0.2497 train_acc=93.44% | val_loss=0.2917 val_acc=88.44% | lr=1.000000e-05
Epoch 197/301 | train_loss=0.2490 train_acc=93.44% | val_loss=0.2914 val_acc=88.38% | lr=1.000000e-05
Epoch 198/301 | train_loss=0.2482 train_acc=93.47% | val_loss=0.2915 val_acc=88.44% | lr=1.000000e-05
Epoch 199/301 | train_loss=0.2475 train_acc=93.50% | val_loss=0.2915 val_acc=88.38% | lr=1.000000e-05
Epoch 200/301 | train_loss=0.2468 train_acc=93.52% | val_loss=0.2915 val_acc=88.44% | lr=1.000000e-05
Epoch 201/301 | train_loss=0.2461 train_acc=93.49% | val_loss=0.2914 val_acc=88.44% | lr=1.000000e-05
Epoch 202/301 | train_loss=0.2454 train_acc=93.52% | val_loss=0.2915 val_acc=88.42% | lr=1.000000e-05
Epoch 203/301 | train_loss=0.2447 train_acc=93.55% | val_loss=0.2916 val_acc=88.42% | lr=1.000000e-05
Epoch 204/301 | train_loss=0.2440 train_acc=93.62% | val_loss=0.2917 val_acc=88.36% | lr=1.000000e-05
Epoch 205/301 | train_loss=0.2433 train_acc=93.62% | val_loss=0.2916 val_acc=88.36% | lr=1.000000e-05
Validation loss has not improved for 8 epochs. Stopping training.
Test loss=0.3097 | Test accuracy=88.04%
