Loading IMDb dataset from local disk: /home/daniel/l/masteruppsats/np-reg/language/data/imdb_hf
Using device: cuda
BoW vocab size: 6250
Epoch 1/301 | train_loss=83.0086 train_acc=49.71% | val_loss=0.6934 val_acc=50.70% | lr=1.000000e-05
Saved new best model to /tmp/bow_mlp_imdb_1glo6_1a.pt
Epoch 2/301 | train_loss=63.4830 train_acc=48.98% | val_loss=0.7016 val_acc=49.38% | lr=1.000000e-05
Epoch 3/301 | train_loss=47.6873 train_acc=49.34% | val_loss=0.7056 val_acc=49.16% | lr=1.000000e-05
Epoch 4/301 | train_loss=35.2872 train_acc=49.12% | val_loss=0.6944 val_acc=50.72% | lr=1.000000e-05
Saved new best model to /tmp/bow_mlp_imdb_1glo6_1a.pt
Epoch 5/301 | train_loss=25.7563 train_acc=50.54% | val_loss=0.6917 val_acc=52.96% | lr=1.000000e-05
Saved new best model to /tmp/bow_mlp_imdb_1glo6_1a.pt
Epoch 6/301 | train_loss=18.4893 train_acc=51.48% | val_loss=0.6909 val_acc=52.32% | lr=1.000000e-05
Epoch 7/301 | train_loss=13.0620 train_acc=52.19% | val_loss=0.6900 val_acc=53.28% | lr=1.000000e-05
Saved new best model to /tmp/bow_mlp_imdb_1glo6_1a.pt
Epoch 8/301 | train_loss=9.1275 train_acc=53.04% | val_loss=0.6890 val_acc=53.48% | lr=1.000000e-05
Saved new best model to /tmp/bow_mlp_imdb_1glo6_1a.pt
Epoch 9/301 | train_loss=6.3986 train_acc=53.76% | val_loss=0.6874 val_acc=55.76% | lr=1.000000e-05
Saved new best model to /tmp/bow_mlp_imdb_1glo6_1a.pt
Epoch 10/301 | train_loss=4.5989 train_acc=55.04% | val_loss=0.6856 val_acc=56.06% | lr=1.000000e-05
Saved new best model to /tmp/bow_mlp_imdb_1glo6_1a.pt
Epoch 11/301 | train_loss=3.4925 train_acc=56.47% | val_loss=0.6834 val_acc=57.50% | lr=1.000000e-05
Saved new best model to /tmp/bow_mlp_imdb_1glo6_1a.pt
Epoch 12/301 | train_loss=2.8589 train_acc=57.99% | val_loss=0.6805 val_acc=59.22% | lr=1.000000e-05
Saved new best model to /tmp/bow_mlp_imdb_1glo6_1a.pt
Epoch 13/301 | train_loss=2.5272 train_acc=59.91% | val_loss=0.6767 val_acc=62.66% | lr=1.000000e-05
Saved new best model to /tmp/bow_mlp_imdb_1glo6_1a.pt
Epoch 14/301 | train_loss=2.3662 train_acc=62.42% | val_loss=0.6725 val_acc=64.80% | lr=1.000000e-05
Saved new best model to /tmp/bow_mlp_imdb_1glo6_1a.pt
Epoch 15/301 | train_loss=2.2883 train_acc=64.53% | val_loss=0.6677 val_acc=67.06% | lr=1.000000e-05
Saved new best model to /tmp/bow_mlp_imdb_1glo6_1a.pt
Epoch 16/301 | train_loss=2.2439 train_acc=67.31% | val_loss=0.6625 val_acc=68.16% | lr=1.000000e-05
Saved new best model to /tmp/bow_mlp_imdb_1glo6_1a.pt
Epoch 17/301 | train_loss=2.2099 train_acc=68.95% | val_loss=0.6566 val_acc=71.54% | lr=1.000000e-05
Saved new best model to /tmp/bow_mlp_imdb_1glo6_1a.pt
Epoch 18/301 | train_loss=2.1768 train_acc=71.48% | val_loss=0.6504 val_acc=74.06% | lr=1.000000e-05
Saved new best model to /tmp/bow_mlp_imdb_1glo6_1a.pt
Epoch 19/301 | train_loss=2.1423 train_acc=73.52% | val_loss=0.6439 val_acc=74.20% | lr=1.000000e-05
Saved new best model to /tmp/bow_mlp_imdb_1glo6_1a.pt
Epoch 20/301 | train_loss=2.1057 train_acc=75.13% | val_loss=0.6372 val_acc=75.32% | lr=1.000000e-05
Saved new best model to /tmp/bow_mlp_imdb_1glo6_1a.pt
Epoch 21/301 | train_loss=2.0676 train_acc=76.47% | val_loss=0.6299 val_acc=77.20% | lr=1.000000e-05
Saved new best model to /tmp/bow_mlp_imdb_1glo6_1a.pt
Epoch 22/301 | train_loss=2.0284 train_acc=77.84% | val_loss=0.6226 val_acc=78.70% | lr=1.000000e-05
Saved new best model to /tmp/bow_mlp_imdb_1glo6_1a.pt
Epoch 23/301 | train_loss=1.9878 train_acc=79.05% | val_loss=0.6154 val_acc=78.98% | lr=1.000000e-05
Saved new best model to /tmp/bow_mlp_imdb_1glo6_1a.pt
Epoch 24/301 | train_loss=1.9470 train_acc=79.72% | val_loss=0.6080 val_acc=79.32% | lr=1.000000e-05
Saved new best model to /tmp/bow_mlp_imdb_1glo6_1a.pt
Epoch 25/301 | train_loss=1.9059 train_acc=80.34% | val_loss=0.6005 val_acc=80.56% | lr=1.000000e-05
Saved new best model to /tmp/bow_mlp_imdb_1glo6_1a.pt
Epoch 26/301 | train_loss=1.8650 train_acc=81.10% | val_loss=0.5930 val_acc=81.02% | lr=1.000000e-05
Saved new best model to /tmp/bow_mlp_imdb_1glo6_1a.pt
Epoch 27/301 | train_loss=1.8243 train_acc=81.63% | val_loss=0.5856 val_acc=81.50% | lr=1.000000e-05
Saved new best model to /tmp/bow_mlp_imdb_1glo6_1a.pt
Epoch 28/301 | train_loss=1.7851 train_acc=82.08% | val_loss=0.5784 val_acc=82.00% | lr=1.000000e-05
Saved new best model to /tmp/bow_mlp_imdb_1glo6_1a.pt
Epoch 29/301 | train_loss=1.7460 train_acc=82.48% | val_loss=0.5712 val_acc=82.38% | lr=1.000000e-05
Saved new best model to /tmp/bow_mlp_imdb_1glo6_1a.pt
Epoch 30/301 | train_loss=1.7079 train_acc=82.69% | val_loss=0.5640 val_acc=82.54% | lr=1.000000e-05
Saved new best model to /tmp/bow_mlp_imdb_1glo6_1a.pt
Epoch 31/301 | train_loss=1.6717 train_acc=83.24% | val_loss=0.5572 val_acc=82.86% | lr=1.000000e-05
Saved new best model to /tmp/bow_mlp_imdb_1glo6_1a.pt
Epoch 32/301 | train_loss=1.6365 train_acc=83.47% | val_loss=0.5502 val_acc=83.28% | lr=1.000000e-05
Saved new best model to /tmp/bow_mlp_imdb_1glo6_1a.pt
Epoch 33/301 | train_loss=1.6030 train_acc=83.81% | val_loss=0.5435 val_acc=83.52% | lr=1.000000e-05
Saved new best model to /tmp/bow_mlp_imdb_1glo6_1a.pt
Epoch 34/301 | train_loss=1.5709 train_acc=84.06% | val_loss=0.5370 val_acc=83.74% | lr=1.000000e-05
Saved new best model to /tmp/bow_mlp_imdb_1glo6_1a.pt
Epoch 35/301 | train_loss=1.5404 train_acc=84.25% | val_loss=0.5305 val_acc=83.98% | lr=1.000000e-05
Saved new best model to /tmp/bow_mlp_imdb_1glo6_1a.pt
Epoch 36/301 | train_loss=1.5109 train_acc=84.52% | val_loss=0.5244 val_acc=84.24% | lr=1.000000e-05
Saved new best model to /tmp/bow_mlp_imdb_1glo6_1a.pt
Epoch 37/301 | train_loss=1.4827 train_acc=84.67% | val_loss=0.5180 val_acc=84.62% | lr=1.000000e-05
Saved new best model to /tmp/bow_mlp_imdb_1glo6_1a.pt
Epoch 38/301 | train_loss=1.4557 train_acc=84.91% | val_loss=0.5119 val_acc=84.50% | lr=1.000000e-05
Epoch 39/301 | train_loss=1.4298 train_acc=85.22% | val_loss=0.5061 val_acc=85.02% | lr=1.000000e-05
Saved new best model to /tmp/bow_mlp_imdb_1glo6_1a.pt
Epoch 40/301 | train_loss=1.4053 train_acc=85.36% | val_loss=0.5002 val_acc=85.12% | lr=1.000000e-05
Saved new best model to /tmp/bow_mlp_imdb_1glo6_1a.pt
Epoch 41/301 | train_loss=1.3815 train_acc=85.67% | val_loss=0.4947 val_acc=84.92% | lr=1.000000e-05
Epoch 42/301 | train_loss=1.3591 train_acc=85.76% | val_loss=0.4893 val_acc=85.08% | lr=1.000000e-05
Epoch 43/301 | train_loss=1.3375 train_acc=85.78% | val_loss=0.4838 val_acc=85.54% | lr=1.000000e-05
Saved new best model to /tmp/bow_mlp_imdb_1glo6_1a.pt
Epoch 44/301 | train_loss=1.3168 train_acc=86.02% | val_loss=0.4786 val_acc=85.56% | lr=1.000000e-05
Saved new best model to /tmp/bow_mlp_imdb_1glo6_1a.pt
Epoch 45/301 | train_loss=1.2969 train_acc=86.12% | val_loss=0.4734 val_acc=85.82% | lr=1.000000e-05
Saved new best model to /tmp/bow_mlp_imdb_1glo6_1a.pt
Epoch 46/301 | train_loss=1.2780 train_acc=86.26% | val_loss=0.4685 val_acc=85.76% | lr=1.000000e-05
Epoch 47/301 | train_loss=1.2601 train_acc=86.37% | val_loss=0.4636 val_acc=85.94% | lr=1.000000e-05
Saved new best model to /tmp/bow_mlp_imdb_1glo6_1a.pt
Epoch 48/301 | train_loss=1.2426 train_acc=86.55% | val_loss=0.4589 val_acc=86.12% | lr=1.000000e-05
Saved new best model to /tmp/bow_mlp_imdb_1glo6_1a.pt
Epoch 49/301 | train_loss=1.2261 train_acc=86.61% | val_loss=0.4543 val_acc=86.22% | lr=1.000000e-05
Saved new best model to /tmp/bow_mlp_imdb_1glo6_1a.pt
Epoch 50/301 | train_loss=1.2100 train_acc=86.75% | val_loss=0.4502 val_acc=86.32% | lr=1.000000e-05
Saved new best model to /tmp/bow_mlp_imdb_1glo6_1a.pt
Epoch 51/301 | train_loss=1.1948 train_acc=86.78% | val_loss=0.4455 val_acc=86.32% | lr=1.000000e-05
Epoch 52/301 | train_loss=1.1800 train_acc=87.04% | val_loss=0.4414 val_acc=86.40% | lr=1.000000e-05
Saved new best model to /tmp/bow_mlp_imdb_1glo6_1a.pt
Epoch 53/301 | train_loss=1.1658 train_acc=87.08% | val_loss=0.4373 val_acc=86.50% | lr=1.000000e-05
Saved new best model to /tmp/bow_mlp_imdb_1glo6_1a.pt
Epoch 54/301 | train_loss=1.1519 train_acc=87.17% | val_loss=0.4332 val_acc=86.56% | lr=1.000000e-05
Saved new best model to /tmp/bow_mlp_imdb_1glo6_1a.pt
Epoch 55/301 | train_loss=1.1387 train_acc=87.24% | val_loss=0.4293 val_acc=86.50% | lr=1.000000e-05
Epoch 56/301 | train_loss=1.1259 train_acc=87.33% | val_loss=0.4256 val_acc=86.66% | lr=1.000000e-05
Saved new best model to /tmp/bow_mlp_imdb_1glo6_1a.pt
Epoch 57/301 | train_loss=1.1137 train_acc=87.46% | val_loss=0.4219 val_acc=86.62% | lr=1.000000e-05
Epoch 58/301 | train_loss=1.1018 train_acc=87.56% | val_loss=0.4183 val_acc=86.64% | lr=1.000000e-05
Epoch 59/301 | train_loss=1.0903 train_acc=87.66% | val_loss=0.4151 val_acc=86.82% | lr=1.000000e-05
Saved new best model to /tmp/bow_mlp_imdb_1glo6_1a.pt
Epoch 60/301 | train_loss=1.0791 train_acc=87.70% | val_loss=0.4116 val_acc=86.84% | lr=1.000000e-05
Saved new best model to /tmp/bow_mlp_imdb_1glo6_1a.pt
Epoch 61/301 | train_loss=1.0684 train_acc=87.81% | val_loss=0.4083 val_acc=86.70% | lr=1.000000e-05
Epoch 62/301 | train_loss=1.0580 train_acc=87.86% | val_loss=0.4053 val_acc=86.82% | lr=1.000000e-05
Epoch 63/301 | train_loss=1.0479 train_acc=88.00% | val_loss=0.4022 val_acc=86.90% | lr=1.000000e-05
Saved new best model to /tmp/bow_mlp_imdb_1glo6_1a.pt
Epoch 64/301 | train_loss=1.0381 train_acc=88.06% | val_loss=0.3993 val_acc=86.94% | lr=1.000000e-05
Saved new best model to /tmp/bow_mlp_imdb_1glo6_1a.pt
Epoch 65/301 | train_loss=1.0285 train_acc=88.13% | val_loss=0.3962 val_acc=87.00% | lr=1.000000e-05
Saved new best model to /tmp/bow_mlp_imdb_1glo6_1a.pt
Epoch 66/301 | train_loss=1.0194 train_acc=88.27% | val_loss=0.3939 val_acc=86.92% | lr=1.000000e-05
Epoch 67/301 | train_loss=1.0105 train_acc=88.20% | val_loss=0.3906 val_acc=87.00% | lr=1.000000e-05
Epoch 68/301 | train_loss=1.0020 train_acc=88.31% | val_loss=0.3880 val_acc=87.02% | lr=1.000000e-05
Saved new best model to /tmp/bow_mlp_imdb_1glo6_1a.pt
Epoch 69/301 | train_loss=0.9933 train_acc=88.38% | val_loss=0.3853 val_acc=87.12% | lr=1.000000e-05
Saved new best model to /tmp/bow_mlp_imdb_1glo6_1a.pt
Epoch 70/301 | train_loss=0.9852 train_acc=88.48% | val_loss=0.3830 val_acc=87.10% | lr=1.000000e-05
Epoch 71/301 | train_loss=0.9771 train_acc=88.59% | val_loss=0.3804 val_acc=87.12% | lr=1.000000e-05
Epoch 72/301 | train_loss=0.9692 train_acc=88.56% | val_loss=0.3780 val_acc=87.20% | lr=1.000000e-05
Saved new best model to /tmp/bow_mlp_imdb_1glo6_1a.pt
Epoch 73/301 | train_loss=0.9616 train_acc=88.70% | val_loss=0.3757 val_acc=87.18% | lr=1.000000e-05
Epoch 74/301 | train_loss=0.9541 train_acc=88.67% | val_loss=0.3737 val_acc=87.14% | lr=1.000000e-05
Epoch 75/301 | train_loss=0.9468 train_acc=88.80% | val_loss=0.3713 val_acc=87.28% | lr=1.000000e-05
Saved new best model to /tmp/bow_mlp_imdb_1glo6_1a.pt
Epoch 76/301 | train_loss=0.9398 train_acc=88.86% | val_loss=0.3692 val_acc=87.24% | lr=1.000000e-05
Epoch 77/301 | train_loss=0.9328 train_acc=88.94% | val_loss=0.3671 val_acc=87.30% | lr=1.000000e-05
Saved new best model to /tmp/bow_mlp_imdb_1glo6_1a.pt
Epoch 78/301 | train_loss=0.9261 train_acc=89.00% | val_loss=0.3652 val_acc=87.30% | lr=1.000000e-05
Epoch 79/301 | train_loss=0.9196 train_acc=89.00% | val_loss=0.3632 val_acc=87.42% | lr=1.000000e-05
Saved new best model to /tmp/bow_mlp_imdb_1glo6_1a.pt
Epoch 80/301 | train_loss=0.9130 train_acc=89.03% | val_loss=0.3614 val_acc=87.40% | lr=1.000000e-05
Epoch 81/301 | train_loss=0.9066 train_acc=89.16% | val_loss=0.3599 val_acc=87.26% | lr=1.000000e-05
Epoch 82/301 | train_loss=0.9005 train_acc=89.18% | val_loss=0.3577 val_acc=87.44% | lr=1.000000e-05
Saved new best model to /tmp/bow_mlp_imdb_1glo6_1a.pt
Epoch 83/301 | train_loss=0.8944 train_acc=89.20% | val_loss=0.3562 val_acc=87.22% | lr=1.000000e-05
Epoch 84/301 | train_loss=0.8884 train_acc=89.28% | val_loss=0.3543 val_acc=87.36% | lr=1.000000e-05
Epoch 85/301 | train_loss=0.8826 train_acc=89.38% | val_loss=0.3526 val_acc=87.46% | lr=1.000000e-05
Saved new best model to /tmp/bow_mlp_imdb_1glo6_1a.pt
Epoch 86/301 | train_loss=0.8768 train_acc=89.39% | val_loss=0.3510 val_acc=87.46% | lr=1.000000e-05
Epoch 87/301 | train_loss=0.8712 train_acc=89.53% | val_loss=0.3494 val_acc=87.64% | lr=1.000000e-05
Saved new best model to /tmp/bow_mlp_imdb_1glo6_1a.pt
Epoch 88/301 | train_loss=0.8658 train_acc=89.51% | val_loss=0.3478 val_acc=87.54% | lr=1.000000e-05
Epoch 89/301 | train_loss=0.8603 train_acc=89.61% | val_loss=0.3463 val_acc=87.68% | lr=1.000000e-05
Saved new best model to /tmp/bow_mlp_imdb_1glo6_1a.pt
Epoch 90/301 | train_loss=0.8551 train_acc=89.65% | val_loss=0.3449 val_acc=87.54% | lr=1.000000e-05
Epoch 91/301 | train_loss=0.8498 train_acc=89.66% | val_loss=0.3435 val_acc=87.58% | lr=1.000000e-05
Epoch 92/301 | train_loss=0.8447 train_acc=89.69% | val_loss=0.3421 val_acc=87.58% | lr=1.000000e-05
Epoch 93/301 | train_loss=0.8395 train_acc=89.75% | val_loss=0.3410 val_acc=87.66% | lr=1.000000e-05
Epoch 94/301 | train_loss=0.8346 train_acc=89.81% | val_loss=0.3396 val_acc=87.68% | lr=1.000000e-05
Epoch 95/301 | train_loss=0.8298 train_acc=89.83% | val_loss=0.3382 val_acc=87.66% | lr=1.000000e-05
Epoch 96/301 | train_loss=0.8250 train_acc=89.94% | val_loss=0.3372 val_acc=87.74% | lr=1.000000e-05
Saved new best model to /tmp/bow_mlp_imdb_1glo6_1a.pt
Epoch 97/301 | train_loss=0.8203 train_acc=89.89% | val_loss=0.3357 val_acc=87.76% | lr=1.000000e-05
Saved new best model to /tmp/bow_mlp_imdb_1glo6_1a.pt
Epoch 98/301 | train_loss=0.8156 train_acc=89.98% | val_loss=0.3345 val_acc=87.76% | lr=1.000000e-05
Epoch 99/301 | train_loss=0.8109 train_acc=90.05% | val_loss=0.3337 val_acc=87.88% | lr=1.000000e-05
Saved new best model to /tmp/bow_mlp_imdb_1glo6_1a.pt
Epoch 100/301 | train_loss=0.8064 train_acc=90.11% | val_loss=0.3326 val_acc=87.90% | lr=1.000000e-05
Saved new best model to /tmp/bow_mlp_imdb_1glo6_1a.pt
Epoch 101/301 | train_loss=0.8020 train_acc=90.15% | val_loss=0.3311 val_acc=87.74% | lr=1.000000e-05
Epoch 102/301 | train_loss=0.7975 train_acc=90.24% | val_loss=0.3304 val_acc=87.90% | lr=1.000000e-05
Epoch 103/301 | train_loss=0.7933 train_acc=90.18% | val_loss=0.3292 val_acc=87.96% | lr=1.000000e-05
Saved new best model to /tmp/bow_mlp_imdb_1glo6_1a.pt
Epoch 104/301 | train_loss=0.7892 train_acc=90.25% | val_loss=0.3280 val_acc=87.86% | lr=1.000000e-05
Epoch 105/301 | train_loss=0.7849 train_acc=90.29% | val_loss=0.3270 val_acc=88.04% | lr=1.000000e-05
Saved new best model to /tmp/bow_mlp_imdb_1glo6_1a.pt
Epoch 106/301 | train_loss=0.7808 train_acc=90.37% | val_loss=0.3260 val_acc=87.88% | lr=1.000000e-05
Epoch 107/301 | train_loss=0.7768 train_acc=90.40% | val_loss=0.3251 val_acc=88.06% | lr=1.000000e-05
Saved new best model to /tmp/bow_mlp_imdb_1glo6_1a.pt
Epoch 108/301 | train_loss=0.7727 train_acc=90.48% | val_loss=0.3242 val_acc=88.10% | lr=1.000000e-05
Saved new best model to /tmp/bow_mlp_imdb_1glo6_1a.pt
Epoch 109/301 | train_loss=0.7687 train_acc=90.50% | val_loss=0.3234 val_acc=88.00% | lr=1.000000e-05
Epoch 110/301 | train_loss=0.7647 train_acc=90.59% | val_loss=0.3223 val_acc=88.06% | lr=1.000000e-05
Epoch 111/301 | train_loss=0.7610 train_acc=90.56% | val_loss=0.3216 val_acc=87.98% | lr=1.000000e-05
Epoch 112/301 | train_loss=0.7570 train_acc=90.71% | val_loss=0.3206 val_acc=87.92% | lr=1.000000e-05
Epoch 113/301 | train_loss=0.7533 train_acc=90.70% | val_loss=0.3199 val_acc=88.06% | lr=1.000000e-05
Epoch 114/301 | train_loss=0.7496 train_acc=90.75% | val_loss=0.3191 val_acc=88.10% | lr=1.000000e-05
Epoch 115/301 | train_loss=0.7458 train_acc=90.79% | val_loss=0.3182 val_acc=88.08% | lr=1.000000e-05
Epoch 116/301 | train_loss=0.7423 train_acc=90.80% | val_loss=0.3176 val_acc=88.14% | lr=1.000000e-05
Saved new best model to /tmp/bow_mlp_imdb_1glo6_1a.pt
Epoch 117/301 | train_loss=0.7387 train_acc=90.91% | val_loss=0.3168 val_acc=88.20% | lr=1.000000e-05
Saved new best model to /tmp/bow_mlp_imdb_1glo6_1a.pt
Epoch 118/301 | train_loss=0.7352 train_acc=90.91% | val_loss=0.3160 val_acc=88.20% | lr=1.000000e-05
Epoch 119/301 | train_loss=0.7317 train_acc=90.96% | val_loss=0.3154 val_acc=88.18% | lr=1.000000e-05
Epoch 120/301 | train_loss=0.7283 train_acc=90.94% | val_loss=0.3146 val_acc=88.22% | lr=1.000000e-05
Saved new best model to /tmp/bow_mlp_imdb_1glo6_1a.pt
Epoch 121/301 | train_loss=0.7248 train_acc=91.06% | val_loss=0.3139 val_acc=88.18% | lr=1.000000e-05
Epoch 122/301 | train_loss=0.7214 train_acc=91.06% | val_loss=0.3134 val_acc=88.26% | lr=1.000000e-05
Saved new best model to /tmp/bow_mlp_imdb_1glo6_1a.pt
Epoch 123/301 | train_loss=0.7181 train_acc=91.07% | val_loss=0.3127 val_acc=88.30% | lr=1.000000e-05
Saved new best model to /tmp/bow_mlp_imdb_1glo6_1a.pt
Epoch 124/301 | train_loss=0.7144 train_acc=91.11% | val_loss=0.3121 val_acc=88.28% | lr=1.000000e-05
Epoch 125/301 | train_loss=0.7114 train_acc=91.20% | val_loss=0.3117 val_acc=88.22% | lr=1.000000e-05
Epoch 126/301 | train_loss=0.7084 train_acc=91.19% | val_loss=0.3108 val_acc=88.28% | lr=1.000000e-05
Epoch 127/301 | train_loss=0.7054 train_acc=91.25% | val_loss=0.3104 val_acc=88.22% | lr=1.000000e-05
Epoch 128/301 | train_loss=0.7022 train_acc=91.33% | val_loss=0.3097 val_acc=88.22% | lr=1.000000e-05
Epoch 129/301 | train_loss=0.6993 train_acc=91.32% | val_loss=0.3092 val_acc=88.22% | lr=1.000000e-05
Epoch 130/301 | train_loss=0.6962 train_acc=91.38% | val_loss=0.3086 val_acc=88.28% | lr=1.000000e-05
Epoch 131/301 | train_loss=0.6933 train_acc=91.38% | val_loss=0.3082 val_acc=88.20% | lr=1.000000e-05
Epoch 132/301 | train_loss=0.6903 train_acc=91.45% | val_loss=0.3077 val_acc=88.18% | lr=1.000000e-05
Epoch 133/301 | train_loss=0.6874 train_acc=91.47% | val_loss=0.3075 val_acc=88.24% | lr=1.000000e-05
Epoch 134/301 | train_loss=0.6844 train_acc=91.52% | val_loss=0.3066 val_acc=88.40% | lr=1.000000e-05
Saved new best model to /tmp/bow_mlp_imdb_1glo6_1a.pt
Epoch 135/301 | train_loss=0.6815 train_acc=91.52% | val_loss=0.3062 val_acc=88.20% | lr=1.000000e-05
Epoch 136/301 | train_loss=0.6787 train_acc=91.58% | val_loss=0.3058 val_acc=88.22% | lr=1.000000e-05
Epoch 137/301 | train_loss=0.6759 train_acc=91.58% | val_loss=0.3054 val_acc=88.24% | lr=1.000000e-05
Epoch 138/301 | train_loss=0.6731 train_acc=91.62% | val_loss=0.3049 val_acc=88.28% | lr=1.000000e-05
Epoch 139/301 | train_loss=0.6703 train_acc=91.62% | val_loss=0.3047 val_acc=88.16% | lr=1.000000e-05
Epoch 140/301 | train_loss=0.6675 train_acc=91.66% | val_loss=0.3040 val_acc=88.38% | lr=1.000000e-05
Epoch 141/301 | train_loss=0.6649 train_acc=91.66% | val_loss=0.3036 val_acc=88.34% | lr=1.000000e-05
Epoch 142/301 | train_loss=0.6621 train_acc=91.73% | val_loss=0.3034 val_acc=88.28% | lr=1.000000e-05
Epoch 143/301 | train_loss=0.6593 train_acc=91.75% | val_loss=0.3028 val_acc=88.34% | lr=1.000000e-05
Epoch 144/301 | train_loss=0.6566 train_acc=91.80% | val_loss=0.3027 val_acc=88.34% | lr=1.000000e-05
Epoch 145/301 | train_loss=0.6540 train_acc=91.79% | val_loss=0.3020 val_acc=88.36% | lr=1.000000e-05
Epoch 146/301 | train_loss=0.6515 train_acc=91.84% | val_loss=0.3017 val_acc=88.36% | lr=1.000000e-05
Epoch 147/301 | train_loss=0.6489 train_acc=91.90% | val_loss=0.3014 val_acc=88.42% | lr=1.000000e-05
Saved new best model to /tmp/bow_mlp_imdb_1glo6_1a.pt
Epoch 148/301 | train_loss=0.6463 train_acc=91.97% | val_loss=0.3011 val_acc=88.36% | lr=1.000000e-05
Epoch 149/301 | train_loss=0.6438 train_acc=91.96% | val_loss=0.3007 val_acc=88.34% | lr=1.000000e-05
Epoch 150/301 | train_loss=0.6412 train_acc=92.07% | val_loss=0.3006 val_acc=88.34% | lr=1.000000e-05
Epoch 151/301 | train_loss=0.6387 train_acc=92.05% | val_loss=0.3001 val_acc=88.38% | lr=1.000000e-05
Epoch 152/301 | train_loss=0.6363 train_acc=92.07% | val_loss=0.2999 val_acc=88.38% | lr=1.000000e-05
Epoch 153/301 | train_loss=0.6338 train_acc=92.10% | val_loss=0.2996 val_acc=88.38% | lr=1.000000e-05
Epoch 154/301 | train_loss=0.6314 train_acc=92.14% | val_loss=0.2993 val_acc=88.38% | lr=1.000000e-05
Epoch 155/301 | train_loss=0.6290 train_acc=92.20% | val_loss=0.2990 val_acc=88.36% | lr=1.000000e-05
Epoch 156/301 | train_loss=0.6266 train_acc=92.18% | val_loss=0.2987 val_acc=88.42% | lr=1.000000e-05
Epoch 157/301 | train_loss=0.6243 train_acc=92.28% | val_loss=0.2984 val_acc=88.52% | lr=1.000000e-05
Saved new best model to /tmp/bow_mlp_imdb_1glo6_1a.pt
Epoch 158/301 | train_loss=0.6219 train_acc=92.22% | val_loss=0.2982 val_acc=88.48% | lr=1.000000e-05
Epoch 159/301 | train_loss=0.6196 train_acc=92.33% | val_loss=0.2978 val_acc=88.48% | lr=1.000000e-05
Epoch 160/301 | train_loss=0.6174 train_acc=92.38% | val_loss=0.2978 val_acc=88.40% | lr=1.000000e-05
Epoch 161/301 | train_loss=0.6151 train_acc=92.36% | val_loss=0.2974 val_acc=88.52% | lr=1.000000e-05
Epoch 162/301 | train_loss=0.6128 train_acc=92.44% | val_loss=0.2972 val_acc=88.48% | lr=1.000000e-05
Epoch 163/301 | train_loss=0.6105 train_acc=92.44% | val_loss=0.2970 val_acc=88.46% | lr=1.000000e-05
Epoch 164/301 | train_loss=0.6084 train_acc=92.54% | val_loss=0.2970 val_acc=88.36% | lr=1.000000e-05
Epoch 165/301 | train_loss=0.6062 train_acc=92.51% | val_loss=0.2966 val_acc=88.50% | lr=1.000000e-05
Epoch 166/301 | train_loss=0.6040 train_acc=92.61% | val_loss=0.2968 val_acc=88.28% | lr=1.000000e-05
Epoch 167/301 | train_loss=0.6019 train_acc=92.58% | val_loss=0.2964 val_acc=88.42% | lr=1.000000e-05
Epoch 168/301 | train_loss=0.5997 train_acc=92.62% | val_loss=0.2962 val_acc=88.40% | lr=1.000000e-05
Epoch 169/301 | train_loss=0.5977 train_acc=92.62% | val_loss=0.2960 val_acc=88.40% | lr=1.000000e-05
Epoch 170/301 | train_loss=0.5955 train_acc=92.70% | val_loss=0.2957 val_acc=88.38% | lr=1.000000e-05
Epoch 171/301 | train_loss=0.5935 train_acc=92.61% | val_loss=0.2956 val_acc=88.40% | lr=1.000000e-05
Epoch 172/301 | train_loss=0.5913 train_acc=92.75% | val_loss=0.2955 val_acc=88.42% | lr=1.000000e-05
Epoch 173/301 | train_loss=0.5893 train_acc=92.77% | val_loss=0.2954 val_acc=88.38% | lr=1.000000e-05
Epoch 174/301 | train_loss=0.5872 train_acc=92.81% | val_loss=0.2952 val_acc=88.42% | lr=1.000000e-05
Epoch 175/301 | train_loss=0.5853 train_acc=92.83% | val_loss=0.2952 val_acc=88.34% | lr=1.000000e-05
Epoch 176/301 | train_loss=0.5833 train_acc=92.86% | val_loss=0.2949 val_acc=88.44% | lr=1.000000e-05
Epoch 177/301 | train_loss=0.5813 train_acc=92.94% | val_loss=0.2949 val_acc=88.42% | lr=1.000000e-05
Epoch 178/301 | train_loss=0.5793 train_acc=92.88% | val_loss=0.2947 val_acc=88.28% | lr=1.000000e-05
Epoch 179/301 | train_loss=0.5774 train_acc=92.94% | val_loss=0.2947 val_acc=88.42% | lr=1.000000e-05
Epoch 180/301 | train_loss=0.5754 train_acc=92.94% | val_loss=0.2949 val_acc=88.32% | lr=1.000000e-05
Epoch 181/301 | train_loss=0.5735 train_acc=92.96% | val_loss=0.2945 val_acc=88.36% | lr=1.000000e-05
Epoch 182/301 | train_loss=0.5716 train_acc=92.99% | val_loss=0.2943 val_acc=88.36% | lr=1.000000e-05
Epoch 183/301 | train_loss=0.5698 train_acc=93.03% | val_loss=0.2943 val_acc=88.32% | lr=1.000000e-05
Epoch 184/301 | train_loss=0.5678 train_acc=93.12% | val_loss=0.2943 val_acc=88.30% | lr=1.000000e-05
Epoch 185/301 | train_loss=0.5659 train_acc=93.12% | val_loss=0.2943 val_acc=88.32% | lr=1.000000e-05
Epoch 186/301 | train_loss=0.5641 train_acc=93.08% | val_loss=0.2941 val_acc=88.26% | lr=1.000000e-05
Epoch 187/301 | train_loss=0.5623 train_acc=93.14% | val_loss=0.2940 val_acc=88.26% | lr=1.000000e-05
Epoch 188/301 | train_loss=0.5605 train_acc=93.23% | val_loss=0.2941 val_acc=88.24% | lr=1.000000e-05
Epoch 189/301 | train_loss=0.5587 train_acc=93.19% | val_loss=0.2939 val_acc=88.28% | lr=1.000000e-05
Epoch 190/301 | train_loss=0.5569 train_acc=93.27% | val_loss=0.2940 val_acc=88.26% | lr=1.000000e-05
Epoch 191/301 | train_loss=0.5552 train_acc=93.25% | val_loss=0.2939 val_acc=88.34% | lr=1.000000e-05
Epoch 192/301 | train_loss=0.5533 train_acc=93.33% | val_loss=0.2938 val_acc=88.30% | lr=1.000000e-05
Epoch 193/301 | train_loss=0.5515 train_acc=93.27% | val_loss=0.2937 val_acc=88.26% | lr=1.000000e-05
Epoch 194/301 | train_loss=0.5498 train_acc=93.33% | val_loss=0.2937 val_acc=88.26% | lr=1.000000e-05
Epoch 195/301 | train_loss=0.5480 train_acc=93.38% | val_loss=0.2937 val_acc=88.26% | lr=1.000000e-05
Epoch 196/301 | train_loss=0.5463 train_acc=93.41% | val_loss=0.2937 val_acc=88.24% | lr=1.000000e-05
Epoch 197/301 | train_loss=0.5447 train_acc=93.39% | val_loss=0.2937 val_acc=88.24% | lr=1.000000e-05
Epoch 198/301 | train_loss=0.5430 train_acc=93.42% | val_loss=0.2939 val_acc=88.30% | lr=1.000000e-05
Epoch 199/301 | train_loss=0.5412 train_acc=93.46% | val_loss=0.2937 val_acc=88.24% | lr=1.000000e-05
Epoch 200/301 | train_loss=0.5396 train_acc=93.42% | val_loss=0.2937 val_acc=88.22% | lr=1.000000e-05
Epoch 201/301 | train_loss=0.5380 train_acc=93.48% | val_loss=0.2937 val_acc=88.32% | lr=1.000000e-05
Epoch 202/301 | train_loss=0.5362 train_acc=93.51% | val_loss=0.2938 val_acc=88.30% | lr=1.000000e-05
Epoch 203/301 | train_loss=0.5347 train_acc=93.53% | val_loss=0.2939 val_acc=88.30% | lr=1.000000e-05
Validation loss has not improved for 8 epochs. Stopping training.
Test loss=0.3047 | Test accuracy=87.99%
