Loading IMDb dataset from local disk: /home/daniel/l/masteruppsats/np-reg/language/data/imdb_hf
Using device: cuda
BoW vocab size: 6250
Epoch 1/301 | train_loss=0.6632 train_acc=61.46% | val_loss=0.6200 val_acc=73.58% | lr=3.000000e-05
Saved new best model to /tmp/bow_mlp_imdb_2c2g4wxj.pt
Epoch 2/301 | train_loss=0.5852 train_acc=75.63% | val_loss=0.5399 val_acc=82.44% | lr=3.000000e-05
Saved new best model to /tmp/bow_mlp_imdb_2c2g4wxj.pt
Epoch 3/301 | train_loss=0.5153 train_acc=81.16% | val_loss=0.4808 val_acc=84.96% | lr=3.000000e-05
Saved new best model to /tmp/bow_mlp_imdb_2c2g4wxj.pt
Epoch 4/301 | train_loss=0.4641 train_acc=83.70% | val_loss=0.4361 val_acc=85.92% | lr=3.000000e-05
Saved new best model to /tmp/bow_mlp_imdb_2c2g4wxj.pt
Epoch 5/301 | train_loss=0.4248 train_acc=84.92% | val_loss=0.4046 val_acc=86.26% | lr=3.000000e-05
Saved new best model to /tmp/bow_mlp_imdb_2c2g4wxj.pt
Epoch 6/301 | train_loss=0.3913 train_acc=86.06% | val_loss=0.3805 val_acc=86.58% | lr=3.000000e-05
Saved new best model to /tmp/bow_mlp_imdb_2c2g4wxj.pt
Epoch 7/301 | train_loss=0.3672 train_acc=87.28% | val_loss=0.3635 val_acc=86.98% | lr=3.000000e-05
Saved new best model to /tmp/bow_mlp_imdb_2c2g4wxj.pt
Epoch 8/301 | train_loss=0.3486 train_acc=87.94% | val_loss=0.3497 val_acc=87.18% | lr=3.000000e-05
Saved new best model to /tmp/bow_mlp_imdb_2c2g4wxj.pt
Epoch 9/301 | train_loss=0.3315 train_acc=88.35% | val_loss=0.3390 val_acc=87.56% | lr=3.000000e-05
Saved new best model to /tmp/bow_mlp_imdb_2c2g4wxj.pt
Epoch 10/301 | train_loss=0.3176 train_acc=88.82% | val_loss=0.3293 val_acc=87.70% | lr=3.000000e-05
Saved new best model to /tmp/bow_mlp_imdb_2c2g4wxj.pt
Epoch 11/301 | train_loss=0.3037 train_acc=89.22% | val_loss=0.3219 val_acc=87.88% | lr=3.000000e-05
Saved new best model to /tmp/bow_mlp_imdb_2c2g4wxj.pt
Epoch 12/301 | train_loss=0.2915 train_acc=89.88% | val_loss=0.3157 val_acc=88.06% | lr=3.000000e-05
Saved new best model to /tmp/bow_mlp_imdb_2c2g4wxj.pt
Epoch 13/301 | train_loss=0.2806 train_acc=89.96% | val_loss=0.3107 val_acc=88.08% | lr=3.000000e-05
Saved new best model to /tmp/bow_mlp_imdb_2c2g4wxj.pt
Epoch 14/301 | train_loss=0.2708 train_acc=90.50% | val_loss=0.3063 val_acc=88.20% | lr=3.000000e-05
Saved new best model to /tmp/bow_mlp_imdb_2c2g4wxj.pt
Epoch 15/301 | train_loss=0.2627 train_acc=90.55% | val_loss=0.3035 val_acc=88.12% | lr=3.000000e-05
Epoch 16/301 | train_loss=0.2539 train_acc=90.97% | val_loss=0.3006 val_acc=88.28% | lr=3.000000e-05
Saved new best model to /tmp/bow_mlp_imdb_2c2g4wxj.pt
Epoch 17/301 | train_loss=0.2457 train_acc=91.32% | val_loss=0.2985 val_acc=88.22% | lr=3.000000e-05
Epoch 18/301 | train_loss=0.2389 train_acc=91.50% | val_loss=0.2959 val_acc=88.30% | lr=3.000000e-05
Saved new best model to /tmp/bow_mlp_imdb_2c2g4wxj.pt
Epoch 19/301 | train_loss=0.2323 train_acc=91.88% | val_loss=0.2946 val_acc=88.36% | lr=3.000000e-05
Saved new best model to /tmp/bow_mlp_imdb_2c2g4wxj.pt
Epoch 20/301 | train_loss=0.2260 train_acc=91.81% | val_loss=0.2936 val_acc=88.30% | lr=3.000000e-05
Epoch 21/301 | train_loss=0.2172 train_acc=92.38% | val_loss=0.2935 val_acc=88.20% | lr=3.000000e-05
Epoch 22/301 | train_loss=0.2135 train_acc=92.39% | val_loss=0.2926 val_acc=88.22% | lr=3.000000e-05
Epoch 23/301 | train_loss=0.2061 train_acc=92.61% | val_loss=0.2934 val_acc=88.20% | lr=3.000000e-05
Epoch 24/301 | train_loss=0.2015 train_acc=92.90% | val_loss=0.2927 val_acc=88.08% | lr=3.000000e-05
Epoch 25/301 | train_loss=0.1946 train_acc=93.28% | val_loss=0.2937 val_acc=88.22% | lr=3.000000e-05
Epoch 26/301 | train_loss=0.1931 train_acc=93.25% | val_loss=0.2932 val_acc=88.14% | lr=3.000000e-05
Epoch 27/301 | train_loss=0.1876 train_acc=93.43% | val_loss=0.2955 val_acc=88.00% | lr=3.000000e-05
Epoch 28/301 | train_loss=0.1831 train_acc=93.53% | val_loss=0.2958 val_acc=88.06% | lr=3.000000e-05
Epoch 29/301 | train_loss=0.1785 train_acc=93.83% | val_loss=0.2974 val_acc=87.84% | lr=3.000000e-05
Epoch 30/301 | train_loss=0.1735 train_acc=94.11% | val_loss=0.2970 val_acc=87.98% | lr=3.000000e-05
Validation loss has not improved for 8 epochs. Stopping training.
Test loss=0.3026 | Test accuracy=87.87%
