Loading IMDb dataset from local disk: /home/daniel/l/masteruppsats/np-reg/language/data/imdb_hf
Using device: cuda
BoW vocab size: 6250
W0421 06:39:32.721000 3236525 site-packages/torch/_inductor/utils.py:1679] [0/0] Not enough SMs to use max_autotune_gemm mode
Epoch 1/301 | train_loss=0.6965 train_acc=50.40% | val_loss=0.6922 val_acc=50.06% | lr=3.000000e-06
Saved new best model to /tmp/bow_mlp_imdb_pyop76z1.pt
Epoch 2/301 | train_loss=0.6900 train_acc=52.47% | val_loss=0.6866 val_acc=52.22% | lr=3.000000e-06
Saved new best model to /tmp/bow_mlp_imdb_pyop76z1.pt
Epoch 3/301 | train_loss=0.6856 train_acc=54.05% | val_loss=0.6817 val_acc=56.00% | lr=3.000000e-06
Saved new best model to /tmp/bow_mlp_imdb_pyop76z1.pt
Epoch 4/301 | train_loss=0.6806 train_acc=56.65% | val_loss=0.6767 val_acc=59.84% | lr=3.000000e-06
Saved new best model to /tmp/bow_mlp_imdb_pyop76z1.pt
Epoch 5/301 | train_loss=0.6756 train_acc=58.95% | val_loss=0.6717 val_acc=62.98% | lr=3.000000e-06
Saved new best model to /tmp/bow_mlp_imdb_pyop76z1.pt
Epoch 6/301 | train_loss=0.6716 train_acc=60.42% | val_loss=0.6665 val_acc=64.72% | lr=3.000000e-06
Saved new best model to /tmp/bow_mlp_imdb_pyop76z1.pt
Epoch 7/301 | train_loss=0.6654 train_acc=62.47% | val_loss=0.6610 val_acc=67.50% | lr=3.000000e-06
Saved new best model to /tmp/bow_mlp_imdb_pyop76z1.pt
Epoch 8/301 | train_loss=0.6599 train_acc=64.27% | val_loss=0.6555 val_acc=69.32% | lr=3.000000e-06
Saved new best model to /tmp/bow_mlp_imdb_pyop76z1.pt
Epoch 9/301 | train_loss=0.6556 train_acc=64.51% | val_loss=0.6500 val_acc=70.52% | lr=3.000000e-06
Saved new best model to /tmp/bow_mlp_imdb_pyop76z1.pt
Epoch 10/301 | train_loss=0.6496 train_acc=66.91% | val_loss=0.6443 val_acc=71.98% | lr=3.000000e-06
Saved new best model to /tmp/bow_mlp_imdb_pyop76z1.pt
Epoch 11/301 | train_loss=0.6445 train_acc=67.52% | val_loss=0.6388 val_acc=72.70% | lr=3.000000e-06
Saved new best model to /tmp/bow_mlp_imdb_pyop76z1.pt
Epoch 12/301 | train_loss=0.6385 train_acc=68.97% | val_loss=0.6332 val_acc=73.64% | lr=3.000000e-06
Saved new best model to /tmp/bow_mlp_imdb_pyop76z1.pt
Epoch 13/301 | train_loss=0.6341 train_acc=69.62% | val_loss=0.6277 val_acc=74.54% | lr=3.000000e-06
Saved new best model to /tmp/bow_mlp_imdb_pyop76z1.pt
Epoch 14/301 | train_loss=0.6277 train_acc=70.63% | val_loss=0.6223 val_acc=75.40% | lr=3.000000e-06
Saved new best model to /tmp/bow_mlp_imdb_pyop76z1.pt
Epoch 15/301 | train_loss=0.6232 train_acc=71.33% | val_loss=0.6171 val_acc=76.10% | lr=3.000000e-06
Saved new best model to /tmp/bow_mlp_imdb_pyop76z1.pt
Epoch 16/301 | train_loss=0.6170 train_acc=72.34% | val_loss=0.6118 val_acc=76.74% | lr=3.000000e-06
Saved new best model to /tmp/bow_mlp_imdb_pyop76z1.pt
Epoch 17/301 | train_loss=0.6120 train_acc=73.29% | val_loss=0.6067 val_acc=77.30% | lr=3.000000e-06
Saved new best model to /tmp/bow_mlp_imdb_pyop76z1.pt
Epoch 18/301 | train_loss=0.6081 train_acc=73.69% | val_loss=0.6017 val_acc=77.92% | lr=3.000000e-06
Saved new best model to /tmp/bow_mlp_imdb_pyop76z1.pt
Epoch 19/301 | train_loss=0.6028 train_acc=74.45% | val_loss=0.5966 val_acc=78.42% | lr=3.000000e-06
Saved new best model to /tmp/bow_mlp_imdb_pyop76z1.pt
Epoch 20/301 | train_loss=0.5982 train_acc=74.98% | val_loss=0.5916 val_acc=79.02% | lr=3.000000e-06
Saved new best model to /tmp/bow_mlp_imdb_pyop76z1.pt
Epoch 21/301 | train_loss=0.5929 train_acc=75.96% | val_loss=0.5866 val_acc=79.66% | lr=3.000000e-06
Saved new best model to /tmp/bow_mlp_imdb_pyop76z1.pt
Epoch 22/301 | train_loss=0.5877 train_acc=76.24% | val_loss=0.5816 val_acc=80.00% | lr=3.000000e-06
Saved new best model to /tmp/bow_mlp_imdb_pyop76z1.pt
Epoch 23/301 | train_loss=0.5828 train_acc=76.61% | val_loss=0.5767 val_acc=80.70% | lr=3.000000e-06
Saved new best model to /tmp/bow_mlp_imdb_pyop76z1.pt
Epoch 24/301 | train_loss=0.5788 train_acc=77.45% | val_loss=0.5719 val_acc=81.18% | lr=3.000000e-06
Saved new best model to /tmp/bow_mlp_imdb_pyop76z1.pt
Epoch 25/301 | train_loss=0.5735 train_acc=77.36% | val_loss=0.5672 val_acc=81.26% | lr=3.000000e-06
Saved new best model to /tmp/bow_mlp_imdb_pyop76z1.pt
Epoch 26/301 | train_loss=0.5691 train_acc=77.92% | val_loss=0.5625 val_acc=81.50% | lr=3.000000e-06
Saved new best model to /tmp/bow_mlp_imdb_pyop76z1.pt
Epoch 27/301 | train_loss=0.5642 train_acc=78.41% | val_loss=0.5580 val_acc=81.76% | lr=3.000000e-06
Saved new best model to /tmp/bow_mlp_imdb_pyop76z1.pt
Epoch 28/301 | train_loss=0.5594 train_acc=78.65% | val_loss=0.5535 val_acc=81.94% | lr=3.000000e-06
Saved new best model to /tmp/bow_mlp_imdb_pyop76z1.pt
Epoch 29/301 | train_loss=0.5549 train_acc=79.05% | val_loss=0.5492 val_acc=82.16% | lr=3.000000e-06
Saved new best model to /tmp/bow_mlp_imdb_pyop76z1.pt
Epoch 30/301 | train_loss=0.5511 train_acc=79.27% | val_loss=0.5449 val_acc=82.58% | lr=3.000000e-06
Saved new best model to /tmp/bow_mlp_imdb_pyop76z1.pt
Epoch 31/301 | train_loss=0.5482 train_acc=79.44% | val_loss=0.5408 val_acc=82.76% | lr=3.000000e-06
Saved new best model to /tmp/bow_mlp_imdb_pyop76z1.pt
Epoch 32/301 | train_loss=0.5428 train_acc=79.66% | val_loss=0.5367 val_acc=82.88% | lr=3.000000e-06
Saved new best model to /tmp/bow_mlp_imdb_pyop76z1.pt
Epoch 33/301 | train_loss=0.5379 train_acc=80.45% | val_loss=0.5326 val_acc=83.18% | lr=3.000000e-06
Saved new best model to /tmp/bow_mlp_imdb_pyop76z1.pt
Epoch 34/301 | train_loss=0.5358 train_acc=80.44% | val_loss=0.5287 val_acc=83.36% | lr=3.000000e-06
Saved new best model to /tmp/bow_mlp_imdb_pyop76z1.pt
Epoch 35/301 | train_loss=0.5301 train_acc=80.77% | val_loss=0.5248 val_acc=83.52% | lr=3.000000e-06
Saved new best model to /tmp/bow_mlp_imdb_pyop76z1.pt
Epoch 36/301 | train_loss=0.5266 train_acc=80.97% | val_loss=0.5210 val_acc=83.74% | lr=3.000000e-06
Saved new best model to /tmp/bow_mlp_imdb_pyop76z1.pt
Epoch 37/301 | train_loss=0.5219 train_acc=81.50% | val_loss=0.5171 val_acc=83.88% | lr=3.000000e-06
Saved new best model to /tmp/bow_mlp_imdb_pyop76z1.pt
Epoch 38/301 | train_loss=0.5195 train_acc=81.38% | val_loss=0.5134 val_acc=83.92% | lr=3.000000e-06
Saved new best model to /tmp/bow_mlp_imdb_pyop76z1.pt
Epoch 39/301 | train_loss=0.5142 train_acc=81.62% | val_loss=0.5097 val_acc=84.06% | lr=3.000000e-06
Saved new best model to /tmp/bow_mlp_imdb_pyop76z1.pt
Epoch 40/301 | train_loss=0.5119 train_acc=81.73% | val_loss=0.5061 val_acc=84.18% | lr=3.000000e-06
Saved new best model to /tmp/bow_mlp_imdb_pyop76z1.pt
Epoch 41/301 | train_loss=0.5069 train_acc=82.13% | val_loss=0.5026 val_acc=84.28% | lr=3.000000e-06
Saved new best model to /tmp/bow_mlp_imdb_pyop76z1.pt
Epoch 42/301 | train_loss=0.5040 train_acc=82.25% | val_loss=0.4991 val_acc=84.40% | lr=3.000000e-06
Saved new best model to /tmp/bow_mlp_imdb_pyop76z1.pt
Epoch 43/301 | train_loss=0.5008 train_acc=82.33% | val_loss=0.4958 val_acc=84.56% | lr=3.000000e-06
Saved new best model to /tmp/bow_mlp_imdb_pyop76z1.pt
Epoch 44/301 | train_loss=0.4987 train_acc=82.27% | val_loss=0.4926 val_acc=84.52% | lr=3.000000e-06
Epoch 45/301 | train_loss=0.4942 train_acc=82.73% | val_loss=0.4892 val_acc=84.62% | lr=3.000000e-06
Saved new best model to /tmp/bow_mlp_imdb_pyop76z1.pt
Epoch 46/301 | train_loss=0.4902 train_acc=82.84% | val_loss=0.4859 val_acc=84.76% | lr=3.000000e-06
Saved new best model to /tmp/bow_mlp_imdb_pyop76z1.pt
Epoch 47/301 | train_loss=0.4882 train_acc=83.18% | val_loss=0.4826 val_acc=84.80% | lr=3.000000e-06
Saved new best model to /tmp/bow_mlp_imdb_pyop76z1.pt
Epoch 48/301 | train_loss=0.4851 train_acc=82.98% | val_loss=0.4794 val_acc=84.94% | lr=3.000000e-06
Saved new best model to /tmp/bow_mlp_imdb_pyop76z1.pt
Epoch 49/301 | train_loss=0.4805 train_acc=83.43% | val_loss=0.4762 val_acc=85.00% | lr=3.000000e-06
Saved new best model to /tmp/bow_mlp_imdb_pyop76z1.pt
Epoch 50/301 | train_loss=0.4772 train_acc=83.39% | val_loss=0.4731 val_acc=85.12% | lr=3.000000e-06
Saved new best model to /tmp/bow_mlp_imdb_pyop76z1.pt
Epoch 51/301 | train_loss=0.4746 train_acc=83.69% | val_loss=0.4699 val_acc=85.12% | lr=3.000000e-06
Epoch 52/301 | train_loss=0.4711 train_acc=83.93% | val_loss=0.4667 val_acc=85.10% | lr=3.000000e-06
Epoch 53/301 | train_loss=0.4685 train_acc=83.91% | val_loss=0.4638 val_acc=85.22% | lr=3.000000e-06
Saved new best model to /tmp/bow_mlp_imdb_pyop76z1.pt
Epoch 54/301 | train_loss=0.4655 train_acc=83.70% | val_loss=0.4608 val_acc=85.34% | lr=3.000000e-06
Saved new best model to /tmp/bow_mlp_imdb_pyop76z1.pt
Epoch 55/301 | train_loss=0.4614 train_acc=84.31% | val_loss=0.4578 val_acc=85.50% | lr=3.000000e-06
Saved new best model to /tmp/bow_mlp_imdb_pyop76z1.pt
Epoch 56/301 | train_loss=0.4579 train_acc=84.28% | val_loss=0.4550 val_acc=85.48% | lr=3.000000e-06
Epoch 57/301 | train_loss=0.4562 train_acc=84.27% | val_loss=0.4523 val_acc=85.66% | lr=3.000000e-06
Saved new best model to /tmp/bow_mlp_imdb_pyop76z1.pt
Epoch 58/301 | train_loss=0.4546 train_acc=84.30% | val_loss=0.4496 val_acc=85.70% | lr=3.000000e-06
Saved new best model to /tmp/bow_mlp_imdb_pyop76z1.pt
Epoch 59/301 | train_loss=0.4504 train_acc=84.41% | val_loss=0.4469 val_acc=85.78% | lr=3.000000e-06
Saved new best model to /tmp/bow_mlp_imdb_pyop76z1.pt
Epoch 60/301 | train_loss=0.4460 train_acc=84.86% | val_loss=0.4442 val_acc=85.84% | lr=3.000000e-06
Saved new best model to /tmp/bow_mlp_imdb_pyop76z1.pt
Epoch 61/301 | train_loss=0.4462 train_acc=84.44% | val_loss=0.4418 val_acc=85.96% | lr=3.000000e-06
Saved new best model to /tmp/bow_mlp_imdb_pyop76z1.pt
Epoch 62/301 | train_loss=0.4423 train_acc=84.63% | val_loss=0.4393 val_acc=86.02% | lr=3.000000e-06
Saved new best model to /tmp/bow_mlp_imdb_pyop76z1.pt
Epoch 63/301 | train_loss=0.4403 train_acc=84.82% | val_loss=0.4369 val_acc=86.02% | lr=3.000000e-06
Epoch 64/301 | train_loss=0.4379 train_acc=84.72% | val_loss=0.4345 val_acc=86.18% | lr=3.000000e-06
Saved new best model to /tmp/bow_mlp_imdb_pyop76z1.pt
Epoch 65/301 | train_loss=0.4353 train_acc=84.84% | val_loss=0.4322 val_acc=86.18% | lr=3.000000e-06
Epoch 66/301 | train_loss=0.4319 train_acc=85.44% | val_loss=0.4300 val_acc=86.26% | lr=3.000000e-06
Saved new best model to /tmp/bow_mlp_imdb_pyop76z1.pt
Epoch 67/301 | train_loss=0.4322 train_acc=84.89% | val_loss=0.4277 val_acc=86.16% | lr=3.000000e-06
Epoch 68/301 | train_loss=0.4280 train_acc=85.36% | val_loss=0.4255 val_acc=86.18% | lr=3.000000e-06
Epoch 69/301 | train_loss=0.4228 train_acc=85.56% | val_loss=0.4232 val_acc=86.20% | lr=3.000000e-06
Epoch 70/301 | train_loss=0.4220 train_acc=85.37% | val_loss=0.4211 val_acc=86.28% | lr=3.000000e-06
Saved new best model to /tmp/bow_mlp_imdb_pyop76z1.pt
Epoch 71/301 | train_loss=0.4232 train_acc=85.31% | val_loss=0.4191 val_acc=86.28% | lr=3.000000e-06
Epoch 72/301 | train_loss=0.4166 train_acc=85.78% | val_loss=0.4169 val_acc=86.20% | lr=3.000000e-06
Epoch 73/301 | train_loss=0.4141 train_acc=85.86% | val_loss=0.4149 val_acc=86.32% | lr=3.000000e-06
Saved new best model to /tmp/bow_mlp_imdb_pyop76z1.pt
Epoch 74/301 | train_loss=0.4136 train_acc=85.67% | val_loss=0.4129 val_acc=86.16% | lr=3.000000e-06
Epoch 75/301 | train_loss=0.4121 train_acc=85.91% | val_loss=0.4110 val_acc=86.22% | lr=3.000000e-06
Epoch 76/301 | train_loss=0.4080 train_acc=85.89% | val_loss=0.4091 val_acc=86.20% | lr=3.000000e-06
Epoch 77/301 | train_loss=0.4072 train_acc=86.05% | val_loss=0.4073 val_acc=86.26% | lr=3.000000e-06
Epoch 78/301 | train_loss=0.4046 train_acc=86.31% | val_loss=0.4054 val_acc=86.30% | lr=3.000000e-06
Epoch 79/301 | train_loss=0.4023 train_acc=86.23% | val_loss=0.4035 val_acc=86.28% | lr=3.000000e-06
Epoch 80/301 | train_loss=0.4011 train_acc=86.27% | val_loss=0.4018 val_acc=86.28% | lr=3.000000e-06
Epoch 81/301 | train_loss=0.4004 train_acc=85.97% | val_loss=0.4001 val_acc=86.28% | lr=3.000000e-06
Epoch 82/301 | train_loss=0.3967 train_acc=86.28% | val_loss=0.3983 val_acc=86.34% | lr=3.000000e-06
Saved new best model to /tmp/bow_mlp_imdb_pyop76z1.pt
Epoch 83/301 | train_loss=0.3955 train_acc=86.30% | val_loss=0.3968 val_acc=86.32% | lr=3.000000e-06
Epoch 84/301 | train_loss=0.3933 train_acc=86.39% | val_loss=0.3951 val_acc=86.40% | lr=3.000000e-06
Saved new best model to /tmp/bow_mlp_imdb_pyop76z1.pt
Epoch 85/301 | train_loss=0.3922 train_acc=86.28% | val_loss=0.3935 val_acc=86.38% | lr=3.000000e-06
Epoch 86/301 | train_loss=0.3889 train_acc=86.50% | val_loss=0.3919 val_acc=86.36% | lr=3.000000e-06
Epoch 87/301 | train_loss=0.3897 train_acc=86.26% | val_loss=0.3904 val_acc=86.42% | lr=3.000000e-06
Saved new best model to /tmp/bow_mlp_imdb_pyop76z1.pt
Epoch 88/301 | train_loss=0.3837 train_acc=86.97% | val_loss=0.3886 val_acc=86.52% | lr=3.000000e-06
Saved new best model to /tmp/bow_mlp_imdb_pyop76z1.pt
Epoch 89/301 | train_loss=0.3851 train_acc=86.80% | val_loss=0.3872 val_acc=86.56% | lr=3.000000e-06
Saved new best model to /tmp/bow_mlp_imdb_pyop76z1.pt
Epoch 90/301 | train_loss=0.3837 train_acc=86.59% | val_loss=0.3858 val_acc=86.60% | lr=3.000000e-06
Saved new best model to /tmp/bow_mlp_imdb_pyop76z1.pt
Epoch 91/301 | train_loss=0.3808 train_acc=86.71% | val_loss=0.3844 val_acc=86.62% | lr=3.000000e-06
Saved new best model to /tmp/bow_mlp_imdb_pyop76z1.pt
Epoch 92/301 | train_loss=0.3791 train_acc=86.94% | val_loss=0.3830 val_acc=86.68% | lr=3.000000e-06
Saved new best model to /tmp/bow_mlp_imdb_pyop76z1.pt
Epoch 93/301 | train_loss=0.3781 train_acc=87.02% | val_loss=0.3816 val_acc=86.68% | lr=3.000000e-06
Epoch 94/301 | train_loss=0.3752 train_acc=87.10% | val_loss=0.3803 val_acc=86.70% | lr=3.000000e-06
Saved new best model to /tmp/bow_mlp_imdb_pyop76z1.pt
Epoch 95/301 | train_loss=0.3739 train_acc=86.89% | val_loss=0.3788 val_acc=86.74% | lr=3.000000e-06
Saved new best model to /tmp/bow_mlp_imdb_pyop76z1.pt
Epoch 96/301 | train_loss=0.3706 train_acc=87.10% | val_loss=0.3774 val_acc=86.76% | lr=3.000000e-06
Saved new best model to /tmp/bow_mlp_imdb_pyop76z1.pt
Epoch 97/301 | train_loss=0.3705 train_acc=87.17% | val_loss=0.3760 val_acc=86.78% | lr=3.000000e-06
Saved new best model to /tmp/bow_mlp_imdb_pyop76z1.pt
Epoch 98/301 | train_loss=0.3682 train_acc=87.13% | val_loss=0.3747 val_acc=86.84% | lr=3.000000e-06
Saved new best model to /tmp/bow_mlp_imdb_pyop76z1.pt
Epoch 99/301 | train_loss=0.3661 train_acc=87.19% | val_loss=0.3734 val_acc=86.82% | lr=3.000000e-06
Epoch 100/301 | train_loss=0.3651 train_acc=87.20% | val_loss=0.3722 val_acc=86.86% | lr=3.000000e-06
Saved new best model to /tmp/bow_mlp_imdb_pyop76z1.pt
Epoch 101/301 | train_loss=0.3646 train_acc=87.23% | val_loss=0.3710 val_acc=86.96% | lr=3.000000e-06
Saved new best model to /tmp/bow_mlp_imdb_pyop76z1.pt
Epoch 102/301 | train_loss=0.3632 train_acc=87.55% | val_loss=0.3699 val_acc=86.94% | lr=3.000000e-06
Epoch 103/301 | train_loss=0.3603 train_acc=87.65% | val_loss=0.3687 val_acc=86.94% | lr=3.000000e-06
Epoch 104/301 | train_loss=0.3613 train_acc=87.69% | val_loss=0.3675 val_acc=86.94% | lr=3.000000e-06
Epoch 105/301 | train_loss=0.3603 train_acc=87.55% | val_loss=0.3664 val_acc=86.94% | lr=3.000000e-06
Epoch 106/301 | train_loss=0.3572 train_acc=87.59% | val_loss=0.3654 val_acc=87.02% | lr=3.000000e-06
Saved new best model to /tmp/bow_mlp_imdb_pyop76z1.pt
Epoch 107/301 | train_loss=0.3562 train_acc=87.59% | val_loss=0.3642 val_acc=87.02% | lr=3.000000e-06
Epoch 108/301 | train_loss=0.3547 train_acc=87.50% | val_loss=0.3632 val_acc=87.02% | lr=3.000000e-06
Epoch 109/301 | train_loss=0.3510 train_acc=87.76% | val_loss=0.3620 val_acc=87.04% | lr=3.000000e-06
Saved new best model to /tmp/bow_mlp_imdb_pyop76z1.pt
Epoch 110/301 | train_loss=0.3522 train_acc=87.79% | val_loss=0.3608 val_acc=87.04% | lr=3.000000e-06
Epoch 111/301 | train_loss=0.3504 train_acc=87.72% | val_loss=0.3599 val_acc=87.08% | lr=3.000000e-06
Saved new best model to /tmp/bow_mlp_imdb_pyop76z1.pt
Epoch 112/301 | train_loss=0.3506 train_acc=87.84% | val_loss=0.3589 val_acc=87.16% | lr=3.000000e-06
Saved new best model to /tmp/bow_mlp_imdb_pyop76z1.pt
Epoch 113/301 | train_loss=0.3455 train_acc=88.04% | val_loss=0.3579 val_acc=87.20% | lr=3.000000e-06
Saved new best model to /tmp/bow_mlp_imdb_pyop76z1.pt
Epoch 114/301 | train_loss=0.3472 train_acc=87.79% | val_loss=0.3569 val_acc=87.22% | lr=3.000000e-06
Saved new best model to /tmp/bow_mlp_imdb_pyop76z1.pt
Epoch 115/301 | train_loss=0.3451 train_acc=87.83% | val_loss=0.3560 val_acc=87.22% | lr=3.000000e-06
Epoch 116/301 | train_loss=0.3433 train_acc=88.09% | val_loss=0.3550 val_acc=87.30% | lr=3.000000e-06
Saved new best model to /tmp/bow_mlp_imdb_pyop76z1.pt
Epoch 117/301 | train_loss=0.3420 train_acc=87.91% | val_loss=0.3541 val_acc=87.34% | lr=3.000000e-06
Saved new best model to /tmp/bow_mlp_imdb_pyop76z1.pt
Epoch 118/301 | train_loss=0.3417 train_acc=88.13% | val_loss=0.3532 val_acc=87.36% | lr=3.000000e-06
Saved new best model to /tmp/bow_mlp_imdb_pyop76z1.pt
Epoch 119/301 | train_loss=0.3406 train_acc=88.15% | val_loss=0.3523 val_acc=87.40% | lr=3.000000e-06
Saved new best model to /tmp/bow_mlp_imdb_pyop76z1.pt
Epoch 120/301 | train_loss=0.3412 train_acc=88.05% | val_loss=0.3515 val_acc=87.28% | lr=3.000000e-06
Epoch 121/301 | train_loss=0.3378 train_acc=88.15% | val_loss=0.3506 val_acc=87.30% | lr=3.000000e-06
Epoch 122/301 | train_loss=0.3374 train_acc=88.19% | val_loss=0.3498 val_acc=87.40% | lr=3.000000e-06
Epoch 123/301 | train_loss=0.3347 train_acc=88.30% | val_loss=0.3489 val_acc=87.36% | lr=3.000000e-06
Epoch 124/301 | train_loss=0.3333 train_acc=88.52% | val_loss=0.3479 val_acc=87.36% | lr=3.000000e-06
Epoch 125/301 | train_loss=0.3322 train_acc=88.48% | val_loss=0.3471 val_acc=87.38% | lr=3.000000e-06
Epoch 126/301 | train_loss=0.3299 train_acc=88.56% | val_loss=0.3461 val_acc=87.46% | lr=3.000000e-06
Saved new best model to /tmp/bow_mlp_imdb_pyop76z1.pt
Epoch 127/301 | train_loss=0.3307 train_acc=88.27% | val_loss=0.3453 val_acc=87.44% | lr=3.000000e-06
Epoch 128/301 | train_loss=0.3312 train_acc=88.52% | val_loss=0.3445 val_acc=87.46% | lr=3.000000e-06
Epoch 129/301 | train_loss=0.3277 train_acc=88.40% | val_loss=0.3437 val_acc=87.48% | lr=3.000000e-06
Saved new best model to /tmp/bow_mlp_imdb_pyop76z1.pt
Epoch 130/301 | train_loss=0.3276 train_acc=88.39% | val_loss=0.3430 val_acc=87.42% | lr=3.000000e-06
Epoch 131/301 | train_loss=0.3272 train_acc=88.55% | val_loss=0.3424 val_acc=87.54% | lr=3.000000e-06
Saved new best model to /tmp/bow_mlp_imdb_pyop76z1.pt
Epoch 132/301 | train_loss=0.3244 train_acc=88.63% | val_loss=0.3415 val_acc=87.52% | lr=3.000000e-06
Epoch 133/301 | train_loss=0.3235 train_acc=88.57% | val_loss=0.3408 val_acc=87.52% | lr=3.000000e-06
Epoch 134/301 | train_loss=0.3225 train_acc=88.56% | val_loss=0.3400 val_acc=87.48% | lr=3.000000e-06
Epoch 135/301 | train_loss=0.3213 train_acc=88.81% | val_loss=0.3393 val_acc=87.54% | lr=3.000000e-06
Epoch 136/301 | train_loss=0.3215 train_acc=88.81% | val_loss=0.3386 val_acc=87.54% | lr=3.000000e-06
Epoch 137/301 | train_loss=0.3228 train_acc=88.84% | val_loss=0.3380 val_acc=87.56% | lr=3.000000e-06
Saved new best model to /tmp/bow_mlp_imdb_pyop76z1.pt
Epoch 138/301 | train_loss=0.3186 train_acc=88.87% | val_loss=0.3372 val_acc=87.52% | lr=3.000000e-06
Epoch 139/301 | train_loss=0.3175 train_acc=89.00% | val_loss=0.3365 val_acc=87.56% | lr=3.000000e-06
Epoch 140/301 | train_loss=0.3157 train_acc=88.91% | val_loss=0.3358 val_acc=87.56% | lr=3.000000e-06
Epoch 141/301 | train_loss=0.3172 train_acc=88.81% | val_loss=0.3351 val_acc=87.68% | lr=3.000000e-06
Saved new best model to /tmp/bow_mlp_imdb_pyop76z1.pt
Epoch 142/301 | train_loss=0.3154 train_acc=88.88% | val_loss=0.3346 val_acc=87.64% | lr=3.000000e-06
Epoch 143/301 | train_loss=0.3135 train_acc=89.28% | val_loss=0.3339 val_acc=87.62% | lr=3.000000e-06
Epoch 144/301 | train_loss=0.3124 train_acc=89.05% | val_loss=0.3333 val_acc=87.68% | lr=3.000000e-06
Epoch 145/301 | train_loss=0.3116 train_acc=89.18% | val_loss=0.3326 val_acc=87.64% | lr=3.000000e-06
Epoch 146/301 | train_loss=0.3109 train_acc=89.20% | val_loss=0.3319 val_acc=87.72% | lr=3.000000e-06
Saved new best model to /tmp/bow_mlp_imdb_pyop76z1.pt
Epoch 147/301 | train_loss=0.3095 train_acc=89.02% | val_loss=0.3314 val_acc=87.68% | lr=3.000000e-06
Epoch 148/301 | train_loss=0.3095 train_acc=89.13% | val_loss=0.3308 val_acc=87.76% | lr=3.000000e-06
Saved new best model to /tmp/bow_mlp_imdb_pyop76z1.pt
Epoch 149/301 | train_loss=0.3055 train_acc=89.50% | val_loss=0.3301 val_acc=87.74% | lr=3.000000e-06
Epoch 150/301 | train_loss=0.3076 train_acc=89.23% | val_loss=0.3296 val_acc=87.78% | lr=3.000000e-06
Saved new best model to /tmp/bow_mlp_imdb_pyop76z1.pt
Epoch 151/301 | train_loss=0.3060 train_acc=89.44% | val_loss=0.3290 val_acc=87.86% | lr=3.000000e-06
Saved new best model to /tmp/bow_mlp_imdb_pyop76z1.pt
Epoch 152/301 | train_loss=0.3035 train_acc=89.46% | val_loss=0.3283 val_acc=87.86% | lr=3.000000e-06
Epoch 153/301 | train_loss=0.3043 train_acc=89.44% | val_loss=0.3278 val_acc=87.94% | lr=3.000000e-06
Saved new best model to /tmp/bow_mlp_imdb_pyop76z1.pt
Epoch 154/301 | train_loss=0.3021 train_acc=89.33% | val_loss=0.3273 val_acc=87.92% | lr=3.000000e-06
Epoch 155/301 | train_loss=0.3015 train_acc=89.42% | val_loss=0.3268 val_acc=87.90% | lr=3.000000e-06
Epoch 156/301 | train_loss=0.3014 train_acc=89.54% | val_loss=0.3261 val_acc=87.96% | lr=3.000000e-06
Saved new best model to /tmp/bow_mlp_imdb_pyop76z1.pt
Epoch 157/301 | train_loss=0.2994 train_acc=89.59% | val_loss=0.3256 val_acc=87.92% | lr=3.000000e-06
Epoch 158/301 | train_loss=0.2999 train_acc=89.46% | val_loss=0.3251 val_acc=87.94% | lr=3.000000e-06
Epoch 159/301 | train_loss=0.2977 train_acc=89.54% | val_loss=0.3245 val_acc=87.92% | lr=3.000000e-06
Epoch 160/301 | train_loss=0.2971 train_acc=89.77% | val_loss=0.3241 val_acc=87.92% | lr=3.000000e-06
Epoch 161/301 | train_loss=0.2984 train_acc=89.42% | val_loss=0.3236 val_acc=87.96% | lr=3.000000e-06
Epoch 162/301 | train_loss=0.2963 train_acc=89.64% | val_loss=0.3231 val_acc=87.88% | lr=3.000000e-06
Epoch 163/301 | train_loss=0.2945 train_acc=89.72% | val_loss=0.3226 val_acc=87.94% | lr=3.000000e-06
Epoch 164/301 | train_loss=0.2972 train_acc=89.48% | val_loss=0.3222 val_acc=87.96% | lr=3.000000e-06
Epoch 165/301 | train_loss=0.2942 train_acc=89.69% | val_loss=0.3217 val_acc=88.02% | lr=3.000000e-06
Saved new best model to /tmp/bow_mlp_imdb_pyop76z1.pt
Epoch 166/301 | train_loss=0.2927 train_acc=89.74% | val_loss=0.3212 val_acc=88.02% | lr=3.000000e-06
Epoch 167/301 | train_loss=0.2917 train_acc=89.87% | val_loss=0.3207 val_acc=88.00% | lr=3.000000e-06
Epoch 168/301 | train_loss=0.2925 train_acc=89.74% | val_loss=0.3203 val_acc=88.02% | lr=3.000000e-06
Epoch 169/301 | train_loss=0.2907 train_acc=89.59% | val_loss=0.3198 val_acc=88.02% | lr=3.000000e-06
Epoch 170/301 | train_loss=0.2928 train_acc=89.62% | val_loss=0.3195 val_acc=88.08% | lr=3.000000e-06
Saved new best model to /tmp/bow_mlp_imdb_pyop76z1.pt
Epoch 171/301 | train_loss=0.2892 train_acc=89.91% | val_loss=0.3191 val_acc=88.08% | lr=3.000000e-06
Epoch 172/301 | train_loss=0.2889 train_acc=89.89% | val_loss=0.3186 val_acc=88.10% | lr=3.000000e-06
Saved new best model to /tmp/bow_mlp_imdb_pyop76z1.pt
Epoch 173/301 | train_loss=0.2885 train_acc=89.98% | val_loss=0.3182 val_acc=88.12% | lr=3.000000e-06
Saved new best model to /tmp/bow_mlp_imdb_pyop76z1.pt
Epoch 174/301 | train_loss=0.2853 train_acc=89.97% | val_loss=0.3177 val_acc=88.10% | lr=3.000000e-06
Epoch 175/301 | train_loss=0.2855 train_acc=89.88% | val_loss=0.3172 val_acc=88.06% | lr=3.000000e-06
Epoch 176/301 | train_loss=0.2851 train_acc=90.15% | val_loss=0.3168 val_acc=88.12% | lr=3.000000e-06
Epoch 177/301 | train_loss=0.2818 train_acc=90.09% | val_loss=0.3163 val_acc=88.04% | lr=3.000000e-06
Epoch 178/301 | train_loss=0.2820 train_acc=90.00% | val_loss=0.3159 val_acc=88.04% | lr=3.000000e-06
Epoch 179/301 | train_loss=0.2811 train_acc=90.01% | val_loss=0.3155 val_acc=88.04% | lr=3.000000e-06
Epoch 180/301 | train_loss=0.2812 train_acc=90.14% | val_loss=0.3152 val_acc=88.08% | lr=3.000000e-06
Epoch 181/301 | train_loss=0.2831 train_acc=90.00% | val_loss=0.3148 val_acc=88.00% | lr=3.000000e-06
Epoch 182/301 | train_loss=0.2802 train_acc=90.03% | val_loss=0.3144 val_acc=88.02% | lr=3.000000e-06
Epoch 183/301 | train_loss=0.2796 train_acc=90.28% | val_loss=0.3140 val_acc=88.08% | lr=3.000000e-06
Epoch 184/301 | train_loss=0.2814 train_acc=90.20% | val_loss=0.3138 val_acc=88.10% | lr=3.000000e-06
Epoch 185/301 | train_loss=0.2801 train_acc=90.16% | val_loss=0.3134 val_acc=88.10% | lr=3.000000e-06
Epoch 186/301 | train_loss=0.2771 train_acc=90.33% | val_loss=0.3129 val_acc=88.08% | lr=3.000000e-06
Epoch 187/301 | train_loss=0.2766 train_acc=90.23% | val_loss=0.3126 val_acc=88.08% | lr=3.000000e-06
Epoch 188/301 | train_loss=0.2770 train_acc=90.12% | val_loss=0.3122 val_acc=88.06% | lr=3.000000e-06
Epoch 189/301 | train_loss=0.2748 train_acc=90.30% | val_loss=0.3119 val_acc=88.10% | lr=3.000000e-06
Epoch 190/301 | train_loss=0.2747 train_acc=90.33% | val_loss=0.3116 val_acc=88.08% | lr=3.000000e-06
Epoch 191/301 | train_loss=0.2724 train_acc=90.42% | val_loss=0.3111 val_acc=88.04% | lr=3.000000e-06
Epoch 192/301 | train_loss=0.2743 train_acc=90.35% | val_loss=0.3109 val_acc=88.14% | lr=3.000000e-06
Saved new best model to /tmp/bow_mlp_imdb_pyop76z1.pt
Epoch 193/301 | train_loss=0.2732 train_acc=90.28% | val_loss=0.3105 val_acc=88.10% | lr=3.000000e-06
Epoch 194/301 | train_loss=0.2714 train_acc=90.34% | val_loss=0.3102 val_acc=88.06% | lr=3.000000e-06
Epoch 195/301 | train_loss=0.2721 train_acc=90.52% | val_loss=0.3099 val_acc=88.08% | lr=3.000000e-06
Epoch 196/301 | train_loss=0.2692 train_acc=90.59% | val_loss=0.3096 val_acc=88.12% | lr=3.000000e-06
Epoch 197/301 | train_loss=0.2695 train_acc=90.64% | val_loss=0.3092 val_acc=88.10% | lr=3.000000e-06
Epoch 198/301 | train_loss=0.2692 train_acc=90.52% | val_loss=0.3089 val_acc=88.14% | lr=3.000000e-06
Epoch 199/301 | train_loss=0.2684 train_acc=90.66% | val_loss=0.3086 val_acc=88.16% | lr=3.000000e-06
Saved new best model to /tmp/bow_mlp_imdb_pyop76z1.pt
Epoch 200/301 | train_loss=0.2711 train_acc=90.48% | val_loss=0.3084 val_acc=88.18% | lr=3.000000e-06
Saved new best model to /tmp/bow_mlp_imdb_pyop76z1.pt
Epoch 201/301 | train_loss=0.2668 train_acc=90.88% | val_loss=0.3081 val_acc=88.20% | lr=3.000000e-06
Saved new best model to /tmp/bow_mlp_imdb_pyop76z1.pt
Epoch 202/301 | train_loss=0.2677 train_acc=90.61% | val_loss=0.3078 val_acc=88.22% | lr=3.000000e-06
Saved new best model to /tmp/bow_mlp_imdb_pyop76z1.pt
Epoch 203/301 | train_loss=0.2655 train_acc=90.61% | val_loss=0.3075 val_acc=88.24% | lr=3.000000e-06
Saved new best model to /tmp/bow_mlp_imdb_pyop76z1.pt
Epoch 204/301 | train_loss=0.2655 train_acc=90.72% | val_loss=0.3072 val_acc=88.24% | lr=3.000000e-06
Epoch 205/301 | train_loss=0.2650 train_acc=90.75% | val_loss=0.3070 val_acc=88.26% | lr=3.000000e-06
Saved new best model to /tmp/bow_mlp_imdb_pyop76z1.pt
Epoch 206/301 | train_loss=0.2639 train_acc=90.72% | val_loss=0.3067 val_acc=88.28% | lr=3.000000e-06
Saved new best model to /tmp/bow_mlp_imdb_pyop76z1.pt
Epoch 207/301 | train_loss=0.2628 train_acc=90.70% | val_loss=0.3064 val_acc=88.24% | lr=3.000000e-06
Epoch 208/301 | train_loss=0.2618 train_acc=90.77% | val_loss=0.3061 val_acc=88.28% | lr=3.000000e-06
Epoch 209/301 | train_loss=0.2634 train_acc=90.81% | val_loss=0.3058 val_acc=88.28% | lr=3.000000e-06
Epoch 210/301 | train_loss=0.2618 train_acc=90.84% | val_loss=0.3056 val_acc=88.30% | lr=3.000000e-06
Saved new best model to /tmp/bow_mlp_imdb_pyop76z1.pt
Epoch 211/301 | train_loss=0.2599 train_acc=90.67% | val_loss=0.3053 val_acc=88.30% | lr=3.000000e-06
Epoch 212/301 | train_loss=0.2604 train_acc=90.85% | val_loss=0.3051 val_acc=88.32% | lr=3.000000e-06
Saved new best model to /tmp/bow_mlp_imdb_pyop76z1.pt
Epoch 213/301 | train_loss=0.2603 train_acc=90.88% | val_loss=0.3048 val_acc=88.28% | lr=3.000000e-06
Epoch 214/301 | train_loss=0.2594 train_acc=90.72% | val_loss=0.3046 val_acc=88.30% | lr=3.000000e-06
Epoch 215/301 | train_loss=0.2586 train_acc=90.81% | val_loss=0.3045 val_acc=88.30% | lr=3.000000e-06
Epoch 216/301 | train_loss=0.2571 train_acc=90.81% | val_loss=0.3041 val_acc=88.32% | lr=3.000000e-06
Epoch 217/301 | train_loss=0.2570 train_acc=91.00% | val_loss=0.3039 val_acc=88.38% | lr=3.000000e-06
Saved new best model to /tmp/bow_mlp_imdb_pyop76z1.pt
Epoch 218/301 | train_loss=0.2549 train_acc=91.07% | val_loss=0.3036 val_acc=88.34% | lr=3.000000e-06
Epoch 219/301 | train_loss=0.2545 train_acc=91.19% | val_loss=0.3034 val_acc=88.34% | lr=3.000000e-06
Epoch 220/301 | train_loss=0.2548 train_acc=91.08% | val_loss=0.3032 val_acc=88.36% | lr=3.000000e-06
Epoch 221/301 | train_loss=0.2545 train_acc=91.12% | val_loss=0.3029 val_acc=88.32% | lr=3.000000e-06
Epoch 222/301 | train_loss=0.2535 train_acc=91.15% | val_loss=0.3027 val_acc=88.30% | lr=3.000000e-06
Epoch 223/301 | train_loss=0.2553 train_acc=90.87% | val_loss=0.3025 val_acc=88.32% | lr=3.000000e-06
Epoch 224/301 | train_loss=0.2559 train_acc=91.09% | val_loss=0.3024 val_acc=88.34% | lr=3.000000e-06
Epoch 225/301 | train_loss=0.2516 train_acc=91.09% | val_loss=0.3022 val_acc=88.34% | lr=3.000000e-06
Epoch 226/301 | train_loss=0.2522 train_acc=90.97% | val_loss=0.3020 val_acc=88.32% | lr=3.000000e-06
Epoch 227/301 | train_loss=0.2504 train_acc=91.27% | val_loss=0.3017 val_acc=88.34% | lr=3.000000e-06
Epoch 228/301 | train_loss=0.2502 train_acc=91.22% | val_loss=0.3015 val_acc=88.34% | lr=3.000000e-06
Epoch 229/301 | train_loss=0.2502 train_acc=91.14% | val_loss=0.3014 val_acc=88.36% | lr=3.000000e-06
Epoch 230/301 | train_loss=0.2493 train_acc=91.34% | val_loss=0.3011 val_acc=88.40% | lr=3.000000e-06
Saved new best model to /tmp/bow_mlp_imdb_pyop76z1.pt
Epoch 231/301 | train_loss=0.2496 train_acc=91.22% | val_loss=0.3010 val_acc=88.32% | lr=3.000000e-06
Epoch 232/301 | train_loss=0.2492 train_acc=91.18% | val_loss=0.3007 val_acc=88.38% | lr=3.000000e-06
Epoch 233/301 | train_loss=0.2486 train_acc=91.25% | val_loss=0.3006 val_acc=88.36% | lr=3.000000e-06
Epoch 234/301 | train_loss=0.2467 train_acc=91.20% | val_loss=0.3004 val_acc=88.38% | lr=3.000000e-06
Epoch 235/301 | train_loss=0.2483 train_acc=91.31% | val_loss=0.3002 val_acc=88.30% | lr=3.000000e-06
Epoch 236/301 | train_loss=0.2472 train_acc=91.38% | val_loss=0.3001 val_acc=88.32% | lr=3.000000e-06
Epoch 237/301 | train_loss=0.2445 train_acc=91.41% | val_loss=0.2998 val_acc=88.32% | lr=3.000000e-06
Epoch 238/301 | train_loss=0.2450 train_acc=91.20% | val_loss=0.2997 val_acc=88.28% | lr=3.000000e-06
Epoch 239/301 | train_loss=0.2433 train_acc=91.61% | val_loss=0.2995 val_acc=88.30% | lr=3.000000e-06
Epoch 240/301 | train_loss=0.2428 train_acc=91.42% | val_loss=0.2993 val_acc=88.28% | lr=3.000000e-06
Epoch 241/301 | train_loss=0.2427 train_acc=91.48% | val_loss=0.2991 val_acc=88.28% | lr=3.000000e-06
Epoch 242/301 | train_loss=0.2433 train_acc=91.43% | val_loss=0.2990 val_acc=88.26% | lr=3.000000e-06
Epoch 243/301 | train_loss=0.2416 train_acc=91.69% | val_loss=0.2989 val_acc=88.24% | lr=3.000000e-06
Epoch 244/301 | train_loss=0.2417 train_acc=91.49% | val_loss=0.2987 val_acc=88.22% | lr=3.000000e-06
Epoch 245/301 | train_loss=0.2400 train_acc=91.55% | val_loss=0.2985 val_acc=88.24% | lr=3.000000e-06
Epoch 246/301 | train_loss=0.2407 train_acc=91.59% | val_loss=0.2984 val_acc=88.26% | lr=3.000000e-06
Epoch 247/301 | train_loss=0.2416 train_acc=91.55% | val_loss=0.2983 val_acc=88.28% | lr=3.000000e-06
Epoch 248/301 | train_loss=0.2392 train_acc=91.53% | val_loss=0.2981 val_acc=88.28% | lr=3.000000e-06
Epoch 249/301 | train_loss=0.2376 train_acc=91.57% | val_loss=0.2979 val_acc=88.28% | lr=3.000000e-06
Epoch 250/301 | train_loss=0.2383 train_acc=91.63% | val_loss=0.2978 val_acc=88.32% | lr=3.000000e-06
Epoch 251/301 | train_loss=0.2378 train_acc=91.62% | val_loss=0.2977 val_acc=88.30% | lr=3.000000e-06
Epoch 252/301 | train_loss=0.2371 train_acc=91.70% | val_loss=0.2975 val_acc=88.32% | lr=3.000000e-06
Epoch 253/301 | train_loss=0.2364 train_acc=91.72% | val_loss=0.2973 val_acc=88.30% | lr=3.000000e-06
Epoch 254/301 | train_loss=0.2367 train_acc=91.70% | val_loss=0.2973 val_acc=88.28% | lr=3.000000e-06
Epoch 255/301 | train_loss=0.2382 train_acc=91.62% | val_loss=0.2972 val_acc=88.26% | lr=3.000000e-06
Epoch 256/301 | train_loss=0.2334 train_acc=91.92% | val_loss=0.2970 val_acc=88.26% | lr=3.000000e-06
Epoch 257/301 | train_loss=0.2360 train_acc=91.61% | val_loss=0.2969 val_acc=88.24% | lr=3.000000e-06
Epoch 258/301 | train_loss=0.2351 train_acc=91.88% | val_loss=0.2968 val_acc=88.26% | lr=3.000000e-06
Epoch 259/301 | train_loss=0.2350 train_acc=91.67% | val_loss=0.2967 val_acc=88.28% | lr=3.000000e-06
Epoch 260/301 | train_loss=0.2346 train_acc=91.69% | val_loss=0.2966 val_acc=88.28% | lr=3.000000e-06
Epoch 261/301 | train_loss=0.2322 train_acc=92.02% | val_loss=0.2965 val_acc=88.22% | lr=3.000000e-06
Epoch 262/301 | train_loss=0.2320 train_acc=91.82% | val_loss=0.2963 val_acc=88.22% | lr=3.000000e-06
Epoch 263/301 | train_loss=0.2326 train_acc=91.85% | val_loss=0.2963 val_acc=88.24% | lr=3.000000e-06
Epoch 264/301 | train_loss=0.2318 train_acc=91.79% | val_loss=0.2961 val_acc=88.20% | lr=3.000000e-06
Epoch 265/301 | train_loss=0.2311 train_acc=91.82% | val_loss=0.2960 val_acc=88.22% | lr=3.000000e-06
Epoch 266/301 | train_loss=0.2298 train_acc=92.02% | val_loss=0.2959 val_acc=88.26% | lr=3.000000e-06
Epoch 267/301 | train_loss=0.2309 train_acc=91.98% | val_loss=0.2957 val_acc=88.26% | lr=3.000000e-06
Epoch 268/301 | train_loss=0.2282 train_acc=91.88% | val_loss=0.2956 val_acc=88.32% | lr=3.000000e-06
Epoch 269/301 | train_loss=0.2287 train_acc=91.94% | val_loss=0.2955 val_acc=88.32% | lr=3.000000e-06
Epoch 270/301 | train_loss=0.2268 train_acc=91.89% | val_loss=0.2954 val_acc=88.34% | lr=3.000000e-06
Epoch 271/301 | train_loss=0.2267 train_acc=91.95% | val_loss=0.2953 val_acc=88.36% | lr=3.000000e-06
Epoch 272/301 | train_loss=0.2282 train_acc=91.92% | val_loss=0.2953 val_acc=88.24% | lr=3.000000e-06
Epoch 273/301 | train_loss=0.2270 train_acc=92.08% | val_loss=0.2951 val_acc=88.24% | lr=3.000000e-06
Epoch 274/301 | train_loss=0.2256 train_acc=92.01% | val_loss=0.2951 val_acc=88.22% | lr=3.000000e-06
Epoch 275/301 | train_loss=0.2265 train_acc=92.05% | val_loss=0.2949 val_acc=88.24% | lr=3.000000e-06
Epoch 276/301 | train_loss=0.2242 train_acc=92.14% | val_loss=0.2949 val_acc=88.20% | lr=3.000000e-06
Epoch 277/301 | train_loss=0.2259 train_acc=92.02% | val_loss=0.2948 val_acc=88.34% | lr=3.000000e-06
Epoch 278/301 | train_loss=0.2270 train_acc=92.01% | val_loss=0.2947 val_acc=88.32% | lr=3.000000e-06
Epoch 279/301 | train_loss=0.2242 train_acc=92.14% | val_loss=0.2946 val_acc=88.36% | lr=3.000000e-06
Epoch 280/301 | train_loss=0.2245 train_acc=91.97% | val_loss=0.2945 val_acc=88.34% | lr=3.000000e-06
Epoch 281/301 | train_loss=0.2252 train_acc=92.05% | val_loss=0.2945 val_acc=88.28% | lr=3.000000e-06
Epoch 282/301 | train_loss=0.2228 train_acc=92.20% | val_loss=0.2944 val_acc=88.28% | lr=3.000000e-06
Epoch 283/301 | train_loss=0.2219 train_acc=92.38% | val_loss=0.2943 val_acc=88.32% | lr=3.000000e-06
Epoch 284/301 | train_loss=0.2220 train_acc=92.30% | val_loss=0.2942 val_acc=88.36% | lr=3.000000e-06
Epoch 285/301 | train_loss=0.2210 train_acc=92.27% | val_loss=0.2942 val_acc=88.32% | lr=3.000000e-06
Epoch 286/301 | train_loss=0.2201 train_acc=92.22% | val_loss=0.2941 val_acc=88.34% | lr=3.000000e-06
Epoch 287/301 | train_loss=0.2213 train_acc=92.22% | val_loss=0.2940 val_acc=88.32% | lr=3.000000e-06
Epoch 288/301 | train_loss=0.2211 train_acc=92.03% | val_loss=0.2939 val_acc=88.34% | lr=3.000000e-06
Epoch 289/301 | train_loss=0.2192 train_acc=92.51% | val_loss=0.2939 val_acc=88.32% | lr=3.000000e-06
Epoch 290/301 | train_loss=0.2207 train_acc=92.16% | val_loss=0.2939 val_acc=88.32% | lr=3.000000e-06
Epoch 291/301 | train_loss=0.2205 train_acc=92.34% | val_loss=0.2938 val_acc=88.28% | lr=3.000000e-06
Epoch 292/301 | train_loss=0.2195 train_acc=92.27% | val_loss=0.2937 val_acc=88.30% | lr=3.000000e-06
Epoch 293/301 | train_loss=0.2183 train_acc=92.18% | val_loss=0.2937 val_acc=88.34% | lr=3.000000e-06
Epoch 294/301 | train_loss=0.2158 train_acc=92.38% | val_loss=0.2936 val_acc=88.32% | lr=3.000000e-06
Epoch 295/301 | train_loss=0.2169 train_acc=92.39% | val_loss=0.2935 val_acc=88.32% | lr=3.000000e-06
Epoch 296/301 | train_loss=0.2165 train_acc=92.33% | val_loss=0.2935 val_acc=88.32% | lr=3.000000e-06
Epoch 297/301 | train_loss=0.2167 train_acc=92.43% | val_loss=0.2935 val_acc=88.34% | lr=3.000000e-06
Epoch 298/301 | train_loss=0.2131 train_acc=92.53% | val_loss=0.2934 val_acc=88.32% | lr=3.000000e-06
Epoch 299/301 | train_loss=0.2144 train_acc=92.27% | val_loss=0.2933 val_acc=88.34% | lr=3.000000e-06
Epoch 300/301 | train_loss=0.2156 train_acc=92.53% | val_loss=0.2933 val_acc=88.30% | lr=3.000000e-06
Epoch 301/301 | train_loss=0.2128 train_acc=92.59% | val_loss=0.2932 val_acc=88.38% | lr=3.000000e-06
Epoch 302/301 | train_loss=0.2129 train_acc=92.40% | val_loss=0.2932 val_acc=88.38% | lr=3.000000e-06
Epoch 303/301 | train_loss=0.2125 train_acc=92.46% | val_loss=0.2932 val_acc=88.34% | lr=3.000000e-06
Epoch 304/301 | train_loss=0.2140 train_acc=92.36% | val_loss=0.2931 val_acc=88.36% | lr=3.000000e-06
Epoch 305/301 | train_loss=0.2119 train_acc=92.52% | val_loss=0.2931 val_acc=88.38% | lr=3.000000e-06
Epoch 306/301 | train_loss=0.2124 train_acc=92.52% | val_loss=0.2931 val_acc=88.38% | lr=3.000000e-06
Epoch 307/301 | train_loss=0.2127 train_acc=92.33% | val_loss=0.2930 val_acc=88.36% | lr=3.000000e-06
Epoch 308/301 | train_loss=0.2085 train_acc=92.69% | val_loss=0.2930 val_acc=88.40% | lr=3.000000e-06
Epoch 309/301 | train_loss=0.2113 train_acc=92.55% | val_loss=0.2929 val_acc=88.38% | lr=3.000000e-06
Epoch 310/301 | train_loss=0.2130 train_acc=92.58% | val_loss=0.2929 val_acc=88.38% | lr=3.000000e-06
Epoch 311/301 | train_loss=0.2099 train_acc=92.70% | val_loss=0.2929 val_acc=88.38% | lr=3.000000e-06
Epoch 312/301 | train_loss=0.2085 train_acc=92.70% | val_loss=0.2928 val_acc=88.44% | lr=3.000000e-06
Saved new best model to /tmp/bow_mlp_imdb_pyop76z1.pt
Epoch 313/301 | train_loss=0.2103 train_acc=92.58% | val_loss=0.2929 val_acc=88.40% | lr=3.000000e-06
Epoch 314/301 | train_loss=0.2078 train_acc=92.68% | val_loss=0.2929 val_acc=88.42% | lr=3.000000e-06
Epoch 315/301 | train_loss=0.2079 train_acc=92.75% | val_loss=0.2929 val_acc=88.42% | lr=3.000000e-06
Epoch 316/301 | train_loss=0.2099 train_acc=92.59% | val_loss=0.2928 val_acc=88.42% | lr=3.000000e-06
Epoch 317/301 | train_loss=0.2078 train_acc=92.83% | val_loss=0.2928 val_acc=88.42% | lr=3.000000e-06
Epoch 318/301 | train_loss=0.2067 train_acc=92.83% | val_loss=0.2928 val_acc=88.40% | lr=3.000000e-06
Epoch 319/301 | train_loss=0.2073 train_acc=92.90% | val_loss=0.2928 val_acc=88.44% | lr=3.000000e-06
Epoch 320/301 | train_loss=0.2063 train_acc=92.72% | val_loss=0.2928 val_acc=88.42% | lr=3.000000e-06
Epoch 321/301 | train_loss=0.2036 train_acc=92.80% | val_loss=0.2928 val_acc=88.44% | lr=3.000000e-06
Epoch 322/301 | train_loss=0.2054 train_acc=92.75% | val_loss=0.2928 val_acc=88.48% | lr=3.000000e-06
Saved new best model to /tmp/bow_mlp_imdb_pyop76z1.pt
Epoch 323/301 | train_loss=0.2037 train_acc=92.79% | val_loss=0.2928 val_acc=88.44% | lr=3.000000e-06
Epoch 324/301 | train_loss=0.2025 train_acc=92.95% | val_loss=0.2928 val_acc=88.48% | lr=3.000000e-06
Epoch 325/301 | train_loss=0.2067 train_acc=92.81% | val_loss=0.2927 val_acc=88.48% | lr=3.000000e-06
Epoch 326/301 | train_loss=0.2033 train_acc=93.01% | val_loss=0.2927 val_acc=88.46% | lr=3.000000e-06
Epoch 327/301 | train_loss=0.2026 train_acc=92.83% | val_loss=0.2928 val_acc=88.46% | lr=3.000000e-06
Epoch 328/301 | train_loss=0.2020 train_acc=92.94% | val_loss=0.2927 val_acc=88.50% | lr=3.000000e-06
Saved new best model to /tmp/bow_mlp_imdb_pyop76z1.pt
Epoch 329/301 | train_loss=0.2032 train_acc=93.02% | val_loss=0.2928 val_acc=88.46% | lr=3.000000e-06
Epoch 330/301 | train_loss=0.2010 train_acc=92.97% | val_loss=0.2928 val_acc=88.44% | lr=3.000000e-06
Epoch 331/301 | train_loss=0.2004 train_acc=92.98% | val_loss=0.2928 val_acc=88.44% | lr=3.000000e-06
Epoch 332/301 | train_loss=0.2014 train_acc=92.79% | val_loss=0.2928 val_acc=88.48% | lr=3.000000e-06
Epoch 333/301 | train_loss=0.2021 train_acc=92.96% | val_loss=0.2928 val_acc=88.48% | lr=3.000000e-06
Epoch 334/301 | train_loss=0.1981 train_acc=93.16% | val_loss=0.2928 val_acc=88.46% | lr=3.000000e-06
Validation loss has not improved for 8 epochs. Stopping training.
Test loss=0.3027 | Test accuracy=87.82%
