Loading IMDb dataset from local disk: /home/daniel/l/masteruppsats/np-reg/language/data/imdb_hf
Using device: cuda
BoW vocab size: 6250
Epoch 1/301 | train_loss=0.6462 train_acc=66.53% | val_loss=0.5902 val_acc=76.90% | lr=3.000000e-05
Saved new best model to /tmp/bow_mlp_imdb_d2zxm1n1.pt
Epoch 2/301 | train_loss=0.5382 train_acc=81.19% | val_loss=0.4940 val_acc=84.24% | lr=3.000000e-05
Saved new best model to /tmp/bow_mlp_imdb_d2zxm1n1.pt
Epoch 3/301 | train_loss=0.4554 train_acc=85.06% | val_loss=0.4302 val_acc=86.08% | lr=3.000000e-05
Saved new best model to /tmp/bow_mlp_imdb_d2zxm1n1.pt
Epoch 4/301 | train_loss=0.3980 train_acc=86.74% | val_loss=0.3901 val_acc=86.56% | lr=3.000000e-05
Saved new best model to /tmp/bow_mlp_imdb_d2zxm1n1.pt
Epoch 5/301 | train_loss=0.3614 train_acc=87.59% | val_loss=0.3637 val_acc=86.86% | lr=3.000000e-05
Saved new best model to /tmp/bow_mlp_imdb_d2zxm1n1.pt
Epoch 6/301 | train_loss=0.3349 train_acc=88.46% | val_loss=0.3454 val_acc=87.38% | lr=3.000000e-05
Saved new best model to /tmp/bow_mlp_imdb_d2zxm1n1.pt
Epoch 7/301 | train_loss=0.3115 train_acc=89.14% | val_loss=0.3332 val_acc=87.70% | lr=3.000000e-05
Saved new best model to /tmp/bow_mlp_imdb_d2zxm1n1.pt
Epoch 8/301 | train_loss=0.2940 train_acc=89.79% | val_loss=0.3220 val_acc=87.96% | lr=3.000000e-05
Saved new best model to /tmp/bow_mlp_imdb_d2zxm1n1.pt
Epoch 9/301 | train_loss=0.2801 train_acc=90.16% | val_loss=0.3147 val_acc=88.02% | lr=3.000000e-05
Saved new best model to /tmp/bow_mlp_imdb_d2zxm1n1.pt
Epoch 10/301 | train_loss=0.2663 train_acc=90.58% | val_loss=0.3082 val_acc=88.22% | lr=3.000000e-05
Saved new best model to /tmp/bow_mlp_imdb_d2zxm1n1.pt
Epoch 11/301 | train_loss=0.2565 train_acc=90.94% | val_loss=0.3038 val_acc=88.22% | lr=3.000000e-05
Epoch 12/301 | train_loss=0.2454 train_acc=91.25% | val_loss=0.3001 val_acc=88.36% | lr=3.000000e-05
Saved new best model to /tmp/bow_mlp_imdb_d2zxm1n1.pt
Epoch 13/301 | train_loss=0.2353 train_acc=91.64% | val_loss=0.2974 val_acc=88.32% | lr=3.000000e-05
Epoch 14/301 | train_loss=0.2278 train_acc=91.92% | val_loss=0.2958 val_acc=88.40% | lr=3.000000e-05
Saved new best model to /tmp/bow_mlp_imdb_d2zxm1n1.pt
Epoch 15/301 | train_loss=0.2196 train_acc=92.10% | val_loss=0.2947 val_acc=88.42% | lr=3.000000e-05
Saved new best model to /tmp/bow_mlp_imdb_d2zxm1n1.pt
Epoch 16/301 | train_loss=0.2130 train_acc=92.38% | val_loss=0.2950 val_acc=88.14% | lr=3.000000e-05
Epoch 17/301 | train_loss=0.2061 train_acc=92.73% | val_loss=0.2940 val_acc=88.30% | lr=3.000000e-05
Epoch 18/301 | train_loss=0.2003 train_acc=92.91% | val_loss=0.2939 val_acc=88.14% | lr=3.000000e-05
Epoch 19/301 | train_loss=0.1944 train_acc=93.12% | val_loss=0.2957 val_acc=88.10% | lr=3.000000e-05
Epoch 20/301 | train_loss=0.1882 train_acc=93.36% | val_loss=0.2955 val_acc=88.10% | lr=3.000000e-05
Epoch 21/301 | train_loss=0.1828 train_acc=93.64% | val_loss=0.2978 val_acc=88.00% | lr=3.000000e-05
Epoch 22/301 | train_loss=0.1779 train_acc=93.69% | val_loss=0.2985 val_acc=87.86% | lr=3.000000e-05
Epoch 23/301 | train_loss=0.1736 train_acc=93.86% | val_loss=0.3008 val_acc=87.74% | lr=3.000000e-05
Epoch 24/301 | train_loss=0.1699 train_acc=94.06% | val_loss=0.3024 val_acc=87.74% | lr=3.000000e-05
Epoch 25/301 | train_loss=0.1647 train_acc=94.33% | val_loss=0.3071 val_acc=87.64% | lr=3.000000e-05
Epoch 26/301 | train_loss=0.1602 train_acc=94.47% | val_loss=0.3076 val_acc=87.66% | lr=3.000000e-05
Validation loss has not improved for 8 epochs. Stopping training.
Test loss=0.3033 | Test accuracy=87.87%
