Loading IMDb dataset from local disk: /home/daniel/l/masteruppsats/np-reg/language/data/imdb_hf
Using device: cuda
BoW vocab size: 6250
Epoch 1/301 | train_loss=0.6637 train_acc=62.81% | val_loss=0.6254 val_acc=73.74% | lr=3.000000e-05
Saved new best model to /tmp/bow_mlp_imdb_o9i1gzb3.pt
Epoch 2/301 | train_loss=0.5878 train_acc=77.66% | val_loss=0.5517 val_acc=81.94% | lr=3.000000e-05
Saved new best model to /tmp/bow_mlp_imdb_o9i1gzb3.pt
Epoch 3/301 | train_loss=0.5181 train_acc=82.75% | val_loss=0.4936 val_acc=84.02% | lr=3.000000e-05
Saved new best model to /tmp/bow_mlp_imdb_o9i1gzb3.pt
Epoch 4/301 | train_loss=0.4629 train_acc=84.84% | val_loss=0.4461 val_acc=85.30% | lr=3.000000e-05
Saved new best model to /tmp/bow_mlp_imdb_o9i1gzb3.pt
Epoch 5/301 | train_loss=0.4184 train_acc=86.28% | val_loss=0.4128 val_acc=86.12% | lr=3.000000e-05
Saved new best model to /tmp/bow_mlp_imdb_o9i1gzb3.pt
Epoch 6/301 | train_loss=0.3880 train_acc=87.15% | val_loss=0.3887 val_acc=86.48% | lr=3.000000e-05
Saved new best model to /tmp/bow_mlp_imdb_o9i1gzb3.pt
Epoch 7/301 | train_loss=0.3615 train_acc=87.87% | val_loss=0.3711 val_acc=86.64% | lr=3.000000e-05
Saved new best model to /tmp/bow_mlp_imdb_o9i1gzb3.pt
Epoch 8/301 | train_loss=0.3430 train_acc=88.32% | val_loss=0.3559 val_acc=87.30% | lr=3.000000e-05
Saved new best model to /tmp/bow_mlp_imdb_o9i1gzb3.pt
Epoch 9/301 | train_loss=0.3263 train_acc=88.77% | val_loss=0.3445 val_acc=87.52% | lr=3.000000e-05
Saved new best model to /tmp/bow_mlp_imdb_o9i1gzb3.pt
Epoch 10/301 | train_loss=0.3116 train_acc=89.23% | val_loss=0.3350 val_acc=87.60% | lr=3.000000e-05
Saved new best model to /tmp/bow_mlp_imdb_o9i1gzb3.pt
Epoch 11/301 | train_loss=0.2992 train_acc=89.55% | val_loss=0.3274 val_acc=87.80% | lr=3.000000e-05
Saved new best model to /tmp/bow_mlp_imdb_o9i1gzb3.pt
Epoch 12/301 | train_loss=0.2882 train_acc=89.92% | val_loss=0.3210 val_acc=88.02% | lr=3.000000e-05
Saved new best model to /tmp/bow_mlp_imdb_o9i1gzb3.pt
Epoch 13/301 | train_loss=0.2773 train_acc=90.38% | val_loss=0.3159 val_acc=88.10% | lr=3.000000e-05
Saved new best model to /tmp/bow_mlp_imdb_o9i1gzb3.pt
Epoch 14/301 | train_loss=0.2684 train_acc=90.67% | val_loss=0.3112 val_acc=88.04% | lr=3.000000e-05
Epoch 15/301 | train_loss=0.2607 train_acc=90.97% | val_loss=0.3076 val_acc=88.18% | lr=3.000000e-05
Saved new best model to /tmp/bow_mlp_imdb_o9i1gzb3.pt
Epoch 16/301 | train_loss=0.2530 train_acc=91.09% | val_loss=0.3046 val_acc=88.34% | lr=3.000000e-05
Saved new best model to /tmp/bow_mlp_imdb_o9i1gzb3.pt
Epoch 17/301 | train_loss=0.2455 train_acc=91.33% | val_loss=0.3019 val_acc=88.40% | lr=3.000000e-05
Saved new best model to /tmp/bow_mlp_imdb_o9i1gzb3.pt
Epoch 18/301 | train_loss=0.2395 train_acc=91.61% | val_loss=0.2995 val_acc=88.22% | lr=3.000000e-05
Epoch 19/301 | train_loss=0.2329 train_acc=91.85% | val_loss=0.2984 val_acc=88.28% | lr=3.000000e-05
Epoch 20/301 | train_loss=0.2281 train_acc=91.99% | val_loss=0.2964 val_acc=88.36% | lr=3.000000e-05
Epoch 21/301 | train_loss=0.2217 train_acc=92.09% | val_loss=0.2967 val_acc=88.32% | lr=3.000000e-05
Epoch 22/301 | train_loss=0.2151 train_acc=92.44% | val_loss=0.2945 val_acc=88.36% | lr=3.000000e-05
Epoch 23/301 | train_loss=0.2119 train_acc=92.55% | val_loss=0.2957 val_acc=88.16% | lr=3.000000e-05
Epoch 24/301 | train_loss=0.2059 train_acc=92.78% | val_loss=0.2940 val_acc=88.34% | lr=3.000000e-05
Epoch 25/301 | train_loss=0.2019 train_acc=92.89% | val_loss=0.2938 val_acc=88.32% | lr=3.000000e-05
Epoch 26/301 | train_loss=0.1976 train_acc=93.01% | val_loss=0.2937 val_acc=88.26% | lr=3.000000e-05
Epoch 27/301 | train_loss=0.1934 train_acc=93.17% | val_loss=0.2946 val_acc=88.14% | lr=3.000000e-05
Epoch 28/301 | train_loss=0.1894 train_acc=93.34% | val_loss=0.2948 val_acc=88.10% | lr=3.000000e-05
Epoch 29/301 | train_loss=0.1865 train_acc=93.41% | val_loss=0.2963 val_acc=88.12% | lr=3.000000e-05
Epoch 30/301 | train_loss=0.1835 train_acc=93.61% | val_loss=0.2964 val_acc=87.96% | lr=3.000000e-05
Epoch 31/301 | train_loss=0.1787 train_acc=93.79% | val_loss=0.2991 val_acc=87.94% | lr=3.000000e-05
Epoch 32/301 | train_loss=0.1751 train_acc=93.93% | val_loss=0.2985 val_acc=88.02% | lr=3.000000e-05
Epoch 33/301 | train_loss=0.1715 train_acc=94.01% | val_loss=0.2999 val_acc=87.84% | lr=3.000000e-05
Epoch 34/301 | train_loss=0.1696 train_acc=93.97% | val_loss=0.3017 val_acc=87.80% | lr=3.000000e-05
Validation loss has not improved for 8 epochs. Stopping training.
Test loss=0.3096 | Test accuracy=87.84%
